+ cmake -DCMAKE_BUILD_TYPE=Release -DLLAMA_FATAL_WARNINGS=ON -DLLAMA_METAL_SHADER_DEBUG=ON ..
-- The C compiler identification is AppleClang 15.0.0.15000100
-- The CXX compiler identification is AppleClang 15.0.0.15000100
-- Detecting C compiler ABI info
-- Detecting C compiler ABI info - done
-- Check for working C compiler: /Applications/Xcode.app/Contents/Developer/Toolchains/XcodeDefault.xctoolchain/usr/bin/cc - skipped
-- Detecting C compile features
-- Detecting C compile features - done
-- Detecting CXX compiler ABI info
-- Detecting CXX compiler ABI info - done
-- Check for working CXX compiler: /Applications/Xcode.app/Contents/Developer/Toolchains/XcodeDefault.xctoolchain/usr/bin/c++ - skipped
-- Detecting CXX compile features
-- Detecting CXX compile features - done
-- Found Git: /usr/bin/git (found version "2.39.3 (Apple Git-145)") 
-- Performing Test CMAKE_HAVE_LIBC_PTHREAD
-- Performing Test CMAKE_HAVE_LIBC_PTHREAD - Success
-- Found Threads: TRUE  
-- Accelerate framework found
-- Metal framework found
-- Could NOT find OpenMP_C (missing: OpenMP_C_FLAGS OpenMP_C_LIB_NAMES) 
-- Could NOT find OpenMP_CXX (missing: OpenMP_CXX_FLAGS OpenMP_CXX_LIB_NAMES) 
-- Could NOT find OpenMP (missing: OpenMP_C_FOUND OpenMP_CXX_FOUND) 
CMake Warning at CMakeLists.txt:306 (message):
  OpenMP not found


-- ccache found, compilation results will be cached. Disable with LLAMA_CCACHE=OFF.
-- CMAKE_SYSTEM_PROCESSOR: arm64
-- ARM detected
-- Performing Test COMPILER_SUPPORTS_FP16_FORMAT_I3E
-- Performing Test COMPILER_SUPPORTS_FP16_FORMAT_I3E - Failed
-- Configuring done (0.8s)
-- Generating done (0.2s)
-- Build files have been written to: /Users/ggml/work/llama.cpp/build-ci-release

real	0m1.001s
user	0m0.458s
sys	0m0.485s
+ make -j
[  1%] Building CXX object common/CMakeFiles/build_info.dir/build-info.cpp.o
[  1%] Building C object CMakeFiles/ggml.dir/ggml-alloc.c.o
[  2%] Building C object CMakeFiles/ggml.dir/ggml-metal.m.o
[  2%] Compiling Metal kernels
[  3%] Building C object CMakeFiles/ggml.dir/ggml.c.o
[  4%] Building C object CMakeFiles/ggml.dir/ggml-quants.c.o
[  5%] Building C object CMakeFiles/ggml.dir/ggml-backend.c.o
[  6%] Building CXX object CMakeFiles/ggml.dir/sgemm.cpp.o
[  6%] Built target ggml
[  6%] Linking CXX static library libggml_static.a
[  7%] Building CXX object examples/gguf/CMakeFiles/gguf.dir/gguf.cpp.o
[  7%] Building CXX object CMakeFiles/llama.dir/unicode-data.cpp.o
[  8%] Building CXX object CMakeFiles/llama.dir/unicode.cpp.o
[  8%] Built target build_info
[  9%] Building CXX object CMakeFiles/llama.dir/llama.cpp.o
[  9%] Linking CXX executable ../../bin/gguf
[  9%] Built target ggml_static
[ 10%] Linking CXX static library libllama.a
[ 10%] Built target llama
[ 10%] Building CXX object common/CMakeFiles/common.dir/common.cpp.o
[ 11%] Building CXX object common/CMakeFiles/common.dir/sampling.cpp.o
[ 12%] Building CXX object examples/quantize-stats/CMakeFiles/quantize-stats.dir/quantize-stats.cpp.o
[ 13%] Building CXX object common/CMakeFiles/common.dir/console.cpp.o
[ 13%] Building CXX object common/CMakeFiles/common.dir/grammar-parser.cpp.o
[ 13%] Building CXX object common/CMakeFiles/common.dir/ngram-cache.cpp.o
[ 14%] Building C object tests/CMakeFiles/test-c.dir/test-c.c.o
[ 15%] Building CXX object examples/llava/CMakeFiles/llava.dir/llava.cpp.o
[ 16%] Building CXX object common/CMakeFiles/common.dir/json-schema-to-grammar.cpp.o
[ 16%] Building CXX object examples/llava/CMakeFiles/llava.dir/clip.cpp.o
[ 17%] Building CXX object common/CMakeFiles/common.dir/train.cpp.o
[ 18%] Building CXX object examples/benchmark/CMakeFiles/benchmark.dir/benchmark-matmult.cpp.o
[ 18%] Linking CXX executable ../bin/test-c
[ 18%] Linking CXX executable ../../bin/quantize-stats
[ 19%] Linking CXX static library libcommon.a
[ 20%] Linking CXX executable ../../bin/benchmark
[ 20%] Built target llava
[ 20%] Built target gguf
[ 20%] Built target common
[ 20%] Linking CXX static library libllava_static.a
[ 21%] Building CXX object tests/CMakeFiles/test-llama-grammar.dir/get-model.cpp.o
[ 22%] Building CXX object tests/CMakeFiles/test-backend-ops.dir/test-backend-ops.cpp.o
[ 23%] Building CXX object tests/CMakeFiles/test-tokenizer-1-spm.dir/test-tokenizer-1-spm.cpp.o
[ 23%] Building CXX object tests/CMakeFiles/test-grad0.dir/get-model.cpp.o
[ 24%] Building CXX object tests/CMakeFiles/test-tokenizer-0.dir/test-tokenizer-0.cpp.o
[ 24%] Building CXX object examples/batched/CMakeFiles/batched.dir/batched.cpp.o
[ 25%] Building CXX object tests/CMakeFiles/test-quantize-fns.dir/test-quantize-fns.cpp.o
[ 25%] Building CXX object examples/convert-llama2c-to-ggml/CMakeFiles/convert-llama2c-to-ggml.dir/convert-llama2c-to-ggml.cpp.o
[ 25%] Building CXX object tests/CMakeFiles/test-sampling.dir/get-model.cpp.o
[ 26%] Building CXX object tests/CMakeFiles/test-grammar-parser.dir/get-model.cpp.o
[ 26%] Building CXX object tests/CMakeFiles/test-llama-grammar.dir/test-llama-grammar.cpp.o
[ 26%] Building CXX object tests/CMakeFiles/test-backend-ops.dir/get-model.cpp.o
[ 27%] Building CXX object tests/CMakeFiles/test-chat-template.dir/test-chat-template.cpp.o
[ 27%] Building CXX object examples/baby-llama/CMakeFiles/baby-llama.dir/baby-llama.cpp.o
[ 27%] Building CXX object tests/CMakeFiles/test-rope.dir/get-model.cpp.o
[ 27%] Building CXX object examples/gritlm/CMakeFiles/gritlm.dir/gritlm.cpp.o
[ 28%] Building CXX object tests/CMakeFiles/test-grad0.dir/test-grad0.cpp.o
[ 28%] Building CXX object tests/CMakeFiles/test-json-schema-to-grammar.dir/test-json-schema-to-grammar.cpp.o
[ 29%] Building CXX object examples/eval-callback/CMakeFiles/eval-callback.dir/eval-callback.cpp.o
[ 29%] Generating system-prompts.js.hpp
[ 29%] Generating index-new.html.hpp
[ 30%] Generating completion.js.hpp
[ 30%] Building CXX object tests/CMakeFiles/test-chat-template.dir/get-model.cpp.o
[ 30%] Building CXX object examples/main/CMakeFiles/main.dir/main.cpp.o
[ 31%] Generating theme-mangotango.css.hpp
[ 31%] Building CXX object tests/CMakeFiles/test-grammar-parser.dir/test-grammar-parser.cpp.o
[ 32%] Generating index.js.hpp
[ 33%] Building CXX object tests/CMakeFiles/test-quantize-fns.dir/get-model.cpp.o
[ 33%] Generating json-schema-to-grammar.mjs.hpp
[ 33%] Building CXX object tests/CMakeFiles/test-grammar-integration.dir/get-model.cpp.o
[ 34%] Generating index.html.hpp
[ 35%] Building CXX object examples/batched-bench/CMakeFiles/batched-bench.dir/batched-bench.cpp.o
[ 36%] Building CXX object tests/CMakeFiles/test-sampling.dir/test-sampling.cpp.o
[ 37%] Linking CXX executable ../../bin/baby-llama
[ 37%] Building CXX object examples/finetune/CMakeFiles/finetune.dir/finetune.cpp.o
[ 38%] Building CXX object examples/speculative/CMakeFiles/speculative.dir/speculative.cpp.o
[ 39%] Building CXX object tests/CMakeFiles/test-tokenizer-1-bpe.dir/test-tokenizer-1-bpe.cpp.o
[ 41%] Building CXX object tests/CMakeFiles/test-rope.dir/test-rope.cpp.o
[ 40%] Generating theme-beeninorder.css.hpp
[ 41%] Building CXX object tests/CMakeFiles/test-model-load-cancel.dir/test-model-load-cancel.cpp.o
[ 42%] Building CXX object tests/CMakeFiles/test-grammar-integration.dir/test-grammar-integration.cpp.o
[ 43%] Building CXX object examples/lookup/CMakeFiles/lookup-merge.dir/lookup-merge.cpp.o
[ 44%] Generating prompt-formats.js.hpp
[ 45%] Building CXX object examples/parallel/CMakeFiles/parallel.dir/parallel.cpp.o
[ 46%] Building CXX object pocs/vdot/CMakeFiles/vdot.dir/vdot.cpp.o
[ 46%] Generating theme-ketivah.css.hpp
[ 47%] Linking CXX executable ../bin/test-chat-template
[ 48%] Building CXX object examples/llama-bench/CMakeFiles/llama-bench.dir/llama-bench.cpp.o
[ 48%] Building CXX object examples/lookup/CMakeFiles/lookup.dir/lookup.cpp.o
[ 50%] Building CXX object examples/llava/CMakeFiles/llava-cli.dir/llava-cli.cpp.o
[ 50%] Building CXX object examples/gguf-split/CMakeFiles/gguf-split.dir/gguf-split.cpp.o
[ 51%] Building CXX object tests/CMakeFiles/test-model-load-cancel.dir/get-model.cpp.o
[ 51%] Linking CXX executable ../bin/test-quantize-fns
[ 51%] Building CXX object examples/export-lora/CMakeFiles/export-lora.dir/export-lora.cpp.o
[ 52%] Building CXX object examples/passkey/CMakeFiles/passkey.dir/passkey.cpp.o
[ 52%] Linking CXX executable ../bin/test-tokenizer-0
[ 52%] Generating theme-polarnight.css.hpp
[ 53%] Building CXX object tests/CMakeFiles/test-quantize-perf.dir/get-model.cpp.o
[ 53%] Linking CXX executable ../../bin/batched-bench
[ 54%] Building CXX object examples/embedding/CMakeFiles/embedding.dir/embedding.cpp.o
[ 55%] Linking CXX executable ../bin/test-tokenizer-1-spm
[ 56%] Linking CXX executable ../bin/test-llama-grammar
[ 56%] Building CXX object examples/tokenize/CMakeFiles/tokenize.dir/tokenize.cpp.o
[ 57%] Building CXX object examples/perplexity/CMakeFiles/perplexity.dir/perplexity.cpp.o
[ 58%] Generating theme-snowstorm.css.hpp
[ 58%] Generating style.css.hpp
[ 58%] Linking CXX executable ../../bin/parallel
[ 59%] Generating colorthemes.css.hpp
[ 59%] Building CXX object tests/CMakeFiles/test-autorelease.dir/get-model.cpp.o
[ 60%] Linking CXX executable ../../bin/main
[ 61%] Building CXX object tests/CMakeFiles/test-autorelease.dir/test-autorelease.cpp.o
[ 62%] Building CXX object examples/lookahead/CMakeFiles/lookahead.dir/lookahead.cpp.o
[ 62%] Built target llava_static
[ 63%] Building CXX object examples/infill/CMakeFiles/infill.dir/infill.cpp.o
[ 63%] Linking CXX executable ../bin/test-tokenizer-1-bpe
[ 64%] Building CXX object examples/lookup/CMakeFiles/lookup-stats.dir/lookup-stats.cpp.o
[ 64%] Built target quantize-stats
[ 65%] Linking CXX executable ../../bin/convert-llama2c-to-ggml
[ 66%] Linking CXX executable ../../bin/vdot
[ 67%] Generating theme-playground.css.hpp
[ 67%] Linking CXX executable ../../bin/llama-bench
[ 68%] Building CXX object tests/CMakeFiles/test-quantize-perf.dir/test-quantize-perf.cpp.o
[ 68%] Linking CXX executable ../../bin/passkey
[ 70%] Linking CXX executable ../../bin/gguf-split
[ 70%] Linking CXX executable ../bin/test-backend-ops
[ 71%] Building CXX object tests/CMakeFiles/test-json-schema-to-grammar.dir/get-model.cpp.o
[ 72%] Linking CXX executable ../bin/test-sampling
[ 73%] Building CXX object examples/train-text-from-scratch/CMakeFiles/train-text-from-scratch.dir/train-text-from-scratch.cpp.o
[ 73%] Linking CXX executable ../bin/test-model-load-cancel
[ 74%] Building CXX object examples/quantize/CMakeFiles/quantize.dir/quantize.cpp.o
[ 75%] Building CXX object examples/retrieval/CMakeFiles/retrieval.dir/retrieval.cpp.o
[ 75%] Building CXX object examples/lookup/CMakeFiles/lookup-create.dir/lookup-create.cpp.o
[ 76%] Linking CXX executable ../../bin/gritlm
[ 77%] Linking CXX executable ../../bin/llava-cli
[ 77%] Building CXX object examples/save-load-state/CMakeFiles/save-load-state.dir/save-load-state.cpp.o
[ 78%] Linking CXX executable ../../bin/lookup
[ 80%] Linking CXX executable ../../bin/batched
[ 80%] Linking CXX executable ../bin/test-grad0
[ 80%] Linking CXX executable ../../bin/lookup-merge
[ 80%] Building CXX object examples/simple/CMakeFiles/simple.dir/simple.cpp.o
[ 81%] Linking CXX executable ../../bin/export-lora
[ 82%] Linking CXX executable ../../bin/eval-callback
[ 83%] Linking CXX executable ../bin/test-grammar-parser
[ 83%] Linking CXX executable ../../bin/embedding
[ 84%] Linking CXX executable ../../bin/tokenize
[ 85%] Linking CXX executable ../../bin/finetune
[ 85%] Linking CXX executable ../../bin/infill
[ 86%] Linking CXX executable ../bin/test-json-schema-to-grammar
[ 86%] Linking CXX executable ../../bin/speculative
[ 87%] Linking CXX executable ../bin/test-autorelease
[ 87%] Linking CXX executable ../../bin/quantize
[ 88%] Linking CXX executable ../../bin/lookahead
[ 89%] Building CXX object examples/imatrix/CMakeFiles/imatrix.dir/imatrix.cpp.o
[ 89%] Built target benchmark
[ 90%] Linking CXX executable ../bin/test-rope
[ 90%] Linking CXX executable ../bin/test-quantize-perf
[ 91%] Linking CXX executable ../../bin/retrieval
[ 91%] Linking CXX executable ../../bin/train-text-from-scratch
[ 92%] Linking CXX executable ../../bin/lookup-create
[ 92%] Built target test-c
[ 93%] Linking CXX executable ../../bin/perplexity
[ 94%] Linking CXX executable ../../bin/save-load-state
[ 95%] Linking CXX executable ../../bin/lookup-stats
[ 96%] Linking CXX executable ../../bin/simple
[ 97%] Linking CXX executable ../bin/test-grammar-integration
[ 97%] Building CXX object pocs/vdot/CMakeFiles/q8dot.dir/q8dot.cpp.o
[ 97%] Linking CXX executable ../../bin/imatrix
ld: warning: ignoring duplicate libraries: '../../libllama.a'
[ 98%] Building CXX object examples/server/CMakeFiles/server.dir/server.cpp.o
[ 99%] Linking CXX executable ../../bin/q8dot
[100%] Linking CXX executable ../../bin/server
[100%] Built target export-lora
[100%] Built target llama-bench
[100%] Built target test-chat-template
[100%] Built target test-llama-grammar
[100%] Built target test-backend-ops
[100%] Built target gguf-split
[100%] Built target vdot
[100%] Built target test-grad0
[100%] Built target main
[100%] Built target test-model-load-cancel
[100%] Built target test-tokenizer-1-spm
[100%] Built target speculative
[100%] Built target test-tokenizer-0
[100%] Built target baby-llama
[100%] Built target batched
[100%] Built target test-autorelease
[100%] Built target test-sampling
[100%] Built target test-json-schema-to-grammar
[100%] Built target lookup-merge
[100%] Built target finetune
[100%] Built target llava-cli
[100%] Built target embedding
[100%] Built target test-tokenizer-1-bpe
[100%] Built target gritlm
[100%] Built target test-rope
[100%] Built target quantize
[100%] Built target train-text-from-scratch
[100%] Built target passkey
[100%] Built target convert-llama2c-to-ggml
[100%] Built target test-quantize-fns
[100%] Built target lookup
[100%] Built target simple
[100%] Built target infill
[100%] Built target lookahead
[100%] Built target tokenize
[100%] Built target batched-bench
[100%] Built target test-grammar-integration
[100%] Built target test-grammar-parser
[100%] Built target imatrix
[100%] Built target q8dot
[100%] Built target parallel
[100%] Built target retrieval
[100%] Built target save-load-state
[100%] Built target eval-callback
[100%] Built target test-quantize-perf
[100%] Built target lookup-stats
[100%] Built target lookup-create
[100%] Built target perplexity
[100%] Built target server
[100%] Built target ggml-metal

real	0m3.855s
user	0m13.444s
sys	0m4.459s
+ ctest --output-on-failure -L main
Test project /Users/ggml/work/llama.cpp/build-ci-release
      Start  1: test-tokenizer-0-llama-spm
 1/22 Test  #1: test-tokenizer-0-llama-spm .......   Passed    0.22 sec
      Start  2: test-tokenizer-0-llama-bpe
 2/22 Test  #2: test-tokenizer-0-llama-bpe .......   Passed    0.35 sec
      Start  3: test-tokenizer-0-phi-3
 3/22 Test  #3: test-tokenizer-0-phi-3 ...........   Passed    0.03 sec
      Start  4: test-tokenizer-0-falcon
 4/22 Test  #4: test-tokenizer-0-falcon ..........   Passed    0.10 sec
      Start  5: test-tokenizer-0-bert-bge
 5/22 Test  #5: test-tokenizer-0-bert-bge ........   Passed    0.02 sec
      Start  6: test-tokenizer-0-starcoder
 6/22 Test  #6: test-tokenizer-0-starcoder .......   Passed    0.08 sec
      Start  7: test-tokenizer-0-gpt-2
 7/22 Test  #7: test-tokenizer-0-gpt-2 ...........   Passed    0.08 sec
      Start  8: test-tokenizer-0-refact
 8/22 Test  #8: test-tokenizer-0-refact ..........   Passed    0.08 sec
      Start  9: test-tokenizer-0-command-r
 9/22 Test  #9: test-tokenizer-0-command-r .......   Passed    0.49 sec
      Start 10: test-tokenizer-0-qwen2
10/22 Test #10: test-tokenizer-0-qwen2 ...........   Passed    0.24 sec
      Start 11: test-tokenizer-1-llama-spm
11/22 Test #11: test-tokenizer-1-llama-spm .......   Passed    0.67 sec
      Start 12: test-quantize-fns
12/22 Test #12: test-quantize-fns ................   Passed   19.86 sec
      Start 13: test-quantize-perf
13/22 Test #13: test-quantize-perf ...............   Passed    5.67 sec
      Start 14: test-sampling
14/22 Test #14: test-sampling ....................   Passed    0.18 sec
      Start 15: test-chat-template
15/22 Test #15: test-chat-template ...............   Passed    0.18 sec
      Start 16: test-grammar-parser
16/22 Test #16: test-grammar-parser ..............   Passed    0.17 sec
      Start 17: test-llama-grammar
17/22 Test #17: test-llama-grammar ...............   Passed    0.18 sec
      Start 18: test-grammar-integration
18/22 Test #18: test-grammar-integration .........   Passed    0.18 sec
      Start 19: test-grad0
19/22 Test #19: test-grad0 .......................   Passed    0.67 sec
      Start 20: test-backend-ops
20/22 Test #20: test-backend-ops .................   Passed   30.01 sec
      Start 21: test-rope
21/22 Test #21: test-rope ........................   Passed    0.21 sec
      Start 24: test-json-schema-to-grammar
22/22 Test #24: test-json-schema-to-grammar ......   Passed    1.32 sec

100% tests passed, 0 tests failed out of 22

Label Time Summary:
main    =  60.98 sec*proc (22 tests)

Total Test time (real) =  60.99 sec

real	1m1.000s
user	1m1.940s
sys	0m2.581s
