+ cmake -DCMAKE_BUILD_TYPE=Release -DGGML_METAL=ON ..
CMake Deprecation Warning at CMakeLists.txt:1 (cmake_minimum_required):
  Compatibility with CMake < 3.5 will be removed from a future version of
  CMake.

  Update the VERSION argument <min> value or use a ...<max> suffix to tell
  CMake that the project does not need compatibility with older versions.


-- The C compiler identification is AppleClang 15.0.0.15000100
-- The CXX compiler identification is AppleClang 15.0.0.15000100
-- Detecting C compiler ABI info
-- Detecting C compiler ABI info - done
-- Check for working C compiler: /Applications/Xcode.app/Contents/Developer/Toolchains/XcodeDefault.xctoolchain/usr/bin/cc - skipped
-- Detecting C compile features
-- Detecting C compile features - done
-- Detecting CXX compiler ABI info
-- Detecting CXX compiler ABI info - done
-- Check for working CXX compiler: /Applications/Xcode.app/Contents/Developer/Toolchains/XcodeDefault.xctoolchain/usr/bin/c++ - skipped
-- Detecting CXX compile features
-- Detecting CXX compile features - done
-- Found Git: /usr/bin/git (found version "2.39.3 (Apple Git-145)") 
-- Performing Test CMAKE_HAVE_LIBC_PTHREAD
-- Performing Test CMAKE_HAVE_LIBC_PTHREAD - Success
-- Found Threads: TRUE  
-- CMAKE_SYSTEM_PROCESSOR: arm64
-- ARM detected
-- Accelerate framework found
CMake Warning (dev) at src/CMakeLists.txt:411 (install):
  Target ggml has RESOURCE files but no RESOURCE DESTINATION.
This warning is for project developers.  Use -Wno-dev to suppress it.

-- ARM detected
-- Accelerate framework found
-- Configuring done (1.0s)
-- Generating done (0.1s)
-- Build files have been written to: /Users/ggml/work/ggml/build-ci-release

real	0m1.178s
user	0m0.352s
sys	0m0.698s
+ make -j
[  2%] Building C object src/CMakeFiles/ggml.dir/ggml-backend.c.o
[  2%] Building C object src/CMakeFiles/ggml.dir/ggml-alloc.c.o
[  2%] Building CXX object examples/CMakeFiles/common.dir/common.cpp.o
[  3%] Building C object src/CMakeFiles/ggml.dir/ggml.c.o
[  4%] Building C object src/CMakeFiles/ggml.dir/ggml-quants.c.o
[  5%] Building C object src/CMakeFiles/ggml.dir/ggml-metal.m.o
/Users/ggml/work/ggml/src/ggml.c:10063:17: warning: 'cblas_sgemm' is deprecated: first deprecated in macOS 13.3 - An updated CBLAS interface supporting ILP64 is available.  Please compile with -DACCELERATE_NEW_LAPACK to access the new headers and -DACCELERATE_LAPACK_ILP64 for ILP64 support. [-Wdeprecated-declarations]
                cblas_sgemm(CblasRowMajor, CblasNoTrans, CblasTrans,
                ^
/Applications/Xcode.app/Contents/Developer/Platforms/MacOSX.platform/Developer/SDKs/MacOSX14.2.sdk/System/Library/Frameworks/vecLib.framework/Headers/cblas.h:610:6: note: 'cblas_sgemm' has been explicitly marked deprecated here
void cblas_sgemm(const enum CBLAS_ORDER __Order,
     ^
/Users/ggml/work/ggml/src/ggml.c:10483:9: warning: 'cblas_sgemm' is deprecated: first deprecated in macOS 13.3 - An updated CBLAS interface supporting ILP64 is available.  Please compile with -DACCELERATE_NEW_LAPACK to access the new headers and -DACCELERATE_LAPACK_ILP64 for ILP64 support. [-Wdeprecated-declarations]
        cblas_sgemm(CblasRowMajor, transposeA, CblasNoTrans, m, n, k, 1.0, a, lda, b, n, 0.0, c, n);
        ^
/Applications/Xcode.app/Contents/Developer/Platforms/MacOSX.platform/Developer/SDKs/MacOSX14.2.sdk/System/Library/Frameworks/vecLib.framework/Headers/cblas.h:610:6: note: 'cblas_sgemm' has been explicitly marked deprecated here
void cblas_sgemm(const enum CBLAS_ORDER __Order,
     ^
[  6%] Linking CXX static library libcommon.a
[  6%] Built target common
2 warnings generated.
[  6%] Linking C shared library libggml.dylib
[  6%] Built target ggml
[  7%] Building CXX object tests/CMakeFiles/test-quantize-fns.dir/test-quantize-fns.cpp.o
[  8%] Building CXX object tests/CMakeFiles/test-grad0.dir/test-grad0.cpp.o
[  9%] Building CXX object examples/mnist/CMakeFiles/mnist-cnn.dir/main-cnn.cpp.o
[ 11%] Building C object tests/CMakeFiles/test-vec0.dir/test-vec0.c.o
[ 11%] Building C object tests/CMakeFiles/test-xpos.dir/test-xpos.c.o
[ 12%] Building C object tests/CMakeFiles/test-dup.dir/test-dup.c.o
[ 13%] Building C object tests/CMakeFiles/test3.dir/test3.c.o
[ 14%] Building CXX object tests/CMakeFiles/test-quantize-perf.dir/test-quantize-perf.cpp.o
[ 15%] Building CXX object examples/sam/CMakeFiles/sam.dir/main.cpp.o
[ 16%] Building CXX object examples/mnist/CMakeFiles/mnist.dir/main.cpp.o
[ 17%] Building CXX object examples/mnist/CMakeFiles/mnist-cpu.dir/main-cpu.cpp.o
[ 17%] Building CXX object tests/CMakeFiles/test-backend-ops.dir/test-backend-ops.cpp.o
[ 18%] Building CXX object examples/mnist/CMakeFiles/mnist-mtl.dir/main-mtl.cpp.o
[ 19%] Building C object tests/CMakeFiles/test-customop.dir/test-customop.c.o
[ 20%] Building C object examples/mnist/CMakeFiles/mnist-mtl.dir/main-mtl.m.o
[ 21%] Building CXX object examples/CMakeFiles/common-ggml.dir/common-ggml.cpp.o
[ 22%] Building C object tests/CMakeFiles/test-conv-transpose.dir/test-conv-transpose.c.o
[ 22%] Building CXX object examples/whisper/CMakeFiles/whisper-cpp.dir/whisper.cpp.o
[ 23%] Building CXX object tests/CMakeFiles/test-backend-buffer.dir/test-backend-buffer.cpp.o
[ 25%] Building CXX object examples/yolo/CMakeFiles/yolov3-tiny.dir/yolov3-tiny.cpp.o
[ 25%] Building C object tests/CMakeFiles/test2.dir/test2.c.o
[ 26%] Building CXX object tests/CMakeFiles/test-opt.dir/test-opt.cpp.o
[ 27%] Building CXX object examples/yolo/CMakeFiles/yolov3-tiny.dir/yolo-image.cpp.o
[ 28%] Building CXX object tests/CMakeFiles/test-conv2d.dir/test-conv2d.cpp.o
[ 29%] Building C object tests/CMakeFiles/test-vec2.dir/test-vec2.c.o
[ 30%] Building C object tests/CMakeFiles/test-mul-mat1.dir/test-mul-mat1.c.o
[ 31%] Building C object tests/CMakeFiles/test-blas0.dir/test-blas0.c.o
[ 31%] Building C object tests/CMakeFiles/test-rel-pos.dir/test-rel-pos.c.o
[ 32%] Building CXX object tests/CMakeFiles/test-mul-mat.dir/test-mul-mat.cpp.o
[ 33%] Building C object tests/CMakeFiles/test-mul-mat2.dir/test-mul-mat2.c.o
[ 34%] Building C object tests/CMakeFiles/test-svd0.dir/test-svd0.c.o
[ 34%] Building CXX object tests/CMakeFiles/test-conv1d.dir/test-conv1d.cpp.o
[ 35%] Building C object tests/CMakeFiles/test0.dir/test0.c.o
[ 35%] Building C object tests/CMakeFiles/test-pool.dir/test-pool.c.o
[ 36%] Building C object tests/CMakeFiles/test1.dir/test1.c.o
[ 37%] Building C object tests/CMakeFiles/test-mul-mat0.dir/test-mul-mat0.c.o
[ 38%] Linking C executable ../bin/test3
[ 39%] Linking C executable ../bin/test2
[ 40%] Linking C executable ../bin/test-rel-pos
[ 41%] Linking C executable ../bin/test-xpos
[ 41%] Linking C executable ../bin/test-dup
[ 42%] Linking CXX executable ../bin/test-backend-buffer
[ 43%] Linking C executable ../bin/test0
[ 44%] Linking C executable ../bin/test-conv-transpose
[ 45%] Linking C executable ../bin/test-customop
[ 46%] Linking C executable ../bin/test-pool
[ 47%] Linking CXX executable ../bin/test-opt
[ 48%] Linking C executable ../bin/test-vec0
[ 48%] Linking C executable ../bin/test1
[ 48%] Built target test-dup
[ 48%] Built target test2
[ 48%] Built target test-backend-buffer
[ 48%] Linking C executable ../bin/test-mul-mat0
[ 48%] Built target test3
[ 48%] Built target test-xpos
[ 48%] Built target test-conv-transpose
[ 48%] Built target test-rel-pos
[ 48%] Built target test-pool
[ 48%] Built target test1
[ 48%] Built target test-opt
[ 48%] Built target test-mul-mat0
[ 48%] Linking C executable ../bin/test-vec2
[ 48%] Built target test-customop
[ 48%] Built target test0
[ 48%] Built target test-vec0
[ 48%] Built target test-vec2
[ 49%] Linking CXX executable ../bin/test-quantize-fns
[ 50%] Linking C executable ../bin/test-mul-mat2
[ 51%] Linking CXX executable ../bin/test-grad0
[ 51%] Built target test-quantize-fns
[ 51%] Built target test-mul-mat2
[ 51%] Built target test-grad0
/Users/ggml/work/ggml/tests/test-blas0.c:127:5: warning: 'cblas_sgemm' is deprecated: first deprecated in macOS 13.3 - An updated CBLAS interface supporting ILP64 is available.  Please compile with -DACCELERATE_NEW_LAPACK to access the new headers and -DACCELERATE_LAPACK_ILP64 for ILP64 support. [-Wdeprecated-declarations]
    cblas_sgemm(CblasRowMajor, CblasNoTrans, CblasTrans, N, M, K, 1.0f, src1, K, src0, K, 0.0f, dst1, M);
    ^
/Applications/Xcode.app/Contents/Developer/Platforms/MacOSX.platform/Developer/SDKs/MacOSX14.2.sdk/System/Library/Frameworks/vecLib.framework/Headers/cblas.h:610:6: note: 'cblas_sgemm' has been explicitly marked deprecated here
void cblas_sgemm(const enum CBLAS_ORDER __Order,
     ^
/Users/ggml/work/ggml/tests/test-mul-mat1.c:287:13: warning: 'cblas_sgemm' is deprecated: first deprecated in macOS 13.3 - An updated CBLAS interface supporting ILP64 is available.  Please compile with -DACCELERATE_NEW_LAPACK to access the new headers and -DACCELERATE_LAPACK_ILP64 for ILP64 support. [-Wdeprecated-declarations]
            cblas_sgemm(CblasRowMajor, CblasNoTrans, CblasTrans, M, N, K, 1.0f, src0, K, src1, K, 0.0f, dst, N);
            ^
/Applications/Xcode.app/Contents/Developer/Platforms/MacOSX.platform/Developer/SDKs/MacOSX14.2.sdk/System/Library/Frameworks/vecLib.framework/Headers/cblas.h:610:6: note: 'cblas_sgemm' has been explicitly marked deprecated here
void cblas_sgemm(const enum CBLAS_ORDER __Order,
     ^
/Users/ggml/work/ggml/tests/test-svd0.c:101:5: warning: 'sgesvd_' is deprecated: first deprecated in macOS 13.3 - The CLAPACK interface is deprecated.  Please compile with -DACCELERATE_NEW_LAPACK to access the new lapack headers. [-Wdeprecated-declarations]
    sgesvd_("S", "S", &m, &n, A, &lda, S, U, &ldu, V, &ldvt, &work_size, &lwork, &info);
    ^
/Applications/Xcode.app/Contents/Developer/Platforms/MacOSX.platform/Developer/SDKs/MacOSX14.2.sdk/System/Library/Frameworks/vecLib.framework/Headers/clapack.h:5624:5: note: 'sgesvd_' has been explicitly marked deprecated here
int sgesvd_(char *__jobu, char *__jobvt, __CLPK_integer *__m,
    ^
/Users/ggml/work/ggml/tests/test-svd0.c:109:5: warning: 'sgesvd_' is deprecated: first deprecated in macOS 13.3 - The CLAPACK interface is deprecated.  Please compile with -DACCELERATE_NEW_LAPACK to access the new lapack headers. [-Wdeprecated-declarations]
    sgesvd_("S", "S", &m, &n, A, &lda, S, U, &ldu, V, &ldvt, work, &lwork, &info);
    ^
/Applications/Xcode.app/Contents/Developer/Platforms/MacOSX.platform/Developer/SDKs/MacOSX14.2.sdk/System/Library/Frameworks/vecLib.framework/Headers/clapack.h:5624:5: note: 'sgesvd_' has been explicitly marked deprecated here
int sgesvd_(char *__jobu, char *__jobvt, __CLPK_integer *__m,
    ^
[ 51%] Linking CXX executable ../../bin/mnist-cpu
1 warning generated.
[ 52%] Linking CXX executable ../bin/test-conv1d
[ 53%] Linking C executable ../bin/test-blas0
[ 54%] Linking CXX executable ../bin/test-conv2d
[ 55%] Linking CXX executable ../bin/test-mul-mat
[ 56%] Linking CXX executable ../../bin/mnist-cnn
[ 57%] Linking CXX executable ../../bin/mnist-mtl
2 warnings generated.
[ 58%] Linking C executable ../bin/test-svd0
[ 58%] Built target test-blas0
[ 58%] Built target test-conv1d
1 warning generated.
[ 58%] Built target test-mul-mat
[ 58%] Built target test-conv2d
[ 59%] Linking C executable ../bin/test-mul-mat1
[ 59%] Built target mnist-cnn
[ 59%] Built target mnist-cpu
[ 60%] Linking CXX executable ../../bin/mnist
[ 60%] Built target mnist-mtl
[ 60%] Built target test-svd0
[ 60%] Built target test-mul-mat1
[ 60%] Built target mnist
[ 61%] Linking CXX executable ../bin/test-quantize-perf
[ 61%] Built target test-quantize-perf
[ 62%] Linking CXX executable ../bin/test-backend-ops
[ 63%] Linking CXX static library libcommon-ggml.a
[ 63%] Built target common-ggml
[ 63%] Built target test-backend-ops
[ 63%] Building CXX object examples/mpt/CMakeFiles/mpt-quantize.dir/quantize.cpp.o
[ 64%] Building CXX object examples/gpt-j/CMakeFiles/gpt-j-quantize.dir/quantize.cpp.o
[ 65%] Building CXX object examples/gpt-2/CMakeFiles/gpt-2-alloc.dir/main-alloc.cpp.o
[ 66%] Building CXX object examples/gpt-2/CMakeFiles/gpt-2-backend.dir/main-backend.cpp.o
[ 68%] Building CXX object examples/whisper/CMakeFiles/whisper-quantize.dir/quantize.cpp.o
[ 68%] Building CXX object examples/gpt-2/CMakeFiles/gpt-2-backend2.dir/main.cpp.o
[ 68%] Building CXX object examples/gpt-j/CMakeFiles/gpt-j.dir/main.cpp.o
[ 69%] Building CXX object examples/gpt-2/CMakeFiles/gpt-2-batched.dir/main-batched.cpp.o
[ 70%] Building CXX object examples/dolly-v2/CMakeFiles/dollyv2.dir/main.cpp.o
[ 71%] Building CXX object examples/gpt-neox/CMakeFiles/gpt-neox.dir/main.cpp.o
[ 71%] Building CXX object examples/gpt-neox/CMakeFiles/gpt-neox-quantize.dir/quantize.cpp.o
[ 71%] Building CXX object examples/dolly-v2/CMakeFiles/dollyv2-quantize.dir/quantize.cpp.o
[ 72%] Building CXX object examples/starcoder/CMakeFiles/starcoder-quantize.dir/quantize.cpp.o
[ 73%] Building CXX object examples/gpt-2/CMakeFiles/gpt-2-ctx.dir/main-ctx.cpp.o
[ 74%] Building CXX object examples/starcoder/CMakeFiles/starcoder.dir/main.cpp.o
[ 75%] Building CXX object examples/replit/CMakeFiles/replit.dir/main.cpp.o
[ 76%] Building CXX object examples/gpt-2/CMakeFiles/gpt-2-quantize.dir/quantize.cpp.o
[ 77%] Building CXX object examples/replit/CMakeFiles/replit-quantize.dir/quantize.cpp.o
[ 78%] Building CXX object examples/mpt/CMakeFiles/mpt.dir/main.cpp.o
[ 79%] Linking CXX executable ../../bin/replit-quantize
[ 79%] Built target replit-quantize
[ 80%] Linking CXX executable ../../bin/mpt-quantize
[ 81%] Linking CXX executable ../../bin/dollyv2-quantize
[ 82%] Linking CXX executable ../../bin/gpt-neox-quantize
[ 83%] Linking CXX executable ../../bin/gpt-2-quantize
[ 83%] Built target dollyv2-quantize
[ 83%] Built target mpt-quantize
[ 84%] Linking CXX executable ../../bin/gpt-j-quantize
[ 85%] Linking CXX executable ../../bin/starcoder-quantize
[ 85%] Built target gpt-neox-quantize
[ 85%] Built target gpt-2-quantize
[ 86%] Linking CXX executable ../../bin/whisper-quantize
[ 87%] Linking CXX executable ../../bin/yolov3-tiny
[ 87%] Built target gpt-j-quantize
[ 87%] Built target starcoder-quantize
[ 87%] Built target whisper-quantize
[ 87%] Built target yolov3-tiny
[ 88%] Linking CXX executable ../../bin/gpt-j
[ 89%] Linking CXX executable ../../bin/gpt-2-ctx
[ 90%] Linking CXX executable ../../bin/gpt-2-backend
[ 91%] Linking CXX executable ../../bin/gpt-neox
[ 91%] Built target gpt-j
[ 92%] Linking CXX executable ../../bin/gpt-2-alloc
[ 93%] Linking CXX executable ../../bin/dollyv2
[ 94%] Linking CXX executable ../../bin/starcoder
[ 94%] Built target gpt-2-ctx
[ 94%] Built target gpt-2-backend
[ 94%] Built target gpt-neox
[ 95%] Linking CXX executable ../../bin/gpt-2-batched
[ 95%] Built target gpt-2-alloc
[ 95%] Built target starcoder
[ 96%] Linking CXX executable ../../bin/mpt
[ 96%] Built target dollyv2
[ 97%] Linking CXX executable ../../bin/replit
[ 97%] Linking CXX executable ../../bin/gpt-2-backend2
[ 97%] Built target gpt-2-batched
[ 97%] Built target mpt
[ 97%] Built target replit
[ 97%] Built target gpt-2-backend2
[ 97%] Linking CXX executable ../../bin/sam
[ 97%] Built target sam
[ 98%] Linking CXX static library libwhisper-cpp.a
[ 98%] Built target whisper-cpp
[ 99%] Building CXX object examples/whisper/CMakeFiles/whisper.dir/main.cpp.o
[100%] Linking CXX executable ../../bin/whisper
[100%] Built target whisper

real	0m13.076s
user	0m58.183s
sys	0m5.847s
+ ctest --output-on-failure
Test project /Users/ggml/work/ggml/build-ci-release
      Start  1: test-grad0
 1/22 Test  #1: test-grad0 .......................   Passed    1.41 sec
      Start  2: test-opt
 2/22 Test  #2: test-opt .........................   Passed    0.91 sec
      Start  3: test-quantize-fns
 3/22 Test  #3: test-quantize-fns ................   Passed    0.19 sec
      Start  4: test-quantize-perf
 4/22 Test  #4: test-quantize-perf ...............   Passed    0.23 sec
      Start  5: test-mul-mat0
 5/22 Test  #5: test-mul-mat0 ....................   Passed    0.39 sec
      Start  6: test-blas0
 6/22 Test  #6: test-blas0 .......................   Passed    0.18 sec
      Start  7: test-mul-mat2
 7/22 Test  #7: test-mul-mat2 ....................   Passed    2.37 sec
      Start  8: test0
 8/22 Test  #8: test0 ............................   Passed    0.18 sec
      Start  9: test1
 9/22 Test  #9: test1 ............................   Passed    0.19 sec
      Start 10: test2
10/22 Test #10: test2 ............................   Passed    0.22 sec
      Start 11: test3
11/22 Test #11: test3 ............................   Passed    0.22 sec
      Start 12: test-pool
12/22 Test #12: test-pool ........................   Passed    0.18 sec
      Start 13: test-conv-transpose
13/22 Test #13: test-conv-transpose ..............   Passed    0.18 sec
      Start 14: test-dup
14/22 Test #14: test-dup .........................   Passed    0.18 sec
      Start 15: test-rel-pos
15/22 Test #15: test-rel-pos .....................   Passed    0.19 sec
      Start 16: test-customop
16/22 Test #16: test-customop ....................   Passed    0.20 sec
      Start 17: test-xpos
17/22 Test #17: test-xpos ........................   Passed    0.18 sec
      Start 18: test-conv1d
18/22 Test #18: test-conv1d ......................   Passed    0.25 sec
      Start 19: test-conv2d
19/22 Test #19: test-conv2d ......................   Passed    0.25 sec
      Start 20: test-mul-mat
20/22 Test #20: test-mul-mat .....................   Passed    0.25 sec
      Start 21: test-backend-buffer
21/22 Test #21: test-backend-buffer ..............   Passed    0.25 sec
      Start 22: test-backend-ops
22/22 Test #22: test-backend-ops .................   Passed   30.28 sec

100% tests passed, 0 tests failed out of 22

Total Test time (real) =  38.93 sec

real	0m38.937s
user	0m35.674s
sys	0m9.226s
