mkdir: cannot create directory ‘/mnt/llama.cpp’: Permission denied
+ gg_run_ctest_debug
+ tee /home/ggml/results/llama.cpp/49/cc1f7d67de2da99f3ac185f9ff1319b7bf35f8/ggml-1-arm64-cpu-low-perf/ctest_debug.log
+ cd /home/ggml/work/llama.cpp
+ rm -rf build-ci-debug
+ mkdir build-ci-debug
+ cd build-ci-debug
+ set -e
+ tee -a /home/ggml/results/llama.cpp/49/cc1f7d67de2da99f3ac185f9ff1319b7bf35f8/ggml-1-arm64-cpu-low-perf/ctest_debug-cmake.log
+ cmake -DCMAKE_BUILD_TYPE=Debug ..
-- The C compiler identification is GNU 11.4.0
-- The CXX compiler identification is GNU 11.4.0
-- Detecting C compiler ABI info
-- Detecting C compiler ABI info - done
-- Check for working C compiler: /usr/bin/cc - skipped
-- Detecting C compile features
-- Detecting C compile features - done
-- Detecting CXX compiler ABI info
-- Detecting CXX compiler ABI info - done
-- Check for working CXX compiler: /usr/bin/c++ - skipped
-- Detecting CXX compile features
-- Detecting CXX compile features - done
-- Found Git: /usr/bin/git (found version "2.34.1") 
-- Looking for pthread.h
-- Looking for pthread.h - found
-- Performing Test CMAKE_HAVE_LIBC_PTHREAD
-- Performing Test CMAKE_HAVE_LIBC_PTHREAD - Success
-- Found Threads: TRUE  
-- ccache found, compilation results will be cached. Disable with LLAMA_CCACHE=OFF.
-- CMAKE_SYSTEM_PROCESSOR: aarch64
-- ARM detected
-- Performing Test COMPILER_SUPPORTS_FP16_FORMAT_I3E
-- Performing Test COMPILER_SUPPORTS_FP16_FORMAT_I3E - Failed
-- Configuring done
-- Generating done
-- Build files have been written to: /home/ggml/work/llama.cpp/build-ci-debug

real	0m0.734s
user	0m0.366s
sys	0m0.372s
+ tee -a /home/ggml/results/llama.cpp/49/cc1f7d67de2da99f3ac185f9ff1319b7bf35f8/ggml-1-arm64-cpu-low-perf/ctest_debug-make.log
+ make -j
[  1%] Generating build details from Git
[  3%] Building C object CMakeFiles/ggml.dir/ggml-alloc.c.o
[  3%] Building C object CMakeFiles/ggml.dir/ggml.c.o
[  4%] Building C object CMakeFiles/ggml.dir/ggml-backend.c.o
-- Found Git: /usr/bin/git (found version "2.34.1") 
[  5%] Building C object CMakeFiles/ggml.dir/ggml-quants.c.o
[  5%] Built target ggml
[  6%] Building CXX object common/CMakeFiles/build_info.dir/build-info.cpp.o
[  6%] Linking C static library libggml_static.a
[  7%] Building CXX object CMakeFiles/llama.dir/llama.cpp.o
[  7%] Built target build_info
[  7%] Linking CXX static library libllama.a
[  7%] Built target ggml_static
[  7%] Built target llama
[  7%] Building CXX object common/CMakeFiles/common.dir/common.cpp.o
[  9%] Building CXX object common/CMakeFiles/common.dir/sampling.cpp.o
[  8%] Building C object tests/CMakeFiles/test-c.dir/test-c.c.o
[ 10%] Building CXX object examples/llava/CMakeFiles/llava.dir/llava.cpp.o
[ 11%] Building CXX object common/CMakeFiles/common.dir/grammar-parser.cpp.o
[ 13%] Building CXX object examples/llava/CMakeFiles/llava.dir/clip.cpp.o
[ 13%] Building CXX object examples/quantize/CMakeFiles/quantize.dir/quantize.cpp.o
[ 14%] Building CXX object examples/benchmark/CMakeFiles/benchmark.dir/benchmark-matmult.cpp.o
[ 15%] Building CXX object common/CMakeFiles/common.dir/console.cpp.o
[ 15%] Building CXX object examples/quantize-stats/CMakeFiles/quantize-stats.dir/quantize-stats.cpp.o
[ 16%] Building CXX object common/CMakeFiles/common.dir/train.cpp.o
[ 17%] Linking CXX executable ../bin/test-c
[ 17%] Built target llava
[ 18%] Linking CXX executable ../../bin/quantize
[ 19%] Linking CXX executable ../../bin/benchmark
[ 20%] Linking CXX static library libcommon.a
[ 21%] Linking CXX static library libllava_static.a
[ 22%] Linking CXX executable ../../bin/quantize-stats
[ 22%] Built target test-c
[ 22%] Built target benchmark
[ 22%] Built target llava_static
[ 22%] Built target common
[ 22%] Building CXX object tests/CMakeFiles/test-quantize-fns.dir/test-quantize-fns.cpp.o
[ 23%] Building CXX object tests/CMakeFiles/test-quantize-perf.dir/test-quantize-perf.cpp.o
[ 24%] Building CXX object tests/CMakeFiles/test-quantize-perf.dir/get-model.cpp.o
[ 25%] Building CXX object tests/CMakeFiles/test-quantize-fns.dir/get-model.cpp.o
[ 26%] Building CXX object tests/CMakeFiles/test-tokenizer-1-llama.dir/get-model.cpp.o
[ 27%] Building CXX object tests/CMakeFiles/test-tokenizer-1-llama.dir/test-tokenizer-1-llama.cpp.o
[ 28%] Linking CXX executable ../bin/test-quantize-fns
[ 29%] Linking CXX executable ../bin/test-tokenizer-1-llama
[ 29%] Building CXX object tests/CMakeFiles/test-tokenizer-0-falcon.dir/test-tokenizer-0-falcon.cpp.o
[ 30%] Building CXX object tests/CMakeFiles/test-tokenizer-1-bpe.dir/get-model.cpp.o
[ 31%] Linking CXX executable ../bin/test-quantize-perf
[ 31%] Building CXX object tests/CMakeFiles/test-llama-grammar.dir/test-llama-grammar.cpp.o
[ 31%] Building CXX object tests/CMakeFiles/test-tokenizer-1-bpe.dir/test-tokenizer-1-bpe.cpp.o
[ 32%] Building CXX object tests/CMakeFiles/test-llama-grammar.dir/get-model.cpp.o
[ 33%] Building CXX object tests/CMakeFiles/test-grammar-parser.dir/get-model.cpp.o
[ 34%] Building CXX object tests/CMakeFiles/test-sampling.dir/get-model.cpp.o
[ 36%] Building CXX object tests/CMakeFiles/test-tokenizer-0-falcon.dir/get-model.cpp.o
[ 36%] Building CXX object tests/CMakeFiles/test-tokenizer-0-llama.dir/get-model.cpp.o
[ 37%] Building CXX object tests/CMakeFiles/test-sampling.dir/test-sampling.cpp.o
[ 38%] Building CXX object tests/CMakeFiles/test-grammar-parser.dir/test-grammar-parser.cpp.o
[ 39%] Building CXX object tests/CMakeFiles/test-grad0.dir/get-model.cpp.o
[ 40%] Building CXX object tests/CMakeFiles/test-tokenizer-0-llama.dir/test-tokenizer-0-llama.cpp.o
[ 40%] Building CXX object tests/CMakeFiles/test-rope.dir/test-rope.cpp.o
[ 40%] Building CXX object tests/CMakeFiles/test-grad0.dir/test-grad0.cpp.o
[ 41%] Building CXX object tests/CMakeFiles/test-backend-ops.dir/test-backend-ops.cpp.o
[ 42%] Building CXX object tests/CMakeFiles/test-rope.dir/get-model.cpp.o
[ 43%] Building CXX object tests/CMakeFiles/test-model-load-cancel.dir/test-model-load-cancel.cpp.o
[ 44%] Building CXX object tests/CMakeFiles/test-backend-ops.dir/get-model.cpp.o
[ 45%] Building CXX object tests/CMakeFiles/test-model-load-cancel.dir/get-model.cpp.o
[ 45%] Building CXX object examples/baby-llama/CMakeFiles/baby-llama.dir/baby-llama.cpp.o
[ 46%] Linking CXX executable ../bin/test-tokenizer-0-falcon
[ 47%] Building CXX object examples/batched/CMakeFiles/batched.dir/batched.cpp.o
[ 48%] Linking CXX executable ../bin/test-sampling
[ 49%] Linking CXX executable ../bin/test-tokenizer-1-bpe
[ 50%] Building CXX object tests/CMakeFiles/test-autorelease.dir/test-autorelease.cpp.o
[ 47%] Building CXX object examples/beam-search/CMakeFiles/beam-search.dir/beam-search.cpp.o
[ 50%] Building CXX object examples/convert-llama2c-to-ggml/CMakeFiles/convert-llama2c-to-ggml.dir/convert-llama2c-to-ggml.cpp.o
[ 51%] Building CXX object examples/batched-bench/CMakeFiles/batched-bench.dir/batched-bench.cpp.o
[ 52%] Linking CXX executable ../bin/test-grad0
[ 53%] Building CXX object tests/CMakeFiles/test-autorelease.dir/get-model.cpp.o
[ 54%] Building CXX object examples/embedding/CMakeFiles/embedding.dir/embedding.cpp.o
[ 55%] Linking CXX executable ../bin/test-tokenizer-0-llama
[ 56%] Building CXX object examples/llama-bench/CMakeFiles/llama-bench.dir/llama-bench.cpp.o
[ 57%] Linking CXX executable ../bin/test-grammar-parser
[ 58%] Building CXX object examples/infill/CMakeFiles/infill.dir/infill.cpp.o
[ 59%] Linking CXX executable ../bin/test-model-load-cancel
[ 59%] Building CXX object examples/finetune/CMakeFiles/finetune.dir/finetune.cpp.o
[ 59%] Building CXX object examples/main/CMakeFiles/main.dir/main.cpp.o
[ 60%] Linking CXX executable ../bin/test-llama-grammar
[ 61%] Linking CXX executable ../bin/test-rope
[ 62%] Building CXX object examples/llava/CMakeFiles/llava-cli.dir/llava-cli.cpp.o
[ 63%] Linking CXX executable ../bin/test-backend-ops
[ 64%] Linking CXX executable ../../bin/beam-search
[ 65%] Linking CXX executable ../../bin/batched
[ 66%] Linking CXX executable ../../bin/baby-llama
[ 67%] Linking CXX executable ../../bin/convert-llama2c-to-ggml
[ 67%] Linking CXX executable ../bin/test-autorelease
[ 67%] Building CXX object examples/tokenize/CMakeFiles/tokenize.dir/tokenize.cpp.o
[ 68%] Building CXX object examples/speculative/CMakeFiles/speculative.dir/speculative.cpp.o
[ 69%] Building CXX object examples/parallel/CMakeFiles/parallel.dir/parallel.cpp.o
[ 70%] Linking CXX executable ../../bin/infill
[ 70%] Building CXX object examples/perplexity/CMakeFiles/perplexity.dir/perplexity.cpp.o
[ 71%] Linking CXX executable ../../bin/batched-bench
[ 72%] Building CXX object examples/passkey/CMakeFiles/passkey.dir/passkey.cpp.o
[ 73%] Linking CXX executable ../../bin/finetune
[ 74%] Linking CXX executable ../../bin/main
[ 74%] Building CXX object examples/simple/CMakeFiles/simple.dir/simple.cpp.o
[ 75%] Building CXX object examples/save-load-state/CMakeFiles/save-load-state.dir/save-load-state.cpp.o
[ 75%] Linking CXX executable ../../bin/llava-cli
[ 76%] Building CXX object examples/lookahead/CMakeFiles/lookahead.dir/lookahead.cpp.o
[ 77%] Linking CXX executable ../../bin/embedding
[ 78%] Building CXX object examples/lookup/CMakeFiles/lookup.dir/lookup.cpp.o
[ 79%] Built target test-grad0
[ 79%] Linking CXX executable ../../bin/llama-bench
[ 80%] Building CXX object examples/train-text-from-scratch/CMakeFiles/train-text-from-scratch.dir/train-text-from-scratch.cpp.o
[ 81%] Building CXX object examples/imatrix/CMakeFiles/imatrix.dir/imatrix.cpp.o
[ 82%] Linking CXX executable ../../bin/parallel
[ 83%] Linking CXX executable ../../bin/tokenize
[ 84%] Linking CXX executable ../../bin/speculative
[ 85%] Building CXX object examples/server/CMakeFiles/server.dir/server.cpp.o
[ 86%] Linking CXX executable ../../bin/perplexity
[ 87%] Linking CXX executable ../../bin/passkey
[ 88%] Linking CXX executable ../../bin/simple
[ 89%] Linking CXX executable ../../bin/lookahead
[ 89%] Built target test-quantize-fns
[ 90%] Building CXX object examples/export-lora/CMakeFiles/export-lora.dir/export-lora.cpp.o
[ 92%] Building CXX object pocs/vdot/CMakeFiles/vdot.dir/vdot.cpp.o
[ 91%] Linking CXX executable ../../bin/save-load-state
[ 93%] Building CXX object pocs/vdot/CMakeFiles/q8dot.dir/q8dot.cpp.o
[ 93%] Built target test-quantize-perf
[ 94%] Linking CXX executable ../../bin/lookup
[ 96%] Linking CXX executable ../../bin/imatrix
[ 95%] Linking CXX executable ../../bin/train-text-from-scratch
[ 97%] Linking CXX executable ../../bin/export-lora
[ 98%] Linking CXX executable ../../bin/q8dot
[ 99%] Linking CXX executable ../../bin/vdot
[ 99%] Built target test-rope
[100%] Linking CXX executable ../../bin/server
[100%] Built target convert-llama2c-to-ggml
[100%] Built target test-grammar-parser
[100%] Built target quantize
[100%] Built target test-backend-ops
[100%] Built target quantize-stats
[100%] Built target q8dot
[100%] Built target vdot
[100%] Built target export-lora
[100%] Built target test-model-load-cancel
[100%] Built target test-sampling
[100%] Built target test-autorelease
[100%] Built target test-llama-grammar
[100%] Built target perplexity
[100%] Built target batched
[100%] Built target beam-search
[100%] Built target test-tokenizer-0-llama
[100%] Built target test-tokenizer-1-bpe
[100%] Built target baby-llama
[100%] Built target test-tokenizer-1-llama
[100%] Built target test-tokenizer-0-falcon
[100%] Built target tokenize
[100%] Built target simple
[100%] Built target parallel
[100%] Built target embedding
[100%] Built target infill
[100%] Built target save-load-state
[100%] Built target batched-bench
[100%] Built target finetune
[100%] Built target lookahead
[100%] Built target passkey
[100%] Built target main
[100%] Built target lookup
[100%] Built target train-text-from-scratch
[100%] Built target speculative
[100%] Built target llama-bench
[100%] Built target imatrix
[100%] Built target llava-cli
[100%] Built target server

real	0m6.325s
user	0m17.756s
sys	0m5.109s
+ tee -a /home/ggml/results/llama.cpp/49/cc1f7d67de2da99f3ac185f9ff1319b7bf35f8/ggml-1-arm64-cpu-low-perf/ctest_debug-ctest.log
+ ctest --output-on-failure -L main -E test-opt
Test project /home/ggml/work/llama.cpp/build-ci-debug
      Start  1: test-quantize-fns
 1/20 Test  #1: test-quantize-fns ...................   Passed    0.25 sec
      Start  2: test-quantize-perf
 2/20 Test  #2: test-quantize-perf ..................   Passed    0.74 sec
      Start  3: test-sampling
 3/20 Test  #3: test-sampling .......................   Passed    0.03 sec
      Start  4: test-tokenizer-0-llama
 4/20 Test  #4: test-tokenizer-0-llama ..............   Passed    0.17 sec
      Start  5: test-tokenizer-0-falcon
 5/20 Test  #5: test-tokenizer-0-falcon .............   Passed    1.03 sec
      Start  6: test-tokenizer-1-llama
 6/20 Test  #6: test-tokenizer-1-llama ..............   Passed   16.92 sec
      Start  7: test-tokenizer-1-baichuan
 7/20 Test  #7: test-tokenizer-1-baichuan ...........   Passed   17.24 sec
      Start  8: test-tokenizer-1-falcon
 8/20 Test  #8: test-tokenizer-1-falcon .............   Passed   13.60 sec
      Start  9: test-tokenizer-1-aquila
 9/20 Test  #9: test-tokenizer-1-aquila .............   Passed   16.48 sec
      Start 10: test-tokenizer-1-mpt
10/20 Test #10: test-tokenizer-1-mpt ................   Passed   12.34 sec
      Start 11: test-tokenizer-1-stablelm-3b-4e1t
11/20 Test #11: test-tokenizer-1-stablelm-3b-4e1t ...   Passed   12.38 sec
      Start 12: test-tokenizer-1-gpt-neox
12/20 Test #12: test-tokenizer-1-gpt-neox ...........   Passed   12.37 sec
      Start 13: test-tokenizer-1-refact
13/20 Test #13: test-tokenizer-1-refact .............   Passed   12.48 sec
      Start 14: test-tokenizer-1-starcoder
14/20 Test #14: test-tokenizer-1-starcoder ..........   Passed   12.17 sec
      Start 15: test-tokenizer-1-gpt2
15/20 Test #15: test-tokenizer-1-gpt2 ...............   Passed   12.38 sec
      Start 16: test-grammar-parser
16/20 Test #16: test-grammar-parser .................   Passed    0.00 sec
      Start 17: test-llama-grammar
17/20 Test #17: test-llama-grammar ..................   Passed    0.00 sec
      Start 18: test-grad0
18/20 Test #18: test-grad0 ..........................   Passed    4.30 sec
      Start 19: test-backend-ops
19/20 Test #19: test-backend-ops ....................   Passed   98.13 sec
      Start 20: test-rope
20/20 Test #20: test-rope ...........................   Passed    0.09 sec

100% tests passed, 0 tests failed out of 20

Label Time Summary:
main    = 243.11 sec*proc (20 tests)

Total Test time (real) = 243.12 sec

real	4m3.128s
user	5m3.860s
sys	0m9.873s
+ set +e
+ cur=0
+ echo 0
+ set +x
+ gg_run_ctest_release
+ tee /home/ggml/results/llama.cpp/49/cc1f7d67de2da99f3ac185f9ff1319b7bf35f8/ggml-1-arm64-cpu-low-perf/ctest_release.log
+ cd /home/ggml/work/llama.cpp
+ rm -rf build-ci-release
+ mkdir build-ci-release
+ cd build-ci-release
+ set -e
+ tee -a /home/ggml/results/llama.cpp/49/cc1f7d67de2da99f3ac185f9ff1319b7bf35f8/ggml-1-arm64-cpu-low-perf/ctest_release-cmake.log
+ cmake -DCMAKE_BUILD_TYPE=Release ..
-- The C compiler identification is GNU 11.4.0
-- The CXX compiler identification is GNU 11.4.0
-- Detecting C compiler ABI info
-- Detecting C compiler ABI info - done
-- Check for working C compiler: /usr/bin/cc - skipped
-- Detecting C compile features
-- Detecting C compile features - done
-- Detecting CXX compiler ABI info
-- Detecting CXX compiler ABI info - done
-- Check for working CXX compiler: /usr/bin/c++ - skipped
-- Detecting CXX compile features
-- Detecting CXX compile features - done
-- Found Git: /usr/bin/git (found version "2.34.1") 
-- Looking for pthread.h
-- Looking for pthread.h - found
-- Performing Test CMAKE_HAVE_LIBC_PTHREAD
-- Performing Test CMAKE_HAVE_LIBC_PTHREAD - Success
-- Found Threads: TRUE  
-- ccache found, compilation results will be cached. Disable with LLAMA_CCACHE=OFF.
-- CMAKE_SYSTEM_PROCESSOR: aarch64
-- ARM detected
-- Performing Test COMPILER_SUPPORTS_FP16_FORMAT_I3E
-- Performing Test COMPILER_SUPPORTS_FP16_FORMAT_I3E - Failed
-- Configuring done
-- Generating done
-- Build files have been written to: /home/ggml/work/llama.cpp/build-ci-release

real	0m0.752s
user	0m0.421s
sys	0m0.335s
+ tee -a /home/ggml/results/llama.cpp/49/cc1f7d67de2da99f3ac185f9ff1319b7bf35f8/ggml-1-arm64-cpu-low-perf/ctest_release-make.log
+ make -j
[  1%] Building C object CMakeFiles/ggml.dir/ggml-alloc.c.o
[  2%] Building C object CMakeFiles/ggml.dir/ggml.c.o
[  3%] Building C object CMakeFiles/ggml.dir/ggml-quants.c.o
[  4%] Building C object CMakeFiles/ggml.dir/ggml-backend.c.o
[  5%] Building CXX object common/CMakeFiles/build_info.dir/build-info.cpp.o
[  5%] Built target ggml
[  5%] Linking C static library libggml_static.a
[  6%] Building CXX object CMakeFiles/llama.dir/llama.cpp.o
[  7%] Built target build_info
[  7%] Linking CXX static library libllama.a
[  7%] Built target ggml_static
[  7%] Built target llama
[  8%] Building C object tests/CMakeFiles/test-c.dir/test-c.c.o
[  8%] Building CXX object common/CMakeFiles/common.dir/common.cpp.o
[  9%] Building CXX object common/CMakeFiles/common.dir/sampling.cpp.o
[ 10%] Building CXX object common/CMakeFiles/common.dir/console.cpp.o
[ 11%] Building CXX object common/CMakeFiles/common.dir/grammar-parser.cpp.o
[ 12%] Building CXX object examples/llava/CMakeFiles/llava.dir/clip.cpp.o
[ 13%] Building CXX object examples/llava/CMakeFiles/llava.dir/llava.cpp.o
[ 14%] Building CXX object common/CMakeFiles/common.dir/train.cpp.o
[ 15%] Building CXX object examples/benchmark/CMakeFiles/benchmark.dir/benchmark-matmult.cpp.o
[ 16%] Linking CXX executable ../bin/test-c
[ 13%] Building CXX object examples/quantize-stats/CMakeFiles/quantize-stats.dir/quantize-stats.cpp.o
[ 17%] Building CXX object examples/quantize/CMakeFiles/quantize.dir/quantize.cpp.o
[ 17%] Built target llava
[ 18%] Linking CXX executable ../../bin/quantize
[ 19%] Linking CXX static library libcommon.a
[ 20%] Linking CXX executable ../../bin/quantize-stats
[ 21%] Linking CXX static library libllava_static.a
[ 21%] Built target test-c
[ 22%] Linking CXX executable ../../bin/benchmark
[ 22%] Built target common
[ 22%] Built target llava_static
[ 23%] Building CXX object tests/CMakeFiles/test-quantize-fns.dir/get-model.cpp.o
[ 23%] Building CXX object tests/CMakeFiles/test-quantize-fns.dir/test-quantize-fns.cpp.o
[ 23%] Built target quantize
[ 24%] Building CXX object tests/CMakeFiles/test-sampling.dir/test-sampling.cpp.o
[ 25%] Building CXX object tests/CMakeFiles/test-quantize-perf.dir/get-model.cpp.o
[ 26%] Building CXX object tests/CMakeFiles/test-quantize-perf.dir/test-quantize-perf.cpp.o
[ 27%] Building CXX object tests/CMakeFiles/test-tokenizer-1-llama.dir/get-model.cpp.o
[ 28%] Building CXX object tests/CMakeFiles/test-tokenizer-1-llama.dir/test-tokenizer-1-llama.cpp.o
[ 28%] Building CXX object tests/CMakeFiles/test-tokenizer-0-falcon.dir/test-tokenizer-0-falcon.cpp.o
[ 29%] Building CXX object tests/CMakeFiles/test-sampling.dir/get-model.cpp.o
[ 30%] Building CXX object tests/CMakeFiles/test-tokenizer-0-falcon.dir/get-model.cpp.o
[ 30%] Building CXX object tests/CMakeFiles/test-tokenizer-1-bpe.dir/test-tokenizer-1-bpe.cpp.o
[ 31%] Linking CXX executable ../bin/test-quantize-fns
[ 31%] Built target benchmark
[ 32%] Building CXX object tests/CMakeFiles/test-tokenizer-1-bpe.dir/get-model.cpp.o
[ 31%] Built target quantize-stats
[ 33%] Building CXX object tests/CMakeFiles/test-tokenizer-0-llama.dir/get-model.cpp.o
[ 34%] Building CXX object tests/CMakeFiles/test-tokenizer-0-llama.dir/test-tokenizer-0-llama.cpp.o
[ 35%] Building CXX object tests/CMakeFiles/test-grammar-parser.dir/test-grammar-parser.cpp.o
[ 36%] Building CXX object tests/CMakeFiles/test-grammar-parser.dir/get-model.cpp.o
[ 37%] Linking CXX executable ../bin/test-tokenizer-0-falcon
[ 38%] Linking CXX executable ../bin/test-quantize-perf
[ 39%] Linking CXX executable ../bin/test-sampling
[ 39%] Building CXX object tests/CMakeFiles/test-llama-grammar.dir/test-llama-grammar.cpp.o
[ 39%] Building CXX object tests/CMakeFiles/test-grad0.dir/test-grad0.cpp.o
[ 40%] Linking CXX executable ../bin/test-tokenizer-1-llama
[ 41%] Building CXX object tests/CMakeFiles/test-autorelease.dir/test-autorelease.cpp.o
[ 42%] Building CXX object tests/CMakeFiles/test-llama-grammar.dir/get-model.cpp.o
[ 43%] Building CXX object tests/CMakeFiles/test-backend-ops.dir/test-backend-ops.cpp.o
[ 44%] Building CXX object tests/CMakeFiles/test-grad0.dir/get-model.cpp.o
[ 45%] Building CXX object tests/CMakeFiles/test-autorelease.dir/get-model.cpp.o
[ 46%] Linking CXX executable ../bin/test-tokenizer-1-bpe
[ 47%] Building CXX object tests/CMakeFiles/test-model-load-cancel.dir/test-model-load-cancel.cpp.o
[ 47%] Building CXX object tests/CMakeFiles/test-rope.dir/test-rope.cpp.o
[ 48%] Building CXX object tests/CMakeFiles/test-backend-ops.dir/get-model.cpp.o
[ 49%] Building CXX object tests/CMakeFiles/test-rope.dir/get-model.cpp.o
[ 50%] Building CXX object tests/CMakeFiles/test-model-load-cancel.dir/get-model.cpp.o
[ 50%] Building CXX object examples/baby-llama/CMakeFiles/baby-llama.dir/baby-llama.cpp.o
[ 51%] Linking CXX executable ../bin/test-tokenizer-0-llama
[ 52%] Linking CXX executable ../bin/test-grammar-parser
[ 54%] Linking CXX executable ../bin/test-llama-grammar
[ 53%] Linking CXX executable ../bin/test-grad0
[ 54%] Linking CXX executable ../bin/test-autorelease
[ 55%] Linking CXX executable ../bin/test-model-load-cancel
[ 56%] Building CXX object examples/batched/CMakeFiles/batched.dir/batched.cpp.o
[ 57%] Linking CXX executable ../bin/test-backend-ops
[ 58%] Linking CXX executable ../bin/test-rope
[ 59%] Building CXX object examples/convert-llama2c-to-ggml/CMakeFiles/convert-llama2c-to-ggml.dir/convert-llama2c-to-ggml.cpp.o
[ 59%] Building CXX object examples/batched-bench/CMakeFiles/batched-bench.dir/batched-bench.cpp.o
[ 60%] Building CXX object examples/embedding/CMakeFiles/embedding.dir/embedding.cpp.o
[ 61%] Linking CXX executable ../../bin/baby-llama
[ 62%] Building CXX object examples/llama-bench/CMakeFiles/llama-bench.dir/llama-bench.cpp.o
[ 62%] Building CXX object examples/beam-search/CMakeFiles/beam-search.dir/beam-search.cpp.o
[ 63%] Linking CXX executable ../../bin/batched
[ 63%] Building CXX object examples/finetune/CMakeFiles/finetune.dir/finetune.cpp.o
[ 64%] Building CXX object examples/llava/CMakeFiles/llava-cli.dir/llava-cli.cpp.o
[ 65%] Building CXX object examples/infill/CMakeFiles/infill.dir/infill.cpp.o
[ 66%] Linking CXX executable ../../bin/convert-llama2c-to-ggml
[ 67%] Linking CXX executable ../../bin/batched-bench
[ 67%] Linking CXX executable ../../bin/llava-cli
[ 67%] Built target test-tokenizer-0-falcon
[ 67%] Building CXX object examples/main/CMakeFiles/main.dir/main.cpp.o
[ 67%] Building CXX object examples/simple/CMakeFiles/simple.dir/simple.cpp.o
[ 67%] Built target test-quantize-fns
[ 68%] Linking CXX executable ../../bin/embedding
[ 68%] Building CXX object examples/perplexity/CMakeFiles/perplexity.dir/perplexity.cpp.o
[ 69%] Building CXX object examples/parallel/CMakeFiles/parallel.dir/parallel.cpp.o
[ 69%] Building CXX object examples/tokenize/CMakeFiles/tokenize.dir/tokenize.cpp.o
[ 70%] Linking CXX executable ../../bin/llama-bench
[ 71%] Building CXX object examples/save-load-state/CMakeFiles/save-load-state.dir/save-load-state.cpp.o
[ 72%] Linking CXX executable ../../bin/beam-search
[ 73%] Linking CXX executable ../../bin/infill
[ 74%] Linking CXX executable ../../bin/finetune
[ 75%] Building CXX object examples/passkey/CMakeFiles/passkey.dir/passkey.cpp.o
[ 76%] Linking CXX executable ../../bin/simple
[ 77%] Linking CXX executable ../../bin/main
[ 77%] Built target test-grad0
[ 77%] Built target test-quantize-perf
[ 78%] Linking CXX executable ../../bin/perplexity
[ 79%] Linking CXX executable ../../bin/tokenize
[ 80%] Building CXX object examples/speculative/CMakeFiles/speculative.dir/speculative.cpp.o
[ 81%] Linking CXX executable ../../bin/parallel
[ 80%] Built target test-sampling
[ 82%] Linking CXX executable ../../bin/save-load-state
[ 83%] Building CXX object examples/lookahead/CMakeFiles/lookahead.dir/lookahead.cpp.o
[ 84%] Building CXX object examples/train-text-from-scratch/CMakeFiles/train-text-from-scratch.dir/train-text-from-scratch.cpp.o
[ 85%] Building CXX object examples/lookup/CMakeFiles/lookup.dir/lookup.cpp.o
[ 85%] Built target test-backend-ops
[ 83%] Built target test-grammar-parser
[ 86%] Building CXX object examples/imatrix/CMakeFiles/imatrix.dir/imatrix.cpp.o
[ 87%] Linking CXX executable ../../bin/passkey
[ 87%] Built target test-tokenizer-1-bpe
[ 88%] Building CXX object examples/server/CMakeFiles/server.dir/server.cpp.o
[ 89%] Building CXX object pocs/vdot/CMakeFiles/vdot.dir/vdot.cpp.o
[ 90%] Building CXX object examples/export-lora/CMakeFiles/export-lora.dir/export-lora.cpp.o
[ 90%] Built target test-tokenizer-1-llama
[ 91%] Linking CXX executable ../../bin/speculative
[ 92%] Linking CXX executable ../../bin/lookahead
[ 92%] Built target test-rope
[ 92%] Built target test-llama-grammar
[ 92%] Built target convert-llama2c-to-ggml
[ 93%] Linking CXX executable ../../bin/train-text-from-scratch
[ 94%] Linking CXX executable ../../bin/lookup
[ 94%] Built target test-model-load-cancel
[ 95%] Building CXX object pocs/vdot/CMakeFiles/q8dot.dir/q8dot.cpp.o
[ 95%] Built target test-tokenizer-0-llama
[ 96%] Linking CXX executable ../../bin/imatrix
[ 95%] Built target test-autorelease
[ 97%] Linking CXX executable ../../bin/vdot
[ 98%] Linking CXX executable ../../bin/export-lora
[ 98%] Built target baby-llama
[ 98%] Built target batched-bench
[ 99%] Linking CXX executable ../../bin/q8dot
[ 99%] Built target batched
[100%] Linking CXX executable ../../bin/server
[100%] Built target llava-cli
[100%] Built target embedding
[100%] Built target beam-search
[100%] Built target infill
[100%] Built target finetune
[100%] Built target llama-bench
[100%] Built target lookahead
[100%] Built target passkey
[100%] Built target perplexity
[100%] Built target speculative
[100%] Built target simple
[100%] Built target vdot
[100%] Built target train-text-from-scratch
[100%] Built target tokenize
[100%] Built target parallel
[100%] Built target main
[100%] Built target save-load-state
[100%] Built target export-lora
[100%] Built target q8dot
[100%] Built target lookup
[100%] Built target imatrix
[100%] Built target server

real	0m2.441s
user	0m5.395s
sys	0m3.615s
+ '[' -z 1 ']'
+ tee -a /home/ggml/results/llama.cpp/49/cc1f7d67de2da99f3ac185f9ff1319b7bf35f8/ggml-1-arm64-cpu-low-perf/ctest_release-ctest.log
+ ctest --output-on-failure -L main -E test-opt
Test project /home/ggml/work/llama.cpp/build-ci-release
      Start  1: test-quantize-fns
 1/20 Test  #1: test-quantize-fns ...................   Passed    0.13 sec
      Start  2: test-quantize-perf
 2/20 Test  #2: test-quantize-perf ..................   Passed    0.21 sec
      Start  3: test-sampling
 3/20 Test  #3: test-sampling .......................   Passed    0.01 sec
      Start  4: test-tokenizer-0-llama
 4/20 Test  #4: test-tokenizer-0-llama ..............   Passed    0.05 sec
      Start  5: test-tokenizer-0-falcon
 5/20 Test  #5: test-tokenizer-0-falcon .............   Passed    0.27 sec
      Start  6: test-tokenizer-1-llama
 6/20 Test  #6: test-tokenizer-1-llama ..............   Passed    2.23 sec
      Start  7: test-tokenizer-1-baichuan
 7/20 Test  #7: test-tokenizer-1-baichuan ...........   Passed    2.28 sec
      Start  8: test-tokenizer-1-falcon
 8/20 Test  #8: test-tokenizer-1-falcon .............   Passed    1.89 sec
      Start  9: test-tokenizer-1-aquila
 9/20 Test  #9: test-tokenizer-1-aquila .............   Passed    2.40 sec
      Start 10: test-tokenizer-1-mpt
10/20 Test #10: test-tokenizer-1-mpt ................   Passed    1.62 sec
      Start 11: test-tokenizer-1-stablelm-3b-4e1t
11/20 Test #11: test-tokenizer-1-stablelm-3b-4e1t ...   Passed    1.61 sec
      Start 12: test-tokenizer-1-gpt-neox
12/20 Test #12: test-tokenizer-1-gpt-neox ...........   Passed    1.62 sec
      Start 13: test-tokenizer-1-refact
13/20 Test #13: test-tokenizer-1-refact .............   Passed    1.59 sec
      Start 14: test-tokenizer-1-starcoder
14/20 Test #14: test-tokenizer-1-starcoder ..........   Passed    1.60 sec
      Start 15: test-tokenizer-1-gpt2
15/20 Test #15: test-tokenizer-1-gpt2 ...............   Passed    1.59 sec
      Start 16: test-grammar-parser
16/20 Test #16: test-grammar-parser .................   Passed    0.00 sec
      Start 17: test-llama-grammar
17/20 Test #17: test-llama-grammar ..................   Passed    0.00 sec
      Start 18: test-grad0
18/20 Test #18: test-grad0 ..........................   Passed    3.87 sec
      Start 19: test-backend-ops
19/20 Test #19: test-backend-ops ....................   Passed   17.91 sec
      Start 20: test-rope
20/20 Test #20: test-rope ...........................   Passed    0.05 sec

100% tests passed, 0 tests failed out of 20

Label Time Summary:
main    =  40.92 sec*proc (20 tests)

Total Test time (real) =  40.93 sec

real	0m40.944s
user	0m45.148s
sys	0m5.949s
+ set +e
+ cur=0
+ echo 0
+ set +x
