+ cmake -DCMAKE_BUILD_TYPE=Debug -DLLAMA_FATAL_WARNINGS=ON -DGGML_VULKAN=1 ..
-- The C compiler identification is GNU 13.2.0
-- The CXX compiler identification is GNU 13.2.0
-- Detecting C compiler ABI info
-- Detecting C compiler ABI info - done
-- Check for working C compiler: /usr/bin/cc - skipped
-- Detecting C compile features
-- Detecting C compile features - done
-- Detecting CXX compiler ABI info
-- Detecting CXX compiler ABI info - done
-- Check for working CXX compiler: /usr/bin/c++ - skipped
-- Detecting CXX compile features
-- Detecting CXX compile features - done
-- Found Git: /usr/bin/git (found version "2.43.0") 
-- Performing Test CMAKE_HAVE_LIBC_PTHREAD
-- Performing Test CMAKE_HAVE_LIBC_PTHREAD - Success
-- Found Threads: TRUE  
-- ccache found, compilation results will be cached. Disable with GGML_CCACHE=OFF.
-- CMAKE_SYSTEM_PROCESSOR: x86_64
-- Including CPU backend
-- Found OpenMP_C: -fopenmp (found version "4.5") 
-- Found OpenMP_CXX: -fopenmp (found version "4.5") 
-- Found OpenMP: TRUE (found version "4.5")  
-- Adding CPU backend variant ggml-cpu: -march=native 
-- Found Vulkan: /usr/lib/x86_64-linux-gnu/libvulkan.so (found version "1.3.296") found components: glslc glslangValidator 
-- Vulkan found
-- GL_NV_cooperative_matrix2 not supported by glslc
-- Including Vulkan backend
-- Configuring done (1.3s)
-- Generating done (0.1s)
-- Build files have been written to: /home/ggml/work/llama.cpp/build-ci-debug

real	0m1.455s
user	0m0.876s
sys	0m0.587s
++ nproc
+ make -j4
[  0%] Generating build details from Git
[  1%] Building C object examples/gguf-hash/CMakeFiles/sha256.dir/deps/sha256/sha256.c.o
[  1%] Building C object ggml/src/CMakeFiles/ggml-base.dir/ggml.c.o
[  1%] Building CXX object ggml/src/ggml-vulkan/vulkan-shaders/CMakeFiles/vulkan-shaders-gen.dir/vulkan-shaders-gen.cpp.o
-- Found Git: /usr/bin/git (found version "2.43.0") 
[  1%] Built target sha256
[  2%] Building C object ggml/src/CMakeFiles/ggml-base.dir/ggml-alloc.c.o
[  3%] Linking CXX executable ../../../../bin/vulkan-shaders-gen
[  3%] Building CXX object ggml/src/CMakeFiles/ggml-base.dir/ggml-backend.cpp.o
[  4%] Building CXX object ggml/src/CMakeFiles/ggml-base.dir/ggml-opt.cpp.o
[  4%] Building CXX object ggml/src/CMakeFiles/ggml-base.dir/ggml-threading.cpp.o
[  5%] Building C object examples/gguf-hash/CMakeFiles/xxhash.dir/deps/xxhash/xxhash.c.o
[  6%] Building C object ggml/src/CMakeFiles/ggml-base.dir/ggml-quants.c.o
[  6%] Built target xxhash
[  6%] Linking CXX shared library libggml-base.so
[  7%] Building CXX object common/CMakeFiles/build_info.dir/build-info.cpp.o
[  7%] Building C object examples/gguf-hash/CMakeFiles/sha1.dir/deps/sha1/sha1.c.o
[  7%] Built target sha1
[  7%] Built target build_info
[  7%] Built target vulkan-shaders-gen
[  7%] Built target ggml-base
[  7%] Generate vulkan shaders
ggml_vulkan: Generating and compiling shaders to SPIR-V
[  8%] Building CXX object ggml/src/CMakeFiles/ggml-cpu.dir/ggml-cpu/ggml-cpu.cpp.o
[  9%] Building C object ggml/src/CMakeFiles/ggml-cpu.dir/ggml-cpu/ggml-cpu.c.o
[  9%] Building CXX object ggml/src/CMakeFiles/ggml-cpu.dir/ggml-cpu/ggml-cpu-aarch64.cpp.o
[ 10%] Building CXX object ggml/src/CMakeFiles/ggml-cpu.dir/ggml-cpu/ggml-cpu-hbm.cpp.o
[ 10%] Building C object ggml/src/CMakeFiles/ggml-cpu.dir/ggml-cpu/ggml-cpu-quants.c.o
[ 11%] Building CXX object ggml/src/CMakeFiles/ggml-cpu.dir/ggml-cpu/ggml-cpu-traits.cpp.o
[ 11%] Building CXX object ggml/src/CMakeFiles/ggml-cpu.dir/ggml-cpu/amx/amx.cpp.o
[ 12%] Building CXX object ggml/src/CMakeFiles/ggml-cpu.dir/ggml-cpu/amx/mmq.cpp.o
[ 12%] Building CXX object ggml/src/CMakeFiles/ggml-cpu.dir/ggml-cpu/llamafile/sgemm.cpp.o
[ 13%] Linking CXX shared library libggml-cpu.so
[ 13%] Built target ggml-cpu
[ 15%] Building CXX object ggml/src/ggml-vulkan/CMakeFiles/ggml-vulkan.dir/ggml-vulkan-shaders.cpp.o
[ 15%] Building CXX object ggml/src/ggml-vulkan/CMakeFiles/ggml-vulkan.dir/ggml-vulkan.cpp.o
[ 15%] Linking CXX shared library libggml-vulkan.so
[ 15%] Built target ggml-vulkan
[ 15%] Building CXX object ggml/src/CMakeFiles/ggml.dir/ggml-backend-reg.cpp.o
[ 16%] Linking CXX shared library libggml.so
[ 16%] Built target ggml
[ 17%] Building CXX object src/CMakeFiles/llama.dir/llama.cpp.o
[ 17%] Building CXX object examples/gguf-hash/CMakeFiles/llama-gguf-hash.dir/gguf-hash.cpp.o
[ 17%] Building CXX object examples/gguf/CMakeFiles/llama-gguf.dir/gguf.cpp.o
[ 17%] Building CXX object src/CMakeFiles/llama.dir/llama-vocab.cpp.o
[ 19%] Linking CXX executable ../../bin/llama-gguf-hash
[ 19%] Linking CXX executable ../../bin/llama-gguf
[ 20%] Building CXX object src/CMakeFiles/llama.dir/llama-grammar.cpp.o
[ 21%] Building CXX object src/CMakeFiles/llama.dir/llama-sampling.cpp.o
[ 21%] Building CXX object src/CMakeFiles/llama.dir/unicode.cpp.o
[ 21%] Building CXX object src/CMakeFiles/llama.dir/unicode-data.cpp.o
[ 22%] Linking CXX shared library libllama.so
[ 22%] Built target llama-gguf-hash
[ 22%] Built target llama-gguf
[ 22%] Built target llama
[ 24%] Building C object tests/CMakeFiles/test-c.dir/test-c.c.o
[ 24%] Building CXX object examples/simple/CMakeFiles/llama-simple.dir/simple.cpp.o
[ 24%] Building CXX object common/CMakeFiles/common.dir/arg.cpp.o
[ 24%] Building CXX object examples/run/CMakeFiles/llama-run.dir/run.cpp.o
[ 25%] Linking C executable ../bin/test-c
[ 25%] Linking CXX executable ../../bin/llama-simple
[ 26%] Linking CXX executable ../../bin/llama-run
[ 27%] Building CXX object common/CMakeFiles/common.dir/common.cpp.o
[ 27%] Building CXX object common/CMakeFiles/common.dir/console.cpp.o
[ 27%] Built target test-c
[ 28%] Building CXX object common/CMakeFiles/common.dir/json-schema-to-grammar.cpp.o
[ 29%] Building CXX object examples/simple-chat/CMakeFiles/llama-simple-chat.dir/simple-chat.cpp.o
[ 29%] Linking CXX executable ../../bin/llama-simple-chat
[ 29%] Building CXX object common/CMakeFiles/common.dir/log.cpp.o
[ 30%] Building CXX object common/CMakeFiles/common.dir/ngram-cache.cpp.o
[ 30%] Building CXX object common/CMakeFiles/common.dir/sampling.cpp.o
[ 31%] Building CXX object common/CMakeFiles/common.dir/speculative.cpp.o
[ 32%] Linking CXX static library libcommon.a
[ 32%] Built target llama-simple
[ 32%] Built target llama-run
[ 32%] Building CXX object examples/quantize-stats/CMakeFiles/llama-quantize-stats.dir/quantize-stats.cpp.o
[ 32%] Building CXX object examples/llava/CMakeFiles/llava.dir/llava.cpp.o
[ 33%] Linking CXX executable ../../bin/llama-quantize-stats
[ 34%] Building CXX object examples/llava/CMakeFiles/llava.dir/clip.cpp.o
[ 34%] Built target llava
[ 34%] Built target llama-simple-chat
[ 35%] Linking CXX static library libllava_static.a
[ 35%] Linking CXX shared library libllava_shared.so
[ 35%] Built target llama-quantize-stats
[ 35%] Built target llava_shared
[ 35%] Built target common
[ 35%] Building CXX object tests/CMakeFiles/test-tokenizer-0.dir/test-tokenizer-0.cpp.o
[ 35%] Building CXX object tests/CMakeFiles/test-tokenizer-1-spm.dir/test-tokenizer-1-spm.cpp.o
[ 35%] Building CXX object tests/CMakeFiles/test-tokenizer-1-bpe.dir/test-tokenizer-1-bpe.cpp.o
[ 37%] Linking CXX executable ../bin/test-tokenizer-0
[ 37%] Linking CXX executable ../bin/test-tokenizer-1-bpe
[ 37%] Built target llava_static
[ 37%] Building CXX object tests/CMakeFiles/test-log.dir/test-log.cpp.o
[ 38%] Building CXX object tests/CMakeFiles/test-log.dir/get-model.cpp.o
[ 38%] Linking CXX executable ../bin/test-log
[ 38%] Built target test-tokenizer-1-bpe
[ 38%] Built target test-log
[ 38%] Built target test-tokenizer-0
[ 39%] Linking CXX executable ../bin/test-tokenizer-1-spm
[ 39%] Building CXX object tests/CMakeFiles/test-arg-parser.dir/test-arg-parser.cpp.o
[ 39%] Building CXX object tests/CMakeFiles/test-sampling.dir/test-sampling.cpp.o
[ 39%] Building CXX object tests/CMakeFiles/test-chat-template.dir/test-chat-template.cpp.o
[ 41%] Building CXX object tests/CMakeFiles/test-chat-template.dir/get-model.cpp.o
[ 41%] Building CXX object tests/CMakeFiles/test-sampling.dir/get-model.cpp.o
[ 42%] Building CXX object tests/CMakeFiles/test-arg-parser.dir/get-model.cpp.o
[ 43%] Linking CXX executable ../bin/test-chat-template
[ 43%] Linking CXX executable ../bin/test-sampling
[ 44%] Linking CXX executable ../bin/test-arg-parser
[ 44%] Built target test-tokenizer-1-spm
[ 44%] Built target test-sampling
[ 44%] Building CXX object tests/CMakeFiles/test-grammar-parser.dir/test-grammar-parser.cpp.o
[ 45%] Building CXX object tests/CMakeFiles/test-grammar-integration.dir/test-grammar-integration.cpp.o
[ 46%] Building CXX object tests/CMakeFiles/test-grammar-parser.dir/get-model.cpp.o
[ 46%] Built target test-chat-template
[ 46%] Building CXX object tests/CMakeFiles/test-grammar-integration.dir/get-model.cpp.o
[ 46%] Linking CXX executable ../bin/test-grammar-parser
[ 47%] Linking CXX executable ../bin/test-grammar-integration
[ 48%] Building CXX object tests/CMakeFiles/test-llama-grammar.dir/test-llama-grammar.cpp.o
[ 48%] Building CXX object tests/CMakeFiles/test-llama-grammar.dir/get-model.cpp.o
[ 49%] Linking CXX executable ../bin/test-llama-grammar
[ 49%] Built target test-arg-parser
[ 50%] Building CXX object tests/CMakeFiles/test-backend-ops.dir/test-backend-ops.cpp.o
[ 50%] Built target test-grammar-parser
[ 50%] Building CXX object tests/CMakeFiles/test-backend-ops.dir/get-model.cpp.o
[ 51%] Linking CXX executable ../bin/test-backend-ops
[ 52%] Building CXX object tests/CMakeFiles/test-model-load-cancel.dir/test-model-load-cancel.cpp.o
[ 52%] Building CXX object tests/CMakeFiles/test-model-load-cancel.dir/get-model.cpp.o
[ 52%] Built target test-llama-grammar
[ 53%] Linking CXX executable ../bin/test-model-load-cancel
[ 53%] Building CXX object tests/CMakeFiles/test-autorelease.dir/test-autorelease.cpp.o
[ 54%] Building CXX object tests/CMakeFiles/test-autorelease.dir/get-model.cpp.o
[ 54%] Linking CXX executable ../bin/test-autorelease
[ 54%] Built target test-grammar-integration
[ 54%] Building CXX object tests/CMakeFiles/test-barrier.dir/test-barrier.cpp.o
[ 55%] Building CXX object tests/CMakeFiles/test-barrier.dir/get-model.cpp.o
[ 55%] Linking CXX executable ../bin/test-barrier
[ 55%] Built target test-backend-ops
[ 56%] Building CXX object tests/CMakeFiles/test-quantize-fns.dir/test-quantize-fns.cpp.o
[ 56%] Built target test-model-load-cancel
[ 56%] Building CXX object tests/CMakeFiles/test-quantize-fns.dir/get-model.cpp.o
[ 56%] Building CXX object tests/CMakeFiles/test-quantize-perf.dir/test-quantize-perf.cpp.o
[ 57%] Linking CXX executable ../bin/test-quantize-fns
[ 58%] Building CXX object tests/CMakeFiles/test-quantize-perf.dir/get-model.cpp.o
[ 58%] Built target test-autorelease
[ 58%] Linking CXX executable ../bin/test-quantize-perf
[ 59%] Building CXX object tests/CMakeFiles/test-rope.dir/test-rope.cpp.o
[ 59%] Built target test-barrier
[ 59%] Building CXX object tests/CMakeFiles/test-rope.dir/get-model.cpp.o
[ 60%] Building CXX object tests/CMakeFiles/test-json-schema-to-grammar.dir/test-json-schema-to-grammar.cpp.o
[ 61%] Linking CXX executable ../bin/test-rope
[ 62%] Building CXX object tests/CMakeFiles/test-json-schema-to-grammar.dir/get-model.cpp.o
[ 62%] Linking CXX executable ../bin/test-json-schema-to-grammar
[ 62%] Built target test-quantize-fns
[ 63%] Building CXX object examples/batched-bench/CMakeFiles/llama-batched-bench.dir/batched-bench.cpp.o
[ 63%] Built target test-quantize-perf
[ 63%] Linking CXX executable ../../bin/llama-batched-bench
[ 63%] Building CXX object examples/batched/CMakeFiles/llama-batched.dir/batched.cpp.o
[ 63%] Built target test-rope
[ 64%] Linking CXX executable ../../bin/llama-batched
[ 65%] Building CXX object examples/embedding/CMakeFiles/llama-embedding.dir/embedding.cpp.o
[ 66%] Linking CXX executable ../../bin/llama-embedding
[ 66%] Built target test-json-schema-to-grammar
[ 66%] Building CXX object examples/eval-callback/CMakeFiles/llama-eval-callback.dir/eval-callback.cpp.o
[ 67%] Linking CXX executable ../../bin/llama-eval-callback
[ 67%] Built target llama-batched-bench
[ 67%] Building CXX object examples/gbnf-validator/CMakeFiles/llama-gbnf-validator.dir/gbnf-validator.cpp.o
[ 67%] Built target llama-batched
[ 68%] Linking CXX executable ../../bin/llama-gbnf-validator
[ 69%] Building CXX object examples/gguf-split/CMakeFiles/llama-gguf-split.dir/gguf-split.cpp.o
[ 69%] Built target llama-embedding
[ 69%] Linking CXX executable ../../bin/llama-gguf-split
[ 70%] Building CXX object examples/gritlm/CMakeFiles/llama-gritlm.dir/gritlm.cpp.o
[ 70%] Linking CXX executable ../../bin/llama-gritlm
[ 70%] Built target llama-gbnf-validator
[ 71%] Building CXX object examples/imatrix/CMakeFiles/llama-imatrix.dir/imatrix.cpp.o
[ 71%] Built target llama-gguf-split
[ 71%] Linking CXX executable ../../bin/llama-imatrix
[ 72%] Built target llama-eval-callback
[ 72%] Building CXX object examples/infill/CMakeFiles/llama-infill.dir/infill.cpp.o
[ 72%] Linking CXX executable ../../bin/llama-infill
[ 73%] Building CXX object examples/llama-bench/CMakeFiles/llama-bench.dir/llama-bench.cpp.o
[ 73%] Linking CXX executable ../../bin/llama-bench
[ 73%] Built target llama-gritlm
[ 74%] Building CXX object examples/lookahead/CMakeFiles/llama-lookahead.dir/lookahead.cpp.o
[ 75%] Linking CXX executable ../../bin/llama-lookahead
[ 75%] Built target llama-bench
[ 75%] Building CXX object examples/lookup/CMakeFiles/llama-lookup.dir/lookup.cpp.o
[ 76%] Linking CXX executable ../../bin/llama-lookup
[ 76%] Built target llama-imatrix
[ 76%] Building CXX object examples/lookup/CMakeFiles/llama-lookup-create.dir/lookup-create.cpp.o
[ 76%] Built target llama-infill
[ 77%] Linking CXX executable ../../bin/llama-lookup-create
[ 77%] Building CXX object examples/lookup/CMakeFiles/llama-lookup-merge.dir/lookup-merge.cpp.o
[ 78%] Linking CXX executable ../../bin/llama-lookup-merge
[ 78%] Built target llama-lookahead
[ 78%] Built target llama-lookup-merge
[ 78%] Building CXX object examples/lookup/CMakeFiles/llama-lookup-stats.dir/lookup-stats.cpp.o
[ 79%] Building CXX object examples/main/CMakeFiles/llama-cli.dir/main.cpp.o
[ 80%] Linking CXX executable ../../bin/llama-lookup-stats
[ 80%] Linking CXX executable ../../bin/llama-cli
[ 80%] Built target llama-lookup
[ 81%] Building CXX object examples/parallel/CMakeFiles/llama-parallel.dir/parallel.cpp.o
[ 81%] Linking CXX executable ../../bin/llama-parallel
[ 81%] Built target llama-lookup-create
[ 82%] Building CXX object examples/passkey/CMakeFiles/llama-passkey.dir/passkey.cpp.o
[ 82%] Linking CXX executable ../../bin/llama-passkey
[ 82%] Built target llama-lookup-stats
[ 82%] Built target llama-cli
[ 83%] Building CXX object examples/perplexity/CMakeFiles/llama-perplexity.dir/perplexity.cpp.o
[ 84%] Building CXX object examples/quantize/CMakeFiles/llama-quantize.dir/quantize.cpp.o
[ 85%] Linking CXX executable ../../bin/llama-quantize
[ 85%] Linking CXX executable ../../bin/llama-perplexity
[ 85%] Built target llama-parallel
[ 85%] Building CXX object examples/retrieval/CMakeFiles/llama-retrieval.dir/retrieval.cpp.o
[ 86%] Linking CXX executable ../../bin/llama-retrieval
[ 86%] Built target llama-passkey
[ 87%] Generating loading.html.hpp
[ 87%] Generating index.html.hpp
[ 87%] Built target llama-quantize
[ 87%] Building CXX object examples/save-load-state/CMakeFiles/llama-save-load-state.dir/save-load-state.cpp.o
[ 88%] Linking CXX executable ../../bin/llama-save-load-state
[ 88%] Built target llama-perplexity
[ 89%] Building CXX object examples/speculative/CMakeFiles/llama-speculative.dir/speculative.cpp.o
[ 89%] Linking CXX executable ../../bin/llama-speculative
[ 89%] Built target llama-retrieval
[ 90%] Building CXX object examples/speculative-simple/CMakeFiles/llama-speculative-simple.dir/speculative-simple.cpp.o
[ 90%] Linking CXX executable ../../bin/llama-speculative-simple
[ 90%] Built target llama-save-load-state
[ 91%] Building CXX object examples/tokenize/CMakeFiles/llama-tokenize.dir/tokenize.cpp.o
[ 92%] Linking CXX executable ../../bin/llama-tokenize
[ 92%] Built target llama-speculative
[ 93%] Building CXX object examples/server/CMakeFiles/llama-server.dir/server.cpp.o
[ 94%] Building CXX object examples/convert-llama2c-to-ggml/CMakeFiles/llama-convert-llama2c-to-ggml.dir/convert-llama2c-to-ggml.cpp.o
[ 94%] Linking CXX executable ../../bin/llama-convert-llama2c-to-ggml
[ 94%] Built target llama-tokenize
[ 95%] Building CXX object examples/cvector-generator/CMakeFiles/llama-cvector-generator.dir/cvector-generator.cpp.o
[ 95%] Built target llama-speculative-simple
[ 95%] Linking CXX executable ../../bin/llama-cvector-generator
[ 95%] Building CXX object examples/export-lora/CMakeFiles/llama-export-lora.dir/export-lora.cpp.o
[ 96%] Linking CXX executable ../../bin/llama-export-lora
[ 96%] Built target llama-convert-llama2c-to-ggml
[ 97%] Building CXX object examples/llava/CMakeFiles/llama-llava-cli.dir/llava-cli.cpp.o
[ 97%] Linking CXX executable ../../bin/llama-llava-cli
[ 97%] Built target llama-cvector-generator
[ 97%] Building CXX object examples/llava/CMakeFiles/llama-minicpmv-cli.dir/minicpmv-cli.cpp.o
[ 97%] Built target llama-export-lora
[ 98%] Linking CXX executable ../../bin/llama-minicpmv-cli
[ 98%] Building CXX object pocs/vdot/CMakeFiles/llama-vdot.dir/vdot.cpp.o
[ 99%] Linking CXX executable ../../bin/llama-vdot
[ 99%] Built target llama-vdot
[100%] Building CXX object pocs/vdot/CMakeFiles/llama-q8dot.dir/q8dot.cpp.o
[100%] Built target llama-llava-cli
[100%] Linking CXX executable ../../bin/llama-q8dot
[100%] Built target llama-q8dot
[100%] Built target llama-minicpmv-cli
[100%] Linking CXX executable ../../bin/llama-server
[100%] Built target llama-server

real	1m10.525s
user	2m32.118s
sys	0m30.782s
+ ctest --output-on-failure -L main -E test-opt
Test project /home/ggml/work/llama.cpp/build-ci-debug
      Start  1: test-tokenizer-0-bert-bge
 1/27 Test  #1: test-tokenizer-0-bert-bge .........   Passed    0.38 sec
      Start  2: test-tokenizer-0-command-r
 2/27 Test  #2: test-tokenizer-0-command-r ........   Passed    4.28 sec
      Start  3: test-tokenizer-0-deepseek-coder
 3/27 Test  #3: test-tokenizer-0-deepseek-coder ...   Passed    0.75 sec
      Start  4: test-tokenizer-0-deepseek-llm
 4/27 Test  #4: test-tokenizer-0-deepseek-llm .....   Passed    1.69 sec
      Start  5: test-tokenizer-0-falcon
 5/27 Test  #5: test-tokenizer-0-falcon ...........   Passed    1.13 sec
      Start  6: test-tokenizer-0-gpt-2
 6/27 Test  #6: test-tokenizer-0-gpt-2 ............   Passed    0.88 sec
      Start  7: test-tokenizer-0-llama-bpe
 7/27 Test  #7: test-tokenizer-0-llama-bpe ........   Passed    3.11 sec
      Start  8: test-tokenizer-0-llama-spm
 8/27 Test  #8: test-tokenizer-0-llama-spm ........   Passed    0.35 sec
      Start  9: test-tokenizer-0-mpt
 9/27 Test  #9: test-tokenizer-0-mpt ..............   Passed    0.91 sec
      Start 10: test-tokenizer-0-phi-3
10/27 Test #10: test-tokenizer-0-phi-3 ............   Passed    0.36 sec
      Start 11: test-tokenizer-0-qwen2
11/27 Test #11: test-tokenizer-0-qwen2 ............   Passed    2.65 sec
      Start 12: test-tokenizer-0-refact
12/27 Test #12: test-tokenizer-0-refact ...........   Passed    0.89 sec
      Start 13: test-tokenizer-0-starcoder
13/27 Test #13: test-tokenizer-0-starcoder ........   Passed    0.89 sec
      Start 14: test-tokenizer-1-llama-spm
14/27 Test #14: test-tokenizer-1-llama-spm ........   Passed    2.99 sec
      Start 15: test-log
15/27 Test #15: test-log ..........................   Passed    0.02 sec
      Start 16: test-arg-parser
16/27 Test #16: test-arg-parser ...................   Passed    0.27 sec
      Start 17: test-sampling
17/27 Test #17: test-sampling .....................   Passed    6.95 sec
      Start 18: test-chat-template
18/27 Test #18: test-chat-template ................   Passed    0.01 sec
      Start 19: test-grammar-parser
19/27 Test #19: test-grammar-parser ...............   Passed    0.01 sec
      Start 20: test-grammar-integration
20/27 Test #20: test-grammar-integration ..........   Passed    0.05 sec
      Start 21: test-llama-grammar
21/27 Test #21: test-llama-grammar ................   Passed    0.01 sec
      Start 22: test-backend-ops
22/27 Test #22: test-backend-ops ..................   Passed   46.72 sec
      Start 25: test-barrier
23/27 Test #25: test-barrier ......................   Passed    2.06 sec
      Start 26: test-quantize-fns
24/27 Test #26: test-quantize-fns .................   Passed   29.50 sec
      Start 27: test-quantize-perf
25/27 Test #27: test-quantize-perf ................   Passed    0.27 sec
      Start 28: test-rope
26/27 Test #28: test-rope .........................   Passed    0.05 sec
      Start 29: test-json-schema-to-grammar
27/27 Test #29: test-json-schema-to-grammar .......   Passed    2.64 sec

100% tests passed, 0 tests failed out of 27

Label Time Summary:
main    = 109.83 sec*proc (27 tests)

Total Test time (real) = 109.84 sec

real	1m49.850s
user	3m14.279s
sys	0m5.255s
