+ ctest --output-on-failure
Test project /home/ggml/work/ggml/build-ci-release
      Start  1: test-grad0
 1/15 Test  #1: test-grad0 .......................   Passed    2.12 sec
      Start  2: test-opt
 2/15 Test  #2: test-opt .........................   Passed    1.40 sec
      Start  3: test-quantize-fns
 3/15 Test  #3: test-quantize-fns ................   Passed    0.00 sec
      Start  4: test-quantize-perf
 4/15 Test  #4: test-quantize-perf ...............   Passed    0.01 sec
      Start  5: test-mul-mat0
 5/15 Test  #5: test-mul-mat0 ....................   Passed    0.53 sec
      Start  6: test-mul-mat2
 6/15 Test  #6: test-mul-mat2 ....................   Passed    2.81 sec
      Start  7: test0
 7/15 Test  #7: test0 ............................   Passed    0.00 sec
      Start  8: test1
 8/15 Test  #8: test1 ............................   Passed    0.00 sec
      Start  9: test2
 9/15 Test  #9: test2 ............................   Passed    0.03 sec
      Start 10: test3
10/15 Test #10: test3 ............................   Passed    0.02 sec
      Start 11: test-pool
11/15 Test #11: test-pool ........................   Passed    0.00 sec
      Start 12: test-conv-transpose
12/15 Test #12: test-conv-transpose ..............   Passed    0.00 sec
      Start 13: test-rel-pos
13/15 Test #13: test-rel-pos .....................   Passed    0.00 sec
      Start 14: test-customop
14/15 Test #14: test-customop ....................   Passed    0.00 sec
      Start 15: test-xpos
15/15 Test #15: test-xpos ........................   Passed    0.00 sec

100% tests passed, 0 tests failed out of 15

Total Test time (real) =   6.95 sec

real	0m6.955s
user	0m6.647s
sys	0m2.688s
