mkdir: cannot create directory ‘/mnt/llama.cpp’: Permission denied
+ gg_run_ctest_debug
+ tee /home/ggml/results/llama.cpp/ab/9a3240a9da941fdef5cd4a25f2b97c2f5a67aa/ggml-1-arm64-cpu-low-perf/ctest_debug.log
+ cd /home/ggml/work/llama.cpp
+ rm -rf build-ci-debug
+ mkdir build-ci-debug
+ cd build-ci-debug
+ set -e
+ tee -a /home/ggml/results/llama.cpp/ab/9a3240a9da941fdef5cd4a25f2b97c2f5a67aa/ggml-1-arm64-cpu-low-perf/ctest_debug-cmake.log
+ cmake -DCMAKE_BUILD_TYPE=Debug -DLLAMA_FATAL_WARNINGS=ON ..
-- The C compiler identification is GNU 11.4.0
-- The CXX compiler identification is GNU 11.4.0
-- Detecting C compiler ABI info
-- Detecting C compiler ABI info - done
-- Check for working C compiler: /usr/bin/cc - skipped
-- Detecting C compile features
-- Detecting C compile features - done
-- Detecting CXX compiler ABI info
-- Detecting CXX compiler ABI info - done
-- Check for working CXX compiler: /usr/bin/c++ - skipped
-- Detecting CXX compile features
-- Detecting CXX compile features - done
-- Found Git: /usr/bin/git (found version "2.34.1") 
-- Looking for pthread.h
-- Looking for pthread.h - found
-- Performing Test CMAKE_HAVE_LIBC_PTHREAD
-- Performing Test CMAKE_HAVE_LIBC_PTHREAD - Success
-- Found Threads: TRUE  
-- ccache found, compilation results will be cached. Disable with LLAMA_CCACHE=OFF.
-- CMAKE_SYSTEM_PROCESSOR: aarch64
-- ARM detected
-- Performing Test COMPILER_SUPPORTS_FP16_FORMAT_I3E
-- Performing Test COMPILER_SUPPORTS_FP16_FORMAT_I3E - Failed
-- Configuring done
-- Generating done
-- Build files have been written to: /home/ggml/work/llama.cpp/build-ci-debug

real	0m0.813s
user	0m0.509s
sys	0m0.308s
+ tee -a /home/ggml/results/llama.cpp/ab/9a3240a9da941fdef5cd4a25f2b97c2f5a67aa/ggml-1-arm64-cpu-low-perf/ctest_debug-make.log
+ make -j
[  1%] Generating build details from Git
[  2%] Building C object CMakeFiles/ggml.dir/ggml.c.o
[  2%] Building C object CMakeFiles/ggml.dir/ggml-alloc.c.o
[  3%] Building C object CMakeFiles/ggml.dir/ggml-quants.c.o
[  5%] Building CXX object common/CMakeFiles/json-schema-to-grammar.dir/json-schema-to-grammar.cpp.o
[  5%] Building C object CMakeFiles/ggml.dir/ggml-backend.c.o
-- Found Git: /usr/bin/git (found version "2.34.1") 
[  5%] Built target ggml
[  5%] Linking C static library libggml_static.a
[  6%] Building CXX object examples/gguf/CMakeFiles/gguf.dir/gguf.cpp.o
[  6%] Building CXX object CMakeFiles/llama.dir/llama.cpp.o
[  6%] Building CXX object common/CMakeFiles/build_info.dir/build-info.cpp.o
[  6%] Building CXX object CMakeFiles/llama.dir/unicode-data.cpp.o
[  7%] Building CXX object CMakeFiles/llama.dir/unicode.cpp.o
[  7%] Linking CXX executable ../../bin/gguf
[  8%] Linking CXX static library libllama.a
[  8%] Built target ggml_static
[  8%] Built target build_info
[  8%] Built target gguf
[  8%] Built target llama
[  9%] Building CXX object common/CMakeFiles/common.dir/common.cpp.o
[ 10%] Building CXX object common/CMakeFiles/common.dir/sampling.cpp.o
[ 11%] Building CXX object examples/benchmark/CMakeFiles/benchmark.dir/benchmark-matmult.cpp.o
[ 11%] Building CXX object common/CMakeFiles/common.dir/console.cpp.o
[ 12%] Building CXX object examples/quantize/CMakeFiles/quantize.dir/quantize.cpp.o
[ 13%] Building CXX object common/CMakeFiles/common.dir/grammar-parser.cpp.o
[ 13%] Building CXX object examples/llava/CMakeFiles/llava.dir/clip.cpp.o
[ 13%] Building CXX object examples/quantize-stats/CMakeFiles/quantize-stats.dir/quantize-stats.cpp.o
[ 14%] Building CXX object examples/llava/CMakeFiles/llava.dir/llava.cpp.o
[ 15%] Building C object tests/CMakeFiles/test-c.dir/test-c.c.o
[ 15%] Building CXX object common/CMakeFiles/common.dir/train.cpp.o
[ 16%] Linking CXX executable ../../bin/quantize
[ 17%] Building CXX object common/CMakeFiles/common.dir/ngram-cache.cpp.o
[ 17%] Linking CXX executable ../../bin/benchmark
[ 17%] Linking CXX executable ../bin/test-c
[ 17%] Built target llava
[ 18%] Linking CXX executable ../../bin/quantize-stats
[ 19%] Linking CXX static library libllava_static.a
[ 19%] Linking CXX static library libcommon.a
[ 19%] Built target test-c
[ 19%] Built target benchmark
[ 19%] Built target llava_static
[ 19%] Built target common
[ 19%] Building CXX object examples/baby-llama/CMakeFiles/baby-llama.dir/baby-llama.cpp.o
[ 20%] Building CXX object examples/beam-search/CMakeFiles/beam-search.dir/beam-search.cpp.o
[ 20%] Building CXX object examples/batched-bench/CMakeFiles/batched-bench.dir/batched-bench.cpp.o
[ 20%] Building CXX object examples/batched/CMakeFiles/batched.dir/batched.cpp.o
[ 20%] Built target quantize
[ 20%] Building CXX object examples/embedding/CMakeFiles/embedding.dir/embedding.cpp.o
[ 20%] Building CXX object examples/eval-callback/CMakeFiles/eval-callback.dir/eval-callback.cpp.o
[ 21%] Building CXX object examples/finetune/CMakeFiles/finetune.dir/finetune.cpp.o
[ 22%] Linking CXX executable ../../bin/baby-llama
[ 23%] Building CXX object examples/convert-llama2c-to-ggml/CMakeFiles/convert-llama2c-to-ggml.dir/convert-llama2c-to-ggml.cpp.o
[ 23%] Linking CXX executable ../../bin/beam-search
[ 24%] Linking CXX executable ../../bin/batched-bench
[ 25%] Linking CXX executable ../../bin/batched
[ 26%] Building CXX object examples/gritlm/CMakeFiles/gritlm.dir/gritlm.cpp.o
[ 26%] Building CXX object examples/infill/CMakeFiles/infill.dir/infill.cpp.o
[ 27%] Linking CXX executable ../../bin/embedding
[ 27%] Building CXX object examples/main/CMakeFiles/main.dir/main.cpp.o
[ 28%] Linking CXX executable ../../bin/eval-callback
[ 29%] Building CXX object examples/gguf-split/CMakeFiles/gguf-split.dir/gguf-split.cpp.o
[ 29%] Linking CXX executable ../../bin/finetune
[ 30%] Building CXX object examples/perplexity/CMakeFiles/perplexity.dir/perplexity.cpp.o
[ 30%] Building CXX object examples/llama-bench/CMakeFiles/llama-bench.dir/llama-bench.cpp.o
[ 31%] Building CXX object examples/passkey/CMakeFiles/passkey.dir/passkey.cpp.o
[ 31%] Building CXX object examples/parallel/CMakeFiles/parallel.dir/parallel.cpp.o
[ 32%] Building CXX object examples/llava/CMakeFiles/llava-cli.dir/llava-cli.cpp.o
[ 33%] Linking CXX executable ../../bin/convert-llama2c-to-ggml
[ 30%] Building CXX object examples/save-load-state/CMakeFiles/save-load-state.dir/save-load-state.cpp.o
[ 33%] Building CXX object examples/retrieval/CMakeFiles/retrieval.dir/retrieval.cpp.o
[ 34%] Linking CXX executable ../../bin/gritlm
[ 35%] Building CXX object examples/simple/CMakeFiles/simple.dir/simple.cpp.o
[ 36%] Linking CXX executable ../../bin/infill
[ 38%] Building CXX object examples/speculative/CMakeFiles/speculative.dir/speculative.cpp.o
[ 37%] Building CXX object examples/tokenize/CMakeFiles/tokenize.dir/tokenize.cpp.o
[ 39%] Linking CXX executable ../../bin/main
[ 39%] Linking CXX executable ../../bin/perplexity
[ 39%] Building CXX object examples/lookahead/CMakeFiles/lookahead.dir/lookahead.cpp.o
[ 40%] Building CXX object examples/lookup/CMakeFiles/lookup.dir/lookup.cpp.o
[ 41%] Linking CXX executable ../../bin/parallel
[ 41%] Linking CXX executable ../../bin/passkey
[ 41%] Linking CXX executable ../../bin/llava-cli
[ 41%] Linking CXX executable ../../bin/gguf-split
[ 41%] Building CXX object examples/imatrix/CMakeFiles/imatrix.dir/imatrix.cpp.o
[ 42%] Building CXX object examples/lookup/CMakeFiles/lookup-merge.dir/lookup-merge.cpp.o
[ 43%] Linking CXX executable ../../bin/retrieval
[ 46%] Building CXX object examples/lookup/CMakeFiles/lookup-create.dir/lookup-create.cpp.o
[ 47%] Linking CXX executable ../../bin/llama-bench
[ 48%] Building CXX object pocs/vdot/CMakeFiles/vdot.dir/vdot.cpp.o
[ 48%] Linking CXX executable ../../bin/simple
[ 49%] Linking CXX executable ../../bin/save-load-state
[ 45%] Building CXX object examples/train-text-from-scratch/CMakeFiles/train-text-from-scratch.dir/train-text-from-scratch.cpp.o
[ 44%] Building CXX object examples/lookup/CMakeFiles/lookup-stats.dir/lookup-stats.cpp.o
[ 49%] Linking CXX executable ../../bin/lookup-create
[ 50%] Linking CXX executable ../../bin/speculative
[ 50%] Linking CXX executable ../../bin/tokenize
[ 51%] Linking CXX executable ../../bin/lookahead
[ 52%] Linking CXX executable ../../bin/imatrix
[ 53%] Building CXX object examples/export-lora/CMakeFiles/export-lora.dir/export-lora.cpp.o
[ 54%] Building CXX object pocs/vdot/CMakeFiles/q8dot.dir/q8dot.cpp.o
[ 55%] Linking CXX executable ../../bin/lookup
[ 55%] Linking CXX executable ../../bin/lookup-merge
[ 55%] Linking CXX executable ../../bin/vdot
[ 55%] Built target quantize-stats
[ 56%] Linking CXX executable ../../bin/lookup-stats
[ 56%] Linking CXX executable ../../bin/train-text-from-scratch
[ 56%] Linking CXX executable ../../bin/export-lora
[ 56%] Built target convert-llama2c-to-ggml
[ 56%] Linking CXX executable ../../bin/q8dot
[ 56%] Built target vdot
[ 56%] Built target lookup-merge
[ 56%] Built target export-lora
[ 56%] Built target q8dot
[ 56%] Built target gguf-split
[ 56%] Built target batched-bench
[ 56%] Built target baby-llama
[ 56%] Built target save-load-state
[ 56%] Built target beam-search
[ 56%] Built target batched
[ 56%] Built target embedding
[ 56%] Built target eval-callback
[ 56%] Built target gritlm
[ 56%] Built target tokenize
[ 56%] Built target finetune
[ 56%] Built target passkey
[ 56%] Built target retrieval
[ 56%] Built target simple
[ 56%] Built target perplexity
[ 56%] Built target lookup-create
[ 56%] Built target parallel
[ 56%] Built target train-text-from-scratch
[ 56%] Built target main
[ 56%] Built target lookup-stats
[ 56%] Built target imatrix
[ 56%] Built target infill
[ 56%] Built target llama-bench
[ 56%] Built target lookahead
[ 56%] Built target speculative
[ 56%] Built target lookup
[ 56%] Built target llava-cli
[ 56%] Built target json-schema-to-grammar
[ 57%] Building CXX object tests/CMakeFiles/test-quantize-perf.dir/get-model.cpp.o
[ 57%] Building CXX object tests/CMakeFiles/test-quantize-perf.dir/test-quantize-perf.cpp.o
[ 58%] Building CXX object tests/CMakeFiles/test-quantize-fns.dir/test-quantize-fns.cpp.o
[ 58%] Building CXX object tests/CMakeFiles/test-quantize-fns.dir/get-model.cpp.o
[ 59%] Building CXX object tests/CMakeFiles/test-tokenizer-0-falcon.dir/test-tokenizer-0-falcon.cpp.o
[ 60%] Building CXX object tests/CMakeFiles/test-tokenizer-0-llama.dir/test-tokenizer-0-llama.cpp.o
[ 62%] Building CXX object tests/CMakeFiles/test-chat-template.dir/test-chat-template.cpp.o
[ 63%] Building CXX object tests/CMakeFiles/test-tokenizer-1-baichuan.dir/test-tokenizer-1-llama.cpp.o
[ 64%] Building CXX object tests/CMakeFiles/test-sampling.dir/get-model.cpp.o
[ 61%] Building CXX object tests/CMakeFiles/test-sampling.dir/test-sampling.cpp.o
[ 64%] Building CXX object tests/CMakeFiles/test-tokenizer-0-falcon.dir/get-model.cpp.o
[ 65%] Building CXX object tests/CMakeFiles/test-tokenizer-1-baichuan.dir/get-model.cpp.o
[ 65%] Building CXX object tests/CMakeFiles/test-chat-template.dir/get-model.cpp.o
[ 65%] Building CXX object tests/CMakeFiles/test-tokenizer-0-llama.dir/get-model.cpp.o
[ 66%] Building CXX object tests/CMakeFiles/test-tokenizer-1-llama.dir/test-tokenizer-1-llama.cpp.o
[ 67%] Building CXX object tests/CMakeFiles/test-tokenizer-1-llama.dir/get-model.cpp.o
[ 68%] Linking CXX executable ../bin/test-quantize-fns
[ 69%] Linking CXX executable ../bin/test-quantize-perf
[ 67%] Building CXX object tests/CMakeFiles/test-tokenizer-1-aquila.dir/test-tokenizer-1-bpe.cpp.o
[ 70%] Building CXX object tests/CMakeFiles/test-tokenizer-1-aquila.dir/get-model.cpp.o
[ 71%] Linking CXX executable ../bin/test-chat-template
[ 71%] Linking CXX executable ../bin/test-sampling
[ 72%] Linking CXX executable ../bin/test-tokenizer-0-llama
[ 72%] Building CXX object tests/CMakeFiles/test-tokenizer-1-falcon.dir/get-model.cpp.o
[ 73%] Building CXX object tests/CMakeFiles/test-tokenizer-1-falcon.dir/test-tokenizer-1-bpe.cpp.o
[ 73%] Building CXX object tests/CMakeFiles/test-tokenizer-1-mpt.dir/get-model.cpp.o
[ 74%] Linking CXX executable ../bin/test-tokenizer-0-falcon
[ 75%] Building CXX object tests/CMakeFiles/test-tokenizer-1-mpt.dir/test-tokenizer-1-bpe.cpp.o
[ 75%] Building CXX object tests/CMakeFiles/test-tokenizer-1-stablelm-3b-4e1t.dir/test-tokenizer-1-bpe.cpp.o
[ 76%] Building CXX object tests/CMakeFiles/test-tokenizer-1-stablelm-3b-4e1t.dir/get-model.cpp.o
[ 75%] Linking CXX executable ../bin/test-tokenizer-1-baichuan
[ 76%] Building CXX object tests/CMakeFiles/test-tokenizer-1-refact.dir/test-tokenizer-1-bpe.cpp.o
[ 77%] Building CXX object tests/CMakeFiles/test-tokenizer-1-gpt-neox.dir/test-tokenizer-1-bpe.cpp.o
[ 77%] Linking CXX executable ../bin/test-tokenizer-1-llama
[ 77%] Building CXX object tests/CMakeFiles/test-tokenizer-1-gpt-neox.dir/get-model.cpp.o
[ 79%] Building CXX object tests/CMakeFiles/test-tokenizer-1-starcoder.dir/test-tokenizer-1-bpe.cpp.o
[ 79%] Linking CXX executable ../bin/test-tokenizer-1-aquila
[ 78%] Building CXX object tests/CMakeFiles/test-tokenizer-1-refact.dir/get-model.cpp.o
[ 81%] Building CXX object tests/CMakeFiles/test-tokenizer-1-starcoder.dir/get-model.cpp.o
[ 80%] Building CXX object tests/CMakeFiles/test-grammar-parser.dir/test-grammar-parser.cpp.o
[ 81%] Building CXX object tests/CMakeFiles/test-grammar-parser.dir/get-model.cpp.o
[ 81%] Building CXX object tests/CMakeFiles/test-tokenizer-1-gpt2.dir/test-tokenizer-1-bpe.cpp.o
[ 82%] Building CXX object tests/CMakeFiles/test-tokenizer-1-gpt2.dir/get-model.cpp.o
[ 82%] Building CXX object tests/CMakeFiles/test-llama-grammar.dir/test-llama-grammar.cpp.o
[ 83%] Linking CXX executable ../bin/test-tokenizer-1-falcon
[ 84%] Building CXX object tests/CMakeFiles/test-grad0.dir/get-model.cpp.o
[ 84%] Building CXX object tests/CMakeFiles/test-grammar-integration.dir/test-grammar-integration.cpp.o
[ 85%] Building CXX object tests/CMakeFiles/test-llama-grammar.dir/get-model.cpp.o
[ 86%] Linking CXX executable ../bin/test-tokenizer-1-mpt
[ 87%] Building CXX object tests/CMakeFiles/test-backend-ops.dir/test-backend-ops.cpp.o
[ 88%] Linking CXX executable ../bin/test-tokenizer-1-gpt-neox
[ 88%] Linking CXX executable ../bin/test-tokenizer-1-stablelm-3b-4e1t
[ 88%] Building CXX object tests/CMakeFiles/test-rope.dir/test-rope.cpp.o
[ 88%] Building CXX object tests/CMakeFiles/test-grad0.dir/test-grad0.cpp.o
[ 89%] Building CXX object tests/CMakeFiles/test-grammar-integration.dir/get-model.cpp.o
[ 90%] Linking CXX executable ../bin/test-tokenizer-1-refact
[ 90%] Linking CXX executable ../bin/test-tokenizer-1-gpt2
[ 91%] Building CXX object tests/CMakeFiles/test-rope.dir/get-model.cpp.o
[ 91%] Building CXX object tests/CMakeFiles/test-backend-ops.dir/get-model.cpp.o
[ 91%] Building CXX object tests/CMakeFiles/test-autorelease.dir/test-autorelease.cpp.o
[ 91%] Building CXX object tests/CMakeFiles/test-model-load-cancel.dir/test-model-load-cancel.cpp.o
[ 92%] Building CXX object tests/CMakeFiles/test-json-schema-to-grammar.dir/test-json-schema-to-grammar.cpp.o
[ 93%] Building CXX object tests/CMakeFiles/test-model-load-cancel.dir/get-model.cpp.o
[ 94%] Building CXX object tests/CMakeFiles/test-autorelease.dir/get-model.cpp.o
[ 91%] Linking CXX executable ../bin/test-grammar-parser
[ 95%] Building CXX object tests/CMakeFiles/test-json-schema-to-grammar.dir/get-model.cpp.o
[ 95%] Linking CXX executable ../bin/test-tokenizer-1-starcoder
[ 96%] Building CXX object examples/server/CMakeFiles/server.dir/server.cpp.o
[ 96%] Linking CXX executable ../bin/test-grammar-integration
[ 97%] Linking CXX executable ../bin/test-grad0
[ 97%] Linking CXX executable ../bin/test-rope
[ 97%] Linking CXX executable ../bin/test-model-load-cancel
[ 98%] Linking CXX executable ../bin/test-backend-ops
[ 98%] Linking CXX executable ../bin/test-autorelease
[ 99%] Linking CXX executable ../bin/test-llama-grammar
[ 99%] Built target test-quantize-fns
[ 99%] Built target test-quantize-perf
[ 99%] Built target test-grad0
[ 99%] Built target test-grammar-parser
[ 99%] Built target test-rope
[ 99%] Built target test-backend-ops
[ 99%] Built target test-sampling
[ 99%] Built target test-chat-template
[ 99%] Built target test-model-load-cancel
[ 99%] Built target test-llama-grammar
[ 99%] Built target test-autorelease
[ 99%] Built target test-grammar-integration
[ 99%] Built target test-tokenizer-1-stablelm-3b-4e1t
[ 99%] Built target test-tokenizer-0-llama
[ 99%] Built target test-tokenizer-1-aquila
[ 99%] Built target test-tokenizer-1-mpt
[ 99%] Built target test-tokenizer-1-refact
[ 99%] Built target test-tokenizer-0-falcon
[ 99%] Built target test-tokenizer-1-baichuan
[ 99%] Built target test-tokenizer-1-llama
[ 99%] Built target test-tokenizer-1-gpt-neox
[ 99%] Built target test-tokenizer-1-gpt2
[ 99%] Built target test-tokenizer-1-falcon
[ 99%] Built target test-tokenizer-1-starcoder
[100%] Linking CXX executable ../bin/test-json-schema-to-grammar
[100%] Built target test-json-schema-to-grammar
[100%] Linking CXX executable ../../bin/server
[100%] Built target server

real	0m34.329s
user	1m2.393s
sys	0m10.433s
+ tee -a /home/ggml/results/llama.cpp/ab/9a3240a9da941fdef5cd4a25f2b97c2f5a67aa/ggml-1-arm64-cpu-low-perf/ctest_debug-ctest.log
+ ctest --output-on-failure -L main -E test-opt
Test project /home/ggml/work/llama.cpp/build-ci-debug
      Start  1: test-quantize-fns
 1/23 Test  #1: test-quantize-fns ...................   Passed   34.84 sec
      Start  2: test-quantize-perf
 2/23 Test  #2: test-quantize-perf ..................   Passed   10.51 sec
      Start  3: test-sampling
 3/23 Test  #3: test-sampling .......................   Passed    0.04 sec
      Start  4: test-chat-template
 4/23 Test  #4: test-chat-template ..................   Passed    0.01 sec
      Start  5: test-tokenizer-0-llama
 5/23 Test  #5: test-tokenizer-0-llama ..............   Passed    0.18 sec
      Start  6: test-tokenizer-0-falcon
 6/23 Test  #6: test-tokenizer-0-falcon .............   Passed    1.07 sec
      Start  7: test-tokenizer-1-llama
 7/23 Test  #7: test-tokenizer-1-llama ..............   Passed    4.75 sec
      Start  8: test-tokenizer-1-baichuan
 8/23 Test  #8: test-tokenizer-1-baichuan ...........   Passed    5.09 sec
      Start  9: test-tokenizer-1-falcon
 9/23 Test  #9: test-tokenizer-1-falcon .............   Passed    7.42 sec
      Start 10: test-tokenizer-1-aquila
10/23 Test #10: test-tokenizer-1-aquila .............   Passed   10.47 sec
      Start 11: test-tokenizer-1-mpt
11/23 Test #11: test-tokenizer-1-mpt ................   Passed    6.27 sec
      Start 12: test-tokenizer-1-stablelm-3b-4e1t
12/23 Test #12: test-tokenizer-1-stablelm-3b-4e1t ...   Passed    6.35 sec
      Start 13: test-tokenizer-1-gpt-neox
13/23 Test #13: test-tokenizer-1-gpt-neox ...........   Passed    6.21 sec
      Start 14: test-tokenizer-1-refact
14/23 Test #14: test-tokenizer-1-refact .............   Passed    6.00 sec
      Start 15: test-tokenizer-1-starcoder
15/23 Test #15: test-tokenizer-1-starcoder ..........   Passed    5.98 sec
      Start 16: test-tokenizer-1-gpt2
16/23 Test #16: test-tokenizer-1-gpt2 ...............   Passed    6.28 sec
      Start 17: test-grammar-parser
17/23 Test #17: test-grammar-parser .................   Passed    0.00 sec
      Start 18: test-llama-grammar
18/23 Test #18: test-llama-grammar ..................   Passed    0.01 sec
      Start 19: test-grammar-integration
19/23 Test #19: test-grammar-integration ............   Passed    0.01 sec
      Start 20: test-grad0
20/23 Test #20: test-grad0 ..........................   Passed    3.79 sec
      Start 21: test-backend-ops
21/23 Test #21: test-backend-ops ....................   Passed    0.00 sec
      Start 22: test-rope
22/23 Test #22: test-rope ...........................   Passed    0.08 sec
      Start 25: test-json-schema-to-grammar
23/23 Test #25: test-json-schema-to-grammar .........   Passed    0.04 sec

100% tests passed, 0 tests failed out of 23

Label Time Summary:
main    = 115.41 sec*proc (23 tests)

Total Test time (real) = 115.43 sec

real	1m55.440s
user	3m11.041s
sys	0m3.751s
+ set +e
+ cur=0
+ echo 0
+ set +x
+ gg_run_ctest_release
+ tee /home/ggml/results/llama.cpp/ab/9a3240a9da941fdef5cd4a25f2b97c2f5a67aa/ggml-1-arm64-cpu-low-perf/ctest_release.log
+ cd /home/ggml/work/llama.cpp
+ rm -rf build-ci-release
+ mkdir build-ci-release
+ cd build-ci-release
+ set -e
+ tee -a /home/ggml/results/llama.cpp/ab/9a3240a9da941fdef5cd4a25f2b97c2f5a67aa/ggml-1-arm64-cpu-low-perf/ctest_release-cmake.log
+ cmake -DCMAKE_BUILD_TYPE=Release -DLLAMA_FATAL_WARNINGS=ON ..
-- The C compiler identification is GNU 11.4.0
-- The CXX compiler identification is GNU 11.4.0
-- Detecting C compiler ABI info
-- Detecting C compiler ABI info - done
-- Check for working C compiler: /usr/bin/cc - skipped
-- Detecting C compile features
-- Detecting C compile features - done
-- Detecting CXX compiler ABI info
-- Detecting CXX compiler ABI info - done
-- Check for working CXX compiler: /usr/bin/c++ - skipped
-- Detecting CXX compile features
-- Detecting CXX compile features - done
-- Found Git: /usr/bin/git (found version "2.34.1") 
-- Looking for pthread.h
-- Looking for pthread.h - found
-- Performing Test CMAKE_HAVE_LIBC_PTHREAD
-- Performing Test CMAKE_HAVE_LIBC_PTHREAD - Success
-- Found Threads: TRUE  
-- ccache found, compilation results will be cached. Disable with LLAMA_CCACHE=OFF.
-- CMAKE_SYSTEM_PROCESSOR: aarch64
-- ARM detected
-- Performing Test COMPILER_SUPPORTS_FP16_FORMAT_I3E
-- Performing Test COMPILER_SUPPORTS_FP16_FORMAT_I3E - Failed
-- Configuring done
-- Generating done
-- Build files have been written to: /home/ggml/work/llama.cpp/build-ci-release

real	0m0.804s
user	0m0.503s
sys	0m0.303s
+ tee -a /home/ggml/results/llama.cpp/ab/9a3240a9da941fdef5cd4a25f2b97c2f5a67aa/ggml-1-arm64-cpu-low-perf/ctest_release-make.log
+ make -j
[  1%] Building CXX object common/CMakeFiles/json-schema-to-grammar.dir/json-schema-to-grammar.cpp.o
[  1%] Building CXX object common/CMakeFiles/build_info.dir/build-info.cpp.o
[  2%] Building C object CMakeFiles/ggml.dir/ggml.c.o
[  1%] Building C object CMakeFiles/ggml.dir/ggml-alloc.c.o
[  3%] Building C object CMakeFiles/ggml.dir/ggml-backend.c.o
[  4%] Building C object CMakeFiles/ggml.dir/ggml-quants.c.o
[  4%] Built target ggml
[  5%] Built target build_info
[  5%] Building CXX object CMakeFiles/llama.dir/llama.cpp.o
[  5%] Building CXX object CMakeFiles/llama.dir/unicode-data.cpp.o
[  5%] Linking C static library libggml_static.a
[  6%] Building CXX object CMakeFiles/llama.dir/unicode.cpp.o
[  7%] Building CXX object examples/gguf/CMakeFiles/gguf.dir/gguf.cpp.o
[  7%] Linking CXX executable ../../bin/gguf
[  8%] Linking CXX static library libllama.a
[  8%] Built target ggml_static
[  8%] Built target llama
[  9%] Building CXX object examples/benchmark/CMakeFiles/benchmark.dir/benchmark-matmult.cpp.o
[  9%] Built target gguf
[ 10%] Building C object tests/CMakeFiles/test-c.dir/test-c.c.o
[ 10%] Building CXX object examples/quantize-stats/CMakeFiles/quantize-stats.dir/quantize-stats.cpp.o
[ 11%] Building CXX object common/CMakeFiles/common.dir/common.cpp.o
[ 12%] Building CXX object examples/llava/CMakeFiles/llava.dir/llava.cpp.o
[ 14%] Building CXX object common/CMakeFiles/common.dir/grammar-parser.cpp.o
[ 14%] Building CXX object common/CMakeFiles/common.dir/sampling.cpp.o
[ 14%] Building CXX object common/CMakeFiles/common.dir/console.cpp.o
[ 14%] Building CXX object examples/llava/CMakeFiles/llava.dir/clip.cpp.o
[ 15%] Building CXX object examples/quantize/CMakeFiles/quantize.dir/quantize.cpp.o
[ 16%] Building CXX object common/CMakeFiles/common.dir/ngram-cache.cpp.o
[ 16%] Building CXX object common/CMakeFiles/common.dir/train.cpp.o
[ 16%] Linking CXX executable ../bin/test-c
[ 16%] Linking CXX executable ../../bin/benchmark
[ 17%] Linking CXX executable ../../bin/quantize-stats
[ 18%] Linking CXX executable ../../bin/quantize
[ 18%] Built target llava
[ 18%] Linking CXX static library libcommon.a
[ 18%] Built target test-c
[ 19%] Linking CXX static library libllava_static.a
[ 19%] Built target benchmark
[ 19%] Built target common
[ 19%] Built target quantize-stats
[ 19%] Built target quantize
[ 19%] Building CXX object examples/baby-llama/CMakeFiles/baby-llama.dir/baby-llama.cpp.o
[ 19%] Built target llava_static
[ 19%] Building CXX object examples/batched-bench/CMakeFiles/batched-bench.dir/batched-bench.cpp.o
[ 20%] Building CXX object examples/batched/CMakeFiles/batched.dir/batched.cpp.o
[ 20%] Building CXX object examples/beam-search/CMakeFiles/beam-search.dir/beam-search.cpp.o
[ 21%] Linking CXX executable ../../bin/baby-llama
[ 22%] Building CXX object examples/convert-llama2c-to-ggml/CMakeFiles/convert-llama2c-to-ggml.dir/convert-llama2c-to-ggml.cpp.o
[ 22%] Building CXX object examples/eval-callback/CMakeFiles/eval-callback.dir/eval-callback.cpp.o
[ 22%] Building CXX object examples/embedding/CMakeFiles/embedding.dir/embedding.cpp.o
[ 23%] Building CXX object examples/finetune/CMakeFiles/finetune.dir/finetune.cpp.o
[ 24%] Building CXX object examples/gguf-split/CMakeFiles/gguf-split.dir/gguf-split.cpp.o
[ 25%] Building CXX object examples/gritlm/CMakeFiles/gritlm.dir/gritlm.cpp.o
[ 25%] Building CXX object examples/infill/CMakeFiles/infill.dir/infill.cpp.o
[ 25%] Building CXX object examples/llama-bench/CMakeFiles/llama-bench.dir/llama-bench.cpp.o
[ 25%] Linking CXX executable ../../bin/beam-search
[ 26%] Linking CXX executable ../../bin/batched
[ 27%] Linking CXX executable ../../bin/batched-bench
[ 28%] Linking CXX executable ../../bin/convert-llama2c-to-ggml
[ 29%] Linking CXX executable ../../bin/embedding
[ 30%] Building CXX object examples/llava/CMakeFiles/llava-cli.dir/llava-cli.cpp.o
[ 31%] Linking CXX executable ../../bin/eval-callback
[ 31%] Linking CXX executable ../../bin/finetune
[ 31%] Building CXX object examples/main/CMakeFiles/main.dir/main.cpp.o
[ 31%] Linking CXX executable ../../bin/gguf-split
[ 32%] Linking CXX executable ../../bin/infill
[ 33%] Linking CXX executable ../../bin/gritlm
[ 34%] Building CXX object examples/tokenize/CMakeFiles/tokenize.dir/tokenize.cpp.o
[ 35%] Building CXX object examples/perplexity/CMakeFiles/perplexity.dir/perplexity.cpp.o
[ 35%] Building CXX object examples/parallel/CMakeFiles/parallel.dir/parallel.cpp.o
[ 36%] Building CXX object examples/passkey/CMakeFiles/passkey.dir/passkey.cpp.o
[ 37%] Building CXX object examples/simple/CMakeFiles/simple.dir/simple.cpp.o
[ 35%] Building CXX object examples/retrieval/CMakeFiles/retrieval.dir/retrieval.cpp.o
[ 38%] Building CXX object examples/speculative/CMakeFiles/speculative.dir/speculative.cpp.o
[ 38%] Building CXX object examples/save-load-state/CMakeFiles/save-load-state.dir/save-load-state.cpp.o
[ 39%] Linking CXX executable ../../bin/llama-bench
[ 39%] Linking CXX executable ../../bin/llava-cli
[ 39%] Building CXX object examples/lookahead/CMakeFiles/lookahead.dir/lookahead.cpp.o
[ 40%] Building CXX object examples/lookup/CMakeFiles/lookup.dir/lookup.cpp.o
[ 41%] Linking CXX executable ../../bin/parallel
[ 41%] Linking CXX executable ../../bin/tokenize
[ 43%] Building CXX object examples/lookup/CMakeFiles/lookup-stats.dir/lookup-stats.cpp.o
[ 43%] Linking CXX executable ../../bin/passkey
[ 42%] Linking CXX executable ../../bin/main
[ 44%] Linking CXX executable ../../bin/speculative
[ 45%] Building CXX object examples/train-text-from-scratch/CMakeFiles/train-text-from-scratch.dir/train-text-from-scratch.cpp.o
[ 45%] Linking CXX executable ../../bin/perplexity
[ 45%] Linking CXX executable ../../bin/simple
[ 46%] Linking CXX executable ../../bin/retrieval
[ 47%] Building CXX object examples/lookup/CMakeFiles/lookup-create.dir/lookup-create.cpp.o
[ 49%] Building CXX object examples/lookup/CMakeFiles/lookup-merge.dir/lookup-merge.cpp.o
[ 50%] Linking CXX executable ../../bin/save-load-state
[ 50%] Building CXX object examples/imatrix/CMakeFiles/imatrix.dir/imatrix.cpp.o
[ 48%] Building CXX object examples/export-lora/CMakeFiles/export-lora.dir/export-lora.cpp.o
[ 51%] Building CXX object pocs/vdot/CMakeFiles/q8dot.dir/q8dot.cpp.o
[ 52%] Building CXX object pocs/vdot/CMakeFiles/vdot.dir/vdot.cpp.o
[ 53%] Linking CXX executable ../../bin/lookahead
[ 53%] Linking CXX executable ../../bin/lookup
[ 54%] Linking CXX executable ../../bin/lookup-stats
[ 54%] Linking CXX executable ../../bin/train-text-from-scratch
[ 54%] Linking CXX executable ../../bin/lookup-create
[ 54%] Linking CXX executable ../../bin/lookup-merge
[ 55%] Linking CXX executable ../../bin/vdot
[ 55%] Linking CXX executable ../../bin/export-lora
[ 55%] Linking CXX executable ../../bin/q8dot
[ 56%] Linking CXX executable ../../bin/imatrix
[ 56%] Built target convert-llama2c-to-ggml
[ 56%] Built target infill
[ 56%] Built target batched
[ 56%] Built target baby-llama
[ 56%] Built target finetune
[ 56%] Built target embedding
[ 56%] Built target beam-search
[ 56%] Built target batched-bench
[ 56%] Built target gguf-split
[ 56%] Built target parallel
[ 56%] Built target eval-callback
[ 56%] Built target gritlm
[ 56%] Built target export-lora
[ 56%] Built target vdot
[ 56%] Built target speculative
[ 56%] Built target simple
[ 56%] Built target q8dot
[ 56%] Built target tokenize
[ 56%] Built target llava-cli
[ 56%] Built target llama-bench
[ 56%] Built target main
[ 56%] Built target retrieval
[ 56%] Built target passkey
[ 56%] Built target perplexity
[ 56%] Built target lookahead
[ 56%] Built target lookup-create
[ 56%] Built target lookup-stats
[ 56%] Built target train-text-from-scratch
[ 56%] Built target save-load-state
[ 56%] Built target lookup
[ 56%] Built target lookup-merge
[ 56%] Built target imatrix
[ 56%] Built target json-schema-to-grammar
[ 57%] Building CXX object tests/CMakeFiles/test-quantize-perf.dir/test-quantize-perf.cpp.o
[ 57%] Building CXX object tests/CMakeFiles/test-quantize-fns.dir/get-model.cpp.o
[ 58%] Building CXX object tests/CMakeFiles/test-quantize-fns.dir/test-quantize-fns.cpp.o
[ 58%] Building CXX object tests/CMakeFiles/test-quantize-perf.dir/get-model.cpp.o
[ 59%] Building CXX object tests/CMakeFiles/test-tokenizer-1-llama.dir/get-model.cpp.o
[ 60%] Building CXX object tests/CMakeFiles/test-sampling.dir/test-sampling.cpp.o
[ 60%] Building CXX object tests/CMakeFiles/test-tokenizer-0-falcon.dir/get-model.cpp.o
[ 61%] Building CXX object tests/CMakeFiles/test-tokenizer-1-llama.dir/test-tokenizer-1-llama.cpp.o
[ 62%] Building CXX object tests/CMakeFiles/test-tokenizer-0-falcon.dir/test-tokenizer-0-falcon.cpp.o
[ 62%] Building CXX object tests/CMakeFiles/test-chat-template.dir/get-model.cpp.o
[ 64%] Building CXX object tests/CMakeFiles/test-chat-template.dir/test-chat-template.cpp.o
[ 63%] Building CXX object tests/CMakeFiles/test-sampling.dir/get-model.cpp.o
[ 65%] Building CXX object tests/CMakeFiles/test-tokenizer-0-llama.dir/test-tokenizer-0-llama.cpp.o
[ 65%] Building CXX object tests/CMakeFiles/test-tokenizer-0-llama.dir/get-model.cpp.o
[ 66%] Building CXX object tests/CMakeFiles/test-tokenizer-1-baichuan.dir/test-tokenizer-1-llama.cpp.o
[ 67%] Building CXX object tests/CMakeFiles/test-tokenizer-1-baichuan.dir/get-model.cpp.o
[ 68%] Linking CXX executable ../bin/test-quantize-perf
[ 69%] Building CXX object tests/CMakeFiles/test-tokenizer-1-falcon.dir/test-tokenizer-1-bpe.cpp.o
[ 70%] Linking CXX executable ../bin/test-sampling
[ 70%] Linking CXX executable ../bin/test-quantize-fns
[ 71%] Linking CXX executable ../bin/test-chat-template
[ 72%] Building CXX object tests/CMakeFiles/test-tokenizer-1-mpt.dir/test-tokenizer-1-bpe.cpp.o
[ 72%] Building CXX object tests/CMakeFiles/test-tokenizer-1-aquila.dir/test-tokenizer-1-bpe.cpp.o
[ 72%] Linking CXX executable ../bin/test-tokenizer-1-llama
[ 73%] Building CXX object tests/CMakeFiles/test-tokenizer-1-aquila.dir/get-model.cpp.o
[ 71%] Building CXX object tests/CMakeFiles/test-tokenizer-1-falcon.dir/get-model.cpp.o
[ 74%] Linking CXX executable ../bin/test-tokenizer-0-falcon
[ 74%] Building CXX object tests/CMakeFiles/test-tokenizer-1-refact.dir/test-tokenizer-1-bpe.cpp.o
[ 75%] Building CXX object tests/CMakeFiles/test-tokenizer-1-gpt2.dir/test-tokenizer-1-bpe.cpp.o
[ 76%] Building CXX object tests/CMakeFiles/test-tokenizer-1-refact.dir/get-model.cpp.o
[ 77%] Building CXX object tests/CMakeFiles/test-tokenizer-1-gpt2.dir/get-model.cpp.o
[ 75%] Building CXX object tests/CMakeFiles/test-tokenizer-1-stablelm-3b-4e1t.dir/test-tokenizer-1-bpe.cpp.o
[ 78%] Building CXX object tests/CMakeFiles/test-tokenizer-1-stablelm-3b-4e1t.dir/get-model.cpp.o
[ 78%] Building CXX object tests/CMakeFiles/test-tokenizer-1-mpt.dir/get-model.cpp.o
[ 78%] Linking CXX executable ../bin/test-tokenizer-0-llama
[ 78%] Building CXX object tests/CMakeFiles/test-tokenizer-1-starcoder.dir/get-model.cpp.o
[ 79%] Building CXX object tests/CMakeFiles/test-grammar-parser.dir/test-grammar-parser.cpp.o
[ 80%] Building CXX object tests/CMakeFiles/test-tokenizer-1-gpt-neox.dir/test-tokenizer-1-bpe.cpp.o
[ 81%] Building CXX object tests/CMakeFiles/test-tokenizer-1-gpt-neox.dir/get-model.cpp.o
[ 82%] Building CXX object tests/CMakeFiles/test-llama-grammar.dir/get-model.cpp.o
[ 82%] Building CXX object tests/CMakeFiles/test-llama-grammar.dir/test-llama-grammar.cpp.o
[ 80%] Building CXX object tests/CMakeFiles/test-tokenizer-1-starcoder.dir/test-tokenizer-1-bpe.cpp.o
[ 83%] Building CXX object tests/CMakeFiles/test-grammar-parser.dir/get-model.cpp.o
[ 83%] Linking CXX executable ../bin/test-tokenizer-1-baichuan
[ 83%] Building CXX object tests/CMakeFiles/test-grammar-integration.dir/test-grammar-integration.cpp.o
[ 84%] Linking CXX executable ../bin/test-tokenizer-1-falcon
[ 84%] Linking CXX executable ../bin/test-tokenizer-1-aquila
[ 85%] Building CXX object tests/CMakeFiles/test-grammar-integration.dir/get-model.cpp.o
[ 86%] Linking CXX executable ../bin/test-tokenizer-1-mpt
[ 86%] Building CXX object tests/CMakeFiles/test-grad0.dir/test-grad0.cpp.o
[ 87%] Linking CXX executable ../bin/test-tokenizer-1-refact
[ 87%] Building CXX object tests/CMakeFiles/test-rope.dir/test-rope.cpp.o
[ 89%] Building CXX object tests/CMakeFiles/test-backend-ops.dir/test-backend-ops.cpp.o
[ 90%] Linking CXX executable ../bin/test-tokenizer-1-gpt-neox
[ 90%] Linking CXX executable ../bin/test-tokenizer-1-stablelm-3b-4e1t
[ 88%] Building CXX object tests/CMakeFiles/test-grad0.dir/get-model.cpp.o
[ 90%] Building CXX object tests/CMakeFiles/test-model-load-cancel.dir/test-model-load-cancel.cpp.o
[ 90%] Linking CXX executable ../bin/test-tokenizer-1-gpt2
[ 91%] Building CXX object tests/CMakeFiles/test-rope.dir/get-model.cpp.o
[ 91%] Linking CXX executable ../bin/test-grammar-parser
[ 91%] Building CXX object tests/CMakeFiles/test-backend-ops.dir/get-model.cpp.o
[ 92%] Building CXX object tests/CMakeFiles/test-json-schema-to-grammar.dir/test-json-schema-to-grammar.cpp.o
[ 93%] Building CXX object tests/CMakeFiles/test-autorelease.dir/get-model.cpp.o
[ 94%] Building CXX object tests/CMakeFiles/test-model-load-cancel.dir/get-model.cpp.o
[ 94%] Building CXX object tests/CMakeFiles/test-autorelease.dir/test-autorelease.cpp.o
[ 95%] Building CXX object examples/server/CMakeFiles/server.dir/server.cpp.o
[ 96%] Linking CXX executable ../bin/test-tokenizer-1-starcoder
[ 96%] Building CXX object tests/CMakeFiles/test-json-schema-to-grammar.dir/get-model.cpp.o
[ 97%] Linking CXX executable ../bin/test-llama-grammar
[ 97%] Linking CXX executable ../bin/test-grammar-integration
[ 98%] Linking CXX executable ../bin/test-grad0
[ 98%] Linking CXX executable ../bin/test-rope
[ 99%] Linking CXX executable ../bin/test-backend-ops
[ 99%] Linking CXX executable ../bin/test-model-load-cancel
[ 99%] Linking CXX executable ../bin/test-autorelease
[ 99%] Built target test-quantize-perf
[ 99%] Built target test-quantize-fns
[ 99%] Built target test-sampling
[ 99%] Built target test-chat-template
[ 99%] Built target test-tokenizer-0-falcon
[ 99%] Built target test-grammar-parser
[ 99%] Built target test-tokenizer-1-llama
[ 99%] Built target test-tokenizer-1-falcon
[ 99%] Built target test-tokenizer-1-gpt-neox
[ 99%] Built target test-tokenizer-0-llama
[ 99%] Built target test-rope
[ 99%] Built target test-grad0
[ 99%] Built target test-tokenizer-1-mpt
[ 99%] Built target test-tokenizer-1-gpt2
[ 99%] Built target test-tokenizer-1-starcoder
[ 99%] Built target test-llama-grammar
[ 99%] Built target test-tokenizer-1-stablelm-3b-4e1t
[ 99%] Built target test-tokenizer-1-aquila
[ 99%] Built target test-tokenizer-1-baichuan
[ 99%] Built target test-backend-ops
[ 99%] Built target test-model-load-cancel
[ 99%] Built target test-tokenizer-1-refact
[ 99%] Built target test-grammar-integration
[ 99%] Built target test-autorelease
[100%] Linking CXX executable ../bin/test-json-schema-to-grammar
[100%] Built target test-json-schema-to-grammar
[100%] Linking CXX executable ../../bin/server
[100%] Built target server

real	0m45.278s
user	0m57.391s
sys	0m7.013s
+ '[' -z 1 ']'
+ tee -a /home/ggml/results/llama.cpp/ab/9a3240a9da941fdef5cd4a25f2b97c2f5a67aa/ggml-1-arm64-cpu-low-perf/ctest_release-ctest.log
+ ctest --output-on-failure -L main -E test-opt
Test project /home/ggml/work/llama.cpp/build-ci-release
      Start  1: test-quantize-fns
 1/23 Test  #1: test-quantize-fns ...................   Passed   20.58 sec
      Start  2: test-quantize-perf
 2/23 Test  #2: test-quantize-perf ..................   Passed    5.76 sec
      Start  3: test-sampling
 3/23 Test  #3: test-sampling .......................   Passed    0.01 sec
      Start  4: test-chat-template
 4/23 Test  #4: test-chat-template ..................   Passed    0.00 sec
      Start  5: test-tokenizer-0-llama
 5/23 Test  #5: test-tokenizer-0-llama ..............   Passed    0.05 sec
      Start  6: test-tokenizer-0-falcon
 6/23 Test  #6: test-tokenizer-0-falcon .............   Passed    0.28 sec
      Start  7: test-tokenizer-1-llama
 7/23 Test  #7: test-tokenizer-1-llama ..............   Passed    0.64 sec
      Start  8: test-tokenizer-1-baichuan
 8/23 Test  #8: test-tokenizer-1-baichuan ...........   Passed    0.74 sec
      Start  9: test-tokenizer-1-falcon
 9/23 Test  #9: test-tokenizer-1-falcon .............   Passed    1.15 sec
      Start 10: test-tokenizer-1-aquila
10/23 Test #10: test-tokenizer-1-aquila .............   Passed    1.76 sec
      Start 11: test-tokenizer-1-mpt
11/23 Test #11: test-tokenizer-1-mpt ................   Passed    0.95 sec
      Start 12: test-tokenizer-1-stablelm-3b-4e1t
12/23 Test #12: test-tokenizer-1-stablelm-3b-4e1t ...   Passed    0.92 sec
      Start 13: test-tokenizer-1-gpt-neox
13/23 Test #13: test-tokenizer-1-gpt-neox ...........   Passed    0.99 sec
      Start 14: test-tokenizer-1-refact
14/23 Test #14: test-tokenizer-1-refact .............   Passed    0.90 sec
      Start 15: test-tokenizer-1-starcoder
15/23 Test #15: test-tokenizer-1-starcoder ..........   Passed    0.90 sec
      Start 16: test-tokenizer-1-gpt2
16/23 Test #16: test-tokenizer-1-gpt2 ...............   Passed    0.93 sec
      Start 17: test-grammar-parser
17/23 Test #17: test-grammar-parser .................   Passed    0.00 sec
      Start 18: test-llama-grammar
18/23 Test #18: test-llama-grammar ..................   Passed    0.00 sec
      Start 19: test-grammar-integration
19/23 Test #19: test-grammar-integration ............   Passed    0.01 sec
      Start 20: test-grad0
20/23 Test #20: test-grad0 ..........................   Passed    3.82 sec
      Start 21: test-backend-ops
21/23 Test #21: test-backend-ops ....................   Passed    0.00 sec
      Start 22: test-rope
22/23 Test #22: test-rope ...........................   Passed    0.05 sec
      Start 25: test-json-schema-to-grammar
23/23 Test #25: test-json-schema-to-grammar .........   Passed    0.01 sec

100% tests passed, 0 tests failed out of 23

Label Time Summary:
main    =  40.46 sec*proc (23 tests)

Total Test time (real) =  40.47 sec

real	0m40.485s
user	0m50.493s
sys	0m4.024s
+ set +e
+ cur=0
+ echo 0
+ set +x
