+ cmake -DCMAKE_BUILD_TYPE=Release -DLLAMA_FATAL_WARNINGS=ON ..
-- The C compiler identification is GNU 11.4.0
-- The CXX compiler identification is GNU 11.4.0
-- Detecting C compiler ABI info
-- Detecting C compiler ABI info - done
-- Check for working C compiler: /usr/bin/cc - skipped
-- Detecting C compile features
-- Detecting C compile features - done
-- Detecting CXX compiler ABI info
-- Detecting CXX compiler ABI info - done
-- Check for working CXX compiler: /usr/bin/c++ - skipped
-- Detecting CXX compile features
-- Detecting CXX compile features - done
-- Found Git: /usr/bin/git (found version "2.34.1") 
-- Performing Test CMAKE_HAVE_LIBC_PTHREAD
-- Performing Test CMAKE_HAVE_LIBC_PTHREAD - Success
-- Found Threads: TRUE  
-- ccache found, compilation results will be cached. Disable with LLAMA_CCACHE=OFF.
-- CMAKE_SYSTEM_PROCESSOR: x86_64
-- x86 detected
-- Configuring done (0.3s)
-- Generating done (0.1s)
-- Build files have been written to: /home/ggml/work/llama.cpp/build-ci-release

real	0m0.458s
user	0m0.330s
sys	0m0.109s
+ make -j
[  1%] Building C object CMakeFiles/ggml.dir/ggml.c.o
[  1%] Building C object CMakeFiles/ggml.dir/ggml-alloc.c.o
[  1%] Building CXX object common/CMakeFiles/build_info.dir/build-info.cpp.o
[  2%] Building C object CMakeFiles/ggml.dir/ggml-backend.c.o
[  2%] Building CXX object CMakeFiles/ggml.dir/sgemm.cpp.o
[  3%] Building C object CMakeFiles/ggml.dir/ggml-quants.c.o
[  3%] Built target ggml
[  4%] Linking CXX static library libggml_static.a
[  5%] Building CXX object CMakeFiles/llama.dir/llama.cpp.o
[  5%] Building CXX object examples/gguf/CMakeFiles/gguf.dir/gguf.cpp.o
[  5%] Building CXX object CMakeFiles/llama.dir/unicode.cpp.o
[  6%] Building CXX object CMakeFiles/llama.dir/unicode-data.cpp.o
[  7%] Built target build_info
[  8%] Linking CXX executable ../../bin/gguf
[  9%] Linking CXX static library libllama.a
[  9%] Built target ggml_static
[  9%] Built target llama
[ 10%] Building C object tests/CMakeFiles/test-c.dir/test-c.c.o
[ 12%] Building CXX object common/CMakeFiles/common.dir/common.cpp.o
[ 12%] Building CXX object examples/benchmark/CMakeFiles/benchmark.dir/benchmark-matmult.cpp.o
[ 12%] Building CXX object examples/quantize/CMakeFiles/quantize.dir/quantize.cpp.o
[ 12%] Building CXX object common/CMakeFiles/common.dir/sampling.cpp.o
[ 12%] Building CXX object examples/llava/CMakeFiles/llava.dir/llava.cpp.o
[ 13%] Building CXX object common/CMakeFiles/common.dir/console.cpp.o
[ 14%] Building CXX object examples/llava/CMakeFiles/llava.dir/clip.cpp.o
[ 14%] Building CXX object examples/quantize-stats/CMakeFiles/quantize-stats.dir/quantize-stats.cpp.o
[ 14%] Linking CXX executable ../bin/test-c
[ 14%] Building CXX object common/CMakeFiles/common.dir/ngram-cache.cpp.o
[ 15%] Building CXX object common/CMakeFiles/common.dir/train.cpp.o
[ 15%] Linking CXX executable ../../bin/benchmark
[ 16%] Linking CXX executable ../../bin/quantize
[ 16%] Building CXX object common/CMakeFiles/common.dir/grammar-parser.cpp.o
[ 17%] Building CXX object common/CMakeFiles/common.dir/json-schema-to-grammar.cpp.o
[ 18%] Linking CXX executable ../../bin/quantize-stats
[ 18%] Built target gguf
[ 19%] Linking CXX static library libcommon.a
[ 19%] Built target test-c
[ 19%] Built target common
[ 20%] Building CXX object tests/CMakeFiles/test-quantize-fns.dir/test-quantize-fns.cpp.o
[ 20%] Building CXX object tests/CMakeFiles/test-quantize-perf.dir/test-quantize-perf.cpp.o
[ 21%] Building CXX object tests/CMakeFiles/test-quantize-perf.dir/get-model.cpp.o
[ 22%] Building CXX object tests/CMakeFiles/test-sampling.dir/test-sampling.cpp.o
[ 23%] Building CXX object tests/CMakeFiles/test-chat-template.dir/test-chat-template.cpp.o
[ 23%] Building CXX object tests/CMakeFiles/test-chat-template.dir/get-model.cpp.o
[ 23%] Building CXX object tests/CMakeFiles/test-tokenizer-0-llama.dir/test-tokenizer-0-llama.cpp.o
[ 23%] Building CXX object tests/CMakeFiles/test-quantize-fns.dir/get-model.cpp.o
[ 23%] Building CXX object tests/CMakeFiles/test-tokenizer-0-falcon.dir/test-tokenizer-0-falcon.cpp.o
[ 24%] Building CXX object tests/CMakeFiles/test-tokenizer-0-falcon.dir/get-model.cpp.o
[ 24%] Building CXX object tests/CMakeFiles/test-sampling.dir/get-model.cpp.o
[ 25%] Building CXX object tests/CMakeFiles/test-tokenizer-0-llama.dir/get-model.cpp.o
[ 26%] Linking CXX executable ../bin/test-chat-template
[ 26%] Building CXX object tests/CMakeFiles/test-tokenizer-1-llama.dir/test-tokenizer-1-llama.cpp.o
[ 26%] Built target benchmark
[ 27%] Building CXX object tests/CMakeFiles/test-tokenizer-1-llama.dir/get-model.cpp.o
[ 28%] Linking CXX executable ../bin/test-quantize-fns
[ 29%] Building CXX object tests/CMakeFiles/test-tokenizer-1-baichuan.dir/test-tokenizer-1-llama.cpp.o
[ 29%] Building CXX object tests/CMakeFiles/test-tokenizer-1-baichuan.dir/get-model.cpp.o
[ 30%] Linking CXX executable ../bin/test-sampling
[ 31%] Linking CXX executable ../bin/test-tokenizer-0-falcon
[ 32%] Linking CXX executable ../bin/test-quantize-perf
[ 33%] Building CXX object tests/CMakeFiles/test-tokenizer-1-falcon.dir/get-model.cpp.o
[ 33%] Linking CXX executable ../bin/test-tokenizer-0-llama
[ 33%] Building CXX object tests/CMakeFiles/test-tokenizer-1-falcon.dir/test-tokenizer-1-bpe.cpp.o
[ 34%] Linking CXX executable ../bin/test-tokenizer-1-baichuan
[ 34%] Built target quantize-stats
[ 34%] Linking CXX executable ../bin/test-tokenizer-1-llama
[ 35%] Building CXX object tests/CMakeFiles/test-tokenizer-1-aquila.dir/test-tokenizer-1-bpe.cpp.o
[ 35%] Built target quantize
[ 36%] Building CXX object tests/CMakeFiles/test-tokenizer-1-mpt.dir/test-tokenizer-1-bpe.cpp.o
[ 37%] Building CXX object tests/CMakeFiles/test-tokenizer-1-mpt.dir/get-model.cpp.o
[ 37%] Building CXX object tests/CMakeFiles/test-tokenizer-1-aquila.dir/get-model.cpp.o
[ 37%] Building CXX object tests/CMakeFiles/test-tokenizer-1-stablelm-3b-4e1t.dir/test-tokenizer-1-bpe.cpp.o
[ 37%] Linking CXX executable ../bin/test-tokenizer-1-falcon
[ 38%] Building CXX object tests/CMakeFiles/test-tokenizer-1-stablelm-3b-4e1t.dir/get-model.cpp.o
[ 38%] Linking CXX executable ../bin/test-tokenizer-1-mpt
[ 39%] Linking CXX executable ../bin/test-tokenizer-1-stablelm-3b-4e1t
[ 39%] Building CXX object tests/CMakeFiles/test-tokenizer-1-starcoder.dir/get-model.cpp.o
[ 40%] Building CXX object tests/CMakeFiles/test-tokenizer-1-starcoder.dir/test-tokenizer-1-bpe.cpp.o
[ 41%] Linking CXX executable ../bin/test-tokenizer-1-aquila
[ 41%] Building CXX object tests/CMakeFiles/test-tokenizer-1-gpt-neox.dir/get-model.cpp.o
[ 42%] Building CXX object tests/CMakeFiles/test-tokenizer-1-refact.dir/test-tokenizer-1-bpe.cpp.o
[ 43%] Building CXX object tests/CMakeFiles/test-tokenizer-1-gpt-neox.dir/test-tokenizer-1-bpe.cpp.o
[ 42%] Building CXX object tests/CMakeFiles/test-tokenizer-1-refact.dir/get-model.cpp.o
[ 43%] Built target test-quantize-fns
[ 43%] Built target test-chat-template
[ 44%] Building CXX object tests/CMakeFiles/test-tokenizer-1-gpt2.dir/test-tokenizer-1-bpe.cpp.o
[ 44%] Built target test-quantize-perf
[ 44%] Linking CXX executable ../bin/test-tokenizer-1-starcoder
[ 44%] Building CXX object tests/CMakeFiles/test-tokenizer-1-gpt2.dir/get-model.cpp.o
[ 44%] Built target test-sampling
[ 45%] Building CXX object tests/CMakeFiles/test-grammar-parser.dir/test-grammar-parser.cpp.o
[ 45%] Building CXX object tests/CMakeFiles/test-llama-grammar.dir/test-llama-grammar.cpp.o
[ 46%] Building CXX object tests/CMakeFiles/test-grammar-parser.dir/get-model.cpp.o
[ 47%] Building CXX object tests/CMakeFiles/test-llama-grammar.dir/get-model.cpp.o
[ 48%] Linking CXX executable ../bin/test-tokenizer-1-refact
[ 49%] Linking CXX executable ../bin/test-tokenizer-1-gpt-neox
[ 51%] Building CXX object tests/CMakeFiles/test-grad0.dir/test-grad0.cpp.o
[ 51%] Linking CXX executable ../bin/test-tokenizer-1-gpt2
[ 51%] Building CXX object tests/CMakeFiles/test-grammar-integration.dir/test-grammar-integration.cpp.o
[ 52%] Building CXX object tests/CMakeFiles/test-grammar-integration.dir/get-model.cpp.o
[ 52%] Building CXX object tests/CMakeFiles/test-backend-ops.dir/test-backend-ops.cpp.o
[ 52%] Built target test-tokenizer-0-falcon
[ 52%] Building CXX object tests/CMakeFiles/test-grad0.dir/get-model.cpp.o
[ 53%] Building CXX object tests/CMakeFiles/test-backend-ops.dir/get-model.cpp.o
[ 53%] Linking CXX executable ../bin/test-llama-grammar
[ 53%] Linking CXX executable ../bin/test-grammar-parser
[ 54%] Building CXX object tests/CMakeFiles/test-model-load-cancel.dir/test-model-load-cancel.cpp.o
[ 54%] Built target test-tokenizer-1-llama
[ 55%] Linking CXX executable ../bin/test-grad0
[ 55%] Building CXX object tests/CMakeFiles/test-rope.dir/test-rope.cpp.o
[ 56%] Building CXX object tests/CMakeFiles/test-model-load-cancel.dir/get-model.cpp.o
[ 56%] Built target test-tokenizer-1-falcon
[ 57%] Building CXX object tests/CMakeFiles/test-rope.dir/get-model.cpp.o
[ 57%] Linking CXX executable ../bin/test-grammar-integration
[ 57%] Linking CXX executable ../bin/test-backend-ops
[ 57%] Building CXX object tests/CMakeFiles/test-autorelease.dir/test-autorelease.cpp.o
[ 57%] Built target test-tokenizer-1-mpt
[ 58%] Building CXX object tests/CMakeFiles/test-autorelease.dir/get-model.cpp.o
[ 58%] Built target test-tokenizer-0-llama
[ 58%] Linking CXX executable ../bin/test-model-load-cancel
[ 58%] Built target test-tokenizer-1-aquila
[ 58%] Building CXX object examples/baby-llama/CMakeFiles/baby-llama.dir/baby-llama.cpp.o
[ 59%] Building CXX object tests/CMakeFiles/test-json-schema-to-grammar.dir/test-json-schema-to-grammar.cpp.o
[ 59%] Linking CXX executable ../bin/test-rope
[ 59%] Building CXX object tests/CMakeFiles/test-json-schema-to-grammar.dir/get-model.cpp.o
[ 59%] Built target test-tokenizer-1-baichuan
[ 60%] Linking CXX executable ../bin/test-autorelease
[ 60%] Building CXX object examples/batched/CMakeFiles/batched.dir/batched.cpp.o
[ 60%] Built target test-grad0
[ 60%] Built target test-grammar-parser
[ 61%] Linking CXX executable ../../bin/baby-llama
[ 62%] Linking CXX executable ../bin/test-json-schema-to-grammar
[ 62%] Built target test-tokenizer-1-starcoder
[ 62%] Building CXX object examples/embedding/CMakeFiles/embedding.dir/embedding.cpp.o
[ 62%] Built target test-tokenizer-1-gpt-neox
[ 63%] Linking CXX executable ../../bin/batched
[ 63%] Building CXX object examples/batched-bench/CMakeFiles/batched-bench.dir/batched-bench.cpp.o
[ 63%] Building CXX object examples/beam-search/CMakeFiles/beam-search.dir/beam-search.cpp.o
[ 63%] Building CXX object examples/convert-llama2c-to-ggml/CMakeFiles/convert-llama2c-to-ggml.dir/convert-llama2c-to-ggml.cpp.o
[ 64%] Building CXX object examples/eval-callback/CMakeFiles/eval-callback.dir/eval-callback.cpp.o
[ 65%] Linking CXX executable ../../bin/batched-bench
[ 65%] Built target test-tokenizer-1-stablelm-3b-4e1t
[ 66%] Building CXX object examples/finetune/CMakeFiles/finetune.dir/finetune.cpp.o
[ 66%] Building CXX object examples/gguf-split/CMakeFiles/gguf-split.dir/gguf-split.cpp.o
[ 67%] Building CXX object examples/gritlm/CMakeFiles/gritlm.dir/gritlm.cpp.o
[ 67%] Built target test-llama-grammar
[ 68%] Linking CXX executable ../../bin/embedding
[ 69%] Building CXX object examples/infill/CMakeFiles/infill.dir/infill.cpp.o
[ 69%] Building CXX object examples/llama-bench/CMakeFiles/llama-bench.dir/llama-bench.cpp.o
[ 69%] Built target test-tokenizer-1-refact
[ 70%] Linking CXX executable ../../bin/beam-search
[ 70%] Linking CXX executable ../../bin/eval-callback
[ 70%] Linking CXX executable ../../bin/finetune
[ 70%] Linking CXX executable ../../bin/infill
[ 70%] Built target test-tokenizer-1-gpt2
[ 71%] Linking CXX executable ../../bin/convert-llama2c-to-ggml
[ 72%] Linking CXX executable ../../bin/gguf-split
[ 72%] Built target test-rope
[ 73%] Building CXX object examples/main/CMakeFiles/main.dir/main.cpp.o
[ 74%] Linking CXX executable ../../bin/llama-bench
[ 74%] Built target test-model-load-cancel
[ 75%] Building CXX object examples/parallel/CMakeFiles/parallel.dir/parallel.cpp.o
[ 75%] Building CXX object examples/perplexity/CMakeFiles/perplexity.dir/perplexity.cpp.o
[ 75%] Linking CXX executable ../../bin/parallel
[ 75%] Built target test-autorelease
[ 76%] Building CXX object examples/tokenize/CMakeFiles/tokenize.dir/tokenize.cpp.o
[ 76%] Linking CXX executable ../../bin/gritlm
[ 76%] Linking CXX executable ../../bin/main
[ 77%] Building CXX object examples/retrieval/CMakeFiles/retrieval.dir/retrieval.cpp.o
[ 78%] Linking CXX executable ../../bin/perplexity
[ 79%] Building CXX object examples/save-load-state/CMakeFiles/save-load-state.dir/save-load-state.cpp.o
[ 79%] Linking CXX executable ../../bin/tokenize
[ 79%] Linking CXX executable ../../bin/retrieval
[ 79%] Building CXX object examples/simple/CMakeFiles/simple.dir/simple.cpp.o
[ 79%] Built target test-backend-ops
[ 79%] Linking CXX executable ../../bin/save-load-state
[ 79%] Built target test-grammar-integration
[ 79%] Building CXX object examples/speculative/CMakeFiles/speculative.dir/speculative.cpp.o
[ 80%] Building CXX object examples/passkey/CMakeFiles/passkey.dir/passkey.cpp.o
[ 81%] Linking CXX executable ../../bin/simple
[ 81%] Built target test-json-schema-to-grammar
[ 81%] Building CXX object examples/lookahead/CMakeFiles/lookahead.dir/lookahead.cpp.o
[ 81%] Built target eval-callback
[ 81%] Built target baby-llama
[ 82%] Linking CXX executable ../../bin/speculative
[ 82%] Building CXX object examples/lookup/CMakeFiles/lookup-create.dir/lookup-create.cpp.o
[ 82%] Building CXX object examples/lookup/CMakeFiles/lookup.dir/lookup.cpp.o
[ 83%] Linking CXX executable ../../bin/passkey
[ 83%] Building CXX object examples/lookup/CMakeFiles/lookup-merge.dir/lookup-merge.cpp.o
[ 84%] Linking CXX executable ../../bin/lookup-create
[ 85%] Linking CXX executable ../../bin/lookup-merge
[ 86%] Generating json-schema-to-grammar.mjs.hpp
[ 87%] Linking CXX executable ../../bin/lookahead
[ 87%] Built target batched
[ 88%] Generating completion.js.hpp
[ 88%] Built target infill
[ 89%] Linking CXX executable ../../bin/lookup
[ 90%] Generating index.html.hpp
[ 90%] Built target gguf-split
[ 90%] Built target gritlm
[ 90%] Generating index.js.hpp
[ 90%] Built target parallel
[ 90%] Built target perplexity
[ 91%] Building CXX object examples/lookup/CMakeFiles/lookup-stats.dir/lookup-stats.cpp.o
[ 92%] Building CXX object examples/train-text-from-scratch/CMakeFiles/train-text-from-scratch.dir/train-text-from-scratch.cpp.o
[ 92%] Built target lookup-merge
[ 92%] Built target llama-bench
[ 92%] Linking CXX executable ../../bin/train-text-from-scratch
[ 92%] Built target convert-llama2c-to-ggml
[ 93%] Building CXX object examples/imatrix/CMakeFiles/imatrix.dir/imatrix.cpp.o
[ 93%] Built target embedding
[ 93%] Linking CXX executable ../../bin/lookup-stats
[ 93%] Built target simple
[ 93%] Built target batched-bench
[ 93%] Built target save-load-state
[ 93%] Linking CXX executable ../../bin/imatrix
[ 93%] Built target beam-search
[ 93%] Built target speculative
[ 93%] Built target lookup-create
[ 93%] Built target finetune
[ 93%] Built target tokenize
[ 93%] Built target lookup
[ 94%] Building CXX object examples/export-lora/CMakeFiles/export-lora.dir/export-lora.cpp.o
[ 94%] Building CXX object pocs/vdot/CMakeFiles/q8dot.dir/q8dot.cpp.o
[ 94%] Built target passkey
[ 95%] Building CXX object pocs/vdot/CMakeFiles/vdot.dir/vdot.cpp.o
[ 95%] Built target retrieval
[ 96%] Linking CXX executable ../../bin/q8dot
[ 97%] Linking CXX executable ../../bin/vdot
[ 97%] Linking CXX executable ../../bin/export-lora
[ 97%] Building CXX object examples/server/CMakeFiles/server.dir/server.cpp.o
[ 97%] Built target train-text-from-scratch
[ 97%] Built target main
[ 98%] Linking CXX executable ../../bin/server
[ 98%] Built target lookahead
[ 98%] Built target lookup-stats
[ 98%] Built target export-lora
[ 98%] Built target imatrix
[ 98%] Built target vdot
[ 98%] Built target q8dot
[ 98%] Built target server
[ 98%] Built target llava
[ 98%] Building CXX object examples/llava/CMakeFiles/llava-cli.dir/llava-cli.cpp.o
[ 99%] Linking CXX static library libllava_static.a
[100%] Linking CXX executable ../../bin/llava-cli
[100%] Built target llava_static
[100%] Built target llava-cli

real	0m8.904s
user	0m15.727s
sys	0m1.998s
+ ctest --output-on-failure -L main
Test project /home/ggml/work/llama.cpp/build-ci-release
      Start  1: test-quantize-fns
 1/23 Test  #1: test-quantize-fns ...................   Passed   15.93 sec
      Start  2: test-quantize-perf
 2/23 Test  #2: test-quantize-perf ..................   Passed    4.52 sec
      Start  3: test-sampling
 3/23 Test  #3: test-sampling .......................   Passed    0.01 sec
      Start  4: test-chat-template
 4/23 Test  #4: test-chat-template ..................   Passed    0.00 sec
      Start  5: test-tokenizer-0-llama
 5/23 Test  #5: test-tokenizer-0-llama ..............   Passed    0.03 sec
      Start  6: test-tokenizer-0-falcon
 6/23 Test  #6: test-tokenizer-0-falcon .............   Passed    0.18 sec
      Start  7: test-tokenizer-1-llama
 7/23 Test  #7: test-tokenizer-1-llama ..............   Passed    0.45 sec
      Start  8: test-tokenizer-1-baichuan
 8/23 Test  #8: test-tokenizer-1-baichuan ...........   Passed    0.49 sec
      Start  9: test-tokenizer-1-falcon
 9/23 Test  #9: test-tokenizer-1-falcon .............   Passed    0.79 sec
      Start 10: test-tokenizer-1-aquila
10/23 Test #10: test-tokenizer-1-aquila .............   Passed    1.14 sec
      Start 11: test-tokenizer-1-mpt
11/23 Test #11: test-tokenizer-1-mpt ................   Passed    0.62 sec
      Start 12: test-tokenizer-1-stablelm-3b-4e1t
12/23 Test #12: test-tokenizer-1-stablelm-3b-4e1t ...   Passed    0.63 sec
      Start 13: test-tokenizer-1-gpt-neox
13/23 Test #13: test-tokenizer-1-gpt-neox ...........   Passed    0.62 sec
      Start 14: test-tokenizer-1-refact
14/23 Test #14: test-tokenizer-1-refact .............   Passed    0.61 sec
      Start 15: test-tokenizer-1-starcoder
15/23 Test #15: test-tokenizer-1-starcoder ..........   Passed    0.61 sec
      Start 16: test-tokenizer-1-gpt2
16/23 Test #16: test-tokenizer-1-gpt2 ...............   Passed    0.63 sec
      Start 17: test-grammar-parser
17/23 Test #17: test-grammar-parser .................   Passed    0.00 sec
      Start 18: test-llama-grammar
18/23 Test #18: test-llama-grammar ..................   Passed    0.00 sec
      Start 19: test-grammar-integration
19/23 Test #19: test-grammar-integration ............   Passed    0.00 sec
      Start 20: test-grad0
20/23 Test #20: test-grad0 ..........................   Passed    2.39 sec
      Start 21: test-backend-ops
21/23 Test #21: test-backend-ops ....................   Passed    0.00 sec
      Start 22: test-rope
22/23 Test #22: test-rope ...........................   Passed    0.05 sec
      Start 25: test-json-schema-to-grammar
23/23 Test #25: test-json-schema-to-grammar .........   Passed    1.08 sec

100% tests passed, 0 tests failed out of 23

Label Time Summary:
main    =  30.78 sec*proc (23 tests)

Total Test time (real) =  30.79 sec

real	0m30.810s
user	0m44.040s
sys	0m3.500s
