+ cmake -DCMAKE_BUILD_TYPE=Release -DLLAMA_CUBLAS=1 ..
-- The C compiler identification is GNU 11.4.0
-- The CXX compiler identification is GNU 11.4.0
-- Detecting C compiler ABI info
-- Detecting C compiler ABI info - done
-- Check for working C compiler: /usr/bin/cc - skipped
-- Detecting C compile features
-- Detecting C compile features - done
-- Detecting CXX compiler ABI info
-- Detecting CXX compiler ABI info - done
-- Check for working CXX compiler: /usr/bin/c++ - skipped
-- Detecting CXX compile features
-- Detecting CXX compile features - done
-- Found Git: /usr/bin/git (found version "2.34.1") 
-- Performing Test CMAKE_HAVE_LIBC_PTHREAD
-- Performing Test CMAKE_HAVE_LIBC_PTHREAD - Success
-- Found Threads: TRUE  
-- Found CUDAToolkit: /usr/local/cuda-12.2/include (found version "12.2.140") 
-- cuBLAS found
-- The CUDA compiler identification is NVIDIA 12.2.140
-- Detecting CUDA compiler ABI info
-- Detecting CUDA compiler ABI info - done
-- Check for working CUDA compiler: /usr/local/cuda-12.2/bin/nvcc - skipped
-- Detecting CUDA compile features
-- Detecting CUDA compile features - done
-- Using CUDA architectures: 52;61;70
-- CUDA host compiler is GNU 11.4.0

-- ccache found, compilation results will be cached. Disable with LLAMA_CCACHE=OFF.
-- CMAKE_SYSTEM_PROCESSOR: x86_64
-- x86 detected
-- Configuring done (3.0s)
-- Generating done (0.1s)
-- Build files have been written to: /home/ggml/work/llama.cpp/build-ci-release

real	0m3.229s
user	0m2.496s
sys	0m0.739s
+ make -j
[  0%] Building C object CMakeFiles/ggml.dir/ggml.c.o
[  1%] Building CXX object common/CMakeFiles/build_info.dir/build-info.cpp.o
[  2%] Building C object CMakeFiles/ggml.dir/ggml-alloc.c.o
[  3%] Building C object CMakeFiles/ggml.dir/ggml-backend.c.o
[  4%] Building C object CMakeFiles/ggml.dir/ggml-quants.c.o
[  5%] Building CUDA object CMakeFiles/ggml.dir/ggml-cuda.cu.o
[  5%] Built target build_info
/home/ggml/work/llama.cpp/ggml-cuda.cu(645): warning #177-D: function "warp_reduce_sum(half2)" was declared but never referenced
                                   half2 warp_reduce_sum(half2 a) {
                                         ^

Remark: The warnings can be suppressed with "-diag-suppress <warning-number>"

/home/ggml/work/llama.cpp/ggml-cuda.cu(666): warning #177-D: function "warp_reduce_max(half2)" was declared but never referenced
                                   half2 warp_reduce_max(half2 x) {
                                         ^

/home/ggml/work/llama.cpp/ggml-cuda.cu(1696): warning #177-D: variable "ksigns64" was declared but never referenced
                         uint64_t ksigns64[128] = {
                                  ^

[  5%] Built target ggml
[  6%] Linking CUDA static library libggml_static.a
[  7%] Building CXX object CMakeFiles/llama.dir/llama.cpp.o
[  7%] Building CXX object examples/gguf/CMakeFiles/gguf.dir/gguf.cpp.o
[  8%] Linking CXX executable ../../bin/gguf
[  9%] Linking CXX static library libllama.a
[  9%] Built target ggml_static
[  9%] Built target llama
[  9%] Built target gguf
[  9%] Building CXX object examples/llava/CMakeFiles/llava.dir/llava.cpp.o
[ 10%] Building CXX object examples/benchmark/CMakeFiles/benchmark.dir/benchmark-matmult.cpp.o
[ 11%] Building CXX object examples/llava/CMakeFiles/llava.dir/clip.cpp.o
[ 12%] Building CXX object common/CMakeFiles/common.dir/common.cpp.o
[ 13%] Building CXX object common/CMakeFiles/common.dir/sampling.cpp.o
[ 14%] Building CXX object examples/quantize-stats/CMakeFiles/quantize-stats.dir/quantize-stats.cpp.o
[ 15%] Building C object tests/CMakeFiles/test-c.dir/test-c.c.o
[ 16%] Building CXX object common/CMakeFiles/common.dir/console.cpp.o
[ 17%] Building CXX object examples/quantize/CMakeFiles/quantize.dir/quantize.cpp.o
[ 18%] Building CXX object common/CMakeFiles/common.dir/grammar-parser.cpp.o
/home/ggml/work/llama.cpp/examples/llava/clip.cpp: In function ‘clip_ctx* clip_model_load(const char*, int)’:
/home/ggml/work/llama.cpp/examples/llava/clip.cpp:1106:31: warning: suggest parentheses around comparison in operand of ‘&’ [-Wparentheses]
 1106 |             for (int i = 0; i < 32 & hparams.image_grid_pinpoints[i]!=0; ++i) {
      |                             ~~^~~~
[ 19%] Linking CXX executable ../../bin/benchmark
[ 19%] Built target llava
[ 20%] Linking CXX executable ../../bin/quantize
[ 20%] Linking CXX executable ../bin/test-c
[ 20%] Linking CXX executable ../../bin/quantize-stats
[ 20%] Building CXX object common/CMakeFiles/common.dir/train.cpp.o
[ 21%] Linking CXX static library libcommon.a
[ 22%] Linking CXX static library libllava_static.a
[ 22%] Built target test-c
[ 22%] Built target common
[ 22%] Built target llava_static
[ 23%] Building CXX object tests/CMakeFiles/test-quantize-fns.dir/test-quantize-fns.cpp.o
[ 23%] Building CXX object tests/CMakeFiles/test-quantize-perf.dir/test-quantize-perf.cpp.o
[ 24%] Building CXX object tests/CMakeFiles/test-sampling.dir/test-sampling.cpp.o
[ 25%] Building CXX object tests/CMakeFiles/test-sampling.dir/get-model.cpp.o
[ 26%] Building CXX object tests/CMakeFiles/test-tokenizer-0-falcon.dir/test-tokenizer-0-falcon.cpp.o
[ 27%] Building CXX object tests/CMakeFiles/test-quantize-perf.dir/get-model.cpp.o
[ 27%] Building CXX object tests/CMakeFiles/test-tokenizer-0-falcon.dir/get-model.cpp.o
[ 28%] Building CXX object tests/CMakeFiles/test-quantize-fns.dir/get-model.cpp.o
[ 29%] Building CXX object tests/CMakeFiles/test-tokenizer-0-llama.dir/test-tokenizer-0-llama.cpp.o
[ 30%] Building CXX object tests/CMakeFiles/test-tokenizer-1-llama.dir/get-model.cpp.o
[ 30%] Building CXX object tests/CMakeFiles/test-tokenizer-1-bpe.dir/get-model.cpp.o
[ 31%] Building CXX object tests/CMakeFiles/test-tokenizer-0-llama.dir/get-model.cpp.o
[ 32%] Building CXX object tests/CMakeFiles/test-tokenizer-1-bpe.dir/test-tokenizer-1-bpe.cpp.o
[ 33%] Linking CXX executable ../bin/test-sampling
[ 34%] Linking CXX executable ../bin/test-tokenizer-0-falcon
[ 35%] Building CXX object tests/CMakeFiles/test-tokenizer-1-llama.dir/test-tokenizer-1-llama.cpp.o
[ 36%] Linking CXX executable ../bin/test-quantize-fns
[ 37%] Linking CXX executable ../bin/test-quantize-perf
[ 38%] Linking CXX executable ../bin/test-tokenizer-0-llama
[ 39%] Building CXX object tests/CMakeFiles/test-grad0.dir/test-grad0.cpp.o
[ 41%] Building CXX object tests/CMakeFiles/test-grad0.dir/get-model.cpp.o
[ 42%] Building CXX object tests/CMakeFiles/test-backend-ops.dir/test-backend-ops.cpp.o
[ 43%] Building CXX object tests/CMakeFiles/test-llama-grammar.dir/get-model.cpp.o
[ 44%] Linking CXX executable ../bin/test-tokenizer-1-llama
[ 45%] Building CXX object tests/CMakeFiles/test-grammar-parser.dir/test-grammar-parser.cpp.o
[ 46%] Building CXX object tests/CMakeFiles/test-llama-grammar.dir/test-llama-grammar.cpp.o
[ 47%] Building CXX object tests/CMakeFiles/test-rope.dir/test-rope.cpp.o
[ 47%] Building CXX object tests/CMakeFiles/test-grammar-parser.dir/get-model.cpp.o
[ 47%] Linking CXX executable ../bin/test-tokenizer-1-bpe
[ 48%] Building CXX object tests/CMakeFiles/test-backend-ops.dir/get-model.cpp.o
[ 49%] Building CXX object tests/CMakeFiles/test-autorelease.dir/test-autorelease.cpp.o
[ 49%] Building CXX object tests/CMakeFiles/test-model-load-cancel.dir/test-model-load-cancel.cpp.o
[ 49%] Building CXX object examples/baby-llama/CMakeFiles/baby-llama.dir/baby-llama.cpp.o
[ 50%] Building CXX object tests/CMakeFiles/test-rope.dir/get-model.cpp.o
[ 50%] Built target benchmark
[ 50%] Building CXX object tests/CMakeFiles/test-autorelease.dir/get-model.cpp.o
[ 51%] Building CXX object tests/CMakeFiles/test-model-load-cancel.dir/get-model.cpp.o
[ 52%] Building CXX object examples/batched-bench/CMakeFiles/batched-bench.dir/batched-bench.cpp.o
[ 53%] Linking CXX executable ../bin/test-grad0
[ 54%] Building CXX object examples/batched/CMakeFiles/batched.dir/batched.cpp.o
[ 55%] Linking CXX executable ../../bin/baby-llama
[ 56%] Linking CXX executable ../bin/test-grammar-parser
[ 57%] Building CXX object examples/beam-search/CMakeFiles/beam-search.dir/beam-search.cpp.o
[ 58%] Building CXX object examples/convert-llama2c-to-ggml/CMakeFiles/convert-llama2c-to-ggml.dir/convert-llama2c-to-ggml.cpp.o
[ 59%] Linking CXX executable ../bin/test-backend-ops
[ 59%] Linking CXX executable ../bin/test-rope
[ 60%] Building CXX object examples/embedding/CMakeFiles/embedding.dir/embedding.cpp.o
[ 61%] Linking CXX executable ../bin/test-autorelease
[ 62%] Linking CXX executable ../bin/test-llama-grammar
[ 62%] Linking CXX executable ../../bin/batched-bench
[ 63%] Linking CXX executable ../bin/test-model-load-cancel
[ 64%] Linking CXX executable ../../bin/batched
[ 65%] Linking CXX executable ../../bin/beam-search
[ 65%] Built target quantize
[ 66%] Building CXX object examples/infill/CMakeFiles/infill.dir/infill.cpp.o
[ 67%] Building CXX object examples/finetune/CMakeFiles/finetune.dir/finetune.cpp.o
[ 67%] Linking CXX executable ../../bin/embedding
[ 68%] Building CXX object examples/llama-bench/CMakeFiles/llama-bench.dir/llama-bench.cpp.o
[ 69%] Linking CXX executable ../../bin/convert-llama2c-to-ggml
[ 69%] Built target quantize-stats
[ 70%] Building CXX object examples/llava/CMakeFiles/llava-cli.dir/llava-cli.cpp.o
[ 71%] Building CXX object examples/main/CMakeFiles/main.dir/main.cpp.o
[ 72%] Linking CXX executable ../../bin/finetune
[ 73%] Linking CXX executable ../../bin/llama-bench
[ 73%] Building CXX object examples/tokenize/CMakeFiles/tokenize.dir/tokenize.cpp.o
[ 73%] Linking CXX executable ../../bin/infill
[ 73%] Building CXX object examples/parallel/CMakeFiles/parallel.dir/parallel.cpp.o
[ 74%] Building CXX object examples/perplexity/CMakeFiles/perplexity.dir/perplexity.cpp.o
[ 75%] Building CXX object examples/save-load-state/CMakeFiles/save-load-state.dir/save-load-state.cpp.o
[ 76%] Linking CXX executable ../../bin/llava-cli
[ 77%] Linking CXX executable ../../bin/main
[ 77%] Building CXX object examples/simple/CMakeFiles/simple.dir/simple.cpp.o
[ 78%] Building CXX object examples/passkey/CMakeFiles/passkey.dir/passkey.cpp.o
[ 79%] Linking CXX executable ../../bin/save-load-state
[ 80%] Building CXX object examples/speculative/CMakeFiles/speculative.dir/speculative.cpp.o
[ 81%] Linking CXX executable ../../bin/parallel
[ 82%] Building CXX object examples/lookahead/CMakeFiles/lookahead.dir/lookahead.cpp.o
[ 83%] Linking CXX executable ../../bin/tokenize
[ 84%] Building CXX object examples/lookup/CMakeFiles/lookup.dir/lookup.cpp.o
[ 84%] Linking CXX executable ../../bin/perplexity
[ 85%] Linking CXX executable ../../bin/simple
[ 86%] Linking CXX executable ../../bin/speculative
[ 87%] Linking CXX executable ../../bin/passkey
[ 88%] Building CXX object examples/train-text-from-scratch/CMakeFiles/train-text-from-scratch.dir/train-text-from-scratch.cpp.o
[ 88%] Linking CXX executable ../../bin/lookahead
[ 89%] Building CXX object examples/imatrix/CMakeFiles/imatrix.dir/imatrix.cpp.o
[ 90%] Linking CXX executable ../../bin/lookup
[ 90%] Built target test-quantize-perf
[ 91%] Building CXX object examples/server/CMakeFiles/server.dir/server.cpp.o
[ 92%] Building CXX object examples/export-lora/CMakeFiles/export-lora.dir/export-lora.cpp.o
[ 93%] Building CXX object pocs/vdot/CMakeFiles/vdot.dir/vdot.cpp.o
[ 94%] Building CXX object pocs/vdot/CMakeFiles/q8dot.dir/q8dot.cpp.o
[ 95%] Linking CXX executable ../../bin/train-text-from-scratch
[ 96%] Linking CXX executable ../../bin/imatrix
[ 96%] Built target test-grammar-parser
[ 97%] Linking CXX executable ../../bin/vdot
[ 98%] Linking CXX executable ../../bin/q8dot
[ 99%] Linking CXX executable ../../bin/server
[100%] Linking CXX executable ../../bin/export-lora
[100%] Built target test-tokenizer-0-falcon
[100%] Built target test-sampling
[100%] Built target test-quantize-fns
[100%] Built target baby-llama
[100%] Built target test-autorelease
[100%] Built target test-tokenizer-0-llama
[100%] Built target test-grad0
[100%] Built target test-llama-grammar
[100%] Built target test-tokenizer-1-bpe
[100%] Built target test-rope
[100%] Built target test-tokenizer-1-llama
[100%] Built target test-model-load-cancel
[100%] Built target llama-bench
[100%] Built target test-backend-ops
[100%] Built target parallel
[100%] Built target convert-llama2c-to-ggml
[100%] Built target beam-search
[100%] Built target infill
[100%] Built target vdot
[100%] Built target lookup
[100%] Built target main
[100%] Built target batched
[100%] Built target finetune
[100%] Built target batched-bench
[100%] Built target export-lora
[100%] Built target passkey
[100%] Built target server
[100%] Built target embedding
[100%] Built target train-text-from-scratch
[100%] Built target lookahead
[100%] Built target tokenize
[100%] Built target llava-cli
[100%] Built target q8dot
[100%] Built target perplexity
[100%] Built target simple
[100%] Built target save-load-state
[100%] Built target imatrix
[100%] Built target speculative

real	1m18.358s
user	1m22.261s
sys	0m4.116s
+ ctest --output-on-failure -L main
Test project /home/ggml/work/llama.cpp/build-ci-release
      Start  1: test-quantize-fns
 1/20 Test  #1: test-quantize-fns ...................   Passed    0.70 sec
      Start  2: test-quantize-perf
 2/20 Test  #2: test-quantize-perf ..................   Passed    0.77 sec
      Start  3: test-sampling
 3/20 Test  #3: test-sampling .......................   Passed    0.04 sec
      Start  4: test-tokenizer-0-llama
 4/20 Test  #4: test-tokenizer-0-llama ..............   Passed    0.59 sec
      Start  5: test-tokenizer-0-falcon
 5/20 Test  #5: test-tokenizer-0-falcon .............   Passed    0.86 sec
      Start  6: test-tokenizer-1-llama
 6/20 Test  #6: test-tokenizer-1-llama ..............   Passed    1.07 sec
      Start  7: test-tokenizer-1-baichuan
 7/20 Test  #7: test-tokenizer-1-baichuan ...........   Passed    1.17 sec
      Start  8: test-tokenizer-1-falcon
 8/20 Test  #8: test-tokenizer-1-falcon .............   Passed    1.63 sec
      Start  9: test-tokenizer-1-aquila
 9/20 Test  #9: test-tokenizer-1-aquila .............   Passed    2.28 sec
      Start 10: test-tokenizer-1-mpt
10/20 Test #10: test-tokenizer-1-mpt ................   Passed    1.43 sec
      Start 11: test-tokenizer-1-stablelm-3b-4e1t
11/20 Test #11: test-tokenizer-1-stablelm-3b-4e1t ...   Passed    1.41 sec
      Start 12: test-tokenizer-1-gpt-neox
12/20 Test #12: test-tokenizer-1-gpt-neox ...........   Passed    1.41 sec
      Start 13: test-tokenizer-1-refact
13/20 Test #13: test-tokenizer-1-refact .............   Passed    1.40 sec
      Start 14: test-tokenizer-1-starcoder
14/20 Test #14: test-tokenizer-1-starcoder ..........   Passed    1.39 sec
      Start 15: test-tokenizer-1-gpt2
15/20 Test #15: test-tokenizer-1-gpt2 ...............   Passed    1.39 sec
      Start 16: test-grammar-parser
16/20 Test #16: test-grammar-parser .................   Passed    0.00 sec
      Start 17: test-llama-grammar
17/20 Test #17: test-llama-grammar ..................   Passed    0.04 sec
      Start 18: test-grad0
18/20 Test #18: test-grad0 ..........................   Passed    5.20 sec
      Start 19: test-backend-ops
19/20 Test #19: test-backend-ops ....................   Passed   38.62 sec
      Start 20: test-rope
20/20 Test #20: test-rope ...........................   Passed    0.62 sec

100% tests passed, 0 tests failed out of 20

Label Time Summary:
main    =  62.00 sec*proc (20 tests)

Total Test time (real) =  62.02 sec

real	1m2.050s
user	0m58.857s
sys	0m26.565s
