+ cmake -DCMAKE_BUILD_TYPE=Debug -DGGML_CUBLAS=ON ..
CMake Deprecation Warning at CMakeLists.txt:1 (cmake_minimum_required):
  Compatibility with CMake < 3.5 will be removed from a future version of
  CMake.

  Update the VERSION argument <min> value or use a ...<max> suffix to tell
  CMake that the project does not need compatibility with older versions.


-- The C compiler identification is GNU 11.4.0
-- The CXX compiler identification is GNU 11.4.0
-- Detecting C compiler ABI info
-- Detecting C compiler ABI info - done
-- Check for working C compiler: /usr/bin/cc - skipped
-- Detecting C compile features
-- Detecting C compile features - done
-- Detecting CXX compiler ABI info
-- Detecting CXX compiler ABI info - done
-- Check for working CXX compiler: /usr/bin/c++ - skipped
-- Detecting CXX compile features
-- Detecting CXX compile features - done
-- Found Git: /usr/bin/git (found version "2.34.1") 
-- Performing Test CMAKE_HAVE_LIBC_PTHREAD
-- Performing Test CMAKE_HAVE_LIBC_PTHREAD - Success
-- Found Threads: TRUE  
-- CMAKE_SYSTEM_PROCESSOR: x86_64
GNU ld (GNU Binutils for Ubuntu) 2.38
-- x86 detected
-- Linux detected
-- Found CUDAToolkit: /usr/local/cuda-12.2/include (found version "12.2.140") 
-- cuBLAS found
-- The CUDA compiler identification is NVIDIA 12.2.140
-- Detecting CUDA compiler ABI info
-- Detecting CUDA compiler ABI info - done
-- Check for working CUDA compiler: /usr/local/cuda-12.2/bin/nvcc - skipped
-- Detecting CUDA compile features
-- Detecting CUDA compile features - done
-- GGML CUDA sources found
-- GGML Configuring CUDA architectures 52;61;70
-- x86 detected
-- Linux detected
-- Configuring done (3.2s)
-- Generating done (0.1s)
-- Build files have been written to: /home/ggml/work/ggml/build-ci-debug

real	0m3.366s
user	0m2.548s
sys	0m0.805s
+ make -j
[  2%] Building CXX object examples/CMakeFiles/common.dir/common.cpp.o
[  2%] Building C object src/CMakeFiles/ggml.dir/ggml.c.o
[  3%] Building C object src/CMakeFiles/ggml.dir/ggml-alloc.c.o
[  4%] Building C object src/CMakeFiles/ggml.dir/ggml-backend.c.o
[  5%] Building CUDA object src/CMakeFiles/ggml.dir/ggml-cuda.cu.o
[  6%] Building C object src/CMakeFiles/ggml.dir/ggml-quants.c.o
[  7%] Linking CXX static library libcommon.a
[  7%] Built target common
[  8%] Linking CUDA shared library libggml.so
[  8%] Built target ggml
[ 10%] Building C object tests/CMakeFiles/test-vec0.dir/test-vec0.c.o
[ 11%] Building CXX object tests/CMakeFiles/test-grad0.dir/test-grad0.cpp.o
[ 12%] Building C object tests/CMakeFiles/test-vec1.dir/test-vec1.c.o
[ 13%] Building CXX object tests/CMakeFiles/test-opt.dir/test-opt.cpp.o
[ 14%] Building CXX object tests/CMakeFiles/test-quantize-fns.dir/test-quantize-fns.cpp.o
[ 15%] Building CXX object tests/CMakeFiles/test-quantize-perf.dir/test-quantize-perf.cpp.o
[ 16%] Building C object tests/CMakeFiles/test-mul-mat2.dir/test-mul-mat2.c.o
[ 17%] Building C object tests/CMakeFiles/test-mul-mat0.dir/test-mul-mat0.c.o
[ 19%] Linking C executable ../bin/test-vec0
[ 20%] Building C object tests/CMakeFiles/test1.dir/test1.c.o
[ 21%] Building C object tests/CMakeFiles/test0.dir/test0.c.o
[ 22%] Building C object tests/CMakeFiles/test2.dir/test2.c.o
[ 24%] Building C object tests/CMakeFiles/test-pool.dir/test-pool.c.o
[ 23%] Building C object tests/CMakeFiles/test3.dir/test3.c.o
[ 25%] Building C object tests/CMakeFiles/test-dup.dir/test-dup.c.o
[ 26%] Linking CXX executable ../bin/test-opt
[ 28%] Building C object tests/CMakeFiles/test-rel-pos.dir/test-rel-pos.c.o
[ 29%] Building C object tests/CMakeFiles/test-conv-transpose.dir/test-conv-transpose.c.o
[ 30%] Building C object tests/CMakeFiles/test-customop.dir/test-customop.c.o
[ 30%] Built target test-vec0
[ 31%] Building C object tests/CMakeFiles/test-xpos.dir/test-xpos.c.o
[ 32%] Linking C executable ../bin/test0
[ 33%] Linking C executable ../bin/test-rel-pos
[ 34%] Building CXX object tests/CMakeFiles/test-conv1d.dir/test-conv1d.cpp.o
[ 35%] Building CXX object tests/CMakeFiles/test-conv2d.dir/test-conv2d.cpp.o
[ 37%] Linking C executable ../bin/test3
[ 38%] Building CXX object tests/CMakeFiles/test-mul-mat.dir/test-mul-mat.cpp.o
[ 39%] Building CXX object tests/CMakeFiles/test-backend-buffer.dir/test-backend-buffer.cpp.o
[ 40%] Linking C executable ../bin/test-xpos
[ 41%] Linking C executable ../bin/test2
[ 42%] Building CXX object tests/CMakeFiles/test-backend-ops.dir/test-backend-ops.cpp.o
[ 43%] Linking C executable ../bin/test-dup
[ 44%] Building CXX object examples/CMakeFiles/common-ggml.dir/common-ggml.cpp.o
[ 46%] Linking C executable ../bin/test-conv-transpose
[ 47%] Linking C executable ../bin/test-customop
[ 48%] Building CXX object examples/whisper/CMakeFiles/whisper-cpp.dir/whisper.cpp.o
[ 49%] Linking C executable ../bin/test-pool
[ 49%] Built target test-opt
[ 50%] Building CXX object examples/mnist/CMakeFiles/mnist-cnn.dir/main-cnn.cpp.o
[ 51%] Linking C executable ../bin/test-mul-mat0
[ 52%] Building CXX object examples/mnist/CMakeFiles/mnist.dir/main.cpp.o
[ 53%] Linking C executable ../bin/test1
[ 55%] Building CXX object examples/sam/CMakeFiles/sam.dir/main.cpp.o
[ 56%] Building CXX object examples/mnist/CMakeFiles/mnist-cpu.dir/main-cpu.cpp.o
[ 57%] Building CXX object examples/yolo/CMakeFiles/yolov3-tiny.dir/yolov3-tiny.cpp.o
[ 58%] Building CXX object examples/yolo/CMakeFiles/yolov3-tiny.dir/yolo-image.cpp.o
[ 58%] Built target test-rel-pos
[ 59%] Linking CXX executable ../bin/test-backend-buffer
[ 59%] Built target test0
[ 59%] Built target test3
[ 59%] Built target test2
[ 59%] Built target test-dup
[ 59%] Built target test-xpos
[ 60%] Linking CXX executable ../bin/test-grad0
[ 60%] Built target test-customop
[ 60%] Built target test1
[ 60%] Built target test-pool
[ 61%] Linking CXX executable ../bin/test-quantize-fns
[ 61%] Built target test-conv-transpose
[ 61%] Built target test-mul-mat0
[ 62%] Linking C executable ../bin/test-vec1
[ 62%] Built target test-backend-buffer
[ 62%] Built target test-grad0
[ 62%] Built target test-vec1
[ 62%] Built target test-quantize-fns
[ 64%] Linking C executable ../bin/test-mul-mat2
/home/ggml/work/ggml/tests/test-conv1d.cpp:24:13: warning: ‘void ggml_log_callback_default(ggml_log_level, const char*, void*)’ defined but not used [-Wunused-function]
   24 | static void ggml_log_callback_default(ggml_log_level level, const char * text, void * user_data) {
      |             ^~~~~~~~~~~~~~~~~~~~~~~~~
/home/ggml/work/ggml/tests/test-conv2d.cpp:24:13: warning: ‘void ggml_log_callback_default(ggml_log_level, const char*, void*)’ defined but not used [-Wunused-function]
   24 | static void ggml_log_callback_default(ggml_log_level level, const char * text, void * user_data) {
      |             ^~~~~~~~~~~~~~~~~~~~~~~~~
[ 64%] Built target test-mul-mat2
[ 65%] Linking CXX executable ../bin/test-conv2d
[ 66%] Linking CXX executable ../bin/test-conv1d
[ 66%] Built target test-conv2d
[ 67%] Linking CXX executable ../bin/test-mul-mat
[ 67%] Built target test-conv1d
[ 67%] Built target test-mul-mat
[ 68%] Linking CXX executable ../../bin/mnist-cpu
[ 68%] Built target mnist-cpu
[ 69%] Linking CXX executable ../../bin/mnist-cnn
[ 70%] Linking CXX executable ../../bin/mnist
[ 71%] Linking CXX executable ../bin/test-quantize-perf
[ 71%] Built target mnist
[ 71%] Built target mnist-cnn
[ 71%] Built target test-quantize-perf
[ 73%] Linking CXX executable ../../bin/yolov3-tiny
[ 74%] Linking CXX executable ../bin/test-backend-ops
[ 74%] Built target yolov3-tiny
[ 74%] Built target test-backend-ops
[ 75%] Linking CXX executable ../../bin/sam
[ 75%] Built target sam
[ 76%] Linking CXX static library libcommon-ggml.a
[ 76%] Built target common-ggml
[ 77%] Building CXX object examples/gpt-2/CMakeFiles/gpt-2-ctx.dir/main-ctx.cpp.o
[ 78%] Building CXX object examples/gpt-2/CMakeFiles/gpt-2-alloc.dir/main-alloc.cpp.o
[ 79%] Building CXX object examples/gpt-2/CMakeFiles/gpt-2-backend.dir/main-backend.cpp.o
[ 80%] Building CXX object examples/gpt-2/CMakeFiles/gpt-2-sched.dir/main-sched.cpp.o
[ 82%] Building CXX object examples/gpt-j/CMakeFiles/gpt-j-quantize.dir/quantize.cpp.o
[ 83%] Building CXX object examples/gpt-2/CMakeFiles/gpt-2-batched.dir/main-batched.cpp.o
[ 84%] Building CXX object examples/gpt-2/CMakeFiles/gpt-2-quantize.dir/quantize.cpp.o
[ 85%] Building CXX object examples/gpt-j/CMakeFiles/gpt-j.dir/main.cpp.o
[ 86%] Building CXX object examples/whisper/CMakeFiles/whisper-quantize.dir/quantize.cpp.o
[ 87%] Linking CXX executable ../../bin/gpt-2-quantize
[ 88%] Linking CXX executable ../../bin/gpt-j-quantize
[ 89%] Linking CXX executable ../../bin/gpt-2-backend
[ 89%] Built target gpt-2-quantize
[ 89%] Built target gpt-j-quantize
[ 91%] Linking CXX executable ../../bin/gpt-2-alloc
[ 92%] Linking CXX executable ../../bin/whisper-quantize
[ 92%] Built target gpt-2-backend
[ 92%] Built target gpt-2-alloc
[ 93%] Linking CXX executable ../../bin/gpt-2-batched
[ 94%] Linking CXX executable ../../bin/gpt-2-ctx
[ 94%] Built target whisper-quantize
[ 95%] Linking CXX executable ../../bin/gpt-j
[ 95%] Built target gpt-2-batched
[ 95%] Built target gpt-2-ctx
[ 95%] Built target gpt-j
[ 96%] Linking CXX executable ../../bin/gpt-2-sched
[ 96%] Built target gpt-2-sched
[ 97%] Linking CXX static library libwhisper-cpp.a
[ 97%] Built target whisper-cpp
[ 98%] Building CXX object examples/whisper/CMakeFiles/whisper.dir/main.cpp.o
[100%] Linking CXX executable ../../bin/whisper
[100%] Built target whisper

real	1m38.365s
user	2m8.899s
sys	0m6.593s
+ ctest --output-on-failure -E test-opt
Test project /home/ggml/work/ggml/build-ci-debug
      Start  1: test-grad0
 1/20 Test  #1: test-grad0 .......................   Passed    5.18 sec
      Start  2: test-quantize-fns
 2/20 Test  #2: test-quantize-fns ................   Passed    5.79 sec
      Start  3: test-quantize-perf
 3/20 Test  #3: test-quantize-perf ...............   Passed    1.29 sec
      Start  4: test-mul-mat0
 4/20 Test  #4: test-mul-mat0 ....................   Passed    1.07 sec
      Start  5: test-mul-mat2
 5/20 Test  #5: test-mul-mat2 ....................   Passed    8.12 sec
      Start  6: test0
 6/20 Test  #6: test0 ............................   Passed    0.52 sec
      Start  7: test1
 7/20 Test  #7: test1 ............................   Passed    0.53 sec
      Start  8: test2
 8/20 Test  #8: test2 ............................   Passed   20.75 sec
      Start  9: test3
 9/20 Test  #9: test3 ............................   Passed    2.00 sec
      Start 10: test-pool
10/20 Test #10: test-pool ........................   Passed    0.52 sec
      Start 11: test-conv-transpose
11/20 Test #11: test-conv-transpose ..............   Passed    0.51 sec
      Start 12: test-dup
12/20 Test #12: test-dup .........................   Passed    0.52 sec
      Start 13: test-rel-pos
13/20 Test #13: test-rel-pos .....................   Passed    0.51 sec
      Start 14: test-customop
14/20 Test #14: test-customop ....................   Passed    0.52 sec
      Start 15: test-xpos
15/20 Test #15: test-xpos ........................   Passed    0.53 sec
      Start 16: test-conv1d
16/20 Test #16: test-conv1d ......................   Passed    0.60 sec
      Start 17: test-conv2d
17/20 Test #17: test-conv2d ......................   Passed    0.57 sec
      Start 18: test-mul-mat
18/20 Test #18: test-mul-mat .....................   Passed    0.56 sec
      Start 19: test-backend-buffer
19/20 Test #19: test-backend-buffer ..............   Passed    0.54 sec
      Start 20: test-backend-ops
20/20 Test #20: test-backend-ops .................   Passed  151.86 sec

100% tests passed, 0 tests failed out of 20

Total Test time (real) = 202.51 sec

real	3m22.542s
user	6m58.967s
sys	0m26.835s
