+ cmake -DCMAKE_BUILD_TYPE=Release -DGGML_CUBLAS=ON ..
CMake Deprecation Warning at CMakeLists.txt:1 (cmake_minimum_required):
  Compatibility with CMake < 3.5 will be removed from a future version of
  CMake.

  Update the VERSION argument <min> value or use a ...<max> suffix to tell
  CMake that the project does not need compatibility with older versions.


-- The C compiler identification is GNU 11.4.0
-- The CXX compiler identification is GNU 11.4.0
-- Detecting C compiler ABI info
-- Detecting C compiler ABI info - done
-- Check for working C compiler: /usr/bin/cc - skipped
-- Detecting C compile features
-- Detecting C compile features - done
-- Detecting CXX compiler ABI info
-- Detecting CXX compiler ABI info - done
-- Check for working CXX compiler: /usr/bin/c++ - skipped
-- Detecting CXX compile features
-- Detecting CXX compile features - done
-- Found Git: /usr/bin/git (found version "2.34.1") 
-- Performing Test CMAKE_HAVE_LIBC_PTHREAD
-- Performing Test CMAKE_HAVE_LIBC_PTHREAD - Success
-- Found Threads: TRUE  
-- CMAKE_SYSTEM_PROCESSOR: x86_64
GNU ld (GNU Binutils for Ubuntu) 2.38
-- x86 detected
-- Linux detected
-- Found CUDAToolkit: /usr/local/cuda-12.2/include (found version "12.2.140") 
-- cuBLAS found
-- The CUDA compiler identification is NVIDIA 12.2.140
-- Detecting CUDA compiler ABI info
-- Detecting CUDA compiler ABI info - done
-- Check for working CUDA compiler: /usr/local/cuda-12.2/bin/nvcc - skipped
-- Detecting CUDA compile features
-- Detecting CUDA compile features - done
-- GGML CUDA sources found
-- GGML Configuring CUDA architectures 52;61;70
-- x86 detected
-- Linux detected
-- Configuring done (3.2s)
-- Generating done (0.1s)
-- Build files have been written to: /home/ggml/work/ggml/build-ci-release

real	0m3.366s
user	0m2.590s
sys	0m0.783s
+ make -j
[  1%] Building C object src/CMakeFiles/ggml.dir/ggml.c.o
[  3%] Building C object src/CMakeFiles/ggml.dir/ggml-alloc.c.o
[  3%] Building CXX object examples/CMakeFiles/common.dir/common.cpp.o
[  4%] Building C object src/CMakeFiles/ggml.dir/ggml-backend.c.o
[  5%] Building C object src/CMakeFiles/ggml.dir/ggml-quants.c.o
[  6%] Building CUDA object src/CMakeFiles/ggml.dir/ggml-cuda.cu.o
[  7%] Linking CXX static library libcommon.a
[  7%] Built target common
[  8%] Linking CUDA shared library libggml.so
[  8%] Built target ggml
[  9%] Building C object tests/CMakeFiles/test-vec0.dir/test-vec0.c.o
[ 10%] Building CXX object tests/CMakeFiles/test-grad0.dir/test-grad0.cpp.o
[ 11%] Building CXX object tests/CMakeFiles/test-opt.dir/test-opt.cpp.o
[ 13%] Building CXX object tests/CMakeFiles/test-quantize-fns.dir/test-quantize-fns.cpp.o
[ 13%] Building CXX object tests/CMakeFiles/test-quantize-perf.dir/test-quantize-perf.cpp.o
[ 14%] Building C object tests/CMakeFiles/test-vec1.dir/test-vec1.c.o
[ 15%] Building C object tests/CMakeFiles/test-mul-mat2.dir/test-mul-mat2.c.o
[ 16%] Building C object tests/CMakeFiles/test0.dir/test0.c.o
[ 17%] Building C object tests/CMakeFiles/test-mul-mat0.dir/test-mul-mat0.c.o
[ 18%] Building C object tests/CMakeFiles/test1.dir/test1.c.o
[ 19%] Building CXX object tests/CMakeFiles/test-arange.dir/test-arange.cpp.o
[ 20%] Building C object tests/CMakeFiles/test3.dir/test3.c.o
[ 21%] Building C object tests/CMakeFiles/test2.dir/test2.c.o
[ 22%] Building C object tests/CMakeFiles/test-pool.dir/test-pool.c.o
[ 23%] Building CXX object tests/CMakeFiles/test-timestep_embedding.dir/test-timestep_embedding.cpp.o
[ 24%] Building C object tests/CMakeFiles/test-conv-transpose.dir/test-conv-transpose.c.o
[ 25%] Building C object tests/CMakeFiles/test-rel-pos.dir/test-rel-pos.c.o
[ 26%] Building C object tests/CMakeFiles/test-dup.dir/test-dup.c.o
[ 27%] Linking C executable ../bin/test0
[ 29%] Building C object tests/CMakeFiles/test-customop.dir/test-customop.c.o
[ 29%] Linking C executable ../bin/test-vec0
[ 30%] Linking CXX executable ../bin/test-opt
[ 31%] Building C object tests/CMakeFiles/test-xpos.dir/test-xpos.c.o
[ 32%] Building CXX object tests/CMakeFiles/test-conv1d.dir/test-conv1d.cpp.o
[ 33%] Linking CXX executable ../bin/test-arange
[ 34%] Building CXX object tests/CMakeFiles/test-conv2d.dir/test-conv2d.cpp.o
[ 35%] Building CXX object tests/CMakeFiles/test-mul-mat.dir/test-mul-mat.cpp.o
[ 36%] Building CXX object tests/CMakeFiles/test-backend-buffer.dir/test-backend-buffer.cpp.o
[ 37%] Building CXX object tests/CMakeFiles/test-backend-ops.dir/test-backend-ops.cpp.o
[ 38%] Building CXX object examples/CMakeFiles/common-ggml.dir/common-ggml.cpp.o
[ 39%] Linking C executable ../bin/test-rel-pos
[ 40%] Building CXX object examples/whisper/CMakeFiles/whisper-cpp.dir/whisper.cpp.o
[ 41%] Building CXX object examples/mnist/CMakeFiles/mnist.dir/main.cpp.o
[ 42%] Linking C executable ../bin/test-pool
[ 42%] Built target test-vec0
[ 43%] Building CXX object examples/mnist/CMakeFiles/mnist-cnn.dir/main-cnn.cpp.o
[ 44%] Linking C executable ../bin/test3
[ 45%] Building CXX object examples/mnist/CMakeFiles/mnist-cpu.dir/main-cpu.cpp.o
[ 46%] Building CXX object examples/sam/CMakeFiles/sam.dir/main.cpp.o
[ 47%] Linking C executable ../bin/test1
[ 49%] Building CXX object examples/yolo/CMakeFiles/yolov3-tiny.dir/yolo-image.cpp.o
[ 50%] Linking C executable ../bin/test-dup
[ 51%] Building CXX object examples/simple/CMakeFiles/simple-ctx.dir/simple-ctx.cpp.o
[ 49%] Building CXX object examples/yolo/CMakeFiles/yolov3-tiny.dir/yolov3-tiny.cpp.o
[ 52%] Linking C executable ../bin/test2
[ 53%] Building CXX object examples/simple/CMakeFiles/simple-backend.dir/simple-backend.cpp.o
[ 53%] Built target test-opt
[ 53%] Built target test0
[ 53%] Built target test-arange
[ 54%] Linking C executable ../bin/test-xpos
[ 55%] Linking C executable ../bin/test-customop
[ 56%] Linking C executable ../bin/test-conv-transpose
[ 56%] Built target test1
[ 56%] Built target test-pool
[ 56%] Built target test-rel-pos
[ 57%] Linking CXX executable ../bin/test-backend-buffer
[ 57%] Built target test-dup
[ 57%] Built target test2
[ 57%] Built target test3
[ 58%] Linking C executable ../bin/test-mul-mat0
[ 58%] Built target test-conv-transpose
[ 59%] Linking CXX executable ../bin/test-quantize-fns
[ 59%] Built target test-customop
[ 59%] Built target test-xpos
[ 59%] Built target test-backend-buffer
[ 60%] Linking CXX executable ../bin/test-timestep_embedding
[ 60%] Built target test-mul-mat0
[ 60%] Built target test-quantize-fns
[ 60%] Built target test-timestep_embedding
/home/ggml/work/ggml/tests/test-conv2d.cpp:24:13: warning: ‘void ggml_log_callback_default(ggml_log_level, const char*, void*)’ defined but not used [-Wunused-function]
   24 | static void ggml_log_callback_default(ggml_log_level level, const char * text, void * user_data) {
      |             ^~~~~~~~~~~~~~~~~~~~~~~~~
[ 61%] Linking C executable ../bin/test-vec1
/home/ggml/work/ggml/tests/test-conv1d.cpp:24:13: warning: ‘void ggml_log_callback_default(ggml_log_level, const char*, void*)’ defined but not used [-Wunused-function]
   24 | static void ggml_log_callback_default(ggml_log_level level, const char * text, void * user_data) {
      |             ^~~~~~~~~~~~~~~~~~~~~~~~~
[ 62%] Linking CXX executable ../bin/test-conv2d
[ 62%] Built target test-vec1
[ 63%] Linking CXX executable ../bin/test-mul-mat
[ 64%] Linking CXX executable ../../bin/mnist
[ 65%] Linking CXX executable ../../bin/mnist-cpu
[ 66%] Linking CXX executable ../bin/test-conv1d
[ 67%] Linking CXX executable ../../bin/simple-backend
[ 68%] Linking CXX executable ../../bin/simple-ctx
[ 68%] Built target test-conv2d
[ 68%] Built target test-mul-mat
[ 68%] Built target mnist
[ 68%] Built target mnist-cpu
[ 68%] Built target test-conv1d
[ 68%] Built target simple-ctx
[ 68%] Built target simple-backend
[ 69%] Linking CXX executable ../../bin/mnist-cnn
[ 70%] Linking CXX executable ../bin/test-grad0
[ 70%] Built target mnist-cnn
[ 71%] Linking C executable ../bin/test-mul-mat2
[ 71%] Built target test-grad0
[ 71%] Built target test-mul-mat2
[ 72%] Linking CXX executable ../bin/test-quantize-perf
[ 72%] Built target test-quantize-perf
[ 73%] Linking CXX executable ../bin/test-backend-ops
[ 73%] Built target test-backend-ops
[ 74%] Linking CXX static library libcommon-ggml.a
[ 74%] Built target common-ggml
[ 75%] Building CXX object examples/gpt-2/CMakeFiles/gpt-2-ctx.dir/main-ctx.cpp.o
[ 76%] Building CXX object examples/gpt-2/CMakeFiles/gpt-2-sched.dir/main-sched.cpp.o
[ 77%] Building CXX object examples/gpt-2/CMakeFiles/gpt-2-alloc.dir/main-alloc.cpp.o
[ 78%] Building CXX object examples/gpt-2/CMakeFiles/gpt-2-backend.dir/main-backend.cpp.o
[ 79%] Building CXX object examples/gpt-2/CMakeFiles/gpt-2-quantize.dir/quantize.cpp.o
[ 80%] Building CXX object examples/gpt-2/CMakeFiles/gpt-2-batched.dir/main-batched.cpp.o
[ 81%] Building CXX object examples/gpt-j/CMakeFiles/gpt-j-quantize.dir/quantize.cpp.o
[ 82%] Building CXX object examples/gpt-j/CMakeFiles/gpt-j.dir/main.cpp.o
[ 83%] Building CXX object examples/whisper/CMakeFiles/whisper-quantize.dir/quantize.cpp.o
[ 84%] Building CXX object examples/magika/CMakeFiles/magika.dir/main.cpp.o
[ 85%] Linking CXX executable ../../bin/magika
[ 85%] Built target magika
[ 86%] Linking CXX executable ../../bin/gpt-j-quantize
[ 87%] Linking CXX executable ../../bin/gpt-2-quantize
[ 87%] Built target gpt-j-quantize
[ 87%] Built target gpt-2-quantize
[ 88%] Linking CXX executable ../../bin/whisper-quantize
[ 88%] Built target whisper-quantize
[ 89%] Linking CXX executable ../../bin/yolov3-tiny
[ 90%] Linking CXX executable ../../bin/gpt-2-ctx
[ 91%] Linking CXX executable ../../bin/gpt-2-backend
[ 92%] Linking CXX executable ../../bin/gpt-2-alloc
[ 92%] Built target yolov3-tiny
[ 93%] Linking CXX executable ../../bin/gpt-j
[ 93%] Built target gpt-2-ctx
[ 93%] Built target gpt-2-backend
[ 93%] Built target gpt-2-alloc
[ 93%] Built target gpt-j
[ 94%] Linking CXX executable ../../bin/gpt-2-batched
[ 94%] Built target gpt-2-batched
[ 95%] Linking CXX executable ../../bin/gpt-2-sched
[ 95%] Built target gpt-2-sched
[ 96%] Linking CXX executable ../../bin/sam
[ 96%] Built target sam
[ 97%] Linking CXX static library libwhisper-cpp.a
[ 97%] Built target whisper-cpp
[ 98%] Building CXX object examples/whisper/CMakeFiles/whisper.dir/main.cpp.o
[100%] Linking CXX executable ../../bin/whisper
[100%] Built target whisper

real	2m1.934s
user	3m11.322s
sys	0m6.568s
+ ctest --output-on-failure
Test project /home/ggml/work/ggml/build-ci-release
      Start  1: test-grad0
 1/23 Test  #1: test-grad0 .......................   Passed    5.19 sec
      Start  2: test-opt
 2/23 Test  #2: test-opt .........................   Passed    3.54 sec
      Start  3: test-quantize-fns
 3/23 Test  #3: test-quantize-fns ................   Passed    8.99 sec
      Start  4: test-quantize-perf
 4/23 Test  #4: test-quantize-perf ...............   Passed    6.76 sec
      Start  5: test-mul-mat0
 5/23 Test  #5: test-mul-mat0 ....................   Passed    1.10 sec
      Start  6: test-mul-mat2
 6/23 Test  #6: test-mul-mat2 ....................   Passed    3.32 sec
      Start  7: test0
 7/23 Test  #7: test0 ............................   Passed    0.53 sec
      Start  8: test1
 8/23 Test  #8: test1 ............................   Passed    0.53 sec
      Start  9: test2
 9/23 Test  #9: test2 ............................   Passed   20.82 sec
      Start 10: test3
10/23 Test #10: test3 ............................   Passed    2.07 sec
      Start 11: test-pool
11/23 Test #11: test-pool ........................   Passed    0.58 sec
      Start 12: test-arange
12/23 Test #12: test-arange ......................   Passed    0.55 sec
      Start 13: test-timestep_embedding
13/23 Test #13: test-timestep_embedding ..........   Passed    0.57 sec
      Start 14: test-conv-transpose
14/23 Test #14: test-conv-transpose ..............   Passed    0.52 sec
      Start 15: test-dup
15/23 Test #15: test-dup .........................   Passed    0.54 sec
      Start 16: test-rel-pos
16/23 Test #16: test-rel-pos .....................   Passed    0.53 sec
      Start 17: test-customop
17/23 Test #17: test-customop ....................   Passed    0.52 sec
      Start 18: test-xpos
18/23 Test #18: test-xpos ........................   Passed    0.53 sec
      Start 19: test-conv1d
19/23 Test #19: test-conv1d ......................   Passed    0.56 sec
      Start 20: test-conv2d
20/23 Test #20: test-conv2d ......................   Passed    0.59 sec
      Start 21: test-mul-mat
21/23 Test #21: test-mul-mat .....................   Passed    0.55 sec
      Start 22: test-backend-buffer
22/23 Test #22: test-backend-buffer ..............   Passed    0.54 sec
      Start 23: test-backend-ops
23/23 Test #23: test-backend-ops .................   Passed   59.36 sec

100% tests passed, 0 tests failed out of 23

Total Test time (real) = 118.81 sec

real	1m58.842s
user	3m29.082s
sys	0m33.177s
