+ cmake -DCMAKE_BUILD_TYPE=Debug -DLLAMA_CUBLAS=1 ..
-- The C compiler identification is GNU 11.4.0
-- The CXX compiler identification is GNU 11.4.0
-- Detecting C compiler ABI info
-- Detecting C compiler ABI info - done
-- Check for working C compiler: /usr/bin/cc - skipped
-- Detecting C compile features
-- Detecting C compile features - done
-- Detecting CXX compiler ABI info
-- Detecting CXX compiler ABI info - done
-- Check for working CXX compiler: /usr/bin/c++ - skipped
-- Detecting CXX compile features
-- Detecting CXX compile features - done
-- Found Git: /usr/bin/git (found version "2.34.1") 
-- Performing Test CMAKE_HAVE_LIBC_PTHREAD
-- Performing Test CMAKE_HAVE_LIBC_PTHREAD - Success
-- Found Threads: TRUE  
-- Found CUDAToolkit: /usr/local/cuda-12.2/include (found version "12.2.140") 
-- cuBLAS found
-- The CUDA compiler identification is NVIDIA 12.2.140
-- Detecting CUDA compiler ABI info
-- Detecting CUDA compiler ABI info - done
-- Check for working CUDA compiler: /usr/local/cuda-12.2/bin/nvcc - skipped
-- Detecting CUDA compile features
-- Detecting CUDA compile features - done
-- Using CUDA architectures: 52;61;70
-- CUDA host compiler is GNU 11.4.0

-- ccache found, compilation results will be cached. Disable with LLAMA_CCACHE=OFF.
-- CMAKE_SYSTEM_PROCESSOR: x86_64
-- x86 detected
-- Configuring done (3.0s)
-- Generating done (0.1s)
-- Build files have been written to: /home/ggml/work/llama.cpp/build-ci-debug

real	0m3.235s
user	0m2.455s
sys	0m0.769s
+ make -j
[  1%] Generating build details from Git
[  2%] Building C object CMakeFiles/ggml.dir/ggml.c.o
[  2%] Building C object CMakeFiles/ggml.dir/ggml-backend.c.o
[  3%] Building C object CMakeFiles/ggml.dir/ggml-quants.c.o
[  4%] Building C object CMakeFiles/ggml.dir/ggml-alloc.c.o
-- Found Git: /usr/bin/git (found version "2.34.1") 
[  5%] Building CUDA object CMakeFiles/ggml.dir/ggml-cuda.cu.o
/home/ggml/work/llama.cpp/ggml-cuda.cu(645): warning #177-D: function "warp_reduce_sum(half2)" was declared but never referenced
                                   half2 warp_reduce_sum(half2 a) {
                                         ^

Remark: The warnings can be suppressed with "-diag-suppress <warning-number>"

/home/ggml/work/llama.cpp/ggml-cuda.cu(666): warning #177-D: function "warp_reduce_max(half2)" was declared but never referenced
                                   half2 warp_reduce_max(half2 x) {
                                         ^

/home/ggml/work/llama.cpp/ggml-cuda.cu(1696): warning #177-D: variable "ksigns64" was declared but never referenced
                         uint64_t ksigns64[128] = {
                                  ^

[  5%] Building CXX object common/CMakeFiles/build_info.dir/build-info.cpp.o
[  5%] Built target ggml
[  6%] Linking CUDA static library libggml_static.a
[  7%] Building CXX object CMakeFiles/llama.dir/llama.cpp.o
[  7%] Built target build_info
[  7%] Built target ggml_static
[  8%] Linking CXX static library libllama.a
[  8%] Built target llama
[  9%] Building CXX object examples/benchmark/CMakeFiles/benchmark.dir/benchmark-matmult.cpp.o
[ 10%] Building CXX object common/CMakeFiles/common.dir/sampling.cpp.o
[ 11%] Building C object tests/CMakeFiles/test-c.dir/test-c.c.o
[ 12%] Building CXX object common/CMakeFiles/common.dir/common.cpp.o
[ 13%] Building CXX object common/CMakeFiles/common.dir/grammar-parser.cpp.o
[ 13%] Building CXX object examples/llava/CMakeFiles/llava.dir/llava.cpp.o
[ 14%] Building CXX object examples/quantize/CMakeFiles/quantize.dir/quantize.cpp.o
[ 15%] Building CXX object common/CMakeFiles/common.dir/train.cpp.o
[ 16%] Building CXX object examples/llava/CMakeFiles/llava.dir/clip.cpp.o
[ 17%] Building CXX object common/CMakeFiles/common.dir/console.cpp.o
[ 18%] Building CXX object examples/quantize-stats/CMakeFiles/quantize-stats.dir/quantize-stats.cpp.o
[ 19%] Linking CXX executable ../../bin/quantize
[ 20%] Linking CXX executable ../../bin/benchmark
[ 21%] Linking CXX executable ../bin/test-c
[ 21%] Linking CXX static library libcommon.a
[ 21%] Built target llava
[ 22%] Linking CXX executable ../../bin/quantize-stats
[ 22%] Built target test-c
[ 23%] Linking CXX static library libllava_static.a
[ 23%] Built target llava_static
[ 23%] Built target common
[ 25%] Building CXX object tests/CMakeFiles/test-sampling.dir/get-model.cpp.o
[ 26%] Building CXX object tests/CMakeFiles/test-quantize-fns.dir/test-quantize-fns.cpp.o
[ 26%] Building CXX object tests/CMakeFiles/test-sampling.dir/test-sampling.cpp.o
[ 27%] Building CXX object tests/CMakeFiles/test-tokenizer-1-llama.dir/test-tokenizer-1-llama.cpp.o
[ 28%] Building CXX object tests/CMakeFiles/test-tokenizer-1-llama.dir/get-model.cpp.o
[ 29%] Building CXX object tests/CMakeFiles/test-quantize-perf.dir/test-quantize-perf.cpp.o
[ 29%] Building CXX object tests/CMakeFiles/test-quantize-fns.dir/get-model.cpp.o
[ 30%] Building CXX object tests/CMakeFiles/test-tokenizer-0-llama.dir/test-tokenizer-0-llama.cpp.o
[ 30%] Building CXX object tests/CMakeFiles/test-tokenizer-0-falcon.dir/test-tokenizer-0-falcon.cpp.o
[ 32%] Building CXX object tests/CMakeFiles/test-quantize-perf.dir/get-model.cpp.o
[ 31%] Building CXX object tests/CMakeFiles/test-tokenizer-0-llama.dir/get-model.cpp.o
[ 33%] Building CXX object tests/CMakeFiles/test-tokenizer-0-falcon.dir/get-model.cpp.o
[ 34%] Linking CXX executable ../bin/test-sampling
[ 34%] Built target benchmark
[ 35%] Linking CXX executable ../bin/test-quantize-perf
[ 36%] Linking CXX executable ../bin/test-quantize-fns
[ 37%] Linking CXX executable ../bin/test-tokenizer-0-falcon
[ 38%] Linking CXX executable ../bin/test-tokenizer-1-llama
[ 39%] Building CXX object tests/CMakeFiles/test-grammar-parser.dir/test-grammar-parser.cpp.o
[ 40%] Linking CXX executable ../bin/test-tokenizer-0-llama
[ 41%] Building CXX object tests/CMakeFiles/test-grammar-parser.dir/get-model.cpp.o
[ 41%] Building CXX object tests/CMakeFiles/test-tokenizer-1-bpe.dir/test-tokenizer-1-bpe.cpp.o
[ 42%] Building CXX object tests/CMakeFiles/test-grad0.dir/test-grad0.cpp.o
[ 42%] Building CXX object tests/CMakeFiles/test-grad0.dir/get-model.cpp.o
[ 43%] Building CXX object tests/CMakeFiles/test-llama-grammar.dir/test-llama-grammar.cpp.o
[ 44%] Building CXX object tests/CMakeFiles/test-tokenizer-1-bpe.dir/get-model.cpp.o
[ 44%] Building CXX object tests/CMakeFiles/test-rope.dir/test-rope.cpp.o
[ 44%] Building CXX object tests/CMakeFiles/test-backend-ops.dir/test-backend-ops.cpp.o
[ 45%] Building CXX object tests/CMakeFiles/test-backend-ops.dir/get-model.cpp.o
[ 45%] Building CXX object tests/CMakeFiles/test-llama-grammar.dir/get-model.cpp.o
[ 46%] Building CXX object tests/CMakeFiles/test-rope.dir/get-model.cpp.o
[ 47%] Linking CXX executable ../bin/test-grad0
[ 48%] Building CXX object tests/CMakeFiles/test-model-load-cancel.dir/test-model-load-cancel.cpp.o
[ 49%] Linking CXX executable ../bin/test-grammar-parser
[ 50%] Building CXX object tests/CMakeFiles/test-model-load-cancel.dir/get-model.cpp.o
[ 51%] Building CXX object tests/CMakeFiles/test-autorelease.dir/test-autorelease.cpp.o
[ 52%] Building CXX object tests/CMakeFiles/test-autorelease.dir/get-model.cpp.o
[ 52%] Building CXX object examples/baby-llama/CMakeFiles/baby-llama.dir/baby-llama.cpp.o
[ 53%] Linking CXX executable ../bin/test-backend-ops
[ 54%] Linking CXX executable ../bin/test-tokenizer-1-bpe
[ 55%] Linking CXX executable ../bin/test-rope
[ 56%] Building CXX object examples/batched/CMakeFiles/batched.dir/batched.cpp.o
[ 57%] Linking CXX executable ../bin/test-model-load-cancel
[ 58%] Building CXX object examples/batched-bench/CMakeFiles/batched-bench.dir/batched-bench.cpp.o
[ 59%] Building CXX object examples/beam-search/CMakeFiles/beam-search.dir/beam-search.cpp.o
[ 60%] Linking CXX executable ../../bin/baby-llama
[ 61%] Linking CXX executable ../bin/test-autorelease
[ 62%] Building CXX object examples/convert-llama2c-to-ggml/CMakeFiles/convert-llama2c-to-ggml.dir/convert-llama2c-to-ggml.cpp.o
[ 63%] Building CXX object examples/embedding/CMakeFiles/embedding.dir/embedding.cpp.o
[ 63%] Linking CXX executable ../../bin/batched-bench
[ 64%] Building CXX object examples/finetune/CMakeFiles/finetune.dir/finetune.cpp.o
[ 65%] Linking CXX executable ../../bin/batched
[ 66%] Linking CXX executable ../../bin/beam-search
[ 66%] Building CXX object examples/infill/CMakeFiles/infill.dir/infill.cpp.o
[ 67%] Building CXX object examples/llama-bench/CMakeFiles/llama-bench.dir/llama-bench.cpp.o
[ 68%] Building CXX object examples/llava/CMakeFiles/llava-cli.dir/llava-cli.cpp.o
[ 69%] Linking CXX executable ../../bin/convert-llama2c-to-ggml
[ 70%] Linking CXX executable ../../bin/finetune
[ 71%] Linking CXX executable ../../bin/embedding
[ 71%] Building CXX object examples/tokenize/CMakeFiles/tokenize.dir/tokenize.cpp.o
[ 72%] Building CXX object examples/main/CMakeFiles/main.dir/main.cpp.o
[ 72%] Building CXX object examples/parallel/CMakeFiles/parallel.dir/parallel.cpp.o
[ 73%] Linking CXX executable ../../bin/infill
[ 74%] Building CXX object examples/perplexity/CMakeFiles/perplexity.dir/perplexity.cpp.o
[ 75%] Linking CXX executable ../../bin/llava-cli
[ 75%] Building CXX object examples/save-load-state/CMakeFiles/save-load-state.dir/save-load-state.cpp.o
[ 76%] Linking CXX executable ../../bin/main
[ 77%] Linking CXX executable ../../bin/tokenize
[ 78%] Building CXX object examples/simple/CMakeFiles/simple.dir/simple.cpp.o
[ 79%] Building CXX object examples/passkey/CMakeFiles/passkey.dir/passkey.cpp.o
[ 79%] Built target test-quantize-perf
[ 80%] Linking CXX executable ../../bin/llama-bench
[ 80%] Building CXX object examples/speculative/CMakeFiles/speculative.dir/speculative.cpp.o
[ 81%] Linking CXX executable ../../bin/parallel
[ 82%] Linking CXX executable ../../bin/passkey
[ 83%] Linking CXX executable ../../bin/perplexity
[ 84%] Building CXX object examples/lookahead/CMakeFiles/lookahead.dir/lookahead.cpp.o
[ 85%] Linking CXX executable ../../bin/simple
[ 86%] Linking CXX executable ../../bin/save-load-state
[ 87%] Building CXX object examples/lookup/CMakeFiles/lookup.dir/lookup.cpp.o
[ 88%] Building CXX object examples/train-text-from-scratch/CMakeFiles/train-text-from-scratch.dir/train-text-from-scratch.cpp.o
[ 88%] Built target test-grammar-parser
[ 89%] Building CXX object examples/imatrix/CMakeFiles/imatrix.dir/imatrix.cpp.o
[ 89%] Built target test-quantize-fns
[ 89%] Linking CXX executable ../../bin/lookahead
[ 90%] Linking CXX executable ../../bin/speculative
[ 91%] Building CXX object examples/server/CMakeFiles/server.dir/server.cpp.o
[ 92%] Building CXX object examples/export-lora/CMakeFiles/export-lora.dir/export-lora.cpp.o
[ 93%] Linking CXX executable ../../bin/lookup
[ 94%] Linking CXX executable ../../bin/imatrix
[ 95%] Linking CXX executable ../../bin/train-text-from-scratch
[ 96%] Building CXX object pocs/vdot/CMakeFiles/vdot.dir/vdot.cpp.o
[ 96%] Building CXX object pocs/vdot/CMakeFiles/q8dot.dir/q8dot.cpp.o
[ 96%] Linking CXX executable ../../bin/export-lora
[ 97%] Linking CXX executable ../../bin/q8dot
[ 98%] Linking CXX executable ../../bin/vdot
[ 98%] Built target test-grad0
[ 99%] Linking CXX executable ../../bin/server
[ 99%] Built target convert-llama2c-to-ggml
[ 99%] Built target test-rope
[ 99%] Built target quantize
[ 99%] Built target test-backend-ops
[ 99%] Built target quantize-stats
[ 99%] Built target export-lora
[ 99%] Built target q8dot
[ 99%] Built target vdot
[ 99%] Built target test-sampling
[ 99%] Built target test-tokenizer-0-falcon
[ 99%] Built target test-autorelease
[ 99%] Built target test-model-load-cancel
[ 99%] Built target test-tokenizer-0-llama
[ 99%] Built target test-tokenizer-1-bpe
[ 99%] Built target batched
[ 99%] Built target baby-llama
[ 99%] Built target test-tokenizer-1-llama
[ 99%] Built target passkey
[ 99%] Built target main
[ 99%] Built target embedding
[ 99%] Built target beam-search
[ 99%] Built target batched-bench
[ 99%] Built target infill
[ 99%] Built target save-load-state
[ 99%] Built target train-text-from-scratch
[ 99%] Built target speculative
[ 99%] Built target tokenize
[ 99%] Built target simple
[ 99%] Built target perplexity
[ 99%] Built target lookahead
[ 99%] Built target finetune
[ 99%] Built target llama-bench
[ 99%] Built target imatrix
[ 99%] Built target llava-cli
[ 99%] Built target parallel
[ 99%] Built target lookup
[ 99%] Built target server
[100%] Linking CXX executable ../bin/test-llama-grammar
[100%] Built target test-llama-grammar

real	0m24.348s
user	0m38.748s
sys	0m5.778s
+ ctest --output-on-failure -L main -E test-opt
Test project /home/ggml/work/llama.cpp/build-ci-debug
      Start  1: test-quantize-fns
 1/20 Test  #1: test-quantize-fns ...................   Passed    0.81 sec
      Start  2: test-quantize-perf
 2/20 Test  #2: test-quantize-perf ..................   Passed    1.21 sec
      Start  3: test-sampling
 3/20 Test  #3: test-sampling .......................   Passed    0.07 sec
      Start  4: test-tokenizer-0-llama
 4/20 Test  #4: test-tokenizer-0-llama ..............   Passed    0.73 sec
      Start  5: test-tokenizer-0-falcon
 5/20 Test  #5: test-tokenizer-0-falcon .............   Passed    1.75 sec
      Start  6: test-tokenizer-1-llama
 6/20 Test  #6: test-tokenizer-1-llama ..............   Passed    4.22 sec
      Start  7: test-tokenizer-1-baichuan
 7/20 Test  #7: test-tokenizer-1-baichuan ...........   Passed    4.58 sec
      Start  8: test-tokenizer-1-falcon
 8/20 Test  #8: test-tokenizer-1-falcon .............   Passed    8.37 sec
      Start  9: test-tokenizer-1-aquila
 9/20 Test  #9: test-tokenizer-1-aquila .............   Passed   11.83 sec
      Start 10: test-tokenizer-1-mpt
10/20 Test #10: test-tokenizer-1-mpt ................   Passed    6.99 sec
      Start 11: test-tokenizer-1-stablelm-3b-4e1t
11/20 Test #11: test-tokenizer-1-stablelm-3b-4e1t ...   Passed    6.98 sec
      Start 12: test-tokenizer-1-gpt-neox
12/20 Test #12: test-tokenizer-1-gpt-neox ...........   Passed    6.90 sec
      Start 13: test-tokenizer-1-refact
13/20 Test #13: test-tokenizer-1-refact .............   Passed    6.78 sec
      Start 14: test-tokenizer-1-starcoder
14/20 Test #14: test-tokenizer-1-starcoder ..........   Passed    6.62 sec
      Start 15: test-tokenizer-1-gpt2
15/20 Test #15: test-tokenizer-1-gpt2 ...............   Passed    6.97 sec
      Start 16: test-grammar-parser
16/20 Test #16: test-grammar-parser .................   Passed    0.00 sec
      Start 17: test-llama-grammar
17/20 Test #17: test-llama-grammar ..................   Passed    0.04 sec
      Start 18: test-grad0
18/20 Test #18: test-grad0 ..........................   Passed    4.68 sec
      Start 19: test-backend-ops
19/20 Test #19: test-backend-ops ....................   Passed  147.36 sec
      Start 20: test-rope
20/20 Test #20: test-rope ...........................   Passed    0.62 sec

100% tests passed, 0 tests failed out of 20

Label Time Summary:
main    = 227.50 sec*proc (20 tests)

Total Test time (real) = 227.52 sec

real	3m47.549s
user	7m0.987s
sys	0m24.868s
