+ cmake -DCMAKE_BUILD_TYPE=Release ..
-- The C compiler identification is GNU 11.4.0
-- The CXX compiler identification is GNU 11.4.0
-- Detecting C compiler ABI info
-- Detecting C compiler ABI info - done
-- Check for working C compiler: /usr/bin/cc - skipped
-- Detecting C compile features
-- Detecting C compile features - done
-- Detecting CXX compiler ABI info
-- Detecting CXX compiler ABI info - done
-- Check for working CXX compiler: /usr/bin/c++ - skipped
-- Detecting CXX compile features
-- Detecting CXX compile features - done
-- Performing Test CMAKE_HAVE_LIBC_PTHREAD
-- Performing Test CMAKE_HAVE_LIBC_PTHREAD - Success
-- Found Threads: TRUE
-- ccache found, compilation results will be cached. Disable with GGML_CCACHE=OFF.
-- CMAKE_SYSTEM_PROCESSOR: x86_64
-- Including CPU backend
-- Found OpenMP_C: -fopenmp (found version "4.5")
-- Found OpenMP_CXX: -fopenmp (found version "4.5")
-- Found OpenMP: TRUE (found version "4.5")
-- x86 detected
-- Adding CPU backend variant ggml-cpu: -march=native 
-- x86 detected
-- Linux detected
-- Configuring done (0.6s)
-- Generating done (0.0s)
-- Build files have been written to: /home/ggml/work/ggml/build-ci-release

real	0m0.688s
user	0m0.499s
sys	0m0.193s
+ make -j
[  1%] Building C object src/CMakeFiles/ggml-base.dir/ggml.c.o
[  2%] Building CXX object examples/CMakeFiles/common.dir/common.cpp.o
[  2%] Building C object src/CMakeFiles/ggml-base.dir/ggml-alloc.c.o
[  3%] Building CXX object src/CMakeFiles/ggml-base.dir/ggml-backend.cpp.o
[  4%] Building CXX object src/CMakeFiles/ggml-base.dir/ggml-opt.cpp.o
[  5%] Building CXX object src/CMakeFiles/ggml-base.dir/ggml-threading.cpp.o
[  7%] Building C object src/CMakeFiles/ggml-base.dir/ggml-quants.c.o
[  7%] Building CXX object src/CMakeFiles/ggml-base.dir/gguf.cpp.o
[  8%] Linking CXX shared library libggml-base.so
[  9%] Linking CXX static library libcommon.a
[  9%] Built target common
[  9%] Built target ggml-base
[ 10%] Building C object src/CMakeFiles/ggml-cpu.dir/ggml-cpu/ggml-cpu.c.o
[ 11%] Building CXX object src/CMakeFiles/ggml-cpu.dir/ggml-cpu/ggml-cpu.cpp.o
[ 12%] Building CXX object src/CMakeFiles/ggml-cpu.dir/ggml-cpu/ggml-cpu-aarch64.cpp.o
[ 13%] Building CXX object src/CMakeFiles/ggml-cpu.dir/ggml-cpu/ggml-cpu-hbm.cpp.o
[ 14%] Building C object src/CMakeFiles/ggml-cpu.dir/ggml-cpu/ggml-cpu-quants.c.o
[ 15%] Building CXX object src/CMakeFiles/ggml-cpu.dir/ggml-cpu/ggml-cpu-traits.cpp.o
[ 16%] Building CXX object src/CMakeFiles/ggml-cpu.dir/ggml-cpu/amx/amx.cpp.o
[ 17%] Building CXX object src/CMakeFiles/ggml-cpu.dir/ggml-cpu/binary_ops.cpp.o
[ 18%] Building CXX object src/CMakeFiles/ggml-cpu.dir/ggml-cpu/unary_ops.cpp.o
[ 19%] Building CXX object src/CMakeFiles/ggml-cpu.dir/ggml-cpu/amx/mmq.cpp.o
[ 20%] Building CXX object src/CMakeFiles/ggml-cpu.dir/ggml-cpu/vec_ops.cpp.o
[ 21%] Building CXX object src/CMakeFiles/ggml-cpu.dir/ggml-cpu/more_ops.cpp.o
/home/ggml/work/ggml/src/ggml-cpu/binary_ops.cpp: In instantiation of ‘void vec_binary_op_non_contiguous(int64_t, int64_t, int64_t, dst_t*, const src0_t*, const src1_t*) [with float (* op)(float, float) = op_add; src0_t = float; src1_t = float; dst_t = float; int64_t = long int]’:
/home/ggml/work/ggml/src/ggml-cpu/binary_ops.cpp:111:45:   required from ‘void apply_binary_op(const ggml_compute_params*, ggml_tensor*) [with float (* op)(float, float) = op_add; src0_t = float; src1_t = float; dst_t = float]’
/home/ggml/work/ggml/src/ggml-cpu/binary_ops.cpp:123:49:   required from ‘void binary_op(const ggml_compute_params*, ggml_tensor*) [with float (* op)(float, float) = op_add]’
/home/ggml/work/ggml/src/ggml-cpu/binary_ops.cpp:144:22:   required from here
/home/ggml/work/ggml/src/ggml-cpu/binary_ops.cpp:44:37: warning: cast from type ‘const float*’ to type ‘char*’ casts away qualifiers [-Wcast-qual]
   44 |         src1_t * y_ptr = (src1_t *)((char *)y + i10*nb10);
      |                                     ^~~~~~~~~
/home/ggml/work/ggml/src/ggml-cpu/binary_ops.cpp: In instantiation of ‘void vec_binary_op_non_contiguous(int64_t, int64_t, int64_t, dst_t*, const src0_t*, const src1_t*) [with float (* op)(float, float) = op_add; src0_t = short unsigned int; src1_t = short unsigned int; dst_t = short unsigned int; int64_t = long int]’:
/home/ggml/work/ggml/src/ggml-cpu/binary_ops.cpp:111:45:   required from ‘void apply_binary_op(const ggml_compute_params*, ggml_tensor*) [with float (* op)(float, float) = op_add; src0_t = short unsigned int; src1_t = short unsigned int; dst_t = short unsigned int]’
/home/ggml/work/ggml/src/ggml-cpu/binary_ops.cpp:125:67:   required from ‘void binary_op(const ggml_compute_params*, ggml_tensor*) [with float (* op)(float, float) = op_add]’
/home/ggml/work/ggml/src/ggml-cpu/binary_ops.cpp:144:22:   required from here
/home/ggml/work/ggml/src/ggml-cpu/binary_ops.cpp:44:37: warning: cast from type ‘const short unsigned int*’ to type ‘char*’ casts away qualifiers [-Wcast-qual]
/home/ggml/work/ggml/src/ggml-cpu/binary_ops.cpp: In instantiation of ‘void vec_binary_op_non_contiguous(int64_t, int64_t, int64_t, dst_t*, const src0_t*, const src1_t*) [with float (* op)(float, float) = op_add; src0_t = ggml_bf16_t; src1_t = ggml_bf16_t; dst_t = ggml_bf16_t; int64_t = long int]’:
/home/ggml/work/ggml/src/ggml-cpu/binary_ops.cpp:111:45:   required from ‘void apply_binary_op(const ggml_compute_params*, ggml_tensor*) [with float (* op)(float, float) = op_add; src0_t = ggml_bf16_t; src1_t = ggml_bf16_t; dst_t = ggml_bf16_t]’
/home/ggml/work/ggml/src/ggml-cpu/binary_ops.cpp:127:67:   required from ‘void binary_op(const ggml_compute_params*, ggml_tensor*) [with float (* op)(float, float) = op_add]’
/home/ggml/work/ggml/src/ggml-cpu/binary_ops.cpp:144:22:   required from here
/home/ggml/work/ggml/src/ggml-cpu/binary_ops.cpp:44:37: warning: cast from type ‘const ggml_bf16_t*’ to type ‘char*’ casts away qualifiers [-Wcast-qual]
/home/ggml/work/ggml/src/ggml-cpu/binary_ops.cpp: In instantiation of ‘void vec_binary_op_non_contiguous(int64_t, int64_t, int64_t, dst_t*, const src0_t*, const src1_t*) [with float (* op)(float, float) = op_add; src0_t = ggml_bf16_t; src1_t = float; dst_t = ggml_bf16_t; int64_t = long int]’:
/home/ggml/work/ggml/src/ggml-cpu/binary_ops.cpp:111:45:   required from ‘void apply_binary_op(const ggml_compute_params*, ggml_tensor*) [with float (* op)(float, float) = op_add; src0_t = ggml_bf16_t; src1_t = float; dst_t = ggml_bf16_t]’
/home/ggml/work/ggml/src/ggml-cpu/binary_ops.cpp:129:61:   required from ‘void binary_op(const ggml_compute_params*, ggml_tensor*) [with float (* op)(float, float) = op_add]’
/home/ggml/work/ggml/src/ggml-cpu/binary_ops.cpp:144:22:   required from here
/home/ggml/work/ggml/src/ggml-cpu/binary_ops.cpp:44:37: warning: cast from type ‘const float*’ to type ‘char*’ casts away qualifiers [-Wcast-qual]
/home/ggml/work/ggml/src/ggml-cpu/binary_ops.cpp: In instantiation of ‘void vec_binary_op_non_contiguous(int64_t, int64_t, int64_t, dst_t*, const src0_t*, const src1_t*) [with float (* op)(float, float) = op_add; src0_t = ggml_bf16_t; src1_t = float; dst_t = float; int64_t = long int]’:
/home/ggml/work/ggml/src/ggml-cpu/binary_ops.cpp:111:45:   required from ‘void apply_binary_op(const ggml_compute_params*, ggml_tensor*) [with float (* op)(float, float) = op_add; src0_t = ggml_bf16_t; src1_t = float; dst_t = float]’
/home/ggml/work/ggml/src/ggml-cpu/binary_ops.cpp:131:55:   required from ‘void binary_op(const ggml_compute_params*, ggml_tensor*) [with float (* op)(float, float) = op_add]’
/home/ggml/work/ggml/src/ggml-cpu/binary_ops.cpp:144:22:   required from here
/home/ggml/work/ggml/src/ggml-cpu/binary_ops.cpp:44:37: warning: cast from type ‘const float*’ to type ‘char*’ casts away qualifiers [-Wcast-qual]
/home/ggml/work/ggml/src/ggml-cpu/binary_ops.cpp: In instantiation of ‘void vec_binary_op_non_contiguous(int64_t, int64_t, int64_t, dst_t*, const src0_t*, const src1_t*) [with float (* op)(float, float) = op_add; src0_t = short unsigned int; src1_t = float; dst_t = short unsigned int; int64_t = long int]’:
/home/ggml/work/ggml/src/ggml-cpu/binary_ops.cpp:111:45:   required from ‘void apply_binary_op(const ggml_compute_params*, ggml_tensor*) [with float (* op)(float, float) = op_add; src0_t = short unsigned int; src1_t = float; dst_t = short unsigned int]’
/home/ggml/work/ggml/src/ggml-cpu/binary_ops.cpp:133:61:   required from ‘void binary_op(const ggml_compute_params*, ggml_tensor*) [with float (* op)(float, float) = op_add]’
/home/ggml/work/ggml/src/ggml-cpu/binary_ops.cpp:144:22:   required from here
/home/ggml/work/ggml/src/ggml-cpu/binary_ops.cpp:44:37: warning: cast from type ‘const float*’ to type ‘char*’ casts away qualifiers [-Wcast-qual]
/home/ggml/work/ggml/src/ggml-cpu/binary_ops.cpp: In instantiation of ‘void vec_binary_op_non_contiguous(int64_t, int64_t, int64_t, dst_t*, const src0_t*, const src1_t*) [with float (* op)(float, float) = op_add; src0_t = short unsigned int; src1_t = float; dst_t = float; int64_t = long int]’:
/home/ggml/work/ggml/src/ggml-cpu/binary_ops.cpp:111:45:   required from ‘void apply_binary_op(const ggml_compute_params*, ggml_tensor*) [with float (* op)(float, float) = op_add; src0_t = short unsigned int; src1_t = float; dst_t = float]’
/home/ggml/work/ggml/src/ggml-cpu/binary_ops.cpp:135:55:   required from ‘void binary_op(const ggml_compute_params*, ggml_tensor*) [with float (* op)(float, float) = op_add]’
/home/ggml/work/ggml/src/ggml-cpu/binary_ops.cpp:144:22:   required from here
/home/ggml/work/ggml/src/ggml-cpu/binary_ops.cpp:44:37: warning: cast from type ‘const float*’ to type ‘char*’ casts away qualifiers [-Wcast-qual]
/home/ggml/work/ggml/src/ggml-cpu/binary_ops.cpp: In instantiation of ‘void vec_binary_op_non_contiguous(int64_t, int64_t, int64_t, dst_t*, const src0_t*, const src1_t*) [with float (* op)(float, float) = op_sub; src0_t = float; src1_t = float; dst_t = float; int64_t = long int]’:
/home/ggml/work/ggml/src/ggml-cpu/binary_ops.cpp:111:45:   required from ‘void apply_binary_op(const ggml_compute_params*, ggml_tensor*) [with float (* op)(float, float) = op_sub; src0_t = float; src1_t = float; dst_t = float]’
/home/ggml/work/ggml/src/ggml-cpu/binary_ops.cpp:123:49:   required from ‘void binary_op(const ggml_compute_params*, ggml_tensor*) [with float (* op)(float, float) = op_sub]’
/home/ggml/work/ggml/src/ggml-cpu/binary_ops.cpp:148:22:   required from here
/home/ggml/work/ggml/src/ggml-cpu/binary_ops.cpp:44:37: warning: cast from type ‘const float*’ to type ‘char*’ casts away qualifiers [-Wcast-qual]
/home/ggml/work/ggml/src/ggml-cpu/binary_ops.cpp: In instantiation of ‘void vec_binary_op_non_contiguous(int64_t, int64_t, int64_t, dst_t*, const src0_t*, const src1_t*) [with float (* op)(float, float) = op_sub; src0_t = short unsigned int; src1_t = short unsigned int; dst_t = short unsigned int; int64_t = long int]’:
/home/ggml/work/ggml/src/ggml-cpu/binary_ops.cpp:111:45:   required from ‘void apply_binary_op(const ggml_compute_params*, ggml_tensor*) [with float (* op)(float, float) = op_sub; src0_t = short unsigned int; src1_t = short unsigned int; dst_t = short unsigned int]’
/home/ggml/work/ggml/src/ggml-cpu/binary_ops.cpp:125:67:   required from ‘void binary_op(const ggml_compute_params*, ggml_tensor*) [with float (* op)(float, float) = op_sub]’
/home/ggml/work/ggml/src/ggml-cpu/binary_ops.cpp:148:22:   required from here
/home/ggml/work/ggml/src/ggml-cpu/binary_ops.cpp:44:37: warning: cast from type ‘const short unsigned int*’ to type ‘char*’ casts away qualifiers [-Wcast-qual]
/home/ggml/work/ggml/src/ggml-cpu/binary_ops.cpp: In instantiation of ‘void vec_binary_op_non_contiguous(int64_t, int64_t, int64_t, dst_t*, const src0_t*, const src1_t*) [with float (* op)(float, float) = op_sub; src0_t = ggml_bf16_t; src1_t = ggml_bf16_t; dst_t = ggml_bf16_t; int64_t = long int]’:
/home/ggml/work/ggml/src/ggml-cpu/binary_ops.cpp:111:45:   required from ‘void apply_binary_op(const ggml_compute_params*, ggml_tensor*) [with float (* op)(float, float) = op_sub; src0_t = ggml_bf16_t; src1_t = ggml_bf16_t; dst_t = ggml_bf16_t]’
/home/ggml/work/ggml/src/ggml-cpu/binary_ops.cpp:127:67:   required from ‘void binary_op(const ggml_compute_params*, ggml_tensor*) [with float (* op)(float, float) = op_sub]’
/home/ggml/work/ggml/src/ggml-cpu/binary_ops.cpp:148:22:   required from here
/home/ggml/work/ggml/src/ggml-cpu/binary_ops.cpp:44:37: warning: cast from type ‘const ggml_bf16_t*’ to type ‘char*’ casts away qualifiers [-Wcast-qual]
/home/ggml/work/ggml/src/ggml-cpu/binary_ops.cpp: In instantiation of ‘void vec_binary_op_non_contiguous(int64_t, int64_t, int64_t, dst_t*, const src0_t*, const src1_t*) [with float (* op)(float, float) = op_sub; src0_t = ggml_bf16_t; src1_t = float; dst_t = ggml_bf16_t; int64_t = long int]’:
/home/ggml/work/ggml/src/ggml-cpu/binary_ops.cpp:111:45:   required from ‘void apply_binary_op(const ggml_compute_params*, ggml_tensor*) [with float (* op)(float, float) = op_sub; src0_t = ggml_bf16_t; src1_t = float; dst_t = ggml_bf16_t]’
/home/ggml/work/ggml/src/ggml-cpu/binary_ops.cpp:129:61:   required from ‘void binary_op(const ggml_compute_params*, ggml_tensor*) [with float (* op)(float, float) = op_sub]’
/home/ggml/work/ggml/src/ggml-cpu/binary_ops.cpp:148:22:   required from here
/home/ggml/work/ggml/src/ggml-cpu/binary_ops.cpp:44:37: warning: cast from type ‘const float*’ to type ‘char*’ casts away qualifiers [-Wcast-qual]
/home/ggml/work/ggml/src/ggml-cpu/binary_ops.cpp: In instantiation of ‘void vec_binary_op_non_contiguous(int64_t, int64_t, int64_t, dst_t*, const src0_t*, const src1_t*) [with float (* op)(float, float) = op_sub; src0_t = ggml_bf16_t; src1_t = float; dst_t = float; int64_t = long int]’:
/home/ggml/work/ggml/src/ggml-cpu/binary_ops.cpp:111:45:   required from ‘void apply_binary_op(const ggml_compute_params*, ggml_tensor*) [with float (* op)(float, float) = op_sub; src0_t = ggml_bf16_t; src1_t = float; dst_t = float]’
/home/ggml/work/ggml/src/ggml-cpu/binary_ops.cpp:131:55:   required from ‘void binary_op(const ggml_compute_params*, ggml_tensor*) [with float (* op)(float, float) = op_sub]’
/home/ggml/work/ggml/src/ggml-cpu/binary_ops.cpp:148:22:   required from here
/home/ggml/work/ggml/src/ggml-cpu/binary_ops.cpp:44:37: warning: cast from type ‘const float*’ to type ‘char*’ casts away qualifiers [-Wcast-qual]
/home/ggml/work/ggml/src/ggml-cpu/binary_ops.cpp: In instantiation of ‘void vec_binary_op_non_contiguous(int64_t, int64_t, int64_t, dst_t*, const src0_t*, const src1_t*) [with float (* op)(float, float) = op_sub; src0_t = short unsigned int; src1_t = float; dst_t = short unsigned int; int64_t = long int]’:
/home/ggml/work/ggml/src/ggml-cpu/binary_ops.cpp:111:45:   required from ‘void apply_binary_op(const ggml_compute_params*, ggml_tensor*) [with float (* op)(float, float) = op_sub; src0_t = short unsigned int; src1_t = float; dst_t = short unsigned int]’
/home/ggml/work/ggml/src/ggml-cpu/binary_ops.cpp:133:61:   required from ‘void binary_op(const ggml_compute_params*, ggml_tensor*) [with float (* op)(float, float) = op_sub]’
/home/ggml/work/ggml/src/ggml-cpu/binary_ops.cpp:148:22:   required from here
/home/ggml/work/ggml/src/ggml-cpu/binary_ops.cpp:44:37: warning: cast from type ‘const float*’ to type ‘char*’ casts away qualifiers [-Wcast-qual]
/home/ggml/work/ggml/src/ggml-cpu/binary_ops.cpp: In instantiation of ‘void vec_binary_op_non_contiguous(int64_t, int64_t, int64_t, dst_t*, const src0_t*, const src1_t*) [with float (* op)(float, float) = op_sub; src0_t = short unsigned int; src1_t = float; dst_t = float; int64_t = long int]’:
/home/ggml/work/ggml/src/ggml-cpu/binary_ops.cpp:111:45:   required from ‘void apply_binary_op(const ggml_compute_params*, ggml_tensor*) [with float (* op)(float, float) = op_sub; src0_t = short unsigned int; src1_t = float; dst_t = float]’
/home/ggml/work/ggml/src/ggml-cpu/binary_ops.cpp:135:55:   required from ‘void binary_op(const ggml_compute_params*, ggml_tensor*) [with float (* op)(float, float) = op_sub]’
/home/ggml/work/ggml/src/ggml-cpu/binary_ops.cpp:148:22:   required from here
/home/ggml/work/ggml/src/ggml-cpu/binary_ops.cpp:44:37: warning: cast from type ‘const float*’ to type ‘char*’ casts away qualifiers [-Wcast-qual]
/home/ggml/work/ggml/src/ggml-cpu/binary_ops.cpp: In instantiation of ‘void vec_binary_op_non_contiguous(int64_t, int64_t, int64_t, dst_t*, const src0_t*, const src1_t*) [with float (* op)(float, float) = op_mul; src0_t = float; src1_t = float; dst_t = float; int64_t = long int]’:
/home/ggml/work/ggml/src/ggml-cpu/binary_ops.cpp:111:45:   required from ‘void apply_binary_op(const ggml_compute_params*, ggml_tensor*) [with float (* op)(float, float) = op_mul; src0_t = float; src1_t = float; dst_t = float]’
/home/ggml/work/ggml/src/ggml-cpu/binary_ops.cpp:123:49:   required from ‘void binary_op(const ggml_compute_params*, ggml_tensor*) [with float (* op)(float, float) = op_mul]’
/home/ggml/work/ggml/src/ggml-cpu/binary_ops.cpp:152:22:   required from here
/home/ggml/work/ggml/src/ggml-cpu/binary_ops.cpp:44:37: warning: cast from type ‘const float*’ to type ‘char*’ casts away qualifiers [-Wcast-qual]
/home/ggml/work/ggml/src/ggml-cpu/binary_ops.cpp: In instantiation of ‘void vec_binary_op_non_contiguous(int64_t, int64_t, int64_t, dst_t*, const src0_t*, const src1_t*) [with float (* op)(float, float) = op_mul; src0_t = short unsigned int; src1_t = short unsigned int; dst_t = short unsigned int; int64_t = long int]’:
/home/ggml/work/ggml/src/ggml-cpu/binary_ops.cpp:111:45:   required from ‘void apply_binary_op(const ggml_compute_params*, ggml_tensor*) [with float (* op)(float, float) = op_mul; src0_t = short unsigned int; src1_t = short unsigned int; dst_t = short unsigned int]’
/home/ggml/work/ggml/src/ggml-cpu/binary_ops.cpp:125:67:   required from ‘void binary_op(const ggml_compute_params*, ggml_tensor*) [with float (* op)(float, float) = op_mul]’
/home/ggml/work/ggml/src/ggml-cpu/binary_ops.cpp:152:22:   required from here
/home/ggml/work/ggml/src/ggml-cpu/binary_ops.cpp:44:37: warning: cast from type ‘const short unsigned int*’ to type ‘char*’ casts away qualifiers [-Wcast-qual]
/home/ggml/work/ggml/src/ggml-cpu/binary_ops.cpp: In instantiation of ‘void vec_binary_op_non_contiguous(int64_t, int64_t, int64_t, dst_t*, const src0_t*, const src1_t*) [with float (* op)(float, float) = op_mul; src0_t = ggml_bf16_t; src1_t = ggml_bf16_t; dst_t = ggml_bf16_t; int64_t = long int]’:
/home/ggml/work/ggml/src/ggml-cpu/binary_ops.cpp:111:45:   required from ‘void apply_binary_op(const ggml_compute_params*, ggml_tensor*) [with float (* op)(float, float) = op_mul; src0_t = ggml_bf16_t; src1_t = ggml_bf16_t; dst_t = ggml_bf16_t]’
/home/ggml/work/ggml/src/ggml-cpu/binary_ops.cpp:127:67:   required from ‘void binary_op(const ggml_compute_params*, ggml_tensor*) [with float (* op)(float, float) = op_mul]’
/home/ggml/work/ggml/src/ggml-cpu/binary_ops.cpp:152:22:   required from here
/home/ggml/work/ggml/src/ggml-cpu/binary_ops.cpp:44:37: warning: cast from type ‘const ggml_bf16_t*’ to type ‘char*’ casts away qualifiers [-Wcast-qual]
/home/ggml/work/ggml/src/ggml-cpu/binary_ops.cpp: In instantiation of ‘void vec_binary_op_non_contiguous(int64_t, int64_t, int64_t, dst_t*, const src0_t*, const src1_t*) [with float (* op)(float, float) = op_mul; src0_t = ggml_bf16_t; src1_t = float; dst_t = ggml_bf16_t; int64_t = long int]’:
/home/ggml/work/ggml/src/ggml-cpu/binary_ops.cpp:111:45:   required from ‘void apply_binary_op(const ggml_compute_params*, ggml_tensor*) [with float (* op)(float, float) = op_mul; src0_t = ggml_bf16_t; src1_t = float; dst_t = ggml_bf16_t]’
/home/ggml/work/ggml/src/ggml-cpu/binary_ops.cpp:129:61:   required from ‘void binary_op(const ggml_compute_params*, ggml_tensor*) [with float (* op)(float, float) = op_mul]’
/home/ggml/work/ggml/src/ggml-cpu/binary_ops.cpp:152:22:   required from here
/home/ggml/work/ggml/src/ggml-cpu/binary_ops.cpp:44:37: warning: cast from type ‘const float*’ to type ‘char*’ casts away qualifiers [-Wcast-qual]
/home/ggml/work/ggml/src/ggml-cpu/binary_ops.cpp: In instantiation of ‘void vec_binary_op_non_contiguous(int64_t, int64_t, int64_t, dst_t*, const src0_t*, const src1_t*) [with float (* op)(float, float) = op_mul; src0_t = ggml_bf16_t; src1_t = float; dst_t = float; int64_t = long int]’:
/home/ggml/work/ggml/src/ggml-cpu/binary_ops.cpp:111:45:   required from ‘void apply_binary_op(const ggml_compute_params*, ggml_tensor*) [with float (* op)(float, float) = op_mul; src0_t = ggml_bf16_t; src1_t = float; dst_t = float]’
/home/ggml/work/ggml/src/ggml-cpu/binary_ops.cpp:131:55:   required from ‘void binary_op(const ggml_compute_params*, ggml_tensor*) [with float (* op)(float, float) = op_mul]’
/home/ggml/work/ggml/src/ggml-cpu/binary_ops.cpp:152:22:   required from here
/home/ggml/work/ggml/src/ggml-cpu/binary_ops.cpp:44:37: warning: cast from type ‘const float*’ to type ‘char*’ casts away qualifiers [-Wcast-qual]
/home/ggml/work/ggml/src/ggml-cpu/binary_ops.cpp: In instantiation of ‘void vec_binary_op_non_contiguous(int64_t, int64_t, int64_t, dst_t*, const src0_t*, const src1_t*) [with float (* op)(float, float) = op_mul; src0_t = short unsigned int; src1_t = float; dst_t = short unsigned int; int64_t = long int]’:
/home/ggml/work/ggml/src/ggml-cpu/binary_ops.cpp:111:45:   required from ‘void apply_binary_op(const ggml_compute_params*, ggml_tensor*) [with float (* op)(float, float) = op_mul; src0_t = short unsigned int; src1_t = float; dst_t = short unsigned int]’
/home/ggml/work/ggml/src/ggml-cpu/binary_ops.cpp:133:61:   required from ‘void binary_op(const ggml_compute_params*, ggml_tensor*) [with float (* op)(float, float) = op_mul]’
/home/ggml/work/ggml/src/ggml-cpu/binary_ops.cpp:152:22:   required from here
/home/ggml/work/ggml/src/ggml-cpu/binary_ops.cpp:44:37: warning: cast from type ‘const float*’ to type ‘char*’ casts away qualifiers [-Wcast-qual]
/home/ggml/work/ggml/src/ggml-cpu/binary_ops.cpp: In instantiation of ‘void vec_binary_op_non_contiguous(int64_t, int64_t, int64_t, dst_t*, const src0_t*, const src1_t*) [with float (* op)(float, float) = op_mul; src0_t = short unsigned int; src1_t = float; dst_t = float; int64_t = long int]’:
/home/ggml/work/ggml/src/ggml-cpu/binary_ops.cpp:111:45:   required from ‘void apply_binary_op(const ggml_compute_params*, ggml_tensor*) [with float (* op)(float, float) = op_mul; src0_t = short unsigned int; src1_t = float; dst_t = float]’
/home/ggml/work/ggml/src/ggml-cpu/binary_ops.cpp:135:55:   required from ‘void binary_op(const ggml_compute_params*, ggml_tensor*) [with float (* op)(float, float) = op_mul]’
/home/ggml/work/ggml/src/ggml-cpu/binary_ops.cpp:152:22:   required from here
/home/ggml/work/ggml/src/ggml-cpu/binary_ops.cpp:44:37: warning: cast from type ‘const float*’ to type ‘char*’ casts away qualifiers [-Wcast-qual]
/home/ggml/work/ggml/src/ggml-cpu/binary_ops.cpp: In instantiation of ‘void vec_binary_op_non_contiguous(int64_t, int64_t, int64_t, dst_t*, const src0_t*, const src1_t*) [with float (* op)(float, float) = op_div; src0_t = float; src1_t = float; dst_t = float; int64_t = long int]’:
/home/ggml/work/ggml/src/ggml-cpu/binary_ops.cpp:111:45:   required from ‘void apply_binary_op(const ggml_compute_params*, ggml_tensor*) [with float (* op)(float, float) = op_div; src0_t = float; src1_t = float; dst_t = float]’
/home/ggml/work/ggml/src/ggml-cpu/binary_ops.cpp:123:49:   required from ‘void binary_op(const ggml_compute_params*, ggml_tensor*) [with float (* op)(float, float) = op_div]’
/home/ggml/work/ggml/src/ggml-cpu/binary_ops.cpp:156:22:   required from here
/home/ggml/work/ggml/src/ggml-cpu/binary_ops.cpp:44:37: warning: cast from type ‘const float*’ to type ‘char*’ casts away qualifiers [-Wcast-qual]
/home/ggml/work/ggml/src/ggml-cpu/binary_ops.cpp: In instantiation of ‘void vec_binary_op_non_contiguous(int64_t, int64_t, int64_t, dst_t*, const src0_t*, const src1_t*) [with float (* op)(float, float) = op_div; src0_t = short unsigned int; src1_t = short unsigned int; dst_t = short unsigned int; int64_t = long int]’:
/home/ggml/work/ggml/src/ggml-cpu/binary_ops.cpp:111:45:   required from ‘void apply_binary_op(const ggml_compute_params*, ggml_tensor*) [with float (* op)(float, float) = op_div; src0_t = short unsigned int; src1_t = short unsigned int; dst_t = short unsigned int]’
/home/ggml/work/ggml/src/ggml-cpu/binary_ops.cpp:125:67:   required from ‘void binary_op(const ggml_compute_params*, ggml_tensor*) [with float (* op)(float, float) = op_div]’
/home/ggml/work/ggml/src/ggml-cpu/binary_ops.cpp:156:22:   required from here
/home/ggml/work/ggml/src/ggml-cpu/binary_ops.cpp:44:37: warning: cast from type ‘const short unsigned int*’ to type ‘char*’ casts away qualifiers [-Wcast-qual]
/home/ggml/work/ggml/src/ggml-cpu/binary_ops.cpp: In instantiation of ‘void vec_binary_op_non_contiguous(int64_t, int64_t, int64_t, dst_t*, const src0_t*, const src1_t*) [with float (* op)(float, float) = op_div; src0_t = ggml_bf16_t; src1_t = ggml_bf16_t; dst_t = ggml_bf16_t; int64_t = long int]’:
/home/ggml/work/ggml/src/ggml-cpu/binary_ops.cpp:111:45:   required from ‘void apply_binary_op(const ggml_compute_params*, ggml_tensor*) [with float (* op)(float, float) = op_div; src0_t = ggml_bf16_t; src1_t = ggml_bf16_t; dst_t = ggml_bf16_t]’
/home/ggml/work/ggml/src/ggml-cpu/binary_ops.cpp:127:67:   required from ‘void binary_op(const ggml_compute_params*, ggml_tensor*) [with float (* op)(float, float) = op_div]’
/home/ggml/work/ggml/src/ggml-cpu/binary_ops.cpp:156:22:   required from here
/home/ggml/work/ggml/src/ggml-cpu/binary_ops.cpp:44:37: warning: cast from type ‘const ggml_bf16_t*’ to type ‘char*’ casts away qualifiers [-Wcast-qual]
/home/ggml/work/ggml/src/ggml-cpu/binary_ops.cpp: In instantiation of ‘void vec_binary_op_non_contiguous(int64_t, int64_t, int64_t, dst_t*, const src0_t*, const src1_t*) [with float (* op)(float, float) = op_div; src0_t = ggml_bf16_t; src1_t = float; dst_t = ggml_bf16_t; int64_t = long int]’:
/home/ggml/work/ggml/src/ggml-cpu/binary_ops.cpp:111:45:   required from ‘void apply_binary_op(const ggml_compute_params*, ggml_tensor*) [with float (* op)(float, float) = op_div; src0_t = ggml_bf16_t; src1_t = float; dst_t = ggml_bf16_t]’
/home/ggml/work/ggml/src/ggml-cpu/binary_ops.cpp:129:61:   required from ‘void binary_op(const ggml_compute_params*, ggml_tensor*) [with float (* op)(float, float) = op_div]’
/home/ggml/work/ggml/src/ggml-cpu/binary_ops.cpp:156:22:   required from here
/home/ggml/work/ggml/src/ggml-cpu/binary_ops.cpp:44:37: warning: cast from type ‘const float*’ to type ‘char*’ casts away qualifiers [-Wcast-qual]
/home/ggml/work/ggml/src/ggml-cpu/binary_ops.cpp: In instantiation of ‘void vec_binary_op_non_contiguous(int64_t, int64_t, int64_t, dst_t*, const src0_t*, const src1_t*) [with float (* op)(float, float) = op_div; src0_t = ggml_bf16_t; src1_t = float; dst_t = float; int64_t = long int]’:
/home/ggml/work/ggml/src/ggml-cpu/binary_ops.cpp:111:45:   required from ‘void apply_binary_op(const ggml_compute_params*, ggml_tensor*) [with float (* op)(float, float) = op_div; src0_t = ggml_bf16_t; src1_t = float; dst_t = float]’
/home/ggml/work/ggml/src/ggml-cpu/binary_ops.cpp:131:55:   required from ‘void binary_op(const ggml_compute_params*, ggml_tensor*) [with float (* op)(float, float) = op_div]’
/home/ggml/work/ggml/src/ggml-cpu/binary_ops.cpp:156:22:   required from here
/home/ggml/work/ggml/src/ggml-cpu/binary_ops.cpp:44:37: warning: cast from type ‘const float*’ to type ‘char*’ casts away qualifiers [-Wcast-qual]
/home/ggml/work/ggml/src/ggml-cpu/binary_ops.cpp: In instantiation of ‘void vec_binary_op_non_contiguous(int64_t, int64_t, int64_t, dst_t*, const src0_t*, const src1_t*) [with float (* op)(float, float) = op_div; src0_t = short unsigned int; src1_t = float; dst_t = short unsigned int; int64_t = long int]’:
/home/ggml/work/ggml/src/ggml-cpu/binary_ops.cpp:111:45:   required from ‘void apply_binary_op(const ggml_compute_params*, ggml_tensor*) [with float (* op)(float, float) = op_div; src0_t = short unsigned int; src1_t = float; dst_t = short unsigned int]’
/home/ggml/work/ggml/src/ggml-cpu/binary_ops.cpp:133:61:   required from ‘void binary_op(const ggml_compute_params*, ggml_tensor*) [with float (* op)(float, float) = op_div]’
/home/ggml/work/ggml/src/ggml-cpu/binary_ops.cpp:156:22:   required from here
/home/ggml/work/ggml/src/ggml-cpu/binary_ops.cpp:44:37: warning: cast from type ‘const float*’ to type ‘char*’ casts away qualifiers [-Wcast-qual]
/home/ggml/work/ggml/src/ggml-cpu/binary_ops.cpp: In instantiation of ‘void vec_binary_op_non_contiguous(int64_t, int64_t, int64_t, dst_t*, const src0_t*, const src1_t*) [with float (* op)(float, float) = op_div; src0_t = short unsigned int; src1_t = float; dst_t = float; int64_t = long int]’:
/home/ggml/work/ggml/src/ggml-cpu/binary_ops.cpp:111:45:   required from ‘void apply_binary_op(const ggml_compute_params*, ggml_tensor*) [with float (* op)(float, float) = op_div; src0_t = short unsigned int; src1_t = float; dst_t = float]’
/home/ggml/work/ggml/src/ggml-cpu/binary_ops.cpp:135:55:   required from ‘void binary_op(const ggml_compute_params*, ggml_tensor*) [with float (* op)(float, float) = op_div]’
/home/ggml/work/ggml/src/ggml-cpu/binary_ops.cpp:156:22:   required from here
/home/ggml/work/ggml/src/ggml-cpu/binary_ops.cpp:44:37: warning: cast from type ‘const float*’ to type ‘char*’ casts away qualifiers [-Wcast-qual]
/home/ggml/work/ggml/src/ggml-cpu/ggml-cpu.c:227:21: warning: ‘CACHE_LINE_SIZE_F32’ defined but not used [-Wunused-const-variable=]
  227 | static const size_t CACHE_LINE_SIZE_F32 = CACHE_LINE_SIZE/sizeof(float);
      |                     ^~~~~~~~~~~~~~~~~~~
In file included from /home/ggml/work/ggml/src/ggml-cpu/ggml-cpu-quants.h:4,
                 from /home/ggml/work/ggml/src/ggml-cpu/more_ops.cpp:6:
/home/ggml/work/ggml/src/./ggml-common.h:171:16: warning: ISO C++ prohibits anonymous structs [-Wpedantic]
  171 |         struct {
      |                ^
/home/ggml/work/ggml/src/./ggml-common.h:192:16: warning: ISO C++ prohibits anonymous structs [-Wpedantic]
  192 |         struct {
      |                ^
/home/ggml/work/ggml/src/./ggml-common.h:213:16: warning: ISO C++ prohibits anonymous structs [-Wpedantic]
  213 |         struct {
      |                ^
In file included from /home/ggml/work/ggml/src/ggml-cpu/ggml-cpu-quants.h:4,
                 from /home/ggml/work/ggml/src/ggml-cpu/more_ops.cpp:6:
/home/ggml/work/ggml/src/./ggml-common.h:254:16: warning: ISO C++ prohibits anonymous structs [-Wpedantic]
  254 |         struct {
      |                ^
/home/ggml/work/ggml/src/./ggml-common.h:281:16: warning: ISO C++ prohibits anonymous structs [-Wpedantic]
  281 |         struct {
      |                ^
/home/ggml/work/ggml/src/./ggml-common.h:298:16: warning: ISO C++ prohibits anonymous structs [-Wpedantic]
  298 |         struct {
      |                ^
/home/ggml/work/ggml/src/ggml-cpu/more_ops.cpp: In function ‘void ggml_compute_forward_add(const ggml_compute_params*, ggml_tensor*)’:
/home/ggml/work/ggml/src/ggml-cpu/more_ops.cpp:1322:32: warning: unused variable ‘src1’ [-Wunused-variable]
 1322 |     const struct ggml_tensor * src1 = dst->src[1];
      |                                ^~~~
[ 21%] Linking CXX shared library libggml-cpu.so
[ 21%] Built target ggml-cpu
[ 22%] Building CXX object src/CMakeFiles/ggml.dir/ggml-backend-reg.cpp.o
[ 23%] Linking CXX shared library libggml.so
[ 23%] Built target ggml
[ 24%] Building C object tests/CMakeFiles/test-vec1.dir/test-vec1.c.o
[ 25%] Building C object tests/CMakeFiles/test-vec0.dir/test-vec0.c.o
[ 26%] Building CXX object tests/CMakeFiles/test-opt.dir/test-opt.cpp.o
[ 27%] Building CXX object tests/CMakeFiles/test-quantize-fns.dir/test-quantize-fns.cpp.o
[ 28%] Building CXX object tests/CMakeFiles/test-quantize-perf.dir/test-quantize-perf.cpp.o
[ 29%] Building C object tests/CMakeFiles/test-mul-mat0.dir/test-mul-mat0.c.o
[ 30%] Building C object tests/CMakeFiles/test-mul-mat2.dir/test-mul-mat2.c.o
[ 31%] Building C object tests/CMakeFiles/test0.dir/test0.c.o
[ 32%] Building C object tests/CMakeFiles/test-pool.dir/test-pool.c.o
[ 33%] Linking C executable ../bin/test-vec0
[ 34%] Linking C executable ../bin/test-vec1
[ 34%] Linking C executable ../bin/test-mul-mat0
[ 35%] Linking C executable ../bin/test0
[ 36%] Linking C executable ../bin/test-pool
[ 37%] Linking CXX executable ../bin/test-quantize-perf
[ 38%] Linking CXX executable ../bin/test-opt
[ 39%] Building CXX object tests/CMakeFiles/test-timestep_embedding.dir/test-timestep_embedding.cpp.o
[ 40%] Building CXX object tests/CMakeFiles/test-arange.dir/test-arange.cpp.o
[ 41%] Linking CXX executable ../bin/test-quantize-fns
[ 42%] Linking C executable ../bin/test-mul-mat2
[ 43%] Linking CXX executable ../bin/test-arange
[ 44%] Building CXX object tests/CMakeFiles/test-pad-reflect-1d.dir/test-pad-reflect-1d.cpp.o
[ 45%] Building C object tests/CMakeFiles/test-conv-transpose.dir/test-conv-transpose.c.o
[ 46%] Building CXX object tests/CMakeFiles/test-conv-transpose-1d.dir/test-conv-transpose-1d.cpp.o
[ 46%] Built target test-vec0
[ 47%] Linking CXX executable ../bin/test-pad-reflect-1d
[ 48%] Building C object tests/CMakeFiles/test-rel-pos.dir/test-rel-pos.c.o
[ 49%] Linking CXX executable ../bin/test-timestep_embedding
[ 50%] Linking CXX executable ../bin/test-conv-transpose-1d
[ 51%] Linking C executable ../bin/test-conv-transpose
[ 52%] Building C object tests/CMakeFiles/test-dup.dir/test-dup.c.o
[ 52%] Built target test-vec1
[ 53%] Linking C executable ../bin/test-rel-pos
[ 53%] Built target test-mul-mat0
[ 53%] Built target test-mul-mat2
[ 54%] Building C object tests/CMakeFiles/test-customop.dir/test-customop.c.o
[ 55%] Linking C executable ../bin/test-dup
[ 55%] Built target test-pool
[ 56%] Building CXX object tests/CMakeFiles/test-conv2d.dir/test-conv2d.cpp.o
[ 57%] Building CXX object tests/CMakeFiles/test-conv1d.dir/test-conv1d.cpp.o
[ 57%] Built target test-quantize-perf
[ 57%] Built target test-quantize-fns
[ 58%] Linking C executable ../bin/test-customop
[ 58%] Built target test0
[ 59%] Linking CXX executable ../bin/test-conv2d
[ 60%] Building CXX object tests/CMakeFiles/test-mul-mat.dir/test-mul-mat.cpp.o
[ 60%] Built target test-conv-transpose
[ 61%] Linking CXX executable ../bin/test-conv1d
[ 61%] Built target test-pad-reflect-1d
[ 62%] Building C object tests/CMakeFiles/test-cont.dir/test-cont.c.o
[ 63%] Building CXX object tests/CMakeFiles/test-backend-ops.dir/test-backend-ops.cpp.o
[ 63%] Built target test-opt
[ 64%] Building CXX object examples/CMakeFiles/common-ggml.dir/common-ggml.cpp.o
[ 64%] Built target test-arange
[ 65%] Linking CXX executable ../bin/test-mul-mat
[ 65%] Built target test-conv-transpose-1d
[ 66%] Linking CXX executable ../bin/test-backend-ops
[ 67%] Building CXX object examples/sam/CMakeFiles/sam.dir/main.cpp.o
[ 68%] Linking C executable ../bin/test-cont
[ 69%] Linking CXX static library libcommon-ggml.a
[ 70%] Building CXX object examples/mnist/CMakeFiles/mnist-common.dir/mnist-common.cpp.o
[ 70%] Linking CXX executable ../../bin/sam
[ 70%] Built target test-dup
[ 70%] Built target test-timestep_embedding
[ 70%] Built target test-rel-pos
[ 71%] Building CXX object examples/yolo/CMakeFiles/yolov3-tiny.dir/yolov3-tiny.cpp.o
[ 72%] Building CXX object examples/yolo/CMakeFiles/yolov3-tiny.dir/yolo-image.cpp.o
[ 73%] Linking CXX static library libmnist-common.a
[ 73%] Built target common-ggml
[ 74%] Building CXX object examples/simple/CMakeFiles/simple-ctx.dir/simple-ctx.cpp.o
[ 74%] Built target test-customop
[ 75%] Linking CXX executable ../../bin/yolov3-tiny
[ 76%] Linking CXX executable ../../bin/simple-ctx
[ 77%] Building CXX object examples/simple/CMakeFiles/simple-backend.dir/simple-backend.cpp.o
[ 77%] Built target mnist-common
[ 77%] Built target test-mul-mat
[ 79%] Building CXX object examples/gpt-2/CMakeFiles/gpt-2-alloc.dir/main-alloc.cpp.o
[ 79%] Building CXX object examples/gpt-2/CMakeFiles/gpt-2-ctx.dir/main-ctx.cpp.o
[ 80%] Linking CXX executable ../../bin/simple-backend
[ 80%] Built target test-conv1d
[ 81%] Building CXX object examples/gpt-2/CMakeFiles/gpt-2-sched.dir/main-sched.cpp.o
[ 82%] Linking CXX executable ../../bin/gpt-2-ctx
[ 83%] Building CXX object examples/gpt-2/CMakeFiles/gpt-2-quantize.dir/quantize.cpp.o
[ 84%] Building CXX object examples/gpt-2/CMakeFiles/gpt-2-backend.dir/main-backend.cpp.o
[ 84%] Built target test-cont
[ 84%] Built target test-conv2d
[ 85%] Building CXX object examples/gpt-2/CMakeFiles/gpt-2-batched.dir/main-batched.cpp.o
[ 86%] Linking CXX executable ../../bin/gpt-2-alloc
[ 87%] Linking CXX executable ../../bin/gpt-2-quantize
[ 87%] Built target test-backend-ops
[ 87%] Built target sam
[ 88%] Building CXX object examples/gpt-j/CMakeFiles/gpt-j.dir/main.cpp.o
[ 89%] Building CXX object examples/gpt-j/CMakeFiles/gpt-j-quantize.dir/quantize.cpp.o
[ 90%] Building CXX object examples/mnist/CMakeFiles/mnist-eval.dir/mnist-eval.cpp.o
[ 91%] Linking CXX executable ../../bin/gpt-2-backend
[ 92%] Linking CXX executable ../../bin/gpt-2-batched
[ 93%] Linking CXX executable ../../bin/gpt-j-quantize
[ 93%] Built target simple-ctx
[ 94%] Building CXX object examples/magika/CMakeFiles/magika.dir/main.cpp.o
[ 95%] Building CXX object examples/mnist/CMakeFiles/mnist-train.dir/mnist-train.cpp.o
[ 96%] Linking CXX executable ../../bin/mnist-eval
[ 97%] Linking CXX executable ../../bin/gpt-2-sched
[ 98%] Linking CXX executable ../../bin/gpt-j
[ 99%] Linking CXX executable ../../bin/magika
[100%] Linking CXX executable ../../bin/mnist-train
[100%] Built target yolov3-tiny
[100%] Built target simple-backend
[100%] Built target gpt-2-quantize
[100%] Built target gpt-2-alloc
[100%] Built target gpt-2-ctx
[100%] Built target gpt-2-backend
[100%] Built target magika
[100%] Built target gpt-j-quantize
[100%] Built target gpt-2-batched
[100%] Built target mnist-eval
[100%] Built target mnist-train
[100%] Built target gpt-j
[100%] Built target gpt-2-sched

real	0m4.301s
user	0m8.308s
sys	0m1.260s
+ ctest --output-on-failure
Test project /home/ggml/work/ggml/build-ci-release
      Start  1: test-opt
 1/20 Test  #1: test-opt .........................   Passed    0.01 sec
      Start  2: test-quantize-fns
 2/20 Test  #2: test-quantize-fns ................   Passed   16.54 sec
      Start  3: test-quantize-perf
 3/20 Test  #3: test-quantize-perf ...............   Passed    0.09 sec
      Start  4: test-mul-mat0
 4/20 Test  #4: test-mul-mat0 ....................   Passed    0.54 sec
      Start  5: test-mul-mat2
 5/20 Test  #5: test-mul-mat2 ....................   Passed    2.81 sec
      Start  6: test0
 6/20 Test  #6: test0 ............................   Passed    0.00 sec
      Start  7: test-pool
 7/20 Test  #7: test-pool ........................   Passed    0.00 sec
      Start  8: test-arange
 8/20 Test  #8: test-arange ......................   Passed    0.00 sec
      Start  9: test-timestep_embedding
 9/20 Test  #9: test-timestep_embedding ..........   Passed    0.00 sec
      Start 10: test-pad-reflect-1d
10/20 Test #10: test-pad-reflect-1d ..............   Passed    0.00 sec
      Start 11: test-conv-transpose
11/20 Test #11: test-conv-transpose ..............   Passed    0.00 sec
      Start 12: test-conv-transpose-1d
12/20 Test #12: test-conv-transpose-1d ...........   Passed    0.01 sec
      Start 13: test-dup
13/20 Test #13: test-dup .........................   Passed    0.00 sec
      Start 14: test-rel-pos
14/20 Test #14: test-rel-pos .....................   Passed    0.00 sec
      Start 15: test-customop
15/20 Test #15: test-customop ....................   Passed    0.00 sec
      Start 16: test-conv1d
16/20 Test #16: test-conv1d ......................   Passed    0.00 sec
      Start 17: test-conv2d
17/20 Test #17: test-conv2d ......................   Passed    0.00 sec
      Start 18: test-mul-mat
18/20 Test #18: test-mul-mat .....................   Passed    0.00 sec
      Start 19: test-backend-ops
19/20 Test #19: test-backend-ops .................   Passed    0.00 sec
      Start 20: test-cont
20/20 Test #20: test-cont ........................   Passed    0.00 sec

100% tests passed, 0 tests failed out of 20

Total Test time (real) =  20.04 sec

real	0m20.110s
user	0m19.606s
sys	0m0.219s
