+ ctest --output-on-failure
Test project /home/ggml/work/ggml/build-ci-release
      Start  1: test-grad0
 1/23 Test  #1: test-grad0 .......................   Passed    2.31 sec
      Start  2: test-opt
 2/23 Test  #2: test-opt .........................   Passed    1.67 sec
      Start  3: test-quantize-fns
 3/23 Test  #3: test-quantize-fns ................   Passed    6.48 sec
      Start  4: test-quantize-perf
 4/23 Test  #4: test-quantize-perf ...............   Passed    4.48 sec
      Start  5: test-mul-mat0
 5/23 Test  #5: test-mul-mat0 ....................   Passed    0.54 sec
      Start  6: test-mul-mat2
 6/23 Test  #6: test-mul-mat2 ....................   Passed    2.81 sec
      Start  7: test0
 7/23 Test  #7: test0 ............................   Passed    0.00 sec
      Start  8: test1
 8/23 Test  #8: test1 ............................   Passed    0.00 sec
      Start  9: test2
 9/23 Test  #9: test2 ............................   Passed    0.02 sec
      Start 10: test3
10/23 Test #10: test3 ............................   Passed    0.02 sec
      Start 11: test-pool
11/23 Test #11: test-pool ........................   Passed    0.00 sec
      Start 12: test-arange
12/23 Test #12: test-arange ......................   Passed    0.00 sec
      Start 13: test-timestep_embedding
13/23 Test #13: test-timestep_embedding ..........   Passed    0.00 sec
      Start 14: test-conv-transpose
14/23 Test #14: test-conv-transpose ..............   Passed    0.00 sec
      Start 15: test-dup
15/23 Test #15: test-dup .........................   Passed    0.00 sec
      Start 16: test-rel-pos
16/23 Test #16: test-rel-pos .....................   Passed    0.00 sec
      Start 17: test-customop
17/23 Test #17: test-customop ....................   Passed    0.00 sec
      Start 18: test-xpos
18/23 Test #18: test-xpos ........................   Passed    0.00 sec
      Start 19: test-conv1d
19/23 Test #19: test-conv1d ......................   Passed    0.00 sec
      Start 20: test-conv2d
20/23 Test #20: test-conv2d ......................   Passed    0.00 sec
      Start 21: test-mul-mat
21/23 Test #21: test-mul-mat .....................   Passed    0.00 sec
      Start 22: test-backend-buffer
22/23 Test #22: test-backend-buffer ..............   Passed    0.00 sec
      Start 23: test-backend-ops
23/23 Test #23: test-backend-ops .................   Passed   25.50 sec

100% tests passed, 0 tests failed out of 23

Total Test time (real) =  43.87 sec

real	0m43.893s
user	0m44.353s
sys	0m6.874s
