+ cmake -DCMAKE_BUILD_TYPE=Release -DLLAMA_FATAL_WARNINGS=ON -DGGML_CUDA=1 ..
-- The C compiler identification is GNU 11.4.0
-- The CXX compiler identification is GNU 11.4.0
-- Detecting C compiler ABI info
-- Detecting C compiler ABI info - done
-- Check for working C compiler: /usr/bin/cc - skipped
-- Detecting C compile features
-- Detecting C compile features - done
-- Detecting CXX compiler ABI info
-- Detecting CXX compiler ABI info - done
-- Check for working CXX compiler: /usr/bin/c++ - skipped
-- Detecting CXX compile features
-- Detecting CXX compile features - done
-- Found Git: /usr/bin/git (found version "2.34.1") 
-- Performing Test CMAKE_HAVE_LIBC_PTHREAD
-- Performing Test CMAKE_HAVE_LIBC_PTHREAD - Success
-- Found Threads: TRUE  
-- Found OpenMP_C: -fopenmp (found version "4.5") 
-- Found OpenMP_CXX: -fopenmp (found version "4.5") 
-- Found OpenMP: TRUE (found version "4.5")  
-- OpenMP found
-- Using ggml SGEMM
-- Found CUDAToolkit: /usr/local/cuda-12.2/include (found version "12.2.140") 
-- CUDA found
-- Using CUDA architectures: 52;61;70;75
-- The CUDA compiler identification is NVIDIA 12.2.140
-- Detecting CUDA compiler ABI info
-- Detecting CUDA compiler ABI info - done
-- Check for working CUDA compiler: /usr/local/cuda-12.2/bin/nvcc - skipped
-- Detecting CUDA compile features
-- Detecting CUDA compile features - done
-- CUDA host compiler is GNU 11.4.0

-- ccache found, compilation results will be cached. Disable with GGML_CCACHE=OFF.
-- CMAKE_SYSTEM_PROCESSOR: x86_64
-- x86 detected
-- Configuring done (4.7s)
-- Generating done (0.2s)
-- Build files have been written to: /home/ggml/work/llama.cpp/build-ci-release

real	0m4.964s
user	0m3.812s
sys	0m1.161s
+ make -j
[  0%] Building CXX object common/CMakeFiles/build_info.dir/build-info.cpp.o
[  1%] Building C object ggml/src/CMakeFiles/ggml.dir/ggml.c.o
[  1%] Building C object ggml/src/CMakeFiles/ggml.dir/ggml-alloc.c.o
[  2%] Building C object ggml/src/CMakeFiles/ggml.dir/ggml-backend.c.o
[  2%] Building C object ggml/src/CMakeFiles/ggml.dir/ggml-quants.c.o
[  3%] Building CUDA object ggml/src/CMakeFiles/ggml.dir/ggml-cuda/arange.cu.o
[  3%] Building CUDA object ggml/src/CMakeFiles/ggml.dir/ggml-cuda/acc.cu.o
[  3%] Building CUDA object ggml/src/CMakeFiles/ggml.dir/ggml-cuda/argsort.cu.o
[  4%] Building CUDA object ggml/src/CMakeFiles/ggml.dir/ggml-cuda/binbcast.cu.o
[  4%] Building CUDA object ggml/src/CMakeFiles/ggml.dir/ggml-cuda/clamp.cu.o
[  5%] Building CUDA object ggml/src/CMakeFiles/ggml.dir/ggml-cuda/cpy.cu.o
[  6%] Building CUDA object ggml/src/CMakeFiles/ggml.dir/ggml-cuda/concat.cu.o
[  6%] Building CUDA object ggml/src/CMakeFiles/ggml.dir/ggml-cuda/convert.cu.o
[  6%] Building CUDA object ggml/src/CMakeFiles/ggml.dir/ggml-cuda/diagmask.cu.o
[  7%] Building CUDA object ggml/src/CMakeFiles/ggml.dir/ggml-cuda/dmmv.cu.o
[  7%] Building CUDA object ggml/src/CMakeFiles/ggml.dir/ggml-cuda/fattn-tile-f16.cu.o
[  8%] Building CUDA object ggml/src/CMakeFiles/ggml.dir/ggml-cuda/fattn-tile-f32.cu.o
[  8%] Building CUDA object ggml/src/CMakeFiles/ggml.dir/ggml-cuda/fattn.cu.o
[  8%] Built target build_info
[  8%] Building CUDA object ggml/src/CMakeFiles/ggml.dir/ggml-cuda/getrows.cu.o
[  9%] Building CUDA object ggml/src/CMakeFiles/ggml.dir/ggml-cuda/im2col.cu.o
[  9%] Building CUDA object ggml/src/CMakeFiles/ggml.dir/ggml-cuda/norm.cu.o
[ 10%] Building CUDA object ggml/src/CMakeFiles/ggml.dir/ggml-cuda/pad.cu.o
[ 11%] Building CUDA object ggml/src/CMakeFiles/ggml.dir/ggml-cuda/mmvq.cu.o
[ 12%] Building CUDA object ggml/src/CMakeFiles/ggml.dir/ggml-cuda/quantize.cu.o
[ 12%] Building CUDA object ggml/src/CMakeFiles/ggml.dir/ggml-cuda/pool2d.cu.o
[ 12%] Building CUDA object ggml/src/CMakeFiles/ggml.dir/ggml-cuda/mmq.cu.o
[ 12%] Building CUDA object ggml/src/CMakeFiles/ggml.dir/ggml-cuda/rope.cu.o
[ 13%] Building CUDA object ggml/src/CMakeFiles/ggml.dir/ggml-cuda/scale.cu.o
[ 13%] Building CUDA object ggml/src/CMakeFiles/ggml.dir/ggml-cuda/softmax.cu.o
[ 14%] Building CUDA object ggml/src/CMakeFiles/ggml.dir/ggml-cuda/sumrows.cu.o
[ 14%] Building CUDA object ggml/src/CMakeFiles/ggml.dir/ggml-cuda/tsembd.cu.o
[ 14%] Building CUDA object ggml/src/CMakeFiles/ggml.dir/ggml-cuda/unary.cu.o
[ 15%] Building CUDA object ggml/src/CMakeFiles/ggml.dir/ggml-cuda/template-instances/fattn-wmma-f16-instance-kqfloat-cpb16.cu.o
[ 15%] Building CUDA object ggml/src/CMakeFiles/ggml.dir/ggml-cuda.cu.o
[ 16%] Building CUDA object ggml/src/CMakeFiles/ggml.dir/ggml-cuda/upscale.cu.o
[ 16%] Building CUDA object ggml/src/CMakeFiles/ggml.dir/ggml-cuda/template-instances/fattn-wmma-f16-instance-kqfloat-cpb32.cu.o
[ 18%] Building CUDA object ggml/src/CMakeFiles/ggml.dir/ggml-cuda/template-instances/fattn-wmma-f16-instance-kqhalf-cpb8.cu.o
[ 18%] Building CUDA object ggml/src/CMakeFiles/ggml.dir/ggml-cuda/template-instances/fattn-wmma-f16-instance-kqhalf-cpb16.cu.o
[ 18%] Building CUDA object ggml/src/CMakeFiles/ggml.dir/ggml-cuda/template-instances/mmq-instance-q2_k.cu.o
[ 19%] Building CUDA object ggml/src/CMakeFiles/ggml.dir/ggml-cuda/template-instances/mmq-instance-q4_1.cu.o
[ 20%] Building CUDA object ggml/src/CMakeFiles/ggml.dir/ggml-cuda/template-instances/mmq-instance-q3_k.cu.o
[ 20%] Building CUDA object ggml/src/CMakeFiles/ggml.dir/ggml-cuda/template-instances/fattn-wmma-f16-instance-kqhalf-cpb32.cu.o
[ 20%] Building CUDA object ggml/src/CMakeFiles/ggml.dir/ggml-cuda/template-instances/mmq-instance-q4_0.cu.o
[ 20%] Building CUDA object ggml/src/CMakeFiles/ggml.dir/ggml-cuda/template-instances/mmq-instance-q4_k.cu.o
[ 21%] Building CUDA object ggml/src/CMakeFiles/ggml.dir/ggml-cuda/template-instances/mmq-instance-q5_0.cu.o
[ 21%] Building CUDA object ggml/src/CMakeFiles/ggml.dir/ggml-cuda/template-instances/mmq-instance-q5_1.cu.o
[ 21%] Building CUDA object ggml/src/CMakeFiles/ggml.dir/ggml-cuda/template-instances/mmq-instance-q5_k.cu.o
[ 22%] Building CUDA object ggml/src/CMakeFiles/ggml.dir/ggml-cuda/template-instances/mmq-instance-q6_k.cu.o
[ 22%] Building CUDA object ggml/src/CMakeFiles/ggml.dir/ggml-cuda/template-instances/mmq-instance-q8_0.cu.o
[ 23%] Building CUDA object ggml/src/CMakeFiles/ggml.dir/ggml-cuda/template-instances/fattn-vec-f16-instance-hs128-q4_0-q4_0.cu.o
[ 23%] Building CUDA object ggml/src/CMakeFiles/ggml.dir/ggml-cuda/template-instances/fattn-vec-f32-instance-hs128-q4_0-q4_0.cu.o
[ 24%] Building CUDA object ggml/src/CMakeFiles/ggml.dir/ggml-cuda/template-instances/fattn-vec-f16-instance-hs128-q8_0-q8_0.cu.o
[ 24%] Building CUDA object ggml/src/CMakeFiles/ggml.dir/ggml-cuda/template-instances/fattn-vec-f32-instance-hs128-q8_0-q8_0.cu.o
[ 25%] Building CUDA object ggml/src/CMakeFiles/ggml.dir/ggml-cuda/template-instances/fattn-vec-f16-instance-hs128-f16-f16.cu.o
[ 25%] Building CUDA object ggml/src/CMakeFiles/ggml.dir/ggml-cuda/template-instances/fattn-vec-f16-instance-hs256-f16-f16.cu.o
[ 26%] Building CUDA object ggml/src/CMakeFiles/ggml.dir/ggml-cuda/template-instances/fattn-vec-f16-instance-hs64-f16-f16.cu.o
[ 26%] Building CUDA object ggml/src/CMakeFiles/ggml.dir/ggml-cuda/template-instances/fattn-vec-f32-instance-hs128-f16-f16.cu.o
[ 27%] Building CUDA object ggml/src/CMakeFiles/ggml.dir/ggml-cuda/template-instances/fattn-vec-f32-instance-hs256-f16-f16.cu.o
[ 27%] Building CUDA object ggml/src/CMakeFiles/ggml.dir/ggml-cuda/template-instances/fattn-vec-f32-instance-hs64-f16-f16.cu.o
[ 27%] Building CXX object ggml/src/CMakeFiles/ggml.dir/sgemm.cpp.o
[ 28%] Linking CXX shared library libggml.so
[ 28%] Built target ggml
[ 28%] Building CXX object src/CMakeFiles/llama.dir/llama.cpp.o
[ 28%] Building CXX object examples/gguf/CMakeFiles/llama-gguf.dir/gguf.cpp.o
[ 29%] Building CXX object src/CMakeFiles/llama.dir/unicode.cpp.o
[ 29%] Building CXX object src/CMakeFiles/llama.dir/unicode-data.cpp.o
[ 30%] Linking CXX executable ../../bin/llama-gguf
[ 31%] Linking CXX shared library libllama.so
[ 31%] Built target llama-gguf
[ 31%] Built target llama
[ 31%] Building C object tests/CMakeFiles/test-c.dir/test-c.c.o
[ 32%] Building CXX object common/CMakeFiles/common.dir/common.cpp.o
[ 32%] Building CXX object common/CMakeFiles/common.dir/sampling.cpp.o
[ 33%] Building CXX object examples/benchmark/CMakeFiles/llama-bench-matmult.dir/benchmark-matmult.cpp.o
[ 33%] Building CXX object examples/llava/CMakeFiles/llava.dir/llava.cpp.o
[ 34%] Building CXX object common/CMakeFiles/common.dir/console.cpp.o
[ 35%] Building CXX object examples/llava/CMakeFiles/llava.dir/clip.cpp.o
[ 35%] Building CXX object examples/quantize-stats/CMakeFiles/llama-quantize-stats.dir/quantize-stats.cpp.o
[ 36%] Building CXX object common/CMakeFiles/common.dir/json-schema-to-grammar.cpp.o
[ 36%] Building CXX object common/CMakeFiles/common.dir/grammar-parser.cpp.o
[ 36%] Linking C executable ../bin/test-c
[ 36%] Linking CXX executable ../../bin/llama-bench-matmult
[ 36%] Building CXX object common/CMakeFiles/common.dir/train.cpp.o
[ 37%] Linking CXX executable ../../bin/llama-quantize-stats
[ 38%] Building CXX object common/CMakeFiles/common.dir/ngram-cache.cpp.o
[ 38%] Built target test-c
[ 38%] Linking CXX static library libcommon.a
[ 38%] Built target llama-bench-matmult
[ 38%] Built target common
[ 38%] Building CXX object tests/CMakeFiles/test-tokenizer-0.dir/test-tokenizer-0.cpp.o
[ 38%] Building CXX object tests/CMakeFiles/test-tokenizer-1-bpe.dir/test-tokenizer-1-bpe.cpp.o
[ 39%] Building CXX object tests/CMakeFiles/test-quantize-fns.dir/test-quantize-fns.cpp.o
[ 39%] Building CXX object tests/CMakeFiles/test-tokenizer-1-spm.dir/test-tokenizer-1-spm.cpp.o
[ 39%] Building CXX object tests/CMakeFiles/test-quantize-fns.dir/get-model.cpp.o
[ 39%] Built target llama-quantize-stats
[ 40%] Building CXX object tests/CMakeFiles/test-sampling.dir/test-sampling.cpp.o
[ 40%] Building CXX object tests/CMakeFiles/test-quantize-perf.dir/get-model.cpp.o
[ 40%] Building CXX object tests/CMakeFiles/test-quantize-perf.dir/test-quantize-perf.cpp.o
[ 40%] Building CXX object tests/CMakeFiles/test-sampling.dir/get-model.cpp.o
[ 41%] Linking CXX executable ../bin/test-tokenizer-0
[ 42%] Building CXX object tests/CMakeFiles/test-chat-template.dir/test-chat-template.cpp.o
[ 43%] Linking CXX executable ../bin/test-quantize-fns
[ 44%] Linking CXX executable ../bin/test-tokenizer-1-bpe
[ 45%] Building CXX object tests/CMakeFiles/test-llama-grammar.dir/test-llama-grammar.cpp.o
[ 46%] Linking CXX executable ../bin/test-tokenizer-1-spm
[ 46%] Building CXX object tests/CMakeFiles/test-chat-template.dir/get-model.cpp.o
[ 47%] Building CXX object tests/CMakeFiles/test-grammar-integration.dir/test-grammar-integration.cpp.o
[ 47%] Building CXX object tests/CMakeFiles/test-grammar-parser.dir/test-grammar-parser.cpp.o
[ 47%] Building CXX object tests/CMakeFiles/test-llama-grammar.dir/get-model.cpp.o
[ 47%] Building CXX object tests/CMakeFiles/test-grammar-integration.dir/get-model.cpp.o
[ 48%] Building CXX object tests/CMakeFiles/test-grammar-parser.dir/get-model.cpp.o
[ 49%] Building CXX object tests/CMakeFiles/test-backend-ops.dir/test-backend-ops.cpp.o
[ 50%] Linking CXX executable ../bin/test-sampling
[ 50%] Building CXX object tests/CMakeFiles/test-backend-ops.dir/get-model.cpp.o
[ 51%] Linking CXX executable ../bin/test-chat-template
[ 51%] Building CXX object tests/CMakeFiles/test-grad0.dir/test-grad0.cpp.o
[ 51%] Building CXX object tests/CMakeFiles/test-rope.dir/test-rope.cpp.o
[ 52%] Linking CXX executable ../bin/test-quantize-perf
[ 53%] Building CXX object tests/CMakeFiles/test-grad0.dir/get-model.cpp.o
[ 53%] Building CXX object tests/CMakeFiles/test-model-load-cancel.dir/test-model-load-cancel.cpp.o
[ 53%] Linking CXX executable ../bin/test-grammar-parser
[ 54%] Building CXX object tests/CMakeFiles/test-rope.dir/get-model.cpp.o
[ 55%] Building CXX object tests/CMakeFiles/test-model-load-cancel.dir/get-model.cpp.o
[ 56%] Linking CXX executable ../bin/test-grammar-integration
[ 57%] Linking CXX executable ../bin/test-llama-grammar
[ 58%] Linking CXX executable ../bin/test-backend-ops
[ 58%] Linking CXX executable ../bin/test-rope
[ 58%] Building CXX object examples/baby-llama/CMakeFiles/llama-baby-llama.dir/baby-llama.cpp.o
[ 58%] Building CXX object tests/CMakeFiles/test-autorelease.dir/test-autorelease.cpp.o
[ 58%] Building CXX object examples/batched-bench/CMakeFiles/llama-batched-bench.dir/batched-bench.cpp.o
[ 59%] Building CXX object tests/CMakeFiles/test-autorelease.dir/get-model.cpp.o
[ 59%] Linking CXX executable ../bin/test-model-load-cancel
[ 59%] Building CXX object tests/CMakeFiles/test-json-schema-to-grammar.dir/test-json-schema-to-grammar.cpp.o
[ 60%] Building CXX object tests/CMakeFiles/test-json-schema-to-grammar.dir/get-model.cpp.o
[ 60%] Linking CXX executable ../bin/test-grad0
[ 61%] Building CXX object examples/cvector-generator/CMakeFiles/llama-cvector-generator.dir/cvector-generator.cpp.o
[ 61%] Linking CXX executable ../bin/test-autorelease
[ 62%] Linking CXX executable ../../bin/llama-baby-llama
[ 62%] Building CXX object examples/batched/CMakeFiles/llama-batched.dir/batched.cpp.o
[ 63%] Linking CXX executable ../../bin/llama-batched-bench
[ 64%] Building CXX object examples/eval-callback/CMakeFiles/llama-eval-callback.dir/eval-callback.cpp.o
[ 65%] Building CXX object examples/embedding/CMakeFiles/llama-embedding.dir/embedding.cpp.o
[ 66%] Building CXX object examples/convert-llama2c-to-ggml/CMakeFiles/llama-convert-llama2c-to-ggml.dir/convert-llama2c-to-ggml.cpp.o
[ 66%] Linking CXX executable ../bin/test-json-schema-to-grammar
[ 66%] Building CXX object examples/export-lora/CMakeFiles/llama-export-lora.dir/export-lora.cpp.o
[ 66%] Linking CXX executable ../../bin/llama-cvector-generator
[ 66%] Linking CXX executable ../../bin/llama-eval-callback
[ 66%] Building CXX object examples/finetune/CMakeFiles/llama-finetune.dir/finetune.cpp.o
[ 67%] Linking CXX executable ../../bin/llama-batched
[ 67%] Building CXX object examples/gbnf-validator/CMakeFiles/llama-gbnf-validator.dir/gbnf-validator.cpp.o
[ 67%] Building CXX object examples/gguf-split/CMakeFiles/llama-gguf-split.dir/gguf-split.cpp.o
[ 67%] Built target test-sampling
[ 67%] Linking CXX executable ../../bin/llama-convert-llama2c-to-ggml
[ 67%] Linking CXX executable ../../bin/llama-embedding
[ 67%] Building CXX object examples/gritlm/CMakeFiles/llama-gritlm.dir/gritlm.cpp.o
[ 68%] Linking CXX executable ../../bin/llama-export-lora
[ 68%] Building CXX object examples/infill/CMakeFiles/llama-infill.dir/infill.cpp.o
[ 68%] Building CXX object examples/imatrix/CMakeFiles/llama-imatrix.dir/imatrix.cpp.o
[ 68%] Building CXX object examples/llama-bench/CMakeFiles/llama-bench.dir/llama-bench.cpp.o
[ 69%] Linking CXX executable ../../bin/llama-gritlm
[ 70%] Linking CXX executable ../../bin/llama-gbnf-validator
[ 71%] Linking CXX executable ../../bin/llama-gguf-split
[ 72%] Linking CXX executable ../../bin/llama-finetune
[ 73%] Building CXX object examples/lookahead/CMakeFiles/llama-lookahead.dir/lookahead.cpp.o
[ 73%] Built target test-quantize-fns
[ 74%] Building CXX object examples/lookup/CMakeFiles/llama-lookup.dir/lookup.cpp.o
[ 75%] Building CXX object examples/lookup/CMakeFiles/llama-lookup-create.dir/lookup-create.cpp.o
[ 75%] Built target test-grammar-parser
[ 75%] Linking CXX executable ../../bin/llama-infill
[ 75%] Built target test-grad0
[ 76%] Linking CXX executable ../../bin/llama-imatrix
[ 76%] Built target test-tokenizer-1-spm
[ 76%] Linking CXX executable ../../bin/llama-lookahead
[ 77%] Building CXX object examples/lookup/CMakeFiles/llama-lookup-merge.dir/lookup-merge.cpp.o
[ 77%] Linking CXX executable ../../bin/llama-lookup
[ 77%] Linking CXX executable ../../bin/llama-bench
[ 78%] Building CXX object examples/lookup/CMakeFiles/llama-lookup-stats.dir/lookup-stats.cpp.o
[ 78%] Linking CXX executable ../../bin/llama-lookup-create
[ 78%] Built target test-grammar-integration
[ 78%] Built target test-autorelease
[ 79%] Building CXX object examples/main/CMakeFiles/llama-cli.dir/main.cpp.o
[ 79%] Building CXX object examples/parallel/CMakeFiles/llama-parallel.dir/parallel.cpp.o
[ 79%] Built target test-tokenizer-0
[ 79%] Built target test-rope
[ 79%] Linking CXX executable ../../bin/llama-lookup-stats
[ 79%] Linking CXX executable ../../bin/llama-lookup-merge
[ 79%] Built target test-quantize-perf
[ 79%] Building CXX object examples/passkey/CMakeFiles/llama-passkey.dir/passkey.cpp.o
[ 79%] Built target test-model-load-cancel
[ 79%] Linking CXX executable ../../bin/llama-cli
[ 79%] Building CXX object examples/perplexity/CMakeFiles/llama-perplexity.dir/perplexity.cpp.o
[ 79%] Building CXX object examples/retrieval/CMakeFiles/llama-retrieval.dir/retrieval.cpp.o
[ 79%] Building CXX object examples/quantize/CMakeFiles/llama-quantize.dir/quantize.cpp.o
[ 80%] Linking CXX executable ../../bin/llama-parallel
[ 80%] Generating theme-snowstorm.css.hpp
[ 81%] Generating colorthemes.css.hpp
[ 81%] Built target test-llama-grammar
[ 82%] Generating completion.js.hpp
[ 83%] Linking CXX executable ../../bin/llama-passkey
[ 83%] Built target test-backend-ops
[ 83%] Built target test-tokenizer-1-bpe
[ 83%] Generating index-new.html.hpp
[ 83%] Built target llama-convert-llama2c-to-ggml
[ 84%] Linking CXX executable ../../bin/llama-perplexity
[ 84%] Linking CXX executable ../../bin/llama-retrieval
[ 85%] Generating index.html.hpp
[ 85%] Built target llama-export-lora
[ 86%] Linking CXX executable ../../bin/llama-quantize
[ 86%] Generating index.js.hpp
[ 87%] Building CXX object examples/save-load-state/CMakeFiles/llama-save-load-state.dir/save-load-state.cpp.o
[ 88%] Building CXX object examples/simple/CMakeFiles/llama-simple.dir/simple.cpp.o
[ 88%] Generating json-schema-to-grammar.mjs.hpp
[ 89%] Building CXX object examples/speculative/CMakeFiles/llama-speculative.dir/speculative.cpp.o
[ 90%] Generating prompt-formats.js.hpp
[ 91%] Building CXX object examples/tokenize/CMakeFiles/llama-tokenize.dir/tokenize.cpp.o
[ 91%] Built target test-json-schema-to-grammar
[ 91%] Generating style.css.hpp
[ 91%] Built target llama-eval-callback
[ 92%] Generating theme-beeninorder.css.hpp
[ 92%] Built target llama-infill
[ 92%] Built target test-chat-template
[ 92%] Linking CXX executable ../../bin/llama-speculative
[ 92%] Linking CXX executable ../../bin/llama-save-load-state
[ 93%] Building CXX object examples/train-text-from-scratch/CMakeFiles/llama-train-text-from-scratch.dir/train-text-from-scratch.cpp.o
[ 93%] Built target llama-gguf-split
[ 93%] Linking CXX executable ../../bin/llama-simple
[ 93%] Generating system-prompts.js.hpp
[ 93%] Generating theme-ketivah.css.hpp
[ 94%] Generating theme-mangotango.css.hpp
[ 94%] Built target llama-cvector-generator
[ 94%] Building CXX object pocs/vdot/CMakeFiles/llama-q8dot.dir/q8dot.cpp.o
[ 94%] Linking CXX executable ../../bin/llama-tokenize
[ 94%] Built target llama-gbnf-validator
[ 94%] Generating theme-playground.css.hpp
[ 94%] Built target llama-parallel
[ 95%] Generating theme-polarnight.css.hpp
[ 95%] Linking CXX executable ../../bin/llama-train-text-from-scratch
[ 95%] Building CXX object pocs/vdot/CMakeFiles/llama-vdot.dir/vdot.cpp.o
[ 96%] Linking CXX executable ../../bin/llama-q8dot
[ 96%] Built target llama-embedding
[ 97%] Linking CXX executable ../../bin/llama-vdot
[ 97%] Built target llama-batched
[ 97%] Built target llama-batched-bench
[ 97%] Built target llama-bench
[ 97%] Built target llama-lookup-stats
[ 97%] Built target llama-baby-llama
[ 97%] Built target llama-finetune
[ 97%] Built target llama-gritlm
[ 97%] Built target llama-lookup-merge
[ 97%] Built target llama-lookahead
[ 97%] Built target llama-imatrix
[ 97%] Built target llama-lookup
[ 98%] Building CXX object examples/server/CMakeFiles/llama-server.dir/server.cpp.o
[ 98%] Built target llama-simple
[ 98%] Built target llama-quantize
[ 98%] Built target llama-tokenize
[ 98%] Built target llama-train-text-from-scratch
[ 98%] Built target llama-q8dot
[ 98%] Built target llama-lookup-create
[ 98%] Linking CXX executable ../../bin/llama-server
[ 98%] Built target llama-perplexity
[ 98%] Built target llama-save-load-state
[ 98%] Built target llama-vdot
[ 98%] Built target llama-speculative
[ 98%] Built target llama-cli
[ 98%] Built target llama-passkey
[ 98%] Built target llama-retrieval
[ 98%] Built target llama-server
[ 98%] Built target llava
[ 99%] Linking CXX static library libllava_static.a
[100%] Building CXX object examples/llava/CMakeFiles/llama-llava-cli.dir/llava-cli.cpp.o
[100%] Linking CXX shared library libllava_shared.so
[100%] Linking CXX executable ../../bin/llama-llava-cli
[100%] Built target llava_static
[100%] Built target llava_shared
[100%] Built target llama-llava-cli

real	0m13.917s
user	0m20.281s
sys	0m3.075s
+ ctest --output-on-failure -L main
Test project /home/ggml/work/llama.cpp/build-ci-release
      Start  1: test-tokenizer-0-llama-spm
 1/22 Test  #1: test-tokenizer-0-llama-spm .......   Passed    0.08 sec
      Start  2: test-tokenizer-0-llama-bpe
 2/22 Test  #2: test-tokenizer-0-llama-bpe .......   Passed    0.62 sec
      Start  3: test-tokenizer-0-phi-3
 3/22 Test  #3: test-tokenizer-0-phi-3 ...........   Passed    0.08 sec
      Start  4: test-tokenizer-0-falcon
 4/22 Test  #4: test-tokenizer-0-falcon ..........   Passed    0.20 sec
      Start  5: test-tokenizer-0-bert-bge
 5/22 Test  #5: test-tokenizer-0-bert-bge ........   Passed    0.07 sec
      Start  6: test-tokenizer-0-starcoder
 6/22 Test  #6: test-tokenizer-0-starcoder .......   Passed    0.17 sec
      Start  7: test-tokenizer-0-gpt-2
 7/22 Test  #7: test-tokenizer-0-gpt-2 ...........   Passed    0.16 sec
      Start  8: test-tokenizer-0-refact
 8/22 Test  #8: test-tokenizer-0-refact ..........   Passed    0.16 sec
      Start  9: test-tokenizer-0-command-r
 9/22 Test  #9: test-tokenizer-0-command-r .......   Passed    0.93 sec
      Start 10: test-tokenizer-0-qwen2
10/22 Test #10: test-tokenizer-0-qwen2 ...........   Passed    0.48 sec
      Start 11: test-tokenizer-1-llama-spm
11/22 Test #11: test-tokenizer-1-llama-spm .......   Passed    0.51 sec
      Start 12: test-quantize-fns
12/22 Test #12: test-quantize-fns ................   Passed   20.16 sec
      Start 13: test-quantize-perf
13/22 Test #13: test-quantize-perf ...............   Passed    5.70 sec
      Start 14: test-sampling
14/22 Test #14: test-sampling ....................   Passed    0.05 sec
      Start 15: test-chat-template
15/22 Test #15: test-chat-template ...............   Passed    0.04 sec
      Start 16: test-grammar-parser
16/22 Test #16: test-grammar-parser ..............   Passed    0.00 sec
      Start 17: test-llama-grammar
17/22 Test #17: test-llama-grammar ...............   Passed    0.04 sec
      Start 18: test-grammar-integration
18/22 Test #18: test-grammar-integration .........   Passed    0.04 sec
      Start 19: test-grad0
19/22 Test #19: test-grad0 .......................   Passed    0.28 sec
      Start 20: test-backend-ops
20/22 Test #20: test-backend-ops .................   Passed   45.48 sec
      Start 21: test-rope
21/22 Test #21: test-rope ........................   Passed    0.09 sec
      Start 24: test-json-schema-to-grammar
22/22 Test #24: test-json-schema-to-grammar ......   Passed    2.69 sec

100% tests passed, 0 tests failed out of 22

Label Time Summary:
main    =  78.04 sec*proc (22 tests)

Total Test time (real) =  78.05 sec

real	1m18.087s
user	1m21.154s
sys	0m4.824s
