+ cmake -DCMAKE_BUILD_TYPE=Release ..
-- The C compiler identification is GNU 11.4.0
-- The CXX compiler identification is GNU 11.4.0
-- Detecting C compiler ABI info
-- Detecting C compiler ABI info - done
-- Check for working C compiler: /usr/bin/cc - skipped
-- Detecting C compile features
-- Detecting C compile features - done
-- Detecting CXX compiler ABI info
-- Detecting CXX compiler ABI info - done
-- Check for working CXX compiler: /usr/bin/c++ - skipped
-- Detecting CXX compile features
-- Detecting CXX compile features - done
-- Looking for pthread.h
-- Looking for pthread.h - found
-- Performing Test CMAKE_HAVE_LIBC_PTHREAD
-- Performing Test CMAKE_HAVE_LIBC_PTHREAD - Success
-- Found Threads: TRUE  
-- ccache found, compilation results will be cached. Disable with GGML_CCACHE=OFF.
-- CMAKE_SYSTEM_PROCESSOR: aarch64
-- Including CPU backend
-- Found OpenMP_C: -fopenmp (found version "4.5") 
-- Found OpenMP_CXX: -fopenmp (found version "4.5") 
-- Found OpenMP: TRUE (found version "4.5")  
-- ARM detected
-- Performing Test GGML_COMPILER_SUPPORTS_FP16_FORMAT_I3E
-- Performing Test GGML_COMPILER_SUPPORTS_FP16_FORMAT_I3E - Failed
-- Performing Test GGML_MACHINE_SUPPORTS_dotprod
-- Performing Test GGML_MACHINE_SUPPORTS_dotprod - Success
-- Performing Test GGML_MACHINE_SUPPORTS_i8mm
-- Performing Test GGML_MACHINE_SUPPORTS_i8mm - Failed
-- Performing Test GGML_MACHINE_SUPPORTS_sve
-- Performing Test GGML_MACHINE_SUPPORTS_sve - Failed
-- ARM feature DOTPROD enabled
-- ARM feature FMA enabled
-- ARM feature FP16_VECTOR_ARITHMETIC enabled
-- Adding CPU backend variant ggml-cpu: -mcpu=ares+crypto+noprofile+dotprod+noi8mm+nosve 
-- ARM detected
-- Configuring done
-- Generating done
-- Build files have been written to: /home/ggml/work/ggml/build-ci-release

real	0m1.775s
user	0m1.106s
sys	0m0.481s
+ make -j
[  1%] Building CXX object examples/CMakeFiles/common.dir/common.cpp.o
[  5%] Building CXX object src/CMakeFiles/ggml-base.dir/ggml-backend.cpp.o
[  5%] Building C object src/CMakeFiles/ggml-base.dir/ggml.c.o
[  5%] Building CXX object src/CMakeFiles/ggml-base.dir/ggml-opt.cpp.o
[  5%] Building C object src/CMakeFiles/ggml-base.dir/ggml-alloc.c.o
[  6%] Building C object src/CMakeFiles/ggml-base.dir/ggml-quants.c.o
[  7%] Building CXX object src/CMakeFiles/ggml-base.dir/ggml-threading.cpp.o
[  8%] Building CXX object src/CMakeFiles/ggml-base.dir/gguf.cpp.o
[  9%] Linking CXX static library libcommon.a
[ 10%] Linking CXX shared library libggml-base.so
[ 10%] Built target common
[ 10%] Built target ggml-base
[ 13%] Building CXX object src/CMakeFiles/ggml-cpu.dir/ggml-cpu/ggml-cpu-aarch64.cpp.o
[ 13%] Building CXX object src/CMakeFiles/ggml-cpu.dir/ggml-cpu/ggml-cpu.cpp.o
[ 13%] Building C object src/CMakeFiles/ggml-cpu.dir/ggml-cpu/ggml-cpu.c.o
[ 16%] Building C object src/CMakeFiles/ggml-cpu.dir/ggml-cpu/ggml-cpu-quants.c.o
[ 16%] Building CXX object src/CMakeFiles/ggml-cpu.dir/ggml-cpu/ggml-cpu-hbm.cpp.o
[ 16%] Building CXX object src/CMakeFiles/ggml-cpu.dir/ggml-cpu/ggml-cpu-traits.cpp.o
[ 17%] Building CXX object src/CMakeFiles/ggml-cpu.dir/ggml-cpu/amx/amx.cpp.o
[ 18%] Building CXX object src/CMakeFiles/ggml-cpu.dir/ggml-cpu/amx/mmq.cpp.o
[ 19%] Linking CXX shared library libggml-cpu.so
[ 19%] Built target ggml-cpu
[ 20%] Building CXX object src/CMakeFiles/ggml.dir/ggml-backend-reg.cpp.o
[ 21%] Linking CXX shared library libggml.so
[ 21%] Built target ggml
[ 22%] Building C object tests/CMakeFiles/test-mul-mat2.dir/test-mul-mat2.c.o
[ 23%] Building CXX object tests/CMakeFiles/test-opt.dir/test-opt.cpp.o
[ 24%] Building C object tests/CMakeFiles/test-vec0.dir/test-vec0.c.o
[ 25%] Building CXX object tests/CMakeFiles/test-quantize-perf.dir/test-quantize-perf.cpp.o
[ 26%] Building CXX object tests/CMakeFiles/test-quantize-fns.dir/test-quantize-fns.cpp.o
[ 27%] Building C object tests/CMakeFiles/test-mul-mat0.dir/test-mul-mat0.c.o
[ 28%] Building C object tests/CMakeFiles/test0.dir/test0.c.o
[ 29%] Building C object tests/CMakeFiles/test-pool.dir/test-pool.c.o
[ 30%] Linking C executable ../bin/test-vec0
[ 31%] Linking C executable ../bin/test-mul-mat2
[ 32%] Building CXX object tests/CMakeFiles/test-arange.dir/test-arange.cpp.o
[ 33%] Linking CXX executable ../bin/test-opt
[ 34%] Linking CXX executable ../bin/test-quantize-perf
[ 35%] Linking CXX executable ../bin/test-quantize-fns
[ 36%] Linking C executable ../bin/test-mul-mat0
[ 37%] Building CXX object tests/CMakeFiles/test-pad-reflect-1d.dir/test-pad-reflect-1d.cpp.o
[ 38%] Building CXX object tests/CMakeFiles/test-timestep_embedding.dir/test-timestep_embedding.cpp.o
[ 39%] Building C object tests/CMakeFiles/test-conv-transpose.dir/test-conv-transpose.c.o
[ 40%] Linking C executable ../bin/test0
[ 41%] Linking CXX executable ../bin/test-arange
[ 42%] Linking CXX executable ../bin/test-pad-reflect-1d
[ 43%] Building CXX object tests/CMakeFiles/test-conv-transpose-1d.dir/test-conv-transpose-1d.cpp.o
[ 44%] Linking C executable ../bin/test-pool
[ 45%] Building C object tests/CMakeFiles/test-dup.dir/test-dup.c.o
[ 45%] Built target test-vec0
[ 46%] Linking CXX executable ../bin/test-conv-transpose-1d
[ 47%] Building C object tests/CMakeFiles/test-rel-pos.dir/test-rel-pos.c.o
[ 48%] Linking CXX executable ../bin/test-timestep_embedding
[ 50%] Linking C executable ../bin/test-conv-transpose
[ 51%] Linking C executable ../bin/test-rel-pos
[ 52%] Building CXX object tests/CMakeFiles/test-conv2d.dir/test-conv2d.cpp.o
[ 53%] Building CXX object tests/CMakeFiles/test-conv1d.dir/test-conv1d.cpp.o
[ 54%] Building C object tests/CMakeFiles/test-customop.dir/test-customop.c.o
[ 55%] Linking C executable ../bin/test-dup
[ 56%] Building CXX object tests/CMakeFiles/test-mul-mat.dir/test-mul-mat.cpp.o
[ 57%] Linking C executable ../bin/test-customop
[ 57%] Built target test-mul-mat2
[ 58%] Linking CXX executable ../bin/test-conv1d
[ 59%] Linking CXX executable ../bin/test-conv2d
[ 60%] Building CXX object tests/CMakeFiles/test-backend-ops.dir/test-backend-ops.cpp.o
[ 61%] Building C object tests/CMakeFiles/test-cont.dir/test-cont.c.o
[ 61%] Built target test-opt
[ 62%] Building CXX object examples/CMakeFiles/common-ggml.dir/common-ggml.cpp.o
[ 62%] Built target test-quantize-perf
[ 62%] Built target test-pad-reflect-1d
[ 62%] Built target test-arange
[ 63%] Building CXX object examples/mnist/CMakeFiles/mnist-common.dir/mnist-common.cpp.o
[ 64%] Building CXX object examples/yolo/CMakeFiles/yolov3-tiny.dir/yolov3-tiny.cpp.o
[ 65%] Building CXX object examples/sam/CMakeFiles/sam.dir/main.cpp.o
[ 66%] Linking C executable ../bin/test-cont
[ 67%] Linking CXX executable ../bin/test-mul-mat
[ 67%] Built target test-timestep_embedding
[ 68%] Building CXX object examples/yolo/CMakeFiles/yolov3-tiny.dir/yolo-image.cpp.o
[ 69%] Linking CXX static library libcommon-ggml.a
[ 69%] Built target test0
[ 70%] Linking CXX executable ../../bin/sam
[ 71%] Building CXX object examples/simple/CMakeFiles/simple-ctx.dir/simple-ctx.cpp.o
[ 72%] Linking CXX static library libmnist-common.a
[ 73%] Linking CXX executable ../bin/test-backend-ops
[ 73%] Built target test-quantize-fns
[ 73%] Built target test-pool
[ 73%] Built target test-conv-transpose-1d
[ 73%] Built target test-mul-mat0
[ 74%] Building CXX object examples/simple/CMakeFiles/simple-backend.dir/simple-backend.cpp.o
[ 74%] Built target test-conv-transpose
[ 73%] Built target test-dup
[ 75%] Linking CXX executable ../../bin/yolov3-tiny
[ 76%] Linking CXX executable ../../bin/simple-ctx
[ 76%] Built target test-conv2d
[ 76%] Built target test-rel-pos
[ 76%] Built target test-conv1d
[ 76%] Built target mnist-common
[ 76%] Built target test-customop
[ 76%] Built target common-ggml
[ 77%] Linking CXX executable ../../bin/simple-backend
[ 77%] Built target test-cont
[ 78%] Building CXX object examples/mnist/CMakeFiles/mnist-eval.dir/mnist-eval.cpp.o
[ 78%] Built target test-mul-mat
[ 79%] Building CXX object examples/gpt-2/CMakeFiles/gpt-2-backend.dir/main-backend.cpp.o
[ 80%] Building CXX object examples/gpt-2/CMakeFiles/gpt-2-ctx.dir/main-ctx.cpp.o
[ 81%] Building CXX object examples/gpt-2/CMakeFiles/gpt-2-sched.dir/main-sched.cpp.o
[ 82%] Building CXX object examples/gpt-2/CMakeFiles/gpt-2-alloc.dir/main-alloc.cpp.o
[ 83%] Building CXX object examples/gpt-2/CMakeFiles/gpt-2-batched.dir/main-batched.cpp.o
[ 84%] Building CXX object examples/mnist/CMakeFiles/mnist-train.dir/mnist-train.cpp.o
[ 84%] Built target sam
[ 85%] Building CXX object examples/gpt-j/CMakeFiles/gpt-j.dir/main.cpp.o
[ 85%] Built target simple-ctx
[ 86%] Building CXX object examples/gpt-2/CMakeFiles/gpt-2-quantize.dir/quantize.cpp.o
[ 87%] Linking CXX executable ../../bin/gpt-2-backend
[ 88%] Building CXX object examples/magika/CMakeFiles/magika.dir/main.cpp.o
[ 88%] Built target yolov3-tiny
[ 89%] Linking CXX executable ../../bin/gpt-2-batched
[ 90%] Linking CXX executable ../../bin/mnist-eval
[ 91%] Linking CXX executable ../../bin/gpt-2-ctx
[ 92%] Linking CXX executable ../../bin/gpt-2-alloc
[ 92%] Built target simple-backend
[ 92%] Built target test-backend-ops
[ 94%] Linking CXX executable ../../bin/mnist-train
[ 94%] Building CXX object examples/gpt-j/CMakeFiles/gpt-j-quantize.dir/quantize.cpp.o
[ 95%] Linking CXX executable ../../bin/gpt-2-sched
[ 96%] Linking CXX executable ../../bin/gpt-j
[ 97%] Linking CXX executable ../../bin/magika
[ 98%] Linking CXX executable ../../bin/gpt-j-quantize
[100%] Linking CXX executable ../../bin/gpt-2-quantize
[100%] Built target mnist-eval
[100%] Built target mnist-train
[100%] Built target magika
[100%] Built target gpt-2-sched
[100%] Built target gpt-2-alloc
[100%] Built target gpt-2-ctx
[100%] Built target gpt-2-batched
[100%] Built target gpt-2-backend
[100%] Built target gpt-j
[100%] Built target gpt-2-quantize
[100%] Built target gpt-j-quantize

real	0m1.025s
user	0m3.449s
sys	0m1.833s
+ ctest --output-on-failure
Test project /home/ggml/work/ggml/build-ci-release
      Start  1: test-opt
 1/20 Test  #1: test-opt .........................   Passed    0.01 sec
      Start  2: test-quantize-fns
 2/20 Test  #2: test-quantize-fns ................   Passed   16.94 sec
      Start  3: test-quantize-perf
 3/20 Test  #3: test-quantize-perf ...............   Passed    0.08 sec
      Start  4: test-mul-mat0
 4/20 Test  #4: test-mul-mat0 ....................   Passed    0.53 sec
      Start  5: test-mul-mat2
 5/20 Test  #5: test-mul-mat2 ....................   Passed    1.77 sec
      Start  6: test0
 6/20 Test  #6: test0 ............................   Passed    0.00 sec
      Start  7: test-pool
 7/20 Test  #7: test-pool ........................   Passed    0.00 sec
      Start  8: test-arange
 8/20 Test  #8: test-arange ......................   Passed    0.00 sec
      Start  9: test-timestep_embedding
 9/20 Test  #9: test-timestep_embedding ..........   Passed    0.00 sec
      Start 10: test-pad-reflect-1d
10/20 Test #10: test-pad-reflect-1d ..............   Passed    0.00 sec
      Start 11: test-conv-transpose
11/20 Test #11: test-conv-transpose ..............   Passed    0.00 sec
      Start 12: test-conv-transpose-1d
12/20 Test #12: test-conv-transpose-1d ...........   Passed    0.01 sec
      Start 13: test-dup
13/20 Test #13: test-dup .........................   Passed    0.00 sec
      Start 14: test-rel-pos
14/20 Test #14: test-rel-pos .....................   Passed    0.00 sec
      Start 15: test-customop
15/20 Test #15: test-customop ....................   Passed    0.00 sec
      Start 16: test-conv1d
16/20 Test #16: test-conv1d ......................   Passed    0.00 sec
      Start 17: test-conv2d
17/20 Test #17: test-conv2d ......................   Passed    0.00 sec
      Start 18: test-mul-mat
18/20 Test #18: test-mul-mat .....................   Passed    0.00 sec
      Start 19: test-backend-ops
19/20 Test #19: test-backend-ops .................   Passed    0.01 sec
      Start 20: test-cont
20/20 Test #20: test-cont ........................   Passed    0.00 sec

100% tests passed, 0 tests failed out of 20

Total Test time (real) =  19.39 sec

real	0m19.403s
user	0m18.913s
sys	0m0.326s
