+ cmake -DCMAKE_BUILD_TYPE=Debug -DLLAMA_FATAL_WARNINGS=ON ..
-- The C compiler identification is GNU 8.3.0
-- The CXX compiler identification is GNU 8.3.0
-- Detecting C compiler ABI info
-- Detecting C compiler ABI info - done
-- Check for working C compiler: /usr/bin/cc - skipped
-- Detecting C compile features
-- Detecting C compile features - done
-- Detecting CXX compiler ABI info
-- Detecting CXX compiler ABI info - done
-- Check for working CXX compiler: /usr/bin/c++ - skipped
-- Detecting CXX compile features
-- Detecting CXX compile features - done
-- Found Git: /usr/bin/git (found version "2.20.1") 
-- Performing Test CMAKE_HAVE_LIBC_PTHREAD
-- Performing Test CMAKE_HAVE_LIBC_PTHREAD - Failed
-- Check if compiler accepts -pthread
-- Check if compiler accepts -pthread - yes
-- Found Threads: TRUE  
-- Found OpenMP_C: -fopenmp (found version "4.5") 
-- Found OpenMP_CXX: -fopenmp (found version "4.5") 
-- Found OpenMP: TRUE (found version "4.5")  
-- OpenMP found
-- ccache found, compilation results will be cached. Disable with LLAMA_CCACHE=OFF.
-- CMAKE_SYSTEM_PROCESSOR: loongarch64
-- loongarch64 detected
-- Configuring done (1.4s)
-- Generating done (0.2s)
-- Build files have been written to: /home/loongson/work/llama.cpp/build-ci-debug

real	0m1.680s
user	0m1.275s
sys	0m0.396s
+ make -j
[  0%] Generating build details from Git
[  1%] Building C object CMakeFiles/ggml.dir/ggml.c.o
[  1%] Building C object CMakeFiles/ggml.dir/ggml-alloc.c.o
[  3%] Building C object CMakeFiles/ggml.dir/ggml-backend.c.o
[  3%] Building CXX object CMakeFiles/ggml.dir/sgemm.cpp.o
[  3%] Building C object CMakeFiles/ggml.dir/ggml-quants.c.o
-- Found Git: /usr/bin/git (found version "2.20.1") 
[  3%] Built target ggml
[  4%] Linking CXX static library libggml_static.a
[  6%] Building CXX object CMakeFiles/llama.dir/llama.cpp.o
[  6%] Building CXX object CMakeFiles/llama.dir/unicode.cpp.o
[  6%] Building CXX object CMakeFiles/llama.dir/unicode-data.cpp.o
[  6%] Building CXX object examples/gguf/CMakeFiles/llama-gguf.dir/gguf.cpp.o
[  7%] Linking CXX executable ../../bin/llama-gguf
[  7%] Built target ggml_static
[  8%] Building CXX object common/CMakeFiles/build_info.dir/build-info.cpp.o
[  8%] Built target build_info
[  8%] Built target llama-gguf
[  8%] Linking CXX static library libllama.a
[  8%] Built target llama
[ 10%] Building C object tests/CMakeFiles/test-c.dir/test-c.c.o
[ 10%] Building CXX object examples/benchmark/CMakeFiles/llama-bench-matmult.dir/benchmark-matmult.cpp.o
[ 11%] Building CXX object common/CMakeFiles/common.dir/grammar-parser.cpp.o
[ 11%] Building CXX object examples/quantize-stats/CMakeFiles/llama-quantize-stats.dir/quantize-stats.cpp.o
[ 11%] Building CXX object common/CMakeFiles/common.dir/common.cpp.o
[ 13%] Building CXX object common/CMakeFiles/common.dir/console.cpp.o
[ 13%] Building CXX object common/CMakeFiles/common.dir/sampling.cpp.o
[ 17%] Building CXX object common/CMakeFiles/common.dir/json-schema-to-grammar.cpp.o
[ 17%] Building CXX object common/CMakeFiles/common.dir/ngram-cache.cpp.o
[ 17%] Building CXX object common/CMakeFiles/common.dir/train.cpp.o
[ 17%] Building CXX object examples/llava/CMakeFiles/llava.dir/llava.cpp.o
[ 17%] Building CXX object examples/llava/CMakeFiles/llava.dir/clip.cpp.o
[ 17%] Linking CXX executable ../bin/test-c
[ 18%] Linking CXX executable ../../bin/llama-bench-matmult
[ 19%] Linking CXX executable ../../bin/llama-quantize-stats
[ 20%] Linking CXX static library libcommon.a
[ 20%] Built target llava
[ 20%] Linking CXX static library libllava_static.a
[ 20%] Built target test-c
[ 20%] Built target llava_static
[ 20%] Built target llama-bench-matmult
[ 20%] Built target common
[ 20%] Building CXX object tests/CMakeFiles/test-tokenizer-0.dir/test-tokenizer-0.cpp.o
[ 21%] Building CXX object tests/CMakeFiles/test-tokenizer-1-bpe.dir/test-tokenizer-1-bpe.cpp.o
[ 22%] Building CXX object tests/CMakeFiles/test-tokenizer-1-spm.dir/test-tokenizer-1-spm.cpp.o
[ 22%] Building CXX object tests/CMakeFiles/test-sampling.dir/test-sampling.cpp.o
[ 23%] Building CXX object tests/CMakeFiles/test-quantize-fns.dir/get-model.cpp.o
[ 25%] Building CXX object tests/CMakeFiles/test-llama-grammar.dir/test-llama-grammar.cpp.o
[ 25%] Building CXX object tests/CMakeFiles/test-sampling.dir/get-model.cpp.o
[ 24%] Building CXX object tests/CMakeFiles/test-quantize-fns.dir/test-quantize-fns.cpp.o
[ 28%] Building CXX object tests/CMakeFiles/test-chat-template.dir/get-model.cpp.o
[ 28%] Building CXX object tests/CMakeFiles/test-llama-grammar.dir/get-model.cpp.o
[ 31%] Building CXX object tests/CMakeFiles/test-grammar-parser.dir/test-grammar-parser.cpp.o
[ 31%] Building CXX object tests/CMakeFiles/test-chat-template.dir/test-chat-template.cpp.o
[ 32%] Building CXX object tests/CMakeFiles/test-quantize-perf.dir/get-model.cpp.o
[ 36%] Building CXX object tests/CMakeFiles/test-rope.dir/test-rope.cpp.o
[ 36%] Building CXX object tests/CMakeFiles/test-model-load-cancel.dir/get-model.cpp.o
[ 36%] Building CXX object tests/CMakeFiles/test-grammar-parser.dir/get-model.cpp.o
[ 48%] Building CXX object examples/gritlm/CMakeFiles/llama-gritlm.dir/gritlm.cpp.o
[ 47%] Building CXX object examples/eval-callback/CMakeFiles/llama-eval-callback.dir/eval-callback.cpp.o
[ 48%] Building CXX object examples/gbnf-validator/CMakeFiles/llama-gbnf-validator.dir/gbnf-validator.cpp.o
[ 47%] Building CXX object tests/CMakeFiles/test-grad0.dir/get-model.cpp.o
[ 47%] Building CXX object tests/CMakeFiles/test-rope.dir/get-model.cpp.o
[ 47%] Building CXX object examples/embedding/CMakeFiles/llama-embedding.dir/embedding.cpp.o
[ 48%] Building CXX object examples/gguf-split/CMakeFiles/llama-gguf-split.dir/gguf-split.cpp.o
[ 38%] Building CXX object examples/baby-llama/CMakeFiles/llama-baby-llama.dir/baby-llama.cpp.o
[ 47%] Building CXX object examples/batched/CMakeFiles/llama-batched.dir/batched.cpp.o
[ 46%] Building CXX object tests/CMakeFiles/test-quantize-perf.dir/test-quantize-perf.cpp.o
[ 47%] Building CXX object tests/CMakeFiles/test-backend-ops.dir/test-backend-ops.cpp.o
[ 47%] Building CXX object tests/CMakeFiles/test-grammar-integration.dir/get-model.cpp.o
[ 49%] Building CXX object examples/infill/CMakeFiles/llama-infill.dir/infill.cpp.o
[ 49%] Building CXX object examples/imatrix/CMakeFiles/llama-imatrix.dir/imatrix.cpp.o
[ 48%] Building CXX object tests/CMakeFiles/test-backend-ops.dir/get-model.cpp.o
[ 49%] Linking CXX executable ../bin/test-sampling
[ 48%] Building CXX object tests/CMakeFiles/test-model-load-cancel.dir/test-model-load-cancel.cpp.o
[ 48%] Building CXX object examples/convert-llama2c-to-ggml/CMakeFiles/llama-convert-llama2c-to-ggml.dir/convert-llama2c-to-ggml.cpp.o
[ 48%] Building CXX object examples/finetune/CMakeFiles/llama-finetune.dir/finetune.cpp.o
[ 48%] Building CXX object tests/CMakeFiles/test-grammar-integration.dir/test-grammar-integration.cpp.o
[ 48%] Building CXX object examples/batched-bench/CMakeFiles/llama-batched-bench.dir/batched-bench.cpp.o
[ 37%] Building CXX object tests/CMakeFiles/test-grad0.dir/test-grad0.cpp.o
[ 48%] Building CXX object tests/CMakeFiles/test-autorelease.dir/get-model.cpp.o
[ 48%] Building CXX object tests/CMakeFiles/test-autorelease.dir/test-autorelease.cpp.o
[ 48%] Building CXX object examples/export-lora/CMakeFiles/llama-export-lora.dir/export-lora.cpp.o
[ 50%] Linking CXX executable ../bin/test-quantize-fns
[ 51%] Linking CXX executable ../bin/test-tokenizer-1-bpe
[ 51%] Linking CXX executable ../bin/test-tokenizer-1-spm
[ 52%] Linking CXX executable ../bin/test-tokenizer-0
[ 53%] Building CXX object examples/lookahead/CMakeFiles/llama-lookahead.dir/lookahead.cpp.o
[ 53%] Building CXX object examples/lookup/CMakeFiles/llama-lookup.dir/lookup.cpp.o
[ 54%] Building CXX object examples/llama-bench/CMakeFiles/llama-bench.dir/llama-bench.cpp.o
[ 55%] Linking CXX executable ../bin/test-rope
[ 56%] Linking CXX executable ../bin/test-grad0
[ 58%] Linking CXX executable ../bin/test-chat-template
[ 58%] Building CXX object examples/llava/CMakeFiles/llama-llava-cli.dir/llava-cli.cpp.o
[ 58%] Building CXX object examples/lookup/CMakeFiles/llama-lookup-stats.dir/lookup-stats.cpp.o
[ 58%] Building CXX object examples/lookup/CMakeFiles/llama-lookup-merge.dir/lookup-merge.cpp.o
[ 58%] Linking CXX executable ../../bin/llama-baby-llama
[ 59%] Building CXX object examples/lookup/CMakeFiles/llama-lookup-create.dir/lookup-create.cpp.o
[ 60%] Linking CXX executable ../bin/test-model-load-cancel
[ 60%] Building CXX object examples/main/CMakeFiles/llama-cli.dir/main.cpp.o
[ 61%] Linking CXX executable ../bin/test-grammar-parser
[ 61%] Building CXX object examples/parallel/CMakeFiles/llama-parallel.dir/parallel.cpp.o
[ 62%] Linking CXX executable ../bin/test-quantize-perf
[ 62%] Linking CXX executable ../bin/test-backend-ops
[ 63%] Building CXX object examples/perplexity/CMakeFiles/llama-perplexity.dir/perplexity.cpp.o
[ 64%] Linking CXX executable ../bin/test-grammar-integration
[ 64%] Linking CXX executable ../../bin/llama-gbnf-validator
[ 65%] Linking CXX executable ../../bin/llama-gritlm
[ 65%] Linking CXX executable ../../bin/llama-convert-llama2c-to-ggml
[ 66%] Linking CXX executable ../../bin/llama-eval-callback
[ 67%] Building CXX object examples/quantize/CMakeFiles/llama-quantize.dir/quantize.cpp.o
[ 67%] Linking CXX executable ../../bin/llama-gguf-split
[ 68%] Linking CXX executable ../../bin/llama-batched
[ 68%] Linking CXX executable ../bin/test-autorelease
[ 69%] Linking CXX executable ../../bin/llama-embedding
[ 69%] Generating theme-snowstorm.css.hpp
[ 70%] Linking CXX executable ../../bin/llama-finetune
[ 70%] Generating colorthemes.css.hpp
[ 72%] Linking CXX executable ../../bin/llama-imatrix
[ 72%] Linking CXX executable ../../bin/llama-batched-bench
[ 73%] Generating completion.js.hpp
[ 73%] Building CXX object examples/passkey/CMakeFiles/llama-passkey.dir/passkey.cpp.o
[ 73%] Building CXX object examples/retrieval/CMakeFiles/llama-retrieval.dir/retrieval.cpp.o
[ 74%] Linking CXX executable ../../bin/llama-lookahead
[ 75%] Linking CXX executable ../../bin/llama-infill
[ 75%] Generating index-new.html.hpp
[ 75%] Linking CXX executable ../../bin/llama-export-lora
[ 76%] Linking CXX executable ../../bin/llama-lookup-merge
[ 76%] Linking CXX executable ../../bin/llama-lookup-create
[ 77%] Linking CXX executable ../../bin/llama-lookup
[ 77%] Linking CXX executable ../../bin/llama-llava-cli
[ 78%] Linking CXX executable ../../bin/llama-lookup-stats
[ 78%] Building CXX object examples/save-load-state/CMakeFiles/llama-save-load-state.dir/save-load-state.cpp.o
[ 80%] Building CXX object examples/speculative/CMakeFiles/llama-speculative.dir/speculative.cpp.o
[ 81%] Building CXX object pocs/vdot/CMakeFiles/llama-vdot.dir/vdot.cpp.o
[ 80%] Building CXX object examples/simple/CMakeFiles/llama-simple.dir/simple.cpp.o
[ 82%] Linking CXX executable ../../bin/llama-cli
[ 82%] Building CXX object pocs/vdot/CMakeFiles/llama-q8dot.dir/q8dot.cpp.o
[ 83%] Generating index.js.hpp
[ 84%] Linking CXX executable ../../bin/llama-parallel
[ 85%] Generating index.html.hpp
[ 85%] Building CXX object examples/tokenize/CMakeFiles/llama-tokenize.dir/tokenize.cpp.o
[ 85%] Linking CXX executable ../../bin/llama-quantize
[ 86%] Generating json-schema-to-grammar.mjs.hpp
[ 87%] Generating prompt-formats.js.hpp
[ 87%] Building CXX object examples/train-text-from-scratch/CMakeFiles/llama-train-text-from-scratch.dir/train-text-from-scratch.cpp.o
[ 88%] Linking CXX executable ../../bin/llama-perplexity
[ 88%] Generating style.css.hpp
[ 89%] Linking CXX executable ../../bin/llama-retrieval
[ 89%] Linking CXX executable ../../bin/llama-passkey
[ 89%] Linking CXX executable ../../bin/llama-vdot
[ 90%] Linking CXX executable ../../bin/llama-q8dot
[ 91%] Linking CXX executable ../../bin/llama-speculative
[ 91%] Generating system-prompts.js.hpp
[ 92%] Generating theme-beeninorder.css.hpp
[ 92%] Linking CXX executable ../../bin/llama-simple
[ 95%] Generating theme-ketivah.css.hpp
[ 97%] Generating theme-polarnight.css.hpp
[ 97%] Generating theme-mangotango.css.hpp
[ 97%] Linking CXX executable ../../bin/llama-tokenize
[ 95%] Generating theme-playground.css.hpp
[ 95%] Linking CXX executable ../../bin/llama-save-load-state
[ 98%] Linking CXX executable ../../bin/llama-train-text-from-scratch
[ 98%] Building CXX object examples/server/CMakeFiles/llama-server.dir/server.cpp.o
[ 98%] Built target test-quantize-fns
[ 99%] Linking CXX executable ../../bin/llama-server
[ 99%] Built target test-grad0
[ 99%] Built target test-grammar-parser
[ 99%] Built target test-quantize-perf
[ 99%] Built target llama-export-lora
[ 99%] Built target test-rope
[ 99%] Built target llama-q8dot
[ 99%] Built target llama-convert-llama2c-to-ggml
[ 99%] Built target llama-vdot
[ 99%] Built target llama-lookup-merge
[ 99%] Built target test-backend-ops
[ 99%] Built target llama-quantize-stats
[ 99%] Linking CXX executable ../../bin/llama-bench
[ 99%] Built target llama-gbnf-validator
[ 99%] Built target test-chat-template
[ 99%] Built target test-autorelease
[ 99%] Built target test-model-load-cancel
[ 99%] Built target llama-gguf-split
[ 99%] Built target test-sampling
[ 99%] Built target test-tokenizer-1-spm
[ 99%] Built target test-tokenizer-1-bpe
[ 99%] Built target test-grammar-integration
[ 99%] Built target llama-lookahead
[ 99%] Built target llama-eval-callback
[ 99%] Built target llama-lookup
[ 99%] Built target llama-imatrix
[ 99%] Built target llama-parallel
[ 99%] Built target llama-quantize
[ 99%] Built target llama-embedding
[ 99%] Built target llama-retrieval
[ 99%] Built target llama-lookup-create
[ 99%] Built target llama-perplexity
[ 99%] Built target llama-llava-cli
[ 99%] Built target llama-batched
[ 99%] Built target test-tokenizer-0
[ 99%] Built target llama-cli
[ 99%] Built target llama-gritlm
[ 99%] Built target llama-save-load-state
[ 99%] Built target llama-batched-bench
[ 99%] Built target llama-infill
[ 99%] Built target llama-tokenize
[ 99%] Built target llama-lookup-stats
[ 99%] Built target llama-finetune
[ 99%] Built target llama-baby-llama
[ 99%] Built target llama-train-text-from-scratch
[ 99%] Built target llama-bench
[ 99%] Built target llama-speculative
[ 99%] Built target llama-passkey
[ 99%] Built target llama-simple
[ 99%] Built target llama-server
[100%] Linking CXX executable ../bin/test-llama-grammar
[100%] Built target test-llama-grammar

real	0m48.808s
user	2m53.737s
sys	0m19.856s
+ ctest --output-on-failure -L main -E test-opt
Test project /home/loongson/work/llama.cpp/build-ci-debug
      Start  1: test-tokenizer-0-llama-spm
 1/21 Test  #1: test-tokenizer-0-llama-spm .......   Passed    0.44 sec
      Start  2: test-tokenizer-0-llama-bpe
 2/21 Test  #2: test-tokenizer-0-llama-bpe .......   Passed    7.13 sec
      Start  3: test-tokenizer-0-phi-3
 3/21 Test  #3: test-tokenizer-0-phi-3 ...........   Passed    0.43 sec
      Start  4: test-tokenizer-0-falcon
 4/21 Test  #4: test-tokenizer-0-falcon ..........   Passed    2.39 sec
      Start  5: test-tokenizer-0-bert-bge
 5/21 Test  #5: test-tokenizer-0-bert-bge ........   Passed    0.47 sec
      Start  6: test-tokenizer-0-starcoder
 6/21 Test  #6: test-tokenizer-0-starcoder .......   Passed    1.79 sec
      Start  7: test-tokenizer-0-gpt-2
 7/21 Test  #7: test-tokenizer-0-gpt-2 ...........   Passed    1.85 sec
      Start  8: test-tokenizer-0-refact
 8/21 Test  #8: test-tokenizer-0-refact ..........   Passed    1.80 sec
      Start  9: test-tokenizer-0-command-r
 9/21 Test  #9: test-tokenizer-0-command-r .......   Passed   10.78 sec
      Start 10: test-tokenizer-0-qwen2
10/21 Test #10: test-tokenizer-0-qwen2 ...........   Passed    6.03 sec
      Start 11: test-tokenizer-1-llama-spm
11/21 Test #11: test-tokenizer-1-llama-spm .......   Passed    3.07 sec
      Start 12: test-quantize-fns
12/21 Test #12: test-quantize-fns ................   Passed  103.81 sec
      Start 13: test-quantize-perf
13/21 Test #13: test-quantize-perf ...............   Passed   31.59 sec
      Start 14: test-sampling
14/21 Test #14: test-sampling ....................   Passed    0.08 sec
      Start 15: test-chat-template
15/21 Test #15: test-chat-template ...............   Passed    0.01 sec
      Start 16: test-grammar-parser
16/21 Test #16: test-grammar-parser ..............   Passed    0.00 sec
      Start 17: test-llama-grammar
17/21 Test #17: test-llama-grammar ...............   Passed    0.01 sec
      Start 18: test-grammar-integration
18/21 Test #18: test-grammar-integration .........   Passed    0.03 sec
      Start 19: test-grad0
19/21 Test #19: test-grad0 .......................   Passed    0.94 sec
      Start 20: test-backend-ops
20/21 Test #20: test-backend-ops .................   Passed    0.00 sec
      Start 21: test-rope
21/21 Test #21: test-rope ........................   Passed    0.19 sec

100% tests passed, 0 tests failed out of 21

Label Time Summary:
main    = 172.84 sec*proc (21 tests)

Total Test time (real) = 172.86 sec

real	2m52.869s
user	3m27.692s
sys	0m0.546s
