+ cmake -DCMAKE_BUILD_TYPE=Debug -DLLAMA_FATAL_WARNINGS=ON ..
-- The C compiler identification is GNU 11.4.0
-- The CXX compiler identification is GNU 11.4.0
-- Detecting C compiler ABI info
-- Detecting C compiler ABI info - done
-- Check for working C compiler: /usr/bin/cc - skipped
-- Detecting C compile features
-- Detecting C compile features - done
-- Detecting CXX compiler ABI info
-- Detecting CXX compiler ABI info - done
-- Check for working CXX compiler: /usr/bin/c++ - skipped
-- Detecting CXX compile features
-- Detecting CXX compile features - done
-- Found Git: /usr/bin/git (found version "2.34.1") 
-- Looking for pthread.h
-- Looking for pthread.h - found
-- Performing Test CMAKE_HAVE_LIBC_PTHREAD
-- Performing Test CMAKE_HAVE_LIBC_PTHREAD - Success
-- Found Threads: TRUE  
-- ccache found, compilation results will be cached. Disable with GGML_CCACHE=OFF.
-- CMAKE_SYSTEM_PROCESSOR: aarch64
-- Including CPU backend
-- Found OpenMP_C: -fopenmp (found version "4.5") 
-- Found OpenMP_CXX: -fopenmp (found version "4.5") 
-- Found OpenMP: TRUE (found version "4.5")  
-- ARM detected
-- Performing Test GGML_COMPILER_SUPPORTS_FP16_FORMAT_I3E
-- Performing Test GGML_COMPILER_SUPPORTS_FP16_FORMAT_I3E - Failed
-- Performing Test GGML_MACHINE_SUPPORTS_dotprod
-- Performing Test GGML_MACHINE_SUPPORTS_dotprod - Success
-- Performing Test GGML_MACHINE_SUPPORTS_i8mm
-- Performing Test GGML_MACHINE_SUPPORTS_i8mm - Failed
-- Performing Test GGML_MACHINE_SUPPORTS_noi8mm
-- Performing Test GGML_MACHINE_SUPPORTS_noi8mm - Success
-- Performing Test GGML_MACHINE_SUPPORTS_sve
-- Performing Test GGML_MACHINE_SUPPORTS_sve - Failed
-- Performing Test GGML_MACHINE_SUPPORTS_nosve
-- Performing Test GGML_MACHINE_SUPPORTS_nosve - Success
-- Performing Test GGML_MACHINE_SUPPORTS_sme
-- Performing Test GGML_MACHINE_SUPPORTS_sme - Failed
-- Performing Test GGML_MACHINE_SUPPORTS_nosme
-- Performing Test GGML_MACHINE_SUPPORTS_nosme - Failed
-- ARM feature DOTPROD enabled
-- ARM feature FMA enabled
-- ARM feature FP16_VECTOR_ARITHMETIC enabled
-- Adding CPU backend variant ggml-cpu: -mcpu=ares+crypto+noprofile+dotprod+noi8mm+nosve 
-- Configuring done
-- Generating done
-- Build files have been written to: /home/ggml/work/llama.cpp/build-ci-debug

real	0m2.221s
user	0m1.343s
sys	0m0.675s
++ nproc
+ make -j4
[  0%] Generating build details from Git
[  1%] Building C object examples/gguf-hash/CMakeFiles/sha256.dir/deps/sha256/sha256.c.o
[  1%] Building C object ggml/src/CMakeFiles/ggml-base.dir/ggml.c.o
[  2%] Building C object examples/gguf-hash/CMakeFiles/xxhash.dir/deps/xxhash/xxhash.c.o
-- Found Git: /usr/bin/git (found version "2.34.1") 
[  2%] Built target sha256
[  2%] Built target xxhash
[  3%] Building C object ggml/src/CMakeFiles/ggml-base.dir/ggml-alloc.c.o
[  3%] Building CXX object ggml/src/CMakeFiles/ggml-base.dir/ggml-backend.cpp.o
[  3%] Building C object examples/gguf-hash/CMakeFiles/sha1.dir/deps/sha1/sha1.c.o
[  4%] Building CXX object ggml/src/CMakeFiles/ggml-base.dir/ggml-opt.cpp.o
[  4%] Building CXX object common/CMakeFiles/build_info.dir/build-info.cpp.o
[  4%] Built target sha1
[  4%] Building CXX object ggml/src/CMakeFiles/ggml-base.dir/ggml-threading.cpp.o
[  5%] Building C object ggml/src/CMakeFiles/ggml-base.dir/ggml-quants.c.o
[  5%] Building CXX object ggml/src/CMakeFiles/ggml-base.dir/gguf.cpp.o
[  5%] Built target build_info
[  5%] Linking CXX shared library ../../bin/libggml-base.so
[  5%] Built target ggml-base
[  6%] Building CXX object ggml/src/CMakeFiles/ggml-cpu.dir/ggml-cpu/ggml-cpu-aarch64.cpp.o
[  6%] Building CXX object ggml/src/CMakeFiles/ggml-cpu.dir/ggml-cpu/ggml-cpu.cpp.o
[  7%] Building C object ggml/src/CMakeFiles/ggml-cpu.dir/ggml-cpu/ggml-cpu.c.o
[  7%] Building CXX object ggml/src/CMakeFiles/ggml-cpu.dir/ggml-cpu/ggml-cpu-hbm.cpp.o
[  8%] Building C object ggml/src/CMakeFiles/ggml-cpu.dir/ggml-cpu/ggml-cpu-quants.c.o
[  8%] Building CXX object ggml/src/CMakeFiles/ggml-cpu.dir/ggml-cpu/ggml-cpu-traits.cpp.o
[  9%] Building CXX object ggml/src/CMakeFiles/ggml-cpu.dir/ggml-cpu/amx/amx.cpp.o
[  9%] Building CXX object ggml/src/CMakeFiles/ggml-cpu.dir/ggml-cpu/amx/mmq.cpp.o
[ 10%] Building CXX object ggml/src/CMakeFiles/ggml-cpu.dir/ggml-cpu/llamafile/sgemm.cpp.o
[ 10%] Linking CXX shared library ../../bin/libggml-cpu.so
[ 10%] Built target ggml-cpu
[ 10%] Building CXX object ggml/src/CMakeFiles/ggml.dir/ggml-backend-reg.cpp.o
[ 11%] Linking CXX shared library ../../bin/libggml.so
[ 11%] Built target ggml
[ 14%] Building CXX object src/CMakeFiles/llama.dir/llama.cpp.o
[ 14%] Building CXX object examples/gguf/CMakeFiles/llama-gguf.dir/gguf.cpp.o
[ 14%] Building CXX object examples/gguf-hash/CMakeFiles/llama-gguf-hash.dir/gguf-hash.cpp.o
[ 14%] Building CXX object src/CMakeFiles/llama.dir/llama-adapter.cpp.o
[ 14%] Linking CXX executable ../../bin/llama-gguf-hash
[ 14%] Linking CXX executable ../../bin/llama-gguf
[ 14%] Built target llama-gguf-hash
[ 15%] Building CXX object src/CMakeFiles/llama.dir/llama-arch.cpp.o
[ 15%] Built target llama-gguf
[ 15%] Building CXX object src/CMakeFiles/llama.dir/llama-batch.cpp.o
[ 16%] Building CXX object src/CMakeFiles/llama.dir/llama-chat.cpp.o
[ 16%] Building CXX object src/CMakeFiles/llama.dir/llama-context.cpp.o
[ 17%] Building CXX object src/CMakeFiles/llama.dir/llama-grammar.cpp.o
[ 17%] Building CXX object src/CMakeFiles/llama.dir/llama-graph.cpp.o
[ 18%] Building CXX object src/CMakeFiles/llama.dir/llama-hparams.cpp.o
[ 18%] Building CXX object src/CMakeFiles/llama.dir/llama-impl.cpp.o
[ 18%] Building CXX object src/CMakeFiles/llama.dir/llama-io.cpp.o
[ 19%] Building CXX object src/CMakeFiles/llama.dir/llama-kv-cache.cpp.o
[ 19%] Building CXX object src/CMakeFiles/llama.dir/llama-memory.cpp.o
[ 20%] Building CXX object src/CMakeFiles/llama.dir/llama-mmap.cpp.o
[ 20%] Building CXX object src/CMakeFiles/llama.dir/llama-model-loader.cpp.o
[ 21%] Building CXX object src/CMakeFiles/llama.dir/llama-model.cpp.o
[ 21%] Building CXX object src/CMakeFiles/llama.dir/llama-quant.cpp.o
[ 22%] Building CXX object src/CMakeFiles/llama.dir/llama-sampling.cpp.o
[ 22%] Building CXX object src/CMakeFiles/llama.dir/llama-vocab.cpp.o
[ 23%] Building CXX object src/CMakeFiles/llama.dir/unicode-data.cpp.o
[ 23%] Building CXX object src/CMakeFiles/llama.dir/unicode.cpp.o
[ 24%] Linking CXX shared library ../bin/libllama.so
[ 24%] Built target llama
[ 27%] Building CXX object examples/simple-chat/CMakeFiles/llama-simple-chat.dir/simple-chat.cpp.o
[ 27%] Building C object tests/CMakeFiles/test-c.dir/test-c.c.o
[ 27%] Building CXX object common/CMakeFiles/common.dir/arg.cpp.o
[ 27%] Building CXX object examples/simple/CMakeFiles/llama-simple.dir/simple.cpp.o
[ 28%] Linking C executable ../bin/test-c
[ 28%] Built target test-c
[ 29%] Building CXX object examples/quantize-stats/CMakeFiles/llama-quantize-stats.dir/quantize-stats.cpp.o
[ 29%] Linking CXX executable ../../bin/llama-simple
[ 29%] Built target llama-simple
[ 30%] Building CXX object examples/llava/CMakeFiles/llava.dir/llava.cpp.o
[ 30%] Linking CXX executable ../../bin/llama-simple-chat
[ 30%] Built target llama-simple-chat
[ 30%] Building CXX object examples/llava/CMakeFiles/llava.dir/clip.cpp.o
[ 30%] Building CXX object common/CMakeFiles/common.dir/chat.cpp.o
[ 30%] Built target llava
[ 30%] Linking CXX static library libllava_static.a
[ 30%] Built target llava_static
[ 31%] Linking CXX shared library ../../bin/libllava_shared.so
[ 31%] Built target llava_shared
[ 32%] Building CXX object common/CMakeFiles/common.dir/common.cpp.o
[ 32%] Linking CXX executable ../../bin/llama-quantize-stats
[ 32%] Built target llama-quantize-stats
[ 32%] Building CXX object common/CMakeFiles/common.dir/console.cpp.o
[ 33%] Building CXX object common/CMakeFiles/common.dir/json-schema-to-grammar.cpp.o
[ 33%] Building CXX object common/CMakeFiles/common.dir/llguidance.cpp.o
[ 34%] Building CXX object common/CMakeFiles/common.dir/log.cpp.o
[ 34%] Building CXX object common/CMakeFiles/common.dir/ngram-cache.cpp.o
[ 35%] Building CXX object common/CMakeFiles/common.dir/sampling.cpp.o
[ 35%] Building CXX object common/CMakeFiles/common.dir/speculative.cpp.o
[ 36%] Linking CXX static library libcommon.a
[ 36%] Built target common
[ 38%] Building CXX object tests/CMakeFiles/test-grammar-integration.dir/test-grammar-integration.cpp.o
[ 38%] Building CXX object tests/CMakeFiles/test-sampling.dir/test-sampling.cpp.o
[ 38%] Building CXX object tests/CMakeFiles/test-tokenizer-0.dir/test-tokenizer-0.cpp.o
[ 38%] Building CXX object tests/CMakeFiles/test-grammar-parser.dir/test-grammar-parser.cpp.o
[ 39%] Building CXX object tests/CMakeFiles/test-sampling.dir/get-model.cpp.o
[ 39%] Linking CXX executable ../bin/test-sampling
[ 39%] Linking CXX executable ../bin/test-tokenizer-0
[ 39%] Built target test-sampling
[ 40%] Building CXX object tests/CMakeFiles/test-llama-grammar.dir/test-llama-grammar.cpp.o
[ 40%] Building CXX object tests/CMakeFiles/test-grammar-parser.dir/get-model.cpp.o
[ 41%] Linking CXX executable ../bin/test-grammar-parser
[ 41%] Built target test-grammar-parser
[ 41%] Building CXX object tests/CMakeFiles/test-chat.dir/test-chat.cpp.o
[ 41%] Built target test-tokenizer-0
[ 41%] Building CXX object tests/CMakeFiles/test-json-schema-to-grammar.dir/test-json-schema-to-grammar.cpp.o
[ 41%] Building CXX object tests/CMakeFiles/test-llama-grammar.dir/get-model.cpp.o
[ 42%] Linking CXX executable ../bin/test-llama-grammar
[ 42%] Built target test-llama-grammar
[ 43%] Building CXX object tests/CMakeFiles/test-tokenizer-1-bpe.dir/test-tokenizer-1-bpe.cpp.o
[ 43%] Linking CXX executable ../bin/test-tokenizer-1-bpe
[ 43%] Built target test-tokenizer-1-bpe
[ 44%] Building CXX object tests/CMakeFiles/test-tokenizer-1-spm.dir/test-tokenizer-1-spm.cpp.o
[ 45%] Building CXX object tests/CMakeFiles/test-grammar-integration.dir/get-model.cpp.o
[ 45%] Linking CXX executable ../bin/test-grammar-integration
[ 45%] Built target test-grammar-integration
[ 45%] Building CXX object tests/CMakeFiles/test-log.dir/test-log.cpp.o
[ 46%] Building CXX object tests/CMakeFiles/test-log.dir/get-model.cpp.o
[ 46%] Linking CXX executable ../bin/test-log
[ 46%] Built target test-log
[ 46%] Building CXX object tests/CMakeFiles/test-arg-parser.dir/test-arg-parser.cpp.o
[ 46%] Linking CXX executable ../bin/test-tokenizer-1-spm
[ 46%] Built target test-tokenizer-1-spm
[ 47%] Building CXX object tests/CMakeFiles/test-chat-template.dir/test-chat-template.cpp.o
[ 48%] Building CXX object tests/CMakeFiles/test-arg-parser.dir/get-model.cpp.o
[ 48%] Linking CXX executable ../bin/test-arg-parser
[ 48%] Building CXX object tests/CMakeFiles/test-chat-template.dir/get-model.cpp.o
[ 48%] Linking CXX executable ../bin/test-chat-template
[ 48%] Built target test-arg-parser
[ 49%] Building CXX object tests/CMakeFiles/test-gguf.dir/test-gguf.cpp.o
[ 49%] Building CXX object tests/CMakeFiles/test-gguf.dir/get-model.cpp.o
[ 50%] Linking CXX executable ../bin/test-gguf
[ 50%] Built target test-gguf
[ 50%] Building CXX object tests/CMakeFiles/test-backend-ops.dir/test-backend-ops.cpp.o
[ 51%] Building CXX object tests/CMakeFiles/test-backend-ops.dir/get-model.cpp.o
[ 51%] Linking CXX executable ../bin/test-backend-ops
[ 52%] Building CXX object tests/CMakeFiles/test-json-schema-to-grammar.dir/get-model.cpp.o
[ 52%] Linking CXX executable ../bin/test-json-schema-to-grammar
[ 52%] Built target test-backend-ops
[ 53%] Building CXX object tests/CMakeFiles/test-model-load-cancel.dir/test-model-load-cancel.cpp.o
[ 53%] Building CXX object tests/CMakeFiles/test-model-load-cancel.dir/get-model.cpp.o
[ 53%] Linking CXX executable ../bin/test-model-load-cancel
[ 53%] Built target test-chat-template
[ 54%] Building CXX object tests/CMakeFiles/test-autorelease.dir/test-autorelease.cpp.o
[ 54%] Built target test-model-load-cancel
[ 55%] Building CXX object tests/CMakeFiles/test-barrier.dir/test-barrier.cpp.o
[ 55%] Building CXX object tests/CMakeFiles/test-barrier.dir/get-model.cpp.o
[ 56%] Linking CXX executable ../bin/test-barrier
[ 56%] Built target test-barrier
[ 57%] Building CXX object tests/CMakeFiles/test-quantize-fns.dir/test-quantize-fns.cpp.o
[ 57%] Building CXX object tests/CMakeFiles/test-quantize-fns.dir/get-model.cpp.o
[ 58%] Linking CXX executable ../bin/test-quantize-fns
[ 58%] Building CXX object tests/CMakeFiles/test-autorelease.dir/get-model.cpp.o
[ 58%] Built target test-json-schema-to-grammar
[ 59%] Linking CXX executable ../bin/test-autorelease
[ 59%] Building CXX object tests/CMakeFiles/test-quantize-perf.dir/test-quantize-perf.cpp.o
[ 59%] Built target test-quantize-fns
[ 60%] Building CXX object tests/CMakeFiles/test-quantize-perf.dir/get-model.cpp.o
[ 61%] Building CXX object tests/CMakeFiles/test-rope.dir/test-rope.cpp.o
[ 61%] Linking CXX executable ../bin/test-quantize-perf
[ 61%] Building CXX object tests/CMakeFiles/test-rope.dir/get-model.cpp.o
[ 62%] Linking CXX executable ../bin/test-rope
[ 62%] Built target test-autorelease
[ 62%] Built target test-quantize-perf
[ 62%] Building CXX object examples/batched-bench/CMakeFiles/llama-batched-bench.dir/batched-bench.cpp.o
[ 62%] Built target test-rope
[ 62%] Building CXX object examples/batched/CMakeFiles/llama-batched.dir/batched.cpp.o
[ 63%] Building CXX object examples/embedding/CMakeFiles/llama-embedding.dir/embedding.cpp.o
[ 64%] Building CXX object tests/CMakeFiles/test-chat.dir/get-model.cpp.o
[ 64%] Linking CXX executable ../bin/test-chat
[ 65%] Linking CXX executable ../../bin/llama-batched
[ 66%] Linking CXX executable ../../bin/llama-batched-bench
[ 66%] Linking CXX executable ../../bin/llama-embedding
[ 66%] Built target test-chat
[ 67%] Building CXX object examples/eval-callback/CMakeFiles/llama-eval-callback.dir/eval-callback.cpp.o
[ 67%] Built target llama-batched
[ 68%] Building CXX object examples/gbnf-validator/CMakeFiles/llama-gbnf-validator.dir/gbnf-validator.cpp.o
[ 68%] Built target llama-batched-bench
[ 69%] Building CXX object examples/gguf-split/CMakeFiles/llama-gguf-split.dir/gguf-split.cpp.o
[ 69%] Built target llama-embedding
[ 70%] Building CXX object examples/gritlm/CMakeFiles/llama-gritlm.dir/gritlm.cpp.o
[ 70%] Linking CXX executable ../../bin/llama-eval-callback
[ 70%] Linking CXX executable ../../bin/llama-gbnf-validator
[ 70%] Linking CXX executable ../../bin/llama-gguf-split
[ 70%] Built target llama-gbnf-validator
[ 70%] Building CXX object examples/imatrix/CMakeFiles/llama-imatrix.dir/imatrix.cpp.o
[ 70%] Built target llama-gguf-split
[ 70%] Linking CXX executable ../../bin/llama-gritlm
[ 70%] Building CXX object examples/infill/CMakeFiles/llama-infill.dir/infill.cpp.o
[ 70%] Built target llama-eval-callback
[ 70%] Building CXX object examples/llama-bench/CMakeFiles/llama-bench.dir/llama-bench.cpp.o
[ 70%] Built target llama-gritlm
[ 70%] Building CXX object examples/lookahead/CMakeFiles/llama-lookahead.dir/lookahead.cpp.o
[ 71%] Linking CXX executable ../../bin/llama-infill
[ 72%] Linking CXX executable ../../bin/llama-imatrix
[ 73%] Linking CXX executable ../../bin/llama-lookahead
[ 73%] Built target llama-infill
[ 73%] Building CXX object examples/lookup/CMakeFiles/llama-lookup.dir/lookup.cpp.o
[ 73%] Built target llama-imatrix
[ 73%] Building CXX object examples/lookup/CMakeFiles/llama-lookup-create.dir/lookup-create.cpp.o
[ 73%] Built target llama-lookahead
[ 73%] Building CXX object examples/lookup/CMakeFiles/llama-lookup-merge.dir/lookup-merge.cpp.o
[ 74%] Linking CXX executable ../../bin/llama-lookup
[ 75%] Linking CXX executable ../../bin/llama-lookup-create
[ 76%] Linking CXX executable ../../bin/llama-lookup-merge
[ 76%] Built target llama-lookup-merge
[ 76%] Building CXX object examples/lookup/CMakeFiles/llama-lookup-stats.dir/lookup-stats.cpp.o
[ 76%] Built target llama-lookup
[ 76%] Building CXX object examples/main/CMakeFiles/llama-cli.dir/main.cpp.o
[ 77%] Linking CXX executable ../../bin/llama-bench
[ 77%] Built target llama-lookup-create
[ 77%] Building CXX object examples/parallel/CMakeFiles/llama-parallel.dir/parallel.cpp.o
[ 77%] Built target llama-bench
[ 78%] Building CXX object examples/passkey/CMakeFiles/llama-passkey.dir/passkey.cpp.o
[ 79%] Linking CXX executable ../../bin/llama-lookup-stats
[ 80%] Linking CXX executable ../../bin/llama-cli
[ 80%] Linking CXX executable ../../bin/llama-passkey
[ 80%] Linking CXX executable ../../bin/llama-parallel
[ 80%] Built target llama-lookup-stats
[ 81%] Building CXX object examples/perplexity/CMakeFiles/llama-perplexity.dir/perplexity.cpp.o
[ 81%] Built target llama-cli
[ 82%] Building CXX object examples/quantize/CMakeFiles/llama-quantize.dir/quantize.cpp.o
[ 82%] Built target llama-passkey
[ 82%] Built target llama-parallel
[ 83%] Building CXX object examples/retrieval/CMakeFiles/llama-retrieval.dir/retrieval.cpp.o
[ 83%] Generating loading.html.hpp
[ 83%] Generating index.html.gz.hpp
[ 83%] Linking CXX executable ../../bin/llama-quantize
[ 83%] Built target llama-quantize
[ 83%] Building CXX object examples/save-load-state/CMakeFiles/llama-save-load-state.dir/save-load-state.cpp.o
/home/ggml/work/llama.cpp/examples/perplexity/perplexity.cpp: In lambda function:
/home/ggml/work/llama.cpp/examples/perplexity/perplexity.cpp:1736:41: note: parameter passing for argument of type ‘std::pair<double, double>’ when C++17 is enabled changed to match C++14 in GCC 10.1
 1736 |             return std::make_pair(0., 0.);
      |                                         ^
[ 83%] Linking CXX executable ../../bin/llama-perplexity
[ 83%] Linking CXX executable ../../bin/llama-retrieval
[ 84%] Building CXX object examples/server/CMakeFiles/llama-server.dir/server.cpp.o
[ 85%] Linking CXX executable ../../bin/llama-save-load-state
[ 85%] Built target llama-perplexity
[ 86%] Building CXX object examples/run/CMakeFiles/llama-run.dir/run.cpp.o
[ 86%] Built target llama-retrieval
[ 87%] Building CXX object examples/speculative/CMakeFiles/llama-speculative.dir/speculative.cpp.o
[ 87%] Built target llama-save-load-state
[ 88%] Building CXX object examples/speculative-simple/CMakeFiles/llama-speculative-simple.dir/speculative-simple.cpp.o
[ 88%] Linking CXX executable ../../bin/llama-speculative-simple
[ 88%] Linking CXX executable ../../bin/llama-speculative
[ 88%] Built target llama-speculative-simple
[ 89%] Building CXX object examples/tokenize/CMakeFiles/llama-tokenize.dir/tokenize.cpp.o
[ 89%] Built target llama-speculative
[ 90%] Building CXX object examples/tts/CMakeFiles/llama-tts.dir/tts.cpp.o
[ 90%] Linking CXX executable ../../bin/llama-tokenize
[ 90%] Building CXX object examples/run/CMakeFiles/llama-run.dir/linenoise.cpp/linenoise.cpp.o
[ 91%] Linking CXX executable ../../bin/llama-run
[ 91%] Built target llama-tokenize
[ 92%] Building CXX object examples/gen-docs/CMakeFiles/llama-gen-docs.dir/gen-docs.cpp.o
[ 92%] Linking CXX executable ../../bin/llama-gen-docs
[ 92%] Built target llama-run
[ 92%] Building CXX object examples/convert-llama2c-to-ggml/CMakeFiles/llama-convert-llama2c-to-ggml.dir/convert-llama2c-to-ggml.cpp.o
[ 92%] Built target llama-gen-docs
[ 93%] Building CXX object examples/cvector-generator/CMakeFiles/llama-cvector-generator.dir/cvector-generator.cpp.o
[ 93%] Linking CXX executable ../../bin/llama-convert-llama2c-to-ggml
[ 93%] Built target llama-convert-llama2c-to-ggml
[ 94%] Building CXX object examples/export-lora/CMakeFiles/llama-export-lora.dir/export-lora.cpp.o
[ 94%] Linking CXX executable ../../bin/llama-cvector-generator
[ 94%] Linking CXX executable ../../bin/llama-export-lora
[ 94%] Built target llama-cvector-generator
[ 94%] Building CXX object examples/llava/CMakeFiles/llama-llava-cli.dir/llava-cli.cpp.o
[ 94%] Built target llama-export-lora
[ 94%] Building CXX object examples/llava/CMakeFiles/llama-minicpmv-cli.dir/minicpmv-cli.cpp.o
[ 95%] Linking CXX executable ../../bin/llama-llava-cli
[ 95%] Linking CXX executable ../../bin/llama-tts
[ 96%] Linking CXX executable ../../bin/llama-minicpmv-cli
[ 96%] Built target llama-llava-cli
[ 97%] Building CXX object examples/llava/CMakeFiles/llama-qwen2vl-cli.dir/qwen2vl-cli.cpp.o
[ 97%] Built target llama-tts
[ 97%] Building CXX object examples/llava/CMakeFiles/llama-llava-clip-quantize-cli.dir/clip-quantize-cli.cpp.o
[ 97%] Built target llama-minicpmv-cli
[ 98%] Building CXX object pocs/vdot/CMakeFiles/llama-vdot.dir/vdot.cpp.o
[ 98%] Linking CXX executable ../../bin/llama-vdot
[ 98%] Built target llama-vdot
[ 99%] Building CXX object pocs/vdot/CMakeFiles/llama-q8dot.dir/q8dot.cpp.o
[ 99%] Linking CXX executable ../../bin/llama-q8dot
[ 99%] Built target llama-q8dot
[100%] Linking CXX executable ../../bin/llama-llava-clip-quantize-cli
[100%] Built target llama-llava-clip-quantize-cli
[100%] Linking CXX executable ../../bin/llama-qwen2vl-cli
[100%] Built target llama-qwen2vl-cli
[100%] Linking CXX executable ../../bin/llama-server
[100%] Built target llama-server

real	1m14.817s
user	3m36.009s
sys	0m22.746s
+ ctest --output-on-failure -L main -E test-opt
Test project /home/ggml/work/llama.cpp/build-ci-debug
      Start  1: test-tokenizer-0-bert-bge
 1/29 Test  #1: test-tokenizer-0-bert-bge .........   Passed    0.21 sec
      Start  2: test-tokenizer-0-command-r
 2/29 Test  #2: test-tokenizer-0-command-r ........   Passed    3.67 sec
      Start  3: test-tokenizer-0-deepseek-coder
 3/29 Test  #3: test-tokenizer-0-deepseek-coder ...   Passed    0.47 sec
      Start  4: test-tokenizer-0-deepseek-llm
 4/29 Test  #4: test-tokenizer-0-deepseek-llm .....   Passed    1.39 sec
      Start  5: test-tokenizer-0-falcon
 5/29 Test  #5: test-tokenizer-0-falcon ...........   Passed    0.83 sec
      Start  6: test-tokenizer-0-gpt-2
 6/29 Test  #6: test-tokenizer-0-gpt-2 ............   Passed    0.65 sec
      Start  7: test-tokenizer-0-llama-bpe
 7/29 Test  #7: test-tokenizer-0-llama-bpe ........   Passed    2.31 sec
      Start  8: test-tokenizer-0-llama-spm
 8/29 Test  #8: test-tokenizer-0-llama-spm ........   Passed    0.22 sec
      Start  9: test-tokenizer-0-mpt
 9/29 Test  #9: test-tokenizer-0-mpt ..............   Passed    0.67 sec
      Start 10: test-tokenizer-0-phi-3
10/29 Test #10: test-tokenizer-0-phi-3 ............   Passed    0.22 sec
      Start 11: test-tokenizer-0-qwen2
11/29 Test #11: test-tokenizer-0-qwen2 ............   Passed    2.14 sec
      Start 12: test-tokenizer-0-refact
12/29 Test #12: test-tokenizer-0-refact ...........   Passed    0.66 sec
      Start 13: test-tokenizer-0-starcoder
13/29 Test #13: test-tokenizer-0-starcoder ........   Passed    0.66 sec
      Start 14: test-sampling
14/29 Test #14: test-sampling .....................   Passed    6.50 sec
      Start 15: test-grammar-parser
15/29 Test #15: test-grammar-parser ...............   Passed    0.01 sec
      Start 16: test-grammar-integration
16/29 Test #16: test-grammar-integration ..........   Passed    0.05 sec
      Start 17: test-llama-grammar
17/29 Test #17: test-llama-grammar ................   Passed    0.01 sec
      Start 18: test-chat
18/29 Test #18: test-chat .........................   Passed    7.44 sec
      Start 19: test-json-schema-to-grammar
19/29 Test #19: test-json-schema-to-grammar .......   Passed    0.07 sec
      Start 20: test-tokenizer-1-llama-spm
20/29 Test #20: test-tokenizer-1-llama-spm ........   Passed    3.05 sec
      Start 21: test-log
21/29 Test #21: test-log ..........................   Passed    0.02 sec
      Start 22: test-arg-parser
22/29 Test #22: test-arg-parser ...................   Passed    0.12 sec
      Start 23: test-chat-template
23/29 Test #23: test-chat-template ................   Passed    1.28 sec
      Start 24: test-gguf
24/29 Test #24: test-gguf .........................   Passed    0.58 sec
      Start 25: test-backend-ops
25/29 Test #25: test-backend-ops ..................   Passed    0.01 sec
      Start 28: test-barrier
26/29 Test #28: test-barrier ......................   Passed    1.05 sec
      Start 29: test-quantize-fns
27/29 Test #29: test-quantize-fns .................   Passed   32.61 sec
      Start 30: test-quantize-perf
28/29 Test #30: test-quantize-perf ................   Passed    0.38 sec
      Start 31: test-rope
29/29 Test #31: test-rope .........................   Passed    0.11 sec

100% tests passed, 0 tests failed out of 29

Label Time Summary:
main    =  67.38 sec*proc (29 tests)

Total Test time (real) =  67.39 sec

real	1m7.398s
user	1m16.847s
sys	0m0.682s
