+ cmake -DCMAKE_BUILD_TYPE=Debug ..
-- The C compiler identification is GNU 11.4.0
-- The CXX compiler identification is GNU 11.4.0
-- Detecting C compiler ABI info
-- Detecting C compiler ABI info - done
-- Check for working C compiler: /usr/bin/cc - skipped
-- Detecting C compile features
-- Detecting C compile features - done
-- Detecting CXX compiler ABI info
-- Detecting CXX compiler ABI info - done
-- Check for working CXX compiler: /usr/bin/c++ - skipped
-- Detecting CXX compile features
-- Detecting CXX compile features - done
-- Found Git: /usr/bin/git (found version "2.34.1") 
-- Looking for pthread.h
-- Looking for pthread.h - found
-- Performing Test CMAKE_HAVE_LIBC_PTHREAD
-- Performing Test CMAKE_HAVE_LIBC_PTHREAD - Success
-- Found Threads: TRUE  
-- CMAKE_SYSTEM_PROCESSOR: aarch64
-- ARM detected
-- ARM detected
-- Configuring done
-- Generating done
-- Build files have been written to: /home/ggml/work/ggml/build-ci-debug

real	0m0.671s
user	0m0.367s
sys	0m0.307s
+ make -j
[  1%] Building C object src/CMakeFiles/ggml.dir/ggml.c.o
[  2%] Building C object src/CMakeFiles/ggml.dir/ggml-alloc.c.o
[  3%] Building CXX object examples/CMakeFiles/common.dir/common.cpp.o
/home/ggml/work/ggml/src/ggml.c:3796:13: warning: ‘GGML_IS_QUANTIZED’ defined but not used [-Wunused-variable]
 3796 | static bool GGML_IS_QUANTIZED[GGML_TYPE_COUNT] = {
      |             ^~~~~~~~~~~~~~~~~
/home/ggml/work/ggml/src/ggml.c:3775:21: warning: ‘GGML_TYPE_NAME’ defined but not used [-Wunused-variable]
 3775 | static const char * GGML_TYPE_NAME[GGML_TYPE_COUNT] = {
      |                     ^~~~~~~~~~~~~~
/home/ggml/work/ggml/src/ggml.c:3751:21: warning: ‘GGML_TYPE_SIZE’ defined but not used [-Wunused-const-variable=]
 3751 | static const size_t GGML_TYPE_SIZE[GGML_TYPE_COUNT] = {
      |                     ^~~~~~~~~~~~~~
/home/ggml/work/ggml/src/ggml.c:3728:18: warning: ‘GGML_BLCK_SIZE’ defined but not used [-Wunused-const-variable=]
 3728 | static const int GGML_BLCK_SIZE[GGML_TYPE_COUNT] = {
      |                  ^~~~~~~~~~~~~~
[  5%] Linking C static library libggml.a
[  5%] Built target ggml
[  6%] Building C object tests/CMakeFiles/test-vec0.dir/test-vec0.c.o
[  7%] Building CXX object tests/CMakeFiles/test-opt.dir/test-opt.cpp.o
[  8%] Building CXX object tests/CMakeFiles/test-grad0.dir/test-grad0.cpp.o
[ 10%] Building C object tests/CMakeFiles/test-mul-mat2.dir/test-mul-mat2.c.o
[ 11%] Building CXX object tests/CMakeFiles/test-quantize-perf.dir/test-quantize-perf.cpp.o
[ 12%] Building CXX object tests/CMakeFiles/test-quantize-fns.dir/test-quantize-fns.cpp.o
[ 13%] Building C object tests/CMakeFiles/test-mul-mat0.dir/test-mul-mat0.c.o
[ 15%] Building C object tests/CMakeFiles/test1.dir/test1.c.o
[ 16%] Building C object tests/CMakeFiles/test0.dir/test0.c.o
[ 17%] Linking C executable ../bin/test-vec0
[ 18%] Building C object tests/CMakeFiles/test2.dir/test2.c.o
[ 20%] Building C object tests/CMakeFiles/test3.dir/test3.c.o
[ 21%] Building C object tests/CMakeFiles/test-rel-pos.dir/test-rel-pos.c.o
[ 22%] Linking CXX executable ../bin/test-opt
[ 24%] Building C object tests/CMakeFiles/test-pool.dir/test-pool.c.o
[ 25%] Building C object tests/CMakeFiles/test-conv-transpose.dir/test-conv-transpose.c.o
[ 26%] Linking C executable ../bin/test-mul-mat0
[ 27%] Building C object tests/CMakeFiles/test-customop.dir/test-customop.c.o
[ 27%] Built target test-vec0
[ 29%] Building CXX object examples/CMakeFiles/common-ggml.dir/common-ggml.cpp.o
[ 30%] Building CXX object examples/mnist/CMakeFiles/mnist-cpu.dir/main-cpu.cpp.o
[ 31%] Building CXX object examples/whisper/CMakeFiles/whisper-cpp.dir/whisper.cpp.o
[ 32%] Linking C executable ../bin/test1
[ 34%] Linking C executable ../bin/test0
[ 34%] Built target test-mul-mat0
[ 35%] Linking C executable ../bin/test2
[ 36%] Linking C executable ../bin/test-pool
[ 37%] Linking C executable ../bin/test3
[ 39%] Linking C executable ../bin/test-rel-pos
[ 40%] Built target test1
[ 40%] Linking C executable ../bin/test-conv-transpose
[ 41%] Linking C executable ../bin/test-customop
[ 41%] Built target test-opt
[ 41%] Built target test0
[ 41%] Built target test-customop
[ 41%] Built target test-rel-pos
[ 41%] Built target test2
[ 41%] Built target test3
[ 41%] Built target test-pool
[ 41%] Built target test-conv-transpose
[ 43%] Linking CXX executable ../bin/test-grad0
[ 44%] Linking CXX executable ../bin/test-quantize-fns
[ 45%] Linking C executable ../bin/test-mul-mat2
[ 45%] Built target test-grad0
[ 45%] Built target test-quantize-fns
[ 46%] Linking CXX executable ../../bin/mnist-cpu
[ 46%] Built target test-mul-mat2
[ 46%] Built target mnist-cpu
[ 48%] Linking CXX executable ../bin/test-quantize-perf
[ 48%] Built target test-quantize-perf
[ 49%] Linking CXX static library libcommon-ggml.a
[ 50%] Linking CXX static library libcommon.a
[ 50%] Built target common-ggml
[ 50%] Built target common
[ 53%] Building CXX object examples/gpt-j/CMakeFiles/gpt-j-quantize.dir/quantize.cpp.o
[ 54%] Building CXX object examples/gpt-2/CMakeFiles/gpt-2.dir/main.cpp.o
[ 55%] Building CXX object examples/gpt-2/CMakeFiles/gpt-2-quantize.dir/quantize.cpp.o
[ 56%] Building CXX object examples/gpt-j/CMakeFiles/gpt-j.dir/main.cpp.o
[ 51%] Building CXX object examples/whisper/CMakeFiles/whisper-quantize.dir/quantize.cpp.o
[ 58%] Building CXX object examples/mnist/CMakeFiles/mnist.dir/main.cpp.o
[ 59%] Building CXX object examples/gpt-neox/CMakeFiles/gpt-neox.dir/main.cpp.o
[ 60%] Building CXX object examples/dolly-v2/CMakeFiles/dollyv2-quantize.dir/quantize.cpp.o
[ 62%] Building CXX object examples/gpt-neox/CMakeFiles/gpt-neox-quantize.dir/quantize.cpp.o
[ 63%] Building CXX object examples/dolly-v2/CMakeFiles/dollyv2.dir/main.cpp.o
[ 64%] Building CXX object examples/replit/CMakeFiles/replit-quantize.dir/quantize.cpp.o
[ 65%] Building CXX object examples/replit/CMakeFiles/replit.dir/main.cpp.o
[ 67%] Building CXX object examples/mpt/CMakeFiles/mpt-quantize.dir/quantize.cpp.o
[ 68%] Building CXX object examples/mpt/CMakeFiles/mpt.dir/main.cpp.o
[ 70%] Building CXX object examples/starcoder/CMakeFiles/starcoder-quantize.dir/quantize.cpp.o
[ 69%] Building CXX object examples/starcoder/CMakeFiles/starcoder.dir/main.cpp.o
[ 72%] Building CXX object examples/sam/CMakeFiles/sam.dir/main.cpp.o
[ 73%] Building CXX object examples/starcoder/CMakeFiles/starcoder-mmap.dir/starcoder-mmap.cpp.o
[ 74%] Linking CXX executable ../../bin/mnist
[ 74%] Built target mnist
[ 75%] Linking CXX executable ../../bin/mpt-quantize
[ 77%] Linking CXX executable ../../bin/replit-quantize
[ 78%] Linking CXX executable ../../bin/gpt-neox-quantize
[ 79%] Linking CXX executable ../../bin/dollyv2-quantize
[ 81%] Linking CXX executable ../../bin/gpt-j-quantize
[ 82%] Linking CXX executable ../../bin/gpt-2-quantize
[ 83%] Linking CXX executable ../../bin/starcoder-quantize
[ 83%] Built target mpt-quantize
[ 84%] Linking CXX executable ../../bin/whisper-quantize
[ 84%] Built target dollyv2-quantize
[ 84%] Built target gpt-neox-quantize
[ 84%] Built target replit-quantize
[ 86%] Linking CXX executable ../../bin/gpt-j
[ 86%] Built target gpt-j-quantize
[ 87%] Linking CXX executable ../../bin/gpt-2
[ 87%] Built target gpt-2-quantize
[ 88%] Linking CXX executable ../../bin/gpt-neox
[ 89%] Linking CXX executable ../../bin/starcoder
[ 89%] Built target starcoder-quantize
[ 89%] Built target whisper-quantize
[ 91%] Linking CXX executable ../../bin/dollyv2
[ 92%] Linking CXX executable ../../bin/starcoder-mmap
[ 93%] Linking CXX executable ../../bin/mpt
[ 93%] Built target gpt-j
[ 93%] Built target gpt-2
[ 94%] Linking CXX executable ../../bin/replit
[ 94%] Built target starcoder
[ 94%] Built target dollyv2
[ 94%] Built target gpt-neox
[ 94%] Built target mpt
[ 94%] Built target replit
[ 94%] Built target starcoder-mmap
[ 96%] Linking CXX executable ../../bin/sam
[ 96%] Built target sam
[ 97%] Linking CXX static library libwhisper-cpp.a
[ 97%] Built target whisper-cpp
[ 98%] Building CXX object examples/whisper/CMakeFiles/whisper.dir/main.cpp.o
[100%] Linking CXX executable ../../bin/whisper
[100%] Built target whisper

real	0m13.459s
user	0m36.148s
sys	0m5.847s
+ ctest --output-on-failure -E test-opt
Test project /home/ggml/work/ggml/build-ci-debug
      Start  1: test-grad0
 1/13 Test  #1: test-grad0 .......................   Passed    5.21 sec
      Start  2: test-quantize-fns
 2/13 Test  #2: test-quantize-fns ................   Passed    0.01 sec
      Start  3: test-quantize-perf
 3/13 Test  #3: test-quantize-perf ...............   Passed    0.02 sec
      Start  4: test-mul-mat0
 4/13 Test  #4: test-mul-mat0 ....................   Passed    0.53 sec
      Start  5: test-mul-mat2
 5/13 Test  #5: test-mul-mat2 ....................   Passed    8.44 sec
      Start  6: test0
 6/13 Test  #6: test0 ............................   Passed    0.01 sec
      Start  7: test1
 7/13 Test  #7: test1 ............................   Passed    0.01 sec
      Start  8: test2
 8/13 Test  #8: test2 ............................   Passed   16.88 sec
      Start  9: test3
 9/13 Test  #9: test3 ............................   Passed    0.93 sec
      Start 10: test-pool
10/13 Test #10: test-pool ........................   Passed    0.01 sec
      Start 11: test-conv-transpose
11/13 Test #11: test-conv-transpose ..............   Passed    0.01 sec
      Start 12: test-rel-pos
12/13 Test #12: test-rel-pos .....................   Passed    0.01 sec
      Start 13: test-customop
13/13 Test #13: test-customop ....................   Passed    0.01 sec

100% tests passed, 0 tests failed out of 13

Total Test time (real) =  32.07 sec

real	0m32.084s
user	1m28.987s
sys	0m4.371s
