+ cmake -DCMAKE_BUILD_TYPE=Release -DGGML_METAL=ON ..
CMake Deprecation Warning at CMakeLists.txt:1 (cmake_minimum_required):
  Compatibility with CMake < 3.5 will be removed from a future version of
  CMake.

  Update the VERSION argument <min> value or use a ...<max> suffix to tell
  CMake that the project does not need compatibility with older versions.


-- The C compiler identification is AppleClang 15.0.0.15000100
-- The CXX compiler identification is AppleClang 15.0.0.15000100
-- Detecting C compiler ABI info
-- Detecting C compiler ABI info - done
-- Check for working C compiler: /Applications/Xcode.app/Contents/Developer/Toolchains/XcodeDefault.xctoolchain/usr/bin/cc - skipped
-- Detecting C compile features
-- Detecting C compile features - done
-- Detecting CXX compiler ABI info
-- Detecting CXX compiler ABI info - done
-- Check for working CXX compiler: /Applications/Xcode.app/Contents/Developer/Toolchains/XcodeDefault.xctoolchain/usr/bin/c++ - skipped
-- Detecting CXX compile features
-- Detecting CXX compile features - done
-- Found Git: /usr/bin/git (found version "2.39.3 (Apple Git-145)") 
-- Performing Test CMAKE_HAVE_LIBC_PTHREAD
-- Performing Test CMAKE_HAVE_LIBC_PTHREAD - Success
-- Found Threads: TRUE  
-- CMAKE_SYSTEM_PROCESSOR: arm64
-- ARM detected
-- Accelerate framework found
CMake Warning (dev) at src/CMakeLists.txt:411 (install):
  Target ggml has RESOURCE files but no RESOURCE DESTINATION.
This warning is for project developers.  Use -Wno-dev to suppress it.

-- ARM detected
-- Accelerate framework found
-- Configuring done (0.5s)
-- Generating done (0.1s)
-- Build files have been written to: /Users/ggml/work/ggml/build-ci-release

real	0m0.614s
user	0m0.340s
sys	0m0.285s
+ make -j
[  1%] Building CXX object examples/CMakeFiles/common.dir/common.cpp.o
[  2%] Building C object src/CMakeFiles/ggml.dir/ggml-metal.m.o
[  3%] Building C object src/CMakeFiles/ggml.dir/ggml-backend.c.o
[  4%] Building C object src/CMakeFiles/ggml.dir/ggml-quants.c.o
[  5%] Building C object src/CMakeFiles/ggml.dir/ggml.c.o
[  6%] Building C object src/CMakeFiles/ggml.dir/ggml-alloc.c.o
[  7%] Linking CXX static library libcommon.a
[  7%] Built target common
[  8%] Linking C shared library libggml.dylib
[  8%] Built target ggml
[  9%] Building CXX object tests/CMakeFiles/test-quantize-fns.dir/test-quantize-fns.cpp.o
[ 10%] Building CXX object examples/mnist/CMakeFiles/mnist-cnn.dir/main-cnn.cpp.o
[ 11%] Building C object tests/CMakeFiles/test3.dir/test3.c.o
[ 12%] Building CXX object tests/CMakeFiles/test-quantize-perf.dir/test-quantize-perf.cpp.o
[ 13%] Building C object tests/CMakeFiles/test-dup.dir/test-dup.c.o
[ 14%] Building CXX object examples/mnist/CMakeFiles/mnist-mtl.dir/main-mtl.cpp.o
[ 15%] Building C object tests/CMakeFiles/test-mul-mat2.dir/test-mul-mat2.c.o
[ 16%] Building CXX object tests/CMakeFiles/test-opt.dir/test-opt.cpp.o
[ 17%] Building C object tests/CMakeFiles/test-blas0.dir/test-blas0.c.o
[ 18%] Building CXX object tests/CMakeFiles/test-grad0.dir/test-grad0.cpp.o
[ 19%] Building C object tests/CMakeFiles/test-vec2.dir/test-vec2.c.o
[ 20%] Building CXX object tests/CMakeFiles/test-conv2d.dir/test-conv2d.cpp.o
[ 21%] Building CXX object examples/CMakeFiles/common-ggml.dir/common-ggml.cpp.o
[ 23%] Building C object examples/mnist/CMakeFiles/mnist-mtl.dir/main-mtl.m.o
[ 23%] Building CXX object examples/yolo/CMakeFiles/yolov3-tiny.dir/yolov3-tiny.cpp.o
[ 25%] Building CXX object examples/sam/CMakeFiles/sam.dir/main.cpp.o
[ 26%] Building CXX object examples/mnist/CMakeFiles/mnist-cpu.dir/main-cpu.cpp.o
[ 27%] Building C object tests/CMakeFiles/test-mul-mat0.dir/test-mul-mat0.c.o
[ 28%] Building C object tests/CMakeFiles/test-vec0.dir/test-vec0.c.o
[ 29%] Building C object tests/CMakeFiles/test1.dir/test1.c.o
[ 30%] Building CXX object tests/CMakeFiles/test-backend-ops.dir/test-backend-ops.cpp.o
[ 31%] Building C object tests/CMakeFiles/test-conv-transpose.dir/test-conv-transpose.c.o
[ 32%] Building C object tests/CMakeFiles/test-rel-pos.dir/test-rel-pos.c.o
[ 33%] Building CXX object tests/CMakeFiles/test-mul-mat.dir/test-mul-mat.cpp.o
[ 34%] Building C object tests/CMakeFiles/test2.dir/test2.c.o
[ 35%] Building C object tests/CMakeFiles/test-customop.dir/test-customop.c.o
[ 36%] Building C object tests/CMakeFiles/test0.dir/test0.c.o
[ 37%] Building CXX object tests/CMakeFiles/test-backend-buffer.dir/test-backend-buffer.cpp.o
[ 38%] Building C object tests/CMakeFiles/test-xpos.dir/test-xpos.c.o
[ 39%] Building CXX object examples/yolo/CMakeFiles/yolov3-tiny.dir/yolo-image.cpp.o
[ 40%] Building C object tests/CMakeFiles/test-mul-mat1.dir/test-mul-mat1.c.o
[ 41%] Building CXX object examples/whisper/CMakeFiles/whisper-cpp.dir/whisper.cpp.o
[ 42%] Building C object tests/CMakeFiles/test-pool.dir/test-pool.c.o
[ 43%] Building CXX object tests/CMakeFiles/test-conv1d.dir/test-conv1d.cpp.o
[ 44%] Building CXX object examples/mnist/CMakeFiles/mnist.dir/main.cpp.o
[ 45%] Linking C executable ../bin/test3
[ 46%] Linking C executable ../bin/test0
[ 47%] Linking C executable ../bin/test-xpos
[ 48%] Linking C executable ../bin/test-rel-pos
[ 50%] Linking C executable ../bin/test-dup
[ 51%] Linking C executable ../bin/test2
[ 52%] Linking CXX executable ../bin/test-backend-buffer
[ 53%] Linking C executable ../bin/test-conv-transpose
[ 54%] Linking CXX executable ../bin/test-opt
[ 55%] Linking C executable ../bin/test-pool
[ 56%] Linking C executable ../bin/test1
[ 57%] Linking C executable ../bin/test-vec0
[ 58%] Linking C executable ../bin/test-customop
[ 59%] Linking C executable ../bin/test-mul-mat0
[ 59%] Built target test0
[ 59%] Built target test-xpos
[ 59%] Built target test-dup
[ 59%] Built target test3
[ 60%] Linking C executable ../bin/test-vec2
[ 60%] Built target test-rel-pos
[ 60%] Built target test-backend-buffer
[ 60%] Built target test2
[ 60%] Built target test-pool
[ 60%] Built target test-opt
[ 60%] Built target test-conv-transpose
[ 60%] Built target test-mul-mat0
[ 60%] Built target test-customop
[ 60%] Built target test1
[ 60%] Built target test-vec0
[ 60%] Built target test-vec2
[ 61%] Linking C executable ../bin/test-mul-mat2
[ 62%] Linking CXX executable ../bin/test-grad0
[ 63%] Linking CXX executable ../bin/test-quantize-fns
[ 63%] Built target test-mul-mat2
[ 63%] Built target test-grad0
[ 63%] Built target test-quantize-fns
[ 64%] Linking CXX executable ../bin/test-conv1d
[ 65%] Linking C executable ../bin/test-mul-mat1
[ 66%] Linking CXX executable ../bin/test-conv2d
[ 67%] Linking CXX executable ../../bin/mnist-cpu
[ 68%] Linking C executable ../bin/test-blas0
[ 69%] Linking CXX executable ../bin/test-mul-mat
[ 69%] Built target test-conv1d
[ 70%] Linking CXX executable ../../bin/mnist-mtl
[ 70%] Built target test-mul-mat1
[ 70%] Built target test-conv2d
[ 71%] Linking CXX executable ../../bin/mnist-cnn
[ 71%] Built target test-blas0
[ 71%] Built target test-mul-mat
[ 71%] Built target mnist-cpu
[ 72%] Linking CXX executable ../../bin/mnist
[ 72%] Built target mnist-mtl
[ 72%] Built target mnist-cnn
[ 72%] Built target mnist
[ 73%] Linking CXX executable ../bin/test-quantize-perf
[ 73%] Built target test-quantize-perf
[ 75%] Linking CXX executable ../bin/test-backend-ops
[ 75%] Built target test-backend-ops
[ 76%] Linking CXX static library libcommon-ggml.a
[ 76%] Built target common-ggml
[ 77%] Building CXX object examples/gpt-2/CMakeFiles/gpt-2-backend.dir/main-backend.cpp.o
[ 78%] Building CXX object examples/gpt-2/CMakeFiles/gpt-2-ctx.dir/main-ctx.cpp.o
[ 79%] Building CXX object examples/gpt-2/CMakeFiles/gpt-2-alloc.dir/main-alloc.cpp.o
[ 80%] Building CXX object examples/gpt-2/CMakeFiles/gpt-2-batched.dir/main-batched.cpp.o
[ 81%] Building CXX object examples/gpt-2/CMakeFiles/gpt-2-sched.dir/main-sched.cpp.o
[ 82%] Building CXX object examples/gpt-j/CMakeFiles/gpt-j.dir/main.cpp.o
[ 84%] Building CXX object examples/gpt-j/CMakeFiles/gpt-j-quantize.dir/quantize.cpp.o
[ 84%] Building CXX object examples/whisper/CMakeFiles/whisper-quantize.dir/quantize.cpp.o
[ 85%] Building CXX object examples/gpt-2/CMakeFiles/gpt-2-quantize.dir/quantize.cpp.o
[ 86%] Linking CXX executable ../../bin/gpt-j-quantize
[ 87%] Linking CXX executable ../../bin/gpt-2-quantize
[ 88%] Linking CXX executable ../../bin/whisper-quantize
[ 89%] Linking CXX executable ../../bin/yolov3-tiny
[ 89%] Built target gpt-2-quantize
[ 89%] Built target gpt-j-quantize
[ 89%] Built target whisper-quantize
[ 89%] Built target yolov3-tiny
[ 90%] Linking CXX executable ../../bin/gpt-2-backend
[ 91%] Linking CXX executable ../../bin/gpt-2-ctx
[ 92%] Linking CXX executable ../../bin/gpt-j
[ 93%] Linking CXX executable ../../bin/gpt-2-alloc
[ 94%] Linking CXX executable ../../bin/gpt-2-batched
[ 94%] Built target gpt-2-backend
[ 94%] Built target gpt-2-ctx
[ 94%] Built target gpt-j
[ 95%] Linking CXX executable ../../bin/gpt-2-sched
[ 95%] Built target gpt-2-alloc
[ 95%] Built target gpt-2-batched
[ 95%] Built target gpt-2-sched
[ 96%] Linking CXX executable ../../bin/sam
[ 96%] Built target sam
[ 97%] Linking CXX static library libwhisper-cpp.a
[ 97%] Built target whisper-cpp
[ 98%] Building CXX object examples/whisper/CMakeFiles/whisper.dir/main.cpp.o
[100%] Linking CXX executable ../../bin/whisper
[100%] Built target whisper

real	0m11.423s
user	0m47.144s
sys	0m4.387s
+ ctest --output-on-failure
Test project /Users/ggml/work/ggml/build-ci-release
      Start  1: test-grad0
 1/22 Test  #1: test-grad0 .......................   Passed    1.11 sec
      Start  2: test-opt
 2/22 Test  #2: test-opt .........................   Passed    0.91 sec
      Start  3: test-quantize-fns
 3/22 Test  #3: test-quantize-fns ................   Passed    2.75 sec
      Start  4: test-quantize-perf
 4/22 Test  #4: test-quantize-perf ...............   Passed    0.37 sec
      Start  5: test-mul-mat0
 5/22 Test  #5: test-mul-mat0 ....................   Passed    0.36 sec
      Start  6: test-blas0
 6/22 Test  #6: test-blas0 .......................   Passed    0.19 sec
      Start  7: test-mul-mat2
 7/22 Test  #7: test-mul-mat2 ....................   Passed    2.38 sec
      Start  8: test0
 8/22 Test  #8: test0 ............................   Passed    0.19 sec
      Start  9: test1
 9/22 Test  #9: test1 ............................   Passed    0.20 sec
      Start 10: test2
10/22 Test #10: test2 ............................   Passed    0.21 sec
      Start 11: test3
11/22 Test #11: test3 ............................   Passed    0.21 sec
      Start 12: test-pool
12/22 Test #12: test-pool ........................   Passed    0.19 sec
      Start 13: test-conv-transpose
13/22 Test #13: test-conv-transpose ..............   Passed    0.19 sec
      Start 14: test-dup
14/22 Test #14: test-dup .........................   Passed    0.20 sec
      Start 15: test-rel-pos
15/22 Test #15: test-rel-pos .....................   Passed    0.18 sec
      Start 16: test-customop
16/22 Test #16: test-customop ....................   Passed    0.19 sec
      Start 17: test-xpos
17/22 Test #17: test-xpos ........................   Passed    0.19 sec
      Start 18: test-conv1d
18/22 Test #18: test-conv1d ......................   Passed    0.98 sec
      Start 19: test-conv2d
19/22 Test #19: test-conv2d ......................   Passed    0.26 sec
      Start 20: test-mul-mat
20/22 Test #20: test-mul-mat .....................   Passed    0.25 sec
      Start 21: test-backend-buffer
21/22 Test #21: test-backend-buffer ..............   Passed    0.26 sec
      Start 22: test-backend-ops
22/22 Test #22: test-backend-ops .................   Passed   22.24 sec

100% tests passed, 0 tests failed out of 22

Total Test time (real) =  34.02 sec

real	0m34.028s
user	0m28.931s
sys	0m5.376s
