+ cmake -DCMAKE_BUILD_TYPE=Release ..
-- The C compiler identification is GNU 11.4.0
-- The CXX compiler identification is GNU 11.4.0
-- Detecting C compiler ABI info
-- Detecting C compiler ABI info - done
-- Check for working C compiler: /usr/bin/cc - skipped
-- Detecting C compile features
-- Detecting C compile features - done
-- Detecting CXX compiler ABI info
-- Detecting CXX compiler ABI info - done
-- Check for working CXX compiler: /usr/bin/c++ - skipped
-- Detecting CXX compile features
-- Detecting CXX compile features - done
-- Found Git: /usr/bin/git (found version "2.34.1") 
-- Looking for pthread.h
-- Looking for pthread.h - found
-- Performing Test CMAKE_HAVE_LIBC_PTHREAD
-- Performing Test CMAKE_HAVE_LIBC_PTHREAD - Success
-- Found Threads: TRUE  
-- CMAKE_SYSTEM_PROCESSOR: x86_64
-- x86 detected
-- Configuring done
-- Generating done
-- Build files have been written to: /home/ggml/work/llama.cpp/build-ci-release

real	0m0.405s
user	0m0.267s
sys	0m0.120s
+ make -j
[  6%] Building C object CMakeFiles/ggml.dir/ggml.c.o
[  6%] Building C object CMakeFiles/ggml.dir/ggml-alloc.c.o
[  6%] Building C object CMakeFiles/ggml.dir/k_quants.c.o
[  6%] Built target BUILD_INFO
/home/ggml/work/llama.cpp/k_quants.c:182:14: warning: ‘make_qkx1_quants’ defined but not used [-Wunused-function]
  182 | static float make_qkx1_quants(int n, int nmax, const float * restrict x, uint8_t * restrict L, float * restrict the_min,
      |              ^~~~~~~~~~~~~~~~
[  6%] Built target ggml
[  8%] Linking C static library libggml_static.a
[ 10%] Building CXX object CMakeFiles/llama.dir/llama.cpp.o
[ 10%] Built target ggml_static
[ 11%] Linking CXX static library libllama.a
[ 11%] Built target llama
[ 13%] Building CXX object examples/quantize/CMakeFiles/quantize.dir/quantize.cpp.o
[ 15%] Building CXX object examples/quantize-stats/CMakeFiles/quantize-stats.dir/quantize-stats.cpp.o
[ 16%] Building CXX object common/CMakeFiles/common.dir/common.cpp.o
[ 18%] Building CXX object common/CMakeFiles/common.dir/console.cpp.o
[ 20%] Building CXX object common/CMakeFiles/common.dir/grammar-parser.cpp.o
[ 21%] Linking CXX executable ../../bin/quantize
[ 21%] Built target quantize
[ 21%] Built target common
[ 23%] Building CXX object tests/CMakeFiles/test-quantize-fns.dir/test-quantize-fns.cpp.o
[ 25%] Building CXX object tests/CMakeFiles/test-tokenizer-0.dir/test-tokenizer-0.cpp.o
[ 26%] Building CXX object tests/CMakeFiles/test-quantize-perf.dir/test-quantize-perf.cpp.o
[ 28%] Building CXX object tests/CMakeFiles/test-tokenizer-1.dir/test-tokenizer-1.cpp.o
[ 30%] Building CXX object tests/CMakeFiles/test-sampling.dir/test-sampling.cpp.o
[ 31%] Building CXX object tests/CMakeFiles/test-grammar-parser.dir/test-grammar-parser.cpp.o
[ 33%] Building CXX object tests/CMakeFiles/test-llama-grammar.dir/test-llama-grammar.cpp.o
[ 35%] Building CXX object tests/CMakeFiles/test-grad0.dir/test-grad0.cpp.o
[ 36%] Building CXX object examples/perplexity/CMakeFiles/perplexity.dir/perplexity.cpp.o
[ 38%] Building CXX object examples/main/CMakeFiles/main.dir/main.cpp.o
[ 40%] Building CXX object examples/embedding/CMakeFiles/embedding.dir/embedding.cpp.o
[ 41%] Building CXX object examples/benchmark/CMakeFiles/benchmark.dir/benchmark-matmult.cpp.o
[ 43%] Building CXX object examples/save-load-state/CMakeFiles/save-load-state.dir/save-load-state.cpp.o
[ 45%] Building CXX object examples/baby-llama/CMakeFiles/baby-llama.dir/baby-llama.cpp.o
[ 46%] Building CXX object examples/train-text-from-scratch/CMakeFiles/train-text-from-scratch.dir/train-text-from-scratch.cpp.o
[ 48%] Building CXX object examples/embd-input/CMakeFiles/embdinput.dir/embd-input-lib.cpp.o
[ 50%] Building CXX object examples/convert-llama2c-to-ggml/CMakeFiles/convert-llama2c-to-ggml.dir/convert-llama2c-to-ggml.cpp.o
[ 51%] Building CXX object examples/simple/CMakeFiles/simple.dir/simple.cpp.o
[ 53%] Building CXX object examples/llama-bench/CMakeFiles/llama-bench.dir/llama-bench.cpp.o
[ 55%] Building CXX object pocs/vdot/CMakeFiles/vdot.dir/vdot.cpp.o
[ 56%] Building CXX object examples/server/CMakeFiles/server.dir/server.cpp.o
[ 58%] Building CXX object pocs/vdot/CMakeFiles/q8dot.dir/q8dot.cpp.o
/home/ggml/work/llama.cpp/examples/baby-llama/baby-llama.cpp: In function ‘int main(int, char**)’:
/home/ggml/work/llama.cpp/examples/baby-llama/baby-llama.cpp:1620:32: warning: variable ‘opt_params_adam’ set but not used [-Wunused-but-set-variable]
 1620 |         struct ggml_opt_params opt_params_adam = ggml_opt_default_params(GGML_OPT_ADAM);
      |                                ^~~~~~~~~~~~~~~
[ 60%] Linking CXX executable ../bin/test-quantize-fns
/home/ggml/work/llama.cpp/examples/convert-llama2c-to-ggml/convert-llama2c-to-ggml.cpp: In function ‘void load_vocab(const char*, Config*, llama_vocab*)’:
/home/ggml/work/llama.cpp/examples/convert-llama2c-to-ggml/convert-llama2c-to-ggml.cpp:540:64: note: ‘#pragma message: TODO: implement reading vocabulary using gguf’
  540 | #pragma message("TODO: implement reading vocabulary using gguf")
      |                                                                ^
/home/ggml/work/llama.cpp/examples/convert-llama2c-to-ggml/convert-llama2c-to-ggml.cpp:573:47: warning: format ‘%hhX’ expects argument of type ‘unsigned char*’, but argument 3 has type ‘char*’ [-Wformat=]
  573 |             if (sscanf(text.c_str(), "<0x%02hhX>", &byte_val) == 1) {
      |                                          ~~~~~^    ~~~~~~~~~
      |                                               |    |
      |                                               |    char*
      |                                               unsigned char*
      |                                          %02hhX
/home/ggml/work/llama.cpp/examples/convert-llama2c-to-ggml/convert-llama2c-to-ggml.cpp: In function ‘void save_as_llama_model(llama_vocab*, my_llama_model*, TransformerWeights*, const char*)’:
/home/ggml/work/llama.cpp/examples/convert-llama2c-to-ggml/convert-llama2c-to-ggml.cpp:627:57: note: ‘#pragma message: TODO: implement file saving using gguf’
  627 | #pragma message("TODO: implement file saving using gguf")
      |                                                         ^
[ 60%] Built target test-quantize-fns
/home/ggml/work/llama.cpp/examples/train-text-from-scratch/train-text-from-scratch.cpp: In function ‘void save_as_llama_model(llama_vocab*, my_llama_model*, const char*)’:
/home/ggml/work/llama.cpp/examples/train-text-from-scratch/train-text-from-scratch.cpp:2617:57: note: ‘#pragma message: TODO: implement file saving using gguf’
 2617 | #pragma message("TODO: implement file saving using gguf")
      |                                                         ^
[ 61%] Linking CXX executable ../bin/test-sampling
[ 63%] Linking CXX executable ../bin/test-tokenizer-1
[ 65%] Linking CXX executable ../bin/test-grammar-parser
[ 66%] Linking CXX executable ../../bin/embedding
[ 68%] Linking CXX executable ../../bin/q8dot
[ 70%] Linking CXX executable ../../bin/simple
[ 71%] Linking CXX executable ../../bin/benchmark
[ 71%] Built target test-sampling
[ 71%] Built target test-tokenizer-1
[ 71%] Built target test-grammar-parser
[ 71%] Built target embedding
[ 73%] Linking CXX executable ../../bin/save-load-state
[ 73%] Built target q8dot
[ 73%] Built target benchmark
[ 75%] Linking CXX executable ../../bin/vdot
[ 75%] Built target simple
[ 75%] Built target save-load-state
[ 75%] Built target vdot
[ 76%] Linking CXX executable ../bin/test-tokenizer-0
[ 78%] Linking CXX executable ../bin/test-grad0
[ 78%] Built target test-grad0
[ 78%] Built target test-tokenizer-0
[ 80%] Linking CXX executable ../../bin/baby-llama
[ 81%] Linking CXX static library libembdinput.a
[ 81%] Built target embdinput
[ 81%] Built target baby-llama
[ 83%] Linking CXX executable ../../bin/convert-llama2c-to-ggml
[ 85%] Building CXX object examples/embd-input/CMakeFiles/embd-input-test.dir/embd-input-test.cpp.o
[ 86%] Linking CXX executable ../../bin/perplexity
[ 88%] Linking CXX executable ../bin/test-quantize-perf
[ 88%] Built target convert-llama2c-to-ggml
[ 88%] Built target perplexity
[ 88%] Built target test-quantize-perf
[ 90%] Linking CXX executable ../../bin/main
[ 90%] Built target main
[ 91%] Linking CXX executable ../../bin/embd-input-test
[ 91%] Built target embd-input-test
[ 93%] Linking CXX executable ../../bin/quantize-stats
[ 93%] Built target quantize-stats
[ 95%] Linking CXX executable ../../bin/train-text-from-scratch
[ 95%] Built target train-text-from-scratch
[ 96%] Linking CXX executable ../bin/test-llama-grammar
[ 96%] Built target test-llama-grammar
[ 98%] Linking CXX executable ../../bin/llama-bench
[ 98%] Built target llama-bench
[100%] Linking CXX executable ../../bin/server
[100%] Built target server

real	0m36.063s
user	1m15.408s
sys	0m3.660s
+ ctest --output-on-failure -E test-opt
Test project /home/ggml/work/llama.cpp/build-ci-release
    Start 1: test-quantize-fns
1/8 Test #1: test-quantize-fns ................   Passed    0.01 sec
    Start 2: test-quantize-perf
2/8 Test #2: test-quantize-perf ...............   Passed    0.04 sec
    Start 3: test-sampling
3/8 Test #3: test-sampling ....................   Passed    0.00 sec
    Start 4: test-tokenizer-0.llama
4/8 Test #4: test-tokenizer-0.llama ...........   Passed    0.01 sec
    Start 5: test-tokenizer-1.llama
5/8 Test #5: test-tokenizer-1.llama ...........   Passed    0.06 sec
    Start 6: test-grammar-parser
6/8 Test #6: test-grammar-parser ..............   Passed    0.00 sec
    Start 7: test-llama-grammar
7/8 Test #7: test-llama-grammar ...............   Passed    0.00 sec
    Start 8: test-grad0
8/8 Test #8: test-grad0 .......................   Passed    4.11 sec

100% tests passed, 0 tests failed out of 8

Total Test time (real) =   4.24 sec

real	0m4.246s
user	0m7.235s
sys	0m3.124s
