Requirement already satisfied: numpy~=1.24.4 in /Users/ggml/mnt/llama.cpp/venv/lib/python3.9/site-packages (from -r /Users/ggml/work/llama.cpp/./requirements/requirements-convert.txt (line 1)) (1.24.4)
Requirement already satisfied: sentencepiece~=0.1.98 in /Users/ggml/mnt/llama.cpp/venv/lib/python3.9/site-packages (from -r /Users/ggml/work/llama.cpp/./requirements/requirements-convert.txt (line 2)) (0.1.99)
Requirement already satisfied: transformers<5.0.0,>=4.35.2 in /Users/ggml/mnt/llama.cpp/venv/lib/python3.9/site-packages (from -r /Users/ggml/work/llama.cpp/./requirements/requirements-convert.txt (line 3)) (4.36.2)
Requirement already satisfied: gguf>=0.1.0 in /Users/ggml/mnt/llama.cpp/venv/lib/python3.9/site-packages (from -r /Users/ggml/work/llama.cpp/./requirements/requirements-convert.txt (line 4)) (0.6.0)
Requirement already satisfied: protobuf<5.0.0,>=4.21.0 in /Users/ggml/mnt/llama.cpp/venv/lib/python3.9/site-packages (from -r /Users/ggml/work/llama.cpp/./requirements/requirements-convert.txt (line 5)) (4.25.2)
Requirement already satisfied: torch~=2.1.1 in /Users/ggml/mnt/llama.cpp/venv/lib/python3.9/site-packages (from -r /Users/ggml/work/llama.cpp/./requirements/requirements-convert-hf-to-gguf.txt (line 2)) (2.1.2)
Requirement already satisfied: requests in /Users/ggml/mnt/llama.cpp/venv/lib/python3.9/site-packages (from transformers<5.0.0,>=4.35.2->-r /Users/ggml/work/llama.cpp/./requirements/requirements-convert.txt (line 3)) (2.31.0)
Requirement already satisfied: tqdm>=4.27 in /Users/ggml/mnt/llama.cpp/venv/lib/python3.9/site-packages (from transformers<5.0.0,>=4.35.2->-r /Users/ggml/work/llama.cpp/./requirements/requirements-convert.txt (line 3)) (4.66.1)
Requirement already satisfied: packaging>=20.0 in /Users/ggml/mnt/llama.cpp/venv/lib/python3.9/site-packages (from transformers<5.0.0,>=4.35.2->-r /Users/ggml/work/llama.cpp/./requirements/requirements-convert.txt (line 3)) (23.2)
Requirement already satisfied: safetensors>=0.3.1 in /Users/ggml/mnt/llama.cpp/venv/lib/python3.9/site-packages (from transformers<5.0.0,>=4.35.2->-r /Users/ggml/work/llama.cpp/./requirements/requirements-convert.txt (line 3)) (0.4.1)
Requirement already satisfied: filelock in /Users/ggml/mnt/llama.cpp/venv/lib/python3.9/site-packages (from transformers<5.0.0,>=4.35.2->-r /Users/ggml/work/llama.cpp/./requirements/requirements-convert.txt (line 3)) (3.13.1)
Requirement already satisfied: pyyaml>=5.1 in /Users/ggml/mnt/llama.cpp/venv/lib/python3.9/site-packages (from transformers<5.0.0,>=4.35.2->-r /Users/ggml/work/llama.cpp/./requirements/requirements-convert.txt (line 3)) (6.0.1)
Requirement already satisfied: huggingface-hub<1.0,>=0.19.3 in /Users/ggml/mnt/llama.cpp/venv/lib/python3.9/site-packages (from transformers<5.0.0,>=4.35.2->-r /Users/ggml/work/llama.cpp/./requirements/requirements-convert.txt (line 3)) (0.20.2)
Requirement already satisfied: regex!=2019.12.17 in /Users/ggml/mnt/llama.cpp/venv/lib/python3.9/site-packages (from transformers<5.0.0,>=4.35.2->-r /Users/ggml/work/llama.cpp/./requirements/requirements-convert.txt (line 3)) (2023.12.25)
Requirement already satisfied: tokenizers<0.19,>=0.14 in /Users/ggml/mnt/llama.cpp/venv/lib/python3.9/site-packages (from transformers<5.0.0,>=4.35.2->-r /Users/ggml/work/llama.cpp/./requirements/requirements-convert.txt (line 3)) (0.15.0)
Requirement already satisfied: fsspec in /Users/ggml/mnt/llama.cpp/venv/lib/python3.9/site-packages (from torch~=2.1.1->-r /Users/ggml/work/llama.cpp/./requirements/requirements-convert-hf-to-gguf.txt (line 2)) (2023.12.2)
Requirement already satisfied: jinja2 in /Users/ggml/mnt/llama.cpp/venv/lib/python3.9/site-packages (from torch~=2.1.1->-r /Users/ggml/work/llama.cpp/./requirements/requirements-convert-hf-to-gguf.txt (line 2)) (3.1.3)
Requirement already satisfied: sympy in /Users/ggml/mnt/llama.cpp/venv/lib/python3.9/site-packages (from torch~=2.1.1->-r /Users/ggml/work/llama.cpp/./requirements/requirements-convert-hf-to-gguf.txt (line 2)) (1.12)
Requirement already satisfied: typing-extensions in /Users/ggml/mnt/llama.cpp/venv/lib/python3.9/site-packages (from torch~=2.1.1->-r /Users/ggml/work/llama.cpp/./requirements/requirements-convert-hf-to-gguf.txt (line 2)) (4.9.0)
Requirement already satisfied: networkx in /Users/ggml/mnt/llama.cpp/venv/lib/python3.9/site-packages (from torch~=2.1.1->-r /Users/ggml/work/llama.cpp/./requirements/requirements-convert-hf-to-gguf.txt (line 2)) (3.2.1)
Requirement already satisfied: MarkupSafe>=2.0 in /Users/ggml/mnt/llama.cpp/venv/lib/python3.9/site-packages (from jinja2->torch~=2.1.1->-r /Users/ggml/work/llama.cpp/./requirements/requirements-convert-hf-to-gguf.txt (line 2)) (2.1.4)
Requirement already satisfied: charset-normalizer<4,>=2 in /Users/ggml/mnt/llama.cpp/venv/lib/python3.9/site-packages (from requests->transformers<5.0.0,>=4.35.2->-r /Users/ggml/work/llama.cpp/./requirements/requirements-convert.txt (line 3)) (3.3.2)
Requirement already satisfied: idna<4,>=2.5 in /Users/ggml/mnt/llama.cpp/venv/lib/python3.9/site-packages (from requests->transformers<5.0.0,>=4.35.2->-r /Users/ggml/work/llama.cpp/./requirements/requirements-convert.txt (line 3)) (3.6)
Requirement already satisfied: certifi>=2017.4.17 in /Users/ggml/mnt/llama.cpp/venv/lib/python3.9/site-packages (from requests->transformers<5.0.0,>=4.35.2->-r /Users/ggml/work/llama.cpp/./requirements/requirements-convert.txt (line 3)) (2023.11.17)
Requirement already satisfied: urllib3<3,>=1.21.1 in /Users/ggml/mnt/llama.cpp/venv/lib/python3.9/site-packages (from requests->transformers<5.0.0,>=4.35.2->-r /Users/ggml/work/llama.cpp/./requirements/requirements-convert.txt (line 3)) (2.1.0)
Requirement already satisfied: mpmath>=0.19 in /Users/ggml/mnt/llama.cpp/venv/lib/python3.9/site-packages (from sympy->torch~=2.1.1->-r /Users/ggml/work/llama.cpp/./requirements/requirements-convert-hf-to-gguf.txt (line 2)) (1.3.0)
ERROR: File "setup.py" or "setup.cfg" not found. Directory cannot be installed in editable mode: /Users/ggml/work/llama.cpp/gguf-py
(A "pyproject.toml" file was found, but editable mode currently requires a setuptools-based build.)
+ gg_run_ctest_debug
+ cd /Users/ggml/work/llama.cpp
+ tee /Users/ggml/results/llama.cpp/a0/f8a93bf126b713ca02193ae67e336843d79910/ggml-100-m1/ctest_debug.log
+ rm -rf build-ci-debug
+ mkdir build-ci-debug
+ cd build-ci-debug
+ set -e
+ tee -a /Users/ggml/results/llama.cpp/a0/f8a93bf126b713ca02193ae67e336843d79910/ggml-100-m1/ctest_debug-cmake.log
+ cmake -DCMAKE_BUILD_TYPE=Debug -DLLAMA_METAL_SHADER_DEBUG=ON ..
-- The C compiler identification is AppleClang 15.0.0.15000100
-- The CXX compiler identification is AppleClang 15.0.0.15000100
-- Detecting C compiler ABI info
-- Detecting C compiler ABI info - done
-- Check for working C compiler: /Applications/Xcode.app/Contents/Developer/Toolchains/XcodeDefault.xctoolchain/usr/bin/cc - skipped
-- Detecting C compile features
-- Detecting C compile features - done
-- Detecting CXX compiler ABI info
-- Detecting CXX compiler ABI info - done
-- Check for working CXX compiler: /Applications/Xcode.app/Contents/Developer/Toolchains/XcodeDefault.xctoolchain/usr/bin/c++ - skipped
-- Detecting CXX compile features
-- Detecting CXX compile features - done
-- Found Git: /usr/bin/git (found version "2.39.3 (Apple Git-145)") 
-- Performing Test CMAKE_HAVE_LIBC_PTHREAD
-- Performing Test CMAKE_HAVE_LIBC_PTHREAD - Success
-- Found Threads: TRUE  
-- Accelerate framework found
-- Metal framework found
-- ccache found, compilation results will be cached. Disable with LLAMA_CCACHE=OFF.
-- CMAKE_SYSTEM_PROCESSOR: arm64
-- ARM detected
-- Performing Test COMPILER_SUPPORTS_FP16_FORMAT_I3E
-- Performing Test COMPILER_SUPPORTS_FP16_FORMAT_I3E - Failed
-- Configuring done (0.6s)
-- Generating done (0.2s)
-- Build files have been written to: /Users/ggml/work/llama.cpp/build-ci-debug

real	0m0.852s
user	0m0.398s
sys	0m0.416s
+ tee -a /Users/ggml/results/llama.cpp/a0/f8a93bf126b713ca02193ae67e336843d79910/ggml-100-m1/ctest_debug-make.log
+ make -j
[  0%] Generating build details from Git
[  1%] Building C object CMakeFiles/ggml.dir/ggml.c.o
[  1%] Compiling Metal kernels
[  2%] Building C object CMakeFiles/ggml.dir/ggml-quants.c.o
[  3%] Building C object CMakeFiles/ggml.dir/ggml-alloc.c.o
[  4%] Building C object CMakeFiles/ggml.dir/ggml-backend.c.o
[  5%] Building C object CMakeFiles/ggml.dir/ggml-metal.m.o
-- Found Git: /usr/bin/git (found version "2.39.3 (Apple Git-145)") 
/Users/ggml/work/llama.cpp/ggml-metal.m:812:27: warning: unused variable 'id_src2' [-Wunused-variable]
            id<MTLBuffer> id_src2 = src2 ? ggml_metal_get_buffer(src2, &offs_src2) : nil;
                          ^
1 warning generated.
[  6%] Building CXX object common/CMakeFiles/build_info.dir/build-info.cpp.o
[  6%] Built target build_info
[  6%] Built target ggml
[  9%] Building CXX object CMakeFiles/llama.dir/llama.cpp.o
[  9%] Building CXX object examples/gguf/CMakeFiles/gguf.dir/gguf.cpp.o
[  9%] Linking C static library libggml_static.a
[  9%] Built target ggml_static
[ 10%] Linking CXX executable ../../bin/gguf
[ 11%] Linking CXX static library libllama.a
[ 11%] Built target llama
[ 12%] Building C object tests/CMakeFiles/test-c.dir/test-c.c.o
[ 12%] Built target gguf
[ 13%] Building CXX object examples/llava/CMakeFiles/llava.dir/clip.cpp.o
[ 14%] Building CXX object examples/benchmark/CMakeFiles/benchmark.dir/benchmark-matmult.cpp.o
[ 15%] Building CXX object common/CMakeFiles/common.dir/sampling.cpp.o
[ 15%] Building CXX object examples/quantize/CMakeFiles/quantize.dir/quantize.cpp.o
[ 16%] Building CXX object examples/llava/CMakeFiles/llava.dir/llava.cpp.o
[ 18%] Building CXX object common/CMakeFiles/common.dir/console.cpp.o
[ 18%] Building CXX object common/CMakeFiles/common.dir/common.cpp.o
[ 19%] Building CXX object common/CMakeFiles/common.dir/train.cpp.o
[ 19%] Building CXX object common/CMakeFiles/common.dir/grammar-parser.cpp.o
[ 20%] Building CXX object examples/quantize-stats/CMakeFiles/quantize-stats.dir/quantize-stats.cpp.o
[ 21%] Linking CXX executable ../bin/test-c
[ 22%] Linking CXX executable ../../bin/quantize
[ 23%] Linking CXX executable ../../bin/benchmark
[ 23%] Built target llava
[ 24%] Linking CXX executable ../../bin/quantize-stats
[ 25%] Linking CXX static library libcommon.a
[ 26%] Linking CXX static library libllava_static.a
[ 26%] Built target llava_static
[ 26%] Built target common
[ 26%] Built target benchmark
[ 26%] Built target test-c
[ 28%] Building CXX object tests/CMakeFiles/test-sampling.dir/get-model.cpp.o
[ 27%] Building CXX object tests/CMakeFiles/test-quantize-perf.dir/test-quantize-perf.cpp.o
[ 28%] Building CXX object tests/CMakeFiles/test-sampling.dir/test-sampling.cpp.o
[ 29%] Building CXX object tests/CMakeFiles/test-quantize-fns.dir/get-model.cpp.o
[ 30%] Building CXX object tests/CMakeFiles/test-quantize-fns.dir/test-quantize-fns.cpp.o
[ 31%] Building CXX object tests/CMakeFiles/test-tokenizer-0-falcon.dir/test-tokenizer-0-falcon.cpp.o
[ 31%] Building CXX object tests/CMakeFiles/test-quantize-perf.dir/get-model.cpp.o
[ 32%] Building CXX object tests/CMakeFiles/test-tokenizer-0-llama.dir/get-model.cpp.o
[ 33%] Building CXX object tests/CMakeFiles/test-tokenizer-0-falcon.dir/get-model.cpp.o
[ 34%] Building CXX object tests/CMakeFiles/test-tokenizer-1-bpe.dir/test-tokenizer-1-bpe.cpp.o
[ 35%] Building CXX object tests/CMakeFiles/test-tokenizer-0-llama.dir/test-tokenizer-0-llama.cpp.o
[ 36%] Building CXX object tests/CMakeFiles/test-llama-grammar.dir/get-model.cpp.o
[ 36%] Building CXX object tests/CMakeFiles/test-tokenizer-1-bpe.dir/get-model.cpp.o
[ 37%] Building CXX object tests/CMakeFiles/test-grad0.dir/get-model.cpp.o
[ 38%] Building CXX object tests/CMakeFiles/test-llama-grammar.dir/test-llama-grammar.cpp.o
[ 39%] Building CXX object tests/CMakeFiles/test-tokenizer-1-llama.dir/get-model.cpp.o
[ 39%] Built target quantize-stats
[ 40%] Building CXX object tests/CMakeFiles/test-grammar-parser.dir/get-model.cpp.o
[ 41%] Building CXX object tests/CMakeFiles/test-grammar-parser.dir/test-grammar-parser.cpp.o
[ 42%] Building CXX object tests/CMakeFiles/test-tokenizer-1-llama.dir/test-tokenizer-1-llama.cpp.o
[ 43%] Building CXX object tests/CMakeFiles/test-rope.dir/test-rope.cpp.o
[ 43%] Building CXX object tests/CMakeFiles/test-backend-ops.dir/test-backend-ops.cpp.o
[ 43%] Building CXX object tests/CMakeFiles/test-grad0.dir/test-grad0.cpp.o
[ 43%] Built target quantize
[ 44%] Building CXX object tests/CMakeFiles/test-autorelease.dir/get-model.cpp.o
[ 45%] Building CXX object tests/CMakeFiles/test-rope.dir/get-model.cpp.o
[ 46%] Building CXX object tests/CMakeFiles/test-backend-ops.dir/get-model.cpp.o
[ 47%] Building CXX object tests/CMakeFiles/test-model-load-cancel.dir/test-model-load-cancel.cpp.o
[ 48%] Building CXX object tests/CMakeFiles/test-autorelease.dir/test-autorelease.cpp.o
[ 48%] Building CXX object examples/baby-llama/CMakeFiles/baby-llama.dir/baby-llama.cpp.o
[ 49%] Building CXX object tests/CMakeFiles/test-model-load-cancel.dir/get-model.cpp.o
[ 50%] Linking CXX executable ../bin/test-quantize-perf
[ 51%] Building CXX object examples/batched/CMakeFiles/batched.dir/batched.cpp.o
[ 52%] Linking CXX executable ../bin/test-quantize-fns
[ 52%] Linking CXX executable ../bin/test-tokenizer-0-falcon
[ 53%] Building CXX object examples/convert-llama2c-to-ggml/CMakeFiles/convert-llama2c-to-ggml.dir/convert-llama2c-to-ggml.cpp.o
[ 54%] Linking CXX executable ../bin/test-tokenizer-1-llama
[ 55%] Building CXX object examples/beam-search/CMakeFiles/beam-search.dir/beam-search.cpp.o
[ 56%] Building CXX object examples/batched-bench/CMakeFiles/batched-bench.dir/batched-bench.cpp.o
[ 57%] Building CXX object examples/llava/CMakeFiles/llava-cli.dir/llava-cli.cpp.o
[ 57%] Building CXX object examples/embedding/CMakeFiles/embedding.dir/embedding.cpp.o
[ 58%] Building CXX object examples/infill/CMakeFiles/infill.dir/infill.cpp.o
[ 59%] Linking CXX executable ../bin/test-sampling
[ 60%] Building CXX object examples/finetune/CMakeFiles/finetune.dir/finetune.cpp.o
[ 60%] Building CXX object examples/llama-bench/CMakeFiles/llama-bench.dir/llama-bench.cpp.o
[ 61%] Linking CXX executable ../bin/test-llama-grammar
[ 62%] Linking CXX executable ../bin/test-autorelease
[ 63%] Building CXX object examples/imatrix/CMakeFiles/imatrix.dir/imatrix.cpp.o
[ 63%] Linking CXX executable ../bin/test-grammar-parser
[ 64%] Building CXX object examples/parallel/CMakeFiles/parallel.dir/parallel.cpp.o
[ 65%] Building CXX object examples/train-text-from-scratch/CMakeFiles/train-text-from-scratch.dir/train-text-from-scratch.cpp.o
[ 65%] Building CXX object examples/passkey/CMakeFiles/passkey.dir/passkey.cpp.o
[ 67%] Building CXX object examples/main/CMakeFiles/main.dir/main.cpp.o
[ 67%] Linking CXX executable ../bin/test-tokenizer-0-llama
[ 68%] Building CXX object examples/lookup/CMakeFiles/lookup.dir/lookup.cpp.o
[ 69%] Building CXX object examples/simple/CMakeFiles/simple.dir/simple.cpp.o
[ 70%] Linking CXX executable ../bin/test-rope
[ 71%] Building CXX object pocs/vdot/CMakeFiles/vdot.dir/vdot.cpp.o
[ 72%] Linking CXX executable ../bin/test-grad0
[ 73%] Linking CXX executable ../bin/test-tokenizer-1-bpe
[ 74%] Building CXX object examples/save-load-state/CMakeFiles/save-load-state.dir/save-load-state.cpp.o
[ 74%] Building CXX object examples/speculative/CMakeFiles/speculative.dir/speculative.cpp.o
[ 75%] Building CXX object examples/perplexity/CMakeFiles/perplexity.dir/perplexity.cpp.o
[ 75%] Linking CXX executable ../bin/test-model-load-cancel
[ 76%] Linking CXX executable ../../bin/convert-llama2c-to-ggml
[ 77%] Linking CXX executable ../../bin/baby-llama
[ 77%] Linking CXX executable ../../bin/batched-bench
[ 77%] Building CXX object examples/tokenize/CMakeFiles/tokenize.dir/tokenize.cpp.o
[ 78%] Linking CXX executable ../../bin/beam-search
[ 78%] Linking CXX executable ../../bin/llava-cli
[ 79%] Building CXX object examples/export-lora/CMakeFiles/export-lora.dir/export-lora.cpp.o
[ 80%] Building CXX object examples/server/CMakeFiles/server.dir/server.cpp.o
[ 80%] Linking CXX executable ../../bin/finetune
[ 81%] Building CXX object examples/lookahead/CMakeFiles/lookahead.dir/lookahead.cpp.o
[ 82%] Linking CXX executable ../../bin/perplexity
[ 83%] Building CXX object pocs/vdot/CMakeFiles/q8dot.dir/q8dot.cpp.o
[ 84%] Linking CXX executable ../../bin/speculative
[ 84%] Linking CXX executable ../../bin/lookup
[ 85%] Linking CXX executable ../../bin/parallel
[ 86%] Linking CXX executable ../../bin/simple
[ 86%] Linking CXX executable ../../bin/imatrix
[ 87%] Linking CXX executable ../../bin/vdot
[ 88%] Linking CXX executable ../../bin/batched
[ 89%] Linking CXX executable ../../bin/llama-bench
[ 90%] Linking CXX executable ../../bin/embedding
[ 91%] Linking CXX executable ../../bin/train-text-from-scratch
[ 92%] Linking CXX executable ../../bin/passkey
[ 93%] Linking CXX executable ../../bin/infill
[ 94%] Linking CXX executable ../../bin/main
[ 95%] Linking CXX executable ../../bin/tokenize
/Users/ggml/work/llama.cpp/examples/export-lora/export-lora.cpp:10:21: warning: unused variable 'tensor_alignment' [-Wunused-const-variable]
static const size_t tensor_alignment = 32;
                    ^
1 warning generated.
[ 96%] Linking CXX executable ../../bin/q8dot
[ 97%] Linking CXX executable ../../bin/export-lora
[ 98%] Linking CXX executable ../../bin/lookahead
[ 98%] Linking CXX executable ../../bin/save-load-state
[ 99%] Linking CXX executable ../../bin/server
[ 99%] Built target test-grammar-parser
[ 99%] Built target test-rope
[ 99%] Built target test-tokenizer-1-llama
[ 99%] Built target test-quantize-fns
[ 99%] Built target test-quantize-perf
[ 99%] Built target test-autorelease
[ 99%] Built target test-tokenizer-0-falcon
[ 99%] Built target test-tokenizer-0-llama
[ 99%] Built target test-model-load-cancel
[ 99%] Built target llava-cli
[ 99%] Built target test-sampling
[ 99%] Built target test-grad0
[ 99%] Built target convert-llama2c-to-ggml
[ 99%] Built target test-llama-grammar
[ 99%] Built target test-tokenizer-1-bpe
[ 99%] Built target q8dot
[ 99%] Built target vdot
[ 99%] Built target finetune
[ 99%] Built target export-lora
[ 99%] Built target imatrix
[ 99%] Built target main
[ 99%] Built target lookup
[ 99%] Built target speculative
[ 99%] Built target passkey
[ 99%] Built target batched-bench
[ 99%] Built target train-text-from-scratch
[ 99%] Built target parallel
[ 99%] Built target embedding
[ 99%] Built target llama-bench
[ 99%] Built target batched
[ 99%] Built target beam-search
[ 99%] Built target tokenize
[ 99%] Built target baby-llama
[ 99%] Built target save-load-state
[ 99%] Built target simple
[ 99%] Built target perplexity
[ 99%] Built target server
[ 99%] Built target lookahead
[ 99%] Built target infill
[100%] Linking CXX executable ../bin/test-backend-ops
[100%] Built target ggml-metal
[100%] Built target test-backend-ops

real	0m3.093s
user	0m12.650s
sys	0m3.988s
+ tee -a /Users/ggml/results/llama.cpp/a0/f8a93bf126b713ca02193ae67e336843d79910/ggml-100-m1/ctest_debug-ctest.log
+ ctest --output-on-failure -L main -E test-opt
Test project /Users/ggml/work/llama.cpp/build-ci-debug
      Start  1: test-quantize-fns
 1/20 Test  #1: test-quantize-fns ...................   Passed    0.58 sec
      Start  2: test-quantize-perf
 2/20 Test  #2: test-quantize-perf ..................   Passed    0.67 sec
      Start  3: test-sampling
 3/20 Test  #3: test-sampling .......................   Passed    0.22 sec
      Start  4: test-tokenizer-0-llama
 4/20 Test  #4: test-tokenizer-0-llama ..............   Passed    0.36 sec
      Start  5: test-tokenizer-0-falcon
 5/20 Test  #5: test-tokenizer-0-falcon .............   Passed    1.01 sec
      Start  6: test-tokenizer-1-llama
 6/20 Test  #6: test-tokenizer-1-llama ..............   Passed    3.22 sec
      Start  7: test-tokenizer-1-baichuan
 7/20 Test  #7: test-tokenizer-1-baichuan ...........   Passed    3.21 sec
      Start  8: test-tokenizer-1-falcon
 8/20 Test  #8: test-tokenizer-1-falcon .............   Passed    6.23 sec
      Start  9: test-tokenizer-1-aquila
 9/20 Test  #9: test-tokenizer-1-aquila .............   Passed    8.57 sec
      Start 10: test-tokenizer-1-mpt
10/20 Test #10: test-tokenizer-1-mpt ................   Passed    4.98 sec
      Start 11: test-tokenizer-1-stablelm-3b-4e1t
11/20 Test #11: test-tokenizer-1-stablelm-3b-4e1t ...   Passed    4.98 sec
      Start 12: test-tokenizer-1-gpt-neox
12/20 Test #12: test-tokenizer-1-gpt-neox ...........   Passed    4.98 sec
      Start 13: test-tokenizer-1-refact
13/20 Test #13: test-tokenizer-1-refact .............   Passed    4.76 sec
      Start 14: test-tokenizer-1-starcoder
14/20 Test #14: test-tokenizer-1-starcoder ..........   Passed    4.76 sec
      Start 15: test-tokenizer-1-gpt2
15/20 Test #15: test-tokenizer-1-gpt2 ...............   Passed    5.03 sec
      Start 16: test-grammar-parser
16/20 Test #16: test-grammar-parser .................   Passed    0.17 sec
      Start 17: test-llama-grammar
17/20 Test #17: test-llama-grammar ..................   Passed    0.20 sec
      Start 18: test-grad0
18/20 Test #18: test-grad0 ..........................   Passed    0.85 sec
      Start 19: test-backend-ops
19/20 Test #19: test-backend-ops ....................   Passed  122.89 sec
      Start 20: test-rope
20/20 Test #20: test-rope ...........................   Passed    0.36 sec

100% tests passed, 0 tests failed out of 20

Label Time Summary:
main    = 178.03 sec*proc (20 tests)

Total Test time (real) = 178.04 sec

real	2m58.060s
user	5m14.784s
sys	0m6.971s
+ set +e
+ cur=0
+ echo 0
+ set +x
+ gg_run_ctest_release
+ cd /Users/ggml/work/llama.cpp
+ rm -rf build-ci-release
+ tee /Users/ggml/results/llama.cpp/a0/f8a93bf126b713ca02193ae67e336843d79910/ggml-100-m1/ctest_release.log
+ mkdir build-ci-release
+ cd build-ci-release
+ set -e
+ tee -a /Users/ggml/results/llama.cpp/a0/f8a93bf126b713ca02193ae67e336843d79910/ggml-100-m1/ctest_release-cmake.log
+ cmake -DCMAKE_BUILD_TYPE=Release -DLLAMA_METAL_SHADER_DEBUG=ON ..
-- The C compiler identification is AppleClang 15.0.0.15000100
-- The CXX compiler identification is AppleClang 15.0.0.15000100
-- Detecting C compiler ABI info
-- Detecting C compiler ABI info - done
-- Check for working C compiler: /Applications/Xcode.app/Contents/Developer/Toolchains/XcodeDefault.xctoolchain/usr/bin/cc - skipped
-- Detecting C compile features
-- Detecting C compile features - done
-- Detecting CXX compiler ABI info
-- Detecting CXX compiler ABI info - done
-- Check for working CXX compiler: /Applications/Xcode.app/Contents/Developer/Toolchains/XcodeDefault.xctoolchain/usr/bin/c++ - skipped
-- Detecting CXX compile features
-- Detecting CXX compile features - done
-- Found Git: /usr/bin/git (found version "2.39.3 (Apple Git-145)") 
-- Performing Test CMAKE_HAVE_LIBC_PTHREAD
-- Performing Test CMAKE_HAVE_LIBC_PTHREAD - Success
-- Found Threads: TRUE  
-- Accelerate framework found
-- Metal framework found
-- ccache found, compilation results will be cached. Disable with LLAMA_CCACHE=OFF.
-- CMAKE_SYSTEM_PROCESSOR: arm64
-- ARM detected
-- Performing Test COMPILER_SUPPORTS_FP16_FORMAT_I3E
-- Performing Test COMPILER_SUPPORTS_FP16_FORMAT_I3E - Failed
-- Configuring done (0.6s)
-- Generating done (0.2s)
-- Build files have been written to: /Users/ggml/work/llama.cpp/build-ci-release

real	0m0.850s
user	0m0.392s
sys	0m0.418s
+ tee -a /Users/ggml/results/llama.cpp/a0/f8a93bf126b713ca02193ae67e336843d79910/ggml-100-m1/ctest_release-make.log
+ make -j
[  0%] Compiling Metal kernels
[  1%] Building C object CMakeFiles/ggml.dir/ggml.c.o
[  2%] Building C object CMakeFiles/ggml.dir/ggml-alloc.c.o
[  3%] Building C object CMakeFiles/ggml.dir/ggml-metal.m.o
[  4%] Building C object CMakeFiles/ggml.dir/ggml-backend.c.o
[  6%] Building CXX object common/CMakeFiles/build_info.dir/build-info.cpp.o
[  6%] Building C object CMakeFiles/ggml.dir/ggml-quants.c.o
[  6%] Built target build_info
/Users/ggml/work/llama.cpp/ggml-metal.m:812:27: warning: unused variable 'id_src2' [-Wunused-variable]
            id<MTLBuffer> id_src2 = src2 ? ggml_metal_get_buffer(src2, &offs_src2) : nil;
                          ^
1 warning generated.
[  6%] Built target ggml-metal
[  6%] Built target ggml
[  9%] Building CXX object examples/gguf/CMakeFiles/gguf.dir/gguf.cpp.o
[  9%] Linking C static library libggml_static.a
[  9%] Building CXX object CMakeFiles/llama.dir/llama.cpp.o
[  9%] Built target ggml_static
[ 10%] Linking CXX executable ../../bin/gguf
[ 10%] Built target gguf
[ 11%] Linking CXX static library libllama.a
[ 11%] Built target llama
[ 13%] Building CXX object common/CMakeFiles/common.dir/sampling.cpp.o
[ 13%] Building CXX object common/CMakeFiles/common.dir/common.cpp.o
[ 13%] Building CXX object common/CMakeFiles/common.dir/grammar-parser.cpp.o
[ 14%] Building CXX object examples/quantize-stats/CMakeFiles/quantize-stats.dir/quantize-stats.cpp.o
[ 15%] Building C object tests/CMakeFiles/test-c.dir/test-c.c.o
[ 16%] Building CXX object common/CMakeFiles/common.dir/console.cpp.o
[ 17%] Building CXX object common/CMakeFiles/common.dir/train.cpp.o
[ 18%] Building CXX object examples/llava/CMakeFiles/llava.dir/clip.cpp.o
[ 19%] Building CXX object examples/benchmark/CMakeFiles/benchmark.dir/benchmark-matmult.cpp.o
[ 20%] Building CXX object examples/quantize/CMakeFiles/quantize.dir/quantize.cpp.o
[ 20%] Building CXX object examples/llava/CMakeFiles/llava.dir/llava.cpp.o
[ 21%] Linking CXX executable ../bin/test-c
[ 21%] Built target test-c
[ 22%] Linking CXX executable ../../bin/benchmark
[ 22%] Built target benchmark
[ 23%] Linking CXX executable ../../bin/quantize
[ 23%] Built target quantize
[ 24%] Linking CXX executable ../../bin/quantize-stats
[ 24%] Built target quantize-stats
[ 25%] Linking CXX static library libcommon.a
[ 25%] Built target common
[ 25%] Building CXX object examples/embedding/CMakeFiles/embedding.dir/embedding.cpp.o
[ 26%] Building CXX object examples/batched-bench/CMakeFiles/batched-bench.dir/batched-bench.cpp.o
[ 27%] Building CXX object examples/convert-llama2c-to-ggml/CMakeFiles/convert-llama2c-to-ggml.dir/convert-llama2c-to-ggml.cpp.o
[ 29%] Building CXX object tests/CMakeFiles/test-grammar-parser.dir/get-model.cpp.o
[ 29%] Building CXX object tests/CMakeFiles/test-llama-grammar.dir/get-model.cpp.o
[ 30%] Building CXX object examples/save-load-state/CMakeFiles/save-load-state.dir/save-load-state.cpp.o
[ 31%] Building CXX object tests/CMakeFiles/test-llama-grammar.dir/test-llama-grammar.cpp.o
[ 31%] Building CXX object examples/passkey/CMakeFiles/passkey.dir/passkey.cpp.o
[ 32%] Building CXX object examples/perplexity/CMakeFiles/perplexity.dir/perplexity.cpp.o
[ 33%] Building CXX object tests/CMakeFiles/test-backend-ops.dir/test-backend-ops.cpp.o
[ 34%] Building CXX object tests/CMakeFiles/test-tokenizer-1-bpe.dir/test-tokenizer-1-bpe.cpp.o
[ 36%] Building CXX object tests/CMakeFiles/test-grammar-parser.dir/test-grammar-parser.cpp.o
[ 36%] Building CXX object examples/baby-llama/CMakeFiles/baby-llama.dir/baby-llama.cpp.o
[ 37%] Building CXX object tests/CMakeFiles/test-tokenizer-1-llama.dir/get-model.cpp.o
[ 37%] Building CXX object tests/CMakeFiles/test-rope.dir/test-rope.cpp.o
[ 35%] Building CXX object examples/parallel/CMakeFiles/parallel.dir/parallel.cpp.o
[ 38%] Building CXX object examples/lookahead/CMakeFiles/lookahead.dir/lookahead.cpp.o
[ 38%] Building CXX object tests/CMakeFiles/test-quantize-perf.dir/get-model.cpp.o
[ 38%] Building CXX object tests/CMakeFiles/test-grad0.dir/test-grad0.cpp.o
[ 39%] Building CXX object tests/CMakeFiles/test-tokenizer-1-llama.dir/test-tokenizer-1-llama.cpp.o
[ 40%] Building CXX object tests/CMakeFiles/test-rope.dir/get-model.cpp.o
[ 41%] Building CXX object tests/CMakeFiles/test-sampling.dir/test-sampling.cpp.o
[ 41%] Building CXX object tests/CMakeFiles/test-grad0.dir/get-model.cpp.o
[ 44%] Building CXX object tests/CMakeFiles/test-autorelease.dir/get-model.cpp.o
[ 44%] Building CXX object examples/batched/CMakeFiles/batched.dir/batched.cpp.o
[ 44%] Building CXX object examples/lookup/CMakeFiles/lookup.dir/lookup.cpp.o
[ 45%] Building CXX object tests/CMakeFiles/test-autorelease.dir/test-autorelease.cpp.o
[ 45%] Building CXX object tests/CMakeFiles/test-tokenizer-1-bpe.dir/get-model.cpp.o
[ 47%] Building CXX object examples/finetune/CMakeFiles/finetune.dir/finetune.cpp.o
[ 47%] Building CXX object examples/train-text-from-scratch/CMakeFiles/train-text-from-scratch.dir/train-text-from-scratch.cpp.o
[ 47%] Building CXX object examples/tokenize/CMakeFiles/tokenize.dir/tokenize.cpp.o
[ 48%] Building CXX object tests/CMakeFiles/test-sampling.dir/get-model.cpp.o
[ 48%] Building CXX object examples/llama-bench/CMakeFiles/llama-bench.dir/llama-bench.cpp.o
[ 49%] Building CXX object examples/main/CMakeFiles/main.dir/main.cpp.o
[ 50%] Building CXX object examples/imatrix/CMakeFiles/imatrix.dir/imatrix.cpp.o
[ 52%] Building CXX object pocs/vdot/CMakeFiles/q8dot.dir/q8dot.cpp.o
[ 52%] Building CXX object tests/CMakeFiles/test-tokenizer-0-falcon.dir/test-tokenizer-0-falcon.cpp.o
[ 53%] Building CXX object tests/CMakeFiles/test-tokenizer-0-llama.dir/get-model.cpp.o
[ 54%] Building CXX object tests/CMakeFiles/test-model-load-cancel.dir/test-model-load-cancel.cpp.o
[ 55%] Building CXX object examples/simple/CMakeFiles/simple.dir/simple.cpp.o
[ 56%] Building CXX object examples/beam-search/CMakeFiles/beam-search.dir/beam-search.cpp.o
[ 57%] Building CXX object examples/speculative/CMakeFiles/speculative.dir/speculative.cpp.o
[ 57%] Building CXX object tests/CMakeFiles/test-tokenizer-0-llama.dir/test-tokenizer-0-llama.cpp.o
[ 58%] Building CXX object tests/CMakeFiles/test-backend-ops.dir/get-model.cpp.o
[ 60%] Building CXX object tests/CMakeFiles/test-quantize-fns.dir/test-quantize-fns.cpp.o
[ 60%] Building CXX object tests/CMakeFiles/test-tokenizer-0-falcon.dir/get-model.cpp.o
[ 61%] Building CXX object tests/CMakeFiles/test-quantize-fns.dir/get-model.cpp.o
[ 62%] Building CXX object tests/CMakeFiles/test-model-load-cancel.dir/get-model.cpp.o
[ 63%] Building CXX object tests/CMakeFiles/test-quantize-perf.dir/test-quantize-perf.cpp.o
[ 65%] Building CXX object examples/export-lora/CMakeFiles/export-lora.dir/export-lora.cpp.o
[ 65%] Building CXX object pocs/vdot/CMakeFiles/vdot.dir/vdot.cpp.o
[ 66%] Building CXX object examples/infill/CMakeFiles/infill.dir/infill.cpp.o
[ 66%] Linking CXX executable ../bin/test-model-load-cancel
[ 66%] Built target test-model-load-cancel
[ 67%] Linking CXX executable ../bin/test-rope
[ 68%] Linking CXX executable ../bin/test-autorelease
[ 69%] Linking CXX executable ../bin/test-grad0
[ 69%] Built target test-rope
[ 70%] Linking CXX executable ../bin/test-quantize-fns
[ 70%] Built target test-grad0
[ 70%] Built target test-autorelease
[ 70%] Built target test-quantize-fns
[ 71%] Linking CXX executable ../../bin/q8dot
[ 72%] Linking CXX executable ../../bin/tokenize
[ 72%] Built target q8dot
[ 72%] Linking CXX executable ../bin/test-grammar-parser
[ 72%] Built target tokenize
[ 73%] Linking CXX executable ../../bin/baby-llama
[ 74%] Linking CXX executable ../../bin/vdot
[ 75%] Linking CXX executable ../bin/test-sampling
[ 75%] Built target test-grammar-parser
[ 75%] Built target baby-llama
[ 75%] Built target vdot
[ 75%] Built target test-sampling
[ 75%] Linking CXX executable ../../bin/save-load-state
[ 76%] Linking CXX executable ../../bin/beam-search
[ 76%] Built target save-load-state
[ 77%] Linking CXX executable ../../bin/simple
[ 78%] Linking CXX executable ../../bin/passkey
[ 79%] Linking CXX executable ../bin/test-quantize-perf
[ 79%] Built target beam-search
[ 80%] Linking CXX executable ../../bin/embedding
[ 80%] Linking CXX executable ../../bin/batched-bench
[ 80%] Built target simple
[ 80%] Built target passkey
[ 80%] Built target test-quantize-perf
[ 81%] Linking CXX executable ../../bin/batched
[ 81%] Built target batched-bench
[ 81%] Linking CXX executable ../bin/test-tokenizer-0-falcon
[ 81%] Built target embedding
[ 81%] Linking CXX executable ../../bin/lookup
[ 81%] Built target batched
[ 81%] Built target test-tokenizer-0-falcon
[ 81%] Built target lookup
[ 82%] Linking CXX executable ../bin/test-tokenizer-0-llama
[ 83%] Linking CXX executable ../../bin/parallel
[ 84%] Linking CXX executable ../../bin/lookahead
/Users/ggml/work/llama.cpp/examples/export-lora/export-lora.cpp:10:21: warning: unused variable 'tensor_alignment' [-Wunused-const-variable]
static const size_t tensor_alignment = 32;
                    ^
1 warning generated.
[ 85%] Linking CXX executable ../../bin/export-lora
[ 85%] Built target test-tokenizer-0-llama
[ 85%] Built target parallel
[ 86%] Linking CXX executable ../../bin/speculative
[ 87%] Linking CXX executable ../../bin/convert-llama2c-to-ggml
[ 87%] Built target lookahead
[ 87%] Built target export-lora
[ 87%] Built target convert-llama2c-to-ggml
[ 87%] Built target speculative
[ 87%] Built target llava
[ 88%] Linking CXX executable ../../bin/train-text-from-scratch
[ 89%] Building CXX object examples/server/CMakeFiles/server.dir/server.cpp.o
[ 90%] Linking CXX static library libllava_static.a
[ 91%] Building CXX object examples/llava/CMakeFiles/llava-cli.dir/llava-cli.cpp.o
[ 91%] Built target llava_static
[ 91%] Built target train-text-from-scratch
[ 92%] Linking CXX executable ../../bin/infill
[ 92%] Linking CXX executable ../../bin/imatrix
[ 92%] Linking CXX executable ../../bin/finetune
[ 92%] Built target infill
[ 92%] Built target imatrix
[ 92%] Built target finetune
[ 93%] Linking CXX executable ../../bin/main
[ 93%] Built target main
[ 94%] Linking CXX executable ../bin/test-backend-ops
[ 94%] Linking CXX executable ../../bin/llava-cli
[ 94%] Built target test-backend-ops
[ 94%] Built target llava-cli
[ 95%] Linking CXX executable ../../bin/perplexity
[ 97%] Linking CXX executable ../bin/test-tokenizer-1-bpe
[ 97%] Linking CXX executable ../bin/test-tokenizer-1-llama
[ 97%] Built target perplexity
[ 97%] Built target test-tokenizer-1-bpe
[ 97%] Built target test-tokenizer-1-llama
[ 98%] Linking CXX executable ../../bin/llama-bench
[ 98%] Built target llama-bench
[ 99%] Linking CXX executable ../bin/test-llama-grammar
[ 99%] Built target test-llama-grammar
[100%] Linking CXX executable ../../bin/server
[100%] Built target server

real	0m29.127s
user	1m34.493s
sys	0m10.292s
+ '[' -z ']'
+ tee -a /Users/ggml/results/llama.cpp/a0/f8a93bf126b713ca02193ae67e336843d79910/ggml-100-m1/ctest_release-ctest.log
+ ctest --output-on-failure -L main
Test project /Users/ggml/work/llama.cpp/build-ci-release
      Start  1: test-quantize-fns
 1/20 Test  #1: test-quantize-fns ...................   Passed    0.40 sec
      Start  2: test-quantize-perf
 2/20 Test  #2: test-quantize-perf ..................   Passed    0.35 sec
      Start  3: test-sampling
 3/20 Test  #3: test-sampling .......................   Passed    0.18 sec
      Start  4: test-tokenizer-0-llama
 4/20 Test  #4: test-tokenizer-0-llama ..............   Passed    0.23 sec
      Start  5: test-tokenizer-0-falcon
 5/20 Test  #5: test-tokenizer-0-falcon .............   Passed    0.35 sec
      Start  6: test-tokenizer-1-llama
 6/20 Test  #6: test-tokenizer-1-llama ..............   Passed    0.63 sec
      Start  7: test-tokenizer-1-baichuan
 7/20 Test  #7: test-tokenizer-1-baichuan ...........   Passed    0.44 sec
      Start  8: test-tokenizer-1-falcon
 8/20 Test  #8: test-tokenizer-1-falcon .............   Passed    0.80 sec
      Start  9: test-tokenizer-1-aquila
 9/20 Test  #9: test-tokenizer-1-aquila .............   Passed    0.88 sec
      Start 10: test-tokenizer-1-mpt
10/20 Test #10: test-tokenizer-1-mpt ................   Passed    0.48 sec
      Start 11: test-tokenizer-1-stablelm-3b-4e1t
11/20 Test #11: test-tokenizer-1-stablelm-3b-4e1t ...   Passed    0.48 sec
      Start 12: test-tokenizer-1-gpt-neox
12/20 Test #12: test-tokenizer-1-gpt-neox ...........   Passed    0.48 sec
      Start 13: test-tokenizer-1-refact
13/20 Test #13: test-tokenizer-1-refact .............   Passed    0.47 sec
      Start 14: test-tokenizer-1-starcoder
14/20 Test #14: test-tokenizer-1-starcoder ..........   Passed    0.47 sec
      Start 15: test-tokenizer-1-gpt2
15/20 Test #15: test-tokenizer-1-gpt2 ...............   Passed    0.47 sec
      Start 16: test-grammar-parser
16/20 Test #16: test-grammar-parser .................   Passed    0.17 sec
      Start 17: test-llama-grammar
17/20 Test #17: test-llama-grammar ..................   Passed    0.17 sec
      Start 18: test-grad0
18/20 Test #18: test-grad0 ..........................   Passed    0.83 sec
      Start 19: test-backend-ops
19/20 Test #19: test-backend-ops ....................   Passed   23.87 sec
      Start 20: test-rope
20/20 Test #20: test-rope ...........................   Passed    0.21 sec

100% tests passed, 0 tests failed out of 20

Label Time Summary:
main    =  32.37 sec*proc (20 tests)

Total Test time (real) =  32.38 sec

real	0m32.383s
user	0m37.874s
sys	0m5.378s
+ set +e
+ cur=0
+ echo 0
+ set +x
+ gg_run_embd_bge_small
+ cd /Users/ggml/work/llama.cpp
+ gg_wget models-mnt/bge-small/ https://huggingface.co/BAAI/bge-small-en-v1.5/raw/main/config.json
+ local out=models-mnt/bge-small/
+ local url=https://huggingface.co/BAAI/bge-small-en-v1.5/raw/main/config.json
+ tee /Users/ggml/results/llama.cpp/a0/f8a93bf126b713ca02193ae67e336843d79910/ggml-100-m1/embd_bge_small.log
++ pwd
+ local cwd=/Users/ggml/work/llama.cpp
+ mkdir -p models-mnt/bge-small/
+ cd models-mnt/bge-small/
+ wget -nv -N https://huggingface.co/BAAI/bge-small-en-v1.5/raw/main/config.json
Last-modified header missing -- time-stamps turned off.
2024-02-14 18:34:06 URL:https://huggingface.co/BAAI/bge-small-en-v1.5/raw/main/config.json [743/743] -> "config.json" [1]
+ cd /Users/ggml/work/llama.cpp
+ gg_wget models-mnt/bge-small/ https://huggingface.co/BAAI/bge-small-en-v1.5/resolve/main/tokenizer.model
+ local out=models-mnt/bge-small/
+ local url=https://huggingface.co/BAAI/bge-small-en-v1.5/resolve/main/tokenizer.model
++ pwd
+ local cwd=/Users/ggml/work/llama.cpp
+ mkdir -p models-mnt/bge-small/
+ cd models-mnt/bge-small/
+ wget -nv -N https://huggingface.co/BAAI/bge-small-en-v1.5/resolve/main/tokenizer.model
https://huggingface.co/BAAI/bge-small-en-v1.5/resolve/main/tokenizer.model:
2024-02-14 18:34:07 ERROR 404: Not Found.
+ cd /Users/ggml/work/llama.cpp
+ gg_wget models-mnt/bge-small/ https://huggingface.co/BAAI/bge-small-en-v1.5/raw/main/tokenizer_config.json
+ local out=models-mnt/bge-small/
+ local url=https://huggingface.co/BAAI/bge-small-en-v1.5/raw/main/tokenizer_config.json
++ pwd
+ local cwd=/Users/ggml/work/llama.cpp
+ mkdir -p models-mnt/bge-small/
+ cd models-mnt/bge-small/
+ wget -nv -N https://huggingface.co/BAAI/bge-small-en-v1.5/raw/main/tokenizer_config.json
Last-modified header missing -- time-stamps turned off.
2024-02-14 18:34:07 URL:https://huggingface.co/BAAI/bge-small-en-v1.5/raw/main/tokenizer_config.json [366/366] -> "tokenizer_config.json" [1]
+ cd /Users/ggml/work/llama.cpp
+ gg_wget models-mnt/bge-small/ https://huggingface.co/BAAI/bge-small-en-v1.5/raw/main/special_tokens_map.json
+ local out=models-mnt/bge-small/
+ local url=https://huggingface.co/BAAI/bge-small-en-v1.5/raw/main/special_tokens_map.json
++ pwd
+ local cwd=/Users/ggml/work/llama.cpp
+ mkdir -p models-mnt/bge-small/
+ cd models-mnt/bge-small/
+ wget -nv -N https://huggingface.co/BAAI/bge-small-en-v1.5/raw/main/special_tokens_map.json
Last-modified header missing -- time-stamps turned off.
2024-02-14 18:34:07 URL:https://huggingface.co/BAAI/bge-small-en-v1.5/raw/main/special_tokens_map.json [125/125] -> "special_tokens_map.json" [1]
+ cd /Users/ggml/work/llama.cpp
+ gg_wget models-mnt/bge-small/ https://huggingface.co/BAAI/bge-small-en-v1.5/resolve/main/pytorch_model.bin
+ local out=models-mnt/bge-small/
+ local url=https://huggingface.co/BAAI/bge-small-en-v1.5/resolve/main/pytorch_model.bin
++ pwd
+ local cwd=/Users/ggml/work/llama.cpp
+ mkdir -p models-mnt/bge-small/
+ cd models-mnt/bge-small/
+ wget -nv -N https://huggingface.co/BAAI/bge-small-en-v1.5/resolve/main/pytorch_model.bin
+ cd /Users/ggml/work/llama.cpp
+ gg_wget models-mnt/bge-small/ https://huggingface.co/BAAI/bge-small-en-v1.5/raw/main/sentence_bert_config.json
+ local out=models-mnt/bge-small/
+ local url=https://huggingface.co/BAAI/bge-small-en-v1.5/raw/main/sentence_bert_config.json
++ pwd
+ local cwd=/Users/ggml/work/llama.cpp
+ mkdir -p models-mnt/bge-small/
+ cd models-mnt/bge-small/
+ wget -nv -N https://huggingface.co/BAAI/bge-small-en-v1.5/raw/main/sentence_bert_config.json
Last-modified header missing -- time-stamps turned off.
2024-02-14 18:34:07 URL:https://huggingface.co/BAAI/bge-small-en-v1.5/raw/main/sentence_bert_config.json [52/52] -> "sentence_bert_config.json" [1]
+ cd /Users/ggml/work/llama.cpp
+ gg_wget models-mnt/bge-small/ https://huggingface.co/BAAI/bge-small-en-v1.5/raw/main/vocab.txt
+ local out=models-mnt/bge-small/
+ local url=https://huggingface.co/BAAI/bge-small-en-v1.5/raw/main/vocab.txt
++ pwd
+ local cwd=/Users/ggml/work/llama.cpp
+ mkdir -p models-mnt/bge-small/
+ cd models-mnt/bge-small/
+ wget -nv -N https://huggingface.co/BAAI/bge-small-en-v1.5/raw/main/vocab.txt
Last-modified header missing -- time-stamps turned off.
2024-02-14 18:34:08 URL:https://huggingface.co/BAAI/bge-small-en-v1.5/raw/main/vocab.txt [231508/231508] -> "vocab.txt" [1]
+ cd /Users/ggml/work/llama.cpp
+ path_models=../models-mnt/bge-small
+ rm -rf build-ci-release
+ mkdir build-ci-release
+ cd build-ci-release
+ set -e
+ tee -a /Users/ggml/results/llama.cpp/a0/f8a93bf126b713ca02193ae67e336843d79910/ggml-100-m1/embd_bge_small-cmake.log
+ cmake -DCMAKE_BUILD_TYPE=Release -DLLAMA_METAL_SHADER_DEBUG=ON ..
-- The C compiler identification is AppleClang 15.0.0.15000100
-- The CXX compiler identification is AppleClang 15.0.0.15000100
-- Detecting C compiler ABI info
-- Detecting C compiler ABI info - done
-- Check for working C compiler: /Applications/Xcode.app/Contents/Developer/Toolchains/XcodeDefault.xctoolchain/usr/bin/cc - skipped
-- Detecting C compile features
-- Detecting C compile features - done
-- Detecting CXX compiler ABI info
-- Detecting CXX compiler ABI info - done
-- Check for working CXX compiler: /Applications/Xcode.app/Contents/Developer/Toolchains/XcodeDefault.xctoolchain/usr/bin/c++ - skipped
-- Detecting CXX compile features
-- Detecting CXX compile features - done
-- Found Git: /usr/bin/git (found version "2.39.3 (Apple Git-145)") 
-- Performing Test CMAKE_HAVE_LIBC_PTHREAD
-- Performing Test CMAKE_HAVE_LIBC_PTHREAD - Success
-- Found Threads: TRUE  
-- Accelerate framework found
-- Metal framework found
-- ccache found, compilation results will be cached. Disable with LLAMA_CCACHE=OFF.
-- CMAKE_SYSTEM_PROCESSOR: arm64
-- ARM detected
-- Performing Test COMPILER_SUPPORTS_FP16_FORMAT_I3E
-- Performing Test COMPILER_SUPPORTS_FP16_FORMAT_I3E - Failed
-- Configuring done (0.6s)
-- Generating done (0.2s)
-- Build files have been written to: /Users/ggml/work/llama.cpp/build-ci-release

real	0m0.848s
user	0m0.389s
sys	0m0.413s
+ tee -a /Users/ggml/results/llama.cpp/a0/f8a93bf126b713ca02193ae67e336843d79910/ggml-100-m1/embd_bge_small-make.log
+ make -j
[  0%] Compiling Metal kernels
[  1%] Building CXX object common/CMakeFiles/build_info.dir/build-info.cpp.o
[  2%] Building C object CMakeFiles/ggml.dir/ggml-quants.c.o
[  3%] Building C object CMakeFiles/ggml.dir/ggml.c.o
[  4%] Building C object CMakeFiles/ggml.dir/ggml-backend.c.o
[  5%] Building C object CMakeFiles/ggml.dir/ggml-alloc.c.o
[  6%] Building C object CMakeFiles/ggml.dir/ggml-metal.m.o
[  6%] Built target build_info
/Users/ggml/work/llama.cpp/ggml-metal.m:812:27: warning: unused variable 'id_src2' [-Wunused-variable]
            id<MTLBuffer> id_src2 = src2 ? ggml_metal_get_buffer(src2, &offs_src2) : nil;
                          ^
1 warning generated.
[  6%] Built target ggml
[  9%] Building CXX object examples/gguf/CMakeFiles/gguf.dir/gguf.cpp.o
[  9%] Linking C static library libggml_static.a
[  9%] Building CXX object CMakeFiles/llama.dir/llama.cpp.o
[ 10%] Linking CXX executable ../../bin/gguf
[ 11%] Linking CXX static library libllama.a
[ 11%] Built target ggml_static
[ 11%] Built target llama
[ 12%] Building CXX object common/CMakeFiles/common.dir/common.cpp.o
[ 12%] Building CXX object common/CMakeFiles/common.dir/grammar-parser.cpp.o
[ 13%] Building CXX object common/CMakeFiles/common.dir/train.cpp.o
[ 13%] Building CXX object examples/quantize/CMakeFiles/quantize.dir/quantize.cpp.o
[ 14%] Building CXX object examples/benchmark/CMakeFiles/benchmark.dir/benchmark-matmult.cpp.o
[ 15%] Building CXX object common/CMakeFiles/common.dir/console.cpp.o
[ 16%] Building CXX object common/CMakeFiles/common.dir/sampling.cpp.o
[ 17%] Building CXX object examples/quantize-stats/CMakeFiles/quantize-stats.dir/quantize-stats.cpp.o
[ 18%] Building CXX object examples/llava/CMakeFiles/llava.dir/llava.cpp.o
[ 19%] Building CXX object examples/llava/CMakeFiles/llava.dir/clip.cpp.o
[ 20%] Building C object tests/CMakeFiles/test-c.dir/test-c.c.o
[ 21%] Linking CXX executable ../bin/test-c
[ 22%] Linking CXX executable ../../bin/quantize-stats
[ 22%] Built target llava
[ 23%] Linking CXX static library libcommon.a
[ 24%] Linking CXX executable ../../bin/benchmark
[ 25%] Linking CXX executable ../../bin/quantize
[ 26%] Linking CXX static library libllava_static.a
[ 26%] Built target gguf
[ 26%] Built target common
[ 27%] Building CXX object tests/CMakeFiles/test-sampling.dir/get-model.cpp.o
[ 28%] Building CXX object tests/CMakeFiles/test-llama-grammar.dir/test-llama-grammar.cpp.o
[ 29%] Building CXX object tests/CMakeFiles/test-llama-grammar.dir/get-model.cpp.o
[ 29%] Building CXX object tests/CMakeFiles/test-sampling.dir/test-sampling.cpp.o
[ 30%] Building CXX object tests/CMakeFiles/test-tokenizer-0-llama.dir/test-tokenizer-0-llama.cpp.o
[ 31%] Building CXX object tests/CMakeFiles/test-tokenizer-1-llama.dir/get-model.cpp.o
[ 32%] Building CXX object tests/CMakeFiles/test-tokenizer-1-llama.dir/test-tokenizer-1-llama.cpp.o
[ 33%] Building CXX object tests/CMakeFiles/test-quantize-perf.dir/test-quantize-perf.cpp.o
[ 34%] Building CXX object tests/CMakeFiles/test-tokenizer-0-llama.dir/get-model.cpp.o
[ 34%] Building CXX object tests/CMakeFiles/test-quantize-perf.dir/get-model.cpp.o
[ 36%] Building CXX object tests/CMakeFiles/test-quantize-fns.dir/test-quantize-fns.cpp.o
[ 36%] Building CXX object tests/CMakeFiles/test-tokenizer-0-falcon.dir/test-tokenizer-0-falcon.cpp.o
[ 38%] Building CXX object examples/batched/CMakeFiles/batched.dir/batched.cpp.o
[ 39%] Building CXX object tests/CMakeFiles/test-tokenizer-0-falcon.dir/get-model.cpp.o
[ 39%] Building CXX object tests/CMakeFiles/test-quantize-fns.dir/get-model.cpp.o
[ 39%] Building CXX object examples/baby-llama/CMakeFiles/baby-llama.dir/baby-llama.cpp.o
[ 39%] Building CXX object tests/CMakeFiles/test-backend-ops.dir/test-backend-ops.cpp.o
[ 40%] Building CXX object tests/CMakeFiles/test-rope.dir/test-rope.cpp.o
[ 41%] Building CXX object tests/CMakeFiles/test-model-load-cancel.dir/test-model-load-cancel.cpp.o
[ 42%] Building CXX object tests/CMakeFiles/test-backend-ops.dir/get-model.cpp.o
[ 43%] Building CXX object examples/beam-search/CMakeFiles/beam-search.dir/beam-search.cpp.o
[ 44%] Building CXX object tests/CMakeFiles/test-autorelease.dir/test-autorelease.cpp.o
[ 45%] Building CXX object tests/CMakeFiles/test-grammar-parser.dir/get-model.cpp.o
[ 45%] Building CXX object tests/CMakeFiles/test-grad0.dir/test-grad0.cpp.o
[ 45%] Building CXX object examples/embedding/CMakeFiles/embedding.dir/embedding.cpp.o
[ 46%] Building CXX object tests/CMakeFiles/test-model-load-cancel.dir/get-model.cpp.o
[ 47%] Building CXX object examples/convert-llama2c-to-ggml/CMakeFiles/convert-llama2c-to-ggml.dir/convert-llama2c-to-ggml.cpp.o
[ 48%] Building CXX object tests/CMakeFiles/test-autorelease.dir/get-model.cpp.o
[ 49%] Building CXX object tests/CMakeFiles/test-grammar-parser.dir/test-grammar-parser.cpp.o
[ 50%] Building CXX object tests/CMakeFiles/test-rope.dir/get-model.cpp.o
[ 51%] Building CXX object tests/CMakeFiles/test-grad0.dir/get-model.cpp.o
[ 52%] Building CXX object examples/batched-bench/CMakeFiles/batched-bench.dir/batched-bench.cpp.o
[ 53%] Building CXX object tests/CMakeFiles/test-tokenizer-1-bpe.dir/test-tokenizer-1-bpe.cpp.o
[ 53%] Built target llava_static
[ 53%] Building CXX object tests/CMakeFiles/test-tokenizer-1-bpe.dir/get-model.cpp.o
[ 53%] Built target quantize
[ 54%] Linking CXX executable ../bin/test-tokenizer-0-llama
[ 55%] Linking CXX executable ../bin/test-llama-grammar
[ 56%] Linking CXX executable ../bin/test-sampling
[ 57%] Building CXX object examples/finetune/CMakeFiles/finetune.dir/finetune.cpp.o
[ 57%] Built target benchmark
[ 58%] Building CXX object examples/infill/CMakeFiles/infill.dir/infill.cpp.o
[ 59%] Linking CXX executable ../../bin/beam-search
[ 59%] Building CXX object examples/llama-bench/CMakeFiles/llama-bench.dir/llama-bench.cpp.o
[ 59%] Linking CXX executable ../bin/test-model-load-cancel
[ 60%] Linking CXX executable ../../bin/embedding
[ 61%] Building CXX object examples/simple/CMakeFiles/simple.dir/simple.cpp.o
[ 62%] Linking CXX executable ../bin/test-backend-ops
[ 64%] Linking CXX executable ../bin/test-autorelease
[ 64%] Linking CXX executable ../bin/test-grad0
[ 65%] Linking CXX executable ../../bin/batched
[ 66%] Linking CXX executable ../bin/test-quantize-fns
[ 67%] Building CXX object examples/lookahead/CMakeFiles/lookahead.dir/lookahead.cpp.o
[ 69%] Linking CXX executable ../bin/test-quantize-perf
[ 69%] Linking CXX executable ../../bin/baby-llama
[ 69%] Building CXX object examples/passkey/CMakeFiles/passkey.dir/passkey.cpp.o
[ 70%] Building CXX object examples/perplexity/CMakeFiles/perplexity.dir/perplexity.cpp.o
[ 71%] Building CXX object examples/lookup/CMakeFiles/lookup.dir/lookup.cpp.o
[ 71%] Linking CXX executable ../bin/test-grammar-parser
[ 72%] Building CXX object examples/save-load-state/CMakeFiles/save-load-state.dir/save-load-state.cpp.o
[ 72%] Built target test-c
[ 73%] Building CXX object examples/llava/CMakeFiles/llava-cli.dir/llava-cli.cpp.o
[ 73%] Building CXX object examples/tokenize/CMakeFiles/tokenize.dir/tokenize.cpp.o
[ 73%] Linking CXX executable ../bin/test-tokenizer-0-falcon
[ 73%] Built target quantize-stats
[ 74%] Building CXX object examples/parallel/CMakeFiles/parallel.dir/parallel.cpp.o
[ 75%] Building CXX object examples/main/CMakeFiles/main.dir/main.cpp.o
[ 76%] Building CXX object examples/server/CMakeFiles/server.dir/server.cpp.o
[ 77%] Linking CXX executable ../bin/test-rope
[ 78%] Linking CXX executable ../../bin/llama-bench
[ 79%] Building CXX object examples/export-lora/CMakeFiles/export-lora.dir/export-lora.cpp.o
[ 79%] Building CXX object examples/speculative/CMakeFiles/speculative.dir/speculative.cpp.o
[ 80%] Linking CXX executable ../bin/test-tokenizer-1-bpe
[ 80%] Linking CXX executable ../../bin/finetune
[ 81%] Linking CXX executable ../../bin/simple
[ 82%] Linking CXX executable ../../bin/convert-llama2c-to-ggml
[ 83%] Building CXX object examples/imatrix/CMakeFiles/imatrix.dir/imatrix.cpp.o
[ 84%] Linking CXX executable ../bin/test-tokenizer-1-llama
[ 84%] Linking CXX executable ../../bin/batched-bench
[ 85%] Building CXX object examples/train-text-from-scratch/CMakeFiles/train-text-from-scratch.dir/train-text-from-scratch.cpp.o
/Users/ggml/work/llama.cpp/examples/export-lora/export-lora.cpp:10:21: warning: unused variable 'tensor_alignment' [-Wunused-const-variable]
static const size_t tensor_alignment = 32;
                    ^
1 warning generated.
[ 86%] Linking CXX executable ../../bin/infill
[ 87%] Building CXX object pocs/vdot/CMakeFiles/q8dot.dir/q8dot.cpp.o
[ 88%] Linking CXX executable ../../bin/passkey
[ 89%] Linking CXX executable ../../bin/tokenize
[ 89%] Linking CXX executable ../../bin/save-load-state
[ 90%] Building CXX object pocs/vdot/CMakeFiles/vdot.dir/vdot.cpp.o
[ 91%] Linking CXX executable ../../bin/export-lora
[ 91%] Linking CXX executable ../../bin/lookup
[ 91%] Linking CXX executable ../../bin/llava-cli
[ 92%] Linking CXX executable ../../bin/parallel
[ 93%] Linking CXX executable ../../bin/perplexity
[ 94%] Linking CXX executable ../../bin/lookahead
[ 95%] Linking CXX executable ../../bin/main
[ 95%] Linking CXX executable ../../bin/imatrix
[ 96%] Linking CXX executable ../../bin/server
[ 97%] Linking CXX executable ../../bin/speculative
[ 98%] Linking CXX executable ../../bin/q8dot
[ 99%] Linking CXX executable ../../bin/train-text-from-scratch
[100%] Linking CXX executable ../../bin/vdot
[100%] Built target test-sampling
[100%] Built target test-llama-grammar
[100%] Built target embedding
[100%] Built target test-tokenizer-0-llama
[100%] Built target test-autorelease
[100%] Built target test-grammar-parser
[100%] Built target beam-search
[100%] Built target test-backend-ops
[100%] Built target test-tokenizer-1-llama
[100%] Built target test-quantize-perf
[100%] Built target test-tokenizer-0-falcon
[100%] Built target test-model-load-cancel
[100%] Built target baby-llama
[100%] Built target test-quantize-fns
[100%] Built target convert-llama2c-to-ggml
[100%] Built target llama-bench
[100%] Built target test-rope
[100%] Built target test-tokenizer-1-bpe
[100%] Built target simple
[100%] Built target tokenize
[100%] Built target test-grad0
[100%] Built target finetune
[100%] Built target vdot
[100%] Built target infill
[100%] Built target lookahead
[100%] Built target save-load-state
[100%] Built target q8dot
[100%] Built target passkey
[100%] Built target speculative
[100%] Built target llava-cli
[100%] Built target batched
[100%] Built target lookup
[100%] Built target main
[100%] Built target imatrix
[100%] Built target export-lora
[100%] Built target perplexity
[100%] Built target server
[100%] Built target train-text-from-scratch
[100%] Built target parallel
[100%] Built target batched-bench
[100%] Built target ggml-metal

real	0m2.712s
user	0m10.497s
sys	0m3.635s
+ python3 ../convert-hf-to-gguf.py ../models-mnt/bge-small
/Users/ggml/mnt/llama.cpp/venv/lib/python3.9/site-packages/urllib3/__init__.py:34: NotOpenSSLWarning: urllib3 v2 only supports OpenSSL 1.1.1+, currently the 'ssl' module is compiled with 'LibreSSL 2.8.3'. See: https://github.com/urllib3/urllib3/issues/3020
  warnings.warn(
/Users/ggml/mnt/llama.cpp/venv/lib/python3.9/site-packages/torch/_utils.py:831: UserWarning: TypedStorage is deprecated. It will be removed in the future and UntypedStorage will be the only storage class. This should only matter to you if you are using storages directly.  To access UntypedStorage directly, use tensor.untyped_storage() instead of tensor.storage()
  return self.fget.__get__(instance, owner)()
Loading model: bge-small
gguf: This GGUF file is for Little Endian only
Set model parameters
Set model tokenizer
fname_tokenizer: ../models-mnt/bge-small
gguf: Setting special token type pad to 0
Exporting model to '../models-mnt/bge-small/ggml-model-f16.gguf'
gguf: loading model part 'pytorch_model.bin'
token_embd.weight, n_dims = 2, torch.float32 --> <class 'numpy.float16'>
position_embd.weight, n_dims = 2, torch.float32 --> <class 'numpy.float16'>
token_types.weight, n_dims = 2, torch.float32 --> <class 'numpy.float32'>
token_embd_norm.weight, n_dims = 1, torch.float32 --> <class 'numpy.float32'>
token_embd_norm.bias, n_dims = 1, torch.float32 --> <class 'numpy.float32'>
blk.0.attn_q.weight, n_dims = 2, torch.float32 --> <class 'numpy.float16'>
blk.0.attn_q.bias, n_dims = 1, torch.float32 --> <class 'numpy.float32'>
blk.0.attn_k.weight, n_dims = 2, torch.float32 --> <class 'numpy.float16'>
blk.0.attn_k.bias, n_dims = 1, torch.float32 --> <class 'numpy.float32'>
blk.0.attn_v.weight, n_dims = 2, torch.float32 --> <class 'numpy.float16'>
blk.0.attn_v.bias, n_dims = 1, torch.float32 --> <class 'numpy.float32'>
blk.0.attn_output.weight, n_dims = 2, torch.float32 --> <class 'numpy.float16'>
blk.0.attn_output.bias, n_dims = 1, torch.float32 --> <class 'numpy.float32'>
blk.0.attn_output_norm.weight, n_dims = 1, torch.float32 --> <class 'numpy.float32'>
blk.0.attn_output_norm.bias, n_dims = 1, torch.float32 --> <class 'numpy.float32'>
blk.0.ffn_up.weight, n_dims = 2, torch.float32 --> <class 'numpy.float16'>
blk.0.ffn_up.bias, n_dims = 1, torch.float32 --> <class 'numpy.float32'>
blk.0.ffn_down.weight, n_dims = 2, torch.float32 --> <class 'numpy.float16'>
blk.0.ffn_down.bias, n_dims = 1, torch.float32 --> <class 'numpy.float32'>
blk.0.layer_output_norm.weight, n_dims = 1, torch.float32 --> <class 'numpy.float32'>
blk.0.layer_output_norm.bias, n_dims = 1, torch.float32 --> <class 'numpy.float32'>
blk.1.attn_q.weight, n_dims = 2, torch.float32 --> <class 'numpy.float16'>
blk.1.attn_q.bias, n_dims = 1, torch.float32 --> <class 'numpy.float32'>
blk.1.attn_k.weight, n_dims = 2, torch.float32 --> <class 'numpy.float16'>
blk.1.attn_k.bias, n_dims = 1, torch.float32 --> <class 'numpy.float32'>
blk.1.attn_v.weight, n_dims = 2, torch.float32 --> <class 'numpy.float16'>
blk.1.attn_v.bias, n_dims = 1, torch.float32 --> <class 'numpy.float32'>
blk.1.attn_output.weight, n_dims = 2, torch.float32 --> <class 'numpy.float16'>
blk.1.attn_output.bias, n_dims = 1, torch.float32 --> <class 'numpy.float32'>
blk.1.attn_output_norm.weight, n_dims = 1, torch.float32 --> <class 'numpy.float32'>
blk.1.attn_output_norm.bias, n_dims = 1, torch.float32 --> <class 'numpy.float32'>
blk.1.ffn_up.weight, n_dims = 2, torch.float32 --> <class 'numpy.float16'>
blk.1.ffn_up.bias, n_dims = 1, torch.float32 --> <class 'numpy.float32'>
blk.1.ffn_down.weight, n_dims = 2, torch.float32 --> <class 'numpy.float16'>
blk.1.ffn_down.bias, n_dims = 1, torch.float32 --> <class 'numpy.float32'>
blk.1.layer_output_norm.weight, n_dims = 1, torch.float32 --> <class 'numpy.float32'>
blk.1.layer_output_norm.bias, n_dims = 1, torch.float32 --> <class 'numpy.float32'>
blk.2.attn_q.weight, n_dims = 2, torch.float32 --> <class 'numpy.float16'>
blk.2.attn_q.bias, n_dims = 1, torch.float32 --> <class 'numpy.float32'>
blk.2.attn_k.weight, n_dims = 2, torch.float32 --> <class 'numpy.float16'>
blk.2.attn_k.bias, n_dims = 1, torch.float32 --> <class 'numpy.float32'>
blk.2.attn_v.weight, n_dims = 2, torch.float32 --> <class 'numpy.float16'>
blk.2.attn_v.bias, n_dims = 1, torch.float32 --> <class 'numpy.float32'>
blk.2.attn_output.weight, n_dims = 2, torch.float32 --> <class 'numpy.float16'>
blk.2.attn_output.bias, n_dims = 1, torch.float32 --> <class 'numpy.float32'>
blk.2.attn_output_norm.weight, n_dims = 1, torch.float32 --> <class 'numpy.float32'>
blk.2.attn_output_norm.bias, n_dims = 1, torch.float32 --> <class 'numpy.float32'>
blk.2.ffn_up.weight, n_dims = 2, torch.float32 --> <class 'numpy.float16'>
blk.2.ffn_up.bias, n_dims = 1, torch.float32 --> <class 'numpy.float32'>
blk.2.ffn_down.weight, n_dims = 2, torch.float32 --> <class 'numpy.float16'>
blk.2.ffn_down.bias, n_dims = 1, torch.float32 --> <class 'numpy.float32'>
blk.2.layer_output_norm.weight, n_dims = 1, torch.float32 --> <class 'numpy.float32'>
blk.2.layer_output_norm.bias, n_dims = 1, torch.float32 --> <class 'numpy.float32'>
blk.3.attn_q.weight, n_dims = 2, torch.float32 --> <class 'numpy.float16'>
blk.3.attn_q.bias, n_dims = 1, torch.float32 --> <class 'numpy.float32'>
blk.3.attn_k.weight, n_dims = 2, torch.float32 --> <class 'numpy.float16'>
blk.3.attn_k.bias, n_dims = 1, torch.float32 --> <class 'numpy.float32'>
blk.3.attn_v.weight, n_dims = 2, torch.float32 --> <class 'numpy.float16'>
blk.3.attn_v.bias, n_dims = 1, torch.float32 --> <class 'numpy.float32'>
blk.3.attn_output.weight, n_dims = 2, torch.float32 --> <class 'numpy.float16'>
blk.3.attn_output.bias, n_dims = 1, torch.float32 --> <class 'numpy.float32'>
blk.3.attn_output_norm.weight, n_dims = 1, torch.float32 --> <class 'numpy.float32'>
blk.3.attn_output_norm.bias, n_dims = 1, torch.float32 --> <class 'numpy.float32'>
blk.3.ffn_up.weight, n_dims = 2, torch.float32 --> <class 'numpy.float16'>
blk.3.ffn_up.bias, n_dims = 1, torch.float32 --> <class 'numpy.float32'>
blk.3.ffn_down.weight, n_dims = 2, torch.float32 --> <class 'numpy.float16'>
blk.3.ffn_down.bias, n_dims = 1, torch.float32 --> <class 'numpy.float32'>
blk.3.layer_output_norm.weight, n_dims = 1, torch.float32 --> <class 'numpy.float32'>
blk.3.layer_output_norm.bias, n_dims = 1, torch.float32 --> <class 'numpy.float32'>
blk.4.attn_q.weight, n_dims = 2, torch.float32 --> <class 'numpy.float16'>
blk.4.attn_q.bias, n_dims = 1, torch.float32 --> <class 'numpy.float32'>
blk.4.attn_k.weight, n_dims = 2, torch.float32 --> <class 'numpy.float16'>
blk.4.attn_k.bias, n_dims = 1, torch.float32 --> <class 'numpy.float32'>
blk.4.attn_v.weight, n_dims = 2, torch.float32 --> <class 'numpy.float16'>
blk.4.attn_v.bias, n_dims = 1, torch.float32 --> <class 'numpy.float32'>
blk.4.attn_output.weight, n_dims = 2, torch.float32 --> <class 'numpy.float16'>
blk.4.attn_output.bias, n_dims = 1, torch.float32 --> <class 'numpy.float32'>
blk.4.attn_output_norm.weight, n_dims = 1, torch.float32 --> <class 'numpy.float32'>
blk.4.attn_output_norm.bias, n_dims = 1, torch.float32 --> <class 'numpy.float32'>
blk.4.ffn_up.weight, n_dims = 2, torch.float32 --> <class 'numpy.float16'>
blk.4.ffn_up.bias, n_dims = 1, torch.float32 --> <class 'numpy.float32'>
blk.4.ffn_down.weight, n_dims = 2, torch.float32 --> <class 'numpy.float16'>
blk.4.ffn_down.bias, n_dims = 1, torch.float32 --> <class 'numpy.float32'>
blk.4.layer_output_norm.weight, n_dims = 1, torch.float32 --> <class 'numpy.float32'>
blk.4.layer_output_norm.bias, n_dims = 1, torch.float32 --> <class 'numpy.float32'>
blk.5.attn_q.weight, n_dims = 2, torch.float32 --> <class 'numpy.float16'>
blk.5.attn_q.bias, n_dims = 1, torch.float32 --> <class 'numpy.float32'>
blk.5.attn_k.weight, n_dims = 2, torch.float32 --> <class 'numpy.float16'>
blk.5.attn_k.bias, n_dims = 1, torch.float32 --> <class 'numpy.float32'>
blk.5.attn_v.weight, n_dims = 2, torch.float32 --> <class 'numpy.float16'>
blk.5.attn_v.bias, n_dims = 1, torch.float32 --> <class 'numpy.float32'>
blk.5.attn_output.weight, n_dims = 2, torch.float32 --> <class 'numpy.float16'>
blk.5.attn_output.bias, n_dims = 1, torch.float32 --> <class 'numpy.float32'>
blk.5.attn_output_norm.weight, n_dims = 1, torch.float32 --> <class 'numpy.float32'>
blk.5.attn_output_norm.bias, n_dims = 1, torch.float32 --> <class 'numpy.float32'>
blk.5.ffn_up.weight, n_dims = 2, torch.float32 --> <class 'numpy.float16'>
blk.5.ffn_up.bias, n_dims = 1, torch.float32 --> <class 'numpy.float32'>
blk.5.ffn_down.weight, n_dims = 2, torch.float32 --> <class 'numpy.float16'>
blk.5.ffn_down.bias, n_dims = 1, torch.float32 --> <class 'numpy.float32'>
blk.5.layer_output_norm.weight, n_dims = 1, torch.float32 --> <class 'numpy.float32'>
blk.5.layer_output_norm.bias, n_dims = 1, torch.float32 --> <class 'numpy.float32'>
blk.6.attn_q.weight, n_dims = 2, torch.float32 --> <class 'numpy.float16'>
blk.6.attn_q.bias, n_dims = 1, torch.float32 --> <class 'numpy.float32'>
blk.6.attn_k.weight, n_dims = 2, torch.float32 --> <class 'numpy.float16'>
blk.6.attn_k.bias, n_dims = 1, torch.float32 --> <class 'numpy.float32'>
blk.6.attn_v.weight, n_dims = 2, torch.float32 --> <class 'numpy.float16'>
blk.6.attn_v.bias, n_dims = 1, torch.float32 --> <class 'numpy.float32'>
blk.6.attn_output.weight, n_dims = 2, torch.float32 --> <class 'numpy.float16'>
blk.6.attn_output.bias, n_dims = 1, torch.float32 --> <class 'numpy.float32'>
blk.6.attn_output_norm.weight, n_dims = 1, torch.float32 --> <class 'numpy.float32'>
blk.6.attn_output_norm.bias, n_dims = 1, torch.float32 --> <class 'numpy.float32'>
blk.6.ffn_up.weight, n_dims = 2, torch.float32 --> <class 'numpy.float16'>
blk.6.ffn_up.bias, n_dims = 1, torch.float32 --> <class 'numpy.float32'>
blk.6.ffn_down.weight, n_dims = 2, torch.float32 --> <class 'numpy.float16'>
blk.6.ffn_down.bias, n_dims = 1, torch.float32 --> <class 'numpy.float32'>
blk.6.layer_output_norm.weight, n_dims = 1, torch.float32 --> <class 'numpy.float32'>
blk.6.layer_output_norm.bias, n_dims = 1, torch.float32 --> <class 'numpy.float32'>
blk.7.attn_q.weight, n_dims = 2, torch.float32 --> <class 'numpy.float16'>
blk.7.attn_q.bias, n_dims = 1, torch.float32 --> <class 'numpy.float32'>
blk.7.attn_k.weight, n_dims = 2, torch.float32 --> <class 'numpy.float16'>
blk.7.attn_k.bias, n_dims = 1, torch.float32 --> <class 'numpy.float32'>
blk.7.attn_v.weight, n_dims = 2, torch.float32 --> <class 'numpy.float16'>
blk.7.attn_v.bias, n_dims = 1, torch.float32 --> <class 'numpy.float32'>
blk.7.attn_output.weight, n_dims = 2, torch.float32 --> <class 'numpy.float16'>
blk.7.attn_output.bias, n_dims = 1, torch.float32 --> <class 'numpy.float32'>
blk.7.attn_output_norm.weight, n_dims = 1, torch.float32 --> <class 'numpy.float32'>
blk.7.attn_output_norm.bias, n_dims = 1, torch.float32 --> <class 'numpy.float32'>
blk.7.ffn_up.weight, n_dims = 2, torch.float32 --> <class 'numpy.float16'>
blk.7.ffn_up.bias, n_dims = 1, torch.float32 --> <class 'numpy.float32'>
blk.7.ffn_down.weight, n_dims = 2, torch.float32 --> <class 'numpy.float16'>
blk.7.ffn_down.bias, n_dims = 1, torch.float32 --> <class 'numpy.float32'>
blk.7.layer_output_norm.weight, n_dims = 1, torch.float32 --> <class 'numpy.float32'>
blk.7.layer_output_norm.bias, n_dims = 1, torch.float32 --> <class 'numpy.float32'>
blk.8.attn_q.weight, n_dims = 2, torch.float32 --> <class 'numpy.float16'>
blk.8.attn_q.bias, n_dims = 1, torch.float32 --> <class 'numpy.float32'>
blk.8.attn_k.weight, n_dims = 2, torch.float32 --> <class 'numpy.float16'>
blk.8.attn_k.bias, n_dims = 1, torch.float32 --> <class 'numpy.float32'>
blk.8.attn_v.weight, n_dims = 2, torch.float32 --> <class 'numpy.float16'>
blk.8.attn_v.bias, n_dims = 1, torch.float32 --> <class 'numpy.float32'>
blk.8.attn_output.weight, n_dims = 2, torch.float32 --> <class 'numpy.float16'>
blk.8.attn_output.bias, n_dims = 1, torch.float32 --> <class 'numpy.float32'>
blk.8.attn_output_norm.weight, n_dims = 1, torch.float32 --> <class 'numpy.float32'>
blk.8.attn_output_norm.bias, n_dims = 1, torch.float32 --> <class 'numpy.float32'>
blk.8.ffn_up.weight, n_dims = 2, torch.float32 --> <class 'numpy.float16'>
blk.8.ffn_up.bias, n_dims = 1, torch.float32 --> <class 'numpy.float32'>
blk.8.ffn_down.weight, n_dims = 2, torch.float32 --> <class 'numpy.float16'>
blk.8.ffn_down.bias, n_dims = 1, torch.float32 --> <class 'numpy.float32'>
blk.8.layer_output_norm.weight, n_dims = 1, torch.float32 --> <class 'numpy.float32'>
blk.8.layer_output_norm.bias, n_dims = 1, torch.float32 --> <class 'numpy.float32'>
blk.9.attn_q.weight, n_dims = 2, torch.float32 --> <class 'numpy.float16'>
blk.9.attn_q.bias, n_dims = 1, torch.float32 --> <class 'numpy.float32'>
blk.9.attn_k.weight, n_dims = 2, torch.float32 --> <class 'numpy.float16'>
blk.9.attn_k.bias, n_dims = 1, torch.float32 --> <class 'numpy.float32'>
blk.9.attn_v.weight, n_dims = 2, torch.float32 --> <class 'numpy.float16'>
blk.9.attn_v.bias, n_dims = 1, torch.float32 --> <class 'numpy.float32'>
blk.9.attn_output.weight, n_dims = 2, torch.float32 --> <class 'numpy.float16'>
blk.9.attn_output.bias, n_dims = 1, torch.float32 --> <class 'numpy.float32'>
blk.9.attn_output_norm.weight, n_dims = 1, torch.float32 --> <class 'numpy.float32'>
blk.9.attn_output_norm.bias, n_dims = 1, torch.float32 --> <class 'numpy.float32'>
blk.9.ffn_up.weight, n_dims = 2, torch.float32 --> <class 'numpy.float16'>
blk.9.ffn_up.bias, n_dims = 1, torch.float32 --> <class 'numpy.float32'>
blk.9.ffn_down.weight, n_dims = 2, torch.float32 --> <class 'numpy.float16'>
blk.9.ffn_down.bias, n_dims = 1, torch.float32 --> <class 'numpy.float32'>
blk.9.layer_output_norm.weight, n_dims = 1, torch.float32 --> <class 'numpy.float32'>
blk.9.layer_output_norm.bias, n_dims = 1, torch.float32 --> <class 'numpy.float32'>
blk.10.attn_q.weight, n_dims = 2, torch.float32 --> <class 'numpy.float16'>
blk.10.attn_q.bias, n_dims = 1, torch.float32 --> <class 'numpy.float32'>
blk.10.attn_k.weight, n_dims = 2, torch.float32 --> <class 'numpy.float16'>
blk.10.attn_k.bias, n_dims = 1, torch.float32 --> <class 'numpy.float32'>
blk.10.attn_v.weight, n_dims = 2, torch.float32 --> <class 'numpy.float16'>
blk.10.attn_v.bias, n_dims = 1, torch.float32 --> <class 'numpy.float32'>
blk.10.attn_output.weight, n_dims = 2, torch.float32 --> <class 'numpy.float16'>
blk.10.attn_output.bias, n_dims = 1, torch.float32 --> <class 'numpy.float32'>
blk.10.attn_output_norm.weight, n_dims = 1, torch.float32 --> <class 'numpy.float32'>
blk.10.attn_output_norm.bias, n_dims = 1, torch.float32 --> <class 'numpy.float32'>
blk.10.ffn_up.weight, n_dims = 2, torch.float32 --> <class 'numpy.float16'>
blk.10.ffn_up.bias, n_dims = 1, torch.float32 --> <class 'numpy.float32'>
blk.10.ffn_down.weight, n_dims = 2, torch.float32 --> <class 'numpy.float16'>
blk.10.ffn_down.bias, n_dims = 1, torch.float32 --> <class 'numpy.float32'>
blk.10.layer_output_norm.weight, n_dims = 1, torch.float32 --> <class 'numpy.float32'>
blk.10.layer_output_norm.bias, n_dims = 1, torch.float32 --> <class 'numpy.float32'>
blk.11.attn_q.weight, n_dims = 2, torch.float32 --> <class 'numpy.float16'>
blk.11.attn_q.bias, n_dims = 1, torch.float32 --> <class 'numpy.float32'>
blk.11.attn_k.weight, n_dims = 2, torch.float32 --> <class 'numpy.float16'>
blk.11.attn_k.bias, n_dims = 1, torch.float32 --> <class 'numpy.float32'>
blk.11.attn_v.weight, n_dims = 2, torch.float32 --> <class 'numpy.float16'>
blk.11.attn_v.bias, n_dims = 1, torch.float32 --> <class 'numpy.float32'>
blk.11.attn_output.weight, n_dims = 2, torch.float32 --> <class 'numpy.float16'>
blk.11.attn_output.bias, n_dims = 1, torch.float32 --> <class 'numpy.float32'>
blk.11.attn_output_norm.weight, n_dims = 1, torch.float32 --> <class 'numpy.float32'>
blk.11.attn_output_norm.bias, n_dims = 1, torch.float32 --> <class 'numpy.float32'>
blk.11.ffn_up.weight, n_dims = 2, torch.float32 --> <class 'numpy.float16'>
blk.11.ffn_up.bias, n_dims = 1, torch.float32 --> <class 'numpy.float32'>
blk.11.ffn_down.weight, n_dims = 2, torch.float32 --> <class 'numpy.float16'>
blk.11.ffn_down.bias, n_dims = 1, torch.float32 --> <class 'numpy.float32'>
blk.11.layer_output_norm.weight, n_dims = 1, torch.float32 --> <class 'numpy.float32'>
blk.11.layer_output_norm.bias, n_dims = 1, torch.float32 --> <class 'numpy.float32'>
Model successfully exported to '../models-mnt/bge-small/ggml-model-f16.gguf'
+ model_f16=../models-mnt/bge-small/ggml-model-f16.gguf
+ model_q8_0=../models-mnt/bge-small/ggml-model-q8_0.gguf
+ ./bin/quantize ../models-mnt/bge-small/ggml-model-f16.gguf ../models-mnt/bge-small/ggml-model-q8_0.gguf q8_0
main: build = 2155 (a0f8a93b)
main: built with Apple clang version 15.0.0 (clang-1500.1.0.2.5) for arm64-apple-darwin23.2.0
main: quantizing '../models-mnt/bge-small/ggml-model-f16.gguf' to '../models-mnt/bge-small/ggml-model-q8_0.gguf' as Q8_0
llama_model_loader: loaded meta data with 19 key-value pairs and 197 tensors from ../models-mnt/bge-small/ggml-model-f16.gguf (version GGUF V3 (latest))
llama_model_loader: Dumping metadata keys/values. Note: KV overrides do not apply in this output.
llama_model_loader: - kv   0:                       general.architecture str              = bert
llama_model_loader: - kv   1:                               general.name str              = bge-small
llama_model_loader: - kv   2:                           bert.block_count u32              = 12
llama_model_loader: - kv   3:                        bert.context_length u32              = 512
llama_model_loader: - kv   4:                      bert.embedding_length u32              = 384
llama_model_loader: - kv   5:                   bert.feed_forward_length u32              = 1536
llama_model_loader: - kv   6:                  bert.attention.head_count u32              = 12
llama_model_loader: - kv   7:          bert.attention.layer_norm_epsilon f32              = 0.000000
llama_model_loader: - kv   8:                          general.file_type u32              = 1
llama_model_loader: - kv   9:                      bert.attention.causal bool             = false
llama_model_loader: - kv  10:                         bert.pooling_layer bool             = true
llama_model_loader: - kv  11:            tokenizer.ggml.token_type_count u32              = 2
llama_model_loader: - kv  12:                tokenizer.ggml.bos_token_id u32              = 101
llama_model_loader: - kv  13:                tokenizer.ggml.eos_token_id u32              = 102
llama_model_loader: - kv  14:                       tokenizer.ggml.model str              = bert
llama_model_loader: - kv  15:                      tokenizer.ggml.tokens arr[str,30522]   = ["[PAD]", "[unused0]", "[unused1]", "...
llama_model_loader: - kv  16:                      tokenizer.ggml.scores arr[f32,30522]   = [-1000.000000, -1000.000000, -1000.00...
llama_model_loader: - kv  17:                  tokenizer.ggml.token_type arr[i32,30522]   = [3, 1, 1, 1, 1, 1, 1, 1, 1, 1, 1, 1, ...
llama_model_loader: - kv  18:            tokenizer.ggml.padding_token_id u32              = 0
llama_model_loader: - type  f32:  123 tensors
llama_model_loader: - type  f16:   74 tensors
llama_model_quantize_internal ============ Strange model: n_attention_wv = 12, n_ffn_down = 24, hparams.n_layer = 12
llama_model_quantize_internal: meta size = 760800 bytes
[   1/ 197]                    token_embd.weight - [  384, 30522,     1,     1], type =    f16, quantizing to q8_0 .. size =    22.35 MiB ->    11.88 MiB | hist: 0.000 0.027 0.020 0.032 0.048 0.067 0.088 0.106 0.225 0.106 0.088 0.067 0.048 0.032 0.020 0.027 
[   2/ 197]                 position_embd.weight - [  384,   512,     1,     1], type =    f16, size =    0.375 MB
[   3/ 197]                   token_types.weight - [  384,     2,     1,     1], type =    f32, size =    0.003 MB
[   4/ 197]               token_embd_norm.weight - [  384,     1,     1,     1], type =    f32, size =    0.001 MB
[   5/ 197]                 token_embd_norm.bias - [  384,     1,     1,     1], type =    f32, size =    0.001 MB
[   6/ 197]                  blk.0.attn_q.weight - [  384,   384,     1,     1], type =    f16, quantizing to q8_0 .. size =     0.28 MiB ->     0.15 MiB | hist: 0.000 0.027 0.019 0.031 0.046 0.066 0.086 0.108 0.230 0.109 0.088 0.066 0.046 0.031 0.020 0.027 
[   7/ 197]                    blk.0.attn_q.bias - [  384,     1,     1,     1], type =    f32, size =    0.001 MB
[   8/ 197]                  blk.0.attn_k.weight - [  384,   384,     1,     1], type =    f16, quantizing to q8_0 .. size =     0.28 MiB ->     0.15 MiB | hist: 0.000 0.028 0.019 0.031 0.046 0.067 0.089 0.107 0.227 0.107 0.087 0.068 0.047 0.031 0.019 0.027 
[   9/ 197]                    blk.0.attn_k.bias - [  384,     1,     1,     1], type =    f32, size =    0.001 MB
[  10/ 197]                  blk.0.attn_v.weight - [  384,   384,     1,     1], type =    f16, quantizing to q8_0 .. size =     0.28 MiB ->     0.15 MiB | hist: 0.000 0.027 0.018 0.030 0.045 0.066 0.086 0.109 0.237 0.109 0.088 0.065 0.046 0.030 0.018 0.026 
[  11/ 197]                    blk.0.attn_v.bias - [  384,     1,     1,     1], type =    f32, size =    0.001 MB
[  12/ 197]             blk.0.attn_output.weight - [  384,   384,     1,     1], type =    f16, quantizing to q8_0 .. size =     0.28 MiB ->     0.15 MiB | hist: 0.000 0.027 0.019 0.032 0.048 0.066 0.089 0.106 0.228 0.107 0.088 0.066 0.047 0.031 0.019 0.028 
[  13/ 197]               blk.0.attn_output.bias - [  384,     1,     1,     1], type =    f32, size =    0.001 MB
[  14/ 197]        blk.0.attn_output_norm.weight - [  384,     1,     1,     1], type =    f32, size =    0.001 MB
[  15/ 197]          blk.0.attn_output_norm.bias - [  384,     1,     1,     1], type =    f32, size =    0.001 MB
[  16/ 197]                  blk.0.ffn_up.weight - [  384,  1536,     1,     1], type =    f16, quantizing to q8_0 .. size =     1.12 MiB ->     0.60 MiB | hist: 0.000 0.030 0.021 0.033 0.049 0.069 0.091 0.110 0.232 0.105 0.084 0.063 0.044 0.028 0.017 0.024 
[  17/ 197]                    blk.0.ffn_up.bias - [ 1536,     1,     1,     1], type =    f32, size =    0.006 MB
[  18/ 197]                blk.0.ffn_down.weight - [ 1536,   384,     1,     1], type =    f16, quantizing to q8_0 .. size =     1.12 MiB ->     0.60 MiB | hist: 0.000 0.025 0.016 0.026 0.041 0.061 0.087 0.114 0.259 0.115 0.087 0.061 0.041 0.026 0.016 0.025 
[  19/ 197]                  blk.0.ffn_down.bias - [  384,     1,     1,     1], type =    f32, size =    0.001 MB
[  20/ 197]       blk.0.layer_output_norm.weight - [  384,     1,     1,     1], type =    f32, size =    0.001 MB
[  21/ 197]         blk.0.layer_output_norm.bias - [  384,     1,     1,     1], type =    f32, size =    0.001 MB
[  22/ 197]                  blk.1.attn_q.weight - [  384,   384,     1,     1], type =    f16, quantizing to q8_0 .. size =     0.28 MiB ->     0.15 MiB | hist: 0.000 0.028 0.019 0.031 0.047 0.067 0.089 0.108 0.230 0.108 0.087 0.066 0.046 0.030 0.019 0.026 
[  23/ 197]                    blk.1.attn_q.bias - [  384,     1,     1,     1], type =    f32, size =    0.001 MB
[  24/ 197]                  blk.1.attn_k.weight - [  384,   384,     1,     1], type =    f16, quantizing to q8_0 .. size =     0.28 MiB ->     0.15 MiB | hist: 0.000 0.026 0.018 0.029 0.045 0.064 0.088 0.109 0.240 0.108 0.088 0.065 0.046 0.029 0.018 0.026 
[  25/ 197]                    blk.1.attn_k.bias - [  384,     1,     1,     1], type =    f32, size =    0.001 MB
[  26/ 197]                  blk.1.attn_v.weight - [  384,   384,     1,     1], type =    f16, quantizing to q8_0 .. size =     0.28 MiB ->     0.15 MiB | hist: 0.000 0.027 0.019 0.029 0.045 0.064 0.087 0.109 0.239 0.109 0.087 0.064 0.045 0.030 0.019 0.027 
[  27/ 197]                    blk.1.attn_v.bias - [  384,     1,     1,     1], type =    f32, size =    0.001 MB
[  28/ 197]             blk.1.attn_output.weight - [  384,   384,     1,     1], type =    f16, quantizing to q8_0 .. size =     0.28 MiB ->     0.15 MiB | hist: 0.000 0.027 0.020 0.031 0.047 0.066 0.090 0.107 0.226 0.106 0.089 0.066 0.047 0.031 0.020 0.027 
[  29/ 197]               blk.1.attn_output.bias - [  384,     1,     1,     1], type =    f32, size =    0.001 MB
[  30/ 197]        blk.1.attn_output_norm.weight - [  384,     1,     1,     1], type =    f32, size =    0.001 MB
[  31/ 197]          blk.1.attn_output_norm.bias - [  384,     1,     1,     1], type =    f32, size =    0.001 MB
[  32/ 197]                  blk.1.ffn_up.weight - [  384,  1536,     1,     1], type =    f16, quantizing to q8_0 .. size =     1.12 MiB ->     0.60 MiB | hist: 0.000 0.028 0.019 0.030 0.046 0.066 0.089 0.111 0.241 0.108 0.085 0.062 0.043 0.028 0.017 0.025 
[  33/ 197]                    blk.1.ffn_up.bias - [ 1536,     1,     1,     1], type =    f32, size =    0.006 MB
[  34/ 197]                blk.1.ffn_down.weight - [ 1536,   384,     1,     1], type =    f16, quantizing to q8_0 .. size =     1.12 MiB ->     0.60 MiB | hist: 0.000 0.025 0.016 0.025 0.039 0.059 0.085 0.116 0.269 0.115 0.086 0.060 0.040 0.025 0.015 0.025 
[  35/ 197]                  blk.1.ffn_down.bias - [  384,     1,     1,     1], type =    f32, size =    0.001 MB
[  36/ 197]       blk.1.layer_output_norm.weight - [  384,     1,     1,     1], type =    f32, size =    0.001 MB
[  37/ 197]         blk.1.layer_output_norm.bias - [  384,     1,     1,     1], type =    f32, size =    0.001 MB
[  38/ 197]                  blk.2.attn_q.weight - [  384,   384,     1,     1], type =    f16, quantizing to q8_0 .. size =     0.28 MiB ->     0.15 MiB | hist: 0.000 0.027 0.019 0.031 0.047 0.067 0.089 0.107 0.231 0.107 0.087 0.065 0.046 0.031 0.019 0.027 
[  39/ 197]                    blk.2.attn_q.bias - [  384,     1,     1,     1], type =    f32, size =    0.001 MB
[  40/ 197]                  blk.2.attn_k.weight - [  384,   384,     1,     1], type =    f16, quantizing to q8_0 .. size =     0.28 MiB ->     0.15 MiB | hist: 0.000 0.027 0.019 0.029 0.046 0.065 0.088 0.110 0.237 0.109 0.088 0.064 0.045 0.029 0.018 0.027 
[  41/ 197]                    blk.2.attn_k.bias - [  384,     1,     1,     1], type =    f32, size =    0.001 MB
[  42/ 197]                  blk.2.attn_v.weight - [  384,   384,     1,     1], type =    f16, quantizing to q8_0 .. size =     0.28 MiB ->     0.15 MiB | hist: 0.000 0.026 0.018 0.029 0.044 0.066 0.087 0.109 0.237 0.110 0.087 0.066 0.046 0.029 0.019 0.027 
[  43/ 197]                    blk.2.attn_v.bias - [  384,     1,     1,     1], type =    f32, size =    0.001 MB
[  44/ 197]             blk.2.attn_output.weight - [  384,   384,     1,     1], type =    f16, quantizing to q8_0 .. size =     0.28 MiB ->     0.15 MiB | hist: 0.000 0.028 0.021 0.032 0.048 0.066 0.087 0.107 0.224 0.104 0.089 0.067 0.049 0.032 0.020 0.027 
[  45/ 197]               blk.2.attn_output.bias - [  384,     1,     1,     1], type =    f32, size =    0.001 MB
[  46/ 197]        blk.2.attn_output_norm.weight - [  384,     1,     1,     1], type =    f32, size =    0.001 MB
[  47/ 197]          blk.2.attn_output_norm.bias - [  384,     1,     1,     1], type =    f32, size =    0.001 MB
[  48/ 197]                  blk.2.ffn_up.weight - [  384,  1536,     1,     1], type =    f16, quantizing to q8_0 .. size =     1.12 MiB ->     0.60 MiB | hist: 0.000 0.027 0.019 0.030 0.046 0.065 0.088 0.109 0.240 0.108 0.087 0.064 0.044 0.029 0.018 0.026 
[  49/ 197]                    blk.2.ffn_up.bias - [ 1536,     1,     1,     1], type =    f32, size =    0.006 MB
[  50/ 197]                blk.2.ffn_down.weight - [ 1536,   384,     1,     1], type =    f16, quantizing to q8_0 .. size =     1.12 MiB ->     0.60 MiB | hist: 0.000 0.025 0.015 0.025 0.039 0.058 0.085 0.116 0.273 0.116 0.086 0.059 0.039 0.024 0.016 0.025 
[  51/ 197]                  blk.2.ffn_down.bias - [  384,     1,     1,     1], type =    f32, size =    0.001 MB
[  52/ 197]       blk.2.layer_output_norm.weight - [  384,     1,     1,     1], type =    f32, size =    0.001 MB
[  53/ 197]         blk.2.layer_output_norm.bias - [  384,     1,     1,     1], type =    f32, size =    0.001 MB
[  54/ 197]                  blk.3.attn_q.weight - [  384,   384,     1,     1], type =    f16, quantizing to q8_0 .. size =     0.28 MiB ->     0.15 MiB | hist: 0.000 0.026 0.018 0.029 0.045 0.066 0.088 0.109 0.234 0.108 0.089 0.066 0.046 0.029 0.019 0.027 
[  55/ 197]                    blk.3.attn_q.bias - [  384,     1,     1,     1], type =    f32, size =    0.001 MB
[  56/ 197]                  blk.3.attn_k.weight - [  384,   384,     1,     1], type =    f16, quantizing to q8_0 .. size =     0.28 MiB ->     0.15 MiB | hist: 0.000 0.026 0.017 0.028 0.044 0.063 0.087 0.111 0.247 0.114 0.088 0.062 0.043 0.028 0.017 0.026 
[  57/ 197]                    blk.3.attn_k.bias - [  384,     1,     1,     1], type =    f32, size =    0.001 MB
[  58/ 197]                  blk.3.attn_v.weight - [  384,   384,     1,     1], type =    f16, quantizing to q8_0 .. size =     0.28 MiB ->     0.15 MiB | hist: 0.000 0.026 0.017 0.028 0.043 0.064 0.088 0.110 0.243 0.111 0.088 0.064 0.044 0.029 0.018 0.026 
[  59/ 197]                    blk.3.attn_v.bias - [  384,     1,     1,     1], type =    f32, size =    0.001 MB
[  60/ 197]             blk.3.attn_output.weight - [  384,   384,     1,     1], type =    f16, quantizing to q8_0 .. size =     0.28 MiB ->     0.15 MiB | hist: 0.000 0.028 0.020 0.032 0.047 0.068 0.087 0.106 0.225 0.106 0.088 0.068 0.046 0.031 0.020 0.027 
[  61/ 197]               blk.3.attn_output.bias - [  384,     1,     1,     1], type =    f32, size =    0.001 MB
[  62/ 197]        blk.3.attn_output_norm.weight - [  384,     1,     1,     1], type =    f32, size =    0.001 MB
[  63/ 197]          blk.3.attn_output_norm.bias - [  384,     1,     1,     1], type =    f32, size =    0.001 MB
[  64/ 197]                  blk.3.ffn_up.weight - [  384,  1536,     1,     1], type =    f16, quantizing to q8_0 .. size =     1.12 MiB ->     0.60 MiB | hist: 0.000 0.027 0.019 0.030 0.046 0.065 0.088 0.108 0.239 0.108 0.087 0.065 0.045 0.029 0.018 0.027 
[  65/ 197]                    blk.3.ffn_up.bias - [ 1536,     1,     1,     1], type =    f32, size =    0.006 MB
[  66/ 197]                blk.3.ffn_down.weight - [ 1536,   384,     1,     1], type =    f16, quantizing to q8_0 .. size =     1.12 MiB ->     0.60 MiB | hist: 0.000 0.025 0.015 0.025 0.039 0.059 0.086 0.115 0.269 0.115 0.086 0.060 0.040 0.025 0.015 0.025 
[  67/ 197]                  blk.3.ffn_down.bias - [  384,     1,     1,     1], type =    f32, size =    0.001 MB
[  68/ 197]       blk.3.layer_output_norm.weight - [  384,     1,     1,     1], type =    f32, size =    0.001 MB
[  69/ 197]         blk.3.layer_output_norm.bias - [  384,     1,     1,     1], type =    f32, size =    0.001 MB
[  70/ 197]                  blk.4.attn_q.weight - [  384,   384,     1,     1], type =    f16, quantizing to q8_0 .. size =     0.28 MiB ->     0.15 MiB | hist: 0.000 0.027 0.019 0.029 0.046 0.064 0.088 0.109 0.235 0.110 0.088 0.065 0.045 0.031 0.018 0.027 
[  71/ 197]                    blk.4.attn_q.bias - [  384,     1,     1,     1], type =    f32, size =    0.001 MB
[  72/ 197]                  blk.4.attn_k.weight - [  384,   384,     1,     1], type =    f16, quantizing to q8_0 .. size =     0.28 MiB ->     0.15 MiB | hist: 0.000 0.026 0.018 0.027 0.043 0.064 0.088 0.111 0.245 0.112 0.087 0.064 0.043 0.028 0.017 0.026 
[  73/ 197]                    blk.4.attn_k.bias - [  384,     1,     1,     1], type =    f32, size =    0.001 MB
[  74/ 197]                  blk.4.attn_v.weight - [  384,   384,     1,     1], type =    f16, quantizing to q8_0 .. size =     0.28 MiB ->     0.15 MiB | hist: 0.000 0.026 0.018 0.027 0.042 0.062 0.085 0.113 0.256 0.112 0.087 0.061 0.042 0.027 0.017 0.026 
[  75/ 197]                    blk.4.attn_v.bias - [  384,     1,     1,     1], type =    f32, size =    0.001 MB
[  76/ 197]             blk.4.attn_output.weight - [  384,   384,     1,     1], type =    f16, quantizing to q8_0 .. size =     0.28 MiB ->     0.15 MiB | hist: 0.000 0.028 0.019 0.031 0.048 0.067 0.089 0.105 0.226 0.107 0.088 0.066 0.047 0.032 0.020 0.027 
[  77/ 197]               blk.4.attn_output.bias - [  384,     1,     1,     1], type =    f32, size =    0.001 MB
[  78/ 197]        blk.4.attn_output_norm.weight - [  384,     1,     1,     1], type =    f32, size =    0.001 MB
[  79/ 197]          blk.4.attn_output_norm.bias - [  384,     1,     1,     1], type =    f32, size =    0.001 MB
[  80/ 197]                  blk.4.ffn_up.weight - [  384,  1536,     1,     1], type =    f16, quantizing to q8_0 .. size =     1.12 MiB ->     0.60 MiB | hist: 0.000 0.025 0.018 0.029 0.044 0.063 0.087 0.108 0.242 0.110 0.088 0.065 0.045 0.030 0.019 0.027 
[  81/ 197]                    blk.4.ffn_up.bias - [ 1536,     1,     1,     1], type =    f32, size =    0.006 MB
[  82/ 197]                blk.4.ffn_down.weight - [ 1536,   384,     1,     1], type =    f16, quantizing to q8_0 .. size =     1.12 MiB ->     0.60 MiB | hist: 0.000 0.025 0.015 0.024 0.038 0.059 0.085 0.116 0.275 0.116 0.086 0.059 0.038 0.024 0.015 0.025 
[  83/ 197]                  blk.4.ffn_down.bias - [  384,     1,     1,     1], type =    f32, size =    0.001 MB
[  84/ 197]       blk.4.layer_output_norm.weight - [  384,     1,     1,     1], type =    f32, size =    0.001 MB
[  85/ 197]         blk.4.layer_output_norm.bias - [  384,     1,     1,     1], type =    f32, size =    0.001 MB
[  86/ 197]                  blk.5.attn_q.weight - [  384,   384,     1,     1], type =    f16, quantizing to q8_0 .. size =     0.28 MiB ->     0.15 MiB | hist: 0.000 0.027 0.019 0.030 0.046 0.066 0.089 0.107 0.233 0.107 0.087 0.066 0.046 0.030 0.019 0.027 
[  87/ 197]                    blk.5.attn_q.bias - [  384,     1,     1,     1], type =    f32, size =    0.001 MB
[  88/ 197]                  blk.5.attn_k.weight - [  384,   384,     1,     1], type =    f16, quantizing to q8_0 .. size =     0.28 MiB ->     0.15 MiB | hist: 0.000 0.026 0.019 0.029 0.044 0.064 0.088 0.111 0.240 0.110 0.087 0.064 0.045 0.029 0.018 0.026 
[  89/ 197]                    blk.5.attn_k.bias - [  384,     1,     1,     1], type =    f32, size =    0.001 MB
[  90/ 197]                  blk.5.attn_v.weight - [  384,   384,     1,     1], type =    f16, quantizing to q8_0 .. size =     0.28 MiB ->     0.15 MiB | hist: 0.000 0.026 0.017 0.027 0.040 0.061 0.085 0.112 0.262 0.114 0.086 0.061 0.042 0.027 0.016 0.026 
[  91/ 197]                    blk.5.attn_v.bias - [  384,     1,     1,     1], type =    f32, size =    0.001 MB
[  92/ 197]             blk.5.attn_output.weight - [  384,   384,     1,     1], type =    f16, quantizing to q8_0 .. size =     0.28 MiB ->     0.15 MiB | hist: 0.000 0.028 0.020 0.032 0.048 0.067 0.086 0.105 0.225 0.105 0.089 0.067 0.048 0.032 0.020 0.027 
[  93/ 197]               blk.5.attn_output.bias - [  384,     1,     1,     1], type =    f32, size =    0.001 MB
[  94/ 197]        blk.5.attn_output_norm.weight - [  384,     1,     1,     1], type =    f32, size =    0.001 MB
[  95/ 197]          blk.5.attn_output_norm.bias - [  384,     1,     1,     1], type =    f32, size =    0.001 MB
[  96/ 197]                  blk.5.ffn_up.weight - [  384,  1536,     1,     1], type =    f16, quantizing to q8_0 .. size =     1.12 MiB ->     0.60 MiB | hist: 0.000 0.025 0.017 0.028 0.042 0.062 0.086 0.109 0.243 0.111 0.089 0.065 0.046 0.030 0.019 0.028 
[  97/ 197]                    blk.5.ffn_up.bias - [ 1536,     1,     1,     1], type =    f32, size =    0.006 MB
[  98/ 197]                blk.5.ffn_down.weight - [ 1536,   384,     1,     1], type =    f16, quantizing to q8_0 .. size =     1.12 MiB ->     0.60 MiB | hist: 0.000 0.025 0.015 0.025 0.040 0.060 0.087 0.115 0.267 0.116 0.086 0.060 0.040 0.025 0.015 0.025 
[  99/ 197]                  blk.5.ffn_down.bias - [  384,     1,     1,     1], type =    f32, size =    0.001 MB
[ 100/ 197]       blk.5.layer_output_norm.weight - [  384,     1,     1,     1], type =    f32, size =    0.001 MB
[ 101/ 197]         blk.5.layer_output_norm.bias - [  384,     1,     1,     1], type =    f32, size =    0.001 MB
[ 102/ 197]                  blk.6.attn_q.weight - [  384,   384,     1,     1], type =    f16, quantizing to q8_0 .. size =     0.28 MiB ->     0.15 MiB | hist: 0.000 0.026 0.019 0.030 0.046 0.067 0.088 0.106 0.236 0.108 0.087 0.066 0.046 0.030 0.018 0.028 
[ 103/ 197]                    blk.6.attn_q.bias - [  384,     1,     1,     1], type =    f32, size =    0.001 MB
[ 104/ 197]                  blk.6.attn_k.weight - [  384,   384,     1,     1], type =    f16, quantizing to q8_0 .. size =     0.28 MiB ->     0.15 MiB | hist: 0.000 0.027 0.017 0.029 0.044 0.064 0.088 0.110 0.244 0.112 0.087 0.064 0.045 0.028 0.018 0.026 
[ 105/ 197]                    blk.6.attn_k.bias - [  384,     1,     1,     1], type =    f32, size =    0.001 MB
[ 106/ 197]                  blk.6.attn_v.weight - [  384,   384,     1,     1], type =    f16, quantizing to q8_0 .. size =     0.28 MiB ->     0.15 MiB | hist: 0.000 0.026 0.016 0.026 0.040 0.059 0.085 0.115 0.267 0.114 0.085 0.060 0.041 0.025 0.016 0.025 
[ 107/ 197]                    blk.6.attn_v.bias - [  384,     1,     1,     1], type =    f32, size =    0.001 MB
[ 108/ 197]             blk.6.attn_output.weight - [  384,   384,     1,     1], type =    f16, quantizing to q8_0 .. size =     0.28 MiB ->     0.15 MiB | hist: 0.000 0.027 0.020 0.032 0.047 0.067 0.088 0.105 0.226 0.106 0.088 0.067 0.048 0.032 0.020 0.027 
[ 109/ 197]               blk.6.attn_output.bias - [  384,     1,     1,     1], type =    f32, size =    0.001 MB
[ 110/ 197]        blk.6.attn_output_norm.weight - [  384,     1,     1,     1], type =    f32, size =    0.001 MB
[ 111/ 197]          blk.6.attn_output_norm.bias - [  384,     1,     1,     1], type =    f32, size =    0.001 MB
[ 112/ 197]                  blk.6.ffn_up.weight - [  384,  1536,     1,     1], type =    f16, quantizing to q8_0 .. size =     1.12 MiB ->     0.60 MiB | hist: 0.000 0.026 0.018 0.028 0.044 0.064 0.087 0.110 0.240 0.110 0.088 0.065 0.045 0.029 0.019 0.027 
[ 113/ 197]                    blk.6.ffn_up.bias - [ 1536,     1,     1,     1], type =    f32, size =    0.006 MB
[ 114/ 197]                blk.6.ffn_down.weight - [ 1536,   384,     1,     1], type =    f16, quantizing to q8_0 .. size =     1.12 MiB ->     0.60 MiB | hist: 0.000 0.026 0.017 0.027 0.042 0.062 0.086 0.113 0.255 0.113 0.087 0.062 0.042 0.027 0.017 0.026 
[ 115/ 197]                  blk.6.ffn_down.bias - [  384,     1,     1,     1], type =    f32, size =    0.001 MB
[ 116/ 197]       blk.6.layer_output_norm.weight - [  384,     1,     1,     1], type =    f32, size =    0.001 MB
[ 117/ 197]         blk.6.layer_output_norm.bias - [  384,     1,     1,     1], type =    f32, size =    0.001 MB
[ 118/ 197]                  blk.7.attn_q.weight - [  384,   384,     1,     1], type =    f16, quantizing to q8_0 .. size =     0.28 MiB ->     0.15 MiB | hist: 0.000 0.026 0.018 0.029 0.047 0.064 0.088 0.110 0.235 0.109 0.089 0.065 0.045 0.029 0.018 0.027 
[ 119/ 197]                    blk.7.attn_q.bias - [  384,     1,     1,     1], type =    f32, size =    0.001 MB
[ 120/ 197]                  blk.7.attn_k.weight - [  384,   384,     1,     1], type =    f16, quantizing to q8_0 .. size =     0.28 MiB ->     0.15 MiB | hist: 0.000 0.027 0.019 0.030 0.046 0.065 0.086 0.107 0.236 0.111 0.088 0.065 0.045 0.029 0.019 0.027 
[ 121/ 197]                    blk.7.attn_k.bias - [  384,     1,     1,     1], type =    f32, size =    0.001 MB
[ 122/ 197]                  blk.7.attn_v.weight - [  384,   384,     1,     1], type =    f16, quantizing to q8_0 .. size =     0.28 MiB ->     0.15 MiB | hist: 0.000 0.026 0.016 0.026 0.041 0.060 0.086 0.113 0.263 0.113 0.086 0.061 0.041 0.027 0.017 0.025 
[ 123/ 197]                    blk.7.attn_v.bias - [  384,     1,     1,     1], type =    f32, size =    0.001 MB
[ 124/ 197]             blk.7.attn_output.weight - [  384,   384,     1,     1], type =    f16, quantizing to q8_0 .. size =     0.28 MiB ->     0.15 MiB | hist: 0.000 0.027 0.021 0.031 0.047 0.067 0.088 0.105 0.227 0.106 0.088 0.067 0.048 0.031 0.020 0.027 
[ 125/ 197]               blk.7.attn_output.bias - [  384,     1,     1,     1], type =    f32, size =    0.001 MB
[ 126/ 197]        blk.7.attn_output_norm.weight - [  384,     1,     1,     1], type =    f32, size =    0.001 MB
[ 127/ 197]          blk.7.attn_output_norm.bias - [  384,     1,     1,     1], type =    f32, size =    0.001 MB
[ 128/ 197]                  blk.7.ffn_up.weight - [  384,  1536,     1,     1], type =    f16, quantizing to q8_0 .. size =     1.12 MiB ->     0.60 MiB | hist: 0.000 0.026 0.018 0.029 0.044 0.064 0.088 0.110 0.242 0.109 0.088 0.064 0.045 0.029 0.018 0.027 
[ 129/ 197]                    blk.7.ffn_up.bias - [ 1536,     1,     1,     1], type =    f32, size =    0.006 MB
[ 130/ 197]                blk.7.ffn_down.weight - [ 1536,   384,     1,     1], type =    f16, quantizing to q8_0 .. size =     1.12 MiB ->     0.60 MiB | hist: 0.000 0.026 0.016 0.027 0.041 0.062 0.087 0.113 0.256 0.113 0.087 0.062 0.042 0.027 0.016 0.025 
[ 131/ 197]                  blk.7.ffn_down.bias - [  384,     1,     1,     1], type =    f32, size =    0.001 MB
[ 132/ 197]       blk.7.layer_output_norm.weight - [  384,     1,     1,     1], type =    f32, size =    0.001 MB
[ 133/ 197]         blk.7.layer_output_norm.bias - [  384,     1,     1,     1], type =    f32, size =    0.001 MB
[ 134/ 197]                  blk.8.attn_q.weight - [  384,   384,     1,     1], type =    f16, quantizing to q8_0 .. size =     0.28 MiB ->     0.15 MiB | hist: 0.000 0.027 0.018 0.028 0.044 0.065 0.088 0.112 0.239 0.111 0.087 0.065 0.044 0.028 0.018 0.026 
[ 135/ 197]                    blk.8.attn_q.bias - [  384,     1,     1,     1], type =    f32, size =    0.001 MB
[ 136/ 197]                  blk.8.attn_k.weight - [  384,   384,     1,     1], type =    f16, quantizing to q8_0 .. size =     0.28 MiB ->     0.15 MiB | hist: 0.000 0.026 0.017 0.028 0.043 0.062 0.089 0.113 0.247 0.113 0.087 0.063 0.042 0.027 0.017 0.026 
[ 137/ 197]                    blk.8.attn_k.bias - [  384,     1,     1,     1], type =    f32, size =    0.001 MB
[ 138/ 197]                  blk.8.attn_v.weight - [  384,   384,     1,     1], type =    f16, quantizing to q8_0 .. size =     0.28 MiB ->     0.15 MiB | hist: 0.000 0.026 0.016 0.026 0.041 0.059 0.086 0.113 0.265 0.113 0.086 0.061 0.041 0.026 0.016 0.026 
[ 139/ 197]                    blk.8.attn_v.bias - [  384,     1,     1,     1], type =    f32, size =    0.001 MB
[ 140/ 197]             blk.8.attn_output.weight - [  384,   384,     1,     1], type =    f16, quantizing to q8_0 .. size =     0.28 MiB ->     0.15 MiB | hist: 0.000 0.028 0.020 0.032 0.048 0.067 0.089 0.104 0.225 0.105 0.087 0.067 0.049 0.032 0.020 0.027 
[ 141/ 197]               blk.8.attn_output.bias - [  384,     1,     1,     1], type =    f32, size =    0.001 MB
[ 142/ 197]        blk.8.attn_output_norm.weight - [  384,     1,     1,     1], type =    f32, size =    0.001 MB
[ 143/ 197]          blk.8.attn_output_norm.bias - [  384,     1,     1,     1], type =    f32, size =    0.001 MB
[ 144/ 197]                  blk.8.ffn_up.weight - [  384,  1536,     1,     1], type =    f16, quantizing to q8_0 .. size =     1.12 MiB ->     0.60 MiB | hist: 0.000 0.028 0.019 0.030 0.046 0.066 0.088 0.109 0.238 0.109 0.087 0.064 0.044 0.029 0.018 0.025 
[ 145/ 197]                    blk.8.ffn_up.bias - [ 1536,     1,     1,     1], type =    f32, size =    0.006 MB
[ 146/ 197]                blk.8.ffn_down.weight - [ 1536,   384,     1,     1], type =    f16, quantizing to q8_0 .. size =     1.12 MiB ->     0.60 MiB | hist: 0.000 0.025 0.017 0.027 0.042 0.062 0.087 0.112 0.253 0.113 0.087 0.063 0.042 0.027 0.017 0.025 
[ 147/ 197]                  blk.8.ffn_down.bias - [  384,     1,     1,     1], type =    f32, size =    0.001 MB
[ 148/ 197]       blk.8.layer_output_norm.weight - [  384,     1,     1,     1], type =    f32, size =    0.001 MB
[ 149/ 197]         blk.8.layer_output_norm.bias - [  384,     1,     1,     1], type =    f32, size =    0.001 MB
[ 150/ 197]                  blk.9.attn_q.weight - [  384,   384,     1,     1], type =    f16, quantizing to q8_0 .. size =     0.28 MiB ->     0.15 MiB | hist: 0.000 0.026 0.019 0.030 0.044 0.065 0.088 0.108 0.236 0.109 0.087 0.066 0.047 0.030 0.019 0.027 
[ 151/ 197]                    blk.9.attn_q.bias - [  384,     1,     1,     1], type =    f32, size =    0.001 MB
[ 152/ 197]                  blk.9.attn_k.weight - [  384,   384,     1,     1], type =    f16, quantizing to q8_0 .. size =     0.28 MiB ->     0.15 MiB | hist: 0.000 0.026 0.019 0.029 0.044 0.065 0.088 0.109 0.237 0.111 0.087 0.065 0.045 0.029 0.019 0.026 
[ 153/ 197]                    blk.9.attn_k.bias - [  384,     1,     1,     1], type =    f32, size =    0.001 MB
[ 154/ 197]                  blk.9.attn_v.weight - [  384,   384,     1,     1], type =    f16, quantizing to q8_0 .. size =     0.28 MiB ->     0.15 MiB | hist: 0.000 0.026 0.018 0.029 0.044 0.064 0.086 0.110 0.242 0.110 0.087 0.064 0.045 0.029 0.017 0.027 
[ 155/ 197]                    blk.9.attn_v.bias - [  384,     1,     1,     1], type =    f32, size =    0.001 MB
[ 156/ 197]             blk.9.attn_output.weight - [  384,   384,     1,     1], type =    f16, quantizing to q8_0 .. size =     0.28 MiB ->     0.15 MiB | hist: 0.000 0.027 0.021 0.031 0.047 0.067 0.088 0.106 0.225 0.106 0.088 0.067 0.048 0.031 0.020 0.028 
[ 157/ 197]               blk.9.attn_output.bias - [  384,     1,     1,     1], type =    f32, size =    0.001 MB
[ 158/ 197]        blk.9.attn_output_norm.weight - [  384,     1,     1,     1], type =    f32, size =    0.001 MB
[ 159/ 197]          blk.9.attn_output_norm.bias - [  384,     1,     1,     1], type =    f32, size =    0.001 MB
[ 160/ 197]                  blk.9.ffn_up.weight - [  384,  1536,     1,     1], type =    f16, quantizing to q8_0 .. size =     1.12 MiB ->     0.60 MiB | hist: 0.000 0.026 0.019 0.030 0.045 0.065 0.087 0.108 0.234 0.110 0.088 0.066 0.046 0.030 0.019 0.027 
[ 161/ 197]                    blk.9.ffn_up.bias - [ 1536,     1,     1,     1], type =    f32, size =    0.006 MB
[ 162/ 197]                blk.9.ffn_down.weight - [ 1536,   384,     1,     1], type =    f16, quantizing to q8_0 .. size =     1.12 MiB ->     0.60 MiB | hist: 0.000 0.026 0.017 0.028 0.044 0.064 0.088 0.111 0.245 0.112 0.087 0.064 0.043 0.028 0.017 0.026 
[ 163/ 197]                  blk.9.ffn_down.bias - [  384,     1,     1,     1], type =    f32, size =    0.001 MB
[ 164/ 197]       blk.9.layer_output_norm.weight - [  384,     1,     1,     1], type =    f32, size =    0.001 MB
[ 165/ 197]         blk.9.layer_output_norm.bias - [  384,     1,     1,     1], type =    f32, size =    0.001 MB
[ 166/ 197]                 blk.10.attn_q.weight - [  384,   384,     1,     1], type =    f16, quantizing to q8_0 .. size =     0.28 MiB ->     0.15 MiB | hist: 0.000 0.026 0.019 0.029 0.045 0.065 0.088 0.109 0.233 0.111 0.088 0.065 0.047 0.031 0.019 0.027 
[ 167/ 197]                   blk.10.attn_q.bias - [  384,     1,     1,     1], type =    f32, size =    0.001 MB
[ 168/ 197]                 blk.10.attn_k.weight - [  384,   384,     1,     1], type =    f16, quantizing to q8_0 .. size =     0.28 MiB ->     0.15 MiB | hist: 0.000 0.026 0.019 0.030 0.046 0.066 0.086 0.108 0.233 0.109 0.088 0.066 0.046 0.030 0.019 0.027 
[ 169/ 197]                   blk.10.attn_k.bias - [  384,     1,     1,     1], type =    f32, size =    0.001 MB
[ 170/ 197]                 blk.10.attn_v.weight - [  384,   384,     1,     1], type =    f16, quantizing to q8_0 .. size =     0.28 MiB ->     0.15 MiB | hist: 0.000 0.026 0.018 0.030 0.045 0.065 0.087 0.109 0.244 0.107 0.086 0.064 0.044 0.029 0.019 0.027 
[ 171/ 197]                   blk.10.attn_v.bias - [  384,     1,     1,     1], type =    f32, size =    0.001 MB
[ 172/ 197]            blk.10.attn_output.weight - [  384,   384,     1,     1], type =    f16, quantizing to q8_0 .. size =     0.28 MiB ->     0.15 MiB | hist: 0.000 0.027 0.020 0.031 0.048 0.068 0.088 0.107 0.223 0.105 0.089 0.068 0.047 0.032 0.020 0.027 
[ 173/ 197]              blk.10.attn_output.bias - [  384,     1,     1,     1], type =    f32, size =    0.001 MB
[ 174/ 197]       blk.10.attn_output_norm.weight - [  384,     1,     1,     1], type =    f32, size =    0.001 MB
[ 175/ 197]         blk.10.attn_output_norm.bias - [  384,     1,     1,     1], type =    f32, size =    0.001 MB
[ 176/ 197]                 blk.10.ffn_up.weight - [  384,  1536,     1,     1], type =    f16, quantizing to q8_0 .. size =     1.12 MiB ->     0.60 MiB | hist: 0.000 0.027 0.020 0.031 0.047 0.067 0.088 0.107 0.228 0.107 0.088 0.066 0.047 0.031 0.019 0.027 
[ 177/ 197]                   blk.10.ffn_up.bias - [ 1536,     1,     1,     1], type =    f32, size =    0.006 MB
[ 178/ 197]               blk.10.ffn_down.weight - [ 1536,   384,     1,     1], type =    f16, quantizing to q8_0 .. size =     1.12 MiB ->     0.60 MiB | hist: 0.000 0.025 0.015 0.025 0.039 0.060 0.086 0.117 0.267 0.117 0.087 0.060 0.039 0.024 0.015 0.025 
[ 179/ 197]                 blk.10.ffn_down.bias - [  384,     1,     1,     1], type =    f32, size =    0.001 MB
[ 180/ 197]      blk.10.layer_output_norm.weight - [  384,     1,     1,     1], type =    f32, size =    0.001 MB
[ 181/ 197]        blk.10.layer_output_norm.bias - [  384,     1,     1,     1], type =    f32, size =    0.001 MB
[ 182/ 197]                 blk.11.attn_q.weight - [  384,   384,     1,     1], type =    f16, quantizing to q8_0 .. size =     0.28 MiB ->     0.15 MiB | hist: 0.000 0.026 0.018 0.029 0.047 0.066 0.089 0.108 0.233 0.108 0.089 0.065 0.046 0.030 0.018 0.027 
[ 183/ 197]                   blk.11.attn_q.bias - [  384,     1,     1,     1], type =    f32, size =    0.001 MB
[ 184/ 197]                 blk.11.attn_k.weight - [  384,   384,     1,     1], type =    f16, quantizing to q8_0 .. size =     0.28 MiB ->     0.15 MiB | hist: 0.000 0.026 0.018 0.030 0.046 0.066 0.088 0.109 0.233 0.109 0.087 0.066 0.045 0.031 0.019 0.026 
[ 185/ 197]                   blk.11.attn_k.bias - [  384,     1,     1,     1], type =    f32, size =    0.001 MB
[ 186/ 197]                 blk.11.attn_v.weight - [  384,   384,     1,     1], type =    f16, quantizing to q8_0 .. size =     0.28 MiB ->     0.15 MiB | hist: 0.000 0.025 0.017 0.028 0.043 0.064 0.088 0.111 0.245 0.110 0.087 0.064 0.044 0.027 0.018 0.027 
[ 187/ 197]                   blk.11.attn_v.bias - [  384,     1,     1,     1], type =    f32, size =    0.001 MB
[ 188/ 197]            blk.11.attn_output.weight - [  384,   384,     1,     1], type =    f16, quantizing to q8_0 .. size =     0.28 MiB ->     0.15 MiB | hist: 0.000 0.027 0.020 0.032 0.048 0.068 0.088 0.105 0.225 0.106 0.086 0.067 0.048 0.032 0.020 0.028 
[ 189/ 197]              blk.11.attn_output.bias - [  384,     1,     1,     1], type =    f32, size =    0.001 MB
[ 190/ 197]       blk.11.attn_output_norm.weight - [  384,     1,     1,     1], type =    f32, size =    0.001 MB
[ 191/ 197]         blk.11.attn_output_norm.bias - [  384,     1,     1,     1], type =    f32, size =    0.001 MB
[ 192/ 197]                 blk.11.ffn_up.weight - [  384,  1536,     1,     1], type =    f16, quantizing to q8_0 .. size =     1.12 MiB ->     0.60 MiB | hist: 0.000 0.025 0.016 0.026 0.041 0.061 0.085 0.112 0.257 0.115 0.088 0.063 0.043 0.027 0.017 0.026 
[ 193/ 197]                   blk.11.ffn_up.bias - [ 1536,     1,     1,     1], type =    f32, size =    0.006 MB
[ 194/ 197]               blk.11.ffn_down.weight - [ 1536,   384,     1,     1], type =    f16, quantizing to q8_0 .. size =     1.12 MiB ->     0.60 MiB | hist: 0.000 0.021 0.009 0.014 0.023 0.038 0.064 0.117 0.415 0.120 0.067 0.040 0.025 0.016 0.009 0.022 
[ 195/ 197]                 blk.11.ffn_down.bias - [  384,     1,     1,     1], type =    f32, size =    0.001 MB
[ 196/ 197]      blk.11.layer_output_norm.weight - [  384,     1,     1,     1], type =    f32, size =    0.001 MB
[ 197/ 197]        blk.11.layer_output_norm.bias - [  384,     1,     1,     1], type =    f32, size =    0.001 MB
llama_model_quantize_internal: model size  =    63.46 MB
llama_model_quantize_internal: quant size  =    34.00 MB
llama_model_quantize_internal: hist: 0.000 0.026 0.018 0.029 0.045 0.064 0.087 0.109 0.241 0.109 0.087 0.064 0.045 0.029 0.018 0.026 

main: quantize time =   101.84 ms
main:    total time =   101.84 ms
+ tee -a /Users/ggml/results/llama.cpp/a0/f8a93bf126b713ca02193ae67e336843d79910/ggml-100-m1/embd_bge_small-tg-f16.log
+ ./bin/embedding --model ../models-mnt/bge-small/ggml-model-f16.gguf -p 'I believe the meaning of life is'
main: build = 2155 (a0f8a93b)
main: built with Apple clang version 15.0.0 (clang-1500.1.0.2.5) for arm64-apple-darwin23.2.0
main: seed  = 1707928454
llama_model_loader: loaded meta data with 19 key-value pairs and 197 tensors from ../models-mnt/bge-small/ggml-model-f16.gguf (version GGUF V3 (latest))
llama_model_loader: Dumping metadata keys/values. Note: KV overrides do not apply in this output.
llama_model_loader: - kv   0:                       general.architecture str              = bert
llama_model_loader: - kv   1:                               general.name str              = bge-small
llama_model_loader: - kv   2:                           bert.block_count u32              = 12
llama_model_loader: - kv   3:                        bert.context_length u32              = 512
llama_model_loader: - kv   4:                      bert.embedding_length u32              = 384
llama_model_loader: - kv   5:                   bert.feed_forward_length u32              = 1536
llama_model_loader: - kv   6:                  bert.attention.head_count u32              = 12
llama_model_loader: - kv   7:          bert.attention.layer_norm_epsilon f32              = 0.000000
llama_model_loader: - kv   8:                          general.file_type u32              = 1
llama_model_loader: - kv   9:                      bert.attention.causal bool             = false
llama_model_loader: - kv  10:                         bert.pooling_layer bool             = true
llama_model_loader: - kv  11:            tokenizer.ggml.token_type_count u32              = 2
llama_model_loader: - kv  12:                tokenizer.ggml.bos_token_id u32              = 101
llama_model_loader: - kv  13:                tokenizer.ggml.eos_token_id u32              = 102
llama_model_loader: - kv  14:                       tokenizer.ggml.model str              = bert
llama_model_loader: - kv  15:                      tokenizer.ggml.tokens arr[str,30522]   = ["[PAD]", "[unused0]", "[unused1]", "...
llama_model_loader: - kv  16:                      tokenizer.ggml.scores arr[f32,30522]   = [-1000.000000, -1000.000000, -1000.00...
llama_model_loader: - kv  17:                  tokenizer.ggml.token_type arr[i32,30522]   = [3, 1, 1, 1, 1, 1, 1, 1, 1, 1, 1, 1, ...
llama_model_loader: - kv  18:            tokenizer.ggml.padding_token_id u32              = 0
llama_model_loader: - type  f32:  123 tensors
llama_model_loader: - type  f16:   74 tensors
llm_load_vocab: mismatch in special tokens definition ( 7104/30522 vs 5/30522 ).
llm_load_print_meta: format           = GGUF V3 (latest)
llm_load_print_meta: arch             = bert
llm_load_print_meta: vocab type       = WPM
llm_load_print_meta: n_vocab          = 30522
llm_load_print_meta: n_merges         = 0
llm_load_print_meta: n_ctx_train      = 512
llm_load_print_meta: n_embd           = 384
llm_load_print_meta: n_head           = 12
llm_load_print_meta: n_head_kv        = 12
llm_load_print_meta: n_layer          = 12
llm_load_print_meta: n_rot            = 32
llm_load_print_meta: n_embd_head_k    = 32
llm_load_print_meta: n_embd_head_v    = 32
llm_load_print_meta: n_gqa            = 1
llm_load_print_meta: n_embd_k_gqa     = 384
llm_load_print_meta: n_embd_v_gqa     = 384
llm_load_print_meta: f_norm_eps       = 1.0e-12
llm_load_print_meta: f_norm_rms_eps   = 0.0e+00
llm_load_print_meta: f_clamp_kqv      = 0.0e+00
llm_load_print_meta: f_max_alibi_bias = 0.0e+00
llm_load_print_meta: n_ff             = 1536
llm_load_print_meta: n_expert         = 0
llm_load_print_meta: n_expert_used    = 0
llm_load_print_meta: rope scaling     = linear
llm_load_print_meta: freq_base_train  = 10000.0
llm_load_print_meta: freq_scale_train = 1
llm_load_print_meta: n_yarn_orig_ctx  = 512
llm_load_print_meta: rope_finetuned   = unknown
llm_load_print_meta: model type       = 33M
llm_load_print_meta: model ftype      = F16
llm_load_print_meta: model params     = 33.21 M
llm_load_print_meta: model size       = 63.46 MiB (16.03 BPW) 
llm_load_print_meta: general.name     = bge-small
llm_load_print_meta: BOS token        = 101 '[CLS]'
llm_load_print_meta: EOS token        = 102 '[SEP]'
llm_load_print_meta: UNK token        = 100 '[UNK]'
llm_load_print_meta: PAD token        = 0 '[PAD]'
llm_load_tensors: ggml ctx size =    0.15 MiB
ggml_backend_metal_buffer_from_ptr: allocated buffer, size =    40.75 MiB, (   40.81 /  5461.34)
llm_load_tensors: offloading 12 repeating layers to GPU
llm_load_tensors: offloading non-repeating layers to GPU
llm_load_tensors: offloaded 13/13 layers to GPU
llm_load_tensors:        CPU buffer size =    22.73 MiB
llm_load_tensors:      Metal buffer size =    40.74 MiB
.................................................
llama_new_context_with_model: n_ctx      = 512
llama_new_context_with_model: freq_base  = 10000.0
llama_new_context_with_model: freq_scale = 1
ggml_metal_init: allocating
ggml_metal_init: found device: Apple M1
ggml_metal_init: picking default device: Apple M1
ggml_metal_init: loading '/Users/ggml/work/llama.cpp/build-ci-release/bin/default.metallib'
ggml_metal_init: GPU name:   Apple M1
ggml_metal_init: GPU family: MTLGPUFamilyApple7  (1007)
ggml_metal_init: GPU family: MTLGPUFamilyCommon3 (3003)
ggml_metal_init: GPU family: MTLGPUFamilyMetal3  (5001)
ggml_metal_init: simdgroup reduction support   = true
ggml_metal_init: simdgroup matrix mul. support = true
ggml_metal_init: hasUnifiedMemory              = true
ggml_metal_init: recommendedMaxWorkingSetSize  =  5726.63 MB
ggml_backend_metal_buffer_type_alloc_buffer: allocated buffer, size =     9.00 MiB, (   51.38 /  5461.34)
llama_kv_cache_init:      Metal KV buffer size =     9.00 MiB
llama_new_context_with_model: KV self size  =    9.00 MiB, K (f16):    4.50 MiB, V (f16):    4.50 MiB
llama_new_context_with_model:        CPU input buffer size   =     2.76 MiB
ggml_backend_metal_buffer_type_alloc_buffer: allocated buffer, size =    15.52 MiB, (   66.89 /  5461.34)
llama_new_context_with_model:      Metal compute buffer size =    15.50 MiB
llama_new_context_with_model:        CPU compute buffer size =     1.50 MiB
llama_new_context_with_model: graph splits (measure): 2

system_info: n_threads = 4 / 8 | AVX = 0 | AVX_VNNI = 0 | AVX2 = 0 | AVX512 = 0 | AVX512_VBMI = 0 | AVX512_VNNI = 0 | FMA = 0 | NEON = 1 | ARM_FMA = 1 | F16C = 0 | FP16_VA = 1 | WASM_SIMD = 0 | BLAS = 1 | SSE3 = 0 | SSSE3 = 0 | VSX = 0 | MATMUL_INT8 = 0 | 
batch_decode: n_tokens = 9, n_seq = 1
embedding 0: -0.059147 -0.023930 0.003905 -0.006856 0.001025 -0.026377 0.154716 0.037281 0.097376 -0.011119 0.010635 -0.075227 0.005498 0.020424 0.015955 0.012217 -0.015477 0.008840 -0.100559 -0.006809 0.117382 -0.031592 -0.065958 -0.028307 0.035668 0.078777 0.037161 -0.013354 0.039883 -0.058789 -0.041065 -0.028529 0.106094 -0.025601 -0.016315 0.058941 -0.049956 0.022582 -0.044822 0.049907 0.035710 -0.001255 0.024817 0.043704 0.007140 -0.013296 -0.024610 0.007481 -0.030466 -0.057397 -0.040151 0.035435 -0.043161 0.044256 -0.062194 0.040473 0.029128 0.048719 0.082613 -0.055038 0.092595 0.044662 -0.204038 0.073179 0.042954 -0.069402 -0.056612 -0.015864 0.018407 -0.008956 0.020023 -0.026742 0.065444 0.110184 0.035098 -0.075472 0.026803 -0.083486 -0.032375 -0.009860 0.046168 0.009541 -0.009544 -0.045330 -0.067759 0.056074 0.005018 -0.057749 0.058570 0.035303 -0.035973 -0.032180 -0.055026 0.041447 0.019804 -0.020135 -0.033145 0.034197 0.033407 0.105115 -0.059118 0.043505 0.025426 -0.044782 -0.049720 0.007812 -0.031821 -0.055187 -0.018146 -0.024653 -0.002020 -0.001159 -0.006145 0.017319 -0.010362 0.046341 0.054095 -0.005167 0.048930 -0.059978 -0.035033 0.020474 0.043710 -0.034045 -0.055479 -0.083639 0.126730 0.029354 0.015548 -0.015347 0.075837 -0.039056 0.010612 -0.049483 -0.017135 0.044043 0.030496 0.039942 0.004879 -0.010618 0.001413 -0.093166 -0.063555 -0.044471 -0.053469 -0.012385 0.010552 0.017179 0.033083 0.060039 -0.038270 0.054669 0.006850 0.037903 -0.011515 -0.013020 0.031287 -0.046009 0.013981 0.052051 0.033900 0.035880 -0.032220 0.061129 -0.013768 0.027040 -0.058829 -0.000225 0.028793 0.018356 0.054020 -0.018680 0.051837 0.076532 0.056620 0.037792 -0.011843 0.036452 0.038174 -0.014491 0.072353 -0.072159 -0.023543 0.026401 0.013894 0.008736 -0.042101 -0.015614 -0.014249 -0.027409 0.057367 0.136573 0.016148 0.013865 -0.023446 -0.062926 0.005877 0.006100 0.002496 -0.057920 0.010293 -0.018126 0.003418 -0.035365 -0.004084 -0.047127 0.035872 0.059387 0.001286 -0.033506 -0.008304 -0.029561 -0.006014 0.009246 -0.008013 -0.015123 0.003262 0.033025 0.005699 0.024733 -0.011623 -0.104940 -0.062752 -0.205286 -0.005155 -0.051930 -0.034916 0.015118 -0.013390 -0.018953 0.039423 0.049695 0.010321 0.044273 -0.027235 0.042676 -0.002592 -0.001766 -0.047449 -0.061542 -0.052699 -0.046221 0.054947 -0.060019 0.015216 0.009809 -0.081038 -0.006303 0.010802 0.169236 0.142762 -0.018154 0.054417 -0.032194 0.027575 -0.009904 -0.161013 0.059815 0.021455 -0.031343 -0.041003 -0.021431 -0.041817 0.018747 0.034592 -0.044886 -0.075833 -0.016253 -0.029267 0.035983 0.054561 -0.017603 -0.037710 0.036103 0.004182 0.018270 0.035308 0.025836 -0.013120 -0.102806 -0.027888 -0.094951 0.032349 -0.013543 0.081267 0.072805 -0.005145 0.050541 0.030580 -0.045207 -0.039985 -0.009652 -0.042012 -0.020897 0.012189 -0.037112 -0.110798 0.063367 -0.025048 -0.009592 -0.015725 0.083262 0.007037 -0.054047 -0.007286 0.008931 -0.017133 0.031610 0.051483 -0.013641 -0.054852 0.010633 -0.042595 -0.003679 0.003999 0.021529 -0.081290 0.009333 -0.052557 -0.213061 0.046016 -0.060610 0.042230 -0.011453 0.044200 0.003990 0.075186 -0.091635 0.009877 0.024171 0.007358 0.081347 0.046017 -0.033444 0.052238 0.001726 -0.081635 -0.005403 -0.005067 -0.002625 0.033184 0.210284 -0.055159 -0.017235 0.001295 -0.045887 0.076050 0.003614 -0.029828 -0.030866 -0.052356 0.009016 -0.034360 0.036663 -0.023477 -0.012890 0.019245 0.054808 -0.019439 0.011997 0.028398 -0.033355 0.057930 0.151316 -0.043042 -0.018483 0.000038 -0.001142 0.018845 -0.068253 0.020638 -0.013858 0.030386 0.055365 0.040197 0.044570 -0.026099 0.023036 -0.029960 -0.044214 0.016958 0.044039 0.046072 -0.031543 



llama_print_timings:        load time =      54.64 ms
llama_print_timings:      sample time =       0.00 ms /     1 runs   (    0.00 ms per token,      inf tokens per second)
llama_print_timings: prompt eval time =      11.50 ms /     9 tokens (    1.28 ms per token,   782.81 tokens per second)
llama_print_timings:        eval time =       0.00 ms /     1 runs   (    0.00 ms per token,      inf tokens per second)
llama_print_timings:       total time =      11.61 ms /    10 tokens
ggml_metal_free: deallocating

real	0m0.289s
user	0m0.065s
sys	0m0.019s
+ tee -a /Users/ggml/results/llama.cpp/a0/f8a93bf126b713ca02193ae67e336843d79910/ggml-100-m1/embd_bge_small-tg-q8_0.log
+ ./bin/embedding --model ../models-mnt/bge-small/ggml-model-q8_0.gguf -p 'I believe the meaning of life is'
main: build = 2155 (a0f8a93b)
main: built with Apple clang version 15.0.0 (clang-1500.1.0.2.5) for arm64-apple-darwin23.2.0
main: seed  = 1707928454
llama_model_loader: loaded meta data with 20 key-value pairs and 197 tensors from ../models-mnt/bge-small/ggml-model-q8_0.gguf (version GGUF V3 (latest))
llama_model_loader: Dumping metadata keys/values. Note: KV overrides do not apply in this output.
llama_model_loader: - kv   0:                       general.architecture str              = bert
llama_model_loader: - kv   1:                               general.name str              = bge-small
llama_model_loader: - kv   2:                           bert.block_count u32              = 12
llama_model_loader: - kv   3:                        bert.context_length u32              = 512
llama_model_loader: - kv   4:                      bert.embedding_length u32              = 384
llama_model_loader: - kv   5:                   bert.feed_forward_length u32              = 1536
llama_model_loader: - kv   6:                  bert.attention.head_count u32              = 12
llama_model_loader: - kv   7:          bert.attention.layer_norm_epsilon f32              = 0.000000
llama_model_loader: - kv   8:                          general.file_type u32              = 7
llama_model_loader: - kv   9:                      bert.attention.causal bool             = false
llama_model_loader: - kv  10:                         bert.pooling_layer bool             = true
llama_model_loader: - kv  11:            tokenizer.ggml.token_type_count u32              = 2
llama_model_loader: - kv  12:                tokenizer.ggml.bos_token_id u32              = 101
llama_model_loader: - kv  13:                tokenizer.ggml.eos_token_id u32              = 102
llama_model_loader: - kv  14:                       tokenizer.ggml.model str              = bert
llama_model_loader: - kv  15:                      tokenizer.ggml.tokens arr[str,30522]   = ["[PAD]", "[unused0]", "[unused1]", "...
llama_model_loader: - kv  16:                      tokenizer.ggml.scores arr[f32,30522]   = [-1000.000000, -1000.000000, -1000.00...
llama_model_loader: - kv  17:                  tokenizer.ggml.token_type arr[i32,30522]   = [3, 1, 1, 1, 1, 1, 1, 1, 1, 1, 1, 1, ...
llama_model_loader: - kv  18:            tokenizer.ggml.padding_token_id u32              = 0
llama_model_loader: - kv  19:               general.quantization_version u32              = 2
llama_model_loader: - type  f32:  123 tensors
llama_model_loader: - type  f16:    1 tensors
llama_model_loader: - type q8_0:   73 tensors
llm_load_vocab: mismatch in special tokens definition ( 7104/30522 vs 5/30522 ).
llm_load_print_meta: format           = GGUF V3 (latest)
llm_load_print_meta: arch             = bert
llm_load_print_meta: vocab type       = WPM
llm_load_print_meta: n_vocab          = 30522
llm_load_print_meta: n_merges         = 0
llm_load_print_meta: n_ctx_train      = 512
llm_load_print_meta: n_embd           = 384
llm_load_print_meta: n_head           = 12
llm_load_print_meta: n_head_kv        = 12
llm_load_print_meta: n_layer          = 12
llm_load_print_meta: n_rot            = 32
llm_load_print_meta: n_embd_head_k    = 32
llm_load_print_meta: n_embd_head_v    = 32
llm_load_print_meta: n_gqa            = 1
llm_load_print_meta: n_embd_k_gqa     = 384
llm_load_print_meta: n_embd_v_gqa     = 384
llm_load_print_meta: f_norm_eps       = 1.0e-12
llm_load_print_meta: f_norm_rms_eps   = 0.0e+00
llm_load_print_meta: f_clamp_kqv      = 0.0e+00
llm_load_print_meta: f_max_alibi_bias = 0.0e+00
llm_load_print_meta: n_ff             = 1536
llm_load_print_meta: n_expert         = 0
llm_load_print_meta: n_expert_used    = 0
llm_load_print_meta: rope scaling     = linear
llm_load_print_meta: freq_base_train  = 10000.0
llm_load_print_meta: freq_scale_train = 1
llm_load_print_meta: n_yarn_orig_ctx  = 512
llm_load_print_meta: rope_finetuned   = unknown
llm_load_print_meta: model type       = 33M
llm_load_print_meta: model ftype      = Q8_0
llm_load_print_meta: model params     = 33.21 M
llm_load_print_meta: model size       = 34.00 MiB (8.59 BPW) 
llm_load_print_meta: general.name     = bge-small
llm_load_print_meta: BOS token        = 101 '[CLS]'
llm_load_print_meta: EOS token        = 102 '[SEP]'
llm_load_print_meta: UNK token        = 100 '[UNK]'
llm_load_print_meta: PAD token        = 0 '[PAD]'
llm_load_tensors: ggml ctx size =    0.15 MiB
ggml_backend_metal_buffer_from_ptr: allocated buffer, size =    21.77 MiB, (   21.83 /  5461.34)
llm_load_tensors: offloading 12 repeating layers to GPU
llm_load_tensors: offloading non-repeating layers to GPU
llm_load_tensors: offloaded 13/13 layers to GPU
llm_load_tensors:        CPU buffer size =    12.25 MiB
llm_load_tensors:      Metal buffer size =    21.76 MiB
................................................
llama_new_context_with_model: n_ctx      = 512
llama_new_context_with_model: freq_base  = 10000.0
llama_new_context_with_model: freq_scale = 1
ggml_metal_init: allocating
ggml_metal_init: found device: Apple M1
ggml_metal_init: picking default device: Apple M1
ggml_metal_init: loading '/Users/ggml/work/llama.cpp/build-ci-release/bin/default.metallib'
ggml_metal_init: GPU name:   Apple M1
ggml_metal_init: GPU family: MTLGPUFamilyApple7  (1007)
ggml_metal_init: GPU family: MTLGPUFamilyCommon3 (3003)
ggml_metal_init: GPU family: MTLGPUFamilyMetal3  (5001)
ggml_metal_init: simdgroup reduction support   = true
ggml_metal_init: simdgroup matrix mul. support = true
ggml_metal_init: hasUnifiedMemory              = true
ggml_metal_init: recommendedMaxWorkingSetSize  =  5726.63 MB
ggml_backend_metal_buffer_type_alloc_buffer: allocated buffer, size =     9.00 MiB, (   32.39 /  5461.34)
llama_kv_cache_init:      Metal KV buffer size =     9.00 MiB
llama_new_context_with_model: KV self size  =    9.00 MiB, K (f16):    4.50 MiB, V (f16):    4.50 MiB
llama_new_context_with_model:        CPU input buffer size   =     2.76 MiB
ggml_backend_metal_buffer_type_alloc_buffer: allocated buffer, size =    15.52 MiB, (   47.91 /  5461.34)
llama_new_context_with_model:      Metal compute buffer size =    15.50 MiB
llama_new_context_with_model:        CPU compute buffer size =     1.50 MiB
llama_new_context_with_model: graph splits (measure): 2

system_info: n_threads = 4 / 8 | AVX = 0 | AVX_VNNI = 0 | AVX2 = 0 | AVX512 = 0 | AVX512_VBMI = 0 | AVX512_VNNI = 0 | FMA = 0 | NEON = 1 | ARM_FMA = 1 | F16C = 0 | FP16_VA = 1 | WASM_SIMD = 0 | BLAS = 1 | SSE3 = 0 | SSSE3 = 0 | VSX = 0 | MATMUL_INT8 = 0 | 
batch_decode: n_tokens = 9, n_seq = 1
embedding 0: -0.060504 -0.024033 0.004527 -0.007217 0.001033 -0.025812 0.154850 0.038009 0.098091 -0.010683 0.009845 -0.075792 0.005370 0.020398 0.015163 0.011005 -0.016185 0.010080 -0.100142 -0.006624 0.117666 -0.031830 -0.066917 -0.029136 0.034979 0.079178 0.037231 -0.013083 0.039762 -0.059434 -0.040520 -0.027563 0.106241 -0.025949 -0.016246 0.058737 -0.049693 0.022935 -0.044959 0.050849 0.035878 -0.001275 0.024355 0.043925 0.006960 -0.013908 -0.024573 0.007125 -0.030610 -0.058204 -0.040307 0.034450 -0.042896 0.043337 -0.062326 0.040203 0.028786 0.049172 0.082666 -0.055714 0.091880 0.044455 -0.203433 0.072556 0.044092 -0.070650 -0.056537 -0.015779 0.019145 -0.009181 0.020316 -0.026687 0.064943 0.109882 0.034663 -0.075968 0.026829 -0.083314 -0.032977 -0.009834 0.046222 0.010217 -0.010424 -0.044897 -0.067906 0.055074 0.005171 -0.057514 0.057013 0.035517 -0.034403 -0.031722 -0.054707 0.042047 0.019016 -0.020366 -0.032830 0.034593 0.034310 0.105989 -0.058569 0.043864 0.025990 -0.045364 -0.048245 0.007838 -0.031685 -0.054775 -0.018392 -0.023757 -0.001346 -0.001122 -0.006934 0.016956 -0.011263 0.046034 0.053965 -0.006235 0.049712 -0.059994 -0.034712 0.020121 0.043149 -0.033666 -0.054803 -0.083695 0.126273 0.030154 0.015278 -0.016241 0.075868 -0.038857 0.011018 -0.050082 -0.016156 0.044643 0.029336 0.039741 0.005448 -0.011452 0.000288 -0.093208 -0.063371 -0.043795 -0.053693 -0.012922 0.011143 0.016330 0.033094 0.059304 -0.038104 0.055613 0.008375 0.038106 -0.011704 -0.012857 0.031996 -0.046000 0.013860 0.051460 0.034252 0.035095 -0.031527 0.061786 -0.014690 0.027074 -0.058801 0.000991 0.028751 0.017927 0.054333 -0.018894 0.051525 0.076863 0.057413 0.038634 -0.012026 0.037801 0.038021 -0.014534 0.071675 -0.072327 -0.023268 0.027365 0.013246 0.008666 -0.042503 -0.015564 -0.014182 -0.027491 0.057430 0.136766 0.016847 0.013372 -0.022756 -0.063571 0.006277 0.005659 0.002670 -0.058310 0.008418 -0.018330 0.003350 -0.035472 -0.004291 -0.047578 0.035433 0.058602 0.001861 -0.034158 -0.008829 -0.028892 -0.004719 0.009153 -0.007521 -0.015673 0.003883 0.032981 0.005472 0.024707 -0.011410 -0.104961 -0.062851 -0.204718 -0.005731 -0.051841 -0.034265 0.014986 -0.013034 -0.019442 0.038915 0.050315 0.009425 0.044726 -0.025631 0.043529 -0.001930 -0.001112 -0.047402 -0.060972 -0.052203 -0.046762 0.055359 -0.061110 0.014690 0.009242 -0.081648 -0.006906 0.010199 0.169676 0.142542 -0.016679 0.054841 -0.031662 0.027300 -0.009408 -0.160799 0.059150 0.020819 -0.031965 -0.040551 -0.021075 -0.041153 0.018103 0.035040 -0.045643 -0.076143 -0.016286 -0.030713 0.036205 0.053704 -0.018388 -0.039120 0.034252 0.003774 0.018412 0.035195 0.025932 -0.012142 -0.103801 -0.027995 -0.095862 0.032610 -0.013223 0.080391 0.073154 -0.004355 0.050967 0.030415 -0.045412 -0.039661 -0.009855 -0.042930 -0.020981 0.012018 -0.037228 -0.110872 0.064268 -0.024024 -0.009077 -0.014600 0.083274 0.007168 -0.053325 -0.008326 0.008741 -0.017797 0.032381 0.051103 -0.013545 -0.054187 0.011119 -0.041986 -0.003637 0.004013 0.021936 -0.080898 0.008720 -0.053004 -0.212999 0.045306 -0.060160 0.041220 -0.010424 0.044435 0.004398 0.074530 -0.092281 0.011075 0.024130 0.007218 0.081703 0.046004 -0.033705 0.052587 0.002507 -0.081208 -0.005388 -0.004704 -0.002416 0.033112 0.210557 -0.055030 -0.017289 0.001524 -0.045231 0.075672 0.003300 -0.029549 -0.031065 -0.051468 0.008476 -0.033697 0.036688 -0.022240 -0.013380 0.018919 0.054304 -0.019361 0.012896 0.028311 -0.033532 0.057872 0.150482 -0.042439 -0.018683 0.000052 -0.000314 0.018707 -0.068838 0.021135 -0.013564 0.029930 0.054997 0.039882 0.045172 -0.026189 0.023857 -0.030914 -0.045145 0.017297 0.043884 0.046198 -0.031402 



llama_print_timings:        load time =      46.19 ms
llama_print_timings:      sample time =       0.00 ms /     1 runs   (    0.00 ms per token,      inf tokens per second)
llama_print_timings: prompt eval time =       9.54 ms /     9 tokens (    1.06 ms per token,   942.90 tokens per second)
llama_print_timings:        eval time =       0.00 ms /     1 runs   (    0.00 ms per token,      inf tokens per second)
llama_print_timings:       total time =       9.50 ms /    10 tokens
ggml_metal_free: deallocating

real	0m0.089s
user	0m0.038s
sys	0m0.013s
+ set +e
+ cur=0
+ echo 0
+ set +x
