+ cmake -DCMAKE_BUILD_TYPE=Debug -DLLAMA_FATAL_WARNINGS=ON -DLLAMA_CUDA=1 ..
-- The C compiler identification is GNU 11.4.0
-- The CXX compiler identification is GNU 11.4.0
-- Detecting C compiler ABI info
-- Detecting C compiler ABI info - done
-- Check for working C compiler: /usr/bin/cc - skipped
-- Detecting C compile features
-- Detecting C compile features - done
-- Detecting CXX compiler ABI info
-- Detecting CXX compiler ABI info - done
-- Check for working CXX compiler: /usr/bin/c++ - skipped
-- Detecting CXX compile features
-- Detecting CXX compile features - done
-- Found Git: /usr/bin/git (found version "2.34.1") 
-- Performing Test CMAKE_HAVE_LIBC_PTHREAD
-- Performing Test CMAKE_HAVE_LIBC_PTHREAD - Success
-- Found Threads: TRUE  
-- Found OpenMP_C: -fopenmp (found version "4.5") 
-- Found OpenMP_CXX: -fopenmp (found version "4.5") 
-- Found OpenMP: TRUE (found version "4.5")  
-- OpenMP found
-- Found CUDAToolkit: /usr/local/cuda-12.2/include (found version "12.2.140") 
-- CUDA found
-- Using CUDA architectures: 52;61;70
-- The CUDA compiler identification is NVIDIA 12.2.140
-- Detecting CUDA compiler ABI info
-- Detecting CUDA compiler ABI info - done
-- Check for working CUDA compiler: /usr/local/cuda-12.2/bin/nvcc - skipped
-- Detecting CUDA compile features
-- Detecting CUDA compile features - done
-- CUDA host compiler is GNU 11.4.0

-- ccache found, compilation results will be cached. Disable with LLAMA_CCACHE=OFF.
-- CMAKE_SYSTEM_PROCESSOR: x86_64
-- x86 detected
-- Configuring done (4.3s)
-- Generating done (0.2s)
-- Build files have been written to: /home/ggml/work/llama.cpp/build-ci-debug

real	0m4.560s
user	0m3.479s
sys	0m1.090s
+ make -j
[  0%] Generating build details from Git
-- Found Git: /usr/bin/git (found version "2.34.1") 
[  1%] Building C object CMakeFiles/ggml.dir/ggml.c.o
[  1%] Building C object CMakeFiles/ggml.dir/ggml-alloc.c.o
[  1%] Building CUDA object CMakeFiles/ggml.dir/ggml-cuda/acc.cu.o
[  2%] Building CUDA object CMakeFiles/ggml.dir/ggml-cuda/arange.cu.o
[  3%] Building C object CMakeFiles/ggml.dir/ggml-backend.c.o
[  3%] Building C object CMakeFiles/ggml.dir/ggml-quants.c.o
[  3%] Building CUDA object CMakeFiles/ggml.dir/ggml-cuda/argsort.cu.o
[  4%] Building CUDA object CMakeFiles/ggml.dir/ggml-cuda/binbcast.cu.o
[  5%] Building CUDA object CMakeFiles/ggml.dir/ggml-cuda/concat.cu.o
[  6%] Building CUDA object CMakeFiles/ggml.dir/ggml-cuda/cpy.cu.o
[  6%] Building CUDA object CMakeFiles/ggml.dir/ggml-cuda/convert.cu.o
[  6%] Building CUDA object CMakeFiles/ggml.dir/ggml-cuda/diagmask.cu.o
[  6%] Building CUDA object CMakeFiles/ggml.dir/ggml-cuda/clamp.cu.o
[  6%] Building CXX object common/CMakeFiles/build_info.dir/build-info.cpp.o
[  6%] Building CUDA object CMakeFiles/ggml.dir/ggml-cuda/fattn-tile-f16.cu.o
[  7%] Building CUDA object CMakeFiles/ggml.dir/ggml-cuda/dmmv.cu.o
[  7%] Building CUDA object CMakeFiles/ggml.dir/ggml-cuda/fattn.cu.o
[  8%] Building CUDA object CMakeFiles/ggml.dir/ggml-cuda/fattn-tile-f32.cu.o
[  9%] Building CUDA object CMakeFiles/ggml.dir/ggml-cuda/getrows.cu.o
[  9%] Building CUDA object CMakeFiles/ggml.dir/ggml-cuda/im2col.cu.o
[ 10%] Building CUDA object CMakeFiles/ggml.dir/ggml-cuda/mmq.cu.o
[ 10%] Building CUDA object CMakeFiles/ggml.dir/ggml-cuda/mmvq.cu.o
[ 10%] Building CUDA object CMakeFiles/ggml.dir/ggml-cuda/norm.cu.o
[ 11%] Building CUDA object CMakeFiles/ggml.dir/ggml-cuda/pad.cu.o
[ 11%] Building CUDA object CMakeFiles/ggml.dir/ggml-cuda/pool2d.cu.o
[ 12%] Building CUDA object CMakeFiles/ggml.dir/ggml-cuda/scale.cu.o
[ 12%] Built target build_info
[ 13%] Building CUDA object CMakeFiles/ggml.dir/ggml-cuda/sumrows.cu.o
[ 14%] Building CUDA object CMakeFiles/ggml.dir/ggml-cuda/unary.cu.o
[ 14%] Building CUDA object CMakeFiles/ggml.dir/ggml-cuda/softmax.cu.o
[ 15%] Building CUDA object CMakeFiles/ggml.dir/ggml-cuda/quantize.cu.o
[ 15%] Building CUDA object CMakeFiles/ggml.dir/ggml-cuda/tsembd.cu.o
[ 15%] Building CUDA object CMakeFiles/ggml.dir/ggml-cuda/rope.cu.o
[ 16%] Building CUDA object CMakeFiles/ggml.dir/ggml-cuda.cu.o
[ 16%] Building CUDA object CMakeFiles/ggml.dir/ggml-cuda/upscale.cu.o
[ 16%] Building CUDA object CMakeFiles/ggml.dir/ggml-cuda/template-instances/fattn-wmma-f16-instance-kqfloat-cpb16.cu.o
[ 16%] Building CUDA object CMakeFiles/ggml.dir/ggml-cuda/template-instances/fattn-wmma-f16-instance-kqfloat-cpb32.cu.o
[ 16%] Building CUDA object CMakeFiles/ggml.dir/ggml-cuda/template-instances/fattn-wmma-f16-instance-kqhalf-cpb32.cu.o
[ 17%] Building CUDA object CMakeFiles/ggml.dir/ggml-cuda/template-instances/fattn-wmma-f16-instance-kqhalf-cpb16.cu.o
[ 18%] Building CUDA object CMakeFiles/ggml.dir/ggml-cuda/template-instances/fattn-wmma-f16-instance-kqhalf-cpb8.cu.o
[ 19%] Building CUDA object CMakeFiles/ggml.dir/ggml-cuda/template-instances/mmq-instance-q3_k.cu.o
[ 19%] Building CUDA object CMakeFiles/ggml.dir/ggml-cuda/template-instances/mmq-instance-q4_0.cu.o
[ 19%] Building CUDA object CMakeFiles/ggml.dir/ggml-cuda/template-instances/mmq-instance-q2_k.cu.o
[ 19%] Building CUDA object CMakeFiles/ggml.dir/ggml-cuda/template-instances/mmq-instance-q4_k.cu.o
[ 20%] Building CUDA object CMakeFiles/ggml.dir/ggml-cuda/template-instances/mmq-instance-q4_1.cu.o
[ 21%] Building CUDA object CMakeFiles/ggml.dir/ggml-cuda/template-instances/mmq-instance-q5_0.cu.o
[ 21%] Building CUDA object CMakeFiles/ggml.dir/ggml-cuda/template-instances/mmq-instance-q5_1.cu.o
[ 22%] Building CUDA object CMakeFiles/ggml.dir/ggml-cuda/template-instances/mmq-instance-q5_k.cu.o
[ 22%] Building CUDA object CMakeFiles/ggml.dir/ggml-cuda/template-instances/mmq-instance-q8_0.cu.o
[ 23%] Building CUDA object CMakeFiles/ggml.dir/ggml-cuda/template-instances/fattn-vec-f16-instance-hs128-q4_0-q4_0.cu.o
[ 24%] Building CUDA object CMakeFiles/ggml.dir/ggml-cuda/template-instances/fattn-vec-f16-instance-hs128-q8_0-q8_0.cu.o
[ 24%] Building CUDA object CMakeFiles/ggml.dir/ggml-cuda/template-instances/mmq-instance-q6_k.cu.o
[ 24%] Building CUDA object CMakeFiles/ggml.dir/ggml-cuda/template-instances/fattn-vec-f32-instance-hs128-q8_0-q8_0.cu.o
[ 24%] Building CUDA object CMakeFiles/ggml.dir/ggml-cuda/template-instances/fattn-vec-f32-instance-hs128-q4_0-q4_0.cu.o
[ 25%] Building CUDA object CMakeFiles/ggml.dir/ggml-cuda/template-instances/fattn-vec-f16-instance-hs128-f16-f16.cu.o
[ 25%] Building CUDA object CMakeFiles/ggml.dir/ggml-cuda/template-instances/fattn-vec-f16-instance-hs256-f16-f16.cu.o
[ 26%] Building CUDA object CMakeFiles/ggml.dir/ggml-cuda/template-instances/fattn-vec-f16-instance-hs64-f16-f16.cu.o
[ 26%] Building CUDA object CMakeFiles/ggml.dir/ggml-cuda/template-instances/fattn-vec-f32-instance-hs128-f16-f16.cu.o
[ 26%] Building CUDA object CMakeFiles/ggml.dir/ggml-cuda/template-instances/fattn-vec-f32-instance-hs64-f16-f16.cu.o
[ 27%] Building CXX object CMakeFiles/ggml.dir/sgemm.cpp.o
[ 28%] Building CUDA object CMakeFiles/ggml.dir/ggml-cuda/template-instances/fattn-vec-f32-instance-hs256-f16-f16.cu.o
[ 28%] Built target ggml
[ 28%] Linking CXX static library libggml_static.a
[ 29%] Building CXX object CMakeFiles/llama.dir/llama.cpp.o
[ 29%] Building CXX object CMakeFiles/llama.dir/unicode.cpp.o
[ 29%] Building CXX object examples/gguf/CMakeFiles/llama-gguf.dir/gguf.cpp.o
[ 29%] Building CXX object CMakeFiles/llama.dir/unicode-data.cpp.o
[ 30%] Linking CXX executable ../../bin/llama-gguf
[ 31%] Linking CXX static library libllama.a
[ 31%] Built target llama-gguf
[ 31%] Built target ggml_static
[ 31%] Built target llama
[ 32%] Building CXX object common/CMakeFiles/common.dir/common.cpp.o
[ 33%] Building C object tests/CMakeFiles/test-c.dir/test-c.c.o
[ 33%] Building CXX object examples/benchmark/CMakeFiles/llama-bench-matmult.dir/benchmark-matmult.cpp.o
[ 33%] Building CXX object common/CMakeFiles/common.dir/sampling.cpp.o
[ 33%] Building CXX object examples/quantize-stats/CMakeFiles/llama-quantize-stats.dir/quantize-stats.cpp.o
[ 34%] Building CXX object common/CMakeFiles/common.dir/console.cpp.o
[ 34%] Building CXX object common/CMakeFiles/common.dir/grammar-parser.cpp.o
[ 34%] Building CXX object examples/llava/CMakeFiles/llava.dir/clip.cpp.o
[ 35%] Building CXX object examples/llava/CMakeFiles/llava.dir/llava.cpp.o
[ 36%] Building CXX object common/CMakeFiles/common.dir/json-schema-to-grammar.cpp.o
[ 36%] Linking CXX executable ../bin/test-c
[ 37%] Linking CXX executable ../../bin/llama-bench-matmult
[ 38%] Linking CXX executable ../../bin/llama-quantize-stats
[ 39%] Building CXX object common/CMakeFiles/common.dir/ngram-cache.cpp.o
[ 39%] Building CXX object common/CMakeFiles/common.dir/train.cpp.o
[ 39%] Built target llava
[ 40%] Linking CXX static library libllava_static.a
[ 40%] Linking CXX static library libcommon.a
[ 40%] Built target test-c
[ 40%] Built target llama-bench-matmult
[ 40%] Built target llava_static
[ 40%] Built target common
[ 40%] Building CXX object tests/CMakeFiles/test-tokenizer-0.dir/test-tokenizer-0.cpp.o
[ 40%] Building CXX object tests/CMakeFiles/test-tokenizer-1-bpe.dir/test-tokenizer-1-bpe.cpp.o
[ 40%] Building CXX object tests/CMakeFiles/test-tokenizer-1-spm.dir/test-tokenizer-1-spm.cpp.o
[ 41%] Building CXX object tests/CMakeFiles/test-sampling.dir/test-sampling.cpp.o
[ 41%] Building CXX object tests/CMakeFiles/test-grammar-parser.dir/test-grammar-parser.cpp.o
[ 41%] Building CXX object tests/CMakeFiles/test-grammar-parser.dir/get-model.cpp.o
[ 41%] Building CXX object tests/CMakeFiles/test-quantize-fns.dir/get-model.cpp.o
[ 41%] Building CXX object tests/CMakeFiles/test-quantize-perf.dir/test-quantize-perf.cpp.o
[ 42%] Building CXX object tests/CMakeFiles/test-quantize-fns.dir/test-quantize-fns.cpp.o
[ 42%] Building CXX object tests/CMakeFiles/test-sampling.dir/get-model.cpp.o
[ 42%] Building CXX object tests/CMakeFiles/test-quantize-perf.dir/get-model.cpp.o
[ 43%] Linking CXX executable ../bin/test-tokenizer-1-bpe
[ 44%] Linking CXX executable ../bin/test-tokenizer-0
[ 45%] Building CXX object tests/CMakeFiles/test-chat-template.dir/test-chat-template.cpp.o
[ 46%] Building CXX object tests/CMakeFiles/test-llama-grammar.dir/test-llama-grammar.cpp.o
[ 46%] Building CXX object tests/CMakeFiles/test-llama-grammar.dir/get-model.cpp.o
[ 46%] Building CXX object tests/CMakeFiles/test-chat-template.dir/get-model.cpp.o
[ 47%] Linking CXX executable ../bin/test-grammar-parser
[ 48%] Linking CXX executable ../bin/test-sampling
[ 49%] Building CXX object tests/CMakeFiles/test-grammar-integration.dir/test-grammar-integration.cpp.o
[ 49%] Building CXX object tests/CMakeFiles/test-grad0.dir/test-grad0.cpp.o
[ 50%] Linking CXX executable ../bin/test-quantize-perf
[ 50%] Building CXX object tests/CMakeFiles/test-grammar-integration.dir/get-model.cpp.o
[ 51%] Linking CXX executable ../bin/test-quantize-fns
[ 51%] Building CXX object tests/CMakeFiles/test-backend-ops.dir/get-model.cpp.o
[ 51%] Building CXX object tests/CMakeFiles/test-rope.dir/test-rope.cpp.o
[ 52%] Building CXX object tests/CMakeFiles/test-grad0.dir/get-model.cpp.o
[ 52%] Building CXX object tests/CMakeFiles/test-model-load-cancel.dir/test-model-load-cancel.cpp.o
[ 53%] Building CXX object tests/CMakeFiles/test-model-load-cancel.dir/get-model.cpp.o
[ 54%] Linking CXX executable ../bin/test-tokenizer-1-spm
[ 55%] Building CXX object tests/CMakeFiles/test-backend-ops.dir/test-backend-ops.cpp.o
[ 56%] Linking CXX executable ../bin/test-chat-template
[ 57%] Building CXX object tests/CMakeFiles/test-rope.dir/get-model.cpp.o
[ 57%] Building CXX object tests/CMakeFiles/test-autorelease.dir/test-autorelease.cpp.o
[ 58%] Linking CXX executable ../bin/test-grammar-integration
[ 59%] Building CXX object tests/CMakeFiles/test-autorelease.dir/get-model.cpp.o
[ 59%] Linking CXX executable ../bin/test-grad0
[ 59%] Linking CXX executable ../bin/test-model-load-cancel
[ 60%] Building CXX object tests/CMakeFiles/test-json-schema-to-grammar.dir/get-model.cpp.o
[ 60%] Building CXX object tests/CMakeFiles/test-json-schema-to-grammar.dir/test-json-schema-to-grammar.cpp.o
[ 60%] Linking CXX executable ../bin/test-backend-ops
[ 61%] Linking CXX executable ../bin/test-llama-grammar
[ 62%] Building CXX object examples/cvector-generator/CMakeFiles/llama-cvector-generator.dir/cvector-generator.cpp.o
[ 62%] Linking CXX executable ../bin/test-rope
[ 62%] Building CXX object examples/batched-bench/CMakeFiles/llama-batched-bench.dir/batched-bench.cpp.o
[ 62%] Linking CXX executable ../bin/test-autorelease
[ 62%] Building CXX object examples/baby-llama/CMakeFiles/llama-baby-llama.dir/baby-llama.cpp.o
[ 62%] Building CXX object examples/batched/CMakeFiles/llama-batched.dir/batched.cpp.o
[ 62%] Building CXX object examples/convert-llama2c-to-ggml/CMakeFiles/llama-convert-llama2c-to-ggml.dir/convert-llama2c-to-ggml.cpp.o
[ 62%] Linking CXX executable ../../bin/llama-cvector-generator
[ 63%] Linking CXX executable ../../bin/llama-batched-bench
[ 64%] Building CXX object examples/embedding/CMakeFiles/llama-embedding.dir/embedding.cpp.o
[ 65%] Building CXX object examples/eval-callback/CMakeFiles/llama-eval-callback.dir/eval-callback.cpp.o
[ 65%] Linking CXX executable ../bin/test-json-schema-to-grammar
[ 66%] Linking CXX executable ../../bin/llama-baby-llama
[ 67%] Linking CXX executable ../../bin/llama-batched
[ 68%] Building CXX object examples/finetune/CMakeFiles/llama-finetune.dir/finetune.cpp.o
[ 69%] Building CXX object examples/export-lora/CMakeFiles/llama-export-lora.dir/export-lora.cpp.o
[ 70%] Building CXX object examples/gbnf-validator/CMakeFiles/llama-gbnf-validator.dir/gbnf-validator.cpp.o
[ 70%] Linking CXX executable ../../bin/llama-convert-llama2c-to-ggml
[ 70%] Built target test-grad0
[ 70%] Building CXX object examples/gguf-split/CMakeFiles/llama-gguf-split.dir/gguf-split.cpp.o
[ 70%] Linking CXX executable ../../bin/llama-embedding
[ 70%] Building CXX object examples/gritlm/CMakeFiles/llama-gritlm.dir/gritlm.cpp.o
[ 70%] Linking CXX executable ../../bin/llama-eval-callback
[ 70%] Building CXX object examples/imatrix/CMakeFiles/llama-imatrix.dir/imatrix.cpp.o
[ 70%] Linking CXX executable ../../bin/llama-gbnf-validator
[ 70%] Linking CXX executable ../../bin/llama-finetune
[ 70%] Building CXX object examples/infill/CMakeFiles/llama-infill.dir/infill.cpp.o
[ 70%] Building CXX object examples/llama-bench/CMakeFiles/llama-bench.dir/llama-bench.cpp.o
[ 71%] Linking CXX executable ../../bin/llama-gguf-split
[ 71%] Building CXX object examples/llava/CMakeFiles/llama-llava-cli.dir/llava-cli.cpp.o
[ 71%] Building CXX object examples/lookahead/CMakeFiles/llama-lookahead.dir/lookahead.cpp.o
[ 72%] Linking CXX executable ../../bin/llama-infill
[ 73%] Linking CXX executable ../../bin/llama-gritlm
[ 73%] Building CXX object examples/lookup/CMakeFiles/llama-lookup.dir/lookup.cpp.o
[ 74%] Building CXX object examples/lookup/CMakeFiles/llama-lookup-create.dir/lookup-create.cpp.o
[ 75%] Building CXX object examples/lookup/CMakeFiles/llama-lookup-merge.dir/lookup-merge.cpp.o
[ 76%] Linking CXX executable ../../bin/llama-llava-cli
[ 77%] Building CXX object examples/lookup/CMakeFiles/llama-lookup-stats.dir/lookup-stats.cpp.o
[ 77%] Building CXX object examples/main/CMakeFiles/llama-cli.dir/main.cpp.o
[ 78%] Linking CXX executable ../../bin/llama-lookahead
[ 78%] Linking CXX executable ../../bin/llama-lookup-create
[ 79%] Building CXX object examples/parallel/CMakeFiles/llama-parallel.dir/parallel.cpp.o
[ 80%] Linking CXX executable ../../bin/llama-bench
[ 80%] Linking CXX executable ../../bin/llama-lookup
[ 80%] Built target test-quantize-fns
[ 81%] Building CXX object examples/perplexity/CMakeFiles/llama-perplexity.dir/perplexity.cpp.o
[ 82%] Building CXX object examples/passkey/CMakeFiles/llama-passkey.dir/passkey.cpp.o
[ 82%] Linking CXX executable ../../bin/llama-lookup-merge
[ 82%] Building CXX object examples/quantize/CMakeFiles/llama-quantize.dir/quantize.cpp.o
[ 82%] Linking CXX executable ../../bin/llama-lookup-stats
[ 83%] Linking CXX executable ../../bin/llama-cli
[ 83%] Generating theme-snowstorm.css.hpp
[ 83%] Linking CXX executable ../../bin/llama-parallel
[ 83%] Generating colorthemes.css.hpp
[ 83%] Built target test-grammar-parser
[ 83%] Generating completion.js.hpp
[ 83%] Building CXX object examples/retrieval/CMakeFiles/llama-retrieval.dir/retrieval.cpp.o
[ 83%] Building CXX object examples/save-load-state/CMakeFiles/llama-save-load-state.dir/save-load-state.cpp.o
[ 83%] Built target test-quantize-perf
[ 83%] Built target test-rope
[ 84%] Linking CXX executable ../../bin/llama-quantize
[ 84%] Linking CXX executable ../../bin/llama-export-lora
[ 84%] Generating index-new.html.hpp
[ 84%] Linking CXX executable ../../bin/llama-passkey
[ 85%] Generating index.html.hpp
[ 85%] Building CXX object examples/simple/CMakeFiles/llama-simple.dir/simple.cpp.o
[ 86%] Linking CXX executable ../../bin/llama-imatrix
[ 86%] Linking CXX executable ../../bin/llama-perplexity
[ 87%] Generating index.js.hpp
[ 87%] Building CXX object examples/speculative/CMakeFiles/llama-speculative.dir/speculative.cpp.o
[ 88%] Linking CXX executable ../../bin/llama-retrieval
[ 89%] Generating json-schema-to-grammar.mjs.hpp
[ 90%] Building CXX object examples/tokenize/CMakeFiles/llama-tokenize.dir/tokenize.cpp.o
[ 91%] Linking CXX executable ../../bin/llama-save-load-state
[ 91%] Generating prompt-formats.js.hpp
[ 92%] Generating style.css.hpp
[ 93%] Building CXX object examples/train-text-from-scratch/CMakeFiles/llama-train-text-from-scratch.dir/train-text-from-scratch.cpp.o
[ 94%] Building CXX object pocs/vdot/CMakeFiles/llama-vdot.dir/vdot.cpp.o
[ 95%] Generating system-prompts.js.hpp
[ 95%] Generating theme-beeninorder.css.hpp
[ 97%] Linking CXX executable ../../bin/llama-simple
[ 97%] Generating theme-ketivah.css.hpp
[ 97%] Generating theme-mangotango.css.hpp
[ 97%] Generating theme-playground.css.hpp
[ 97%] Linking CXX executable ../../bin/llama-vdot
[ 97%] Linking CXX executable ../../bin/llama-tokenize
[ 97%] Linking CXX executable ../../bin/llama-speculative
[ 98%] Generating theme-polarnight.css.hpp
[ 98%] Linking CXX executable ../../bin/llama-train-text-from-scratch
[ 99%] Building CXX object pocs/vdot/CMakeFiles/llama-q8dot.dir/q8dot.cpp.o
[ 99%] Linking CXX executable ../../bin/llama-q8dot
[ 99%] Built target llama-convert-llama2c-to-ggml
[ 99%] Building CXX object examples/server/CMakeFiles/llama-server.dir/server.cpp.o
[ 99%] Built target llama-lookup-merge
[ 99%] Built target llama-vdot
[100%] Linking CXX executable ../../bin/llama-server
[100%] Built target llama-q8dot
[100%] Built target llama-quantize-stats
[100%] Built target test-json-schema-to-grammar
[100%] Built target test-backend-ops
[100%] Built target llama-export-lora
[100%] Built target test-sampling
[100%] Built target test-grammar-integration
[100%] Built target test-chat-template
[100%] Built target llama-gguf-split
[100%] Built target test-autorelease
[100%] Built target test-llama-grammar
[100%] Built target test-model-load-cancel
[100%] Built target llama-gbnf-validator
[100%] Built target llama-embedding
[100%] Built target llama-batched
[100%] Built target llama-infill
[100%] Built target llama-gritlm
[100%] Built target llama-save-load-state
[100%] Built target test-tokenizer-1-spm
[100%] Built target llama-simple
[100%] Built target llama-batched-bench
[100%] Built target test-tokenizer-0
[100%] Built target llama-quantize
[100%] Built target test-tokenizer-1-bpe
[100%] Built target llama-lookahead
[100%] Built target llama-passkey
[100%] Built target llama-baby-llama
[100%] Built target llama-tokenize
[100%] Built target llama-lookup-create
[100%] Built target llama-lookup
[100%] Built target llama-lookup-stats
[100%] Built target llama-cvector-generator
[100%] Built target llama-finetune
[100%] Built target llama-parallel
[100%] Built target llama-cli
[100%] Built target llama-eval-callback
[100%] Built target llama-speculative
[100%] Built target llama-imatrix
[100%] Built target llama-train-text-from-scratch
[100%] Built target llama-llava-cli
[100%] Built target llama-retrieval
[100%] Built target llama-perplexity
[100%] Built target llama-bench
[100%] Built target llama-server

real	0m17.539s
user	1m7.058s
sys	0m17.875s
+ ctest --output-on-failure -L main -E test-opt
Test project /home/ggml/work/llama.cpp/build-ci-debug
      Start  1: test-tokenizer-0-llama-spm
 1/22 Test  #1: test-tokenizer-0-llama-spm .......   Passed    0.23 sec
      Start  2: test-tokenizer-0-llama-bpe
 2/22 Test  #2: test-tokenizer-0-llama-bpe .......   Passed    3.07 sec
      Start  3: test-tokenizer-0-phi-3
 3/22 Test  #3: test-tokenizer-0-phi-3 ...........   Passed    0.22 sec
      Start  4: test-tokenizer-0-falcon
 4/22 Test  #4: test-tokenizer-0-falcon ..........   Passed    1.03 sec
      Start  5: test-tokenizer-0-bert-bge
 5/22 Test  #5: test-tokenizer-0-bert-bge ........   Passed    0.23 sec
      Start  6: test-tokenizer-0-starcoder
 6/22 Test  #6: test-tokenizer-0-starcoder .......   Passed    0.79 sec
      Start  7: test-tokenizer-0-gpt-2
 7/22 Test  #7: test-tokenizer-0-gpt-2 ...........   Passed    0.81 sec
      Start  8: test-tokenizer-0-refact
 8/22 Test  #8: test-tokenizer-0-refact ..........   Passed    0.78 sec
      Start  9: test-tokenizer-0-command-r
 9/22 Test  #9: test-tokenizer-0-command-r .......   Passed    4.62 sec
      Start 10: test-tokenizer-0-qwen2
10/22 Test #10: test-tokenizer-0-qwen2 ...........   Passed    2.56 sec
      Start 11: test-tokenizer-1-llama-spm
11/22 Test #11: test-tokenizer-1-llama-spm .......   Passed    3.31 sec
      Start 12: test-quantize-fns
12/22 Test #12: test-quantize-fns ................   Passed   35.93 sec
      Start 13: test-quantize-perf
13/22 Test #13: test-quantize-perf ...............   Passed   10.78 sec
      Start 14: test-sampling
14/22 Test #14: test-sampling ....................   Passed    0.07 sec
      Start 15: test-chat-template
15/22 Test #15: test-chat-template ...............   Passed    0.04 sec
      Start 16: test-grammar-parser
16/22 Test #16: test-grammar-parser ..............   Passed    0.00 sec
      Start 17: test-llama-grammar
17/22 Test #17: test-llama-grammar ...............   Passed    0.04 sec
      Start 18: test-grammar-integration
18/22 Test #18: test-grammar-integration .........   Passed    0.05 sec
      Start 19: test-grad0
19/22 Test #19: test-grad0 .......................   Passed    0.29 sec
      Start 20: test-backend-ops
20/22 Test #20: test-backend-ops .................   Passed  192.36 sec
      Start 21: test-rope
21/22 Test #21: test-rope ........................   Passed    0.07 sec
      Start 24: test-json-schema-to-grammar
22/22 Test #24: test-json-schema-to-grammar ......   Passed    1.63 sec

100% tests passed, 0 tests failed out of 22

Label Time Summary:
main    = 258.92 sec*proc (22 tests)

Total Test time (real) = 258.93 sec

real	4m18.967s
user	8m32.824s
sys	0m5.058s
