Looking in indexes: https://pypi.org/simple, https://download.pytorch.org/whl/cpu, https://download.pytorch.org/whl/cpu, https://download.pytorch.org/whl/cpu, https://download.pytorch.org/whl/cpu
Requirement already satisfied: numpy~=1.26.4 in /mnt/llama.cpp/venv/lib/python3.10/site-packages (from -r /home/ggml/work/llama.cpp/./requirements/requirements-convert_legacy_llama.txt (line 1)) (1.26.4)
Requirement already satisfied: sentencepiece~=0.2.0 in /mnt/llama.cpp/venv/lib/python3.10/site-packages (from -r /home/ggml/work/llama.cpp/./requirements/requirements-convert_legacy_llama.txt (line 2)) (0.2.0)
Requirement already satisfied: transformers<5.0.0,>=4.45.1 in /mnt/llama.cpp/venv/lib/python3.10/site-packages (from -r /home/ggml/work/llama.cpp/./requirements/requirements-convert_legacy_llama.txt (line 3)) (4.45.1)
Requirement already satisfied: gguf>=0.1.0 in /mnt/llama.cpp/venv/lib/python3.10/site-packages (from -r /home/ggml/work/llama.cpp/./requirements/requirements-convert_legacy_llama.txt (line 4)) (0.15.0)
Requirement already satisfied: protobuf<5.0.0,>=4.21.0 in /mnt/llama.cpp/venv/lib/python3.10/site-packages (from -r /home/ggml/work/llama.cpp/./requirements/requirements-convert_legacy_llama.txt (line 5)) (4.25.3)
Requirement already satisfied: torch~=2.2.1 in /mnt/llama.cpp/venv/lib/python3.10/site-packages (from -r /home/ggml/work/llama.cpp/./requirements/requirements-convert_hf_to_gguf.txt (line 3)) (2.2.2)
Requirement already satisfied: tokenizers<0.21,>=0.20 in /mnt/llama.cpp/venv/lib/python3.10/site-packages (from transformers<5.0.0,>=4.45.1->-r /home/ggml/work/llama.cpp/./requirements/requirements-convert_legacy_llama.txt (line 3)) (0.20.0)
Requirement already satisfied: safetensors>=0.4.1 in /mnt/llama.cpp/venv/lib/python3.10/site-packages (from transformers<5.0.0,>=4.45.1->-r /home/ggml/work/llama.cpp/./requirements/requirements-convert_legacy_llama.txt (line 3)) (0.4.2)
Requirement already satisfied: regex!=2019.12.17 in /mnt/llama.cpp/venv/lib/python3.10/site-packages (from transformers<5.0.0,>=4.45.1->-r /home/ggml/work/llama.cpp/./requirements/requirements-convert_legacy_llama.txt (line 3)) (2023.12.25)
Requirement already satisfied: packaging>=20.0 in /mnt/llama.cpp/venv/lib/python3.10/site-packages (from transformers<5.0.0,>=4.45.1->-r /home/ggml/work/llama.cpp/./requirements/requirements-convert_legacy_llama.txt (line 3)) (23.2)
Requirement already satisfied: pyyaml>=5.1 in /mnt/llama.cpp/venv/lib/python3.10/site-packages (from transformers<5.0.0,>=4.45.1->-r /home/ggml/work/llama.cpp/./requirements/requirements-convert_legacy_llama.txt (line 3)) (6.0.1)
Requirement already satisfied: filelock in /mnt/llama.cpp/venv/lib/python3.10/site-packages (from transformers<5.0.0,>=4.45.1->-r /home/ggml/work/llama.cpp/./requirements/requirements-convert_legacy_llama.txt (line 3)) (3.13.1)
Requirement already satisfied: tqdm>=4.27 in /mnt/llama.cpp/venv/lib/python3.10/site-packages (from transformers<5.0.0,>=4.45.1->-r /home/ggml/work/llama.cpp/./requirements/requirements-convert_legacy_llama.txt (line 3)) (4.66.2)
Requirement already satisfied: huggingface-hub<1.0,>=0.23.2 in /mnt/llama.cpp/venv/lib/python3.10/site-packages (from transformers<5.0.0,>=4.45.1->-r /home/ggml/work/llama.cpp/./requirements/requirements-convert_legacy_llama.txt (line 3)) (0.25.1)
Requirement already satisfied: requests in /mnt/llama.cpp/venv/lib/python3.10/site-packages (from transformers<5.0.0,>=4.45.1->-r /home/ggml/work/llama.cpp/./requirements/requirements-convert_legacy_llama.txt (line 3)) (2.31.0)
Requirement already satisfied: nvidia-curand-cu12==10.3.2.106 in /mnt/llama.cpp/venv/lib/python3.10/site-packages (from torch~=2.2.1->-r /home/ggml/work/llama.cpp/./requirements/requirements-convert_hf_to_gguf.txt (line 3)) (10.3.2.106)
Requirement already satisfied: nvidia-cuda-runtime-cu12==12.1.105 in /mnt/llama.cpp/venv/lib/python3.10/site-packages (from torch~=2.2.1->-r /home/ggml/work/llama.cpp/./requirements/requirements-convert_hf_to_gguf.txt (line 3)) (12.1.105)
Requirement already satisfied: nvidia-cufft-cu12==11.0.2.54 in /mnt/llama.cpp/venv/lib/python3.10/site-packages (from torch~=2.2.1->-r /home/ggml/work/llama.cpp/./requirements/requirements-convert_hf_to_gguf.txt (line 3)) (11.0.2.54)
Requirement already satisfied: nvidia-cusparse-cu12==12.1.0.106 in /mnt/llama.cpp/venv/lib/python3.10/site-packages (from torch~=2.2.1->-r /home/ggml/work/llama.cpp/./requirements/requirements-convert_hf_to_gguf.txt (line 3)) (12.1.0.106)
Requirement already satisfied: nvidia-cuda-nvrtc-cu12==12.1.105 in /mnt/llama.cpp/venv/lib/python3.10/site-packages (from torch~=2.2.1->-r /home/ggml/work/llama.cpp/./requirements/requirements-convert_hf_to_gguf.txt (line 3)) (12.1.105)
Requirement already satisfied: nvidia-cudnn-cu12==8.9.2.26 in /mnt/llama.cpp/venv/lib/python3.10/site-packages (from torch~=2.2.1->-r /home/ggml/work/llama.cpp/./requirements/requirements-convert_hf_to_gguf.txt (line 3)) (8.9.2.26)
Requirement already satisfied: nvidia-cusolver-cu12==11.4.5.107 in /mnt/llama.cpp/venv/lib/python3.10/site-packages (from torch~=2.2.1->-r /home/ggml/work/llama.cpp/./requirements/requirements-convert_hf_to_gguf.txt (line 3)) (11.4.5.107)
Requirement already satisfied: sympy in /mnt/llama.cpp/venv/lib/python3.10/site-packages (from torch~=2.2.1->-r /home/ggml/work/llama.cpp/./requirements/requirements-convert_hf_to_gguf.txt (line 3)) (1.12)
Requirement already satisfied: nvidia-nvtx-cu12==12.1.105 in /mnt/llama.cpp/venv/lib/python3.10/site-packages (from torch~=2.2.1->-r /home/ggml/work/llama.cpp/./requirements/requirements-convert_hf_to_gguf.txt (line 3)) (12.1.105)
Requirement already satisfied: networkx in /mnt/llama.cpp/venv/lib/python3.10/site-packages (from torch~=2.2.1->-r /home/ggml/work/llama.cpp/./requirements/requirements-convert_hf_to_gguf.txt (line 3)) (3.2.1)
Requirement already satisfied: nvidia-nccl-cu12==2.19.3 in /mnt/llama.cpp/venv/lib/python3.10/site-packages (from torch~=2.2.1->-r /home/ggml/work/llama.cpp/./requirements/requirements-convert_hf_to_gguf.txt (line 3)) (2.19.3)
Requirement already satisfied: nvidia-cublas-cu12==12.1.3.1 in /mnt/llama.cpp/venv/lib/python3.10/site-packages (from torch~=2.2.1->-r /home/ggml/work/llama.cpp/./requirements/requirements-convert_hf_to_gguf.txt (line 3)) (12.1.3.1)
Requirement already satisfied: jinja2 in /mnt/llama.cpp/venv/lib/python3.10/site-packages (from torch~=2.2.1->-r /home/ggml/work/llama.cpp/./requirements/requirements-convert_hf_to_gguf.txt (line 3)) (3.1.3)
Requirement already satisfied: triton==2.2.0 in /mnt/llama.cpp/venv/lib/python3.10/site-packages (from torch~=2.2.1->-r /home/ggml/work/llama.cpp/./requirements/requirements-convert_hf_to_gguf.txt (line 3)) (2.2.0)
Requirement already satisfied: fsspec in /mnt/llama.cpp/venv/lib/python3.10/site-packages (from torch~=2.2.1->-r /home/ggml/work/llama.cpp/./requirements/requirements-convert_hf_to_gguf.txt (line 3)) (2024.2.0)
Requirement already satisfied: typing-extensions>=4.8.0 in /mnt/llama.cpp/venv/lib/python3.10/site-packages (from torch~=2.2.1->-r /home/ggml/work/llama.cpp/./requirements/requirements-convert_hf_to_gguf.txt (line 3)) (4.9.0)
Requirement already satisfied: nvidia-cuda-cupti-cu12==12.1.105 in /mnt/llama.cpp/venv/lib/python3.10/site-packages (from torch~=2.2.1->-r /home/ggml/work/llama.cpp/./requirements/requirements-convert_hf_to_gguf.txt (line 3)) (12.1.105)
Requirement already satisfied: nvidia-nvjitlink-cu12 in /mnt/llama.cpp/venv/lib/python3.10/site-packages (from nvidia-cusolver-cu12==11.4.5.107->torch~=2.2.1->-r /home/ggml/work/llama.cpp/./requirements/requirements-convert_hf_to_gguf.txt (line 3)) (12.3.101)
Requirement already satisfied: MarkupSafe>=2.0 in /mnt/llama.cpp/venv/lib/python3.10/site-packages (from jinja2->torch~=2.2.1->-r /home/ggml/work/llama.cpp/./requirements/requirements-convert_hf_to_gguf.txt (line 3)) (2.1.5)
Requirement already satisfied: charset-normalizer<4,>=2 in /mnt/llama.cpp/venv/lib/python3.10/site-packages (from requests->transformers<5.0.0,>=4.45.1->-r /home/ggml/work/llama.cpp/./requirements/requirements-convert_legacy_llama.txt (line 3)) (3.3.2)
Requirement already satisfied: certifi>=2017.4.17 in /mnt/llama.cpp/venv/lib/python3.10/site-packages (from requests->transformers<5.0.0,>=4.45.1->-r /home/ggml/work/llama.cpp/./requirements/requirements-convert_legacy_llama.txt (line 3)) (2024.2.2)
Requirement already satisfied: urllib3<3,>=1.21.1 in /mnt/llama.cpp/venv/lib/python3.10/site-packages (from requests->transformers<5.0.0,>=4.45.1->-r /home/ggml/work/llama.cpp/./requirements/requirements-convert_legacy_llama.txt (line 3)) (2.2.1)
Requirement already satisfied: idna<4,>=2.5 in /mnt/llama.cpp/venv/lib/python3.10/site-packages (from requests->transformers<5.0.0,>=4.45.1->-r /home/ggml/work/llama.cpp/./requirements/requirements-convert_legacy_llama.txt (line 3)) (3.6)
Requirement already satisfied: mpmath>=0.19 in /mnt/llama.cpp/venv/lib/python3.10/site-packages (from sympy->torch~=2.2.1->-r /home/ggml/work/llama.cpp/./requirements/requirements-convert_hf_to_gguf.txt (line 3)) (1.3.0)
Obtaining file:///home/ggml/work/llama.cpp/gguf-py
  Installing build dependencies: started
  Installing build dependencies: finished with status 'done'
  Checking if build backend supports build_editable: started
  Checking if build backend supports build_editable: finished with status 'done'
  Getting requirements to build editable: started
  Getting requirements to build editable: finished with status 'done'
  Preparing editable metadata (pyproject.toml): started
  Preparing editable metadata (pyproject.toml): finished with status 'done'
Requirement already satisfied: sentencepiece<=0.2.0,>=0.1.98 in /mnt/llama.cpp/venv/lib/python3.10/site-packages (from gguf==0.15.0) (0.2.0)
Requirement already satisfied: numpy>=1.17 in /mnt/llama.cpp/venv/lib/python3.10/site-packages (from gguf==0.15.0) (1.26.4)
Requirement already satisfied: tqdm>=4.27 in /mnt/llama.cpp/venv/lib/python3.10/site-packages (from gguf==0.15.0) (4.66.2)
Requirement already satisfied: pyyaml>=5.1 in /mnt/llama.cpp/venv/lib/python3.10/site-packages (from gguf==0.15.0) (6.0.1)
Building wheels for collected packages: gguf
  Building editable for gguf (pyproject.toml): started
  Building editable for gguf (pyproject.toml): finished with status 'done'
  Created wheel for gguf: filename=gguf-0.15.0-py3-none-any.whl size=3463 sha256=10c32970a6e7e43d1565f30e5877134e711a09a1c8a63176f923d7cc41855163
  Stored in directory: /tmp/pip-ephem-wheel-cache-wppq9fzf/wheels/a3/4c/52/c5934ad001d1a70ca5434f11ddc622cad9c0a484e9bf6feda3
Successfully built gguf
Installing collected packages: gguf
  Attempting uninstall: gguf
    Found existing installation: gguf 0.15.0
    Uninstalling gguf-0.15.0:
      Successfully uninstalled gguf-0.15.0
Successfully installed gguf-0.15.0
+ gg_run_ctest_debug
+ cd /home/ggml/work/llama.cpp
+ tee /home/ggml/results/llama.cpp/3a/4d2cbf0abce0853d3a6ed3795dd79443c228b8/ggml-4-x86-cuda-v100/ctest_debug.log
+ rm -rf build-ci-debug
+ mkdir build-ci-debug
+ cd build-ci-debug
+ set -e
+ gg_check_build_requirements
+ command -v cmake
+ command -v make
+ command -v ctest
+ tee -a /home/ggml/results/llama.cpp/3a/4d2cbf0abce0853d3a6ed3795dd79443c228b8/ggml-4-x86-cuda-v100/ctest_debug-cmake.log
+ cmake -DCMAKE_BUILD_TYPE=Debug -DLLAMA_FATAL_WARNINGS=ON -DGGML_CUDA=ON -DCMAKE_CUDA_ARCHITECTURES=native ..
-- The C compiler identification is GNU 11.4.0
-- The CXX compiler identification is GNU 11.4.0
-- Detecting C compiler ABI info
-- Detecting C compiler ABI info - done
-- Check for working C compiler: /usr/bin/cc - skipped
-- Detecting C compile features
-- Detecting C compile features - done
-- Detecting CXX compiler ABI info
-- Detecting CXX compiler ABI info - done
-- Check for working CXX compiler: /usr/bin/c++ - skipped
-- Detecting CXX compile features
-- Detecting CXX compile features - done
-- Found Git: /usr/bin/git (found version "2.34.1") 
-- Performing Test CMAKE_HAVE_LIBC_PTHREAD
-- Performing Test CMAKE_HAVE_LIBC_PTHREAD - Success
-- Found Threads: TRUE  
-- ccache found, compilation results will be cached. Disable with GGML_CCACHE=OFF.
-- CMAKE_SYSTEM_PROCESSOR: x86_64
-- Including CPU backend
-- Found OpenMP_C: -fopenmp (found version "4.5") 
-- Found OpenMP_CXX: -fopenmp (found version "4.5") 
-- Found OpenMP: TRUE (found version "4.5")  
-- x86 detected
-- Adding CPU backend variant ggml-cpu: -march=native 
-- Found CUDAToolkit: /usr/local/cuda-12.2/include (found version "12.2.140") 
-- CUDA Toolkit found
-- Using CUDA architectures: native
-- The CUDA compiler identification is NVIDIA 12.2.140
-- Detecting CUDA compiler ABI info
-- Detecting CUDA compiler ABI info - done
-- Check for working CUDA compiler: /usr/local/cuda-12.2/bin/nvcc - skipped
-- Detecting CUDA compile features
-- Detecting CUDA compile features - done
-- CUDA host compiler is GNU 11.4.0

-- Including CUDA backend
-- Configuring done (9.0s)
-- Generating done (0.2s)
-- Build files have been written to: /home/ggml/work/llama.cpp/build-ci-debug

real	0m9.286s
user	0m7.242s
sys	0m2.028s
+ tee -a /home/ggml/results/llama.cpp/3a/4d2cbf0abce0853d3a6ed3795dd79443c228b8/ggml-4-x86-cuda-v100/ctest_debug-make.log
++ nproc
+ make -j6
[  0%] Generating build details from Git
[  0%] Building C object ggml/src/CMakeFiles/ggml-base.dir/ggml.c.o
[  1%] Building C object ggml/src/CMakeFiles/ggml-base.dir/ggml-alloc.c.o
[  1%] Building C object examples/gguf-hash/CMakeFiles/sha256.dir/deps/sha256/sha256.c.o
[  2%] Building C object examples/gguf-hash/CMakeFiles/sha1.dir/deps/sha1/sha1.c.o
-- Found Git: /usr/bin/git (found version "2.34.1") 
[  3%] Building C object examples/gguf-hash/CMakeFiles/xxhash.dir/deps/xxhash/xxhash.c.o
[  3%] Building CXX object ggml/src/CMakeFiles/ggml-base.dir/ggml-backend.cpp.o
[  3%] Building CXX object ggml/src/CMakeFiles/ggml-base.dir/ggml-opt.cpp.o
[  3%] Built target sha256
[  3%] Built target xxhash
[  3%] Built target sha1
[  4%] Building CXX object ggml/src/CMakeFiles/ggml-base.dir/ggml-threading.cpp.o
[  4%] Building C object ggml/src/CMakeFiles/ggml-base.dir/ggml-quants.c.o
[  4%] Building CXX object ggml/src/CMakeFiles/ggml-base.dir/gguf.cpp.o
[  5%] Linking CXX shared library ../../bin/libggml-base.so
[  5%] Building CXX object common/CMakeFiles/build_info.dir/build-info.cpp.o
[  5%] Built target build_info
[  5%] Built target ggml-base
[  5%] Building C object ggml/src/CMakeFiles/ggml-cpu.dir/ggml-cpu/ggml-cpu.c.o
[  5%] Building CXX object ggml/src/CMakeFiles/ggml-cpu.dir/ggml-cpu/ggml-cpu.cpp.o
[  6%] Building CXX object ggml/src/CMakeFiles/ggml-cpu.dir/ggml-cpu/ggml-cpu-aarch64.cpp.o
[  6%] Building CXX object ggml/src/CMakeFiles/ggml-cpu.dir/ggml-cpu/ggml-cpu-hbm.cpp.o
[  7%] Building C object ggml/src/CMakeFiles/ggml-cpu.dir/ggml-cpu/ggml-cpu-quants.c.o
[  8%] Building CUDA object ggml/src/ggml-cuda/CMakeFiles/ggml-cuda.dir/acc.cu.o
[  8%] Building CXX object ggml/src/CMakeFiles/ggml-cpu.dir/ggml-cpu/ggml-cpu-traits.cpp.o
[  9%] Building CXX object ggml/src/CMakeFiles/ggml-cpu.dir/ggml-cpu/amx/mmq.cpp.o
[  9%] Building CXX object ggml/src/CMakeFiles/ggml-cpu.dir/ggml-cpu/amx/amx.cpp.o
[  9%] Building CXX object ggml/src/CMakeFiles/ggml-cpu.dir/ggml-cpu/llamafile/sgemm.cpp.o
[  9%] Building CUDA object ggml/src/ggml-cuda/CMakeFiles/ggml-cuda.dir/arange.cu.o
[  9%] Building CUDA object ggml/src/ggml-cuda/CMakeFiles/ggml-cuda.dir/argmax.cu.o
[ 10%] Building CUDA object ggml/src/ggml-cuda/CMakeFiles/ggml-cuda.dir/argsort.cu.o
[ 10%] Linking CXX shared library ../../bin/libggml-cpu.so
[ 10%] Building CUDA object ggml/src/ggml-cuda/CMakeFiles/ggml-cuda.dir/binbcast.cu.o
[ 10%] Building CUDA object ggml/src/ggml-cuda/CMakeFiles/ggml-cuda.dir/clamp.cu.o
[ 11%] Building CUDA object ggml/src/ggml-cuda/CMakeFiles/ggml-cuda.dir/concat.cu.o
[ 11%] Building CUDA object ggml/src/ggml-cuda/CMakeFiles/ggml-cuda.dir/conv-transpose-1d.cu.o
[ 12%] Building CUDA object ggml/src/ggml-cuda/CMakeFiles/ggml-cuda.dir/convert.cu.o
[ 12%] Building CUDA object ggml/src/ggml-cuda/CMakeFiles/ggml-cuda.dir/count-equal.cu.o
[ 12%] Building CUDA object ggml/src/ggml-cuda/CMakeFiles/ggml-cuda.dir/cpy.cu.o
[ 13%] Building CUDA object ggml/src/ggml-cuda/CMakeFiles/ggml-cuda.dir/cross-entropy-loss.cu.o
[ 13%] Building CUDA object ggml/src/ggml-cuda/CMakeFiles/ggml-cuda.dir/diagmask.cu.o
[ 13%] Building CUDA object ggml/src/ggml-cuda/CMakeFiles/ggml-cuda.dir/fattn-tile-f16.cu.o
[ 14%] Building CUDA object ggml/src/ggml-cuda/CMakeFiles/ggml-cuda.dir/fattn-tile-f32.cu.o
[ 14%] Building CUDA object ggml/src/ggml-cuda/CMakeFiles/ggml-cuda.dir/fattn-wmma-f16.cu.o
[ 14%] Building CUDA object ggml/src/ggml-cuda/CMakeFiles/ggml-cuda.dir/fattn.cu.o
[ 15%] Building CUDA object ggml/src/ggml-cuda/CMakeFiles/ggml-cuda.dir/getrows.cu.o
[ 15%] Building CUDA object ggml/src/ggml-cuda/CMakeFiles/ggml-cuda.dir/ggml-cuda.cu.o
[ 15%] Building CUDA object ggml/src/ggml-cuda/CMakeFiles/ggml-cuda.dir/gla.cu.o
[ 16%] Building CUDA object ggml/src/ggml-cuda/CMakeFiles/ggml-cuda.dir/im2col.cu.o
[ 16%] Building CUDA object ggml/src/ggml-cuda/CMakeFiles/ggml-cuda.dir/mmq.cu.o
[ 17%] Building CUDA object ggml/src/ggml-cuda/CMakeFiles/ggml-cuda.dir/mmv.cu.o
[ 17%] Building CUDA object ggml/src/ggml-cuda/CMakeFiles/ggml-cuda.dir/mmvq.cu.o
[ 18%] Building CUDA object ggml/src/ggml-cuda/CMakeFiles/ggml-cuda.dir/opt-step-adamw.cu.o
[ 18%] Building CUDA object ggml/src/ggml-cuda/CMakeFiles/ggml-cuda.dir/norm.cu.o
[ 18%] Building CUDA object ggml/src/ggml-cuda/CMakeFiles/ggml-cuda.dir/out-prod.cu.o
[ 18%] Building CUDA object ggml/src/ggml-cuda/CMakeFiles/ggml-cuda.dir/pad.cu.o
[ 19%] Building CUDA object ggml/src/ggml-cuda/CMakeFiles/ggml-cuda.dir/quantize.cu.o
[ 19%] Building CUDA object ggml/src/ggml-cuda/CMakeFiles/ggml-cuda.dir/pool2d.cu.o
[ 19%] Building CUDA object ggml/src/ggml-cuda/CMakeFiles/ggml-cuda.dir/rope.cu.o
[ 20%] Building CUDA object ggml/src/ggml-cuda/CMakeFiles/ggml-cuda.dir/scale.cu.o
[ 20%] Building CUDA object ggml/src/ggml-cuda/CMakeFiles/ggml-cuda.dir/softmax.cu.o
[ 20%] Building CUDA object ggml/src/ggml-cuda/CMakeFiles/ggml-cuda.dir/sum.cu.o
[ 21%] Building CUDA object ggml/src/ggml-cuda/CMakeFiles/ggml-cuda.dir/sumrows.cu.o
[ 21%] Built target ggml-cpu
[ 21%] Building CUDA object ggml/src/ggml-cuda/CMakeFiles/ggml-cuda.dir/tsembd.cu.o
[ 22%] Building CUDA object ggml/src/ggml-cuda/CMakeFiles/ggml-cuda.dir/unary.cu.o
[ 22%] Building CUDA object ggml/src/ggml-cuda/CMakeFiles/ggml-cuda.dir/upscale.cu.o
[ 22%] Building CUDA object ggml/src/ggml-cuda/CMakeFiles/ggml-cuda.dir/wkv6.cu.o
[ 23%] Building CUDA object ggml/src/ggml-cuda/CMakeFiles/ggml-cuda.dir/template-instances/fattn-mma-f16-instance-cpb16.cu.o
[ 23%] Building CUDA object ggml/src/ggml-cuda/CMakeFiles/ggml-cuda.dir/template-instances/fattn-mma-f16-instance-cpb32.cu.o
[ 23%] Building CUDA object ggml/src/ggml-cuda/CMakeFiles/ggml-cuda.dir/template-instances/fattn-mma-f16-instance-cpb64.cu.o
[ 24%] Building CUDA object ggml/src/ggml-cuda/CMakeFiles/ggml-cuda.dir/template-instances/fattn-mma-f16-instance-cpb8.cu.o
[ 24%] Building CUDA object ggml/src/ggml-cuda/CMakeFiles/ggml-cuda.dir/template-instances/mmq-instance-iq1_s.cu.o
[ 24%] Building CUDA object ggml/src/ggml-cuda/CMakeFiles/ggml-cuda.dir/template-instances/mmq-instance-iq2_s.cu.o
[ 25%] Building CUDA object ggml/src/ggml-cuda/CMakeFiles/ggml-cuda.dir/template-instances/mmq-instance-iq2_xs.cu.o
[ 25%] Building CUDA object ggml/src/ggml-cuda/CMakeFiles/ggml-cuda.dir/template-instances/mmq-instance-iq2_xxs.cu.o
[ 25%] Building CUDA object ggml/src/ggml-cuda/CMakeFiles/ggml-cuda.dir/template-instances/mmq-instance-iq3_s.cu.o
[ 26%] Building CUDA object ggml/src/ggml-cuda/CMakeFiles/ggml-cuda.dir/template-instances/mmq-instance-iq3_xxs.cu.o
[ 26%] Building CUDA object ggml/src/ggml-cuda/CMakeFiles/ggml-cuda.dir/template-instances/mmq-instance-iq4_nl.cu.o
[ 27%] Building CUDA object ggml/src/ggml-cuda/CMakeFiles/ggml-cuda.dir/template-instances/mmq-instance-iq4_xs.cu.o
[ 27%] Building CUDA object ggml/src/ggml-cuda/CMakeFiles/ggml-cuda.dir/template-instances/mmq-instance-q2_k.cu.o
[ 27%] Building CUDA object ggml/src/ggml-cuda/CMakeFiles/ggml-cuda.dir/template-instances/mmq-instance-q3_k.cu.o
[ 28%] Building CUDA object ggml/src/ggml-cuda/CMakeFiles/ggml-cuda.dir/template-instances/mmq-instance-q4_1.cu.o
[ 28%] Building CUDA object ggml/src/ggml-cuda/CMakeFiles/ggml-cuda.dir/template-instances/mmq-instance-q4_0.cu.o
[ 28%] Building CUDA object ggml/src/ggml-cuda/CMakeFiles/ggml-cuda.dir/template-instances/mmq-instance-q4_k.cu.o
[ 29%] Building CUDA object ggml/src/ggml-cuda/CMakeFiles/ggml-cuda.dir/template-instances/mmq-instance-q5_0.cu.o
[ 29%] Building CUDA object ggml/src/ggml-cuda/CMakeFiles/ggml-cuda.dir/template-instances/mmq-instance-q5_1.cu.o
[ 29%] Building CUDA object ggml/src/ggml-cuda/CMakeFiles/ggml-cuda.dir/template-instances/mmq-instance-q5_k.cu.o
[ 30%] Building CUDA object ggml/src/ggml-cuda/CMakeFiles/ggml-cuda.dir/template-instances/mmq-instance-q6_k.cu.o
[ 30%] Building CUDA object ggml/src/ggml-cuda/CMakeFiles/ggml-cuda.dir/template-instances/mmq-instance-q8_0.cu.o
[ 30%] Building CUDA object ggml/src/ggml-cuda/CMakeFiles/ggml-cuda.dir/template-instances/fattn-vec-f16-instance-hs128-q4_0-q4_0.cu.o
[ 31%] Building CUDA object ggml/src/ggml-cuda/CMakeFiles/ggml-cuda.dir/template-instances/fattn-vec-f32-instance-hs128-q4_0-q4_0.cu.o
[ 31%] Building CUDA object ggml/src/ggml-cuda/CMakeFiles/ggml-cuda.dir/template-instances/fattn-vec-f16-instance-hs128-q8_0-q8_0.cu.o
[ 32%] Building CUDA object ggml/src/ggml-cuda/CMakeFiles/ggml-cuda.dir/template-instances/fattn-vec-f32-instance-hs128-q8_0-q8_0.cu.o
[ 32%] Building CUDA object ggml/src/ggml-cuda/CMakeFiles/ggml-cuda.dir/template-instances/fattn-vec-f16-instance-hs128-f16-f16.cu.o
[ 32%] Building CUDA object ggml/src/ggml-cuda/CMakeFiles/ggml-cuda.dir/template-instances/fattn-vec-f16-instance-hs256-f16-f16.cu.o
[ 33%] Building CUDA object ggml/src/ggml-cuda/CMakeFiles/ggml-cuda.dir/template-instances/fattn-vec-f16-instance-hs64-f16-f16.cu.o
[ 33%] Building CUDA object ggml/src/ggml-cuda/CMakeFiles/ggml-cuda.dir/template-instances/fattn-vec-f32-instance-hs256-f16-f16.cu.o
[ 33%] Building CUDA object ggml/src/ggml-cuda/CMakeFiles/ggml-cuda.dir/template-instances/fattn-vec-f32-instance-hs128-f16-f16.cu.o
[ 34%] Building CUDA object ggml/src/ggml-cuda/CMakeFiles/ggml-cuda.dir/template-instances/fattn-vec-f32-instance-hs64-f16-f16.cu.o
[ 34%] Linking CUDA shared library ../../../bin/libggml-cuda.so
[ 34%] Built target ggml-cuda
[ 35%] Building CXX object ggml/src/CMakeFiles/ggml.dir/ggml-backend-reg.cpp.o
[ 35%] Linking CXX shared library ../../bin/libggml.so
[ 35%] Built target ggml
[ 35%] Building CXX object examples/gguf-hash/CMakeFiles/llama-gguf-hash.dir/gguf-hash.cpp.o
[ 35%] Building CXX object src/CMakeFiles/llama.dir/llama.cpp.o
[ 36%] Building CXX object src/CMakeFiles/llama.dir/llama-adapter.cpp.o
[ 36%] Building CXX object src/CMakeFiles/llama.dir/llama-arch.cpp.o
[ 36%] Building CXX object examples/gguf/CMakeFiles/llama-gguf.dir/gguf.cpp.o
[ 36%] Building CXX object src/CMakeFiles/llama.dir/llama-batch.cpp.o
[ 36%] Linking CXX executable ../../bin/llama-gguf-hash
[ 37%] Linking CXX executable ../../bin/llama-gguf
[ 38%] Building CXX object src/CMakeFiles/llama.dir/llama-chat.cpp.o
[ 38%] Building CXX object src/CMakeFiles/llama.dir/llama-context.cpp.o
[ 39%] Building CXX object src/CMakeFiles/llama.dir/llama-grammar.cpp.o
[ 39%] Building CXX object src/CMakeFiles/llama.dir/llama-graph.cpp.o
[ 40%] Building CXX object src/CMakeFiles/llama.dir/llama-impl.cpp.o
[ 40%] Building CXX object src/CMakeFiles/llama.dir/llama-kv-cache.cpp.o
[ 40%] Building CXX object src/CMakeFiles/llama.dir/llama-mmap.cpp.o
[ 40%] Building CXX object src/CMakeFiles/llama.dir/llama-hparams.cpp.o
[ 41%] Building CXX object src/CMakeFiles/llama.dir/llama-model-loader.cpp.o
[ 41%] Building CXX object src/CMakeFiles/llama.dir/llama-model.cpp.o
[ 41%] Building CXX object src/CMakeFiles/llama.dir/llama-quant.cpp.o
[ 42%] Building CXX object src/CMakeFiles/llama.dir/llama-sampling.cpp.o
[ 42%] Building CXX object src/CMakeFiles/llama.dir/llama-vocab.cpp.o
[ 42%] Building CXX object src/CMakeFiles/llama.dir/unicode.cpp.o
[ 43%] Building CXX object src/CMakeFiles/llama.dir/unicode-data.cpp.o
[ 43%] Built target llama-gguf
[ 43%] Built target llama-gguf-hash
[ 43%] Linking CXX shared library ../bin/libllama.so
[ 43%] Built target llama
[ 44%] Building CXX object common/CMakeFiles/common.dir/arg.cpp.o
[ 45%] Building C object tests/CMakeFiles/test-c.dir/test-c.c.o
[ 45%] Building CXX object examples/simple/CMakeFiles/llama-simple.dir/simple.cpp.o
[ 45%] Building CXX object examples/quantize-stats/CMakeFiles/llama-quantize-stats.dir/quantize-stats.cpp.o
[ 45%] Building CXX object examples/llava/CMakeFiles/llava.dir/llava.cpp.o
[ 45%] Building CXX object examples/simple-chat/CMakeFiles/llama-simple-chat.dir/simple-chat.cpp.o
[ 45%] Linking C executable ../bin/test-c
[ 46%] Linking CXX executable ../../bin/llama-simple
[ 47%] Building CXX object examples/llava/CMakeFiles/llava.dir/clip.cpp.o
[ 47%] Linking CXX executable ../../bin/llama-simple-chat
[ 47%] Linking CXX executable ../../bin/llama-quantize-stats
[ 47%] Building CXX object common/CMakeFiles/common.dir/chat.cpp.o
[ 47%] Built target llava
[ 47%] Built target test-c
[ 47%] Linking CXX static library libllava_static.a
[ 47%] Linking CXX shared library ../../bin/libllava_shared.so
[ 47%] Building CXX object common/CMakeFiles/common.dir/common.cpp.o
[ 47%] Built target llava_static
[ 48%] Building CXX object common/CMakeFiles/common.dir/console.cpp.o
[ 48%] Building CXX object common/CMakeFiles/common.dir/json-schema-to-grammar.cpp.o
[ 48%] Building CXX object common/CMakeFiles/common.dir/llguidance.cpp.o
[ 49%] Building CXX object common/CMakeFiles/common.dir/log.cpp.o
[ 49%] Building CXX object common/CMakeFiles/common.dir/ngram-cache.cpp.o
[ 49%] Building CXX object common/CMakeFiles/common.dir/sampling.cpp.o
[ 50%] Building CXX object common/CMakeFiles/common.dir/speculative.cpp.o
[ 50%] Built target llama-simple
[ 50%] Linking CXX static library libcommon.a
[ 50%] Built target llama-simple-chat
[ 50%] Built target llama-quantize-stats
[ 50%] Built target llava_shared
[ 50%] Built target common
[ 50%] Building CXX object tests/CMakeFiles/test-tokenizer-0.dir/test-tokenizer-0.cpp.o
[ 51%] Building CXX object tests/CMakeFiles/test-grammar-parser.dir/test-grammar-parser.cpp.o
[ 51%] Building CXX object tests/CMakeFiles/test-sampling.dir/test-sampling.cpp.o
[ 52%] Building CXX object tests/CMakeFiles/test-grammar-integration.dir/test-grammar-integration.cpp.o
[ 52%] Building CXX object tests/CMakeFiles/test-llama-grammar.dir/test-llama-grammar.cpp.o
[ 52%] Building CXX object tests/CMakeFiles/test-chat.dir/test-chat.cpp.o
[ 52%] Building CXX object tests/CMakeFiles/test-grammar-parser.dir/get-model.cpp.o
[ 53%] Linking CXX executable ../bin/test-tokenizer-0
[ 54%] Building CXX object tests/CMakeFiles/test-sampling.dir/get-model.cpp.o
[ 54%] Building CXX object tests/CMakeFiles/test-llama-grammar.dir/get-model.cpp.o
[ 54%] Linking CXX executable ../bin/test-grammar-parser
[ 54%] Linking CXX executable ../bin/test-sampling
[ 55%] Linking CXX executable ../bin/test-llama-grammar
[ 55%] Building CXX object tests/CMakeFiles/test-grammar-integration.dir/get-model.cpp.o
[ 55%] Linking CXX executable ../bin/test-grammar-integration
[ 56%] Building CXX object tests/CMakeFiles/test-chat.dir/get-model.cpp.o
[ 56%] Linking CXX executable ../bin/test-chat
[ 56%] Built target test-grammar-parser
[ 56%] Built target test-sampling
[ 57%] Building CXX object tests/CMakeFiles/test-json-schema-to-grammar.dir/test-json-schema-to-grammar.cpp.o
[ 57%] Building CXX object tests/CMakeFiles/test-tokenizer-1-bpe.dir/test-tokenizer-1-bpe.cpp.o
[ 57%] Built target test-llama-grammar
[ 58%] Building CXX object tests/CMakeFiles/test-tokenizer-1-spm.dir/test-tokenizer-1-spm.cpp.o
[ 58%] Linking CXX executable ../bin/test-tokenizer-1-bpe
[ 58%] Linking CXX executable ../bin/test-tokenizer-1-spm
[ 58%] Building CXX object tests/CMakeFiles/test-json-schema-to-grammar.dir/get-model.cpp.o
[ 59%] Linking CXX executable ../bin/test-json-schema-to-grammar
[ 59%] Built target test-tokenizer-0
[ 59%] Building CXX object tests/CMakeFiles/test-log.dir/test-log.cpp.o
[ 59%] Building CXX object tests/CMakeFiles/test-log.dir/get-model.cpp.o
[ 60%] Linking CXX executable ../bin/test-log
[ 60%] Built target test-grammar-integration
[ 60%] Building CXX object tests/CMakeFiles/test-arg-parser.dir/test-arg-parser.cpp.o
[ 61%] Building CXX object tests/CMakeFiles/test-arg-parser.dir/get-model.cpp.o
[ 61%] Linking CXX executable ../bin/test-arg-parser
[ 61%] Built target test-log
[ 62%] Building CXX object tests/CMakeFiles/test-chat-template.dir/test-chat-template.cpp.o
[ 62%] Built target test-tokenizer-1-bpe
[ 63%] Building CXX object tests/CMakeFiles/test-gguf.dir/test-gguf.cpp.o
[ 63%] Built target test-tokenizer-1-spm
[ 63%] Building CXX object tests/CMakeFiles/test-gguf.dir/get-model.cpp.o
[ 63%] Linking CXX executable ../bin/test-gguf
[ 64%] Building CXX object tests/CMakeFiles/test-backend-ops.dir/test-backend-ops.cpp.o
[ 64%] Building CXX object tests/CMakeFiles/test-chat-template.dir/get-model.cpp.o
[ 64%] Building CXX object tests/CMakeFiles/test-backend-ops.dir/get-model.cpp.o
[ 64%] Linking CXX executable ../bin/test-chat-template
[ 64%] Linking CXX executable ../bin/test-backend-ops
[ 64%] Built target test-gguf
[ 64%] Building CXX object tests/CMakeFiles/test-model-load-cancel.dir/test-model-load-cancel.cpp.o
[ 64%] Building CXX object tests/CMakeFiles/test-model-load-cancel.dir/get-model.cpp.o
[ 65%] Linking CXX executable ../bin/test-model-load-cancel
[ 65%] Built target test-backend-ops
[ 66%] Building CXX object tests/CMakeFiles/test-autorelease.dir/test-autorelease.cpp.o
[ 66%] Building CXX object tests/CMakeFiles/test-autorelease.dir/get-model.cpp.o
[ 66%] Built target test-json-schema-to-grammar
[ 66%] Linking CXX executable ../bin/test-autorelease
[ 67%] Building CXX object tests/CMakeFiles/test-barrier.dir/test-barrier.cpp.o
[ 67%] Building CXX object tests/CMakeFiles/test-barrier.dir/get-model.cpp.o
[ 67%] Linking CXX executable ../bin/test-barrier
[ 67%] Built target test-chat
[ 67%] Built target test-model-load-cancel
[ 67%] Building CXX object tests/CMakeFiles/test-quantize-fns.dir/test-quantize-fns.cpp.o
[ 67%] Building CXX object tests/CMakeFiles/test-quantize-perf.dir/test-quantize-perf.cpp.o
[ 67%] Building CXX object tests/CMakeFiles/test-quantize-fns.dir/get-model.cpp.o
[ 68%] Linking CXX executable ../bin/test-quantize-fns
[ 69%] Building CXX object tests/CMakeFiles/test-quantize-perf.dir/get-model.cpp.o
[ 69%] Linking CXX executable ../bin/test-quantize-perf
[ 69%] Built target test-barrier
[ 69%] Building CXX object tests/CMakeFiles/test-rope.dir/test-rope.cpp.o
[ 70%] Building CXX object tests/CMakeFiles/test-rope.dir/get-model.cpp.o
[ 70%] Linking CXX executable ../bin/test-rope
[ 70%] Built target test-autorelease
[ 70%] Building CXX object examples/batched-bench/CMakeFiles/llama-batched-bench.dir/batched-bench.cpp.o
[ 71%] Linking CXX executable ../../bin/llama-batched-bench
[ 71%] Built target test-quantize-fns
[ 72%] Building CXX object examples/batched/CMakeFiles/llama-batched.dir/batched.cpp.o
[ 72%] Built target test-quantize-perf
[ 72%] Linking CXX executable ../../bin/llama-batched
[ 72%] Built target test-rope
[ 73%] Building CXX object examples/embedding/CMakeFiles/llama-embedding.dir/embedding.cpp.o
[ 74%] Building CXX object examples/eval-callback/CMakeFiles/llama-eval-callback.dir/eval-callback.cpp.o
[ 74%] Linking CXX executable ../../bin/llama-embedding
[ 74%] Linking CXX executable ../../bin/llama-eval-callback
[ 74%] Built target test-arg-parser
[ 74%] Building CXX object examples/gbnf-validator/CMakeFiles/llama-gbnf-validator.dir/gbnf-validator.cpp.o
[ 74%] Linking CXX executable ../../bin/llama-gbnf-validator
[ 74%] Built target llama-gbnf-validator
[ 75%] Building CXX object examples/gguf-split/CMakeFiles/llama-gguf-split.dir/gguf-split.cpp.o
[ 75%] Built target test-chat-template
[ 75%] Linking CXX executable ../../bin/llama-gguf-split
[ 76%] Building CXX object examples/gritlm/CMakeFiles/llama-gritlm.dir/gritlm.cpp.o
[ 76%] Linking CXX executable ../../bin/llama-gritlm
[ 76%] Built target llama-gguf-split
[ 76%] Building CXX object examples/imatrix/CMakeFiles/llama-imatrix.dir/imatrix.cpp.o
[ 77%] Linking CXX executable ../../bin/llama-imatrix
[ 77%] Built target llama-batched
[ 77%] Building CXX object examples/infill/CMakeFiles/llama-infill.dir/infill.cpp.o
[ 77%] Linking CXX executable ../../bin/llama-infill
[ 77%] Built target llama-embedding
[ 77%] Built target llama-eval-callback
[ 77%] Building CXX object examples/llama-bench/CMakeFiles/llama-bench.dir/llama-bench.cpp.o
[ 77%] Building CXX object examples/lookahead/CMakeFiles/llama-lookahead.dir/lookahead.cpp.o
[ 77%] Linking CXX executable ../../bin/llama-lookahead
[ 77%] Built target llama-batched-bench
[ 77%] Linking CXX executable ../../bin/llama-bench
[ 78%] Building CXX object examples/lookup/CMakeFiles/llama-lookup.dir/lookup.cpp.o
[ 78%] Linking CXX executable ../../bin/llama-lookup
[ 78%] Built target llama-gritlm
[ 79%] Building CXX object examples/lookup/CMakeFiles/llama-lookup-create.dir/lookup-create.cpp.o
[ 79%] Linking CXX executable ../../bin/llama-lookup-create
[ 79%] Built target llama-bench
[ 79%] Building CXX object examples/lookup/CMakeFiles/llama-lookup-merge.dir/lookup-merge.cpp.o
[ 80%] Linking CXX executable ../../bin/llama-lookup-merge
[ 80%] Built target llama-infill
[ 80%] Building CXX object examples/lookup/CMakeFiles/llama-lookup-stats.dir/lookup-stats.cpp.o
[ 80%] Built target llama-imatrix
[ 80%] Built target llama-lookahead
[ 81%] Building CXX object examples/main/CMakeFiles/llama-cli.dir/main.cpp.o
[ 81%] Linking CXX executable ../../bin/llama-lookup-stats
[ 81%] Building CXX object examples/parallel/CMakeFiles/llama-parallel.dir/parallel.cpp.o
[ 82%] Linking CXX executable ../../bin/llama-parallel
[ 82%] Linking CXX executable ../../bin/llama-cli
[ 82%] Built target llama-lookup-merge
[ 82%] Building CXX object examples/passkey/CMakeFiles/llama-passkey.dir/passkey.cpp.o
[ 82%] Linking CXX executable ../../bin/llama-passkey
[ 82%] Built target llama-lookup
[ 83%] Building CXX object examples/perplexity/CMakeFiles/llama-perplexity.dir/perplexity.cpp.o
[ 83%] Linking CXX executable ../../bin/llama-perplexity
[ 83%] Built target llama-lookup-create
[ 83%] Building CXX object examples/quantize/CMakeFiles/llama-quantize.dir/quantize.cpp.o
[ 84%] Linking CXX executable ../../bin/llama-quantize
[ 84%] Built target llama-parallel
[ 84%] Building CXX object examples/retrieval/CMakeFiles/llama-retrieval.dir/retrieval.cpp.o
[ 85%] Linking CXX executable ../../bin/llama-retrieval
[ 85%] Built target llama-passkey
[ 85%] Built target llama-lookup-stats
[ 85%] Generating loading.html.hpp
[ 85%] Generating index.html.gz.hpp
[ 85%] Building CXX object examples/save-load-state/CMakeFiles/llama-save-load-state.dir/save-load-state.cpp.o
[ 86%] Linking CXX executable ../../bin/llama-save-load-state
[ 86%] Built target llama-cli
[ 86%] Building CXX object examples/run/CMakeFiles/llama-run.dir/run.cpp.o
[ 86%] Building CXX object examples/run/CMakeFiles/llama-run.dir/linenoise.cpp/linenoise.cpp.o
[ 87%] Linking CXX executable ../../bin/llama-run
[ 87%] Built target llama-perplexity
[ 88%] Building CXX object examples/speculative/CMakeFiles/llama-speculative.dir/speculative.cpp.o
[ 88%] Linking CXX executable ../../bin/llama-speculative
[ 88%] Built target llama-quantize
[ 88%] Building CXX object examples/speculative-simple/CMakeFiles/llama-speculative-simple.dir/speculative-simple.cpp.o
[ 89%] Linking CXX executable ../../bin/llama-speculative-simple
[ 89%] Built target llama-retrieval
[ 89%] Built target llama-save-load-state
[ 89%] Building CXX object examples/tokenize/CMakeFiles/llama-tokenize.dir/tokenize.cpp.o
[ 89%] Building CXX object examples/tts/CMakeFiles/llama-tts.dir/tts.cpp.o
[ 90%] Linking CXX executable ../../bin/llama-tokenize
[ 90%] Linking CXX executable ../../bin/llama-tts
[ 90%] Built target llama-run
[ 91%] Building CXX object examples/gen-docs/CMakeFiles/llama-gen-docs.dir/gen-docs.cpp.o
[ 91%] Linking CXX executable ../../bin/llama-gen-docs
[ 91%] Built target llama-speculative
[ 91%] Building CXX object examples/convert-llama2c-to-ggml/CMakeFiles/llama-convert-llama2c-to-ggml.dir/convert-llama2c-to-ggml.cpp.o
[ 92%] Linking CXX executable ../../bin/llama-convert-llama2c-to-ggml
[ 93%] Building CXX object examples/server/CMakeFiles/llama-server.dir/server.cpp.o
[ 93%] Linking CXX executable ../../bin/llama-server
[ 93%] Built target llama-speculative-simple
[ 93%] Building CXX object examples/cvector-generator/CMakeFiles/llama-cvector-generator.dir/cvector-generator.cpp.o
[ 93%] Linking CXX executable ../../bin/llama-cvector-generator
[ 93%] Built target llama-tokenize
[ 93%] Building CXX object examples/export-lora/CMakeFiles/llama-export-lora.dir/export-lora.cpp.o
[ 94%] Linking CXX executable ../../bin/llama-export-lora
[ 94%] Built target llama-gen-docs
[ 94%] Built target llama-convert-llama2c-to-ggml
[ 95%] Building CXX object examples/llava/CMakeFiles/llama-llava-cli.dir/llava-cli.cpp.o
[ 96%] Building CXX object examples/llava/CMakeFiles/llama-minicpmv-cli.dir/minicpmv-cli.cpp.o
[ 96%] Linking CXX executable ../../bin/llama-llava-cli
[ 96%] Linking CXX executable ../../bin/llama-minicpmv-cli
[ 96%] Built target llama-tts
[ 97%] Building CXX object examples/llava/CMakeFiles/llama-qwen2vl-cli.dir/qwen2vl-cli.cpp.o
[ 97%] Linking CXX executable ../../bin/llama-qwen2vl-cli
[ 97%] Built target llama-cvector-generator
[ 97%] Building CXX object examples/llava/CMakeFiles/llama-llava-clip-quantize-cli.dir/clip-quantize-cli.cpp.o
[ 98%] Linking CXX executable ../../bin/llama-llava-clip-quantize-cli
[ 98%] Built target llama-export-lora
[ 99%] Building CXX object pocs/vdot/CMakeFiles/llama-vdot.dir/vdot.cpp.o
[ 99%] Linking CXX executable ../../bin/llama-vdot
[ 99%] Built target llama-vdot
[100%] Building CXX object pocs/vdot/CMakeFiles/llama-q8dot.dir/q8dot.cpp.o
[100%] Linking CXX executable ../../bin/llama-q8dot
[100%] Built target llama-llava-clip-quantize-cli
[100%] Built target llama-q8dot
[100%] Built target llama-server
[100%] Built target llama-llava-cli
[100%] Built target llama-qwen2vl-cli
[100%] Built target llama-minicpmv-cli

real	0m15.836s
user	1m1.054s
sys	0m10.746s
+ tee -a /home/ggml/results/llama.cpp/3a/4d2cbf0abce0853d3a6ed3795dd79443c228b8/ggml-4-x86-cuda-v100/ctest_debug-ctest.log
+ ctest --output-on-failure -L main -E test-opt
Test project /home/ggml/work/llama.cpp/build-ci-debug
      Start  1: test-tokenizer-0-bert-bge
 1/29 Test  #1: test-tokenizer-0-bert-bge .........   Passed    0.71 sec
      Start  2: test-tokenizer-0-command-r
 2/29 Test  #2: test-tokenizer-0-command-r ........   Passed    3.62 sec
      Start  3: test-tokenizer-0-deepseek-coder
 3/29 Test  #3: test-tokenizer-0-deepseek-coder ...   Passed    0.92 sec
      Start  4: test-tokenizer-0-deepseek-llm
 4/29 Test  #4: test-tokenizer-0-deepseek-llm .....   Passed    1.71 sec
      Start  5: test-tokenizer-0-falcon
 5/29 Test  #5: test-tokenizer-0-falcon ...........   Passed    1.24 sec
      Start  6: test-tokenizer-0-gpt-2
 6/29 Test  #6: test-tokenizer-0-gpt-2 ............   Passed    1.08 sec
      Start  7: test-tokenizer-0-llama-bpe
 7/29 Test  #7: test-tokenizer-0-llama-bpe ........   Passed    2.44 sec
      Start  8: test-tokenizer-0-llama-spm
 8/29 Test  #8: test-tokenizer-0-llama-spm ........   Passed    0.71 sec
      Start  9: test-tokenizer-0-mpt
 9/29 Test  #9: test-tokenizer-0-mpt ..............   Passed    1.09 sec
      Start 10: test-tokenizer-0-phi-3
10/29 Test #10: test-tokenizer-0-phi-3 ............   Passed    0.71 sec
      Start 11: test-tokenizer-0-qwen2
11/29 Test #11: test-tokenizer-0-qwen2 ............   Passed    2.33 sec
      Start 12: test-tokenizer-0-refact
12/29 Test #12: test-tokenizer-0-refact ...........   Passed    1.08 sec
      Start 13: test-tokenizer-0-starcoder
13/29 Test #13: test-tokenizer-0-starcoder ........   Passed    1.08 sec
      Start 14: test-sampling
14/29 Test #14: test-sampling .....................   Passed    8.18 sec
      Start 15: test-grammar-parser
15/29 Test #15: test-grammar-parser ...............   Passed    0.05 sec
      Start 16: test-grammar-integration
16/29 Test #16: test-grammar-integration ..........   Passed    0.09 sec
      Start 17: test-llama-grammar
17/29 Test #17: test-llama-grammar ................   Passed    0.04 sec
      Start 18: test-chat
18/29 Test #18: test-chat .........................   Passed   10.13 sec
      Start 19: test-json-schema-to-grammar
19/29 Test #19: test-json-schema-to-grammar .......   Passed    2.74 sec
      Start 20: test-tokenizer-1-llama-spm
20/29 Test #20: test-tokenizer-1-llama-spm ........   Passed    2.75 sec
      Start 21: test-log
21/29 Test #21: test-log ..........................   Passed    0.03 sec
      Start 22: test-arg-parser
22/29 Test #22: test-arg-parser ...................   Passed    0.33 sec
      Start 23: test-chat-template
23/29 Test #23: test-chat-template ................   Passed    1.75 sec
      Start 24: test-gguf
24/29 Test #24: test-gguf .........................   Passed    1.06 sec
      Start 25: test-backend-ops
25/29 Test #25: test-backend-ops ..................   Passed  209.97 sec
      Start 28: test-barrier
26/29 Test #28: test-barrier ......................   Passed    2.62 sec
      Start 29: test-quantize-fns
27/29 Test #29: test-quantize-fns .................   Passed   35.41 sec
      Start 30: test-quantize-perf
28/29 Test #30: test-quantize-perf ................   Passed    0.35 sec
      Start 31: test-rope
29/29 Test #31: test-rope .........................   Passed    0.12 sec

100% tests passed, 0 tests failed out of 29

Label Time Summary:
main    = 294.34 sec*proc (29 tests)

Total Test time (real) = 295.49 sec

real	4m55.529s
user	12m2.580s
sys	0m14.885s
+ set +e
+ cur=0
+ echo 0
+ set +x
+ gg_run_ctest_release
+ cd /home/ggml/work/llama.cpp
+ rm -rf build-ci-release
+ tee /home/ggml/results/llama.cpp/3a/4d2cbf0abce0853d3a6ed3795dd79443c228b8/ggml-4-x86-cuda-v100/ctest_release.log
+ mkdir build-ci-release
+ cd build-ci-release
+ set -e
+ gg_check_build_requirements
+ command -v cmake
+ command -v make
+ command -v ctest
+ tee -a /home/ggml/results/llama.cpp/3a/4d2cbf0abce0853d3a6ed3795dd79443c228b8/ggml-4-x86-cuda-v100/ctest_release-cmake.log
+ cmake -DCMAKE_BUILD_TYPE=Release -DLLAMA_FATAL_WARNINGS=ON -DGGML_CUDA=ON -DCMAKE_CUDA_ARCHITECTURES=native ..
-- The C compiler identification is GNU 11.4.0
-- The CXX compiler identification is GNU 11.4.0
-- Detecting C compiler ABI info
-- Detecting C compiler ABI info - done
-- Check for working C compiler: /usr/bin/cc - skipped
-- Detecting C compile features
-- Detecting C compile features - done
-- Detecting CXX compiler ABI info
-- Detecting CXX compiler ABI info - done
-- Check for working CXX compiler: /usr/bin/c++ - skipped
-- Detecting CXX compile features
-- Detecting CXX compile features - done
-- Found Git: /usr/bin/git (found version "2.34.1") 
-- Performing Test CMAKE_HAVE_LIBC_PTHREAD
-- Performing Test CMAKE_HAVE_LIBC_PTHREAD - Success
-- Found Threads: TRUE  
-- ccache found, compilation results will be cached. Disable with GGML_CCACHE=OFF.
-- CMAKE_SYSTEM_PROCESSOR: x86_64
-- Including CPU backend
-- Found OpenMP_C: -fopenmp (found version "4.5") 
-- Found OpenMP_CXX: -fopenmp (found version "4.5") 
-- Found OpenMP: TRUE (found version "4.5")  
-- x86 detected
-- Adding CPU backend variant ggml-cpu: -march=native 
-- Found CUDAToolkit: /usr/local/cuda-12.2/include (found version "12.2.140") 
-- CUDA Toolkit found
-- Using CUDA architectures: native
-- The CUDA compiler identification is NVIDIA 12.2.140
-- Detecting CUDA compiler ABI info
-- Detecting CUDA compiler ABI info - done
-- Check for working CUDA compiler: /usr/local/cuda-12.2/bin/nvcc - skipped
-- Detecting CUDA compile features
-- Detecting CUDA compile features - done
-- CUDA host compiler is GNU 11.4.0

-- Including CUDA backend
-- Configuring done (9.0s)
-- Generating done (0.2s)
-- Build files have been written to: /home/ggml/work/llama.cpp/build-ci-release

real	0m9.322s
user	0m7.488s
sys	0m1.828s
+ tee -a /home/ggml/results/llama.cpp/3a/4d2cbf0abce0853d3a6ed3795dd79443c228b8/ggml-4-x86-cuda-v100/ctest_release-make.log
++ nproc
+ make -j6
[  0%] Building C object ggml/src/CMakeFiles/ggml-base.dir/ggml.c.o
[  0%] Building CXX object common/CMakeFiles/build_info.dir/build-info.cpp.o
[  0%] Building C object examples/gguf-hash/CMakeFiles/sha256.dir/deps/sha256/sha256.c.o
[  1%] Building C object ggml/src/CMakeFiles/ggml-base.dir/ggml-alloc.c.o
[  2%] Building C object examples/gguf-hash/CMakeFiles/xxhash.dir/deps/xxhash/xxhash.c.o
[  3%] Building C object examples/gguf-hash/CMakeFiles/sha1.dir/deps/sha1/sha1.c.o
[  3%] Built target sha256
[  3%] Built target sha1
[  3%] Building CXX object ggml/src/CMakeFiles/ggml-base.dir/ggml-backend.cpp.o
[  3%] Built target xxhash
[  3%] Building CXX object ggml/src/CMakeFiles/ggml-base.dir/ggml-opt.cpp.o
[  4%] Building CXX object ggml/src/CMakeFiles/ggml-base.dir/ggml-threading.cpp.o
[  4%] Building C object ggml/src/CMakeFiles/ggml-base.dir/ggml-quants.c.o
[  4%] Building CXX object ggml/src/CMakeFiles/ggml-base.dir/gguf.cpp.o
[  5%] Linking CXX shared library ../../bin/libggml-base.so
[  5%] Built target build_info
[  5%] Built target ggml-base
[  5%] Building C object ggml/src/CMakeFiles/ggml-cpu.dir/ggml-cpu/ggml-cpu.c.o
[  5%] Building CXX object ggml/src/CMakeFiles/ggml-cpu.dir/ggml-cpu/ggml-cpu.cpp.o
[  6%] Building C object ggml/src/CMakeFiles/ggml-cpu.dir/ggml-cpu/ggml-cpu-quants.c.o
[  7%] Building CXX object ggml/src/CMakeFiles/ggml-cpu.dir/ggml-cpu/ggml-cpu-aarch64.cpp.o
[  7%] Building CXX object ggml/src/CMakeFiles/ggml-cpu.dir/ggml-cpu/ggml-cpu-hbm.cpp.o
[  8%] Building CUDA object ggml/src/ggml-cuda/CMakeFiles/ggml-cuda.dir/acc.cu.o
[  8%] Building CUDA object ggml/src/ggml-cuda/CMakeFiles/ggml-cuda.dir/arange.cu.o
[  8%] Building CXX object ggml/src/CMakeFiles/ggml-cpu.dir/ggml-cpu/ggml-cpu-traits.cpp.o
[  8%] Building CXX object ggml/src/CMakeFiles/ggml-cpu.dir/ggml-cpu/amx/amx.cpp.o
[  9%] Building CXX object ggml/src/CMakeFiles/ggml-cpu.dir/ggml-cpu/amx/mmq.cpp.o
[  9%] Building CXX object ggml/src/CMakeFiles/ggml-cpu.dir/ggml-cpu/llamafile/sgemm.cpp.o
[  9%] Building CUDA object ggml/src/ggml-cuda/CMakeFiles/ggml-cuda.dir/argmax.cu.o
[ 10%] Building CUDA object ggml/src/ggml-cuda/CMakeFiles/ggml-cuda.dir/argsort.cu.o
[ 10%] Building CUDA object ggml/src/ggml-cuda/CMakeFiles/ggml-cuda.dir/binbcast.cu.o
[ 10%] Building CUDA object ggml/src/ggml-cuda/CMakeFiles/ggml-cuda.dir/clamp.cu.o
[ 11%] Building CUDA object ggml/src/ggml-cuda/CMakeFiles/ggml-cuda.dir/concat.cu.o
[ 11%] Linking CXX shared library ../../bin/libggml-cpu.so
[ 11%] Building CUDA object ggml/src/ggml-cuda/CMakeFiles/ggml-cuda.dir/conv-transpose-1d.cu.o
[ 12%] Building CUDA object ggml/src/ggml-cuda/CMakeFiles/ggml-cuda.dir/convert.cu.o
[ 12%] Building CUDA object ggml/src/ggml-cuda/CMakeFiles/ggml-cuda.dir/count-equal.cu.o
[ 12%] Building CUDA object ggml/src/ggml-cuda/CMakeFiles/ggml-cuda.dir/cpy.cu.o
[ 13%] Building CUDA object ggml/src/ggml-cuda/CMakeFiles/ggml-cuda.dir/cross-entropy-loss.cu.o
[ 13%] Building CUDA object ggml/src/ggml-cuda/CMakeFiles/ggml-cuda.dir/diagmask.cu.o
[ 13%] Building CUDA object ggml/src/ggml-cuda/CMakeFiles/ggml-cuda.dir/fattn-tile-f16.cu.o
[ 14%] Building CUDA object ggml/src/ggml-cuda/CMakeFiles/ggml-cuda.dir/fattn-tile-f32.cu.o
[ 14%] Building CUDA object ggml/src/ggml-cuda/CMakeFiles/ggml-cuda.dir/fattn-wmma-f16.cu.o
[ 14%] Building CUDA object ggml/src/ggml-cuda/CMakeFiles/ggml-cuda.dir/fattn.cu.o
[ 15%] Building CUDA object ggml/src/ggml-cuda/CMakeFiles/ggml-cuda.dir/getrows.cu.o
[ 15%] Building CUDA object ggml/src/ggml-cuda/CMakeFiles/ggml-cuda.dir/ggml-cuda.cu.o
[ 15%] Building CUDA object ggml/src/ggml-cuda/CMakeFiles/ggml-cuda.dir/gla.cu.o
[ 16%] Building CUDA object ggml/src/ggml-cuda/CMakeFiles/ggml-cuda.dir/im2col.cu.o
[ 16%] Building CUDA object ggml/src/ggml-cuda/CMakeFiles/ggml-cuda.dir/mmq.cu.o
[ 17%] Building CUDA object ggml/src/ggml-cuda/CMakeFiles/ggml-cuda.dir/mmv.cu.o
[ 17%] Building CUDA object ggml/src/ggml-cuda/CMakeFiles/ggml-cuda.dir/mmvq.cu.o
[ 17%] Building CUDA object ggml/src/ggml-cuda/CMakeFiles/ggml-cuda.dir/norm.cu.o
[ 18%] Building CUDA object ggml/src/ggml-cuda/CMakeFiles/ggml-cuda.dir/opt-step-adamw.cu.o
[ 18%] Building CUDA object ggml/src/ggml-cuda/CMakeFiles/ggml-cuda.dir/out-prod.cu.o
[ 18%] Building CUDA object ggml/src/ggml-cuda/CMakeFiles/ggml-cuda.dir/pad.cu.o
[ 18%] Built target ggml-cpu
[ 19%] Building CUDA object ggml/src/ggml-cuda/CMakeFiles/ggml-cuda.dir/pool2d.cu.o
[ 19%] Building CUDA object ggml/src/ggml-cuda/CMakeFiles/ggml-cuda.dir/quantize.cu.o
[ 19%] Building CUDA object ggml/src/ggml-cuda/CMakeFiles/ggml-cuda.dir/rope.cu.o
[ 20%] Building CUDA object ggml/src/ggml-cuda/CMakeFiles/ggml-cuda.dir/scale.cu.o
[ 20%] Building CUDA object ggml/src/ggml-cuda/CMakeFiles/ggml-cuda.dir/softmax.cu.o
[ 20%] Building CUDA object ggml/src/ggml-cuda/CMakeFiles/ggml-cuda.dir/sum.cu.o
[ 21%] Building CUDA object ggml/src/ggml-cuda/CMakeFiles/ggml-cuda.dir/sumrows.cu.o
[ 21%] Building CUDA object ggml/src/ggml-cuda/CMakeFiles/ggml-cuda.dir/tsembd.cu.o
[ 22%] Building CUDA object ggml/src/ggml-cuda/CMakeFiles/ggml-cuda.dir/unary.cu.o
[ 22%] Building CUDA object ggml/src/ggml-cuda/CMakeFiles/ggml-cuda.dir/upscale.cu.o
[ 22%] Building CUDA object ggml/src/ggml-cuda/CMakeFiles/ggml-cuda.dir/wkv6.cu.o
[ 23%] Building CUDA object ggml/src/ggml-cuda/CMakeFiles/ggml-cuda.dir/template-instances/fattn-mma-f16-instance-cpb16.cu.o
[ 23%] Building CUDA object ggml/src/ggml-cuda/CMakeFiles/ggml-cuda.dir/template-instances/fattn-mma-f16-instance-cpb32.cu.o
[ 23%] Building CUDA object ggml/src/ggml-cuda/CMakeFiles/ggml-cuda.dir/template-instances/fattn-mma-f16-instance-cpb64.cu.o
[ 24%] Building CUDA object ggml/src/ggml-cuda/CMakeFiles/ggml-cuda.dir/template-instances/fattn-mma-f16-instance-cpb8.cu.o
[ 24%] Building CUDA object ggml/src/ggml-cuda/CMakeFiles/ggml-cuda.dir/template-instances/mmq-instance-iq1_s.cu.o
[ 24%] Building CUDA object ggml/src/ggml-cuda/CMakeFiles/ggml-cuda.dir/template-instances/mmq-instance-iq2_s.cu.o
[ 25%] Building CUDA object ggml/src/ggml-cuda/CMakeFiles/ggml-cuda.dir/template-instances/mmq-instance-iq3_s.cu.o
[ 25%] Building CUDA object ggml/src/ggml-cuda/CMakeFiles/ggml-cuda.dir/template-instances/mmq-instance-iq3_xxs.cu.o
[ 25%] Building CUDA object ggml/src/ggml-cuda/CMakeFiles/ggml-cuda.dir/template-instances/mmq-instance-iq2_xxs.cu.o
[ 26%] Building CUDA object ggml/src/ggml-cuda/CMakeFiles/ggml-cuda.dir/template-instances/mmq-instance-iq2_xs.cu.o
[ 26%] Building CUDA object ggml/src/ggml-cuda/CMakeFiles/ggml-cuda.dir/template-instances/mmq-instance-iq4_nl.cu.o
[ 27%] Building CUDA object ggml/src/ggml-cuda/CMakeFiles/ggml-cuda.dir/template-instances/mmq-instance-iq4_xs.cu.o
[ 27%] Building CUDA object ggml/src/ggml-cuda/CMakeFiles/ggml-cuda.dir/template-instances/mmq-instance-q3_k.cu.o
[ 28%] Building CUDA object ggml/src/ggml-cuda/CMakeFiles/ggml-cuda.dir/template-instances/mmq-instance-q4_0.cu.o
[ 28%] Building CUDA object ggml/src/ggml-cuda/CMakeFiles/ggml-cuda.dir/template-instances/mmq-instance-q2_k.cu.o
[ 28%] Building CUDA object ggml/src/ggml-cuda/CMakeFiles/ggml-cuda.dir/template-instances/mmq-instance-q4_1.cu.o
[ 28%] Building CUDA object ggml/src/ggml-cuda/CMakeFiles/ggml-cuda.dir/template-instances/mmq-instance-q4_k.cu.o
[ 29%] Building CUDA object ggml/src/ggml-cuda/CMakeFiles/ggml-cuda.dir/template-instances/mmq-instance-q5_0.cu.o
[ 29%] Building CUDA object ggml/src/ggml-cuda/CMakeFiles/ggml-cuda.dir/template-instances/mmq-instance-q5_1.cu.o
[ 29%] Building CUDA object ggml/src/ggml-cuda/CMakeFiles/ggml-cuda.dir/template-instances/mmq-instance-q5_k.cu.o
[ 30%] Building CUDA object ggml/src/ggml-cuda/CMakeFiles/ggml-cuda.dir/template-instances/mmq-instance-q6_k.cu.o
[ 30%] Building CUDA object ggml/src/ggml-cuda/CMakeFiles/ggml-cuda.dir/template-instances/mmq-instance-q8_0.cu.o
[ 30%] Building CUDA object ggml/src/ggml-cuda/CMakeFiles/ggml-cuda.dir/template-instances/fattn-vec-f16-instance-hs128-q4_0-q4_0.cu.o
[ 31%] Building CUDA object ggml/src/ggml-cuda/CMakeFiles/ggml-cuda.dir/template-instances/fattn-vec-f32-instance-hs128-q4_0-q4_0.cu.o
[ 31%] Building CUDA object ggml/src/ggml-cuda/CMakeFiles/ggml-cuda.dir/template-instances/fattn-vec-f16-instance-hs128-q8_0-q8_0.cu.o
[ 32%] Building CUDA object ggml/src/ggml-cuda/CMakeFiles/ggml-cuda.dir/template-instances/fattn-vec-f32-instance-hs128-q8_0-q8_0.cu.o
[ 32%] Building CUDA object ggml/src/ggml-cuda/CMakeFiles/ggml-cuda.dir/template-instances/fattn-vec-f16-instance-hs128-f16-f16.cu.o
[ 33%] Building CUDA object ggml/src/ggml-cuda/CMakeFiles/ggml-cuda.dir/template-instances/fattn-vec-f16-instance-hs64-f16-f16.cu.o
[ 33%] Building CUDA object ggml/src/ggml-cuda/CMakeFiles/ggml-cuda.dir/template-instances/fattn-vec-f16-instance-hs256-f16-f16.cu.o
[ 33%] Building CUDA object ggml/src/ggml-cuda/CMakeFiles/ggml-cuda.dir/template-instances/fattn-vec-f32-instance-hs128-f16-f16.cu.o
[ 34%] Building CUDA object ggml/src/ggml-cuda/CMakeFiles/ggml-cuda.dir/template-instances/fattn-vec-f32-instance-hs64-f16-f16.cu.o
[ 34%] Building CUDA object ggml/src/ggml-cuda/CMakeFiles/ggml-cuda.dir/template-instances/fattn-vec-f32-instance-hs256-f16-f16.cu.o
[ 34%] Linking CUDA shared library ../../../bin/libggml-cuda.so
[ 34%] Built target ggml-cuda
[ 35%] Building CXX object ggml/src/CMakeFiles/ggml.dir/ggml-backend-reg.cpp.o
[ 35%] Linking CXX shared library ../../bin/libggml.so
[ 35%] Built target ggml
[ 35%] Building CXX object examples/gguf-hash/CMakeFiles/llama-gguf-hash.dir/gguf-hash.cpp.o
[ 36%] Building CXX object src/CMakeFiles/llama.dir/llama-adapter.cpp.o
[ 36%] Building CXX object src/CMakeFiles/llama.dir/llama.cpp.o
[ 36%] Building CXX object src/CMakeFiles/llama.dir/llama-arch.cpp.o
[ 36%] Building CXX object src/CMakeFiles/llama.dir/llama-batch.cpp.o
[ 36%] Building CXX object examples/gguf/CMakeFiles/llama-gguf.dir/gguf.cpp.o
[ 37%] Linking CXX executable ../../bin/llama-gguf
[ 38%] Building CXX object src/CMakeFiles/llama.dir/llama-chat.cpp.o
[ 38%] Linking CXX executable ../../bin/llama-gguf-hash
[ 38%] Building CXX object src/CMakeFiles/llama.dir/llama-context.cpp.o
[ 39%] Building CXX object src/CMakeFiles/llama.dir/llama-grammar.cpp.o
[ 39%] Building CXX object src/CMakeFiles/llama.dir/llama-graph.cpp.o
[ 39%] Building CXX object src/CMakeFiles/llama.dir/llama-hparams.cpp.o
[ 40%] Building CXX object src/CMakeFiles/llama.dir/llama-impl.cpp.o
[ 40%] Building CXX object src/CMakeFiles/llama.dir/llama-kv-cache.cpp.o
[ 41%] Building CXX object src/CMakeFiles/llama.dir/llama-model-loader.cpp.o
[ 41%] Building CXX object src/CMakeFiles/llama.dir/llama-model.cpp.o
[ 41%] Building CXX object src/CMakeFiles/llama.dir/llama-quant.cpp.o
[ 41%] Building CXX object src/CMakeFiles/llama.dir/llama-mmap.cpp.o
[ 42%] Building CXX object src/CMakeFiles/llama.dir/llama-sampling.cpp.o
[ 42%] Building CXX object src/CMakeFiles/llama.dir/llama-vocab.cpp.o
[ 42%] Building CXX object src/CMakeFiles/llama.dir/unicode.cpp.o
[ 43%] Building CXX object src/CMakeFiles/llama.dir/unicode-data.cpp.o
[ 43%] Built target llama-gguf-hash
[ 43%] Built target llama-gguf
[ 43%] Linking CXX shared library ../bin/libllama.so
[ 43%] Built target llama
[ 44%] Building C object tests/CMakeFiles/test-c.dir/test-c.c.o
[ 45%] Building CXX object examples/simple/CMakeFiles/llama-simple.dir/simple.cpp.o
[ 45%] Building CXX object common/CMakeFiles/common.dir/arg.cpp.o
[ 45%] Building CXX object examples/simple-chat/CMakeFiles/llama-simple-chat.dir/simple-chat.cpp.o
[ 45%] Building CXX object examples/quantize-stats/CMakeFiles/llama-quantize-stats.dir/quantize-stats.cpp.o
[ 45%] Building CXX object examples/llava/CMakeFiles/llava.dir/llava.cpp.o
[ 45%] Linking C executable ../bin/test-c
[ 46%] Linking CXX executable ../../bin/llama-simple
[ 46%] Linking CXX executable ../../bin/llama-simple-chat
[ 47%] Building CXX object examples/llava/CMakeFiles/llava.dir/clip.cpp.o
[ 47%] Linking CXX executable ../../bin/llama-quantize-stats
[ 47%] Building CXX object common/CMakeFiles/common.dir/chat.cpp.o
[ 47%] Built target llava
[ 47%] Linking CXX static library libllava_static.a
[ 47%] Built target test-c
[ 47%] Building CXX object common/CMakeFiles/common.dir/common.cpp.o
[ 47%] Linking CXX shared library ../../bin/libllava_shared.so
[ 48%] Building CXX object common/CMakeFiles/common.dir/console.cpp.o
[ 48%] Built target llava_static
[ 48%] Building CXX object common/CMakeFiles/common.dir/json-schema-to-grammar.cpp.o
[ 48%] Building CXX object common/CMakeFiles/common.dir/llguidance.cpp.o
[ 49%] Building CXX object common/CMakeFiles/common.dir/log.cpp.o
[ 49%] Building CXX object common/CMakeFiles/common.dir/ngram-cache.cpp.o
[ 49%] Built target llama-simple
[ 49%] Building CXX object common/CMakeFiles/common.dir/sampling.cpp.o
[ 50%] Building CXX object common/CMakeFiles/common.dir/speculative.cpp.o
[ 50%] Built target llama-simple-chat
[ 50%] Linking CXX static library libcommon.a
[ 50%] Built target llama-quantize-stats
[ 50%] Built target llava_shared
[ 50%] Built target common
[ 50%] Building CXX object tests/CMakeFiles/test-tokenizer-0.dir/test-tokenizer-0.cpp.o
[ 50%] Building CXX object tests/CMakeFiles/test-sampling.dir/test-sampling.cpp.o
[ 50%] Building CXX object tests/CMakeFiles/test-chat.dir/test-chat.cpp.o
[ 51%] Building CXX object tests/CMakeFiles/test-grammar-parser.dir/test-grammar-parser.cpp.o
[ 52%] Building CXX object tests/CMakeFiles/test-grammar-integration.dir/test-grammar-integration.cpp.o
[ 52%] Building CXX object tests/CMakeFiles/test-llama-grammar.dir/test-llama-grammar.cpp.o
[ 53%] Linking CXX executable ../bin/test-tokenizer-0
[ 53%] Building CXX object tests/CMakeFiles/test-grammar-parser.dir/get-model.cpp.o
[ 54%] Building CXX object tests/CMakeFiles/test-sampling.dir/get-model.cpp.o
[ 54%] Building CXX object tests/CMakeFiles/test-llama-grammar.dir/get-model.cpp.o
[ 54%] Building CXX object tests/CMakeFiles/test-grammar-integration.dir/get-model.cpp.o
[ 54%] Linking CXX executable ../bin/test-sampling
[ 54%] Linking CXX executable ../bin/test-grammar-parser
[ 55%] Linking CXX executable ../bin/test-llama-grammar
[ 56%] Building CXX object tests/CMakeFiles/test-chat.dir/get-model.cpp.o
[ 56%] Linking CXX executable ../bin/test-grammar-integration
[ 56%] Linking CXX executable ../bin/test-chat
[ 56%] Built target test-llama-grammar
[ 56%] Built target test-sampling
[ 57%] Building CXX object tests/CMakeFiles/test-json-schema-to-grammar.dir/test-json-schema-to-grammar.cpp.o
[ 57%] Building CXX object tests/CMakeFiles/test-tokenizer-1-bpe.dir/test-tokenizer-1-bpe.cpp.o
[ 57%] Linking CXX executable ../bin/test-tokenizer-1-bpe
[ 57%] Building CXX object tests/CMakeFiles/test-json-schema-to-grammar.dir/get-model.cpp.o
[ 57%] Built target test-grammar-parser
[ 58%] Linking CXX executable ../bin/test-json-schema-to-grammar
[ 59%] Building CXX object tests/CMakeFiles/test-tokenizer-1-spm.dir/test-tokenizer-1-spm.cpp.o
[ 59%] Linking CXX executable ../bin/test-tokenizer-1-spm
[ 59%] Built target test-tokenizer-0
[ 59%] Built target test-grammar-integration
[ 59%] Building CXX object tests/CMakeFiles/test-log.dir/test-log.cpp.o
[ 59%] Building CXX object tests/CMakeFiles/test-arg-parser.dir/test-arg-parser.cpp.o
[ 59%] Building CXX object tests/CMakeFiles/test-log.dir/get-model.cpp.o
[ 60%] Building CXX object tests/CMakeFiles/test-arg-parser.dir/get-model.cpp.o
[ 61%] Linking CXX executable ../bin/test-log
[ 61%] Built target test-chat
[ 61%] Linking CXX executable ../bin/test-arg-parser
[ 62%] Building CXX object tests/CMakeFiles/test-chat-template.dir/test-chat-template.cpp.o
[ 62%] Building CXX object tests/CMakeFiles/test-chat-template.dir/get-model.cpp.o
[ 62%] Linking CXX executable ../bin/test-chat-template
[ 62%] Built target test-log
[ 63%] Building CXX object tests/CMakeFiles/test-gguf.dir/test-gguf.cpp.o
[ 63%] Building CXX object tests/CMakeFiles/test-gguf.dir/get-model.cpp.o
[ 63%] Built target test-tokenizer-1-bpe
[ 63%] Built target test-json-schema-to-grammar
[ 63%] Linking CXX executable ../bin/test-gguf
[ 64%] Building CXX object tests/CMakeFiles/test-backend-ops.dir/test-backend-ops.cpp.o
[ 64%] Building CXX object tests/CMakeFiles/test-model-load-cancel.dir/test-model-load-cancel.cpp.o
[ 64%] Built target test-tokenizer-1-spm
[ 64%] Building CXX object tests/CMakeFiles/test-model-load-cancel.dir/get-model.cpp.o
[ 64%] Building CXX object tests/CMakeFiles/test-backend-ops.dir/get-model.cpp.o
[ 65%] Building CXX object tests/CMakeFiles/test-autorelease.dir/test-autorelease.cpp.o
[ 66%] Linking CXX executable ../bin/test-model-load-cancel
[ 66%] Linking CXX executable ../bin/test-backend-ops
[ 66%] Building CXX object tests/CMakeFiles/test-autorelease.dir/get-model.cpp.o
[ 66%] Linking CXX executable ../bin/test-autorelease
[ 66%] Built target test-gguf
[ 67%] Building CXX object tests/CMakeFiles/test-barrier.dir/test-barrier.cpp.o
[ 67%] Built target test-arg-parser
[ 67%] Building CXX object tests/CMakeFiles/test-barrier.dir/get-model.cpp.o
[ 67%] Built target test-model-load-cancel
[ 67%] Building CXX object tests/CMakeFiles/test-quantize-fns.dir/test-quantize-fns.cpp.o
[ 67%] Linking CXX executable ../bin/test-barrier
[ 67%] Building CXX object tests/CMakeFiles/test-quantize-perf.dir/test-quantize-perf.cpp.o
[ 67%] Building CXX object tests/CMakeFiles/test-quantize-fns.dir/get-model.cpp.o
[ 67%] Built target test-autorelease
[ 68%] Linking CXX executable ../bin/test-quantize-fns
[ 68%] Built target test-backend-ops
[ 69%] Building CXX object tests/CMakeFiles/test-quantize-perf.dir/get-model.cpp.o
[ 69%] Building CXX object tests/CMakeFiles/test-rope.dir/test-rope.cpp.o
[ 69%] Built target test-chat-template
[ 69%] Linking CXX executable ../bin/test-quantize-perf
[ 69%] Building CXX object examples/batched-bench/CMakeFiles/llama-batched-bench.dir/batched-bench.cpp.o
[ 70%] Building CXX object tests/CMakeFiles/test-rope.dir/get-model.cpp.o
[ 71%] Building CXX object examples/batched/CMakeFiles/llama-batched.dir/batched.cpp.o
[ 72%] Linking CXX executable ../../bin/llama-batched-bench
[ 72%] Linking CXX executable ../bin/test-rope
[ 72%] Linking CXX executable ../../bin/llama-batched
[ 72%] Built target test-barrier
[ 73%] Building CXX object examples/embedding/CMakeFiles/llama-embedding.dir/embedding.cpp.o
[ 73%] Built target test-quantize-fns
[ 73%] Linking CXX executable ../../bin/llama-embedding
[ 74%] Building CXX object examples/eval-callback/CMakeFiles/llama-eval-callback.dir/eval-callback.cpp.o
[ 74%] Linking CXX executable ../../bin/llama-eval-callback
[ 74%] Built target test-quantize-perf
[ 74%] Built target test-rope
[ 74%] Building CXX object examples/gbnf-validator/CMakeFiles/llama-gbnf-validator.dir/gbnf-validator.cpp.o
[ 75%] Building CXX object examples/gguf-split/CMakeFiles/llama-gguf-split.dir/gguf-split.cpp.o
[ 75%] Linking CXX executable ../../bin/llama-gbnf-validator
[ 75%] Linking CXX executable ../../bin/llama-gguf-split
[ 75%] Built target llama-gbnf-validator
[ 76%] Building CXX object examples/gritlm/CMakeFiles/llama-gritlm.dir/gritlm.cpp.o
[ 76%] Built target llama-gguf-split
[ 76%] Built target llama-batched-bench
[ 76%] Linking CXX executable ../../bin/llama-gritlm
[ 76%] Built target llama-batched
[ 76%] Building CXX object examples/infill/CMakeFiles/llama-infill.dir/infill.cpp.o
[ 76%] Building CXX object examples/imatrix/CMakeFiles/llama-imatrix.dir/imatrix.cpp.o
[ 76%] Building CXX object examples/llama-bench/CMakeFiles/llama-bench.dir/llama-bench.cpp.o
[ 76%] Linking CXX executable ../../bin/llama-infill
[ 77%] Linking CXX executable ../../bin/llama-imatrix
[ 77%] Built target llama-embedding
[ 77%] Linking CXX executable ../../bin/llama-bench
[ 77%] Building CXX object examples/lookahead/CMakeFiles/llama-lookahead.dir/lookahead.cpp.o
[ 77%] Linking CXX executable ../../bin/llama-lookahead
[ 77%] Built target llama-eval-callback
[ 78%] Building CXX object examples/lookup/CMakeFiles/llama-lookup.dir/lookup.cpp.o
[ 78%] Linking CXX executable ../../bin/llama-lookup
[ 78%] Built target llama-gritlm
[ 79%] Building CXX object examples/lookup/CMakeFiles/llama-lookup-create.dir/lookup-create.cpp.o
[ 79%] Linking CXX executable ../../bin/llama-lookup-create
[ 79%] Built target llama-infill
[ 79%] Built target llama-bench
[ 79%] Built target llama-imatrix
[ 79%] Building CXX object examples/lookup/CMakeFiles/llama-lookup-stats.dir/lookup-stats.cpp.o
[ 80%] Building CXX object examples/main/CMakeFiles/llama-cli.dir/main.cpp.o
[ 80%] Built target llama-lookahead
[ 80%] Building CXX object examples/lookup/CMakeFiles/llama-lookup-merge.dir/lookup-merge.cpp.o
[ 80%] Linking CXX executable ../../bin/llama-lookup-stats
[ 80%] Building CXX object examples/parallel/CMakeFiles/llama-parallel.dir/parallel.cpp.o
[ 81%] Linking CXX executable ../../bin/llama-lookup-merge
[ 81%] Built target llama-lookup
[ 81%] Linking CXX executable ../../bin/llama-cli
[ 82%] Linking CXX executable ../../bin/llama-parallel
[ 82%] Building CXX object examples/passkey/CMakeFiles/llama-passkey.dir/passkey.cpp.o
[ 82%] Linking CXX executable ../../bin/llama-passkey
[ 82%] Built target llama-lookup-merge
[ 83%] Building CXX object examples/perplexity/CMakeFiles/llama-perplexity.dir/perplexity.cpp.o
[ 83%] Linking CXX executable ../../bin/llama-perplexity
[ 83%] Built target llama-lookup-create
[ 83%] Building CXX object examples/quantize/CMakeFiles/llama-quantize.dir/quantize.cpp.o
[ 84%] Linking CXX executable ../../bin/llama-quantize
[ 84%] Built target llama-lookup-stats
[ 84%] Building CXX object examples/retrieval/CMakeFiles/llama-retrieval.dir/retrieval.cpp.o
[ 84%] Built target llama-parallel
[ 85%] Generating loading.html.hpp
[ 85%] Linking CXX executable ../../bin/llama-retrieval
[ 85%] Generating index.html.gz.hpp
[ 85%] Built target llama-cli
[ 85%] Built target llama-passkey
[ 85%] Building CXX object examples/save-load-state/CMakeFiles/llama-save-load-state.dir/save-load-state.cpp.o
[ 85%] Building CXX object examples/run/CMakeFiles/llama-run.dir/run.cpp.o
[ 86%] Linking CXX executable ../../bin/llama-save-load-state
[ 86%] Building CXX object examples/run/CMakeFiles/llama-run.dir/linenoise.cpp/linenoise.cpp.o
[ 87%] Linking CXX executable ../../bin/llama-run
[ 87%] Built target llama-perplexity
[ 88%] Building CXX object examples/speculative/CMakeFiles/llama-speculative.dir/speculative.cpp.o
[ 88%] Linking CXX executable ../../bin/llama-speculative
[ 88%] Built target llama-quantize
[ 88%] Building CXX object examples/speculative-simple/CMakeFiles/llama-speculative-simple.dir/speculative-simple.cpp.o
[ 89%] Linking CXX executable ../../bin/llama-speculative-simple
[ 89%] Built target llama-retrieval
[ 89%] Built target llama-save-load-state
[ 89%] Building CXX object examples/tokenize/CMakeFiles/llama-tokenize.dir/tokenize.cpp.o
[ 89%] Building CXX object examples/tts/CMakeFiles/llama-tts.dir/tts.cpp.o
[ 90%] Linking CXX executable ../../bin/llama-tokenize
[ 90%] Linking CXX executable ../../bin/llama-tts
[ 90%] Built target llama-run
[ 91%] Building CXX object examples/gen-docs/CMakeFiles/llama-gen-docs.dir/gen-docs.cpp.o
[ 91%] Linking CXX executable ../../bin/llama-gen-docs
[ 91%] Built target llama-speculative
[ 91%] Building CXX object examples/convert-llama2c-to-ggml/CMakeFiles/llama-convert-llama2c-to-ggml.dir/convert-llama2c-to-ggml.cpp.o
[ 92%] Linking CXX executable ../../bin/llama-convert-llama2c-to-ggml
[ 92%] Built target llama-speculative-simple
[ 92%] Building CXX object examples/cvector-generator/CMakeFiles/llama-cvector-generator.dir/cvector-generator.cpp.o
[ 92%] Linking CXX executable ../../bin/llama-cvector-generator
[ 92%] Built target llama-tokenize
[ 92%] Building CXX object examples/export-lora/CMakeFiles/llama-export-lora.dir/export-lora.cpp.o
[ 93%] Linking CXX executable ../../bin/llama-export-lora
[ 93%] Built target llama-tts
[ 93%] Built target llama-gen-docs
[ 94%] Building CXX object examples/llava/CMakeFiles/llama-llava-cli.dir/llava-cli.cpp.o
[ 95%] Building CXX object examples/llava/CMakeFiles/llama-minicpmv-cli.dir/minicpmv-cli.cpp.o
[ 95%] Linking CXX executable ../../bin/llama-llava-cli
[ 95%] Linking CXX executable ../../bin/llama-minicpmv-cli
[ 95%] Built target llama-convert-llama2c-to-ggml
[ 96%] Building CXX object examples/llava/CMakeFiles/llama-qwen2vl-cli.dir/qwen2vl-cli.cpp.o
[ 96%] Linking CXX executable ../../bin/llama-qwen2vl-cli
[ 96%] Built target llama-cvector-generator
[ 96%] Building CXX object examples/llava/CMakeFiles/llama-llava-clip-quantize-cli.dir/clip-quantize-cli.cpp.o
[ 97%] Linking CXX executable ../../bin/llama-llava-clip-quantize-cli
[ 97%] Built target llama-export-lora
[ 98%] Building CXX object pocs/vdot/CMakeFiles/llama-vdot.dir/vdot.cpp.o
[ 98%] Linking CXX executable ../../bin/llama-vdot
[ 98%] Built target llama-llava-clip-quantize-cli
[ 98%] Built target llama-minicpmv-cli
[ 99%] Building CXX object pocs/vdot/CMakeFiles/llama-q8dot.dir/q8dot.cpp.o
[ 99%] Linking CXX executable ../../bin/llama-q8dot
[ 99%] Built target llama-llava-cli
[ 99%] Built target llama-qwen2vl-cli
[ 99%] Built target llama-vdot
[ 99%] Built target llama-q8dot
[100%] Building CXX object examples/server/CMakeFiles/llama-server.dir/server.cpp.o
[100%] Linking CXX executable ../../bin/llama-server
[100%] Built target llama-server

real	0m10.659s
user	0m18.478s
sys	0m4.130s
+ '[' -z ']'
+ tee -a /home/ggml/results/llama.cpp/3a/4d2cbf0abce0853d3a6ed3795dd79443c228b8/ggml-4-x86-cuda-v100/ctest_release-ctest.log
+ ctest --output-on-failure -L main
Test project /home/ggml/work/llama.cpp/build-ci-release
      Start  1: test-tokenizer-0-bert-bge
 1/29 Test  #1: test-tokenizer-0-bert-bge .........   Passed    0.59 sec
      Start  2: test-tokenizer-0-command-r
 2/29 Test  #2: test-tokenizer-0-command-r ........   Passed    1.18 sec
      Start  3: test-tokenizer-0-deepseek-coder
 3/29 Test  #3: test-tokenizer-0-deepseek-coder ...   Passed    0.58 sec
      Start  4: test-tokenizer-0-deepseek-llm
 4/29 Test  #4: test-tokenizer-0-deepseek-llm .....   Passed    0.74 sec
      Start  5: test-tokenizer-0-falcon
 5/29 Test  #5: test-tokenizer-0-falcon ...........   Passed    0.65 sec
      Start  6: test-tokenizer-0-gpt-2
 6/29 Test  #6: test-tokenizer-0-gpt-2 ............   Passed    0.60 sec
      Start  7: test-tokenizer-0-llama-bpe
 7/29 Test  #7: test-tokenizer-0-llama-bpe ........   Passed    0.91 sec
      Start  8: test-tokenizer-0-llama-spm
 8/29 Test  #8: test-tokenizer-0-llama-spm ........   Passed    0.57 sec
      Start  9: test-tokenizer-0-mpt
 9/29 Test  #9: test-tokenizer-0-mpt ..............   Passed    0.63 sec
      Start 10: test-tokenizer-0-phi-3
10/29 Test #10: test-tokenizer-0-phi-3 ............   Passed    0.57 sec
      Start 11: test-tokenizer-0-qwen2
11/29 Test #11: test-tokenizer-0-qwen2 ............   Passed    0.88 sec
      Start 12: test-tokenizer-0-refact
12/29 Test #12: test-tokenizer-0-refact ...........   Passed    0.63 sec
      Start 13: test-tokenizer-0-starcoder
13/29 Test #13: test-tokenizer-0-starcoder ........   Passed    0.61 sec
      Start 14: test-sampling
14/29 Test #14: test-sampling .....................   Passed    1.44 sec
      Start 15: test-grammar-parser
15/29 Test #15: test-grammar-parser ...............   Passed    0.04 sec
      Start 16: test-grammar-integration
16/29 Test #16: test-grammar-integration ..........   Passed    0.04 sec
      Start 17: test-llama-grammar
17/29 Test #17: test-llama-grammar ................   Passed    0.04 sec
      Start 18: test-chat
18/29 Test #18: test-chat .........................   Passed    0.81 sec
      Start 19: test-json-schema-to-grammar
19/29 Test #19: test-json-schema-to-grammar .......   Passed    2.67 sec
      Start 20: test-tokenizer-1-llama-spm
20/29 Test #20: test-tokenizer-1-llama-spm ........   Passed    0.83 sec
      Start 21: test-log
21/29 Test #21: test-log ..........................   Passed    0.02 sec
      Start 22: test-arg-parser
22/29 Test #22: test-arg-parser ...................   Passed    0.27 sec
      Start 23: test-chat-template
23/29 Test #23: test-chat-template ................   Passed    0.19 sec
      Start 24: test-gguf
24/29 Test #24: test-gguf .........................   Passed    0.98 sec
      Start 25: test-backend-ops
25/29 Test #25: test-backend-ops ..................   Passed   47.20 sec
      Start 28: test-barrier
26/29 Test #28: test-barrier ......................   Passed    0.43 sec
      Start 29: test-quantize-fns
27/29 Test #29: test-quantize-fns .................   Passed   18.28 sec
      Start 30: test-quantize-perf
28/29 Test #30: test-quantize-perf ................   Passed    0.10 sec
      Start 31: test-rope
29/29 Test #31: test-rope .........................   Passed    0.09 sec

100% tests passed, 0 tests failed out of 29

Label Time Summary:
main    =  82.59 sec*proc (29 tests)

Total Test time (real) =  82.61 sec

real	1m22.639s
user	1m42.859s
sys	0m14.568s
+ set +e
+ cur=0
+ echo 0
+ set +x
+ gg_run_embd_bge_small
+ cd /home/ggml/work/llama.cpp
+ tee /home/ggml/results/llama.cpp/3a/4d2cbf0abce0853d3a6ed3795dd79443c228b8/ggml-4-x86-cuda-v100/embd_bge_small.log
+ gg_wget models-mnt/bge-small/ https://huggingface.co/BAAI/bge-small-en-v1.5/raw/main/config.json
+ local out=models-mnt/bge-small/
+ local url=https://huggingface.co/BAAI/bge-small-en-v1.5/raw/main/config.json
++ pwd
+ local cwd=/home/ggml/work/llama.cpp
+ mkdir -p models-mnt/bge-small/
+ cd models-mnt/bge-small/
+ wget -nv -N https://huggingface.co/BAAI/bge-small-en-v1.5/raw/main/config.json
Last-modified header missing -- time-stamps turned off.
2025-02-12 12:13:45 URL:https://huggingface.co/BAAI/bge-small-en-v1.5/raw/main/config.json [743/743] -> "config.json" [1]
+ cd /home/ggml/work/llama.cpp
+ gg_wget models-mnt/bge-small/ https://huggingface.co/BAAI/bge-small-en-v1.5/raw/main/tokenizer.json
+ local out=models-mnt/bge-small/
+ local url=https://huggingface.co/BAAI/bge-small-en-v1.5/raw/main/tokenizer.json
++ pwd
+ local cwd=/home/ggml/work/llama.cpp
+ mkdir -p models-mnt/bge-small/
+ cd models-mnt/bge-small/
+ wget -nv -N https://huggingface.co/BAAI/bge-small-en-v1.5/raw/main/tokenizer.json
Last-modified header missing -- time-stamps turned off.
2025-02-12 12:13:45 URL:https://huggingface.co/BAAI/bge-small-en-v1.5/raw/main/tokenizer.json [711396/711396] -> "tokenizer.json" [1]
+ cd /home/ggml/work/llama.cpp
+ gg_wget models-mnt/bge-small/ https://huggingface.co/BAAI/bge-small-en-v1.5/raw/main/tokenizer_config.json
+ local out=models-mnt/bge-small/
+ local url=https://huggingface.co/BAAI/bge-small-en-v1.5/raw/main/tokenizer_config.json
++ pwd
+ local cwd=/home/ggml/work/llama.cpp
+ mkdir -p models-mnt/bge-small/
+ cd models-mnt/bge-small/
+ wget -nv -N https://huggingface.co/BAAI/bge-small-en-v1.5/raw/main/tokenizer_config.json
Last-modified header missing -- time-stamps turned off.
2025-02-12 12:13:45 URL:https://huggingface.co/BAAI/bge-small-en-v1.5/raw/main/tokenizer_config.json [366/366] -> "tokenizer_config.json" [1]
+ cd /home/ggml/work/llama.cpp
+ gg_wget models-mnt/bge-small/ https://huggingface.co/BAAI/bge-small-en-v1.5/raw/main/special_tokens_map.json
+ local out=models-mnt/bge-small/
+ local url=https://huggingface.co/BAAI/bge-small-en-v1.5/raw/main/special_tokens_map.json
++ pwd
+ local cwd=/home/ggml/work/llama.cpp
+ mkdir -p models-mnt/bge-small/
+ cd models-mnt/bge-small/
+ wget -nv -N https://huggingface.co/BAAI/bge-small-en-v1.5/raw/main/special_tokens_map.json
Last-modified header missing -- time-stamps turned off.
2025-02-12 12:13:46 URL:https://huggingface.co/BAAI/bge-small-en-v1.5/raw/main/special_tokens_map.json [125/125] -> "special_tokens_map.json" [1]
+ cd /home/ggml/work/llama.cpp
+ gg_wget models-mnt/bge-small/ https://huggingface.co/BAAI/bge-small-en-v1.5/resolve/main/pytorch_model.bin
+ local out=models-mnt/bge-small/
+ local url=https://huggingface.co/BAAI/bge-small-en-v1.5/resolve/main/pytorch_model.bin
++ pwd
+ local cwd=/home/ggml/work/llama.cpp
+ mkdir -p models-mnt/bge-small/
+ cd models-mnt/bge-small/
+ wget -nv -N https://huggingface.co/BAAI/bge-small-en-v1.5/resolve/main/pytorch_model.bin
+ cd /home/ggml/work/llama.cpp
+ gg_wget models-mnt/bge-small/ https://huggingface.co/BAAI/bge-small-en-v1.5/raw/main/sentence_bert_config.json
+ local out=models-mnt/bge-small/
+ local url=https://huggingface.co/BAAI/bge-small-en-v1.5/raw/main/sentence_bert_config.json
++ pwd
+ local cwd=/home/ggml/work/llama.cpp
+ mkdir -p models-mnt/bge-small/
+ cd models-mnt/bge-small/
+ wget -nv -N https://huggingface.co/BAAI/bge-small-en-v1.5/raw/main/sentence_bert_config.json
Last-modified header missing -- time-stamps turned off.
2025-02-12 12:13:46 URL:https://huggingface.co/BAAI/bge-small-en-v1.5/raw/main/sentence_bert_config.json [52/52] -> "sentence_bert_config.json" [1]
+ cd /home/ggml/work/llama.cpp
+ gg_wget models-mnt/bge-small/ https://huggingface.co/BAAI/bge-small-en-v1.5/raw/main/vocab.txt
+ local out=models-mnt/bge-small/
+ local url=https://huggingface.co/BAAI/bge-small-en-v1.5/raw/main/vocab.txt
++ pwd
+ local cwd=/home/ggml/work/llama.cpp
+ mkdir -p models-mnt/bge-small/
+ cd models-mnt/bge-small/
+ wget -nv -N https://huggingface.co/BAAI/bge-small-en-v1.5/raw/main/vocab.txt
Last-modified header missing -- time-stamps turned off.
2025-02-12 12:13:47 URL:https://huggingface.co/BAAI/bge-small-en-v1.5/raw/main/vocab.txt [231508/231508] -> "vocab.txt" [1]
+ cd /home/ggml/work/llama.cpp
+ gg_wget models-mnt/bge-small/ https://huggingface.co/BAAI/bge-small-en-v1.5/raw/main/modules.json
+ local out=models-mnt/bge-small/
+ local url=https://huggingface.co/BAAI/bge-small-en-v1.5/raw/main/modules.json
++ pwd
+ local cwd=/home/ggml/work/llama.cpp
+ mkdir -p models-mnt/bge-small/
+ cd models-mnt/bge-small/
+ wget -nv -N https://huggingface.co/BAAI/bge-small-en-v1.5/raw/main/modules.json
Last-modified header missing -- time-stamps turned off.
2025-02-12 12:13:47 URL:https://huggingface.co/BAAI/bge-small-en-v1.5/raw/main/modules.json [349/349] -> "modules.json" [1]
+ cd /home/ggml/work/llama.cpp
+ gg_wget models-mnt/bge-small/ https://huggingface.co/BAAI/bge-small-en-v1.5/raw/main/config.json
+ local out=models-mnt/bge-small/
+ local url=https://huggingface.co/BAAI/bge-small-en-v1.5/raw/main/config.json
++ pwd
+ local cwd=/home/ggml/work/llama.cpp
+ mkdir -p models-mnt/bge-small/
+ cd models-mnt/bge-small/
+ wget -nv -N https://huggingface.co/BAAI/bge-small-en-v1.5/raw/main/config.json
Last-modified header missing -- time-stamps turned off.
2025-02-12 12:13:47 URL:https://huggingface.co/BAAI/bge-small-en-v1.5/raw/main/config.json [743/743] -> "config.json" [1]
+ cd /home/ggml/work/llama.cpp
+ gg_wget models-mnt/bge-small/1_Pooling https://huggingface.co/BAAI/bge-small-en-v1.5/raw/main/1_Pooling/config.json
+ local out=models-mnt/bge-small/1_Pooling
+ local url=https://huggingface.co/BAAI/bge-small-en-v1.5/raw/main/1_Pooling/config.json
++ pwd
+ local cwd=/home/ggml/work/llama.cpp
+ mkdir -p models-mnt/bge-small/1_Pooling
+ cd models-mnt/bge-small/1_Pooling
+ wget -nv -N https://huggingface.co/BAAI/bge-small-en-v1.5/raw/main/1_Pooling/config.json
Last-modified header missing -- time-stamps turned off.
2025-02-12 12:13:47 URL:https://huggingface.co/BAAI/bge-small-en-v1.5/raw/main/1_Pooling/config.json [190/190] -> "config.json" [1]
+ cd /home/ggml/work/llama.cpp
+ path_models=../models-mnt/bge-small
+ rm -rf build-ci-release
+ mkdir build-ci-release
+ cd build-ci-release
+ set -e
+ tee -a /home/ggml/results/llama.cpp/3a/4d2cbf0abce0853d3a6ed3795dd79443c228b8/ggml-4-x86-cuda-v100/embd_bge_small-cmake.log
+ cmake -DCMAKE_BUILD_TYPE=Release -DLLAMA_FATAL_WARNINGS=ON -DGGML_CUDA=ON -DCMAKE_CUDA_ARCHITECTURES=native ..
-- The C compiler identification is GNU 11.4.0
-- The CXX compiler identification is GNU 11.4.0
-- Detecting C compiler ABI info
-- Detecting C compiler ABI info - done
-- Check for working C compiler: /usr/bin/cc - skipped
-- Detecting C compile features
-- Detecting C compile features - done
-- Detecting CXX compiler ABI info
-- Detecting CXX compiler ABI info - done
-- Check for working CXX compiler: /usr/bin/c++ - skipped
-- Detecting CXX compile features
-- Detecting CXX compile features - done
-- Found Git: /usr/bin/git (found version "2.34.1") 
-- Performing Test CMAKE_HAVE_LIBC_PTHREAD
-- Performing Test CMAKE_HAVE_LIBC_PTHREAD - Success
-- Found Threads: TRUE  
-- ccache found, compilation results will be cached. Disable with GGML_CCACHE=OFF.
-- CMAKE_SYSTEM_PROCESSOR: x86_64
-- Including CPU backend
-- Found OpenMP_C: -fopenmp (found version "4.5") 
-- Found OpenMP_CXX: -fopenmp (found version "4.5") 
-- Found OpenMP: TRUE (found version "4.5")  
-- x86 detected
-- Adding CPU backend variant ggml-cpu: -march=native 
-- Found CUDAToolkit: /usr/local/cuda-12.2/include (found version "12.2.140") 
-- CUDA Toolkit found
-- Using CUDA architectures: native
-- The CUDA compiler identification is NVIDIA 12.2.140
-- Detecting CUDA compiler ABI info
-- Detecting CUDA compiler ABI info - done
-- Check for working CUDA compiler: /usr/local/cuda-12.2/bin/nvcc - skipped
-- Detecting CUDA compile features
-- Detecting CUDA compile features - done
-- CUDA host compiler is GNU 11.4.0

-- Including CUDA backend
-- Configuring done (9.0s)
-- Generating done (0.2s)
-- Build files have been written to: /home/ggml/work/llama.cpp/build-ci-release

real	0m9.287s
user	0m7.270s
sys	0m2.030s
+ tee -a /home/ggml/results/llama.cpp/3a/4d2cbf0abce0853d3a6ed3795dd79443c228b8/ggml-4-x86-cuda-v100/embd_bge_small-make.log
++ nproc
+ make -j6
[  0%] Building CXX object common/CMakeFiles/build_info.dir/build-info.cpp.o
[  0%] Building C object examples/gguf-hash/CMakeFiles/sha256.dir/deps/sha256/sha256.c.o
[  1%] Building C object examples/gguf-hash/CMakeFiles/xxhash.dir/deps/xxhash/xxhash.c.o
[  2%] Building C object examples/gguf-hash/CMakeFiles/sha1.dir/deps/sha1/sha1.c.o
[  2%] Building C object ggml/src/CMakeFiles/ggml-base.dir/ggml.c.o
[  3%] Building C object ggml/src/CMakeFiles/ggml-base.dir/ggml-alloc.c.o
[  3%] Built target build_info
[  3%] Built target sha256
[  3%] Built target sha1
[  3%] Built target xxhash
[  3%] Building CXX object ggml/src/CMakeFiles/ggml-base.dir/ggml-backend.cpp.o
[  3%] Building CXX object ggml/src/CMakeFiles/ggml-base.dir/ggml-opt.cpp.o
[  4%] Building CXX object ggml/src/CMakeFiles/ggml-base.dir/ggml-threading.cpp.o
[  4%] Building C object ggml/src/CMakeFiles/ggml-base.dir/ggml-quants.c.o
[  4%] Building CXX object ggml/src/CMakeFiles/ggml-base.dir/gguf.cpp.o
[  5%] Linking CXX shared library ../../bin/libggml-base.so
[  5%] Built target ggml-base
[  5%] Building C object ggml/src/CMakeFiles/ggml-cpu.dir/ggml-cpu/ggml-cpu.c.o
[  5%] Building CXX object ggml/src/CMakeFiles/ggml-cpu.dir/ggml-cpu/ggml-cpu.cpp.o
[  6%] Building CXX object ggml/src/CMakeFiles/ggml-cpu.dir/ggml-cpu/ggml-cpu-aarch64.cpp.o
[  6%] Building CXX object ggml/src/CMakeFiles/ggml-cpu.dir/ggml-cpu/ggml-cpu-hbm.cpp.o
[  7%] Building C object ggml/src/CMakeFiles/ggml-cpu.dir/ggml-cpu/ggml-cpu-quants.c.o
[  8%] Building CUDA object ggml/src/ggml-cuda/CMakeFiles/ggml-cuda.dir/acc.cu.o
[  8%] Building CXX object ggml/src/CMakeFiles/ggml-cpu.dir/ggml-cpu/ggml-cpu-traits.cpp.o
[  8%] Building CXX object ggml/src/CMakeFiles/ggml-cpu.dir/ggml-cpu/amx/amx.cpp.o
[  9%] Building CXX object ggml/src/CMakeFiles/ggml-cpu.dir/ggml-cpu/amx/mmq.cpp.o
[  9%] Building CXX object ggml/src/CMakeFiles/ggml-cpu.dir/ggml-cpu/llamafile/sgemm.cpp.o
[  9%] Building CUDA object ggml/src/ggml-cuda/CMakeFiles/ggml-cuda.dir/arange.cu.o
[  9%] Building CUDA object ggml/src/ggml-cuda/CMakeFiles/ggml-cuda.dir/argmax.cu.o
[ 10%] Building CUDA object ggml/src/ggml-cuda/CMakeFiles/ggml-cuda.dir/argsort.cu.o
[ 10%] Building CUDA object ggml/src/ggml-cuda/CMakeFiles/ggml-cuda.dir/binbcast.cu.o
[ 10%] Linking CXX shared library ../../bin/libggml-cpu.so
[ 10%] Building CUDA object ggml/src/ggml-cuda/CMakeFiles/ggml-cuda.dir/clamp.cu.o
[ 11%] Building CUDA object ggml/src/ggml-cuda/CMakeFiles/ggml-cuda.dir/concat.cu.o
[ 11%] Building CUDA object ggml/src/ggml-cuda/CMakeFiles/ggml-cuda.dir/conv-transpose-1d.cu.o
[ 12%] Building CUDA object ggml/src/ggml-cuda/CMakeFiles/ggml-cuda.dir/convert.cu.o
[ 12%] Building CUDA object ggml/src/ggml-cuda/CMakeFiles/ggml-cuda.dir/count-equal.cu.o
[ 12%] Building CUDA object ggml/src/ggml-cuda/CMakeFiles/ggml-cuda.dir/cpy.cu.o
[ 13%] Building CUDA object ggml/src/ggml-cuda/CMakeFiles/ggml-cuda.dir/cross-entropy-loss.cu.o
[ 13%] Building CUDA object ggml/src/ggml-cuda/CMakeFiles/ggml-cuda.dir/diagmask.cu.o
[ 13%] Building CUDA object ggml/src/ggml-cuda/CMakeFiles/ggml-cuda.dir/fattn-tile-f16.cu.o
[ 14%] Building CUDA object ggml/src/ggml-cuda/CMakeFiles/ggml-cuda.dir/fattn-tile-f32.cu.o
[ 14%] Building CUDA object ggml/src/ggml-cuda/CMakeFiles/ggml-cuda.dir/fattn-wmma-f16.cu.o
[ 14%] Building CUDA object ggml/src/ggml-cuda/CMakeFiles/ggml-cuda.dir/fattn.cu.o
[ 15%] Building CUDA object ggml/src/ggml-cuda/CMakeFiles/ggml-cuda.dir/getrows.cu.o
[ 15%] Building CUDA object ggml/src/ggml-cuda/CMakeFiles/ggml-cuda.dir/ggml-cuda.cu.o
[ 15%] Building CUDA object ggml/src/ggml-cuda/CMakeFiles/ggml-cuda.dir/gla.cu.o
[ 16%] Building CUDA object ggml/src/ggml-cuda/CMakeFiles/ggml-cuda.dir/im2col.cu.o
[ 16%] Building CUDA object ggml/src/ggml-cuda/CMakeFiles/ggml-cuda.dir/mmq.cu.o
[ 17%] Building CUDA object ggml/src/ggml-cuda/CMakeFiles/ggml-cuda.dir/mmv.cu.o
[ 17%] Building CUDA object ggml/src/ggml-cuda/CMakeFiles/ggml-cuda.dir/mmvq.cu.o
[ 17%] Building CUDA object ggml/src/ggml-cuda/CMakeFiles/ggml-cuda.dir/norm.cu.o
[ 18%] Building CUDA object ggml/src/ggml-cuda/CMakeFiles/ggml-cuda.dir/opt-step-adamw.cu.o
[ 18%] Building CUDA object ggml/src/ggml-cuda/CMakeFiles/ggml-cuda.dir/out-prod.cu.o
[ 18%] Building CUDA object ggml/src/ggml-cuda/CMakeFiles/ggml-cuda.dir/pad.cu.o
[ 19%] Building CUDA object ggml/src/ggml-cuda/CMakeFiles/ggml-cuda.dir/pool2d.cu.o
[ 19%] Building CUDA object ggml/src/ggml-cuda/CMakeFiles/ggml-cuda.dir/quantize.cu.o
[ 19%] Built target ggml-cpu
[ 19%] Building CUDA object ggml/src/ggml-cuda/CMakeFiles/ggml-cuda.dir/rope.cu.o
[ 20%] Building CUDA object ggml/src/ggml-cuda/CMakeFiles/ggml-cuda.dir/scale.cu.o
[ 20%] Building CUDA object ggml/src/ggml-cuda/CMakeFiles/ggml-cuda.dir/softmax.cu.o
[ 20%] Building CUDA object ggml/src/ggml-cuda/CMakeFiles/ggml-cuda.dir/sum.cu.o
[ 21%] Building CUDA object ggml/src/ggml-cuda/CMakeFiles/ggml-cuda.dir/sumrows.cu.o
[ 21%] Building CUDA object ggml/src/ggml-cuda/CMakeFiles/ggml-cuda.dir/tsembd.cu.o
[ 22%] Building CUDA object ggml/src/ggml-cuda/CMakeFiles/ggml-cuda.dir/unary.cu.o
[ 22%] Building CUDA object ggml/src/ggml-cuda/CMakeFiles/ggml-cuda.dir/upscale.cu.o
[ 22%] Building CUDA object ggml/src/ggml-cuda/CMakeFiles/ggml-cuda.dir/wkv6.cu.o
[ 23%] Building CUDA object ggml/src/ggml-cuda/CMakeFiles/ggml-cuda.dir/template-instances/fattn-mma-f16-instance-cpb16.cu.o
[ 23%] Building CUDA object ggml/src/ggml-cuda/CMakeFiles/ggml-cuda.dir/template-instances/fattn-mma-f16-instance-cpb32.cu.o
[ 23%] Building CUDA object ggml/src/ggml-cuda/CMakeFiles/ggml-cuda.dir/template-instances/fattn-mma-f16-instance-cpb64.cu.o
[ 24%] Building CUDA object ggml/src/ggml-cuda/CMakeFiles/ggml-cuda.dir/template-instances/fattn-mma-f16-instance-cpb8.cu.o
[ 24%] Building CUDA object ggml/src/ggml-cuda/CMakeFiles/ggml-cuda.dir/template-instances/mmq-instance-iq1_s.cu.o
[ 24%] Building CUDA object ggml/src/ggml-cuda/CMakeFiles/ggml-cuda.dir/template-instances/mmq-instance-iq2_s.cu.o
[ 25%] Building CUDA object ggml/src/ggml-cuda/CMakeFiles/ggml-cuda.dir/template-instances/mmq-instance-iq2_xs.cu.o
[ 25%] Building CUDA object ggml/src/ggml-cuda/CMakeFiles/ggml-cuda.dir/template-instances/mmq-instance-iq2_xxs.cu.o
[ 25%] Building CUDA object ggml/src/ggml-cuda/CMakeFiles/ggml-cuda.dir/template-instances/mmq-instance-iq3_s.cu.o
[ 26%] Building CUDA object ggml/src/ggml-cuda/CMakeFiles/ggml-cuda.dir/template-instances/mmq-instance-iq3_xxs.cu.o
[ 26%] Building CUDA object ggml/src/ggml-cuda/CMakeFiles/ggml-cuda.dir/template-instances/mmq-instance-iq4_nl.cu.o
[ 27%] Building CUDA object ggml/src/ggml-cuda/CMakeFiles/ggml-cuda.dir/template-instances/mmq-instance-iq4_xs.cu.o
[ 27%] Building CUDA object ggml/src/ggml-cuda/CMakeFiles/ggml-cuda.dir/template-instances/mmq-instance-q2_k.cu.o
[ 27%] Building CUDA object ggml/src/ggml-cuda/CMakeFiles/ggml-cuda.dir/template-instances/mmq-instance-q3_k.cu.o
[ 28%] Building CUDA object ggml/src/ggml-cuda/CMakeFiles/ggml-cuda.dir/template-instances/mmq-instance-q4_0.cu.o
[ 28%] Building CUDA object ggml/src/ggml-cuda/CMakeFiles/ggml-cuda.dir/template-instances/mmq-instance-q4_1.cu.o
[ 28%] Building CUDA object ggml/src/ggml-cuda/CMakeFiles/ggml-cuda.dir/template-instances/mmq-instance-q4_k.cu.o
[ 29%] Building CUDA object ggml/src/ggml-cuda/CMakeFiles/ggml-cuda.dir/template-instances/mmq-instance-q5_0.cu.o
[ 29%] Building CUDA object ggml/src/ggml-cuda/CMakeFiles/ggml-cuda.dir/template-instances/mmq-instance-q5_1.cu.o
[ 29%] Building CUDA object ggml/src/ggml-cuda/CMakeFiles/ggml-cuda.dir/template-instances/mmq-instance-q5_k.cu.o
[ 30%] Building CUDA object ggml/src/ggml-cuda/CMakeFiles/ggml-cuda.dir/template-instances/mmq-instance-q6_k.cu.o
[ 30%] Building CUDA object ggml/src/ggml-cuda/CMakeFiles/ggml-cuda.dir/template-instances/mmq-instance-q8_0.cu.o
[ 31%] Building CUDA object ggml/src/ggml-cuda/CMakeFiles/ggml-cuda.dir/template-instances/fattn-vec-f32-instance-hs128-q4_0-q4_0.cu.o
[ 31%] Building CUDA object ggml/src/ggml-cuda/CMakeFiles/ggml-cuda.dir/template-instances/fattn-vec-f16-instance-hs128-q4_0-q4_0.cu.o
[ 31%] Building CUDA object ggml/src/ggml-cuda/CMakeFiles/ggml-cuda.dir/template-instances/fattn-vec-f16-instance-hs128-q8_0-q8_0.cu.o
[ 32%] Building CUDA object ggml/src/ggml-cuda/CMakeFiles/ggml-cuda.dir/template-instances/fattn-vec-f32-instance-hs128-q8_0-q8_0.cu.o
[ 32%] Building CUDA object ggml/src/ggml-cuda/CMakeFiles/ggml-cuda.dir/template-instances/fattn-vec-f16-instance-hs128-f16-f16.cu.o
[ 32%] Building CUDA object ggml/src/ggml-cuda/CMakeFiles/ggml-cuda.dir/template-instances/fattn-vec-f16-instance-hs256-f16-f16.cu.o
[ 33%] Building CUDA object ggml/src/ggml-cuda/CMakeFiles/ggml-cuda.dir/template-instances/fattn-vec-f16-instance-hs64-f16-f16.cu.o
[ 33%] Building CUDA object ggml/src/ggml-cuda/CMakeFiles/ggml-cuda.dir/template-instances/fattn-vec-f32-instance-hs128-f16-f16.cu.o
[ 33%] Building CUDA object ggml/src/ggml-cuda/CMakeFiles/ggml-cuda.dir/template-instances/fattn-vec-f32-instance-hs256-f16-f16.cu.o
[ 34%] Building CUDA object ggml/src/ggml-cuda/CMakeFiles/ggml-cuda.dir/template-instances/fattn-vec-f32-instance-hs64-f16-f16.cu.o
[ 34%] Linking CUDA shared library ../../../bin/libggml-cuda.so
[ 34%] Built target ggml-cuda
[ 35%] Building CXX object ggml/src/CMakeFiles/ggml.dir/ggml-backend-reg.cpp.o
[ 35%] Linking CXX shared library ../../bin/libggml.so
[ 35%] Built target ggml
[ 35%] Building CXX object examples/gguf-hash/CMakeFiles/llama-gguf-hash.dir/gguf-hash.cpp.o
[ 35%] Building CXX object examples/gguf/CMakeFiles/llama-gguf.dir/gguf.cpp.o
[ 35%] Building CXX object src/CMakeFiles/llama.dir/llama.cpp.o
[ 36%] Building CXX object src/CMakeFiles/llama.dir/llama-adapter.cpp.o
[ 36%] Building CXX object src/CMakeFiles/llama.dir/llama-arch.cpp.o
[ 36%] Building CXX object src/CMakeFiles/llama.dir/llama-batch.cpp.o
[ 37%] Linking CXX executable ../../bin/llama-gguf
[ 38%] Building CXX object src/CMakeFiles/llama.dir/llama-chat.cpp.o
[ 38%] Linking CXX executable ../../bin/llama-gguf-hash
[ 38%] Building CXX object src/CMakeFiles/llama.dir/llama-context.cpp.o
[ 39%] Building CXX object src/CMakeFiles/llama.dir/llama-grammar.cpp.o
[ 39%] Building CXX object src/CMakeFiles/llama.dir/llama-graph.cpp.o
[ 39%] Building CXX object src/CMakeFiles/llama.dir/llama-hparams.cpp.o
[ 40%] Building CXX object src/CMakeFiles/llama.dir/llama-impl.cpp.o
[ 40%] Building CXX object src/CMakeFiles/llama.dir/llama-kv-cache.cpp.o
[ 40%] Building CXX object src/CMakeFiles/llama.dir/llama-mmap.cpp.o
[ 41%] Building CXX object src/CMakeFiles/llama.dir/llama-model-loader.cpp.o
[ 41%] Building CXX object src/CMakeFiles/llama.dir/llama-model.cpp.o
[ 41%] Building CXX object src/CMakeFiles/llama.dir/llama-quant.cpp.o
[ 42%] Building CXX object src/CMakeFiles/llama.dir/llama-sampling.cpp.o
[ 42%] Building CXX object src/CMakeFiles/llama.dir/llama-vocab.cpp.o
[ 42%] Building CXX object src/CMakeFiles/llama.dir/unicode.cpp.o
[ 43%] Building CXX object src/CMakeFiles/llama.dir/unicode-data.cpp.o
[ 43%] Linking CXX shared library ../bin/libllama.so
[ 43%] Built target llama-gguf
[ 43%] Built target llama-gguf-hash
[ 43%] Built target llama
[ 44%] Building C object tests/CMakeFiles/test-c.dir/test-c.c.o
[ 45%] Building CXX object common/CMakeFiles/common.dir/arg.cpp.o
[ 45%] Building CXX object examples/simple/CMakeFiles/llama-simple.dir/simple.cpp.o
[ 45%] Building CXX object examples/simple-chat/CMakeFiles/llama-simple-chat.dir/simple-chat.cpp.o
[ 45%] Building CXX object examples/quantize-stats/CMakeFiles/llama-quantize-stats.dir/quantize-stats.cpp.o
[ 45%] Building CXX object examples/llava/CMakeFiles/llava.dir/llava.cpp.o
[ 45%] Linking C executable ../bin/test-c
[ 46%] Linking CXX executable ../../bin/llama-simple
[ 47%] Building CXX object examples/llava/CMakeFiles/llava.dir/clip.cpp.o
[ 47%] Linking CXX executable ../../bin/llama-simple-chat
[ 47%] Building CXX object common/CMakeFiles/common.dir/chat.cpp.o
[ 47%] Linking CXX executable ../../bin/llama-quantize-stats
[ 47%] Built target llava
[ 47%] Linking CXX static library libllava_static.a
[ 47%] Building CXX object common/CMakeFiles/common.dir/common.cpp.o
[ 47%] Built target test-c
[ 47%] Linking CXX shared library ../../bin/libllava_shared.so
[ 47%] Built target llava_static
[ 48%] Building CXX object common/CMakeFiles/common.dir/console.cpp.o
[ 48%] Building CXX object common/CMakeFiles/common.dir/json-schema-to-grammar.cpp.o
[ 48%] Building CXX object common/CMakeFiles/common.dir/llguidance.cpp.o
[ 49%] Building CXX object common/CMakeFiles/common.dir/log.cpp.o
[ 49%] Building CXX object common/CMakeFiles/common.dir/ngram-cache.cpp.o
[ 49%] Building CXX object common/CMakeFiles/common.dir/sampling.cpp.o
[ 50%] Building CXX object common/CMakeFiles/common.dir/speculative.cpp.o
[ 50%] Built target llama-simple-chat
[ 50%] Built target llama-simple
[ 50%] Linking CXX static library libcommon.a
[ 50%] Built target llama-quantize-stats
[ 50%] Built target llava_shared
[ 50%] Built target common
[ 50%] Building CXX object tests/CMakeFiles/test-tokenizer-0.dir/test-tokenizer-0.cpp.o
[ 50%] Building CXX object tests/CMakeFiles/test-sampling.dir/test-sampling.cpp.o
[ 52%] Building CXX object tests/CMakeFiles/test-grammar-integration.dir/test-grammar-integration.cpp.o
[ 52%] Building CXX object tests/CMakeFiles/test-grammar-parser.dir/test-grammar-parser.cpp.o
[ 52%] Building CXX object tests/CMakeFiles/test-llama-grammar.dir/test-llama-grammar.cpp.o
[ 52%] Building CXX object tests/CMakeFiles/test-chat.dir/test-chat.cpp.o
[ 52%] Building CXX object tests/CMakeFiles/test-grammar-parser.dir/get-model.cpp.o
[ 53%] Building CXX object tests/CMakeFiles/test-sampling.dir/get-model.cpp.o
[ 53%] Building CXX object tests/CMakeFiles/test-llama-grammar.dir/get-model.cpp.o
[ 54%] Linking CXX executable ../bin/test-tokenizer-0
[ 54%] Linking CXX executable ../bin/test-sampling
[ 54%] Linking CXX executable ../bin/test-grammar-parser
[ 55%] Linking CXX executable ../bin/test-llama-grammar
[ 55%] Building CXX object tests/CMakeFiles/test-grammar-integration.dir/get-model.cpp.o
[ 56%] Building CXX object tests/CMakeFiles/test-chat.dir/get-model.cpp.o
[ 56%] Linking CXX executable ../bin/test-grammar-integration
[ 56%] Linking CXX executable ../bin/test-chat
[ 56%] Built target test-llama-grammar
[ 56%] Built target test-grammar-parser
[ 56%] Building CXX object tests/CMakeFiles/test-tokenizer-1-bpe.dir/test-tokenizer-1-bpe.cpp.o
[ 57%] Building CXX object tests/CMakeFiles/test-json-schema-to-grammar.dir/test-json-schema-to-grammar.cpp.o
[ 57%] Built target test-sampling
[ 57%] Linking CXX executable ../bin/test-tokenizer-1-bpe
[ 57%] Building CXX object tests/CMakeFiles/test-json-schema-to-grammar.dir/get-model.cpp.o
[ 58%] Building CXX object tests/CMakeFiles/test-tokenizer-1-spm.dir/test-tokenizer-1-spm.cpp.o
[ 59%] Linking CXX executable ../bin/test-json-schema-to-grammar
[ 59%] Linking CXX executable ../bin/test-tokenizer-1-spm
[ 59%] Built target test-tokenizer-0
[ 59%] Building CXX object tests/CMakeFiles/test-log.dir/test-log.cpp.o
[ 59%] Built target test-grammar-integration
[ 59%] Building CXX object tests/CMakeFiles/test-log.dir/get-model.cpp.o
[ 60%] Linking CXX executable ../bin/test-log
[ 60%] Building CXX object tests/CMakeFiles/test-arg-parser.dir/test-arg-parser.cpp.o
[ 61%] Building CXX object tests/CMakeFiles/test-arg-parser.dir/get-model.cpp.o
[ 61%] Linking CXX executable ../bin/test-arg-parser
[ 61%] Built target test-chat
[ 62%] Building CXX object tests/CMakeFiles/test-chat-template.dir/test-chat-template.cpp.o
[ 62%] Building CXX object tests/CMakeFiles/test-chat-template.dir/get-model.cpp.o
[ 62%] Linking CXX executable ../bin/test-chat-template
[ 62%] Built target test-log
[ 63%] Building CXX object tests/CMakeFiles/test-gguf.dir/test-gguf.cpp.o
[ 63%] Built target test-tokenizer-1-bpe
[ 63%] Building CXX object tests/CMakeFiles/test-gguf.dir/get-model.cpp.o
[ 64%] Building CXX object tests/CMakeFiles/test-backend-ops.dir/test-backend-ops.cpp.o
[ 64%] Linking CXX executable ../bin/test-gguf
[ 64%] Built target test-tokenizer-1-spm
[ 64%] Building CXX object tests/CMakeFiles/test-model-load-cancel.dir/test-model-load-cancel.cpp.o
[ 64%] Built target test-json-schema-to-grammar
[ 64%] Building CXX object tests/CMakeFiles/test-backend-ops.dir/get-model.cpp.o
[ 64%] Building CXX object tests/CMakeFiles/test-model-load-cancel.dir/get-model.cpp.o
[ 64%] Linking CXX executable ../bin/test-backend-ops
[ 65%] Building CXX object tests/CMakeFiles/test-autorelease.dir/test-autorelease.cpp.o
[ 66%] Linking CXX executable ../bin/test-model-load-cancel
[ 66%] Building CXX object tests/CMakeFiles/test-autorelease.dir/get-model.cpp.o
[ 66%] Linking CXX executable ../bin/test-autorelease
[ 66%] Built target test-gguf
[ 67%] Building CXX object tests/CMakeFiles/test-barrier.dir/test-barrier.cpp.o
[ 67%] Built target test-arg-parser
[ 67%] Building CXX object tests/CMakeFiles/test-barrier.dir/get-model.cpp.o
[ 67%] Building CXX object tests/CMakeFiles/test-quantize-fns.dir/test-quantize-fns.cpp.o
[ 67%] Linking CXX executable ../bin/test-barrier
[ 67%] Built target test-model-load-cancel
[ 67%] Building CXX object tests/CMakeFiles/test-quantize-fns.dir/get-model.cpp.o
[ 68%] Linking CXX executable ../bin/test-quantize-fns
[ 68%] Built target test-backend-ops
[ 68%] Built target test-autorelease
[ 68%] Building CXX object tests/CMakeFiles/test-rope.dir/test-rope.cpp.o
[ 68%] Building CXX object tests/CMakeFiles/test-quantize-perf.dir/test-quantize-perf.cpp.o
[ 68%] Building CXX object examples/batched-bench/CMakeFiles/llama-batched-bench.dir/batched-bench.cpp.o
[ 68%] Built target test-chat-template
[ 69%] Building CXX object tests/CMakeFiles/test-rope.dir/get-model.cpp.o
[ 70%] Building CXX object tests/CMakeFiles/test-quantize-perf.dir/get-model.cpp.o
[ 71%] Linking CXX executable ../../bin/llama-batched-bench
[ 72%] Building CXX object examples/batched/CMakeFiles/llama-batched.dir/batched.cpp.o
[ 72%] Linking CXX executable ../bin/test-rope
[ 72%] Linking CXX executable ../bin/test-quantize-perf
[ 72%] Linking CXX executable ../../bin/llama-batched
[ 72%] Built target test-barrier
[ 73%] Building CXX object examples/embedding/CMakeFiles/llama-embedding.dir/embedding.cpp.o
[ 73%] Linking CXX executable ../../bin/llama-embedding
[ 73%] Built target test-quantize-fns
[ 73%] Built target test-rope
[ 74%] Building CXX object examples/eval-callback/CMakeFiles/llama-eval-callback.dir/eval-callback.cpp.o
[ 74%] Building CXX object examples/gbnf-validator/CMakeFiles/llama-gbnf-validator.dir/gbnf-validator.cpp.o
[ 74%] Built target test-quantize-perf
[ 74%] Linking CXX executable ../../bin/llama-eval-callback
[ 74%] Linking CXX executable ../../bin/llama-gbnf-validator
[ 75%] Building CXX object examples/gguf-split/CMakeFiles/llama-gguf-split.dir/gguf-split.cpp.o
[ 75%] Linking CXX executable ../../bin/llama-gguf-split
[ 75%] Built target llama-gbnf-validator
[ 75%] Built target llama-batched-bench
[ 76%] Building CXX object examples/gritlm/CMakeFiles/llama-gritlm.dir/gritlm.cpp.o
[ 76%] Building CXX object examples/imatrix/CMakeFiles/llama-imatrix.dir/imatrix.cpp.o
[ 76%] Built target llama-batched
[ 76%] Linking CXX executable ../../bin/llama-gritlm
[ 76%] Built target llama-gguf-split
[ 76%] Building CXX object examples/infill/CMakeFiles/llama-infill.dir/infill.cpp.o
[ 77%] Linking CXX executable ../../bin/llama-imatrix
[ 77%] Linking CXX executable ../../bin/llama-infill
[ 77%] Built target llama-embedding
[ 77%] Building CXX object examples/llama-bench/CMakeFiles/llama-bench.dir/llama-bench.cpp.o
[ 77%] Building CXX object examples/lookahead/CMakeFiles/llama-lookahead.dir/lookahead.cpp.o
[ 77%] Linking CXX executable ../../bin/llama-bench
[ 77%] Linking CXX executable ../../bin/llama-lookahead
[ 77%] Built target llama-eval-callback
[ 78%] Building CXX object examples/lookup/CMakeFiles/llama-lookup.dir/lookup.cpp.o
[ 78%] Linking CXX executable ../../bin/llama-lookup
[ 78%] Built target llama-gritlm
[ 79%] Building CXX object examples/lookup/CMakeFiles/llama-lookup-create.dir/lookup-create.cpp.o
[ 79%] Built target llama-imatrix
[ 79%] Linking CXX executable ../../bin/llama-lookup-create
[ 79%] Building CXX object examples/lookup/CMakeFiles/llama-lookup-merge.dir/lookup-merge.cpp.o
[ 79%] Built target llama-infill
[ 79%] Building CXX object examples/lookup/CMakeFiles/llama-lookup-stats.dir/lookup-stats.cpp.o
[ 80%] Linking CXX executable ../../bin/llama-lookup-merge
[ 80%] Built target llama-lookahead
[ 80%] Linking CXX executable ../../bin/llama-lookup-stats
[ 81%] Building CXX object examples/main/CMakeFiles/llama-cli.dir/main.cpp.o
[ 81%] Built target llama-bench
[ 81%] Building CXX object examples/parallel/CMakeFiles/llama-parallel.dir/parallel.cpp.o
[ 81%] Linking CXX executable ../../bin/llama-cli
[ 82%] Linking CXX executable ../../bin/llama-parallel
[ 82%] Built target llama-lookup
[ 82%] Built target llama-lookup-merge
[ 82%] Building CXX object examples/passkey/CMakeFiles/llama-passkey.dir/passkey.cpp.o
[ 83%] Building CXX object examples/perplexity/CMakeFiles/llama-perplexity.dir/perplexity.cpp.o
[ 83%] Linking CXX executable ../../bin/llama-passkey
[ 83%] Linking CXX executable ../../bin/llama-perplexity
[ 83%] Built target llama-lookup-create
[ 83%] Building CXX object examples/quantize/CMakeFiles/llama-quantize.dir/quantize.cpp.o
[ 83%] Built target llama-lookup-stats
[ 84%] Linking CXX executable ../../bin/llama-quantize
[ 84%] Building CXX object examples/retrieval/CMakeFiles/llama-retrieval.dir/retrieval.cpp.o
[ 84%] Built target llama-cli
[ 84%] Generating loading.html.hpp
[ 85%] Linking CXX executable ../../bin/llama-retrieval
[ 85%] Generating index.html.gz.hpp
[ 85%] Built target llama-parallel
[ 85%] Building CXX object examples/save-load-state/CMakeFiles/llama-save-load-state.dir/save-load-state.cpp.o
[ 86%] Linking CXX executable ../../bin/llama-save-load-state
[ 86%] Built target llama-passkey
[ 86%] Built target llama-perplexity
[ 86%] Building CXX object examples/run/CMakeFiles/llama-run.dir/run.cpp.o
[ 87%] Building CXX object examples/speculative/CMakeFiles/llama-speculative.dir/speculative.cpp.o
[ 87%] Building CXX object examples/run/CMakeFiles/llama-run.dir/linenoise.cpp/linenoise.cpp.o
[ 87%] Linking CXX executable ../../bin/llama-speculative
[ 88%] Linking CXX executable ../../bin/llama-run
[ 88%] Built target llama-quantize
[ 88%] Built target llama-retrieval
[ 88%] Building CXX object examples/speculative-simple/CMakeFiles/llama-speculative-simple.dir/speculative-simple.cpp.o
[ 88%] Building CXX object examples/tokenize/CMakeFiles/llama-tokenize.dir/tokenize.cpp.o
[ 89%] Linking CXX executable ../../bin/llama-tokenize
[ 90%] Linking CXX executable ../../bin/llama-speculative-simple
[ 90%] Built target llama-save-load-state
[ 90%] Building CXX object examples/tts/CMakeFiles/llama-tts.dir/tts.cpp.o
[ 90%] Linking CXX executable ../../bin/llama-tts
[ 90%] Built target llama-speculative
[ 91%] Building CXX object examples/gen-docs/CMakeFiles/llama-gen-docs.dir/gen-docs.cpp.o
[ 91%] Built target llama-run
[ 91%] Linking CXX executable ../../bin/llama-gen-docs
[ 91%] Building CXX object examples/convert-llama2c-to-ggml/CMakeFiles/llama-convert-llama2c-to-ggml.dir/convert-llama2c-to-ggml.cpp.o
[ 92%] Linking CXX executable ../../bin/llama-convert-llama2c-to-ggml
[ 92%] Built target llama-tokenize
[ 92%] Building CXX object examples/cvector-generator/CMakeFiles/llama-cvector-generator.dir/cvector-generator.cpp.o
[ 92%] Built target llama-speculative-simple
[ 92%] Linking CXX executable ../../bin/llama-cvector-generator
[ 92%] Building CXX object examples/export-lora/CMakeFiles/llama-export-lora.dir/export-lora.cpp.o
[ 93%] Linking CXX executable ../../bin/llama-export-lora
[ 93%] Built target llama-tts
[ 94%] Building CXX object examples/llava/CMakeFiles/llama-llava-cli.dir/llava-cli.cpp.o
[ 94%] Built target llama-gen-docs
[ 94%] Built target llama-convert-llama2c-to-ggml
[ 94%] Linking CXX executable ../../bin/llama-llava-cli
[ 95%] Building CXX object examples/llava/CMakeFiles/llama-minicpmv-cli.dir/minicpmv-cli.cpp.o
[ 96%] Building CXX object examples/llava/CMakeFiles/llama-qwen2vl-cli.dir/qwen2vl-cli.cpp.o
[ 96%] Linking CXX executable ../../bin/llama-minicpmv-cli
[ 96%] Linking CXX executable ../../bin/llama-qwen2vl-cli
[ 96%] Built target llama-cvector-generator
[ 96%] Building CXX object examples/llava/CMakeFiles/llama-llava-clip-quantize-cli.dir/clip-quantize-cli.cpp.o
[ 96%] Built target llama-export-lora
[ 97%] Linking CXX executable ../../bin/llama-llava-clip-quantize-cli
[ 98%] Building CXX object pocs/vdot/CMakeFiles/llama-vdot.dir/vdot.cpp.o
[ 98%] Linking CXX executable ../../bin/llama-vdot
[ 98%] Built target llama-llava-cli
[ 99%] Building CXX object pocs/vdot/CMakeFiles/llama-q8dot.dir/q8dot.cpp.o
[ 99%] Linking CXX executable ../../bin/llama-q8dot
[ 99%] Built target llama-minicpmv-cli
[ 99%] Built target llama-qwen2vl-cli
[ 99%] Built target llama-llava-clip-quantize-cli
[ 99%] Built target llama-vdot
[ 99%] Built target llama-q8dot
[100%] Building CXX object examples/server/CMakeFiles/llama-server.dir/server.cpp.o
[100%] Linking CXX executable ../../bin/llama-server
[100%] Built target llama-server

real	0m5.434s
user	0m13.484s
sys	0m3.903s
+ python3 ../convert_hf_to_gguf.py ../models-mnt/bge-small --outfile ../models-mnt/bge-small/ggml-model-f16.gguf
INFO:hf-to-gguf:Loading model: bge-small
INFO:gguf.gguf_writer:gguf: This GGUF file is for Little Endian only
INFO:hf-to-gguf:Exporting model...
INFO:hf-to-gguf:gguf: loading model part 'pytorch_model.bin'
INFO:hf-to-gguf:token_embd.weight,               torch.float32 --> F16, shape = {384, 30522}
INFO:hf-to-gguf:position_embd.weight,            torch.float32 --> F32, shape = {384, 512}
INFO:hf-to-gguf:token_types.weight,              torch.float32 --> F32, shape = {384, 2}
INFO:hf-to-gguf:token_embd_norm.weight,          torch.float32 --> F32, shape = {384}
INFO:hf-to-gguf:token_embd_norm.bias,            torch.float32 --> F32, shape = {384}
INFO:hf-to-gguf:blk.0.attn_q.weight,             torch.float32 --> F16, shape = {384, 384}
INFO:hf-to-gguf:blk.0.attn_q.bias,               torch.float32 --> F32, shape = {384}
INFO:hf-to-gguf:blk.0.attn_k.weight,             torch.float32 --> F16, shape = {384, 384}
INFO:hf-to-gguf:blk.0.attn_k.bias,               torch.float32 --> F32, shape = {384}
INFO:hf-to-gguf:blk.0.attn_v.weight,             torch.float32 --> F16, shape = {384, 384}
INFO:hf-to-gguf:blk.0.attn_v.bias,               torch.float32 --> F32, shape = {384}
INFO:hf-to-gguf:blk.0.attn_output.weight,        torch.float32 --> F16, shape = {384, 384}
INFO:hf-to-gguf:blk.0.attn_output.bias,          torch.float32 --> F32, shape = {384}
INFO:hf-to-gguf:blk.0.attn_output_norm.weight,   torch.float32 --> F32, shape = {384}
INFO:hf-to-gguf:blk.0.attn_output_norm.bias,     torch.float32 --> F32, shape = {384}
INFO:hf-to-gguf:blk.0.ffn_up.weight,             torch.float32 --> F16, shape = {384, 1536}
INFO:hf-to-gguf:blk.0.ffn_up.bias,               torch.float32 --> F32, shape = {1536}
INFO:hf-to-gguf:blk.0.ffn_down.weight,           torch.float32 --> F16, shape = {1536, 384}
INFO:hf-to-gguf:blk.0.ffn_down.bias,             torch.float32 --> F32, shape = {384}
INFO:hf-to-gguf:blk.0.layer_output_norm.weight,  torch.float32 --> F32, shape = {384}
INFO:hf-to-gguf:blk.0.layer_output_norm.bias,    torch.float32 --> F32, shape = {384}
INFO:hf-to-gguf:blk.1.attn_q.weight,             torch.float32 --> F16, shape = {384, 384}
INFO:hf-to-gguf:blk.1.attn_q.bias,               torch.float32 --> F32, shape = {384}
INFO:hf-to-gguf:blk.1.attn_k.weight,             torch.float32 --> F16, shape = {384, 384}
INFO:hf-to-gguf:blk.1.attn_k.bias,               torch.float32 --> F32, shape = {384}
INFO:hf-to-gguf:blk.1.attn_v.weight,             torch.float32 --> F16, shape = {384, 384}
INFO:hf-to-gguf:blk.1.attn_v.bias,               torch.float32 --> F32, shape = {384}
INFO:hf-to-gguf:blk.1.attn_output.weight,        torch.float32 --> F16, shape = {384, 384}
INFO:hf-to-gguf:blk.1.attn_output.bias,          torch.float32 --> F32, shape = {384}
INFO:hf-to-gguf:blk.1.attn_output_norm.weight,   torch.float32 --> F32, shape = {384}
INFO:hf-to-gguf:blk.1.attn_output_norm.bias,     torch.float32 --> F32, shape = {384}
INFO:hf-to-gguf:blk.1.ffn_up.weight,             torch.float32 --> F16, shape = {384, 1536}
INFO:hf-to-gguf:blk.1.ffn_up.bias,               torch.float32 --> F32, shape = {1536}
INFO:hf-to-gguf:blk.1.ffn_down.weight,           torch.float32 --> F16, shape = {1536, 384}
INFO:hf-to-gguf:blk.1.ffn_down.bias,             torch.float32 --> F32, shape = {384}
INFO:hf-to-gguf:blk.1.layer_output_norm.weight,  torch.float32 --> F32, shape = {384}
INFO:hf-to-gguf:blk.1.layer_output_norm.bias,    torch.float32 --> F32, shape = {384}
INFO:hf-to-gguf:blk.2.attn_q.weight,             torch.float32 --> F16, shape = {384, 384}
INFO:hf-to-gguf:blk.2.attn_q.bias,               torch.float32 --> F32, shape = {384}
INFO:hf-to-gguf:blk.2.attn_k.weight,             torch.float32 --> F16, shape = {384, 384}
INFO:hf-to-gguf:blk.2.attn_k.bias,               torch.float32 --> F32, shape = {384}
INFO:hf-to-gguf:blk.2.attn_v.weight,             torch.float32 --> F16, shape = {384, 384}
INFO:hf-to-gguf:blk.2.attn_v.bias,               torch.float32 --> F32, shape = {384}
INFO:hf-to-gguf:blk.2.attn_output.weight,        torch.float32 --> F16, shape = {384, 384}
INFO:hf-to-gguf:blk.2.attn_output.bias,          torch.float32 --> F32, shape = {384}
INFO:hf-to-gguf:blk.2.attn_output_norm.weight,   torch.float32 --> F32, shape = {384}
INFO:hf-to-gguf:blk.2.attn_output_norm.bias,     torch.float32 --> F32, shape = {384}
INFO:hf-to-gguf:blk.2.ffn_up.weight,             torch.float32 --> F16, shape = {384, 1536}
INFO:hf-to-gguf:blk.2.ffn_up.bias,               torch.float32 --> F32, shape = {1536}
INFO:hf-to-gguf:blk.2.ffn_down.weight,           torch.float32 --> F16, shape = {1536, 384}
INFO:hf-to-gguf:blk.2.ffn_down.bias,             torch.float32 --> F32, shape = {384}
INFO:hf-to-gguf:blk.2.layer_output_norm.weight,  torch.float32 --> F32, shape = {384}
INFO:hf-to-gguf:blk.2.layer_output_norm.bias,    torch.float32 --> F32, shape = {384}
INFO:hf-to-gguf:blk.3.attn_q.weight,             torch.float32 --> F16, shape = {384, 384}
INFO:hf-to-gguf:blk.3.attn_q.bias,               torch.float32 --> F32, shape = {384}
INFO:hf-to-gguf:blk.3.attn_k.weight,             torch.float32 --> F16, shape = {384, 384}
INFO:hf-to-gguf:blk.3.attn_k.bias,               torch.float32 --> F32, shape = {384}
INFO:hf-to-gguf:blk.3.attn_v.weight,             torch.float32 --> F16, shape = {384, 384}
INFO:hf-to-gguf:blk.3.attn_v.bias,               torch.float32 --> F32, shape = {384}
INFO:hf-to-gguf:blk.3.attn_output.weight,        torch.float32 --> F16, shape = {384, 384}
INFO:hf-to-gguf:blk.3.attn_output.bias,          torch.float32 --> F32, shape = {384}
INFO:hf-to-gguf:blk.3.attn_output_norm.weight,   torch.float32 --> F32, shape = {384}
INFO:hf-to-gguf:blk.3.attn_output_norm.bias,     torch.float32 --> F32, shape = {384}
INFO:hf-to-gguf:blk.3.ffn_up.weight,             torch.float32 --> F16, shape = {384, 1536}
INFO:hf-to-gguf:blk.3.ffn_up.bias,               torch.float32 --> F32, shape = {1536}
INFO:hf-to-gguf:blk.3.ffn_down.weight,           torch.float32 --> F16, shape = {1536, 384}
INFO:hf-to-gguf:blk.3.ffn_down.bias,             torch.float32 --> F32, shape = {384}
INFO:hf-to-gguf:blk.3.layer_output_norm.weight,  torch.float32 --> F32, shape = {384}
INFO:hf-to-gguf:blk.3.layer_output_norm.bias,    torch.float32 --> F32, shape = {384}
INFO:hf-to-gguf:blk.4.attn_q.weight,             torch.float32 --> F16, shape = {384, 384}
INFO:hf-to-gguf:blk.4.attn_q.bias,               torch.float32 --> F32, shape = {384}
INFO:hf-to-gguf:blk.4.attn_k.weight,             torch.float32 --> F16, shape = {384, 384}
INFO:hf-to-gguf:blk.4.attn_k.bias,               torch.float32 --> F32, shape = {384}
INFO:hf-to-gguf:blk.4.attn_v.weight,             torch.float32 --> F16, shape = {384, 384}
INFO:hf-to-gguf:blk.4.attn_v.bias,               torch.float32 --> F32, shape = {384}
INFO:hf-to-gguf:blk.4.attn_output.weight,        torch.float32 --> F16, shape = {384, 384}
INFO:hf-to-gguf:blk.4.attn_output.bias,          torch.float32 --> F32, shape = {384}
INFO:hf-to-gguf:blk.4.attn_output_norm.weight,   torch.float32 --> F32, shape = {384}
INFO:hf-to-gguf:blk.4.attn_output_norm.bias,     torch.float32 --> F32, shape = {384}
INFO:hf-to-gguf:blk.4.ffn_up.weight,             torch.float32 --> F16, shape = {384, 1536}
INFO:hf-to-gguf:blk.4.ffn_up.bias,               torch.float32 --> F32, shape = {1536}
INFO:hf-to-gguf:blk.4.ffn_down.weight,           torch.float32 --> F16, shape = {1536, 384}
INFO:hf-to-gguf:blk.4.ffn_down.bias,             torch.float32 --> F32, shape = {384}
INFO:hf-to-gguf:blk.4.layer_output_norm.weight,  torch.float32 --> F32, shape = {384}
INFO:hf-to-gguf:blk.4.layer_output_norm.bias,    torch.float32 --> F32, shape = {384}
INFO:hf-to-gguf:blk.5.attn_q.weight,             torch.float32 --> F16, shape = {384, 384}
INFO:hf-to-gguf:blk.5.attn_q.bias,               torch.float32 --> F32, shape = {384}
INFO:hf-to-gguf:blk.5.attn_k.weight,             torch.float32 --> F16, shape = {384, 384}
INFO:hf-to-gguf:blk.5.attn_k.bias,               torch.float32 --> F32, shape = {384}
INFO:hf-to-gguf:blk.5.attn_v.weight,             torch.float32 --> F16, shape = {384, 384}
INFO:hf-to-gguf:blk.5.attn_v.bias,               torch.float32 --> F32, shape = {384}
INFO:hf-to-gguf:blk.5.attn_output.weight,        torch.float32 --> F16, shape = {384, 384}
INFO:hf-to-gguf:blk.5.attn_output.bias,          torch.float32 --> F32, shape = {384}
INFO:hf-to-gguf:blk.5.attn_output_norm.weight,   torch.float32 --> F32, shape = {384}
INFO:hf-to-gguf:blk.5.attn_output_norm.bias,     torch.float32 --> F32, shape = {384}
INFO:hf-to-gguf:blk.5.ffn_up.weight,             torch.float32 --> F16, shape = {384, 1536}
INFO:hf-to-gguf:blk.5.ffn_up.bias,               torch.float32 --> F32, shape = {1536}
INFO:hf-to-gguf:blk.5.ffn_down.weight,           torch.float32 --> F16, shape = {1536, 384}
INFO:hf-to-gguf:blk.5.ffn_down.bias,             torch.float32 --> F32, shape = {384}
INFO:hf-to-gguf:blk.5.layer_output_norm.weight,  torch.float32 --> F32, shape = {384}
INFO:hf-to-gguf:blk.5.layer_output_norm.bias,    torch.float32 --> F32, shape = {384}
INFO:hf-to-gguf:blk.6.attn_q.weight,             torch.float32 --> F16, shape = {384, 384}
INFO:hf-to-gguf:blk.6.attn_q.bias,               torch.float32 --> F32, shape = {384}
INFO:hf-to-gguf:blk.6.attn_k.weight,             torch.float32 --> F16, shape = {384, 384}
INFO:hf-to-gguf:blk.6.attn_k.bias,               torch.float32 --> F32, shape = {384}
INFO:hf-to-gguf:blk.6.attn_v.weight,             torch.float32 --> F16, shape = {384, 384}
INFO:hf-to-gguf:blk.6.attn_v.bias,               torch.float32 --> F32, shape = {384}
INFO:hf-to-gguf:blk.6.attn_output.weight,        torch.float32 --> F16, shape = {384, 384}
INFO:hf-to-gguf:blk.6.attn_output.bias,          torch.float32 --> F32, shape = {384}
INFO:hf-to-gguf:blk.6.attn_output_norm.weight,   torch.float32 --> F32, shape = {384}
INFO:hf-to-gguf:blk.6.attn_output_norm.bias,     torch.float32 --> F32, shape = {384}
INFO:hf-to-gguf:blk.6.ffn_up.weight,             torch.float32 --> F16, shape = {384, 1536}
INFO:hf-to-gguf:blk.6.ffn_up.bias,               torch.float32 --> F32, shape = {1536}
INFO:hf-to-gguf:blk.6.ffn_down.weight,           torch.float32 --> F16, shape = {1536, 384}
INFO:hf-to-gguf:blk.6.ffn_down.bias,             torch.float32 --> F32, shape = {384}
INFO:hf-to-gguf:blk.6.layer_output_norm.weight,  torch.float32 --> F32, shape = {384}
INFO:hf-to-gguf:blk.6.layer_output_norm.bias,    torch.float32 --> F32, shape = {384}
INFO:hf-to-gguf:blk.7.attn_q.weight,             torch.float32 --> F16, shape = {384, 384}
INFO:hf-to-gguf:blk.7.attn_q.bias,               torch.float32 --> F32, shape = {384}
INFO:hf-to-gguf:blk.7.attn_k.weight,             torch.float32 --> F16, shape = {384, 384}
INFO:hf-to-gguf:blk.7.attn_k.bias,               torch.float32 --> F32, shape = {384}
INFO:hf-to-gguf:blk.7.attn_v.weight,             torch.float32 --> F16, shape = {384, 384}
INFO:hf-to-gguf:blk.7.attn_v.bias,               torch.float32 --> F32, shape = {384}
INFO:hf-to-gguf:blk.7.attn_output.weight,        torch.float32 --> F16, shape = {384, 384}
INFO:hf-to-gguf:blk.7.attn_output.bias,          torch.float32 --> F32, shape = {384}
INFO:hf-to-gguf:blk.7.attn_output_norm.weight,   torch.float32 --> F32, shape = {384}
INFO:hf-to-gguf:blk.7.attn_output_norm.bias,     torch.float32 --> F32, shape = {384}
INFO:hf-to-gguf:blk.7.ffn_up.weight,             torch.float32 --> F16, shape = {384, 1536}
INFO:hf-to-gguf:blk.7.ffn_up.bias,               torch.float32 --> F32, shape = {1536}
INFO:hf-to-gguf:blk.7.ffn_down.weight,           torch.float32 --> F16, shape = {1536, 384}
INFO:hf-to-gguf:blk.7.ffn_down.bias,             torch.float32 --> F32, shape = {384}
INFO:hf-to-gguf:blk.7.layer_output_norm.weight,  torch.float32 --> F32, shape = {384}
INFO:hf-to-gguf:blk.7.layer_output_norm.bias,    torch.float32 --> F32, shape = {384}
INFO:hf-to-gguf:blk.8.attn_q.weight,             torch.float32 --> F16, shape = {384, 384}
INFO:hf-to-gguf:blk.8.attn_q.bias,               torch.float32 --> F32, shape = {384}
INFO:hf-to-gguf:blk.8.attn_k.weight,             torch.float32 --> F16, shape = {384, 384}
INFO:hf-to-gguf:blk.8.attn_k.bias,               torch.float32 --> F32, shape = {384}
INFO:hf-to-gguf:blk.8.attn_v.weight,             torch.float32 --> F16, shape = {384, 384}
INFO:hf-to-gguf:blk.8.attn_v.bias,               torch.float32 --> F32, shape = {384}
INFO:hf-to-gguf:blk.8.attn_output.weight,        torch.float32 --> F16, shape = {384, 384}
INFO:hf-to-gguf:blk.8.attn_output.bias,          torch.float32 --> F32, shape = {384}
INFO:hf-to-gguf:blk.8.attn_output_norm.weight,   torch.float32 --> F32, shape = {384}
INFO:hf-to-gguf:blk.8.attn_output_norm.bias,     torch.float32 --> F32, shape = {384}
INFO:hf-to-gguf:blk.8.ffn_up.weight,             torch.float32 --> F16, shape = {384, 1536}
INFO:hf-to-gguf:blk.8.ffn_up.bias,               torch.float32 --> F32, shape = {1536}
INFO:hf-to-gguf:blk.8.ffn_down.weight,           torch.float32 --> F16, shape = {1536, 384}
INFO:hf-to-gguf:blk.8.ffn_down.bias,             torch.float32 --> F32, shape = {384}
INFO:hf-to-gguf:blk.8.layer_output_norm.weight,  torch.float32 --> F32, shape = {384}
INFO:hf-to-gguf:blk.8.layer_output_norm.bias,    torch.float32 --> F32, shape = {384}
INFO:hf-to-gguf:blk.9.attn_q.weight,             torch.float32 --> F16, shape = {384, 384}
INFO:hf-to-gguf:blk.9.attn_q.bias,               torch.float32 --> F32, shape = {384}
INFO:hf-to-gguf:blk.9.attn_k.weight,             torch.float32 --> F16, shape = {384, 384}
INFO:hf-to-gguf:blk.9.attn_k.bias,               torch.float32 --> F32, shape = {384}
INFO:hf-to-gguf:blk.9.attn_v.weight,             torch.float32 --> F16, shape = {384, 384}
INFO:hf-to-gguf:blk.9.attn_v.bias,               torch.float32 --> F32, shape = {384}
INFO:hf-to-gguf:blk.9.attn_output.weight,        torch.float32 --> F16, shape = {384, 384}
INFO:hf-to-gguf:blk.9.attn_output.bias,          torch.float32 --> F32, shape = {384}
INFO:hf-to-gguf:blk.9.attn_output_norm.weight,   torch.float32 --> F32, shape = {384}
INFO:hf-to-gguf:blk.9.attn_output_norm.bias,     torch.float32 --> F32, shape = {384}
INFO:hf-to-gguf:blk.9.ffn_up.weight,             torch.float32 --> F16, shape = {384, 1536}
INFO:hf-to-gguf:blk.9.ffn_up.bias,               torch.float32 --> F32, shape = {1536}
INFO:hf-to-gguf:blk.9.ffn_down.weight,           torch.float32 --> F16, shape = {1536, 384}
INFO:hf-to-gguf:blk.9.ffn_down.bias,             torch.float32 --> F32, shape = {384}
INFO:hf-to-gguf:blk.9.layer_output_norm.weight,  torch.float32 --> F32, shape = {384}
INFO:hf-to-gguf:blk.9.layer_output_norm.bias,    torch.float32 --> F32, shape = {384}
INFO:hf-to-gguf:blk.10.attn_q.weight,            torch.float32 --> F16, shape = {384, 384}
INFO:hf-to-gguf:blk.10.attn_q.bias,              torch.float32 --> F32, shape = {384}
INFO:hf-to-gguf:blk.10.attn_k.weight,            torch.float32 --> F16, shape = {384, 384}
INFO:hf-to-gguf:blk.10.attn_k.bias,              torch.float32 --> F32, shape = {384}
INFO:hf-to-gguf:blk.10.attn_v.weight,            torch.float32 --> F16, shape = {384, 384}
INFO:hf-to-gguf:blk.10.attn_v.bias,              torch.float32 --> F32, shape = {384}
INFO:hf-to-gguf:blk.10.attn_output.weight,       torch.float32 --> F16, shape = {384, 384}
INFO:hf-to-gguf:blk.10.attn_output.bias,         torch.float32 --> F32, shape = {384}
INFO:hf-to-gguf:blk.10.attn_output_norm.weight,  torch.float32 --> F32, shape = {384}
INFO:hf-to-gguf:blk.10.attn_output_norm.bias,    torch.float32 --> F32, shape = {384}
INFO:hf-to-gguf:blk.10.ffn_up.weight,            torch.float32 --> F16, shape = {384, 1536}
INFO:hf-to-gguf:blk.10.ffn_up.bias,              torch.float32 --> F32, shape = {1536}
INFO:hf-to-gguf:blk.10.ffn_down.weight,          torch.float32 --> F16, shape = {1536, 384}
INFO:hf-to-gguf:blk.10.ffn_down.bias,            torch.float32 --> F32, shape = {384}
INFO:hf-to-gguf:blk.10.layer_output_norm.weight, torch.float32 --> F32, shape = {384}
INFO:hf-to-gguf:blk.10.layer_output_norm.bias,   torch.float32 --> F32, shape = {384}
INFO:hf-to-gguf:blk.11.attn_q.weight,            torch.float32 --> F16, shape = {384, 384}
INFO:hf-to-gguf:blk.11.attn_q.bias,              torch.float32 --> F32, shape = {384}
INFO:hf-to-gguf:blk.11.attn_k.weight,            torch.float32 --> F16, shape = {384, 384}
INFO:hf-to-gguf:blk.11.attn_k.bias,              torch.float32 --> F32, shape = {384}
INFO:hf-to-gguf:blk.11.attn_v.weight,            torch.float32 --> F16, shape = {384, 384}
INFO:hf-to-gguf:blk.11.attn_v.bias,              torch.float32 --> F32, shape = {384}
INFO:hf-to-gguf:blk.11.attn_output.weight,       torch.float32 --> F16, shape = {384, 384}
INFO:hf-to-gguf:blk.11.attn_output.bias,         torch.float32 --> F32, shape = {384}
INFO:hf-to-gguf:blk.11.attn_output_norm.weight,  torch.float32 --> F32, shape = {384}
INFO:hf-to-gguf:blk.11.attn_output_norm.bias,    torch.float32 --> F32, shape = {384}
INFO:hf-to-gguf:blk.11.ffn_up.weight,            torch.float32 --> F16, shape = {384, 1536}
INFO:hf-to-gguf:blk.11.ffn_up.bias,              torch.float32 --> F32, shape = {1536}
INFO:hf-to-gguf:blk.11.ffn_down.weight,          torch.float32 --> F16, shape = {1536, 384}
INFO:hf-to-gguf:blk.11.ffn_down.bias,            torch.float32 --> F32, shape = {384}
INFO:hf-to-gguf:blk.11.layer_output_norm.weight, torch.float32 --> F32, shape = {384}
INFO:hf-to-gguf:blk.11.layer_output_norm.bias,   torch.float32 --> F32, shape = {384}
INFO:hf-to-gguf:Set meta model
INFO:hf-to-gguf:Set model parameters
INFO:hf-to-gguf:gguf: context length = 512
INFO:hf-to-gguf:gguf: embedding length = 384
INFO:hf-to-gguf:gguf: feed forward length = 1536
INFO:hf-to-gguf:gguf: head count = 12
INFO:hf-to-gguf:gguf: layer norm epsilon = 1e-12
INFO:hf-to-gguf:gguf: file type = 1
INFO:hf-to-gguf:Set model tokenizer
INFO:gguf.vocab:Setting special token type unk to 100
INFO:gguf.vocab:Setting special token type sep to 102
INFO:gguf.vocab:Setting special token type pad to 0
WARNING:gguf.vocab:No handler for special token type cls with id 101 - skipping
INFO:gguf.vocab:Setting special token type mask to 103
INFO:hf-to-gguf:Set model quantization version
INFO:gguf.gguf_writer:Writing the following files:
INFO:gguf.gguf_writer:../models-mnt/bge-small/ggml-model-f16.gguf: n_tensors = 197, total_size = 66.9M
Writing:   0%|          | 0.00/66.9M [00:00<?, ?byte/s]Writing:  49%|████▊     | 32.5M/66.9M [00:00<00:00, 324Mbyte/s]Writing:  98%|█████████▊| 65.8M/66.9M [00:00<00:00, 323Mbyte/s]Writing: 100%|██████████| 66.9M/66.9M [00:00<00:00, 319Mbyte/s]
INFO:hf-to-gguf:Model successfully exported to ../models-mnt/bge-small/ggml-model-f16.gguf
+ model_f16=../models-mnt/bge-small/ggml-model-f16.gguf
+ model_q8_0=../models-mnt/bge-small/ggml-model-q8_0.gguf
+ ./bin/llama-quantize ../models-mnt/bge-small/ggml-model-f16.gguf ../models-mnt/bge-small/ggml-model-q8_0.gguf q8_0
main: build = 4723 (3a4d2cbf0)
main: built with cc (Ubuntu 11.4.0-1ubuntu1~22.04) 11.4.0 for x86_64-linux-gnu
main: quantizing '../models-mnt/bge-small/ggml-model-f16.gguf' to '../models-mnt/bge-small/ggml-model-q8_0.gguf' as Q8_0
llama_model_loader: loaded meta data with 24 key-value pairs and 197 tensors from ../models-mnt/bge-small/ggml-model-f16.gguf (version GGUF V3 (latest))
llama_model_loader: Dumping metadata keys/values. Note: KV overrides do not apply in this output.
llama_model_loader: - kv   0:                       general.architecture str              = bert
llama_model_loader: - kv   1:                               general.type str              = model
llama_model_loader: - kv   2:                               general.name str              = Bge Small
llama_model_loader: - kv   3:                           general.basename str              = bge
llama_model_loader: - kv   4:                         general.size_label str              = small
llama_model_loader: - kv   5:                           bert.block_count u32              = 12
llama_model_loader: - kv   6:                        bert.context_length u32              = 512
llama_model_loader: - kv   7:                      bert.embedding_length u32              = 384
llama_model_loader: - kv   8:                   bert.feed_forward_length u32              = 1536
llama_model_loader: - kv   9:                  bert.attention.head_count u32              = 12
llama_model_loader: - kv  10:          bert.attention.layer_norm_epsilon f32              = 0.000000
llama_model_loader: - kv  11:                          general.file_type u32              = 1
llama_model_loader: - kv  12:                      bert.attention.causal bool             = false
llama_model_loader: - kv  13:                          bert.pooling_type u32              = 2
llama_model_loader: - kv  14:            tokenizer.ggml.token_type_count u32              = 2
llama_model_loader: - kv  15:                       tokenizer.ggml.model str              = bert
llama_model_loader: - kv  16:                         tokenizer.ggml.pre str              = jina-v2-en
llama_model_loader: - kv  17:                      tokenizer.ggml.tokens arr[str,30522]   = ["[PAD]", "[unused0]", "[unused1]", "...
llama_model_loader: - kv  18:                  tokenizer.ggml.token_type arr[i32,30522]   = [3, 1, 1, 1, 1, 1, 1, 1, 1, 1, 1, 1, ...
llama_model_loader: - kv  19:            tokenizer.ggml.unknown_token_id u32              = 100
llama_model_loader: - kv  20:          tokenizer.ggml.seperator_token_id u32              = 102
llama_model_loader: - kv  21:            tokenizer.ggml.padding_token_id u32              = 0
llama_model_loader: - kv  22:               tokenizer.ggml.mask_token_id u32              = 103
llama_model_loader: - kv  23:               general.quantization_version u32              = 2
llama_model_loader: - type  f32:  124 tensors
llama_model_loader: - type  f16:   73 tensors
ggml_cuda_init: GGML_CUDA_FORCE_MMQ:    no
ggml_cuda_init: GGML_CUDA_FORCE_CUBLAS: no
ggml_cuda_init: found 1 CUDA devices:
  Device 0: Tesla V100-PCIE-16GB, compute capability 7.0, VMM: yes
[   1/ 197]                 position_embd.weight - [  384,   512,     1,     1], type =    f32, size =    0.750 MB
[   2/ 197]                    token_embd.weight - [  384, 30522,     1,     1], type =    f16, converting to q8_0 .. size =    22.35 MiB ->    11.88 MiB
[   3/ 197]                 token_embd_norm.bias - [  384,     1,     1,     1], type =    f32, size =    0.001 MB
[   4/ 197]               token_embd_norm.weight - [  384,     1,     1,     1], type =    f32, size =    0.001 MB
[   5/ 197]                   token_types.weight - [  384,     2,     1,     1], type =    f32, size =    0.003 MB
[   6/ 197]                    blk.0.attn_k.bias - [  384,     1,     1,     1], type =    f32, size =    0.001 MB
[   7/ 197]                  blk.0.attn_k.weight - [  384,   384,     1,     1], type =    f16, converting to q8_0 .. size =     0.28 MiB ->     0.15 MiB
[   8/ 197]               blk.0.attn_output.bias - [  384,     1,     1,     1], type =    f32, size =    0.001 MB
[   9/ 197]             blk.0.attn_output.weight - [  384,   384,     1,     1], type =    f16, converting to q8_0 .. size =     0.28 MiB ->     0.15 MiB
[  10/ 197]          blk.0.attn_output_norm.bias - [  384,     1,     1,     1], type =    f32, size =    0.001 MB
[  11/ 197]        blk.0.attn_output_norm.weight - [  384,     1,     1,     1], type =    f32, size =    0.001 MB
[  12/ 197]                    blk.0.attn_q.bias - [  384,     1,     1,     1], type =    f32, size =    0.001 MB
[  13/ 197]                  blk.0.attn_q.weight - [  384,   384,     1,     1], type =    f16, converting to q8_0 .. size =     0.28 MiB ->     0.15 MiB
[  14/ 197]                    blk.0.attn_v.bias - [  384,     1,     1,     1], type =    f32, size =    0.001 MB
[  15/ 197]                  blk.0.attn_v.weight - [  384,   384,     1,     1], type =    f16, converting to q8_0 .. size =     0.28 MiB ->     0.15 MiB
[  16/ 197]                  blk.0.ffn_down.bias - [  384,     1,     1,     1], type =    f32, size =    0.001 MB
[  17/ 197]                blk.0.ffn_down.weight - [ 1536,   384,     1,     1], type =    f16, converting to q8_0 .. size =     1.12 MiB ->     0.60 MiB
[  18/ 197]                    blk.0.ffn_up.bias - [ 1536,     1,     1,     1], type =    f32, size =    0.006 MB
[  19/ 197]                  blk.0.ffn_up.weight - [  384,  1536,     1,     1], type =    f16, converting to q8_0 .. size =     1.12 MiB ->     0.60 MiB
[  20/ 197]         blk.0.layer_output_norm.bias - [  384,     1,     1,     1], type =    f32, size =    0.001 MB
[  21/ 197]       blk.0.layer_output_norm.weight - [  384,     1,     1,     1], type =    f32, size =    0.001 MB
[  22/ 197]                    blk.1.attn_k.bias - [  384,     1,     1,     1], type =    f32, size =    0.001 MB
[  23/ 197]                  blk.1.attn_k.weight - [  384,   384,     1,     1], type =    f16, converting to q8_0 .. size =     0.28 MiB ->     0.15 MiB
[  24/ 197]               blk.1.attn_output.bias - [  384,     1,     1,     1], type =    f32, size =    0.001 MB
[  25/ 197]             blk.1.attn_output.weight - [  384,   384,     1,     1], type =    f16, converting to q8_0 .. size =     0.28 MiB ->     0.15 MiB
[  26/ 197]          blk.1.attn_output_norm.bias - [  384,     1,     1,     1], type =    f32, size =    0.001 MB
[  27/ 197]        blk.1.attn_output_norm.weight - [  384,     1,     1,     1], type =    f32, size =    0.001 MB
[  28/ 197]                    blk.1.attn_q.bias - [  384,     1,     1,     1], type =    f32, size =    0.001 MB
[  29/ 197]                  blk.1.attn_q.weight - [  384,   384,     1,     1], type =    f16, converting to q8_0 .. size =     0.28 MiB ->     0.15 MiB
[  30/ 197]                    blk.1.attn_v.bias - [  384,     1,     1,     1], type =    f32, size =    0.001 MB
[  31/ 197]                  blk.1.attn_v.weight - [  384,   384,     1,     1], type =    f16, converting to q8_0 .. size =     0.28 MiB ->     0.15 MiB
[  32/ 197]                  blk.1.ffn_down.bias - [  384,     1,     1,     1], type =    f32, size =    0.001 MB
[  33/ 197]                blk.1.ffn_down.weight - [ 1536,   384,     1,     1], type =    f16, converting to q8_0 .. size =     1.12 MiB ->     0.60 MiB
[  34/ 197]                    blk.1.ffn_up.bias - [ 1536,     1,     1,     1], type =    f32, size =    0.006 MB
[  35/ 197]                  blk.1.ffn_up.weight - [  384,  1536,     1,     1], type =    f16, converting to q8_0 .. size =     1.12 MiB ->     0.60 MiB
[  36/ 197]         blk.1.layer_output_norm.bias - [  384,     1,     1,     1], type =    f32, size =    0.001 MB
[  37/ 197]       blk.1.layer_output_norm.weight - [  384,     1,     1,     1], type =    f32, size =    0.001 MB
[  38/ 197]                    blk.2.attn_k.bias - [  384,     1,     1,     1], type =    f32, size =    0.001 MB
[  39/ 197]                  blk.2.attn_k.weight - [  384,   384,     1,     1], type =    f16, converting to q8_0 .. size =     0.28 MiB ->     0.15 MiB
[  40/ 197]               blk.2.attn_output.bias - [  384,     1,     1,     1], type =    f32, size =    0.001 MB
[  41/ 197]             blk.2.attn_output.weight - [  384,   384,     1,     1], type =    f16, converting to q8_0 .. size =     0.28 MiB ->     0.15 MiB
[  42/ 197]          blk.2.attn_output_norm.bias - [  384,     1,     1,     1], type =    f32, size =    0.001 MB
[  43/ 197]        blk.2.attn_output_norm.weight - [  384,     1,     1,     1], type =    f32, size =    0.001 MB
[  44/ 197]                    blk.2.attn_q.bias - [  384,     1,     1,     1], type =    f32, size =    0.001 MB
[  45/ 197]                  blk.2.attn_q.weight - [  384,   384,     1,     1], type =    f16, converting to q8_0 .. size =     0.28 MiB ->     0.15 MiB
[  46/ 197]                    blk.2.attn_v.bias - [  384,     1,     1,     1], type =    f32, size =    0.001 MB
[  47/ 197]                  blk.2.attn_v.weight - [  384,   384,     1,     1], type =    f16, converting to q8_0 .. size =     0.28 MiB ->     0.15 MiB
[  48/ 197]                  blk.2.ffn_down.bias - [  384,     1,     1,     1], type =    f32, size =    0.001 MB
[  49/ 197]                blk.2.ffn_down.weight - [ 1536,   384,     1,     1], type =    f16, converting to q8_0 .. size =     1.12 MiB ->     0.60 MiB
[  50/ 197]                    blk.2.ffn_up.bias - [ 1536,     1,     1,     1], type =    f32, size =    0.006 MB
[  51/ 197]                  blk.2.ffn_up.weight - [  384,  1536,     1,     1], type =    f16, converting to q8_0 .. size =     1.12 MiB ->     0.60 MiB
[  52/ 197]         blk.2.layer_output_norm.bias - [  384,     1,     1,     1], type =    f32, size =    0.001 MB
[  53/ 197]       blk.2.layer_output_norm.weight - [  384,     1,     1,     1], type =    f32, size =    0.001 MB
[  54/ 197]                    blk.3.attn_k.bias - [  384,     1,     1,     1], type =    f32, size =    0.001 MB
[  55/ 197]                  blk.3.attn_k.weight - [  384,   384,     1,     1], type =    f16, converting to q8_0 .. size =     0.28 MiB ->     0.15 MiB
[  56/ 197]               blk.3.attn_output.bias - [  384,     1,     1,     1], type =    f32, size =    0.001 MB
[  57/ 197]             blk.3.attn_output.weight - [  384,   384,     1,     1], type =    f16, converting to q8_0 .. size =     0.28 MiB ->     0.15 MiB
[  58/ 197]          blk.3.attn_output_norm.bias - [  384,     1,     1,     1], type =    f32, size =    0.001 MB
[  59/ 197]        blk.3.attn_output_norm.weight - [  384,     1,     1,     1], type =    f32, size =    0.001 MB
[  60/ 197]                    blk.3.attn_q.bias - [  384,     1,     1,     1], type =    f32, size =    0.001 MB
[  61/ 197]                  blk.3.attn_q.weight - [  384,   384,     1,     1], type =    f16, converting to q8_0 .. size =     0.28 MiB ->     0.15 MiB
[  62/ 197]                    blk.3.attn_v.bias - [  384,     1,     1,     1], type =    f32, size =    0.001 MB
[  63/ 197]                  blk.3.attn_v.weight - [  384,   384,     1,     1], type =    f16, converting to q8_0 .. size =     0.28 MiB ->     0.15 MiB
[  64/ 197]                  blk.3.ffn_down.bias - [  384,     1,     1,     1], type =    f32, size =    0.001 MB
[  65/ 197]                blk.3.ffn_down.weight - [ 1536,   384,     1,     1], type =    f16, converting to q8_0 .. size =     1.12 MiB ->     0.60 MiB
[  66/ 197]                    blk.3.ffn_up.bias - [ 1536,     1,     1,     1], type =    f32, size =    0.006 MB
[  67/ 197]                  blk.3.ffn_up.weight - [  384,  1536,     1,     1], type =    f16, converting to q8_0 .. size =     1.12 MiB ->     0.60 MiB
[  68/ 197]         blk.3.layer_output_norm.bias - [  384,     1,     1,     1], type =    f32, size =    0.001 MB
[  69/ 197]       blk.3.layer_output_norm.weight - [  384,     1,     1,     1], type =    f32, size =    0.001 MB
[  70/ 197]                    blk.4.attn_k.bias - [  384,     1,     1,     1], type =    f32, size =    0.001 MB
[  71/ 197]                  blk.4.attn_k.weight - [  384,   384,     1,     1], type =    f16, converting to q8_0 .. size =     0.28 MiB ->     0.15 MiB
[  72/ 197]               blk.4.attn_output.bias - [  384,     1,     1,     1], type =    f32, size =    0.001 MB
[  73/ 197]             blk.4.attn_output.weight - [  384,   384,     1,     1], type =    f16, converting to q8_0 .. size =     0.28 MiB ->     0.15 MiB
[  74/ 197]          blk.4.attn_output_norm.bias - [  384,     1,     1,     1], type =    f32, size =    0.001 MB
[  75/ 197]        blk.4.attn_output_norm.weight - [  384,     1,     1,     1], type =    f32, size =    0.001 MB
[  76/ 197]                    blk.4.attn_q.bias - [  384,     1,     1,     1], type =    f32, size =    0.001 MB
[  77/ 197]                  blk.4.attn_q.weight - [  384,   384,     1,     1], type =    f16, converting to q8_0 .. size =     0.28 MiB ->     0.15 MiB
[  78/ 197]                    blk.4.attn_v.bias - [  384,     1,     1,     1], type =    f32, size =    0.001 MB
[  79/ 197]                  blk.4.attn_v.weight - [  384,   384,     1,     1], type =    f16, converting to q8_0 .. size =     0.28 MiB ->     0.15 MiB
[  80/ 197]                  blk.4.ffn_down.bias - [  384,     1,     1,     1], type =    f32, size =    0.001 MB
[  81/ 197]                blk.4.ffn_down.weight - [ 1536,   384,     1,     1], type =    f16, converting to q8_0 .. size =     1.12 MiB ->     0.60 MiB
[  82/ 197]                    blk.4.ffn_up.bias - [ 1536,     1,     1,     1], type =    f32, size =    0.006 MB
[  83/ 197]                  blk.4.ffn_up.weight - [  384,  1536,     1,     1], type =    f16, converting to q8_0 .. size =     1.12 MiB ->     0.60 MiB
[  84/ 197]         blk.4.layer_output_norm.bias - [  384,     1,     1,     1], type =    f32, size =    0.001 MB
[  85/ 197]       blk.4.layer_output_norm.weight - [  384,     1,     1,     1], type =    f32, size =    0.001 MB
[  86/ 197]                    blk.5.attn_k.bias - [  384,     1,     1,     1], type =    f32, size =    0.001 MB
[  87/ 197]                  blk.5.attn_k.weight - [  384,   384,     1,     1], type =    f16, converting to q8_0 .. size =     0.28 MiB ->     0.15 MiB
[  88/ 197]               blk.5.attn_output.bias - [  384,     1,     1,     1], type =    f32, size =    0.001 MB
[  89/ 197]             blk.5.attn_output.weight - [  384,   384,     1,     1], type =    f16, converting to q8_0 .. size =     0.28 MiB ->     0.15 MiB
[  90/ 197]          blk.5.attn_output_norm.bias - [  384,     1,     1,     1], type =    f32, size =    0.001 MB
[  91/ 197]        blk.5.attn_output_norm.weight - [  384,     1,     1,     1], type =    f32, size =    0.001 MB
[  92/ 197]                    blk.5.attn_q.bias - [  384,     1,     1,     1], type =    f32, size =    0.001 MB
[  93/ 197]                  blk.5.attn_q.weight - [  384,   384,     1,     1], type =    f16, converting to q8_0 .. size =     0.28 MiB ->     0.15 MiB
[  94/ 197]                    blk.5.attn_v.bias - [  384,     1,     1,     1], type =    f32, size =    0.001 MB
[  95/ 197]                  blk.5.attn_v.weight - [  384,   384,     1,     1], type =    f16, converting to q8_0 .. size =     0.28 MiB ->     0.15 MiB
[  96/ 197]                  blk.5.ffn_down.bias - [  384,     1,     1,     1], type =    f32, size =    0.001 MB
[  97/ 197]                blk.5.ffn_down.weight - [ 1536,   384,     1,     1], type =    f16, converting to q8_0 .. size =     1.12 MiB ->     0.60 MiB
[  98/ 197]                    blk.5.ffn_up.bias - [ 1536,     1,     1,     1], type =    f32, size =    0.006 MB
[  99/ 197]                  blk.5.ffn_up.weight - [  384,  1536,     1,     1], type =    f16, converting to q8_0 .. size =     1.12 MiB ->     0.60 MiB
[ 100/ 197]         blk.5.layer_output_norm.bias - [  384,     1,     1,     1], type =    f32, size =    0.001 MB
[ 101/ 197]       blk.5.layer_output_norm.weight - [  384,     1,     1,     1], type =    f32, size =    0.001 MB
[ 102/ 197]                    blk.6.attn_k.bias - [  384,     1,     1,     1], type =    f32, size =    0.001 MB
[ 103/ 197]                  blk.6.attn_k.weight - [  384,   384,     1,     1], type =    f16, converting to q8_0 .. size =     0.28 MiB ->     0.15 MiB
[ 104/ 197]               blk.6.attn_output.bias - [  384,     1,     1,     1], type =    f32, size =    0.001 MB
[ 105/ 197]             blk.6.attn_output.weight - [  384,   384,     1,     1], type =    f16, converting to q8_0 .. size =     0.28 MiB ->     0.15 MiB
[ 106/ 197]          blk.6.attn_output_norm.bias - [  384,     1,     1,     1], type =    f32, size =    0.001 MB
[ 107/ 197]        blk.6.attn_output_norm.weight - [  384,     1,     1,     1], type =    f32, size =    0.001 MB
[ 108/ 197]                    blk.6.attn_q.bias - [  384,     1,     1,     1], type =    f32, size =    0.001 MB
[ 109/ 197]                  blk.6.attn_q.weight - [  384,   384,     1,     1], type =    f16, converting to q8_0 .. size =     0.28 MiB ->     0.15 MiB
[ 110/ 197]                    blk.6.attn_v.bias - [  384,     1,     1,     1], type =    f32, size =    0.001 MB
[ 111/ 197]                  blk.6.attn_v.weight - [  384,   384,     1,     1], type =    f16, converting to q8_0 .. size =     0.28 MiB ->     0.15 MiB
[ 112/ 197]                  blk.6.ffn_down.bias - [  384,     1,     1,     1], type =    f32, size =    0.001 MB
[ 113/ 197]                blk.6.ffn_down.weight - [ 1536,   384,     1,     1], type =    f16, converting to q8_0 .. size =     1.12 MiB ->     0.60 MiB
[ 114/ 197]                    blk.6.ffn_up.bias - [ 1536,     1,     1,     1], type =    f32, size =    0.006 MB
[ 115/ 197]                  blk.6.ffn_up.weight - [  384,  1536,     1,     1], type =    f16, converting to q8_0 .. size =     1.12 MiB ->     0.60 MiB
[ 116/ 197]         blk.6.layer_output_norm.bias - [  384,     1,     1,     1], type =    f32, size =    0.001 MB
[ 117/ 197]       blk.6.layer_output_norm.weight - [  384,     1,     1,     1], type =    f32, size =    0.001 MB
[ 118/ 197]                    blk.7.attn_k.bias - [  384,     1,     1,     1], type =    f32, size =    0.001 MB
[ 119/ 197]                  blk.7.attn_k.weight - [  384,   384,     1,     1], type =    f16, converting to q8_0 .. size =     0.28 MiB ->     0.15 MiB
[ 120/ 197]               blk.7.attn_output.bias - [  384,     1,     1,     1], type =    f32, size =    0.001 MB
[ 121/ 197]             blk.7.attn_output.weight - [  384,   384,     1,     1], type =    f16, converting to q8_0 .. size =     0.28 MiB ->     0.15 MiB
[ 122/ 197]          blk.7.attn_output_norm.bias - [  384,     1,     1,     1], type =    f32, size =    0.001 MB
[ 123/ 197]        blk.7.attn_output_norm.weight - [  384,     1,     1,     1], type =    f32, size =    0.001 MB
[ 124/ 197]                    blk.7.attn_q.bias - [  384,     1,     1,     1], type =    f32, size =    0.001 MB
[ 125/ 197]                  blk.7.attn_q.weight - [  384,   384,     1,     1], type =    f16, converting to q8_0 .. size =     0.28 MiB ->     0.15 MiB
[ 126/ 197]                    blk.7.attn_v.bias - [  384,     1,     1,     1], type =    f32, size =    0.001 MB
[ 127/ 197]                  blk.7.attn_v.weight - [  384,   384,     1,     1], type =    f16, converting to q8_0 .. size =     0.28 MiB ->     0.15 MiB
[ 128/ 197]                  blk.7.ffn_down.bias - [  384,     1,     1,     1], type =    f32, size =    0.001 MB
[ 129/ 197]                blk.7.ffn_down.weight - [ 1536,   384,     1,     1], type =    f16, converting to q8_0 .. size =     1.12 MiB ->     0.60 MiB
[ 130/ 197]                    blk.7.ffn_up.bias - [ 1536,     1,     1,     1], type =    f32, size =    0.006 MB
[ 131/ 197]                  blk.7.ffn_up.weight - [  384,  1536,     1,     1], type =    f16, converting to q8_0 .. size =     1.12 MiB ->     0.60 MiB
[ 132/ 197]         blk.7.layer_output_norm.bias - [  384,     1,     1,     1], type =    f32, size =    0.001 MB
[ 133/ 197]       blk.7.layer_output_norm.weight - [  384,     1,     1,     1], type =    f32, size =    0.001 MB
[ 134/ 197]                    blk.8.attn_k.bias - [  384,     1,     1,     1], type =    f32, size =    0.001 MB
[ 135/ 197]                  blk.8.attn_k.weight - [  384,   384,     1,     1], type =    f16, converting to q8_0 .. size =     0.28 MiB ->     0.15 MiB
[ 136/ 197]               blk.8.attn_output.bias - [  384,     1,     1,     1], type =    f32, size =    0.001 MB
[ 137/ 197]             blk.8.attn_output.weight - [  384,   384,     1,     1], type =    f16, converting to q8_0 .. size =     0.28 MiB ->     0.15 MiB
[ 138/ 197]          blk.8.attn_output_norm.bias - [  384,     1,     1,     1], type =    f32, size =    0.001 MB
[ 139/ 197]        blk.8.attn_output_norm.weight - [  384,     1,     1,     1], type =    f32, size =    0.001 MB
[ 140/ 197]                    blk.8.attn_q.bias - [  384,     1,     1,     1], type =    f32, size =    0.001 MB
[ 141/ 197]                  blk.8.attn_q.weight - [  384,   384,     1,     1], type =    f16, converting to q8_0 .. size =     0.28 MiB ->     0.15 MiB
[ 142/ 197]                    blk.8.attn_v.bias - [  384,     1,     1,     1], type =    f32, size =    0.001 MB
[ 143/ 197]                  blk.8.attn_v.weight - [  384,   384,     1,     1], type =    f16, converting to q8_0 .. size =     0.28 MiB ->     0.15 MiB
[ 144/ 197]                  blk.8.ffn_down.bias - [  384,     1,     1,     1], type =    f32, size =    0.001 MB
[ 145/ 197]                blk.8.ffn_down.weight - [ 1536,   384,     1,     1], type =    f16, converting to q8_0 .. size =     1.12 MiB ->     0.60 MiB
[ 146/ 197]                    blk.8.ffn_up.bias - [ 1536,     1,     1,     1], type =    f32, size =    0.006 MB
[ 147/ 197]                  blk.8.ffn_up.weight - [  384,  1536,     1,     1], type =    f16, converting to q8_0 .. size =     1.12 MiB ->     0.60 MiB
[ 148/ 197]         blk.8.layer_output_norm.bias - [  384,     1,     1,     1], type =    f32, size =    0.001 MB
[ 149/ 197]       blk.8.layer_output_norm.weight - [  384,     1,     1,     1], type =    f32, size =    0.001 MB
[ 150/ 197]                    blk.9.attn_k.bias - [  384,     1,     1,     1], type =    f32, size =    0.001 MB
[ 151/ 197]                  blk.9.attn_k.weight - [  384,   384,     1,     1], type =    f16, converting to q8_0 .. size =     0.28 MiB ->     0.15 MiB
[ 152/ 197]               blk.9.attn_output.bias - [  384,     1,     1,     1], type =    f32, size =    0.001 MB
[ 153/ 197]             blk.9.attn_output.weight - [  384,   384,     1,     1], type =    f16, converting to q8_0 .. size =     0.28 MiB ->     0.15 MiB
[ 154/ 197]          blk.9.attn_output_norm.bias - [  384,     1,     1,     1], type =    f32, size =    0.001 MB
[ 155/ 197]        blk.9.attn_output_norm.weight - [  384,     1,     1,     1], type =    f32, size =    0.001 MB
[ 156/ 197]                    blk.9.attn_q.bias - [  384,     1,     1,     1], type =    f32, size =    0.001 MB
[ 157/ 197]                  blk.9.attn_q.weight - [  384,   384,     1,     1], type =    f16, converting to q8_0 .. size =     0.28 MiB ->     0.15 MiB
[ 158/ 197]                    blk.9.attn_v.bias - [  384,     1,     1,     1], type =    f32, size =    0.001 MB
[ 159/ 197]                  blk.9.attn_v.weight - [  384,   384,     1,     1], type =    f16, converting to q8_0 .. size =     0.28 MiB ->     0.15 MiB
[ 160/ 197]                  blk.9.ffn_down.bias - [  384,     1,     1,     1], type =    f32, size =    0.001 MB
[ 161/ 197]                blk.9.ffn_down.weight - [ 1536,   384,     1,     1], type =    f16, converting to q8_0 .. size =     1.12 MiB ->     0.60 MiB
[ 162/ 197]                    blk.9.ffn_up.bias - [ 1536,     1,     1,     1], type =    f32, size =    0.006 MB
[ 163/ 197]                  blk.9.ffn_up.weight - [  384,  1536,     1,     1], type =    f16, converting to q8_0 .. size =     1.12 MiB ->     0.60 MiB
[ 164/ 197]         blk.9.layer_output_norm.bias - [  384,     1,     1,     1], type =    f32, size =    0.001 MB
[ 165/ 197]       blk.9.layer_output_norm.weight - [  384,     1,     1,     1], type =    f32, size =    0.001 MB
[ 166/ 197]                   blk.10.attn_k.bias - [  384,     1,     1,     1], type =    f32, size =    0.001 MB
[ 167/ 197]                 blk.10.attn_k.weight - [  384,   384,     1,     1], type =    f16, converting to q8_0 .. size =     0.28 MiB ->     0.15 MiB
[ 168/ 197]              blk.10.attn_output.bias - [  384,     1,     1,     1], type =    f32, size =    0.001 MB
[ 169/ 197]            blk.10.attn_output.weight - [  384,   384,     1,     1], type =    f16, converting to q8_0 .. size =     0.28 MiB ->     0.15 MiB
[ 170/ 197]         blk.10.attn_output_norm.bias - [  384,     1,     1,     1], type =    f32, size =    0.001 MB
[ 171/ 197]       blk.10.attn_output_norm.weight - [  384,     1,     1,     1], type =    f32, size =    0.001 MB
[ 172/ 197]                   blk.10.attn_q.bias - [  384,     1,     1,     1], type =    f32, size =    0.001 MB
[ 173/ 197]                 blk.10.attn_q.weight - [  384,   384,     1,     1], type =    f16, converting to q8_0 .. size =     0.28 MiB ->     0.15 MiB
[ 174/ 197]                   blk.10.attn_v.bias - [  384,     1,     1,     1], type =    f32, size =    0.001 MB
[ 175/ 197]                 blk.10.attn_v.weight - [  384,   384,     1,     1], type =    f16, converting to q8_0 .. size =     0.28 MiB ->     0.15 MiB
[ 176/ 197]                 blk.10.ffn_down.bias - [  384,     1,     1,     1], type =    f32, size =    0.001 MB
[ 177/ 197]               blk.10.ffn_down.weight - [ 1536,   384,     1,     1], type =    f16, converting to q8_0 .. size =     1.12 MiB ->     0.60 MiB
[ 178/ 197]                   blk.10.ffn_up.bias - [ 1536,     1,     1,     1], type =    f32, size =    0.006 MB
[ 179/ 197]                 blk.10.ffn_up.weight - [  384,  1536,     1,     1], type =    f16, converting to q8_0 .. size =     1.12 MiB ->     0.60 MiB
[ 180/ 197]        blk.10.layer_output_norm.bias - [  384,     1,     1,     1], type =    f32, size =    0.001 MB
[ 181/ 197]      blk.10.layer_output_norm.weight - [  384,     1,     1,     1], type =    f32, size =    0.001 MB
[ 182/ 197]                   blk.11.attn_k.bias - [  384,     1,     1,     1], type =    f32, size =    0.001 MB
[ 183/ 197]                 blk.11.attn_k.weight - [  384,   384,     1,     1], type =    f16, converting to q8_0 .. size =     0.28 MiB ->     0.15 MiB
[ 184/ 197]              blk.11.attn_output.bias - [  384,     1,     1,     1], type =    f32, size =    0.001 MB
[ 185/ 197]            blk.11.attn_output.weight - [  384,   384,     1,     1], type =    f16, converting to q8_0 .. size =     0.28 MiB ->     0.15 MiB
[ 186/ 197]         blk.11.attn_output_norm.bias - [  384,     1,     1,     1], type =    f32, size =    0.001 MB
[ 187/ 197]       blk.11.attn_output_norm.weight - [  384,     1,     1,     1], type =    f32, size =    0.001 MB
[ 188/ 197]                   blk.11.attn_q.bias - [  384,     1,     1,     1], type =    f32, size =    0.001 MB
[ 189/ 197]                 blk.11.attn_q.weight - [  384,   384,     1,     1], type =    f16, converting to q8_0 .. size =     0.28 MiB ->     0.15 MiB
[ 190/ 197]                   blk.11.attn_v.bias - [  384,     1,     1,     1], type =    f32, size =    0.001 MB
[ 191/ 197]                 blk.11.attn_v.weight - [  384,   384,     1,     1], type =    f16, converting to q8_0 .. size =     0.28 MiB ->     0.15 MiB
[ 192/ 197]                 blk.11.ffn_down.bias - [  384,     1,     1,     1], type =    f32, size =    0.001 MB
[ 193/ 197]               blk.11.ffn_down.weight - [ 1536,   384,     1,     1], type =    f16, converting to q8_0 .. size =     1.12 MiB ->     0.60 MiB
[ 194/ 197]                   blk.11.ffn_up.bias - [ 1536,     1,     1,     1], type =    f32, size =    0.006 MB
[ 195/ 197]                 blk.11.ffn_up.weight - [  384,  1536,     1,     1], type =    f16, converting to q8_0 .. size =     1.12 MiB ->     0.60 MiB
[ 196/ 197]        blk.11.layer_output_norm.bias - [  384,     1,     1,     1], type =    f32, size =    0.001 MB
[ 197/ 197]      blk.11.layer_output_norm.weight - [  384,     1,     1,     1], type =    f32, size =    0.001 MB
llama_model_quantize_impl: model size  =    63.84 MB
llama_model_quantize_impl: quant size  =    34.38 MB

main: quantize time =   341.85 ms
main:    total time =   341.85 ms
+ tee -a /home/ggml/results/llama.cpp/3a/4d2cbf0abce0853d3a6ed3795dd79443c228b8/ggml-4-x86-cuda-v100/embd_bge_small-tg-f16.log
+ ./bin/llama-embedding --model ../models-mnt/bge-small/ggml-model-f16.gguf -p 'I believe the meaning of life is' -ngl 99 -c 0
ggml_cuda_init: GGML_CUDA_FORCE_MMQ:    no
ggml_cuda_init: GGML_CUDA_FORCE_CUBLAS: no
ggml_cuda_init: found 1 CUDA devices:
  Device 0: Tesla V100-PCIE-16GB, compute capability 7.0, VMM: yes
0.00.000.319 I build: 4723 (3a4d2cbf0) with cc (Ubuntu 11.4.0-1ubuntu1~22.04) 11.4.0 for x86_64-linux-gnu
0.00.298.397 I llama_model_load_from_file_impl: using device CUDA0 (Tesla V100-PCIE-16GB) - 15841 MiB free
0.00.304.006 I llama_model_loader: loaded meta data with 24 key-value pairs and 197 tensors from ../models-mnt/bge-small/ggml-model-f16.gguf (version GGUF V3 (latest))
0.00.304.025 I llama_model_loader: Dumping metadata keys/values. Note: KV overrides do not apply in this output.
0.00.304.035 I llama_model_loader: - kv   0:                       general.architecture str              = bert
0.00.304.036 I llama_model_loader: - kv   1:                               general.type str              = model
0.00.304.037 I llama_model_loader: - kv   2:                               general.name str              = Bge Small
0.00.304.038 I llama_model_loader: - kv   3:                           general.basename str              = bge
0.00.304.039 I llama_model_loader: - kv   4:                         general.size_label str              = small
0.00.304.043 I llama_model_loader: - kv   5:                           bert.block_count u32              = 12
0.00.304.044 I llama_model_loader: - kv   6:                        bert.context_length u32              = 512
0.00.304.044 I llama_model_loader: - kv   7:                      bert.embedding_length u32              = 384
0.00.304.045 I llama_model_loader: - kv   8:                   bert.feed_forward_length u32              = 1536
0.00.304.046 I llama_model_loader: - kv   9:                  bert.attention.head_count u32              = 12
0.00.304.058 I llama_model_loader: - kv  10:          bert.attention.layer_norm_epsilon f32              = 0.000000
0.00.304.059 I llama_model_loader: - kv  11:                          general.file_type u32              = 1
0.00.304.060 I llama_model_loader: - kv  12:                      bert.attention.causal bool             = false
0.00.304.061 I llama_model_loader: - kv  13:                          bert.pooling_type u32              = 2
0.00.304.062 I llama_model_loader: - kv  14:            tokenizer.ggml.token_type_count u32              = 2
0.00.304.063 I llama_model_loader: - kv  15:                       tokenizer.ggml.model str              = bert
0.00.304.063 I llama_model_loader: - kv  16:                         tokenizer.ggml.pre str              = jina-v2-en
0.00.308.220 I llama_model_loader: - kv  17:                      tokenizer.ggml.tokens arr[str,30522]   = ["[PAD]", "[unused0]", "[unused1]", "...
0.00.309.280 I llama_model_loader: - kv  18:                  tokenizer.ggml.token_type arr[i32,30522]   = [3, 1, 1, 1, 1, 1, 1, 1, 1, 1, 1, 1, ...
0.00.309.286 I llama_model_loader: - kv  19:            tokenizer.ggml.unknown_token_id u32              = 100
0.00.309.287 I llama_model_loader: - kv  20:          tokenizer.ggml.seperator_token_id u32              = 102
0.00.309.288 I llama_model_loader: - kv  21:            tokenizer.ggml.padding_token_id u32              = 0
0.00.309.289 I llama_model_loader: - kv  22:               tokenizer.ggml.mask_token_id u32              = 103
0.00.309.289 I llama_model_loader: - kv  23:               general.quantization_version u32              = 2
0.00.309.292 I llama_model_loader: - type  f32:  124 tensors
0.00.309.292 I llama_model_loader: - type  f16:   73 tensors
0.00.309.295 I print_info: file format = GGUF V3 (latest)
0.00.309.296 I print_info: file type   = F16
0.00.309.299 I print_info: file size   = 63.84 MiB (16.12 BPW) 
0.00.327.295 I load: special tokens cache size = 5
0.00.331.364 I load: token to piece cache size = 0.2032 MB
0.00.331.379 I print_info: arch             = bert
0.00.331.380 I print_info: vocab_only       = 0
0.00.331.380 I print_info: n_ctx_train      = 512
0.00.331.381 I print_info: n_embd           = 384
0.00.331.381 I print_info: n_layer          = 12
0.00.331.393 I print_info: n_head           = 12
0.00.331.395 I print_info: n_head_kv        = 12
0.00.331.395 I print_info: n_rot            = 32
0.00.331.397 I print_info: n_swa            = 0
0.00.331.397 I print_info: n_embd_head_k    = 32
0.00.331.398 I print_info: n_embd_head_v    = 32
0.00.331.400 I print_info: n_gqa            = 1
0.00.331.402 I print_info: n_embd_k_gqa     = 384
0.00.331.403 I print_info: n_embd_v_gqa     = 384
0.00.331.405 I print_info: f_norm_eps       = 1.0e-12
0.00.331.406 I print_info: f_norm_rms_eps   = 0.0e+00
0.00.331.406 I print_info: f_clamp_kqv      = 0.0e+00
0.00.331.407 I print_info: f_max_alibi_bias = 0.0e+00
0.00.331.407 I print_info: f_logit_scale    = 0.0e+00
0.00.331.409 I print_info: n_ff             = 1536
0.00.331.409 I print_info: n_expert         = 0
0.00.331.410 I print_info: n_expert_used    = 0
0.00.331.410 I print_info: causal attn      = 0
0.00.331.411 I print_info: pooling type     = 2
0.00.331.411 I print_info: rope type        = 2
0.00.331.412 I print_info: rope scaling     = linear
0.00.331.413 I print_info: freq_base_train  = 10000.0
0.00.331.414 I print_info: freq_scale_train = 1
0.00.331.414 I print_info: n_ctx_orig_yarn  = 512
0.00.331.415 I print_info: rope_finetuned   = unknown
0.00.331.415 I print_info: ssm_d_conv       = 0
0.00.331.415 I print_info: ssm_d_inner      = 0
0.00.331.416 I print_info: ssm_d_state      = 0
0.00.331.416 I print_info: ssm_dt_rank      = 0
0.00.331.417 I print_info: ssm_dt_b_c_rms   = 0
0.00.331.417 I print_info: model type       = 33M
0.00.331.419 I print_info: model params     = 33.21 M
0.00.331.419 I print_info: general.name     = Bge Small
0.00.331.422 I print_info: vocab type       = WPM
0.00.331.423 I print_info: n_vocab          = 30522
0.00.331.425 I print_info: n_merges         = 0
0.00.331.425 I print_info: BOS token        = 101 '[CLS]'
0.00.331.426 I print_info: UNK token        = 100 '[UNK]'
0.00.331.426 I print_info: SEP token        = 102 '[SEP]'
0.00.331.427 I print_info: PAD token        = 0 '[PAD]'
0.00.331.427 I print_info: MASK token       = 103 '[MASK]'
0.00.331.428 I print_info: LF token         = 0 '[PAD]'
0.00.331.428 I print_info: max token length = 21
0.00.331.430 I load_tensors: loading model tensors, this can take a while... (mmap = true)
0.00.338.611 I load_tensors: offloading 12 repeating layers to GPU
0.00.338.619 I load_tensors: offloading output layer to GPU
0.00.338.620 I load_tensors: offloaded 13/13 layers to GPU
0.00.338.624 I load_tensors:        CUDA0 model buffer size =    40.73 MiB
0.00.338.625 I load_tensors:   CPU_Mapped model buffer size =    23.11 MiB
................................................
0.00.351.501 I llama_context_unified: n_seq_max     = 1
0.00.351.506 I llama_context_unified: n_ctx         = 512
0.00.351.507 I llama_context_unified: n_ctx_per_seq = 512
0.00.351.507 I llama_context_unified: n_batch       = 2048
0.00.351.507 I llama_context_unified: n_ubatch      = 2048
0.00.351.508 I llama_context_unified: flash_attn    = 0
0.00.351.512 I llama_context_unified: freq_base     = 10000.0
0.00.351.513 I llama_context_unified: freq_scale    = 1
0.00.351.549 I init: kv_size = 512, offload = 1, type_k = 'f16', type_v = 'f16', n_layer = 12, can_shift = 1
0.00.351.871 I init:      CUDA0 KV buffer size =     9.00 MiB
0.00.351.884 I llama_context_unified: KV self size  =    9.00 MiB, K (f16):    4.50 MiB, V (f16):    4.50 MiB
0.00.351.897 I llama_context_unified:  CUDA_Host  output buffer size =     0.00 MiB
ci/run.sh: line 709: 819573 Segmentation fault      (core dumped) ./bin/llama-embedding --model ${model_f16} -p "I believe the meaning of life is" -ngl 99 -c 0

real	0m0.705s
user	0m0.069s
sys	0m0.512s
+ cur=139
+ echo 139
+ set +x
cat: /home/ggml/results/llama.cpp/3a/4d2cbf0abce0853d3a6ed3795dd79443c228b8/ggml-4-x86-cuda-v100/embd_bge_small-tg-q8_0.log: No such file or directory
