+ cmake -DCMAKE_BUILD_TYPE=Debug -DLLAMA_FATAL_WARNINGS=ON -DLLAMA_METAL_SHADER_DEBUG=ON ..
-- The C compiler identification is AppleClang 15.0.0.15000100
-- The CXX compiler identification is AppleClang 15.0.0.15000100
-- Detecting C compiler ABI info
-- Detecting C compiler ABI info - done
-- Check for working C compiler: /Applications/Xcode.app/Contents/Developer/Toolchains/XcodeDefault.xctoolchain/usr/bin/cc - skipped
-- Detecting C compile features
-- Detecting C compile features - done
-- Detecting CXX compiler ABI info
-- Detecting CXX compiler ABI info - done
-- Check for working CXX compiler: /Applications/Xcode.app/Contents/Developer/Toolchains/XcodeDefault.xctoolchain/usr/bin/c++ - skipped
-- Detecting CXX compile features
-- Detecting CXX compile features - done
-- Found Git: /usr/bin/git (found version "2.39.3 (Apple Git-145)") 
-- Performing Test CMAKE_HAVE_LIBC_PTHREAD
-- Performing Test CMAKE_HAVE_LIBC_PTHREAD - Success
-- Found Threads: TRUE  
-- Accelerate framework found
-- Metal framework found
-- Could NOT find OpenMP_C (missing: OpenMP_C_FLAGS OpenMP_C_LIB_NAMES) 
-- Could NOT find OpenMP_CXX (missing: OpenMP_CXX_FLAGS OpenMP_CXX_LIB_NAMES) 
-- Could NOT find OpenMP (missing: OpenMP_C_FOUND OpenMP_CXX_FOUND) 
CMake Warning at CMakeLists.txt:307 (message):
  OpenMP not found


-- ccache found, compilation results will be cached. Disable with LLAMA_CCACHE=OFF.
-- CMAKE_SYSTEM_PROCESSOR: arm64
-- ARM detected
-- Performing Test COMPILER_SUPPORTS_FP16_FORMAT_I3E
-- Performing Test COMPILER_SUPPORTS_FP16_FORMAT_I3E - Failed
-- Configuring done (5.8s)
-- Generating done (0.3s)
-- Build files have been written to: /Users/ggml/work/llama.cpp/build-ci-debug

real	0m6.116s
user	0m0.499s
sys	0m0.595s
+ make -j
[  0%] Generating build details from Git
[  1%] Building C object CMakeFiles/ggml.dir/ggml-alloc.c.o
[  1%] Building C object CMakeFiles/ggml.dir/ggml-backend.c.o
[  1%] Building C object CMakeFiles/ggml.dir/ggml-metal.m.o
[  2%] Building C object CMakeFiles/ggml.dir/ggml.c.o
[  2%] Compiling Metal kernels
[  4%] Building CXX object CMakeFiles/ggml.dir/sgemm.cpp.o
[  4%] Building C object CMakeFiles/ggml.dir/ggml-quants.c.o
-- Found Git: /usr/bin/git (found version "2.39.3 (Apple Git-145)") 
[  5%] Building CXX object common/CMakeFiles/build_info.dir/build-info.cpp.o
[  5%] Built target ggml
[  6%] Building CXX object examples/gguf/CMakeFiles/gguf.dir/gguf.cpp.o
[  7%] Linking CXX static library libggml_static.a
[  8%] Building CXX object CMakeFiles/llama.dir/llama.cpp.o
[  9%] Building CXX object CMakeFiles/llama.dir/unicode.cpp.o
[  9%] Building CXX object CMakeFiles/llama.dir/unicode-data.cpp.o
[  9%] Built target build_info
[  9%] Linking CXX executable ../../bin/gguf
[ 10%] Linking CXX static library libllama.a
[ 10%] Built target ggml_static
[ 10%] Built target gguf
[ 10%] Built target llama
[ 11%] Building CXX object examples/benchmark/CMakeFiles/benchmark.dir/benchmark-matmult.cpp.o
[ 11%] Building CXX object common/CMakeFiles/common.dir/sampling.cpp.o
[ 12%] Building CXX object common/CMakeFiles/common.dir/train.cpp.o
[ 12%] Building CXX object examples/llava/CMakeFiles/llava.dir/clip.cpp.o
[ 14%] Building CXX object common/CMakeFiles/common.dir/console.cpp.o
[ 14%] Building C object tests/CMakeFiles/test-c.dir/test-c.c.o
[ 15%] Building CXX object common/CMakeFiles/common.dir/common.cpp.o
[ 15%] Building CXX object common/CMakeFiles/common.dir/ngram-cache.cpp.o
[ 16%] Building CXX object common/CMakeFiles/common.dir/json-schema-to-grammar.cpp.o
[ 17%] Building CXX object examples/llava/CMakeFiles/llava.dir/llava.cpp.o
[ 17%] Building CXX object common/CMakeFiles/common.dir/grammar-parser.cpp.o
[ 17%] Building CXX object examples/quantize-stats/CMakeFiles/quantize-stats.dir/quantize-stats.cpp.o
[ 18%] Linking CXX executable ../bin/test-c
[ 19%] Linking CXX executable ../../bin/benchmark
[ 19%] Built target llava
[ 20%] Linking CXX executable ../../bin/quantize-stats
[ 21%] Linking CXX static library libcommon.a
[ 21%] Linking CXX static library libllava_static.a
[ 21%] Built target llava_static
[ 21%] Built target test-c
[ 21%] Built target benchmark
[ 21%] Built target quantize-stats
[ 21%] Built target common
[ 22%] Building CXX object tests/CMakeFiles/test-quantize-perf.dir/test-quantize-perf.cpp.o
[ 23%] Building CXX object tests/CMakeFiles/test-quantize-perf.dir/get-model.cpp.o
[ 24%] Building CXX object tests/CMakeFiles/test-chat-template.dir/get-model.cpp.o
[ 24%] Building CXX object tests/CMakeFiles/test-quantize-fns.dir/test-quantize-fns.cpp.o
[ 25%] Building CXX object tests/CMakeFiles/test-sampling.dir/test-sampling.cpp.o
[ 25%] Building CXX object tests/CMakeFiles/test-chat-template.dir/test-chat-template.cpp.o
[ 25%] Building CXX object tests/CMakeFiles/test-sampling.dir/get-model.cpp.o
[ 26%] Building CXX object tests/CMakeFiles/test-quantize-fns.dir/get-model.cpp.o
[ 26%] Building CXX object tests/CMakeFiles/test-tokenizer-1-spm.dir/test-tokenizer-1-spm.cpp.o
[ 26%] Building CXX object tests/CMakeFiles/test-llama-grammar.dir/test-llama-grammar.cpp.o
[ 27%] Building CXX object tests/CMakeFiles/test-grad0.dir/test-grad0.cpp.o
[ 28%] Building CXX object tests/CMakeFiles/test-tokenizer-1-bpe.dir/test-tokenizer-1-bpe.cpp.o
[ 29%] Building CXX object tests/CMakeFiles/test-grad0.dir/get-model.cpp.o
[ 30%] Building CXX object tests/CMakeFiles/test-backend-ops.dir/get-model.cpp.o
[ 30%] Building CXX object tests/CMakeFiles/test-grammar-parser.dir/get-model.cpp.o
[ 31%] Building CXX object tests/CMakeFiles/test-grammar-parser.dir/test-grammar-parser.cpp.o
[ 32%] Building CXX object tests/CMakeFiles/test-llama-grammar.dir/get-model.cpp.o
[ 33%] Building CXX object tests/CMakeFiles/test-backend-ops.dir/test-backend-ops.cpp.o
[ 34%] Building CXX object tests/CMakeFiles/test-tokenizer-0.dir/test-tokenizer-0.cpp.o
[ 34%] Building CXX object tests/CMakeFiles/test-model-load-cancel.dir/test-model-load-cancel.cpp.o
[ 35%] Building CXX object tests/CMakeFiles/test-model-load-cancel.dir/get-model.cpp.o
[ 35%] Building CXX object tests/CMakeFiles/test-autorelease.dir/test-autorelease.cpp.o
[ 37%] Building CXX object tests/CMakeFiles/test-rope.dir/get-model.cpp.o
[ 36%] Building CXX object tests/CMakeFiles/test-rope.dir/test-rope.cpp.o
[ 38%] Building CXX object tests/CMakeFiles/test-autorelease.dir/get-model.cpp.o
[ 39%] Building CXX object tests/CMakeFiles/test-grammar-integration.dir/test-grammar-integration.cpp.o
[ 40%] Building CXX object tests/CMakeFiles/test-grammar-integration.dir/get-model.cpp.o
[ 41%] Building CXX object examples/batched-bench/CMakeFiles/batched-bench.dir/batched-bench.cpp.o
[ 42%] Building CXX object examples/embedding/CMakeFiles/embedding.dir/embedding.cpp.o
[ 43%] Building CXX object examples/beam-search/CMakeFiles/beam-search.dir/beam-search.cpp.o
[ 43%] Building CXX object examples/batched/CMakeFiles/batched.dir/batched.cpp.o
[ 43%] Building CXX object examples/baby-llama/CMakeFiles/baby-llama.dir/baby-llama.cpp.o
[ 43%] Building CXX object examples/gritlm/CMakeFiles/gritlm.dir/gritlm.cpp.o
[ 43%] Building CXX object tests/CMakeFiles/test-json-schema-to-grammar.dir/get-model.cpp.o
[ 44%] Building CXX object examples/infill/CMakeFiles/infill.dir/infill.cpp.o
[ 44%] Linking CXX executable ../bin/test-quantize-perf
[ 45%] Building CXX object tests/CMakeFiles/test-json-schema-to-grammar.dir/test-json-schema-to-grammar.cpp.o
[ 46%] Building CXX object examples/convert-llama2c-to-ggml/CMakeFiles/convert-llama2c-to-ggml.dir/convert-llama2c-to-ggml.cpp.o
[ 47%] Building CXX object examples/gguf-split/CMakeFiles/gguf-split.dir/gguf-split.cpp.o
[ 47%] Linking CXX executable ../bin/test-chat-template
[ 47%] Building CXX object examples/llama-bench/CMakeFiles/llama-bench.dir/llama-bench.cpp.o
[ 47%] Linking CXX executable ../bin/test-grad0
[ 48%] Building CXX object examples/parallel/CMakeFiles/parallel.dir/parallel.cpp.o
[ 48%] Building CXX object examples/main/CMakeFiles/main.dir/main.cpp.o
[ 49%] Building CXX object examples/perplexity/CMakeFiles/perplexity.dir/perplexity.cpp.o
[ 50%] Linking CXX executable ../bin/test-model-load-cancel
[ 50%] Building CXX object examples/tokenize/CMakeFiles/tokenize.dir/tokenize.cpp.o
[ 51%] Building CXX object examples/finetune/CMakeFiles/finetune.dir/finetune.cpp.o
[ 52%] Building CXX object examples/llava/CMakeFiles/llava-cli.dir/llava-cli.cpp.o
[ 52%] Linking CXX executable ../bin/test-autorelease
[ 52%] Building CXX object examples/quantize/CMakeFiles/quantize.dir/quantize.cpp.o
[ 54%] Building CXX object examples/eval-callback/CMakeFiles/eval-callback.dir/eval-callback.cpp.o
[ 54%] Linking CXX executable ../../bin/batched-bench
[ 54%] Linking CXX executable ../bin/test-grammar-integration
[ 54%] Building CXX object examples/retrieval/CMakeFiles/retrieval.dir/retrieval.cpp.o
[ 55%] Linking CXX executable ../bin/test-tokenizer-1-spm
[ 56%] Building CXX object examples/save-load-state/CMakeFiles/save-load-state.dir/save-load-state.cpp.o
[ 58%] Linking CXX executable ../bin/test-grammar-parser
[ 58%] Linking CXX executable ../bin/test-sampling
[ 58%] Linking CXX executable ../bin/test-rope
[ 58%] Linking CXX executable ../../bin/beam-search
[ 59%] Generating theme-snowstorm.css.hpp
[ 60%] Building CXX object examples/lookup/CMakeFiles/lookup.dir/lookup.cpp.o
[ 61%] Building CXX object examples/speculative/CMakeFiles/speculative.dir/speculative.cpp.o
[ 61%] Linking CXX executable ../../bin/infill
[ 61%] Building CXX object examples/passkey/CMakeFiles/passkey.dir/passkey.cpp.o
[ 62%] Generating colorthemes.css.hpp
[ 62%] Generating completion.js.hpp
[ 62%] Building CXX object examples/lookup/CMakeFiles/lookup-create.dir/lookup-create.cpp.o
[ 62%] Building CXX object examples/lookup/CMakeFiles/lookup-merge.dir/lookup-merge.cpp.o
[ 63%] Linking CXX executable ../bin/test-llama-grammar
[ 64%] Linking CXX executable ../../bin/baby-llama
[ 65%] Linking CXX executable ../bin/test-quantize-fns
[ 65%] Building CXX object examples/lookahead/CMakeFiles/lookahead.dir/lookahead.cpp.o
[ 65%] Generating index.js.hpp
[ 66%] Generating index-new.html.hpp
[ 67%] Linking CXX executable ../../bin/main
[ 68%] Building CXX object examples/train-text-from-scratch/CMakeFiles/train-text-from-scratch.dir/train-text-from-scratch.cpp.o
[ 69%] Linking CXX executable ../../bin/tokenize
[ 70%] Linking CXX executable ../../bin/parallel
[ 71%] Building CXX object examples/lookup/CMakeFiles/lookup-stats.dir/lookup-stats.cpp.o
[ 71%] Generating index.html.hpp
[ 72%] Generating json-schema-to-grammar.mjs.hpp
[ 73%] Building CXX object examples/simple/CMakeFiles/simple.dir/simple.cpp.o
[ 73%] Linking CXX executable ../../bin/embedding
[ 73%] Generating prompt-formats.js.hpp
[ 74%] Linking CXX executable ../../bin/eval-callback
[ 75%] Generating style.css.hpp
[ 76%] Linking CXX executable ../../bin/save-load-state
[ 76%] Generating theme-beeninorder.css.hpp
[ 77%] Building CXX object examples/imatrix/CMakeFiles/imatrix.dir/imatrix.cpp.o
[ 77%] Linking CXX executable ../bin/test-json-schema-to-grammar
[ 77%] Linking CXX executable ../../bin/perplexity
[ 77%] Linking CXX executable ../bin/test-backend-ops
[ 78%] Generating system-prompts.js.hpp
[ 78%] Linking CXX executable ../../bin/convert-llama2c-to-ggml
[ 78%] Linking CXX executable ../bin/test-tokenizer-0
[ 79%] Generating theme-ketivah.css.hpp
[ 79%] Building CXX object examples/export-lora/CMakeFiles/export-lora.dir/export-lora.cpp.o
[ 80%] Linking CXX executable ../../bin/batched
[ 81%] Linking CXX executable ../../bin/passkey
[ 82%] Generating theme-mangotango.css.hpp
[ 82%] Generating theme-playground.css.hpp
[ 83%] Linking CXX executable ../../bin/gguf-split
[ 84%] Building CXX object pocs/vdot/CMakeFiles/vdot.dir/vdot.cpp.o
[ 85%] Generating theme-polarnight.css.hpp
[ 86%] Linking CXX executable ../../bin/llava-cli
[ 86%] Linking CXX executable ../../bin/lookahead
[ 87%] Linking CXX executable ../bin/test-tokenizer-1-bpe
[ 89%] Building CXX object pocs/vdot/CMakeFiles/q8dot.dir/q8dot.cpp.o
[ 89%] Linking CXX executable ../../bin/gritlm
[ 90%] Linking CXX executable ../../bin/speculative
[ 91%] Linking CXX executable ../../bin/lookup-create
[ 93%] Linking CXX executable ../../bin/quantize
[ 94%] Linking CXX executable ../../bin/imatrix
[ 94%] Linking CXX executable ../../bin/lookup-stats
[ 94%] Linking CXX executable ../../bin/lookup
[ 95%] Linking CXX executable ../../bin/lookup-merge
[ 96%] Linking CXX executable ../../bin/vdot
[ 96%] Linking CXX executable ../../bin/retrieval
[ 96%] Linking CXX executable ../../bin/simple
ld: warning: ignoring duplicate libraries: '../../libllama.a'
[ 96%] Linking CXX executable ../../bin/finetune
[ 97%] Linking CXX executable ../../bin/q8dot
[ 97%] Linking CXX executable ../../bin/train-text-from-scratch
[ 98%] Linking CXX executable ../../bin/export-lora
[ 98%] Built target embedding
[ 98%] Building CXX object examples/server/CMakeFiles/server.dir/server.cpp.o
[ 98%] Built target beam-search
[ 98%] Built target test-quantize-fns
[ 98%] Built target main
[ 98%] Built target test-grad0
[ 98%] Built target test-quantize-perf
[ 98%] Built target test-grammar-parser
[ 98%] Built target export-lora
[ 98%] Built target lookup-merge
[ 98%] Built target test-rope
[ 98%] Built target tokenize
[ 98%] Built target test-grammar-integration
[ 98%] Built target test-chat-template
[ 98%] Built target test-sampling
[ 98%] Built target lookup-stats
[ 99%] Built target test-json-schema-to-grammar
[ 99%] Linking CXX executable ../../bin/server
[ 99%] Built target finetune
[ 99%] Built target eval-callback
[ 99%] Built target gritlm
[ 99%] Built target gguf-split
[ 99%] Built target test-backend-ops
[ 99%] Built target test-tokenizer-1-spm
[ 99%] Built target vdot
[ 99%] Built target simple
[ 99%] Built target q8dot
[ 99%] Built target convert-llama2c-to-ggml
[ 99%] Built target test-llama-grammar
[ 99%] Built target test-model-load-cancel
[ 99%] Built target baby-llama
[ 99%] Built target perplexity
[ 99%] Built target imatrix
[ 99%] Built target batched-bench
[ 99%] Built target test-autorelease
[ 99%] Built target test-tokenizer-1-bpe
[ 99%] Built target batched
[ 99%] Built target lookup
[ 99%] Built target lookup-create
[ 99%] Built target speculative
[ 99%] Built target passkey
[ 99%] Built target save-load-state
[ 99%] Built target retrieval
[ 99%] Built target llava-cli
[ 99%] Built target infill
[ 99%] Built target train-text-from-scratch
[ 99%] Built target quantize
[ 99%] Built target test-tokenizer-0
[ 99%] Built target lookahead
[ 99%] Built target parallel
[ 99%] Built target server
[100%] Linking CXX executable ../../bin/llama-bench
[100%] Built target llama-bench
[100%] Built target ggml-metal

real	0m5.854s
user	0m18.908s
sys	0m5.822s
+ ctest --output-on-failure -L main -E test-opt
Test project /Users/ggml/work/llama.cpp/build-ci-debug
      Start  1: test-tokenizer-0-llama-spm
 1/22 Test  #1: test-tokenizer-0-llama-spm .......   Passed    0.48 sec
      Start  2: test-tokenizer-0-llama-bpe
 2/22 Test  #2: test-tokenizer-0-llama-bpe .......   Passed    2.64 sec
      Start  3: test-tokenizer-0-phi-3
 3/22 Test  #3: test-tokenizer-0-phi-3 ...........   Passed    0.13 sec
      Start  4: test-tokenizer-0-falcon
 4/22 Test  #4: test-tokenizer-0-falcon ..........   Passed    0.84 sec
      Start  5: test-tokenizer-0-bert-bge
 5/22 Test  #5: test-tokenizer-0-bert-bge ........   Passed    0.15 sec
      Start  6: test-tokenizer-0-starcoder
 6/22 Test  #6: test-tokenizer-0-starcoder .......   Passed    0.63 sec
      Start  7: test-tokenizer-0-gpt-2
 7/22 Test  #7: test-tokenizer-0-gpt-2 ...........   Passed    0.66 sec
      Start  8: test-tokenizer-0-refact
 8/22 Test  #8: test-tokenizer-0-refact ..........   Passed    0.63 sec
      Start  9: test-tokenizer-0-command-r
 9/22 Test  #9: test-tokenizer-0-command-r .......   Passed    3.76 sec
      Start 10: test-tokenizer-0-qwen2
10/22 Test #10: test-tokenizer-0-qwen2 ...........   Passed    2.00 sec
      Start 11: test-tokenizer-1-llama-spm
11/22 Test #11: test-tokenizer-1-llama-spm .......   Passed    3.17 sec
      Start 12: test-quantize-fns
12/22 Test #12: test-quantize-fns ................   Passed   34.88 sec
      Start 13: test-quantize-perf
13/22 Test #13: test-quantize-perf ...............   Passed   10.26 sec
      Start 14: test-sampling
14/22 Test #14: test-sampling ....................   Passed    0.23 sec
      Start 15: test-chat-template
15/22 Test #15: test-chat-template ...............   Passed    0.22 sec
      Start 16: test-grammar-parser
16/22 Test #16: test-grammar-parser ..............   Passed    0.18 sec
      Start 17: test-llama-grammar
17/22 Test #17: test-llama-grammar ...............   Passed    0.21 sec
      Start 18: test-grammar-integration
18/22 Test #18: test-grammar-integration .........   Passed    0.23 sec
      Start 19: test-grad0
19/22 Test #19: test-grad0 .......................   Passed    0.68 sec
      Start 20: test-backend-ops
20/22 Test #20: test-backend-ops .................   Passed  113.04 sec
      Start 21: test-rope
21/22 Test #21: test-rope ........................   Passed    0.35 sec
      Start 24: test-json-schema-to-grammar
22/22 Test #24: test-json-schema-to-grammar ......   Passed    1.47 sec

100% tests passed, 0 tests failed out of 22

Label Time Summary:
main    = 176.85 sec*proc (22 tests)

Total Test time (real) = 176.86 sec

real	2m56.907s
user	3m30.893s
sys	0m2.830s
