+ cmake -DCMAKE_BUILD_TYPE=Release -DLLAMA_FATAL_WARNINGS=ON -DGGML_METAL=ON -DGGML_METAL_USE_BF16=ON ..
-- The C compiler identification is AppleClang 16.0.0.16000026
-- The CXX compiler identification is AppleClang 16.0.0.16000026
-- Detecting C compiler ABI info
-- Detecting C compiler ABI info - done
-- Check for working C compiler: /Library/Developer/CommandLineTools/usr/bin/cc - skipped
-- Detecting C compile features
-- Detecting C compile features - done
-- Detecting CXX compiler ABI info
-- Detecting CXX compiler ABI info - done
-- Check for working CXX compiler: /Library/Developer/CommandLineTools/usr/bin/c++ - skipped
-- Detecting CXX compile features
-- Detecting CXX compile features - done
-- Found Git: /usr/bin/git (found version "2.39.5 (Apple Git-154)")
-- Performing Test CMAKE_HAVE_LIBC_PTHREAD
-- Performing Test CMAKE_HAVE_LIBC_PTHREAD - Success
-- Found Threads: TRUE
-- ccache found, compilation results will be cached. Disable with GGML_CCACHE=OFF.
-- CMAKE_SYSTEM_PROCESSOR: arm64
-- Including CPU backend
-- Accelerate framework found
-- Could NOT find OpenMP_C (missing: OpenMP_C_FLAGS OpenMP_C_LIB_NAMES) 
-- Could NOT find OpenMP_CXX (missing: OpenMP_CXX_FLAGS OpenMP_CXX_LIB_NAMES) 
-- Could NOT find OpenMP (missing: OpenMP_C_FOUND OpenMP_CXX_FOUND) 
CMake Warning at ggml/src/ggml-cpu/CMakeLists.txt:53 (message):
  OpenMP not found
Call Stack (most recent call first):
  ggml/src/CMakeLists.txt:301 (ggml_add_cpu_backend_variant_impl)


-- ARM detected
-- Performing Test GGML_COMPILER_SUPPORTS_FP16_FORMAT_I3E
-- Performing Test GGML_COMPILER_SUPPORTS_FP16_FORMAT_I3E - Failed
-- ARM -mcpu not found, -mcpu=native will be used
-- Performing Test GGML_MACHINE_SUPPORTS_dotprod
-- Performing Test GGML_MACHINE_SUPPORTS_dotprod - Success
-- Performing Test GGML_MACHINE_SUPPORTS_i8mm
-- Performing Test GGML_MACHINE_SUPPORTS_i8mm - Success
-- Performing Test GGML_MACHINE_SUPPORTS_sve
-- Performing Test GGML_MACHINE_SUPPORTS_sve - Failed
-- ARM feature DOTPROD enabled
-- ARM feature MATMUL_INT8 enabled
-- ARM feature FMA enabled
-- ARM feature FP16_VECTOR_ARITHMETIC enabled
-- Adding CPU backend variant ggml-cpu: -mcpu=native+dotprod+i8mm+nosve 
-- Looking for dgemm_
-- Looking for dgemm_ - found
-- Found BLAS: /Library/Developer/CommandLineTools/SDKs/MacOSX15.1.sdk/System/Library/Frameworks/Accelerate.framework
-- BLAS found, Libraries: /Library/Developer/CommandLineTools/SDKs/MacOSX15.1.sdk/System/Library/Frameworks/Accelerate.framework
-- BLAS found, Includes: 
-- Including BLAS backend
-- Metal framework found
-- The ASM compiler identification is AppleClang
-- Found assembler: /Library/Developer/CommandLineTools/usr/bin/cc
-- Including METAL backend
-- Configuring done (2.3s)
-- Generating done (0.2s)
-- Build files have been written to: /Users/ggml/work/llama.cpp/build-ci-release

real	0m2.538s
user	0m0.869s
sys	0m1.217s
++ nproc
+ make -j10
[  1%] Building C object examples/gguf-hash/CMakeFiles/sha256.dir/deps/sha256/sha256.c.o
[  1%] Building C object ggml/src/CMakeFiles/ggml-base.dir/ggml.c.o
[  2%] Building C object ggml/src/CMakeFiles/ggml-base.dir/ggml-alloc.c.o
[  2%] Building CXX object ggml/src/CMakeFiles/ggml-base.dir/ggml-backend.cpp.o
[  3%] Building CXX object ggml/src/CMakeFiles/ggml-base.dir/ggml-opt.cpp.o
[  1%] Building C object examples/gguf-hash/CMakeFiles/sha1.dir/deps/sha1/sha1.c.o
[  1%] Building CXX object ggml/src/CMakeFiles/ggml-base.dir/ggml-threading.cpp.o
[  4%] Building C object ggml/src/CMakeFiles/ggml-base.dir/ggml-quants.c.o
[  4%] Building CXX object common/CMakeFiles/build_info.dir/build-info.cpp.o
[  5%] Building C object examples/gguf-hash/CMakeFiles/xxhash.dir/deps/xxhash/xxhash.c.o
[  5%] Building CXX object ggml/src/CMakeFiles/ggml-base.dir/gguf.cpp.o
[  5%] Built target sha256
[  5%] Built target sha1
[  5%] Built target xxhash
[  6%] Linking CXX shared library libggml-base.dylib
[  6%] Built target build_info
[  6%] Built target ggml-base
[  6%] Generate assembly for embedded Metal library
Embedding Metal library
[  6%] Building C object ggml/src/CMakeFiles/ggml-cpu.dir/ggml-cpu/ggml-cpu.c.o
[  7%] Building CXX object ggml/src/CMakeFiles/ggml-cpu.dir/ggml-cpu/ggml-cpu.cpp.o
[  7%] Building CXX object ggml/src/ggml-blas/CMakeFiles/ggml-blas.dir/ggml-blas.cpp.o
[  7%] Building CXX object ggml/src/CMakeFiles/ggml-cpu.dir/ggml-cpu/ggml-cpu-aarch64.cpp.o
[  8%] Building CXX object ggml/src/CMakeFiles/ggml-cpu.dir/ggml-cpu/ggml-cpu-hbm.cpp.o
[  8%] Building C object ggml/src/CMakeFiles/ggml-cpu.dir/ggml-cpu/ggml-cpu-quants.c.o
[ 10%] Building CXX object ggml/src/CMakeFiles/ggml-cpu.dir/ggml-cpu/ggml-cpu-traits.cpp.o
[ 10%] Building CXX object ggml/src/CMakeFiles/ggml-cpu.dir/ggml-cpu/amx/mmq.cpp.o
[ 10%] Building CXX object ggml/src/CMakeFiles/ggml-cpu.dir/ggml-cpu/amx/amx.cpp.o
[ 10%] Building CXX object ggml/src/CMakeFiles/ggml-cpu.dir/ggml-cpu/llamafile/sgemm.cpp.o
[ 11%] Linking CXX shared library libggml-blas.dylib
[ 12%] Linking CXX shared library libggml-cpu.dylib
[ 12%] Building ASM object ggml/src/ggml-metal/CMakeFiles/ggml-metal.dir/__/__/__/autogenerated/ggml-metal-embed.s.o
[ 13%] Building C object ggml/src/ggml-metal/CMakeFiles/ggml-metal.dir/ggml-metal.m.o
[ 13%] Built target ggml-blas
[ 13%] Built target ggml-cpu
[ 14%] Linking C shared library libggml-metal.dylib
[ 14%] Built target ggml-metal
[ 14%] Building CXX object ggml/src/CMakeFiles/ggml.dir/ggml-backend-reg.cpp.o
[ 15%] Linking CXX shared library libggml.dylib
[ 15%] Built target ggml
[ 15%] Building CXX object examples/gguf-hash/CMakeFiles/llama-gguf-hash.dir/gguf-hash.cpp.o
[ 15%] Building CXX object src/CMakeFiles/llama.dir/llama-arch.cpp.o
[ 15%] Building CXX object src/CMakeFiles/llama.dir/llama-chat.cpp.o
[ 15%] Building CXX object src/CMakeFiles/llama.dir/llama-context.cpp.o
[ 15%] Building CXX object examples/gguf/CMakeFiles/llama-gguf.dir/gguf.cpp.o
[ 16%] Building CXX object src/CMakeFiles/llama.dir/llama-adapter.cpp.o
[ 17%] Building CXX object src/CMakeFiles/llama.dir/llama-batch.cpp.o
[ 17%] Building CXX object src/CMakeFiles/llama.dir/llama.cpp.o
[ 17%] Building CXX object src/CMakeFiles/llama.dir/llama-hparams.cpp.o
[ 18%] Building CXX object src/CMakeFiles/llama.dir/llama-grammar.cpp.o
[ 20%] Linking CXX executable ../../bin/llama-gguf
[ 20%] Building CXX object src/CMakeFiles/llama.dir/llama-impl.cpp.o
[ 20%] Building CXX object src/CMakeFiles/llama.dir/llama-kv-cache.cpp.o
[ 21%] Linking CXX executable ../../bin/llama-gguf-hash
[ 22%] Building CXX object src/CMakeFiles/llama.dir/llama-mmap.cpp.o
[ 22%] Building CXX object src/CMakeFiles/llama.dir/llama-model-loader.cpp.o
[ 23%] Building CXX object src/CMakeFiles/llama.dir/llama-model.cpp.o
[ 23%] Building CXX object src/CMakeFiles/llama.dir/llama-quant.cpp.o
[ 24%] Building CXX object src/CMakeFiles/llama.dir/llama-sampling.cpp.o
[ 24%] Built target llama-gguf-hash
[ 24%] Built target llama-gguf
[ 24%] Building CXX object src/CMakeFiles/llama.dir/llama-vocab.cpp.o
[ 25%] Building CXX object src/CMakeFiles/llama.dir/unicode.cpp.o
[ 25%] Building CXX object src/CMakeFiles/llama.dir/unicode-data.cpp.o
[ 26%] Linking CXX shared library libllama.dylib
[ 26%] Built target llama
[ 26%] Building CXX object examples/simple-chat/CMakeFiles/llama-simple-chat.dir/simple-chat.cpp.o
[ 26%] Building CXX object common/CMakeFiles/common.dir/common.cpp.o
[ 28%] Building C object tests/CMakeFiles/test-c.dir/test-c.c.o
[ 30%] Building CXX object common/CMakeFiles/common.dir/console.cpp.o
[ 30%] Building CXX object common/CMakeFiles/common.dir/log.cpp.o
[ 30%] Building CXX object examples/quantize-stats/CMakeFiles/llama-quantize-stats.dir/quantize-stats.cpp.o
[ 29%] Building CXX object examples/simple/CMakeFiles/llama-simple.dir/simple.cpp.o
[ 30%] Building CXX object common/CMakeFiles/common.dir/arg.cpp.o
[ 30%] Building CXX object common/CMakeFiles/common.dir/json-schema-to-grammar.cpp.o
[ 30%] Building CXX object examples/llava/CMakeFiles/llava.dir/llava.cpp.o
[ 30%] Building CXX object common/CMakeFiles/common.dir/ngram-cache.cpp.o
[ 31%] Linking C executable ../bin/test-c
[ 32%] Linking CXX executable ../../bin/llama-simple
[ 33%] Building CXX object common/CMakeFiles/common.dir/sampling.cpp.o
[ 34%] Linking CXX executable ../../bin/llama-simple-chat
[ 35%] Building CXX object common/CMakeFiles/common.dir/speculative.cpp.o
[ 35%] Building CXX object examples/llava/CMakeFiles/llava.dir/clip.cpp.o
[ 36%] Linking CXX static library libcommon.a
[ 36%] Built target llava
[ 36%] Built target test-c
[ 36%] Built target llama-simple-chat
[ 36%] Built target llama-simple
[ 36%] Linking CXX shared library libllava_shared.dylib
[ 37%] Linking CXX static library libllava_static.a
[ 37%] Built target common
[ 37%] Built target llava_static
[ 37%] Building CXX object tests/CMakeFiles/test-llama-grammar.dir/test-llama-grammar.cpp.o
[ 38%] Building CXX object tests/CMakeFiles/test-tokenizer-1-bpe.dir/test-tokenizer-1-bpe.cpp.o
[ 39%] Building CXX object tests/CMakeFiles/test-json-schema-to-grammar.dir/test-json-schema-to-grammar.cpp.o
[ 41%] Building CXX object tests/CMakeFiles/test-llama-grammar.dir/get-model.cpp.o
[ 38%] Building CXX object tests/CMakeFiles/test-grammar-parser.dir/test-grammar-parser.cpp.o
[ 42%] Building CXX object tests/CMakeFiles/test-tokenizer-0.dir/test-tokenizer-0.cpp.o
[ 41%] Building CXX object tests/CMakeFiles/test-grammar-integration.dir/test-grammar-integration.cpp.o
[ 42%] Built target llava_shared
[ 42%] Building CXX object tests/CMakeFiles/test-sampling.dir/test-sampling.cpp.o
[ 42%] Linking CXX executable ../bin/test-llama-grammar
[ 43%] Building CXX object tests/CMakeFiles/test-grammar-parser.dir/get-model.cpp.o
[ 43%] Linking CXX executable ../bin/test-tokenizer-0
[ 43%] Building CXX object tests/CMakeFiles/test-grammar-integration.dir/get-model.cpp.o
[ 43%] Linking CXX executable ../bin/test-tokenizer-1-bpe
[ 43%] Building CXX object tests/CMakeFiles/test-json-schema-to-grammar.dir/get-model.cpp.o
[ 44%] Building CXX object tests/CMakeFiles/test-tokenizer-1-spm.dir/test-tokenizer-1-spm.cpp.o
[ 45%] Building CXX object tests/CMakeFiles/test-log.dir/test-log.cpp.o
[ 46%] Building CXX object tests/CMakeFiles/test-sampling.dir/get-model.cpp.o
[ 46%] Linking CXX executable ../bin/test-grammar-parser
[ 47%] Linking CXX executable ../bin/test-json-schema-to-grammar
[ 48%] Linking CXX executable ../bin/test-grammar-integration
[ 48%] Linking CXX executable ../bin/test-tokenizer-1-spm
[ 48%] Building CXX object tests/CMakeFiles/test-log.dir/get-model.cpp.o
[ 48%] Linking CXX executable ../bin/test-sampling
[ 48%] Built target test-tokenizer-0
[ 48%] Built target test-tokenizer-1-bpe
[ 49%] Linking CXX executable ../bin/test-log
[ 49%] Built target test-llama-grammar
[ 50%] Building CXX object tests/CMakeFiles/test-arg-parser.dir/get-model.cpp.o
[ 50%] Building CXX object tests/CMakeFiles/test-arg-parser.dir/test-arg-parser.cpp.o
[ 50%] Building CXX object tests/CMakeFiles/test-chat-template.dir/test-chat-template.cpp.o
[ 50%] Built target test-grammar-parser
[ 50%] Built target test-tokenizer-1-spm
[ 50%] Built target test-json-schema-to-grammar
[ 50%] Built target test-grammar-integration
[ 50%] Built target test-sampling
[ 51%] Building CXX object tests/CMakeFiles/test-chat-template.dir/get-model.cpp.o
[ 51%] Linking CXX executable ../bin/test-arg-parser
[ 51%] Building CXX object tests/CMakeFiles/test-backend-ops.dir/test-backend-ops.cpp.o
[ 51%] Building CXX object tests/CMakeFiles/test-model-load-cancel.dir/test-model-load-cancel.cpp.o
[ 51%] Building CXX object tests/CMakeFiles/test-gguf.dir/test-gguf.cpp.o
[ 52%] Building CXX object tests/CMakeFiles/test-autorelease.dir/test-autorelease.cpp.o
[ 52%] Built target test-log
[ 53%] Building CXX object tests/CMakeFiles/test-barrier.dir/test-barrier.cpp.o
[ 53%] Linking CXX executable ../bin/test-chat-template
[ 53%] Building CXX object tests/CMakeFiles/test-barrier.dir/get-model.cpp.o
[ 54%] Building CXX object tests/CMakeFiles/test-quantize-fns.dir/test-quantize-fns.cpp.o
[ 55%] Building CXX object tests/CMakeFiles/test-model-load-cancel.dir/get-model.cpp.o
[ 56%] Building CXX object tests/CMakeFiles/test-backend-ops.dir/get-model.cpp.o
[ 56%] Building CXX object tests/CMakeFiles/test-autorelease.dir/get-model.cpp.o
[ 57%] Building CXX object tests/CMakeFiles/test-gguf.dir/get-model.cpp.o
[ 57%] Built target test-arg-parser
[ 58%] Linking CXX executable ../bin/test-barrier
[ 58%] Building CXX object tests/CMakeFiles/test-quantize-fns.dir/get-model.cpp.o
[ 58%] Building CXX object tests/CMakeFiles/test-quantize-perf.dir/test-quantize-perf.cpp.o
[ 58%] Linking CXX executable ../bin/test-model-load-cancel
[ 58%] Linking CXX executable ../bin/test-gguf
[ 58%] Linking CXX executable ../bin/test-backend-ops
[ 58%] Built target test-chat-template
[ 59%] Linking CXX executable ../bin/test-autorelease
[ 60%] Building CXX object tests/CMakeFiles/test-rope.dir/test-rope.cpp.o
[ 61%] Linking CXX executable ../bin/test-quantize-fns
[ 62%] Building CXX object tests/CMakeFiles/test-quantize-perf.dir/get-model.cpp.o
[ 62%] Built target test-barrier
[ 62%] Building CXX object examples/batched-bench/CMakeFiles/llama-batched-bench.dir/batched-bench.cpp.o
[ 62%] Building CXX object tests/CMakeFiles/test-rope.dir/get-model.cpp.o
[ 62%] Linking CXX executable ../bin/test-quantize-perf
[ 62%] Built target test-gguf
[ 62%] Built target test-model-load-cancel
[ 62%] Built target test-autorelease
[ 62%] Built target test-backend-ops
[ 63%] Linking CXX executable ../../bin/llama-batched-bench
[ 63%] Building CXX object examples/batched/CMakeFiles/llama-batched.dir/batched.cpp.o
[ 63%] Built target test-quantize-fns
[ 64%] Linking CXX executable ../bin/test-rope
[ 64%] Building CXX object examples/embedding/CMakeFiles/llama-embedding.dir/embedding.cpp.o
[ 64%] Building CXX object examples/gbnf-validator/CMakeFiles/llama-gbnf-validator.dir/gbnf-validator.cpp.o
[ 64%] Building CXX object examples/eval-callback/CMakeFiles/llama-eval-callback.dir/eval-callback.cpp.o
[ 64%] Building CXX object examples/gguf-split/CMakeFiles/llama-gguf-split.dir/gguf-split.cpp.o
[ 65%] Linking CXX executable ../../bin/llama-batched
[ 65%] Built target test-quantize-perf
[ 66%] Building CXX object examples/gritlm/CMakeFiles/llama-gritlm.dir/gritlm.cpp.o
[ 67%] Linking CXX executable ../../bin/llama-gbnf-validator
[ 68%] Linking CXX executable ../../bin/llama-embedding
[ 68%] Built target llama-batched-bench
[ 68%] Linking CXX executable ../../bin/llama-gguf-split
[ 69%] Linking CXX executable ../../bin/llama-eval-callback
[ 69%] Built target test-rope
[ 69%] Linking CXX executable ../../bin/llama-gritlm
[ 70%] Building CXX object examples/imatrix/CMakeFiles/llama-imatrix.dir/imatrix.cpp.o
[ 71%] Building CXX object examples/infill/CMakeFiles/llama-infill.dir/infill.cpp.o
[ 71%] Built target llama-batched
[ 71%] Building CXX object examples/llama-bench/CMakeFiles/llama-bench.dir/llama-bench.cpp.o
[ 71%] Linking CXX executable ../../bin/llama-imatrix
[ 71%] Built target llama-gbnf-validator
[ 71%] Built target llama-embedding
[ 71%] Linking CXX executable ../../bin/llama-infill
[ 71%] Built target llama-gguf-split
[ 71%] Built target llama-eval-callback
[ 72%] Building CXX object examples/lookahead/CMakeFiles/llama-lookahead.dir/lookahead.cpp.o
[ 72%] Built target llama-gritlm
[ 73%] Linking CXX executable ../../bin/llama-bench
[ 74%] Building CXX object examples/lookup/CMakeFiles/llama-lookup.dir/lookup.cpp.o
[ 75%] Building CXX object examples/lookup/CMakeFiles/llama-lookup-create.dir/lookup-create.cpp.o
[ 76%] Building CXX object examples/lookup/CMakeFiles/llama-lookup-merge.dir/lookup-merge.cpp.o
[ 77%] Building CXX object examples/lookup/CMakeFiles/llama-lookup-stats.dir/lookup-stats.cpp.o
[ 77%] Built target llama-imatrix
[ 77%] Linking CXX executable ../../bin/llama-lookahead
[ 77%] Building CXX object examples/main/CMakeFiles/llama-cli.dir/main.cpp.o
[ 77%] Linking CXX executable ../../bin/llama-lookup
[ 77%] Built target llama-infill
[ 77%] Linking CXX executable ../../bin/llama-lookup-create
[ 77%] Linking CXX executable ../../bin/llama-lookup-stats
[ 77%] Built target llama-bench
[ 77%] Linking CXX executable ../../bin/llama-lookup-merge
[ 78%] Building CXX object examples/parallel/CMakeFiles/llama-parallel.dir/parallel.cpp.o
[ 79%] Linking CXX executable ../../bin/llama-cli
[ 80%] Building CXX object examples/passkey/CMakeFiles/llama-passkey.dir/passkey.cpp.o
[ 81%] Building CXX object examples/perplexity/CMakeFiles/llama-perplexity.dir/perplexity.cpp.o
[ 81%] Linking CXX executable ../../bin/llama-parallel
[ 81%] Built target llama-lookup
[ 81%] Built target llama-lookahead
[ 81%] Built target llama-lookup-merge
[ 81%] Linking CXX executable ../../bin/llama-passkey
[ 81%] Built target llama-lookup-create
[ 81%] Built target llama-lookup-stats
[ 81%] Linking CXX executable ../../bin/llama-perplexity
[ 81%] Built target llama-cli
[ 82%] Generating loading.html.hpp
[ 83%] Building CXX object examples/retrieval/CMakeFiles/llama-retrieval.dir/retrieval.cpp.o
[ 84%] Building CXX object examples/quantize/CMakeFiles/llama-quantize.dir/quantize.cpp.o
[ 84%] Generating index.html.gz.hpp
[ 85%] Building CXX object examples/save-load-state/CMakeFiles/llama-save-load-state.dir/save-load-state.cpp.o
[ 86%] Building CXX object examples/run/CMakeFiles/llama-run.dir/run.cpp.o
[ 86%] Built target llama-parallel
[ 86%] Linking CXX executable ../../bin/llama-quantize
[ 86%] Linking CXX executable ../../bin/llama-retrieval
[ 86%] Building CXX object examples/speculative/CMakeFiles/llama-speculative.dir/speculative.cpp.o
[ 86%] Built target llama-passkey
[ 86%] Linking CXX executable ../../bin/llama-save-load-state
[ 86%] Built target llama-perplexity
[ 86%] Linking CXX executable ../../bin/llama-run
[ 86%] Building CXX object examples/speculative-simple/CMakeFiles/llama-speculative-simple.dir/speculative-simple.cpp.o
[ 87%] Linking CXX executable ../../bin/llama-speculative
[ 87%] Building CXX object examples/tokenize/CMakeFiles/llama-tokenize.dir/tokenize.cpp.o
[ 87%] Building CXX object examples/tts/CMakeFiles/llama-tts.dir/tts.cpp.o
[ 88%] Linking CXX executable ../../bin/llama-speculative-simple
[ 88%] Built target llama-retrieval
[ 88%] Built target llama-save-load-state
[ 88%] Built target llama-quantize
[ 88%] Built target llama-run
[ 89%] Linking CXX executable ../../bin/llama-tokenize
[ 90%] Linking CXX executable ../../bin/llama-tts
[ 90%] Building CXX object examples/gen-docs/CMakeFiles/llama-gen-docs.dir/gen-docs.cpp.o
[ 90%] Built target llama-speculative
[ 90%] Building CXX object examples/convert-llama2c-to-ggml/CMakeFiles/llama-convert-llama2c-to-ggml.dir/convert-llama2c-to-ggml.cpp.o
[ 90%] Building CXX object examples/cvector-generator/CMakeFiles/llama-cvector-generator.dir/cvector-generator.cpp.o
[ 90%] Building CXX object examples/export-lora/CMakeFiles/llama-export-lora.dir/export-lora.cpp.o
[ 90%] Built target llama-speculative-simple
[ 91%] Linking CXX executable ../../bin/llama-gen-docs
[ 92%] Linking CXX executable ../../bin/llama-convert-llama2c-to-ggml
[ 92%] Built target llama-tokenize
[ 93%] Linking CXX executable ../../bin/llama-cvector-generator
[ 94%] Building CXX object examples/llava/CMakeFiles/llama-llava-cli.dir/llava-cli.cpp.o
[ 95%] Linking CXX executable ../../bin/llama-export-lora
[ 96%] Building CXX object examples/llava/CMakeFiles/llama-minicpmv-cli.dir/minicpmv-cli.cpp.o
[ 96%] Built target llama-tts
[ 97%] Building CXX object examples/llava/CMakeFiles/llama-qwen2vl-cli.dir/qwen2vl-cli.cpp.o
[ 97%] Linking CXX executable ../../bin/llama-llava-cli
[ 97%] Linking CXX executable ../../bin/llama-minicpmv-cli
[ 97%] Built target llama-convert-llama2c-to-ggml
[ 97%] Building CXX object pocs/vdot/CMakeFiles/llama-vdot.dir/vdot.cpp.o
[ 97%] Built target llama-gen-docs
[ 97%] Linking CXX executable ../../bin/llama-qwen2vl-cli
[ 97%] Built target llama-cvector-generator
[ 97%] Built target llama-export-lora
[ 98%] Building CXX object pocs/vdot/CMakeFiles/llama-q8dot.dir/q8dot.cpp.o
[ 99%] Linking CXX executable ../../bin/llama-vdot
[ 99%] Built target llama-llava-cli
[ 99%] Built target llama-minicpmv-cli
[ 99%] Linking CXX executable ../../bin/llama-q8dot
[ 99%] Built target llama-qwen2vl-cli
[ 99%] Built target llama-vdot
[ 99%] Built target llama-q8dot
[ 99%] Linking CXX executable ../../bin/llama-quantize-stats
[ 99%] Building CXX object examples/server/CMakeFiles/llama-server.dir/server.cpp.o
[ 99%] Built target llama-quantize-stats
[100%] Linking CXX executable ../../bin/llama-server
[100%] Built target llama-server

real	0m5.231s
user	0m18.653s
sys	0m10.787s
+ ctest --output-on-failure -L main
Test project /Users/ggml/work/llama.cpp/build-ci-release
      Start  1: test-tokenizer-0-bert-bge
 1/28 Test  #1: test-tokenizer-0-bert-bge .........   Passed    1.12 sec
      Start  2: test-tokenizer-0-command-r
 2/28 Test  #2: test-tokenizer-0-command-r ........   Passed    0.28 sec
      Start  3: test-tokenizer-0-deepseek-coder
 3/28 Test  #3: test-tokenizer-0-deepseek-coder ...   Passed    0.05 sec
      Start  4: test-tokenizer-0-deepseek-llm
 4/28 Test  #4: test-tokenizer-0-deepseek-llm .....   Passed    0.11 sec
      Start  5: test-tokenizer-0-falcon
 5/28 Test  #5: test-tokenizer-0-falcon ...........   Passed    0.07 sec
      Start  6: test-tokenizer-0-gpt-2
 6/28 Test  #6: test-tokenizer-0-gpt-2 ............   Passed    0.06 sec
      Start  7: test-tokenizer-0-llama-bpe
 7/28 Test  #7: test-tokenizer-0-llama-bpe ........   Passed    0.22 sec
      Start  8: test-tokenizer-0-llama-spm
 8/28 Test  #8: test-tokenizer-0-llama-spm ........   Passed    0.03 sec
      Start  9: test-tokenizer-0-mpt
 9/28 Test  #9: test-tokenizer-0-mpt ..............   Passed    0.06 sec
      Start 10: test-tokenizer-0-phi-3
10/28 Test #10: test-tokenizer-0-phi-3 ............   Passed    0.03 sec
      Start 11: test-tokenizer-0-qwen2
11/28 Test #11: test-tokenizer-0-qwen2 ............   Passed    0.15 sec
      Start 12: test-tokenizer-0-refact
12/28 Test #12: test-tokenizer-0-refact ...........   Passed    0.06 sec
      Start 13: test-tokenizer-0-starcoder
13/28 Test #13: test-tokenizer-0-starcoder ........   Passed    0.06 sec
      Start 14: test-sampling
14/28 Test #14: test-sampling .....................   Passed    0.90 sec
      Start 15: test-grammar-parser
15/28 Test #15: test-grammar-parser ...............   Passed    0.17 sec
      Start 16: test-grammar-integration
16/28 Test #16: test-grammar-integration ..........   Passed    0.18 sec
      Start 17: test-llama-grammar
17/28 Test #17: test-llama-grammar ................   Passed    0.17 sec
      Start 18: test-json-schema-to-grammar
18/28 Test #18: test-json-schema-to-grammar .......   Passed    2.14 sec
      Start 19: test-tokenizer-1-llama-spm
19/28 Test #19: test-tokenizer-1-llama-spm ........   Passed    0.32 sec
      Start 20: test-log
20/28 Test #20: test-log ..........................   Passed    0.19 sec
      Start 21: test-arg-parser
21/28 Test #21: test-arg-parser ...................   Passed    0.21 sec
      Start 22: test-chat-template
22/28 Test #22: test-chat-template ................   Passed    0.17 sec
      Start 23: test-gguf
23/28 Test #23: test-gguf .........................   Passed    0.44 sec
      Start 24: test-backend-ops
24/28 Test #24: test-backend-ops ..................   Passed   29.08 sec
      Start 27: test-barrier
25/28 Test #27: test-barrier ......................   Passed    0.27 sec
      Start 28: test-quantize-fns
26/28 Test #28: test-quantize-fns .................   Passed   14.08 sec
      Start 29: test-quantize-perf
27/28 Test #29: test-quantize-perf ................   Passed    0.21 sec
      Start 30: test-rope
28/28 Test #30: test-rope .........................   Passed    0.21 sec

100% tests passed, 0 tests failed out of 28

Label Time Summary:
main    =  51.02 sec*proc (28 tests)

Total Test time (real) =  51.03 sec

real	0m51.045s
user	1m11.305s
sys	0m5.464s
