+ ctest --output-on-failure -L main -E test-opt
Test project /home/ggml/work/llama.cpp/build-ci-debug
      Start  1: test-tokenizer-0-bert-bge
 1/27 Test  #1: test-tokenizer-0-bert-bge .........   Passed    0.16 sec
      Start  2: test-tokenizer-0-command-r
 2/27 Test  #2: test-tokenizer-0-command-r ........   Passed    2.86 sec
      Start  3: test-tokenizer-0-deepseek-coder
 3/27 Test  #3: test-tokenizer-0-deepseek-coder ...   Passed    0.41 sec
      Start  4: test-tokenizer-0-deepseek-llm
 4/27 Test  #4: test-tokenizer-0-deepseek-llm .....   Passed    1.07 sec
      Start  5: test-tokenizer-0-falcon
 5/27 Test  #5: test-tokenizer-0-falcon ...........   Passed    0.69 sec
      Start  6: test-tokenizer-0-gpt-2
 6/27 Test  #6: test-tokenizer-0-gpt-2 ............   Passed    0.53 sec
      Start  7: test-tokenizer-0-llama-bpe
 7/27 Test  #7: test-tokenizer-0-llama-bpe ........   Passed    1.99 sec
      Start  8: test-tokenizer-0-llama-spm
 8/27 Test  #8: test-tokenizer-0-llama-spm ........   Passed    0.16 sec
      Start  9: test-tokenizer-0-mpt
 9/27 Test  #9: test-tokenizer-0-mpt ..............   Passed    0.52 sec
      Start 10: test-tokenizer-0-phi-3
10/27 Test #10: test-tokenizer-0-phi-3 ............   Passed    0.16 sec
      Start 11: test-tokenizer-0-qwen2
11/27 Test #11: test-tokenizer-0-qwen2 ............   Passed    1.65 sec
      Start 12: test-tokenizer-0-refact
12/27 Test #12: test-tokenizer-0-refact ...........   Passed    0.52 sec
      Start 13: test-tokenizer-0-starcoder
13/27 Test #13: test-tokenizer-0-starcoder ........   Passed    0.52 sec
      Start 14: test-tokenizer-1-llama-spm
14/27 Test #14: test-tokenizer-1-llama-spm ........   Passed    1.64 sec
      Start 15: test-log
15/27 Test #15: test-log ..........................   Passed    0.03 sec
      Start 16: test-arg-parser
16/27 Test #16: test-arg-parser ...................   Passed    0.06 sec
      Start 17: test-quantize-fns
17/27 Test #17: test-quantize-fns .................   Passed   36.50 sec
      Start 18: test-quantize-perf
18/27 Test #18: test-quantize-perf ................   Passed   10.70 sec
      Start 19: test-sampling
19/27 Test #19: test-sampling .....................   Passed    0.08 sec
      Start 20: test-chat-template
20/27 Test #20: test-chat-template ................   Passed    0.04 sec
      Start 21: test-grammar-parser
21/27 Test #21: test-grammar-parser ...............   Passed    0.04 sec
      Start 22: test-llama-grammar
22/27 Test #22: test-llama-grammar ................   Passed    0.04 sec
      Start 23: test-grammar-integration
23/27 Test #23: test-grammar-integration ..........   Passed    0.08 sec
      Start 24: test-grad0
24/27 Test #24: test-grad0 ........................   Passed    0.82 sec
      Start 25: test-backend-ops
25/27 Test #25: test-backend-ops ..................   Passed  272.26 sec
      Start 26: test-rope
26/27 Test #26: test-rope .........................   Passed    0.11 sec
      Start 29: test-json-schema-to-grammar
27/27 Test #29: test-json-schema-to-grammar .......   Passed    2.77 sec

100% tests passed, 0 tests failed out of 27

Label Time Summary:
main    = 336.42 sec*proc (27 tests)

Total Test time (real) = 336.44 sec

real	5m36.476s
user	13m16.085s
sys	0m6.604s
