mkdir: cannot create directory ‘/mnt/llama.cpp’: Permission denied
rm: cannot remove '/home/ggml/results/llama.cpp/fc/ca0a700487999d52a525c96d6661e9f6a8703a/ggml-0-x86-cpu-low-perf/*.log': No such file or directory
rm: cannot remove '/home/ggml/results/llama.cpp/fc/ca0a700487999d52a525c96d6661e9f6a8703a/ggml-0-x86-cpu-low-perf/*.exit': No such file or directory
rm: cannot remove '/home/ggml/results/llama.cpp/fc/ca0a700487999d52a525c96d6661e9f6a8703a/ggml-0-x86-cpu-low-perf/*.md': No such file or directory
+ gg_run_ctest_debug
+ cd /home/ggml/work/llama.cpp
+ rm -rf build-ci-debug
+ tee /home/ggml/results/llama.cpp/fc/ca0a700487999d52a525c96d6661e9f6a8703a/ggml-0-x86-cpu-low-perf/ctest_debug.log
+ mkdir build-ci-debug
+ cd build-ci-debug
+ set -e
+ tee -a /home/ggml/results/llama.cpp/fc/ca0a700487999d52a525c96d6661e9f6a8703a/ggml-0-x86-cpu-low-perf/ctest_debug-cmake.log
+ cmake -DCMAKE_BUILD_TYPE=Debug ..
-- The C compiler identification is GNU 11.4.0
-- The CXX compiler identification is GNU 11.4.0
-- Detecting C compiler ABI info
-- Detecting C compiler ABI info - done
-- Check for working C compiler: /usr/bin/cc - skipped
-- Detecting C compile features
-- Detecting C compile features - done
-- Detecting CXX compiler ABI info
-- Detecting CXX compiler ABI info - done
-- Check for working CXX compiler: /usr/bin/c++ - skipped
-- Detecting CXX compile features
-- Detecting CXX compile features - done
-- Found Git: /usr/bin/git (found version "2.34.1") 
-- Looking for pthread.h
-- Looking for pthread.h - found
-- Performing Test CMAKE_HAVE_LIBC_PTHREAD
-- Performing Test CMAKE_HAVE_LIBC_PTHREAD - Success
-- Found Threads: TRUE  
-- CMAKE_SYSTEM_PROCESSOR: x86_64
-- x86 detected
-- Configuring done
-- Generating done
-- Build files have been written to: /home/ggml/work/llama.cpp/build-ci-debug

real	0m0.407s
user	0m0.285s
sys	0m0.106s
+ tee -a /home/ggml/results/llama.cpp/fc/ca0a700487999d52a525c96d6661e9f6a8703a/ggml-0-x86-cpu-low-perf/ctest_debug-make.log
+ make -j
[  1%] Built target BUILD_INFO
[  3%] Building C object CMakeFiles/ggml.dir/ggml.c.o
[  3%] Building C object CMakeFiles/ggml.dir/ggml-alloc.c.o
[  4%] Building C object CMakeFiles/ggml.dir/ggml-backend.c.o
[  6%] Building C object CMakeFiles/ggml.dir/k_quants.c.o
[  6%] Built target ggml
[  7%] Linking C static library libggml_static.a
[  8%] Building CXX object CMakeFiles/llama.dir/llama.cpp.o
[  8%] Built target ggml_static
/home/ggml/work/llama.cpp/llama.cpp:5192:13: warning: ‘bool llama_is_user_defined_token(const llama_vocab&, llama_token)’ defined but not used [-Wunused-function]
 5192 | static bool llama_is_user_defined_token(const llama_vocab& vocab, llama_token id) {
      |             ^~~~~~~~~~~~~~~~~~~~~~~~~~~
In file included from /home/ggml/work/llama.cpp/llama.cpp:4:
/home/ggml/work/llama.cpp/unicode.h:343:30: warning: ‘std::vector<unsigned int> codepoints_from_utf16(const std::vector<short unsigned int>&)’ defined but not used [-Wunused-function]
  343 | static std::vector<uint32_t> codepoints_from_utf16(const std::vector<uint16_t> & utf16) {
      |                              ^~~~~~~~~~~~~~~~~~~~~
/home/ggml/work/llama.cpp/unicode.h:317:30: warning: ‘std::vector<short unsigned int> codepoints_to_utf16(const std::vector<unsigned int>&)’ defined but not used [-Wunused-function]
  317 | static std::vector<uint16_t> codepoints_to_utf16(const std::vector<uint32_t> & cps) {
      |                              ^~~~~~~~~~~~~~~~~~~
/home/ggml/work/llama.cpp/unicode.h:251:20: warning: ‘std::string codepoints_to_utf8(const std::vector<unsigned int>&)’ defined but not used [-Wunused-function]
  251 | static std::string codepoints_to_utf8(const std::vector<uint32_t> & cps) {
      |                    ^~~~~~~~~~~~~~~~~~
cc1plus: note: unrecognized command-line option ‘-Wno-unused-function -Wno-array-bounds’ may have been intended to silence earlier diagnostics
[  9%] Linking CXX static library libllama.a
[  9%] Built target llama
[ 10%] Building C object tests/CMakeFiles/test-c.dir/test-c.c.o
[ 12%] Building CXX object examples/quantize/CMakeFiles/quantize.dir/quantize.cpp.o
[ 13%] Building CXX object common/CMakeFiles/common.dir/console.cpp.o
[ 14%] Building CXX object common/CMakeFiles/common.dir/common.cpp.o
[ 15%] Building CXX object examples/quantize-stats/CMakeFiles/quantize-stats.dir/quantize-stats.cpp.o
[ 17%] Building CXX object common/CMakeFiles/common.dir/grammar-parser.cpp.o
[ 18%] Building CXX object examples/benchmark/CMakeFiles/benchmark.dir/benchmark-matmult.cpp.o
[ 19%] Building CXX object common/CMakeFiles/common.dir/train.cpp.o
[ 20%] Linking CXX executable ../bin/test-c
[ 20%] Built target test-c
/home/ggml/work/llama.cpp/common/grammar-parser.cpp:307:17: warning: ‘void grammar_parser::print_rule_binary(FILE*, const std::vector<llama_grammar_element>&)’ defined but not used [-Wunused-function]
  307 |     static void print_rule_binary(FILE * file, const std::vector<llama_grammar_element> & rule) {
      |                 ^~~~~~~~~~~~~~~~~
[ 21%] Linking CXX executable ../../bin/quantize
cc1plus: note: unrecognized command-line option ‘-Wno-unused-function -Wno-array-bounds’ may have been intended to silence earlier diagnostics
[ 23%] Linking CXX executable ../../bin/benchmark
[ 23%] Built target quantize
[ 23%] Built target benchmark
[ 24%] Linking CXX executable ../../bin/quantize-stats
[ 24%] Built target quantize-stats
[ 24%] Built target common
[ 25%] Building CXX object tests/CMakeFiles/test-quantize-fns.dir/test-quantize-fns.cpp.o
[ 28%] Building CXX object tests/CMakeFiles/test-sampling.dir/test-sampling.cpp.o
[ 28%] Building CXX object tests/CMakeFiles/test-quantize-perf.dir/test-quantize-perf.cpp.o
[ 29%] Building CXX object tests/CMakeFiles/test-tokenizer-0-llama.dir/test-tokenizer-0-llama.cpp.o
[ 30%] Building CXX object tests/CMakeFiles/test-tokenizer-0-falcon.dir/test-tokenizer-0-falcon.cpp.o
[ 31%] Building CXX object tests/CMakeFiles/test-tokenizer-1-bpe.dir/test-tokenizer-1-bpe.cpp.o
[ 32%] Building CXX object tests/CMakeFiles/test-grammar-parser.dir/test-grammar-parser.cpp.o
[ 34%] Building CXX object tests/CMakeFiles/test-tokenizer-1-llama.dir/test-tokenizer-1-llama.cpp.o
[ 35%] Building CXX object tests/CMakeFiles/test-llama-grammar.dir/test-llama-grammar.cpp.o
[ 36%] Building CXX object tests/CMakeFiles/test-grad0.dir/test-grad0.cpp.o
[ 37%] Building CXX object tests/CMakeFiles/test-rope.dir/test-rope.cpp.o
[ 39%] Building CXX object examples/main/CMakeFiles/main.dir/main.cpp.o
[ 40%] Building CXX object examples/embedding/CMakeFiles/embedding.dir/embedding.cpp.o
[ 41%] Building CXX object examples/perplexity/CMakeFiles/perplexity.dir/perplexity.cpp.o
[ 42%] Building CXX object examples/save-load-state/CMakeFiles/save-load-state.dir/save-load-state.cpp.o
[ 43%] Building CXX object examples/baby-llama/CMakeFiles/baby-llama.dir/baby-llama.cpp.o
[ 45%] Building CXX object examples/train-text-from-scratch/CMakeFiles/train-text-from-scratch.dir/train-text-from-scratch.cpp.o
[ 46%] Building CXX object examples/finetune/CMakeFiles/finetune.dir/finetune.cpp.o
[ 47%] Building CXX object examples/convert-llama2c-to-ggml/CMakeFiles/convert-llama2c-to-ggml.dir/convert-llama2c-to-ggml.cpp.o
[ 48%] Building CXX object examples/batched/CMakeFiles/batched.dir/batched.cpp.o
[ 51%] Building CXX object examples/simple/CMakeFiles/simple.dir/simple.cpp.o
[ 51%] Building CXX object examples/speculative/CMakeFiles/speculative.dir/speculative.cpp.o
[ 52%] Building CXX object examples/parallel/CMakeFiles/parallel.dir/parallel.cpp.o
[ 53%] Building CXX object examples/embd-input/CMakeFiles/embdinput.dir/embd-input-lib.cpp.o
[ 54%] Building CXX object examples/llama-bench/CMakeFiles/llama-bench.dir/llama-bench.cpp.o
[ 56%] Building CXX object examples/server/CMakeFiles/server.dir/server.cpp.o
[ 57%] Building CXX object examples/beam-search/CMakeFiles/beam-search.dir/beam-search.cpp.o
[ 59%] Building CXX object pocs/vdot/CMakeFiles/q8dot.dir/q8dot.cpp.o
[ 59%] Building CXX object pocs/vdot/CMakeFiles/vdot.dir/vdot.cpp.o
[ 60%] Building CXX object examples/export-lora/CMakeFiles/export-lora.dir/export-lora.cpp.o
/home/ggml/work/llama.cpp/tests/test-rope.cpp:59:13: warning: ‘void get_random_dims(int64_t*, int)’ defined but not used [-Wunused-function]
   59 | static void get_random_dims(int64_t * dims, int ndims) {
      |             ^~~~~~~~~~~~~~~
cc1plus: note: unrecognized command-line option ‘-Wno-unused-function -Wno-array-bounds’ may have been intended to silence earlier diagnostics
[ 62%] Linking CXX executable ../bin/test-rope
[ 63%] Linking CXX executable ../bin/test-grad0
[ 64%] Linking CXX executable ../bin/test-quantize-fns
/home/ggml/work/llama.cpp/examples/baby-llama/baby-llama.cpp:1429:29: warning: ‘ggml_tensor* cross_entropy_loss(ggml_context*, ggml_tensor*, ggml_tensor*)’ defined but not used [-Wunused-function]
 1429 | static struct ggml_tensor * cross_entropy_loss(
      |                             ^~~~~~~~~~~~~~~~~~
/home/ggml/work/llama.cpp/examples/baby-llama/baby-llama.cpp:1328:13: warning: ‘void print_row(ggml_tensor*, int)’ defined but not used [-Wunused-function]
 1328 | static void print_row(struct ggml_tensor * probs, int i) {
      |             ^~~~~~~~~
/home/ggml/work/llama.cpp/examples/baby-llama/baby-llama.cpp:998:29: warning: ‘ggml_tensor* forward_lora(llama_model_lora*, llama_kv_cache*, ggml_context*, ggml_cgraph*, ggml_tensor*, int, int)’ defined but not used [-Wunused-function]
  998 | static struct ggml_tensor * forward_lora(
      |                             ^~~~~~~~~~~~
/home/ggml/work/llama.cpp/examples/baby-llama/baby-llama.cpp:429:13: warning: ‘bool init_kv_cache_lora(llama_kv_cache*, llama_model_lora*, int)’ defined but not used [-Wunused-function]
  429 | static bool init_kv_cache_lora(struct llama_kv_cache* cache, struct llama_model_lora * model, int n_batch) {
      |             ^~~~~~~~~~~~~~~~~~
/home/ggml/work/llama.cpp/examples/baby-llama/baby-llama.cpp:358:13: warning: ‘void randomize_model_lora(llama_model_lora*, int, float, float, float, float)’ defined but not used [-Wunused-function]
  358 | static void randomize_model_lora(
      |             ^~~~~~~~~~~~~~~~~~~~
/home/ggml/work/llama.cpp/examples/baby-llama/baby-llama.cpp:296:13: warning: ‘void set_param_model_lora(llama_model_lora*)’ defined but not used [-Wunused-function]
  296 | static void set_param_model_lora(struct llama_model_lora * model) {
      |             ^~~~~~~~~~~~~~~~~~~~
/home/ggml/work/llama.cpp/examples/baby-llama/baby-llama.cpp:227:13: warning: ‘void init_model_lora(llama_model_lora*)’ defined but not used [-Wunused-function]
  227 | static void init_model_lora(struct llama_model_lora * model) {
      |             ^~~~~~~~~~~~~~~
/home/ggml/work/llama.cpp/examples/baby-llama/baby-llama.cpp:32:29: warning: ‘ggml_tensor* randomize_tensor(ggml_tensor*, int, const int64_t*, float, float)’ defined but not used [-Wunused-function]
   32 | static struct ggml_tensor * randomize_tensor(
      |                             ^~~~~~~~~~~~~~~~
[ 65%] Linking CXX executable ../bin/test-sampling
[ 67%] Linking CXX executable ../bin/test-grammar-parser
cc1plus: note: unrecognized command-line option ‘-Wno-unused-function -Wno-array-bounds’ may have been intended to silence earlier diagnostics
[ 68%] Linking CXX executable ../../bin/q8dot
[ 69%] Linking CXX executable ../../bin/baby-llama
[ 69%] Built target test-rope
[ 69%] Built target test-grad0
[ 69%] Built target test-quantize-fns
/home/ggml/work/llama.cpp/examples/convert-llama2c-to-ggml/convert-llama2c-to-ggml.cpp:906:20: warning: ‘std::string basename(const string&)’ defined but not used [-Wunused-function]
  906 | static std::string basename(const std::string &path) {
      |                    ^~~~~~~~
/home/ggml/work/llama.cpp/examples/convert-llama2c-to-ggml/convert-llama2c-to-ggml.cpp:447:20: warning: ‘std::string format(const char*, ...)’ defined but not used [-Wunused-function]
  447 | static std::string format(const char * fmt, ...) {
      |                    ^~~~~~
/home/ggml/work/llama.cpp/examples/convert-llama2c-to-ggml/convert-llama2c-to-ggml.cpp:429:13: warning: ‘void print_matrix(ggml_tensor*)’ defined but not used [-Wunused-function]
  429 | static void print_matrix(struct ggml_tensor * probs) {
      |             ^~~~~~~~~~~~
/home/ggml/work/llama.cpp/examples/convert-llama2c-to-ggml/convert-llama2c-to-ggml.cpp:421:13: warning: ‘void print_row(ggml_tensor*, int)’ defined but not used [-Wunused-function]
  421 | static void print_row(struct ggml_tensor * probs, int i) {
      |             ^~~~~~~~~
/home/ggml/work/llama.cpp/examples/convert-llama2c-to-ggml/convert-llama2c-to-ggml.cpp:416:16: warning: ‘int32_t get_i32_2d(ggml_tensor*, int64_t, int64_t)’ defined but not used [-Wunused-function]
  416 | static int32_t get_i32_2d(struct ggml_tensor * tensor, int64_t i0, int64_t i1) {
      |                ^~~~~~~~~~
/home/ggml/work/llama.cpp/examples/convert-llama2c-to-ggml/convert-llama2c-to-ggml.cpp:192:13: warning: ‘void print_sample_weights(TransformerWeights*)’ defined but not used [-Wunused-function]
  192 | static void print_sample_weights(TransformerWeights *w){
      |             ^~~~~~~~~~~~~~~~~~~~
[ 70%] Linking CXX executable ../../bin/vdot
[ 71%] Linking CXX executable ../../bin/embedding
[ 73%] Linking CXX executable ../../bin/simple
[ 74%] Linking CXX executable ../bin/test-tokenizer-0-llama
[ 75%] Linking CXX executable ../../bin/batched
[ 76%] Linking CXX executable ../bin/test-tokenizer-0-falcon
[ 78%] Linking CXX executable ../../bin/save-load-state
[ 78%] Built target test-sampling
[ 79%] Linking CXX executable ../bin/test-quantize-perf
[ 79%] Built target test-grammar-parser
[ 80%] Linking CXX executable ../../bin/beam-search
[ 80%] Built target q8dot
[ 80%] Built target baby-llama
[ 81%] Linking CXX executable ../../bin/export-lora
cc1plus: note: unrecognized command-line option ‘-Wno-unused-function -Wno-array-bounds’ may have been intended to silence earlier diagnostics
In file included from /home/ggml/work/llama.cpp/tests/test-tokenizer-1-bpe.cpp:3:
/home/ggml/work/llama.cpp/./unicode.h:458:16: warning: ‘uint8_t unicode_to_bytes_bpe(const string&)’ defined but not used [-Wunused-function]
  458 | static uint8_t unicode_to_bytes_bpe(const std::string & utf8) {
      |                ^~~~~~~~~~~~~~~~~~~~
[ 82%] Linking CXX executable ../../bin/parallel
/home/ggml/work/llama.cpp/./unicode.h:429:20: warning: ‘std::string bytes_to_unicode_bpe(uint8_t)’ defined but not used [-Wunused-function]
  429 | static std::string bytes_to_unicode_bpe(uint8_t byte) {
      |                    ^~~~~~~~~~~~~~~~~~~~
/home/ggml/work/llama.cpp/./unicode.h:398:12: warning: ‘int codepoint_type(const string&)’ defined but not used [-Wunused-function]
  398 | static int codepoint_type(const std::string & utf8) {
      |            ^~~~~~~~~~~~~~
/home/ggml/work/llama.cpp/./unicode.h:343:30: warning: ‘std::vector<unsigned int> codepoints_from_utf16(const std::vector<short unsigned int>&)’ defined but not used [-Wunused-function]
  343 | static std::vector<uint32_t> codepoints_from_utf16(const std::vector<uint16_t> & utf16) {
      |                              ^~~~~~~~~~~~~~~~~~~~~
/home/ggml/work/llama.cpp/./unicode.h:317:30: warning: ‘std::vector<short unsigned int> codepoints_to_utf16(const std::vector<unsigned int>&)’ defined but not used [-Wunused-function]
  317 | static std::vector<uint16_t> codepoints_to_utf16(const std::vector<uint32_t> & cps) {
      |                              ^~~~~~~~~~~~~~~~~~~
/home/ggml/work/llama.cpp/./unicode.h:251:20: warning: ‘std::string codepoints_to_utf8(const std::vector<unsigned int>&)’ defined but not used [-Wunused-function]
  251 | static std::string codepoints_to_utf8(const std::vector<uint32_t> & cps) {
      |                    ^~~~~~~~~~~~~~~~~~
[ 84%] Linking CXX executable ../../bin/speculative
In file included from /home/ggml/work/llama.cpp/tests/test-tokenizer-1-llama.cpp:3:
/home/ggml/work/llama.cpp/./unicode.h:458:16: warning: ‘uint8_t unicode_to_bytes_bpe(const string&)’ defined but not used [-Wunused-function]
  458 | static uint8_t unicode_to_bytes_bpe(const std::string & utf8) {
      |                ^~~~~~~~~~~~~~~~~~~~
/home/ggml/work/llama.cpp/./unicode.h:429:20: warning: ‘std::string bytes_to_unicode_bpe(uint8_t)’ defined but not used [-Wunused-function]
  429 | static std::string bytes_to_unicode_bpe(uint8_t byte) {
      |                    ^~~~~~~~~~~~~~~~~~~~
/home/ggml/work/llama.cpp/./unicode.h:398:12: warning: ‘int codepoint_type(const string&)’ defined but not used [-Wunused-function]
  398 | static int codepoint_type(const std::string & utf8) {
      |            ^~~~~~~~~~~~~~
/home/ggml/work/llama.cpp/./unicode.h:343:30: warning: ‘std::vector<unsigned int> codepoints_from_utf16(const std::vector<short unsigned int>&)’ defined but not used [-Wunused-function]
  343 | static std::vector<uint32_t> codepoints_from_utf16(const std::vector<uint16_t> & utf16) {
      |                              ^~~~~~~~~~~~~~~~~~~~~
/home/ggml/work/llama.cpp/./unicode.h:317:30: warning: ‘std::vector<short unsigned int> codepoints_to_utf16(const std::vector<unsigned int>&)’ defined but not used [-Wunused-function]
  317 | static std::vector<uint16_t> codepoints_to_utf16(const std::vector<uint32_t> & cps) {
      |                              ^~~~~~~~~~~~~~~~~~~
/home/ggml/work/llama.cpp/./unicode.h:293:30: warning: ‘std::vector<unsigned int> codepoints_from_utf8(const string&)’ defined but not used [-Wunused-function]
  293 | static std::vector<uint32_t> codepoints_from_utf8(const std::string & utf8) {
      |                              ^~~~~~~~~~~~~~~~~~~~
/home/ggml/work/llama.cpp/./unicode.h:251:20: warning: ‘std::string codepoints_to_utf8(const std::vector<unsigned int>&)’ defined but not used [-Wunused-function]
  251 | static std::string codepoints_to_utf8(const std::vector<uint32_t> & cps) {
      |                    ^~~~~~~~~~~~~~~~~~
[ 85%] Linking CXX executable ../../bin/train-text-from-scratch
[ 86%] Linking CXX static library libembdinput.a
[ 86%] Built target embedding
[ 87%] Linking CXX executable ../../bin/convert-llama2c-to-ggml
[ 87%] Built target vdot
[ 89%] Linking CXX executable ../../bin/finetune
[ 90%] Linking CXX executable ../../bin/perplexity
[ 90%] Built target embdinput
[ 90%] Built target simple
[ 90%] Built target save-load-state
[ 91%] Building CXX object examples/embd-input/CMakeFiles/embd-input-test.dir/embd-input-test.cpp.o
[ 91%] Built target batched
[ 91%] Built target test-tokenizer-0-llama
[ 91%] Built target test-tokenizer-0-falcon
[ 91%] Built target test-quantize-perf
[ 91%] Built target beam-search
cc1plus: note: unrecognized command-line option ‘-Wno-unused-function -Wno-array-bounds’ may have been intended to silence earlier diagnostics
[ 91%] Built target export-lora
[ 92%] Linking CXX executable ../bin/test-tokenizer-1-bpe
[ 92%] Built target parallel
[ 92%] Built target finetune
[ 92%] Built target train-text-from-scratch
[ 92%] Built target speculative
cc1plus: note: unrecognized command-line option ‘-Wno-unused-function -Wno-array-bounds’ may have been intended to silence earlier diagnostics
[ 92%] Built target convert-llama2c-to-ggml
[ 93%] Linking CXX executable ../../bin/main
[ 93%] Built target perplexity
[ 95%] Linking CXX executable ../bin/test-tokenizer-1-llama
/home/ggml/work/llama.cpp/examples/llama-bench/llama-bench.cpp:376:41: warning: ‘std::vector<cmd_params_instance> get_cmd_params_instances_int(const cmd_params&, int, int)’ defined but not used [-Wunused-function]
  376 | static std::vector<cmd_params_instance> get_cmd_params_instances_int(const cmd_params & params, int n_gen, int n_prompt) {
      |                                         ^~~~~~~~~~~~~~~~~~~~~~~~~~~~
[ 95%] Built target test-tokenizer-1-bpe
[ 95%] Built target main
[ 95%] Built target test-tokenizer-1-llama
[ 96%] Linking CXX executable ../../bin/embd-input-test
[ 96%] Built target embd-input-test
In file included from /home/ggml/work/llama.cpp/tests/test-llama-grammar.cpp:5:
/home/ggml/work/llama.cpp/./llama.cpp:5192:13: warning: ‘bool llama_is_user_defined_token(const llama_vocab&, llama_token)’ defined but not used [-Wunused-function]
 5192 | static bool llama_is_user_defined_token(const llama_vocab& vocab, llama_token id) {
      |             ^~~~~~~~~~~~~~~~~~~~~~~~~~~
In file included from /home/ggml/work/llama.cpp/./llama.cpp:4,
                 from /home/ggml/work/llama.cpp/tests/test-llama-grammar.cpp:5:
/home/ggml/work/llama.cpp/./unicode.h:343:30: warning: ‘std::vector<unsigned int> codepoints_from_utf16(const std::vector<short unsigned int>&)’ defined but not used [-Wunused-function]
  343 | static std::vector<uint32_t> codepoints_from_utf16(const std::vector<uint16_t> & utf16) {
      |                              ^~~~~~~~~~~~~~~~~~~~~
/home/ggml/work/llama.cpp/./unicode.h:317:30: warning: ‘std::vector<short unsigned int> codepoints_to_utf16(const std::vector<unsigned int>&)’ defined but not used [-Wunused-function]
  317 | static std::vector<uint16_t> codepoints_to_utf16(const std::vector<uint32_t> & cps) {
      |                              ^~~~~~~~~~~~~~~~~~~
/home/ggml/work/llama.cpp/./unicode.h:251:20: warning: ‘std::string codepoints_to_utf8(const std::vector<unsigned int>&)’ defined but not used [-Wunused-function]
  251 | static std::string codepoints_to_utf8(const std::vector<uint32_t> & cps) {
      |                    ^~~~~~~~~~~~~~~~~~
cc1plus: note: unrecognized command-line option ‘-Wno-unused-function -Wno-array-bounds’ may have been intended to silence earlier diagnostics
[ 97%] Linking CXX executable ../../bin/llama-bench
[ 97%] Built target llama-bench
cc1plus: note: unrecognized command-line option ‘-Wno-unused-function -Wno-array-bounds’ may have been intended to silence earlier diagnostics
[ 98%] Linking CXX executable ../bin/test-llama-grammar
[ 98%] Built target test-llama-grammar
[100%] Linking CXX executable ../../bin/server
[100%] Built target server

real	0m31.665s
user	1m15.969s
sys	0m6.495s
+ tee -a /home/ggml/results/llama.cpp/fc/ca0a700487999d52a525c96d6661e9f6a8703a/ggml-0-x86-cpu-low-perf/ctest_debug-ctest.log
+ ctest --output-on-failure -E test-opt
Test project /home/ggml/work/llama.cpp/build-ci-debug
      Start  1: test-quantize-fns
 1/12 Test  #1: test-quantize-fns ................   Passed    0.03 sec
      Start  2: test-quantize-perf
 2/12 Test  #2: test-quantize-perf ...............   Passed    0.21 sec
      Start  3: test-sampling
 3/12 Test  #3: test-sampling ....................   Passed    0.00 sec
      Start  4: test-tokenizer-0-llama
 4/12 Test  #4: test-tokenizer-0-llama ...........   Passed    0.04 sec
      Start  5: test-tokenizer-0-falcon
 5/12 Test  #5: test-tokenizer-0-falcon ..........   Passed    0.53 sec
      Start  6: test-tokenizer-1-llama
 6/12 Test  #6: test-tokenizer-1-llama ...........   Passed    8.23 sec
      Start  7: test-tokenizer-1-falcon
 7/12 Test  #7: test-tokenizer-1-falcon ..........   Passed    7.95 sec
      Start  8: test-tokenizer-1-aquila
 8/12 Test  #8: test-tokenizer-1-aquila ..........   Passed    9.44 sec
      Start  9: test-grammar-parser
 9/12 Test  #9: test-grammar-parser ..............   Passed    0.00 sec
      Start 10: test-llama-grammar
10/12 Test #10: test-llama-grammar ...............   Passed    0.00 sec
      Start 11: test-grad0
11/12 Test #11: test-grad0 .......................   Passed    5.96 sec
      Start 12: test-rope
12/12 Test #12: test-rope ........................   Passed    0.07 sec

100% tests passed, 0 tests failed out of 12

Total Test time (real) =  32.48 sec

real	0m32.484s
user	0m36.759s
sys	0m4.525s
+ set +e
+ cur=0
+ echo 0
+ set +x
+ gg_run_ctest_release
+ cd /home/ggml/work/llama.cpp
+ rm -rf build-ci-release
+ tee /home/ggml/results/llama.cpp/fc/ca0a700487999d52a525c96d6661e9f6a8703a/ggml-0-x86-cpu-low-perf/ctest_release.log
+ mkdir build-ci-release
+ cd build-ci-release
+ set -e
+ tee -a /home/ggml/results/llama.cpp/fc/ca0a700487999d52a525c96d6661e9f6a8703a/ggml-0-x86-cpu-low-perf/ctest_release-cmake.log
+ cmake -DCMAKE_BUILD_TYPE=Release ..
-- The C compiler identification is GNU 11.4.0
-- The CXX compiler identification is GNU 11.4.0
-- Detecting C compiler ABI info
-- Detecting C compiler ABI info - done
-- Check for working C compiler: /usr/bin/cc - skipped
-- Detecting C compile features
-- Detecting C compile features - done
-- Detecting CXX compiler ABI info
-- Detecting CXX compiler ABI info - done
-- Check for working CXX compiler: /usr/bin/c++ - skipped
-- Detecting CXX compile features
-- Detecting CXX compile features - done
-- Found Git: /usr/bin/git (found version "2.34.1") 
-- Looking for pthread.h
-- Looking for pthread.h - found
-- Performing Test CMAKE_HAVE_LIBC_PTHREAD
-- Performing Test CMAKE_HAVE_LIBC_PTHREAD - Success
-- Found Threads: TRUE  
-- CMAKE_SYSTEM_PROCESSOR: x86_64
-- x86 detected
-- Configuring done
-- Generating done
-- Build files have been written to: /home/ggml/work/llama.cpp/build-ci-release

real	0m0.407s
user	0m0.285s
sys	0m0.103s
+ tee -a /home/ggml/results/llama.cpp/fc/ca0a700487999d52a525c96d6661e9f6a8703a/ggml-0-x86-cpu-low-perf/ctest_release-make.log
+ make -j
[  2%] Building C object CMakeFiles/ggml.dir/ggml-backend.c.o
[  2%] Building C object CMakeFiles/ggml.dir/ggml.c.o
[  4%] Built target BUILD_INFO
[  4%] Building C object CMakeFiles/ggml.dir/ggml-alloc.c.o
[  6%] Building C object CMakeFiles/ggml.dir/k_quants.c.o
[  6%] Built target ggml
[  7%] Linking C static library libggml_static.a
[  8%] Building CXX object CMakeFiles/llama.dir/llama.cpp.o
[  8%] Built target ggml_static
/home/ggml/work/llama.cpp/llama.cpp:5192:13: warning: ‘bool llama_is_user_defined_token(const llama_vocab&, llama_token)’ defined but not used [-Wunused-function]
 5192 | static bool llama_is_user_defined_token(const llama_vocab& vocab, llama_token id) {
      |             ^~~~~~~~~~~~~~~~~~~~~~~~~~~
In file included from /home/ggml/work/llama.cpp/llama.cpp:4:
/home/ggml/work/llama.cpp/unicode.h:343:30: warning: ‘std::vector<unsigned int> codepoints_from_utf16(const std::vector<short unsigned int>&)’ defined but not used [-Wunused-function]
  343 | static std::vector<uint32_t> codepoints_from_utf16(const std::vector<uint16_t> & utf16) {
      |                              ^~~~~~~~~~~~~~~~~~~~~
/home/ggml/work/llama.cpp/unicode.h:317:30: warning: ‘std::vector<short unsigned int> codepoints_to_utf16(const std::vector<unsigned int>&)’ defined but not used [-Wunused-function]
  317 | static std::vector<uint16_t> codepoints_to_utf16(const std::vector<uint32_t> & cps) {
      |                              ^~~~~~~~~~~~~~~~~~~
/home/ggml/work/llama.cpp/unicode.h:251:20: warning: ‘std::string codepoints_to_utf8(const std::vector<unsigned int>&)’ defined but not used [-Wunused-function]
  251 | static std::string codepoints_to_utf8(const std::vector<uint32_t> & cps) {
      |                    ^~~~~~~~~~~~~~~~~~
cc1plus: note: unrecognized command-line option ‘-Wno-unused-function -Wno-array-bounds’ may have been intended to silence earlier diagnostics
[  9%] Linking CXX static library libllama.a
[  9%] Built target llama
[ 10%] Building C object tests/CMakeFiles/test-c.dir/test-c.c.o
[ 12%] Building CXX object common/CMakeFiles/common.dir/common.cpp.o
[ 13%] Building CXX object examples/quantize/CMakeFiles/quantize.dir/quantize.cpp.o
[ 14%] Building CXX object common/CMakeFiles/common.dir/train.cpp.o
[ 15%] Building CXX object examples/benchmark/CMakeFiles/benchmark.dir/benchmark-matmult.cpp.o
[ 17%] Building CXX object common/CMakeFiles/common.dir/console.cpp.o
[ 18%] Building CXX object examples/quantize-stats/CMakeFiles/quantize-stats.dir/quantize-stats.cpp.o
[ 19%] Building CXX object common/CMakeFiles/common.dir/grammar-parser.cpp.o
[ 20%] Linking CXX executable ../bin/test-c
[ 20%] Built target test-c
/home/ggml/work/llama.cpp/common/grammar-parser.cpp:307:17: warning: ‘void grammar_parser::print_rule_binary(FILE*, const std::vector<llama_grammar_element>&)’ defined but not used [-Wunused-function]
  307 |     static void print_rule_binary(FILE * file, const std::vector<llama_grammar_element> & rule) {
      |                 ^~~~~~~~~~~~~~~~~
[ 21%] Linking CXX executable ../../bin/benchmark
[ 21%] Built target benchmark
[ 23%] Linking CXX executable ../../bin/quantize
[ 23%] Built target quantize
cc1plus: note: unrecognized command-line option ‘-Wno-unused-function -Wno-array-bounds’ may have been intended to silence earlier diagnostics
/home/ggml/work/llama.cpp/examples/quantize-stats/quantize-stats.cpp:135:13: warning: ‘bool tensor_is_contiguous(const ggml_tensor*)’ defined but not used [-Wunused-function]
  135 | static bool tensor_is_contiguous(const struct ggml_tensor * tensor) {
      |             ^~~~~~~~~~~~~~~~~~~~
cc1plus: note: unrecognized command-line option ‘-Wno-unused-function -Wno-array-bounds’ may have been intended to silence earlier diagnostics
[ 24%] Linking CXX executable ../../bin/quantize-stats
[ 24%] Built target quantize-stats
[ 24%] Built target common
[ 25%] Building CXX object tests/CMakeFiles/test-quantize-fns.dir/test-quantize-fns.cpp.o
[ 26%] Building CXX object tests/CMakeFiles/test-quantize-perf.dir/test-quantize-perf.cpp.o
[ 28%] Building CXX object tests/CMakeFiles/test-sampling.dir/test-sampling.cpp.o
[ 29%] Building CXX object tests/CMakeFiles/test-tokenizer-0-llama.dir/test-tokenizer-0-llama.cpp.o
[ 30%] Building CXX object tests/CMakeFiles/test-tokenizer-0-falcon.dir/test-tokenizer-0-falcon.cpp.o
[ 31%] Building CXX object tests/CMakeFiles/test-grammar-parser.dir/test-grammar-parser.cpp.o
[ 32%] Building CXX object tests/CMakeFiles/test-tokenizer-1-llama.dir/test-tokenizer-1-llama.cpp.o
[ 34%] Building CXX object tests/CMakeFiles/test-tokenizer-1-bpe.dir/test-tokenizer-1-bpe.cpp.o
[ 35%] Building CXX object tests/CMakeFiles/test-llama-grammar.dir/test-llama-grammar.cpp.o
[ 36%] Building CXX object tests/CMakeFiles/test-grad0.dir/test-grad0.cpp.o
[ 37%] Building CXX object tests/CMakeFiles/test-rope.dir/test-rope.cpp.o
[ 39%] Building CXX object examples/main/CMakeFiles/main.dir/main.cpp.o
[ 40%] Building CXX object examples/perplexity/CMakeFiles/perplexity.dir/perplexity.cpp.o
[ 41%] Building CXX object examples/save-load-state/CMakeFiles/save-load-state.dir/save-load-state.cpp.o
[ 42%] Building CXX object examples/embedding/CMakeFiles/embedding.dir/embedding.cpp.o
[ 43%] Building CXX object examples/train-text-from-scratch/CMakeFiles/train-text-from-scratch.dir/train-text-from-scratch.cpp.o
[ 45%] Building CXX object examples/baby-llama/CMakeFiles/baby-llama.dir/baby-llama.cpp.o
[ 46%] Building CXX object examples/finetune/CMakeFiles/finetune.dir/finetune.cpp.o
[ 47%] Building CXX object examples/convert-llama2c-to-ggml/CMakeFiles/convert-llama2c-to-ggml.dir/convert-llama2c-to-ggml.cpp.o
[ 48%] Building CXX object examples/simple/CMakeFiles/simple.dir/simple.cpp.o
[ 50%] Building CXX object examples/batched/CMakeFiles/batched.dir/batched.cpp.o
[ 51%] Building CXX object examples/speculative/CMakeFiles/speculative.dir/speculative.cpp.o
[ 52%] Building CXX object examples/parallel/CMakeFiles/parallel.dir/parallel.cpp.o
[ 53%] Building CXX object examples/embd-input/CMakeFiles/embdinput.dir/embd-input-lib.cpp.o
[ 54%] Building CXX object examples/beam-search/CMakeFiles/beam-search.dir/beam-search.cpp.o
[ 56%] Building CXX object examples/llama-bench/CMakeFiles/llama-bench.dir/llama-bench.cpp.o
[ 57%] Building CXX object examples/export-lora/CMakeFiles/export-lora.dir/export-lora.cpp.o
[ 58%] Building CXX object examples/server/CMakeFiles/server.dir/server.cpp.o
[ 59%] Building CXX object pocs/vdot/CMakeFiles/q8dot.dir/q8dot.cpp.o
[ 60%] Building CXX object pocs/vdot/CMakeFiles/vdot.dir/vdot.cpp.o
/home/ggml/work/llama.cpp/tests/test-rope.cpp:59:13: warning: ‘void get_random_dims(int64_t*, int)’ defined but not used [-Wunused-function]
   59 | static void get_random_dims(int64_t * dims, int ndims) {
      |             ^~~~~~~~~~~~~~~
cc1plus: note: unrecognized command-line option ‘-Wno-unused-function -Wno-array-bounds’ may have been intended to silence earlier diagnostics
[ 62%] Linking CXX executable ../bin/test-rope
[ 63%] Linking CXX executable ../bin/test-quantize-fns
/home/ggml/work/llama.cpp/examples/baby-llama/baby-llama.cpp:1429:29: warning: ‘ggml_tensor* cross_entropy_loss(ggml_context*, ggml_tensor*, ggml_tensor*)’ defined but not used [-Wunused-function]
 1429 | static struct ggml_tensor * cross_entropy_loss(
      |                             ^~~~~~~~~~~~~~~~~~
/home/ggml/work/llama.cpp/examples/baby-llama/baby-llama.cpp:1328:13: warning: ‘void print_row(ggml_tensor*, int)’ defined but not used [-Wunused-function]
 1328 | static void print_row(struct ggml_tensor * probs, int i) {
      |             ^~~~~~~~~
/home/ggml/work/llama.cpp/examples/baby-llama/baby-llama.cpp:998:29: warning: ‘ggml_tensor* forward_lora(llama_model_lora*, llama_kv_cache*, ggml_context*, ggml_cgraph*, ggml_tensor*, int, int)’ defined but not used [-Wunused-function]
  998 | static struct ggml_tensor * forward_lora(
      |                             ^~~~~~~~~~~~
/home/ggml/work/llama.cpp/examples/baby-llama/baby-llama.cpp:429:13: warning: ‘bool init_kv_cache_lora(llama_kv_cache*, llama_model_lora*, int)’ defined but not used [-Wunused-function]
  429 | static bool init_kv_cache_lora(struct llama_kv_cache* cache, struct llama_model_lora * model, int n_batch) {
      |             ^~~~~~~~~~~~~~~~~~
/home/ggml/work/llama.cpp/examples/baby-llama/baby-llama.cpp:358:13: warning: ‘void randomize_model_lora(llama_model_lora*, int, float, float, float, float)’ defined but not used [-Wunused-function]
  358 | static void randomize_model_lora(
      |             ^~~~~~~~~~~~~~~~~~~~
/home/ggml/work/llama.cpp/examples/baby-llama/baby-llama.cpp:296:13: warning: ‘void set_param_model_lora(llama_model_lora*)’ defined but not used [-Wunused-function]
  296 | static void set_param_model_lora(struct llama_model_lora * model) {
      |             ^~~~~~~~~~~~~~~~~~~~
/home/ggml/work/llama.cpp/examples/baby-llama/baby-llama.cpp:227:13: warning: ‘void init_model_lora(llama_model_lora*)’ defined but not used [-Wunused-function]
  227 | static void init_model_lora(struct llama_model_lora * model) {
      |             ^~~~~~~~~~~~~~~
/home/ggml/work/llama.cpp/examples/baby-llama/baby-llama.cpp:32:29: warning: ‘ggml_tensor* randomize_tensor(ggml_tensor*, int, const int64_t*, float, float)’ defined but not used [-Wunused-function]
   32 | static struct ggml_tensor * randomize_tensor(
      |                             ^~~~~~~~~~~~~~~~
[ 63%] Built target test-rope
[ 63%] Built target test-quantize-fns
[ 64%] Linking CXX executable ../bin/test-grammar-parser
[ 64%] Built target test-grammar-parser
[ 65%] Linking CXX executable ../bin/test-sampling
[ 67%] Linking CXX executable ../../bin/q8dot
[ 67%] Built target test-sampling
/home/ggml/work/llama.cpp/examples/convert-llama2c-to-ggml/convert-llama2c-to-ggml.cpp:906:20: warning: ‘std::string basename(const string&)’ defined but not used [-Wunused-function]
  906 | static std::string basename(const std::string &path) {
      |                    ^~~~~~~~
/home/ggml/work/llama.cpp/examples/convert-llama2c-to-ggml/convert-llama2c-to-ggml.cpp:447:20: warning: ‘std::string format(const char*, ...)’ defined but not used [-Wunused-function]
  447 | static std::string format(const char * fmt, ...) {
      |                    ^~~~~~
/home/ggml/work/llama.cpp/examples/convert-llama2c-to-ggml/convert-llama2c-to-ggml.cpp:429:13: warning: ‘void print_matrix(ggml_tensor*)’ defined but not used [-Wunused-function]
  429 | static void print_matrix(struct ggml_tensor * probs) {
      |             ^~~~~~~~~~~~
/home/ggml/work/llama.cpp/examples/convert-llama2c-to-ggml/convert-llama2c-to-ggml.cpp:421:13: warning: ‘void print_row(ggml_tensor*, int)’ defined but not used [-Wunused-function]
  421 | static void print_row(struct ggml_tensor * probs, int i) {
      |             ^~~~~~~~~
/home/ggml/work/llama.cpp/examples/convert-llama2c-to-ggml/convert-llama2c-to-ggml.cpp:416:16: warning: ‘int32_t get_i32_2d(ggml_tensor*, int64_t, int64_t)’ defined but not used [-Wunused-function]
  416 | static int32_t get_i32_2d(struct ggml_tensor * tensor, int64_t i0, int64_t i1) {
      |                ^~~~~~~~~~
/home/ggml/work/llama.cpp/examples/convert-llama2c-to-ggml/convert-llama2c-to-ggml.cpp:192:13: warning: ‘void print_sample_weights(TransformerWeights*)’ defined but not used [-Wunused-function]
  192 | static void print_sample_weights(TransformerWeights *w){
      |             ^~~~~~~~~~~~~~~~~~~~
cc1plus: note: unrecognized command-line option ‘-Wno-unused-function -Wno-array-bounds’ may have been intended to silence earlier diagnostics
[ 68%] Linking CXX executable ../../bin/embedding
[ 67%] Built target q8dot
[ 69%] Linking CXX executable ../../bin/baby-llama
[ 70%] Linking CXX executable ../../bin/vdot
[ 71%] Linking CXX executable ../../bin/save-load-state
[ 71%] Built target baby-llama
[ 71%] Built target embedding
[ 73%] Linking CXX executable ../../bin/beam-search
[ 73%] Built target vdot
[ 73%] Built target save-load-state
[ 74%] Linking CXX executable ../../bin/simple
[ 74%] Built target beam-search
[ 75%] Linking CXX executable ../bin/test-grad0
[ 76%] Linking CXX executable ../../bin/batched
[ 76%] Built target simple
In file included from /home/ggml/work/llama.cpp/tests/test-tokenizer-1-llama.cpp:3:
/home/ggml/work/llama.cpp/./unicode.h:458:16: warning: ‘uint8_t unicode_to_bytes_bpe(const string&)’ defined but not used [-Wunused-function]
  458 | static uint8_t unicode_to_bytes_bpe(const std::string & utf8) {
      |                ^~~~~~~~~~~~~~~~~~~~
/home/ggml/work/llama.cpp/./unicode.h:429:20: warning: ‘std::string bytes_to_unicode_bpe(uint8_t)’ defined but not used [-Wunused-function]
  429 | static std::string bytes_to_unicode_bpe(uint8_t byte) {
      |                    ^~~~~~~~~~~~~~~~~~~~
/home/ggml/work/llama.cpp/./unicode.h:398:12: warning: ‘int codepoint_type(const string&)’ defined but not used [-Wunused-function]
  398 | static int codepoint_type(const std::string & utf8) {
      |            ^~~~~~~~~~~~~~
/home/ggml/work/llama.cpp/./unicode.h:343:30: warning: ‘std::vector<unsigned int> codepoints_from_utf16(const std::vector<short unsigned int>&)’ defined but not used [-Wunused-function]
  343 | static std::vector<uint32_t> codepoints_from_utf16(const std::vector<uint16_t> & utf16) {
      |                              ^~~~~~~~~~~~~~~~~~~~~
/home/ggml/work/llama.cpp/./unicode.h:317:30: warning: ‘std::vector<short unsigned int> codepoints_to_utf16(const std::vector<unsigned int>&)’ defined but not used [-Wunused-function]
  317 | static std::vector<uint16_t> codepoints_to_utf16(const std::vector<uint32_t> & cps) {
      |                              ^~~~~~~~~~~~~~~~~~~
/home/ggml/work/llama.cpp/./unicode.h:293:30: warning: ‘std::vector<unsigned int> codepoints_from_utf8(const string&)’ defined but not used [-Wunused-function]
  293 | static std::vector<uint32_t> codepoints_from_utf8(const std::string & utf8) {
      |                              ^~~~~~~~~~~~~~~~~~~~
/home/ggml/work/llama.cpp/./unicode.h:251:20: warning: ‘std::string codepoints_to_utf8(const std::vector<unsigned int>&)’ defined but not used [-Wunused-function]
  251 | static std::string codepoints_to_utf8(const std::vector<uint32_t> & cps) {
      |                    ^~~~~~~~~~~~~~~~~~
In file included from /home/ggml/work/llama.cpp/tests/test-tokenizer-1-bpe.cpp:3:
/home/ggml/work/llama.cpp/./unicode.h:458:16: warning: ‘uint8_t unicode_to_bytes_bpe(const string&)’ defined but not used [-Wunused-function]
  458 | static uint8_t unicode_to_bytes_bpe(const std::string & utf8) {
      |                ^~~~~~~~~~~~~~~~~~~~
/home/ggml/work/llama.cpp/./unicode.h:429:20: warning: ‘std::string bytes_to_unicode_bpe(uint8_t)’ defined but not used [-Wunused-function]
  429 | static std::string bytes_to_unicode_bpe(uint8_t byte) {
      |                    ^~~~~~~~~~~~~~~~~~~~
/home/ggml/work/llama.cpp/./unicode.h:398:12: warning: ‘int codepoint_type(const string&)’ defined but not used [-Wunused-function]
  398 | static int codepoint_type(const std::string & utf8) {
      |            ^~~~~~~~~~~~~~
/home/ggml/work/llama.cpp/./unicode.h:343:30: warning: ‘std::vector<unsigned int> codepoints_from_utf16(const std::vector<short unsigned int>&)’ defined but not used [-Wunused-function]
  343 | static std::vector<uint32_t> codepoints_from_utf16(const std::vector<uint16_t> & utf16) {
      |                              ^~~~~~~~~~~~~~~~~~~~~
/home/ggml/work/llama.cpp/./unicode.h:317:30: warning: ‘std::vector<short unsigned int> codepoints_to_utf16(const std::vector<unsigned int>&)’ defined but not used [-Wunused-function]
  317 | static std::vector<uint16_t> codepoints_to_utf16(const std::vector<uint32_t> & cps) {
      |                              ^~~~~~~~~~~~~~~~~~~
/home/ggml/work/llama.cpp/./unicode.h:251:20: warning: ‘std::string codepoints_to_utf8(const std::vector<unsigned int>&)’ defined but not used [-Wunused-function]
  251 | static std::string codepoints_to_utf8(const std::vector<uint32_t> & cps) {
      |                    ^~~~~~~~~~~~~~~~~~
[ 76%] Built target batched
[ 78%] Linking CXX executable ../bin/test-quantize-perf
[ 78%] Built target test-grad0
[ 79%] Linking CXX executable ../bin/test-tokenizer-0-falcon
cc1plus: note: unrecognized command-line option ‘-Wno-unused-function -Wno-array-bounds’ may have been intended to silence earlier diagnostics
[ 80%] Linking CXX executable ../../bin/export-lora
[ 81%] Linking CXX executable ../bin/test-tokenizer-1-llama
cc1plus: note: unrecognized command-line option ‘-Wno-unused-function -Wno-array-bounds’ may have been intended to silence earlier diagnostics
[ 81%] Built target test-quantize-perf
[ 82%] Linking CXX executable ../bin/test-tokenizer-1-bpe
[ 84%] Linking CXX executable ../bin/test-tokenizer-0-llama
[ 84%] Built target test-tokenizer-0-falcon
[ 85%] Linking CXX static library libembdinput.a
[ 85%] Built target export-lora
[ 85%] Built target test-tokenizer-1-llama
[ 85%] Built target embdinput
[ 86%] Building CXX object examples/embd-input/CMakeFiles/embd-input-test.dir/embd-input-test.cpp.o
[ 86%] Built target test-tokenizer-1-bpe
[ 86%] Built target test-tokenizer-0-llama
/home/ggml/work/llama.cpp/examples/llama-bench/llama-bench.cpp:376:41: warning: ‘std::vector<cmd_params_instance> get_cmd_params_instances_int(const cmd_params&, int, int)’ defined but not used [-Wunused-function]
  376 | static std::vector<cmd_params_instance> get_cmd_params_instances_int(const cmd_params & params, int n_gen, int n_prompt) {
      |                                         ^~~~~~~~~~~~~~~~~~~~~~~~~~~~
cc1plus: note: unrecognized command-line option ‘-Wno-unused-function -Wno-array-bounds’ may have been intended to silence earlier diagnostics
[ 87%] Linking CXX executable ../../bin/speculative
[ 89%] Linking CXX executable ../../bin/convert-llama2c-to-ggml
[ 90%] Linking CXX executable ../../bin/parallel
[ 91%] Linking CXX executable ../../bin/perplexity
[ 91%] Built target speculative
[ 91%] Built target convert-llama2c-to-ggml
[ 92%] Linking CXX executable ../../bin/train-text-from-scratch
[ 92%] Built target parallel
[ 92%] Built target perplexity
[ 92%] Built target train-text-from-scratch
[ 93%] Linking CXX executable ../../bin/embd-input-test
[ 93%] Built target embd-input-test
[ 95%] Linking CXX executable ../../bin/finetune
[ 95%] Built target finetune
In file included from /home/ggml/work/llama.cpp/tests/test-llama-grammar.cpp:5:
/home/ggml/work/llama.cpp/./llama.cpp:5192:13: warning: ‘bool llama_is_user_defined_token(const llama_vocab&, llama_token)’ defined but not used [-Wunused-function]
 5192 | static bool llama_is_user_defined_token(const llama_vocab& vocab, llama_token id) {
      |             ^~~~~~~~~~~~~~~~~~~~~~~~~~~
In file included from /home/ggml/work/llama.cpp/./llama.cpp:4,
                 from /home/ggml/work/llama.cpp/tests/test-llama-grammar.cpp:5:
/home/ggml/work/llama.cpp/./unicode.h:343:30: warning: ‘std::vector<unsigned int> codepoints_from_utf16(const std::vector<short unsigned int>&)’ defined but not used [-Wunused-function]
  343 | static std::vector<uint32_t> codepoints_from_utf16(const std::vector<uint16_t> & utf16) {
      |                              ^~~~~~~~~~~~~~~~~~~~~
/home/ggml/work/llama.cpp/./unicode.h:317:30: warning: ‘std::vector<short unsigned int> codepoints_to_utf16(const std::vector<unsigned int>&)’ defined but not used [-Wunused-function]
  317 | static std::vector<uint16_t> codepoints_to_utf16(const std::vector<uint32_t> & cps) {
      |                              ^~~~~~~~~~~~~~~~~~~
/home/ggml/work/llama.cpp/./unicode.h:251:20: warning: ‘std::string codepoints_to_utf8(const std::vector<unsigned int>&)’ defined but not used [-Wunused-function]
  251 | static std::string codepoints_to_utf8(const std::vector<uint32_t> & cps) {
      |                    ^~~~~~~~~~~~~~~~~~
[ 96%] Linking CXX executable ../../bin/main
[ 96%] Built target main
cc1plus: note: unrecognized command-line option ‘-Wno-unused-function -Wno-array-bounds’ may have been intended to silence earlier diagnostics
[ 97%] Linking CXX executable ../../bin/llama-bench
[ 97%] Built target llama-bench
cc1plus: note: unrecognized command-line option ‘-Wno-unused-function -Wno-array-bounds’ may have been intended to silence earlier diagnostics
[ 98%] Linking CXX executable ../bin/test-llama-grammar
[ 98%] Built target test-llama-grammar
[100%] Linking CXX executable ../../bin/server
[100%] Built target server

real	0m46.394s
user	1m43.197s
sys	0m4.724s
+ '[' -z 1 ']'
+ tee -a /home/ggml/results/llama.cpp/fc/ca0a700487999d52a525c96d6661e9f6a8703a/ggml-0-x86-cpu-low-perf/ctest_release-ctest.log
+ ctest --output-on-failure -E test-opt
Test project /home/ggml/work/llama.cpp/build-ci-release
      Start  1: test-quantize-fns
 1/12 Test  #1: test-quantize-fns ................   Passed    0.01 sec
      Start  2: test-quantize-perf
 2/12 Test  #2: test-quantize-perf ...............   Passed    0.04 sec
      Start  3: test-sampling
 3/12 Test  #3: test-sampling ....................   Passed    0.00 sec
      Start  4: test-tokenizer-0-llama
 4/12 Test  #4: test-tokenizer-0-llama ...........   Passed    0.01 sec
      Start  5: test-tokenizer-0-falcon
 5/12 Test  #5: test-tokenizer-0-falcon ..........   Passed    0.13 sec
      Start  6: test-tokenizer-1-llama
 6/12 Test  #6: test-tokenizer-1-llama ...........   Passed    2.02 sec
      Start  7: test-tokenizer-1-falcon
 7/12 Test  #7: test-tokenizer-1-falcon ..........   Passed    1.47 sec
      Start  8: test-tokenizer-1-aquila
 8/12 Test  #8: test-tokenizer-1-aquila ..........   Passed    1.80 sec
      Start  9: test-grammar-parser
 9/12 Test  #9: test-grammar-parser ..............   Passed    0.00 sec
      Start 10: test-llama-grammar
10/12 Test #10: test-llama-grammar ...............   Passed    0.00 sec
      Start 11: test-grad0
11/12 Test #11: test-grad0 .......................   Passed    5.69 sec
      Start 12: test-rope
12/12 Test #12: test-rope ........................   Passed    0.05 sec

100% tests passed, 0 tests failed out of 12

Total Test time (real) =  11.23 sec

real	0m11.239s
user	0m15.150s
sys	0m4.227s
+ set +e
+ cur=0
+ echo 0
+ set +x
