+ cmake -DCMAKE_BUILD_TYPE=Debug ..
CMake Deprecation Warning at CMakeLists.txt:1 (cmake_minimum_required):
  Compatibility with CMake < 3.5 will be removed from a future version of
  CMake.

  Update the VERSION argument <min> value or use a ...<max> suffix to tell
  CMake that the project does not need compatibility with older versions.


-- The C compiler identification is GNU 11.4.0
-- The CXX compiler identification is GNU 11.4.0
-- Detecting C compiler ABI info
-- Detecting C compiler ABI info - done
-- Check for working C compiler: /usr/bin/cc - skipped
-- Detecting C compile features
-- Detecting C compile features - done
-- Detecting CXX compiler ABI info
-- Detecting CXX compiler ABI info - done
-- Check for working CXX compiler: /usr/bin/c++ - skipped
-- Detecting CXX compile features
-- Detecting CXX compile features - done
-- Found Git: /usr/bin/git (found version "2.34.1") 
-- Performing Test CMAKE_HAVE_LIBC_PTHREAD
-- Performing Test CMAKE_HAVE_LIBC_PTHREAD - Success
-- Found Threads: TRUE  
-- CMAKE_SYSTEM_PROCESSOR: x86_64
-- x86 detected
-- Linux detected
-- x86 detected
-- Linux detected
-- Configuring done (0.4s)
-- Generating done (0.1s)
-- Build files have been written to: /home/ggml/work/ggml/build-ci-debug

real	0m0.546s
user	0m0.416s
sys	0m0.131s
+ make -j
[  1%] Building C object src/CMakeFiles/ggml.dir/ggml.c.o
[  2%] Building CXX object examples/CMakeFiles/common.dir/common.cpp.o
[  3%] Building C object src/CMakeFiles/ggml.dir/ggml-alloc.c.o
[  5%] Linking C static library libggml.a
[  5%] Built target ggml
[  6%] Building C object tests/CMakeFiles/test-vec0.dir/test-vec0.c.o
[  7%] Building C object tests/CMakeFiles/test-vec1.dir/test-vec1.c.o
[  8%] Building CXX object tests/CMakeFiles/test-grad0.dir/test-grad0.cpp.o
[ 10%] Building CXX object tests/CMakeFiles/test-opt.dir/test-opt.cpp.o
[ 11%] Building CXX object tests/CMakeFiles/test-quantize-fns.dir/test-quantize-fns.cpp.o
[ 12%] Building CXX object tests/CMakeFiles/test-quantize-perf.dir/test-quantize-perf.cpp.o
[ 13%] Building C object tests/CMakeFiles/test-mul-mat0.dir/test-mul-mat0.c.o
[ 15%] Building C object tests/CMakeFiles/test-mul-mat2.dir/test-mul-mat2.c.o
[ 16%] Linking C executable ../bin/test-vec0
[ 17%] Building C object tests/CMakeFiles/test0.dir/test0.c.o
[ 18%] Building C object tests/CMakeFiles/test1.dir/test1.c.o
[ 20%] Building C object tests/CMakeFiles/test2.dir/test2.c.o
[ 21%] Linking C executable ../bin/test-mul-mat0
[ 22%] Building C object tests/CMakeFiles/test3.dir/test3.c.o
[ 24%] Linking C executable ../bin/test0
[ 24%] Built target test-vec0
[ 25%] Building C object tests/CMakeFiles/test-pool.dir/test-pool.c.o
[ 26%] Linking CXX executable ../bin/test-opt
[ 27%] Building C object tests/CMakeFiles/test-customop.dir/test-customop.c.o
[ 29%] Building C object tests/CMakeFiles/test-conv-transpose.dir/test-conv-transpose.c.o
[ 30%] Building CXX object examples/CMakeFiles/common-ggml.dir/common-ggml.cpp.o
[ 31%] Building CXX object examples/whisper/CMakeFiles/whisper-cpp.dir/whisper.cpp.o
[ 32%] Linking C executable ../bin/test2
[ 34%] Building CXX object examples/mnist/CMakeFiles/mnist-cpu.dir/main-cpu.cpp.o
[ 34%] Built target test0
[ 35%] Linking C executable ../bin/test1
[ 35%] Built target test-mul-mat0
[ 36%] Linking C executable ../bin/test3
[ 37%] Linking C executable ../bin/test-pool
[ 39%] Linking CXX executable ../bin/test-grad0
[ 40%] Linking C executable ../bin/test-conv-transpose
[ 40%] Built target test-opt
[ 41%] Linking C executable ../bin/test-customop
[ 41%] Built target test2
[ 41%] Built target test1
[ 41%] Built target test3
[ 41%] Built target test-conv-transpose
[ 41%] Built target test-pool
[ 43%] Linking C executable ../bin/test-vec1
[ 43%] Built target test-grad0
[ 43%] Built target test-customop
[ 43%] Built target test-vec1
[ 44%] Linking CXX executable ../bin/test-quantize-fns
[ 45%] Linking C executable ../bin/test-mul-mat2
[ 45%] Built target test-quantize-fns
[ 45%] Built target test-mul-mat2
[ 46%] Linking CXX executable ../../bin/mnist-cpu
[ 46%] Built target mnist-cpu
[ 48%] Linking CXX executable ../bin/test-quantize-perf
[ 48%] Built target test-quantize-perf
[ 49%] Linking CXX static library libcommon.a
[ 50%] Linking CXX static library libcommon-ggml.a
[ 50%] Built target common
[ 51%] Building CXX object examples/mnist/CMakeFiles/mnist.dir/main.cpp.o
[ 53%] Building CXX object examples/sam/CMakeFiles/sam.dir/main.cpp.o
[ 53%] Built target common-ggml
[ 54%] Building CXX object examples/gpt-2/CMakeFiles/gpt-2.dir/main.cpp.o
[ 55%] Building CXX object examples/gpt-j/CMakeFiles/gpt-j.dir/main.cpp.o
[ 56%] Building CXX object examples/gpt-2/CMakeFiles/gpt-2-quantize.dir/quantize.cpp.o
[ 58%] Building CXX object examples/gpt-j/CMakeFiles/gpt-j-quantize.dir/quantize.cpp.o
[ 59%] Building CXX object examples/gpt-neox/CMakeFiles/gpt-neox.dir/main.cpp.o
[ 60%] Building CXX object examples/whisper/CMakeFiles/whisper-quantize.dir/quantize.cpp.o
[ 62%] Building CXX object examples/gpt-neox/CMakeFiles/gpt-neox-quantize.dir/quantize.cpp.o
[ 63%] Building CXX object examples/dolly-v2/CMakeFiles/dollyv2-quantize.dir/quantize.cpp.o
[ 64%] Building CXX object examples/dolly-v2/CMakeFiles/dollyv2.dir/main.cpp.o
[ 67%] Building CXX object examples/replit/CMakeFiles/replit.dir/main.cpp.o
[ 67%] Building CXX object examples/replit/CMakeFiles/replit-quantize.dir/quantize.cpp.o
[ 68%] Building CXX object examples/mpt/CMakeFiles/mpt-quantize.dir/quantize.cpp.o
[ 69%] Building CXX object examples/mpt/CMakeFiles/mpt.dir/main.cpp.o
[ 70%] Building CXX object examples/starcoder/CMakeFiles/starcoder.dir/main.cpp.o
[ 72%] Building CXX object examples/starcoder/CMakeFiles/starcoder-mmap.dir/starcoder-mmap.cpp.o
[ 73%] Building CXX object examples/starcoder/CMakeFiles/starcoder-quantize.dir/quantize.cpp.o
/home/ggml/work/ggml/examples/sam/main.cpp: In function ‘bool sam_fill_dense_pe(const sam_model&, sam_state&, int)’:
/home/ggml/work/ggml/examples/sam/main.cpp:1040:56: warning: ‘ggml_tensor* ggml_map_unary_f32(ggml_context*, ggml_tensor*, ggml_unary_op_f32_t)’ is deprecated: use ggml_map_custom1 instead [-Wdeprecated-declarations]
 1040 |         struct ggml_tensor * t_sin = ggml_map_unary_f32(ctx0, cur, ggml_sam_sin);
      |                                      ~~~~~~~~~~~~~~~~~~^~~~~~~~~~~~~~~~~~~~~~~~~
In file included from /home/ggml/work/ggml/examples/sam/main.cpp:1:
/home/ggml/work/ggml/src/../include/ggml/ggml.h:1402:51: note: declared here
 1402 |     GGML_DEPRECATED(GGML_API struct ggml_tensor * ggml_map_unary_f32(
      |                                                   ^~~~~~~~~~~~~~~~~~
/home/ggml/work/ggml/src/../include/ggml/ggml.h:188:41: note: in definition of macro ‘GGML_DEPRECATED’
  188 | #    define GGML_DEPRECATED(func, hint) func __attribute__((deprecated(hint)))
      |                                         ^~~~
/home/ggml/work/ggml/examples/sam/main.cpp:1041:56: warning: ‘ggml_tensor* ggml_map_unary_f32(ggml_context*, ggml_tensor*, ggml_unary_op_f32_t)’ is deprecated: use ggml_map_custom1 instead [-Wdeprecated-declarations]
 1041 |         struct ggml_tensor * t_cos = ggml_map_unary_f32(ctx0, cur, ggml_sam_cos);
      |                                      ~~~~~~~~~~~~~~~~~~^~~~~~~~~~~~~~~~~~~~~~~~~
In file included from /home/ggml/work/ggml/examples/sam/main.cpp:1:
/home/ggml/work/ggml/src/../include/ggml/ggml.h:1402:51: note: declared here
 1402 |     GGML_DEPRECATED(GGML_API struct ggml_tensor * ggml_map_unary_f32(
      |                                                   ^~~~~~~~~~~~~~~~~~
/home/ggml/work/ggml/src/../include/ggml/ggml.h:188:41: note: in definition of macro ‘GGML_DEPRECATED’
  188 | #    define GGML_DEPRECATED(func, hint) func __attribute__((deprecated(hint)))
      |                                         ^~~~
/home/ggml/work/ggml/examples/sam/main.cpp: In function ‘bool sam_encode_prompt(const sam_model&, sam_state&, int, int, sam_point, int)’:
/home/ggml/work/ggml/examples/sam/main.cpp:1426:56: warning: ‘ggml_tensor* ggml_map_unary_f32(ggml_context*, ggml_tensor*, ggml_unary_op_f32_t)’ is deprecated: use ggml_map_custom1 instead [-Wdeprecated-declarations]
 1426 |         struct ggml_tensor * t_sin = ggml_map_unary_f32(ctx0, cur, ggml_sam_sin);
      |                                      ~~~~~~~~~~~~~~~~~~^~~~~~~~~~~~~~~~~~~~~~~~~
In file included from /home/ggml/work/ggml/examples/sam/main.cpp:1:
/home/ggml/work/ggml/src/../include/ggml/ggml.h:1402:51: note: declared here
 1402 |     GGML_DEPRECATED(GGML_API struct ggml_tensor * ggml_map_unary_f32(
      |                                                   ^~~~~~~~~~~~~~~~~~
/home/ggml/work/ggml/src/../include/ggml/ggml.h:188:41: note: in definition of macro ‘GGML_DEPRECATED’
  188 | #    define GGML_DEPRECATED(func, hint) func __attribute__((deprecated(hint)))
      |                                         ^~~~
/home/ggml/work/ggml/examples/sam/main.cpp:1427:56: warning: ‘ggml_tensor* ggml_map_unary_f32(ggml_context*, ggml_tensor*, ggml_unary_op_f32_t)’ is deprecated: use ggml_map_custom1 instead [-Wdeprecated-declarations]
 1427 |         struct ggml_tensor * t_cos = ggml_map_unary_f32(ctx0, cur, ggml_sam_cos);
      |                                      ~~~~~~~~~~~~~~~~~~^~~~~~~~~~~~~~~~~~~~~~~~~
In file included from /home/ggml/work/ggml/examples/sam/main.cpp:1:
/home/ggml/work/ggml/src/../include/ggml/ggml.h:1402:51: note: declared here
 1402 |     GGML_DEPRECATED(GGML_API struct ggml_tensor * ggml_map_unary_f32(
      |                                                   ^~~~~~~~~~~~~~~~~~
/home/ggml/work/ggml/src/../include/ggml/ggml.h:188:41: note: in definition of macro ‘GGML_DEPRECATED’
  188 | #    define GGML_DEPRECATED(func, hint) func __attribute__((deprecated(hint)))
      |                                         ^~~~
[ 74%] Linking CXX executable ../../bin/mnist
[ 74%] Built target mnist
[ 75%] Linking CXX executable ../../bin/replit-quantize
[ 77%] Linking CXX executable ../../bin/mpt-quantize
[ 78%] Linking CXX executable ../../bin/whisper-quantize
[ 79%] Linking CXX executable ../../bin/gpt-j-quantize
[ 81%] Linking CXX executable ../../bin/starcoder-quantize
[ 82%] Linking CXX executable ../../bin/gpt-2-quantize
[ 83%] Linking CXX executable ../../bin/dollyv2-quantize
[ 84%] Linking CXX executable ../../bin/gpt-neox-quantize
[ 86%] Linking CXX executable ../../bin/gpt-neox
[ 86%] Built target starcoder-quantize
[ 86%] Built target mpt-quantize
[ 87%] Linking CXX executable ../../bin/gpt-j
[ 87%] Built target replit-quantize
[ 87%] Built target gpt-2-quantize
[ 87%] Built target gpt-j-quantize
[ 88%] Linking CXX executable ../../bin/gpt-2
[ 88%] Built target dollyv2-quantize
[ 88%] Built target whisper-quantize
[ 88%] Built target gpt-neox-quantize
[ 88%] Built target gpt-neox
[ 88%] Built target gpt-2
[ 89%] Linking CXX executable ../../bin/dollyv2
[ 91%] Linking CXX executable ../../bin/starcoder
[ 91%] Built target gpt-j
[ 92%] Linking CXX executable ../../bin/starcoder-mmap
[ 93%] Linking CXX executable ../../bin/mpt
[ 93%] Built target dollyv2
[ 93%] Built target starcoder
[ 93%] Built target starcoder-mmap
[ 94%] Linking CXX executable ../../bin/replit
[ 94%] Built target mpt
[ 94%] Built target replit
[ 96%] Linking CXX executable ../../bin/sam
[ 96%] Built target sam
[ 97%] Linking CXX static library libwhisper-cpp.a
[ 97%] Built target whisper-cpp
[ 98%] Building CXX object examples/whisper/CMakeFiles/whisper.dir/main.cpp.o
[100%] Linking CXX executable ../../bin/whisper
[100%] Built target whisper

real	0m11.706s
user	0m40.305s
sys	0m4.742s
+ ctest --output-on-failure -E test-opt
Test project /home/ggml/work/ggml/build-ci-debug
      Start  1: test-grad0
 1/12 Test  #1: test-grad0 .......................   Passed    4.29 sec
      Start  2: test-quantize-fns
 2/12 Test  #2: test-quantize-fns ................   Passed    0.01 sec
      Start  3: test-quantize-perf
 3/12 Test  #3: test-quantize-perf ...............   Passed    0.02 sec
      Start  4: test-mul-mat0
 4/12 Test  #4: test-mul-mat0 ....................   Passed    0.54 sec
      Start  5: test-mul-mat2
 5/12 Test  #5: test-mul-mat2 ....................   Passed    7.34 sec
      Start  6: test0
 6/12 Test  #6: test0 ............................   Passed    0.01 sec
      Start  7: test1
 7/12 Test  #7: test1 ............................   Passed    0.01 sec
      Start  8: test2
 8/12 Test  #8: test2 ............................   Passed   16.18 sec
      Start  9: test3
 9/12 Test  #9: test3 ............................   Passed    0.90 sec
      Start 10: test-pool
10/12 Test #10: test-pool ........................   Passed    0.01 sec
      Start 11: test-conv-transpose
11/12 Test #11: test-conv-transpose ..............   Passed    0.01 sec
      Start 12: test-customop
12/12 Test #12: test-customop ....................   Passed    0.01 sec

100% tests passed, 0 tests failed out of 12

Total Test time (real) =  29.31 sec

real	0m29.347s
user	1m54.531s
sys	0m4.985s
