+ cmake -DCMAKE_BUILD_TYPE=Release ..
-- The C compiler identification is GNU 11.4.0
-- The CXX compiler identification is GNU 11.4.0
-- Detecting C compiler ABI info
-- Detecting C compiler ABI info - done
-- Check for working C compiler: /usr/bin/cc - skipped
-- Detecting C compile features
-- Detecting C compile features - done
-- Detecting CXX compiler ABI info
-- Detecting CXX compiler ABI info - done
-- Check for working CXX compiler: /usr/bin/c++ - skipped
-- Detecting CXX compile features
-- Detecting CXX compile features - done
-- Looking for pthread.h
-- Looking for pthread.h - found
-- Performing Test CMAKE_HAVE_LIBC_PTHREAD
-- Performing Test CMAKE_HAVE_LIBC_PTHREAD - Success
-- Found Threads: TRUE  
-- ccache found, compilation results will be cached. Disable with GGML_CCACHE=OFF.
-- CMAKE_SYSTEM_PROCESSOR: aarch64
-- Found OpenMP_C: -fopenmp (found version "4.5") 
-- Found OpenMP_CXX: -fopenmp (found version "4.5") 
-- Found OpenMP: TRUE (found version "4.5")  
-- OpenMP found
-- ARM detected
-- Performing Test COMPILER_SUPPORTS_FP16_FORMAT_I3E
-- Performing Test COMPILER_SUPPORTS_FP16_FORMAT_I3E - Failed
-- Using runtime weight conversion of Q4_0 to Q4_0_x_x to enable optimized GEMM/GEMV kernels
-- Including CPU backend
-- ARM detected
-- Configuring done
-- Generating done
-- Build files have been written to: /home/ggml/work/ggml/build-ci-release

real	0m0.860s
user	0m0.544s
sys	0m0.319s
+ make -j
[  5%] Building CXX object src/CMakeFiles/ggml-base.dir/ggml-backend.cpp.o
[  5%] Building C object src/CMakeFiles/ggml-base.dir/ggml.c.o
[  5%] Building CXX object examples/CMakeFiles/common.dir/common.cpp.o
[  5%] Building C object src/CMakeFiles/ggml-base.dir/ggml-alloc.c.o
[  6%] Building C object src/CMakeFiles/ggml-base.dir/ggml-quants.c.o
[  6%] Building CXX object src/CMakeFiles/ggml-base.dir/ggml-threading.cpp.o
[  8%] Building C object src/CMakeFiles/ggml-base.dir/ggml-aarch64.c.o
[  9%] Linking CXX shared library libggml-base.so
[ 10%] Linking CXX static library libcommon.a
[ 10%] Built target common
[ 10%] Built target ggml-base
[ 14%] Building C object src/ggml-cpu/CMakeFiles/ggml-cpu.dir/ggml-cpu-quants.c.o
[ 12%] Building CXX object src/ggml-cpu/CMakeFiles/ggml-cpu.dir/ggml-cpu.cpp.o
[ 14%] Building C object src/ggml-cpu/CMakeFiles/ggml-cpu.dir/ggml-cpu-aarch64.c.o
[ 14%] Building C object src/ggml-cpu/CMakeFiles/ggml-cpu.dir/ggml-cpu.c.o
[ 16%] Linking CXX shared library libggml-cpu.so
[ 16%] Built target ggml-cpu
[ 17%] Building CXX object src/CMakeFiles/ggml.dir/ggml-backend-reg.cpp.o
[ 18%] Linking CXX shared library libggml.so
[ 18%] Built target ggml
[ 20%] Building CXX object tests/CMakeFiles/test-grad0.dir/test-grad0.cpp.o
[ 20%] Building C object tests/CMakeFiles/test-vec0.dir/test-vec0.c.o
[ 21%] Building CXX object tests/CMakeFiles/test-quantize-perf.dir/test-quantize-perf.cpp.o
[ 22%] Building CXX object tests/CMakeFiles/test-quantize-fns.dir/test-quantize-fns.cpp.o
[ 24%] Building C object tests/CMakeFiles/test-mul-mat2.dir/test-mul-mat2.c.o
[ 25%] Building C object tests/CMakeFiles/test-mul-mat0.dir/test-mul-mat0.c.o
[ 26%] Building C object tests/CMakeFiles/test1.dir/test1.c.o
[ 27%] Building CXX object tests/CMakeFiles/test-arange.dir/test-arange.cpp.o
[ 28%] Linking C executable ../bin/test-vec0
[ 29%] Building C object tests/CMakeFiles/test-conv-transpose.dir/test-conv-transpose.c.o
[ 31%] Linking CXX executable ../bin/test-grad0
[ 32%] Building C object tests/CMakeFiles/test0.dir/test0.c.o
[ 33%] Building CXX object tests/CMakeFiles/test-timestep_embedding.dir/test-timestep_embedding.cpp.o
[ 35%] Linking CXX executable ../bin/test-quantize-perf
[ 35%] Building C object tests/CMakeFiles/test-pool.dir/test-pool.c.o
[ 36%] Linking CXX executable ../bin/test-arange
[ 37%] Linking CXX executable ../bin/test-quantize-fns
[ 39%] Linking C executable ../bin/test-mul-mat2
[ 40%] Linking C executable ../bin/test-mul-mat0
[ 41%] Linking C executable ../bin/test-conv-transpose
[ 42%] Linking C executable ../bin/test0
[ 43%] Building CXX object tests/CMakeFiles/test-conv-transpose-1d.dir/test-conv-transpose-1d.cpp.o
[ 44%] Linking C executable ../bin/test1
[ 45%] Building C object tests/CMakeFiles/test-rel-pos.dir/test-rel-pos.c.o
[ 47%] Linking CXX executable ../bin/test-timestep_embedding
[ 48%] Building CXX object tests/CMakeFiles/test-conv1d.dir/test-conv1d.cpp.o
[ 49%] Building C object tests/CMakeFiles/test-dup.dir/test-dup.c.o
[ 50%] Linking C executable ../bin/test-pool
[ 51%] Building C object tests/CMakeFiles/test-cont.dir/test-cont.c.o
[ 52%] Building CXX object tests/CMakeFiles/test-conv2d.dir/test-conv2d.cpp.o
[ 54%] Building C object tests/CMakeFiles/test-customop.dir/test-customop.c.o
[ 55%] Linking CXX executable ../bin/test-conv1d
[ 56%] Linking CXX executable ../bin/test-conv-transpose-1d
[ 57%] Linking C executable ../bin/test-rel-pos
[ 58%] Linking C executable ../bin/test-cont
[ 59%] Linking CXX executable ../bin/test-conv2d
[ 60%] Linking C executable ../bin/test-dup
[ 60%] Built target test-vec0
[ 62%] Linking C executable ../bin/test-customop
[ 63%] Building CXX object tests/CMakeFiles/test-mul-mat.dir/test-mul-mat.cpp.o
[ 64%] Building CXX object tests/CMakeFiles/test-backend-ops.dir/test-backend-ops.cpp.o
[ 65%] Building CXX object examples/CMakeFiles/common-ggml.dir/common-ggml.cpp.o
[ 66%] Building CXX object examples/sam/CMakeFiles/sam.dir/main.cpp.o
[ 67%] Linking CXX executable ../bin/test-backend-ops
[ 68%] Building CXX object examples/yolo/CMakeFiles/yolov3-tiny.dir/yolov3-tiny.cpp.o
[ 70%] Building CXX object examples/simple/CMakeFiles/simple-ctx.dir/simple-ctx.cpp.o
[ 71%] Building CXX object examples/simple/CMakeFiles/simple-backend.dir/simple-backend.cpp.o
[ 71%] Built target test-mul-mat2
[ 71%] Built target test-quantize-perf
[ 72%] Building CXX object examples/yolo/CMakeFiles/yolov3-tiny.dir/yolo-image.cpp.o
[ 73%] Linking CXX executable ../bin/test-mul-mat
[ 74%] Linking CXX executable ../../bin/sam
[ 74%] Built target test-grad0
[ 74%] Built target test-mul-mat0
[ 74%] Built target test1
[ 74%] Built target test0
[ 75%] Linking CXX static library libcommon-ggml.a
[ 77%] Linking CXX executable ../../bin/yolov3-tiny
[ 77%] Built target test-conv-transpose
[ 78%] Linking CXX executable ../../bin/simple-ctx
[ 79%] Linking CXX executable ../../bin/simple-backend
[ 79%] Built target test-quantize-fns
[ 79%] Built target test-pool
[ 79%] Built target test-timestep_embedding
[ 79%] Built target test-arange
[ 79%] Built target test-conv-transpose-1d
[ 79%] Built target test-customop
[ 79%] Built target test-dup
[ 79%] Built target test-cont
[ 79%] Built target test-rel-pos
[ 79%] Built target test-conv1d
[ 79%] Built target test-conv2d
[ 79%] Built target test-mul-mat
[ 79%] Built target test-backend-ops
[ 79%] Built target common-ggml
[ 79%] Built target sam
[ 79%] Built target simple-ctx
[ 80%] Building CXX object examples/gpt-2/CMakeFiles/gpt-2-ctx.dir/main-ctx.cpp.o
[ 81%] Building CXX object examples/gpt-2/CMakeFiles/gpt-2-alloc.dir/main-alloc.cpp.o
[ 82%] Building CXX object examples/gpt-2/CMakeFiles/gpt-2-sched.dir/main-sched.cpp.o
[ 82%] Built target simple-backend
[ 83%] Building CXX object examples/gpt-2/CMakeFiles/gpt-2-batched.dir/main-batched.cpp.o
[ 85%] Building CXX object examples/gpt-2/CMakeFiles/gpt-2-backend.dir/main-backend.cpp.o
[ 86%] Building CXX object examples/gpt-2/CMakeFiles/gpt-2-quantize.dir/quantize.cpp.o
[ 87%] Linking CXX executable ../../bin/gpt-2-ctx
[ 88%] Building CXX object examples/gpt-j/CMakeFiles/gpt-j.dir/main.cpp.o
[ 88%] Built target yolov3-tiny
[ 89%] Building CXX object examples/gpt-j/CMakeFiles/gpt-j-quantize.dir/quantize.cpp.o
[ 90%] Building CXX object examples/magika/CMakeFiles/magika.dir/main.cpp.o
[ 91%] Linking CXX executable ../../bin/gpt-2-batched
[ 93%] Linking CXX executable ../../bin/gpt-2-backend
[ 94%] Linking CXX executable ../../bin/gpt-2-sched
[ 95%] Linking CXX executable ../../bin/gpt-2-alloc
[ 96%] Linking CXX executable ../../bin/gpt-j
[ 97%] Linking CXX executable ../../bin/magika
[ 98%] Linking CXX executable ../../bin/gpt-j-quantize
[100%] Linking CXX executable ../../bin/gpt-2-quantize
[100%] Built target gpt-2-ctx
[100%] Built target gpt-2-backend
[100%] Built target magika
[100%] Built target gpt-2-alloc
[100%] Built target gpt-j-quantize
[100%] Built target gpt-j
[100%] Built target gpt-2-batched
[100%] Built target gpt-2-sched
[100%] Built target gpt-2-quantize

real	0m0.950s
user	0m3.346s
sys	0m1.547s
+ ctest --output-on-failure
Test project /home/ggml/work/ggml/build-ci-release
      Start  1: test-grad0
 1/20 Test  #1: test-grad0 .......................   Passed    0.37 sec
      Start  2: test-quantize-fns
 2/20 Test  #2: test-quantize-fns ................   Passed   17.45 sec
      Start  3: test-quantize-perf
 3/20 Test  #3: test-quantize-perf ...............   Passed    0.08 sec
      Start  4: test-mul-mat0
 4/20 Test  #4: test-mul-mat0 ....................   Passed    0.53 sec
      Start  5: test-mul-mat2
 5/20 Test  #5: test-mul-mat2 ....................   Passed    1.77 sec
      Start  6: test0
 6/20 Test  #6: test0 ............................   Passed    0.00 sec
      Start  7: test1
 7/20 Test  #7: test1 ............................   Passed    0.01 sec
      Start  8: test-pool
 8/20 Test  #8: test-pool ........................   Passed    0.00 sec
      Start  9: test-arange
 9/20 Test  #9: test-arange ......................   Passed    0.00 sec
      Start 10: test-timestep_embedding
10/20 Test #10: test-timestep_embedding ..........   Passed    0.00 sec
      Start 11: test-conv-transpose
11/20 Test #11: test-conv-transpose ..............   Passed    0.00 sec
      Start 12: test-conv-transpose-1d
12/20 Test #12: test-conv-transpose-1d ...........   Passed    0.01 sec
      Start 13: test-dup
13/20 Test #13: test-dup .........................   Passed    0.00 sec
      Start 14: test-rel-pos
14/20 Test #14: test-rel-pos .....................   Passed    0.00 sec
      Start 15: test-customop
15/20 Test #15: test-customop ....................   Passed    0.00 sec
      Start 16: test-conv1d
16/20 Test #16: test-conv1d ......................   Passed    0.00 sec
      Start 17: test-conv2d
17/20 Test #17: test-conv2d ......................   Passed    0.00 sec
      Start 18: test-mul-mat
18/20 Test #18: test-mul-mat .....................   Passed    0.00 sec
      Start 19: test-backend-ops
19/20 Test #19: test-backend-ops .................   Passed    0.00 sec
      Start 20: test-cont
20/20 Test #20: test-cont ........................   Passed    0.00 sec

100% tests passed, 0 tests failed out of 20

Total Test time (real) =  20.26 sec

real	0m20.265s
user	0m20.623s
sys	0m0.282s
