mkdir: cannot create directory ‘/mnt/ggml’: Permission denied
rm: cannot remove '/home/ggml/results/ggml/c0/98c44f60d259d4cf878528498606c8dd0015e1/ggml-1-arm64-cpu-low-perf/*.log': No such file or directory
rm: cannot remove '/home/ggml/results/ggml/c0/98c44f60d259d4cf878528498606c8dd0015e1/ggml-1-arm64-cpu-low-perf/*.exit': No such file or directory
rm: cannot remove '/home/ggml/results/ggml/c0/98c44f60d259d4cf878528498606c8dd0015e1/ggml-1-arm64-cpu-low-perf/*.md': No such file or directory
+ gg_run_ctest_debug
+ tee /home/ggml/results/ggml/c0/98c44f60d259d4cf878528498606c8dd0015e1/ggml-1-arm64-cpu-low-perf/ctest_debug.log
+ cd /home/ggml/work/ggml
+ rm -rf build-ci-debug
+ mkdir build-ci-debug
+ cd build-ci-debug
+ set -e
+ tee -a /home/ggml/results/ggml/c0/98c44f60d259d4cf878528498606c8dd0015e1/ggml-1-arm64-cpu-low-perf/ctest_debug-cmake.log
+ cmake -DCMAKE_BUILD_TYPE=Debug ..
-- The C compiler identification is GNU 11.3.0
-- The CXX compiler identification is GNU 11.3.0
-- Detecting C compiler ABI info
-- Detecting C compiler ABI info - done
-- Check for working C compiler: /usr/bin/cc - skipped
-- Detecting C compile features
-- Detecting C compile features - done
-- Detecting CXX compiler ABI info
-- Detecting CXX compiler ABI info - done
-- Check for working CXX compiler: /usr/bin/c++ - skipped
-- Detecting CXX compile features
-- Detecting CXX compile features - done
-- Found Git: /usr/bin/git (found version "2.34.1") 
-- Looking for pthread.h
-- Looking for pthread.h - found
-- Performing Test CMAKE_HAVE_LIBC_PTHREAD
-- Performing Test CMAKE_HAVE_LIBC_PTHREAD - Success
-- Found Threads: TRUE  
-- CMAKE_SYSTEM_PROCESSOR: aarch64
-- ARM detected
-- ARM detected
-- Configuring done
-- Generating done
-- Build files have been written to: /home/ggml/work/ggml/build-ci-debug

real	0m0.655s
user	0m0.284s
sys	0m0.373s
+ tee -a /home/ggml/results/ggml/c0/98c44f60d259d4cf878528498606c8dd0015e1/ggml-1-arm64-cpu-low-perf/ctest_debug-make.log
+ make -j
[  1%] Building C object src/CMakeFiles/ggml.dir/ggml.c.o
[  2%] Building CXX object examples/CMakeFiles/common.dir/common.cpp.o
[  4%] Linking C static library libggml.a
[  4%] Built target ggml
[  5%] Building CXX object tests/CMakeFiles/test-quantize-perf.dir/test-quantize-perf.cpp.o
[  7%] Building C object tests/CMakeFiles/test-grad0.dir/test-grad0.c.o
[  8%] Building C object tests/CMakeFiles/test-vec0.dir/test-vec0.c.o
[ 10%] Building CXX object tests/CMakeFiles/test-quantize-fns.dir/test-quantize-fns.cpp.o
[ 11%] Building C object tests/CMakeFiles/test-opt.dir/test-opt.c.o
[ 12%] Building C object tests/CMakeFiles/test-mul-mat0.dir/test-mul-mat0.c.o
[ 14%] Building C object tests/CMakeFiles/test-mul-mat2.dir/test-mul-mat2.c.o
[ 15%] Linking C executable ../bin/test-vec0
[ 17%] Building C object tests/CMakeFiles/test0.dir/test0.c.o
[ 18%] Building C object tests/CMakeFiles/test2.dir/test2.c.o
[ 20%] Building CXX object examples/CMakeFiles/common-ggml.dir/common-ggml.cpp.o
[ 21%] Building C object tests/CMakeFiles/test3.dir/test3.c.o
[ 22%] Building CXX object examples/whisper/CMakeFiles/whisper-cpp.dir/whisper.cpp.o
[ 24%] Building C object tests/CMakeFiles/test1.dir/test1.c.o
[ 25%] Building C object tests/CMakeFiles/test-pool.dir/test-pool.c.o
[ 27%] Building CXX object examples/mnist/CMakeFiles/mnist-cpu.dir/main-cpu.cpp.o
[ 28%] Linking C executable ../bin/test-opt
[ 28%] Built target test-vec0
[ 30%] Linking C executable ../bin/test-mul-mat0
[ 31%] Linking C executable ../bin/test3
[ 32%] Linking C executable ../bin/test2
[ 34%] Linking C executable ../bin/test0
[ 35%] Linking C executable ../bin/test-grad0
[ 37%] Linking C executable ../bin/test-pool
[ 38%] Linking C executable ../bin/test1
[ 38%] Built target test-opt
[ 38%] Built target test3
[ 38%] Built target test-mul-mat0
[ 38%] Built target test2
[ 38%] Built target test0
[ 38%] Built target test-grad0
[ 38%] Built target test1
[ 38%] Built target test-pool
[ 40%] Linking C executable ../bin/test-mul-mat2
[ 41%] Linking CXX executable ../bin/test-quantize-fns
[ 42%] Linking CXX executable ../../bin/mnist-cpu
[ 42%] Built target test-mul-mat2
[ 42%] Built target mnist-cpu
[ 42%] Built target test-quantize-fns
[ 44%] Linking CXX executable ../bin/test-quantize-perf
[ 44%] Built target test-quantize-perf
[ 45%] Linking CXX static library libcommon.a
[ 45%] Built target common
[ 47%] Building CXX object examples/mnist/CMakeFiles/mnist.dir/main.cpp.o
[ 48%] Linking CXX static library libcommon-ggml.a
[ 48%] Built target common-ggml
[ 50%] Building CXX object examples/gpt-2/CMakeFiles/gpt-2-quantize.dir/quantize.cpp.o
[ 51%] Building CXX object examples/gpt-j/CMakeFiles/gpt-j.dir/main.cpp.o
[ 52%] Building CXX object examples/gpt-j/CMakeFiles/gpt-j-quantize.dir/quantize.cpp.o
[ 54%] Building CXX object examples/gpt-2/CMakeFiles/gpt-2.dir/main.cpp.o
[ 55%] Building CXX object examples/whisper/CMakeFiles/whisper-quantize.dir/quantize.cpp.o
[ 57%] Building CXX object examples/gpt-neox/CMakeFiles/gpt-neox.dir/main.cpp.o
[ 58%] Building CXX object examples/gpt-neox/CMakeFiles/gpt-neox-quantize.dir/quantize.cpp.o
[ 60%] Building CXX object examples/dolly-v2/CMakeFiles/dollyv2.dir/main.cpp.o
[ 61%] Building CXX object examples/replit/CMakeFiles/replit.dir/main.cpp.o
[ 62%] Building CXX object examples/dolly-v2/CMakeFiles/dollyv2-quantize.dir/quantize.cpp.o
[ 65%] Building CXX object examples/mpt/CMakeFiles/mpt-quantize.dir/quantize.cpp.o
[ 67%] Building CXX object examples/mpt/CMakeFiles/mpt.dir/main.cpp.o
[ 64%] Building CXX object examples/replit/CMakeFiles/replit-quantize.dir/quantize.cpp.o
[ 68%] Building CXX object examples/starcoder/CMakeFiles/starcoder.dir/main.cpp.o
[ 70%] Building CXX object examples/starcoder/CMakeFiles/starcoder-quantize.dir/quantize.cpp.o
[ 71%] Building CXX object examples/starcoder/CMakeFiles/starcoder-mmap.dir/starcoder-mmap.cpp.o
[ 72%] Linking CXX executable ../../bin/mnist
/home/ggml/work/ggml/examples/starcoder/starcoder-mmap.cpp: In function ‘bool starcoder_model_load(const string&, starcoder_model&, gpt_vocab&, int32_t)’:
/home/ggml/work/ggml/examples/starcoder/starcoder-mmap.cpp:305:19: warning: unused variable ‘n_ctx’ [-Wunused-variable]
  305 |         const int n_ctx   = hparams.n_ctx;
      |                   ^~~~~
/home/ggml/work/ggml/examples/starcoder/starcoder-mmap.cpp:306:19: warning: unused variable ‘n_vocab’ [-Wunused-variable]
  306 |         const int n_vocab = hparams.n_vocab;
      |                   ^~~~~~~
/home/ggml/work/ggml/examples/starcoder/starcoder-mmap.cpp:310:19: warning: unused variable ‘kv_dim’ [-Wunused-variable]
  310 |         const int kv_dim   = kv_heads * head_dim;
      |                   ^~~~~~
/home/ggml/work/ggml/examples/starcoder/starcoder-mmap.cpp:197:18: warning: unused variable ‘file_size’ [-Wunused-variable]
  197 |     const size_t file_size = fin.tellg();
      |                  ^~~~~~~~~
[ 72%] Built target mnist
[ 74%] Linking CXX executable ../../bin/gpt-2-quantize
[ 75%] Linking CXX executable ../../bin/replit-quantize
[ 77%] Linking CXX executable ../../bin/mpt-quantize
[ 78%] Linking CXX executable ../../bin/gpt-j-quantize
[ 80%] Linking CXX executable ../../bin/gpt-neox-quantize
[ 81%] Linking CXX executable ../../bin/whisper-quantize
[ 82%] Linking CXX executable ../../bin/dollyv2-quantize
[ 84%] Linking CXX executable ../../bin/starcoder-quantize
[ 84%] Built target gpt-2-quantize
[ 84%] Built target mpt-quantize
[ 84%] Built target replit-quantize
[ 85%] Linking CXX executable ../../bin/gpt-2
[ 87%] Linking CXX executable ../../bin/gpt-j
[ 87%] Built target gpt-j-quantize
[ 88%] Linking CXX executable ../../bin/dollyv2
[ 88%] Built target gpt-neox-quantize
[ 88%] Built target dollyv2-quantize
[ 88%] Built target whisper-quantize
[ 90%] Linking CXX executable ../../bin/gpt-neox
[ 91%] Linking CXX executable ../../bin/starcoder
[ 92%] Linking CXX executable ../../bin/starcoder-mmap
[ 92%] Built target starcoder-quantize
[ 94%] Linking CXX executable ../../bin/mpt
[ 94%] Built target gpt-2
[ 94%] Built target gpt-j
[ 95%] Linking CXX executable ../../bin/replit
[ 95%] Built target dollyv2
[ 95%] Built target starcoder-mmap
[ 95%] Built target mpt
[ 95%] Built target starcoder
[ 95%] Built target gpt-neox
[ 95%] Built target replit
[ 97%] Linking CXX static library libwhisper-cpp.a
[ 97%] Built target whisper-cpp
[ 98%] Building CXX object examples/whisper/CMakeFiles/whisper.dir/main.cpp.o
[100%] Linking CXX executable ../../bin/whisper
[100%] Built target whisper

real	0m12.825s
user	0m34.122s
sys	0m5.063s
+ tee -a /home/ggml/results/ggml/c0/98c44f60d259d4cf878528498606c8dd0015e1/ggml-1-arm64-cpu-low-perf/ctest_debug-ctest.log
+ ctest --output-on-failure -E test-opt
Test project /home/ggml/work/ggml/build-ci-debug
      Start  1: test-grad0
 1/10 Test  #1: test-grad0 .......................   Passed    5.87 sec
      Start  2: test-quantize-fns
 2/10 Test  #2: test-quantize-fns ................   Passed    0.01 sec
      Start  3: test-quantize-perf
 3/10 Test  #3: test-quantize-perf ...............   Passed    0.02 sec
      Start  4: test-mul-mat0
 4/10 Test  #4: test-mul-mat0 ....................   Passed    0.55 sec
      Start  5: test-mul-mat2
 5/10 Test  #5: test-mul-mat2 ....................   Passed    8.60 sec
      Start  6: test0
 6/10 Test  #6: test0 ............................   Passed    0.01 sec
      Start  7: test1
 7/10 Test  #7: test1 ............................   Passed    0.01 sec
      Start  8: test2
 8/10 Test  #8: test2 ............................   Passed   16.64 sec
      Start  9: test3
 9/10 Test  #9: test3 ............................   Passed    0.94 sec
      Start 10: test-pool
10/10 Test #10: test-pool ........................   Passed    0.01 sec

100% tests passed, 0 tests failed out of 10

Total Test time (real) =  32.66 sec

real	0m32.673s
user	1m30.198s
sys	0m4.346s
+ set +e
+ cur=0
+ echo 0
+ set +x
+ gg_run_ctest_release
+ tee /home/ggml/results/ggml/c0/98c44f60d259d4cf878528498606c8dd0015e1/ggml-1-arm64-cpu-low-perf/ctest_release.log
+ cd /home/ggml/work/ggml
+ rm -rf build-ci-release
+ mkdir build-ci-release
+ cd build-ci-release
+ set -e
+ tee -a /home/ggml/results/ggml/c0/98c44f60d259d4cf878528498606c8dd0015e1/ggml-1-arm64-cpu-low-perf/ctest_release-cmake.log
+ cmake -DCMAKE_BUILD_TYPE=Release ..
-- The C compiler identification is GNU 11.3.0
-- The CXX compiler identification is GNU 11.3.0
-- Detecting C compiler ABI info
-- Detecting C compiler ABI info - done
-- Check for working C compiler: /usr/bin/cc - skipped
-- Detecting C compile features
-- Detecting C compile features - done
-- Detecting CXX compiler ABI info
-- Detecting CXX compiler ABI info - done
-- Check for working CXX compiler: /usr/bin/c++ - skipped
-- Detecting CXX compile features
-- Detecting CXX compile features - done
-- Found Git: /usr/bin/git (found version "2.34.1") 
-- Looking for pthread.h
-- Looking for pthread.h - found
-- Performing Test CMAKE_HAVE_LIBC_PTHREAD
-- Performing Test CMAKE_HAVE_LIBC_PTHREAD - Success
-- Found Threads: TRUE  
-- CMAKE_SYSTEM_PROCESSOR: aarch64
-- ARM detected
-- ARM detected
-- Configuring done
-- Generating done
-- Build files have been written to: /home/ggml/work/ggml/build-ci-release

real	0m0.663s
user	0m0.324s
sys	0m0.342s
+ tee -a /home/ggml/results/ggml/c0/98c44f60d259d4cf878528498606c8dd0015e1/ggml-1-arm64-cpu-low-perf/ctest_release-make.log
+ make -j
[  1%] Building C object src/CMakeFiles/ggml.dir/ggml.c.o
[  2%] Building CXX object examples/CMakeFiles/common.dir/common.cpp.o
[  4%] Linking CXX static library libcommon.a
[  5%] Linking C static library libggml.a
[  5%] Built target common
[  5%] Built target ggml
[  7%] Building C object tests/CMakeFiles/test-vec0.dir/test-vec0.c.o
[  8%] Building C object tests/CMakeFiles/test-grad0.dir/test-grad0.c.o
[ 11%] Building C object tests/CMakeFiles/test-opt.dir/test-opt.c.o
[ 11%] Building CXX object tests/CMakeFiles/test-quantize-fns.dir/test-quantize-fns.cpp.o
[ 12%] Building CXX object tests/CMakeFiles/test-quantize-perf.dir/test-quantize-perf.cpp.o
[ 14%] Building C object tests/CMakeFiles/test-mul-mat2.dir/test-mul-mat2.c.o
[ 15%] Building C object tests/CMakeFiles/test-mul-mat0.dir/test-mul-mat0.c.o
[ 17%] Building C object tests/CMakeFiles/test0.dir/test0.c.o
[ 18%] Building C object tests/CMakeFiles/test1.dir/test1.c.o
[ 20%] Building C object tests/CMakeFiles/test2.dir/test2.c.o
[ 21%] Building C object tests/CMakeFiles/test3.dir/test3.c.o
[ 22%] Building C object tests/CMakeFiles/test-pool.dir/test-pool.c.o
[ 24%] Building CXX object examples/whisper/CMakeFiles/whisper-cpp.dir/whisper.cpp.o
[ 25%] Building CXX object examples/CMakeFiles/common-ggml.dir/common-ggml.cpp.o
[ 27%] Building CXX object examples/mnist/CMakeFiles/mnist-cpu.dir/main-cpu.cpp.o
[ 28%] Building CXX object examples/mnist/CMakeFiles/mnist.dir/main.cpp.o
[ 30%] Linking C executable ../bin/test-vec0
[ 31%] Linking C executable ../bin/test-opt
[ 32%] Linking C executable ../bin/test0
[ 34%] Linking C executable ../bin/test3
[ 34%] Built target test-vec0
[ 34%] Built target test0
[ 35%] Linking C executable ../bin/test-mul-mat0
[ 35%] Built target test-opt
[ 37%] Linking C executable ../bin/test2
[ 38%] Linking C executable ../bin/test1
[ 38%] Built target test1
[ 40%] Linking C executable ../bin/test-pool
[ 40%] Built target test3
[ 40%] Built target test-mul-mat0
[ 40%] Built target test2
[ 40%] Built target test-pool
[ 41%] Linking CXX executable ../bin/test-quantize-fns
[ 41%] Built target test-quantize-fns
[ 42%] Linking CXX executable ../../bin/mnist-cpu
[ 44%] Linking CXX executable ../../bin/mnist
[ 44%] Built target mnist-cpu
[ 44%] Built target mnist
[ 45%] Linking C executable ../bin/test-grad0
[ 45%] Built target test-grad0
[ 47%] Linking CXX executable ../bin/test-quantize-perf
[ 48%] Linking C executable ../bin/test-mul-mat2
[ 48%] Built target test-quantize-perf
[ 48%] Built target test-mul-mat2
[ 50%] Linking CXX static library libcommon-ggml.a
[ 50%] Built target common-ggml
[ 51%] Building CXX object examples/gpt-2/CMakeFiles/gpt-2.dir/main.cpp.o
[ 52%] Building CXX object examples/gpt-2/CMakeFiles/gpt-2-quantize.dir/quantize.cpp.o
[ 54%] Building CXX object examples/whisper/CMakeFiles/whisper-quantize.dir/quantize.cpp.o
[ 55%] Building CXX object examples/gpt-j/CMakeFiles/gpt-j-quantize.dir/quantize.cpp.o
[ 57%] Building CXX object examples/gpt-j/CMakeFiles/gpt-j.dir/main.cpp.o
[ 58%] Building CXX object examples/gpt-neox/CMakeFiles/gpt-neox-quantize.dir/quantize.cpp.o
[ 60%] Building CXX object examples/gpt-neox/CMakeFiles/gpt-neox.dir/main.cpp.o
[ 61%] Building CXX object examples/dolly-v2/CMakeFiles/dollyv2-quantize.dir/quantize.cpp.o
[ 62%] Building CXX object examples/replit/CMakeFiles/replit.dir/main.cpp.o
[ 64%] Building CXX object examples/replit/CMakeFiles/replit-quantize.dir/quantize.cpp.o
[ 65%] Building CXX object examples/dolly-v2/CMakeFiles/dollyv2.dir/main.cpp.o
[ 67%] Building CXX object examples/mpt/CMakeFiles/mpt-quantize.dir/quantize.cpp.o
[ 68%] Building CXX object examples/mpt/CMakeFiles/mpt.dir/main.cpp.o
[ 70%] Building CXX object examples/starcoder/CMakeFiles/starcoder.dir/main.cpp.o
[ 71%] Building CXX object examples/starcoder/CMakeFiles/starcoder-mmap.dir/starcoder-mmap.cpp.o
[ 72%] Building CXX object examples/starcoder/CMakeFiles/starcoder-quantize.dir/quantize.cpp.o
/home/ggml/work/ggml/examples/starcoder/starcoder-mmap.cpp: In function ‘bool starcoder_model_load(const string&, starcoder_model&, gpt_vocab&, int32_t)’:
/home/ggml/work/ggml/examples/starcoder/starcoder-mmap.cpp:305:19: warning: unused variable ‘n_ctx’ [-Wunused-variable]
  305 |         const int n_ctx   = hparams.n_ctx;
      |                   ^~~~~
/home/ggml/work/ggml/examples/starcoder/starcoder-mmap.cpp:306:19: warning: unused variable ‘n_vocab’ [-Wunused-variable]
  306 |         const int n_vocab = hparams.n_vocab;
      |                   ^~~~~~~
/home/ggml/work/ggml/examples/starcoder/starcoder-mmap.cpp:310:19: warning: unused variable ‘kv_dim’ [-Wunused-variable]
  310 |         const int kv_dim   = kv_heads * head_dim;
      |                   ^~~~~~
/home/ggml/work/ggml/examples/starcoder/starcoder-mmap.cpp:197:18: warning: unused variable ‘file_size’ [-Wunused-variable]
  197 |     const size_t file_size = fin.tellg();
      |                  ^~~~~~~~~
[ 74%] Linking CXX executable ../../bin/replit-quantize
[ 75%] Linking CXX executable ../../bin/mpt-quantize
[ 75%] Built target mpt-quantize
[ 75%] Built target replit-quantize
[ 77%] Linking CXX executable ../../bin/gpt-j-quantize
[ 78%] Linking CXX executable ../../bin/gpt-2-quantize
[ 80%] Linking CXX executable ../../bin/gpt-neox-quantize
[ 81%] Linking CXX executable ../../bin/dollyv2-quantize
[ 81%] Built target gpt-j-quantize
[ 82%] Linking CXX executable ../../bin/whisper-quantize
[ 84%] Linking CXX executable ../../bin/starcoder-quantize
[ 84%] Built target gpt-2-quantize
[ 84%] Built target gpt-neox-quantize
[ 84%] Built target dollyv2-quantize
[ 84%] Built target whisper-quantize
[ 84%] Built target starcoder-quantize
[ 85%] Linking CXX executable ../../bin/gpt-2
[ 87%] Linking CXX executable ../../bin/gpt-j
[ 87%] Built target gpt-2
[ 88%] Linking CXX executable ../../bin/gpt-neox
[ 90%] Linking CXX executable ../../bin/starcoder-mmap
[ 91%] Linking CXX executable ../../bin/starcoder
[ 90%] Built target gpt-j
[ 92%] Linking CXX executable ../../bin/replit
[ 92%] Built target starcoder-mmap
[ 92%] Built target gpt-neox
[ 92%] Built target replit
[ 92%] Built target starcoder
[ 94%] Linking CXX executable ../../bin/dollyv2
[ 95%] Linking CXX executable ../../bin/mpt
[ 95%] Built target dollyv2
[ 95%] Built target mpt
[ 97%] Linking CXX static library libwhisper-cpp.a
[ 97%] Built target whisper-cpp
[ 98%] Building CXX object examples/whisper/CMakeFiles/whisper.dir/main.cpp.o
[100%] Linking CXX executable ../../bin/whisper
[100%] Built target whisper

real	0m25.871s
user	0m58.055s
sys	0m4.859s
+ '[' -z 1 ']'
+ tee -a /home/ggml/results/ggml/c0/98c44f60d259d4cf878528498606c8dd0015e1/ggml-1-arm64-cpu-low-perf/ctest_release-ctest.log
+ ctest --output-on-failure -E test-opt
Test project /home/ggml/work/ggml/build-ci-release
      Start  1: test-grad0
 1/10 Test  #1: test-grad0 .......................   Passed    5.29 sec
      Start  2: test-quantize-fns
 2/10 Test  #2: test-quantize-fns ................   Passed    0.01 sec
      Start  3: test-quantize-perf
 3/10 Test  #3: test-quantize-perf ...............   Passed    0.01 sec
      Start  4: test-mul-mat0
 4/10 Test  #4: test-mul-mat0 ....................   Passed    0.56 sec
      Start  5: test-mul-mat2
 5/10 Test  #5: test-mul-mat2 ....................   Passed    1.77 sec
      Start  6: test0
 6/10 Test  #6: test0 ............................   Passed    0.00 sec
      Start  7: test1
 7/10 Test  #7: test1 ............................   Passed    0.01 sec
      Start  8: test2
 8/10 Test  #8: test2 ............................   Passed   16.76 sec
      Start  9: test3
 9/10 Test  #9: test3 ............................   Passed    0.94 sec
      Start 10: test-pool
10/10 Test #10: test-pool ........................   Passed    0.01 sec

100% tests passed, 0 tests failed out of 10

Total Test time (real) =  25.36 sec

real	0m25.371s
user	1m21.728s
sys	0m4.489s
+ set +e
+ cur=0
+ echo 0
+ set +x
+ gg_run_gpt_2
+ tee /home/ggml/results/ggml/c0/98c44f60d259d4cf878528498606c8dd0015e1/ggml-1-arm64-cpu-low-perf/gpt_2.log
+ cd /home/ggml/work/ggml
+ gg_wget models-mnt/gpt-2 https://huggingface.co/ggerganov/ggml/resolve/main/ggml-model-gpt-2-117M.bin
+ local out=models-mnt/gpt-2
+ local url=https://huggingface.co/ggerganov/ggml/resolve/main/ggml-model-gpt-2-117M.bin
++ pwd
+ local cwd=/home/ggml/work/ggml
+ mkdir -p models-mnt/gpt-2
+ cd models-mnt/gpt-2
+ wget -nv -N https://huggingface.co/ggerganov/ggml/resolve/main/ggml-model-gpt-2-117M.bin
+ cd /home/ggml/work/ggml
+ cd build-ci-release
+ set -e
+ model=../models-mnt/gpt-2/ggml-model-gpt-2-117M.bin
+ prompts=../examples/prompts/gpt-2.txt
+ tee -a /home/ggml/results/ggml/c0/98c44f60d259d4cf878528498606c8dd0015e1/ggml-1-arm64-cpu-low-perf/gpt_2-tg.log
+ ./bin/gpt-2 --model ../models-mnt/gpt-2/ggml-model-gpt-2-117M.bin -s 1234 -n 64 -tt ../examples/prompts/gpt-2.txt
test_gpt_tokenizer : failed test: 'I l0ve t0 tr@vel @r0und the w0rld.'
test_gpt_tokenizer : tokens in hf:   I(40),  l(300), 0(15), ve(303),  t(256), 0(15),  tr(491), @(31), vel(626),  @(2488), r(81), 0(15), und(917),  the(262),  w(266), 0(15), r(81), ld(335), .(13), 
test_gpt_tokenizer : tokens in ggml: I(40),  l(300), 0(15), ve(303),  t(256), 0(15),  tr(491), @(31), vel(626),  @(2488), r(81), 0(15), und(917),  the(262),  w(266), 0(15), rl(45895), d(67), .(13), 
test_gpt_tokenizer : failed test: 'She danced gracefully on the stage.'
test_gpt_tokenizer : tokens in hf:   She(3347),  danced(39480),  grace(11542), fully(2759),  on(319),  the(262),  stage(3800), .(13), 
test_gpt_tokenizer : tokens in ggml: She(3347),  danced(39480),  graceful(44363), ly(306),  on(319),  the(262),  stage(3800), .(13), 
test_gpt_tokenizer : failed test: 'She dances gracefully to the music.'
test_gpt_tokenizer : tokens in hf:   She(3347),  dances(38207),  grace(11542), fully(2759),  to(284),  the(262),  music(2647), .(13), 
test_gpt_tokenizer : tokens in ggml: She(3347),  dances(38207),  graceful(44363), ly(306),  to(284),  the(262),  music(2647), .(13), 
test_gpt_tokenizer : failed test: 'The birds are chirping in the trees.'
test_gpt_tokenizer : tokens in hf:   The(464),  birds(10087),  are(389),  ch(442), ir(343), ping(13886),  in(287),  the(262),  trees(7150), .(13), 
test_gpt_tokenizer : tokens in ggml: The(464),  birds(10087),  are(389),  chi(33166), r(81), ping(13886),  in(287),  the(262),  trees(7150), .(13), 
test_gpt_tokenizer : failed test: 'The flowers are blooming in the garden.'
test_gpt_tokenizer : tokens in hf:   The(464),  flowers(12734),  are(389),  blo(24924), oming(3383),  in(287),  the(262),  garden(11376), .(13), 
test_gpt_tokenizer : tokens in ggml: The(464),  flowers(12734),  are(389),  bloom(29955), ing(278),  in(287),  the(262),  garden(11376), .(13), 
test_gpt_tokenizer : failed test: 'The flowers in the garden are blooming.'
test_gpt_tokenizer : tokens in hf:   The(464),  flowers(12734),  in(287),  the(262),  garden(11376),  are(389),  blo(24924), oming(3383), .(13), 
test_gpt_tokenizer : tokens in ggml: The(464),  flowers(12734),  in(287),  the(262),  garden(11376),  are(389),  bloom(29955), ing(278), .(13), 
test_gpt_tokenizer : failed test: 'Wh@t's y0ur f@v0rite m0vie?'
test_gpt_tokenizer : tokens in hf:   Wh(1199), @(31), t(83), 's(338),  y(331), 0(15), ur(333),  f(277), @(31), v(85), 0(15), rite(6525),  m(285), 0(15), v(85), ie(494), ?(30), 
test_gpt_tokenizer : tokens in ggml: Wh(1199), @(31), t(83), 's(338),  y(331), 0(15), ur(333),  f(277), @(31), v(85), 0(15), rite(6525),  m(285), 0(15), vi(8903), e(68), ?(30), 
test_gpt_tokenizer : 7 tests failed out of 100 tests.
main: seed = 1234
gpt2_model_load: loading model from '../models-mnt/gpt-2/ggml-model-gpt-2-117M.bin'
gpt2_model_load: n_vocab = 50257
gpt2_model_load: n_ctx   = 1024
gpt2_model_load: n_embd  = 768
gpt2_model_load: n_head  = 12
gpt2_model_load: n_layer = 12
gpt2_model_load: ftype   = 1
gpt2_model_load: qntvr   = 0
gpt2_model_load: ggml tensor size = 240 bytes
gpt2_model_load: ggml ctx size = 384.77 MB
gpt2_model_load: memory size =    72.00 MB, n_mem = 12288
gpt2_model_load: model size  =   239.08 MB
main: prompt: 'If'
main: number of tokens in prompt = 1, first 8 tokens: 1532 

If we look at what we're talking about and then look at the evidence and the evidence of the United States, what we're dealing with, we've got a huge problem in the world of terrorism."

Asked about the possibility that ISIS may have used the United States as a vehicle to recruit followers and commit violence in

main: mem per token =  2016924 bytes
main:     load time =   161.34 ms
main:   sample time =    17.29 ms
main:  predict time =   809.96 ms / 12.66 ms per token
main:    total time =  1062.38 ms

real	0m1.094s
user	0m3.404s
sys	0m0.172s
+ tee -a /home/ggml/results/ggml/c0/98c44f60d259d4cf878528498606c8dd0015e1/ggml-1-arm64-cpu-low-perf/gpt_2-tg.log
+ ./bin/gpt-2 --model ../models-mnt/gpt-2/ggml-model-gpt-2-117M.bin -s 1234 -n 64 -p 'I believe the meaning of life is'
extract_tests_from_file : No test file found.
test_gpt_tokenizer : 0 tests failed out of 0 tests.
main: seed = 1234
gpt2_model_load: loading model from '../models-mnt/gpt-2/ggml-model-gpt-2-117M.bin'
gpt2_model_load: n_vocab = 50257
gpt2_model_load: n_ctx   = 1024
gpt2_model_load: n_embd  = 768
gpt2_model_load: n_head  = 12
gpt2_model_load: n_layer = 12
gpt2_model_load: ftype   = 1
gpt2_model_load: qntvr   = 0
gpt2_model_load: ggml tensor size = 240 bytes
gpt2_model_load: ggml ctx size = 384.77 MB
gpt2_model_load: memory size =    72.00 MB, n_mem = 12288
gpt2_model_load: model size  =   239.08 MB
main: prompt: 'I believe the meaning of life is'
main: number of tokens in prompt = 7, first 8 tokens: 40 1975 262 3616 286 1204 318 

I believe the meaning of life is not one that you must be able to answer for.

If you do not believe in God, then why does his word make you feel better? Why do he make you feel better? It's because I don't think the gospel is true. It's because it's not true.

The gospel tells

main: mem per token =  2016924 bytes
main:     load time =   159.97 ms
main:   sample time =    17.01 ms
main:  predict time =   881.22 ms / 12.59 ms per token
main:    total time =  1107.97 ms

real	0m1.140s
user	0m3.650s
sys	0m0.184s
+ set +e
+ cur=0
+ echo 0
+ set +x
271.82user 19.93system 1:40.48elapsed 290%CPU (0avgtext+0avgdata 427216maxresident)k
0inputs+618928outputs (41major+3300892minor)pagefaults 0swaps
