+ cmake -DCMAKE_BUILD_TYPE=Release ..
-- The C compiler identification is GNU 11.4.0
-- The CXX compiler identification is GNU 11.4.0
-- Detecting C compiler ABI info
-- Detecting C compiler ABI info - done
-- Check for working C compiler: /usr/bin/cc - skipped
-- Detecting C compile features
-- Detecting C compile features - done
-- Detecting CXX compiler ABI info
-- Detecting CXX compiler ABI info - done
-- Check for working CXX compiler: /usr/bin/c++ - skipped
-- Detecting CXX compile features
-- Detecting CXX compile features - done
-- Looking for pthread.h
-- Looking for pthread.h - found
-- Performing Test CMAKE_HAVE_LIBC_PTHREAD
-- Performing Test CMAKE_HAVE_LIBC_PTHREAD - Success
-- Found Threads: TRUE  
-- ccache found, compilation results will be cached. Disable with GGML_CCACHE=OFF.
-- CMAKE_SYSTEM_PROCESSOR: aarch64
-- Including CPU backend
-- Found OpenMP_C: -fopenmp (found version "4.5") 
-- Found OpenMP_CXX: -fopenmp (found version "4.5") 
-- Found OpenMP: TRUE (found version "4.5")  
-- ARM detected
-- Performing Test GGML_COMPILER_SUPPORTS_FP16_FORMAT_I3E
-- Performing Test GGML_COMPILER_SUPPORTS_FP16_FORMAT_I3E - Failed
-- Performing Test GGML_MACHINE_SUPPORTS_dotprod
-- Performing Test GGML_MACHINE_SUPPORTS_dotprod - Success
-- Performing Test GGML_MACHINE_SUPPORTS_i8mm
-- Performing Test GGML_MACHINE_SUPPORTS_i8mm - Failed
-- Performing Test GGML_MACHINE_SUPPORTS_noi8mm
-- Performing Test GGML_MACHINE_SUPPORTS_noi8mm - Success
-- Performing Test GGML_MACHINE_SUPPORTS_sve
-- Performing Test GGML_MACHINE_SUPPORTS_sve - Failed
-- Performing Test GGML_MACHINE_SUPPORTS_nosve
-- Performing Test GGML_MACHINE_SUPPORTS_nosve - Success
-- Performing Test GGML_MACHINE_SUPPORTS_sme
-- Performing Test GGML_MACHINE_SUPPORTS_sme - Failed
-- Performing Test GGML_MACHINE_SUPPORTS_nosme
-- Performing Test GGML_MACHINE_SUPPORTS_nosme - Failed
-- ARM feature DOTPROD enabled
-- ARM feature FMA enabled
-- ARM feature FP16_VECTOR_ARITHMETIC enabled
-- Adding CPU backend variant ggml-cpu: -mcpu=ares+crypto+noprofile+dotprod+noi8mm+nosve 
-- ARM detected
-- Configuring done
-- Generating done
-- Build files have been written to: /home/ggml/work/ggml/build-ci-release

real	0m2.085s
user	0m1.335s
sys	0m0.553s
+ make -j
[  7%] Building C object src/CMakeFiles/ggml-base.dir/ggml-quants.c.o
[  7%] Building CXX object src/CMakeFiles/ggml-base.dir/ggml-threading.cpp.o
[  7%] Building CXX object examples/CMakeFiles/common.dir/common.cpp.o
[  7%] Building CXX object src/CMakeFiles/ggml-base.dir/ggml-opt.cpp.o
[  7%] Building CXX object src/CMakeFiles/ggml-base.dir/ggml-backend.cpp.o
[  7%] Building C object src/CMakeFiles/ggml-base.dir/ggml.c.o
[  8%] Building C object src/CMakeFiles/ggml-base.dir/ggml-alloc.c.o
[  8%] Building CXX object src/CMakeFiles/ggml-base.dir/gguf.cpp.o
[  9%] Linking CXX shared library libggml-base.so
[  9%] Built target ggml-base
[ 14%] Building CXX object src/CMakeFiles/ggml-cpu.dir/ggml-cpu/ggml-cpu-hbm.cpp.o
[ 14%] Building C object src/CMakeFiles/ggml-cpu.dir/ggml-cpu/ggml-cpu.c.o
[ 14%] Building CXX object src/CMakeFiles/ggml-cpu.dir/ggml-cpu/ggml-cpu.cpp.o
[ 14%] Building CXX object src/CMakeFiles/ggml-cpu.dir/ggml-cpu/ggml-cpu-aarch64.cpp.o
[ 14%] Building CXX object src/CMakeFiles/ggml-cpu.dir/ggml-cpu/amx/amx.cpp.o
[ 15%] Building C object src/CMakeFiles/ggml-cpu.dir/ggml-cpu/ggml-cpu-quants.c.o
[ 16%] Building CXX object src/CMakeFiles/ggml-cpu.dir/ggml-cpu/amx/mmq.cpp.o
[ 17%] Building CXX object src/CMakeFiles/ggml-cpu.dir/ggml-cpu/ggml-cpu-traits.cpp.o
[ 18%] Linking CXX shared library libggml-cpu.so
[ 18%] Built target ggml-cpu
[ 19%] Building CXX object src/CMakeFiles/ggml.dir/ggml-backend-reg.cpp.o
[ 20%] Linking CXX shared library libggml.so
[ 20%] Built target ggml
[ 26%] Building CXX object tests/CMakeFiles/test-quantize-perf.dir/test-quantize-perf.cpp.o
[ 26%] Building C object tests/CMakeFiles/test-vec0.dir/test-vec0.c.o
[ 26%] Building C object tests/CMakeFiles/test-mul-mat2.dir/test-mul-mat2.c.o
[ 26%] Building CXX object tests/CMakeFiles/test-quantize-fns.dir/test-quantize-fns.cpp.o
[ 26%] Building CXX object tests/CMakeFiles/test-opt.dir/test-opt.cpp.o
[ 26%] Building C object tests/CMakeFiles/test-mul-mat0.dir/test-mul-mat0.c.o
[ 27%] Building CXX object tests/CMakeFiles/test-timestep_embedding.dir/test-timestep_embedding.cpp.o
[ 28%] Building CXX object tests/CMakeFiles/test-arange.dir/test-arange.cpp.o
[ 29%] Building C object tests/CMakeFiles/test0.dir/test0.c.o
[ 30%] Linking C executable ../bin/test-vec0
[ 31%] Building CXX object tests/CMakeFiles/test-pad-reflect-1d.dir/test-pad-reflect-1d.cpp.o
[ 32%] Building C object tests/CMakeFiles/test-pool.dir/test-pool.c.o
[ 33%] Linking CXX executable ../bin/test-arange
[ 34%] Linking CXX executable ../bin/test-quantize-perf
[ 35%] Linking C executable ../bin/test-mul-mat0
[ 36%] Linking CXX executable ../bin/test-opt
[ 37%] Linking CXX executable ../bin/test-quantize-fns
[ 38%] Linking C executable ../bin/test-mul-mat2
[ 39%] Building C object tests/CMakeFiles/test-conv-transpose.dir/test-conv-transpose.c.o
[ 41%] Linking CXX executable ../bin/test-timestep_embedding
[ 41%] Building CXX object tests/CMakeFiles/test-conv-transpose-1d.dir/test-conv-transpose-1d.cpp.o
[ 42%] Linking C executable ../bin/test0
[ 43%] Building C object tests/CMakeFiles/test-dup.dir/test-dup.c.o
[ 44%] Linking C executable ../bin/test-pool
[ 45%] Linking CXX executable ../bin/test-pad-reflect-1d
[ 45%] Built target test-vec0
[ 46%] Building CXX object tests/CMakeFiles/test-conv1d.dir/test-conv1d.cpp.o
[ 47%] Building C object tests/CMakeFiles/test-customop.dir/test-customop.c.o
[ 48%] Building CXX object tests/CMakeFiles/test-conv2d.dir/test-conv2d.cpp.o
[ 50%] Building C object tests/CMakeFiles/test-rel-pos.dir/test-rel-pos.c.o
[ 51%] Linking C executable ../bin/test-dup
[ 52%] Linking C executable ../bin/test-conv-transpose
[ 53%] Linking C executable ../bin/test-rel-pos
[ 54%] Linking CXX executable ../bin/test-conv2d
[ 55%] Linking CXX executable ../bin/test-conv-transpose-1d
[ 56%] Linking CXX executable ../bin/test-conv1d
[ 57%] Linking C executable ../bin/test-customop
[ 58%] Building CXX object tests/CMakeFiles/test-mul-mat.dir/test-mul-mat.cpp.o
[ 58%] Built target test-mul-mat0
[ 59%] Building CXX object tests/CMakeFiles/test-backend-ops.dir/test-backend-ops.cpp.o
[ 60%] Linking CXX executable ../bin/test-mul-mat
[ 61%] Building C object tests/CMakeFiles/test-cont.dir/test-cont.c.o
[ 61%] Built target test0
[ 60%] Built target test-opt
[ 61%] Built target test-mul-mat2
[ 62%] Linking CXX executable ../bin/test-backend-ops
[ 62%] Built target test-timestep_embedding
[ 62%] Built target test-quantize-fns
[ 62%] Built target test-quantize-perf
[ 62%] Built target test-pool
[ 63%] Linking C executable ../bin/test-cont
[ 63%] Built target test-pad-reflect-1d
[ 63%] Built target test-arange
[ 63%] Built target test-rel-pos
[ 63%] Built target test-dup
[ 63%] Built target test-conv2d
[ 64%] Building CXX object examples/simple/CMakeFiles/simple-ctx.dir/simple-ctx.cpp.o
[ 65%] Building CXX object examples/CMakeFiles/common-ggml.dir/common-ggml.cpp.o
[ 66%] Building CXX object examples/simple/CMakeFiles/simple-backend.dir/simple-backend.cpp.o
[ 66%] Built target test-conv1d
[ 67%] Linking CXX executable ../../bin/simple-backend
[ 67%] Built target test-conv-transpose-1d
[ 68%] Linking CXX executable ../../bin/simple-ctx
[ 69%] Linking CXX static library libcommon-ggml.a
[ 69%] Built target test-conv-transpose
[ 69%] Built target test-customop
[ 69%] Built target test-cont
[ 69%] Built target test-mul-mat
[ 69%] Built target common-ggml
[ 69%] Built target test-backend-ops
[ 69%] Built target simple-backend
[ 69%] Built target simple-ctx
[ 70%] Linking CXX static library libcommon.a
[ 70%] Built target common
[ 72%] Building CXX object examples/gpt-2/CMakeFiles/gpt-2-ctx.dir/main-ctx.cpp.o
[ 73%] Building CXX object examples/gpt-2/CMakeFiles/gpt-2-alloc.dir/main-alloc.cpp.o
[ 72%] Building CXX object examples/gpt-2/CMakeFiles/gpt-2-batched.dir/main-batched.cpp.o
[ 74%] Building CXX object examples/gpt-j/CMakeFiles/gpt-j.dir/main.cpp.o
[ 75%] Building CXX object examples/gpt-2/CMakeFiles/gpt-2-sched.dir/main-sched.cpp.o
[ 76%] Building CXX object examples/gpt-2/CMakeFiles/gpt-2-quantize.dir/quantize.cpp.o
[ 77%] Building CXX object examples/gpt-2/CMakeFiles/gpt-2-backend.dir/main-backend.cpp.o
[ 78%] Building CXX object examples/gpt-j/CMakeFiles/gpt-j-quantize.dir/quantize.cpp.o
[ 79%] Building CXX object examples/sam/CMakeFiles/sam.dir/main.cpp.o
[ 80%] Building CXX object examples/yolo/CMakeFiles/yolov3-tiny.dir/yolov3-tiny.cpp.o
[ 81%] Building CXX object examples/yolo/CMakeFiles/yolov3-tiny.dir/yolo-image.cpp.o
[ 82%] Building CXX object examples/mnist/CMakeFiles/mnist-common.dir/mnist-common.cpp.o
[ 83%] Linking CXX executable ../../bin/sam
[ 84%] Linking CXX executable ../../bin/yolov3-tiny
[ 85%] Building CXX object examples/magika/CMakeFiles/magika.dir/main.cpp.o
[ 86%] Linking CXX executable ../../bin/magika
[ 87%] Linking CXX static library libmnist-common.a
[ 87%] Built target mnist-common
[ 88%] Building CXX object examples/mnist/CMakeFiles/mnist-train.dir/mnist-train.cpp.o
[ 88%] Built target sam
[ 89%] Linking CXX executable ../../bin/mnist-train
[ 89%] Built target magika
[ 90%] Building CXX object examples/mnist/CMakeFiles/mnist-eval.dir/mnist-eval.cpp.o
[ 90%] Built target yolov3-tiny
[ 91%] Linking CXX executable ../../bin/mnist-eval
[ 91%] Built target mnist-train
[ 91%] Built target mnist-eval
[ 92%] Linking CXX executable ../../bin/gpt-j-quantize
[ 93%] Linking CXX executable ../../bin/gpt-2-quantize
[ 93%] Built target gpt-j-quantize
[ 93%] Built target gpt-2-quantize
[ 94%] Linking CXX executable ../../bin/gpt-j
[ 94%] Built target gpt-j
[ 95%] Linking CXX executable ../../bin/gpt-2-backend
[ 96%] Linking CXX executable ../../bin/gpt-2-alloc
[ 97%] Linking CXX executable ../../bin/gpt-2-ctx
[ 97%] Built target gpt-2-backend
[ 97%] Built target gpt-2-alloc
[ 97%] Built target gpt-2-ctx
[ 98%] Linking CXX executable ../../bin/gpt-2-batched
[ 98%] Built target gpt-2-batched
[100%] Linking CXX executable ../../bin/gpt-2-sched
[100%] Built target gpt-2-sched

real	0m9.649s
user	0m25.942s
sys	0m3.017s
+ ctest --output-on-failure
Test project /home/ggml/work/ggml/build-ci-release
      Start  1: test-opt
 1/20 Test  #1: test-opt .........................   Passed    0.01 sec
      Start  2: test-quantize-fns
 2/20 Test  #2: test-quantize-fns ................   Passed   17.33 sec
      Start  3: test-quantize-perf
 3/20 Test  #3: test-quantize-perf ...............   Passed    0.08 sec
      Start  4: test-mul-mat0
 4/20 Test  #4: test-mul-mat0 ....................   Passed    0.52 sec
      Start  5: test-mul-mat2
 5/20 Test  #5: test-mul-mat2 ....................   Passed    1.77 sec
      Start  6: test0
 6/20 Test  #6: test0 ............................   Passed    0.00 sec
      Start  7: test-pool
 7/20 Test  #7: test-pool ........................   Passed    0.00 sec
      Start  8: test-arange
 8/20 Test  #8: test-arange ......................   Passed    0.00 sec
      Start  9: test-timestep_embedding
 9/20 Test  #9: test-timestep_embedding ..........   Passed    0.00 sec
      Start 10: test-pad-reflect-1d
10/20 Test #10: test-pad-reflect-1d ..............   Passed    0.00 sec
      Start 11: test-conv-transpose
11/20 Test #11: test-conv-transpose ..............   Passed    0.00 sec
      Start 12: test-conv-transpose-1d
12/20 Test #12: test-conv-transpose-1d ...........   Passed    0.01 sec
      Start 13: test-dup
13/20 Test #13: test-dup .........................   Passed    0.00 sec
      Start 14: test-rel-pos
14/20 Test #14: test-rel-pos .....................   Passed    0.00 sec
      Start 15: test-customop
15/20 Test #15: test-customop ....................   Passed    0.00 sec
      Start 16: test-conv1d
16/20 Test #16: test-conv1d ......................   Passed    0.00 sec
      Start 17: test-conv2d
17/20 Test #17: test-conv2d ......................   Passed    0.00 sec
      Start 18: test-mul-mat
18/20 Test #18: test-mul-mat .....................   Passed    0.00 sec
      Start 19: test-backend-ops
19/20 Test #19: test-backend-ops .................   Passed    0.01 sec
      Start 20: test-cont
20/20 Test #20: test-cont ........................   Passed    0.00 sec

100% tests passed, 0 tests failed out of 20

Total Test time (real) =  19.78 sec

real	0m19.789s
user	0m19.371s
sys	0m0.169s
