+ cmake -DCMAKE_BUILD_TYPE=Debug -DLLAMA_FATAL_WARNINGS=ON -DGGML_METAL=ON -DGGML_METAL_USE_BF16=ON ..
-- The C compiler identification is AppleClang 16.0.0.16000026
-- The CXX compiler identification is AppleClang 16.0.0.16000026
-- Detecting C compiler ABI info
-- Detecting C compiler ABI info - done
-- Check for working C compiler: /Library/Developer/CommandLineTools/usr/bin/cc - skipped
-- Detecting C compile features
-- Detecting C compile features - done
-- Detecting CXX compiler ABI info
-- Detecting CXX compiler ABI info - done
-- Check for working CXX compiler: /Library/Developer/CommandLineTools/usr/bin/c++ - skipped
-- Detecting CXX compile features
-- Detecting CXX compile features - done
-- Found Git: /usr/bin/git (found version "2.39.5 (Apple Git-154)")
-- Performing Test CMAKE_HAVE_LIBC_PTHREAD
-- Performing Test CMAKE_HAVE_LIBC_PTHREAD - Success
-- Found Threads: TRUE
-- ccache found, compilation results will be cached. Disable with GGML_CCACHE=OFF.
-- CMAKE_SYSTEM_PROCESSOR: arm64
-- Including CPU backend
-- Accelerate framework found
-- Could NOT find OpenMP_C (missing: OpenMP_C_FLAGS OpenMP_C_LIB_NAMES) 
-- Could NOT find OpenMP_CXX (missing: OpenMP_CXX_FLAGS OpenMP_CXX_LIB_NAMES) 
-- Could NOT find OpenMP (missing: OpenMP_C_FOUND OpenMP_CXX_FOUND) 
CMake Warning at ggml/src/ggml-cpu/CMakeLists.txt:53 (message):
  OpenMP not found
Call Stack (most recent call first):
  ggml/src/CMakeLists.txt:298 (ggml_add_cpu_backend_variant_impl)


-- ARM detected
-- Performing Test GGML_COMPILER_SUPPORT_DOTPROD
-- Performing Test GGML_COMPILER_SUPPORT_DOTPROD - Success
-- ARM feature DOTPROD enabled
-- Performing Test GGML_COMPILER_SUPPORT_MATMUL_INT8
-- Performing Test GGML_COMPILER_SUPPORT_MATMUL_INT8 - Success
-- ARM feature MATMUL_INT8 enabled
-- Adding CPU backend variant ggml-cpu: -march=armv8.2a+dotprod+i8mm __ARM_FEATURE_DOTPROD;__ARM_FEATURE_MATMUL_INT8
-- Looking for dgemm_
-- Looking for dgemm_ - found
-- Found BLAS: /Library/Developer/CommandLineTools/SDKs/MacOSX15.1.sdk/System/Library/Frameworks/Accelerate.framework
-- BLAS found, Libraries: /Library/Developer/CommandLineTools/SDKs/MacOSX15.1.sdk/System/Library/Frameworks/Accelerate.framework
-- BLAS found, Includes: 
-- Including BLAS backend
-- Metal framework found
-- The ASM compiler identification is AppleClang
-- Found assembler: /Library/Developer/CommandLineTools/usr/bin/cc
-- Including METAL backend
-- Configuring done (1.8s)
-- Generating done (0.2s)
-- Build files have been written to: /Users/ggml/work/llama.cpp/build-ci-debug

real	0m2.156s
user	0m0.764s
sys	0m1.156s
++ nproc
+ make -j10
[  0%] Generating build details from Git
[  1%] Building C object examples/gguf-hash/CMakeFiles/sha256.dir/deps/sha256/sha256.c.o
[  1%] Building C object examples/gguf-hash/CMakeFiles/sha1.dir/deps/sha1/sha1.c.o
[  2%] Building C object ggml/src/CMakeFiles/ggml-base.dir/ggml.c.o
[  2%] Building CXX object ggml/src/CMakeFiles/ggml-base.dir/ggml-threading.cpp.o
[  3%] Building C object ggml/src/CMakeFiles/ggml-base.dir/ggml-alloc.c.o
[  3%] Building CXX object ggml/src/CMakeFiles/ggml-base.dir/ggml-backend.cpp.o
[  4%] Building CXX object ggml/src/CMakeFiles/ggml-base.dir/ggml-opt.cpp.o
[  5%] Building C object ggml/src/CMakeFiles/ggml-base.dir/ggml-quants.c.o
[  6%] Building C object examples/gguf-hash/CMakeFiles/xxhash.dir/deps/xxhash/xxhash.c.o
-- Found Git: /usr/bin/git (found version "2.39.5 (Apple Git-154)")
[  6%] Built target xxhash
[  6%] Built target sha1
[  6%] Built target sha256
[  6%] Linking CXX shared library libggml-base.dylib
[  7%] Building CXX object common/CMakeFiles/build_info.dir/build-info.cpp.o
[  7%] Built target ggml-base
[  7%] Generate assembly for embedded Metal library
Embedding Metal library
[  9%] Building C object ggml/src/CMakeFiles/ggml-cpu.dir/ggml-cpu/ggml-cpu.c.o
[  9%] Building CXX object ggml/src/CMakeFiles/ggml-cpu.dir/ggml-cpu/ggml-cpu.cpp.o
[  9%] Building CXX object ggml/src/CMakeFiles/ggml-cpu.dir/ggml-cpu/ggml-cpu-hbm.cpp.o
[  9%] Building CXX object ggml/src/CMakeFiles/ggml-cpu.dir/ggml-cpu/ggml-cpu-aarch64.cpp.o
[ 10%] Building CXX object ggml/src/ggml-blas/CMakeFiles/ggml-blas.dir/ggml-blas.cpp.o
[ 10%] Building CXX object ggml/src/CMakeFiles/ggml-cpu.dir/ggml-cpu/ggml-cpu-traits.cpp.o
[ 11%] Building CXX object ggml/src/CMakeFiles/ggml-cpu.dir/ggml-cpu/amx/amx.cpp.o
[ 12%] Building C object ggml/src/CMakeFiles/ggml-cpu.dir/ggml-cpu/ggml-cpu-quants.c.o
[ 13%] Building CXX object ggml/src/CMakeFiles/ggml-cpu.dir/ggml-cpu/amx/mmq.cpp.o
[ 13%] Building CXX object ggml/src/CMakeFiles/ggml-cpu.dir/ggml-cpu/llamafile/sgemm.cpp.o
[ 13%] Built target build_info
[ 13%] Linking CXX shared library libggml-blas.dylib
[ 14%] Linking CXX shared library libggml-cpu.dylib
[ 14%] Building ASM object ggml/src/ggml-metal/CMakeFiles/ggml-metal.dir/__/__/__/autogenerated/ggml-metal-embed.s.o
[ 15%] Building C object ggml/src/ggml-metal/CMakeFiles/ggml-metal.dir/ggml-metal.m.o
[ 15%] Built target ggml-cpu
[ 15%] Built target ggml-blas
[ 16%] Linking C shared library libggml-metal.dylib
[ 16%] Built target ggml-metal
[ 17%] Building CXX object ggml/src/CMakeFiles/ggml.dir/ggml-backend-reg.cpp.o
[ 17%] Linking CXX shared library libggml.dylib
[ 17%] Built target ggml
[ 19%] Building CXX object examples/gguf-hash/CMakeFiles/llama-gguf-hash.dir/gguf-hash.cpp.o
[ 19%] Building CXX object src/CMakeFiles/llama.dir/llama-vocab.cpp.o
[ 19%] Building CXX object src/CMakeFiles/llama.dir/llama.cpp.o
[ 19%] Building CXX object src/CMakeFiles/llama.dir/llama-grammar.cpp.o
[ 20%] Building CXX object examples/gguf/CMakeFiles/llama-gguf.dir/gguf.cpp.o
[ 21%] Building CXX object src/CMakeFiles/llama.dir/llama-sampling.cpp.o
[ 21%] Building CXX object src/CMakeFiles/llama.dir/unicode.cpp.o
[ 22%] Building CXX object src/CMakeFiles/llama.dir/unicode-data.cpp.o
[ 22%] Linking CXX executable ../../bin/llama-gguf
[ 22%] Linking CXX executable ../../bin/llama-gguf-hash
[ 22%] Linking CXX shared library libllama.dylib
[ 22%] Built target llama-gguf-hash
[ 22%] Built target llama-gguf
[ 22%] Built target llama
[ 23%] Building CXX object examples/simple/CMakeFiles/llama-simple.dir/simple.cpp.o
[ 24%] Building CXX object common/CMakeFiles/common.dir/common.cpp.o
[ 23%] Building CXX object examples/quantize-stats/CMakeFiles/llama-quantize-stats.dir/quantize-stats.cpp.o
[ 24%] Building CXX object common/CMakeFiles/common.dir/log.cpp.o
[ 24%] Building CXX object common/CMakeFiles/common.dir/arg.cpp.o
[ 25%] Building CXX object examples/simple-chat/CMakeFiles/llama-simple-chat.dir/simple-chat.cpp.o
[ 26%] Building C object tests/CMakeFiles/test-c.dir/test-c.c.o
[ 27%] Building CXX object common/CMakeFiles/common.dir/json-schema-to-grammar.cpp.o
[ 28%] Building CXX object examples/llava/CMakeFiles/llava.dir/llava.cpp.o
[ 28%] Building CXX object common/CMakeFiles/common.dir/console.cpp.o
[ 28%] Linking CXX executable ../../bin/llama-simple
[ 28%] Linking C executable ../bin/test-c
[ 28%] Building CXX object common/CMakeFiles/common.dir/sampling.cpp.o
[ 29%] Building CXX object common/CMakeFiles/common.dir/ngram-cache.cpp.o
[ 29%] Building CXX object examples/llava/CMakeFiles/llava.dir/clip.cpp.o
[ 29%] Linking CXX executable ../../bin/llama-simple-chat
[ 31%] Linking CXX executable ../../bin/llama-quantize-stats
[ 31%] Building CXX object common/CMakeFiles/common.dir/speculative.cpp.o
[ 31%] Built target llava
[ 31%] Linking CXX static library libcommon.a
[ 31%] Built target llama-simple
[ 31%] Built target test-c
[ 31%] Built target llama-simple-chat
[ 31%] Built target llama-quantize-stats
[ 33%] Linking CXX static library libllava_static.a
[ 33%] Linking CXX shared library libllava_shared.dylib
[ 33%] Built target llava_shared
[ 33%] Built target llava_static
[ 33%] Built target common
[ 33%] Building CXX object tests/CMakeFiles/test-tokenizer-0.dir/test-tokenizer-0.cpp.o
[ 33%] Building CXX object tests/CMakeFiles/test-grammar-integration.dir/test-grammar-integration.cpp.o
[ 33%] Building CXX object tests/CMakeFiles/test-llama-grammar.dir/test-llama-grammar.cpp.o
[ 34%] Building CXX object tests/CMakeFiles/test-grammar-parser.dir/test-grammar-parser.cpp.o
[ 34%] Building CXX object tests/CMakeFiles/test-tokenizer-1-bpe.dir/test-tokenizer-1-bpe.cpp.o
[ 35%] Building CXX object tests/CMakeFiles/test-json-schema-to-grammar.dir/test-json-schema-to-grammar.cpp.o
[ 35%] Building CXX object tests/CMakeFiles/test-sampling.dir/test-sampling.cpp.o
[ 35%] Building CXX object tests/CMakeFiles/test-tokenizer-1-spm.dir/test-tokenizer-1-spm.cpp.o
[ 35%] Building CXX object tests/CMakeFiles/test-arg-parser.dir/test-arg-parser.cpp.o
[ 36%] Building CXX object tests/CMakeFiles/test-log.dir/test-log.cpp.o
[ 37%] Linking CXX executable ../bin/test-tokenizer-0
[ 38%] Building CXX object tests/CMakeFiles/test-grammar-integration.dir/get-model.cpp.o
[ 41%] Building CXX object tests/CMakeFiles/test-grammar-parser.dir/get-model.cpp.o
[ 41%] Linking CXX executable ../bin/test-tokenizer-1-bpe
[ 42%] Linking CXX executable ../bin/test-tokenizer-1-spm
[ 42%] Building CXX object tests/CMakeFiles/test-sampling.dir/get-model.cpp.o
[ 42%] Building CXX object tests/CMakeFiles/test-llama-grammar.dir/get-model.cpp.o
[ 42%] Building CXX object tests/CMakeFiles/test-json-schema-to-grammar.dir/get-model.cpp.o
[ 42%] Building CXX object tests/CMakeFiles/test-log.dir/get-model.cpp.o
[ 43%] Building CXX object tests/CMakeFiles/test-arg-parser.dir/get-model.cpp.o
[ 44%] Linking CXX executable ../bin/test-sampling
[ 44%] Linking CXX executable ../bin/test-arg-parser
[ 46%] Linking CXX executable ../bin/test-log
[ 46%] Linking CXX executable ../bin/test-json-schema-to-grammar
[ 46%] Linking CXX executable ../bin/test-llama-grammar
[ 46%] Linking CXX executable ../bin/test-grammar-integration
[ 47%] Linking CXX executable ../bin/test-grammar-parser
[ 47%] Built target test-tokenizer-1-bpe
[ 47%] Built target test-tokenizer-1-spm
[ 47%] Built target test-tokenizer-0
[ 47%] Built target test-sampling
[ 47%] Built target test-llama-grammar
[ 48%] Building CXX object tests/CMakeFiles/test-chat-template.dir/test-chat-template.cpp.o
[ 48%] Built target test-log
[ 48%] Building CXX object tests/CMakeFiles/test-backend-ops.dir/test-backend-ops.cpp.o
[ 48%] Built target test-grammar-parser
[ 48%] Building CXX object tests/CMakeFiles/test-model-load-cancel.dir/test-model-load-cancel.cpp.o
[ 48%] Built target test-grammar-integration
[ 48%] Built target test-arg-parser
[ 48%] Building CXX object tests/CMakeFiles/test-chat-template.dir/get-model.cpp.o
[ 48%] Built target test-json-schema-to-grammar
[ 49%] Building CXX object tests/CMakeFiles/test-model-load-cancel.dir/get-model.cpp.o
[ 50%] Building CXX object tests/CMakeFiles/test-backend-ops.dir/get-model.cpp.o
[ 51%] Building CXX object tests/CMakeFiles/test-autorelease.dir/test-autorelease.cpp.o
[ 51%] Building CXX object tests/CMakeFiles/test-autorelease.dir/get-model.cpp.o
[ 52%] Linking CXX executable ../bin/test-chat-template
[ 53%] Building CXX object tests/CMakeFiles/test-barrier.dir/test-barrier.cpp.o
[ 53%] Linking CXX executable ../bin/test-model-load-cancel
[ 54%] Building CXX object tests/CMakeFiles/test-quantize-fns.dir/test-quantize-fns.cpp.o
[ 54%] Building CXX object tests/CMakeFiles/test-quantize-perf.dir/test-quantize-perf.cpp.o
[ 54%] Linking CXX executable ../bin/test-backend-ops
[ 55%] Building CXX object tests/CMakeFiles/test-barrier.dir/get-model.cpp.o
[ 56%] Linking CXX executable ../bin/test-autorelease
[ 56%] Building CXX object tests/CMakeFiles/test-rope.dir/test-rope.cpp.o
[ 56%] Building CXX object examples/batched-bench/CMakeFiles/llama-batched-bench.dir/batched-bench.cpp.o
[ 56%] Building CXX object tests/CMakeFiles/test-quantize-fns.dir/get-model.cpp.o
[ 56%] Linking CXX executable ../bin/test-barrier
[ 57%] Building CXX object tests/CMakeFiles/test-quantize-perf.dir/get-model.cpp.o
[ 58%] Building CXX object tests/CMakeFiles/test-rope.dir/get-model.cpp.o
[ 59%] Building CXX object examples/batched/CMakeFiles/llama-batched.dir/batched.cpp.o
[ 60%] Linking CXX executable ../../bin/llama-batched-bench
[ 61%] Linking CXX executable ../bin/test-quantize-fns
[ 61%] Built target test-model-load-cancel
[ 61%] Built target test-chat-template
[ 62%] Linking CXX executable ../bin/test-quantize-perf
[ 62%] Built target test-backend-ops
[ 62%] Built target test-autorelease
[ 62%] Linking CXX executable ../bin/test-rope
[ 63%] Linking CXX executable ../../bin/llama-batched
[ 63%] Building CXX object examples/embedding/CMakeFiles/llama-embedding.dir/embedding.cpp.o
[ 63%] Built target test-barrier
[ 64%] Building CXX object examples/eval-callback/CMakeFiles/llama-eval-callback.dir/eval-callback.cpp.o
[ 65%] Building CXX object examples/gbnf-validator/CMakeFiles/llama-gbnf-validator.dir/gbnf-validator.cpp.o
[ 66%] Building CXX object examples/gguf-split/CMakeFiles/llama-gguf-split.dir/gguf-split.cpp.o
[ 66%] Built target test-quantize-fns
[ 66%] Built target llama-batched-bench
[ 66%] Built target test-quantize-perf
[ 66%] Built target test-rope
[ 67%] Linking CXX executable ../../bin/llama-embedding
[ 68%] Building CXX object examples/gritlm/CMakeFiles/llama-gritlm.dir/gritlm.cpp.o
[ 68%] Linking CXX executable ../../bin/llama-eval-callback
[ 68%] Linking CXX executable ../../bin/llama-gbnf-validator
[ 68%] Built target llama-batched
[ 68%] Linking CXX executable ../../bin/llama-gguf-split
[ 68%] Building CXX object examples/imatrix/CMakeFiles/llama-imatrix.dir/imatrix.cpp.o
[ 68%] Building CXX object examples/infill/CMakeFiles/llama-infill.dir/infill.cpp.o
[ 68%] Building CXX object examples/llama-bench/CMakeFiles/llama-bench.dir/llama-bench.cpp.o
[ 69%] Linking CXX executable ../../bin/llama-gritlm
[ 69%] Building CXX object examples/lookahead/CMakeFiles/llama-lookahead.dir/lookahead.cpp.o
[ 69%] Building CXX object examples/lookup/CMakeFiles/llama-lookup.dir/lookup.cpp.o
[ 70%] Linking CXX executable ../../bin/llama-imatrix
[ 70%] Built target llama-gbnf-validator
[ 71%] Linking CXX executable ../../bin/llama-infill
[ 72%] Linking CXX executable ../../bin/llama-bench
[ 72%] Built target llama-embedding
[ 73%] Linking CXX executable ../../bin/llama-lookahead
[ 73%] Built target llama-eval-callback
[ 73%] Built target llama-gguf-split
[ 74%] Linking CXX executable ../../bin/llama-lookup
[ 75%] Building CXX object examples/lookup/CMakeFiles/llama-lookup-stats.dir/lookup-stats.cpp.o
[ 75%] Building CXX object examples/lookup/CMakeFiles/llama-lookup-create.dir/lookup-create.cpp.o
[ 75%] Built target llama-gritlm
[ 75%] Building CXX object examples/lookup/CMakeFiles/llama-lookup-merge.dir/lookup-merge.cpp.o
[ 75%] Building CXX object examples/main/CMakeFiles/llama-cli.dir/main.cpp.o
[ 75%] Linking CXX executable ../../bin/llama-lookup-stats
[ 75%] Built target llama-bench
[ 75%] Built target llama-infill
[ 76%] Linking CXX executable ../../bin/llama-lookup-create
[ 77%] Building CXX object examples/parallel/CMakeFiles/llama-parallel.dir/parallel.cpp.o
[ 78%] Linking CXX executable ../../bin/llama-lookup-merge
[ 78%] Built target llama-imatrix
[ 79%] Linking CXX executable ../../bin/llama-cli
[ 79%] Built target llama-lookahead
[ 79%] Built target llama-lookup
[ 79%] Linking CXX executable ../../bin/llama-parallel
[ 80%] Building CXX object examples/perplexity/CMakeFiles/llama-perplexity.dir/perplexity.cpp.o
[ 81%] Generating loading.html.hpp
[ 82%] Building CXX object examples/passkey/CMakeFiles/llama-passkey.dir/passkey.cpp.o
[ 82%] Building CXX object examples/retrieval/CMakeFiles/llama-retrieval.dir/retrieval.cpp.o
[ 83%] Building CXX object examples/quantize/CMakeFiles/llama-quantize.dir/quantize.cpp.o
[ 83%] Generating index.html.gz.hpp
[ 83%] Built target llama-lookup-merge
[ 83%] Built target llama-lookup-create
[ 83%] Built target llama-lookup-stats
[ 83%] Linking CXX executable ../../bin/llama-perplexity
[ 84%] Linking CXX executable ../../bin/llama-quantize
[ 84%] Linking CXX executable ../../bin/llama-passkey
[ 85%] Linking CXX executable ../../bin/llama-retrieval
[ 85%] Built target llama-cli
[ 85%] Built target llama-parallel
[ 86%] Building CXX object examples/speculative/CMakeFiles/llama-speculative.dir/speculative.cpp.o
[ 86%] Building CXX object examples/run/CMakeFiles/llama-run.dir/run.cpp.o
[ 86%] Building CXX object examples/save-load-state/CMakeFiles/llama-save-load-state.dir/save-load-state.cpp.o
[ 87%] Building CXX object examples/speculative-simple/CMakeFiles/llama-speculative-simple.dir/speculative-simple.cpp.o
[ 88%] Building CXX object examples/tokenize/CMakeFiles/llama-tokenize.dir/tokenize.cpp.o
[ 88%] Built target llama-quantize
[ 88%] Linking CXX executable ../../bin/llama-speculative
[ 89%] Linking CXX executable ../../bin/llama-run
[ 90%] Linking CXX executable ../../bin/llama-save-load-state
[ 90%] Built target llama-passkey
[ 90%] Linking CXX executable ../../bin/llama-speculative-simple
[ 90%] Built target llama-retrieval
[ 90%] Built target llama-perplexity
[ 90%] Linking CXX executable ../../bin/llama-tokenize
[ 91%] Building CXX object examples/gen-docs/CMakeFiles/llama-gen-docs.dir/gen-docs.cpp.o
[ 91%] Building CXX object examples/convert-llama2c-to-ggml/CMakeFiles/llama-convert-llama2c-to-ggml.dir/convert-llama2c-to-ggml.cpp.o
[ 91%] Building CXX object examples/cvector-generator/CMakeFiles/llama-cvector-generator.dir/cvector-generator.cpp.o
[ 92%] Building CXX object examples/export-lora/CMakeFiles/llama-export-lora.dir/export-lora.cpp.o
[ 92%] Built target llama-run
[ 92%] Linking CXX executable ../../bin/llama-gen-docs
[ 92%] Built target llama-save-load-state
[ 93%] Linking CXX executable ../../bin/llama-convert-llama2c-to-ggml
[ 93%] Built target llama-speculative
[ 93%] Built target llama-tokenize
[ 93%] Built target llama-speculative-simple
[ 94%] Linking CXX executable ../../bin/llama-cvector-generator
[ 94%] Linking CXX executable ../../bin/llama-export-lora
[ 94%] Building CXX object examples/llava/CMakeFiles/llama-llava-cli.dir/llava-cli.cpp.o
[ 95%] Building CXX object examples/llava/CMakeFiles/llama-minicpmv-cli.dir/minicpmv-cli.cpp.o
[ 95%] Building CXX object examples/llava/CMakeFiles/llama-qwen2vl-cli.dir/qwen2vl-cli.cpp.o
[ 97%] Building CXX object pocs/vdot/CMakeFiles/llama-q8dot.dir/q8dot.cpp.o
[ 97%] Building CXX object pocs/vdot/CMakeFiles/llama-vdot.dir/vdot.cpp.o
[ 97%] Linking CXX executable ../../bin/llama-minicpmv-cli
[ 98%] Linking CXX executable ../../bin/llama-qwen2vl-cli
[ 98%] Built target llama-convert-llama2c-to-ggml
[ 98%] Built target llama-gen-docs
[ 99%] Linking CXX executable ../../bin/llama-llava-cli
[ 99%] Built target llama-cvector-generator
[ 99%] Linking CXX executable ../../bin/llama-q8dot
[ 99%] Linking CXX executable ../../bin/llama-vdot
[ 99%] Built target llama-export-lora
[ 99%] Built target llama-vdot
[ 99%] Built target llama-q8dot
[ 99%] Built target llama-qwen2vl-cli
[ 99%] Built target llama-minicpmv-cli
[ 99%] Built target llama-llava-cli
[ 99%] Building CXX object examples/server/CMakeFiles/llama-server.dir/server.cpp.o
[100%] Linking CXX executable ../../bin/llama-server
[100%] Built target llama-server

real	0m2.996s
user	0m7.269s
sys	0m9.775s
+ ctest --output-on-failure -L main -E test-opt
Test project /Users/ggml/work/llama.cpp/build-ci-debug
      Start  1: test-tokenizer-0-bert-bge
 1/27 Test  #1: test-tokenizer-0-bert-bge .........   Passed    1.54 sec
      Start  2: test-tokenizer-0-command-r
 2/27 Test  #2: test-tokenizer-0-command-r ........   Passed    1.83 sec
      Start  3: test-tokenizer-0-deepseek-coder
 3/27 Test  #3: test-tokenizer-0-deepseek-coder ...   Passed    0.23 sec
      Start  4: test-tokenizer-0-deepseek-llm
 4/27 Test  #4: test-tokenizer-0-deepseek-llm .....   Passed    0.69 sec
      Start  5: test-tokenizer-0-falcon
 5/27 Test  #5: test-tokenizer-0-falcon ...........   Passed    0.44 sec
      Start  6: test-tokenizer-0-gpt-2
 6/27 Test  #6: test-tokenizer-0-gpt-2 ............   Passed    0.34 sec
      Start  7: test-tokenizer-0-llama-bpe
 7/27 Test  #7: test-tokenizer-0-llama-bpe ........   Passed    1.48 sec
      Start  8: test-tokenizer-0-llama-spm
 8/27 Test  #8: test-tokenizer-0-llama-spm ........   Passed    0.08 sec
      Start  9: test-tokenizer-0-mpt
 9/27 Test  #9: test-tokenizer-0-mpt ..............   Passed    0.35 sec
      Start 10: test-tokenizer-0-phi-3
10/27 Test #10: test-tokenizer-0-phi-3 ............   Passed    0.07 sec
      Start 11: test-tokenizer-0-qwen2
11/27 Test #11: test-tokenizer-0-qwen2 ............   Passed    1.02 sec
      Start 12: test-tokenizer-0-refact
12/27 Test #12: test-tokenizer-0-refact ...........   Passed    0.34 sec
      Start 13: test-tokenizer-0-starcoder
13/27 Test #13: test-tokenizer-0-starcoder ........   Passed    0.34 sec
      Start 14: test-sampling
14/27 Test #14: test-sampling .....................   Passed    2.26 sec
      Start 15: test-grammar-parser
15/27 Test #15: test-grammar-parser ...............   Passed    0.20 sec
      Start 16: test-grammar-integration
16/27 Test #16: test-grammar-integration ..........   Passed    0.25 sec
      Start 17: test-llama-grammar
17/27 Test #17: test-llama-grammar ................   Passed    0.25 sec
      Start 18: test-json-schema-to-grammar
18/27 Test #18: test-json-schema-to-grammar .......   Passed    2.16 sec
      Start 19: test-tokenizer-1-llama-spm
19/27 Test #19: test-tokenizer-1-llama-spm ........   Passed    1.05 sec
      Start 20: test-log
20/27 Test #20: test-log ..........................   Passed    0.24 sec
      Start 21: test-arg-parser
21/27 Test #21: test-arg-parser ...................   Passed    0.29 sec
      Start 22: test-chat-template
22/27 Test #22: test-chat-template ................   Passed    0.22 sec
      Start 23: test-backend-ops
23/27 Test #23: test-backend-ops ..................   Passed  180.17 sec
      Start 26: test-barrier
24/27 Test #26: test-barrier ......................   Passed    0.94 sec
      Start 27: test-quantize-fns
25/27 Test #27: test-quantize-fns .................   Passed   26.38 sec
      Start 28: test-quantize-perf
26/27 Test #28: test-quantize-perf ................   Passed    0.36 sec
      Start 29: test-rope
27/27 Test #29: test-rope .........................   Passed    0.28 sec

100% tests passed, 0 tests failed out of 27

Label Time Summary:
main    = 223.80 sec*proc (27 tests)

Total Test time (real) = 223.82 sec

real	3m43.958s
user	7m46.426s
sys	0m5.723s
