mkdir: cannot create directory ‘/mnt/llama.cpp’: Permission denied
+ gg_run_ctest_debug
+ cd /home/ggml/work/llama.cpp
+ rm -rf build-ci-debug
+ tee /home/ggml/results/llama.cpp/d0/a71233fbf8ade8ef06ad8e6b81d1d7b254895f/ggml-0-x86-cpu-low-perf/ctest_debug.log
+ mkdir build-ci-debug
+ cd build-ci-debug
+ set -e
+ tee -a /home/ggml/results/llama.cpp/d0/a71233fbf8ade8ef06ad8e6b81d1d7b254895f/ggml-0-x86-cpu-low-perf/ctest_debug-cmake.log
+ cmake -DCMAKE_BUILD_TYPE=Debug -DLLAMA_FATAL_WARNINGS=ON ..
-- The C compiler identification is GNU 11.4.0
-- The CXX compiler identification is GNU 11.4.0
-- Detecting C compiler ABI info
-- Detecting C compiler ABI info - done
-- Check for working C compiler: /usr/bin/cc - skipped
-- Detecting C compile features
-- Detecting C compile features - done
-- Detecting CXX compiler ABI info
-- Detecting CXX compiler ABI info - done
-- Check for working CXX compiler: /usr/bin/c++ - skipped
-- Detecting CXX compile features
-- Detecting CXX compile features - done
-- Found Git: /usr/bin/git (found version "2.34.1") 
-- Looking for pthread.h
-- Looking for pthread.h - found
-- Performing Test CMAKE_HAVE_LIBC_PTHREAD
-- Performing Test CMAKE_HAVE_LIBC_PTHREAD - Success
-- Found Threads: TRUE  
-- Warning: ccache not found - consider installing it for faster compilation or disable this warning with LLAMA_CCACHE=OFF
-- CMAKE_SYSTEM_PROCESSOR: x86_64
-- x86 detected
-- Configuring done
-- Generating done
-- Build files have been written to: /home/ggml/work/llama.cpp/build-ci-debug

real	0m0.453s
user	0m0.306s
sys	0m0.131s
+ tee -a /home/ggml/results/llama.cpp/d0/a71233fbf8ade8ef06ad8e6b81d1d7b254895f/ggml-0-x86-cpu-low-perf/ctest_debug-make.log
+ make -j
[  0%] Generating build details from Git
[  1%] Building CXX object common/CMakeFiles/json-schema-to-grammar.dir/json-schema-to-grammar.cpp.o
[  2%] Building C object CMakeFiles/ggml.dir/ggml.c.o
[  2%] Building C object CMakeFiles/ggml.dir/ggml-alloc.c.o
-- Found Git: /usr/bin/git (found version "2.34.1") 
[  3%] Building C object CMakeFiles/ggml.dir/ggml-backend.c.o
[  3%] Building C object CMakeFiles/ggml.dir/ggml-quants.c.o
[  4%] Building CXX object common/CMakeFiles/build_info.dir/build-info.cpp.o
[  4%] Built target build_info
[  4%] Built target ggml
[  5%] Linking C static library libggml_static.a
[  7%] Building CXX object CMakeFiles/llama.dir/llama.cpp.o
[  7%] Building CXX object examples/gguf/CMakeFiles/gguf.dir/gguf.cpp.o
[  7%] Building CXX object CMakeFiles/llama.dir/unicode.cpp.o
[  7%] Built target ggml_static
[  7%] Linking CXX executable ../../bin/gguf
[  7%] Built target gguf
[  7%] Built target json-schema-to-grammar
[  8%] Linking CXX static library libllama.a
[  8%] Built target llama
[  8%] Building C object tests/CMakeFiles/test-c.dir/test-c.c.o
[  8%] Building CXX object examples/benchmark/CMakeFiles/benchmark.dir/benchmark-matmult.cpp.o
[  9%] Building CXX object common/CMakeFiles/common.dir/common.cpp.o
[  9%] Building CXX object common/CMakeFiles/common.dir/sampling.cpp.o
[ 10%] Building CXX object examples/llava/CMakeFiles/llava.dir/llava.cpp.o
[ 11%] Building CXX object examples/quantize/CMakeFiles/quantize.dir/quantize.cpp.o
[ 11%] Building CXX object examples/quantize-stats/CMakeFiles/quantize-stats.dir/quantize-stats.cpp.o
[ 13%] Building CXX object examples/llava/CMakeFiles/llava.dir/clip.cpp.o
[ 14%] Building CXX object common/CMakeFiles/common.dir/grammar-parser.cpp.o
[ 14%] Building CXX object common/CMakeFiles/common.dir/console.cpp.o
[ 14%] Building CXX object common/CMakeFiles/common.dir/train.cpp.o
[ 15%] Linking CXX executable ../bin/test-c
[ 15%] Built target test-c
[ 16%] Linking CXX executable ../../bin/benchmark
[ 16%] Built target benchmark
[ 17%] Linking CXX executable ../../bin/quantize
[ 17%] Built target quantize
[ 18%] Linking CXX executable ../../bin/quantize-stats
[ 18%] Built target quantize-stats
[ 18%] Built target llava
[ 18%] Linking CXX static library libllava_static.a
[ 18%] Built target llava_static
[ 19%] Linking CXX static library libcommon.a
[ 19%] Built target common
[ 20%] Building CXX object tests/CMakeFiles/test-quantize-perf.dir/test-quantize-perf.cpp.o
[ 21%] Building CXX object tests/CMakeFiles/test-quantize-fns.dir/get-model.cpp.o
[ 22%] Building CXX object tests/CMakeFiles/test-quantize-fns.dir/test-quantize-fns.cpp.o
[ 22%] Building CXX object tests/CMakeFiles/test-quantize-perf.dir/get-model.cpp.o
[ 23%] Building CXX object tests/CMakeFiles/test-sampling.dir/test-sampling.cpp.o
[ 24%] Building CXX object tests/CMakeFiles/test-tokenizer-0-llama.dir/get-model.cpp.o
[ 25%] Building CXX object tests/CMakeFiles/test-chat-template.dir/test-chat-template.cpp.o
[ 25%] Building CXX object tests/CMakeFiles/test-sampling.dir/get-model.cpp.o
[ 25%] Building CXX object tests/CMakeFiles/test-tokenizer-0-llama.dir/test-tokenizer-0-llama.cpp.o
[ 25%] Building CXX object tests/CMakeFiles/test-chat-template.dir/get-model.cpp.o
[ 26%] Building CXX object tests/CMakeFiles/test-tokenizer-0-falcon.dir/test-tokenizer-0-falcon.cpp.o
[ 26%] Building CXX object tests/CMakeFiles/test-tokenizer-1-llama.dir/get-model.cpp.o
[ 27%] Building CXX object tests/CMakeFiles/test-tokenizer-1-llama.dir/test-tokenizer-1-llama.cpp.o
[ 27%] Building CXX object tests/CMakeFiles/test-tokenizer-1-baichuan.dir/test-tokenizer-1-llama.cpp.o
[ 27%] Building CXX object tests/CMakeFiles/test-tokenizer-0-falcon.dir/get-model.cpp.o
[ 28%] Building CXX object tests/CMakeFiles/test-tokenizer-1-baichuan.dir/get-model.cpp.o
[ 28%] Building CXX object tests/CMakeFiles/test-tokenizer-1-aquila.dir/test-tokenizer-1-bpe.cpp.o
[ 29%] Building CXX object tests/CMakeFiles/test-tokenizer-1-aquila.dir/get-model.cpp.o
[ 29%] Building CXX object tests/CMakeFiles/test-tokenizer-1-mpt.dir/get-model.cpp.o
[ 30%] Building CXX object tests/CMakeFiles/test-tokenizer-1-mpt.dir/test-tokenizer-1-bpe.cpp.o
[ 30%] Building CXX object tests/CMakeFiles/test-tokenizer-1-falcon.dir/test-tokenizer-1-bpe.cpp.o
[ 31%] Building CXX object tests/CMakeFiles/test-tokenizer-1-falcon.dir/get-model.cpp.o
[ 31%] Building CXX object tests/CMakeFiles/test-tokenizer-1-stablelm-3b-4e1t.dir/get-model.cpp.o
[ 32%] Building CXX object tests/CMakeFiles/test-tokenizer-1-stablelm-3b-4e1t.dir/test-tokenizer-1-bpe.cpp.o
[ 33%] Building CXX object tests/CMakeFiles/test-tokenizer-1-gpt-neox.dir/test-tokenizer-1-bpe.cpp.o
[ 34%] Building CXX object tests/CMakeFiles/test-tokenizer-1-gpt-neox.dir/get-model.cpp.o
[ 34%] Building CXX object tests/CMakeFiles/test-tokenizer-1-refact.dir/get-model.cpp.o
[ 35%] Building CXX object tests/CMakeFiles/test-tokenizer-1-refact.dir/test-tokenizer-1-bpe.cpp.o
[ 36%] Building CXX object tests/CMakeFiles/test-tokenizer-1-gpt2.dir/test-tokenizer-1-bpe.cpp.o
[ 36%] Building CXX object tests/CMakeFiles/test-tokenizer-1-starcoder.dir/test-tokenizer-1-bpe.cpp.o
[ 37%] Building CXX object tests/CMakeFiles/test-tokenizer-1-starcoder.dir/get-model.cpp.o
[ 38%] Building CXX object tests/CMakeFiles/test-tokenizer-1-gpt2.dir/get-model.cpp.o
[ 38%] Building CXX object tests/CMakeFiles/test-grammar-parser.dir/test-grammar-parser.cpp.o
[ 39%] Building CXX object tests/CMakeFiles/test-grammar-parser.dir/get-model.cpp.o
[ 40%] Building CXX object tests/CMakeFiles/test-llama-grammar.dir/get-model.cpp.o
[ 40%] Building CXX object tests/CMakeFiles/test-llama-grammar.dir/test-llama-grammar.cpp.o
[ 40%] Building CXX object tests/CMakeFiles/test-grad0.dir/test-grad0.cpp.o
[ 40%] Building CXX object tests/CMakeFiles/test-backend-ops.dir/test-backend-ops.cpp.o
[ 41%] Building CXX object tests/CMakeFiles/test-rope.dir/test-rope.cpp.o
[ 42%] Building CXX object tests/CMakeFiles/test-grad0.dir/get-model.cpp.o
[ 43%] Building CXX object tests/CMakeFiles/test-backend-ops.dir/get-model.cpp.o
[ 43%] Building CXX object tests/CMakeFiles/test-rope.dir/get-model.cpp.o
[ 44%] Building CXX object tests/CMakeFiles/test-model-load-cancel.dir/test-model-load-cancel.cpp.o
[ 45%] Building CXX object tests/CMakeFiles/test-model-load-cancel.dir/get-model.cpp.o
[ 46%] Building CXX object tests/CMakeFiles/test-autorelease.dir/test-autorelease.cpp.o
[ 46%] Building CXX object tests/CMakeFiles/test-autorelease.dir/get-model.cpp.o
[ 46%] Building CXX object tests/CMakeFiles/test-json-schema-to-grammar.dir/test-json-schema-to-grammar.cpp.o
[ 47%] Building CXX object tests/CMakeFiles/test-json-schema-to-grammar.dir/get-model.cpp.o
[ 47%] Building CXX object examples/baby-llama/CMakeFiles/baby-llama.dir/baby-llama.cpp.o
[ 47%] Building CXX object examples/batched/CMakeFiles/batched.dir/batched.cpp.o
[ 48%] Building CXX object examples/batched-bench/CMakeFiles/batched-bench.dir/batched-bench.cpp.o
[ 49%] Building CXX object examples/beam-search/CMakeFiles/beam-search.dir/beam-search.cpp.o
[ 50%] Building CXX object examples/convert-llama2c-to-ggml/CMakeFiles/convert-llama2c-to-ggml.dir/convert-llama2c-to-ggml.cpp.o
[ 51%] Building CXX object examples/embedding/CMakeFiles/embedding.dir/embedding.cpp.o
[ 51%] Building CXX object examples/finetune/CMakeFiles/finetune.dir/finetune.cpp.o
[ 51%] Building CXX object examples/gritlm/CMakeFiles/gritlm.dir/gritlm.cpp.o
[ 52%] Building CXX object examples/gguf-split/CMakeFiles/gguf-split.dir/gguf-split.cpp.o
[ 53%] Building CXX object examples/infill/CMakeFiles/infill.dir/infill.cpp.o
[ 53%] Linking CXX executable ../bin/test-model-load-cancel
[ 54%] Building CXX object examples/llama-bench/CMakeFiles/llama-bench.dir/llama-bench.cpp.o
[ 54%] Building CXX object examples/llava/CMakeFiles/llava-cli.dir/llava-cli.cpp.o
[ 54%] Building CXX object examples/tokenize/CMakeFiles/tokenize.dir/tokenize.cpp.o
[ 55%] Building CXX object examples/main/CMakeFiles/main.dir/main.cpp.o
[ 56%] Building CXX object examples/parallel/CMakeFiles/parallel.dir/parallel.cpp.o
[ 56%] Building CXX object examples/perplexity/CMakeFiles/perplexity.dir/perplexity.cpp.o
[ 56%] Building CXX object examples/save-load-state/CMakeFiles/save-load-state.dir/save-load-state.cpp.o
[ 57%] Building CXX object examples/simple/CMakeFiles/simple.dir/simple.cpp.o
[ 58%] Building CXX object examples/passkey/CMakeFiles/passkey.dir/passkey.cpp.o
[ 58%] Building CXX object examples/speculative/CMakeFiles/speculative.dir/speculative.cpp.o
[ 59%] Building CXX object examples/lookahead/CMakeFiles/lookahead.dir/lookahead.cpp.o
[ 59%] Building CXX object examples/lookup/CMakeFiles/lookup.dir/lookup.cpp.o
[ 60%] Building CXX object examples/train-text-from-scratch/CMakeFiles/train-text-from-scratch.dir/train-text-from-scratch.cpp.o
[ 61%] Building CXX object examples/server/CMakeFiles/server.dir/server.cpp.o
[ 62%] Building CXX object examples/imatrix/CMakeFiles/imatrix.dir/imatrix.cpp.o
[ 63%] Building CXX object examples/export-lora/CMakeFiles/export-lora.dir/export-lora.cpp.o
[ 64%] Building CXX object pocs/vdot/CMakeFiles/vdot.dir/vdot.cpp.o
[ 65%] Building CXX object pocs/vdot/CMakeFiles/q8dot.dir/q8dot.cpp.o
[ 66%] Linking CXX executable ../bin/test-grad0
[ 67%] Linking CXX executable ../bin/test-rope
[ 68%] Linking CXX executable ../bin/test-autorelease
[ 68%] Linking CXX executable ../bin/test-quantize-fns
[ 69%] Linking CXX executable ../bin/test-chat-template
[ 69%] Built target test-grad0
[ 70%] Linking CXX executable ../bin/test-sampling
[ 70%] Built target test-rope
[ 71%] Linking CXX executable ../bin/test-grammar-parser
[ 71%] Built target test-quantize-fns
[ 71%] Built target test-model-load-cancel
[ 72%] Linking CXX executable ../../bin/baby-llama
[ 72%] Linking CXX executable ../../bin/q8dot
[ 73%] Linking CXX executable ../../bin/vdot
[ 74%] Linking CXX executable ../../bin/tokenize
[ 75%] Linking CXX executable ../bin/test-tokenizer-1-llama
[ 76%] Linking CXX executable ../bin/test-tokenizer-1-baichuan
[ 76%] Built target q8dot
[ 76%] Linking CXX executable ../bin/test-tokenizer-1-falcon
[ 77%] Linking CXX executable ../bin/test-tokenizer-1-aquila
[ 77%] Built target test-autorelease
[ 78%] Linking CXX executable ../bin/test-tokenizer-1-stablelm-3b-4e1t
[ 79%] Linking CXX executable ../bin/test-tokenizer-1-refact
[ 79%] Linking CXX executable ../bin/test-tokenizer-1-gpt-neox
[ 80%] Linking CXX executable ../bin/test-tokenizer-1-mpt
[ 80%] Linking CXX executable ../bin/test-tokenizer-1-gpt2
[ 80%] Built target test-grammar-parser
[ 81%] Linking CXX executable ../bin/test-tokenizer-1-starcoder
[ 81%] Built target vdot
[ 81%] Built target test-chat-template
[ 82%] Linking CXX executable ../bin/test-quantize-perf
[ 83%] Linking CXX executable ../bin/test-tokenizer-0-llama
[ 84%] Linking CXX executable ../bin/test-tokenizer-0-falcon
[ 85%] Linking CXX executable ../../bin/beam-search
[ 85%] Built target test-sampling
[ 86%] Linking CXX executable ../../bin/gguf-split
[ 86%] Linking CXX executable ../../bin/batched-bench
[ 87%] Linking CXX executable ../../bin/save-load-state
[ 88%] Linking CXX executable ../../bin/batched
[ 89%] Linking CXX executable ../../bin/simple
[ 90%] Linking CXX executable ../../bin/llava-cli
[ 91%] Linking CXX executable ../../bin/passkey
[ 92%] Linking CXX executable ../../bin/gritlm
[ 92%] Built target baby-llama
[ 92%] Linking CXX executable ../../bin/embedding
[ 92%] Built target gguf-split
[ 92%] Built target test-quantize-perf
[ 93%] Linking CXX executable ../../bin/lookup
[ 93%] Linking CXX executable ../../bin/parallel
[ 93%] Built target tokenize
[ 94%] Linking CXX executable ../../bin/export-lora
[ 95%] Linking CXX executable ../../bin/lookahead
[ 95%] Linking CXX executable ../../bin/train-text-from-scratch
[ 96%] Linking CXX executable ../../bin/finetune
[ 96%] Linking CXX executable ../../bin/convert-llama2c-to-ggml
[ 96%] Linking CXX executable ../../bin/infill
[ 96%] Built target export-lora
[ 96%] Built target test-tokenizer-1-llama
[ 96%] Built target convert-llama2c-to-ggml
[ 96%] Built target test-tokenizer-1-baichuan
[ 96%] Built target test-tokenizer-1-falcon
[ 96%] Built target test-tokenizer-1-aquila
[ 96%] Built target test-tokenizer-1-stablelm-3b-4e1t
[ 96%] Built target test-tokenizer-1-refact
[ 96%] Built target beam-search
[ 96%] Built target test-tokenizer-1-gpt2
[ 96%] Built target test-tokenizer-1-mpt
[ 96%] Built target test-tokenizer-1-gpt-neox
[ 96%] Built target test-tokenizer-1-starcoder
[ 96%] Built target batched-bench
[ 96%] Built target save-load-state
[ 96%] Built target batched
[ 96%] Built target simple
[ 96%] Built target test-tokenizer-0-falcon
[ 96%] Built target gritlm
[ 96%] Built target passkey
[ 96%] Linking CXX executable ../../bin/main
[ 96%] Built target test-tokenizer-0-llama
[ 96%] Built target embedding
[ 97%] Linking CXX executable ../../bin/speculative
[ 97%] Linking CXX executable ../../bin/imatrix
[ 97%] Built target llava-cli
[ 97%] Built target lookup
[ 97%] Built target parallel
[ 97%] Built target train-text-from-scratch
[ 98%] Linking CXX executable ../bin/test-backend-ops
[ 98%] Built target lookahead
[ 98%] Built target finetune
[ 98%] Built target infill
[ 98%] Built target test-backend-ops
[ 98%] Built target main
[ 98%] Built target imatrix
[ 98%] Built target speculative
[ 99%] Linking CXX executable ../../bin/perplexity
[ 99%] Built target perplexity
[ 99%] Linking CXX executable ../../bin/llama-bench
[100%] Linking CXX executable ../bin/test-json-schema-to-grammar
[100%] Built target llama-bench
[100%] Built target test-json-schema-to-grammar
[100%] Linking CXX executable ../bin/test-llama-grammar
[100%] Built target test-llama-grammar
[100%] Linking CXX executable ../../bin/server
[100%] Built target server

real	0m52.269s
user	2m26.575s
sys	0m13.177s
+ tee -a /home/ggml/results/llama.cpp/d0/a71233fbf8ade8ef06ad8e6b81d1d7b254895f/ggml-0-x86-cpu-low-perf/ctest_debug-ctest.log
+ ctest --output-on-failure -L main -E test-opt
Test project /home/ggml/work/llama.cpp/build-ci-debug
      Start  1: test-quantize-fns
 1/22 Test  #1: test-quantize-fns ...................   Passed   25.24 sec
      Start  2: test-quantize-perf
 2/22 Test  #2: test-quantize-perf ..................   Passed    9.14 sec
      Start  3: test-sampling
 3/22 Test  #3: test-sampling .......................   Passed    0.03 sec
      Start  4: test-chat-template
 4/22 Test  #4: test-chat-template ..................   Passed    0.00 sec
      Start  5: test-tokenizer-0-llama
 5/22 Test  #5: test-tokenizer-0-llama ..............   Passed    0.14 sec
      Start  6: test-tokenizer-0-falcon
 6/22 Test  #6: test-tokenizer-0-falcon .............   Passed    0.88 sec
      Start  7: test-tokenizer-1-llama
 7/22 Test  #7: test-tokenizer-1-llama ..............   Passed    6.09 sec
      Start  8: test-tokenizer-1-baichuan
 8/22 Test  #8: test-tokenizer-1-baichuan ...........   Passed    6.33 sec
      Start  9: test-tokenizer-1-falcon
 9/22 Test  #9: test-tokenizer-1-falcon .............   Passed    7.53 sec
      Start 10: test-tokenizer-1-aquila
10/22 Test #10: test-tokenizer-1-aquila .............   Passed   10.12 sec
      Start 11: test-tokenizer-1-mpt
11/22 Test #11: test-tokenizer-1-mpt ................   Passed    6.52 sec
      Start 12: test-tokenizer-1-stablelm-3b-4e1t
12/22 Test #12: test-tokenizer-1-stablelm-3b-4e1t ...   Passed    6.51 sec
      Start 13: test-tokenizer-1-gpt-neox
13/22 Test #13: test-tokenizer-1-gpt-neox ...........   Passed    6.50 sec
      Start 14: test-tokenizer-1-refact
14/22 Test #14: test-tokenizer-1-refact .............   Passed    6.31 sec
      Start 15: test-tokenizer-1-starcoder
15/22 Test #15: test-tokenizer-1-starcoder ..........   Passed    6.30 sec
      Start 16: test-tokenizer-1-gpt2
16/22 Test #16: test-tokenizer-1-gpt2 ...............   Passed    6.53 sec
      Start 17: test-grammar-parser
17/22 Test #17: test-grammar-parser .................   Passed    0.00 sec
      Start 18: test-llama-grammar
18/22 Test #18: test-llama-grammar ..................   Passed    0.00 sec
      Start 19: test-grad0
19/22 Test #19: test-grad0 ..........................   Passed    3.80 sec
      Start 20: test-backend-ops
20/22 Test #20: test-backend-ops ....................   Passed    0.00 sec
      Start 21: test-rope
21/22 Test #21: test-rope ...........................   Passed    0.06 sec
      Start 24: test-json-schema-to-grammar
22/22 Test #24: test-json-schema-to-grammar .........   Passed    0.03 sec

100% tests passed, 0 tests failed out of 22

Label Time Summary:
main    = 108.04 sec*proc (22 tests)

Total Test time (real) = 108.05 sec

real	1m48.058s
user	3m32.038s
sys	0m3.031s
+ set +e
+ cur=0
+ echo 0
+ set +x
+ gg_run_ctest_release
+ tee /home/ggml/results/llama.cpp/d0/a71233fbf8ade8ef06ad8e6b81d1d7b254895f/ggml-0-x86-cpu-low-perf/ctest_release.log
+ cd /home/ggml/work/llama.cpp
+ rm -rf build-ci-release
+ mkdir build-ci-release
+ cd build-ci-release
+ set -e
+ tee -a /home/ggml/results/llama.cpp/d0/a71233fbf8ade8ef06ad8e6b81d1d7b254895f/ggml-0-x86-cpu-low-perf/ctest_release-cmake.log
+ cmake -DCMAKE_BUILD_TYPE=Release -DLLAMA_FATAL_WARNINGS=ON ..
-- The C compiler identification is GNU 11.4.0
-- The CXX compiler identification is GNU 11.4.0
-- Detecting C compiler ABI info
-- Detecting C compiler ABI info - done
-- Check for working C compiler: /usr/bin/cc - skipped
-- Detecting C compile features
-- Detecting C compile features - done
-- Detecting CXX compiler ABI info
-- Detecting CXX compiler ABI info - done
-- Check for working CXX compiler: /usr/bin/c++ - skipped
-- Detecting CXX compile features
-- Detecting CXX compile features - done
-- Found Git: /usr/bin/git (found version "2.34.1") 
-- Looking for pthread.h
-- Looking for pthread.h - found
-- Performing Test CMAKE_HAVE_LIBC_PTHREAD
-- Performing Test CMAKE_HAVE_LIBC_PTHREAD - Success
-- Found Threads: TRUE  
-- Warning: ccache not found - consider installing it for faster compilation or disable this warning with LLAMA_CCACHE=OFF
-- CMAKE_SYSTEM_PROCESSOR: x86_64
-- x86 detected
-- Configuring done
-- Generating done
-- Build files have been written to: /home/ggml/work/llama.cpp/build-ci-release

real	0m0.469s
user	0m0.362s
sys	0m0.085s
+ tee -a /home/ggml/results/llama.cpp/d0/a71233fbf8ade8ef06ad8e6b81d1d7b254895f/ggml-0-x86-cpu-low-perf/ctest_release-make.log
+ make -j
[  1%] Building CXX object common/CMakeFiles/json-schema-to-grammar.dir/json-schema-to-grammar.cpp.o
[  2%] Building C object CMakeFiles/ggml.dir/ggml.c.o
[  3%] Building CXX object common/CMakeFiles/build_info.dir/build-info.cpp.o
[  3%] Building C object CMakeFiles/ggml.dir/ggml-alloc.c.o
[  4%] Building C object CMakeFiles/ggml.dir/ggml-backend.c.o
[  4%] Building C object CMakeFiles/ggml.dir/ggml-quants.c.o
[  4%] Built target build_info
[  4%] Built target ggml
[  5%] Building CXX object examples/gguf/CMakeFiles/gguf.dir/gguf.cpp.o
[  6%] Linking C static library libggml_static.a
[  7%] Building CXX object CMakeFiles/llama.dir/llama.cpp.o
[  7%] Building CXX object CMakeFiles/llama.dir/unicode.cpp.o
[  7%] Built target ggml_static
[  7%] Linking CXX executable ../../bin/gguf
[  7%] Built target gguf
[  7%] Built target json-schema-to-grammar
[  8%] Linking CXX static library libllama.a
[  8%] Built target llama
[  8%] Building C object tests/CMakeFiles/test-c.dir/test-c.c.o
[  9%] Building CXX object common/CMakeFiles/common.dir/common.cpp.o
[ 10%] Building CXX object common/CMakeFiles/common.dir/console.cpp.o
[ 10%] Building CXX object common/CMakeFiles/common.dir/sampling.cpp.o
[ 10%] Building CXX object examples/benchmark/CMakeFiles/benchmark.dir/benchmark-matmult.cpp.o
[ 10%] Building CXX object common/CMakeFiles/common.dir/train.cpp.o
[ 10%] Building CXX object examples/quantize-stats/CMakeFiles/quantize-stats.dir/quantize-stats.cpp.o
[ 11%] Building CXX object examples/quantize/CMakeFiles/quantize.dir/quantize.cpp.o
[ 12%] Building CXX object common/CMakeFiles/common.dir/grammar-parser.cpp.o
[ 13%] Building CXX object examples/llava/CMakeFiles/llava.dir/llava.cpp.o
[ 14%] Building CXX object examples/llava/CMakeFiles/llava.dir/clip.cpp.o
[ 15%] Linking CXX executable ../bin/test-c
[ 15%] Built target test-c
[ 16%] Linking CXX executable ../../bin/benchmark
[ 16%] Built target benchmark
[ 17%] Linking CXX executable ../../bin/quantize
[ 17%] Built target quantize
[ 18%] Linking CXX executable ../../bin/quantize-stats
[ 18%] Built target quantize-stats
[ 19%] Linking CXX static library libcommon.a
[ 19%] Built target common
[ 20%] Building CXX object tests/CMakeFiles/test-quantize-fns.dir/test-quantize-fns.cpp.o
[ 21%] Building CXX object tests/CMakeFiles/test-quantize-fns.dir/get-model.cpp.o
[ 22%] Building CXX object tests/CMakeFiles/test-sampling.dir/test-sampling.cpp.o
[ 23%] Building CXX object tests/CMakeFiles/test-quantize-perf.dir/test-quantize-perf.cpp.o
[ 23%] Building CXX object tests/CMakeFiles/test-quantize-perf.dir/get-model.cpp.o
[ 23%] Building CXX object tests/CMakeFiles/test-chat-template.dir/get-model.cpp.o
[ 24%] Building CXX object tests/CMakeFiles/test-chat-template.dir/test-chat-template.cpp.o
[ 25%] Building CXX object tests/CMakeFiles/test-tokenizer-0-falcon.dir/test-tokenizer-0-falcon.cpp.o
[ 25%] Building CXX object tests/CMakeFiles/test-tokenizer-0-llama.dir/test-tokenizer-0-llama.cpp.o
[ 26%] Building CXX object tests/CMakeFiles/test-sampling.dir/get-model.cpp.o
[ 27%] Building CXX object tests/CMakeFiles/test-tokenizer-1-llama.dir/test-tokenizer-1-llama.cpp.o
[ 27%] Building CXX object tests/CMakeFiles/test-tokenizer-0-falcon.dir/get-model.cpp.o
[ 26%] Building CXX object tests/CMakeFiles/test-tokenizer-0-llama.dir/get-model.cpp.o
[ 27%] Building CXX object tests/CMakeFiles/test-tokenizer-1-baichuan.dir/test-tokenizer-1-llama.cpp.o
[ 28%] Building CXX object tests/CMakeFiles/test-tokenizer-1-baichuan.dir/get-model.cpp.o
[ 28%] Building CXX object tests/CMakeFiles/test-tokenizer-1-llama.dir/get-model.cpp.o
[ 29%] Building CXX object tests/CMakeFiles/test-tokenizer-1-mpt.dir/test-tokenizer-1-bpe.cpp.o
[ 29%] Building CXX object tests/CMakeFiles/test-tokenizer-1-mpt.dir/get-model.cpp.o
[ 29%] Building CXX object tests/CMakeFiles/test-tokenizer-1-falcon.dir/test-tokenizer-1-bpe.cpp.o
[ 29%] Building CXX object tests/CMakeFiles/test-tokenizer-1-aquila.dir/test-tokenizer-1-bpe.cpp.o
[ 30%] Building CXX object tests/CMakeFiles/test-tokenizer-1-falcon.dir/get-model.cpp.o
[ 31%] Building CXX object tests/CMakeFiles/test-tokenizer-1-gpt-neox.dir/test-tokenizer-1-bpe.cpp.o
[ 32%] Building CXX object tests/CMakeFiles/test-tokenizer-1-aquila.dir/get-model.cpp.o
[ 33%] Building CXX object tests/CMakeFiles/test-tokenizer-1-stablelm-3b-4e1t.dir/test-tokenizer-1-bpe.cpp.o
[ 34%] Building CXX object tests/CMakeFiles/test-tokenizer-1-gpt-neox.dir/get-model.cpp.o
[ 34%] Building CXX object tests/CMakeFiles/test-tokenizer-1-stablelm-3b-4e1t.dir/get-model.cpp.o
[ 34%] Building CXX object tests/CMakeFiles/test-tokenizer-1-starcoder.dir/test-tokenizer-1-bpe.cpp.o
[ 34%] Building CXX object tests/CMakeFiles/test-tokenizer-1-refact.dir/get-model.cpp.o
[ 35%] Building CXX object tests/CMakeFiles/test-tokenizer-1-refact.dir/test-tokenizer-1-bpe.cpp.o
[ 36%] Building CXX object tests/CMakeFiles/test-tokenizer-1-starcoder.dir/get-model.cpp.o
[ 37%] Building CXX object tests/CMakeFiles/test-tokenizer-1-gpt2.dir/test-tokenizer-1-bpe.cpp.o
[ 35%] Building CXX object tests/CMakeFiles/test-grammar-parser.dir/test-grammar-parser.cpp.o
[ 38%] Building CXX object tests/CMakeFiles/test-tokenizer-1-gpt2.dir/get-model.cpp.o
[ 39%] Building CXX object tests/CMakeFiles/test-grammar-parser.dir/get-model.cpp.o
[ 39%] Building CXX object tests/CMakeFiles/test-llama-grammar.dir/test-llama-grammar.cpp.o
[ 39%] Building CXX object tests/CMakeFiles/test-grad0.dir/test-grad0.cpp.o
[ 40%] Building CXX object tests/CMakeFiles/test-backend-ops.dir/test-backend-ops.cpp.o
[ 42%] Building CXX object tests/CMakeFiles/test-llama-grammar.dir/get-model.cpp.o
[ 42%] Building CXX object tests/CMakeFiles/test-rope.dir/test-rope.cpp.o
[ 43%] Building CXX object tests/CMakeFiles/test-grad0.dir/get-model.cpp.o
[ 43%] Building CXX object tests/CMakeFiles/test-backend-ops.dir/get-model.cpp.o
[ 43%] Building CXX object tests/CMakeFiles/test-rope.dir/get-model.cpp.o
[ 44%] Building CXX object tests/CMakeFiles/test-model-load-cancel.dir/test-model-load-cancel.cpp.o
[ 45%] Building CXX object tests/CMakeFiles/test-autorelease.dir/test-autorelease.cpp.o
[ 46%] Building CXX object tests/CMakeFiles/test-model-load-cancel.dir/get-model.cpp.o
[ 46%] Building CXX object tests/CMakeFiles/test-autorelease.dir/get-model.cpp.o
[ 46%] Building CXX object tests/CMakeFiles/test-json-schema-to-grammar.dir/test-json-schema-to-grammar.cpp.o
[ 46%] Building CXX object examples/baby-llama/CMakeFiles/baby-llama.dir/baby-llama.cpp.o
[ 47%] Building CXX object tests/CMakeFiles/test-json-schema-to-grammar.dir/get-model.cpp.o
[ 47%] Building CXX object examples/batched/CMakeFiles/batched.dir/batched.cpp.o
[ 48%] Building CXX object examples/batched-bench/CMakeFiles/batched-bench.dir/batched-bench.cpp.o
[ 49%] Building CXX object examples/beam-search/CMakeFiles/beam-search.dir/beam-search.cpp.o
[ 50%] Building CXX object examples/convert-llama2c-to-ggml/CMakeFiles/convert-llama2c-to-ggml.dir/convert-llama2c-to-ggml.cpp.o
[ 51%] Building CXX object examples/embedding/CMakeFiles/embedding.dir/embedding.cpp.o
[ 51%] Building CXX object examples/finetune/CMakeFiles/finetune.dir/finetune.cpp.o
[ 51%] Building CXX object examples/gritlm/CMakeFiles/gritlm.dir/gritlm.cpp.o
[ 52%] Building CXX object examples/infill/CMakeFiles/infill.dir/infill.cpp.o
[ 53%] Building CXX object examples/gguf-split/CMakeFiles/gguf-split.dir/gguf-split.cpp.o
[ 54%] Building CXX object examples/llama-bench/CMakeFiles/llama-bench.dir/llama-bench.cpp.o
[ 55%] Building CXX object examples/parallel/CMakeFiles/parallel.dir/parallel.cpp.o
[ 56%] Building CXX object examples/main/CMakeFiles/main.dir/main.cpp.o
[ 56%] Building CXX object examples/tokenize/CMakeFiles/tokenize.dir/tokenize.cpp.o
[ 56%] Building CXX object examples/perplexity/CMakeFiles/perplexity.dir/perplexity.cpp.o
[ 56%] Building CXX object examples/save-load-state/CMakeFiles/save-load-state.dir/save-load-state.cpp.o
[ 56%] Linking CXX executable ../bin/test-model-load-cancel
[ 57%] Building CXX object examples/simple/CMakeFiles/simple.dir/simple.cpp.o
[ 58%] Building CXX object examples/passkey/CMakeFiles/passkey.dir/passkey.cpp.o
[ 58%] Building CXX object examples/speculative/CMakeFiles/speculative.dir/speculative.cpp.o
[ 59%] Building CXX object examples/lookahead/CMakeFiles/lookahead.dir/lookahead.cpp.o
[ 59%] Building CXX object examples/lookup/CMakeFiles/lookup.dir/lookup.cpp.o
[ 60%] Building CXX object examples/train-text-from-scratch/CMakeFiles/train-text-from-scratch.dir/train-text-from-scratch.cpp.o
[ 61%] Building CXX object examples/imatrix/CMakeFiles/imatrix.dir/imatrix.cpp.o
[ 62%] Building CXX object examples/server/CMakeFiles/server.dir/server.cpp.o
[ 63%] Building CXX object examples/export-lora/CMakeFiles/export-lora.dir/export-lora.cpp.o
[ 64%] Building CXX object pocs/vdot/CMakeFiles/vdot.dir/vdot.cpp.o
[ 65%] Building CXX object pocs/vdot/CMakeFiles/q8dot.dir/q8dot.cpp.o
[ 65%] Built target test-model-load-cancel
[ 66%] Linking CXX executable ../bin/test-rope
[ 67%] Linking CXX executable ../bin/test-autorelease
[ 67%] Linking CXX executable ../bin/test-quantize-fns
[ 67%] Built target test-rope
[ 68%] Linking CXX executable ../bin/test-chat-template
[ 68%] Built target test-quantize-fns
[ 68%] Built target test-autorelease
[ 68%] Built target test-chat-template
[ 69%] Linking CXX executable ../bin/test-grammar-parser
[ 69%] Built target test-grammar-parser
[ 70%] Linking CXX executable ../../bin/tokenize
[ 71%] Linking CXX executable ../bin/test-sampling
[ 72%] Linking CXX executable ../bin/test-tokenizer-1-mpt
[ 72%] Linking CXX executable ../../bin/q8dot
[ 73%] Linking CXX executable ../bin/test-tokenizer-1-llama
[ 74%] Linking CXX executable ../bin/test-tokenizer-1-refact
[ 74%] Linking CXX executable ../bin/test-tokenizer-1-gpt-neox
[ 75%] Linking CXX executable ../bin/test-tokenizer-1-stablelm-3b-4e1t
[ 76%] Linking CXX executable ../bin/test-tokenizer-1-baichuan
[ 76%] Linking CXX executable ../bin/test-tokenizer-1-gpt2
[ 78%] Linking CXX executable ../bin/test-tokenizer-1-starcoder
[ 78%] Linking CXX executable ../bin/test-tokenizer-1-aquila
[ 78%] Linking CXX executable ../bin/test-tokenizer-1-falcon
[ 79%] Linking CXX executable ../../bin/baby-llama
[ 79%] Built target tokenize
[ 80%] Linking CXX executable ../../bin/vdot
[ 80%] Built target test-sampling
[ 80%] Built target q8dot
[ 80%] Built target test-tokenizer-1-mpt
[ 81%] Linking CXX executable ../../bin/beam-search
[ 81%] Built target test-tokenizer-1-refact
[ 81%] Built target test-tokenizer-1-llama
[ 81%] Built target test-tokenizer-1-gpt-neox
[ 81%] Built target test-tokenizer-1-gpt2
[ 81%] Built target test-tokenizer-1-stablelm-3b-4e1t
[ 81%] Built target test-tokenizer-1-baichuan
[ 81%] Built target test-tokenizer-1-aquila
[ 81%] Built target vdot
[ 81%] Built target test-tokenizer-1-starcoder
[ 81%] Built target baby-llama
[ 81%] Built target test-tokenizer-1-falcon
[ 82%] Linking CXX executable ../../bin/save-load-state
[ 82%] Built target beam-search
[ 83%] Linking CXX executable ../bin/test-grad0
[ 84%] Linking CXX executable ../../bin/simple
[ 84%] Built target save-load-state
[ 85%] Linking CXX executable ../bin/test-quantize-perf
[ 85%] Linking CXX executable ../../bin/embedding
[ 86%] Linking CXX executable ../../bin/gguf-split
[ 87%] Linking CXX executable ../../bin/gritlm
[ 88%] Linking CXX executable ../../bin/batched
[ 88%] Linking CXX executable ../../bin/batched-bench
[ 88%] Built target test-grad0
[ 88%] Built target simple
[ 88%] Built target test-quantize-perf
[ 88%] Built target gguf-split
[ 89%] Linking CXX executable ../bin/test-tokenizer-0-llama
[ 89%] Built target embedding
[ 90%] Linking CXX executable ../bin/test-tokenizer-0-falcon
[ 90%] Built target batched
[ 90%] Built target batched-bench
[ 90%] Built target gritlm
[ 91%] Linking CXX executable ../../bin/export-lora
[ 92%] Linking CXX executable ../../bin/passkey
[ 92%] Built target test-tokenizer-0-llama
[ 92%] Built target test-tokenizer-0-falcon
[ 93%] Linking CXX executable ../../bin/lookup
[ 93%] Built target export-lora
[ 93%] Built target passkey
[ 93%] Built target lookup
[ 93%] Linking CXX executable ../../bin/parallel
[ 93%] Linking CXX executable ../../bin/convert-llama2c-to-ggml
[ 94%] Linking CXX executable ../../bin/lookahead
[ 94%] Built target parallel
[ 94%] Built target convert-llama2c-to-ggml
[ 94%] Linking CXX executable ../../bin/train-text-from-scratch
[ 94%] Built target lookahead
[ 94%] Built target train-text-from-scratch
[ 94%] Linking CXX executable ../../bin/imatrix
[ 94%] Built target imatrix
[ 94%] Linking CXX executable ../../bin/infill
[ 95%] Linking CXX executable ../../bin/finetune
[ 95%] Built target infill
[ 95%] Built target finetune
[ 96%] Linking CXX executable ../../bin/speculative
[ 96%] Built target speculative
[ 96%] Linking CXX executable ../../bin/main
[ 96%] Built target main
[ 97%] Linking CXX executable ../bin/test-backend-ops
[ 97%] Built target test-backend-ops
[ 98%] Linking CXX executable ../../bin/perplexity
[ 98%] Built target perplexity
[ 98%] Built target llava
[ 98%] Linking CXX static library libllava_static.a
[ 98%] Building CXX object examples/llava/CMakeFiles/llava-cli.dir/llava-cli.cpp.o
[ 98%] Built target llava_static
[ 99%] Linking CXX executable ../../bin/llava-cli
[ 99%] Built target llava-cli
[100%] Linking CXX executable ../bin/test-json-schema-to-grammar
[100%] Built target test-json-schema-to-grammar
[100%] Linking CXX executable ../../bin/llama-bench
[100%] Built target llama-bench
[100%] Linking CXX executable ../bin/test-llama-grammar
[100%] Built target test-llama-grammar
[100%] Linking CXX executable ../../bin/server
[100%] Built target server

real	1m15.790s
user	3m22.011s
sys	0m9.455s
+ '[' -z 1 ']'
+ tee -a /home/ggml/results/llama.cpp/d0/a71233fbf8ade8ef06ad8e6b81d1d7b254895f/ggml-0-x86-cpu-low-perf/ctest_release-ctest.log
+ ctest --output-on-failure -L main -E test-opt
Test project /home/ggml/work/llama.cpp/build-ci-release
      Start  1: test-quantize-fns
 1/22 Test  #1: test-quantize-fns ...................   Passed   13.01 sec
      Start  2: test-quantize-perf
 2/22 Test  #2: test-quantize-perf ..................   Passed    4.53 sec
      Start  3: test-sampling
 3/22 Test  #3: test-sampling .......................   Passed    0.01 sec
      Start  4: test-chat-template
 4/22 Test  #4: test-chat-template ..................   Passed    0.00 sec
      Start  5: test-tokenizer-0-llama
 5/22 Test  #5: test-tokenizer-0-llama ..............   Passed    0.03 sec
      Start  6: test-tokenizer-0-falcon
 6/22 Test  #6: test-tokenizer-0-falcon .............   Passed    0.18 sec
      Start  7: test-tokenizer-1-llama
 7/22 Test  #7: test-tokenizer-1-llama ..............   Passed    0.78 sec
      Start  8: test-tokenizer-1-baichuan
 8/22 Test  #8: test-tokenizer-1-baichuan ...........   Passed    0.81 sec
      Start  9: test-tokenizer-1-falcon
 9/22 Test  #9: test-tokenizer-1-falcon .............   Passed    0.91 sec
      Start 10: test-tokenizer-1-aquila
10/22 Test #10: test-tokenizer-1-aquila .............   Passed    1.28 sec
      Start 11: test-tokenizer-1-mpt
11/22 Test #11: test-tokenizer-1-mpt ................   Passed    0.77 sec
      Start 12: test-tokenizer-1-stablelm-3b-4e1t
12/22 Test #12: test-tokenizer-1-stablelm-3b-4e1t ...   Passed    0.77 sec
      Start 13: test-tokenizer-1-gpt-neox
13/22 Test #13: test-tokenizer-1-gpt-neox ...........   Passed    0.77 sec
      Start 14: test-tokenizer-1-refact
14/22 Test #14: test-tokenizer-1-refact .............   Passed    0.79 sec
      Start 15: test-tokenizer-1-starcoder
15/22 Test #15: test-tokenizer-1-starcoder ..........   Passed    0.76 sec
      Start 16: test-tokenizer-1-gpt2
16/22 Test #16: test-tokenizer-1-gpt2 ...............   Passed    0.79 sec
      Start 17: test-grammar-parser
17/22 Test #17: test-grammar-parser .................   Passed    0.00 sec
      Start 18: test-llama-grammar
18/22 Test #18: test-llama-grammar ..................   Passed    0.00 sec
      Start 19: test-grad0
19/22 Test #19: test-grad0 ..........................   Passed    3.61 sec
      Start 20: test-backend-ops
20/22 Test #20: test-backend-ops ....................   Passed    0.00 sec
      Start 21: test-rope
21/22 Test #21: test-rope ...........................   Passed    0.05 sec
      Start 24: test-json-schema-to-grammar
22/22 Test #24: test-json-schema-to-grammar .........   Passed    0.00 sec

100% tests passed, 0 tests failed out of 22

Label Time Summary:
main    =  29.86 sec*proc (22 tests)

Total Test time (real) =  29.86 sec

real	0m29.871s
user	0m44.093s
sys	0m2.738s
+ set +e
+ cur=0
+ echo 0
+ set +x
