+ cmake -DCMAKE_BUILD_TYPE=Debug ..
-- The C compiler identification is GNU 11.4.0
-- The CXX compiler identification is GNU 11.4.0
-- Detecting C compiler ABI info
-- Detecting C compiler ABI info - done
-- Check for working C compiler: /usr/bin/cc - skipped
-- Detecting C compile features
-- Detecting C compile features - done
-- Detecting CXX compiler ABI info
-- Detecting CXX compiler ABI info - done
-- Check for working CXX compiler: /usr/bin/c++ - skipped
-- Detecting CXX compile features
-- Detecting CXX compile features - done
-- Found Git: /usr/bin/git (found version "2.34.1") 
-- Looking for pthread.h
-- Looking for pthread.h - found
-- Performing Test CMAKE_HAVE_LIBC_PTHREAD
-- Performing Test CMAKE_HAVE_LIBC_PTHREAD - Success
-- Found Threads: TRUE  
-- CMAKE_SYSTEM_PROCESSOR: x86_64
-- x86 detected
-- Configuring done
-- Generating done
-- Build files have been written to: /home/ggml/work/llama.cpp/build-ci-debug

real	0m0.382s
user	0m0.287s
sys	0m0.080s
+ make -j
[  3%] Building C object CMakeFiles/ggml.dir/ggml.c.o
[  3%] Building C object CMakeFiles/ggml.dir/ggml-alloc.c.o
[  6%] Building C object CMakeFiles/ggml.dir/k_quants.c.o
[  6%] Built target BUILD_INFO
[  6%] Built target ggml
[  8%] Linking C static library libggml_static.a
[ 10%] Building CXX object CMakeFiles/llama.dir/llama.cpp.o
[ 10%] Built target ggml_static
[ 12%] Linking CXX static library libllama.a
[ 12%] Built target llama
[ 13%] Building CXX object tests/CMakeFiles/test-quantize-perf.dir/test-quantize-perf.cpp.o
[ 15%] Building CXX object tests/CMakeFiles/test-quantize-fns.dir/test-quantize-fns.cpp.o
[ 17%] Building CXX object tests/CMakeFiles/test-tokenizer-0.dir/test-tokenizer-0.cpp.o
[ 18%] Building CXX object tests/CMakeFiles/test-grammar-parser.dir/test-grammar-parser.cpp.o
[ 20%] Building CXX object tests/CMakeFiles/test-sampling.dir/test-sampling.cpp.o
[ 22%] Building CXX object tests/CMakeFiles/test-llama-grammar.dir/test-llama-grammar.cpp.o
[ 24%] Building CXX object tests/CMakeFiles/test-grad0.dir/test-grad0.cpp.o
[ 25%] Building CXX object examples/quantize/CMakeFiles/quantize.dir/quantize.cpp.o
[ 27%] Building CXX object tests/CMakeFiles/test-tokenizer-1.dir/test-tokenizer-1.cpp.o
[ 29%] Building CXX object examples/CMakeFiles/common.dir/common.cpp.o
[ 31%] Building CXX object examples/CMakeFiles/common.dir/console.cpp.o
[ 32%] Building CXX object examples/CMakeFiles/common.dir/grammar-parser.cpp.o
[ 34%] Building CXX object examples/quantize-stats/CMakeFiles/quantize-stats.dir/quantize-stats.cpp.o
[ 36%] Linking CXX executable ../bin/test-grad0
[ 36%] Built target test-grad0
[ 37%] Linking CXX executable ../../bin/quantize
[ 39%] Linking CXX executable ../bin/test-quantize-fns
[ 39%] Built target test-quantize-fns
[ 41%] Linking CXX executable ../bin/test-tokenizer-1
[ 43%] Linking CXX executable ../bin/test-tokenizer-0
[ 44%] Linking CXX executable ../bin/test-sampling
[ 44%] Built target quantize
[ 44%] Built target test-tokenizer-1
[ 44%] Built target test-tokenizer-0
[ 44%] Built target test-sampling
[ 46%] Linking CXX executable ../bin/test-grammar-parser
[ 46%] Built target test-grammar-parser
[ 48%] Linking CXX executable ../bin/test-quantize-perf
[ 48%] Built target test-quantize-perf
[ 48%] Built target common
[ 50%] Building CXX object examples/main/CMakeFiles/main.dir/main.cpp.o
[ 51%] Building CXX object examples/perplexity/CMakeFiles/perplexity.dir/perplexity.cpp.o
[ 53%] Building CXX object examples/embedding/CMakeFiles/embedding.dir/embedding.cpp.o
[ 55%] Building CXX object examples/save-load-state/CMakeFiles/save-load-state.dir/save-load-state.cpp.o
[ 56%] Building CXX object examples/benchmark/CMakeFiles/benchmark.dir/benchmark-matmult.cpp.o
[ 58%] Building CXX object examples/baby-llama/CMakeFiles/baby-llama.dir/baby-llama.cpp.o
[ 60%] Building CXX object examples/train-text-from-scratch/CMakeFiles/train-text-from-scratch.dir/train-text-from-scratch.cpp.o
[ 62%] Building CXX object examples/convert-llama2c-to-ggml/CMakeFiles/convert-llama2c-to-ggml.dir/convert-llama2c-to-ggml.cpp.o
[ 63%] Building CXX object examples/embd-input/CMakeFiles/embdinput.dir/embd-input-lib.cpp.o
[ 65%] Building CXX object examples/server/CMakeFiles/server.dir/server.cpp.o
[ 67%] Building CXX object examples/simple/CMakeFiles/simple.dir/simple.cpp.o
[ 68%] Building CXX object pocs/vdot/CMakeFiles/q8dot.dir/q8dot.cpp.o
[ 70%] Building CXX object pocs/vdot/CMakeFiles/vdot.dir/vdot.cpp.o
/home/ggml/work/llama.cpp/examples/baby-llama/baby-llama.cpp: In function ‘int main(int, char**)’:
/home/ggml/work/llama.cpp/examples/baby-llama/baby-llama.cpp:1620:32: warning: variable ‘opt_params_adam’ set but not used [-Wunused-but-set-variable]
 1620 |         struct ggml_opt_params opt_params_adam = ggml_opt_default_params(GGML_OPT_ADAM);
      |                                ^~~~~~~~~~~~~~~
/home/ggml/work/llama.cpp/examples/convert-llama2c-to-ggml/convert-llama2c-to-ggml.cpp: In function ‘void save_as_llama_model(llama_vocab*, my_llama_model*, TransformerWeights*, const char*)’:
/home/ggml/work/llama.cpp/examples/convert-llama2c-to-ggml/convert-llama2c-to-ggml.cpp:595:57: note: ‘#pragma message: TODO: implement file saving using gguf’
  595 | #pragma message("TODO: implement file saving using gguf")
      |                                                         ^
[ 72%] Linking CXX executable ../../bin/benchmark
/home/ggml/work/llama.cpp/examples/train-text-from-scratch/train-text-from-scratch.cpp: In function ‘void save_as_llama_model(llama_vocab*, my_llama_model*, const char*)’:
/home/ggml/work/llama.cpp/examples/train-text-from-scratch/train-text-from-scratch.cpp:2615:57: note: ‘#pragma message: TODO: implement file saving using gguf’
 2615 | #pragma message("TODO: implement file saving using gguf")
      |                                                         ^
[ 74%] Linking CXX executable ../../bin/embedding
[ 75%] Linking CXX executable ../../bin/q8dot
[ 77%] Linking CXX executable ../../bin/baby-llama
[ 79%] Linking CXX executable ../../bin/save-load-state
[ 81%] Linking CXX executable ../../bin/vdot
[ 82%] Linking CXX executable ../../bin/simple
[ 82%] Built target benchmark
[ 82%] Built target embedding
[ 82%] Built target q8dot
[ 82%] Built target baby-llama
[ 82%] Built target vdot
[ 82%] Built target save-load-state
[ 84%] Linking CXX executable ../../bin/convert-llama2c-to-ggml
[ 86%] Linking CXX executable ../../bin/perplexity
[ 86%] Built target simple
[ 87%] Linking CXX static library libembdinput.a
[ 87%] Built target embdinput
[ 89%] Building CXX object examples/embd-input/CMakeFiles/embd-input-test.dir/embd-input-test.cpp.o
[ 89%] Built target perplexity
[ 89%] Built target convert-llama2c-to-ggml
[ 91%] Linking CXX executable ../../bin/main
[ 91%] Built target main
In file included from /usr/include/c++/11/cassert:44,
                 from /home/ggml/work/llama.cpp/examples/server/json.hpp:2541,
                 from /home/ggml/work/llama.cpp/examples/server/server.cpp:12:
/home/ggml/work/llama.cpp/examples/server/server.cpp: In function ‘json format_timings(llama_server_context&)’:
/home/ggml/work/llama.cpp/examples/server/server.cpp:995:27: warning: comparison of integer expressions of different signedness: ‘const int32_t’ {aka ‘const int’} and ‘size_t’ {aka ‘long unsigned int’} [-Wsign-compare]
  995 |     assert(timings.n_eval == llama.num_tokens_predicted);
      |            ~~~~~~~~~~~~~~~^~~~~~~~~~~~~~~~~~~~~~~~~~~~~
[ 93%] Linking CXX executable ../../bin/embd-input-test
[ 94%] Linking CXX executable ../../bin/train-text-from-scratch
[ 94%] Built target embd-input-test
[ 96%] Linking CXX executable ../../bin/quantize-stats
[ 96%] Built target train-text-from-scratch
[ 96%] Built target quantize-stats
[ 98%] Linking CXX executable ../bin/test-llama-grammar
[ 98%] Built target test-llama-grammar
[100%] Linking CXX executable ../../bin/server
[100%] Built target server

real	0m20.257s
user	0m43.444s
sys	0m3.532s
+ ctest --output-on-failure -E test-opt
Test project /home/ggml/work/llama.cpp/build-ci-debug
    Start 1: test-quantize-fns
1/8 Test #1: test-quantize-fns ................   Passed    0.01 sec
    Start 2: test-quantize-perf
2/8 Test #2: test-quantize-perf ...............   Passed    0.04 sec
    Start 3: test-sampling
3/8 Test #3: test-sampling ....................   Passed    0.00 sec
    Start 4: test-tokenizer-0.llama
4/8 Test #4: test-tokenizer-0.llama ...........   Passed    0.02 sec
    Start 5: test-tokenizer-1.llama
5/8 Test #5: test-tokenizer-1.llama ...........   Passed    0.50 sec
    Start 6: test-grammar-parser
6/8 Test #6: test-grammar-parser ..............   Passed    0.00 sec
    Start 7: test-llama-grammar
7/8 Test #7: test-llama-grammar ...............   Passed    0.00 sec
    Start 8: test-grad0
8/8 Test #8: test-grad0 .......................   Passed    4.26 sec

100% tests passed, 0 tests failed out of 8

Total Test time (real) =   4.83 sec

real	0m4.837s
user	0m8.337s
sys	0m3.048s
