+ cmake -DCMAKE_BUILD_TYPE=Release -DLLAMA_FATAL_WARNINGS=ON ..
-- The C compiler identification is GNU 11.4.0
-- The CXX compiler identification is GNU 11.4.0
-- Detecting C compiler ABI info
-- Detecting C compiler ABI info - done
-- Check for working C compiler: /usr/bin/cc - skipped
-- Detecting C compile features
-- Detecting C compile features - done
-- Detecting CXX compiler ABI info
-- Detecting CXX compiler ABI info - done
-- Check for working CXX compiler: /usr/bin/c++ - skipped
-- Detecting CXX compile features
-- Detecting CXX compile features - done
-- Found Git: /usr/bin/git (found version "2.34.1") 
-- Performing Test CMAKE_HAVE_LIBC_PTHREAD
-- Performing Test CMAKE_HAVE_LIBC_PTHREAD - Success
-- Found Threads: TRUE  
-- ccache found, compilation results will be cached. Disable with LLAMA_CCACHE=OFF.
-- CMAKE_SYSTEM_PROCESSOR: x86_64
-- x86 detected
-- Configuring done (0.3s)
-- Generating done (0.1s)
-- Build files have been written to: /home/ggml/work/llama.cpp/build-ci-release

real	0m0.448s
user	0m0.320s
sys	0m0.107s
+ make -j
[  1%] Building C object CMakeFiles/ggml.dir/ggml.c.o
[  3%] Building C object CMakeFiles/ggml.dir/ggml-alloc.c.o
[  3%] Building CXX object common/CMakeFiles/build_info.dir/build-info.cpp.o
[  4%] Building C object CMakeFiles/ggml.dir/ggml-backend.c.o
[  5%] Building C object CMakeFiles/ggml.dir/ggml-quants.c.o
[  5%] Built target ggml
[  5%] Linking C static library libggml_static.a
[  6%] Building CXX object CMakeFiles/llama.dir/llama.cpp.o
[  7%] Building CXX object examples/gguf/CMakeFiles/gguf.dir/gguf.cpp.o
[  7%] Built target build_info
[  8%] Linking CXX executable ../../bin/gguf
[  9%] Linking CXX static library libllama.a
[  9%] Built target ggml_static
[  9%] Built target llama
[ 10%] Building CXX object common/CMakeFiles/common.dir/common.cpp.o
[ 11%] Building CXX object examples/benchmark/CMakeFiles/benchmark.dir/benchmark-matmult.cpp.o
[ 12%] Building C object tests/CMakeFiles/test-c.dir/test-c.c.o
[ 12%] Building CXX object examples/quantize/CMakeFiles/quantize.dir/quantize.cpp.o
[ 13%] Building CXX object examples/quantize-stats/CMakeFiles/quantize-stats.dir/quantize-stats.cpp.o
[ 14%] Building CXX object common/CMakeFiles/common.dir/sampling.cpp.o
[ 15%] Building CXX object examples/llava/CMakeFiles/llava.dir/llava.cpp.o
[ 16%] Building CXX object examples/llava/CMakeFiles/llava.dir/clip.cpp.o
[ 17%] Building CXX object common/CMakeFiles/common.dir/console.cpp.o
[ 17%] Building CXX object common/CMakeFiles/common.dir/grammar-parser.cpp.o
[ 18%] Linking CXX executable ../bin/test-c
[ 19%] Linking CXX executable ../../bin/quantize
[ 20%] Linking CXX executable ../../bin/benchmark
[ 20%] Built target llava
[ 21%] Linking CXX executable ../../bin/quantize-stats
[ 22%] Building CXX object common/CMakeFiles/common.dir/train.cpp.o
[ 23%] Linking CXX static library libcommon.a
[ 23%] Built target gguf
[ 23%] Linking CXX static library libllava_static.a
[ 23%] Built target llava_static
[ 23%] Built target common
[ 23%] Built target test-c
[ 23%] Building CXX object tests/CMakeFiles/test-chat-template.dir/test-chat-template.cpp.o
[ 23%] Building CXX object tests/CMakeFiles/test-quantize-fns.dir/test-quantize-fns.cpp.o
[ 24%] Building CXX object tests/CMakeFiles/test-quantize-perf.dir/get-model.cpp.o
[ 25%] Building CXX object tests/CMakeFiles/test-quantize-fns.dir/get-model.cpp.o
[ 25%] Building CXX object tests/CMakeFiles/test-tokenizer-0-llama.dir/test-tokenizer-0-llama.cpp.o
[ 26%] Building CXX object tests/CMakeFiles/test-tokenizer-0-llama.dir/get-model.cpp.o
[ 27%] Building CXX object tests/CMakeFiles/test-chat-template.dir/get-model.cpp.o
[ 28%] Building CXX object tests/CMakeFiles/test-quantize-perf.dir/test-quantize-perf.cpp.o
[ 29%] Building CXX object tests/CMakeFiles/test-sampling.dir/test-sampling.cpp.o
[ 30%] Building CXX object tests/CMakeFiles/test-tokenizer-1-llama.dir/test-tokenizer-1-llama.cpp.o
[ 31%] Building CXX object tests/CMakeFiles/test-tokenizer-0-falcon.dir/test-tokenizer-0-falcon.cpp.o
[ 32%] Building CXX object tests/CMakeFiles/test-tokenizer-1-llama.dir/get-model.cpp.o
[ 33%] Linking CXX executable ../bin/test-quantize-fns
[ 34%] Building CXX object tests/CMakeFiles/test-tokenizer-1-bpe.dir/test-tokenizer-1-bpe.cpp.o
[ 34%] Building CXX object tests/CMakeFiles/test-sampling.dir/get-model.cpp.o
[ 35%] Building CXX object tests/CMakeFiles/test-tokenizer-0-falcon.dir/get-model.cpp.o
[ 36%] Building CXX object tests/CMakeFiles/test-grammar-parser.dir/test-grammar-parser.cpp.o
[ 37%] Building CXX object tests/CMakeFiles/test-tokenizer-1-bpe.dir/get-model.cpp.o
[ 38%] Linking CXX executable ../bin/test-tokenizer-0-llama
[ 39%] Linking CXX executable ../bin/test-tokenizer-1-llama
[ 40%] Building CXX object tests/CMakeFiles/test-grammar-parser.dir/get-model.cpp.o
[ 41%] Linking CXX executable ../bin/test-chat-template
[ 42%] Linking CXX executable ../bin/test-tokenizer-0-falcon
[ 42%] Built target quantize
[ 43%] Linking CXX executable ../bin/test-sampling
[ 44%] Building CXX object tests/CMakeFiles/test-llama-grammar.dir/test-llama-grammar.cpp.o
[ 45%] Building CXX object tests/CMakeFiles/test-grad0.dir/test-grad0.cpp.o
[ 45%] Building CXX object tests/CMakeFiles/test-llama-grammar.dir/get-model.cpp.o
[ 45%] Built target benchmark
[ 45%] Linking CXX executable ../bin/test-quantize-perf
[ 45%] Linking CXX executable ../bin/test-tokenizer-1-bpe
[ 46%] Building CXX object tests/CMakeFiles/test-grad0.dir/get-model.cpp.o
[ 47%] Linking CXX executable ../bin/test-grammar-parser
[ 49%] Building CXX object examples/convert-llama2c-to-ggml/CMakeFiles/convert-llama2c-to-ggml.dir/convert-llama2c-to-ggml.cpp.o
[ 49%] Building CXX object tests/CMakeFiles/test-rope.dir/get-model.cpp.o
[ 50%] Building CXX object tests/CMakeFiles/test-autorelease.dir/get-model.cpp.o
[ 51%] Building CXX object tests/CMakeFiles/test-autorelease.dir/test-autorelease.cpp.o
[ 52%] Building CXX object tests/CMakeFiles/test-backend-ops.dir/get-model.cpp.o
[ 52%] Built target quantize-stats
[ 52%] Building CXX object tests/CMakeFiles/test-backend-ops.dir/test-backend-ops.cpp.o
[ 53%] Building CXX object tests/CMakeFiles/test-rope.dir/test-rope.cpp.o
[ 54%] Building CXX object examples/batched/CMakeFiles/batched.dir/batched.cpp.o
[ 55%] Linking CXX executable ../bin/test-llama-grammar
[ 55%] Linking CXX executable ../bin/test-grad0
[ 56%] Building CXX object tests/CMakeFiles/test-model-load-cancel.dir/test-model-load-cancel.cpp.o
[ 56%] Building CXX object examples/baby-llama/CMakeFiles/baby-llama.dir/baby-llama.cpp.o
[ 57%] Linking CXX executable ../../bin/batched
[ 58%] Building CXX object tests/CMakeFiles/test-model-load-cancel.dir/get-model.cpp.o
[ 59%] Building CXX object examples/batched-bench/CMakeFiles/batched-bench.dir/batched-bench.cpp.o
[ 60%] Building CXX object examples/beam-search/CMakeFiles/beam-search.dir/beam-search.cpp.o
[ 61%] Linking CXX executable ../bin/test-rope
[ 62%] Linking CXX executable ../../bin/convert-llama2c-to-ggml
[ 63%] Linking CXX executable ../bin/test-backend-ops
[ 64%] Linking CXX executable ../bin/test-autorelease
[ 65%] Linking CXX executable ../../bin/beam-search
[ 66%] Linking CXX executable ../../bin/baby-llama
[ 66%] Built target test-quantize-fns
[ 66%] Building CXX object examples/embedding/CMakeFiles/embedding.dir/embedding.cpp.o
[ 66%] Linking CXX executable ../../bin/batched-bench
[ 66%] Building CXX object examples/infill/CMakeFiles/infill.dir/infill.cpp.o
[ 67%] Building CXX object examples/finetune/CMakeFiles/finetune.dir/finetune.cpp.o
[ 68%] Linking CXX executable ../bin/test-model-load-cancel
[ 68%] Built target test-grad0
[ 69%] Linking CXX executable ../../bin/infill
[ 69%] Built target test-tokenizer-0-llama
[ 69%] Built target test-tokenizer-1-llama
[ 69%] Linking CXX executable ../../bin/finetune
[ 70%] Building CXX object examples/llama-bench/CMakeFiles/llama-bench.dir/llama-bench.cpp.o
[ 71%] Building CXX object examples/perplexity/CMakeFiles/perplexity.dir/perplexity.cpp.o
[ 72%] Building CXX object examples/llava/CMakeFiles/llava-cli.dir/llava-cli.cpp.o
[ 73%] Building CXX object examples/tokenize/CMakeFiles/tokenize.dir/tokenize.cpp.o
[ 73%] Building CXX object examples/main/CMakeFiles/main.dir/main.cpp.o
[ 74%] Linking CXX executable ../../bin/embedding
[ 75%] Linking CXX executable ../../bin/perplexity
[ 76%] Building CXX object examples/parallel/CMakeFiles/parallel.dir/parallel.cpp.o
[ 77%] Linking CXX executable ../../bin/main
[ 77%] Built target test-tokenizer-0-falcon
[ 78%] Linking CXX executable ../../bin/llava-cli
[ 78%] Linking CXX executable ../../bin/llama-bench
[ 78%] Built target convert-llama2c-to-ggml
[ 78%] Linking CXX executable ../../bin/tokenize
[ 78%] Built target test-quantize-perf
[ 78%] Built target test-grammar-parser
[ 79%] Linking CXX executable ../../bin/parallel
[ 80%] Building CXX object examples/save-load-state/CMakeFiles/save-load-state.dir/save-load-state.cpp.o
[ 81%] Building CXX object examples/passkey/CMakeFiles/passkey.dir/passkey.cpp.o
[ 81%] Built target batched-bench
[ 82%] Building CXX object examples/simple/CMakeFiles/simple.dir/simple.cpp.o
[ 82%] Built target test-autorelease
[ 82%] Built target test-backend-ops
[ 83%] Linking CXX executable ../../bin/simple
[ 83%] Linking CXX executable ../../bin/passkey
[ 83%] Linking CXX executable ../../bin/save-load-state
[ 83%] Building CXX object examples/speculative/CMakeFiles/speculative.dir/speculative.cpp.o
[ 84%] Linking CXX executable ../../bin/speculative
[ 84%] Built target test-chat-template
[ 84%] Built target batched
[ 84%] Built target beam-search
[ 84%] Built target test-rope
[ 85%] Building CXX object examples/lookahead/CMakeFiles/lookahead.dir/lookahead.cpp.o
[ 85%] Built target main
[ 85%] Built target finetune
[ 86%] Building CXX object examples/lookup/CMakeFiles/lookup.dir/lookup.cpp.o
[ 86%] Built target test-tokenizer-1-bpe
[ 86%] Built target test-sampling
[ 86%] Built target test-llama-grammar
[ 87%] Building CXX object examples/server/CMakeFiles/server.dir/server.cpp.o
[ 88%] Building CXX object examples/imatrix/CMakeFiles/imatrix.dir/imatrix.cpp.o
[ 89%] Linking CXX executable ../../bin/lookup
[ 89%] Built target test-model-load-cancel
[ 89%] Built target baby-llama
[ 90%] Linking CXX executable ../../bin/server
[ 91%] Building CXX object examples/train-text-from-scratch/CMakeFiles/train-text-from-scratch.dir/train-text-from-scratch.cpp.o
[ 92%] Linking CXX executable ../../bin/lookahead
[ 93%] Linking CXX executable ../../bin/imatrix
[ 93%] Built target infill
[ 94%] Linking CXX executable ../../bin/train-text-from-scratch
[ 94%] Built target save-load-state
[ 95%] Built target perplexity
[ 95%] Building CXX object examples/export-lora/CMakeFiles/export-lora.dir/export-lora.cpp.o
[ 96%] Building CXX object pocs/vdot/CMakeFiles/vdot.dir/vdot.cpp.o
[ 96%] Built target embedding
[ 97%] Linking CXX executable ../../bin/vdot
[ 98%] Linking CXX executable ../../bin/export-lora
[ 98%] Built target parallel
[ 98%] Built target passkey
[ 98%] Built target speculative
[ 98%] Built target tokenize
[ 98%] Built target simple
[ 99%] Building CXX object pocs/vdot/CMakeFiles/q8dot.dir/q8dot.cpp.o
[ 99%] Built target lookup
[ 99%] Built target llama-bench
[ 99%] Built target llava-cli
[ 99%] Built target imatrix
[100%] Linking CXX executable ../../bin/q8dot
[100%] Built target lookahead
[100%] Built target vdot
[100%] Built target train-text-from-scratch
[100%] Built target export-lora
[100%] Built target server
[100%] Built target q8dot

real	0m0.858s
user	0m4.798s
sys	0m1.294s
+ ctest --output-on-failure -L main
Test project /home/ggml/work/llama.cpp/build-ci-release
      Start  1: test-quantize-fns
 1/21 Test  #1: test-quantize-fns ...................   Passed    6.46 sec
      Start  2: test-quantize-perf
 2/21 Test  #2: test-quantize-perf ..................   Passed    4.53 sec
      Start  3: test-sampling
 3/21 Test  #3: test-sampling .......................   Passed    0.01 sec
      Start  4: test-chat-template
 4/21 Test  #4: test-chat-template ..................   Passed    0.00 sec
      Start  5: test-tokenizer-0-llama
 5/21 Test  #5: test-tokenizer-0-llama ..............   Passed    0.03 sec
      Start  6: test-tokenizer-0-falcon
 6/21 Test  #6: test-tokenizer-0-falcon .............   Passed    0.19 sec
      Start  7: test-tokenizer-1-llama
 7/21 Test  #7: test-tokenizer-1-llama ..............   Passed    0.43 sec
      Start  8: test-tokenizer-1-baichuan
 8/21 Test  #8: test-tokenizer-1-baichuan ...........   Passed    0.48 sec
      Start  9: test-tokenizer-1-falcon
 9/21 Test  #9: test-tokenizer-1-falcon .............   Passed    0.77 sec
      Start 10: test-tokenizer-1-aquila
10/21 Test #10: test-tokenizer-1-aquila .............   Passed    1.13 sec
      Start 11: test-tokenizer-1-mpt
11/21 Test #11: test-tokenizer-1-mpt ................   Passed    0.63 sec
      Start 12: test-tokenizer-1-stablelm-3b-4e1t
12/21 Test #12: test-tokenizer-1-stablelm-3b-4e1t ...   Passed    0.63 sec
      Start 13: test-tokenizer-1-gpt-neox
13/21 Test #13: test-tokenizer-1-gpt-neox ...........   Passed    0.63 sec
      Start 14: test-tokenizer-1-refact
14/21 Test #14: test-tokenizer-1-refact .............   Passed    0.61 sec
      Start 15: test-tokenizer-1-starcoder
15/21 Test #15: test-tokenizer-1-starcoder ..........   Passed    0.61 sec
      Start 16: test-tokenizer-1-gpt2
16/21 Test #16: test-tokenizer-1-gpt2 ...............   Passed    0.63 sec
      Start 17: test-grammar-parser
17/21 Test #17: test-grammar-parser .................   Passed    0.00 sec
      Start 18: test-llama-grammar
18/21 Test #18: test-llama-grammar ..................   Passed    0.00 sec
      Start 19: test-grad0
19/21 Test #19: test-grad0 ..........................   Passed    2.33 sec
      Start 20: test-backend-ops
20/21 Test #20: test-backend-ops ....................   Passed   27.73 sec
      Start 21: test-rope
21/21 Test #21: test-rope ...........................   Passed    0.05 sec

100% tests passed, 0 tests failed out of 21

Label Time Summary:
main    =  47.88 sec*proc (21 tests)

Total Test time (real) =  47.88 sec

real	0m47.909s
user	0m59.956s
sys	0m9.134s
