+ cmake -DCMAKE_BUILD_TYPE=Release -DLLAMA_FATAL_WARNINGS=ON -DGGML_VULKAN=1 ..
-- The C compiler identification is GNU 13.3.0
-- The CXX compiler identification is GNU 13.3.0
-- Detecting C compiler ABI info
-- Detecting C compiler ABI info - done
-- Check for working C compiler: /usr/bin/cc - skipped
-- Detecting C compile features
-- Detecting C compile features - done
-- Detecting CXX compiler ABI info
-- Detecting CXX compiler ABI info - done
-- Check for working CXX compiler: /usr/bin/c++ - skipped
-- Detecting CXX compile features
-- Detecting CXX compile features - done
-- Found Git: /usr/bin/git (found version "2.43.0") 
-- Performing Test CMAKE_HAVE_LIBC_PTHREAD
-- Performing Test CMAKE_HAVE_LIBC_PTHREAD - Success
-- Found Threads: TRUE  
-- ccache found, compilation results will be cached. Disable with GGML_CCACHE=OFF.
-- CMAKE_SYSTEM_PROCESSOR: x86_64
-- Including CPU backend
-- Found OpenMP_C: -fopenmp (found version "4.5") 
-- Found OpenMP_CXX: -fopenmp (found version "4.5") 
-- Found OpenMP: TRUE (found version "4.5")  
-- x86 detected
-- Adding CPU backend variant ggml-cpu: -march=native 
-- Found Vulkan: /usr/lib/x86_64-linux-gnu/libvulkan.so (found version "1.3.296") found components: glslc glslangValidator 
-- Vulkan found
-- GL_NV_cooperative_matrix2 not supported by glslc
-- Including Vulkan backend
-- Configuring done (1.2s)
-- Generating done (0.2s)
-- Build files have been written to: /home/ggml/work/llama.cpp/build-ci-release

real	0m1.435s
user	0m0.889s
sys	0m0.554s
++ nproc
+ make -j4
[  1%] Building CXX object common/CMakeFiles/build_info.dir/build-info.cpp.o
[  1%] Building C object ggml/src/CMakeFiles/ggml-base.dir/ggml.c.o
[  1%] Building CXX object ggml/src/ggml-vulkan/vulkan-shaders/CMakeFiles/vulkan-shaders-gen.dir/vulkan-shaders-gen.cpp.o
[  1%] Building C object examples/gguf-hash/CMakeFiles/sha256.dir/deps/sha256/sha256.c.o
[  1%] Built target sha256
[  1%] Linking CXX executable ../../../../bin/vulkan-shaders-gen
[  2%] Building C object ggml/src/CMakeFiles/ggml-base.dir/ggml-alloc.c.o
[  2%] Building CXX object ggml/src/CMakeFiles/ggml-base.dir/ggml-backend.cpp.o
[  3%] Building CXX object ggml/src/CMakeFiles/ggml-base.dir/ggml-opt.cpp.o
[  3%] Built target build_info
[  3%] Building CXX object ggml/src/CMakeFiles/ggml-base.dir/ggml-threading.cpp.o
[  4%] Building C object examples/gguf-hash/CMakeFiles/xxhash.dir/deps/xxhash/xxhash.c.o
[  5%] Building C object examples/gguf-hash/CMakeFiles/sha1.dir/deps/sha1/sha1.c.o
[  6%] Building C object ggml/src/CMakeFiles/ggml-base.dir/ggml-quants.c.o
[  6%] Built target xxhash
[  6%] Built target sha1
[  6%] Linking CXX shared library libggml-base.so
[  6%] Built target vulkan-shaders-gen
[  6%] Built target ggml-base
[  7%] Generate vulkan shaders
ggml_vulkan: Generating and compiling shaders to SPIR-V
[  8%] Building C object ggml/src/CMakeFiles/ggml-cpu.dir/ggml-cpu/ggml-cpu.c.o
[  8%] Building CXX object ggml/src/CMakeFiles/ggml-cpu.dir/ggml-cpu/ggml-cpu.cpp.o
[  9%] Building CXX object ggml/src/CMakeFiles/ggml-cpu.dir/ggml-cpu/ggml-cpu-aarch64.cpp.o
[  9%] Building CXX object ggml/src/CMakeFiles/ggml-cpu.dir/ggml-cpu/ggml-cpu-hbm.cpp.o
[ 10%] Building C object ggml/src/CMakeFiles/ggml-cpu.dir/ggml-cpu/ggml-cpu-quants.c.o
[ 10%] Building CXX object ggml/src/CMakeFiles/ggml-cpu.dir/ggml-cpu/ggml-cpu-traits.cpp.o
[ 11%] Building CXX object ggml/src/CMakeFiles/ggml-cpu.dir/ggml-cpu/amx/amx.cpp.o
[ 11%] Building CXX object ggml/src/CMakeFiles/ggml-cpu.dir/ggml-cpu/amx/mmq.cpp.o
[ 12%] Building CXX object ggml/src/CMakeFiles/ggml-cpu.dir/ggml-cpu/llamafile/sgemm.cpp.o
[ 12%] Linking CXX shared library libggml-cpu.so
[ 12%] Built target ggml-cpu
[ 13%] Building CXX object ggml/src/ggml-vulkan/CMakeFiles/ggml-vulkan.dir/ggml-vulkan-shaders.cpp.o
[ 13%] Building CXX object ggml/src/ggml-vulkan/CMakeFiles/ggml-vulkan.dir/ggml-vulkan.cpp.o
[ 13%] Linking CXX shared library libggml-vulkan.so
[ 13%] Built target ggml-vulkan
[ 13%] Building CXX object ggml/src/CMakeFiles/ggml.dir/ggml-backend-reg.cpp.o
[ 14%] Linking CXX shared library libggml.so
[ 14%] Built target ggml
[ 15%] Building CXX object examples/gguf-hash/CMakeFiles/llama-gguf-hash.dir/gguf-hash.cpp.o
[ 15%] Building CXX object src/CMakeFiles/llama.dir/llama-adapter.cpp.o
[ 15%] Building CXX object examples/gguf/CMakeFiles/llama-gguf.dir/gguf.cpp.o
[ 15%] Building CXX object src/CMakeFiles/llama.dir/llama.cpp.o
[ 17%] Linking CXX executable ../../bin/llama-gguf-hash
[ 17%] Linking CXX executable ../../bin/llama-gguf
[ 17%] Built target llama-gguf
[ 17%] Built target llama-gguf-hash
[ 18%] Building CXX object src/CMakeFiles/llama.dir/llama-arch.cpp.o
[ 18%] Building CXX object src/CMakeFiles/llama.dir/llama-batch.cpp.o
[ 19%] Building CXX object src/CMakeFiles/llama.dir/llama-chat.cpp.o
[ 19%] Building CXX object src/CMakeFiles/llama.dir/llama-context.cpp.o
[ 20%] Building CXX object src/CMakeFiles/llama.dir/llama-hparams.cpp.o
[ 20%] Building CXX object src/CMakeFiles/llama.dir/llama-impl.cpp.o
[ 21%] Building CXX object src/CMakeFiles/llama.dir/llama-grammar.cpp.o
[ 21%] Building CXX object src/CMakeFiles/llama.dir/llama-kv-cache.cpp.o
[ 22%] Building CXX object src/CMakeFiles/llama.dir/llama-mmap.cpp.o
[ 22%] Building CXX object src/CMakeFiles/llama.dir/llama-model.cpp.o
[ 23%] Building CXX object src/CMakeFiles/llama.dir/llama-sampling.cpp.o
[ 23%] Building CXX object src/CMakeFiles/llama.dir/llama-vocab.cpp.o
[ 24%] Building CXX object src/CMakeFiles/llama.dir/unicode.cpp.o
[ 24%] Building CXX object src/CMakeFiles/llama.dir/unicode-data.cpp.o
[ 25%] Linking CXX shared library libllama.so
[ 25%] Built target llama
[ 29%] Building CXX object common/CMakeFiles/common.dir/arg.cpp.o
[ 29%] Building C object tests/CMakeFiles/test-c.dir/test-c.c.o
[ 29%] Building CXX object examples/simple-chat/CMakeFiles/llama-simple-chat.dir/simple-chat.cpp.o
[ 29%] Building CXX object examples/simple/CMakeFiles/llama-simple.dir/simple.cpp.o
[ 29%] Linking CXX executable ../../bin/llama-simple
[ 29%] Linking C executable ../bin/test-c
[ 29%] Linking CXX executable ../../bin/llama-simple-chat
[ 29%] Built target test-c
[ 30%] Building CXX object examples/quantize-stats/CMakeFiles/llama-quantize-stats.dir/quantize-stats.cpp.o
[ 30%] Built target llama-simple
[ 30%] Built target llama-simple-chat
[ 30%] Building CXX object common/CMakeFiles/common.dir/common.cpp.o
[ 31%] Building CXX object examples/llava/CMakeFiles/llava.dir/llava.cpp.o
[ 31%] Building CXX object examples/llava/CMakeFiles/llava.dir/clip.cpp.o
[ 31%] Built target llava
[ 32%] Building CXX object common/CMakeFiles/common.dir/console.cpp.o
[ 32%] Building CXX object common/CMakeFiles/common.dir/json-schema-to-grammar.cpp.o
[ 32%] Linking CXX static library libllava_static.a
[ 32%] Built target llava_static
[ 33%] Building CXX object common/CMakeFiles/common.dir/log.cpp.o
[ 34%] Linking CXX shared library libllava_shared.so
[ 34%] Built target llava_shared
[ 34%] Building CXX object common/CMakeFiles/common.dir/ngram-cache.cpp.o
[ 35%] Building CXX object common/CMakeFiles/common.dir/sampling.cpp.o
[ 35%] Building CXX object common/CMakeFiles/common.dir/speculative.cpp.o
[ 35%] Linking CXX executable ../../bin/llama-quantize-stats
[ 35%] Built target llama-quantize-stats
[ 36%] Linking CXX static library libcommon.a
[ 36%] Built target common
[ 38%] Building CXX object tests/CMakeFiles/test-grammar-integration.dir/test-grammar-integration.cpp.o
[ 38%] Building CXX object tests/CMakeFiles/test-tokenizer-0.dir/test-tokenizer-0.cpp.o
[ 38%] Building CXX object tests/CMakeFiles/test-grammar-parser.dir/test-grammar-parser.cpp.o
[ 38%] Building CXX object tests/CMakeFiles/test-sampling.dir/test-sampling.cpp.o
[ 39%] Building CXX object tests/CMakeFiles/test-sampling.dir/get-model.cpp.o
[ 39%] Linking CXX executable ../bin/test-sampling
[ 39%] Built target test-sampling
[ 40%] Building CXX object tests/CMakeFiles/test-grammar-parser.dir/get-model.cpp.o
[ 40%] Building CXX object tests/CMakeFiles/test-grammar-integration.dir/get-model.cpp.o
[ 40%] Building CXX object tests/CMakeFiles/test-llama-grammar.dir/test-llama-grammar.cpp.o
[ 40%] Linking CXX executable ../bin/test-grammar-parser
[ 40%] Built target test-grammar-parser
[ 41%] Building CXX object tests/CMakeFiles/test-llama-grammar.dir/get-model.cpp.o
[ 42%] Building CXX object tests/CMakeFiles/test-json-schema-to-grammar.dir/test-json-schema-to-grammar.cpp.o
[ 42%] Linking CXX executable ../bin/test-tokenizer-0
[ 42%] Linking CXX executable ../bin/test-llama-grammar
[ 42%] Built target test-tokenizer-0
[ 42%] Building CXX object tests/CMakeFiles/test-json-schema-to-grammar.dir/get-model.cpp.o
[ 42%] Built target test-llama-grammar
[ 43%] Building CXX object tests/CMakeFiles/test-tokenizer-1-bpe.dir/test-tokenizer-1-bpe.cpp.o
[ 44%] Building CXX object tests/CMakeFiles/test-tokenizer-1-spm.dir/test-tokenizer-1-spm.cpp.o
[ 44%] Linking CXX executable ../bin/test-tokenizer-1-bpe
[ 44%] Linking CXX executable ../bin/test-tokenizer-1-spm
[ 44%] Built target test-tokenizer-1-bpe
[ 44%] Built target test-tokenizer-1-spm
[ 46%] Building CXX object tests/CMakeFiles/test-arg-parser.dir/test-arg-parser.cpp.o
[ 46%] Building CXX object tests/CMakeFiles/test-log.dir/test-log.cpp.o
[ 46%] Building CXX object tests/CMakeFiles/test-log.dir/get-model.cpp.o
[ 47%] Linking CXX executable ../bin/test-log
[ 47%] Built target test-log
[ 47%] Building CXX object tests/CMakeFiles/test-arg-parser.dir/get-model.cpp.o
[ 48%] Building CXX object tests/CMakeFiles/test-chat-template.dir/test-chat-template.cpp.o
[ 48%] Building CXX object tests/CMakeFiles/test-chat-template.dir/get-model.cpp.o
[ 49%] Linking CXX executable ../bin/test-chat-template
[ 49%] Built target test-chat-template
[ 49%] Building CXX object tests/CMakeFiles/test-gguf.dir/test-gguf.cpp.o
[ 50%] Building CXX object tests/CMakeFiles/test-gguf.dir/get-model.cpp.o
[ 50%] Linking CXX executable ../bin/test-gguf
[ 50%] Built target test-gguf
[ 51%] Building CXX object tests/CMakeFiles/test-backend-ops.dir/test-backend-ops.cpp.o
[ 52%] Linking CXX executable ../bin/test-arg-parser
[ 52%] Building CXX object tests/CMakeFiles/test-backend-ops.dir/get-model.cpp.o
[ 53%] Linking CXX executable ../bin/test-backend-ops
[ 53%] Built target test-arg-parser
[ 53%] Built target test-backend-ops
[ 53%] Building CXX object tests/CMakeFiles/test-autorelease.dir/test-autorelease.cpp.o
[ 53%] Building CXX object tests/CMakeFiles/test-model-load-cancel.dir/test-model-load-cancel.cpp.o
[ 55%] Building CXX object tests/CMakeFiles/test-model-load-cancel.dir/get-model.cpp.o
[ 55%] Building CXX object tests/CMakeFiles/test-autorelease.dir/get-model.cpp.o
[ 55%] Linking CXX executable ../bin/test-autorelease
[ 55%] Linking CXX executable ../bin/test-model-load-cancel
[ 55%] Built target test-autorelease
[ 55%] Built target test-model-load-cancel
[ 55%] Building CXX object tests/CMakeFiles/test-barrier.dir/test-barrier.cpp.o
[ 56%] Building CXX object tests/CMakeFiles/test-quantize-fns.dir/test-quantize-fns.cpp.o
[ 57%] Building CXX object tests/CMakeFiles/test-quantize-fns.dir/get-model.cpp.o
[ 57%] Building CXX object tests/CMakeFiles/test-barrier.dir/get-model.cpp.o
[ 58%] Linking CXX executable ../bin/test-barrier
[ 58%] Linking CXX executable ../bin/test-quantize-fns
[ 58%] Built target test-barrier
[ 58%] Built target test-quantize-fns
[ 59%] Building CXX object tests/CMakeFiles/test-rope.dir/test-rope.cpp.o
[ 59%] Building CXX object tests/CMakeFiles/test-quantize-perf.dir/test-quantize-perf.cpp.o
[ 59%] Building CXX object tests/CMakeFiles/test-rope.dir/get-model.cpp.o
[ 60%] Building CXX object tests/CMakeFiles/test-quantize-perf.dir/get-model.cpp.o
[ 60%] Linking CXX executable ../bin/test-quantize-perf
[ 61%] Linking CXX executable ../bin/test-rope
[ 62%] Linking CXX executable ../bin/test-grammar-integration
[ 62%] Built target test-rope
[ 62%] Built target test-quantize-perf
[ 62%] Building CXX object examples/batched-bench/CMakeFiles/llama-batched-bench.dir/batched-bench.cpp.o
[ 62%] Building CXX object examples/batched/CMakeFiles/llama-batched.dir/batched.cpp.o
[ 62%] Built target test-grammar-integration
[ 62%] Building CXX object examples/embedding/CMakeFiles/llama-embedding.dir/embedding.cpp.o
[ 63%] Linking CXX executable ../../bin/llama-batched-bench
[ 64%] Linking CXX executable ../../bin/llama-batched
[ 64%] Built target llama-batched-bench
[ 64%] Built target llama-batched
[ 64%] Building CXX object examples/eval-callback/CMakeFiles/llama-eval-callback.dir/eval-callback.cpp.o
[ 64%] Building CXX object examples/gbnf-validator/CMakeFiles/llama-gbnf-validator.dir/gbnf-validator.cpp.o
[ 65%] Linking CXX executable ../../bin/llama-embedding
[ 65%] Built target llama-embedding
[ 65%] Building CXX object examples/gguf-split/CMakeFiles/llama-gguf-split.dir/gguf-split.cpp.o
[ 66%] Linking CXX executable ../../bin/llama-gbnf-validator
[ 66%] Built target llama-gbnf-validator
[ 66%] Building CXX object examples/gritlm/CMakeFiles/llama-gritlm.dir/gritlm.cpp.o
[ 67%] Linking CXX executable ../../bin/llama-eval-callback
[ 67%] Built target llama-eval-callback
[ 67%] Building CXX object examples/imatrix/CMakeFiles/llama-imatrix.dir/imatrix.cpp.o
[ 68%] Linking CXX executable ../../bin/llama-gguf-split
[ 68%] Built target llama-gguf-split
[ 68%] Building CXX object examples/infill/CMakeFiles/llama-infill.dir/infill.cpp.o
[ 69%] Linking CXX executable ../../bin/llama-gritlm
[ 69%] Built target llama-gritlm
[ 69%] Building CXX object examples/llama-bench/CMakeFiles/llama-bench.dir/llama-bench.cpp.o
[ 70%] Linking CXX executable ../../bin/llama-infill
[ 70%] Built target llama-infill
[ 70%] Building CXX object examples/lookahead/CMakeFiles/llama-lookahead.dir/lookahead.cpp.o
[ 71%] Linking CXX executable ../bin/test-json-schema-to-grammar
[ 71%] Built target test-json-schema-to-grammar
[ 71%] Building CXX object examples/lookup/CMakeFiles/llama-lookup.dir/lookup.cpp.o
[ 72%] Linking CXX executable ../../bin/llama-imatrix
[ 72%] Built target llama-imatrix
[ 72%] Building CXX object examples/lookup/CMakeFiles/llama-lookup-create.dir/lookup-create.cpp.o
[ 73%] Linking CXX executable ../../bin/llama-lookahead
[ 73%] Built target llama-lookahead
[ 74%] Linking CXX executable ../../bin/llama-lookup
[ 74%] Building CXX object examples/lookup/CMakeFiles/llama-lookup-merge.dir/lookup-merge.cpp.o
[ 74%] Built target llama-lookup
[ 74%] Building CXX object examples/lookup/CMakeFiles/llama-lookup-stats.dir/lookup-stats.cpp.o
[ 75%] Linking CXX executable ../../bin/llama-lookup-create
[ 76%] Linking CXX executable ../../bin/llama-lookup-merge
[ 76%] Built target llama-lookup-merge
[ 76%] Built target llama-lookup-create
[ 76%] Building CXX object examples/main/CMakeFiles/llama-cli.dir/main.cpp.o
[ 76%] Building CXX object examples/parallel/CMakeFiles/llama-parallel.dir/parallel.cpp.o
[ 77%] Linking CXX executable ../../bin/llama-lookup-stats
[ 77%] Built target llama-lookup-stats
[ 77%] Building CXX object examples/passkey/CMakeFiles/llama-passkey.dir/passkey.cpp.o
[ 78%] Linking CXX executable ../../bin/llama-parallel
[ 78%] Built target llama-parallel
[ 79%] Building CXX object examples/perplexity/CMakeFiles/llama-perplexity.dir/perplexity.cpp.o
[ 79%] Linking CXX executable ../../bin/llama-passkey
[ 80%] Linking CXX executable ../../bin/llama-cli
[ 80%] Built target llama-passkey
[ 80%] Built target llama-cli
[ 81%] Building CXX object examples/quantize/CMakeFiles/llama-quantize.dir/quantize.cpp.o
[ 82%] Building CXX object examples/retrieval/CMakeFiles/llama-retrieval.dir/retrieval.cpp.o
[ 82%] Linking CXX executable ../../bin/llama-quantize
[ 82%] Built target llama-quantize
[ 82%] Generating loading.html.hpp
[ 83%] Generating index.html.gz.hpp
[ 83%] Linking CXX executable ../../bin/llama-retrieval
[ 83%] Built target llama-retrieval
[ 84%] Building CXX object examples/save-load-state/CMakeFiles/llama-save-load-state.dir/save-load-state.cpp.o
[ 85%] Linking CXX executable ../../bin/llama-bench
[ 85%] Built target llama-bench
[ 86%] Building CXX object examples/run/CMakeFiles/llama-run.dir/run.cpp.o
[ 86%] Linking CXX executable ../../bin/llama-save-load-state
[ 86%] Built target llama-save-load-state
[ 87%] Building CXX object examples/speculative/CMakeFiles/llama-speculative.dir/speculative.cpp.o
[ 88%] Building CXX object examples/server/CMakeFiles/llama-server.dir/server.cpp.o
[ 88%] Linking CXX executable ../../bin/llama-perplexity
[ 88%] Built target llama-perplexity
[ 89%] Building CXX object examples/speculative-simple/CMakeFiles/llama-speculative-simple.dir/speculative-simple.cpp.o
[ 89%] Linking CXX executable ../../bin/llama-speculative-simple
[ 89%] Built target llama-speculative-simple
[ 90%] Building CXX object examples/tokenize/CMakeFiles/llama-tokenize.dir/tokenize.cpp.o
[ 90%] Linking CXX executable ../../bin/llama-speculative
[ 90%] Built target llama-speculative
[ 91%] Building CXX object examples/tts/CMakeFiles/llama-tts.dir/tts.cpp.o
[ 91%] Linking CXX executable ../../bin/llama-run
[ 91%] Built target llama-run
[ 91%] Building CXX object examples/gen-docs/CMakeFiles/llama-gen-docs.dir/gen-docs.cpp.o
[ 91%] Linking CXX executable ../../bin/llama-tokenize
[ 91%] Built target llama-tokenize
[ 91%] Building CXX object examples/convert-llama2c-to-ggml/CMakeFiles/llama-convert-llama2c-to-ggml.dir/convert-llama2c-to-ggml.cpp.o
[ 92%] Linking CXX executable ../../bin/llama-gen-docs
[ 92%] Built target llama-gen-docs
[ 92%] Building CXX object examples/cvector-generator/CMakeFiles/llama-cvector-generator.dir/cvector-generator.cpp.o
[ 93%] Linking CXX executable ../../bin/llama-convert-llama2c-to-ggml
[ 93%] Built target llama-convert-llama2c-to-ggml
[ 93%] Building CXX object examples/export-lora/CMakeFiles/llama-export-lora.dir/export-lora.cpp.o
[ 94%] Linking CXX executable ../../bin/llama-cvector-generator
[ 94%] Built target llama-cvector-generator
[ 94%] Building CXX object examples/llava/CMakeFiles/llama-llava-cli.dir/llava-cli.cpp.o
[ 95%] Linking CXX executable ../../bin/llama-export-lora
[ 95%] Built target llama-export-lora
[ 95%] Building CXX object examples/llava/CMakeFiles/llama-minicpmv-cli.dir/minicpmv-cli.cpp.o
[ 96%] Linking CXX executable ../../bin/llama-llava-cli
[ 96%] Built target llama-llava-cli
[ 97%] Building CXX object examples/llava/CMakeFiles/llama-qwen2vl-cli.dir/qwen2vl-cli.cpp.o
[ 98%] Linking CXX executable ../../bin/llama-minicpmv-cli
[ 98%] Built target llama-minicpmv-cli
[ 99%] Building CXX object pocs/vdot/CMakeFiles/llama-vdot.dir/vdot.cpp.o
[ 99%] Linking CXX executable ../../bin/llama-vdot
[ 99%] Built target llama-vdot
[100%] Building CXX object pocs/vdot/CMakeFiles/llama-q8dot.dir/q8dot.cpp.o
[100%] Linking CXX executable ../../bin/llama-q8dot
[100%] Linking CXX executable ../../bin/llama-tts
[100%] Built target llama-q8dot
[100%] Built target llama-tts
[100%] Linking CXX executable ../../bin/llama-qwen2vl-cli
[100%] Built target llama-qwen2vl-cli
[100%] Linking CXX executable ../../bin/llama-server
[100%] Built target llama-server

real	1m59.613s
user	4m40.767s
sys	0m33.580s
+ ctest --output-on-failure -L main
Test project /home/ggml/work/llama.cpp/build-ci-release
      Start  1: test-tokenizer-0-bert-bge
 1/28 Test  #1: test-tokenizer-0-bert-bge .........   Passed    0.24 sec
      Start  2: test-tokenizer-0-command-r
 2/28 Test  #2: test-tokenizer-0-command-r ........   Passed    0.93 sec
      Start  3: test-tokenizer-0-deepseek-coder
 3/28 Test  #3: test-tokenizer-0-deepseek-coder ...   Passed    0.26 sec
      Start  4: test-tokenizer-0-deepseek-llm
 4/28 Test  #4: test-tokenizer-0-deepseek-llm .....   Passed    0.42 sec
      Start  5: test-tokenizer-0-falcon
 5/28 Test  #5: test-tokenizer-0-falcon ...........   Passed    0.32 sec
      Start  6: test-tokenizer-0-gpt-2
 6/28 Test  #6: test-tokenizer-0-gpt-2 ............   Passed    0.29 sec
      Start  7: test-tokenizer-0-llama-bpe
 7/28 Test  #7: test-tokenizer-0-llama-bpe ........   Passed    0.69 sec
      Start  8: test-tokenizer-0-llama-spm
 8/28 Test  #8: test-tokenizer-0-llama-spm ........   Passed    0.22 sec
      Start  9: test-tokenizer-0-mpt
 9/28 Test  #9: test-tokenizer-0-mpt ..............   Passed    0.29 sec
      Start 10: test-tokenizer-0-phi-3
10/28 Test #10: test-tokenizer-0-phi-3 ............   Passed    0.21 sec
      Start 11: test-tokenizer-0-qwen2
11/28 Test #11: test-tokenizer-0-qwen2 ............   Passed    0.56 sec
      Start 12: test-tokenizer-0-refact
12/28 Test #12: test-tokenizer-0-refact ...........   Passed    0.29 sec
      Start 13: test-tokenizer-0-starcoder
13/28 Test #13: test-tokenizer-0-starcoder ........   Passed    0.29 sec
      Start 14: test-sampling
14/28 Test #14: test-sampling .....................   Passed    1.55 sec
      Start 15: test-grammar-parser
15/28 Test #15: test-grammar-parser ...............   Passed    0.00 sec
      Start 16: test-grammar-integration
16/28 Test #16: test-grammar-integration ..........   Passed    0.01 sec
      Start 17: test-llama-grammar
17/28 Test #17: test-llama-grammar ................   Passed    0.00 sec
      Start 18: test-json-schema-to-grammar
18/28 Test #18: test-json-schema-to-grammar .......   Passed    2.66 sec
      Start 19: test-tokenizer-1-llama-spm
19/28 Test #19: test-tokenizer-1-llama-spm ........   Passed    0.53 sec
      Start 20: test-log
20/28 Test #20: test-log ..........................   Passed    0.02 sec
      Start 21: test-arg-parser
21/28 Test #21: test-arg-parser ...................   Passed    0.22 sec
      Start 22: test-chat-template
22/28 Test #22: test-chat-template ................   Passed    0.00 sec
      Start 23: test-gguf
23/28 Test #23: test-gguf .........................***Exception: SegFault  0.65 sec
ggml_vulkan: Found 1 Vulkan devices:
ggml_vulkan: 0 = Tesla T4 (NVIDIA) | uma: 0 | fp16: 1 | warp size: 32 | matrix cores: KHR_coopmat

gguf_init_from_file_impl: invalid magic characters 'FUGG'
gguf_init_from_file_impl: GGUFv1 is no longer supported. please use a more up-to-date version
gguf_init_from_file_impl: failed to read header
gguf_init_from_file_impl: failed to read header
gguf_fread_str: invalid string length (18446744073709551615)
gguf_init_from_file_impl: failed to read key-value pairs
gguf_init_from_file_impl: invalid type -1
gguf_init_from_file_impl: failed to read key-value pairs
gguf_tensor_info_sanitize: tensor 'my_tensor_0_with_a_very_long_name_which_is_longer_than_what_is_allowed_for_ggml_tensors' name is too long
gguf_init_from_file_impl: failed to read tensor info
gguf_init_from_file_impl: failed to read tensor info
gguf_tensor_info_sanitize: invalid number of elements (18446744073709551615)
gguf_init_from_file_impl: failed to read tensor info
gguf_tensor_info_sanitize: invalid number of elements (8589934588)
gguf_init_from_file_impl: failed to read tensor info
gguf_tensor_info_sanitize: invalid type (-1)
gguf_init_from_file_impl: failed to read tensor info
gguf_init_from_file_impl: duplicated tensor name my_tensor
gguf_init_from_file_impl: failed to read tensor info
gguf_init_from_file_impl: failed to read tensor data
test_handcrafted_file: handcrafted_file_type=HEADER_BAD_MAGIC
test_handcrafted_file:   - context_null: [1;32mOK[0m

test_handcrafted_file: handcrafted_file_type=HEADER_BAD_VERSION_1
test_handcrafted_file:   - context_null: [1;32mOK[0m

test_handcrafted_file: handcrafted_file_type=HEADER_BAD_N_KV
test_handcrafted_file:   - context_null: [1;32mOK[0m

test_handcrafted_file: handcrafted_file_type=HEADER_BAD_N_TENSORS
test_handcrafted_file:   - context_null: [1;32mOK[0m

test_handcrafted_file: handcrafted_file_type=HEADER_EMPTY
test_handcrafted_file:   - context_not_null: [1;32mOK[0m
test_handcrafted_file:   - check_header: [1;32mOK[0m

test_handcrafted_file: handcrafted_file_type=KV_BAD_KEY_SIZE
test_handcrafted_file:   - context_null: [1;32mOK[0m

test_handcrafted_file: handcrafted_file_type=KV_BAD_TYPE
test_handcrafted_file:   - context_null: [1;32mOK[0m

test_handcrafted_file: handcrafted_file_type=KV_RANDOM_KV
test_handcrafted_file:   - context_not_null: [1;32mOK[0m
test_handcrafted_file:   - check_header: [1;32mOK[0m
test_handcrafted_file:   - check_kv: [1;32mOK[0m

test_handcrafted_file: handcrafted_file_type=TENSORS_BAD_NAME_SIZE
test_handcrafted_file:   - context_null: [1;32mOK[0m

test_handcrafted_file: handcrafted_file_type=TENSORS_BAD_N_DIMS
test_handcrafted_file:   - context_null: [1;32mOK[0m

test_handcrafted_file: handcrafted_file_type=TENSORS_BAD_SHAPE
test_handcrafted_file:   - context_null: [1;32mOK[0m

test_handcrafted_file: handcrafted_file_type=TENSORS_NE_TOO_BIG
test_handcrafted_file:   - context_null: [1;32mOK[0m

test_handcrafted_file: handcrafted_file_type=TENSORS_BAD_TYPE
test_handcrafted_file:   - context_null: [1;32mOK[0m

test_handcrafted_file: handcrafted_file_type=TENSORS_DUPLICATE_NAME
test_handcrafted_file:   - context_null: [1;32mOK[0m

test_handcrafted_file: handcrafted_file_type=TENSORS_SUCCESS
test_handcrafted_file:   - context_not_null: [1;32mOK[0m
test_handcrafted_file:   - check_header: [1;32mOK[0m
test_handcrafted_file:   - check_kv: [1;32mOK[0m
test_handcrafted_file:   - check_tensors: [1;32mOK[0m

test_handcrafted_file: handcrafted_file_type=TENSORS_CUSTOM_ALIGN
test_handcrafted_file:   - context_not_null: [1;32mOK[0m
test_handcrafted_file:   - check_header: [1;32mOK[0m
test_handcrafted_file:   - check_kv: [1;32mOK[0m
test_handcrafted_file:   - check_tensors: [1;32mOK[0m

test_handcrafted_file: handcrafted_file_type=DATA_NOT_ENOUGH_DATA
test_handcrafted_file:   - context_null: [1;32mOK[0m

test_handcrafted_file: handcrafted_file_type=DATA_SUCCESS
test_handcrafted_file:   - context_not_null: [1;32mOK[0m
test_handcrafted_file:   - check_header: [1;32mOK[0m
test_handcrafted_file:   - check_kv: [1;32mOK[0m
test_handcrafted_file:   - check_tensors: [1;32mOK[0m
test_handcrafted_file:   - check_tensor_data: [1;32mOK[0m

test_handcrafted_file: handcrafted_file_type=DATA_CUSTOM_ALIGN
test_handcrafted_file:   - context_not_null: [1;32mOK[0m
test_handcrafted_file:   - check_header: [1;32mOK[0m
test_handcrafted_file:   - check_kv: [1;32mOK[0m
test_handcrafted_file:   - check_tensors: [1;32mOK[0m
test_handcrafted_file:   - check_tensor_data: [1;32mOK[0m

ggml_vulkan: Compiling shaders................................Done!
test_gguf_set_kv: device=Tesla T4, backend=Vulkan0
test_gguf_set_kv: same_n_kv: [1;32mOK[0m
test_gguf_set_kv: all_kv_0_in_1: [1;32mOK[0m
test_gguf_set_kv: all_kv_0_in_2: [1;32mOK[0m
test_gguf_set_kv: same_n_kv_after_double_copy: [1;32mOK[0m
test_gguf_set_kv: all_kv_1_in_0_after_double_copy: [1;32mOK[0m

test_roundtrip: device=AMD EPYC 7V12 64-Core Processor, backend=CPU, only_meta=yes
test_roundtrip: same_version: [1;32mOK[0m
test_roundtrip: same_n_kv: [1;32mOK[0m
test_roundtrip: same_n_tensors: [1;32mOK[0m
test_roundtrip: all_orig_kv_in_read: [1;32mOK[0m
test_roundtrip: all_read_kv_in_orig: [1;32mOK[0m
test_roundtrip: all_orig_tensors_in_read: [1;32mOK[0m
test_roundtrip: all_read_tensors_in_orig: [1;32mOK[0m

test_roundtrip: device=AMD EPYC 7V12 64-Core Processor, backend=CPU, only_meta=no
test_roundtrip: same_version: [1;32mOK[0m
test_roundtrip: same_n_kv: [1;32mOK[0m
test_roundtrip: same_n_tensors: [1;32mOK[0m
test_roundtrip: all_orig_kv_in_read: [1;32mOK[0m
test_roundtrip: all_read_kv_in_orig: [1;32mOK[0m
test_roundtrip: all_orig_tensors_in_read: [1;32mOK[0m
test_roundtrip: all_read_tensors_in_orig: [1;32mOK[0m
test_roundtrip: same_tensor_data: [1;32mOK[0m

test_gguf_set_kv: device=AMD EPYC 7V12 64-Core Processor, backend=CPU
test_gguf_set_kv: same_n_kv: [1;32mOK[0m
test_gguf_set_kv: all_kv_0_in_1: [1;32mOK[0m
test_gguf_set_kv: all_kv_0_in_2: [1;32mOK[0m
test_gguf_set_kv: same_n_kv_after_double_copy: [1;32mOK[0m
test_gguf_set_kv: all_kv_1_in_0_after_double_copy: [1;32mOK[0m

61/61 tests passed
[1;32mOK[0m

      Start 24: test-backend-ops
24/28 Test #24: test-backend-ops ..................   Passed   10.13 sec
      Start 27: test-barrier
25/28 Test #27: test-barrier ......................   Passed    0.23 sec
      Start 28: test-quantize-fns
26/28 Test #28: test-quantize-fns .................   Passed   19.38 sec
      Start 29: test-quantize-perf
27/28 Test #29: test-quantize-perf ................   Passed    0.08 sec
      Start 30: test-rope
28/28 Test #30: test-rope .........................   Passed    0.07 sec

96% tests passed, 1 tests failed out of 28

Label Time Summary:
main    =  40.55 sec*proc (28 tests)

Total Test time (real) =  40.57 sec

The following tests FAILED:
	 23 - test-gguf (SEGFAULT)
Errors while running CTest

real	0m40.577s
user	0m52.443s
sys	0m5.389s
