+ cmake -DCMAKE_BUILD_TYPE=Debug ..
-- The C compiler identification is GNU 11.4.0
-- The CXX compiler identification is GNU 11.4.0
-- Detecting C compiler ABI info
-- Detecting C compiler ABI info - done
-- Check for working C compiler: /usr/bin/cc - skipped
-- Detecting C compile features
-- Detecting C compile features - done
-- Detecting CXX compiler ABI info
-- Detecting CXX compiler ABI info - done
-- Check for working CXX compiler: /usr/bin/c++ - skipped
-- Detecting CXX compile features
-- Detecting CXX compile features - done
-- Performing Test CMAKE_HAVE_LIBC_PTHREAD
-- Performing Test CMAKE_HAVE_LIBC_PTHREAD - Success
-- Found Threads: TRUE
-- ccache found, compilation results will be cached. Disable with GGML_CCACHE=OFF.
-- CMAKE_SYSTEM_PROCESSOR: x86_64
-- Found OpenMP_C: -fopenmp (found version "4.5")
-- Found OpenMP_CXX: -fopenmp (found version "4.5")
-- Found OpenMP: TRUE (found version "4.5")
-- OpenMP found
-- x86 detected
-- Using runtime weight conversion of Q4_0 to Q4_0_x_x to enable optimized GEMM/GEMV kernels
-- Including CPU backend
-- x86 detected
-- Linux detected
-- Configuring done (0.5s)
-- Generating done (0.0s)
-- Build files have been written to: /home/ggml/work/ggml/build-ci-debug

real	0m0.645s
user	0m0.488s
sys	0m0.161s
+ make -j
[  1%] Building CXX object src/CMakeFiles/ggml-base.dir/ggml-backend.cpp.o
[  2%] Building C object src/CMakeFiles/ggml-base.dir/ggml.c.o
[  4%] Building CXX object examples/CMakeFiles/common.dir/common.cpp.o
[  4%] Building C object src/CMakeFiles/ggml-base.dir/ggml-alloc.c.o
[  5%] Building CXX object src/CMakeFiles/ggml-base.dir/ggml-threading.cpp.o
[  6%] Building C object src/CMakeFiles/ggml-base.dir/ggml-quants.c.o
[  7%] Building C object src/CMakeFiles/ggml-base.dir/ggml-aarch64.c.o
[  8%] Linking CXX static library libcommon.a
[  8%] Built target common
[ 10%] Linking CXX shared library libggml-base.so
[ 10%] Built target ggml-base
[ 11%] Building C object src/ggml-cpu/CMakeFiles/ggml-cpu.dir/ggml-cpu.c.o
[ 12%] Building CXX object src/ggml-cpu/CMakeFiles/ggml-cpu.dir/ggml-cpu.cpp.o
[ 13%] Building C object src/ggml-cpu/CMakeFiles/ggml-cpu.dir/ggml-cpu-aarch64.c.o
[ 14%] Building C object src/ggml-cpu/CMakeFiles/ggml-cpu.dir/ggml-cpu-quants.c.o
[ 15%] Linking CXX shared library libggml-cpu.so
[ 15%] Built target ggml-cpu
[ 16%] Building CXX object src/CMakeFiles/ggml.dir/ggml-backend-reg.cpp.o
[ 17%] Linking CXX shared library libggml.so
[ 17%] Built target ggml
[ 20%] Building C object tests/CMakeFiles/test-vec1.dir/test-vec1.c.o
[ 20%] Building C object tests/CMakeFiles/test-vec0.dir/test-vec0.c.o
[ 21%] Building CXX object tests/CMakeFiles/test-quantize-fns.dir/test-quantize-fns.cpp.o
[ 22%] Building CXX object tests/CMakeFiles/test-quantize-perf.dir/test-quantize-perf.cpp.o
[ 23%] Building CXX object tests/CMakeFiles/test-grad0.dir/test-grad0.cpp.o
[ 24%] Building C object tests/CMakeFiles/test-mul-mat0.dir/test-mul-mat0.c.o
[ 25%] Building C object tests/CMakeFiles/test-mul-mat2.dir/test-mul-mat2.c.o
[ 26%] Building C object tests/CMakeFiles/test0.dir/test0.c.o
[ 28%] Building C object tests/CMakeFiles/test-pool.dir/test-pool.c.o
[ 29%] Building C object tests/CMakeFiles/test1.dir/test1.c.o
[ 30%] Linking C executable ../bin/test-vec0
[ 31%] Building CXX object tests/CMakeFiles/test-timestep_embedding.dir/test-timestep_embedding.cpp.o
[ 32%] Building C object tests/CMakeFiles/test-conv-transpose.dir/test-conv-transpose.c.o
[ 33%] Building CXX object tests/CMakeFiles/test-conv-transpose-1d.dir/test-conv-transpose-1d.cpp.o
[ 34%] Building CXX object tests/CMakeFiles/test-arange.dir/test-arange.cpp.o
[ 35%] Building C object tests/CMakeFiles/test-customop.dir/test-customop.c.o
[ 37%] Building C object tests/CMakeFiles/test-rel-pos.dir/test-rel-pos.c.o
[ 38%] Building C object tests/CMakeFiles/test-dup.dir/test-dup.c.o
[ 39%] Building CXX object tests/CMakeFiles/test-conv1d.dir/test-conv1d.cpp.o
[ 40%] Linking C executable ../bin/test-vec1
[ 40%] Built target test-vec0
[ 41%] Building CXX object tests/CMakeFiles/test-conv2d.dir/test-conv2d.cpp.o
[ 42%] Building CXX object tests/CMakeFiles/test-mul-mat.dir/test-mul-mat.cpp.o
[ 43%] Linking C executable ../bin/test-pool
[ 44%] Building CXX object tests/CMakeFiles/test-backend-ops.dir/test-backend-ops.cpp.o
[ 46%] Building CXX object examples/CMakeFiles/common-ggml.dir/common-ggml.cpp.o
[ 47%] Linking C executable ../bin/test0
[ 48%] Linking C executable ../bin/test-mul-mat0
[ 49%] Building C object tests/CMakeFiles/test-cont.dir/test-cont.c.o
[ 50%] Building CXX object examples/sam/CMakeFiles/sam.dir/main.cpp.o
[ 51%] Linking C executable ../bin/test-rel-pos
[ 52%] Linking C executable ../bin/test-customop
[ 53%] Building CXX object examples/yolo/CMakeFiles/yolov3-tiny.dir/yolo-image.cpp.o
[ 55%] Building CXX object examples/simple/CMakeFiles/simple-ctx.dir/simple-ctx.cpp.o
[ 56%] Building CXX object examples/yolo/CMakeFiles/yolov3-tiny.dir/yolov3-tiny.cpp.o
[ 57%] Linking C executable ../bin/test1
[ 58%] Building CXX object examples/simple/CMakeFiles/simple-backend.dir/simple-backend.cpp.o
[ 58%] Built target test-vec1
[ 59%] Linking C executable ../bin/test-dup
[ 60%] Linking C executable ../bin/test-conv-transpose
[ 61%] Linking CXX executable ../bin/test-arange
[ 61%] Built target test1
[ 61%] Built target test-pool
[ 62%] Linking C executable ../bin/test-cont
[ 62%] Built target test-rel-pos
[ 62%] Built target test-customop
[ 62%] Built target test0
[ 62%] Built target test-mul-mat0
[ 62%] Built target test-dup
[ 62%] Built target test-conv-transpose
[ 62%] Built target test-cont
[ 62%] Built target test-arange
[ 64%] Linking C executable ../bin/test-mul-mat2
[ 66%] Linking CXX executable ../bin/test-timestep_embedding
[ 66%] Linking CXX executable ../bin/test-quantize-fns
[ 67%] Linking CXX executable ../../bin/simple-backend
[ 67%] Built target test-mul-mat2
[ 68%] Linking CXX executable ../bin/test-grad0
[ 69%] Linking CXX executable ../../bin/simple-ctx
[ 69%] Built target test-quantize-fns
[ 69%] Built target test-timestep_embedding
[ 69%] Built target simple-backend
[ 69%] Built target test-grad0
[ 70%] Linking CXX executable ../bin/test-conv2d
[ 70%] Built target simple-ctx
[ 71%] Linking CXX executable ../bin/test-conv1d
[ 73%] Linking CXX executable ../bin/test-mul-mat
[ 74%] Linking CXX executable ../bin/test-conv-transpose-1d
[ 74%] Built target test-conv2d
[ 74%] Built target test-mul-mat
[ 74%] Built target test-conv1d
[ 74%] Built target test-conv-transpose-1d
[ 75%] Linking CXX executable ../bin/test-quantize-perf
[ 76%] Linking CXX executable ../../bin/yolov3-tiny
[ 76%] Built target test-quantize-perf
[ 76%] Built target yolov3-tiny
[ 77%] Linking CXX executable ../../bin/sam
[ 77%] Built target sam
[ 78%] Linking CXX static library libcommon-ggml.a
[ 78%] Built target common-ggml
[ 79%] Building CXX object examples/gpt-2/CMakeFiles/gpt-2-backend.dir/main-backend.cpp.o
[ 80%] Building CXX object examples/gpt-2/CMakeFiles/gpt-2-ctx.dir/main-ctx.cpp.o
[ 82%] Building CXX object examples/gpt-2/CMakeFiles/gpt-2-alloc.dir/main-alloc.cpp.o
[ 83%] Building CXX object examples/gpt-2/CMakeFiles/gpt-2-sched.dir/main-sched.cpp.o
[ 84%] Building CXX object examples/gpt-2/CMakeFiles/gpt-2-quantize.dir/quantize.cpp.o
[ 85%] Building CXX object examples/gpt-2/CMakeFiles/gpt-2-batched.dir/main-batched.cpp.o
[ 86%] Building CXX object examples/magika/CMakeFiles/magika.dir/main.cpp.o
[ 87%] Building CXX object examples/gpt-j/CMakeFiles/gpt-j.dir/main.cpp.o
[ 88%] Building CXX object examples/gpt-j/CMakeFiles/gpt-j-quantize.dir/quantize.cpp.o
[ 89%] Linking CXX executable ../bin/test-backend-ops
[ 89%] Built target test-backend-ops
[ 91%] Linking CXX executable ../../bin/magika
[ 91%] Built target magika
[ 92%] Linking CXX executable ../../bin/gpt-2-quantize
[ 93%] Linking CXX executable ../../bin/gpt-2-ctx
[ 95%] Linking CXX executable ../../bin/gpt-j
[ 95%] Linking CXX executable ../../bin/gpt-2-backend
[ 95%] Built target gpt-2-quantize
[ 96%] Linking CXX executable ../../bin/gpt-j-quantize
[ 97%] Linking CXX executable ../../bin/gpt-2-alloc
[ 97%] Built target gpt-2-ctx
[ 97%] Built target gpt-2-backend
[ 97%] Built target gpt-j-quantize
[ 98%] Linking CXX executable ../../bin/gpt-2-batched
[ 98%] Built target gpt-j
[ 98%] Built target gpt-2-alloc
[100%] Linking CXX executable ../../bin/gpt-2-sched
[100%] Built target gpt-2-batched
[100%] Built target gpt-2-sched

real	0m7.048s
user	0m32.742s
sys	0m3.763s
+ ctest --output-on-failure -E test-opt
Test project /home/ggml/work/ggml/build-ci-debug
      Start  1: test-grad0
 1/20 Test  #1: test-grad0 .......................   Passed    0.54 sec
      Start  2: test-quantize-fns
 2/20 Test  #2: test-quantize-fns ................   Passed   31.22 sec
      Start  3: test-quantize-perf
 3/20 Test  #3: test-quantize-perf ...............   Passed    0.62 sec
      Start  4: test-mul-mat0
 4/20 Test  #4: test-mul-mat0 ....................   Passed    0.56 sec
      Start  5: test-mul-mat2
 5/20 Test  #5: test-mul-mat2 ....................   Passed    6.58 sec
      Start  6: test0
 6/20 Test  #6: test0 ............................   Passed    0.00 sec
      Start  7: test1
 7/20 Test  #7: test1 ............................   Passed    0.01 sec
      Start  8: test-pool
 8/20 Test  #8: test-pool ........................   Passed    0.01 sec
      Start  9: test-arange
 9/20 Test  #9: test-arange ......................   Passed    0.01 sec
      Start 10: test-timestep_embedding
10/20 Test #10: test-timestep_embedding ..........   Passed    0.00 sec
      Start 11: test-conv-transpose
11/20 Test #11: test-conv-transpose ..............   Passed    0.01 sec
      Start 12: test-conv-transpose-1d
12/20 Test #12: test-conv-transpose-1d ...........   Passed    0.02 sec
      Start 13: test-dup
13/20 Test #13: test-dup .........................   Passed    0.01 sec
      Start 14: test-rel-pos
14/20 Test #14: test-rel-pos .....................   Passed    0.01 sec
      Start 15: test-customop
15/20 Test #15: test-customop ....................   Passed    0.01 sec
      Start 16: test-conv1d
16/20 Test #16: test-conv1d ......................   Passed    0.01 sec
      Start 17: test-conv2d
17/20 Test #17: test-conv2d ......................   Passed    0.01 sec
      Start 18: test-mul-mat
18/20 Test #18: test-mul-mat .....................   Passed    0.01 sec
      Start 19: test-backend-ops
19/20 Test #19: test-backend-ops .................   Passed    0.00 sec
      Start 20: test-cont
20/20 Test #20: test-cont ........................   Passed    0.00 sec

100% tests passed, 0 tests failed out of 20

Total Test time (real) =  39.61 sec

real	0m39.673s
user	0m40.569s
sys	0m0.289s
