+ cmake -DCMAKE_BUILD_TYPE=Debug -DGGML_CUDA=ON ..
-- The C compiler identification is GNU 11.4.0
-- The CXX compiler identification is GNU 11.4.0
-- Detecting C compiler ABI info
-- Detecting C compiler ABI info - done
-- Check for working C compiler: /usr/bin/cc - skipped
-- Detecting C compile features
-- Detecting C compile features - done
-- Detecting CXX compiler ABI info
-- Detecting CXX compiler ABI info - done
-- Check for working CXX compiler: /usr/bin/c++ - skipped
-- Detecting CXX compile features
-- Detecting CXX compile features - done
-- Performing Test CMAKE_HAVE_LIBC_PTHREAD
-- Performing Test CMAKE_HAVE_LIBC_PTHREAD - Success
-- Found Threads: TRUE  
-- Found OpenMP_C: -fopenmp (found version "4.5") 
-- Found OpenMP_CXX: -fopenmp (found version "4.5") 
-- Found OpenMP: TRUE (found version "4.5")  
-- OpenMP found
-- Found CUDAToolkit: /usr/local/cuda-12.2/include (found version "12.2.140") 
-- CUDA found
-- Using CUDA architectures: 52;61;70;75
-- The CUDA compiler identification is NVIDIA 12.2.140
-- Detecting CUDA compiler ABI info
-- Detecting CUDA compiler ABI info - done
-- Check for working CUDA compiler: /usr/local/cuda-12.2/bin/nvcc - skipped
-- Detecting CUDA compile features
-- Detecting CUDA compile features - done
-- CUDA host compiler is GNU 11.4.0

-- ccache found, compilation results will be cached. Disable with GGML_CCACHE=OFF.
-- CMAKE_SYSTEM_PROCESSOR: x86_64
-- x86 detected
-- x86 detected
-- Linux detected
-- Configuring done (4.7s)
-- Generating done (0.1s)
-- Build files have been written to: /home/ggml/work/ggml/build-ci-debug

real	0m4.831s
user	0m3.718s
sys	0m1.109s
+ make -j
[  0%] Building CXX object examples/CMakeFiles/common.dir/common.cpp.o
[  1%] Building C object src/CMakeFiles/ggml.dir/ggml.c.o
[  1%] Building C object src/CMakeFiles/ggml.dir/ggml-alloc.c.o
[  2%] Building C object src/CMakeFiles/ggml.dir/ggml-backend.c.o
[  3%] Building C object src/CMakeFiles/ggml.dir/ggml-quants.c.o
[  4%] Building CUDA object src/CMakeFiles/ggml.dir/ggml-cuda/arange.cu.o
[  4%] Building CUDA object src/CMakeFiles/ggml.dir/ggml-cuda/acc.cu.o
[  5%] Building CUDA object src/CMakeFiles/ggml.dir/ggml-cuda/argsort.cu.o
[  6%] Building CUDA object src/CMakeFiles/ggml.dir/ggml-cuda/clamp.cu.o
[  6%] Building CUDA object src/CMakeFiles/ggml.dir/ggml-cuda/binbcast.cu.o
[  6%] Building CUDA object src/CMakeFiles/ggml.dir/ggml-cuda/concat.cu.o
[  7%] Linking CXX static library libcommon.a
[  7%] Building CUDA object src/CMakeFiles/ggml.dir/ggml-cuda/cpy.cu.o
[  8%] Building CUDA object src/CMakeFiles/ggml.dir/ggml-cuda/conv-transpose-1d.cu.o
[  9%] Building CUDA object src/CMakeFiles/ggml.dir/ggml-cuda/convert.cu.o
[ 10%] Building CUDA object src/CMakeFiles/ggml.dir/ggml-cuda/diagmask.cu.o
[ 10%] Building CUDA object src/CMakeFiles/ggml.dir/ggml-cuda/fattn-tile-f16.cu.o
[ 11%] Building CUDA object src/CMakeFiles/ggml.dir/ggml-cuda/dmmv.cu.o
[ 12%] Building CUDA object src/CMakeFiles/ggml.dir/ggml-cuda/fattn-tile-f32.cu.o
[ 13%] Building CUDA object src/CMakeFiles/ggml.dir/ggml-cuda/fattn.cu.o
[ 13%] Building CUDA object src/CMakeFiles/ggml.dir/ggml-cuda/getrows.cu.o
[ 14%] Building CUDA object src/CMakeFiles/ggml.dir/ggml-cuda/im2col.cu.o
[ 14%] Building CUDA object src/CMakeFiles/ggml.dir/ggml-cuda/mmvq.cu.o
[ 15%] Building CUDA object src/CMakeFiles/ggml.dir/ggml-cuda/mmq.cu.o
[ 16%] Building CUDA object src/CMakeFiles/ggml.dir/ggml-cuda/norm.cu.o
[ 16%] Building CUDA object src/CMakeFiles/ggml.dir/ggml-cuda/pad.cu.o
[ 17%] Building CUDA object src/CMakeFiles/ggml.dir/ggml-cuda/quantize.cu.o
[ 18%] Building CUDA object src/CMakeFiles/ggml.dir/ggml-cuda/pool2d.cu.o
[ 18%] Building CUDA object src/CMakeFiles/ggml.dir/ggml-cuda/rope.cu.o
[ 19%] Building CUDA object src/CMakeFiles/ggml.dir/ggml-cuda/scale.cu.o
[ 20%] Building CUDA object src/CMakeFiles/ggml.dir/ggml-cuda/softmax.cu.o
[ 20%] Building CUDA object src/CMakeFiles/ggml.dir/ggml-cuda/sumrows.cu.o
[ 21%] Building CUDA object src/CMakeFiles/ggml.dir/ggml-cuda/tsembd.cu.o
[ 21%] Building CUDA object src/CMakeFiles/ggml.dir/ggml-cuda/upscale.cu.o
[ 22%] Building CUDA object src/CMakeFiles/ggml.dir/ggml-cuda/unary.cu.o
[ 23%] Building CUDA object src/CMakeFiles/ggml.dir/ggml-cuda.cu.o
[ 23%] Built target common
[ 23%] Building CUDA object src/CMakeFiles/ggml.dir/ggml-cuda/template-instances/fattn-wmma-f16-instance-kqfloat-cpb32.cu.o
[ 24%] Building CUDA object src/CMakeFiles/ggml.dir/ggml-cuda/template-instances/fattn-wmma-f16-instance-kqhalf-cpb16.cu.o
[ 25%] Building CUDA object src/CMakeFiles/ggml.dir/ggml-cuda/template-instances/fattn-wmma-f16-instance-kqfloat-cpb16.cu.o
[ 26%] Building CUDA object src/CMakeFiles/ggml.dir/ggml-cuda/template-instances/fattn-wmma-f16-instance-kqhalf-cpb8.cu.o
[ 26%] Building CUDA object src/CMakeFiles/ggml.dir/ggml-cuda/template-instances/fattn-wmma-f16-instance-kqhalf-cpb32.cu.o
[ 27%] Building CUDA object src/CMakeFiles/ggml.dir/ggml-cuda/template-instances/mmq-instance-iq1_s.cu.o
[ 27%] Building CUDA object src/CMakeFiles/ggml.dir/ggml-cuda/template-instances/mmq-instance-iq2_s.cu.o
/home/ggml/work/ggml/src/ggml-cuda.cu(2423): warning #177-D: function "set_ggml_graph_node_properties" was declared but never referenced
  static void set_ggml_graph_node_properties(ggml_tensor * node, ggml_graph_node_properties * graph_node_properties) {
              ^

Remark: The warnings can be suppressed with "-diag-suppress <warning-number>"

/home/ggml/work/ggml/src/ggml-cuda.cu(2435): warning #177-D: function "ggml_graph_node_has_matching_properties" was declared but never referenced
  static bool ggml_graph_node_has_matching_properties(ggml_tensor * node, ggml_graph_node_properties * graph_node_properties) {
              ^

/home/ggml/work/ggml/src/ggml-cuda.cu(2423): warning #177-D: function "set_ggml_graph_node_properties" was declared but never referenced
  static void set_ggml_graph_node_properties(ggml_tensor * node, ggml_graph_node_properties * graph_node_properties) {
              ^

Remark: The warnings can be suppressed with "-diag-suppress <warning-number>"

/home/ggml/work/ggml/src/ggml-cuda.cu(2435): warning #177-D: function "ggml_graph_node_has_matching_properties" was declared but never referenced
  static bool ggml_graph_node_has_matching_properties(ggml_tensor * node, ggml_graph_node_properties * graph_node_properties) {
              ^

/home/ggml/work/ggml/src/ggml-cuda.cu(2423): warning #177-D: function "set_ggml_graph_node_properties" was declared but never referenced
  static void set_ggml_graph_node_properties(ggml_tensor * node, ggml_graph_node_properties * graph_node_properties) {
              ^

Remark: The warnings can be suppressed with "-diag-suppress <warning-number>"

/home/ggml/work/ggml/src/ggml-cuda.cu(2435): warning #177-D: function "ggml_graph_node_has_matching_properties" was declared but never referenced
  static bool ggml_graph_node_has_matching_properties(ggml_tensor * node, ggml_graph_node_properties * graph_node_properties) {
              ^

/home/ggml/work/ggml/src/ggml-cuda.cu(2423): warning #177-D: function "set_ggml_graph_node_properties" was declared but never referenced
  static void set_ggml_graph_node_properties(ggml_tensor * node, ggml_graph_node_properties * graph_node_properties) {
              ^

Remark: The warnings can be suppressed with "-diag-suppress <warning-number>"

/home/ggml/work/ggml/src/ggml-cuda.cu(2435): warning #177-D: function "ggml_graph_node_has_matching_properties" was declared but never referenced
  static bool ggml_graph_node_has_matching_properties(ggml_tensor * node, ggml_graph_node_properties * graph_node_properties) {
              ^

[ 28%] Building CUDA object src/CMakeFiles/ggml.dir/ggml-cuda/template-instances/mmq-instance-iq2_xs.cu.o
[ 29%] Building CUDA object src/CMakeFiles/ggml.dir/ggml-cuda/template-instances/mmq-instance-iq2_xxs.cu.o
[ 29%] Building CUDA object src/CMakeFiles/ggml.dir/ggml-cuda/template-instances/mmq-instance-iq3_s.cu.o
[ 30%] Building CUDA object src/CMakeFiles/ggml.dir/ggml-cuda/template-instances/mmq-instance-iq3_xxs.cu.o
[ 31%] Building CUDA object src/CMakeFiles/ggml.dir/ggml-cuda/template-instances/mmq-instance-iq4_nl.cu.o
[ 31%] Building CUDA object src/CMakeFiles/ggml.dir/ggml-cuda/template-instances/mmq-instance-iq4_xs.cu.o
[ 32%] Building CUDA object src/CMakeFiles/ggml.dir/ggml-cuda/template-instances/mmq-instance-q2_k.cu.o
[ 32%] Building CUDA object src/CMakeFiles/ggml.dir/ggml-cuda/template-instances/mmq-instance-q3_k.cu.o
[ 33%] Building CUDA object src/CMakeFiles/ggml.dir/ggml-cuda/template-instances/mmq-instance-q4_0.cu.o
[ 34%] Building CUDA object src/CMakeFiles/ggml.dir/ggml-cuda/template-instances/mmq-instance-q4_1.cu.o
[ 34%] Building CUDA object src/CMakeFiles/ggml.dir/ggml-cuda/template-instances/mmq-instance-q4_k.cu.o
[ 35%] Building CUDA object src/CMakeFiles/ggml.dir/ggml-cuda/template-instances/mmq-instance-q5_0.cu.o
[ 35%] Building CUDA object src/CMakeFiles/ggml.dir/ggml-cuda/template-instances/mmq-instance-q5_k.cu.o
[ 36%] Building CUDA object src/CMakeFiles/ggml.dir/ggml-cuda/template-instances/mmq-instance-q5_1.cu.o
[ 37%] Building CUDA object src/CMakeFiles/ggml.dir/ggml-cuda/template-instances/mmq-instance-q6_k.cu.o
[ 38%] Building CUDA object src/CMakeFiles/ggml.dir/ggml-cuda/template-instances/mmq-instance-q8_0.cu.o
[ 39%] Building CUDA object src/CMakeFiles/ggml.dir/ggml-cuda/template-instances/fattn-vec-f32-instance-hs128-q4_0-q4_0.cu.o
[ 40%] Building CUDA object src/CMakeFiles/ggml.dir/ggml-cuda/template-instances/fattn-vec-f16-instance-hs128-q8_0-q8_0.cu.o
[ 40%] Building CUDA object src/CMakeFiles/ggml.dir/ggml-cuda/template-instances/fattn-vec-f32-instance-hs128-q8_0-q8_0.cu.o
[ 40%] Building CUDA object src/CMakeFiles/ggml.dir/ggml-cuda/template-instances/fattn-vec-f16-instance-hs128-q4_0-q4_0.cu.o
[ 41%] Building CUDA object src/CMakeFiles/ggml.dir/ggml-cuda/template-instances/fattn-vec-f16-instance-hs128-f16-f16.cu.o
[ 41%] Building CUDA object src/CMakeFiles/ggml.dir/ggml-cuda/template-instances/fattn-vec-f16-instance-hs256-f16-f16.cu.o
[ 42%] Building CUDA object src/CMakeFiles/ggml.dir/ggml-cuda/template-instances/fattn-vec-f16-instance-hs64-f16-f16.cu.o
[ 42%] Building CUDA object src/CMakeFiles/ggml.dir/ggml-cuda/template-instances/fattn-vec-f32-instance-hs256-f16-f16.cu.o
[ 43%] Building CUDA object src/CMakeFiles/ggml.dir/ggml-cuda/template-instances/fattn-vec-f32-instance-hs128-f16-f16.cu.o
[ 44%] Building CUDA object src/CMakeFiles/ggml.dir/ggml-cuda/template-instances/fattn-vec-f32-instance-hs64-f16-f16.cu.o
[ 45%] Building C object src/CMakeFiles/ggml.dir/ggml-aarch64.c.o
[ 45%] Linking CUDA shared library libggml.so
[ 45%] Built target ggml
[ 46%] Building C object tests/CMakeFiles/test-vec0.dir/test-vec0.c.o
[ 47%] Building C object tests/CMakeFiles/test-vec1.dir/test-vec1.c.o
[ 48%] Building CXX object tests/CMakeFiles/test-opt.dir/test-opt.cpp.o
[ 48%] Building CXX object tests/CMakeFiles/test-quantize-fns.dir/test-quantize-fns.cpp.o
[ 49%] Building CXX object tests/CMakeFiles/test-grad0.dir/test-grad0.cpp.o
[ 50%] Building C object tests/CMakeFiles/test0.dir/test0.c.o
[ 51%] Building CXX object tests/CMakeFiles/test-quantize-perf.dir/test-quantize-perf.cpp.o
[ 52%] Building C object tests/CMakeFiles/test-mul-mat2.dir/test-mul-mat2.c.o
[ 52%] Building C object tests/CMakeFiles/test-mul-mat0.dir/test-mul-mat0.c.o
[ 52%] Linking C executable ../bin/test-vec0
[ 52%] Building C object tests/CMakeFiles/test1.dir/test1.c.o
[ 52%] Linking CXX executable ../bin/test-opt
[ 52%] Linking C executable ../bin/test-vec1
[ 52%] Linking CXX executable ../bin/test-grad0
[ 53%] Linking C executable ../bin/test-mul-mat0
[ 54%] Linking C executable ../bin/test0
[ 55%] Building C object tests/CMakeFiles/test3.dir/test3.c.o
[ 55%] Linking CXX executable ../bin/test-quantize-perf
[ 56%] Building C object tests/CMakeFiles/test2.dir/test2.c.o
[ 57%] Linking CXX executable ../bin/test-quantize-fns
[ 58%] Linking C executable ../bin/test1
[ 58%] Linking C executable ../bin/test-mul-mat2
[ 59%] Linking C executable ../bin/test3
[ 59%] Building CXX object tests/CMakeFiles/test-arange.dir/test-arange.cpp.o
[ 60%] Building C object tests/CMakeFiles/test-pool.dir/test-pool.c.o
[ 60%] Building CXX object tests/CMakeFiles/test-timestep_embedding.dir/test-timestep_embedding.cpp.o
[ 61%] Building C object tests/CMakeFiles/test-conv-transpose.dir/test-conv-transpose.c.o
[ 61%] Building CXX object tests/CMakeFiles/test-conv-transpose-1d.dir/test-conv-transpose-1d.cpp.o
[ 61%] Linking C executable ../bin/test2
[ 62%] Linking C executable ../bin/test-pool
[ 64%] Linking C executable ../bin/test-conv-transpose
[ 64%] Linking CXX executable ../bin/test-arange
[ 64%] Building C object tests/CMakeFiles/test-dup.dir/test-dup.c.o
[ 65%] Linking CXX executable ../bin/test-timestep_embedding
[ 66%] Building C object tests/CMakeFiles/test-rel-pos.dir/test-rel-pos.c.o
[ 66%] Built target test-vec0
[ 66%] Built target test-vec1
[ 66%] Building C object tests/CMakeFiles/test-customop.dir/test-customop.c.o
[ 67%] Linking C executable ../bin/test-dup
[ 68%] Linking CXX executable ../bin/test-conv-transpose-1d
[ 69%] Building CXX object tests/CMakeFiles/test-conv1d.dir/test-conv1d.cpp.o
[ 70%] Building CXX object tests/CMakeFiles/test-conv2d.dir/test-conv2d.cpp.o
[ 71%] Linking C executable ../bin/test-rel-pos
[ 72%] Linking C executable ../bin/test-customop
[ 72%] Linking CXX executable ../bin/test-conv1d
[ 72%] Built target test-mul-mat0
[ 72%] Built target test-mul-mat2
[ 73%] Building CXX object tests/CMakeFiles/test-mul-mat.dir/test-mul-mat.cpp.o
[ 74%] Building CXX object tests/CMakeFiles/test-backend-ops.dir/test-backend-ops.cpp.o
[ 74%] Built target test-opt
[ 74%] Building CXX object tests/CMakeFiles/test-backend-buffer.dir/test-backend-buffer.cpp.o
[ 74%] Built target test1
[ 74%] Built target test0
[ 75%] Linking CXX executable ../bin/test-conv2d
[ 76%] Linking CXX executable ../bin/test-mul-mat
[ 76%] Built target test-dup
[ 77%] Linking CXX executable ../bin/test-backend-buffer
[ 77%] Linking CXX executable ../bin/test-backend-ops
[ 78%] Building CXX object examples/mnist/CMakeFiles/mnist-cnn.dir/main-cnn.cpp.o
[ 78%] Building CXX object examples/CMakeFiles/common-ggml.dir/common-ggml.cpp.o
[ 78%] Built target test-conv-transpose
[ 78%] Building CXX object examples/mnist/CMakeFiles/mnist.dir/main.cpp.o
[ 79%] Building CXX object examples/mnist/CMakeFiles/mnist-cpu.dir/main-cpu.cpp.o
[ 79%] Built target test-grad0
[ 80%] Linking CXX static library libcommon-ggml.a
[ 80%] Built target test-pool
[ 81%] Linking CXX executable ../../bin/mnist-cpu
[ 81%] Built target test3
[ 81%] Linking CXX executable ../../bin/mnist-cnn
[ 81%] Built target test-arange
[ 82%] Building CXX object examples/simple/CMakeFiles/simple-ctx.dir/simple-ctx.cpp.o
[ 83%] Linking CXX executable ../../bin/simple-ctx
[ 84%] Linking CXX executable ../../bin/mnist
[ 84%] Built target test-timestep_embedding
[ 85%] Building CXX object examples/yolo/CMakeFiles/yolov3-tiny.dir/yolo-image.cpp.o
[ 85%] Building CXX object examples/yolo/CMakeFiles/yolov3-tiny.dir/yolov3-tiny.cpp.o
[ 85%] Building CXX object examples/sam/CMakeFiles/sam.dir/main.cpp.o
[ 86%] Building CXX object examples/simple/CMakeFiles/simple-backend.dir/simple-backend.cpp.o
[ 86%] Built target test-mul-mat
[ 86%] Built target test2
[ 86%] Built target test-quantize-perf
[ 87%] Linking CXX executable ../../bin/sam
[ 87%] Linking CXX executable ../../bin/simple-backend
[ 88%] Linking CXX executable ../../bin/yolov3-tiny
[ 88%] Built target test-conv2d
[ 88%] Built target test-rel-pos
[ 88%] Built target test-quantize-fns
[ 88%] Built target test-conv1d
[ 88%] Built target common-ggml
[ 88%] Built target test-customop
[ 88%] Built target test-conv-transpose-1d
[ 88%] Built target test-backend-buffer
[ 88%] Built target simple-ctx
[ 88%] Built target test-backend-ops
[ 89%] Building CXX object examples/gpt-2/CMakeFiles/gpt-2-ctx.dir/main-ctx.cpp.o
[ 89%] Building CXX object examples/gpt-2/CMakeFiles/gpt-2-backend.dir/main-backend.cpp.o
[ 90%] Building CXX object examples/gpt-2/CMakeFiles/gpt-2-alloc.dir/main-alloc.cpp.o
[ 90%] Built target mnist
[ 90%] Built target mnist-cpu
[ 90%] Building CXX object examples/gpt-2/CMakeFiles/gpt-2-sched.dir/main-sched.cpp.o
[ 91%] Building CXX object examples/gpt-2/CMakeFiles/gpt-2-quantize.dir/quantize.cpp.o
[ 91%] Linking CXX executable ../../bin/gpt-2-ctx
[ 91%] Built target sam
[ 92%] Linking CXX executable ../../bin/gpt-2-sched
[ 93%] Linking CXX executable ../../bin/gpt-2-backend
[ 93%] Built target simple-backend
[ 94%] Linking CXX executable ../../bin/gpt-2-quantize
[ 96%] Building CXX object examples/gpt-j/CMakeFiles/gpt-j.dir/main.cpp.o
[ 96%] Linking CXX executable ../../bin/gpt-2-alloc
[ 97%] Building CXX object examples/gpt-2/CMakeFiles/gpt-2-batched.dir/main-batched.cpp.o
[ 98%] Building CXX object examples/gpt-j/CMakeFiles/gpt-j-quantize.dir/quantize.cpp.o
[ 98%] Building CXX object examples/magika/CMakeFiles/magika.dir/main.cpp.o
[ 98%] Built target mnist-cnn
[ 98%] Linking CXX executable ../../bin/gpt-j
[ 98%] Linking CXX executable ../../bin/gpt-2-batched
[ 99%] Linking CXX executable ../../bin/gpt-j-quantize
[100%] Linking CXX executable ../../bin/magika
[100%] Built target yolov3-tiny
[100%] Built target gpt-2-quantize
[100%] Built target gpt-2-alloc
[100%] Built target magika
[100%] Built target gpt-2-ctx
[100%] Built target gpt-2-backend
[100%] Built target gpt-j-quantize
[100%] Built target gpt-2-sched
[100%] Built target gpt-j
[100%] Built target gpt-2-batched

real	0m2.717s
user	0m6.632s
sys	0m2.575s
+ ctest --output-on-failure -E test-opt
Test project /home/ggml/work/ggml/build-ci-debug
      Start  1: test-grad0
 1/22 Test  #1: test-grad0 .......................   Passed    0.32 sec
      Start  2: test-quantize-fns
 2/22 Test  #2: test-quantize-fns ................   Passed   35.59 sec
      Start  3: test-quantize-perf
 3/22 Test  #3: test-quantize-perf ...............   Passed   10.61 sec
      Start  4: test-mul-mat0
 4/22 Test  #4: test-mul-mat0 ....................   Passed    0.59 sec
      Start  5: test-mul-mat2
 5/22 Test  #5: test-mul-mat2 ....................   Passed    7.51 sec
      Start  6: test0
 6/22 Test  #6: test0 ............................   Passed    0.04 sec
      Start  7: test1
 7/22 Test  #7: test1 ............................   Passed    0.04 sec
      Start  8: test2
 8/22 Test  #8: test2 ............................   Passed    0.09 sec
      Start  9: test3
 9/22 Test  #9: test3 ............................   Passed    0.08 sec
      Start 10: test-pool
10/22 Test #10: test-pool ........................   Passed    0.04 sec
      Start 11: test-arange
11/22 Test #11: test-arange ......................   Passed    0.57 sec
      Start 12: test-timestep_embedding
12/22 Test #12: test-timestep_embedding ..........   Passed    0.52 sec
      Start 13: test-conv-transpose
13/22 Test #13: test-conv-transpose ..............   Passed    0.05 sec
      Start 14: test-conv-transpose-1d
14/22 Test #14: test-conv-transpose-1d ...........   Passed    0.55 sec
      Start 15: test-dup
15/22 Test #15: test-dup .........................   Passed    0.04 sec
      Start 16: test-rel-pos
16/22 Test #16: test-rel-pos .....................   Passed    0.04 sec
      Start 17: test-customop
17/22 Test #17: test-customop ....................   Passed    0.04 sec
      Start 18: test-conv1d
18/22 Test #18: test-conv1d ......................   Passed    0.57 sec
      Start 19: test-conv2d
19/22 Test #19: test-conv2d ......................   Passed    0.58 sec
      Start 20: test-mul-mat
20/22 Test #20: test-mul-mat .....................   Passed    0.56 sec
      Start 21: test-backend-buffer
21/22 Test #21: test-backend-buffer ..............   Passed    0.53 sec
      Start 22: test-backend-ops
22/22 Test #22: test-backend-ops .................   Passed  202.79 sec

100% tests passed, 0 tests failed out of 22

Total Test time (real) = 261.74 sec

real	4m21.776s
user	8m23.057s
sys	0m8.295s
