+ ctest --output-on-failure -E test-opt
Test project /Users/ggml/work/llama.cpp/build-ci-debug
      Start  1: test-quantize-fns
 1/20 Test  #1: test-quantize-fns ...................   Passed    0.34 sec
      Start  2: test-quantize-perf
 2/20 Test  #2: test-quantize-perf ..................   Passed    0.39 sec
      Start  3: test-sampling
 3/20 Test  #3: test-sampling .......................   Passed    0.19 sec
      Start  4: test-tokenizer-0-llama
 4/20 Test  #4: test-tokenizer-0-llama ..............   Passed    0.35 sec
      Start  5: test-tokenizer-0-falcon
 5/20 Test  #5: test-tokenizer-0-falcon .............   Passed    1.01 sec
      Start  6: test-tokenizer-1-llama
 6/20 Test  #6: test-tokenizer-1-llama ..............   Passed   13.64 sec
      Start  7: test-tokenizer-1-baichuan
 7/20 Test  #7: test-tokenizer-1-baichuan ...........   Passed   13.45 sec
      Start  8: test-tokenizer-1-falcon
 8/20 Test  #8: test-tokenizer-1-falcon .............   Passed   12.57 sec
      Start  9: test-tokenizer-1-aquila
 9/20 Test  #9: test-tokenizer-1-aquila .............   Passed   14.99 sec
      Start 10: test-tokenizer-1-mpt
10/20 Test #10: test-tokenizer-1-mpt ................   Passed   11.31 sec
      Start 11: test-tokenizer-1-stablelm-3b-4e1t
11/20 Test #11: test-tokenizer-1-stablelm-3b-4e1t ...   Passed   11.30 sec
      Start 12: test-tokenizer-1-gpt-neox
12/20 Test #12: test-tokenizer-1-gpt-neox ...........   Passed   11.28 sec
      Start 13: test-tokenizer-1-refact
13/20 Test #13: test-tokenizer-1-refact .............   Passed   11.15 sec
      Start 14: test-tokenizer-1-starcoder
14/20 Test #14: test-tokenizer-1-starcoder ..........   Passed   11.15 sec
      Start 15: test-tokenizer-1-gpt2
15/20 Test #15: test-tokenizer-1-gpt2 ...............   Passed   11.31 sec
      Start 16: test-grammar-parser
16/20 Test #16: test-grammar-parser .................   Passed    0.31 sec
      Start 17: test-llama-grammar
17/20 Test #17: test-llama-grammar ..................   Passed    0.21 sec
      Start 18: test-grad0
18/20 Test #18: test-grad0 ..........................   Passed    0.91 sec
      Start 19: test-backend-ops
19/20 Test #19: test-backend-ops ....................Subprocess aborted***Exception:  33.88 sec
ggml_backend_register: registered backend CPU
ggml_backend_register: registered backend Metal
Testing 2 backends

Backend 1/2 (CPU)
  Backend name: CPU
  ABS(type=f32,ne=[128,10,10,10]): [1;32mOK[0m
  SGN(type=f32,ne=[128,10,10,10]): [1;32mOK[0m
  NEG(type=f32,ne=[128,10,10,10]): [1;32mOK[0m
  STEP(type=f32,ne=[128,10,10,10]): [1;32mOK[0m
  TANH(type=f32,ne=[128,10,10,10]): [1;32mOK[0m
  ELU(type=f32,ne=[128,10,10,10]): [1;32mOK[0m
  RELU(type=f32,ne=[128,10,10,10]): [1;32mOK[0m
  GELU(type=f32,ne=[128,10,10,10]): [1;32mOK[0m
  GELU_QUICK(type=f32,ne=[128,10,10,10]): [1;32mOK[0m
  SILU(type=f32,ne=[128,10,10,10]): [1;32mOK[0m
  GET_ROWS(type=f32,n=1,m=8,r=2,b=1,v=0): [1;32mOK[0m
  GET_ROWS(type=f32,n=256,m=5,r=4,b=1,v=0): [1;32mOK[0m
  GET_ROWS(type=f32,n=256,m=5,r=4,b=1,v=1): [1;32mOK[0m
  GET_ROWS(type=f32,n=256,m=5,r=4,b=7,v=0): [1;32mOK[0m
  GET_ROWS(type=f32,n=256,m=5,r=4,b=7,v=1): [1;32mOK[0m
  GET_ROWS(type=f16,n=256,m=5,r=4,b=1,v=0): [1;32mOK[0m
  GET_ROWS(type=f16,n=256,m=5,r=4,b=1,v=1): [1;32mOK[0m
  GET_ROWS(type=f16,n=256,m=5,r=4,b=7,v=0): [1;32mOK[0m
  GET_ROWS(type=f16,n=256,m=5,r=4,b=7,v=1): [1;32mOK[0m
  GET_ROWS(type=q4_0,n=256,m=5,r=4,b=1,v=0): [1;32mOK[0m
  GET_ROWS(type=q4_0,n=256,m=5,r=4,b=1,v=1): [1;32mOK[0m
  GET_ROWS(type=q4_0,n=256,m=5,r=4,b=7,v=0): [1;32mOK[0m
  GET_ROWS(type=q4_0,n=256,m=5,r=4,b=7,v=1): [1;32mOK[0m
  GET_ROWS(type=q4_1,n=256,m=5,r=4,b=1,v=0): [1;32mOK[0m
  GET_ROWS(type=q4_1,n=256,m=5,r=4,b=1,v=1): [1;32mOK[0m
  GET_ROWS(type=q4_1,n=256,m=5,r=4,b=7,v=0): [1;32mOK[0m
  GET_ROWS(type=q4_1,n=256,m=5,r=4,b=7,v=1): [1;32mOK[0m
  GET_ROWS(type=q5_0,n=256,m=5,r=4,b=1,v=0): [1;32mOK[0m
  GET_ROWS(type=q5_0,n=256,m=5,r=4,b=1,v=1): [1;32mOK[0m
  GET_ROWS(type=q5_0,n=256,m=5,r=4,b=7,v=0): [1;32mOK[0m
  GET_ROWS(type=q5_0,n=256,m=5,r=4,b=7,v=1): [1;32mOK[0m
  GET_ROWS(type=q5_1,n=256,m=5,r=4,b=1,v=0): [1;32mOK[0m
  GET_ROWS(type=q5_1,n=256,m=5,r=4,b=1,v=1): [1;32mOK[0m
  GET_ROWS(type=q5_1,n=256,m=5,r=4,b=7,v=0): [1;32mOK[0m
  GET_ROWS(type=q5_1,n=256,m=5,r=4,b=7,v=1): [1;32mOK[0m
  GET_ROWS(type=q8_0,n=256,m=5,r=4,b=1,v=0): [1;32mOK[0m
  GET_ROWS(type=q8_0,n=256,m=5,r=4,b=1,v=1): [1;32mOK[0m
  GET_ROWS(type=q8_0,n=256,m=5,r=4,b=7,v=0): [1;32mOK[0m
  GET_ROWS(type=q8_0,n=256,m=5,r=4,b=7,v=1): [1;32mOK[0m
  GET_ROWS(type=q2_K,n=256,m=5,r=4,b=1,v=0): [1;32mOK[0m
  GET_ROWS(type=q2_K,n=256,m=5,r=4,b=1,v=1): [1;32mOK[0m
  GET_ROWS(type=q2_K,n=256,m=5,r=4,b=7,v=0): [1;32mOK[0m
  GET_ROWS(type=q2_K,n=256,m=5,r=4,b=7,v=1): [1;32mOK[0m
  GET_ROWS(type=q3_K,n=256,m=5,r=4,b=1,v=0): [1;32mOK[0m
  GET_ROWS(type=q3_K,n=256,m=5,r=4,b=1,v=1): [1;32mOK[0m
  GET_ROWS(type=q3_K,n=256,m=5,r=4,b=7,v=0): [1;32mOK[0m
  GET_ROWS(type=q3_K,n=256,m=5,r=4,b=7,v=1): [1;32mOK[0m
  GET_ROWS(type=q4_K,n=256,m=5,r=4,b=1,v=0): [1;32mOK[0m
  GET_ROWS(type=q4_K,n=256,m=5,r=4,b=1,v=1): [1;32mOK[0m
  GET_ROWS(type=q4_K,n=256,m=5,r=4,b=7,v=0): [1;32mOK[0m
  GET_ROWS(type=q4_K,n=256,m=5,r=4,b=7,v=1): [1;32mOK[0m
  GET_ROWS(type=q5_K,n=256,m=5,r=4,b=1,v=0): [1;32mOK[0m
  GET_ROWS(type=q5_K,n=256,m=5,r=4,b=1,v=1): [1;32mOK[0m
  GET_ROWS(type=q5_K,n=256,m=5,r=4,b=7,v=0): [1;32mOK[0m
  GET_ROWS(type=q5_K,n=256,m=5,r=4,b=7,v=1): [1;32mOK[0m
  GET_ROWS(type=q6_K,n=256,m=5,r=4,b=1,v=0): [1;32mOK[0m
  GET_ROWS(type=q6_K,n=256,m=5,r=4,b=1,v=1): [1;32mOK[0m
  GET_ROWS(type=q6_K,n=256,m=5,r=4,b=7,v=0): [1;32mOK[0m
  GET_ROWS(type=q6_K,n=256,m=5,r=4,b=7,v=1): [1;32mOK[0m
  GET_ROWS(type=i32,n=256,m=5,r=4,b=1,v=0): [1;32mOK[0m
  GET_ROWS(type=i32,n=256,m=5,r=4,b=1,v=1): [1;32mOK[0m
  GET_ROWS(type=i32,n=256,m=5,r=4,b=7,v=0): [1;32mOK[0m
  GET_ROWS(type=i32,n=256,m=5,r=4,b=7,v=1): [1;32mOK[0m
  REPEAT(type=f32,ne=[10,10,10,10],nr=[1,1,1,1]): [1;32mOK[0m
  REPEAT(type=f32,ne=[10,10,10,10],nr=[2,1,1,1]): [1;32mOK[0m
  REPEAT(type=f32,ne=[10,10,10,10],nr=[1,2,1,1]): [1;32mOK[0m
  REPEAT(type=f32,ne=[10,10,10,10],nr=[1,1,2,1]): [1;32mOK[0m
  REPEAT(type=f32,ne=[10,10,10,10],nr=[1,1,1,2]): [1;32mOK[0m
  REPEAT(type=i32,ne=[10,10,10,10],nr=[2,1,1,1]): [1;32mOK[0m
  REPEAT(type=i16,ne=[10,10,10,10],nr=[1,1,1,2]): [1;32mOK[0m
  DUP(type=f32,ne=[10,10,10,1]): [1;32mOK[0m
  DUP(type=f16,ne=[10,10,10,1]): [1;32mOK[0m
  DUP(type=i32,ne=[10,10,10,1]): [1;32mOK[0m
  DUP(type=i16,ne=[10,10,10,1]): [1;32mOK[0m
  DUP(type=i16,ne=[10,8,3,1],permute=[0,2,1,3]): [1;32mOK[0m
  DUP(type=i16,ne=[10,8,3,1],permute=[1,2,0,3]): [1;32mOK[0m
  CPY(type_src=f32,type_dst=f32,ne=[256,10,10,1]): [1;32mOK[0m
  CPY(type_src=f32,type_dst=f16,ne=[256,10,10,1]): [1;32mOK[0m
  CPY(type_src=f32,type_dst=q4_0,ne=[256,10,10,1]): [1;32mOK[0m
  CPY(type_src=f32,type_dst=q4_1,ne=[256,10,10,1]): [1;32mOK[0m
  CPY(type_src=f32,type_dst=q5_0,ne=[256,10,10,1]): [1;32mOK[0m
  CPY(type_src=f32,type_dst=q5_1,ne=[256,10,10,1]): [1;32mOK[0m
  CPY(type_src=f32,type_dst=q8_0,ne=[256,10,10,1]): [1;32mOK[0m
  CPY(type_src=f32,type_dst=q2_K,ne=[256,10,10,1]): [1;32mOK[0m
  CPY(type_src=f32,type_dst=q3_K,ne=[256,10,10,1]): [1;32mOK[0m
  CPY(type_src=f32,type_dst=q4_K,ne=[256,10,10,1]): [1;32mOK[0m
  CPY(type_src=f32,type_dst=q5_K,ne=[256,10,10,1]): [1;32mOK[0m
  CPY(type_src=f32,type_dst=q6_K,ne=[256,10,10,1]): [1;32mOK[0m
  CONT(type=f32,ne=[10,10,10,1]): [1;32mOK[0m
  ADD(type=f32,ne=[1,1,8,1],nr=[1,1,1,1]): [1;32mOK[0m
  MUL(type=f32,ne=[1,1,8,1],nr=[1,1,1,1]): [1;32mOK[0m
  DIV(type=f32,ne=[1,1,8,1],nr=[1,1,1,1]): [1;32mOK[0m
  ADD(type=f32,ne=[1,1,1,1],nr=[32,1,1,1]): [1;32mOK[0m
  MUL(type=f32,ne=[1,1,1,1],nr=[32,1,1,1]): [1;32mOK[0m
  DIV(type=f32,ne=[1,1,1,1],nr=[32,1,1,1]): [1;32mOK[0m
  ADD(type=f32,ne=[1,1,320,320],nr=[1,1,1,1]): [1;32mOK[0m
  MUL(type=f32,ne=[1,1,320,320],nr=[1,1,1,1]): [1;32mOK[0m
  DIV(type=f32,ne=[1,1,320,320],nr=[1,1,1,1]): [1;32mOK[0m
  ADD(type=f32,ne=[16,10,1,1],nr=[1,1,1,1]): [1;32mOK[0m
  MUL(type=f32,ne=[16,10,1,1],nr=[1,1,1,1]): [1;32mOK[0m
  DIV(type=f32,ne=[16,10,1,1],nr=[1,1,1,1]): [1;32mOK[0m
  ADD(type=f32,ne=[16,10,10,1],nr=[1,1,1,1]): [1;32mOK[0m
  MUL(type=f32,ne=[16,10,10,1],nr=[1,1,1,1]): [1;32mOK[0m
  DIV(type=f32,ne=[16,10,10,1],nr=[1,1,1,1]): [1;32mOK[0m
  ADD(type=f32,ne=[16,10,10,10],nr=[1,1,1,1]): [1;32mOK[0m
  MUL(type=f32,ne=[16,10,10,10],nr=[1,1,1,1]): [1;32mOK[0m
  DIV(type=f32,ne=[16,10,10,10],nr=[1,1,1,1]): [1;32mOK[0m
  ADD(type=f32,ne=[16,10,10,10],nr=[2,1,1,1]): [1;32mOK[0m
  MUL(type=f32,ne=[16,10,10,10],nr=[2,1,1,1]): [1;32mOK[0m
  DIV(type=f32,ne=[16,10,10,10],nr=[2,1,1,1]): [1;32mOK[0m
  ADD(type=f32,ne=[16,10,10,10],nr=[1,2,1,1]): [1;32mOK[0m
  MUL(type=f32,ne=[16,10,10,10],nr=[1,2,1,1]): [1;32mOK[0m
  DIV(type=f32,ne=[16,10,10,10],nr=[1,2,1,1]): [1;32mOK[0m
  ADD(type=f32,ne=[16,10,10,10],nr=[1,1,2,1]): [1;32mOK[0m
  MUL(type=f32,ne=[16,10,10,10],nr=[1,1,2,1]): [1;32mOK[0m
  DIV(type=f32,ne=[16,10,10,10],nr=[1,1,2,1]): [1;32mOK[0m
  ADD(type=f32,ne=[16,10,10,10],nr=[1,1,1,2]): [1;32mOK[0m
  MUL(type=f32,ne=[16,10,10,10],nr=[1,1,1,2]): [1;32mOK[0m
  DIV(type=f32,ne=[16,10,10,10],nr=[1,1,1,2]): [1;32mOK[0m
  ADD(type=f32,ne=[16,10,10,10],nr=[1,1,2,2]): [1;32mOK[0m
  MUL(type=f32,ne=[16,10,10,10],nr=[1,1,2,2]): [1;32mOK[0m
  DIV(type=f32,ne=[16,10,10,10],nr=[1,1,2,2]): [1;32mOK[0m
  ADD(type=f32,ne=[16,10,10,10],nr=[1,2,2,2]): [1;32mOK[0m
  MUL(type=f32,ne=[16,10,10,10],nr=[1,2,2,2]): [1;32mOK[0m
  DIV(type=f32,ne=[16,10,10,10],nr=[1,2,2,2]): [1;32mOK[0m
  ADD(type=f32,ne=[16,10,10,10],nr=[2,2,2,2]): [1;32mOK[0m
  MUL(type=f32,ne=[16,10,10,10],nr=[2,2,2,2]): [1;32mOK[0m
  DIV(type=f32,ne=[16,10,10,10],nr=[2,2,2,2]): [1;32mOK[0m
  ADD(type=f32,ne=[1280,1,1,1],nr=[1,1,1,1]): [1;32mOK[0m
  MUL(type=f32,ne=[1280,1,1,1],nr=[1,1,1,1]): [1;32mOK[0m
  DIV(type=f32,ne=[1280,1,1,1],nr=[1,1,1,1]): [1;32mOK[0m
  ADD(type=f32,ne=[1280,1,1,1],nr=[1,16,16,1]): [1;32mOK[0m
  MUL(type=f32,ne=[1280,1,1,1],nr=[1,16,16,1]): [1;32mOK[0m
  DIV(type=f32,ne=[1280,1,1,1],nr=[1,16,16,1]): [1;32mOK[0m
  ADD(type=f32,ne=[1280,16,16,1],nr=[1,1,1,1]): [1;32mOK[0m
  MUL(type=f32,ne=[1280,16,16,1],nr=[1,1,1,1]): [1;32mOK[0m
  DIV(type=f32,ne=[1280,16,16,1],nr=[1,1,1,1]): [1;32mOK[0m
  ADD(type=f32,ne=[1280,1,1,1],nr=[1,256,1,1]): [1;32mOK[0m
  MUL(type=f32,ne=[1280,1,1,1],nr=[1,256,1,1]): [1;32mOK[0m
  DIV(type=f32,ne=[1280,1,1,1],nr=[1,256,1,1]): [1;32mOK[0m
  ADD(type=f32,ne=[1,1,1280,1],nr=[16,16,1,1]): [1;32mOK[0m
  MUL(type=f32,ne=[1,1,1280,1],nr=[16,16,1,1]): [1;32mOK[0m
  DIV(type=f32,ne=[1,1,1280,1],nr=[16,16,1,1]): [1;32mOK[0m
  ADD(type=f32,ne=[16,16,1280,1],nr=[1,1,1,1]): [1;32mOK[0m
  MUL(type=f32,ne=[16,16,1280,1],nr=[1,1,1,1]): [1;32mOK[0m
  DIV(type=f32,ne=[16,16,1280,1],nr=[1,1,1,1]): [1;32mOK[0m
  ADD(type=f32,ne=[1,1,1920,1],nr=[16,16,1,1]): [1;32mOK[0m
  MUL(type=f32,ne=[1,1,1920,1],nr=[16,16,1,1]): [1;32mOK[0m
  DIV(type=f32,ne=[1,1,1920,1],nr=[16,16,1,1]): [1;32mOK[0m
  ADD(type=f32,ne=[1,1,2560,1],nr=[16,16,1,1]): [1;32mOK[0m
  MUL(type=f32,ne=[1,1,2560,1],nr=[16,16,1,1]): [1;32mOK[0m
  DIV(type=f32,ne=[1,1,2560,1],nr=[16,16,1,1]): [1;32mOK[0m
  ADD(type=f32,ne=[1,1,1280,1],nr=[32,32,1,1]): [1;32mOK[0m
  MUL(type=f32,ne=[1,1,1280,1],nr=[32,32,1,1]): [1;32mOK[0m
  DIV(type=f32,ne=[1,1,1280,1],nr=[32,32,1,1]): [1;32mOK[0m
  ADD(type=f32,ne=[1,1,1920,1],nr=[32,32,1,1]): [1;32mOK[0m
  MUL(type=f32,ne=[1,1,1920,1],nr=[32,32,1,1]): [1;32mOK[0m
  DIV(type=f32,ne=[1,1,1920,1],nr=[32,32,1,1]): [1;32mOK[0m
  ADD(type=f32,ne=[1,1,640,1],nr=[32,32,1,1]): [1;32mOK[0m
  MUL(type=f32,ne=[1,1,640,1],nr=[32,32,1,1]): [1;32mOK[0m
  DIV(type=f32,ne=[1,1,640,1],nr=[32,32,1,1]): [1;32mOK[0m
  ADD(type=f32,ne=[5120,1,1,1],nr=[1,256,1,1]): [1;32mOK[0m
  MUL(type=f32,ne=[5120,1,1,1],nr=[1,256,1,1]): [1;32mOK[0m
  DIV(type=f32,ne=[5120,1,1,1],nr=[1,256,1,1]): [1;32mOK[0m
  ADD(type=f32,ne=[640,1,1,1],nr=[1,1,1,1]): [1;32mOK[0m
  MUL(type=f32,ne=[640,1,1,1],nr=[1,1,1,1]): [1;32mOK[0m
  DIV(type=f32,ne=[640,1,1,1],nr=[1,1,1,1]): [1;32mOK[0m
  SCALE(type=f32,ne=[10,10,10,10],scale=2.000000): [1;32mOK[0m
  NORM(type=f32,ne=[64,10,10,10],eps=0.000001): [1;32mOK[0m
  RMS_NORM(type=f32,ne=[64,10,10,10],eps=0.000001): [1;32mOK[0m
  NORM(type=f32,ne=[64,10,10,10],eps=0.000010): [1;32mOK[0m
  RMS_NORM(type=f32,ne=[64,10,10,10],eps=0.000010): [1;32mOK[0m
  NORM(type=f32,ne=[64,10,10,10],eps=0.001000): [1;32mOK[0m
  RMS_NORM(type=f32,ne=[64,10,10,10],eps=0.001000): [1;32mOK[0m
  NORM(type=f32,ne=[64,10,10,10],eps=0.100000): [1;32mOK[0m
  RMS_NORM(type=f32,ne=[64,10,10,10],eps=0.100000): [1;32mOK[0m
  MUL_MAT(type_a=f32,type_b=f32,m=16,n=1,k=256,bs=[1,1],nr=[1,1]): [1;32mOK[0m
  MUL_MAT(type_a=f32,type_b=f32,m=16,n=1,k=256,bs=[10,1],nr=[1,1]): [1;32mOK[0m
  MUL_MAT(type_a=f32,type_b=f32,m=16,n=1,k=256,bs=[10,1],nr=[2,1]): [1;32mOK[0m
  MUL_MAT(type_a=f32,type_b=f32,m=16,n=1,k=256,bs=[10,10],nr=[1,1]): [1;32mOK[0m
  MUL_MAT(type_a=f32,type_b=f32,m=16,n=1,k=256,bs=[10,10],nr=[2,1]): [1;32mOK[0m
  MUL_MAT(type_a=f32,type_b=f32,m=16,n=1,k=256,bs=[10,10],nr=[1,2]): [1;32mOK[0m
  MUL_MAT(type_a=f32,type_b=f32,m=16,n=1,k=256,bs=[10,10],nr=[2,2]): [1;32mOK[0m
  MUL_MAT(type_a=f32,type_b=f32,m=16,n=16,k=256,bs=[1,1],nr=[1,1]): [1;32mOK[0m
  MUL_MAT(type_a=f32,type_b=f32,m=16,n=16,k=256,bs=[10,1],nr=[1,1]): [1;32mOK[0m
  MUL_MAT(type_a=f32,type_b=f32,m=16,n=16,k=256,bs=[10,1],nr=[2,1]): [1;32mOK[0m
  MUL_MAT(type_a=f32,type_b=f32,m=16,n=16,k=256,bs=[10,10],nr=[1,1]): [1;32mOK[0m
  MUL_MAT(type_a=f32,type_b=f32,m=16,n=16,k=256,bs=[10,10],nr=[2,1]): [1;32mOK[0m
  MUL_MAT(type_a=f32,type_b=f32,m=16,n=16,k=256,bs=[10,10],nr=[1,2]): [1;32mOK[0m
  MUL_MAT(type_a=f32,type_b=f32,m=16,n=16,k=256,bs=[10,10],nr=[2,2]): [1;32mOK[0m
  MUL_MAT(type_a=f32,type_b=f16,m=16,n=1,k=256,bs=[1,1],nr=[1,1]): not supported [CPU] not supported [CPU] 
  MUL_MAT(type_a=f32,type_b=f16,m=16,n=1,k=256,bs=[10,1],nr=[1,1]): not supported [CPU] not supported [CPU] 
  MUL_MAT(type_a=f32,type_b=f16,m=16,n=1,k=256,bs=[10,1],nr=[2,1]): not supported [CPU] not supported [CPU] 
  MUL_MAT(type_a=f32,type_b=f16,m=16,n=1,k=256,bs=[10,10],nr=[1,1]): not supported [CPU] not supported [CPU] 
  MUL_MAT(type_a=f32,type_b=f16,m=16,n=1,k=256,bs=[10,10],nr=[2,1]): not supported [CPU] not supported [CPU] 
  MUL_MAT(type_a=f32,type_b=f16,m=16,n=1,k=256,bs=[10,10],nr=[1,2]): not supported [CPU] not supported [CPU] 
  MUL_MAT(type_a=f32,type_b=f16,m=16,n=1,k=256,bs=[10,10],nr=[2,2]): not supported [CPU] not supported [CPU] 
  MUL_MAT(type_a=f32,type_b=f16,m=16,n=16,k=256,bs=[1,1],nr=[1,1]): not supported [CPU] not supported [CPU] 
  MUL_MAT(type_a=f32,type_b=f16,m=16,n=16,k=256,bs=[10,1],nr=[1,1]): not supported [CPU] not supported [CPU] 
  MUL_MAT(type_a=f32,type_b=f16,m=16,n=16,k=256,bs=[10,1],nr=[2,1]): not supported [CPU] not supported [CPU] 
  MUL_MAT(type_a=f32,type_b=f16,m=16,n=16,k=256,bs=[10,10],nr=[1,1]): not supported [CPU] not supported [CPU] 
  MUL_MAT(type_a=f32,type_b=f16,m=16,n=16,k=256,bs=[10,10],nr=[2,1]): not supported [CPU] not supported [CPU] 
  MUL_MAT(type_a=f32,type_b=f16,m=16,n=16,k=256,bs=[10,10],nr=[1,2]): not supported [CPU] not supported [CPU] 
  MUL_MAT(type_a=f32,type_b=f16,m=16,n=16,k=256,bs=[10,10],nr=[2,2]): not supported [CPU] not supported [CPU] 
  MUL_MAT(type_a=f16,type_b=f32,m=16,n=1,k=256,bs=[1,1],nr=[1,1]): [1;32mOK[0m
  MUL_MAT(type_a=f16,type_b=f32,m=16,n=1,k=256,bs=[10,1],nr=[1,1]): [1;32mOK[0m
  MUL_MAT(type_a=f16,type_b=f32,m=16,n=1,k=256,bs=[10,1],nr=[2,1]): [1;32mOK[0m
  MUL_MAT(type_a=f16,type_b=f32,m=16,n=1,k=256,bs=[10,10],nr=[1,1]): [1;32mOK[0m
  MUL_MAT(type_a=f16,type_b=f32,m=16,n=1,k=256,bs=[10,10],nr=[2,1]): [1;32mOK[0m
  MUL_MAT(type_a=f16,type_b=f32,m=16,n=1,k=256,bs=[10,10],nr=[1,2]): [1;32mOK[0m
  MUL_MAT(type_a=f16,type_b=f32,m=16,n=1,k=256,bs=[10,10],nr=[2,2]): [1;32mOK[0m
  MUL_MAT(type_a=f16,type_b=f32,m=16,n=16,k=256,bs=[1,1],nr=[1,1]): [1;32mOK[0m
  MUL_MAT(type_a=f16,type_b=f32,m=16,n=16,k=256,bs=[10,1],nr=[1,1]): [1;32mOK[0m
  MUL_MAT(type_a=f16,type_b=f32,m=16,n=16,k=256,bs=[10,1],nr=[2,1]): [1;32mOK[0m
  MUL_MAT(type_a=f16,type_b=f32,m=16,n=16,k=256,bs=[10,10],nr=[1,1]): [1;32mOK[0m
  MUL_MAT(type_a=f16,type_b=f32,m=16,n=16,k=256,bs=[10,10],nr=[2,1]): [1;32mOK[0m
  MUL_MAT(type_a=f16,type_b=f32,m=16,n=16,k=256,bs=[10,10],nr=[1,2]): [1;32mOK[0m
  MUL_MAT(type_a=f16,type_b=f32,m=16,n=16,k=256,bs=[10,10],nr=[2,2]): [1;32mOK[0m
  MUL_MAT(type_a=f16,type_b=f16,m=16,n=1,k=256,bs=[1,1],nr=[1,1]): [1;32mOK[0m
  MUL_MAT(type_a=f16,type_b=f16,m=16,n=1,k=256,bs=[10,1],nr=[1,1]): [1;32mOK[0m
  MUL_MAT(type_a=f16,type_b=f16,m=16,n=1,k=256,bs=[10,1],nr=[2,1]): [1;32mOK[0m
  MUL_MAT(type_a=f16,type_b=f16,m=16,n=1,k=256,bs=[10,10],nr=[1,1]): [1;32mOK[0m
  MUL_MAT(type_a=f16,type_b=f16,m=16,n=1,k=256,bs=[10,10],nr=[2,1]): [1;32mOK[0m
  MUL_MAT(type_a=f16,type_b=f16,m=16,n=1,k=256,bs=[10,10],nr=[1,2]): [1;32mOK[0m
  MUL_MAT(type_a=f16,type_b=f16,m=16,n=1,k=256,bs=[10,10],nr=[2,2]): [1;32mOK[0m
  MUL_MAT(type_a=f16,type_b=f16,m=16,n=16,k=256,bs=[1,1],nr=[1,1]): [1;32mOK[0m
  MUL_MAT(type_a=f16,type_b=f16,m=16,n=16,k=256,bs=[10,1],nr=[1,1]): [1;32mOK[0m
  MUL_MAT(type_a=f16,type_b=f16,m=16,n=16,k=256,bs=[10,1],nr=[2,1]): [1;32mOK[0m
  MUL_MAT(type_a=f16,type_b=f16,m=16,n=16,k=256,bs=[10,10],nr=[1,1]): [1;32mOK[0m
  MUL_MAT(type_a=f16,type_b=f16,m=16,n=16,k=256,bs=[10,10],nr=[2,1]): [1;32mOK[0m
  MUL_MAT(type_a=f16,type_b=f16,m=16,n=16,k=256,bs=[10,10],nr=[1,2]): [1;32mOK[0m
  MUL_MAT(type_a=f16,type_b=f16,m=16,n=16,k=256,bs=[10,10],nr=[2,2]): [1;32mOK[0m
  MUL_MAT(type_a=q4_0,type_b=f32,m=16,n=1,k=256,bs=[1,1],nr=[1,1]): [1;32mOK[0m
  MUL_MAT(type_a=q4_0,type_b=f32,m=16,n=1,k=256,bs=[10,1],nr=[1,1]): [1;32mOK[0m
  MUL_MAT(type_a=q4_0,type_b=f32,m=16,n=1,k=256,bs=[10,1],nr=[2,1]): [1;32mOK[0m
  MUL_MAT(type_a=q4_0,type_b=f32,m=16,n=1,k=256,bs=[10,10],nr=[1,1]): [1;32mOK[0m
  MUL_MAT(type_a=q4_0,type_b=f32,m=16,n=1,k=256,bs=[10,10],nr=[2,1]): [1;32mOK[0m
  MUL_MAT(type_a=q4_0,type_b=f32,m=16,n=1,k=256,bs=[10,10],nr=[1,2]): [1;32mOK[0m
  MUL_MAT(type_a=q4_0,type_b=f32,m=16,n=1,k=256,bs=[10,10],nr=[2,2]): [1;32mOK[0m
  MUL_MAT(type_a=q4_0,type_b=f32,m=16,n=16,k=256,bs=[1,1],nr=[1,1]): [1;32mOK[0m
  MUL_MAT(type_a=q4_0,type_b=f32,m=16,n=16,k=256,bs=[10,1],nr=[1,1]): [1;32mOK[0m
  MUL_MAT(type_a=q4_0,type_b=f32,m=16,n=16,k=256,bs=[10,1],nr=[2,1]): [1;32mOK[0m
  MUL_MAT(type_a=q4_0,type_b=f32,m=16,n=16,k=256,bs=[10,10],nr=[1,1]): [1;32mOK[0m
  MUL_MAT(type_a=q4_0,type_b=f32,m=16,n=16,k=256,bs=[10,10],nr=[2,1]): [1;32mOK[0m
  MUL_MAT(type_a=q4_0,type_b=f32,m=16,n=16,k=256,bs=[10,10],nr=[1,2]): [1;32mOK[0m
  MUL_MAT(type_a=q4_0,type_b=f32,m=16,n=16,k=256,bs=[10,10],nr=[2,2]): [1;32mOK[0m
  MUL_MAT(type_a=q4_0,type_b=f16,m=16,n=1,k=256,bs=[1,1],nr=[1,1]): not supported [CPU] not supported [CPU] 
  MUL_MAT(type_a=q4_0,type_b=f16,m=16,n=1,k=256,bs=[10,1],nr=[1,1]): not supported [CPU] not supported [CPU] 
  MUL_MAT(type_a=q4_0,type_b=f16,m=16,n=1,k=256,bs=[10,1],nr=[2,1]): not supported [CPU] not supported [CPU] 
  MUL_MAT(type_a=q4_0,type_b=f16,m=16,n=1,k=256,bs=[10,10],nr=[1,1]): not supported [CPU] not supported [CPU] 
  MUL_MAT(type_a=q4_0,type_b=f16,m=16,n=1,k=256,bs=[10,10],nr=[2,1]): not supported [CPU] not supported [CPU] 
  MUL_MAT(type_a=q4_0,type_b=f16,m=16,n=1,k=256,bs=[10,10],nr=[1,2]): not supported [CPU] not supported [CPU] 
  MUL_MAT(type_a=q4_0,type_b=f16,m=16,n=1,k=256,bs=[10,10],nr=[2,2]): not supported [CPU] not supported [CPU] 
  MUL_MAT(type_a=q4_0,type_b=f16,m=16,n=16,k=256,bs=[1,1],nr=[1,1]): not supported [CPU] not supported [CPU] 
  MUL_MAT(type_a=q4_0,type_b=f16,m=16,n=16,k=256,bs=[10,1],nr=[1,1]): not supported [CPU] not supported [CPU] 
  MUL_MAT(type_a=q4_0,type_b=f16,m=16,n=16,k=256,bs=[10,1],nr=[2,1]): not supported [CPU] not supported [CPU] 
  MUL_MAT(type_a=q4_0,type_b=f16,m=16,n=16,k=256,bs=[10,10],nr=[1,1]): not supported [CPU] not supported [CPU] 
  MUL_MAT(type_a=q4_0,type_b=f16,m=16,n=16,k=256,bs=[10,10],nr=[2,1]): not supported [CPU] not supported [CPU] 
  MUL_MAT(type_a=q4_0,type_b=f16,m=16,n=16,k=256,bs=[10,10],nr=[1,2]): not supported [CPU] not supported [CPU] 
  MUL_MAT(type_a=q4_0,type_b=f16,m=16,n=16,k=256,bs=[10,10],nr=[2,2]): not supported [CPU] not supported [CPU] 
  MUL_MAT(type_a=q4_1,type_b=f32,m=16,n=1,k=256,bs=[1,1],nr=[1,1]): [1;32mOK[0m
  MUL_MAT(type_a=q4_1,type_b=f32,m=16,n=1,k=256,bs=[10,1],nr=[1,1]): [1;32mOK[0m
  MUL_MAT(type_a=q4_1,type_b=f32,m=16,n=1,k=256,bs=[10,1],nr=[2,1]): [1;32mOK[0m
  MUL_MAT(type_a=q4_1,type_b=f32,m=16,n=1,k=256,bs=[10,10],nr=[1,1]): [1;32mOK[0m
  MUL_MAT(type_a=q4_1,type_b=f32,m=16,n=1,k=256,bs=[10,10],nr=[2,1]): [1;32mOK[0m
  MUL_MAT(type_a=q4_1,type_b=f32,m=16,n=1,k=256,bs=[10,10],nr=[1,2]): [1;32mOK[0m
  MUL_MAT(type_a=q4_1,type_b=f32,m=16,n=1,k=256,bs=[10,10],nr=[2,2]): [1;32mOK[0m
  MUL_MAT(type_a=q4_1,type_b=f32,m=16,n=16,k=256,bs=[1,1],nr=[1,1]): [1;32mOK[0m
  MUL_MAT(type_a=q4_1,type_b=f32,m=16,n=16,k=256,bs=[10,1],nr=[1,1]): [1;32mOK[0m
  MUL_MAT(type_a=q4_1,type_b=f32,m=16,n=16,k=256,bs=[10,1],nr=[2,1]): [1;32mOK[0m
  MUL_MAT(type_a=q4_1,type_b=f32,m=16,n=16,k=256,bs=[10,10],nr=[1,1]): [1;32mOK[0m
  MUL_MAT(type_a=q4_1,type_b=f32,m=16,n=16,k=256,bs=[10,10],nr=[2,1]): [1;32mOK[0m
  MUL_MAT(type_a=q4_1,type_b=f32,m=16,n=16,k=256,bs=[10,10],nr=[1,2]): [1;32mOK[0m
  MUL_MAT(type_a=q4_1,type_b=f32,m=16,n=16,k=256,bs=[10,10],nr=[2,2]): [1;32mOK[0m
  MUL_MAT(type_a=q4_1,type_b=f16,m=16,n=1,k=256,bs=[1,1],nr=[1,1]): not supported [CPU] not supported [CPU] 
  MUL_MAT(type_a=q4_1,type_b=f16,m=16,n=1,k=256,bs=[10,1],nr=[1,1]): not supported [CPU] not supported [CPU] 
  MUL_MAT(type_a=q4_1,type_b=f16,m=16,n=1,k=256,bs=[10,1],nr=[2,1]): not supported [CPU] not supported [CPU] 
  MUL_MAT(type_a=q4_1,type_b=f16,m=16,n=1,k=256,bs=[10,10],nr=[1,1]): not supported [CPU] not supported [CPU] 
  MUL_MAT(type_a=q4_1,type_b=f16,m=16,n=1,k=256,bs=[10,10],nr=[2,1]): not supported [CPU] not supported [CPU] 
  MUL_MAT(type_a=q4_1,type_b=f16,m=16,n=1,k=256,bs=[10,10],nr=[1,2]): not supported [CPU] not supported [CPU] 
  MUL_MAT(type_a=q4_1,type_b=f16,m=16,n=1,k=256,bs=[10,10],nr=[2,2]): not supported [CPU] not supported [CPU] 
  MUL_MAT(type_a=q4_1,type_b=f16,m=16,n=16,k=256,bs=[1,1],nr=[1,1]): not supported [CPU] not supported [CPU] 
  MUL_MAT(type_a=q4_1,type_b=f16,m=16,n=16,k=256,bs=[10,1],nr=[1,1]): not supported [CPU] not supported [CPU] 
  MUL_MAT(type_a=q4_1,type_b=f16,m=16,n=16,k=256,bs=[10,1],nr=[2,1]): not supported [CPU] not supported [CPU] 
  MUL_MAT(type_a=q4_1,type_b=f16,m=16,n=16,k=256,bs=[10,10],nr=[1,1]): not supported [CPU] not supported [CPU] 
  MUL_MAT(type_a=q4_1,type_b=f16,m=16,n=16,k=256,bs=[10,10],nr=[2,1]): not supported [CPU] not supported [CPU] 
  MUL_MAT(type_a=q4_1,type_b=f16,m=16,n=16,k=256,bs=[10,10],nr=[1,2]): not supported [CPU] not supported [CPU] 
  MUL_MAT(type_a=q4_1,type_b=f16,m=16,n=16,k=256,bs=[10,10],nr=[2,2]): not supported [CPU] not supported [CPU] 
  MUL_MAT(type_a=q5_0,type_b=f32,m=16,n=1,k=256,bs=[1,1],nr=[1,1]): [1;32mOK[0m
  MUL_MAT(type_a=q5_0,type_b=f32,m=16,n=1,k=256,bs=[10,1],nr=[1,1]): [1;32mOK[0m
  MUL_MAT(type_a=q5_0,type_b=f32,m=16,n=1,k=256,bs=[10,1],nr=[2,1]): [1;32mOK[0m
  MUL_MAT(type_a=q5_0,type_b=f32,m=16,n=1,k=256,bs=[10,10],nr=[1,1]): [1;32mOK[0m
  MUL_MAT(type_a=q5_0,type_b=f32,m=16,n=1,k=256,bs=[10,10],nr=[2,1]): [1;32mOK[0m
  MUL_MAT(type_a=q5_0,type_b=f32,m=16,n=1,k=256,bs=[10,10],nr=[1,2]): [1;32mOK[0m
  MUL_MAT(type_a=q5_0,type_b=f32,m=16,n=1,k=256,bs=[10,10],nr=[2,2]): [1;32mOK[0m
  MUL_MAT(type_a=q5_0,type_b=f32,m=16,n=16,k=256,bs=[1,1],nr=[1,1]): [1;32mOK[0m
  MUL_MAT(type_a=q5_0,type_b=f32,m=16,n=16,k=256,bs=[10,1],nr=[1,1]): [1;32mOK[0m
  MUL_MAT(type_a=q5_0,type_b=f32,m=16,n=16,k=256,bs=[10,1],nr=[2,1]): [1;32mOK[0m
  MUL_MAT(type_a=q5_0,type_b=f32,m=16,n=16,k=256,bs=[10,10],nr=[1,1]): [1;32mOK[0m
  MUL_MAT(type_a=q5_0,type_b=f32,m=16,n=16,k=256,bs=[10,10],nr=[2,1]): [1;32mOK[0m
  MUL_MAT(type_a=q5_0,type_b=f32,m=16,n=16,k=256,bs=[10,10],nr=[1,2]): [1;32mOK[0m
  MUL_MAT(type_a=q5_0,type_b=f32,m=16,n=16,k=256,bs=[10,10],nr=[2,2]): [1;32mOK[0m
  MUL_MAT(type_a=q5_0,type_b=f16,m=16,n=1,k=256,bs=[1,1],nr=[1,1]): not supported [CPU] not supported [CPU] 
  MUL_MAT(type_a=q5_0,type_b=f16,m=16,n=1,k=256,bs=[10,1],nr=[1,1]): not supported [CPU] not supported [CPU] 
  MUL_MAT(type_a=q5_0,type_b=f16,m=16,n=1,k=256,bs=[10,1],nr=[2,1]): not supported [CPU] not supported [CPU] 
  MUL_MAT(type_a=q5_0,type_b=f16,m=16,n=1,k=256,bs=[10,10],nr=[1,1]): not supported [CPU] not supported [CPU] 
  MUL_MAT(type_a=q5_0,type_b=f16,m=16,n=1,k=256,bs=[10,10],nr=[2,1]): not supported [CPU] not supported [CPU] 
  MUL_MAT(type_a=q5_0,type_b=f16,m=16,n=1,k=256,bs=[10,10],nr=[1,2]): not supported [CPU] not supported [CPU] 
  MUL_MAT(type_a=q5_0,type_b=f16,m=16,n=1,k=256,bs=[10,10],nr=[2,2]): not supported [CPU] not supported [CPU] 
  MUL_MAT(type_a=q5_0,type_b=f16,m=16,n=16,k=256,bs=[1,1],nr=[1,1]): not supported [CPU] not supported [CPU] 
  MUL_MAT(type_a=q5_0,type_b=f16,m=16,n=16,k=256,bs=[10,1],nr=[1,1]): not supported [CPU] not supported [CPU] 
  MUL_MAT(type_a=q5_0,type_b=f16,m=16,n=16,k=256,bs=[10,1],nr=[2,1]): not supported [CPU] not supported [CPU] 
  MUL_MAT(type_a=q5_0,type_b=f16,m=16,n=16,k=256,bs=[10,10],nr=[1,1]): not supported [CPU] not supported [CPU] 
  MUL_MAT(type_a=q5_0,type_b=f16,m=16,n=16,k=256,bs=[10,10],nr=[2,1]): not supported [CPU] not supported [CPU] 
  MUL_MAT(type_a=q5_0,type_b=f16,m=16,n=16,k=256,bs=[10,10],nr=[1,2]): not supported [CPU] not supported [CPU] 
  MUL_MAT(type_a=q5_0,type_b=f16,m=16,n=16,k=256,bs=[10,10],nr=[2,2]): not supported [CPU] not supported [CPU] 
  MUL_MAT(type_a=q5_1,type_b=f32,m=16,n=1,k=256,bs=[1,1],nr=[1,1]): [1;32mOK[0m
  MUL_MAT(type_a=q5_1,type_b=f32,m=16,n=1,k=256,bs=[10,1],nr=[1,1]): [1;32mOK[0m
  MUL_MAT(type_a=q5_1,type_b=f32,m=16,n=1,k=256,bs=[10,1],nr=[2,1]): [1;32mOK[0m
  MUL_MAT(type_a=q5_1,type_b=f32,m=16,n=1,k=256,bs=[10,10],nr=[1,1]): [1;32mOK[0m
  MUL_MAT(type_a=q5_1,type_b=f32,m=16,n=1,k=256,bs=[10,10],nr=[2,1]): [1;32mOK[0m
  MUL_MAT(type_a=q5_1,type_b=f32,m=16,n=1,k=256,bs=[10,10],nr=[1,2]): [1;32mOK[0m
  MUL_MAT(type_a=q5_1,type_b=f32,m=16,n=1,k=256,bs=[10,10],nr=[2,2]): [1;32mOK[0m
  MUL_MAT(type_a=q5_1,type_b=f32,m=16,n=16,k=256,bs=[1,1],nr=[1,1]): [1;32mOK[0m
  MUL_MAT(type_a=q5_1,type_b=f32,m=16,n=16,k=256,bs=[10,1],nr=[1,1]): [1;32mOK[0m
  MUL_MAT(type_a=q5_1,type_b=f32,m=16,n=16,k=256,bs=[10,1],nr=[2,1]): [1;32mOK[0m
  MUL_MAT(type_a=q5_1,type_b=f32,m=16,n=16,k=256,bs=[10,10],nr=[1,1]): [1;32mOK[0m
  MUL_MAT(type_a=q5_1,type_b=f32,m=16,n=16,k=256,bs=[10,10],nr=[2,1]): [1;32mOK[0m
  MUL_MAT(type_a=q5_1,type_b=f32,m=16,n=16,k=256,bs=[10,10],nr=[1,2]): [1;32mOK[0m
  MUL_MAT(type_a=q5_1,type_b=f32,m=16,n=16,k=256,bs=[10,10],nr=[2,2]): [1;32mOK[0m
  MUL_MAT(type_a=q5_1,type_b=f16,m=16,n=1,k=256,bs=[1,1],nr=[1,1]): not supported [CPU] not supported [CPU] 
  MUL_MAT(type_a=q5_1,type_b=f16,m=16,n=1,k=256,bs=[10,1],nr=[1,1]): not supported [CPU] not supported [CPU] 
  MUL_MAT(type_a=q5_1,type_b=f16,m=16,n=1,k=256,bs=[10,1],nr=[2,1]): not supported [CPU] not supported [CPU] 
  MUL_MAT(type_a=q5_1,type_b=f16,m=16,n=1,k=256,bs=[10,10],nr=[1,1]): not supported [CPU] not supported [CPU] 
  MUL_MAT(type_a=q5_1,type_b=f16,m=16,n=1,k=256,bs=[10,10],nr=[2,1]): not supported [CPU] not supported [CPU] 
  MUL_MAT(type_a=q5_1,type_b=f16,m=16,n=1,k=256,bs=[10,10],nr=[1,2]): not supported [CPU] not supported [CPU] 
  MUL_MAT(type_a=q5_1,type_b=f16,m=16,n=1,k=256,bs=[10,10],nr=[2,2]): not supported [CPU] not supported [CPU] 
  MUL_MAT(type_a=q5_1,type_b=f16,m=16,n=16,k=256,bs=[1,1],nr=[1,1]): not supported [CPU] not supported [CPU] 
  MUL_MAT(type_a=q5_1,type_b=f16,m=16,n=16,k=256,bs=[10,1],nr=[1,1]): not supported [CPU] not supported [CPU] 
  MUL_MAT(type_a=q5_1,type_b=f16,m=16,n=16,k=256,bs=[10,1],nr=[2,1]): not supported [CPU] not supported [CPU] 
  MUL_MAT(type_a=q5_1,type_b=f16,m=16,n=16,k=256,bs=[10,10],nr=[1,1]): not supported [CPU] not supported [CPU] 
  MUL_MAT(type_a=q5_1,type_b=f16,m=16,n=16,k=256,bs=[10,10],nr=[2,1]): not supported [CPU] not supported [CPU] 
  MUL_MAT(type_a=q5_1,type_b=f16,m=16,n=16,k=256,bs=[10,10],nr=[1,2]): not supported [CPU] not supported [CPU] 
  MUL_MAT(type_a=q5_1,type_b=f16,m=16,n=16,k=256,bs=[10,10],nr=[2,2]): not supported [CPU] not supported [CPU] 
  MUL_MAT(type_a=q8_0,type_b=f32,m=16,n=1,k=256,bs=[1,1],nr=[1,1]): [1;32mOK[0m
  MUL_MAT(type_a=q8_0,type_b=f32,m=16,n=1,k=256,bs=[10,1],nr=[1,1]): [1;32mOK[0m
  MUL_MAT(type_a=q8_0,type_b=f32,m=16,n=1,k=256,bs=[10,1],nr=[2,1]): [1;32mOK[0m
  MUL_MAT(type_a=q8_0,type_b=f32,m=16,n=1,k=256,bs=[10,10],nr=[1,1]): [1;32mOK[0m
  MUL_MAT(type_a=q8_0,type_b=f32,m=16,n=1,k=256,bs=[10,10],nr=[2,1]): [1;32mOK[0m
  MUL_MAT(type_a=q8_0,type_b=f32,m=16,n=1,k=256,bs=[10,10],nr=[1,2]): [1;32mOK[0m
  MUL_MAT(type_a=q8_0,type_b=f32,m=16,n=1,k=256,bs=[10,10],nr=[2,2]): [1;32mOK[0m
  MUL_MAT(type_a=q8_0,type_b=f32,m=16,n=16,k=256,bs=[1,1],nr=[1,1]): [1;32mOK[0m
  MUL_MAT(type_a=q8_0,type_b=f32,m=16,n=16,k=256,bs=[10,1],nr=[1,1]): [1;32mOK[0m
  MUL_MAT(type_a=q8_0,type_b=f32,m=16,n=16,k=256,bs=[10,1],nr=[2,1]): [1;32mOK[0m
  MUL_MAT(type_a=q8_0,type_b=f32,m=16,n=16,k=256,bs=[10,10],nr=[1,1]): [1;32mOK[0m
  MUL_MAT(type_a=q8_0,type_b=f32,m=16,n=16,k=256,bs=[10,10],nr=[2,1]): [1;32mOK[0m
  MUL_MAT(type_a=q8_0,type_b=f32,m=16,n=16,k=256,bs=[10,10],nr=[1,2]): [1;32mOK[0m
  MUL_MAT(type_a=q8_0,type_b=f32,m=16,n=16,k=256,bs=[10,10],nr=[2,2]): [1;32mOK[0m
  MUL_MAT(type_a=q8_0,type_b=f16,m=16,n=1,k=256,bs=[1,1],nr=[1,1]): not supported [CPU] not supported [CPU] 
  MUL_MAT(type_a=q8_0,type_b=f16,m=16,n=1,k=256,bs=[10,1],nr=[1,1]): not supported [CPU] not supported [CPU] 
  MUL_MAT(type_a=q8_0,type_b=f16,m=16,n=1,k=256,bs=[10,1],nr=[2,1]): not supported [CPU] not supported [CPU] 
  MUL_MAT(type_a=q8_0,type_b=f16,m=16,n=1,k=256,bs=[10,10],nr=[1,1]): not supported [CPU] not supported [CPU] 
  MUL_MAT(type_a=q8_0,type_b=f16,m=16,n=1,k=256,bs=[10,10],nr=[2,1]): not supported [CPU] not supported [CPU] 
  MUL_MAT(type_a=q8_0,type_b=f16,m=16,n=1,k=256,bs=[10,10],nr=[1,2]): not supported [CPU] not supported [CPU] 
  MUL_MAT(type_a=q8_0,type_b=f16,m=16,n=1,k=256,bs=[10,10],nr=[2,2]): not supported [CPU] not supported [CPU] 
  MUL_MAT(type_a=q8_0,type_b=f16,m=16,n=16,k=256,bs=[1,1],nr=[1,1]): not supported [CPU] not supported [CPU] 
  MUL_MAT(type_a=q8_0,type_b=f16,m=16,n=16,k=256,bs=[10,1],nr=[1,1]): not supported [CPU] not supported [CPU] 
  MUL_MAT(type_a=q8_0,type_b=f16,m=16,n=16,k=256,bs=[10,1],nr=[2,1]): not supported [CPU] not supported [CPU] 
  MUL_MAT(type_a=q8_0,type_b=f16,m=16,n=16,k=256,bs=[10,10],nr=[1,1]): not supported [CPU] not supported [CPU] 
  MUL_MAT(type_a=q8_0,type_b=f16,m=16,n=16,k=256,bs=[10,10],nr=[2,1]): not supported [CPU] not supported [CPU] 
  MUL_MAT(type_a=q8_0,type_b=f16,m=16,n=16,k=256,bs=[10,10],nr=[1,2]): not supported [CPU] not supported [CPU] 
  MUL_MAT(type_a=q8_0,type_b=f16,m=16,n=16,k=256,bs=[10,10],nr=[2,2]): not supported [CPU] not supported [CPU] 
  MUL_MAT(type_a=q2_K,type_b=f32,m=16,n=1,k=256,bs=[1,1],nr=[1,1]): [1;32mOK[0m
  MUL_MAT(type_a=q2_K,type_b=f32,m=16,n=1,k=256,bs=[10,1],nr=[1,1]): [1;32mOK[0m
  MUL_MAT(type_a=q2_K,type_b=f32,m=16,n=1,k=256,bs=[10,1],nr=[2,1]): [1;32mOK[0m
  MUL_MAT(type_a=q2_K,type_b=f32,m=16,n=1,k=256,bs=[10,10],nr=[1,1]): [1;32mOK[0m
  MUL_MAT(type_a=q2_K,type_b=f32,m=16,n=1,k=256,bs=[10,10],nr=[2,1]): [1;32mOK[0m
  MUL_MAT(type_a=q2_K,type_b=f32,m=16,n=1,k=256,bs=[10,10],nr=[1,2]): [1;32mOK[0m
  MUL_MAT(type_a=q2_K,type_b=f32,m=16,n=1,k=256,bs=[10,10],nr=[2,2]): [1;32mOK[0m
  MUL_MAT(type_a=q2_K,type_b=f32,m=16,n=16,k=256,bs=[1,1],nr=[1,1]): [1;32mOK[0m
  MUL_MAT(type_a=q2_K,type_b=f32,m=16,n=16,k=256,bs=[10,1],nr=[1,1]): [1;32mOK[0m
  MUL_MAT(type_a=q2_K,type_b=f32,m=16,n=16,k=256,bs=[10,1],nr=[2,1]): [1;32mOK[0m
  MUL_MAT(type_a=q2_K,type_b=f32,m=16,n=16,k=256,bs=[10,10],nr=[1,1]): [1;32mOK[0m
  MUL_MAT(type_a=q2_K,type_b=f32,m=16,n=16,k=256,bs=[10,10],nr=[2,1]): [1;32mOK[0m
  MUL_MAT(type_a=q2_K,type_b=f32,m=16,n=16,k=256,bs=[10,10],nr=[1,2]): [1;32mOK[0m
  MUL_MAT(type_a=q2_K,type_b=f32,m=16,n=16,k=256,bs=[10,10],nr=[2,2]): [1;32mOK[0m
  MUL_MAT(type_a=q2_K,type_b=f16,m=16,n=1,k=256,bs=[1,1],nr=[1,1]): not supported [CPU] not supported [CPU] 
  MUL_MAT(type_a=q2_K,type_b=f16,m=16,n=1,k=256,bs=[10,1],nr=[1,1]): not supported [CPU] not supported [CPU] 
  MUL_MAT(type_a=q2_K,type_b=f16,m=16,n=1,k=256,bs=[10,1],nr=[2,1]): not supported [CPU] not supported [CPU] 
  MUL_MAT(type_a=q2_K,type_b=f16,m=16,n=1,k=256,bs=[10,10],nr=[1,1]): not supported [CPU] not supported [CPU] 
  MUL_MAT(type_a=q2_K,type_b=f16,m=16,n=1,k=256,bs=[10,10],nr=[2,1]): not supported [CPU] not supported [CPU] 
  MUL_MAT(type_a=q2_K,type_b=f16,m=16,n=1,k=256,bs=[10,10],nr=[1,2]): not supported [CPU] not supported [CPU] 
  MUL_MAT(type_a=q2_K,type_b=f16,m=16,n=1,k=256,bs=[10,10],nr=[2,2]): not supported [CPU] not supported [CPU] 
  MUL_MAT(type_a=q2_K,type_b=f16,m=16,n=16,k=256,bs=[1,1],nr=[1,1]): not supported [CPU] not supported [CPU] 
  MUL_MAT(type_a=q2_K,type_b=f16,m=16,n=16,k=256,bs=[10,1],nr=[1,1]): not supported [CPU] not supported [CPU] 
  MUL_MAT(type_a=q2_K,type_b=f16,m=16,n=16,k=256,bs=[10,1],nr=[2,1]): not supported [CPU] not supported [CPU] 
  MUL_MAT(type_a=q2_K,type_b=f16,m=16,n=16,k=256,bs=[10,10],nr=[1,1]): not supported [CPU] not supported [CPU] 
  MUL_MAT(type_a=q2_K,type_b=f16,m=16,n=16,k=256,bs=[10,10],nr=[2,1]): not supported [CPU] not supported [CPU] 
  MUL_MAT(type_a=q2_K,type_b=f16,m=16,n=16,k=256,bs=[10,10],nr=[1,2]): not supported [CPU] not supported [CPU] 
  MUL_MAT(type_a=q2_K,type_b=f16,m=16,n=16,k=256,bs=[10,10],nr=[2,2]): not supported [CPU] not supported [CPU] 
  MUL_MAT(type_a=q3_K,type_b=f32,m=16,n=1,k=256,bs=[1,1],nr=[1,1]): [1;32mOK[0m
  MUL_MAT(type_a=q3_K,type_b=f32,m=16,n=1,k=256,bs=[10,1],nr=[1,1]): [1;32mOK[0m
  MUL_MAT(type_a=q3_K,type_b=f32,m=16,n=1,k=256,bs=[10,1],nr=[2,1]): [1;32mOK[0m
  MUL_MAT(type_a=q3_K,type_b=f32,m=16,n=1,k=256,bs=[10,10],nr=[1,1]): [1;32mOK[0m
  MUL_MAT(type_a=q3_K,type_b=f32,m=16,n=1,k=256,bs=[10,10],nr=[2,1]): [1;32mOK[0m
  MUL_MAT(type_a=q3_K,type_b=f32,m=16,n=1,k=256,bs=[10,10],nr=[1,2]): [1;32mOK[0m
  MUL_MAT(type_a=q3_K,type_b=f32,m=16,n=1,k=256,bs=[10,10],nr=[2,2]): [1;32mOK[0m
  MUL_MAT(type_a=q3_K,type_b=f32,m=16,n=16,k=256,bs=[1,1],nr=[1,1]): [1;32mOK[0m
  MUL_MAT(type_a=q3_K,type_b=f32,m=16,n=16,k=256,bs=[10,1],nr=[1,1]): [1;32mOK[0m
  MUL_MAT(type_a=q3_K,type_b=f32,m=16,n=16,k=256,bs=[10,1],nr=[2,1]): [1;32mOK[0m
  MUL_MAT(type_a=q3_K,type_b=f32,m=16,n=16,k=256,bs=[10,10],nr=[1,1]): [1;32mOK[0m
  MUL_MAT(type_a=q3_K,type_b=f32,m=16,n=16,k=256,bs=[10,10],nr=[2,1]): [1;32mOK[0m
  MUL_MAT(type_a=q3_K,type_b=f32,m=16,n=16,k=256,bs=[10,10],nr=[1,2]): [1;32mOK[0m
  MUL_MAT(type_a=q3_K,type_b=f32,m=16,n=16,k=256,bs=[10,10],nr=[2,2]): [1;32mOK[0m
  MUL_MAT(type_a=q3_K,type_b=f16,m=16,n=1,k=256,bs=[1,1],nr=[1,1]): not supported [CPU] not supported [CPU] 
  MUL_MAT(type_a=q3_K,type_b=f16,m=16,n=1,k=256,bs=[10,1],nr=[1,1]): not supported [CPU] not supported [CPU] 
  MUL_MAT(type_a=q3_K,type_b=f16,m=16,n=1,k=256,bs=[10,1],nr=[2,1]): not supported [CPU] not supported [CPU] 
  MUL_MAT(type_a=q3_K,type_b=f16,m=16,n=1,k=256,bs=[10,10],nr=[1,1]): not supported [CPU] not supported [CPU] 
  MUL_MAT(type_a=q3_K,type_b=f16,m=16,n=1,k=256,bs=[10,10],nr=[2,1]): not supported [CPU] not supported [CPU] 
  MUL_MAT(type_a=q3_K,type_b=f16,m=16,n=1,k=256,bs=[10,10],nr=[1,2]): not supported [CPU] not supported [CPU] 
  MUL_MAT(type_a=q3_K,type_b=f16,m=16,n=1,k=256,bs=[10,10],nr=[2,2]): not supported [CPU] not supported [CPU] 
  MUL_MAT(type_a=q3_K,type_b=f16,m=16,n=16,k=256,bs=[1,1],nr=[1,1]): not supported [CPU] not supported [CPU] 
  MUL_MAT(type_a=q3_K,type_b=f16,m=16,n=16,k=256,bs=[10,1],nr=[1,1]): not supported [CPU] not supported [CPU] 
  MUL_MAT(type_a=q3_K,type_b=f16,m=16,n=16,k=256,bs=[10,1],nr=[2,1]): not supported [CPU] not supported [CPU] 
  MUL_MAT(type_a=q3_K,type_b=f16,m=16,n=16,k=256,bs=[10,10],nr=[1,1]): not supported [CPU] not supported [CPU] 
  MUL_MAT(type_a=q3_K,type_b=f16,m=16,n=16,k=256,bs=[10,10],nr=[2,1]): not supported [CPU] not supported [CPU] 
  MUL_MAT(type_a=q3_K,type_b=f16,m=16,n=16,k=256,bs=[10,10],nr=[1,2]): not supported [CPU] not supported [CPU] 
  MUL_MAT(type_a=q3_K,type_b=f16,m=16,n=16,k=256,bs=[10,10],nr=[2,2]): not supported [CPU] not supported [CPU] 
  MUL_MAT(type_a=q4_K,type_b=f32,m=16,n=1,k=256,bs=[1,1],nr=[1,1]): [1;32mOK[0m
  MUL_MAT(type_a=q4_K,type_b=f32,m=16,n=1,k=256,bs=[10,1],nr=[1,1]): [1;32mOK[0m
  MUL_MAT(type_a=q4_K,type_b=f32,m=16,n=1,k=256,bs=[10,1],nr=[2,1]): [1;32mOK[0m
  MUL_MAT(type_a=q4_K,type_b=f32,m=16,n=1,k=256,bs=[10,10],nr=[1,1]): [1;32mOK[0m
  MUL_MAT(type_a=q4_K,type_b=f32,m=16,n=1,k=256,bs=[10,10],nr=[2,1]): [1;32mOK[0m
  MUL_MAT(type_a=q4_K,type_b=f32,m=16,n=1,k=256,bs=[10,10],nr=[1,2]): [1;32mOK[0m
  MUL_MAT(type_a=q4_K,type_b=f32,m=16,n=1,k=256,bs=[10,10],nr=[2,2]): [1;32mOK[0m
  MUL_MAT(type_a=q4_K,type_b=f32,m=16,n=16,k=256,bs=[1,1],nr=[1,1]): [1;32mOK[0m
  MUL_MAT(type_a=q4_K,type_b=f32,m=16,n=16,k=256,bs=[10,1],nr=[1,1]): [1;32mOK[0m
  MUL_MAT(type_a=q4_K,type_b=f32,m=16,n=16,k=256,bs=[10,1],nr=[2,1]): [1;32mOK[0m
  MUL_MAT(type_a=q4_K,type_b=f32,m=16,n=16,k=256,bs=[10,10],nr=[1,1]): [1;32mOK[0m
  MUL_MAT(type_a=q4_K,type_b=f32,m=16,n=16,k=256,bs=[10,10],nr=[2,1]): [1;32mOK[0m
  MUL_MAT(type_a=q4_K,type_b=f32,m=16,n=16,k=256,bs=[10,10],nr=[1,2]): [1;32mOK[0m
  MUL_MAT(type_a=q4_K,type_b=f32,m=16,n=16,k=256,bs=[10,10],nr=[2,2]): [1;32mOK[0m
  MUL_MAT(type_a=q4_K,type_b=f16,m=16,n=1,k=256,bs=[1,1],nr=[1,1]): not supported [CPU] not supported [CPU] 
  MUL_MAT(type_a=q4_K,type_b=f16,m=16,n=1,k=256,bs=[10,1],nr=[1,1]): not supported [CPU] not supported [CPU] 
  MUL_MAT(type_a=q4_K,type_b=f16,m=16,n=1,k=256,bs=[10,1],nr=[2,1]): not supported [CPU] not supported [CPU] 
  MUL_MAT(type_a=q4_K,type_b=f16,m=16,n=1,k=256,bs=[10,10],nr=[1,1]): not supported [CPU] not supported [CPU] 
  MUL_MAT(type_a=q4_K,type_b=f16,m=16,n=1,k=256,bs=[10,10],nr=[2,1]): not supported [CPU] not supported [CPU] 
  MUL_MAT(type_a=q4_K,type_b=f16,m=16,n=1,k=256,bs=[10,10],nr=[1,2]): not supported [CPU] not supported [CPU] 
  MUL_MAT(type_a=q4_K,type_b=f16,m=16,n=1,k=256,bs=[10,10],nr=[2,2]): not supported [CPU] not supported [CPU] 
  MUL_MAT(type_a=q4_K,type_b=f16,m=16,n=16,k=256,bs=[1,1],nr=[1,1]): not supported [CPU] not supported [CPU] 
  MUL_MAT(type_a=q4_K,type_b=f16,m=16,n=16,k=256,bs=[10,1],nr=[1,1]): not supported [CPU] not supported [CPU] 
  MUL_MAT(type_a=q4_K,type_b=f16,m=16,n=16,k=256,bs=[10,1],nr=[2,1]): not supported [CPU] not supported [CPU] 
  MUL_MAT(type_a=q4_K,type_b=f16,m=16,n=16,k=256,bs=[10,10],nr=[1,1]): not supported [CPU] not supported [CPU] 
  MUL_MAT(type_a=q4_K,type_b=f16,m=16,n=16,k=256,bs=[10,10],nr=[2,1]): not supported [CPU] not supported [CPU] 
  MUL_MAT(type_a=q4_K,type_b=f16,m=16,n=16,k=256,bs=[10,10],nr=[1,2]): not supported [CPU] not supported [CPU] 
  MUL_MAT(type_a=q4_K,type_b=f16,m=16,n=16,k=256,bs=[10,10],nr=[2,2]): not supported [CPU] not supported [CPU] 
  MUL_MAT(type_a=q5_K,type_b=f32,m=16,n=1,k=256,bs=[1,1],nr=[1,1]): [1;32mOK[0m
  MUL_MAT(type_a=q5_K,type_b=f32,m=16,n=1,k=256,bs=[10,1],nr=[1,1]): [1;32mOK[0m
  MUL_MAT(type_a=q5_K,type_b=f32,m=16,n=1,k=256,bs=[10,1],nr=[2,1]): [1;32mOK[0m
  MUL_MAT(type_a=q5_K,type_b=f32,m=16,n=1,k=256,bs=[10,10],nr=[1,1]): [1;32mOK[0m
  MUL_MAT(type_a=q5_K,type_b=f32,m=16,n=1,k=256,bs=[10,10],nr=[2,1]): [1;32mOK[0m
  MUL_MAT(type_a=q5_K,type_b=f32,m=16,n=1,k=256,bs=[10,10],nr=[1,2]): [1;32mOK[0m
  MUL_MAT(type_a=q5_K,type_b=f32,m=16,n=1,k=256,bs=[10,10],nr=[2,2]): [1;32mOK[0m
  MUL_MAT(type_a=q5_K,type_b=f32,m=16,n=16,k=256,bs=[1,1],nr=[1,1]): [1;32mOK[0m
  MUL_MAT(type_a=q5_K,type_b=f32,m=16,n=16,k=256,bs=[10,1],nr=[1,1]): [1;32mOK[0m
  MUL_MAT(type_a=q5_K,type_b=f32,m=16,n=16,k=256,bs=[10,1],nr=[2,1]): [1;32mOK[0m
  MUL_MAT(type_a=q5_K,type_b=f32,m=16,n=16,k=256,bs=[10,10],nr=[1,1]): [1;32mOK[0m
  MUL_MAT(type_a=q5_K,type_b=f32,m=16,n=16,k=256,bs=[10,10],nr=[2,1]): [1;32mOK[0m
  MUL_MAT(type_a=q5_K,type_b=f32,m=16,n=16,k=256,bs=[10,10],nr=[1,2]): [1;32mOK[0m
  MUL_MAT(type_a=q5_K,type_b=f32,m=16,n=16,k=256,bs=[10,10],nr=[2,2]): [1;32mOK[0m
  MUL_MAT(type_a=q5_K,type_b=f16,m=16,n=1,k=256,bs=[1,1],nr=[1,1]): not supported [CPU] not supported [CPU] 
  MUL_MAT(type_a=q5_K,type_b=f16,m=16,n=1,k=256,bs=[10,1],nr=[1,1]): not supported [CPU] not supported [CPU] 
  MUL_MAT(type_a=q5_K,type_b=f16,m=16,n=1,k=256,bs=[10,1],nr=[2,1]): not supported [CPU] not supported [CPU] 
  MUL_MAT(type_a=q5_K,type_b=f16,m=16,n=1,k=256,bs=[10,10],nr=[1,1]): not supported [CPU] not supported [CPU] 
  MUL_MAT(type_a=q5_K,type_b=f16,m=16,n=1,k=256,bs=[10,10],nr=[2,1]): not supported [CPU] not supported [CPU] 
  MUL_MAT(type_a=q5_K,type_b=f16,m=16,n=1,k=256,bs=[10,10],nr=[1,2]): not supported [CPU] not supported [CPU] 
  MUL_MAT(type_a=q5_K,type_b=f16,m=16,n=1,k=256,bs=[10,10],nr=[2,2]): not supported [CPU] not supported [CPU] 
  MUL_MAT(type_a=q5_K,type_b=f16,m=16,n=16,k=256,bs=[1,1],nr=[1,1]): not supported [CPU] not supported [CPU] 
  MUL_MAT(type_a=q5_K,type_b=f16,m=16,n=16,k=256,bs=[10,1],nr=[1,1]): not supported [CPU] not supported [CPU] 
  MUL_MAT(type_a=q5_K,type_b=f16,m=16,n=16,k=256,bs=[10,1],nr=[2,1]): not supported [CPU] not supported [CPU] 
  MUL_MAT(type_a=q5_K,type_b=f16,m=16,n=16,k=256,bs=[10,10],nr=[1,1]): not supported [CPU] not supported [CPU] 
  MUL_MAT(type_a=q5_K,type_b=f16,m=16,n=16,k=256,bs=[10,10],nr=[2,1]): not supported [CPU] not supported [CPU] 
  MUL_MAT(type_a=q5_K,type_b=f16,m=16,n=16,k=256,bs=[10,10],nr=[1,2]): not supported [CPU] not supported [CPU] 
  MUL_MAT(type_a=q5_K,type_b=f16,m=16,n=16,k=256,bs=[10,10],nr=[2,2]): not supported [CPU] not supported [CPU] 
  MUL_MAT(type_a=q6_K,type_b=f32,m=16,n=1,k=256,bs=[1,1],nr=[1,1]): [1;32mOK[0m
  MUL_MAT(type_a=q6_K,type_b=f32,m=16,n=1,k=256,bs=[10,1],nr=[1,1]): [1;32mOK[0m
  MUL_MAT(type_a=q6_K,type_b=f32,m=16,n=1,k=256,bs=[10,1],nr=[2,1]): [1;32mOK[0m
  MUL_MAT(type_a=q6_K,type_b=f32,m=16,n=1,k=256,bs=[10,10],nr=[1,1]): [1;32mOK[0m
  MUL_MAT(type_a=q6_K,type_b=f32,m=16,n=1,k=256,bs=[10,10],nr=[2,1]): [1;32mOK[0m
  MUL_MAT(type_a=q6_K,type_b=f32,m=16,n=1,k=256,bs=[10,10],nr=[1,2]): [1;32mOK[0m
  MUL_MAT(type_a=q6_K,type_b=f32,m=16,n=1,k=256,bs=[10,10],nr=[2,2]): [1;32mOK[0m
  MUL_MAT(type_a=q6_K,type_b=f32,m=16,n=16,k=256,bs=[1,1],nr=[1,1]): [1;32mOK[0m
  MUL_MAT(type_a=q6_K,type_b=f32,m=16,n=16,k=256,bs=[10,1],nr=[1,1]): [1;32mOK[0m
  MUL_MAT(type_a=q6_K,type_b=f32,m=16,n=16,k=256,bs=[10,1],nr=[2,1]): [1;32mOK[0m
  MUL_MAT(type_a=q6_K,type_b=f32,m=16,n=16,k=256,bs=[10,10],nr=[1,1]): [1;32mOK[0m
  MUL_MAT(type_a=q6_K,type_b=f32,m=16,n=16,k=256,bs=[10,10],nr=[2,1]): [1;32mOK[0m
  MUL_MAT(type_a=q6_K,type_b=f32,m=16,n=16,k=256,bs=[10,10],nr=[1,2]): [1;32mOK[0m
  MUL_MAT(type_a=q6_K,type_b=f32,m=16,n=16,k=256,bs=[10,10],nr=[2,2]): [1;32mOK[0m
  MUL_MAT(type_a=q6_K,type_b=f16,m=16,n=1,k=256,bs=[1,1],nr=[1,1]): not supported [CPU] not supported [CPU] 
  MUL_MAT(type_a=q6_K,type_b=f16,m=16,n=1,k=256,bs=[10,1],nr=[1,1]): not supported [CPU] not supported [CPU] 
  MUL_MAT(type_a=q6_K,type_b=f16,m=16,n=1,k=256,bs=[10,1],nr=[2,1]): not supported [CPU] not supported [CPU] 
  MUL_MAT(type_a=q6_K,type_b=f16,m=16,n=1,k=256,bs=[10,10],nr=[1,1]): not supported [CPU] not supported [CPU] 
  MUL_MAT(type_a=q6_K,type_b=f16,m=16,n=1,k=256,bs=[10,10],nr=[2,1]): not supported [CPU] not supported [CPU] 
  MUL_MAT(type_a=q6_K,type_b=f16,m=16,n=1,k=256,bs=[10,10],nr=[1,2]): not supported [CPU] not supported [CPU] 
  MUL_MAT(type_a=q6_K,type_b=f16,m=16,n=1,k=256,bs=[10,10],nr=[2,2]): not supported [CPU] not supported [CPU] 
  MUL_MAT(type_a=q6_K,type_b=f16,m=16,n=16,k=256,bs=[1,1],nr=[1,1]): not supported [CPU] not supported [CPU] 
  MUL_MAT(type_a=q6_K,type_b=f16,m=16,n=16,k=256,bs=[10,1],nr=[1,1]): not supported [CPU] not supported [CPU] 
  MUL_MAT(type_a=q6_K,type_b=f16,m=16,n=16,k=256,bs=[10,1],nr=[2,1]): not supported [CPU] not supported [CPU] 
  MUL_MAT(type_a=q6_K,type_b=f16,m=16,n=16,k=256,bs=[10,10],nr=[1,1]): not supported [CPU] not supported [CPU] 
  MUL_MAT(type_a=q6_K,type_b=f16,m=16,n=16,k=256,bs=[10,10],nr=[2,1]): not supported [CPU] not supported [CPU] 
  MUL_MAT(type_a=q6_K,type_b=f16,m=16,n=16,k=256,bs=[10,10],nr=[1,2]): not supported [CPU] not supported [CPU] 
  MUL_MAT(type_a=q6_K,type_b=f16,m=16,n=16,k=256,bs=[10,10],nr=[2,2]): not supported [CPU] not supported [CPU] 
  MUL_MAT_ID(type_a=f32,type_b=f32,n_mats=2,id=0,m=16,n=16,k=256,v=0): [1;32mOK[0m
  MUL_MAT_ID(type_a=f32,type_b=f32,n_mats=2,id=0,m=16,n=16,k=256,v=1): [1;32mOK[0m
  MUL_MAT_ID(type_a=f32,type_b=f32,n_mats=2,id=1,m=16,n=16,k=256,v=0): [1;32mOK[0m
  MUL_MAT_ID(type_a=f32,type_b=f32,n_mats=2,id=1,m=16,n=16,k=256,v=1): [1;32mOK[0m
  MUL_MAT_ID(type_a=f32,type_b=f32,n_mats=4,id=0,m=16,n=16,k=256,v=0): [1;32mOK[0m
  MUL_MAT_ID(type_a=f32,type_b=f32,n_mats=4,id=0,m=16,n=16,k=256,v=1): [1;32mOK[0m
  MUL_MAT_ID(type_a=f32,type_b=f32,n_mats=4,id=1,m=16,n=16,k=256,v=0): [1;32mOK[0m
  MUL_MAT_ID(type_a=f32,type_b=f32,n_mats=4,id=1,m=16,n=16,k=256,v=1): [1;32mOK[0m
  MUL_MAT_ID(type_a=f32,type_b=f32,n_mats=4,id=2,m=16,n=16,k=256,v=0): [1;32mOK[0m
  MUL_MAT_ID(type_a=f32,type_b=f32,n_mats=4,id=2,m=16,n=16,k=256,v=1): [1;32mOK[0m
  MUL_MAT_ID(type_a=f32,type_b=f32,n_mats=4,id=3,m=16,n=16,k=256,v=0): [1;32mOK[0m
  MUL_MAT_ID(type_a=f32,type_b=f32,n_mats=4,id=3,m=16,n=16,k=256,v=1): [1;32mOK[0m
  MUL_MAT_ID(type_a=f32,type_b=f32,n_mats=8,id=0,m=16,n=16,k=256,v=0): [1;32mOK[0m
  MUL_MAT_ID(type_a=f32,type_b=f32,n_mats=8,id=0,m=16,n=16,k=256,v=1): [1;32mOK[0m
  MUL_MAT_ID(type_a=f32,type_b=f32,n_mats=8,id=1,m=16,n=16,k=256,v=0): [1;32mOK[0m
  MUL_MAT_ID(type_a=f32,type_b=f32,n_mats=8,id=1,m=16,n=16,k=256,v=1): [1;32mOK[0m
  MUL_MAT_ID(type_a=f32,type_b=f32,n_mats=8,id=2,m=16,n=16,k=256,v=0): [1;32mOK[0m
  MUL_MAT_ID(type_a=f32,type_b=f32,n_mats=8,id=2,m=16,n=16,k=256,v=1): [1;32mOK[0m
  MUL_MAT_ID(type_a=f32,type_b=f32,n_mats=8,id=3,m=16,n=16,k=256,v=0): [1;32mOK[0m
  MUL_MAT_ID(type_a=f32,type_b=f32,n_mats=8,id=3,m=16,n=16,k=256,v=1): [1;32mOK[0m
  MUL_MAT_ID(type_a=f32,type_b=f32,n_mats=8,id=4,m=16,n=16,k=256,v=0): [1;32mOK[0m
  MUL_MAT_ID(type_a=f32,type_b=f32,n_mats=8,id=4,m=16,n=16,k=256,v=1): [1;32mOK[0m
  MUL_MAT_ID(type_a=f32,type_b=f32,n_mats=8,id=5,m=16,n=16,k=256,v=0): [1;32mOK[0m
  MUL_MAT_ID(type_a=f32,type_b=f32,n_mats=8,id=5,m=16,n=16,k=256,v=1): [1;32mOK[0m
  MUL_MAT_ID(type_a=f32,type_b=f32,n_mats=8,id=6,m=16,n=16,k=256,v=0): [1;32mOK[0m
  MUL_MAT_ID(type_a=f32,type_b=f32,n_mats=8,id=6,m=16,n=16,k=256,v=1): [1;32mOK[0m
  MUL_MAT_ID(type_a=f32,type_b=f32,n_mats=8,id=7,m=16,n=16,k=256,v=0): [1;32mOK[0m
  MUL_MAT_ID(type_a=f32,type_b=f32,n_mats=8,id=7,m=16,n=16,k=256,v=1): [1;32mOK[0m
  MUL_MAT_ID(type_a=f16,type_b=f32,n_mats=2,id=0,m=16,n=16,k=256,v=0): [1;32mOK[0m
  MUL_MAT_ID(type_a=f16,type_b=f32,n_mats=2,id=0,m=16,n=16,k=256,v=1): [1;32mOK[0m
  MUL_MAT_ID(type_a=f16,type_b=f32,n_mats=2,id=1,m=16,n=16,k=256,v=0): [1;32mOK[0m
  MUL_MAT_ID(type_a=f16,type_b=f32,n_mats=2,id=1,m=16,n=16,k=256,v=1): [1;32mOK[0m
  MUL_MAT_ID(type_a=f16,type_b=f32,n_mats=4,id=0,m=16,n=16,k=256,v=0): [1;32mOK[0m
  MUL_MAT_ID(type_a=f16,type_b=f32,n_mats=4,id=0,m=16,n=16,k=256,v=1): [1;32mOK[0m
  MUL_MAT_ID(type_a=f16,type_b=f32,n_mats=4,id=1,m=16,n=16,k=256,v=0): [1;32mOK[0m
  MUL_MAT_ID(type_a=f16,type_b=f32,n_mats=4,id=1,m=16,n=16,k=256,v=1): [1;32mOK[0m
  MUL_MAT_ID(type_a=f16,type_b=f32,n_mats=4,id=2,m=16,n=16,k=256,v=0): [1;32mOK[0m
  MUL_MAT_ID(type_a=f16,type_b=f32,n_mats=4,id=2,m=16,n=16,k=256,v=1): [1;32mOK[0m
  MUL_MAT_ID(type_a=f16,type_b=f32,n_mats=4,id=3,m=16,n=16,k=256,v=0): [1;32mOK[0m
  MUL_MAT_ID(type_a=f16,type_b=f32,n_mats=4,id=3,m=16,n=16,k=256,v=1): [1;32mOK[0m
  MUL_MAT_ID(type_a=f16,type_b=f32,n_mats=8,id=0,m=16,n=16,k=256,v=0): [1;32mOK[0m
  MUL_MAT_ID(type_a=f16,type_b=f32,n_mats=8,id=0,m=16,n=16,k=256,v=1): [1;32mOK[0m
  MUL_MAT_ID(type_a=f16,type_b=f32,n_mats=8,id=1,m=16,n=16,k=256,v=0): [1;32mOK[0m
  MUL_MAT_ID(type_a=f16,type_b=f32,n_mats=8,id=1,m=16,n=16,k=256,v=1): [1;32mOK[0m
  MUL_MAT_ID(type_a=f16,type_b=f32,n_mats=8,id=2,m=16,n=16,k=256,v=0): [1;32mOK[0m
  MUL_MAT_ID(type_a=f16,type_b=f32,n_mats=8,id=2,m=16,n=16,k=256,v=1): [1;32mOK[0m
  MUL_MAT_ID(type_a=f16,type_b=f32,n_mats=8,id=3,m=16,n=16,k=256,v=0): [1;32mOK[0m
  MUL_MAT_ID(type_a=f16,type_b=f32,n_mats=8,id=3,m=16,n=16,k=256,v=1): [1;32mOK[0m
  MUL_MAT_ID(type_a=f16,type_b=f32,n_mats=8,id=4,m=16,n=16,k=256,v=0): [1;32mOK[0m
  MUL_MAT_ID(type_a=f16,type_b=f32,n_mats=8,id=4,m=16,n=16,k=256,v=1): [1;32mOK[0m
  MUL_MAT_ID(type_a=f16,type_b=f32,n_mats=8,id=5,m=16,n=16,k=256,v=0): [1;32mOK[0m
  MUL_MAT_ID(type_a=f16,type_b=f32,n_mats=8,id=5,m=16,n=16,k=256,v=1): [1;32mOK[0m
  MUL_MAT_ID(type_a=f16,type_b=f32,n_mats=8,id=6,m=16,n=16,k=256,v=0): [1;32mOK[0m
  MUL_MAT_ID(type_a=f16,type_b=f32,n_mats=8,id=6,m=16,n=16,k=256,v=1): [1;32mOK[0m
  MUL_MAT_ID(type_a=f16,type_b=f32,n_mats=8,id=7,m=16,n=16,k=256,v=0): [1;32mOK[0m
  MUL_MAT_ID(type_a=f16,type_b=f32,n_mats=8,id=7,m=16,n=16,k=256,v=1): [1;32mOK[0m
  MUL_MAT_ID(type_a=q4_0,type_b=f32,n_mats=2,id=0,m=16,n=16,k=256,v=0): [1;32mOK[0m
  MUL_MAT_ID(type_a=q4_0,type_b=f32,n_mats=2,id=0,m=16,n=16,k=256,v=1): [1;32mOK[0m
  MUL_MAT_ID(type_a=q4_0,type_b=f32,n_mats=2,id=1,m=16,n=16,k=256,v=0): [1;32mOK[0m
  MUL_MAT_ID(type_a=q4_0,type_b=f32,n_mats=2,id=1,m=16,n=16,k=256,v=1): [1;32mOK[0m
  MUL_MAT_ID(type_a=q4_0,type_b=f32,n_mats=4,id=0,m=16,n=16,k=256,v=0): [1;32mOK[0m
  MUL_MAT_ID(type_a=q4_0,type_b=f32,n_mats=4,id=0,m=16,n=16,k=256,v=1): [1;32mOK[0m
  MUL_MAT_ID(type_a=q4_0,type_b=f32,n_mats=4,id=1,m=16,n=16,k=256,v=0): [1;32mOK[0m
  MUL_MAT_ID(type_a=q4_0,type_b=f32,n_mats=4,id=1,m=16,n=16,k=256,v=1): [1;32mOK[0m
  MUL_MAT_ID(type_a=q4_0,type_b=f32,n_mats=4,id=2,m=16,n=16,k=256,v=0): [1;32mOK[0m
  MUL_MAT_ID(type_a=q4_0,type_b=f32,n_mats=4,id=2,m=16,n=16,k=256,v=1): [1;32mOK[0m
  MUL_MAT_ID(type_a=q4_0,type_b=f32,n_mats=4,id=3,m=16,n=16,k=256,v=0): [1;32mOK[0m
  MUL_MAT_ID(type_a=q4_0,type_b=f32,n_mats=4,id=3,m=16,n=16,k=256,v=1): [1;32mOK[0m
  MUL_MAT_ID(type_a=q4_0,type_b=f32,n_mats=8,id=0,m=16,n=16,k=256,v=0): [1;32mOK[0m
  MUL_MAT_ID(type_a=q4_0,type_b=f32,n_mats=8,id=0,m=16,n=16,k=256,v=1): [1;32mOK[0m
  MUL_MAT_ID(type_a=q4_0,type_b=f32,n_mats=8,id=1,m=16,n=16,k=256,v=0): [1;32mOK[0m
  MUL_MAT_ID(type_a=q4_0,type_b=f32,n_mats=8,id=1,m=16,n=16,k=256,v=1): [1;32mOK[0m
  MUL_MAT_ID(type_a=q4_0,type_b=f32,n_mats=8,id=2,m=16,n=16,k=256,v=0): [1;32mOK[0m
  MUL_MAT_ID(type_a=q4_0,type_b=f32,n_mats=8,id=2,m=16,n=16,k=256,v=1): [1;32mOK[0m
  MUL_MAT_ID(type_a=q4_0,type_b=f32,n_mats=8,id=3,m=16,n=16,k=256,v=0): [1;32mOK[0m
  MUL_MAT_ID(type_a=q4_0,type_b=f32,n_mats=8,id=3,m=16,n=16,k=256,v=1): [1;32mOK[0m
  MUL_MAT_ID(type_a=q4_0,type_b=f32,n_mats=8,id=4,m=16,n=16,k=256,v=0): [1;32mOK[0m
  MUL_MAT_ID(type_a=q4_0,type_b=f32,n_mats=8,id=4,m=16,n=16,k=256,v=1): [1;32mOK[0m
  MUL_MAT_ID(type_a=q4_0,type_b=f32,n_mats=8,id=5,m=16,n=16,k=256,v=0): [1;32mOK[0m
  MUL_MAT_ID(type_a=q4_0,type_b=f32,n_mats=8,id=5,m=16,n=16,k=256,v=1): [1;32mOK[0m
  MUL_MAT_ID(type_a=q4_0,type_b=f32,n_mats=8,id=6,m=16,n=16,k=256,v=0): [1;32mOK[0m
  MUL_MAT_ID(type_a=q4_0,type_b=f32,n_mats=8,id=6,m=16,n=16,k=256,v=1): [1;32mOK[0m
  MUL_MAT_ID(type_a=q4_0,type_b=f32,n_mats=8,id=7,m=16,n=16,k=256,v=0): [1;32mOK[0m
  MUL_MAT_ID(type_a=q4_0,type_b=f32,n_mats=8,id=7,m=16,n=16,k=256,v=1): [1;32mOK[0m
  MUL_MAT_ID(type_a=q4_1,type_b=f32,n_mats=2,id=0,m=16,n=16,k=256,v=0): [1;32mOK[0m
  MUL_MAT_ID(type_a=q4_1,type_b=f32,n_mats=2,id=0,m=16,n=16,k=256,v=1): [1;32mOK[0m
  MUL_MAT_ID(type_a=q4_1,type_b=f32,n_mats=2,id=1,m=16,n=16,k=256,v=0): [1;32mOK[0m
  MUL_MAT_ID(type_a=q4_1,type_b=f32,n_mats=2,id=1,m=16,n=16,k=256,v=1): [1;32mOK[0m
  MUL_MAT_ID(type_a=q4_1,type_b=f32,n_mats=4,id=0,m=16,n=16,k=256,v=0): [1;32mOK[0m
  MUL_MAT_ID(type_a=q4_1,type_b=f32,n_mats=4,id=0,m=16,n=16,k=256,v=1): [1;32mOK[0m
  MUL_MAT_ID(type_a=q4_1,type_b=f32,n_mats=4,id=1,m=16,n=16,k=256,v=0): [1;32mOK[0m
  MUL_MAT_ID(type_a=q4_1,type_b=f32,n_mats=4,id=1,m=16,n=16,k=256,v=1): [1;32mOK[0m
  MUL_MAT_ID(type_a=q4_1,type_b=f32,n_mats=4,id=2,m=16,n=16,k=256,v=0): [1;32mOK[0m
  MUL_MAT_ID(type_a=q4_1,type_b=f32,n_mats=4,id=2,m=16,n=16,k=256,v=1): [1;32mOK[0m
  MUL_MAT_ID(type_a=q4_1,type_b=f32,n_mats=4,id=3,m=16,n=16,k=256,v=0): [1;32mOK[0m
  MUL_MAT_ID(type_a=q4_1,type_b=f32,n_mats=4,id=3,m=16,n=16,k=256,v=1): [1;32mOK[0m
  MUL_MAT_ID(type_a=q4_1,type_b=f32,n_mats=8,id=0,m=16,n=16,k=256,v=0): [1;32mOK[0m
  MUL_MAT_ID(type_a=q4_1,type_b=f32,n_mats=8,id=0,m=16,n=16,k=256,v=1): [1;32mOK[0m
  MUL_MAT_ID(type_a=q4_1,type_b=f32,n_mats=8,id=1,m=16,n=16,k=256,v=0): [1;32mOK[0m
  MUL_MAT_ID(type_a=q4_1,type_b=f32,n_mats=8,id=1,m=16,n=16,k=256,v=1): [1;32mOK[0m
  MUL_MAT_ID(type_a=q4_1,type_b=f32,n_mats=8,id=2,m=16,n=16,k=256,v=0): [1;32mOK[0m
  MUL_MAT_ID(type_a=q4_1,type_b=f32,n_mats=8,id=2,m=16,n=16,k=256,v=1): [1;32mOK[0m
  MUL_MAT_ID(type_a=q4_1,type_b=f32,n_mats=8,id=3,m=16,n=16,k=256,v=0): [1;32mOK[0m
  MUL_MAT_ID(type_a=q4_1,type_b=f32,n_mats=8,id=3,m=16,n=16,k=256,v=1): [1;32mOK[0m
  MUL_MAT_ID(type_a=q4_1,type_b=f32,n_mats=8,id=4,m=16,n=16,k=256,v=0): [1;32mOK[0m
  MUL_MAT_ID(type_a=q4_1,type_b=f32,n_mats=8,id=4,m=16,n=16,k=256,v=1): [1;32mOK[0m
  MUL_MAT_ID(type_a=q4_1,type_b=f32,n_mats=8,id=5,m=16,n=16,k=256,v=0): [1;32mOK[0m
  MUL_MAT_ID(type_a=q4_1,type_b=f32,n_mats=8,id=5,m=16,n=16,k=256,v=1): [1;32mOK[0m
  MUL_MAT_ID(type_a=q4_1,type_b=f32,n_mats=8,id=6,m=16,n=16,k=256,v=0): [1;32mOK[0m
  MUL_MAT_ID(type_a=q4_1,type_b=f32,n_mats=8,id=6,m=16,n=16,k=256,v=1): [1;32mOK[0m
  MUL_MAT_ID(type_a=q4_1,type_b=f32,n_mats=8,id=7,m=16,n=16,k=256,v=0): [1;32mOK[0m
  MUL_MAT_ID(type_a=q4_1,type_b=f32,n_mats=8,id=7,m=16,n=16,k=256,v=1): [1;32mOK[0m
  MUL_MAT_ID(type_a=q5_0,type_b=f32,n_mats=2,id=0,m=16,n=16,k=256,v=0): [1;32mOK[0m
  MUL_MAT_ID(type_a=q5_0,type_b=f32,n_mats=2,id=0,m=16,n=16,k=256,v=1): [1;32mOK[0m
  MUL_MAT_ID(type_a=q5_0,type_b=f32,n_mats=2,id=1,m=16,n=16,k=256,v=0): [1;32mOK[0m
  MUL_MAT_ID(type_a=q5_0,type_b=f32,n_mats=2,id=1,m=16,n=16,k=256,v=1): [1;32mOK[0m
  MUL_MAT_ID(type_a=q5_0,type_b=f32,n_mats=4,id=0,m=16,n=16,k=256,v=0): [1;32mOK[0m
  MUL_MAT_ID(type_a=q5_0,type_b=f32,n_mats=4,id=0,m=16,n=16,k=256,v=1): [1;32mOK[0m
  MUL_MAT_ID(type_a=q5_0,type_b=f32,n_mats=4,id=1,m=16,n=16,k=256,v=0): [1;32mOK[0m
  MUL_MAT_ID(type_a=q5_0,type_b=f32,n_mats=4,id=1,m=16,n=16,k=256,v=1): [1;32mOK[0m
  MUL_MAT_ID(type_a=q5_0,type_b=f32,n_mats=4,id=2,m=16,n=16,k=256,v=0): [1;32mOK[0m
  MUL_MAT_ID(type_a=q5_0,type_b=f32,n_mats=4,id=2,m=16,n=16,k=256,v=1): [1;32mOK[0m
  MUL_MAT_ID(type_a=q5_0,type_b=f32,n_mats=4,id=3,m=16,n=16,k=256,v=0): [1;32mOK[0m
  MUL_MAT_ID(type_a=q5_0,type_b=f32,n_mats=4,id=3,m=16,n=16,k=256,v=1): [1;32mOK[0m
  MUL_MAT_ID(type_a=q5_0,type_b=f32,n_mats=8,id=0,m=16,n=16,k=256,v=0): [1;32mOK[0m
  MUL_MAT_ID(type_a=q5_0,type_b=f32,n_mats=8,id=0,m=16,n=16,k=256,v=1): [1;32mOK[0m
  MUL_MAT_ID(type_a=q5_0,type_b=f32,n_mats=8,id=1,m=16,n=16,k=256,v=0): [1;32mOK[0m
  MUL_MAT_ID(type_a=q5_0,type_b=f32,n_mats=8,id=1,m=16,n=16,k=256,v=1): [1;32mOK[0m
  MUL_MAT_ID(type_a=q5_0,type_b=f32,n_mats=8,id=2,m=16,n=16,k=256,v=0): [1;32mOK[0m
  MUL_MAT_ID(type_a=q5_0,type_b=f32,n_mats=8,id=2,m=16,n=16,k=256,v=1): [1;32mOK[0m
  MUL_MAT_ID(type_a=q5_0,type_b=f32,n_mats=8,id=3,m=16,n=16,k=256,v=0): [1;32mOK[0m
  MUL_MAT_ID(type_a=q5_0,type_b=f32,n_mats=8,id=3,m=16,n=16,k=256,v=1): [1;32mOK[0m
  MUL_MAT_ID(type_a=q5_0,type_b=f32,n_mats=8,id=4,m=16,n=16,k=256,v=0): [1;32mOK[0m
  MUL_MAT_ID(type_a=q5_0,type_b=f32,n_mats=8,id=4,m=16,n=16,k=256,v=1): [1;32mOK[0m
  MUL_MAT_ID(type_a=q5_0,type_b=f32,n_mats=8,id=5,m=16,n=16,k=256,v=0): [1;32mOK[0m
  MUL_MAT_ID(type_a=q5_0,type_b=f32,n_mats=8,id=5,m=16,n=16,k=256,v=1): [1;32mOK[0m
  MUL_MAT_ID(type_a=q5_0,type_b=f32,n_mats=8,id=6,m=16,n=16,k=256,v=0): [1;32mOK[0m
  MUL_MAT_ID(type_a=q5_0,type_b=f32,n_mats=8,id=6,m=16,n=16,k=256,v=1): [1;32mOK[0m
  MUL_MAT_ID(type_a=q5_0,type_b=f32,n_mats=8,id=7,m=16,n=16,k=256,v=0): [1;32mOK[0m
  MUL_MAT_ID(type_a=q5_0,type_b=f32,n_mats=8,id=7,m=16,n=16,k=256,v=1): [1;32mOK[0m
  MUL_MAT_ID(type_a=q5_1,type_b=f32,n_mats=2,id=0,m=16,n=16,k=256,v=0): [1;32mOK[0m
  MUL_MAT_ID(type_a=q5_1,type_b=f32,n_mats=2,id=0,m=16,n=16,k=256,v=1): [1;32mOK[0m
  MUL_MAT_ID(type_a=q5_1,type_b=f32,n_mats=2,id=1,m=16,n=16,k=256,v=0): [1;32mOK[0m
  MUL_MAT_ID(type_a=q5_1,type_b=f32,n_mats=2,id=1,m=16,n=16,k=256,v=1): [1;32mOK[0m
  MUL_MAT_ID(type_a=q5_1,type_b=f32,n_mats=4,id=0,m=16,n=16,k=256,v=0): [1;32mOK[0m
  MUL_MAT_ID(type_a=q5_1,type_b=f32,n_mats=4,id=0,m=16,n=16,k=256,v=1): [1;32mOK[0m
  MUL_MAT_ID(type_a=q5_1,type_b=f32,n_mats=4,id=1,m=16,n=16,k=256,v=0): [1;32mOK[0m
  MUL_MAT_ID(type_a=q5_1,type_b=f32,n_mats=4,id=1,m=16,n=16,k=256,v=1): [1;32mOK[0m
  MUL_MAT_ID(type_a=q5_1,type_b=f32,n_mats=4,id=2,m=16,n=16,k=256,v=0): [1;32mOK[0m
  MUL_MAT_ID(type_a=q5_1,type_b=f32,n_mats=4,id=2,m=16,n=16,k=256,v=1): [1;32mOK[0m
  MUL_MAT_ID(type_a=q5_1,type_b=f32,n_mats=4,id=3,m=16,n=16,k=256,v=0): [1;32mOK[0m
  MUL_MAT_ID(type_a=q5_1,type_b=f32,n_mats=4,id=3,m=16,n=16,k=256,v=1): [1;32mOK[0m
  MUL_MAT_ID(type_a=q5_1,type_b=f32,n_mats=8,id=0,m=16,n=16,k=256,v=0): [1;32mOK[0m
  MUL_MAT_ID(type_a=q5_1,type_b=f32,n_mats=8,id=0,m=16,n=16,k=256,v=1): [1;32mOK[0m
  MUL_MAT_ID(type_a=q5_1,type_b=f32,n_mats=8,id=1,m=16,n=16,k=256,v=0): [1;32mOK[0m
  MUL_MAT_ID(type_a=q5_1,type_b=f32,n_mats=8,id=1,m=16,n=16,k=256,v=1): [1;32mOK[0m
  MUL_MAT_ID(type_a=q5_1,type_b=f32,n_mats=8,id=2,m=16,n=16,k=256,v=0): [1;32mOK[0m
  MUL_MAT_ID(type_a=q5_1,type_b=f32,n_mats=8,id=2,m=16,n=16,k=256,v=1): [1;32mOK[0m
  MUL_MAT_ID(type_a=q5_1,type_b=f32,n_mats=8,id=3,m=16,n=16,k=256,v=0): [1;32mOK[0m
  MUL_MAT_ID(type_a=q5_1,type_b=f32,n_mats=8,id=3,m=16,n=16,k=256,v=1): [1;32mOK[0m
  MUL_MAT_ID(type_a=q5_1,type_b=f32,n_mats=8,id=4,m=16,n=16,k=256,v=0): [1;32mOK[0m
  MUL_MAT_ID(type_a=q5_1,type_b=f32,n_mats=8,id=4,m=16,n=16,k=256,v=1): [1;32mOK[0m
  MUL_MAT_ID(type_a=q5_1,type_b=f32,n_mats=8,id=5,m=16,n=16,k=256,v=0): [1;32mOK[0m
  MUL_MAT_ID(type_a=q5_1,type_b=f32,n_mats=8,id=5,m=16,n=16,k=256,v=1): [1;32mOK[0m
  MUL_MAT_ID(type_a=q5_1,type_b=f32,n_mats=8,id=6,m=16,n=16,k=256,v=0): [1;32mOK[0m
  MUL_MAT_ID(type_a=q5_1,type_b=f32,n_mats=8,id=6,m=16,n=16,k=256,v=1): [1;32mOK[0m
  MUL_MAT_ID(type_a=q5_1,type_b=f32,n_mats=8,id=7,m=16,n=16,k=256,v=0): [1;32mOK[0m
  MUL_MAT_ID(type_a=q5_1,type_b=f32,n_mats=8,id=7,m=16,n=16,k=256,v=1): [1;32mOK[0m
  MUL_MAT_ID(type_a=q8_0,type_b=f32,n_mats=2,id=0,m=16,n=16,k=256,v=0): [1;32mOK[0m
  MUL_MAT_ID(type_a=q8_0,type_b=f32,n_mats=2,id=0,m=16,n=16,k=256,v=1): [1;32mOK[0m
  MUL_MAT_ID(type_a=q8_0,type_b=f32,n_mats=2,id=1,m=16,n=16,k=256,v=0): [1;32mOK[0m
  MUL_MAT_ID(type_a=q8_0,type_b=f32,n_mats=2,id=1,m=16,n=16,k=256,v=1): [1;32mOK[0m
  MUL_MAT_ID(type_a=q8_0,type_b=f32,n_mats=4,id=0,m=16,n=16,k=256,v=0): [1;32mOK[0m
  MUL_MAT_ID(type_a=q8_0,type_b=f32,n_mats=4,id=0,m=16,n=16,k=256,v=1): [1;32mOK[0m
  MUL_MAT_ID(type_a=q8_0,type_b=f32,n_mats=4,id=1,m=16,n=16,k=256,v=0): [1;32mOK[0m
  MUL_MAT_ID(type_a=q8_0,type_b=f32,n_mats=4,id=1,m=16,n=16,k=256,v=1): [1;32mOK[0m
  MUL_MAT_ID(type_a=q8_0,type_b=f32,n_mats=4,id=2,m=16,n=16,k=256,v=0): [1;32mOK[0m
  MUL_MAT_ID(type_a=q8_0,type_b=f32,n_mats=4,id=2,m=16,n=16,k=256,v=1): [1;32mOK[0m
  MUL_MAT_ID(type_a=q8_0,type_b=f32,n_mats=4,id=3,m=16,n=16,k=256,v=0): [1;32mOK[0m
  MUL_MAT_ID(type_a=q8_0,type_b=f32,n_mats=4,id=3,m=16,n=16,k=256,v=1): [1;32mOK[0m
  MUL_MAT_ID(type_a=q8_0,type_b=f32,n_mats=8,id=0,m=16,n=16,k=256,v=0): [1;32mOK[0m
  MUL_MAT_ID(type_a=q8_0,type_b=f32,n_mats=8,id=0,m=16,n=16,k=256,v=1): [1;32mOK[0m
  MUL_MAT_ID(type_a=q8_0,type_b=f32,n_mats=8,id=1,m=16,n=16,k=256,v=0): [1;32mOK[0m
  MUL_MAT_ID(type_a=q8_0,type_b=f32,n_mats=8,id=1,m=16,n=16,k=256,v=1): [1;32mOK[0m
  MUL_MAT_ID(type_a=q8_0,type_b=f32,n_mats=8,id=2,m=16,n=16,k=256,v=0): [1;32mOK[0m
  MUL_MAT_ID(type_a=q8_0,type_b=f32,n_mats=8,id=2,m=16,n=16,k=256,v=1): [1;32mOK[0m
  MUL_MAT_ID(type_a=q8_0,type_b=f32,n_mats=8,id=3,m=16,n=16,k=256,v=0): [1;32mOK[0m
  MUL_MAT_ID(type_a=q8_0,type_b=f32,n_mats=8,id=3,m=16,n=16,k=256,v=1): [1;32mOK[0m
  MUL_MAT_ID(type_a=q8_0,type_b=f32,n_mats=8,id=4,m=16,n=16,k=256,v=0): [1;32mOK[0m
  MUL_MAT_ID(type_a=q8_0,type_b=f32,n_mats=8,id=4,m=16,n=16,k=256,v=1): [1;32mOK[0m
  MUL_MAT_ID(type_a=q8_0,type_b=f32,n_mats=8,id=5,m=16,n=16,k=256,v=0): [1;32mOK[0m
  MUL_MAT_ID(type_a=q8_0,type_b=f32,n_mats=8,id=5,m=16,n=16,k=256,v=1): [1;32mOK[0m
  MUL_MAT_ID(type_a=q8_0,type_b=f32,n_mats=8,id=6,m=16,n=16,k=256,v=0): [1;32mOK[0m
  MUL_MAT_ID(type_a=q8_0,type_b=f32,n_mats=8,id=6,m=16,n=16,k=256,v=1): [1;32mOK[0m
  MUL_MAT_ID(type_a=q8_0,type_b=f32,n_mats=8,id=7,m=16,n=16,k=256,v=0): [1;32mOK[0m
  MUL_MAT_ID(type_a=q8_0,type_b=f32,n_mats=8,id=7,m=16,n=16,k=256,v=1): [1;32mOK[0m
  MUL_MAT_ID(type_a=q2_K,type_b=f32,n_mats=2,id=0,m=16,n=16,k=256,v=0): [1;32mOK[0m
  MUL_MAT_ID(type_a=q2_K,type_b=f32,n_mats=2,id=0,m=16,n=16,k=256,v=1): [1;32mOK[0m
  MUL_MAT_ID(type_a=q2_K,type_b=f32,n_mats=2,id=1,m=16,n=16,k=256,v=0): [1;32mOK[0m
  MUL_MAT_ID(type_a=q2_K,type_b=f32,n_mats=2,id=1,m=16,n=16,k=256,v=1): [1;32mOK[0m
  MUL_MAT_ID(type_a=q2_K,type_b=f32,n_mats=4,id=0,m=16,n=16,k=256,v=0): [1;32mOK[0m
  MUL_MAT_ID(type_a=q2_K,type_b=f32,n_mats=4,id=0,m=16,n=16,k=256,v=1): [1;32mOK[0m
  MUL_MAT_ID(type_a=q2_K,type_b=f32,n_mats=4,id=1,m=16,n=16,k=256,v=0): [1;32mOK[0m
  MUL_MAT_ID(type_a=q2_K,type_b=f32,n_mats=4,id=1,m=16,n=16,k=256,v=1): [1;32mOK[0m
  MUL_MAT_ID(type_a=q2_K,type_b=f32,n_mats=4,id=2,m=16,n=16,k=256,v=0): [1;32mOK[0m
  MUL_MAT_ID(type_a=q2_K,type_b=f32,n_mats=4,id=2,m=16,n=16,k=256,v=1): [1;32mOK[0m
  MUL_MAT_ID(type_a=q2_K,type_b=f32,n_mats=4,id=3,m=16,n=16,k=256,v=0): [1;32mOK[0m
  MUL_MAT_ID(type_a=q2_K,type_b=f32,n_mats=4,id=3,m=16,n=16,k=256,v=1): [1;32mOK[0m
  MUL_MAT_ID(type_a=q2_K,type_b=f32,n_mats=8,id=0,m=16,n=16,k=256,v=0): [1;32mOK[0m
  MUL_MAT_ID(type_a=q2_K,type_b=f32,n_mats=8,id=0,m=16,n=16,k=256,v=1): [1;32mOK[0m
  MUL_MAT_ID(type_a=q2_K,type_b=f32,n_mats=8,id=1,m=16,n=16,k=256,v=0): [1;32mOK[0m
  MUL_MAT_ID(type_a=q2_K,type_b=f32,n_mats=8,id=1,m=16,n=16,k=256,v=1): [1;32mOK[0m
  MUL_MAT_ID(type_a=q2_K,type_b=f32,n_mats=8,id=2,m=16,n=16,k=256,v=0): [1;32mOK[0m
  MUL_MAT_ID(type_a=q2_K,type_b=f32,n_mats=8,id=2,m=16,n=16,k=256,v=1): [1;32mOK[0m
  MUL_MAT_ID(type_a=q2_K,type_b=f32,n_mats=8,id=3,m=16,n=16,k=256,v=0): [1;32mOK[0m
  MUL_MAT_ID(type_a=q2_K,type_b=f32,n_mats=8,id=3,m=16,n=16,k=256,v=1): [1;32mOK[0m
  MUL_MAT_ID(type_a=q2_K,type_b=f32,n_mats=8,id=4,m=16,n=16,k=256,v=0): [1;32mOK[0m
  MUL_MAT_ID(type_a=q2_K,type_b=f32,n_mats=8,id=4,m=16,n=16,k=256,v=1): [1;32mOK[0m
  MUL_MAT_ID(type_a=q2_K,type_b=f32,n_mats=8,id=5,m=16,n=16,k=256,v=0): [1;32mOK[0m
  MUL_MAT_ID(type_a=q2_K,type_b=f32,n_mats=8,id=5,m=16,n=16,k=256,v=1): [1;32mOK[0m
  MUL_MAT_ID(type_a=q2_K,type_b=f32,n_mats=8,id=6,m=16,n=16,k=256,v=0): [1;32mOK[0m
  MUL_MAT_ID(type_a=q2_K,type_b=f32,n_mats=8,id=6,m=16,n=16,k=256,v=1): [1;32mOK[0m
  MUL_MAT_ID(type_a=q2_K,type_b=f32,n_mats=8,id=7,m=16,n=16,k=256,v=0): [1;32mOK[0m
  MUL_MAT_ID(type_a=q2_K,type_b=f32,n_mats=8,id=7,m=16,n=16,k=256,v=1): [1;32mOK[0m
  MUL_MAT_ID(type_a=q3_K,type_b=f32,n_mats=2,id=0,m=16,n=16,k=256,v=0): [1;32mOK[0m
  MUL_MAT_ID(type_a=q3_K,type_b=f32,n_mats=2,id=0,m=16,n=16,k=256,v=1): [1;32mOK[0m
  MUL_MAT_ID(type_a=q3_K,type_b=f32,n_mats=2,id=1,m=16,n=16,k=256,v=0): [1;32mOK[0m
  MUL_MAT_ID(type_a=q3_K,type_b=f32,n_mats=2,id=1,m=16,n=16,k=256,v=1): [1;32mOK[0m
  MUL_MAT_ID(type_a=q3_K,type_b=f32,n_mats=4,id=0,m=16,n=16,k=256,v=0): [1;32mOK[0m
  MUL_MAT_ID(type_a=q3_K,type_b=f32,n_mats=4,id=0,m=16,n=16,k=256,v=1): [1;32mOK[0m
  MUL_MAT_ID(type_a=q3_K,type_b=f32,n_mats=4,id=1,m=16,n=16,k=256,v=0): [1;32mOK[0m
  MUL_MAT_ID(type_a=q3_K,type_b=f32,n_mats=4,id=1,m=16,n=16,k=256,v=1): [1;32mOK[0m
  MUL_MAT_ID(type_a=q3_K,type_b=f32,n_mats=4,id=2,m=16,n=16,k=256,v=0): [1;32mOK[0m
  MUL_MAT_ID(type_a=q3_K,type_b=f32,n_mats=4,id=2,m=16,n=16,k=256,v=1): [1;32mOK[0m
  MUL_MAT_ID(type_a=q3_K,type_b=f32,n_mats=4,id=3,m=16,n=16,k=256,v=0): [1;32mOK[0m
  MUL_MAT_ID(type_a=q3_K,type_b=f32,n_mats=4,id=3,m=16,n=16,k=256,v=1): [1;32mOK[0m
  MUL_MAT_ID(type_a=q3_K,type_b=f32,n_mats=8,id=0,m=16,n=16,k=256,v=0): [1;32mOK[0m
  MUL_MAT_ID(type_a=q3_K,type_b=f32,n_mats=8,id=0,m=16,n=16,k=256,v=1): [1;32mOK[0m
  MUL_MAT_ID(type_a=q3_K,type_b=f32,n_mats=8,id=1,m=16,n=16,k=256,v=0): [1;32mOK[0m
  MUL_MAT_ID(type_a=q3_K,type_b=f32,n_mats=8,id=1,m=16,n=16,k=256,v=1): [1;32mOK[0m
  MUL_MAT_ID(type_a=q3_K,type_b=f32,n_mats=8,id=2,m=16,n=16,k=256,v=0): [1;32mOK[0m
  MUL_MAT_ID(type_a=q3_K,type_b=f32,n_mats=8,id=2,m=16,n=16,k=256,v=1): [1;32mOK[0m
  MUL_MAT_ID(type_a=q3_K,type_b=f32,n_mats=8,id=3,m=16,n=16,k=256,v=0): [1;32mOK[0m
  MUL_MAT_ID(type_a=q3_K,type_b=f32,n_mats=8,id=3,m=16,n=16,k=256,v=1): [1;32mOK[0m
  MUL_MAT_ID(type_a=q3_K,type_b=f32,n_mats=8,id=4,m=16,n=16,k=256,v=0): [1;32mOK[0m
  MUL_MAT_ID(type_a=q3_K,type_b=f32,n_mats=8,id=4,m=16,n=16,k=256,v=1): [1;32mOK[0m
  MUL_MAT_ID(type_a=q3_K,type_b=f32,n_mats=8,id=5,m=16,n=16,k=256,v=0): [1;32mOK[0m
  MUL_MAT_ID(type_a=q3_K,type_b=f32,n_mats=8,id=5,m=16,n=16,k=256,v=1): [1;32mOK[0m
  MUL_MAT_ID(type_a=q3_K,type_b=f32,n_mats=8,id=6,m=16,n=16,k=256,v=0): [1;32mOK[0m
  MUL_MAT_ID(type_a=q3_K,type_b=f32,n_mats=8,id=6,m=16,n=16,k=256,v=1): [1;32mOK[0m
  MUL_MAT_ID(type_a=q3_K,type_b=f32,n_mats=8,id=7,m=16,n=16,k=256,v=0): [1;32mOK[0m
  MUL_MAT_ID(type_a=q3_K,type_b=f32,n_mats=8,id=7,m=16,n=16,k=256,v=1): [1;32mOK[0m
  MUL_MAT_ID(type_a=q4_K,type_b=f32,n_mats=2,id=0,m=16,n=16,k=256,v=0): [1;32mOK[0m
  MUL_MAT_ID(type_a=q4_K,type_b=f32,n_mats=2,id=0,m=16,n=16,k=256,v=1): [1;32mOK[0m
  MUL_MAT_ID(type_a=q4_K,type_b=f32,n_mats=2,id=1,m=16,n=16,k=256,v=0): [1;32mOK[0m
  MUL_MAT_ID(type_a=q4_K,type_b=f32,n_mats=2,id=1,m=16,n=16,k=256,v=1): [1;32mOK[0m
  MUL_MAT_ID(type_a=q4_K,type_b=f32,n_mats=4,id=0,m=16,n=16,k=256,v=0): [1;32mOK[0m
  MUL_MAT_ID(type_a=q4_K,type_b=f32,n_mats=4,id=0,m=16,n=16,k=256,v=1): [1;32mOK[0m
  MUL_MAT_ID(type_a=q4_K,type_b=f32,n_mats=4,id=1,m=16,n=16,k=256,v=0): [1;32mOK[0m
  MUL_MAT_ID(type_a=q4_K,type_b=f32,n_mats=4,id=1,m=16,n=16,k=256,v=1): [1;32mOK[0m
  MUL_MAT_ID(type_a=q4_K,type_b=f32,n_mats=4,id=2,m=16,n=16,k=256,v=0): [1;32mOK[0m
  MUL_MAT_ID(type_a=q4_K,type_b=f32,n_mats=4,id=2,m=16,n=16,k=256,v=1): [1;32mOK[0m
  MUL_MAT_ID(type_a=q4_K,type_b=f32,n_mats=4,id=3,m=16,n=16,k=256,v=0): [1;32mOK[0m
  MUL_MAT_ID(type_a=q4_K,type_b=f32,n_mats=4,id=3,m=16,n=16,k=256,v=1): [1;32mOK[0m
  MUL_MAT_ID(type_a=q4_K,type_b=f32,n_mats=8,id=0,m=16,n=16,k=256,v=0): [1;32mOK[0m
  MUL_MAT_ID(type_a=q4_K,type_b=f32,n_mats=8,id=0,m=16,n=16,k=256,v=1): [1;32mOK[0m
  MUL_MAT_ID(type_a=q4_K,type_b=f32,n_mats=8,id=1,m=16,n=16,k=256,v=0): [1;32mOK[0m
  MUL_MAT_ID(type_a=q4_K,type_b=f32,n_mats=8,id=1,m=16,n=16,k=256,v=1): [1;32mOK[0m
  MUL_MAT_ID(type_a=q4_K,type_b=f32,n_mats=8,id=2,m=16,n=16,k=256,v=0): [1;32mOK[0m
  MUL_MAT_ID(type_a=q4_K,type_b=f32,n_mats=8,id=2,m=16,n=16,k=256,v=1): [1;32mOK[0m
  MUL_MAT_ID(type_a=q4_K,type_b=f32,n_mats=8,id=3,m=16,n=16,k=256,v=0): [1;32mOK[0m
  MUL_MAT_ID(type_a=q4_K,type_b=f32,n_mats=8,id=3,m=16,n=16,k=256,v=1): [1;32mOK[0m
  MUL_MAT_ID(type_a=q4_K,type_b=f32,n_mats=8,id=4,m=16,n=16,k=256,v=0): [1;32mOK[0m
  MUL_MAT_ID(type_a=q4_K,type_b=f32,n_mats=8,id=4,m=16,n=16,k=256,v=1): [1;32mOK[0m
  MUL_MAT_ID(type_a=q4_K,type_b=f32,n_mats=8,id=5,m=16,n=16,k=256,v=0): [1;32mOK[0m
  MUL_MAT_ID(type_a=q4_K,type_b=f32,n_mats=8,id=5,m=16,n=16,k=256,v=1): [1;32mOK[0m
  MUL_MAT_ID(type_a=q4_K,type_b=f32,n_mats=8,id=6,m=16,n=16,k=256,v=0): [1;32mOK[0m
  MUL_MAT_ID(type_a=q4_K,type_b=f32,n_mats=8,id=6,m=16,n=16,k=256,v=1): [1;32mOK[0m
  MUL_MAT_ID(type_a=q4_K,type_b=f32,n_mats=8,id=7,m=16,n=16,k=256,v=0): [1;32mOK[0m
  MUL_MAT_ID(type_a=q4_K,type_b=f32,n_mats=8,id=7,m=16,n=16,k=256,v=1): [1;32mOK[0m
  MUL_MAT_ID(type_a=q5_K,type_b=f32,n_mats=2,id=0,m=16,n=16,k=256,v=0): [1;32mOK[0m
  MUL_MAT_ID(type_a=q5_K,type_b=f32,n_mats=2,id=0,m=16,n=16,k=256,v=1): [1;32mOK[0m
  MUL_MAT_ID(type_a=q5_K,type_b=f32,n_mats=2,id=1,m=16,n=16,k=256,v=0): [1;32mOK[0m
  MUL_MAT_ID(type_a=q5_K,type_b=f32,n_mats=2,id=1,m=16,n=16,k=256,v=1): [1;32mOK[0m
  MUL_MAT_ID(type_a=q5_K,type_b=f32,n_mats=4,id=0,m=16,n=16,k=256,v=0): [1;32mOK[0m
  MUL_MAT_ID(type_a=q5_K,type_b=f32,n_mats=4,id=0,m=16,n=16,k=256,v=1): [1;32mOK[0m
  MUL_MAT_ID(type_a=q5_K,type_b=f32,n_mats=4,id=1,m=16,n=16,k=256,v=0): [1;32mOK[0m
  MUL_MAT_ID(type_a=q5_K,type_b=f32,n_mats=4,id=1,m=16,n=16,k=256,v=1): [1;32mOK[0m
  MUL_MAT_ID(type_a=q5_K,type_b=f32,n_mats=4,id=2,m=16,n=16,k=256,v=0): [1;32mOK[0m
  MUL_MAT_ID(type_a=q5_K,type_b=f32,n_mats=4,id=2,m=16,n=16,k=256,v=1): [1;32mOK[0m
  MUL_MAT_ID(type_a=q5_K,type_b=f32,n_mats=4,id=3,m=16,n=16,k=256,v=0): [1;32mOK[0m
  MUL_MAT_ID(type_a=q5_K,type_b=f32,n_mats=4,id=3,m=16,n=16,k=256,v=1): [1;32mOK[0m
  MUL_MAT_ID(type_a=q5_K,type_b=f32,n_mats=8,id=0,m=16,n=16,k=256,v=0): [1;32mOK[0m
  MUL_MAT_ID(type_a=q5_K,type_b=f32,n_mats=8,id=0,m=16,n=16,k=256,v=1): [1;32mOK[0m
  MUL_MAT_ID(type_a=q5_K,type_b=f32,n_mats=8,id=1,m=16,n=16,k=256,v=0): [1;32mOK[0m
  MUL_MAT_ID(type_a=q5_K,type_b=f32,n_mats=8,id=1,m=16,n=16,k=256,v=1): [1;32mOK[0m
  MUL_MAT_ID(type_a=q5_K,type_b=f32,n_mats=8,id=2,m=16,n=16,k=256,v=0): [1;32mOK[0m
  MUL_MAT_ID(type_a=q5_K,type_b=f32,n_mats=8,id=2,m=16,n=16,k=256,v=1): [1;32mOK[0m
  MUL_MAT_ID(type_a=q5_K,type_b=f32,n_mats=8,id=3,m=16,n=16,k=256,v=0): [1;32mOK[0m
  MUL_MAT_ID(type_a=q5_K,type_b=f32,n_mats=8,id=3,m=16,n=16,k=256,v=1): [1;32mOK[0m
  MUL_MAT_ID(type_a=q5_K,type_b=f32,n_mats=8,id=4,m=16,n=16,k=256,v=0): [1;32mOK[0m
  MUL_MAT_ID(type_a=q5_K,type_b=f32,n_mats=8,id=4,m=16,n=16,k=256,v=1): [1;32mOK[0m
  MUL_MAT_ID(type_a=q5_K,type_b=f32,n_mats=8,id=5,m=16,n=16,k=256,v=0): [1;32mOK[0m
  MUL_MAT_ID(type_a=q5_K,type_b=f32,n_mats=8,id=5,m=16,n=16,k=256,v=1): [1;32mOK[0m
  MUL_MAT_ID(type_a=q5_K,type_b=f32,n_mats=8,id=6,m=16,n=16,k=256,v=0): [1;32mOK[0m
  MUL_MAT_ID(type_a=q5_K,type_b=f32,n_mats=8,id=6,m=16,n=16,k=256,v=1): [1;32mOK[0m
  MUL_MAT_ID(type_a=q5_K,type_b=f32,n_mats=8,id=7,m=16,n=16,k=256,v=0): [1;32mOK[0m
  MUL_MAT_ID(type_a=q5_K,type_b=f32,n_mats=8,id=7,m=16,n=16,k=256,v=1): [1;32mOK[0m
  MUL_MAT_ID(type_a=q6_K,type_b=f32,n_mats=2,id=0,m=16,n=16,k=256,v=0): [1;32mOK[0m
  MUL_MAT_ID(type_a=q6_K,type_b=f32,n_mats=2,id=0,m=16,n=16,k=256,v=1): [1;32mOK[0m
  MUL_MAT_ID(type_a=q6_K,type_b=f32,n_mats=2,id=1,m=16,n=16,k=256,v=0): [1;32mOK[0m
  MUL_MAT_ID(type_a=q6_K,type_b=f32,n_mats=2,id=1,m=16,n=16,k=256,v=1): [1;32mOK[0m
  MUL_MAT_ID(type_a=q6_K,type_b=f32,n_mats=4,id=0,m=16,n=16,k=256,v=0): [1;32mOK[0m
  MUL_MAT_ID(type_a=q6_K,type_b=f32,n_mats=4,id=0,m=16,n=16,k=256,v=1): [1;32mOK[0m
  MUL_MAT_ID(type_a=q6_K,type_b=f32,n_mats=4,id=1,m=16,n=16,k=256,v=0): [1;32mOK[0m
  MUL_MAT_ID(type_a=q6_K,type_b=f32,n_mats=4,id=1,m=16,n=16,k=256,v=1): [1;32mOK[0m
  MUL_MAT_ID(type_a=q6_K,type_b=f32,n_mats=4,id=2,m=16,n=16,k=256,v=0): [1;32mOK[0m
  MUL_MAT_ID(type_a=q6_K,type_b=f32,n_mats=4,id=2,m=16,n=16,k=256,v=1): [1;32mOK[0m
  MUL_MAT_ID(type_a=q6_K,type_b=f32,n_mats=4,id=3,m=16,n=16,k=256,v=0): [1;32mOK[0m
  MUL_MAT_ID(type_a=q6_K,type_b=f32,n_mats=4,id=3,m=16,n=16,k=256,v=1): [1;32mOK[0m
  MUL_MAT_ID(type_a=q6_K,type_b=f32,n_mats=8,id=0,m=16,n=16,k=256,v=0): [1;32mOK[0m
  MUL_MAT_ID(type_a=q6_K,type_b=f32,n_mats=8,id=0,m=16,n=16,k=256,v=1): [1;32mOK[0m
  MUL_MAT_ID(type_a=q6_K,type_b=f32,n_mats=8,id=1,m=16,n=16,k=256,v=0): [1;32mOK[0m
  MUL_MAT_ID(type_a=q6_K,type_b=f32,n_mats=8,id=1,m=16,n=16,k=256,v=1): [1;32mOK[0m
  MUL_MAT_ID(type_a=q6_K,type_b=f32,n_mats=8,id=2,m=16,n=16,k=256,v=0): [1;32mOK[0m
  MUL_MAT_ID(type_a=q6_K,type_b=f32,n_mats=8,id=2,m=16,n=16,k=256,v=1): [1;32mOK[0m
  MUL_MAT_ID(type_a=q6_K,type_b=f32,n_mats=8,id=3,m=16,n=16,k=256,v=0): [1;32mOK[0m
  MUL_MAT_ID(type_a=q6_K,type_b=f32,n_mats=8,id=3,m=16,n=16,k=256,v=1): [1;32mOK[0m
  MUL_MAT_ID(type_a=q6_K,type_b=f32,n_mats=8,id=4,m=16,n=16,k=256,v=0): [1;32mOK[0m
  MUL_MAT_ID(type_a=q6_K,type_b=f32,n_mats=8,id=4,m=16,n=16,k=256,v=1): [1;32mOK[0m
  MUL_MAT_ID(type_a=q6_K,type_b=f32,n_mats=8,id=5,m=16,n=16,k=256,v=0): [1;32mOK[0m
  MUL_MAT_ID(type_a=q6_K,type_b=f32,n_mats=8,id=5,m=16,n=16,k=256,v=1): [1;32mOK[0m
  MUL_MAT_ID(type_a=q6_K,type_b=f32,n_mats=8,id=6,m=16,n=16,k=256,v=0): [1;32mOK[0m
  MUL_MAT_ID(type_a=q6_K,type_b=f32,n_mats=8,id=6,m=16,n=16,k=256,v=1): [1;32mOK[0m
  MUL_MAT_ID(type_a=q6_K,type_b=f32,n_mats=8,id=7,m=16,n=16,k=256,v=0): [1;32mOK[0m
  MUL_MAT_ID(type_a=q6_K,type_b=f32,n_mats=8,id=7,m=16,n=16,k=256,v=1): [1;32mOK[0m
  SQR(type=f32,ne=[10,10,10,10]): [1;32mOK[0m
  CLAMP(type=f32,ne=[10,10,10,10],min=-0.500000,max=0.500000): [1;32mOK[0m
  DIAG_MASK_INF(type=f32,ne=[10,10,1,1],n_past=5): [1;32mOK[0m
  DIAG_MASK_INF(type=f32,ne=[10,10,10,1],n_past=5): [1;32mOK[0m
  DIAG_MASK_INF(type=f32,ne=[10,10,10,10],n_past=5): [1;32mOK[0m
  SOFT_MAX(type=f32,ne=[10,10,10,10]): [1;32mOK[0m
  ROPE(type=f32,ne=[128,32,10,1],n_dims=128,mode=0,n_ctx=512): [1;32mOK[0m
  ROPE(type=f32,ne=[128,40,10,1],n_dims=128,mode=0,n_ctx=512): [1;32mOK[0m
  ROPE(type=f32,ne=[128,52,10,1],n_dims=128,mode=0,n_ctx=512): [1;32mOK[0m
  ROPE(type=f32,ne=[128,64,10,1],n_dims=128,mode=0,n_ctx=512): [1;32mOK[0m
  ROPE(type=f32,ne=[64,1,10,1],n_dims=64,mode=2,n_ctx=512): [1;32mOK[0m
  ROPE(type=f32,ne=[64,71,10,1],n_dims=64,mode=2,n_ctx=512): [1;32mOK[0m
  ROPE(type=f32,ne=[64,8,10,1],n_dims=64,mode=2,n_ctx=512): [1;32mOK[0m
  ROPE(type=f32,ne=[64,128,10,1],n_dims=64,mode=2,n_ctx=512): [1;32mOK[0m
  ROPE(type=f32,ne=[80,32,10,1],n_dims=20,mode=2,n_ctx=512): [1;32mOK[0m
  ROPE(type=f32,ne=[80,32,10,1],n_dims=32,mode=2,n_ctx=512): [1;32mOK[0m
  ROPE(type=f16,ne=[128,32,10,1],n_dims=128,mode=0,n_ctx=512): [1;32mOK[0m
  ROPE(type=f16,ne=[128,40,10,1],n_dims=128,mode=0,n_ctx=512): [1;32mOK[0m
  ROPE(type=f16,ne=[128,52,10,1],n_dims=128,mode=0,n_ctx=512): [1;32mOK[0m
  ROPE(type=f16,ne=[128,64,10,1],n_dims=128,mode=0,n_ctx=512): [1;32mOK[0m
  ROPE(type=f16,ne=[64,1,10,1],n_dims=64,mode=2,n_ctx=512): [1;32mOK[0m
  ROPE(type=f16,ne=[64,71,10,1],n_dims=64,mode=2,n_ctx=512): [1;32mOK[0m
  ROPE(type=f16,ne=[64,8,10,1],n_dims=64,mode=2,n_ctx=512): [1;32mOK[0m
  ROPE(type=f16,ne=[64,128,10,1],n_dims=64,mode=2,n_ctx=512): [1;32mOK[0m
  ROPE(type=f16,ne=[80,32,10,1],n_dims=20,mode=2,n_ctx=512): [1;32mOK[0m
  ROPE(type=f16,ne=[80,32,10,1],n_dims=32,mode=2,n_ctx=512): [1;32mOK[0m
  ALIBI(type=f32,ne=[10,10,10,10],n_past=512,n_head=10,bias_max=0.500000): [1;32mOK[0m
  IM2COL(type_input=f32,type_kernel=f16,ne_input=[10,10,3,1],ne_kernel=[3,3,3,1],s0=1,s1=1,p0=1,p1=1,d0=1,d1=1,is_2D=1): [1;32mOK[0m
  CONCAT(type=f32,ne=[10,10,10,10],b_ne2=10): [1;32mOK[0m
  CONCAT(type=i32,ne=[10,10,10,10],b_ne2=10): [1;32mOK[0m
  ARGSORT(type=f32,ne=[8,1,1,1],order=0): [1;32mOK[0m
  ARGSORT(type=f32,ne=[16,10,10,10],order=0): [1;32mOK[0m
  ARGSORT(type=f32,ne=[8,1,1,1],order=1): [1;32mOK[0m
  ARGSORT(type=f32,ne=[16,10,10,10],order=1): [1;32mOK[0m
  SUM_ROWS(type=f32,ne=[10,10,10,10]): [1;32mOK[0m
  UPSCALE(type=f32,ne=[512,512,3,1],scale_factor=2): [1;32mOK[0m
  GROUP_NORM(type=f32,ne=[64,64,320,1],num_groups=32): [1;32mOK[0m
  ACC(type=f32,ne_a=[1024,577,1,1],ne_b=[1024,576,1,1]): [1;32mOK[0m
  PAD(type=f32,ne_a=[512,512,1,1],pad_0=1,pad_1=1): [1;32mOK[0m
  LEAKY_RELU(type=f32,ne_a=[10,10,10,10],negative_slope=0.100000): [1;32mOK[0m
  MOE(n_experts=8,n_experts_per_tok=2,n_tokens=1,n_embd=4096,n_ff=8192): ggml_metal_init: allocating
ggml_metal_init: found device: Apple M1
ggml_metal_init: picking default device: Apple M1
ggml_metal_init: loading '/Users/ggml/work/llama.cpp/build-ci-debug/bin/ggml.metallib'
ggml_metal_init: GPU name:   Apple M1
ggml_metal_init: GPU family: MTLGPUFamilyApple7 (1007)
ggml_metal_init: hasUnifiedMemory              = true
ggml_metal_init: recommendedMaxWorkingSetSize  =  5726.63 MB
ggml_metal_init: maxTransferRate               = built-in GPU
[1;32mOK[0m
  889/889 tests passed
  Backend CPU: [1;32mOK[0m

Backend 2/2 (Metal)
  Backend name: Metal
  ABS(type=f32,ne=[128,10,10,10]): not supported [Metal] 
  SGN(type=f32,ne=[128,10,10,10]): not supported [Metal] 
  NEG(type=f32,ne=[128,10,10,10]): not supported [Metal] 
  STEP(type=f32,ne=[128,10,10,10]): not supported [Metal] 
  TANH(type=f32,ne=[128,10,10,10]): ggml_backend_metal_buffer_type_alloc_buffer: allocated buffer, size =     1.00 MiB, (    2.62 /  5461.34)
[1;32mOK[0m
  ELU(type=f32,ne=[128,10,10,10]): not supported [Metal] 
  RELU(type=f32,ne=[128,10,10,10]): ggml_backend_metal_buffer_type_alloc_buffer: allocated buffer, size =     1.00 MiB, (    2.62 /  5461.34)
[1;32mOK[0m
  GELU(type=f32,ne=[128,10,10,10]): ggml_backend_metal_buffer_type_alloc_buffer: allocated buffer, size =     1.00 MiB, (    2.62 /  5461.34)
[1;32mOK[0m
  GELU_QUICK(type=f32,ne=[128,10,10,10]): ggml_backend_metal_buffer_type_alloc_buffer: allocated buffer, size =     1.00 MiB, (    2.62 /  5461.34)
[1;32mOK[0m
  SILU(type=f32,ne=[128,10,10,10]): ggml_backend_metal_buffer_type_alloc_buffer: allocated buffer, size =     1.00 MiB, (    2.62 /  5461.34)
[1;32mOK[0m
  GET_ROWS(type=f32,n=1,m=8,r=2,b=1,v=0): ggml_backend_metal_buffer_type_alloc_buffer: allocated buffer, size =     0.03 MiB, (    1.66 /  5461.34)
[1;32mOK[0m
  GET_ROWS(type=f32,n=256,m=5,r=4,b=1,v=0): ggml_backend_metal_buffer_type_alloc_buffer: allocated buffer, size =     0.03 MiB, (    1.66 /  5461.34)
[1;32mOK[0m
  GET_ROWS(type=f32,n=256,m=5,r=4,b=1,v=1): ggml_backend_metal_buffer_type_alloc_buffer: allocated buffer, size =     0.03 MiB, (    1.66 /  5461.34)
[1;32mOK[0m
  GET_ROWS(type=f32,n=256,m=5,r=4,b=7,v=0): ggml_backend_metal_buffer_type_alloc_buffer: allocated buffer, size =     0.08 MiB, (    1.70 /  5461.34)
[1;32mOK[0m
  GET_ROWS(type=f32,n=256,m=5,r=4,b=7,v=1): ggml_backend_metal_buffer_type_alloc_buffer: allocated buffer, size =     0.08 MiB, (    1.70 /  5461.34)
[1;32mOK[0m
  GET_ROWS(type=f16,n=256,m=5,r=4,b=1,v=0): ggml_backend_metal_buffer_type_alloc_buffer: allocated buffer, size =     0.03 MiB, (    1.66 /  5461.34)
[1;32mOK[0m
  GET_ROWS(type=f16,n=256,m=5,r=4,b=1,v=1): ggml_backend_metal_buffer_type_alloc_buffer: allocated buffer, size =     0.03 MiB, (    1.66 /  5461.34)
[1;32mOK[0m
  GET_ROWS(type=f16,n=256,m=5,r=4,b=7,v=0): ggml_backend_metal_buffer_type_alloc_buffer: allocated buffer, size =     0.06 MiB, (    1.69 /  5461.34)
[1;32mOK[0m
  GET_ROWS(type=f16,n=256,m=5,r=4,b=7,v=1): ggml_backend_metal_buffer_type_alloc_buffer: allocated buffer, size =     0.05 MiB, (    1.67 /  5461.34)
[1;32mOK[0m
  GET_ROWS(type=q4_0,n=256,m=5,r=4,b=1,v=0): ggml_backend_metal_buffer_type_alloc_buffer: allocated buffer, size =     0.03 MiB, (    1.66 /  5461.34)
[1;32mOK[0m
  GET_ROWS(type=q4_0,n=256,m=5,r=4,b=1,v=1): ggml_backend_metal_buffer_type_alloc_buffer: allocated buffer, size =     0.03 MiB, (    1.66 /  5461.34)
[1;32mOK[0m
  GET_ROWS(type=q4_0,n=256,m=5,r=4,b=7,v=0): ggml_backend_metal_buffer_type_alloc_buffer: allocated buffer, size =     0.06 MiB, (    1.69 /  5461.34)
[1;32mOK[0m
  GET_ROWS(type=q4_0,n=256,m=5,r=4,b=7,v=1): ggml_backend_metal_buffer_type_alloc_buffer: allocated buffer, size =     0.05 MiB, (    1.67 /  5461.34)
[1;32mOK[0m
  GET_ROWS(type=q4_1,n=256,m=5,r=4,b=1,v=0): ggml_backend_metal_buffer_type_alloc_buffer: allocated buffer, size =     0.03 MiB, (    1.66 /  5461.34)
[1;32mOK[0m
  GET_ROWS(type=q4_1,n=256,m=5,r=4,b=1,v=1): ggml_backend_metal_buffer_type_alloc_buffer: allocated buffer, size =     0.03 MiB, (    1.66 /  5461.34)
[1;32mOK[0m
  GET_ROWS(type=q4_1,n=256,m=5,r=4,b=7,v=0): ggml_backend_metal_buffer_type_alloc_buffer: allocated buffer, size =     0.06 MiB, (    1.69 /  5461.34)
[1;32mOK[0m
  GET_ROWS(type=q4_1,n=256,m=5,r=4,b=7,v=1): ggml_backend_metal_buffer_type_alloc_buffer: allocated buffer, size =     0.05 MiB, (    1.67 /  5461.34)
[1;32mOK[0m
  GET_ROWS(type=q5_0,n=256,m=5,r=4,b=1,v=0): ggml_backend_metal_buffer_type_alloc_buffer: allocated buffer, size =     0.03 MiB, (    1.66 /  5461.34)
[1;32mOK[0m
  GET_ROWS(type=q5_0,n=256,m=5,r=4,b=1,v=1): ggml_backend_metal_buffer_type_alloc_buffer: allocated buffer, size =     0.03 MiB, (    1.66 /  5461.34)
[1;32mOK[0m
  GET_ROWS(type=q5_0,n=256,m=5,r=4,b=7,v=0): ggml_backend_metal_buffer_type_alloc_buffer: allocated buffer, size =     0.06 MiB, (    1.69 /  5461.34)
[1;32mOK[0m
  GET_ROWS(type=q5_0,n=256,m=5,r=4,b=7,v=1): ggml_backend_metal_buffer_type_alloc_buffer: allocated buffer, size =     0.05 MiB, (    1.67 /  5461.34)
[1;32mOK[0m
  GET_ROWS(type=q5_1,n=256,m=5,r=4,b=1,v=0): ggml_backend_metal_buffer_type_alloc_buffer: allocated buffer, size =     0.03 MiB, (    1.66 /  5461.34)
[1;32mOK[0m
  GET_ROWS(type=q5_1,n=256,m=5,r=4,b=1,v=1): ggml_backend_metal_buffer_type_alloc_buffer: allocated buffer, size =     0.03 MiB, (    1.66 /  5461.34)
[1;32mOK[0m
  GET_ROWS(type=q5_1,n=256,m=5,r=4,b=7,v=0): ggml_backend_metal_buffer_type_alloc_buffer: allocated buffer, size =     0.06 MiB, (    1.69 /  5461.34)
[1;32mOK[0m
  GET_ROWS(type=q5_1,n=256,m=5,r=4,b=7,v=1): ggml_backend_metal_buffer_type_alloc_buffer: allocated buffer, size =     0.05 MiB, (    1.67 /  5461.34)
[1;32mOK[0m
  GET_ROWS(type=q8_0,n=256,m=5,r=4,b=1,v=0): ggml_backend_metal_buffer_type_alloc_buffer: allocated buffer, size =     0.03 MiB, (    1.66 /  5461.34)
[1;32mOK[0m
  GET_ROWS(type=q8_0,n=256,m=5,r=4,b=1,v=1): ggml_backend_metal_buffer_type_alloc_buffer: allocated buffer, size =     0.03 MiB, (    1.66 /  5461.34)
[1;32mOK[0m
  GET_ROWS(type=q8_0,n=256,m=5,r=4,b=7,v=0): ggml_backend_metal_buffer_type_alloc_buffer: allocated buffer, size =     0.06 MiB, (    1.69 /  5461.34)
[1;32mOK[0m
  GET_ROWS(type=q8_0,n=256,m=5,r=4,b=7,v=1): ggml_backend_metal_buffer_type_alloc_buffer: allocated buffer, size =     0.05 MiB, (    1.67 /  5461.34)
[1;32mOK[0m
  GET_ROWS(type=q2_K,n=256,m=5,r=4,b=1,v=0): ggml_backend_metal_buffer_type_alloc_buffer: allocated buffer, size =     0.03 MiB, (    1.66 /  5461.34)
[1;32mOK[0m
  GET_ROWS(type=q2_K,n=256,m=5,r=4,b=1,v=1): ggml_backend_metal_buffer_type_alloc_buffer: allocated buffer, size =     0.03 MiB, (    1.66 /  5461.34)
[1;32mOK[0m
  GET_ROWS(type=q2_K,n=256,m=5,r=4,b=7,v=0): ggml_backend_metal_buffer_type_alloc_buffer: allocated buffer, size =     0.05 MiB, (    1.67 /  5461.34)
[1;32mOK[0m
  GET_ROWS(type=q2_K,n=256,m=5,r=4,b=7,v=1): ggml_backend_metal_buffer_type_alloc_buffer: allocated buffer, size =     0.05 MiB, (    1.67 /  5461.34)
[1;32mOK[0m
  GET_ROWS(type=q3_K,n=256,m=5,r=4,b=1,v=0): ggml_backend_metal_buffer_type_alloc_buffer: allocated buffer, size =     0.03 MiB, (    1.66 /  5461.34)
[1;32mOK[0m
  GET_ROWS(type=q3_K,n=256,m=5,r=4,b=1,v=1): ggml_backend_metal_buffer_type_alloc_buffer: allocated buffer, size =     0.03 MiB, (    1.66 /  5461.34)
[1;32mOK[0m
  GET_ROWS(type=q3_K,n=256,m=5,r=4,b=7,v=0): ggml_backend_metal_buffer_type_alloc_buffer: allocated buffer, size =     0.05 MiB, (    1.67 /  5461.34)
[1;32mOK[0m
  GET_ROWS(type=q3_K,n=256,m=5,r=4,b=7,v=1): ggml_backend_metal_buffer_type_alloc_buffer: allocated buffer, size =     0.05 MiB, (    1.67 /  5461.34)
[1;32mOK[0m
  GET_ROWS(type=q4_K,n=256,m=5,r=4,b=1,v=0): ggml_backend_metal_buffer_type_alloc_buffer: allocated buffer, size =     0.03 MiB, (    1.66 /  5461.34)
[1;32mOK[0m
  GET_ROWS(type=q4_K,n=256,m=5,r=4,b=1,v=1): ggml_backend_metal_buffer_type_alloc_buffer: allocated buffer, size =     0.03 MiB, (    1.66 /  5461.34)
[1;32mOK[0m
  GET_ROWS(type=q4_K,n=256,m=5,r=4,b=7,v=0): ggml_backend_metal_buffer_type_alloc_buffer: allocated buffer, size =     0.06 MiB, (    1.69 /  5461.34)
[1;32mOK[0m
  GET_ROWS(type=q4_K,n=256,m=5,r=4,b=7,v=1): ggml_backend_metal_buffer_type_alloc_buffer: allocated buffer, size =     0.05 MiB, (    1.67 /  5461.34)
[1;32mOK[0m
  GET_ROWS(type=q5_K,n=256,m=5,r=4,b=1,v=0): ggml_backend_metal_buffer_type_alloc_buffer: allocated buffer, size =     0.03 MiB, (    1.66 /  5461.34)
[1;32mOK[0m
  GET_ROWS(type=q5_K,n=256,m=5,r=4,b=1,v=1): ggml_backend_metal_buffer_type_alloc_buffer: allocated buffer, size =     0.03 MiB, (    1.66 /  5461.34)
[1;32mOK[0m
  GET_ROWS(type=q5_K,n=256,m=5,r=4,b=7,v=0): ggml_backend_metal_buffer_type_alloc_buffer: allocated buffer, size =     0.06 MiB, (    1.69 /  5461.34)
[1;32mOK[0m
  GET_ROWS(type=q5_K,n=256,m=5,r=4,b=7,v=1): ggml_backend_metal_buffer_type_alloc_buffer: allocated buffer, size =     0.05 MiB, (    1.67 /  5461.34)
[1;32mOK[0m
  GET_ROWS(type=q6_K,n=256,m=5,r=4,b=1,v=0): ggml_backend_metal_buffer_type_alloc_buffer: allocated buffer, size =     0.03 MiB, (    1.66 /  5461.34)
[1;32mOK[0m
  GET_ROWS(type=q6_K,n=256,m=5,r=4,b=1,v=1): ggml_backend_metal_buffer_type_alloc_buffer: allocated buffer, size =     0.03 MiB, (    1.66 /  5461.34)
[1;32mOK[0m
  GET_ROWS(type=q6_K,n=256,m=5,r=4,b=7,v=0): ggml_backend_metal_buffer_type_alloc_buffer: allocated buffer, size =     0.06 MiB, (    1.69 /  5461.34)
[1;32mOK[0m
  GET_ROWS(type=q6_K,n=256,m=5,r=4,b=7,v=1): ggml_backend_metal_buffer_type_alloc_buffer: allocated buffer, size =     0.05 MiB, (    1.67 /  5461.34)
[1;32mOK[0m
  GET_ROWS(type=i32,n=256,m=5,r=4,b=1,v=0): ggml_backend_metal_buffer_type_alloc_buffer: allocated buffer, size =     0.03 MiB, (    1.66 /  5461.34)
GGML_ASSERT: /Users/ggml/work/llama.cpp/ggml-metal.m:1981: false && "not implemented"

      Start 20: test-rope
20/20 Test #20: test-rope ...........................   Passed    0.22 sec

95% tests passed, 1 tests failed out of 20

Total Test time (real) = 159.99 sec

The following tests FAILED:
	 19 - test-backend-ops (Subprocess aborted)
Errors while running CTest
