+ cmake -DCMAKE_BUILD_TYPE=Release -DLLAMA_CUBLAS=1 ..
-- The C compiler identification is GNU 11.4.0
-- The CXX compiler identification is GNU 11.4.0
-- Detecting C compiler ABI info
-- Detecting C compiler ABI info - done
-- Check for working C compiler: /usr/bin/cc - skipped
-- Detecting C compile features
-- Detecting C compile features - done
-- Detecting CXX compiler ABI info
-- Detecting CXX compiler ABI info - done
-- Check for working CXX compiler: /usr/bin/c++ - skipped
-- Detecting CXX compile features
-- Detecting CXX compile features - done
-- Found Git: /usr/bin/git (found version "2.34.1") 
-- Performing Test CMAKE_HAVE_LIBC_PTHREAD
-- Performing Test CMAKE_HAVE_LIBC_PTHREAD - Success
-- Found Threads: TRUE  
-- Found CUDAToolkit: /usr/local/cuda-12.2/include (found version "12.2.140") 
-- cuBLAS found
-- The CUDA compiler identification is NVIDIA 12.2.140
-- Detecting CUDA compiler ABI info
-- Detecting CUDA compiler ABI info - done
-- Check for working CUDA compiler: /usr/local/cuda-12.2/bin/nvcc - skipped
-- Detecting CUDA compile features
-- Detecting CUDA compile features - done
-- Using CUDA architectures: 52;61;70
-- CUDA host compiler is GNU 11.4.0

-- ccache found, compilation results will be cached. Disable with LLAMA_CCACHE=OFF.
-- CMAKE_SYSTEM_PROCESSOR: x86_64
-- x86 detected
-- Configuring done (3.0s)
-- Generating done (0.1s)
-- Build files have been written to: /home/ggml/work/llama.cpp/build-ci-release

real	0m3.234s
user	0m2.437s
sys	0m0.804s
+ make -j
[  0%] Building C object CMakeFiles/ggml.dir/ggml.c.o
[  1%] Building C object CMakeFiles/ggml.dir/ggml-alloc.c.o
[  2%] Building CXX object common/CMakeFiles/build_info.dir/build-info.cpp.o
[  3%] Building C object CMakeFiles/ggml.dir/ggml-backend.c.o
[  4%] Building C object CMakeFiles/ggml.dir/ggml-quants.c.o
[  5%] Building CUDA object CMakeFiles/ggml.dir/ggml-cuda.cu.o
/home/ggml/work/llama.cpp/ggml-cuda.cu(645): warning #177-D: function "warp_reduce_sum(half2)" was declared but never referenced
                                   half2 warp_reduce_sum(half2 a) {
                                         ^

Remark: The warnings can be suppressed with "-diag-suppress <warning-number>"

/home/ggml/work/llama.cpp/ggml-cuda.cu(666): warning #177-D: function "warp_reduce_max(half2)" was declared but never referenced
                                   half2 warp_reduce_max(half2 x) {
                                         ^

/home/ggml/work/llama.cpp/ggml-cuda.cu(1696): warning #177-D: variable "ksigns64" was declared but never referenced
                         uint64_t ksigns64[128] = {
                                  ^

[  5%] Built target build_info
[  5%] Built target ggml
[  6%] Linking CUDA static library libggml_static.a
[  7%] Building CXX object CMakeFiles/llama.dir/llama.cpp.o
[  7%] Building CXX object examples/gguf/CMakeFiles/gguf.dir/gguf.cpp.o
[  8%] Linking CXX executable ../../bin/gguf
[  9%] Linking CXX static library libllama.a
[  9%] Built target ggml_static
[  9%] Built target llama
[  9%] Built target gguf
[ 11%] Building CXX object examples/benchmark/CMakeFiles/benchmark.dir/benchmark-matmult.cpp.o
[ 11%] Building C object tests/CMakeFiles/test-c.dir/test-c.c.o
[ 12%] Building CXX object common/CMakeFiles/common.dir/common.cpp.o
[ 13%] Building CXX object examples/quantize/CMakeFiles/quantize.dir/quantize.cpp.o
[ 14%] Building CXX object common/CMakeFiles/common.dir/sampling.cpp.o
[ 15%] Building CXX object common/CMakeFiles/common.dir/console.cpp.o
[ 16%] Building CXX object examples/llava/CMakeFiles/llava.dir/clip.cpp.o
[ 17%] Building CXX object common/CMakeFiles/common.dir/grammar-parser.cpp.o
[ 17%] Building CXX object examples/llava/CMakeFiles/llava.dir/llava.cpp.o
[ 17%] Building CXX object common/CMakeFiles/common.dir/train.cpp.o
[ 18%] Building CXX object examples/quantize-stats/CMakeFiles/quantize-stats.dir/quantize-stats.cpp.o
[ 19%] Linking CXX executable ../../bin/quantize
[ 18%] Linking CXX executable ../bin/test-c
[ 20%] Linking CXX executable ../../bin/benchmark
[ 20%] Linking CXX executable ../../bin/quantize-stats
[ 21%] Linking CXX static library libcommon.a
[ 21%] Built target common
[ 22%] Building CXX object tests/CMakeFiles/test-quantize-fns.dir/test-quantize-fns.cpp.o
[ 23%] Building CXX object tests/CMakeFiles/test-quantize-fns.dir/get-model.cpp.o
[ 23%] Building CXX object tests/CMakeFiles/test-quantize-perf.dir/test-quantize-perf.cpp.o
[ 23%] Built target test-c
[ 24%] Building CXX object tests/CMakeFiles/test-quantize-perf.dir/get-model.cpp.o
[ 25%] Building CXX object tests/CMakeFiles/test-sampling.dir/test-sampling.cpp.o
[ 26%] Linking CXX executable ../bin/test-quantize-fns
[ 27%] Building CXX object tests/CMakeFiles/test-sampling.dir/get-model.cpp.o
[ 28%] Linking CXX executable ../bin/test-quantize-perf
[ 29%] Linking CXX executable ../bin/test-sampling
[ 30%] Building CXX object tests/CMakeFiles/test-tokenizer-0-falcon.dir/test-tokenizer-0-falcon.cpp.o
[ 30%] Building CXX object tests/CMakeFiles/test-tokenizer-0-falcon.dir/get-model.cpp.o
[ 31%] Building CXX object tests/CMakeFiles/test-tokenizer-0-llama.dir/get-model.cpp.o
[ 32%] Building CXX object tests/CMakeFiles/test-tokenizer-1-llama.dir/test-tokenizer-1-llama.cpp.o
[ 33%] Building CXX object tests/CMakeFiles/test-tokenizer-0-llama.dir/test-tokenizer-0-llama.cpp.o
[ 34%] Building CXX object tests/CMakeFiles/test-tokenizer-1-llama.dir/get-model.cpp.o
[ 35%] Linking CXX executable ../bin/test-tokenizer-0-falcon
[ 35%] Built target benchmark
[ 36%] Linking CXX executable ../bin/test-tokenizer-0-llama
[ 36%] Building CXX object tests/CMakeFiles/test-tokenizer-1-bpe.dir/get-model.cpp.o
[ 37%] Building CXX object tests/CMakeFiles/test-tokenizer-1-bpe.dir/test-tokenizer-1-bpe.cpp.o
[ 37%] Built target quantize-stats
[ 38%] Linking CXX executable ../bin/test-tokenizer-1-llama
[ 39%] Building CXX object tests/CMakeFiles/test-llama-grammar.dir/get-model.cpp.o
[ 40%] Building CXX object tests/CMakeFiles/test-llama-grammar.dir/test-llama-grammar.cpp.o
[ 41%] Building CXX object tests/CMakeFiles/test-rope.dir/test-rope.cpp.o
[ 42%] Building CXX object tests/CMakeFiles/test-grammar-parser.dir/test-grammar-parser.cpp.o
[ 42%] Building CXX object tests/CMakeFiles/test-grammar-parser.dir/get-model.cpp.o
[ 43%] Building CXX object tests/CMakeFiles/test-grad0.dir/test-grad0.cpp.o
[ 43%] Built target quantize
[ 44%] Building CXX object tests/CMakeFiles/test-rope.dir/get-model.cpp.o
[ 45%] Linking CXX executable ../bin/test-tokenizer-1-bpe
[ 46%] Building CXX object tests/CMakeFiles/test-grad0.dir/get-model.cpp.o
[ 47%] Building CXX object tests/CMakeFiles/test-backend-ops.dir/test-backend-ops.cpp.o
[ 48%] Building CXX object tests/CMakeFiles/test-backend-ops.dir/get-model.cpp.o
[ 49%] Building CXX object tests/CMakeFiles/test-autorelease.dir/test-autorelease.cpp.o
[ 49%] Building CXX object examples/baby-llama/CMakeFiles/baby-llama.dir/baby-llama.cpp.o
[ 49%] Building CXX object tests/CMakeFiles/test-autorelease.dir/get-model.cpp.o
[ 49%] Linking CXX executable ../bin/test-rope
[ 49%] Building CXX object tests/CMakeFiles/test-model-load-cancel.dir/test-model-load-cancel.cpp.o
[ 50%] Linking CXX executable ../bin/test-grammar-parser
[ 51%] Building CXX object tests/CMakeFiles/test-model-load-cancel.dir/get-model.cpp.o
[ 52%] Building CXX object examples/batched/CMakeFiles/batched.dir/batched.cpp.o
[ 53%] Building CXX object examples/batched-bench/CMakeFiles/batched-bench.dir/batched-bench.cpp.o
[ 54%] Linking CXX executable ../bin/test-llama-grammar
[ 55%] Building CXX object examples/beam-search/CMakeFiles/beam-search.dir/beam-search.cpp.o
[ 56%] Building CXX object examples/embedding/CMakeFiles/embedding.dir/embedding.cpp.o
[ 57%] Linking CXX executable ../bin/test-grad0
[ 59%] Building CXX object examples/convert-llama2c-to-ggml/CMakeFiles/convert-llama2c-to-ggml.dir/convert-llama2c-to-ggml.cpp.o
[ 59%] Linking CXX executable ../../bin/baby-llama
[ 60%] Building CXX object examples/finetune/CMakeFiles/finetune.dir/finetune.cpp.o
[ 61%] Linking CXX executable ../bin/test-autorelease
[ 62%] Linking CXX executable ../bin/test-model-load-cancel
[ 60%] Built target test-quantize-fns
[ 63%] Linking CXX executable ../bin/test-backend-ops
[ 63%] Linking CXX executable ../../bin/batched-bench
[ 64%] Linking CXX executable ../../bin/batched
[ 65%] Linking CXX executable ../../bin/beam-search
[ 65%] Linking CXX executable ../../bin/embedding
[ 66%] Building CXX object examples/infill/CMakeFiles/infill.dir/infill.cpp.o
[ 67%] Linking CXX executable ../../bin/finetune
[ 68%] Building CXX object examples/main/CMakeFiles/main.dir/main.cpp.o
[ 69%] Building CXX object examples/llama-bench/CMakeFiles/llama-bench.dir/llama-bench.cpp.o
[ 70%] Linking CXX executable ../../bin/convert-llama2c-to-ggml
[ 70%] Building CXX object examples/parallel/CMakeFiles/parallel.dir/parallel.cpp.o
[ 70%] Building CXX object examples/tokenize/CMakeFiles/tokenize.dir/tokenize.cpp.o
[ 70%] Linking CXX executable ../../bin/infill
[ 71%] Building CXX object examples/perplexity/CMakeFiles/perplexity.dir/perplexity.cpp.o
[ 72%] Linking CXX executable ../../bin/main
[ 72%] Building CXX object examples/simple/CMakeFiles/simple.dir/simple.cpp.o
[ 73%] Building CXX object examples/save-load-state/CMakeFiles/save-load-state.dir/save-load-state.cpp.o
[ 74%] Linking CXX executable ../../bin/llama-bench
[ 75%] Linking CXX executable ../../bin/parallel
[ 76%] Building CXX object examples/passkey/CMakeFiles/passkey.dir/passkey.cpp.o
[ 76%] Linking CXX executable ../../bin/perplexity
[ 77%] Linking CXX executable ../../bin/tokenize
[ 78%] Building CXX object examples/speculative/CMakeFiles/speculative.dir/speculative.cpp.o
[ 79%] Linking CXX executable ../../bin/simple
[ 80%] Building CXX object examples/lookahead/CMakeFiles/lookahead.dir/lookahead.cpp.o
[ 81%] Building CXX object examples/lookup/CMakeFiles/lookup.dir/lookup.cpp.o
[ 82%] Building CXX object examples/train-text-from-scratch/CMakeFiles/train-text-from-scratch.dir/train-text-from-scratch.cpp.o
[ 83%] Linking CXX executable ../../bin/passkey
[ 84%] Linking CXX executable ../../bin/save-load-state
[ 85%] Building CXX object examples/export-lora/CMakeFiles/export-lora.dir/export-lora.cpp.o
[ 86%] Building CXX object pocs/vdot/CMakeFiles/vdot.dir/vdot.cpp.o
[ 88%] Building CXX object examples/imatrix/CMakeFiles/imatrix.dir/imatrix.cpp.o
[ 88%] Linking CXX executable ../../bin/speculative
[ 89%] Building CXX object pocs/vdot/CMakeFiles/q8dot.dir/q8dot.cpp.o
[ 89%] Linking CXX executable ../../bin/lookahead
[ 90%] Linking CXX executable ../../bin/train-text-from-scratch
[ 91%] Linking CXX executable ../../bin/lookup
[ 91%] Built target test-quantize-perf
[ 92%] Linking CXX executable ../../bin/export-lora
[ 93%] Linking CXX executable ../../bin/vdot
[ 94%] Linking CXX executable ../../bin/imatrix
[ 95%] Linking CXX executable ../../bin/q8dot
[ 95%] Built target test-sampling
[ 95%] Built target test-grammar-parser
[ 95%] Built target test-tokenizer-0-llama
[ 95%] Built target test-tokenizer-0-falcon
[ 95%] Built target test-autorelease
[ 95%] Built target parallel
[ 95%] Built target test-llama-grammar
[ 95%] Built target batched-bench
[ 95%] Built target embedding
[ 95%] Built target infill
[ 95%] Built target main
[ 95%] Built target test-rope
[ 95%] Built target test-tokenizer-1-llama
[ 95%] Built target finetune
[ 95%] Built target test-grad0
[ 95%] Built target test-tokenizer-1-bpe
[ 95%] Built target baby-llama
[ 95%] Built target vdot
[ 95%] Built target test-model-load-cancel
[ 95%] Built target test-backend-ops
[ 95%] Built target convert-llama2c-to-ggml
[ 95%] Built target batched
[ 95%] Built target lookahead
[ 95%] Built target beam-search
[ 95%] Built target imatrix
[ 95%] Built target lookup
[ 95%] Built target passkey
[ 95%] Built target train-text-from-scratch
[ 95%] Built target tokenize
[ 95%] Built target llama-bench
[ 95%] Built target perplexity
[ 95%] Built target simple
[ 95%] Built target q8dot
[ 95%] Built target save-load-state
[ 95%] Built target export-lora
[ 95%] Built target speculative
[ 95%] Built target llava
[ 96%] Linking CXX static library libllava_static.a
[ 97%] Building CXX object examples/llava/CMakeFiles/llava-cli.dir/llava-cli.cpp.o
[ 98%] Building CXX object examples/server/CMakeFiles/server.dir/server.cpp.o
[ 99%] Linking CXX executable ../../bin/llava-cli
[ 99%] Built target llava_static
[100%] Linking CXX executable ../../bin/server
[100%] Built target llava-cli
[100%] Built target server

real	0m2.404s
user	0m7.867s
sys	0m2.685s
+ ctest --output-on-failure -L main
Test project /home/ggml/work/llama.cpp/build-ci-release
      Start  1: test-quantize-fns
 1/20 Test  #1: test-quantize-fns ...................   Passed    0.68 sec
      Start  2: test-quantize-perf
 2/20 Test  #2: test-quantize-perf ..................   Passed    0.77 sec
      Start  3: test-sampling
 3/20 Test  #3: test-sampling .......................   Passed    0.04 sec
      Start  4: test-tokenizer-0-llama
 4/20 Test  #4: test-tokenizer-0-llama ..............   Passed    0.59 sec
      Start  5: test-tokenizer-0-falcon
 5/20 Test  #5: test-tokenizer-0-falcon .............   Passed    0.85 sec
      Start  6: test-tokenizer-1-llama
 6/20 Test  #6: test-tokenizer-1-llama ..............   Passed    1.04 sec
      Start  7: test-tokenizer-1-baichuan
 7/20 Test  #7: test-tokenizer-1-baichuan ...........   Passed    1.12 sec
      Start  8: test-tokenizer-1-falcon
 8/20 Test  #8: test-tokenizer-1-falcon .............   Passed    1.60 sec
      Start  9: test-tokenizer-1-aquila
 9/20 Test  #9: test-tokenizer-1-aquila .............   Passed    2.24 sec
      Start 10: test-tokenizer-1-mpt
10/20 Test #10: test-tokenizer-1-mpt ................   Passed    1.41 sec
      Start 11: test-tokenizer-1-stablelm-3b-4e1t
11/20 Test #11: test-tokenizer-1-stablelm-3b-4e1t ...   Passed    1.39 sec
      Start 12: test-tokenizer-1-gpt-neox
12/20 Test #12: test-tokenizer-1-gpt-neox ...........   Passed    1.41 sec
      Start 13: test-tokenizer-1-refact
13/20 Test #13: test-tokenizer-1-refact .............   Passed    1.37 sec
      Start 14: test-tokenizer-1-starcoder
14/20 Test #14: test-tokenizer-1-starcoder ..........   Passed    1.39 sec
      Start 15: test-tokenizer-1-gpt2
15/20 Test #15: test-tokenizer-1-gpt2 ...............   Passed    1.39 sec
      Start 16: test-grammar-parser
16/20 Test #16: test-grammar-parser .................   Passed    0.00 sec
      Start 17: test-llama-grammar
17/20 Test #17: test-llama-grammar ..................   Passed    0.04 sec
      Start 18: test-grad0
18/20 Test #18: test-grad0 ..........................   Passed    4.48 sec
      Start 19: test-backend-ops
19/20 Test #19: test-backend-ops ....................   Passed   37.77 sec
      Start 20: test-rope
20/20 Test #20: test-rope ...........................   Passed    0.64 sec

100% tests passed, 0 tests failed out of 20

Label Time Summary:
main    =  60.21 sec*proc (20 tests)

Total Test time (real) =  60.22 sec

real	1m0.254s
user	0m57.539s
sys	0m24.838s
