+ ctest --output-on-failure -E test-opt
Test project /home/ggml/work/ggml/build-ci-debug
      Start  1: test-grad0
 1/13 Test  #1: test-grad0 .......................   Passed    3.54 sec
      Start  2: test-quantize-fns
 2/13 Test  #2: test-quantize-fns ................   Passed    0.01 sec
      Start  3: test-quantize-perf
 3/13 Test  #3: test-quantize-perf ...............   Passed    0.02 sec
      Start  4: test-mul-mat0
 4/13 Test  #4: test-mul-mat0 ....................   Passed    0.53 sec
      Start  5: test-mul-mat2
 5/13 Test  #5: test-mul-mat2 ....................   Passed    8.64 sec
      Start  6: test0
 6/13 Test  #6: test0 ............................   Passed    0.01 sec
      Start  7: test1
 7/13 Test  #7: test1 ............................   Passed    0.01 sec
      Start  8: test2
 8/13 Test  #8: test2 ............................   Passed    0.03 sec
      Start  9: test3
 9/13 Test  #9: test3 ............................   Passed    0.05 sec
      Start 10: test-pool
10/13 Test #10: test-pool ........................   Passed    0.01 sec
      Start 11: test-conv-transpose
11/13 Test #11: test-conv-transpose ..............   Passed    0.01 sec
      Start 12: test-rel-pos
12/13 Test #12: test-rel-pos .....................   Passed    0.01 sec
      Start 13: test-customop
13/13 Test #13: test-customop ....................   Passed    0.01 sec

100% tests passed, 0 tests failed out of 13

Total Test time (real) =  12.85 sec

real	0m12.867s
user	0m12.528s
sys	0m5.108s
