+ ctest --output-on-failure -L main -E test-opt
Test project /Users/ggml/work/llama.cpp/build-ci-debug
      Start  1: test-tokenizer-0-llama-spm
 1/27 Test  #1: test-tokenizer-0-llama-spm ........   Passed    0.48 sec
      Start  2: test-tokenizer-0-llama-bpe
 2/27 Test  #2: test-tokenizer-0-llama-bpe ........   Passed    2.37 sec
      Start  3: test-tokenizer-0-falcon
 3/27 Test  #3: test-tokenizer-0-falcon ...........   Passed    0.81 sec
      Start  4: test-tokenizer-0-deepseek-llm
 4/27 Test  #4: test-tokenizer-0-deepseek-llm .....   Passed    1.19 sec
      Start  5: test-tokenizer-0-deepseek-coder
 5/27 Test  #5: test-tokenizer-0-deepseek-coder ...   Passed    0.51 sec
      Start  6: test-tokenizer-0-bert-bge
 6/27 Test  #6: test-tokenizer-0-bert-bge .........   Passed    0.35 sec
      Start  7: test-tokenizer-1-falcon
 7/27 Test  #7: test-tokenizer-1-falcon ...........   Passed   12.82 sec
      Start  8: test-tokenizer-1-aquila
 8/27 Test  #8: test-tokenizer-1-aquila ...........   Passed   16.48 sec
      Start  9: test-tokenizer-1-mpt
 9/27 Test  #9: test-tokenizer-1-mpt ..............   Passed   10.82 sec
      Start 10: test-tokenizer-1-stablelm
10/27 Test #10: test-tokenizer-1-stablelm .........   Passed   10.81 sec
      Start 11: test-tokenizer-1-gpt-neox
11/27 Test #11: test-tokenizer-1-gpt-neox .........   Passed   10.84 sec
      Start 12: test-tokenizer-1-refact
12/27 Test #12: test-tokenizer-1-refact ...........   Passed   10.51 sec
      Start 13: test-tokenizer-1-starcoder
13/27 Test #13: test-tokenizer-1-starcoder ........   Passed   10.53 sec
      Start 14: test-tokenizer-1-gpt2
14/27 Test #14: test-tokenizer-1-gpt2 .............   Passed   10.88 sec
      Start 15: test-tokenizer-1-llama-spm
15/27 Test #15: test-tokenizer-1-llama-spm ........   Passed    3.26 sec
      Start 16: test-tokenizer-1-baichuan
16/27 Test #16: test-tokenizer-1-baichuan .........   Passed    3.25 sec
      Start 17: test-quantize-fns
17/27 Test #17: test-quantize-fns .................   Passed   34.82 sec
      Start 18: test-quantize-perf
18/27 Test #18: test-quantize-perf ................   Passed   10.26 sec
      Start 19: test-sampling
19/27 Test #19: test-sampling .....................   Passed    0.23 sec
      Start 20: test-chat-template
20/27 Test #20: test-chat-template ................   Passed    0.21 sec
      Start 21: test-grammar-parser
21/27 Test #21: test-grammar-parser ...............   Passed    0.17 sec
      Start 22: test-llama-grammar
22/27 Test #22: test-llama-grammar ................   Passed    0.22 sec
      Start 23: test-grammar-integration
23/27 Test #23: test-grammar-integration ..........   Passed    0.23 sec
      Start 24: test-grad0
24/27 Test #24: test-grad0 ........................   Passed    0.84 sec
      Start 25: test-backend-ops
25/27 Test #25: test-backend-ops ..................   Passed   93.44 sec
      Start 26: test-rope
26/27 Test #26: test-rope .........................   Passed    0.35 sec
      Start 29: test-json-schema-to-grammar
27/27 Test #29: test-json-schema-to-grammar .......   Passed    1.47 sec

100% tests passed, 0 tests failed out of 27

Label Time Summary:
main    = 248.15 sec*proc (27 tests)

Total Test time (real) = 248.16 sec

real	4m8.192s
user	9m9.623s
sys	0m2.472s
