+ cmake -DCMAKE_BUILD_TYPE=Debug -DLLAMA_FATAL_WARNINGS=ON ..
-- The C compiler identification is GNU 11.4.0
-- The CXX compiler identification is GNU 11.4.0
-- Detecting C compiler ABI info
-- Detecting C compiler ABI info - done
-- Check for working C compiler: /usr/bin/cc - skipped
-- Detecting C compile features
-- Detecting C compile features - done
-- Detecting CXX compiler ABI info
-- Detecting CXX compiler ABI info - done
-- Check for working CXX compiler: /usr/bin/c++ - skipped
-- Detecting CXX compile features
-- Detecting CXX compile features - done
-- Found Git: /usr/bin/git (found version "2.34.1") 
-- Looking for pthread.h
-- Looking for pthread.h - found
-- Performing Test CMAKE_HAVE_LIBC_PTHREAD
-- Performing Test CMAKE_HAVE_LIBC_PTHREAD - Success
-- Found Threads: TRUE  
-- Found OpenMP_C: -fopenmp (found version "4.5") 
-- Found OpenMP_CXX: -fopenmp (found version "4.5") 
-- Found OpenMP: TRUE (found version "4.5")  
-- OpenMP found
-- Using llamafile
-- ccache found, compilation results will be cached. Disable with GGML_CCACHE=OFF.
-- CMAKE_SYSTEM_PROCESSOR: aarch64
-- ARM detected
-- Performing Test COMPILER_SUPPORTS_FP16_FORMAT_I3E
-- Performing Test COMPILER_SUPPORTS_FP16_FORMAT_I3E - Failed
-- Configuring done
-- Generating done
-- Build files have been written to: /home/ggml/work/llama.cpp/build-ci-debug

real	0m1.039s
user	0m0.693s
sys	0m0.349s
+ make -j
[  0%] Generating build details from Git
[  1%] Building C object examples/gguf-hash/CMakeFiles/sha256.dir/deps/sha256/sha256.c.o
[  1%] Building C object ggml/src/CMakeFiles/ggml.dir/ggml.c.o
-- Found Git: /usr/bin/git (found version "2.34.1") 
[  2%] Building C object examples/gguf-hash/CMakeFiles/xxhash.dir/deps/xxhash/xxhash.c.o
[  3%] Building C object ggml/src/CMakeFiles/ggml.dir/ggml-alloc.c.o
[  3%] Building C object ggml/src/CMakeFiles/ggml.dir/ggml-quants.c.o
[  4%] Building C object ggml/src/CMakeFiles/ggml.dir/ggml-backend.c.o
[  5%] Building CXX object ggml/src/CMakeFiles/ggml.dir/llamafile/sgemm.cpp.o
[  5%] Building C object ggml/src/CMakeFiles/ggml.dir/ggml-aarch64.c.o
[  5%] Building C object examples/gguf-hash/CMakeFiles/sha1.dir/deps/sha1/sha1.c.o
[  5%] Built target sha256
[  5%] Built target xxhash
[  6%] Linking CXX shared library libggml.so
[  6%] Built target sha1
[  7%] Building CXX object common/CMakeFiles/build_info.dir/build-info.cpp.o
[  7%] Built target build_info
[  7%] Built target ggml
[  9%] Building CXX object src/CMakeFiles/llama.dir/llama-grammar.cpp.o
[  9%] Building CXX object src/CMakeFiles/llama.dir/llama.cpp.o
[  9%] Building CXX object examples/gguf-hash/CMakeFiles/llama-gguf-hash.dir/gguf-hash.cpp.o
[  9%] Building CXX object src/CMakeFiles/llama.dir/llama-vocab.cpp.o
[ 10%] Building CXX object examples/gguf/CMakeFiles/llama-gguf.dir/gguf.cpp.o
[ 10%] Building CXX object src/CMakeFiles/llama.dir/llama-sampling.cpp.o
[ 11%] Building CXX object src/CMakeFiles/llama.dir/unicode.cpp.o
[ 12%] Linking CXX executable ../../bin/llama-gguf
[ 13%] Building CXX object src/CMakeFiles/llama.dir/unicode-data.cpp.o
[ 14%] Linking CXX executable ../../bin/llama-gguf-hash
[ 14%] Built target llama-gguf
[ 14%] Built target llama-gguf-hash
[ 14%] Linking CXX shared library libllama.so
[ 14%] Built target llama
[ 15%] Building CXX object examples/benchmark/CMakeFiles/llama-bench-matmult.dir/benchmark-matmult.cpp.o
[ 15%] Building CXX object common/CMakeFiles/common.dir/common.cpp.o
[ 16%] Building CXX object common/CMakeFiles/common.dir/sampling.cpp.o
[ 16%] Building CXX object common/CMakeFiles/common.dir/console.cpp.o
[ 17%] Building CXX object common/CMakeFiles/common.dir/json-schema-to-grammar.cpp.o
[ 18%] Building CXX object examples/llava/CMakeFiles/llava.dir/clip.cpp.o
[ 19%] Building CXX object examples/llava/CMakeFiles/llava.dir/llava.cpp.o
[ 19%] Building C object tests/CMakeFiles/test-c.dir/test-c.c.o
[ 20%] Building CXX object common/CMakeFiles/common.dir/train.cpp.o
[ 20%] Building CXX object common/CMakeFiles/common.dir/ngram-cache.cpp.o
[ 21%] Building CXX object examples/quantize-stats/CMakeFiles/llama-quantize-stats.dir/quantize-stats.cpp.o
[ 21%] Linking CXX executable ../../bin/llama-bench-matmult
[ 22%] Linking C executable ../bin/test-c
[ 22%] Built target llava
[ 22%] Linking CXX executable ../../bin/llama-quantize-stats
[ 23%] Linking CXX static library libcommon.a
[ 23%] Built target test-c
[ 24%] Linking CXX static library libllava_static.a
[ 24%] Linking CXX shared library libllava_shared.so
[ 24%] Built target llama-bench-matmult
[ 24%] Built target llava_static
[ 24%] Built target llama-quantize-stats
[ 24%] Built target common
[ 24%] Building CXX object tests/CMakeFiles/test-tokenizer-1-bpe.dir/test-tokenizer-1-bpe.cpp.o
[ 25%] Building CXX object tests/CMakeFiles/test-tokenizer-0.dir/test-tokenizer-0.cpp.o
[ 26%] Building CXX object tests/CMakeFiles/test-quantize-perf.dir/test-quantize-perf.cpp.o
[ 26%] Building CXX object tests/CMakeFiles/test-sampling.dir/test-sampling.cpp.o
[ 26%] Built target llava_shared
[ 27%] Building CXX object tests/CMakeFiles/test-sampling.dir/get-model.cpp.o
[ 27%] Building CXX object tests/CMakeFiles/test-quantize-perf.dir/get-model.cpp.o
[ 28%] Building CXX object tests/CMakeFiles/test-quantize-fns.dir/test-quantize-fns.cpp.o
[ 28%] Building CXX object tests/CMakeFiles/test-quantize-fns.dir/get-model.cpp.o
[ 28%] Building CXX object tests/CMakeFiles/test-tokenizer-1-spm.dir/test-tokenizer-1-spm.cpp.o
[ 28%] Building CXX object tests/CMakeFiles/test-chat-template.dir/test-chat-template.cpp.o
[ 30%] Building CXX object tests/CMakeFiles/test-chat-template.dir/get-model.cpp.o
[ 29%] Linking CXX executable ../bin/test-tokenizer-1-bpe
[ 31%] Linking CXX executable ../bin/test-quantize-fns
[ 32%] Building CXX object tests/CMakeFiles/test-grammar-integration.dir/test-grammar-integration.cpp.o
[ 33%] Linking CXX executable ../bin/test-tokenizer-0
[ 33%] Building CXX object tests/CMakeFiles/test-backend-ops.dir/test-backend-ops.cpp.o
[ 33%] Building CXX object tests/CMakeFiles/test-grammar-integration.dir/get-model.cpp.o
[ 34%] Building CXX object tests/CMakeFiles/test-llama-grammar.dir/get-model.cpp.o
[ 35%] Linking CXX executable ../bin/test-quantize-perf
[ 35%] Building CXX object tests/CMakeFiles/test-grammar-parser.dir/get-model.cpp.o
[ 37%] Linking CXX executable ../bin/test-tokenizer-1-spm
[ 37%] Building CXX object tests/CMakeFiles/test-grammar-parser.dir/test-grammar-parser.cpp.o
[ 38%] Building CXX object tests/CMakeFiles/test-grad0.dir/test-grad0.cpp.o
[ 38%] Building CXX object tests/CMakeFiles/test-llama-grammar.dir/test-llama-grammar.cpp.o
[ 39%] Building CXX object tests/CMakeFiles/test-backend-ops.dir/get-model.cpp.o
[ 40%] Building CXX object tests/CMakeFiles/test-grad0.dir/get-model.cpp.o
[ 41%] Building CXX object tests/CMakeFiles/test-rope.dir/get-model.cpp.o
[ 41%] Building CXX object tests/CMakeFiles/test-rope.dir/test-rope.cpp.o
[ 42%] Building CXX object tests/CMakeFiles/test-model-load-cancel.dir/test-model-load-cancel.cpp.o
[ 43%] Building CXX object tests/CMakeFiles/test-model-load-cancel.dir/get-model.cpp.o
[ 44%] Building CXX object tests/CMakeFiles/test-autorelease.dir/test-autorelease.cpp.o
[ 44%] Linking CXX executable ../bin/test-chat-template
[ 45%] Linking CXX executable ../bin/test-backend-ops
[ 45%] Building CXX object tests/CMakeFiles/test-autorelease.dir/get-model.cpp.o
[ 45%] Building CXX object tests/CMakeFiles/test-json-schema-to-grammar.dir/test-json-schema-to-grammar.cpp.o
[ 45%] Linking CXX executable ../bin/test-grad0
[ 45%] Building CXX object examples/cvector-generator/CMakeFiles/llama-cvector-generator.dir/cvector-generator.cpp.o
[ 46%] Building CXX object tests/CMakeFiles/test-json-schema-to-grammar.dir/get-model.cpp.o
[ 47%] Building CXX object examples/baby-llama/CMakeFiles/llama-baby-llama.dir/baby-llama.cpp.o
[ 48%] Linking CXX executable ../bin/test-rope
[ 48%] Building CXX object examples/batched-bench/CMakeFiles/llama-batched-bench.dir/batched-bench.cpp.o
[ 49%] Building CXX object examples/batched/CMakeFiles/llama-batched.dir/batched.cpp.o
[ 49%] Building CXX object examples/embedding/CMakeFiles/llama-embedding.dir/embedding.cpp.o
[ 50%] Building CXX object examples/convert-llama2c-to-ggml/CMakeFiles/llama-convert-llama2c-to-ggml.dir/convert-llama2c-to-ggml.cpp.o
[ 50%] Linking CXX executable ../bin/test-model-load-cancel
[ 51%] Building CXX object examples/eval-callback/CMakeFiles/llama-eval-callback.dir/eval-callback.cpp.o
[ 52%] Linking CXX executable ../bin/test-autorelease
[ 53%] Building CXX object examples/export-lora/CMakeFiles/llama-export-lora.dir/export-lora.cpp.o
[ 54%] Building CXX object examples/gbnf-validator/CMakeFiles/llama-gbnf-validator.dir/gbnf-validator.cpp.o
[ 55%] Linking CXX executable ../../bin/llama-cvector-generator
[ 55%] Linking CXX executable ../../bin/llama-baby-llama
[ 56%] Linking CXX executable ../../bin/llama-batched-bench
[ 56%] Building CXX object examples/gguf-split/CMakeFiles/llama-gguf-split.dir/gguf-split.cpp.o
[ 57%] Linking CXX executable ../../bin/llama-embedding
[ 58%] Linking CXX executable ../../bin/llama-batched
[ 59%] Linking CXX executable ../../bin/llama-convert-llama2c-to-ggml
[ 60%] Building CXX object examples/gritlm/CMakeFiles/llama-gritlm.dir/gritlm.cpp.o
[ 61%] Building CXX object examples/imatrix/CMakeFiles/llama-imatrix.dir/imatrix.cpp.o
[ 62%] Building CXX object examples/infill/CMakeFiles/llama-infill.dir/infill.cpp.o
[ 62%] Linking CXX executable ../../bin/llama-eval-callback
[ 62%] Linking CXX executable ../../bin/llama-export-lora
[ 62%] Building CXX object examples/llama-bench/CMakeFiles/llama-bench.dir/llama-bench.cpp.o
[ 62%] Building CXX object examples/llava/CMakeFiles/llama-llava-cli.dir/llava-cli.cpp.o
[ 62%] Building CXX object examples/llava/CMakeFiles/llama-minicpmv-cli.dir/minicpmv-cli.cpp.o
[ 63%] Linking CXX executable ../../bin/llama-gguf-split
[ 63%] Building CXX object examples/lookahead/CMakeFiles/llama-lookahead.dir/lookahead.cpp.o
[ 63%] Linking CXX executable ../../bin/llama-gritlm
[ 64%] Building CXX object examples/lookup/CMakeFiles/llama-lookup.dir/lookup.cpp.o
[ 65%] Building CXX object examples/lookup/CMakeFiles/llama-lookup-create.dir/lookup-create.cpp.o
[ 65%] Linking CXX executable ../../bin/llama-imatrix
[ 66%] Linking CXX executable ../../bin/llama-infill
[ 67%] Building CXX object examples/lookup/CMakeFiles/llama-lookup-merge.dir/lookup-merge.cpp.o
[ 67%] Building CXX object examples/lookup/CMakeFiles/llama-lookup-stats.dir/lookup-stats.cpp.o
[ 67%] Built target test-grad0
[ 68%] Linking CXX executable ../../bin/llama-llava-cli
[ 69%] Building CXX object examples/main/CMakeFiles/llama-cli.dir/main.cpp.o
[ 70%] Linking CXX executable ../../bin/llama-minicpmv-cli
[ 71%] Built target test-quantize-fns
[ 71%] Linking CXX executable ../../bin/llama-bench
[ 72%] Linking CXX executable ../../bin/llama-lookup
[ 73%] Linking CXX executable ../../bin/llama-lookahead
[ 73%] Built target test-quantize-perf
[ 72%] Building CXX object examples/parallel/CMakeFiles/llama-parallel.dir/parallel.cpp.o
[ 74%] Building CXX object examples/passkey/CMakeFiles/llama-passkey.dir/passkey.cpp.o
[ 75%] Linking CXX executable ../../bin/llama-lookup-create
[ 75%] Generating theme-snowstorm.css.hpp
[ 75%] Building CXX object examples/perplexity/CMakeFiles/llama-perplexity.dir/perplexity.cpp.o
[ 76%] Linking CXX executable ../../bin/llama-lookup-stats
[ 77%] Linking CXX executable ../../bin/llama-lookup-merge
[ 78%] Generating colorthemes.css.hpp
[ 78%] Building CXX object examples/quantize/CMakeFiles/llama-quantize.dir/quantize.cpp.o
[ 79%] Generating completion.js.hpp
[ 81%] Generating index.html.hpp
[ 81%] Generating index-new.html.hpp
[ 81%] Linking CXX executable ../../bin/llama-cli
[ 81%] Building CXX object examples/retrieval/CMakeFiles/llama-retrieval.dir/retrieval.cpp.o
[ 82%] Building CXX object examples/save-load-state/CMakeFiles/llama-save-load-state.dir/save-load-state.cpp.o
[ 82%] Building CXX object examples/simple/CMakeFiles/llama-simple.dir/simple.cpp.o
[ 82%] Linking CXX executable ../../bin/llama-parallel
[ 82%] Building CXX object examples/speculative/CMakeFiles/llama-speculative.dir/speculative.cpp.o
[ 82%] Linking CXX executable ../../bin/llama-passkey
/home/ggml/work/llama.cpp/examples/perplexity/perplexity.cpp: In lambda function:
/home/ggml/work/llama.cpp/examples/perplexity/perplexity.cpp:1751:41: note: parameter passing for argument of type ‘std::pair<double, double>’ when C++17 is enabled changed to match C++14 in GCC 10.1
 1751 |             return std::make_pair(0., 0.);
      |                                         ^
[ 83%] Generating index.js.hpp
[ 83%] Generating json-schema-to-grammar.mjs.hpp
[ 84%] Building CXX object pocs/vdot/CMakeFiles/llama-vdot.dir/vdot.cpp.o
[ 85%] Generating prompt-formats.js.hpp
[ 86%] Building CXX object examples/tokenize/CMakeFiles/llama-tokenize.dir/tokenize.cpp.o
[ 87%] Generating style.css.hpp
[ 88%] Building CXX object pocs/vdot/CMakeFiles/llama-q8dot.dir/q8dot.cpp.o
[ 86%] Built target test-rope
[ 88%] Linking CXX executable ../../bin/llama-perplexity
[ 88%] Generating system-prompts.js.hpp
[ 89%] Linking CXX executable ../../bin/llama-quantize
[ 89%] Linking CXX executable ../../bin/llama-save-load-state
[ 89%] Linking CXX executable ../../bin/llama-retrieval
[ 90%] Generating theme-ketivah.css.hpp
[ 90%] Generating theme-beeninorder.css.hpp
[ 91%] Linking CXX executable ../../bin/llama-simple
[ 92%] Linking CXX executable ../../bin/llama-speculative
[ 92%] Linking CXX executable ../../bin/llama-vdot
[ 93%] Linking CXX executable ../../bin/llama-q8dot
[ 93%] Built target test-backend-ops
[ 93%] Generating theme-mangotango.css.hpp
[ 94%] Generating theme-playground.css.hpp
[ 93%] Linking CXX executable ../../bin/llama-tokenize
[ 95%] Generating theme-polarnight.css.hpp
[ 95%] Built target test-autorelease
[ 95%] Built target test-model-load-cancel
[ 95%] Built target llama-convert-llama2c-to-ggml
[ 96%] Building CXX object examples/server/CMakeFiles/llama-server.dir/server.cpp.o
[ 96%] Built target llama-gguf-split
[ 96%] Built target llama-q8dot
[ 96%] Built target llama-lookup-merge
[ 96%] Built target llama-vdot
[ 96%] Built target test-tokenizer-1-spm
[ 96%] Built target test-tokenizer-1-bpe
[ 97%] Linking CXX executable ../../bin/llama-server
[ 97%] Built target test-chat-template
[ 97%] Built target test-tokenizer-0
[ 97%] Built target llama-lookahead
[ 97%] Linking CXX executable ../bin/test-sampling
[ 97%] Built target llama-batched-bench
[ 97%] Built target llama-embedding
[ 97%] Built target llama-cvector-generator
[ 97%] Built target llama-baby-llama
[ 97%] Built target llama-eval-callback
[ 97%] Built target llama-batched
[ 97%] Built target llama-infill
[ 97%] Built target llama-export-lora
[ 97%] Built target llama-gritlm
[ 97%] Built target llama-imatrix
[ 97%] Built target llama-passkey
[ 97%] Built target llama-speculative
[ 97%] Built target llama-parallel
[ 97%] Built target llama-minicpmv-cli
[ 97%] Built target llama-tokenize
[ 97%] Built target llama-lookup-stats
[ 97%] Built target llama-bench
[ 97%] Built target llama-lookup
[ 97%] Built target llama-lookup-create
[ 97%] Built target llama-simple
[ 97%] Built target llama-cli
[ 97%] Built target llama-retrieval
[ 97%] Built target llama-save-load-state
[ 97%] Built target llama-quantize
[ 97%] Linking CXX executable ../../bin/llama-gbnf-validator
[ 97%] Built target test-sampling
[ 98%] Linking CXX executable ../bin/test-grammar-parser
[ 98%] Built target llama-perplexity
[ 98%] Built target llama-llava-cli
[ 98%] Built target llama-gbnf-validator
[ 98%] Linking CXX executable ../bin/test-llama-grammar
[ 98%] Built target test-grammar-parser
[ 98%] Built target test-llama-grammar
[ 98%] Built target llama-server
[ 99%] Linking CXX executable ../bin/test-grammar-integration
[ 99%] Built target test-grammar-integration
[100%] Linking CXX executable ../bin/test-json-schema-to-grammar
[100%] Built target test-json-schema-to-grammar

real	0m25.923s
user	0m50.501s
sys	0m7.307s
+ ctest --output-on-failure -L main -E test-opt
Test project /home/ggml/work/llama.cpp/build-ci-debug
      Start  1: test-tokenizer-0-bert-bge
 1/25 Test  #1: test-tokenizer-0-bert-bge .........   Passed    0.12 sec
      Start  2: test-tokenizer-0-command-r
 2/25 Test  #2: test-tokenizer-0-command-r ........   Passed    3.07 sec
      Start  3: test-tokenizer-0-deepseek-coder
 3/25 Test  #3: test-tokenizer-0-deepseek-coder ...   Passed    0.34 sec
      Start  4: test-tokenizer-0-deepseek-llm
 4/25 Test  #4: test-tokenizer-0-deepseek-llm .....   Passed    1.01 sec
      Start  5: test-tokenizer-0-falcon
 5/25 Test  #5: test-tokenizer-0-falcon ...........   Passed    0.62 sec
      Start  6: test-tokenizer-0-gpt-2
 6/25 Test  #6: test-tokenizer-0-gpt-2 ............   Passed    0.45 sec
      Start  7: test-tokenizer-0-llama-bpe
 7/25 Test  #7: test-tokenizer-0-llama-bpe ........   Passed    1.82 sec
      Start  8: test-tokenizer-0-llama-spm
 8/25 Test  #8: test-tokenizer-0-llama-spm ........   Passed    0.11 sec
      Start  9: test-tokenizer-0-mpt
 9/25 Test  #9: test-tokenizer-0-mpt ..............   Passed    0.52 sec
      Start 10: test-tokenizer-0-phi-3
10/25 Test #10: test-tokenizer-0-phi-3 ............   Passed    0.11 sec
      Start 11: test-tokenizer-0-qwen2
11/25 Test #11: test-tokenizer-0-qwen2 ............   Passed    1.51 sec
      Start 12: test-tokenizer-0-refact
12/25 Test #12: test-tokenizer-0-refact ...........   Passed    0.45 sec
      Start 13: test-tokenizer-0-starcoder
13/25 Test #13: test-tokenizer-0-starcoder ........   Passed    0.45 sec
      Start 14: test-tokenizer-1-llama-spm
14/25 Test #14: test-tokenizer-1-llama-spm ........   Passed    1.94 sec
      Start 15: test-quantize-fns
15/25 Test #15: test-quantize-fns .................   Passed   32.48 sec
      Start 16: test-quantize-perf
16/25 Test #16: test-quantize-perf ................   Passed    9.86 sec
      Start 17: test-sampling
17/25 Test #17: test-sampling .....................   Passed    0.04 sec
      Start 18: test-chat-template
18/25 Test #18: test-chat-template ................   Passed    0.01 sec
      Start 19: test-grammar-parser
19/25 Test #19: test-grammar-parser ...............   Passed    0.01 sec
      Start 20: test-llama-grammar
20/25 Test #20: test-llama-grammar ................   Passed    0.01 sec
      Start 21: test-grammar-integration
21/25 Test #21: test-grammar-integration ..........   Passed    0.05 sec
      Start 22: test-grad0
22/25 Test #22: test-grad0 ........................   Passed    0.22 sec
      Start 23: test-backend-ops
23/25 Test #23: test-backend-ops ..................   Passed    0.00 sec
      Start 24: test-rope
24/25 Test #24: test-rope .........................   Passed    0.07 sec
      Start 27: test-json-schema-to-grammar
25/25 Test #27: test-json-schema-to-grammar .......   Passed    0.06 sec

100% tests passed, 0 tests failed out of 25

Label Time Summary:
main    =  55.34 sec*proc (25 tests)

Total Test time (real) =  55.35 sec

real	0m55.363s
user	0m59.273s
sys	0m0.447s
