+ cmake -DCMAKE_BUILD_TYPE=Release ..
-- The C compiler identification is GNU 11.4.0
-- The CXX compiler identification is GNU 11.4.0
-- Detecting C compiler ABI info
-- Detecting C compiler ABI info - done
-- Check for working C compiler: /usr/bin/cc - skipped
-- Detecting C compile features
-- Detecting C compile features - done
-- Detecting CXX compiler ABI info
-- Detecting CXX compiler ABI info - done
-- Check for working CXX compiler: /usr/bin/c++ - skipped
-- Detecting CXX compile features
-- Detecting CXX compile features - done
-- Found Git: /usr/bin/git (found version "2.34.1") 
-- Looking for pthread.h
-- Looking for pthread.h - found
-- Performing Test CMAKE_HAVE_LIBC_PTHREAD
-- Performing Test CMAKE_HAVE_LIBC_PTHREAD - Success
-- Found Threads: TRUE  
-- CMAKE_SYSTEM_PROCESSOR: aarch64
GNU ld (GNU Binutils for Ubuntu) 2.38
-- ARM detected
-- ARM detected
-- Configuring done
-- Generating done
-- Build files have been written to: /home/ggml/work/ggml/build-ci-release

real	0m0.668s
user	0m0.374s
sys	0m0.295s
+ make -j
[  1%] Building C object src/CMakeFiles/ggml.dir/ggml.c.o
[  2%] Building C object src/CMakeFiles/ggml.dir/ggml-alloc.c.o
[  3%] Building C object src/CMakeFiles/ggml.dir/ggml-backend.c.o
[  4%] Building CXX object examples/CMakeFiles/common.dir/common.cpp.o
[  5%] Building C object src/CMakeFiles/ggml.dir/ggml-quants.c.o
[  6%] Linking CXX static library libcommon.a
[  6%] Built target common
[  8%] Linking C shared library libggml.so
[  8%] Built target ggml
[  9%] Building C object tests/CMakeFiles/test-vec0.dir/test-vec0.c.o
[ 10%] Building CXX object tests/CMakeFiles/test-grad0.dir/test-grad0.cpp.o
[ 11%] Building CXX object tests/CMakeFiles/test-quantize-fns.dir/test-quantize-fns.cpp.o
[ 12%] Building CXX object tests/CMakeFiles/test-opt.dir/test-opt.cpp.o
[ 13%] Building CXX object tests/CMakeFiles/test-quantize-perf.dir/test-quantize-perf.cpp.o
[ 15%] Building C object tests/CMakeFiles/test-mul-mat0.dir/test-mul-mat0.c.o
[ 16%] Building C object tests/CMakeFiles/test-mul-mat2.dir/test-mul-mat2.c.o
[ 17%] Building C object tests/CMakeFiles/test0.dir/test0.c.o
[ 18%] Building C object tests/CMakeFiles/test1.dir/test1.c.o
[ 19%] Building C object tests/CMakeFiles/test2.dir/test2.c.o
[ 20%] Building C object tests/CMakeFiles/test3.dir/test3.c.o
[ 22%] Building C object tests/CMakeFiles/test-conv-transpose.dir/test-conv-transpose.c.o
[ 23%] Building C object tests/CMakeFiles/test-pool.dir/test-pool.c.o
[ 24%] Building C object tests/CMakeFiles/test-dup.dir/test-dup.c.o
[ 25%] Building C object tests/CMakeFiles/test-rel-pos.dir/test-rel-pos.c.o
[ 26%] Building C object tests/CMakeFiles/test-customop.dir/test-customop.c.o
[ 27%] Building C object tests/CMakeFiles/test-xpos.dir/test-xpos.c.o
[ 29%] Building CXX object tests/CMakeFiles/test-conv1d.dir/test-conv1d.cpp.o
[ 30%] Building CXX object tests/CMakeFiles/test-conv2d.dir/test-conv2d.cpp.o
[ 32%] Building CXX object tests/CMakeFiles/test-mul-mat.dir/test-mul-mat.cpp.o
[ 33%] Linking CXX executable ../bin/test-opt
[ 31%] Building CXX object tests/CMakeFiles/test-backend-buffer.dir/test-backend-buffer.cpp.o
[ 36%] Linking C executable ../bin/test-vec0
[ 36%] Building CXX object examples/CMakeFiles/common-ggml.dir/common-ggml.cpp.o
[ 37%] Building CXX object examples/whisper/CMakeFiles/whisper-cpp.dir/whisper.cpp.o
[ 38%] Building CXX object tests/CMakeFiles/test-backend-ops.dir/test-backend-ops.cpp.o
[ 39%] Building CXX object examples/mnist/CMakeFiles/mnist.dir/main.cpp.o
[ 41%] Building CXX object examples/mnist/CMakeFiles/mnist-cnn.dir/main-cnn.cpp.o
[ 43%] Building CXX object examples/mnist/CMakeFiles/mnist-cpu.dir/main-cpu.cpp.o
[ 40%] Linking C executable ../bin/test0
[ 44%] Building CXX object examples/sam/CMakeFiles/sam.dir/main.cpp.o
[ 45%] Building CXX object examples/yolo/CMakeFiles/yolov3-tiny.dir/yolo-image.cpp.o
[ 46%] Building CXX object examples/yolo/CMakeFiles/yolov3-tiny.dir/yolov3-tiny.cpp.o
[ 46%] Built target test-vec0
[ 47%] Linking C executable ../bin/test-rel-pos
[ 47%] Built target test-opt
[ 48%] Linking C executable ../bin/test3
[ 48%] Built target test0
[ 50%] Linking C executable ../bin/test-dup
[ 51%] Linking C executable ../bin/test-xpos
[ 52%] Linking CXX executable ../bin/test-backend-buffer
[ 53%] Linking C executable ../bin/test2
[ 53%] Built target test-rel-pos
[ 54%] Linking C executable ../bin/test-customop
[ 54%] Built target test3
[ 54%] Built target test-dup
[ 55%] Linking C executable ../bin/test-pool
[ 55%] Built target test-xpos
[ 55%] Built target test2
[ 56%] Linking C executable ../bin/test-mul-mat0
[ 58%] Linking C executable ../bin/test-conv-transpose
[ 58%] Built target test-backend-buffer
[ 58%] Built target test-customop
[ 59%] Linking C executable ../bin/test1
[ 59%] Built target test-pool
[ 59%] Built target test-conv-transpose
[ 59%] Built target test-mul-mat0
[ 59%] Built target test1
[ 60%] Linking CXX executable ../bin/test-quantize-fns
/home/ggml/work/ggml/tests/test-conv1d.cpp:24:13: warning: ‘void ggml_log_callback_default(ggml_log_level, const char*, void*)’ defined but not used [-Wunused-function]
   24 | static void ggml_log_callback_default(ggml_log_level level, const char * text, void * user_data) {
      |             ^~~~~~~~~~~~~~~~~~~~~~~~~
/home/ggml/work/ggml/tests/test-conv2d.cpp:24:13: warning: ‘void ggml_log_callback_default(ggml_log_level, const char*, void*)’ defined but not used [-Wunused-function]
   24 | static void ggml_log_callback_default(ggml_log_level level, const char * text, void * user_data) {
      |             ^~~~~~~~~~~~~~~~~~~~~~~~~
[ 60%] Built target test-quantize-fns
[ 61%] Linking CXX executable ../bin/test-conv1d
[ 62%] Linking CXX executable ../bin/test-conv2d
[ 63%] Linking CXX executable ../../bin/mnist-cpu
/home/ggml/work/ggml/examples/common-ggml.cpp: In function ‘bool ggml_common_quantize_0(std::ifstream&, std::ofstream&, ggml_ftype, const std::vector<std::__cxx11::basic_string<char> >&, const std::vector<std::__cxx11::basic_string<char> >&)’:
/home/ggml/work/ggml/examples/common-ggml.cpp:50:12: warning: enumeration value ‘GGML_FTYPE_MOSTLY_IQ4_NL’ not handled in switch [-Wswitch]
   50 |     switch (ftype) {
      |            ^
/home/ggml/work/ggml/examples/common-ggml.cpp:177:20: warning: enumeration value ‘GGML_TYPE_IQ4_NL’ not handled in switch [-Wswitch]
  177 |             switch ((ggml_type) ttype) {
      |                    ^
[ 65%] Linking CXX executable ../bin/test-mul-mat
[ 65%] Built target test-conv2d
[ 65%] Built target test-conv1d
[ 65%] Built target mnist-cpu
[ 65%] Built target test-mul-mat
[ 66%] Linking CXX executable ../../bin/mnist
[ 67%] Linking CXX executable ../../bin/mnist-cnn
[ 68%] Linking C executable ../bin/test-mul-mat2
[ 69%] Linking CXX executable ../bin/test-quantize-perf
[ 69%] Built target test-mul-mat2
[ 69%] Built target mnist
[ 69%] Built target mnist-cnn
[ 70%] Linking CXX executable ../bin/test-grad0
[ 70%] Built target test-quantize-perf
[ 70%] Built target test-grad0
[ 72%] Linking CXX executable ../bin/test-backend-ops
[ 72%] Built target test-backend-ops
[ 73%] Linking CXX static library libcommon-ggml.a
[ 73%] Built target common-ggml
[ 74%] Building CXX object examples/gpt-2/CMakeFiles/gpt-2-backend.dir/main-backend.cpp.o
[ 75%] Building CXX object examples/gpt-2/CMakeFiles/gpt-2-alloc.dir/main-alloc.cpp.o
[ 76%] Building CXX object examples/gpt-2/CMakeFiles/gpt-2-sched.dir/main-sched.cpp.o
[ 77%] Building CXX object examples/gpt-2/CMakeFiles/gpt-2-quantize.dir/quantize.cpp.o
[ 79%] Building CXX object examples/gpt-2/CMakeFiles/gpt-2-ctx.dir/main-ctx.cpp.o
[ 80%] Building CXX object examples/gpt-2/CMakeFiles/gpt-2-batched.dir/main-batched.cpp.o
[ 81%] Building CXX object examples/gpt-j/CMakeFiles/gpt-j-quantize.dir/quantize.cpp.o
[ 82%] Building CXX object examples/gpt-j/CMakeFiles/gpt-j.dir/main.cpp.o
[ 83%] Building CXX object examples/whisper/CMakeFiles/whisper-quantize.dir/quantize.cpp.o
[ 84%] Linking CXX executable ../../bin/gpt-j-quantize
[ 86%] Linking CXX executable ../../bin/gpt-2-quantize
[ 87%] Linking CXX executable ../../bin/whisper-quantize
[ 87%] Built target gpt-2-quantize
[ 87%] Built target gpt-j-quantize
[ 87%] Built target whisper-quantize
[ 88%] Linking CXX executable ../../bin/gpt-j
[ 88%] Built target gpt-j
[ 89%] Linking CXX executable ../../bin/gpt-2-ctx
[ 90%] Linking CXX executable ../../bin/gpt-2-alloc
[ 91%] Linking CXX executable ../../bin/gpt-2-backend
[ 91%] Built target gpt-2-ctx
[ 91%] Built target gpt-2-alloc
[ 91%] Built target gpt-2-backend
[ 93%] Linking CXX executable ../../bin/yolov3-tiny
[ 93%] Built target yolov3-tiny
[ 94%] Linking CXX executable ../../bin/gpt-2-batched
[ 94%] Built target gpt-2-batched
[ 95%] Linking CXX executable ../../bin/gpt-2-sched
[ 95%] Built target gpt-2-sched
[ 96%] Linking CXX executable ../../bin/sam
[ 96%] Built target sam
[ 97%] Linking CXX static library libwhisper-cpp.a
[ 97%] Built target whisper-cpp
[ 98%] Building CXX object examples/whisper/CMakeFiles/whisper.dir/main.cpp.o
[100%] Linking CXX executable ../../bin/whisper
[100%] Built target whisper

real	0m30.087s
user	1m21.088s
sys	0m5.338s
+ ctest --output-on-failure -E test-opt
Test project /home/ggml/work/ggml/build-ci-release
      Start  1: test-grad0
 1/20 Test  #1: test-grad0 .......................   Passed    3.64 sec
      Start  2: test-quantize-fns
 2/20 Test  #2: test-quantize-fns ................   Passed    2.41 sec
      Start  3: test-quantize-perf
 3/20 Test  #3: test-quantize-perf ...............   Passed    0.23 sec
      Start  4: test-mul-mat0
 4/20 Test  #4: test-mul-mat0 ....................   Passed    0.55 sec
      Start  5: test-mul-mat2
 5/20 Test  #5: test-mul-mat2 ....................   Passed    1.77 sec
      Start  6: test0
 6/20 Test  #6: test0 ............................   Passed    0.00 sec
      Start  7: test1
 7/20 Test  #7: test1 ............................   Passed    0.01 sec
      Start  8: test2
 8/20 Test  #8: test2 ............................   Passed   21.73 sec
      Start  9: test3
 9/20 Test  #9: test3 ............................   Passed    1.64 sec
      Start 10: test-pool
10/20 Test #10: test-pool ........................   Passed    0.00 sec
      Start 11: test-conv-transpose
11/20 Test #11: test-conv-transpose ..............   Passed    0.00 sec
      Start 12: test-dup
12/20 Test #12: test-dup .........................   Passed    0.00 sec
      Start 13: test-rel-pos
13/20 Test #13: test-rel-pos .....................   Passed    0.00 sec
      Start 14: test-customop
14/20 Test #14: test-customop ....................   Passed    0.00 sec
      Start 15: test-xpos
15/20 Test #15: test-xpos ........................   Passed    0.00 sec
      Start 16: test-conv1d
16/20 Test #16: test-conv1d ......................   Passed    0.01 sec
      Start 17: test-conv2d
17/20 Test #17: test-conv2d ......................   Passed    0.01 sec
      Start 18: test-mul-mat
18/20 Test #18: test-mul-mat .....................   Passed    0.01 sec
      Start 19: test-backend-buffer
19/20 Test #19: test-backend-buffer ..............   Passed    0.00 sec
      Start 20: test-backend-ops
20/20 Test #20: test-backend-ops .................   Passed   21.20 sec

100% tests passed, 0 tests failed out of 20

Total Test time (real) =  53.24 sec

real	0m53.257s
user	2m5.864s
sys	0m6.015s
