+ cmake -DCMAKE_BUILD_TYPE=Release ..
-- The C compiler identification is GNU 11.4.0
-- The CXX compiler identification is GNU 11.4.0
-- Detecting C compiler ABI info
-- Detecting C compiler ABI info - done
-- Check for working C compiler: /usr/bin/cc - skipped
-- Detecting C compile features
-- Detecting C compile features - done
-- Detecting CXX compiler ABI info
-- Detecting CXX compiler ABI info - done
-- Check for working CXX compiler: /usr/bin/c++ - skipped
-- Detecting CXX compile features
-- Detecting CXX compile features - done
-- Performing Test CMAKE_HAVE_LIBC_PTHREAD
-- Performing Test CMAKE_HAVE_LIBC_PTHREAD - Success
-- Found Threads: TRUE  
-- ccache found, compilation results will be cached. Disable with GGML_CCACHE=OFF.
-- CMAKE_SYSTEM_PROCESSOR: x86_64
-- Including CPU backend
-- Found OpenMP_C: -fopenmp (found version "4.5") 
-- Found OpenMP_CXX: -fopenmp (found version "4.5") 
-- Found OpenMP: TRUE (found version "4.5")  
-- Adding CPU backend variant ggml-cpu: -march=native 
-- x86 detected
-- Linux detected
-- Configuring done (0.5s)
-- Generating done (0.0s)
-- Build files have been written to: /home/ggml/work/ggml/build-ci-release

real	0m0.595s
user	0m0.439s
sys	0m0.158s
+ make -j
[  1%] Building CXX object examples/CMakeFiles/common.dir/common.cpp.o
[  2%] Building C object src/CMakeFiles/ggml-base.dir/ggml.c.o
[  3%] Building C object src/CMakeFiles/ggml-base.dir/ggml-alloc.c.o
[  4%] Building CXX object src/CMakeFiles/ggml-base.dir/ggml-backend.cpp.o
[  5%] Building CXX object src/CMakeFiles/ggml-base.dir/ggml-opt.cpp.o
[  7%] Building CXX object src/CMakeFiles/ggml-base.dir/ggml-threading.cpp.o
[  7%] Building C object src/CMakeFiles/ggml-base.dir/ggml-quants.c.o
[  8%] Linking CXX static library libcommon.a
[  9%] Linking CXX shared library libggml-base.so
[  9%] Built target common
[  9%] Built target ggml-base
[ 11%] Building CXX object src/CMakeFiles/ggml-cpu.dir/ggml-cpu/ggml-cpu.cpp.o
[ 11%] Building C object src/CMakeFiles/ggml-cpu.dir/ggml-cpu/ggml-cpu.c.o
[ 13%] Building CXX object src/CMakeFiles/ggml-cpu.dir/ggml-cpu/ggml-cpu-hbm.cpp.o
[ 13%] Building CXX object src/CMakeFiles/ggml-cpu.dir/ggml-cpu/ggml-cpu-aarch64.cpp.o
[ 14%] Building C object src/CMakeFiles/ggml-cpu.dir/ggml-cpu/ggml-cpu-quants.c.o
[ 15%] Building CXX object src/CMakeFiles/ggml-cpu.dir/ggml-cpu/amx/mmq.cpp.o
[ 17%] Building CXX object src/CMakeFiles/ggml-cpu.dir/ggml-cpu/ggml-cpu-traits.cpp.o
[ 17%] Building CXX object src/CMakeFiles/ggml-cpu.dir/ggml-cpu/amx/amx.cpp.o
[ 18%] Linking CXX shared library libggml-cpu.so
[ 18%] Built target ggml-cpu
[ 19%] Building CXX object src/CMakeFiles/ggml.dir/ggml-backend-reg.cpp.o
[ 20%] Linking CXX shared library libggml.so
[ 20%] Built target ggml
[ 21%] Building C object tests/CMakeFiles/test-vec0.dir/test-vec0.c.o
[ 22%] Building CXX object tests/CMakeFiles/test-opt.dir/test-opt.cpp.o
[ 23%] Building C object tests/CMakeFiles/test-vec1.dir/test-vec1.c.o
[ 24%] Building CXX object tests/CMakeFiles/test-quantize-fns.dir/test-quantize-fns.cpp.o
[ 25%] Building CXX object tests/CMakeFiles/test-quantize-perf.dir/test-quantize-perf.cpp.o
[ 26%] Building C object tests/CMakeFiles/test-mul-mat2.dir/test-mul-mat2.c.o
[ 27%] Linking C executable ../bin/test-vec0
[ 28%] Building C object tests/CMakeFiles/test-mul-mat0.dir/test-mul-mat0.c.o
[ 29%] Building C object tests/CMakeFiles/test0.dir/test0.c.o
[ 30%] Linking CXX executable ../bin/test-opt
[ 31%] Linking C executable ../bin/test-mul-mat0
[ 32%] Linking CXX executable ../bin/test-quantize-fns
[ 33%] Linking C executable ../bin/test-mul-mat2
[ 34%] Linking C executable ../bin/test-vec1
[ 35%] Linking C executable ../bin/test0
[ 36%] Building CXX object tests/CMakeFiles/test-arange.dir/test-arange.cpp.o
[ 37%] Linking CXX executable ../bin/test-quantize-perf
[ 38%] Building CXX object tests/CMakeFiles/test-timestep_embedding.dir/test-timestep_embedding.cpp.o
[ 39%] Building CXX object tests/CMakeFiles/test-pad-reflect-1d.dir/test-pad-reflect-1d.cpp.o
[ 40%] Building C object tests/CMakeFiles/test-pool.dir/test-pool.c.o
[ 41%] Building C object tests/CMakeFiles/test-conv-transpose.dir/test-conv-transpose.c.o
[ 42%] Building CXX object tests/CMakeFiles/test-conv-transpose-1d.dir/test-conv-transpose-1d.cpp.o
[ 43%] Linking CXX executable ../bin/test-arange
[ 44%] Linking CXX executable ../bin/test-timestep_embedding
[ 45%] Linking C executable ../bin/test-conv-transpose
[ 46%] Building C object tests/CMakeFiles/test-dup.dir/test-dup.c.o
[ 46%] Built target test-vec0
[ 47%] Linking C executable ../bin/test-pool
[ 48%] Linking CXX executable ../bin/test-pad-reflect-1d
[ 49%] Building C object tests/CMakeFiles/test-rel-pos.dir/test-rel-pos.c.o
[ 49%] Built target test-vec1
[ 50%] Building CXX object tests/CMakeFiles/test-conv1d.dir/test-conv1d.cpp.o
[ 51%] Building C object tests/CMakeFiles/test-customop.dir/test-customop.c.o
[ 52%] Building CXX object tests/CMakeFiles/test-conv2d.dir/test-conv2d.cpp.o
[ 53%] Linking CXX executable ../bin/test-conv-transpose-1d
[ 54%] Linking C executable ../bin/test-dup
[ 55%] Linking C executable ../bin/test-rel-pos
[ 56%] Linking C executable ../bin/test-customop
[ 57%] Linking CXX executable ../bin/test-conv1d
[ 58%] Building CXX object tests/CMakeFiles/test-backend-ops.dir/test-backend-ops.cpp.o
[ 59%] Building CXX object tests/CMakeFiles/test-mul-mat.dir/test-mul-mat.cpp.o
[ 59%] Built target test-quantize-fns
[ 59%] Built target test-mul-mat0
[ 60%] Linking CXX executable ../bin/test-conv2d
[ 61%] Building CXX object examples/mnist/CMakeFiles/mnist-common.dir/mnist-common.cpp.o
[ 62%] Building CXX object examples/CMakeFiles/common-ggml.dir/common-ggml.cpp.o
[ 63%] Building C object tests/CMakeFiles/test-cont.dir/test-cont.c.o
[ 64%] Building CXX object examples/simple/CMakeFiles/simple-backend.dir/simple-backend.cpp.o
[ 64%] Built target test0
[ 65%] Building CXX object examples/sam/CMakeFiles/sam.dir/main.cpp.o
[ 66%] Linking CXX executable ../bin/test-mul-mat
[ 67%] Linking CXX executable ../bin/test-backend-ops
[ 68%] Building CXX object examples/yolo/CMakeFiles/yolov3-tiny.dir/yolov3-tiny.cpp.o
[ 69%] Linking C executable ../bin/test-cont
[ 70%] Building CXX object examples/simple/CMakeFiles/simple-ctx.dir/simple-ctx.cpp.o
[ 71%] Linking CXX static library libmnist-common.a
[ 72%] Building CXX object examples/yolo/CMakeFiles/yolov3-tiny.dir/yolo-image.cpp.o
[ 73%] Linking CXX executable ../../bin/simple-backend
[ 74%] Linking CXX static library libcommon-ggml.a
[ 75%] Linking CXX executable ../../bin/sam
[ 76%] Linking CXX executable ../../bin/yolov3-tiny
[ 77%] Linking CXX executable ../../bin/simple-ctx
[ 77%] Built target test-pool
[ 77%] Built target test-quantize-perf
[ 77%] Built target test-conv-transpose
[ 77%] Built target mnist-common
[ 77%] Built target common-ggml
[ 77%] Built target test-dup
[ 77%] Built target test-mul-mat2
[ 77%] Built target test-conv-transpose-1d
[ 78%] Building CXX object examples/mnist/CMakeFiles/mnist-eval.dir/mnist-eval.cpp.o
[ 77%] Built target test-cont
[ 79%] Building CXX object examples/mnist/CMakeFiles/mnist-train.dir/mnist-train.cpp.o
[ 80%] Building CXX object examples/gpt-2/CMakeFiles/gpt-2-ctx.dir/main-ctx.cpp.o
[ 80%] Built target test-opt
[ 81%] Linking CXX executable ../../bin/mnist-eval
[ 81%] Built target simple-ctx
[ 81%] Built target simple-backend
[ 82%] Linking CXX executable ../../bin/mnist-train
[ 82%] Built target yolov3-tiny
[ 82%] Built target test-conv1d
[ 83%] Building CXX object examples/gpt-2/CMakeFiles/gpt-2-alloc.dir/main-alloc.cpp.o
[ 83%] Built target test-rel-pos
[ 84%] Building CXX object examples/gpt-2/CMakeFiles/gpt-2-backend.dir/main-backend.cpp.o
[ 85%] Linking CXX executable ../../bin/gpt-2-ctx
[ 85%] Built target test-conv2d
[ 86%] Building CXX object examples/gpt-2/CMakeFiles/gpt-2-sched.dir/main-sched.cpp.o
[ 87%] Linking CXX executable ../../bin/gpt-2-alloc
[ 87%] Built target test-arange
[ 87%] Built target test-mul-mat
[ 87%] Built target test-pad-reflect-1d
[ 87%] Built target test-customop
[ 87%] Built target test-backend-ops
[ 88%] Linking CXX executable ../../bin/gpt-2-sched
[ 88%] Built target mnist-eval
[ 89%] Linking CXX executable ../../bin/gpt-2-backend
[ 90%] Building CXX object examples/gpt-2/CMakeFiles/gpt-2-batched.dir/main-batched.cpp.o
[ 90%] Built target test-timestep_embedding
[ 91%] Building CXX object examples/gpt-j/CMakeFiles/gpt-j.dir/main.cpp.o
[ 92%] Building CXX object examples/gpt-2/CMakeFiles/gpt-2-quantize.dir/quantize.cpp.o
[ 93%] Linking CXX executable ../../bin/gpt-2-batched
[ 94%] Building CXX object examples/gpt-j/CMakeFiles/gpt-j-quantize.dir/quantize.cpp.o
[ 95%] Linking CXX executable ../../bin/gpt-2-quantize
[ 96%] Building CXX object examples/magika/CMakeFiles/magika.dir/main.cpp.o
[ 97%] Linking CXX executable ../../bin/gpt-j
[ 98%] Linking CXX executable ../../bin/magika
[ 98%] Built target gpt-2-sched
[100%] Linking CXX executable ../../bin/gpt-j-quantize
[100%] Built target sam
[100%] Built target gpt-2-alloc
[100%] Built target gpt-2-quantize
[100%] Built target gpt-j
[100%] Built target mnist-train
[100%] Built target gpt-2-batched
[100%] Built target magika
[100%] Built target gpt-2-ctx
[100%] Built target gpt-2-backend
[100%] Built target gpt-j-quantize

real	0m1.200s
user	0m3.346s
sys	0m0.811s
+ ctest --output-on-failure -E test-opt
Test project /home/ggml/work/ggml/build-ci-release
      Start  1: test-quantize-fns
 1/19 Test  #1: test-quantize-fns ................   Passed   16.56 sec
      Start  2: test-quantize-perf
 2/19 Test  #2: test-quantize-perf ...............   Passed    0.08 sec
      Start  3: test-mul-mat0
 3/19 Test  #3: test-mul-mat0 ....................   Passed    0.52 sec
      Start  4: test-mul-mat2
 4/19 Test  #4: test-mul-mat2 ....................   Passed    2.81 sec
      Start  5: test0
 5/19 Test  #5: test0 ............................   Passed    0.00 sec
      Start  6: test-pool
 6/19 Test  #6: test-pool ........................   Passed    0.00 sec
      Start  7: test-arange
 7/19 Test  #7: test-arange ......................   Passed    0.00 sec
      Start  8: test-timestep_embedding
 8/19 Test  #8: test-timestep_embedding ..........   Passed    0.00 sec
      Start  9: test-pad-reflect-1d
 9/19 Test  #9: test-pad-reflect-1d ..............   Passed    0.00 sec
      Start 10: test-conv-transpose
10/19 Test #10: test-conv-transpose ..............   Passed    0.00 sec
      Start 11: test-conv-transpose-1d
11/19 Test #11: test-conv-transpose-1d ...........   Passed    0.01 sec
      Start 12: test-dup
12/19 Test #12: test-dup .........................   Passed    0.00 sec
      Start 13: test-rel-pos
13/19 Test #13: test-rel-pos .....................   Passed    0.00 sec
      Start 14: test-customop
14/19 Test #14: test-customop ....................   Passed    0.00 sec
      Start 15: test-conv1d
15/19 Test #15: test-conv1d ......................   Passed    0.00 sec
      Start 16: test-conv2d
16/19 Test #16: test-conv2d ......................   Passed    0.00 sec
      Start 17: test-mul-mat
17/19 Test #17: test-mul-mat .....................   Passed    0.00 sec
      Start 18: test-backend-ops
18/19 Test #18: test-backend-ops .................   Passed    0.00 sec
      Start 19: test-cont
19/19 Test #19: test-cont ........................   Passed    0.00 sec

100% tests passed, 0 tests failed out of 19

Total Test time (real) =  20.02 sec

real	0m20.044s
user	0m19.609s
sys	0m0.198s
