+ cmake -DCMAKE_BUILD_TYPE=Debug -DLLAMA_FATAL_WARNINGS=ON -DGGML_CUDA=ON -DCMAKE_CUDA_ARCHITECTURES=native ..
-- The C compiler identification is GNU 11.4.0
-- The CXX compiler identification is GNU 11.4.0
-- Detecting C compiler ABI info
-- Detecting C compiler ABI info - done
-- Check for working C compiler: /usr/bin/cc - skipped
-- Detecting C compile features
-- Detecting C compile features - done
-- Detecting CXX compiler ABI info
-- Detecting CXX compiler ABI info - done
-- Check for working CXX compiler: /usr/bin/c++ - skipped
-- Detecting CXX compile features
-- Detecting CXX compile features - done
-- Found Git: /usr/bin/git (found version "2.34.1") 
-- Performing Test CMAKE_HAVE_LIBC_PTHREAD
-- Performing Test CMAKE_HAVE_LIBC_PTHREAD - Success
-- Found Threads: TRUE  
-- Found OpenMP_C: -fopenmp (found version "4.5") 
-- Found OpenMP_CXX: -fopenmp (found version "4.5") 
-- Found OpenMP: TRUE (found version "4.5")  
-- OpenMP found
-- Using llamafile
-- Found CUDAToolkit: /usr/local/cuda-12.2/include (found version "12.2.140") 
-- CUDA found
-- Using CUDA architectures: native
-- The CUDA compiler identification is NVIDIA 12.2.140
-- Detecting CUDA compiler ABI info
-- Detecting CUDA compiler ABI info - done
-- Check for working CUDA compiler: /usr/local/cuda-12.2/bin/nvcc - skipped
-- Detecting CUDA compile features
-- Detecting CUDA compile features - done
-- CUDA host compiler is GNU 11.4.0

-- ccache found, compilation results will be cached. Disable with GGML_CCACHE=OFF.
-- CMAKE_SYSTEM_PROCESSOR: x86_64
-- x86 detected
-- Configuring done (9.2s)
-- Generating done (0.2s)
-- Build files have been written to: /home/ggml/work/llama.cpp/build-ci-debug

real	0m9.471s
user	0m7.535s
sys	0m1.940s
++ nproc
+ make -j6
[  0%] Generating build details from Git
[  0%] Building C object examples/gguf-hash/CMakeFiles/sha256.dir/deps/sha256/sha256.c.o
[  1%] Building C object examples/gguf-hash/CMakeFiles/xxhash.dir/deps/xxhash/xxhash.c.o
[  2%] Building C object examples/gguf-hash/CMakeFiles/sha1.dir/deps/sha1/sha1.c.o
-- Found Git: /usr/bin/git (found version "2.34.1") 
[  2%] Building C object ggml/src/CMakeFiles/ggml.dir/ggml.c.o
[  3%] Building C object ggml/src/CMakeFiles/ggml.dir/ggml-alloc.c.o
[  3%] Built target sha256
[  3%] Built target xxhash
[  3%] Built target sha1
[  4%] Building C object ggml/src/CMakeFiles/ggml.dir/ggml-quants.c.o
[  4%] Building CUDA object ggml/src/CMakeFiles/ggml.dir/ggml-cuda/acc.cu.o
[  5%] Building CUDA object ggml/src/CMakeFiles/ggml.dir/ggml-cuda/arange.cu.o
[  5%] Building C object ggml/src/CMakeFiles/ggml.dir/ggml-backend.c.o
[  5%] Building CUDA object ggml/src/CMakeFiles/ggml.dir/ggml-cuda/argsort.cu.o
[  5%] Building CUDA object ggml/src/CMakeFiles/ggml.dir/ggml-cuda/binbcast.cu.o
[  6%] Building CUDA object ggml/src/CMakeFiles/ggml.dir/ggml-cuda/clamp.cu.o
[  6%] Building CUDA object ggml/src/CMakeFiles/ggml.dir/ggml-cuda/concat.cu.o
[  7%] Building CUDA object ggml/src/CMakeFiles/ggml.dir/ggml-cuda/conv-transpose-1d.cu.o
[  7%] Building CXX object common/CMakeFiles/build_info.dir/build-info.cpp.o
[  7%] Building CUDA object ggml/src/CMakeFiles/ggml.dir/ggml-cuda/convert.cu.o
[  7%] Building CUDA object ggml/src/CMakeFiles/ggml.dir/ggml-cuda/cpy.cu.o
[  8%] Building CUDA object ggml/src/CMakeFiles/ggml.dir/ggml-cuda/cross-entropy-loss.cu.o
[  8%] Building CUDA object ggml/src/CMakeFiles/ggml.dir/ggml-cuda/diagmask.cu.o
[  9%] Building CUDA object ggml/src/CMakeFiles/ggml.dir/ggml-cuda/dmmv.cu.o
[  9%] Building CUDA object ggml/src/CMakeFiles/ggml.dir/ggml-cuda/fattn-tile-f16.cu.o
[  9%] Building CUDA object ggml/src/CMakeFiles/ggml.dir/ggml-cuda/fattn-tile-f32.cu.o
[ 10%] Building CUDA object ggml/src/CMakeFiles/ggml.dir/ggml-cuda/fattn.cu.o
[ 10%] Built target build_info
[ 10%] Building CUDA object ggml/src/CMakeFiles/ggml.dir/ggml-cuda/getrows.cu.o
[ 11%] Building CUDA object ggml/src/CMakeFiles/ggml.dir/ggml-cuda/im2col.cu.o
[ 11%] Building CUDA object ggml/src/CMakeFiles/ggml.dir/ggml-cuda/mmq.cu.o
[ 12%] Building CUDA object ggml/src/CMakeFiles/ggml.dir/ggml-cuda/mmvq.cu.o
[ 12%] Building CUDA object ggml/src/CMakeFiles/ggml.dir/ggml-cuda/norm.cu.o
[ 12%] Building CUDA object ggml/src/CMakeFiles/ggml.dir/ggml-cuda/pad.cu.o
[ 13%] Building CUDA object ggml/src/CMakeFiles/ggml.dir/ggml-cuda/pool2d.cu.o
[ 13%] Building CUDA object ggml/src/CMakeFiles/ggml.dir/ggml-cuda/quantize.cu.o
[ 14%] Building CUDA object ggml/src/CMakeFiles/ggml.dir/ggml-cuda/rope.cu.o
[ 14%] Building CUDA object ggml/src/CMakeFiles/ggml.dir/ggml-cuda/scale.cu.o
[ 14%] Building CUDA object ggml/src/CMakeFiles/ggml.dir/ggml-cuda/softmax.cu.o
[ 15%] Building CUDA object ggml/src/CMakeFiles/ggml.dir/ggml-cuda/sum.cu.o
[ 15%] Building CUDA object ggml/src/CMakeFiles/ggml.dir/ggml-cuda/sumrows.cu.o
[ 16%] Building CUDA object ggml/src/CMakeFiles/ggml.dir/ggml-cuda/tsembd.cu.o
[ 16%] Building CUDA object ggml/src/CMakeFiles/ggml.dir/ggml-cuda/unary.cu.o
[ 17%] Building CUDA object ggml/src/CMakeFiles/ggml.dir/ggml-cuda/upscale.cu.o
[ 17%] Building CUDA object ggml/src/CMakeFiles/ggml.dir/ggml-cuda.cu.o
[ 17%] Building CUDA object ggml/src/CMakeFiles/ggml.dir/ggml-cuda/template-instances/fattn-wmma-f16-instance-kqfloat-cpb16.cu.o
[ 18%] Building CUDA object ggml/src/CMakeFiles/ggml.dir/ggml-cuda/template-instances/fattn-wmma-f16-instance-kqfloat-cpb32.cu.o
[ 18%] Building CUDA object ggml/src/CMakeFiles/ggml.dir/ggml-cuda/template-instances/fattn-wmma-f16-instance-kqhalf-cpb16.cu.o
[ 19%] Building CUDA object ggml/src/CMakeFiles/ggml.dir/ggml-cuda/template-instances/fattn-wmma-f16-instance-kqhalf-cpb32.cu.o
[ 19%] Building CUDA object ggml/src/CMakeFiles/ggml.dir/ggml-cuda/template-instances/fattn-wmma-f16-instance-kqhalf-cpb8.cu.o
[ 20%] Building CUDA object ggml/src/CMakeFiles/ggml.dir/ggml-cuda/template-instances/mmq-instance-iq2_s.cu.o
[ 20%] Building CUDA object ggml/src/CMakeFiles/ggml.dir/ggml-cuda/template-instances/mmq-instance-iq1_s.cu.o
[ 21%] Building CUDA object ggml/src/CMakeFiles/ggml.dir/ggml-cuda/template-instances/mmq-instance-iq2_xxs.cu.o
[ 21%] Building CUDA object ggml/src/CMakeFiles/ggml.dir/ggml-cuda/template-instances/mmq-instance-iq2_xs.cu.o
[ 21%] Building CUDA object ggml/src/CMakeFiles/ggml.dir/ggml-cuda/template-instances/mmq-instance-iq3_s.cu.o
[ 21%] Building CUDA object ggml/src/CMakeFiles/ggml.dir/ggml-cuda/template-instances/mmq-instance-iq3_xxs.cu.o
[ 22%] Building CUDA object ggml/src/CMakeFiles/ggml.dir/ggml-cuda/template-instances/mmq-instance-iq4_nl.cu.o
[ 22%] Building CUDA object ggml/src/CMakeFiles/ggml.dir/ggml-cuda/template-instances/mmq-instance-iq4_xs.cu.o
[ 23%] Building CUDA object ggml/src/CMakeFiles/ggml.dir/ggml-cuda/template-instances/mmq-instance-q2_k.cu.o
[ 23%] Building CUDA object ggml/src/CMakeFiles/ggml.dir/ggml-cuda/template-instances/mmq-instance-q3_k.cu.o
[ 24%] Building CUDA object ggml/src/CMakeFiles/ggml.dir/ggml-cuda/template-instances/mmq-instance-q4_0.cu.o
[ 24%] Building CUDA object ggml/src/CMakeFiles/ggml.dir/ggml-cuda/template-instances/mmq-instance-q4_1.cu.o
[ 24%] Building CUDA object ggml/src/CMakeFiles/ggml.dir/ggml-cuda/template-instances/mmq-instance-q4_k.cu.o
[ 25%] Building CUDA object ggml/src/CMakeFiles/ggml.dir/ggml-cuda/template-instances/mmq-instance-q5_0.cu.o
[ 25%] Building CUDA object ggml/src/CMakeFiles/ggml.dir/ggml-cuda/template-instances/mmq-instance-q5_1.cu.o
[ 26%] Building CUDA object ggml/src/CMakeFiles/ggml.dir/ggml-cuda/template-instances/mmq-instance-q5_k.cu.o
[ 26%] Building CUDA object ggml/src/CMakeFiles/ggml.dir/ggml-cuda/template-instances/mmq-instance-q6_k.cu.o
[ 26%] Building CUDA object ggml/src/CMakeFiles/ggml.dir/ggml-cuda/template-instances/mmq-instance-q8_0.cu.o
[ 27%] Building CUDA object ggml/src/CMakeFiles/ggml.dir/ggml-cuda/template-instances/fattn-vec-f16-instance-hs128-q4_0-q4_0.cu.o
[ 27%] Building CUDA object ggml/src/CMakeFiles/ggml.dir/ggml-cuda/template-instances/fattn-vec-f32-instance-hs128-q4_0-q4_0.cu.o
[ 28%] Building CUDA object ggml/src/CMakeFiles/ggml.dir/ggml-cuda/template-instances/fattn-vec-f16-instance-hs128-q8_0-q8_0.cu.o
[ 28%] Building CUDA object ggml/src/CMakeFiles/ggml.dir/ggml-cuda/template-instances/fattn-vec-f32-instance-hs128-q8_0-q8_0.cu.o
[ 28%] Building CUDA object ggml/src/CMakeFiles/ggml.dir/ggml-cuda/template-instances/fattn-vec-f16-instance-hs128-f16-f16.cu.o
[ 29%] Building CUDA object ggml/src/CMakeFiles/ggml.dir/ggml-cuda/template-instances/fattn-vec-f16-instance-hs256-f16-f16.cu.o
[ 29%] Building CUDA object ggml/src/CMakeFiles/ggml.dir/ggml-cuda/template-instances/fattn-vec-f16-instance-hs64-f16-f16.cu.o
[ 30%] Building CUDA object ggml/src/CMakeFiles/ggml.dir/ggml-cuda/template-instances/fattn-vec-f32-instance-hs128-f16-f16.cu.o
[ 30%] Building CUDA object ggml/src/CMakeFiles/ggml.dir/ggml-cuda/template-instances/fattn-vec-f32-instance-hs256-f16-f16.cu.o
[ 31%] Building CUDA object ggml/src/CMakeFiles/ggml.dir/ggml-cuda/template-instances/fattn-vec-f32-instance-hs64-f16-f16.cu.o
[ 31%] Building CXX object ggml/src/CMakeFiles/ggml.dir/llamafile/sgemm.cpp.o
[ 31%] Building C object ggml/src/CMakeFiles/ggml.dir/ggml-aarch64.c.o
[ 32%] Linking CXX shared library libggml.so
[ 32%] Built target ggml
[ 33%] Building CXX object examples/gguf-hash/CMakeFiles/llama-gguf-hash.dir/gguf-hash.cpp.o
[ 33%] Building CXX object src/CMakeFiles/llama.dir/llama.cpp.o
[ 33%] Building CXX object examples/gguf/CMakeFiles/llama-gguf.dir/gguf.cpp.o
[ 34%] Building CXX object src/CMakeFiles/llama.dir/llama-vocab.cpp.o
[ 34%] Building CXX object src/CMakeFiles/llama.dir/llama-sampling.cpp.o
[ 34%] Building CXX object src/CMakeFiles/llama.dir/llama-grammar.cpp.o
[ 34%] Linking CXX executable ../../bin/llama-gguf-hash
[ 34%] Linking CXX executable ../../bin/llama-gguf
[ 34%] Built target llama-gguf-hash
[ 34%] Built target llama-gguf
[ 35%] Building CXX object src/CMakeFiles/llama.dir/unicode.cpp.o
[ 35%] Building CXX object src/CMakeFiles/llama.dir/unicode-data.cpp.o
[ 36%] Linking CXX shared library libllama.so
[ 36%] Built target llama
[ 37%] Building CXX object common/CMakeFiles/common.dir/arg.cpp.o
[ 37%] Building C object tests/CMakeFiles/test-c.dir/test-c.c.o
[ 37%] Building CXX object common/CMakeFiles/common.dir/common.cpp.o
[ 37%] Building CXX object examples/llava/CMakeFiles/llava.dir/llava.cpp.o
[ 37%] Building CXX object examples/benchmark/CMakeFiles/llama-bench-matmult.dir/benchmark-matmult.cpp.o
[ 38%] Building CXX object examples/quantize-stats/CMakeFiles/llama-quantize-stats.dir/quantize-stats.cpp.o
[ 39%] Linking C executable ../bin/test-c
[ 39%] Built target test-c
[ 40%] Building CXX object common/CMakeFiles/common.dir/console.cpp.o
[ 40%] Building CXX object common/CMakeFiles/common.dir/json-schema-to-grammar.cpp.o
[ 40%] Building CXX object common/CMakeFiles/common.dir/log.cpp.o
[ 41%] Building CXX object common/CMakeFiles/common.dir/ngram-cache.cpp.o
[ 42%] Building CXX object examples/llava/CMakeFiles/llava.dir/clip.cpp.o
[ 42%] Built target llava
[ 42%] Linking CXX static library libllava_static.a
[ 42%] Built target llava_static
[ 42%] Linking CXX shared library libllava_shared.so
[ 42%] Built target llava_shared
[ 42%] Building CXX object common/CMakeFiles/common.dir/sampling.cpp.o
[ 43%] Linking CXX executable ../../bin/llama-bench-matmult
[ 43%] Built target llama-bench-matmult
[ 44%] Building CXX object common/CMakeFiles/common.dir/train.cpp.o
[ 44%] Linking CXX executable ../../bin/llama-quantize-stats
[ 44%] Built target llama-quantize-stats
[ 44%] Linking CXX static library libcommon.a
[ 44%] Built target common
[ 44%] Building CXX object tests/CMakeFiles/test-tokenizer-0.dir/test-tokenizer-0.cpp.o
[ 45%] Building CXX object tests/CMakeFiles/test-tokenizer-1-bpe.dir/test-tokenizer-1-bpe.cpp.o
[ 46%] Building CXX object tests/CMakeFiles/test-arg-parser.dir/test-arg-parser.cpp.o
[ 47%] Building CXX object tests/CMakeFiles/test-tokenizer-1-spm.dir/test-tokenizer-1-spm.cpp.o
[ 48%] Building CXX object tests/CMakeFiles/test-log.dir/test-log.cpp.o
[ 48%] Building CXX object tests/CMakeFiles/test-quantize-fns.dir/test-quantize-fns.cpp.o
[ 48%] Building CXX object tests/CMakeFiles/test-log.dir/get-model.cpp.o
[ 48%] Building CXX object tests/CMakeFiles/test-quantize-fns.dir/get-model.cpp.o
[ 49%] Linking CXX executable ../bin/test-quantize-fns
[ 49%] Linking CXX executable ../bin/test-log
[ 49%] Built target test-quantize-fns
[ 49%] Building CXX object tests/CMakeFiles/test-quantize-perf.dir/test-quantize-perf.cpp.o
[ 50%] Building CXX object tests/CMakeFiles/test-quantize-perf.dir/get-model.cpp.o
[ 50%] Built target test-log
[ 50%] Linking CXX executable ../bin/test-quantize-perf
[ 51%] Building CXX object tests/CMakeFiles/test-sampling.dir/test-sampling.cpp.o
[ 51%] Built target test-quantize-perf
[ 51%] Building CXX object tests/CMakeFiles/test-chat-template.dir/test-chat-template.cpp.o
[ 51%] Linking CXX executable ../bin/test-tokenizer-1-spm
[ 51%] Linking CXX executable ../bin/test-tokenizer-1-bpe
[ 51%] Linking CXX executable ../bin/test-tokenizer-0
[ 52%] Building CXX object tests/CMakeFiles/test-chat-template.dir/get-model.cpp.o
[ 52%] Linking CXX executable ../bin/test-chat-template
[ 52%] Building CXX object tests/CMakeFiles/test-arg-parser.dir/get-model.cpp.o
[ 52%] Linking CXX executable ../bin/test-arg-parser
[ 52%] Building CXX object tests/CMakeFiles/test-sampling.dir/get-model.cpp.o
[ 53%] Linking CXX executable ../bin/test-sampling
[ 53%] Built target test-tokenizer-1-spm
[ 54%] Building CXX object tests/CMakeFiles/test-grammar-parser.dir/test-grammar-parser.cpp.o
[ 54%] Built target test-tokenizer-1-bpe
[ 54%] Building CXX object tests/CMakeFiles/test-llama-grammar.dir/test-llama-grammar.cpp.o
[ 54%] Built target test-tokenizer-0
[ 54%] Built target test-chat-template
[ 55%] Building CXX object tests/CMakeFiles/test-grammar-integration.dir/test-grammar-integration.cpp.o
[ 55%] Building CXX object tests/CMakeFiles/test-grad0.dir/test-grad0.cpp.o
[ 56%] Building CXX object tests/CMakeFiles/test-grad0.dir/get-model.cpp.o
[ 56%] Linking CXX executable ../bin/test-grad0
[ 56%] Built target test-sampling
[ 56%] Building CXX object tests/CMakeFiles/test-backend-ops.dir/test-backend-ops.cpp.o
[ 56%] Building CXX object tests/CMakeFiles/test-backend-ops.dir/get-model.cpp.o
[ 57%] Linking CXX executable ../bin/test-backend-ops
[ 57%] Built target test-grad0
[ 58%] Building CXX object tests/CMakeFiles/test-rope.dir/test-rope.cpp.o
[ 58%] Building CXX object tests/CMakeFiles/test-rope.dir/get-model.cpp.o
[ 58%] Linking CXX executable ../bin/test-rope
[ 58%] Built target test-backend-ops
[ 59%] Building CXX object tests/CMakeFiles/test-model-load-cancel.dir/test-model-load-cancel.cpp.o
[ 59%] Built target test-rope
[ 60%] Building CXX object tests/CMakeFiles/test-autorelease.dir/test-autorelease.cpp.o
[ 60%] Building CXX object tests/CMakeFiles/test-model-load-cancel.dir/get-model.cpp.o
[ 61%] Linking CXX executable ../bin/test-model-load-cancel
[ 61%] Built target test-model-load-cancel
[ 61%] Building CXX object tests/CMakeFiles/test-json-schema-to-grammar.dir/test-json-schema-to-grammar.cpp.o
[ 61%] Built target test-arg-parser
[ 62%] Building CXX object examples/cvector-generator/CMakeFiles/llama-cvector-generator.dir/cvector-generator.cpp.o
[ 62%] Building CXX object tests/CMakeFiles/test-autorelease.dir/get-model.cpp.o
[ 62%] Building CXX object tests/CMakeFiles/test-grammar-parser.dir/get-model.cpp.o
[ 63%] Linking CXX executable ../bin/test-autorelease
[ 64%] Linking CXX executable ../bin/test-grammar-parser
[ 64%] Built target test-autorelease
[ 64%] Building CXX object examples/baby-llama/CMakeFiles/llama-baby-llama.dir/baby-llama.cpp.o
[ 64%] Built target test-grammar-parser
[ 65%] Building CXX object examples/batched-bench/CMakeFiles/llama-batched-bench.dir/batched-bench.cpp.o
[ 66%] Building CXX object tests/CMakeFiles/test-llama-grammar.dir/get-model.cpp.o
[ 66%] Linking CXX executable ../bin/test-llama-grammar
[ 66%] Built target test-llama-grammar
[ 66%] Building CXX object examples/batched/CMakeFiles/llama-batched.dir/batched.cpp.o
[ 67%] Linking CXX executable ../../bin/llama-baby-llama
[ 67%] Linking CXX executable ../../bin/llama-batched-bench
[ 67%] Built target llama-baby-llama
[ 67%] Building CXX object examples/convert-llama2c-to-ggml/CMakeFiles/llama-convert-llama2c-to-ggml.dir/convert-llama2c-to-ggml.cpp.o
[ 67%] Linking CXX executable ../../bin/llama-batched
[ 67%] Linking CXX executable ../../bin/llama-cvector-generator
[ 67%] Built target llama-batched-bench
[ 68%] Building CXX object examples/embedding/CMakeFiles/llama-embedding.dir/embedding.cpp.o
[ 68%] Built target llama-batched
[ 69%] Building CXX object examples/eval-callback/CMakeFiles/llama-eval-callback.dir/eval-callback.cpp.o
[ 69%] Built target llama-cvector-generator
[ 69%] Building CXX object examples/export-lora/CMakeFiles/llama-export-lora.dir/export-lora.cpp.o
[ 69%] Linking CXX executable ../../bin/llama-convert-llama2c-to-ggml
[ 69%] Linking CXX executable ../../bin/llama-embedding
[ 69%] Linking CXX executable ../../bin/llama-eval-callback
[ 69%] Built target llama-convert-llama2c-to-ggml
[ 69%] Building CXX object examples/gbnf-validator/CMakeFiles/llama-gbnf-validator.dir/gbnf-validator.cpp.o
[ 69%] Built target llama-embedding
[ 70%] Building CXX object examples/gguf-split/CMakeFiles/llama-gguf-split.dir/gguf-split.cpp.o
[ 71%] Linking CXX executable ../../bin/llama-export-lora
[ 71%] Built target llama-eval-callback
[ 72%] Building CXX object examples/gritlm/CMakeFiles/llama-gritlm.dir/gritlm.cpp.o
[ 72%] Building CXX object tests/CMakeFiles/test-grammar-integration.dir/get-model.cpp.o
[ 72%] Linking CXX executable ../bin/test-grammar-integration
[ 73%] Linking CXX executable ../../bin/llama-gbnf-validator
[ 73%] Built target llama-gbnf-validator
[ 73%] Building CXX object examples/imatrix/CMakeFiles/llama-imatrix.dir/imatrix.cpp.o
[ 73%] Built target llama-export-lora
[ 73%] Building CXX object examples/infill/CMakeFiles/llama-infill.dir/infill.cpp.o
[ 73%] Built target test-grammar-integration
[ 74%] Building CXX object examples/llama-bench/CMakeFiles/llama-bench.dir/llama-bench.cpp.o
[ 74%] Linking CXX executable ../../bin/llama-gritlm
[ 74%] Linking CXX executable ../../bin/llama-gguf-split
[ 74%] Built target llama-gguf-split
[ 74%] Building CXX object examples/llava/CMakeFiles/llama-llava-cli.dir/llava-cli.cpp.o
[ 74%] Built target llama-gritlm
[ 74%] Building CXX object examples/llava/CMakeFiles/llama-minicpmv-cli.dir/minicpmv-cli.cpp.o
[ 75%] Linking CXX executable ../../bin/llama-infill
[ 75%] Linking CXX executable ../../bin/llama-llava-cli
[ 75%] Built target llama-infill
[ 76%] Building CXX object examples/lookahead/CMakeFiles/llama-lookahead.dir/lookahead.cpp.o
[ 77%] Linking CXX executable ../../bin/llama-imatrix
[ 77%] Linking CXX executable ../../bin/llama-minicpmv-cli
[ 77%] Built target llama-llava-cli
[ 78%] Building CXX object examples/lookup/CMakeFiles/llama-lookup.dir/lookup.cpp.o
[ 79%] Building CXX object tests/CMakeFiles/test-json-schema-to-grammar.dir/get-model.cpp.o
[ 79%] Linking CXX executable ../bin/test-json-schema-to-grammar
[ 79%] Built target llama-imatrix
[ 79%] Building CXX object examples/lookup/CMakeFiles/llama-lookup-create.dir/lookup-create.cpp.o
[ 79%] Built target llama-minicpmv-cli
[ 79%] Building CXX object examples/lookup/CMakeFiles/llama-lookup-merge.dir/lookup-merge.cpp.o
[ 79%] Linking CXX executable ../../bin/llama-lookahead
[ 79%] Built target test-json-schema-to-grammar
[ 79%] Building CXX object examples/lookup/CMakeFiles/llama-lookup-stats.dir/lookup-stats.cpp.o
[ 79%] Linking CXX executable ../../bin/llama-lookup
[ 79%] Built target llama-lookahead
[ 79%] Building CXX object examples/main/CMakeFiles/llama-cli.dir/main.cpp.o
[ 80%] Linking CXX executable ../../bin/llama-lookup-merge
[ 81%] Linking CXX executable ../../bin/llama-lookup-create
[ 81%] Built target llama-lookup-merge
[ 82%] Building CXX object examples/parallel/CMakeFiles/llama-parallel.dir/parallel.cpp.o
[ 82%] Built target llama-lookup
[ 83%] Building CXX object examples/passkey/CMakeFiles/llama-passkey.dir/passkey.cpp.o
[ 84%] Linking CXX executable ../../bin/llama-lookup-stats
[ 84%] Built target llama-lookup-create
[ 84%] Building CXX object examples/perplexity/CMakeFiles/llama-perplexity.dir/perplexity.cpp.o
[ 85%] Linking CXX executable ../../bin/llama-cli
[ 85%] Built target llama-lookup-stats
[ 85%] Building CXX object examples/quantize/CMakeFiles/llama-quantize.dir/quantize.cpp.o
[ 85%] Linking CXX executable ../../bin/llama-parallel
[ 85%] Linking CXX executable ../../bin/llama-passkey
[ 85%] Built target llama-cli
[ 86%] Building CXX object examples/retrieval/CMakeFiles/llama-retrieval.dir/retrieval.cpp.o
[ 86%] Built target llama-parallel
[ 86%] Generating theme-snowstorm.css.hpp
[ 86%] Linking CXX executable ../../bin/llama-bench
[ 86%] Generating colorthemes.css.hpp
[ 86%] Generating completion.js.hpp
[ 86%] Generating index-new.html.hpp
[ 86%] Built target llama-passkey
[ 87%] Building CXX object examples/save-load-state/CMakeFiles/llama-save-load-state.dir/save-load-state.cpp.o
[ 88%] Generating index.html.hpp
[ 89%] Generating index.js.hpp
[ 89%] Generating json-schema-to-grammar.mjs.hpp
[ 90%] Generating loading.html.hpp
[ 91%] Generating prompt-formats.js.hpp
[ 91%] Built target llama-bench
[ 92%] Building CXX object examples/simple/CMakeFiles/llama-simple.dir/simple.cpp.o
[ 93%] Generating style.css.hpp
[ 93%] Generating system-prompts.js.hpp
[ 93%] Generating theme-beeninorder.css.hpp
[ 94%] Generating theme-ketivah.css.hpp
[ 94%] Generating theme-mangotango.css.hpp
[ 94%] Generating theme-playground.css.hpp
[ 95%] Generating theme-polarnight.css.hpp
[ 95%] Building CXX object examples/server/CMakeFiles/llama-server.dir/server.cpp.o
[ 95%] Linking CXX executable ../../bin/llama-quantize
[ 95%] Built target llama-quantize
[ 96%] Building CXX object examples/speculative/CMakeFiles/llama-speculative.dir/speculative.cpp.o
[ 96%] Linking CXX executable ../../bin/llama-save-load-state
[ 96%] Linking CXX executable ../../bin/llama-simple
[ 96%] Linking CXX executable ../../bin/llama-retrieval
[ 97%] Linking CXX executable ../../bin/llama-perplexity
[ 97%] Built target llama-save-load-state
[ 97%] Building CXX object examples/tokenize/CMakeFiles/llama-tokenize.dir/tokenize.cpp.o
[ 97%] Built target llama-simple
[ 97%] Building CXX object pocs/vdot/CMakeFiles/llama-vdot.dir/vdot.cpp.o
[ 98%] Linking CXX executable ../../bin/llama-vdot
[ 98%] Built target llama-retrieval
[ 98%] Building CXX object pocs/vdot/CMakeFiles/llama-q8dot.dir/q8dot.cpp.o
[ 98%] Built target llama-vdot
[ 99%] Linking CXX executable ../../bin/llama-q8dot
[ 99%] Built target llama-q8dot
[ 99%] Built target llama-perplexity
[100%] Linking CXX executable ../../bin/llama-tokenize
[100%] Built target llama-tokenize
[100%] Linking CXX executable ../../bin/llama-speculative
[100%] Built target llama-speculative
[100%] Linking CXX executable ../../bin/llama-server
[100%] Built target llama-server

real	0m53.921s
user	2m9.719s
sys	0m15.209s
+ ctest --output-on-failure -L main -E test-opt
Test project /home/ggml/work/llama.cpp/build-ci-debug
      Start  1: test-tokenizer-0-bert-bge
 1/27 Test  #1: test-tokenizer-0-bert-bge .........   Passed    0.16 sec
      Start  2: test-tokenizer-0-command-r
 2/27 Test  #2: test-tokenizer-0-command-r ........   Passed    2.96 sec
      Start  3: test-tokenizer-0-deepseek-coder
 3/27 Test  #3: test-tokenizer-0-deepseek-coder ...   Passed    0.40 sec
      Start  4: test-tokenizer-0-deepseek-llm
 4/27 Test  #4: test-tokenizer-0-deepseek-llm .....   Passed    1.11 sec
      Start  5: test-tokenizer-0-falcon
 5/27 Test  #5: test-tokenizer-0-falcon ...........   Passed    0.68 sec
      Start  6: test-tokenizer-0-gpt-2
 6/27 Test  #6: test-tokenizer-0-gpt-2 ............   Passed    0.52 sec
      Start  7: test-tokenizer-0-llama-bpe
 7/27 Test  #7: test-tokenizer-0-llama-bpe ........   Passed    2.01 sec
      Start  8: test-tokenizer-0-llama-spm
 8/27 Test  #8: test-tokenizer-0-llama-spm ........   Passed    0.18 sec
      Start  9: test-tokenizer-0-mpt
 9/27 Test  #9: test-tokenizer-0-mpt ..............   Passed    0.55 sec
      Start 10: test-tokenizer-0-phi-3
10/27 Test #10: test-tokenizer-0-phi-3 ............   Passed    0.17 sec
      Start 11: test-tokenizer-0-qwen2
11/27 Test #11: test-tokenizer-0-qwen2 ............   Passed    1.78 sec
      Start 12: test-tokenizer-0-refact
12/27 Test #12: test-tokenizer-0-refact ...........   Passed    0.61 sec
      Start 13: test-tokenizer-0-starcoder
13/27 Test #13: test-tokenizer-0-starcoder ........   Passed    0.56 sec
      Start 14: test-tokenizer-1-llama-spm
14/27 Test #14: test-tokenizer-1-llama-spm ........   Passed    2.05 sec
      Start 15: test-log
15/27 Test #15: test-log ..........................   Passed    0.03 sec
      Start 16: test-arg-parser
16/27 Test #16: test-arg-parser ...................   Passed    0.06 sec
      Start 17: test-quantize-fns
17/27 Test #17: test-quantize-fns .................   Passed   36.05 sec
      Start 18: test-quantize-perf
18/27 Test #18: test-quantize-perf ................   Passed   10.73 sec
      Start 19: test-sampling
19/27 Test #19: test-sampling .....................   Passed    0.08 sec
      Start 20: test-chat-template
20/27 Test #20: test-chat-template ................   Passed    0.05 sec
      Start 21: test-grammar-parser
21/27 Test #21: test-grammar-parser ...............   Passed    0.04 sec
      Start 22: test-llama-grammar
22/27 Test #22: test-llama-grammar ................   Passed    0.05 sec
      Start 23: test-grammar-integration
23/27 Test #23: test-grammar-integration ..........   Passed    0.08 sec
      Start 24: test-grad0
24/27 Test #24: test-grad0 ........................   Passed    0.91 sec
      Start 25: test-backend-ops
25/27 Test #25: test-backend-ops ..................   Passed  248.22 sec
      Start 26: test-rope
26/27 Test #26: test-rope .........................   Passed    0.12 sec
      Start 29: test-json-schema-to-grammar
27/27 Test #29: test-json-schema-to-grammar .......   Passed    2.95 sec

100% tests passed, 0 tests failed out of 27

Label Time Summary:
main    = 313.12 sec*proc (27 tests)

Total Test time (real) = 313.14 sec

real	5m13.172s
user	9m17.378s
sys	0m5.647s
