+ cmake -DCMAKE_BUILD_TYPE=Release -DGGML_CUDA=ON ..
-- The C compiler identification is GNU 11.4.0
-- The CXX compiler identification is GNU 11.4.0
-- Detecting C compiler ABI info
-- Detecting C compiler ABI info - done
-- Check for working C compiler: /usr/bin/cc - skipped
-- Detecting C compile features
-- Detecting C compile features - done
-- Detecting CXX compiler ABI info
-- Detecting CXX compiler ABI info - done
-- Check for working CXX compiler: /usr/bin/c++ - skipped
-- Detecting CXX compile features
-- Detecting CXX compile features - done
-- Performing Test CMAKE_HAVE_LIBC_PTHREAD
-- Performing Test CMAKE_HAVE_LIBC_PTHREAD - Success
-- Found Threads: TRUE  
-- Found OpenMP_C: -fopenmp (found version "4.5") 
-- Found OpenMP_CXX: -fopenmp (found version "4.5") 
-- Found OpenMP: TRUE (found version "4.5")  
-- OpenMP found
-- Found CUDAToolkit: /usr/local/cuda-12.2/include (found version "12.2.140") 
-- CUDA found
-- Using CUDA architectures: 52;61;70;75
-- The CUDA compiler identification is NVIDIA 12.2.140
-- Detecting CUDA compiler ABI info
-- Detecting CUDA compiler ABI info - done
-- Check for working CUDA compiler: /usr/local/cuda-12.2/bin/nvcc - skipped
-- Detecting CUDA compile features
-- Detecting CUDA compile features - done
-- CUDA host compiler is GNU 11.4.0

-- ccache found, compilation results will be cached. Disable with GGML_CCACHE=OFF.
-- CMAKE_SYSTEM_PROCESSOR: x86_64
-- x86 detected
-- x86 detected
-- Linux detected
-- Configuring done (4.7s)
-- Generating done (0.1s)
-- Build files have been written to: /home/ggml/work/ggml/build-ci-release

real	0m4.842s
user	0m3.747s
sys	0m1.092s
+ make -j
[  0%] Building CXX object examples/CMakeFiles/common.dir/common.cpp.o
[  0%] Building C object src/CMakeFiles/ggml.dir/ggml-cpu.c.o
[  1%] Building C object src/CMakeFiles/ggml.dir/ggml-alloc.c.o
[  2%] Building C object src/CMakeFiles/ggml.dir/ggml.c.o
[  2%] Building C object src/CMakeFiles/ggml.dir/ggml-quants.c.o
[  3%] Building CXX object src/CMakeFiles/ggml.dir/ggml-backend.cpp.o
[  4%] Building CUDA object src/CMakeFiles/ggml.dir/ggml-cuda/acc.cu.o
[  5%] Building CUDA object src/CMakeFiles/ggml.dir/ggml-cuda/arange.cu.o
[  5%] Building CUDA object src/CMakeFiles/ggml.dir/ggml-cuda/argmax.cu.o
[  6%] Linking CXX static library libcommon.a
[  7%] Building CUDA object src/CMakeFiles/ggml.dir/ggml-cuda/argsort.cu.o
[  7%] Building CUDA object src/CMakeFiles/ggml.dir/ggml-cuda/clamp.cu.o
[  8%] Building CUDA object src/CMakeFiles/ggml.dir/ggml-cuda/concat.cu.o
[  9%] Building CUDA object src/CMakeFiles/ggml.dir/ggml-cuda/binbcast.cu.o
[ 10%] Building CUDA object src/CMakeFiles/ggml.dir/ggml-cuda/conv-transpose-1d.cu.o
[ 10%] Building CUDA object src/CMakeFiles/ggml.dir/ggml-cuda/convert.cu.o
[ 11%] Building CUDA object src/CMakeFiles/ggml.dir/ggml-cuda/count-equal.cu.o
[ 12%] Building CUDA object src/CMakeFiles/ggml.dir/ggml-cuda/diagmask.cu.o
[ 12%] Building CUDA object src/CMakeFiles/ggml.dir/ggml-cuda/cross-entropy-loss.cu.o
[ 12%] Built target common
[ 13%] Building CUDA object src/CMakeFiles/ggml.dir/ggml-cuda/dmmv.cu.o
[ 13%] Building CUDA object src/CMakeFiles/ggml.dir/ggml-cuda/fattn-tile-f16.cu.o
[ 14%] Building CUDA object src/CMakeFiles/ggml.dir/ggml-cuda/cpy.cu.o
[ 15%] Building CUDA object src/CMakeFiles/ggml.dir/ggml-cuda/fattn-tile-f32.cu.o
[ 16%] Building CUDA object src/CMakeFiles/ggml.dir/ggml-cuda/fattn.cu.o
[ 17%] Building CUDA object src/CMakeFiles/ggml.dir/ggml-cuda/im2col.cu.o
[ 18%] Building CUDA object src/CMakeFiles/ggml.dir/ggml-cuda/mmq.cu.o
[ 18%] Building CUDA object src/CMakeFiles/ggml.dir/ggml-cuda/mmvq.cu.o
[ 18%] Building CUDA object src/CMakeFiles/ggml.dir/ggml-cuda/getrows.cu.o
[ 19%] Building CUDA object src/CMakeFiles/ggml.dir/ggml-cuda/norm.cu.o
[ 20%] Building CUDA object src/CMakeFiles/ggml.dir/ggml-cuda/opt-step-adamw.cu.o
[ 20%] Building CUDA object src/CMakeFiles/ggml.dir/ggml-cuda/out-prod.cu.o
[ 21%] Building CUDA object src/CMakeFiles/ggml.dir/ggml-cuda/pad.cu.o
[ 22%] Building CUDA object src/CMakeFiles/ggml.dir/ggml-cuda/pool2d.cu.o
[ 22%] Building CUDA object src/CMakeFiles/ggml.dir/ggml-cuda/quantize.cu.o
[ 23%] Building CUDA object src/CMakeFiles/ggml.dir/ggml-cuda/rope.cu.o
[ 24%] Building CUDA object src/CMakeFiles/ggml.dir/ggml-cuda/rwkv-wkv.cu.o
[ 25%] Building CUDA object src/CMakeFiles/ggml.dir/ggml-cuda/softmax.cu.o
[ 25%] Building CUDA object src/CMakeFiles/ggml.dir/ggml-cuda/sum.cu.o
[ 25%] Building CUDA object src/CMakeFiles/ggml.dir/ggml-cuda/scale.cu.o
[ 26%] Building CUDA object src/CMakeFiles/ggml.dir/ggml-cuda/tsembd.cu.o
[ 27%] Building CUDA object src/CMakeFiles/ggml.dir/ggml-cuda/sumrows.cu.o
[ 27%] Building CUDA object src/CMakeFiles/ggml.dir/ggml-cuda/unary.cu.o
[ 28%] Building CUDA object src/CMakeFiles/ggml.dir/ggml-cuda/upscale.cu.o
[ 29%] Building CUDA object src/CMakeFiles/ggml.dir/ggml-cuda.cu.o
[ 29%] Building CUDA object src/CMakeFiles/ggml.dir/ggml-cuda/template-instances/fattn-wmma-f16-instance-kqfloat-cpb16.cu.o
[ 30%] Building CUDA object src/CMakeFiles/ggml.dir/ggml-cuda/template-instances/fattn-wmma-f16-instance-kqfloat-cpb32.cu.o
[ 31%] Building CUDA object src/CMakeFiles/ggml.dir/ggml-cuda/template-instances/fattn-wmma-f16-instance-kqhalf-cpb16.cu.o
[ 31%] Building CUDA object src/CMakeFiles/ggml.dir/ggml-cuda/template-instances/fattn-wmma-f16-instance-kqhalf-cpb32.cu.o
[ 32%] Building CUDA object src/CMakeFiles/ggml.dir/ggml-cuda/template-instances/mmq-instance-iq1_s.cu.o
[ 32%] Building CUDA object src/CMakeFiles/ggml.dir/ggml-cuda/template-instances/mmq-instance-iq2_s.cu.o
[ 33%] Building CUDA object src/CMakeFiles/ggml.dir/ggml-cuda/template-instances/fattn-wmma-f16-instance-kqhalf-cpb8.cu.o
[ 34%] Building CUDA object src/CMakeFiles/ggml.dir/ggml-cuda/template-instances/mmq-instance-iq2_xxs.cu.o
[ 34%] Building CUDA object src/CMakeFiles/ggml.dir/ggml-cuda/template-instances/mmq-instance-iq3_s.cu.o
[ 35%] Building CUDA object src/CMakeFiles/ggml.dir/ggml-cuda/template-instances/mmq-instance-iq2_xs.cu.o
[ 36%] Building CUDA object src/CMakeFiles/ggml.dir/ggml-cuda/template-instances/mmq-instance-iq3_xxs.cu.o
[ 36%] Building CUDA object src/CMakeFiles/ggml.dir/ggml-cuda/template-instances/mmq-instance-iq4_xs.cu.o
[ 37%] Building CUDA object src/CMakeFiles/ggml.dir/ggml-cuda/template-instances/mmq-instance-iq4_nl.cu.o
[ 38%] Building CUDA object src/CMakeFiles/ggml.dir/ggml-cuda/template-instances/mmq-instance-q2_k.cu.o
[ 39%] Building CUDA object src/CMakeFiles/ggml.dir/ggml-cuda/template-instances/mmq-instance-q3_k.cu.o
[ 39%] Building CUDA object src/CMakeFiles/ggml.dir/ggml-cuda/template-instances/mmq-instance-q4_0.cu.o
[ 40%] Building CUDA object src/CMakeFiles/ggml.dir/ggml-cuda/template-instances/mmq-instance-q4_1.cu.o
[ 41%] Building CUDA object src/CMakeFiles/ggml.dir/ggml-cuda/template-instances/mmq-instance-q4_k.cu.o
[ 41%] Building CUDA object src/CMakeFiles/ggml.dir/ggml-cuda/template-instances/mmq-instance-q5_0.cu.o
[ 42%] Building CUDA object src/CMakeFiles/ggml.dir/ggml-cuda/template-instances/mmq-instance-q5_1.cu.o
[ 43%] Building CUDA object src/CMakeFiles/ggml.dir/ggml-cuda/template-instances/mmq-instance-q5_k.cu.o
[ 43%] Building CUDA object src/CMakeFiles/ggml.dir/ggml-cuda/template-instances/mmq-instance-q6_k.cu.o
[ 44%] Building CUDA object src/CMakeFiles/ggml.dir/ggml-cuda/template-instances/fattn-vec-f16-instance-hs128-q4_0-q4_0.cu.o
[ 44%] Building CUDA object src/CMakeFiles/ggml.dir/ggml-cuda/template-instances/fattn-vec-f32-instance-hs128-q4_0-q4_0.cu.o
[ 45%] Building CUDA object src/CMakeFiles/ggml.dir/ggml-cuda/template-instances/mmq-instance-q8_0.cu.o
[ 46%] Building CUDA object src/CMakeFiles/ggml.dir/ggml-cuda/template-instances/fattn-vec-f32-instance-hs128-q8_0-q8_0.cu.o
[ 47%] Building CUDA object src/CMakeFiles/ggml.dir/ggml-cuda/template-instances/fattn-vec-f16-instance-hs128-q8_0-q8_0.cu.o
[ 47%] Building CUDA object src/CMakeFiles/ggml.dir/ggml-cuda/template-instances/fattn-vec-f16-instance-hs128-f16-f16.cu.o
[ 48%] Building CUDA object src/CMakeFiles/ggml.dir/ggml-cuda/template-instances/fattn-vec-f16-instance-hs64-f16-f16.cu.o
[ 49%] Building CUDA object src/CMakeFiles/ggml.dir/ggml-cuda/template-instances/fattn-vec-f16-instance-hs256-f16-f16.cu.o
[ 49%] Building CUDA object src/CMakeFiles/ggml.dir/ggml-cuda/template-instances/fattn-vec-f32-instance-hs128-f16-f16.cu.o
[ 50%] Building CUDA object src/CMakeFiles/ggml.dir/ggml-cuda/template-instances/fattn-vec-f32-instance-hs256-f16-f16.cu.o
[ 50%] Building CUDA object src/CMakeFiles/ggml.dir/ggml-cuda/template-instances/fattn-vec-f32-instance-hs64-f16-f16.cu.o
[ 51%] Building C object src/CMakeFiles/ggml.dir/ggml-aarch64.c.o
[ 52%] Linking CXX shared library libggml.so
[ 52%] Built target ggml
[ 53%] Building C object tests/CMakeFiles/test-vec0.dir/test-vec0.c.o
[ 53%] Building C object tests/CMakeFiles/test-vec1.dir/test-vec1.c.o
[ 54%] Building CXX object tests/CMakeFiles/test-grad0.dir/test-grad0.cpp.o
[ 55%] Building CXX object tests/CMakeFiles/test-quantize-perf.dir/test-quantize-perf.cpp.o
[ 56%] Building CXX object tests/CMakeFiles/test-quantize-fns.dir/test-quantize-fns.cpp.o
[ 57%] Building C object tests/CMakeFiles/test-mul-mat2.dir/test-mul-mat2.c.o
[ 58%] Building C object tests/CMakeFiles/test-mul-mat0.dir/test-mul-mat0.c.o
[ 59%] Linking C executable ../bin/test-vec0
[ 60%] Building C object tests/CMakeFiles/test1.dir/test1.c.o
[ 62%] Linking CXX executable ../bin/test-grad0
[ 62%] Linking C executable ../bin/test-vec1
[ 62%] Linking CXX executable ../bin/test-quantize-fns
[ 63%] Building C object tests/CMakeFiles/test0.dir/test0.c.o
[ 63%] Linking C executable ../bin/test-mul-mat0
[ 63%] Building CXX object tests/CMakeFiles/test-arange.dir/test-arange.cpp.o
[ 64%] Linking C executable ../bin/test-mul-mat2
[ 65%] Linking CXX executable ../bin/test-quantize-perf
[ 65%] Linking C executable ../bin/test0
[ 65%] Building C object tests/CMakeFiles/test-conv-transpose.dir/test-conv-transpose.c.o
[ 65%] Building C object tests/CMakeFiles/test-pool.dir/test-pool.c.o
[ 66%] Linking C executable ../bin/test1
[ 67%] Building C object tests/CMakeFiles/test-dup.dir/test-dup.c.o
[ 68%] Building CXX object tests/CMakeFiles/test-timestep_embedding.dir/test-timestep_embedding.cpp.o
[ 69%] Building CXX object tests/CMakeFiles/test-conv-transpose-1d.dir/test-conv-transpose-1d.cpp.o
[ 70%] Linking C executable ../bin/test-conv-transpose
[ 71%] Linking CXX executable ../bin/test-arange
[ 71%] Linking C executable ../bin/test-dup
[ 71%] Building C object tests/CMakeFiles/test-customop.dir/test-customop.c.o
[ 72%] Linking C executable ../bin/test-pool
[ 72%] Built target test-vec1
[ 72%] Linking CXX executable ../bin/test-conv-transpose-1d
[ 73%] Building CXX object tests/CMakeFiles/test-conv2d.dir/test-conv2d.cpp.o
[ 73%] Built target test-vec0
[ 73%] Linking CXX executable ../bin/test-timestep_embedding
[ 74%] Building CXX object tests/CMakeFiles/test-conv1d.dir/test-conv1d.cpp.o
[ 75%] Linking CXX executable ../bin/test-conv2d
[ 76%] Building C object tests/CMakeFiles/test-rel-pos.dir/test-rel-pos.c.o
[ 76%] Linking C executable ../bin/test-customop
[ 76%] Building CXX object tests/CMakeFiles/test-mul-mat.dir/test-mul-mat.cpp.o
[ 76%] Linking CXX executable ../bin/test-conv1d
[ 77%] Linking C executable ../bin/test-rel-pos
[ 77%] Built target test-mul-mat0
[ 78%] Building CXX object tests/CMakeFiles/test-backend-ops.dir/test-backend-ops.cpp.o
[ 79%] Linking CXX executable ../bin/test-mul-mat
[ 80%] Building C object tests/CMakeFiles/test-cont.dir/test-cont.c.o
[ 80%] Built target test-grad0
[ 80%] Building CXX object examples/CMakeFiles/common-ggml.dir/common-ggml.cpp.o
[ 80%] Linking CXX executable ../bin/test-backend-ops
[ 81%] Linking CXX static library libcommon-ggml.a
[ 81%] Built target test0
[ 82%] Linking C executable ../bin/test-cont
[ 82%] Built target test-conv-transpose-1d
[ 82%] Built target test-dup
[ 82%] Built target test-conv2d
[ 82%] Built target test-quantize-fns
[ 82%] Built target test-rel-pos
[ 82%] Building CXX object examples/sam/CMakeFiles/sam.dir/main.cpp.o
[ 83%] Linking CXX executable ../../bin/sam
[ 83%] Built target test-pool
[ 83%] Building CXX object examples/yolo/CMakeFiles/yolov3-tiny.dir/yolov3-tiny.cpp.o
[ 83%] Built target test-customop
[ 83%] Built target common-ggml
[ 84%] Building CXX object examples/yolo/CMakeFiles/yolov3-tiny.dir/yolo-image.cpp.o
[ 85%] Building CXX object examples/simple/CMakeFiles/simple-backend.dir/simple-backend.cpp.o
[ 86%] Building CXX object examples/simple/CMakeFiles/simple-ctx.dir/simple-ctx.cpp.o
[ 86%] Built target test-arange
[ 86%] Built target test-mul-mat2
[ 87%] Linking CXX executable ../../bin/yolov3-tiny
[ 87%] Linking CXX executable ../../bin/simple-backend
[ 87%] Built target test-timestep_embedding
[ 88%] Linking CXX executable ../../bin/simple-ctx
[ 88%] Built target test1
[ 88%] Built target test-conv-transpose
[ 88%] Built target test-mul-mat
[ 88%] Built target test-conv1d
[ 88%] Built target test-quantize-perf
[ 88%] Built target test-cont
[ 88%] Building CXX object examples/gpt-2/CMakeFiles/gpt-2-alloc.dir/main-alloc.cpp.o
[ 88%] Building CXX object examples/gpt-2/CMakeFiles/gpt-2-ctx.dir/main-ctx.cpp.o
[ 89%] Linking CXX executable ../../bin/gpt-2-alloc
[ 90%] Building CXX object examples/gpt-2/CMakeFiles/gpt-2-backend.dir/main-backend.cpp.o
[ 90%] Built target test-backend-ops
[ 90%] Linking CXX executable ../../bin/gpt-2-backend
[ 91%] Linking CXX executable ../../bin/gpt-2-ctx
[ 92%] Building CXX object examples/gpt-2/CMakeFiles/gpt-2-quantize.dir/quantize.cpp.o
[ 92%] Built target sam
[ 93%] Building CXX object examples/gpt-2/CMakeFiles/gpt-2-sched.dir/main-sched.cpp.o
[ 94%] Building CXX object examples/gpt-2/CMakeFiles/gpt-2-batched.dir/main-batched.cpp.o
[ 95%] Building CXX object examples/gpt-j/CMakeFiles/gpt-j-quantize.dir/quantize.cpp.o
[ 95%] Building CXX object examples/gpt-j/CMakeFiles/gpt-j.dir/main.cpp.o
[ 95%] Built target simple-ctx
[ 96%] Building CXX object examples/magika/CMakeFiles/magika.dir/main.cpp.o
[ 97%] Linking CXX executable ../../bin/gpt-2-batched
[ 97%] Built target yolov3-tiny
[ 97%] Built target simple-backend
[ 97%] Linking CXX executable ../../bin/gpt-j-quantize
[ 97%] Linking CXX executable ../../bin/gpt-2-quantize
[ 98%] Linking CXX executable ../../bin/gpt-j
[ 99%] Linking CXX executable ../../bin/magika
[100%] Linking CXX executable ../../bin/gpt-2-sched
[100%] Built target gpt-2-alloc
[100%] Built target gpt-2-ctx
[100%] Built target gpt-2-backend
[100%] Built target gpt-2-quantize
[100%] Built target gpt-j
[100%] Built target gpt-2-batched
[100%] Built target gpt-j-quantize
[100%] Built target magika
[100%] Built target gpt-2-sched

real	0m2.482s
user	0m5.302s
sys	0m2.194s
+ ctest --output-on-failure
Test project /home/ggml/work/ggml/build-ci-release
      Start  1: test-grad0
 1/20 Test  #1: test-grad0 .......................   Passed    0.61 sec
      Start  2: test-quantize-fns
 2/20 Test  #2: test-quantize-fns ................   Passed   20.71 sec
      Start  3: test-quantize-perf
 3/20 Test  #3: test-quantize-perf ...............   Passed    5.81 sec
      Start  4: test-mul-mat0
 4/20 Test  #4: test-mul-mat0 ....................   Passed    5.24 sec
      Start  5: test-mul-mat2
 5/20 Test  #5: test-mul-mat2 ....................   Passed    2.80 sec
      Start  6: test0
 6/20 Test  #6: test0 ............................   Passed    0.04 sec
      Start  7: test1
 7/20 Test  #7: test1 ............................   Passed    0.05 sec
      Start  8: test-pool
 8/20 Test  #8: test-pool ........................   Passed    0.04 sec
      Start  9: test-arange
 9/20 Test  #9: test-arange ......................   Passed    0.57 sec
      Start 10: test-timestep_embedding
10/20 Test #10: test-timestep_embedding ..........   Passed    0.54 sec
      Start 11: test-conv-transpose
11/20 Test #11: test-conv-transpose ..............   Passed    0.04 sec
      Start 12: test-conv-transpose-1d
12/20 Test #12: test-conv-transpose-1d ...........   Passed    0.53 sec
      Start 13: test-dup
13/20 Test #13: test-dup .........................   Passed    0.04 sec
      Start 14: test-rel-pos
14/20 Test #14: test-rel-pos .....................   Passed    0.04 sec
      Start 15: test-customop
15/20 Test #15: test-customop ....................   Passed    0.04 sec
      Start 16: test-conv1d
16/20 Test #16: test-conv1d ......................   Passed    0.60 sec
      Start 17: test-conv2d
17/20 Test #17: test-conv2d ......................   Passed    0.58 sec
      Start 18: test-mul-mat
18/20 Test #18: test-mul-mat .....................   Passed    0.56 sec
      Start 19: test-backend-ops
19/20 Test #19: test-backend-ops .................   Passed   42.75 sec
      Start 20: test-cont
20/20 Test #20: test-cont ........................   Passed    0.56 sec

100% tests passed, 0 tests failed out of 20

Total Test time (real) =  82.16 sec

real	1m22.190s
user	1m58.279s
sys	0m25.651s
