-- The C compiler identification is GNU 11.3.0
-- The CXX compiler identification is GNU 11.3.0
-- Detecting C compiler ABI info
-- Detecting C compiler ABI info - done
-- Check for working C compiler: /usr/bin/cc - skipped
-- Detecting C compile features
-- Detecting C compile features - done
-- Detecting CXX compiler ABI info
-- Detecting CXX compiler ABI info - done
-- Check for working CXX compiler: /usr/bin/c++ - skipped
-- Detecting CXX compile features
-- Detecting CXX compile features - done
-- Found Git: /usr/bin/git (found version "2.34.1") 
-- Looking for pthread.h
-- Looking for pthread.h - found
-- Performing Test CMAKE_HAVE_LIBC_PTHREAD
-- Performing Test CMAKE_HAVE_LIBC_PTHREAD - Success
-- Found Threads: TRUE  
-- CMAKE_SYSTEM_PROCESSOR: aarch64
-- ARM detected
-- ARM detected
-- Configuring done
-- Generating done
-- Build files have been written to: /home/ggml/work/ggml/build-ci

real	0m0.670s
user	0m0.322s
sys	0m0.351s
[  1%] Building C object src/CMakeFiles/ggml.dir/ggml.c.o
[  2%] Building CXX object examples/CMakeFiles/common.dir/common.cpp.o
[  4%] Linking C static library libggml.a
[  5%] Linking CXX static library libcommon.a
[  5%] Built target ggml
[  5%] Built target common
[  7%] Building C object tests/CMakeFiles/test-vec0.dir/test-vec0.c.o
[ 10%] Building C object tests/CMakeFiles/test-opt.dir/test-opt.c.o
[ 10%] Building C object tests/CMakeFiles/test-grad0.dir/test-grad0.c.o
[ 11%] Building CXX object tests/CMakeFiles/test-quantize-fns.dir/test-quantize-fns.cpp.o
[ 12%] Linking C executable ../bin/test-vec0
[ 14%] Linking C executable ../bin/test-opt
[ 14%] Built target test-vec0
[ 15%] Building CXX object tests/CMakeFiles/test-quantize-perf.dir/test-quantize-perf.cpp.o
[ 15%] Built target test-opt
[ 17%] Building C object tests/CMakeFiles/test-mul-mat0.dir/test-mul-mat0.c.o
[ 18%] Linking CXX executable ../bin/test-quantize-fns
[ 20%] Linking C executable ../bin/test-mul-mat0
[ 20%] Built target test-mul-mat0
[ 20%] Built target test-quantize-fns
[ 21%] Building C object tests/CMakeFiles/test-mul-mat2.dir/test-mul-mat2.c.o
[ 22%] Building C object tests/CMakeFiles/test0.dir/test0.c.o
[ 24%] Linking C executable ../bin/test0
[ 24%] Built target test0
[ 25%] Building C object tests/CMakeFiles/test1.dir/test1.c.o
[ 27%] Linking C executable ../bin/test-grad0
[ 27%] Built target test-grad0
[ 28%] Linking C executable ../bin/test1
[ 30%] Building C object tests/CMakeFiles/test2.dir/test2.c.o
[ 31%] Linking CXX executable ../bin/test-quantize-perf
[ 31%] Built target test1
[ 32%] Building C object tests/CMakeFiles/test3.dir/test3.c.o
[ 32%] Built target test-quantize-perf
[ 34%] Linking C executable ../bin/test2
[ 35%] Building C object tests/CMakeFiles/test-pool.dir/test-pool.c.o
[ 37%] Linking C executable ../bin/test3
[ 37%] Built target test2
[ 38%] Building CXX object examples/CMakeFiles/common-ggml.dir/common-ggml.cpp.o
[ 38%] Built target test3
[ 40%] Building CXX object examples/whisper/CMakeFiles/whisper-cpp.dir/whisper.cpp.o
[ 41%] Linking C executable ../bin/test-pool
[ 41%] Built target test-pool
[ 42%] Building CXX object examples/mnist/CMakeFiles/mnist.dir/main.cpp.o
[ 44%] Linking C executable ../bin/test-mul-mat2
[ 44%] Built target test-mul-mat2
[ 45%] Building CXX object examples/mnist/CMakeFiles/mnist-cpu.dir/main-cpu.cpp.o
[ 47%] Linking CXX executable ../../bin/mnist-cpu
[ 48%] Linking CXX executable ../../bin/mnist
[ 48%] Built target mnist-cpu
[ 48%] Built target mnist
[ 50%] Linking CXX static library libcommon-ggml.a
[ 50%] Built target common-ggml
[ 52%] Building CXX object examples/gpt-2/CMakeFiles/gpt-2.dir/main.cpp.o
[ 52%] Building CXX object examples/gpt-2/CMakeFiles/gpt-2-quantize.dir/quantize.cpp.o
[ 54%] Building CXX object examples/gpt-j/CMakeFiles/gpt-j.dir/main.cpp.o
[ 55%] Linking CXX executable ../../bin/gpt-2-quantize
[ 55%] Built target gpt-2-quantize
[ 57%] Building CXX object examples/gpt-j/CMakeFiles/gpt-j-quantize.dir/quantize.cpp.o
[ 58%] Linking CXX executable ../../bin/gpt-j
[ 60%] Linking CXX executable ../../bin/gpt-2
[ 60%] Built target gpt-j
[ 61%] Building CXX object examples/whisper/CMakeFiles/whisper-quantize.dir/quantize.cpp.o
[ 61%] Built target gpt-2
[ 62%] Building CXX object examples/gpt-neox/CMakeFiles/gpt-neox.dir/main.cpp.o
[ 64%] Linking CXX executable ../../bin/gpt-j-quantize
[ 64%] Built target gpt-j-quantize
[ 65%] Building CXX object examples/gpt-neox/CMakeFiles/gpt-neox-quantize.dir/quantize.cpp.o
[ 67%] Linking CXX executable ../../bin/whisper-quantize
[ 67%] Built target whisper-quantize
[ 68%] Building CXX object examples/dolly-v2/CMakeFiles/dollyv2.dir/main.cpp.o
[ 70%] Linking CXX executable ../../bin/gpt-neox-quantize
[ 70%] Built target gpt-neox-quantize
[ 71%] Building CXX object examples/dolly-v2/CMakeFiles/dollyv2-quantize.dir/quantize.cpp.o
[ 72%] Linking CXX executable ../../bin/gpt-neox
[ 72%] Built target gpt-neox
[ 74%] Building CXX object examples/replit/CMakeFiles/replit.dir/main.cpp.o
[ 75%] Linking CXX executable ../../bin/dollyv2-quantize
[ 75%] Built target dollyv2-quantize
[ 77%] Building CXX object examples/replit/CMakeFiles/replit-quantize.dir/quantize.cpp.o
[ 78%] Linking CXX executable ../../bin/dollyv2
[ 78%] Built target dollyv2
[ 80%] Building CXX object examples/mpt/CMakeFiles/mpt.dir/main.cpp.o
[ 81%] Linking CXX executable ../../bin/replit-quantize
[ 81%] Built target replit-quantize
[ 82%] Building CXX object examples/mpt/CMakeFiles/mpt-quantize.dir/quantize.cpp.o
[ 84%] Linking CXX executable ../../bin/replit
[ 84%] Built target replit
[ 85%] Building CXX object examples/starcoder/CMakeFiles/starcoder.dir/main.cpp.o
[ 87%] Linking CXX executable ../../bin/mpt-quantize
[ 87%] Built target mpt-quantize
[ 88%] Building CXX object examples/starcoder/CMakeFiles/starcoder-mmap.dir/starcoder-mmap.cpp.o
/home/ggml/work/ggml/examples/starcoder/starcoder-mmap.cpp: In function ‘bool starcoder_model_load(const string&, starcoder_model&, gpt_vocab&, int32_t)’:
/home/ggml/work/ggml/examples/starcoder/starcoder-mmap.cpp:305:19: warning: unused variable ‘n_ctx’ [-Wunused-variable]
  305 |         const int n_ctx   = hparams.n_ctx;
      |                   ^~~~~
/home/ggml/work/ggml/examples/starcoder/starcoder-mmap.cpp:306:19: warning: unused variable ‘n_vocab’ [-Wunused-variable]
  306 |         const int n_vocab = hparams.n_vocab;
      |                   ^~~~~~~
/home/ggml/work/ggml/examples/starcoder/starcoder-mmap.cpp:310:19: warning: unused variable ‘kv_dim’ [-Wunused-variable]
  310 |         const int kv_dim   = kv_heads * head_dim;
      |                   ^~~~~~
/home/ggml/work/ggml/examples/starcoder/starcoder-mmap.cpp:197:18: warning: unused variable ‘file_size’ [-Wunused-variable]
  197 |     const size_t file_size = fin.tellg();
      |                  ^~~~~~~~~
[ 90%] Linking CXX static library libwhisper-cpp.a
[ 90%] Built target whisper-cpp
[ 91%] Building CXX object examples/starcoder/CMakeFiles/starcoder-quantize.dir/quantize.cpp.o
[ 92%] Linking CXX executable ../../bin/mpt
[ 92%] Built target mpt
[ 94%] Building CXX object examples/whisper/CMakeFiles/whisper.dir/main.cpp.o
[ 95%] Linking CXX executable ../../bin/starcoder
[ 95%] Built target starcoder
[ 97%] Linking CXX executable ../../bin/starcoder-quantize
[ 97%] Built target starcoder-quantize
[ 98%] Linking CXX executable ../../bin/starcoder-mmap
[ 98%] Built target starcoder-mmap
[100%] Linking CXX executable ../../bin/whisper
[100%] Built target whisper

real	0m21.449s
user	0m56.009s
sys	0m4.789s
Test project /home/ggml/work/ggml/build-ci
      Start  1: test-grad0
 1/10 Test  #1: test-grad0 .......................   Passed    5.64 sec
      Start  2: test-quantize-fns
 2/10 Test  #2: test-quantize-fns ................   Passed    0.01 sec
      Start  3: test-quantize-perf
 3/10 Test  #3: test-quantize-perf ...............   Passed    0.01 sec
      Start  4: test-mul-mat0
 4/10 Test  #4: test-mul-mat0 ....................   Passed    0.54 sec
      Start  5: test-mul-mat2
 5/10 Test  #5: test-mul-mat2 ....................   Passed    1.77 sec
      Start  6: test0
 6/10 Test  #6: test0 ............................   Passed    0.00 sec
      Start  7: test1
 7/10 Test  #7: test1 ............................   Passed    0.01 sec
      Start  8: test2
 8/10 Test  #8: test2 ............................   Passed   16.73 sec
      Start  9: test3
 9/10 Test  #9: test3 ............................   Passed    0.95 sec
      Start 10: test-pool
10/10 Test #10: test-pool ........................   Passed    0.01 sec

100% tests passed, 0 tests failed out of 10

Total Test time (real) =  25.67 sec

real	0m25.680s
user	1m22.755s
sys	0m4.460s
