+ cmake -DCMAKE_BUILD_TYPE=Release ..
-- The C compiler identification is GNU 11.4.0
-- The CXX compiler identification is GNU 11.4.0
-- Detecting C compiler ABI info
-- Detecting C compiler ABI info - done
-- Check for working C compiler: /usr/bin/cc - skipped
-- Detecting C compile features
-- Detecting C compile features - done
-- Detecting CXX compiler ABI info
-- Detecting CXX compiler ABI info - done
-- Check for working CXX compiler: /usr/bin/c++ - skipped
-- Detecting CXX compile features
-- Detecting CXX compile features - done
-- Performing Test CMAKE_HAVE_LIBC_PTHREAD
-- Performing Test CMAKE_HAVE_LIBC_PTHREAD - Success
-- Found Threads: TRUE
-- Found OpenMP_C: -fopenmp (found version "4.5")
-- Found OpenMP_CXX: -fopenmp (found version "4.5")
-- Found OpenMP: TRUE (found version "4.5")
-- OpenMP found
-- ccache found, compilation results will be cached. Disable with GGML_CCACHE=OFF.
-- CMAKE_SYSTEM_PROCESSOR: x86_64
-- x86 detected
-- x86 detected
-- Linux detected
-- Configuring done (0.5s)
-- Generating done (0.0s)
-- Build files have been written to: /home/ggml/work/ggml/build-ci-release

real	0m0.625s
user	0m0.469s
sys	0m0.160s
+ make -j
[  1%] Building C object src/CMakeFiles/ggml.dir/ggml.c.o
[  2%] Building CXX object examples/CMakeFiles/common.dir/common.cpp.o
[  3%] Building C object src/CMakeFiles/ggml.dir/ggml-backend.c.o
[  4%] Building C object src/CMakeFiles/ggml.dir/ggml-alloc.c.o
[  5%] Building C object src/CMakeFiles/ggml.dir/ggml-quants.c.o
[  6%] Linking CXX static library libcommon.a
[  7%] Linking C shared library libggml.so
[  7%] Built target common
[  7%] Built target ggml
[  8%] Building C object tests/CMakeFiles/test-vec0.dir/test-vec0.c.o
[ 10%] Building C object tests/CMakeFiles/test-vec1.dir/test-vec1.c.o
[ 11%] Building CXX object tests/CMakeFiles/test-grad0.dir/test-grad0.cpp.o
[ 12%] Building CXX object tests/CMakeFiles/test-opt.dir/test-opt.cpp.o
[ 13%] Building CXX object tests/CMakeFiles/test-quantize-fns.dir/test-quantize-fns.cpp.o
[ 14%] Building C object tests/CMakeFiles/test-mul-mat0.dir/test-mul-mat0.c.o
[ 15%] Building C object tests/CMakeFiles/test-mul-mat2.dir/test-mul-mat2.c.o
[ 16%] Building CXX object tests/CMakeFiles/test-quantize-perf.dir/test-quantize-perf.cpp.o
[ 17%] Building C object tests/CMakeFiles/test1.dir/test1.c.o
[ 18%] Building C object tests/CMakeFiles/test0.dir/test0.c.o
[ 20%] Linking C executable ../bin/test-vec0
[ 21%] Linking CXX executable ../bin/test-opt
[ 22%] Building C object tests/CMakeFiles/test2.dir/test2.c.o
[ 23%] Linking CXX executable ../bin/test-grad0
[ 24%] Linking C executable ../bin/test-mul-mat0
[ 25%] Linking CXX executable ../bin/test-quantize-fns
[ 26%] Linking C executable ../bin/test-vec1
[ 27%] Linking C executable ../bin/test-mul-mat2
[ 28%] Linking CXX executable ../bin/test-quantize-perf
[ 30%] Building CXX object tests/CMakeFiles/test-timestep_embedding.dir/test-timestep_embedding.cpp.o
[ 31%] Linking C executable ../bin/test0
[ 32%] Linking C executable ../bin/test1
[ 33%] Building CXX object tests/CMakeFiles/test-arange.dir/test-arange.cpp.o
[ 34%] Building C object tests/CMakeFiles/test3.dir/test3.c.o
[ 35%] Building C object tests/CMakeFiles/test-pool.dir/test-pool.c.o
[ 36%] Linking C executable ../bin/test2
[ 37%] Building C object tests/CMakeFiles/test-dup.dir/test-dup.c.o
[ 38%] Building C object tests/CMakeFiles/test-conv-transpose.dir/test-conv-transpose.c.o
[ 40%] Building C object tests/CMakeFiles/test-rel-pos.dir/test-rel-pos.c.o
[ 41%] Linking C executable ../bin/test3
[ 42%] Building C object tests/CMakeFiles/test-customop.dir/test-customop.c.o
[ 43%] Linking C executable ../bin/test-conv-transpose
[ 44%] Linking C executable ../bin/test-rel-pos
[ 45%] Linking CXX executable ../bin/test-timestep_embedding
[ 46%] Linking CXX executable ../bin/test-arange
[ 47%] Linking C executable ../bin/test-dup
[ 48%] Building CXX object tests/CMakeFiles/test-conv1d.dir/test-conv1d.cpp.o
[ 48%] Built target test-vec0
[ 50%] Linking C executable ../bin/test-customop
[ 50%] Built target test0
[ 50%] Built target test-vec1
[ 51%] Building CXX object tests/CMakeFiles/test-conv2d.dir/test-conv2d.cpp.o
[ 52%] Building CXX object tests/CMakeFiles/test-mul-mat.dir/test-mul-mat.cpp.o
[ 52%] Built target test2
[ 53%] Linking C executable ../bin/test-pool
[ 53%] Built target test-conv-transpose
[ 53%] Built target test1
[ 54%] Linking CXX executable ../bin/test-conv2d
[ 55%] Building CXX object tests/CMakeFiles/test-backend-buffer.dir/test-backend-buffer.cpp.o
[ 55%] Built target test-mul-mat0
[ 56%] Linking CXX executable ../bin/test-backend-buffer
[ 56%] Built target test-opt
[ 57%] Linking CXX executable ../bin/test-conv1d
[ 58%] Building CXX object tests/CMakeFiles/test-backend-ops.dir/test-backend-ops.cpp.o
[ 60%] Built target test-mul-mat2
[ 60%] Linking CXX executable ../bin/test-mul-mat
[ 60%] Built target test-rel-pos
[ 60%] Built target test3
[ 60%] Built target test-customop
[ 61%] Building CXX object examples/CMakeFiles/common-ggml.dir/common-ggml.cpp.o
[ 62%] Building CXX object examples/mnist/CMakeFiles/mnist.dir/main.cpp.o
[ 62%] Built target test-grad0
[ 62%] Built target test-quantize-perf
[ 62%] Built target test-dup
[ 63%] Linking CXX static library libcommon-ggml.a
[ 64%] Linking CXX executable ../bin/test-backend-ops
[ 64%] Built target test-arange
[ 65%] Building CXX object examples/mnist/CMakeFiles/mnist-cpu.dir/main-cpu.cpp.o
[ 65%] Built target test-pool
[ 66%] Linking CXX executable ../../bin/mnist
[ 66%] Built target test-quantize-fns
[ 66%] Built target test-backend-buffer
[ 67%] Building CXX object examples/mnist/CMakeFiles/mnist-cnn.dir/main-cnn.cpp.o
[ 67%] Built target test-conv2d
[ 68%] Linking CXX executable ../../bin/mnist-cpu
[ 70%] Building CXX object examples/sam/CMakeFiles/sam.dir/main.cpp.o
[ 71%] Linking CXX executable ../../bin/mnist-cnn
[ 72%] Linking CXX executable ../../bin/sam
[ 73%] Building CXX object examples/yolo/CMakeFiles/yolov3-tiny.dir/yolov3-tiny.cpp.o
[ 74%] Building CXX object examples/yolo/CMakeFiles/yolov3-tiny.dir/yolo-image.cpp.o
[ 74%] Built target common-ggml
[ 75%] Building CXX object examples/simple/CMakeFiles/simple-backend.dir/simple-backend.cpp.o
[ 75%] Built target test-timestep_embedding
[ 76%] Building CXX object examples/simple/CMakeFiles/simple-ctx.dir/simple-ctx.cpp.o
[ 76%] Built target test-mul-mat
[ 77%] Linking CXX executable ../../bin/yolov3-tiny
[ 78%] Linking CXX executable ../../bin/simple-backend
[ 80%] Building CXX object examples/gpt-2/CMakeFiles/gpt-2-ctx.dir/main-ctx.cpp.o
[ 81%] Linking CXX executable ../../bin/simple-ctx
[ 82%] Building CXX object examples/gpt-2/CMakeFiles/gpt-2-alloc.dir/main-alloc.cpp.o
[ 82%] Built target test-conv1d
[ 83%] Building CXX object examples/gpt-2/CMakeFiles/gpt-2-sched.dir/main-sched.cpp.o
[ 84%] Building CXX object examples/gpt-j/CMakeFiles/gpt-j.dir/main.cpp.o
[ 85%] Building CXX object examples/gpt-2/CMakeFiles/gpt-2-batched.dir/main-batched.cpp.o
[ 86%] Building CXX object examples/gpt-2/CMakeFiles/gpt-2-backend.dir/main-backend.cpp.o
[ 87%] Building CXX object examples/gpt-2/CMakeFiles/gpt-2-quantize.dir/quantize.cpp.o
[ 88%] Linking CXX executable ../../bin/gpt-2-batched
[ 90%] Linking CXX executable ../../bin/gpt-j
[ 91%] Linking CXX executable ../../bin/gpt-2-sched
[ 91%] Built target mnist
[ 92%] Linking CXX executable ../../bin/gpt-2-backend
[ 92%] Built target mnist-cnn
[ 93%] Linking CXX executable ../../bin/gpt-2-ctx
[ 93%] Built target test-backend-ops
[ 94%] Linking CXX executable ../../bin/gpt-2-quantize
[ 94%] Built target mnist-cpu
[ 95%] Building CXX object examples/magika/CMakeFiles/magika.dir/main.cpp.o
[ 96%] Linking CXX executable ../../bin/gpt-2-alloc
[ 97%] Linking CXX executable ../../bin/magika
[ 98%] Building CXX object examples/gpt-j/CMakeFiles/gpt-j-quantize.dir/quantize.cpp.o
[ 98%] Built target simple-backend
[ 98%] Built target sam
[100%] Linking CXX executable ../../bin/gpt-j-quantize
[100%] Built target yolov3-tiny
[100%] Built target gpt-2-backend
[100%] Built target gpt-2-batched
[100%] Built target gpt-j
[100%] Built target simple-ctx
[100%] Built target magika
[100%] Built target gpt-2-quantize
[100%] Built target gpt-2-sched
[100%] Built target gpt-2-ctx
[100%] Built target gpt-j-quantize
[100%] Built target gpt-2-alloc

real	0m0.508s
user	0m2.604s
sys	0m0.782s
+ ctest --output-on-failure
Test project /home/ggml/work/ggml/build-ci-release
      Start  1: test-grad0
 1/22 Test  #1: test-grad0 .......................   Passed    0.17 sec
      Start  2: test-opt
 2/22 Test  #2: test-opt .........................   Passed    3.49 sec
      Start  3: test-quantize-fns
 3/22 Test  #3: test-quantize-fns ................   Passed   15.97 sec
      Start  4: test-quantize-perf
 4/22 Test  #4: test-quantize-perf ...............   Passed    4.44 sec
      Start  5: test-mul-mat0
 5/22 Test  #5: test-mul-mat0 ....................   Passed    0.55 sec
      Start  6: test-mul-mat2
 6/22 Test  #6: test-mul-mat2 ....................   Passed    2.81 sec
      Start  7: test0
 7/22 Test  #7: test0 ............................   Passed    0.00 sec
      Start  8: test1
 8/22 Test  #8: test1 ............................   Passed    0.00 sec
      Start  9: test2
 9/22 Test  #9: test2 ............................   Passed    0.00 sec
      Start 10: test3
10/22 Test #10: test3 ............................   Passed    0.02 sec
      Start 11: test-pool
11/22 Test #11: test-pool ........................   Passed    0.00 sec
      Start 12: test-arange
12/22 Test #12: test-arange ......................   Passed    0.00 sec
      Start 13: test-timestep_embedding
13/22 Test #13: test-timestep_embedding ..........   Passed    0.00 sec
      Start 14: test-conv-transpose
14/22 Test #14: test-conv-transpose ..............   Passed    0.00 sec
      Start 15: test-dup
15/22 Test #15: test-dup .........................   Passed    0.00 sec
      Start 16: test-rel-pos
16/22 Test #16: test-rel-pos .....................   Passed    0.00 sec
      Start 17: test-customop
17/22 Test #17: test-customop ....................   Passed    0.00 sec
      Start 18: test-conv1d
18/22 Test #18: test-conv1d ......................   Passed    0.00 sec
      Start 19: test-conv2d
19/22 Test #19: test-conv2d ......................   Passed    0.00 sec
      Start 20: test-mul-mat
20/22 Test #20: test-mul-mat .....................   Passed    0.00 sec
      Start 21: test-backend-buffer
21/22 Test #21: test-backend-buffer ..............   Passed    0.00 sec
      Start 22: test-backend-ops
22/22 Test #22: test-backend-ops .................   Passed    0.00 sec

100% tests passed, 0 tests failed out of 22

Total Test time (real) =  27.51 sec

real	0m27.573s
user	0m27.512s
sys	0m0.223s
