+ cmake -DCMAKE_BUILD_TYPE=Release ..
-- The C compiler identification is GNU 11.4.0
-- The CXX compiler identification is GNU 11.4.0
-- Detecting C compiler ABI info
-- Detecting C compiler ABI info - done
-- Check for working C compiler: /usr/bin/cc - skipped
-- Detecting C compile features
-- Detecting C compile features - done
-- Detecting CXX compiler ABI info
-- Detecting CXX compiler ABI info - done
-- Check for working CXX compiler: /usr/bin/c++ - skipped
-- Detecting CXX compile features
-- Detecting CXX compile features - done
-- Looking for pthread.h
-- Looking for pthread.h - found
-- Performing Test CMAKE_HAVE_LIBC_PTHREAD
-- Performing Test CMAKE_HAVE_LIBC_PTHREAD - Success
-- Found Threads: TRUE  
-- Found OpenMP_C: -fopenmp (found version "4.5") 
-- Found OpenMP_CXX: -fopenmp (found version "4.5") 
-- Found OpenMP: TRUE (found version "4.5")  
-- OpenMP found
-- ccache found, compilation results will be cached. Disable with GGML_CCACHE=OFF.
-- CMAKE_SYSTEM_PROCESSOR: aarch64
-- ARM detected
-- Performing Test COMPILER_SUPPORTS_FP16_FORMAT_I3E
-- Performing Test COMPILER_SUPPORTS_FP16_FORMAT_I3E - Failed
-- ARM detected
-- Configuring done
-- Generating done
-- Build files have been written to: /home/ggml/work/ggml/build-ci-release

real	0m0.838s
user	0m0.574s
sys	0m0.267s
+ make -j
[  6%] Building C object src/CMakeFiles/ggml.dir/ggml-quants.c.o
[  6%] Building CXX object examples/CMakeFiles/common.dir/common.cpp.o
[  6%] Building C object src/CMakeFiles/ggml.dir/ggml-aarch64.c.o
[  6%] Building C object src/CMakeFiles/ggml.dir/ggml.c.o
[  6%] Building C object src/CMakeFiles/ggml.dir/ggml-backend.c.o
[  6%] Building C object src/CMakeFiles/ggml.dir/ggml-alloc.c.o
[  7%] Linking C shared library libggml.so
[  8%] Linking CXX static library libcommon.a
[  8%] Built target common
[  8%] Built target ggml
[ 12%] Building C object tests/CMakeFiles/test-vec0.dir/test-vec0.c.o
[ 12%] Building CXX object tests/CMakeFiles/test-quantize-fns.dir/test-quantize-fns.cpp.o
[ 12%] Building CXX object tests/CMakeFiles/test-opt.dir/test-opt.cpp.o
[ 13%] Building C object tests/CMakeFiles/test-mul-mat2.dir/test-mul-mat2.c.o
[ 15%] Building C object tests/CMakeFiles/test1.dir/test1.c.o
[ 16%] Building CXX object tests/CMakeFiles/test-quantize-perf.dir/test-quantize-perf.cpp.o
[ 17%] Building C object tests/CMakeFiles/test-mul-mat0.dir/test-mul-mat0.c.o
[ 18%] Building CXX object tests/CMakeFiles/test-grad0.dir/test-grad0.cpp.o
[ 15%] Building C object tests/CMakeFiles/test0.dir/test0.c.o
[ 19%] Linking C executable ../bin/test-vec0
[ 20%] Linking CXX executable ../bin/test-opt
[ 21%] Linking C executable ../bin/test1
[ 23%] Building C object tests/CMakeFiles/test2.dir/test2.c.o
[ 24%] Linking C executable ../bin/test-mul-mat2
[ 25%] Linking CXX executable ../bin/test-quantize-perf
[ 26%] Linking C executable ../bin/test-mul-mat0
[ 27%] Linking C executable ../bin/test0
[ 28%] Linking CXX executable ../bin/test-quantize-fns
[ 29%] Linking CXX executable ../bin/test-grad0
[ 30%] Building CXX object tests/CMakeFiles/test-arange.dir/test-arange.cpp.o
[ 31%] Building CXX object tests/CMakeFiles/test-timestep_embedding.dir/test-timestep_embedding.cpp.o
[ 32%] Linking C executable ../bin/test2
[ 34%] Building C object tests/CMakeFiles/test-pool.dir/test-pool.c.o
[ 35%] Building C object tests/CMakeFiles/test-conv-transpose.dir/test-conv-transpose.c.o
[ 36%] Building C object tests/CMakeFiles/test3.dir/test3.c.o
[ 37%] Building C object tests/CMakeFiles/test-dup.dir/test-dup.c.o
[ 38%] Building CXX object tests/CMakeFiles/test-conv-transpose-1d.dir/test-conv-transpose-1d.cpp.o
[ 39%] Linking CXX executable ../bin/test-arange
[ 40%] Linking C executable ../bin/test-pool
[ 41%] Building C object tests/CMakeFiles/test-rel-pos.dir/test-rel-pos.c.o
[ 42%] Linking C executable ../bin/test3
[ 43%] Linking C executable ../bin/test-conv-transpose
[ 45%] Building CXX object tests/CMakeFiles/test-conv2d.dir/test-conv2d.cpp.o
[ 46%] Linking C executable ../bin/test-dup
[ 47%] Linking C executable ../bin/test-rel-pos
[ 47%] Built target test-vec0
[ 48%] Building CXX object tests/CMakeFiles/test-conv1d.dir/test-conv1d.cpp.o
[ 49%] Building C object tests/CMakeFiles/test-customop.dir/test-customop.c.o
[ 49%] Built target test-opt
[ 49%] Built target test0
[ 50%] Linking CXX executable ../bin/test-conv-transpose-1d
[ 51%] Linking CXX executable ../bin/test-timestep_embedding
[ 52%] Building CXX object tests/CMakeFiles/test-backend-buffer.dir/test-backend-buffer.cpp.o
[ 52%] Built target test1
[ 52%] Built target test-mul-mat2
[ 56%] Building CXX object tests/CMakeFiles/test-backend-ops.dir/test-backend-ops.cpp.o
[ 56%] Building CXX object tests/CMakeFiles/test-mul-mat.dir/test-mul-mat.cpp.o
[ 57%] Linking CXX executable ../bin/test-conv1d
[ 58%] Building CXX object examples/sam/CMakeFiles/sam.dir/main.cpp.o
[ 59%] Linking C executable ../bin/test-customop
[ 59%] Built target test2
[ 59%] Built target test-mul-mat0
[ 53%] Linking CXX executable ../bin/test-conv2d
[ 59%] Built target test3
[ 59%] Built target test-rel-pos
[ 59%] Built target test-quantize-fns
[ 60%] Linking CXX executable ../bin/test-backend-buffer
[ 61%] Building CXX object examples/CMakeFiles/common-ggml.dir/common-ggml.cpp.o
[ 61%] Built target test-quantize-perf
[ 62%] Linking CXX executable ../bin/test-backend-ops
[ 63%] Linking CXX executable ../../bin/sam
[ 63%] Built target test-conv-transpose
[ 63%] Built target test-pool
[ 64%] Linking CXX executable ../bin/test-mul-mat
[ 64%] Built target test-dup
[ 64%] Built target test-grad0
[ 65%] Building CXX object examples/mnist/CMakeFiles/mnist-common.dir/mnist-common.cpp.o
[ 65%] Built target test-arange
[ 67%] Linking CXX static library libcommon-ggml.a
[ 68%] Building CXX object examples/yolo/CMakeFiles/yolov3-tiny.dir/yolov3-tiny.cpp.o
[ 69%] Building CXX object examples/yolo/CMakeFiles/yolov3-tiny.dir/yolo-image.cpp.o
[ 70%] Building CXX object examples/simple/CMakeFiles/simple-ctx.dir/simple-ctx.cpp.o
[ 70%] Built target test-conv-transpose-1d
[ 70%] Built target test-backend-buffer
[ 71%] Building CXX object examples/simple/CMakeFiles/simple-backend.dir/simple-backend.cpp.o
[ 71%] Built target test-timestep_embedding
[ 71%] Built target test-customop
[ 72%] Linking CXX executable ../../bin/yolov3-tiny
[ 73%] Built target test-conv1d
[ 73%] Linking CXX executable ../../bin/simple-ctx
[ 74%] Linking CXX executable ../../bin/simple-backend
[ 74%] Built target test-conv2d
[ 74%] Built target sam
[ 74%] Built target common-ggml
[ 74%] Built target test-mul-mat
[ 74%] Built target test-backend-ops
[ 75%] Building CXX object examples/gpt-2/CMakeFiles/gpt-2-batched.dir/main-batched.cpp.o
[ 76%] Building CXX object examples/gpt-2/CMakeFiles/gpt-2-quantize.dir/quantize.cpp.o
[ 78%] Building CXX object examples/gpt-j/CMakeFiles/gpt-j.dir/main.cpp.o
[ 79%] Building CXX object examples/gpt-2/CMakeFiles/gpt-2-ctx.dir/main-ctx.cpp.o
[ 80%] Building CXX object examples/gpt-2/CMakeFiles/gpt-2-backend.dir/main-backend.cpp.o
[ 81%] Building CXX object examples/gpt-2/CMakeFiles/gpt-2-sched.dir/main-sched.cpp.o
[ 82%] Building CXX object examples/gpt-j/CMakeFiles/gpt-j-quantize.dir/quantize.cpp.o
[ 83%] Linking CXX executable ../../bin/gpt-j
[ 84%] Building CXX object examples/gpt-2/CMakeFiles/gpt-2-alloc.dir/main-alloc.cpp.o
[ 85%] Linking CXX executable ../../bin/gpt-2-backend
[ 85%] Built target simple-ctx
[ 86%] Linking CXX executable ../../bin/gpt-2-ctx
[ 86%] Built target yolov3-tiny
[ 86%] Built target simple-backend
[ 87%] Linking CXX executable ../../bin/gpt-2-sched
[ 89%] Linking CXX executable ../../bin/gpt-2-quantize
[ 90%] Linking CXX executable ../../bin/gpt-j-quantize
[ 91%] Linking CXX executable ../../bin/gpt-2-batched
[ 92%] Building CXX object examples/magika/CMakeFiles/magika.dir/main.cpp.o
[ 93%] Linking CXX executable ../../bin/gpt-2-alloc
[ 94%] Linking CXX executable ../../bin/magika
[ 94%] Built target gpt-j
[ 94%] Built target gpt-2-quantize
[ 94%] Built target gpt-2-sched
[ 94%] Built target gpt-2-ctx
[ 94%] Built target gpt-2-backend
[ 94%] Built target gpt-2-batched
[ 94%] Built target gpt-j-quantize
[ 94%] Built target gpt-2-alloc
[ 94%] Built target magika
[ 95%] Linking CXX shared library libmnist-common.so
[ 95%] Built target mnist-common
[ 97%] Building CXX object examples/mnist/CMakeFiles/mnist-eval.dir/mnist-eval.cpp.o
[ 97%] Building CXX object examples/mnist/CMakeFiles/mnist-train.dir/mnist-train.cpp.o
[100%] Linking CXX executable ../../bin/mnist-train
[100%] Linking CXX executable ../../bin/mnist-eval
[100%] Built target mnist-train
[100%] Built target mnist-eval

real	0m1.636s
user	0m3.835s
sys	0m1.712s
+ ctest --output-on-failure
Test project /home/ggml/work/ggml/build-ci-release
      Start  1: test-grad0
 1/23 Test  #1: test-grad0 .......................   Passed    0.31 sec
      Start  2: test-opt
 2/23 Test  #2: test-opt .........................   Passed    2.17 sec
      Start  3: test-quantize-fns
 3/23 Test  #3: test-quantize-fns ................   Passed   16.93 sec
      Start  4: test-quantize-perf
 4/23 Test  #4: test-quantize-perf ...............   Passed    5.68 sec
      Start  5: test-mul-mat0
 5/23 Test  #5: test-mul-mat0 ....................   Passed    0.53 sec
      Start  6: test-mul-mat2
 6/23 Test  #6: test-mul-mat2 ....................   Passed    1.76 sec
      Start  7: test0
 7/23 Test  #7: test0 ............................   Passed    0.00 sec
      Start  8: test1
 8/23 Test  #8: test1 ............................   Passed    0.00 sec
      Start  9: test2
 9/23 Test  #9: test2 ............................   Passed    0.01 sec
      Start 10: test3
10/23 Test #10: test3 ............................   Passed    0.03 sec
      Start 11: test-pool
11/23 Test #11: test-pool ........................   Passed    0.00 sec
      Start 12: test-arange
12/23 Test #12: test-arange ......................   Passed    0.00 sec
      Start 13: test-timestep_embedding
13/23 Test #13: test-timestep_embedding ..........   Passed    0.00 sec
      Start 14: test-conv-transpose
14/23 Test #14: test-conv-transpose ..............   Passed    0.00 sec
      Start 15: test-conv-transpose-1d
15/23 Test #15: test-conv-transpose-1d ...........   Passed    0.01 sec
      Start 16: test-dup
16/23 Test #16: test-dup .........................   Passed    0.00 sec
      Start 17: test-rel-pos
17/23 Test #17: test-rel-pos .....................   Passed    0.00 sec
      Start 18: test-customop
18/23 Test #18: test-customop ....................   Passed    0.00 sec
      Start 19: test-conv1d
19/23 Test #19: test-conv1d ......................   Passed    0.00 sec
      Start 20: test-conv2d
20/23 Test #20: test-conv2d ......................   Passed    0.00 sec
      Start 21: test-mul-mat
21/23 Test #21: test-mul-mat .....................   Passed    0.00 sec
      Start 22: test-backend-buffer
22/23 Test #22: test-backend-buffer ..............   Passed    0.00 sec
      Start 23: test-backend-ops
23/23 Test #23: test-backend-ops .................   Passed    0.00 sec

100% tests passed, 0 tests failed out of 23

Total Test time (real) =  27.49 sec

real	0m27.499s
user	0m27.760s
sys	0m0.223s
