+ ctest --output-on-failure -L main -E test-opt
Test project /home/ggml/work/llama.cpp/build-ci-debug
      Start  1: test-tokenizer-0-bert-bge
 1/28 Test  #1: test-tokenizer-0-bert-bge .........   Passed    0.73 sec
      Start  2: test-tokenizer-0-command-r
 2/28 Test  #2: test-tokenizer-0-command-r ........   Passed    3.76 sec
      Start  3: test-tokenizer-0-deepseek-coder
 3/28 Test  #3: test-tokenizer-0-deepseek-coder ...   Passed    0.94 sec
      Start  4: test-tokenizer-0-deepseek-llm
 4/28 Test  #4: test-tokenizer-0-deepseek-llm .....   Passed    1.68 sec
      Start  5: test-tokenizer-0-falcon
 5/28 Test  #5: test-tokenizer-0-falcon ...........   Passed    1.23 sec
      Start  6: test-tokenizer-0-gpt-2
 6/28 Test  #6: test-tokenizer-0-gpt-2 ............   Passed    1.06 sec
      Start  7: test-tokenizer-0-llama-bpe
 7/28 Test  #7: test-tokenizer-0-llama-bpe ........   Passed    2.73 sec
      Start  8: test-tokenizer-0-llama-spm
 8/28 Test  #8: test-tokenizer-0-llama-spm ........   Passed    0.66 sec
      Start  9: test-tokenizer-0-mpt
 9/28 Test  #9: test-tokenizer-0-mpt ..............   Passed    1.12 sec
      Start 10: test-tokenizer-0-phi-3
10/28 Test #10: test-tokenizer-0-phi-3 ............   Passed    0.69 sec
      Start 11: test-tokenizer-0-qwen2
11/28 Test #11: test-tokenizer-0-qwen2 ............   Passed    2.39 sec
      Start 12: test-tokenizer-0-refact
12/28 Test #12: test-tokenizer-0-refact ...........   Passed    1.07 sec
      Start 13: test-tokenizer-0-starcoder
13/28 Test #13: test-tokenizer-0-starcoder ........   Passed    1.07 sec
      Start 14: test-tokenizer-1-llama-spm
14/28 Test #14: test-tokenizer-1-llama-spm ........   Passed    2.25 sec
      Start 15: test-log
15/28 Test #15: test-log ..........................   Passed    0.03 sec
      Start 16: test-arg-parser
16/28 Test #16: test-arg-parser ...................   Passed    0.22 sec
      Start 17: test-quantize-fns
17/28 Test #17: test-quantize-fns .................   Passed   36.28 sec
      Start 18: test-quantize-perf
18/28 Test #18: test-quantize-perf ................   Passed   10.60 sec
      Start 19: test-sampling
19/28 Test #19: test-sampling .....................   Passed    8.21 sec
      Start 20: test-chat-template
20/28 Test #20: test-chat-template ................   Passed    0.04 sec
      Start 21: test-grammar-parser
21/28 Test #21: test-grammar-parser ...............   Passed    0.05 sec
      Start 22: test-llama-grammar
22/28 Test #22: test-llama-grammar ................   Passed    0.04 sec
      Start 23: test-grammar-integration
23/28 Test #23: test-grammar-integration ..........   Passed    0.09 sec
      Start 24: test-grad0
24/28 Test #24: test-grad0 ........................   Passed    0.89 sec
      Start 25: test-barrier
25/28 Test #25: test-barrier ......................   Passed    2.70 sec
      Start 26: test-backend-ops
26/28 Test #26: test-backend-ops ..................   Passed  189.08 sec
      Start 27: test-rope
27/28 Test #27: test-rope .........................   Passed    0.11 sec
      Start 30: test-json-schema-to-grammar
28/28 Test #30: test-json-schema-to-grammar .......   Passed    2.84 sec

100% tests passed, 0 tests failed out of 28

Label Time Summary:
main    = 272.53 sec*proc (28 tests)

Total Test time (real) = 272.55 sec

real	4m32.587s
user	11m27.537s
sys	0m43.715s
