rm: cannot remove '/home/ggml/results/ggml/15/74a49c8313b528b752861759fc2f967e3d766e/ggml-6-x86-vulkan-t4/*.log': No such file or directory
rm: cannot remove '/home/ggml/results/ggml/15/74a49c8313b528b752861759fc2f967e3d766e/ggml-6-x86-vulkan-t4/*.exit': No such file or directory
rm: cannot remove '/home/ggml/results/ggml/15/74a49c8313b528b752861759fc2f967e3d766e/ggml-6-x86-vulkan-t4/*.md': No such file or directory
Looking in indexes: https://pypi.org/simple, https://download.pytorch.org/whl/cpu
Requirement already satisfied: accelerate==0.19.0 in /mnt/ggml/venv/lib/python3.12/site-packages (from -r /home/ggml/work/ggml/requirements.txt (line 1)) (0.19.0)
Requirement already satisfied: numpy>=2.0.2 in /mnt/ggml/venv/lib/python3.12/site-packages (from -r /home/ggml/work/ggml/requirements.txt (line 2)) (2.0.2)
Requirement already satisfied: sentencepiece~=0.1.98 in /mnt/ggml/venv/lib/python3.12/site-packages (from -r /home/ggml/work/ggml/requirements.txt (line 3)) (0.1.99)
Requirement already satisfied: torchvision>=0.15.2 in /mnt/ggml/venv/lib/python3.12/site-packages (from -r /home/ggml/work/ggml/requirements.txt (line 4)) (0.20.1+cpu)
Requirement already satisfied: transformers<5.0.0,>=4.35.2 in /mnt/ggml/venv/lib/python3.12/site-packages (from -r /home/ggml/work/ggml/requirements.txt (line 5)) (4.47.0)
Requirement already satisfied: gguf>=0.1.0 in /mnt/ggml/venv/lib/python3.12/site-packages (from -r /home/ggml/work/ggml/requirements.txt (line 6)) (0.10.0)
Requirement already satisfied: keras==3.5.0 in /mnt/ggml/venv/lib/python3.12/site-packages (from -r /home/ggml/work/ggml/requirements.txt (line 7)) (3.5.0)
Requirement already satisfied: tensorflow==2.18.0 in /mnt/ggml/venv/lib/python3.12/site-packages (from -r /home/ggml/work/ggml/requirements.txt (line 8)) (2.18.0)
Requirement already satisfied: torch~=2.5.1 in /mnt/ggml/venv/lib/python3.12/site-packages (from -r /home/ggml/work/ggml/requirements.txt (line 11)) (2.5.1+cpu)
Requirement already satisfied: packaging>=20.0 in /mnt/ggml/venv/lib/python3.12/site-packages (from accelerate==0.19.0->-r /home/ggml/work/ggml/requirements.txt (line 1)) (24.2)
Requirement already satisfied: psutil in /mnt/ggml/venv/lib/python3.12/site-packages (from accelerate==0.19.0->-r /home/ggml/work/ggml/requirements.txt (line 1)) (6.1.0)
Requirement already satisfied: pyyaml in /mnt/ggml/venv/lib/python3.12/site-packages (from accelerate==0.19.0->-r /home/ggml/work/ggml/requirements.txt (line 1)) (6.0.2)
Requirement already satisfied: absl-py in /mnt/ggml/venv/lib/python3.12/site-packages (from keras==3.5.0->-r /home/ggml/work/ggml/requirements.txt (line 7)) (2.1.0)
Requirement already satisfied: rich in /mnt/ggml/venv/lib/python3.12/site-packages (from keras==3.5.0->-r /home/ggml/work/ggml/requirements.txt (line 7)) (13.9.4)
Requirement already satisfied: namex in /mnt/ggml/venv/lib/python3.12/site-packages (from keras==3.5.0->-r /home/ggml/work/ggml/requirements.txt (line 7)) (0.0.8)
Requirement already satisfied: h5py in /mnt/ggml/venv/lib/python3.12/site-packages (from keras==3.5.0->-r /home/ggml/work/ggml/requirements.txt (line 7)) (3.12.1)
Requirement already satisfied: optree in /mnt/ggml/venv/lib/python3.12/site-packages (from keras==3.5.0->-r /home/ggml/work/ggml/requirements.txt (line 7)) (0.13.1)
Requirement already satisfied: ml-dtypes in /mnt/ggml/venv/lib/python3.12/site-packages (from keras==3.5.0->-r /home/ggml/work/ggml/requirements.txt (line 7)) (0.4.1)
Requirement already satisfied: astunparse>=1.6.0 in /mnt/ggml/venv/lib/python3.12/site-packages (from tensorflow==2.18.0->-r /home/ggml/work/ggml/requirements.txt (line 8)) (1.6.3)
Requirement already satisfied: flatbuffers>=24.3.25 in /mnt/ggml/venv/lib/python3.12/site-packages (from tensorflow==2.18.0->-r /home/ggml/work/ggml/requirements.txt (line 8)) (24.3.25)
Requirement already satisfied: gast!=0.5.0,!=0.5.1,!=0.5.2,>=0.2.1 in /mnt/ggml/venv/lib/python3.12/site-packages (from tensorflow==2.18.0->-r /home/ggml/work/ggml/requirements.txt (line 8)) (0.6.0)
Requirement already satisfied: google-pasta>=0.1.1 in /mnt/ggml/venv/lib/python3.12/site-packages (from tensorflow==2.18.0->-r /home/ggml/work/ggml/requirements.txt (line 8)) (0.2.0)
Requirement already satisfied: libclang>=13.0.0 in /mnt/ggml/venv/lib/python3.12/site-packages (from tensorflow==2.18.0->-r /home/ggml/work/ggml/requirements.txt (line 8)) (18.1.1)
Requirement already satisfied: opt-einsum>=2.3.2 in /mnt/ggml/venv/lib/python3.12/site-packages (from tensorflow==2.18.0->-r /home/ggml/work/ggml/requirements.txt (line 8)) (3.4.0)
Requirement already satisfied: protobuf!=4.21.0,!=4.21.1,!=4.21.2,!=4.21.3,!=4.21.4,!=4.21.5,<6.0.0dev,>=3.20.3 in /mnt/ggml/venv/lib/python3.12/site-packages (from tensorflow==2.18.0->-r /home/ggml/work/ggml/requirements.txt (line 8)) (5.29.1)
Requirement already satisfied: requests<3,>=2.21.0 in /mnt/ggml/venv/lib/python3.12/site-packages (from tensorflow==2.18.0->-r /home/ggml/work/ggml/requirements.txt (line 8)) (2.32.3)
Requirement already satisfied: setuptools in /mnt/ggml/venv/lib/python3.12/site-packages (from tensorflow==2.18.0->-r /home/ggml/work/ggml/requirements.txt (line 8)) (75.6.0)
Requirement already satisfied: six>=1.12.0 in /mnt/ggml/venv/lib/python3.12/site-packages (from tensorflow==2.18.0->-r /home/ggml/work/ggml/requirements.txt (line 8)) (1.17.0)
Requirement already satisfied: termcolor>=1.1.0 in /mnt/ggml/venv/lib/python3.12/site-packages (from tensorflow==2.18.0->-r /home/ggml/work/ggml/requirements.txt (line 8)) (2.5.0)
Requirement already satisfied: typing-extensions>=3.6.6 in /mnt/ggml/venv/lib/python3.12/site-packages (from tensorflow==2.18.0->-r /home/ggml/work/ggml/requirements.txt (line 8)) (4.12.2)
Requirement already satisfied: wrapt>=1.11.0 in /mnt/ggml/venv/lib/python3.12/site-packages (from tensorflow==2.18.0->-r /home/ggml/work/ggml/requirements.txt (line 8)) (1.17.0)
Requirement already satisfied: grpcio<2.0,>=1.24.3 in /mnt/ggml/venv/lib/python3.12/site-packages (from tensorflow==2.18.0->-r /home/ggml/work/ggml/requirements.txt (line 8)) (1.68.1)
Requirement already satisfied: tensorboard<2.19,>=2.18 in /mnt/ggml/venv/lib/python3.12/site-packages (from tensorflow==2.18.0->-r /home/ggml/work/ggml/requirements.txt (line 8)) (2.18.0)
Requirement already satisfied: pillow!=8.3.*,>=5.3.0 in /mnt/ggml/venv/lib/python3.12/site-packages (from torchvision>=0.15.2->-r /home/ggml/work/ggml/requirements.txt (line 4)) (11.0.0)
Requirement already satisfied: filelock in /mnt/ggml/venv/lib/python3.12/site-packages (from torch~=2.5.1->-r /home/ggml/work/ggml/requirements.txt (line 11)) (3.16.1)
Requirement already satisfied: networkx in /mnt/ggml/venv/lib/python3.12/site-packages (from torch~=2.5.1->-r /home/ggml/work/ggml/requirements.txt (line 11)) (3.4.2)
Requirement already satisfied: jinja2 in /mnt/ggml/venv/lib/python3.12/site-packages (from torch~=2.5.1->-r /home/ggml/work/ggml/requirements.txt (line 11)) (3.1.4)
Requirement already satisfied: fsspec in /mnt/ggml/venv/lib/python3.12/site-packages (from torch~=2.5.1->-r /home/ggml/work/ggml/requirements.txt (line 11)) (2024.10.0)
Requirement already satisfied: sympy==1.13.1 in /mnt/ggml/venv/lib/python3.12/site-packages (from torch~=2.5.1->-r /home/ggml/work/ggml/requirements.txt (line 11)) (1.13.1)
Requirement already satisfied: mpmath<1.4,>=1.1.0 in /mnt/ggml/venv/lib/python3.12/site-packages (from sympy==1.13.1->torch~=2.5.1->-r /home/ggml/work/ggml/requirements.txt (line 11)) (1.3.0)
Requirement already satisfied: huggingface-hub<1.0,>=0.24.0 in /mnt/ggml/venv/lib/python3.12/site-packages (from transformers<5.0.0,>=4.35.2->-r /home/ggml/work/ggml/requirements.txt (line 5)) (0.26.5)
Requirement already satisfied: regex!=2019.12.17 in /mnt/ggml/venv/lib/python3.12/site-packages (from transformers<5.0.0,>=4.35.2->-r /home/ggml/work/ggml/requirements.txt (line 5)) (2024.11.6)
Requirement already satisfied: tokenizers<0.22,>=0.21 in /mnt/ggml/venv/lib/python3.12/site-packages (from transformers<5.0.0,>=4.35.2->-r /home/ggml/work/ggml/requirements.txt (line 5)) (0.21.0)
Requirement already satisfied: safetensors>=0.4.1 in /mnt/ggml/venv/lib/python3.12/site-packages (from transformers<5.0.0,>=4.35.2->-r /home/ggml/work/ggml/requirements.txt (line 5)) (0.4.5)
Requirement already satisfied: tqdm>=4.27 in /mnt/ggml/venv/lib/python3.12/site-packages (from transformers<5.0.0,>=4.35.2->-r /home/ggml/work/ggml/requirements.txt (line 5)) (4.67.1)
Requirement already satisfied: wheel<1.0,>=0.23.0 in /mnt/ggml/venv/lib/python3.12/site-packages (from astunparse>=1.6.0->tensorflow==2.18.0->-r /home/ggml/work/ggml/requirements.txt (line 8)) (0.45.1)
Requirement already satisfied: charset-normalizer<4,>=2 in /mnt/ggml/venv/lib/python3.12/site-packages (from requests<3,>=2.21.0->tensorflow==2.18.0->-r /home/ggml/work/ggml/requirements.txt (line 8)) (3.4.0)
Requirement already satisfied: idna<4,>=2.5 in /mnt/ggml/venv/lib/python3.12/site-packages (from requests<3,>=2.21.0->tensorflow==2.18.0->-r /home/ggml/work/ggml/requirements.txt (line 8)) (3.10)
Requirement already satisfied: urllib3<3,>=1.21.1 in /mnt/ggml/venv/lib/python3.12/site-packages (from requests<3,>=2.21.0->tensorflow==2.18.0->-r /home/ggml/work/ggml/requirements.txt (line 8)) (2.2.3)
Requirement already satisfied: certifi>=2017.4.17 in /mnt/ggml/venv/lib/python3.12/site-packages (from requests<3,>=2.21.0->tensorflow==2.18.0->-r /home/ggml/work/ggml/requirements.txt (line 8)) (2024.8.30)
Requirement already satisfied: markdown>=2.6.8 in /mnt/ggml/venv/lib/python3.12/site-packages (from tensorboard<2.19,>=2.18->tensorflow==2.18.0->-r /home/ggml/work/ggml/requirements.txt (line 8)) (3.7)
Requirement already satisfied: tensorboard-data-server<0.8.0,>=0.7.0 in /mnt/ggml/venv/lib/python3.12/site-packages (from tensorboard<2.19,>=2.18->tensorflow==2.18.0->-r /home/ggml/work/ggml/requirements.txt (line 8)) (0.7.2)
Requirement already satisfied: werkzeug>=1.0.1 in /mnt/ggml/venv/lib/python3.12/site-packages (from tensorboard<2.19,>=2.18->tensorflow==2.18.0->-r /home/ggml/work/ggml/requirements.txt (line 8)) (3.1.3)
Requirement already satisfied: MarkupSafe>=2.0 in /mnt/ggml/venv/lib/python3.12/site-packages (from jinja2->torch~=2.5.1->-r /home/ggml/work/ggml/requirements.txt (line 11)) (3.0.2)
Requirement already satisfied: markdown-it-py>=2.2.0 in /mnt/ggml/venv/lib/python3.12/site-packages (from rich->keras==3.5.0->-r /home/ggml/work/ggml/requirements.txt (line 7)) (3.0.0)
Requirement already satisfied: pygments<3.0.0,>=2.13.0 in /mnt/ggml/venv/lib/python3.12/site-packages (from rich->keras==3.5.0->-r /home/ggml/work/ggml/requirements.txt (line 7)) (2.18.0)
Requirement already satisfied: mdurl~=0.1 in /mnt/ggml/venv/lib/python3.12/site-packages (from markdown-it-py>=2.2.0->rich->keras==3.5.0->-r /home/ggml/work/ggml/requirements.txt (line 7)) (0.1.2)
+ gg_run_ctest_debug
+ cd /home/ggml/work/ggml
+ rm -rf build-ci-debug
+ tee /home/ggml/results/ggml/15/74a49c8313b528b752861759fc2f967e3d766e/ggml-6-x86-vulkan-t4/ctest_debug.log
+ mkdir build-ci-debug
+ cd build-ci-debug
+ set -e
+ tee -a /home/ggml/results/ggml/15/74a49c8313b528b752861759fc2f967e3d766e/ggml-6-x86-vulkan-t4/ctest_debug-cmake.log
+ cmake -DCMAKE_BUILD_TYPE=Debug ..
-- The C compiler identification is GNU 13.2.0
-- The CXX compiler identification is GNU 13.2.0
-- Detecting C compiler ABI info
-- Detecting C compiler ABI info - done
-- Check for working C compiler: /usr/bin/cc - skipped
-- Detecting C compile features
-- Detecting C compile features - done
-- Detecting CXX compiler ABI info
-- Detecting CXX compiler ABI info - done
-- Check for working CXX compiler: /usr/bin/c++ - skipped
-- Detecting CXX compile features
-- Detecting CXX compile features - done
-- Performing Test CMAKE_HAVE_LIBC_PTHREAD
-- Performing Test CMAKE_HAVE_LIBC_PTHREAD - Success
-- Found Threads: TRUE  
-- ccache found, compilation results will be cached. Disable with GGML_CCACHE=OFF.
-- CMAKE_SYSTEM_PROCESSOR: x86_64
-- Including CPU backend
-- Found OpenMP_C: -fopenmp (found version "4.5") 
-- Found OpenMP_CXX: -fopenmp (found version "4.5") 
-- Found OpenMP: TRUE (found version "4.5")  
-- Adding CPU backend variant ggml-cpu: -march=native 
-- x86 detected
-- Linux detected
-- Configuring done (0.9s)
-- Generating done (0.1s)
-- Build files have been written to: /home/ggml/work/ggml/build-ci-debug

real	0m0.977s
user	0m0.518s
sys	0m0.466s
+ tee -a /home/ggml/results/ggml/15/74a49c8313b528b752861759fc2f967e3d766e/ggml-6-x86-vulkan-t4/ctest_debug-make.log
+ make -j
[  1%] Building C object src/CMakeFiles/ggml-base.dir/ggml-alloc.c.o
[  2%] Building CXX object examples/CMakeFiles/common.dir/common.cpp.o
[  4%] Building C object src/CMakeFiles/ggml-base.dir/ggml.c.o
[  4%] Building CXX object src/CMakeFiles/ggml-base.dir/ggml-backend.cpp.o
[  6%] Building CXX object src/CMakeFiles/ggml-base.dir/ggml-threading.cpp.o
[  6%] Building CXX object src/CMakeFiles/ggml-base.dir/ggml-opt.cpp.o
[  7%] Building C object src/CMakeFiles/ggml-base.dir/ggml-quants.c.o
[  8%] Building C object src/CMakeFiles/ggml-base.dir/ggml-aarch64.c.o
[  9%] Linking CXX shared library libggml-base.so
[ 10%] Linking CXX static library libcommon.a
[ 10%] Built target common
[ 10%] Built target ggml-base
[ 12%] Building C object src/CMakeFiles/ggml-cpu.dir/ggml-cpu/ggml-cpu.c.o
[ 12%] Building C object src/CMakeFiles/ggml-cpu.dir/ggml-cpu/ggml-cpu-quants.c.o
[ 13%] Building CXX object src/CMakeFiles/ggml-cpu.dir/ggml-cpu/ggml-cpu.cpp.o
[ 14%] Building C object src/CMakeFiles/ggml-cpu.dir/ggml-cpu/ggml-cpu-aarch64.c.o
[ 15%] Building CXX object src/CMakeFiles/ggml-cpu.dir/ggml-cpu/amx/amx.cpp.o
[ 16%] Building CXX object src/CMakeFiles/ggml-cpu.dir/ggml-cpu/amx/mmq.cpp.o
[ 17%] Linking CXX shared library libggml-cpu.so
[ 17%] Built target ggml-cpu
[ 18%] Building CXX object src/CMakeFiles/ggml.dir/ggml-backend-reg.cpp.o
[ 19%] Linking CXX shared library libggml.so
[ 19%] Built target ggml
[ 20%] Building CXX object tests/CMakeFiles/test-opt.dir/test-opt.cpp.o
[ 21%] Building CXX object tests/CMakeFiles/test-quantize-perf.dir/test-quantize-perf.cpp.o
[ 22%] Building C object tests/CMakeFiles/test-pool.dir/test-pool.c.o
[ 23%] Building C object tests/CMakeFiles/test-vec0.dir/test-vec0.c.o
[ 24%] Building C object tests/CMakeFiles/test-vec1.dir/test-vec1.c.o
[ 25%] Building C object tests/CMakeFiles/test-mul-mat0.dir/test-mul-mat0.c.o
[ 26%] Building C object tests/CMakeFiles/test-mul-mat2.dir/test-mul-mat2.c.o
[ 27%] Building CXX object tests/CMakeFiles/test-quantize-fns.dir/test-quantize-fns.cpp.o
[ 28%] Building CXX object tests/CMakeFiles/test-pad-reflect-1d.dir/test-pad-reflect-1d.cpp.o
[ 29%] Building C object tests/CMakeFiles/test0.dir/test0.c.o
[ 30%] Building CXX object tests/CMakeFiles/test-arange.dir/test-arange.cpp.o
[ 31%] Building CXX object tests/CMakeFiles/test-timestep_embedding.dir/test-timestep_embedding.cpp.o
[ 32%] Linking C executable ../bin/test-pool
[ 33%] Linking CXX executable ../bin/test-opt
[ 34%] Linking C executable ../bin/test-vec0
[ 35%] Building C object tests/CMakeFiles/test-conv-transpose.dir/test-conv-transpose.c.o
[ 36%] Linking CXX executable ../bin/test-quantize-perf
[ 37%] Linking C executable ../bin/test-mul-mat0
[ 38%] Linking C executable ../bin/test-vec1
[ 39%] Linking CXX executable ../bin/test-pad-reflect-1d
[ 40%] Building C object tests/CMakeFiles/test-customop.dir/test-customop.c.o
[ 41%] Linking C executable ../bin/test-mul-mat2
[ 42%] Linking CXX executable ../bin/test-arange
[ 43%] Building C object tests/CMakeFiles/test-dup.dir/test-dup.c.o
[ 44%] Building CXX object tests/CMakeFiles/test-conv-transpose-1d.dir/test-conv-transpose-1d.cpp.o
[ 45%] Linking C executable ../bin/test0
[ 46%] Building C object tests/CMakeFiles/test-rel-pos.dir/test-rel-pos.c.o
[ 47%] Building CXX object tests/CMakeFiles/test-conv1d.dir/test-conv1d.cpp.o
[ 48%] Linking CXX executable ../bin/test-timestep_embedding
[ 50%] Building CXX object tests/CMakeFiles/test-mul-mat.dir/test-mul-mat.cpp.o
[ 51%] Building CXX object tests/CMakeFiles/test-conv2d.dir/test-conv2d.cpp.o
[ 52%] Linking CXX executable ../bin/test-quantize-fns
[ 53%] Building CXX object tests/CMakeFiles/test-backend-ops.dir/test-backend-ops.cpp.o
[ 54%] Building CXX object examples/CMakeFiles/common-ggml.dir/common-ggml.cpp.o
[ 55%] Building C object tests/CMakeFiles/test-cont.dir/test-cont.c.o
[ 56%] Building CXX object examples/yolo/CMakeFiles/yolov3-tiny.dir/yolov3-tiny.cpp.o
[ 57%] Linking C executable ../bin/test-customop
[ 58%] Building CXX object examples/sam/CMakeFiles/sam.dir/main.cpp.o
[ 59%] Building CXX object examples/yolo/CMakeFiles/yolov3-tiny.dir/yolo-image.cpp.o
[ 61%] Linking C executable ../bin/test-rel-pos
[ 61%] Linking C executable ../bin/test-conv-transpose
[ 62%] Building CXX object examples/mnist/CMakeFiles/mnist-common.dir/mnist-common.cpp.o
[ 63%] Linking C executable ../bin/test-dup
[ 64%] Linking CXX executable ../bin/test-conv-transpose-1d
[ 65%] Linking CXX executable ../bin/test-conv2d
[ 66%] Linking CXX executable ../bin/test-conv1d
[ 67%] Linking CXX executable ../bin/test-mul-mat
[ 68%] Linking C executable ../bin/test-cont
[ 69%] Building CXX object examples/simple/CMakeFiles/simple-ctx.dir/simple-ctx.cpp.o
[ 70%] Linking CXX static library libcommon-ggml.a
[ 71%] Building CXX object examples/simple/CMakeFiles/simple-backend.dir/simple-backend.cpp.o
[ 72%] Linking CXX executable ../../bin/sam
[ 73%] Linking CXX static library libmnist-common.a
[ 74%] Linking CXX executable ../../bin/yolov3-tiny
[ 75%] Linking CXX executable ../bin/test-backend-ops
[ 76%] Linking CXX executable ../../bin/simple-backend
[ 76%] Built target test-vec1
[ 77%] Linking CXX executable ../../bin/simple-ctx
[ 77%] Built target test-vec0
[ 77%] Built target mnist-common
[ 77%] Built target test-pool
[ 77%] Built target test-conv-transpose
[ 77%] Built target test0
[ 77%] Built target test-mul-mat2
[ 78%] Building CXX object examples/mnist/CMakeFiles/mnist-eval.dir/mnist-eval.cpp.o
[ 78%] Built target test-mul-mat0
[ 79%] Building CXX object examples/mnist/CMakeFiles/mnist-train.dir/mnist-train.cpp.o
[ 79%] Built target test-pad-reflect-1d
[ 79%] Built target test-rel-pos
[ 78%] Built target test-dup
[ 79%] Built target test-timestep_embedding
[ 79%] Built target common-ggml
[ 80%] Linking CXX executable ../../bin/mnist-eval
[ 80%] Built target test-opt
[ 80%] Built target test-quantize-perf
[ 80%] Built target test-customop
[ 80%] Built target test-conv-transpose-1d
[ 80%] Built target test-arange
[ 81%] Linking CXX executable ../../bin/mnist-train
[ 81%] Built target test-quantize-fns
[ 81%] Built target test-conv1d
[ 82%] Building CXX object examples/gpt-2/CMakeFiles/gpt-2-alloc.dir/main-alloc.cpp.o
[ 82%] Built target test-mul-mat
[ 82%] Built target test-cont
[ 83%] Building CXX object examples/gpt-2/CMakeFiles/gpt-2-ctx.dir/main-ctx.cpp.o
[ 84%] Building CXX object examples/gpt-2/CMakeFiles/gpt-2-backend.dir/main-backend.cpp.o
[ 85%] Building CXX object examples/gpt-2/CMakeFiles/gpt-2-quantize.dir/quantize.cpp.o
[ 86%] Building CXX object examples/gpt-2/CMakeFiles/gpt-2-batched.dir/main-batched.cpp.o
[ 86%] Built target test-conv2d
[ 87%] Building CXX object examples/gpt-j/CMakeFiles/gpt-j-quantize.dir/quantize.cpp.o
[ 89%] Linking CXX executable ../../bin/gpt-2-alloc
[ 88%] Building CXX object examples/gpt-j/CMakeFiles/gpt-j.dir/main.cpp.o
[ 90%] Building CXX object examples/gpt-2/CMakeFiles/gpt-2-sched.dir/main-sched.cpp.o
[ 91%] Building CXX object examples/magika/CMakeFiles/magika.dir/main.cpp.o
[ 91%] Built target simple-ctx
[ 92%] Linking CXX executable ../../bin/gpt-2-ctx
[ 93%] Linking CXX executable ../../bin/gpt-2-backend
[ 93%] Built target yolov3-tiny
[ 94%] Linking CXX executable ../../bin/gpt-2-batched
[ 95%] Linking CXX executable ../../bin/gpt-2-quantize
[ 95%] Built target simple-backend
[ 96%] Linking CXX executable ../../bin/gpt-j
[ 97%] Linking CXX executable ../../bin/magika
[ 98%] Linking CXX executable ../../bin/gpt-j-quantize
[100%] Linking CXX executable ../../bin/gpt-2-sched
[100%] Built target sam
[100%] Built target test-backend-ops
[100%] Built target mnist-eval
[100%] Built target gpt-2-alloc
[100%] Built target mnist-train
[100%] Built target magika
[100%] Built target gpt-2-backend
[100%] Built target gpt-j
[100%] Built target gpt-2-quantize
[100%] Built target gpt-2-batched
[100%] Built target gpt-2-ctx
[100%] Built target gpt-j-quantize
[100%] Built target gpt-2-sched

real	0m1.948s
user	0m4.194s
sys	0m2.540s
+ '[' '!' -z ']'
+ tee -a /home/ggml/results/ggml/15/74a49c8313b528b752861759fc2f967e3d766e/ggml-6-x86-vulkan-t4/ctest_debug-ctest.log
+ ctest --output-on-failure -E test-opt
Test project /home/ggml/work/ggml/build-ci-debug
      Start  1: test-quantize-fns
 1/19 Test  #1: test-quantize-fns ................   Passed   29.24 sec
      Start  2: test-quantize-perf
 2/19 Test  #2: test-quantize-perf ...............   Passed    0.26 sec
      Start  3: test-mul-mat0
 3/19 Test  #3: test-mul-mat0 ....................   Passed    0.49 sec
      Start  4: test-mul-mat2
 4/19 Test  #4: test-mul-mat2 ....................   Passed    8.87 sec
      Start  5: test0
 5/19 Test  #5: test0 ............................   Passed    0.00 sec
      Start  6: test-pool
 6/19 Test  #6: test-pool ........................   Passed    0.01 sec
      Start  7: test-arange
 7/19 Test  #7: test-arange ......................   Passed    0.01 sec
      Start  8: test-timestep_embedding
 8/19 Test  #8: test-timestep_embedding ..........   Passed    0.01 sec
      Start  9: test-pad-reflect-1d
 9/19 Test  #9: test-pad-reflect-1d ..............   Passed    0.01 sec
      Start 10: test-conv-transpose
10/19 Test #10: test-conv-transpose ..............   Passed    0.01 sec
      Start 11: test-conv-transpose-1d
11/19 Test #11: test-conv-transpose-1d ...........   Passed    0.02 sec
      Start 12: test-dup
12/19 Test #12: test-dup .........................   Passed    0.01 sec
      Start 13: test-rel-pos
13/19 Test #13: test-rel-pos .....................   Passed    0.01 sec
      Start 14: test-customop
14/19 Test #14: test-customop ....................   Passed    0.01 sec
      Start 15: test-conv1d
15/19 Test #15: test-conv1d ......................   Passed    0.01 sec
      Start 16: test-conv2d
16/19 Test #16: test-conv2d ......................   Passed    0.01 sec
      Start 17: test-mul-mat
17/19 Test #17: test-mul-mat .....................   Passed    0.01 sec
      Start 18: test-backend-ops
18/19 Test #18: test-backend-ops .................   Passed    0.01 sec
      Start 19: test-cont
19/19 Test #19: test-cont ........................   Passed    0.01 sec

100% tests passed, 0 tests failed out of 19

Total Test time (real) =  38.98 sec

real	0m38.986s
user	0m38.584s
sys	0m0.232s
+ set +e
+ cur=0
+ echo 0
+ set +x
+ gg_run_ctest_release
+ cd /home/ggml/work/ggml
+ rm -rf build-ci-release
+ tee /home/ggml/results/ggml/15/74a49c8313b528b752861759fc2f967e3d766e/ggml-6-x86-vulkan-t4/ctest_release.log
+ mkdir build-ci-release
+ cd build-ci-release
+ set -e
+ tee -a /home/ggml/results/ggml/15/74a49c8313b528b752861759fc2f967e3d766e/ggml-6-x86-vulkan-t4/ctest_release-cmake.log
+ cmake -DCMAKE_BUILD_TYPE=Release ..
-- The C compiler identification is GNU 13.2.0
-- The CXX compiler identification is GNU 13.2.0
-- Detecting C compiler ABI info
-- Detecting C compiler ABI info - done
-- Check for working C compiler: /usr/bin/cc - skipped
-- Detecting C compile features
-- Detecting C compile features - done
-- Detecting CXX compiler ABI info
-- Detecting CXX compiler ABI info - done
-- Check for working CXX compiler: /usr/bin/c++ - skipped
-- Detecting CXX compile features
-- Detecting CXX compile features - done
-- Performing Test CMAKE_HAVE_LIBC_PTHREAD
-- Performing Test CMAKE_HAVE_LIBC_PTHREAD - Success
-- Found Threads: TRUE  
-- ccache found, compilation results will be cached. Disable with GGML_CCACHE=OFF.
-- CMAKE_SYSTEM_PROCESSOR: x86_64
-- Including CPU backend
-- Found OpenMP_C: -fopenmp (found version "4.5") 
-- Found OpenMP_CXX: -fopenmp (found version "4.5") 
-- Found OpenMP: TRUE (found version "4.5")  
-- Adding CPU backend variant ggml-cpu: -march=native 
-- x86 detected
-- Linux detected
-- Configuring done (0.9s)
-- Generating done (0.1s)
-- Build files have been written to: /home/ggml/work/ggml/build-ci-release

real	0m0.979s
user	0m0.516s
sys	0m0.470s
+ tee -a /home/ggml/results/ggml/15/74a49c8313b528b752861759fc2f967e3d766e/ggml-6-x86-vulkan-t4/ctest_release-make.log
+ make -j
[  2%] Building CXX object examples/CMakeFiles/common.dir/common.cpp.o
[  2%] Building C object src/CMakeFiles/ggml-base.dir/ggml-alloc.c.o
[  3%] Building C object src/CMakeFiles/ggml-base.dir/ggml.c.o
[  4%] Building CXX object src/CMakeFiles/ggml-base.dir/ggml-backend.cpp.o
[  5%] Building CXX object src/CMakeFiles/ggml-base.dir/ggml-opt.cpp.o
[  6%] Building CXX object src/CMakeFiles/ggml-base.dir/ggml-threading.cpp.o
[  7%] Building C object src/CMakeFiles/ggml-base.dir/ggml-quants.c.o
[  8%] Building C object src/CMakeFiles/ggml-base.dir/ggml-aarch64.c.o
[  9%] Linking CXX static library libcommon.a
[ 10%] Linking CXX shared library libggml-base.so
[ 10%] Built target common
[ 10%] Built target ggml-base
[ 11%] Building C object src/CMakeFiles/ggml-cpu.dir/ggml-cpu/ggml-cpu-aarch64.c.o
[ 12%] Building CXX object src/CMakeFiles/ggml-cpu.dir/ggml-cpu/ggml-cpu.cpp.o
[ 13%] Building CXX object src/CMakeFiles/ggml-cpu.dir/ggml-cpu/amx/mmq.cpp.o
[ 14%] Building C object src/CMakeFiles/ggml-cpu.dir/ggml-cpu/ggml-cpu-quants.c.o
[ 15%] Building C object src/CMakeFiles/ggml-cpu.dir/ggml-cpu/ggml-cpu.c.o
[ 16%] Building CXX object src/CMakeFiles/ggml-cpu.dir/ggml-cpu/amx/amx.cpp.o
[ 17%] Linking CXX shared library libggml-cpu.so
[ 17%] Built target ggml-cpu
[ 18%] Building CXX object src/CMakeFiles/ggml.dir/ggml-backend-reg.cpp.o
[ 19%] Linking CXX shared library libggml.so
[ 19%] Built target ggml
[ 20%] Building CXX object tests/CMakeFiles/test-quantize-fns.dir/test-quantize-fns.cpp.o
[ 21%] Building C object tests/CMakeFiles/test0.dir/test0.c.o
[ 22%] Building C object tests/CMakeFiles/test-vec1.dir/test-vec1.c.o
[ 23%] Building C object tests/CMakeFiles/test-vec0.dir/test-vec0.c.o
[ 24%] Building C object tests/CMakeFiles/test-mul-mat0.dir/test-mul-mat0.c.o
[ 25%] Building CXX object tests/CMakeFiles/test-opt.dir/test-opt.cpp.o
[ 26%] Building C object tests/CMakeFiles/test-mul-mat2.dir/test-mul-mat2.c.o
[ 27%] Building C object tests/CMakeFiles/test-pool.dir/test-pool.c.o
[ 28%] Building CXX object tests/CMakeFiles/test-quantize-perf.dir/test-quantize-perf.cpp.o
[ 29%] Building CXX object tests/CMakeFiles/test-timestep_embedding.dir/test-timestep_embedding.cpp.o
[ 30%] Building CXX object tests/CMakeFiles/test-arange.dir/test-arange.cpp.o
[ 31%] Linking CXX executable ../bin/test-quantize-fns
[ 32%] Building CXX object tests/CMakeFiles/test-pad-reflect-1d.dir/test-pad-reflect-1d.cpp.o
[ 33%] Linking C executable ../bin/test0
[ 34%] Linking C executable ../bin/test-mul-mat0
[ 35%] Linking C executable ../bin/test-vec1
[ 36%] Linking C executable ../bin/test-vec0
[ 37%] Building CXX object tests/CMakeFiles/test-conv-transpose-1d.dir/test-conv-transpose-1d.cpp.o
[ 38%] Linking C executable ../bin/test-pool
[ 39%] Linking CXX executable ../bin/test-opt
[ 40%] Building C object tests/CMakeFiles/test-rel-pos.dir/test-rel-pos.c.o
[ 41%] Linking C executable ../bin/test-mul-mat2
[ 42%] Building C object tests/CMakeFiles/test-dup.dir/test-dup.c.o
[ 43%] Linking CXX executable ../bin/test-arange
[ 44%] Linking CXX executable ../bin/test-timestep_embedding
[ 45%] Building C object tests/CMakeFiles/test-conv-transpose.dir/test-conv-transpose.c.o
[ 46%] Linking CXX executable ../bin/test-pad-reflect-1d
[ 47%] Building CXX object tests/CMakeFiles/test-conv1d.dir/test-conv1d.cpp.o
[ 48%] Linking CXX executable ../bin/test-quantize-perf
[ 50%] Building C object tests/CMakeFiles/test-customop.dir/test-customop.c.o
[ 51%] Building CXX object tests/CMakeFiles/test-conv2d.dir/test-conv2d.cpp.o
[ 52%] Linking CXX executable ../bin/test-conv-transpose-1d
[ 53%] Building CXX object tests/CMakeFiles/test-mul-mat.dir/test-mul-mat.cpp.o
[ 55%] Linking C executable ../bin/test-rel-pos
[ 56%] Building C object tests/CMakeFiles/test-cont.dir/test-cont.c.o
[ 57%] Building CXX object tests/CMakeFiles/test-backend-ops.dir/test-backend-ops.cpp.o
[ 54%] Building CXX object examples/CMakeFiles/common-ggml.dir/common-ggml.cpp.o
[ 58%] Building CXX object examples/mnist/CMakeFiles/mnist-common.dir/mnist-common.cpp.o
[ 59%] Building CXX object examples/sam/CMakeFiles/sam.dir/main.cpp.o
[ 60%] Building CXX object examples/simple/CMakeFiles/simple-ctx.dir/simple-ctx.cpp.o
[ 62%] Linking C executable ../bin/test-dup
[ 61%] Building CXX object examples/simple/CMakeFiles/simple-backend.dir/simple-backend.cpp.o
[ 63%] Building CXX object examples/yolo/CMakeFiles/yolov3-tiny.dir/yolov3-tiny.cpp.o
[ 64%] Linking C executable ../bin/test-conv-transpose
[ 65%] Linking C executable ../bin/test-customop
[ 66%] Linking CXX executable ../bin/test-mul-mat
[ 67%] Building CXX object examples/yolo/CMakeFiles/yolov3-tiny.dir/yolo-image.cpp.o
[ 69%] Linking CXX executable ../bin/test-conv2d
[ 70%] Linking CXX static library libcommon-ggml.a
[ 71%] Linking C executable ../bin/test-cont
[ 72%] Linking CXX executable ../../bin/simple-ctx
[ 72%] Linking CXX executable ../bin/test-conv1d
[ 73%] Linking CXX executable ../../bin/sam
[ 74%] Linking CXX static library libmnist-common.a
[ 75%] Linking CXX executable ../bin/test-backend-ops
[ 76%] Linking CXX executable ../../bin/simple-backend
[ 76%] Built target test-vec1
[ 76%] Built target test-vec0
[ 77%] Linking CXX executable ../../bin/yolov3-tiny
[ 77%] Built target common-ggml
[ 77%] Built target mnist-common
[ 78%] Building CXX object examples/gpt-2/CMakeFiles/gpt-2-alloc.dir/main-alloc.cpp.o
[ 79%] Building CXX object examples/gpt-2/CMakeFiles/gpt-2-ctx.dir/main-ctx.cpp.o
[ 80%] Building CXX object examples/gpt-2/CMakeFiles/gpt-2-backend.dir/main-backend.cpp.o
[ 81%] Building CXX object examples/gpt-2/CMakeFiles/gpt-2-sched.dir/main-sched.cpp.o
[ 82%] Building CXX object examples/gpt-j/CMakeFiles/gpt-j-quantize.dir/quantize.cpp.o
[ 82%] Built target test0
[ 83%] Building CXX object examples/gpt-j/CMakeFiles/gpt-j.dir/main.cpp.o
[ 84%] Building CXX object examples/gpt-2/CMakeFiles/gpt-2-quantize.dir/quantize.cpp.o
[ 82%] Built target test-pool
[ 85%] Building CXX object examples/gpt-2/CMakeFiles/gpt-2-batched.dir/main-batched.cpp.o
[ 85%] Built target test-mul-mat0
[ 86%] Building CXX object examples/magika/CMakeFiles/magika.dir/main.cpp.o
[ 87%] Linking CXX executable ../../bin/gpt-2-alloc
[ 87%] Built target test-timestep_embedding
[ 87%] Built target test-quantize-fns
[ 88%] Linking CXX executable ../../bin/gpt-2-ctx
[ 89%] Linking CXX executable ../../bin/gpt-j
[ 89%] Built target test-mul-mat2
[ 90%] Linking CXX executable ../../bin/gpt-2-quantize
[ 91%] Linking CXX executable ../../bin/gpt-2-backend
[ 92%] Linking CXX executable ../../bin/gpt-2-sched
[ 93%] Linking CXX executable ../../bin/gpt-j-quantize
[ 95%] Linking CXX executable ../../bin/gpt-2-batched
[ 95%] Built target test-mul-mat
[ 94%] Building CXX object examples/mnist/CMakeFiles/mnist-train.dir/mnist-train.cpp.o
[ 96%] Linking CXX executable ../../bin/magika
[ 97%] Building CXX object examples/mnist/CMakeFiles/mnist-eval.dir/mnist-eval.cpp.o
[ 97%] Built target test-opt
[ 97%] Built target test-conv-transpose
[ 97%] Built target test-arange
[ 97%] Built target test-rel-pos
[ 97%] Built target test-dup
[ 97%] Built target test-quantize-perf
[ 97%] Built target test-pad-reflect-1d
[ 97%] Built target test-conv-transpose-1d
[ 97%] Built target test-customop
[ 97%] Built target simple-ctx
[ 98%] Linking CXX executable ../../bin/mnist-eval
[ 98%] Built target yolov3-tiny
[100%] Linking CXX executable ../../bin/mnist-train
[100%] Built target test-cont
[100%] Built target test-conv2d
[100%] Built target test-conv1d
[100%] Built target test-backend-ops
[100%] Built target simple-backend
[100%] Built target sam
[100%] Built target gpt-2-alloc
[100%] Built target gpt-2-backend
[100%] Built target gpt-j
[100%] Built target gpt-2-sched
[100%] Built target gpt-2-quantize
[100%] Built target gpt-2-ctx
[100%] Built target gpt-j-quantize
[100%] Built target magika
[100%] Built target gpt-2-batched
[100%] Built target mnist-train
[100%] Built target mnist-eval

real	0m1.744s
user	0m3.690s
sys	0m2.253s
+ '[' '!' -z ']'
+ '[' -z ']'
+ tee -a /home/ggml/results/ggml/15/74a49c8313b528b752861759fc2f967e3d766e/ggml-6-x86-vulkan-t4/ctest_release-ctest.log
+ ctest --output-on-failure
Test project /home/ggml/work/ggml/build-ci-release
      Start  1: test-opt
 1/20 Test  #1: test-opt .........................   Passed    0.01 sec
      Start  2: test-quantize-fns
 2/20 Test  #2: test-quantize-fns ................   Passed   19.80 sec
      Start  3: test-quantize-perf
 3/20 Test  #3: test-quantize-perf ...............   Passed    0.08 sec
      Start  4: test-mul-mat0
 4/20 Test  #4: test-mul-mat0 ....................   Passed    0.49 sec
      Start  5: test-mul-mat2
 5/20 Test  #5: test-mul-mat2 ....................   Passed    2.39 sec
      Start  6: test0
 6/20 Test  #6: test0 ............................   Passed    0.00 sec
      Start  7: test-pool
 7/20 Test  #7: test-pool ........................   Passed    0.00 sec
      Start  8: test-arange
 8/20 Test  #8: test-arange ......................   Passed    0.00 sec
      Start  9: test-timestep_embedding
 9/20 Test  #9: test-timestep_embedding ..........   Passed    0.00 sec
      Start 10: test-pad-reflect-1d
10/20 Test #10: test-pad-reflect-1d ..............   Passed    0.00 sec
      Start 11: test-conv-transpose
11/20 Test #11: test-conv-transpose ..............   Passed    0.00 sec
      Start 12: test-conv-transpose-1d
12/20 Test #12: test-conv-transpose-1d ...........   Passed    0.01 sec
      Start 13: test-dup
13/20 Test #13: test-dup .........................   Passed    0.01 sec
      Start 14: test-rel-pos
14/20 Test #14: test-rel-pos .....................   Passed    0.00 sec
      Start 15: test-customop
15/20 Test #15: test-customop ....................   Passed    0.00 sec
      Start 16: test-conv1d
16/20 Test #16: test-conv1d ......................   Passed    0.00 sec
      Start 17: test-conv2d
17/20 Test #17: test-conv2d ......................   Passed    0.00 sec
      Start 18: test-mul-mat
18/20 Test #18: test-mul-mat .....................   Passed    0.00 sec
      Start 19: test-backend-ops
19/20 Test #19: test-backend-ops .................   Passed    0.01 sec
      Start 20: test-cont
20/20 Test #20: test-cont ........................   Passed    0.00 sec

100% tests passed, 0 tests failed out of 20

Total Test time (real) =  22.84 sec

real	0m22.854s
user	0m22.401s
sys	0m0.240s
+ set +e
+ cur=0
+ echo 0
+ set +x
+ gg_run_gpt_2
+ cd /home/ggml/work/ggml
+ gg_wget models-mnt/gpt-2 https://huggingface.co/ggerganov/ggml/resolve/main/ggml-model-gpt-2-117M.bin
+ local out=models-mnt/gpt-2
+ local url=https://huggingface.co/ggerganov/ggml/resolve/main/ggml-model-gpt-2-117M.bin
+ tee /home/ggml/results/ggml/15/74a49c8313b528b752861759fc2f967e3d766e/ggml-6-x86-vulkan-t4/gpt_2.log
++ pwd
+ local cwd=/home/ggml/work/ggml
+ mkdir -p models-mnt/gpt-2
+ cd models-mnt/gpt-2
+ wget -nv -N https://huggingface.co/ggerganov/ggml/resolve/main/ggml-model-gpt-2-117M.bin
+ cd /home/ggml/work/ggml
+ cd build-ci-release
+ set -e
+ model=../models-mnt/gpt-2/ggml-model-gpt-2-117M.bin
+ prompts=../examples/prompts/gpt-2.txt
+ tee -a /home/ggml/results/ggml/15/74a49c8313b528b752861759fc2f967e3d766e/ggml-6-x86-vulkan-t4/gpt_2-tg.log
+ ./bin/gpt-2-backend --model ../models-mnt/gpt-2/ggml-model-gpt-2-117M.bin -s 1234 -n 64 -tt ../examples/prompts/gpt-2.txt
gpt2_model_load: using CPU backend
test_gpt_tokenizer : failed test: 'I l0ve t0 tr@vel @r0und the w0rld.'
test_gpt_tokenizer : tokens in hf:   I(40),  l(300), 0(15), ve(303),  t(256), 0(15),  tr(491), @(31), vel(626),  @(2488), r(81), 0(15), und(917),  the(262),  w(266), 0(15), r(81), ld(335), .(13), 
test_gpt_tokenizer : tokens in ggml: I(40),  l(300), 0(15), ve(303),  t(256), 0(15),  tr(491), @(31), vel(626),  @(2488), r(81), 0(15), und(917),  the(262),  w(266), 0(15), rl(45895), d(67), .(13), 
test_gpt_tokenizer : failed test: 'She danced gracefully on the stage.'
test_gpt_tokenizer : tokens in hf:   She(3347),  danced(39480),  grace(11542), fully(2759),  on(319),  the(262),  stage(3800), .(13), 
test_gpt_tokenizer : tokens in ggml: She(3347),  danced(39480),  graceful(44363), ly(306),  on(319),  the(262),  stage(3800), .(13), 
test_gpt_tokenizer : failed test: 'She dances gracefully to the music.'
test_gpt_tokenizer : tokens in hf:   She(3347),  dances(38207),  grace(11542), fully(2759),  to(284),  the(262),  music(2647), .(13), 
test_gpt_tokenizer : tokens in ggml: She(3347),  dances(38207),  graceful(44363), ly(306),  to(284),  the(262),  music(2647), .(13), 
test_gpt_tokenizer : failed test: 'The birds are chirping in the trees.'
test_gpt_tokenizer : tokens in hf:   The(464),  birds(10087),  are(389),  ch(442), ir(343), ping(13886),  in(287),  the(262),  trees(7150), .(13), 
test_gpt_tokenizer : tokens in ggml: The(464),  birds(10087),  are(389),  chi(33166), r(81), ping(13886),  in(287),  the(262),  trees(7150), .(13), 
test_gpt_tokenizer : failed test: 'The flowers are blooming in the garden.'
test_gpt_tokenizer : tokens in hf:   The(464),  flowers(12734),  are(389),  blo(24924), oming(3383),  in(287),  the(262),  garden(11376), .(13), 
test_gpt_tokenizer : tokens in ggml: The(464),  flowers(12734),  are(389),  bloom(29955), ing(278),  in(287),  the(262),  garden(11376), .(13), 
test_gpt_tokenizer : failed test: 'The flowers in the garden are blooming.'
test_gpt_tokenizer : tokens in hf:   The(464),  flowers(12734),  in(287),  the(262),  garden(11376),  are(389),  blo(24924), oming(3383), .(13), 
test_gpt_tokenizer : tokens in ggml: The(464),  flowers(12734),  in(287),  the(262),  garden(11376),  are(389),  bloom(29955), ing(278), .(13), 
test_gpt_tokenizer : failed test: 'Wh@t's y0ur f@v0rite m0vie?'
test_gpt_tokenizer : tokens in hf:   Wh(1199), @(31), t(83), 's(338),  y(331), 0(15), ur(333),  f(277), @(31), v(85), 0(15), rite(6525),  m(285), 0(15), v(85), ie(494), ?(30), 
test_gpt_tokenizer : tokens in ggml: Wh(1199), @(31), t(83), 's(338),  y(331), 0(15), ur(333),  f(277), @(31), v(85), 0(15), rite(6525),  m(285), 0(15), vi(8903), e(68), ?(30), 
test_gpt_tokenizer : 7 tests failed out of 100 tests.
main: compute buffer size: 9.47 MB
main: seed = 1234
gpt2_model_load: loading model from '../models-mnt/gpt-2/ggml-model-gpt-2-117M.bin'
gpt2_model_load: n_vocab = 50257
gpt2_model_load: n_ctx   = 1024
gpt2_model_load: n_embd  = 768
gpt2_model_load: n_head  = 12
gpt2_model_load: n_layer = 12
gpt2_model_load: ftype   = 1
gpt2_model_load: qntvr   = 0
gpt2_model_load: ggml tensor size    = 336 bytes
gpt2_model_load: backend buffer size = 312.70 MB
gpt2_model_load: memory size =   144.00 MB, n_mem = 24576
gpt2_model_load: model size  =   239.08 MB
main: prompt: 'If'
main: number of tokens in prompt = 1, first 8 tokens: 1532 

If we look at what we're talking about and then look at the evidence and the evidence of the United States, what we're dealing with, we've got a huge problem in the world of terrorism."

Asked about the possibility that ISIS may have used the United States as a vehicle to recruit followers and commit violence in

main:     load time =    89.81 ms
main:   sample time =    31.11 ms
main:  predict time =   554.68 ms / 8.67 ms per token
main:    total time =   698.55 ms

real	0m0.709s
user	0m2.393s
sys	0m0.100s
+ tee -a /home/ggml/results/ggml/15/74a49c8313b528b752861759fc2f967e3d766e/ggml-6-x86-vulkan-t4/gpt_2-tg.log
+ ./bin/gpt-2-backend --model ../models-mnt/gpt-2/ggml-model-gpt-2-117M.bin -s 1234 -n 64 -p 'I believe the meaning of life is'
gpt2_model_load: using CPU backend
extract_tests_from_file : No test file found.
test_gpt_tokenizer : 0 tests failed out of 0 tests.
main: compute buffer size: 9.47 MB
main: seed = 1234
gpt2_model_load: loading model from '../models-mnt/gpt-2/ggml-model-gpt-2-117M.bin'
gpt2_model_load: n_vocab = 50257
gpt2_model_load: n_ctx   = 1024
gpt2_model_load: n_embd  = 768
gpt2_model_load: n_head  = 12
gpt2_model_load: n_layer = 12
gpt2_model_load: ftype   = 1
gpt2_model_load: qntvr   = 0
gpt2_model_load: ggml tensor size    = 336 bytes
gpt2_model_load: backend buffer size = 312.70 MB
gpt2_model_load: memory size =   144.00 MB, n_mem = 24576
gpt2_model_load: model size  =   239.08 MB
main: prompt: 'I believe the meaning of life is'
main: number of tokens in prompt = 7, first 8 tokens: 40 1975 262 3616 286 1204 318 

I believe the meaning of life is not one that you must be able to answer for.

If you do not believe in God, then why does his word make you feel better? Why do he make you feel better? It's because I don't think the gospel is true. It's because it's not true.

The gospel tells

main:     load time =    90.53 ms
main:   sample time =    31.24 ms
main:  predict time =   576.83 ms / 8.24 ms per token
main:    total time =   704.68 ms

real	0m0.715s
user	0m2.451s
sys	0m0.114s
+ tee -a /home/ggml/results/ggml/15/74a49c8313b528b752861759fc2f967e3d766e/ggml-6-x86-vulkan-t4/gpt_2-tg.log
+ ./bin/gpt-2-sched --model ../models-mnt/gpt-2/ggml-model-gpt-2-117M.bin -s 1234 -n 64 -p 'I believe the meaning of life is'
extract_tests_from_file : No test file found.
test_gpt_tokenizer : 0 tests failed out of 0 tests.
main: seed = 1234
gpt2_model_load: loading model from '../models-mnt/gpt-2/ggml-model-gpt-2-117M.bin'
gpt2_model_load: n_vocab = 50257
gpt2_model_load: n_ctx   = 1024
gpt2_model_load: n_embd  = 768
gpt2_model_load: n_head  = 12
gpt2_model_load: n_layer = 12
gpt2_model_load: ftype   = 1
gpt2_model_load: qntvr   = 0
gpt2_model_load:      CPU buffer size =   312.77 MB
gpt2_model_load: memory size =    72.00 MB, n_mem = 12288
gpt2_model_load: backend_kv = CPU
gpt2_model_load: model size  =   312.70 MB
gpt2_model_load: backend_in = CPU (8192 bytes)
main:      CPU compute buffer size =     6.32 MB
main: total compute buffer size: 6.32 MB
main: prompt: 'I believe the meaning of life is'
main: number of tokens in prompt = 7, first 8 tokens: 40 1975 262 3616 286 1204 318 

I believe the meaning of life is not one that you must be able to answer for.

If you do not believe in God, then why does his word make you feel better? Why do he make you feel better? It's because I don't think the gospel is true. It's because it's not true.

The gospel tells

main:     load time =   100.88 ms
main:   sample time =    31.23 ms
main:  predict time =   582.75 ms / 8.32 ms per token
main:    total time =   721.34 ms

real	0m0.732s
user	0m2.487s
sys	0m0.113s
+ tee -a /home/ggml/results/ggml/15/74a49c8313b528b752861759fc2f967e3d766e/ggml-6-x86-vulkan-t4/gpt_2-tg.log
+ ./bin/gpt-2-batched --model ../models-mnt/gpt-2/ggml-model-gpt-2-117M.bin -s 1234 -n 64 -np 8 -p 'I believe the meaning of life is'
gpt2_model_load: using CPU backend
extract_tests_from_file : No test file found.
test_gpt_tokenizer : 0 tests failed out of 0 tests.
main: compute buffer size: 6.93 MB
main: seed = 1234
gpt2_model_load: loading model from '../models-mnt/gpt-2/ggml-model-gpt-2-117M.bin'
gpt2_model_load: n_vocab = 50257
gpt2_model_load: n_ctx   = 1024
gpt2_model_load: n_embd  = 768
gpt2_model_load: n_head  = 12
gpt2_model_load: n_layer = 12
gpt2_model_load: ftype   = 1
gpt2_model_load: qntvr   = 0
gpt2_model_load: ggml tensor size    = 336 bytes
gpt2_model_load: backend buffer size = 312.82 MB
gpt2_model_load: memory size =   144.00 MB, n_mem = 24576
gpt2_model_load: model size  =   239.08 MB


main: generating 8 sequences ...
main: prompt: 'I believe the meaning of life is'
main: number of tokens in prompt = 7, first 8 tokens: 40 1975 262 3616 286 1204 318 


main: stream 0 finished at n_cur = 70
main: stream 1 finished at n_cur = 70
main: stream 2 finished at n_cur = 70
main: stream 3 finished at n_cur = 70
main: stream 4 finished at n_cur = 70
main: stream 5 finished at n_cur = 70
main: stream 6 finished at n_cur = 70
main: stream 7 finished at n_cur = 70
sequence 0:

I believe the meaning of life is not to be confused with life. It is to be understood as a system of thought. It is to be understood as the "truth." And if there is not a system of thought, then there is not a whole system of thought. There is only the totality of one consciousness, and that is the totality of

sequence 1:

I believe the meaning of life is a matter of personal satisfaction.

A great philosopher, who was a well-known philosopher of science, has said,

"It is in our nature, or our nature as the very substance of our mind, to live in a world of pleasure and pain and death. It is in our nature,

sequence 2:

I believe the meaning of life is that it is not a complete mystery. The key is the understanding that life is not just a "simple idea" or "futile" concept. It is not, in fact, an "unreal world" or "mystery" that does not exist.

In the context of the universe,

sequence 3:

I believe the meaning of life is in the way we are created and that we can evolve as a species into the kind of people we are today. That's why I'm so proud of the group I have found myself in. And that's why I'm working very hard to help them realize that they are the kind of people that we are today

sequence 4:

I believe the meaning of life is one of love. We don't know who is happy or unhappy with what we live for. That's why we don't have a definition of happiness in our lives."

He added: "I'm a good person with an honest heart. I'm a good woman. I'm a good man. I

sequence 5:

I believe the meaning of life is to die and die and die, and we must learn how to live. That is what we all need to do."

HuffPost: Is it possible that this was a message that the world had to learn from, that we need to learn from all of these people that live for so long and can

sequence 6:

I believe the meaning of life is to live without fear, so that you may be free from all thoughts, fears, thoughts, and passions. This is an essential principle of the Buddhist philosophy." In the early 19th century, an English psychiatrist named Edward S. Wightman proposed that life was a necessary condition for the survival of all beings,

sequence 7:

I believe the meaning of life is a gift for life." In a recent interview with The New York Times, I spoke to the author of a book on the subject, Michael Fassbender, about his belief in a "transcendental life." He said he was intrigued by his sense of meaning: "It is a very, very real possibility



main:     n_decoded =      504
main:     load time =    89.30 ms
main:   sample time =   237.93 ms
main:  predict time =  2090.90 ms
main:    total time =  2455.41 ms

real	0m2.466s
user	0m9.461s
sys	0m0.110s
+ set +e
+ cur=0
+ echo 0
+ set +x
+ gg_run_sam
+ cd /home/ggml/work/ggml
+ gg_wget models-mnt/sam/ https://dl.fbaipublicfiles.com/segment_anything/sam_vit_b_01ec64.pth
+ local out=models-mnt/sam/
+ local url=https://dl.fbaipublicfiles.com/segment_anything/sam_vit_b_01ec64.pth
+ tee /home/ggml/results/ggml/15/74a49c8313b528b752861759fc2f967e3d766e/ggml-6-x86-vulkan-t4/sam.log
++ pwd
+ local cwd=/home/ggml/work/ggml
+ mkdir -p models-mnt/sam/
+ cd models-mnt/sam/
+ wget -nv -N https://dl.fbaipublicfiles.com/segment_anything/sam_vit_b_01ec64.pth
+ cd /home/ggml/work/ggml
+ gg_wget models-mnt/sam/ https://raw.githubusercontent.com/YavorGIvanov/sam.cpp/ceafb7467bff7ec98e0c4f952e58a9eb8fd0238b/img.jpg
+ local out=models-mnt/sam/
+ local url=https://raw.githubusercontent.com/YavorGIvanov/sam.cpp/ceafb7467bff7ec98e0c4f952e58a9eb8fd0238b/img.jpg
++ pwd
+ local cwd=/home/ggml/work/ggml
+ mkdir -p models-mnt/sam/
+ cd models-mnt/sam/
+ wget -nv -N https://raw.githubusercontent.com/YavorGIvanov/sam.cpp/ceafb7467bff7ec98e0c4f952e58a9eb8fd0238b/img.jpg
Last-modified header missing -- time-stamps turned off.
2024-12-08 21:09:45 URL:https://raw.githubusercontent.com/YavorGIvanov/sam.cpp/ceafb7467bff7ec98e0c4f952e58a9eb8fd0238b/img.jpg [79236/79236] -> "img.jpg" [1]
+ cd /home/ggml/work/ggml
+ cd build-ci-release
+ set -e
+ path_models=../models-mnt/sam/
+ model_f16=../models-mnt/sam//ggml-model-f16.bin
+ img_0=../models-mnt/sam//img.jpg
+ python3 ../examples/sam/convert-pth-to-ggml.py ../models-mnt/sam//sam_vit_b_01ec64.pth ../models-mnt/sam// 1
/home/ggml/work/ggml/build-ci-release/../examples/sam/convert-pth-to-ggml.py:44: FutureWarning: You are using `torch.load` with `weights_only=False` (the current default value), which uses the default pickle module implicitly. It is possible to construct malicious pickle data which will execute arbitrary code during unpickling (See https://github.com/pytorch/pytorch/blob/main/SECURITY.md#untrusted-models for more details). In a future release, the default value for `weights_only` will be flipped to `True`. This limits the functions that could be executed during unpickling. Arbitrary objects will no longer be allowed to be loaded via this mode unless they are explicitly allowlisted by the user via `torch.serialization.add_safe_globals`. We recommend you start setting `weights_only=True` for any use case where you don't have full control of the loaded file. Please open an issue on GitHub for any issues related to this experimental feature.
  model = torch.load(fname_model, map_location="cpu")
image_encoder.neck.0.weight torch.Size([256, 768, 1, 1])
image_encoder.neck.1.weight torch.Size([256])
image_encoder.neck.1.bias torch.Size([256])
image_encoder.neck.2.weight torch.Size([256, 256, 3, 3])
image_encoder.neck.3.weight torch.Size([256])
image_encoder.neck.3.bias torch.Size([256])
image_encoder.patch_embed.proj.weight torch.Size([768, 3, 16, 16])
image_encoder.patch_embed.proj.bias torch.Size([768])
image_encoder.blocks.0.norm1.weight torch.Size([768])
image_encoder.blocks.0.norm1.bias torch.Size([768])
image_encoder.blocks.0.attn.rel_pos_h torch.Size([27, 64])
image_encoder.blocks.0.attn.rel_pos_w torch.Size([27, 64])
image_encoder.blocks.0.attn.qkv.weight torch.Size([2304, 768])
image_encoder.blocks.0.attn.qkv.bias torch.Size([2304])
image_encoder.blocks.0.attn.proj.weight torch.Size([768, 768])
image_encoder.blocks.0.attn.proj.bias torch.Size([768])
image_encoder.blocks.0.norm2.weight torch.Size([768])
image_encoder.blocks.0.norm2.bias torch.Size([768])
image_encoder.blocks.0.mlp.lin1.weight torch.Size([3072, 768])
image_encoder.blocks.0.mlp.lin1.bias torch.Size([3072])
image_encoder.blocks.0.mlp.lin2.weight torch.Size([768, 3072])
image_encoder.blocks.0.mlp.lin2.bias torch.Size([768])
image_encoder.blocks.1.norm1.weight torch.Size([768])
image_encoder.blocks.1.norm1.bias torch.Size([768])
image_encoder.blocks.1.attn.rel_pos_h torch.Size([27, 64])
image_encoder.blocks.1.attn.rel_pos_w torch.Size([27, 64])
image_encoder.blocks.1.attn.qkv.weight torch.Size([2304, 768])
image_encoder.blocks.1.attn.qkv.bias torch.Size([2304])
image_encoder.blocks.1.attn.proj.weight torch.Size([768, 768])
image_encoder.blocks.1.attn.proj.bias torch.Size([768])
image_encoder.blocks.1.norm2.weight torch.Size([768])
image_encoder.blocks.1.norm2.bias torch.Size([768])
image_encoder.blocks.1.mlp.lin1.weight torch.Size([3072, 768])
image_encoder.blocks.1.mlp.lin1.bias torch.Size([3072])
image_encoder.blocks.1.mlp.lin2.weight torch.Size([768, 3072])
image_encoder.blocks.1.mlp.lin2.bias torch.Size([768])
image_encoder.blocks.2.norm1.weight torch.Size([768])
image_encoder.blocks.2.norm1.bias torch.Size([768])
image_encoder.blocks.2.attn.rel_pos_h torch.Size([127, 64])
image_encoder.blocks.2.attn.rel_pos_w torch.Size([127, 64])
image_encoder.blocks.2.attn.qkv.weight torch.Size([2304, 768])
image_encoder.blocks.2.attn.qkv.bias torch.Size([2304])
image_encoder.blocks.2.attn.proj.weight torch.Size([768, 768])
image_encoder.blocks.2.attn.proj.bias torch.Size([768])
image_encoder.blocks.2.norm2.weight torch.Size([768])
image_encoder.blocks.2.norm2.bias torch.Size([768])
image_encoder.blocks.2.mlp.lin1.weight torch.Size([3072, 768])
image_encoder.blocks.2.mlp.lin1.bias torch.Size([3072])
image_encoder.blocks.2.mlp.lin2.weight torch.Size([768, 3072])
image_encoder.blocks.2.mlp.lin2.bias torch.Size([768])
image_encoder.blocks.3.norm1.weight torch.Size([768])
image_encoder.blocks.3.norm1.bias torch.Size([768])
image_encoder.blocks.3.attn.rel_pos_h torch.Size([27, 64])
image_encoder.blocks.3.attn.rel_pos_w torch.Size([27, 64])
image_encoder.blocks.3.attn.qkv.weight torch.Size([2304, 768])
image_encoder.blocks.3.attn.qkv.bias torch.Size([2304])
image_encoder.blocks.3.attn.proj.weight torch.Size([768, 768])
image_encoder.blocks.3.attn.proj.bias torch.Size([768])
image_encoder.blocks.3.norm2.weight torch.Size([768])
image_encoder.blocks.3.norm2.bias torch.Size([768])
image_encoder.blocks.3.mlp.lin1.weight torch.Size([3072, 768])
image_encoder.blocks.3.mlp.lin1.bias torch.Size([3072])
image_encoder.blocks.3.mlp.lin2.weight torch.Size([768, 3072])
image_encoder.blocks.3.mlp.lin2.bias torch.Size([768])
image_encoder.blocks.4.norm1.weight torch.Size([768])
image_encoder.blocks.4.norm1.bias torch.Size([768])
image_encoder.blocks.4.attn.rel_pos_h torch.Size([27, 64])
image_encoder.blocks.4.attn.rel_pos_w torch.Size([27, 64])
image_encoder.blocks.4.attn.qkv.weight torch.Size([2304, 768])
image_encoder.blocks.4.attn.qkv.bias torch.Size([2304])
image_encoder.blocks.4.attn.proj.weight torch.Size([768, 768])
image_encoder.blocks.4.attn.proj.bias torch.Size([768])
image_encoder.blocks.4.norm2.weight torch.Size([768])
image_encoder.blocks.4.norm2.bias torch.Size([768])
image_encoder.blocks.4.mlp.lin1.weight torch.Size([3072, 768])
image_encoder.blocks.4.mlp.lin1.bias torch.Size([3072])
image_encoder.blocks.4.mlp.lin2.weight torch.Size([768, 3072])
image_encoder.blocks.4.mlp.lin2.bias torch.Size([768])
image_encoder.blocks.5.norm1.weight torch.Size([768])
image_encoder.blocks.5.norm1.bias torch.Size([768])
image_encoder.blocks.5.attn.rel_pos_h torch.Size([127, 64])
image_encoder.blocks.5.attn.rel_pos_w torch.Size([127, 64])
image_encoder.blocks.5.attn.qkv.weight torch.Size([2304, 768])
image_encoder.blocks.5.attn.qkv.bias torch.Size([2304])
image_encoder.blocks.5.attn.proj.weight torch.Size([768, 768])
image_encoder.blocks.5.attn.proj.bias torch.Size([768])
image_encoder.blocks.5.norm2.weight torch.Size([768])
image_encoder.blocks.5.norm2.bias torch.Size([768])
image_encoder.blocks.5.mlp.lin1.weight torch.Size([3072, 768])
image_encoder.blocks.5.mlp.lin1.bias torch.Size([3072])
image_encoder.blocks.5.mlp.lin2.weight torch.Size([768, 3072])
image_encoder.blocks.5.mlp.lin2.bias torch.Size([768])
image_encoder.blocks.6.norm1.weight torch.Size([768])
image_encoder.blocks.6.norm1.bias torch.Size([768])
image_encoder.blocks.6.attn.rel_pos_h torch.Size([27, 64])
image_encoder.blocks.6.attn.rel_pos_w torch.Size([27, 64])
image_encoder.blocks.6.attn.qkv.weight torch.Size([2304, 768])
image_encoder.blocks.6.attn.qkv.bias torch.Size([2304])
image_encoder.blocks.6.attn.proj.weight torch.Size([768, 768])
image_encoder.blocks.6.attn.proj.bias torch.Size([768])
image_encoder.blocks.6.norm2.weight torch.Size([768])
image_encoder.blocks.6.norm2.bias torch.Size([768])
image_encoder.blocks.6.mlp.lin1.weight torch.Size([3072, 768])
image_encoder.blocks.6.mlp.lin1.bias torch.Size([3072])
image_encoder.blocks.6.mlp.lin2.weight torch.Size([768, 3072])
image_encoder.blocks.6.mlp.lin2.bias torch.Size([768])
image_encoder.blocks.7.norm1.weight torch.Size([768])
image_encoder.blocks.7.norm1.bias torch.Size([768])
image_encoder.blocks.7.attn.rel_pos_h torch.Size([27, 64])
image_encoder.blocks.7.attn.rel_pos_w torch.Size([27, 64])
image_encoder.blocks.7.attn.qkv.weight torch.Size([2304, 768])
image_encoder.blocks.7.attn.qkv.bias torch.Size([2304])
image_encoder.blocks.7.attn.proj.weight torch.Size([768, 768])
image_encoder.blocks.7.attn.proj.bias torch.Size([768])
image_encoder.blocks.7.norm2.weight torch.Size([768])
image_encoder.blocks.7.norm2.bias torch.Size([768])
image_encoder.blocks.7.mlp.lin1.weight torch.Size([3072, 768])
image_encoder.blocks.7.mlp.lin1.bias torch.Size([3072])
image_encoder.blocks.7.mlp.lin2.weight torch.Size([768, 3072])
image_encoder.blocks.7.mlp.lin2.bias torch.Size([768])
image_encoder.blocks.8.norm1.weight torch.Size([768])
image_encoder.blocks.8.norm1.bias torch.Size([768])
image_encoder.blocks.8.attn.rel_pos_h torch.Size([127, 64])
image_encoder.blocks.8.attn.rel_pos_w torch.Size([127, 64])
image_encoder.blocks.8.attn.qkv.weight torch.Size([2304, 768])
image_encoder.blocks.8.attn.qkv.bias torch.Size([2304])
image_encoder.blocks.8.attn.proj.weight torch.Size([768, 768])
image_encoder.blocks.8.attn.proj.bias torch.Size([768])
image_encoder.blocks.8.norm2.weight torch.Size([768])
image_encoder.blocks.8.norm2.bias torch.Size([768])
image_encoder.blocks.8.mlp.lin1.weight torch.Size([3072, 768])
image_encoder.blocks.8.mlp.lin1.bias torch.Size([3072])
image_encoder.blocks.8.mlp.lin2.weight torch.Size([768, 3072])
image_encoder.blocks.8.mlp.lin2.bias torch.Size([768])
image_encoder.blocks.9.norm1.weight torch.Size([768])
image_encoder.blocks.9.norm1.bias torch.Size([768])
image_encoder.blocks.9.attn.rel_pos_h torch.Size([27, 64])
image_encoder.blocks.9.attn.rel_pos_w torch.Size([27, 64])
image_encoder.blocks.9.attn.qkv.weight torch.Size([2304, 768])
image_encoder.blocks.9.attn.qkv.bias torch.Size([2304])
image_encoder.blocks.9.attn.proj.weight torch.Size([768, 768])
image_encoder.blocks.9.attn.proj.bias torch.Size([768])
image_encoder.blocks.9.norm2.weight torch.Size([768])
image_encoder.blocks.9.norm2.bias torch.Size([768])
image_encoder.blocks.9.mlp.lin1.weight torch.Size([3072, 768])
image_encoder.blocks.9.mlp.lin1.bias torch.Size([3072])
image_encoder.blocks.9.mlp.lin2.weight torch.Size([768, 3072])
image_encoder.blocks.9.mlp.lin2.bias torch.Size([768])
image_encoder.blocks.10.norm1.weight torch.Size([768])
image_encoder.blocks.10.norm1.bias torch.Size([768])
image_encoder.blocks.10.attn.rel_pos_h torch.Size([27, 64])
image_encoder.blocks.10.attn.rel_pos_w torch.Size([27, 64])
image_encoder.blocks.10.attn.qkv.weight torch.Size([2304, 768])
image_encoder.blocks.10.attn.qkv.bias torch.Size([2304])
image_encoder.blocks.10.attn.proj.weight torch.Size([768, 768])
image_encoder.blocks.10.attn.proj.bias torch.Size([768])
image_encoder.blocks.10.norm2.weight torch.Size([768])
image_encoder.blocks.10.norm2.bias torch.Size([768])
image_encoder.blocks.10.mlp.lin1.weight torch.Size([3072, 768])
image_encoder.blocks.10.mlp.lin1.bias torch.Size([3072])
image_encoder.blocks.10.mlp.lin2.weight torch.Size([768, 3072])
image_encoder.blocks.10.mlp.lin2.bias torch.Size([768])
image_encoder.blocks.11.norm1.weight torch.Size([768])
image_encoder.blocks.11.norm1.bias torch.Size([768])
image_encoder.blocks.11.attn.rel_pos_h torch.Size([127, 64])
image_encoder.blocks.11.attn.rel_pos_w torch.Size([127, 64])
image_encoder.blocks.11.attn.qkv.weight torch.Size([2304, 768])
image_encoder.blocks.11.attn.qkv.bias torch.Size([2304])
image_encoder.blocks.11.attn.proj.weight torch.Size([768, 768])
image_encoder.blocks.11.attn.proj.bias torch.Size([768])
image_encoder.blocks.11.norm2.weight torch.Size([768])
image_encoder.blocks.11.norm2.bias torch.Size([768])
image_encoder.blocks.11.mlp.lin1.weight torch.Size([3072, 768])
image_encoder.blocks.11.mlp.lin1.bias torch.Size([3072])
image_encoder.blocks.11.mlp.lin2.weight torch.Size([768, 3072])
image_encoder.blocks.11.mlp.lin2.bias torch.Size([768])
prompt_encoder.pe_layer.positional_encoding_gaussian_matrix torch.Size([2, 128])
mask_decoder.transformer.layers.0.self_attn.q_proj.weight torch.Size([256, 256])
mask_decoder.transformer.layers.0.self_attn.q_proj.bias torch.Size([256])
mask_decoder.transformer.layers.0.self_attn.k_proj.weight torch.Size([256, 256])
mask_decoder.transformer.layers.0.self_attn.k_proj.bias torch.Size([256])
mask_decoder.transformer.layers.0.self_attn.v_proj.weight torch.Size([256, 256])
mask_decoder.transformer.layers.0.self_attn.v_proj.bias torch.Size([256])
mask_decoder.transformer.layers.0.self_attn.out_proj.weight torch.Size([256, 256])
mask_decoder.transformer.layers.0.self_attn.out_proj.bias torch.Size([256])
mask_decoder.transformer.layers.0.norm1.weight torch.Size([256])
mask_decoder.transformer.layers.0.norm1.bias torch.Size([256])
mask_decoder.transformer.layers.0.cross_attn_token_to_image.q_proj.weight torch.Size([128, 256])
mask_decoder.transformer.layers.0.cross_attn_token_to_image.q_proj.bias torch.Size([128])
mask_decoder.transformer.layers.0.cross_attn_token_to_image.k_proj.weight torch.Size([128, 256])
mask_decoder.transformer.layers.0.cross_attn_token_to_image.k_proj.bias torch.Size([128])
mask_decoder.transformer.layers.0.cross_attn_token_to_image.v_proj.weight torch.Size([128, 256])
mask_decoder.transformer.layers.0.cross_attn_token_to_image.v_proj.bias torch.Size([128])
mask_decoder.transformer.layers.0.cross_attn_token_to_image.out_proj.weight torch.Size([256, 128])
mask_decoder.transformer.layers.0.cross_attn_token_to_image.out_proj.bias torch.Size([256])
mask_decoder.transformer.layers.0.norm2.weight torch.Size([256])
mask_decoder.transformer.layers.0.norm2.bias torch.Size([256])
mask_decoder.transformer.layers.0.mlp.lin1.weight torch.Size([2048, 256])
mask_decoder.transformer.layers.0.mlp.lin1.bias torch.Size([2048])
mask_decoder.transformer.layers.0.mlp.lin2.weight torch.Size([256, 2048])
mask_decoder.transformer.layers.0.mlp.lin2.bias torch.Size([256])
mask_decoder.transformer.layers.0.norm3.weight torch.Size([256])
mask_decoder.transformer.layers.0.norm3.bias torch.Size([256])
mask_decoder.transformer.layers.0.norm4.weight torch.Size([256])
mask_decoder.transformer.layers.0.norm4.bias torch.Size([256])
mask_decoder.transformer.layers.0.cross_attn_image_to_token.q_proj.weight torch.Size([128, 256])
mask_decoder.transformer.layers.0.cross_attn_image_to_token.q_proj.bias torch.Size([128])
mask_decoder.transformer.layers.0.cross_attn_image_to_token.k_proj.weight torch.Size([128, 256])
mask_decoder.transformer.layers.0.cross_attn_image_to_token.k_proj.bias torch.Size([128])
mask_decoder.transformer.layers.0.cross_attn_image_to_token.v_proj.weight torch.Size([128, 256])
mask_decoder.transformer.layers.0.cross_attn_image_to_token.v_proj.bias torch.Size([128])
mask_decoder.transformer.layers.0.cross_attn_image_to_token.out_proj.weight torch.Size([256, 128])
mask_decoder.transformer.layers.0.cross_attn_image_to_token.out_proj.bias torch.Size([256])
mask_decoder.transformer.layers.1.self_attn.q_proj.weight torch.Size([256, 256])
mask_decoder.transformer.layers.1.self_attn.q_proj.bias torch.Size([256])
mask_decoder.transformer.layers.1.self_attn.k_proj.weight torch.Size([256, 256])
mask_decoder.transformer.layers.1.self_attn.k_proj.bias torch.Size([256])
mask_decoder.transformer.layers.1.self_attn.v_proj.weight torch.Size([256, 256])
mask_decoder.transformer.layers.1.self_attn.v_proj.bias torch.Size([256])
mask_decoder.transformer.layers.1.self_attn.out_proj.weight torch.Size([256, 256])
mask_decoder.transformer.layers.1.self_attn.out_proj.bias torch.Size([256])
mask_decoder.transformer.layers.1.norm1.weight torch.Size([256])
mask_decoder.transformer.layers.1.norm1.bias torch.Size([256])
mask_decoder.transformer.layers.1.cross_attn_token_to_image.q_proj.weight torch.Size([128, 256])
mask_decoder.transformer.layers.1.cross_attn_token_to_image.q_proj.bias torch.Size([128])
mask_decoder.transformer.layers.1.cross_attn_token_to_image.k_proj.weight torch.Size([128, 256])
mask_decoder.transformer.layers.1.cross_attn_token_to_image.k_proj.bias torch.Size([128])
mask_decoder.transformer.layers.1.cross_attn_token_to_image.v_proj.weight torch.Size([128, 256])
mask_decoder.transformer.layers.1.cross_attn_token_to_image.v_proj.bias torch.Size([128])
mask_decoder.transformer.layers.1.cross_attn_token_to_image.out_proj.weight torch.Size([256, 128])
mask_decoder.transformer.layers.1.cross_attn_token_to_image.out_proj.bias torch.Size([256])
mask_decoder.transformer.layers.1.norm2.weight torch.Size([256])
mask_decoder.transformer.layers.1.norm2.bias torch.Size([256])
mask_decoder.transformer.layers.1.mlp.lin1.weight torch.Size([2048, 256])
mask_decoder.transformer.layers.1.mlp.lin1.bias torch.Size([2048])
mask_decoder.transformer.layers.1.mlp.lin2.weight torch.Size([256, 2048])
mask_decoder.transformer.layers.1.mlp.lin2.bias torch.Size([256])
mask_decoder.transformer.layers.1.norm3.weight torch.Size([256])
mask_decoder.transformer.layers.1.norm3.bias torch.Size([256])
mask_decoder.transformer.layers.1.norm4.weight torch.Size([256])
mask_decoder.transformer.layers.1.norm4.bias torch.Size([256])
mask_decoder.transformer.layers.1.cross_attn_image_to_token.q_proj.weight torch.Size([128, 256])
mask_decoder.transformer.layers.1.cross_attn_image_to_token.q_proj.bias torch.Size([128])
mask_decoder.transformer.layers.1.cross_attn_image_to_token.k_proj.weight torch.Size([128, 256])
mask_decoder.transformer.layers.1.cross_attn_image_to_token.k_proj.bias torch.Size([128])
mask_decoder.transformer.layers.1.cross_attn_image_to_token.v_proj.weight torch.Size([128, 256])
mask_decoder.transformer.layers.1.cross_attn_image_to_token.v_proj.bias torch.Size([128])
mask_decoder.transformer.layers.1.cross_attn_image_to_token.out_proj.weight torch.Size([256, 128])
mask_decoder.transformer.layers.1.cross_attn_image_to_token.out_proj.bias torch.Size([256])
mask_decoder.transformer.final_attn_token_to_image.q_proj.weight torch.Size([128, 256])
mask_decoder.transformer.final_attn_token_to_image.q_proj.bias torch.Size([128])
mask_decoder.transformer.final_attn_token_to_image.k_proj.weight torch.Size([128, 256])
mask_decoder.transformer.final_attn_token_to_image.k_proj.bias torch.Size([128])
mask_decoder.transformer.final_attn_token_to_image.v_proj.weight torch.Size([128, 256])
mask_decoder.transformer.final_attn_token_to_image.v_proj.bias torch.Size([128])
mask_decoder.transformer.final_attn_token_to_image.out_proj.weight torch.Size([256, 128])
mask_decoder.transformer.final_attn_token_to_image.out_proj.bias torch.Size([256])
mask_decoder.transformer.norm_final_attn.weight torch.Size([256])
mask_decoder.transformer.norm_final_attn.bias torch.Size([256])
prompt_encoder.point_embeddings.0.weight torch.Size([1, 256])
prompt_encoder.point_embeddings.1.weight torch.Size([1, 256])
prompt_encoder.point_embeddings.2.weight torch.Size([1, 256])
prompt_encoder.point_embeddings.3.weight torch.Size([1, 256])
prompt_encoder.not_a_point_embed.weight torch.Size([1, 256])
mask_decoder.output_upscaling.0.weight torch.Size([256, 64, 2, 2])
mask_decoder.output_upscaling.0.bias torch.Size([64])
mask_decoder.output_upscaling.1.weight torch.Size([64])
mask_decoder.output_upscaling.1.bias torch.Size([64])
mask_decoder.output_upscaling.3.weight torch.Size([64, 32, 2, 2])
mask_decoder.output_upscaling.3.bias torch.Size([32])
mask_decoder.output_hypernetworks_mlps.0.layers.0.weight torch.Size([256, 256])
mask_decoder.output_hypernetworks_mlps.0.layers.0.bias torch.Size([256])
mask_decoder.output_hypernetworks_mlps.0.layers.1.weight torch.Size([256, 256])
mask_decoder.output_hypernetworks_mlps.0.layers.1.bias torch.Size([256])
mask_decoder.output_hypernetworks_mlps.0.layers.2.weight torch.Size([32, 256])
mask_decoder.output_hypernetworks_mlps.0.layers.2.bias torch.Size([32])
mask_decoder.output_hypernetworks_mlps.1.layers.0.weight torch.Size([256, 256])
mask_decoder.output_hypernetworks_mlps.1.layers.0.bias torch.Size([256])
mask_decoder.output_hypernetworks_mlps.1.layers.1.weight torch.Size([256, 256])
mask_decoder.output_hypernetworks_mlps.1.layers.1.bias torch.Size([256])
mask_decoder.output_hypernetworks_mlps.1.layers.2.weight torch.Size([32, 256])
mask_decoder.output_hypernetworks_mlps.1.layers.2.bias torch.Size([32])
mask_decoder.output_hypernetworks_mlps.2.layers.0.weight torch.Size([256, 256])
mask_decoder.output_hypernetworks_mlps.2.layers.0.bias torch.Size([256])
mask_decoder.output_hypernetworks_mlps.2.layers.1.weight torch.Size([256, 256])
mask_decoder.output_hypernetworks_mlps.2.layers.1.bias torch.Size([256])
mask_decoder.output_hypernetworks_mlps.2.layers.2.weight torch.Size([32, 256])
mask_decoder.output_hypernetworks_mlps.2.layers.2.bias torch.Size([32])
mask_decoder.output_hypernetworks_mlps.3.layers.0.weight torch.Size([256, 256])
mask_decoder.output_hypernetworks_mlps.3.layers.0.bias torch.Size([256])
mask_decoder.output_hypernetworks_mlps.3.layers.1.weight torch.Size([256, 256])
mask_decoder.output_hypernetworks_mlps.3.layers.1.bias torch.Size([256])
mask_decoder.output_hypernetworks_mlps.3.layers.2.weight torch.Size([32, 256])
mask_decoder.output_hypernetworks_mlps.3.layers.2.bias torch.Size([32])
prompt_encoder.mask_downscaling.0.weight torch.Size([4, 1, 2, 2])
prompt_encoder.mask_downscaling.0.bias torch.Size([4])
prompt_encoder.mask_downscaling.1.weight torch.Size([4])
prompt_encoder.mask_downscaling.1.bias torch.Size([4])
prompt_encoder.mask_downscaling.3.weight torch.Size([16, 4, 2, 2])
prompt_encoder.mask_downscaling.3.bias torch.Size([16])
prompt_encoder.mask_downscaling.4.weight torch.Size([16])
prompt_encoder.mask_downscaling.4.bias torch.Size([16])
prompt_encoder.mask_downscaling.6.weight torch.Size([256, 16, 1, 1])
prompt_encoder.mask_downscaling.6.bias torch.Size([256])
prompt_encoder.no_mask_embed.weight torch.Size([1, 256])
mask_decoder.iou_prediction_head.layers.0.weight torch.Size([256, 256])
mask_decoder.iou_prediction_head.layers.0.bias torch.Size([256])
mask_decoder.iou_prediction_head.layers.1.weight torch.Size([256, 256])
mask_decoder.iou_prediction_head.layers.1.bias torch.Size([256])
mask_decoder.iou_prediction_head.layers.2.weight torch.Size([4, 256])
mask_decoder.iou_prediction_head.layers.2.bias torch.Size([4])
mask_decoder.iou_token.weight torch.Size([1, 256])
mask_decoder.mask_tokens.weight torch.Size([4, 256])
image_encoder.pos_embed torch.Size([1, 64, 64, 768])
{'n_enc_state': 768, 'n_enc_layers': 12, 'n_enc_heads': 12, 'n_enc_out_chans': 256, 'n_pt_embd': 4}
image_encoder.neck.0.weight torch.Size([256, 768, 1, 1])
image_encoder.neck.1.weight torch.Size([256])
image_encoder.neck.1.bias torch.Size([256])
image_encoder.neck.2.weight torch.Size([256, 256, 3, 3])
image_encoder.neck.3.weight torch.Size([256])
image_encoder.neck.3.bias torch.Size([256])
image_encoder.patch_embed.proj.weight torch.Size([768, 3, 16, 16])
image_encoder.patch_embed.proj.bias torch.Size([768])
image_encoder.blocks.0.norm1.weight torch.Size([768])
image_encoder.blocks.0.norm1.bias torch.Size([768])
image_encoder.blocks.0.attn.rel_pos_h torch.Size([27, 64])
image_encoder.blocks.0.attn.rel_pos_w torch.Size([27, 64])
image_encoder.blocks.0.attn.qkv.weight torch.Size([2304, 768])
image_encoder.blocks.0.attn.qkv.bias torch.Size([2304])
image_encoder.blocks.0.attn.proj.weight torch.Size([768, 768])
image_encoder.blocks.0.attn.proj.bias torch.Size([768])
image_encoder.blocks.0.norm2.weight torch.Size([768])
image_encoder.blocks.0.norm2.bias torch.Size([768])
image_encoder.blocks.0.mlp.lin1.weight torch.Size([3072, 768])
image_encoder.blocks.0.mlp.lin1.bias torch.Size([3072])
image_encoder.blocks.0.mlp.lin2.weight torch.Size([768, 3072])
image_encoder.blocks.0.mlp.lin2.bias torch.Size([768])
image_encoder.blocks.1.norm1.weight torch.Size([768])
image_encoder.blocks.1.norm1.bias torch.Size([768])
image_encoder.blocks.1.attn.rel_pos_h torch.Size([27, 64])
image_encoder.blocks.1.attn.rel_pos_w torch.Size([27, 64])
image_encoder.blocks.1.attn.qkv.weight torch.Size([2304, 768])
image_encoder.blocks.1.attn.qkv.bias torch.Size([2304])
image_encoder.blocks.1.attn.proj.weight torch.Size([768, 768])
image_encoder.blocks.1.attn.proj.bias torch.Size([768])
image_encoder.blocks.1.norm2.weight torch.Size([768])
image_encoder.blocks.1.norm2.bias torch.Size([768])
image_encoder.blocks.1.mlp.lin1.weight torch.Size([3072, 768])
image_encoder.blocks.1.mlp.lin1.bias torch.Size([3072])
image_encoder.blocks.1.mlp.lin2.weight torch.Size([768, 3072])
image_encoder.blocks.1.mlp.lin2.bias torch.Size([768])
image_encoder.blocks.2.norm1.weight torch.Size([768])
image_encoder.blocks.2.norm1.bias torch.Size([768])
image_encoder.blocks.2.attn.rel_pos_h torch.Size([127, 64])
image_encoder.blocks.2.attn.rel_pos_w torch.Size([127, 64])
image_encoder.blocks.2.attn.qkv.weight torch.Size([2304, 768])
image_encoder.blocks.2.attn.qkv.bias torch.Size([2304])
image_encoder.blocks.2.attn.proj.weight torch.Size([768, 768])
image_encoder.blocks.2.attn.proj.bias torch.Size([768])
image_encoder.blocks.2.norm2.weight torch.Size([768])
image_encoder.blocks.2.norm2.bias torch.Size([768])
image_encoder.blocks.2.mlp.lin1.weight torch.Size([3072, 768])
image_encoder.blocks.2.mlp.lin1.bias torch.Size([3072])
image_encoder.blocks.2.mlp.lin2.weight torch.Size([768, 3072])
image_encoder.blocks.2.mlp.lin2.bias torch.Size([768])
image_encoder.blocks.3.norm1.weight torch.Size([768])
image_encoder.blocks.3.norm1.bias torch.Size([768])
image_encoder.blocks.3.attn.rel_pos_h torch.Size([27, 64])
image_encoder.blocks.3.attn.rel_pos_w torch.Size([27, 64])
image_encoder.blocks.3.attn.qkv.weight torch.Size([2304, 768])
image_encoder.blocks.3.attn.qkv.bias torch.Size([2304])
image_encoder.blocks.3.attn.proj.weight torch.Size([768, 768])
image_encoder.blocks.3.attn.proj.bias torch.Size([768])
image_encoder.blocks.3.norm2.weight torch.Size([768])
image_encoder.blocks.3.norm2.bias torch.Size([768])
image_encoder.blocks.3.mlp.lin1.weight torch.Size([3072, 768])
image_encoder.blocks.3.mlp.lin1.bias torch.Size([3072])
image_encoder.blocks.3.mlp.lin2.weight torch.Size([768, 3072])
image_encoder.blocks.3.mlp.lin2.bias torch.Size([768])
image_encoder.blocks.4.norm1.weight torch.Size([768])
image_encoder.blocks.4.norm1.bias torch.Size([768])
image_encoder.blocks.4.attn.rel_pos_h torch.Size([27, 64])
image_encoder.blocks.4.attn.rel_pos_w torch.Size([27, 64])
image_encoder.blocks.4.attn.qkv.weight torch.Size([2304, 768])
image_encoder.blocks.4.attn.qkv.bias torch.Size([2304])
image_encoder.blocks.4.attn.proj.weight torch.Size([768, 768])
image_encoder.blocks.4.attn.proj.bias torch.Size([768])
image_encoder.blocks.4.norm2.weight torch.Size([768])
image_encoder.blocks.4.norm2.bias torch.Size([768])
image_encoder.blocks.4.mlp.lin1.weight torch.Size([3072, 768])
image_encoder.blocks.4.mlp.lin1.bias torch.Size([3072])
image_encoder.blocks.4.mlp.lin2.weight torch.Size([768, 3072])
image_encoder.blocks.4.mlp.lin2.bias torch.Size([768])
image_encoder.blocks.5.norm1.weight torch.Size([768])
image_encoder.blocks.5.norm1.bias torch.Size([768])
image_encoder.blocks.5.attn.rel_pos_h torch.Size([127, 64])
image_encoder.blocks.5.attn.rel_pos_w torch.Size([127, 64])
image_encoder.blocks.5.attn.qkv.weight torch.Size([2304, 768])
image_encoder.blocks.5.attn.qkv.bias torch.Size([2304])
image_encoder.blocks.5.attn.proj.weight torch.Size([768, 768])
image_encoder.blocks.5.attn.proj.bias torch.Size([768])
image_encoder.blocks.5.norm2.weight torch.Size([768])
image_encoder.blocks.5.norm2.bias torch.Size([768])
image_encoder.blocks.5.mlp.lin1.weight torch.Size([3072, 768])
image_encoder.blocks.5.mlp.lin1.bias torch.Size([3072])
image_encoder.blocks.5.mlp.lin2.weight torch.Size([768, 3072])
image_encoder.blocks.5.mlp.lin2.bias torch.Size([768])
image_encoder.blocks.6.norm1.weight torch.Size([768])
image_encoder.blocks.6.norm1.bias torch.Size([768])
image_encoder.blocks.6.attn.rel_pos_h torch.Size([27, 64])
image_encoder.blocks.6.attn.rel_pos_w torch.Size([27, 64])
image_encoder.blocks.6.attn.qkv.weight torch.Size([2304, 768])
image_encoder.blocks.6.attn.qkv.bias torch.Size([2304])
image_encoder.blocks.6.attn.proj.weight torch.Size([768, 768])
image_encoder.blocks.6.attn.proj.bias torch.Size([768])
image_encoder.blocks.6.norm2.weight torch.Size([768])
image_encoder.blocks.6.norm2.bias torch.Size([768])
image_encoder.blocks.6.mlp.lin1.weight torch.Size([3072, 768])
image_encoder.blocks.6.mlp.lin1.bias torch.Size([3072])
image_encoder.blocks.6.mlp.lin2.weight torch.Size([768, 3072])
image_encoder.blocks.6.mlp.lin2.bias torch.Size([768])
image_encoder.blocks.7.norm1.weight torch.Size([768])
image_encoder.blocks.7.norm1.bias torch.Size([768])
image_encoder.blocks.7.attn.rel_pos_h torch.Size([27, 64])
image_encoder.blocks.7.attn.rel_pos_w torch.Size([27, 64])
image_encoder.blocks.7.attn.qkv.weight torch.Size([2304, 768])
image_encoder.blocks.7.attn.qkv.bias torch.Size([2304])
image_encoder.blocks.7.attn.proj.weight torch.Size([768, 768])
image_encoder.blocks.7.attn.proj.bias torch.Size([768])
image_encoder.blocks.7.norm2.weight torch.Size([768])
image_encoder.blocks.7.norm2.bias torch.Size([768])
image_encoder.blocks.7.mlp.lin1.weight torch.Size([3072, 768])
image_encoder.blocks.7.mlp.lin1.bias torch.Size([3072])
image_encoder.blocks.7.mlp.lin2.weight torch.Size([768, 3072])
image_encoder.blocks.7.mlp.lin2.bias torch.Size([768])
image_encoder.blocks.8.norm1.weight torch.Size([768])
image_encoder.blocks.8.norm1.bias torch.Size([768])
image_encoder.blocks.8.attn.rel_pos_h torch.Size([127, 64])
image_encoder.blocks.8.attn.rel_pos_w torch.Size([127, 64])
image_encoder.blocks.8.attn.qkv.weight torch.Size([2304, 768])
image_encoder.blocks.8.attn.qkv.bias torch.Size([2304])
image_encoder.blocks.8.attn.proj.weight torch.Size([768, 768])
image_encoder.blocks.8.attn.proj.bias torch.Size([768])
image_encoder.blocks.8.norm2.weight torch.Size([768])
image_encoder.blocks.8.norm2.bias torch.Size([768])
image_encoder.blocks.8.mlp.lin1.weight torch.Size([3072, 768])
image_encoder.blocks.8.mlp.lin1.bias torch.Size([3072])
image_encoder.blocks.8.mlp.lin2.weight torch.Size([768, 3072])
image_encoder.blocks.8.mlp.lin2.bias torch.Size([768])
image_encoder.blocks.9.norm1.weight torch.Size([768])
image_encoder.blocks.9.norm1.bias torch.Size([768])
image_encoder.blocks.9.attn.rel_pos_h torch.Size([27, 64])
image_encoder.blocks.9.attn.rel_pos_w torch.Size([27, 64])
image_encoder.blocks.9.attn.qkv.weight torch.Size([2304, 768])
image_encoder.blocks.9.attn.qkv.bias torch.Size([2304])
image_encoder.blocks.9.attn.proj.weight torch.Size([768, 768])
image_encoder.blocks.9.attn.proj.bias torch.Size([768])
image_encoder.blocks.9.norm2.weight torch.Size([768])
image_encoder.blocks.9.norm2.bias torch.Size([768])
image_encoder.blocks.9.mlp.lin1.weight torch.Size([3072, 768])
image_encoder.blocks.9.mlp.lin1.bias torch.Size([3072])
image_encoder.blocks.9.mlp.lin2.weight torch.Size([768, 3072])
image_encoder.blocks.9.mlp.lin2.bias torch.Size([768])
image_encoder.blocks.10.norm1.weight torch.Size([768])
image_encoder.blocks.10.norm1.bias torch.Size([768])
image_encoder.blocks.10.attn.rel_pos_h torch.Size([27, 64])
image_encoder.blocks.10.attn.rel_pos_w torch.Size([27, 64])
image_encoder.blocks.10.attn.qkv.weight torch.Size([2304, 768])
image_encoder.blocks.10.attn.qkv.bias torch.Size([2304])
image_encoder.blocks.10.attn.proj.weight torch.Size([768, 768])
image_encoder.blocks.10.attn.proj.bias torch.Size([768])
image_encoder.blocks.10.norm2.weight torch.Size([768])
image_encoder.blocks.10.norm2.bias torch.Size([768])
image_encoder.blocks.10.mlp.lin1.weight torch.Size([3072, 768])
image_encoder.blocks.10.mlp.lin1.bias torch.Size([3072])
image_encoder.blocks.10.mlp.lin2.weight torch.Size([768, 3072])
image_encoder.blocks.10.mlp.lin2.bias torch.Size([768])
image_encoder.blocks.11.norm1.weight torch.Size([768])
image_encoder.blocks.11.norm1.bias torch.Size([768])
image_encoder.blocks.11.attn.rel_pos_h torch.Size([127, 64])
image_encoder.blocks.11.attn.rel_pos_w torch.Size([127, 64])
image_encoder.blocks.11.attn.qkv.weight torch.Size([2304, 768])
image_encoder.blocks.11.attn.qkv.bias torch.Size([2304])
image_encoder.blocks.11.attn.proj.weight torch.Size([768, 768])
image_encoder.blocks.11.attn.proj.bias torch.Size([768])
image_encoder.blocks.11.norm2.weight torch.Size([768])
image_encoder.blocks.11.norm2.bias torch.Size([768])
image_encoder.blocks.11.mlp.lin1.weight torch.Size([3072, 768])
image_encoder.blocks.11.mlp.lin1.bias torch.Size([3072])
image_encoder.blocks.11.mlp.lin2.weight torch.Size([768, 3072])
image_encoder.blocks.11.mlp.lin2.bias torch.Size([768])
prompt_encoder.pe_layer.positional_encoding_gaussian_matrix torch.Size([2, 128])
mask_decoder.transformer.layers.0.self_attn.q_proj.weight torch.Size([256, 256])
mask_decoder.transformer.layers.0.self_attn.q_proj.bias torch.Size([256])
mask_decoder.transformer.layers.0.self_attn.k_proj.weight torch.Size([256, 256])
mask_decoder.transformer.layers.0.self_attn.k_proj.bias torch.Size([256])
mask_decoder.transformer.layers.0.self_attn.v_proj.weight torch.Size([256, 256])
mask_decoder.transformer.layers.0.self_attn.v_proj.bias torch.Size([256])
mask_decoder.transformer.layers.0.self_attn.out_proj.weight torch.Size([256, 256])
mask_decoder.transformer.layers.0.self_attn.out_proj.bias torch.Size([256])
mask_decoder.transformer.layers.0.norm1.weight torch.Size([256])
mask_decoder.transformer.layers.0.norm1.bias torch.Size([256])
mask_decoder.transformer.layers.0.cross_attn_token_to_image.q_proj.weight torch.Size([128, 256])
mask_decoder.transformer.layers.0.cross_attn_token_to_image.q_proj.bias torch.Size([128])
mask_decoder.transformer.layers.0.cross_attn_token_to_image.k_proj.weight torch.Size([128, 256])
mask_decoder.transformer.layers.0.cross_attn_token_to_image.k_proj.bias torch.Size([128])
mask_decoder.transformer.layers.0.cross_attn_token_to_image.v_proj.weight torch.Size([128, 256])
mask_decoder.transformer.layers.0.cross_attn_token_to_image.v_proj.bias torch.Size([128])
mask_decoder.transformer.layers.0.cross_attn_token_to_image.out_proj.weight torch.Size([256, 128])
mask_decoder.transformer.layers.0.cross_attn_token_to_image.out_proj.bias torch.Size([256])
mask_decoder.transformer.layers.0.norm2.weight torch.Size([256])
mask_decoder.transformer.layers.0.norm2.bias torch.Size([256])
mask_decoder.transformer.layers.0.mlp.lin1.weight torch.Size([2048, 256])
mask_decoder.transformer.layers.0.mlp.lin1.bias torch.Size([2048])
mask_decoder.transformer.layers.0.mlp.lin2.weight torch.Size([256, 2048])
mask_decoder.transformer.layers.0.mlp.lin2.bias torch.Size([256])
mask_decoder.transformer.layers.0.norm3.weight torch.Size([256])
mask_decoder.transformer.layers.0.norm3.bias torch.Size([256])
mask_decoder.transformer.layers.0.norm4.weight torch.Size([256])
mask_decoder.transformer.layers.0.norm4.bias torch.Size([256])
mask_decoder.transformer.layers.0.cross_attn_image_to_token.q_proj.weight torch.Size([128, 256])
mask_decoder.transformer.layers.0.cross_attn_image_to_token.q_proj.bias torch.Size([128])
mask_decoder.transformer.layers.0.cross_attn_image_to_token.k_proj.weight torch.Size([128, 256])
mask_decoder.transformer.layers.0.cross_attn_image_to_token.k_proj.bias torch.Size([128])
mask_decoder.transformer.layers.0.cross_attn_image_to_token.v_proj.weight torch.Size([128, 256])
mask_decoder.transformer.layers.0.cross_attn_image_to_token.v_proj.bias torch.Size([128])
mask_decoder.transformer.layers.0.cross_attn_image_to_token.out_proj.weight torch.Size([256, 128])
mask_decoder.transformer.layers.0.cross_attn_image_to_token.out_proj.bias torch.Size([256])
mask_decoder.transformer.layers.1.self_attn.q_proj.weight torch.Size([256, 256])
mask_decoder.transformer.layers.1.self_attn.q_proj.bias torch.Size([256])
mask_decoder.transformer.layers.1.self_attn.k_proj.weight torch.Size([256, 256])
mask_decoder.transformer.layers.1.self_attn.k_proj.bias torch.Size([256])
mask_decoder.transformer.layers.1.self_attn.v_proj.weight torch.Size([256, 256])
mask_decoder.transformer.layers.1.self_attn.v_proj.bias torch.Size([256])
mask_decoder.transformer.layers.1.self_attn.out_proj.weight torch.Size([256, 256])
mask_decoder.transformer.layers.1.self_attn.out_proj.bias torch.Size([256])
mask_decoder.transformer.layers.1.norm1.weight torch.Size([256])
mask_decoder.transformer.layers.1.norm1.bias torch.Size([256])
mask_decoder.transformer.layers.1.cross_attn_token_to_image.q_proj.weight torch.Size([128, 256])
mask_decoder.transformer.layers.1.cross_attn_token_to_image.q_proj.bias torch.Size([128])
mask_decoder.transformer.layers.1.cross_attn_token_to_image.k_proj.weight torch.Size([128, 256])
mask_decoder.transformer.layers.1.cross_attn_token_to_image.k_proj.bias torch.Size([128])
mask_decoder.transformer.layers.1.cross_attn_token_to_image.v_proj.weight torch.Size([128, 256])
mask_decoder.transformer.layers.1.cross_attn_token_to_image.v_proj.bias torch.Size([128])
mask_decoder.transformer.layers.1.cross_attn_token_to_image.out_proj.weight torch.Size([256, 128])
mask_decoder.transformer.layers.1.cross_attn_token_to_image.out_proj.bias torch.Size([256])
mask_decoder.transformer.layers.1.norm2.weight torch.Size([256])
mask_decoder.transformer.layers.1.norm2.bias torch.Size([256])
mask_decoder.transformer.layers.1.mlp.lin1.weight torch.Size([2048, 256])
mask_decoder.transformer.layers.1.mlp.lin1.bias torch.Size([2048])
mask_decoder.transformer.layers.1.mlp.lin2.weight torch.Size([256, 2048])
mask_decoder.transformer.layers.1.mlp.lin2.bias torch.Size([256])
mask_decoder.transformer.layers.1.norm3.weight torch.Size([256])
mask_decoder.transformer.layers.1.norm3.bias torch.Size([256])
mask_decoder.transformer.layers.1.norm4.weight torch.Size([256])
mask_decoder.transformer.layers.1.norm4.bias torch.Size([256])
mask_decoder.transformer.layers.1.cross_attn_image_to_token.q_proj.weight torch.Size([128, 256])
mask_decoder.transformer.layers.1.cross_attn_image_to_token.q_proj.bias torch.Size([128])
mask_decoder.transformer.layers.1.cross_attn_image_to_token.k_proj.weight torch.Size([128, 256])
mask_decoder.transformer.layers.1.cross_attn_image_to_token.k_proj.bias torch.Size([128])
mask_decoder.transformer.layers.1.cross_attn_image_to_token.v_proj.weight torch.Size([128, 256])
mask_decoder.transformer.layers.1.cross_attn_image_to_token.v_proj.bias torch.Size([128])
mask_decoder.transformer.layers.1.cross_attn_image_to_token.out_proj.weight torch.Size([256, 128])
mask_decoder.transformer.layers.1.cross_attn_image_to_token.out_proj.bias torch.Size([256])
mask_decoder.transformer.final_attn_token_to_image.q_proj.weight torch.Size([128, 256])
mask_decoder.transformer.final_attn_token_to_image.q_proj.bias torch.Size([128])
mask_decoder.transformer.final_attn_token_to_image.k_proj.weight torch.Size([128, 256])
mask_decoder.transformer.final_attn_token_to_image.k_proj.bias torch.Size([128])
mask_decoder.transformer.final_attn_token_to_image.v_proj.weight torch.Size([128, 256])
mask_decoder.transformer.final_attn_token_to_image.v_proj.bias torch.Size([128])
mask_decoder.transformer.final_attn_token_to_image.out_proj.weight torch.Size([256, 128])
mask_decoder.transformer.final_attn_token_to_image.out_proj.bias torch.Size([256])
mask_decoder.transformer.norm_final_attn.weight torch.Size([256])
mask_decoder.transformer.norm_final_attn.bias torch.Size([256])
prompt_encoder.point_embeddings.0.weight torch.Size([1, 256])
prompt_encoder.point_embeddings.1.weight torch.Size([1, 256])
prompt_encoder.point_embeddings.2.weight torch.Size([1, 256])
prompt_encoder.point_embeddings.3.weight torch.Size([1, 256])
prompt_encoder.not_a_point_embed.weight torch.Size([1, 256])
mask_decoder.output_upscaling.0.weight torch.Size([256, 64, 2, 2])
mask_decoder.output_upscaling.0.bias torch.Size([64])
mask_decoder.output_upscaling.1.weight torch.Size([64])
mask_decoder.output_upscaling.1.bias torch.Size([64])
mask_decoder.output_upscaling.3.weight torch.Size([64, 32, 2, 2])
mask_decoder.output_upscaling.3.bias torch.Size([32])
mask_decoder.output_hypernetworks_mlps.0.layers.0.weight torch.Size([256, 256])
mask_decoder.output_hypernetworks_mlps.0.layers.0.bias torch.Size([256])
mask_decoder.output_hypernetworks_mlps.0.layers.1.weight torch.Size([256, 256])
mask_decoder.output_hypernetworks_mlps.0.layers.1.bias torch.Size([256])
mask_decoder.output_hypernetworks_mlps.0.layers.2.weight torch.Size([32, 256])
mask_decoder.output_hypernetworks_mlps.0.layers.2.bias torch.Size([32])
mask_decoder.output_hypernetworks_mlps.1.layers.0.weight torch.Size([256, 256])
mask_decoder.output_hypernetworks_mlps.1.layers.0.bias torch.Size([256])
mask_decoder.output_hypernetworks_mlps.1.layers.1.weight torch.Size([256, 256])
mask_decoder.output_hypernetworks_mlps.1.layers.1.bias torch.Size([256])
mask_decoder.output_hypernetworks_mlps.1.layers.2.weight torch.Size([32, 256])
mask_decoder.output_hypernetworks_mlps.1.layers.2.bias torch.Size([32])
mask_decoder.output_hypernetworks_mlps.2.layers.0.weight torch.Size([256, 256])
mask_decoder.output_hypernetworks_mlps.2.layers.0.bias torch.Size([256])
mask_decoder.output_hypernetworks_mlps.2.layers.1.weight torch.Size([256, 256])
mask_decoder.output_hypernetworks_mlps.2.layers.1.bias torch.Size([256])
mask_decoder.output_hypernetworks_mlps.2.layers.2.weight torch.Size([32, 256])
mask_decoder.output_hypernetworks_mlps.2.layers.2.bias torch.Size([32])
mask_decoder.output_hypernetworks_mlps.3.layers.0.weight torch.Size([256, 256])
mask_decoder.output_hypernetworks_mlps.3.layers.0.bias torch.Size([256])
mask_decoder.output_hypernetworks_mlps.3.layers.1.weight torch.Size([256, 256])
mask_decoder.output_hypernetworks_mlps.3.layers.1.bias torch.Size([256])
mask_decoder.output_hypernetworks_mlps.3.layers.2.weight torch.Size([32, 256])
mask_decoder.output_hypernetworks_mlps.3.layers.2.bias torch.Size([32])
prompt_encoder.mask_downscaling.0.weight torch.Size([4, 1, 2, 2])
prompt_encoder.mask_downscaling.0.bias torch.Size([4])
prompt_encoder.mask_downscaling.1.weight torch.Size([4])
prompt_encoder.mask_downscaling.1.bias torch.Size([4])
prompt_encoder.mask_downscaling.3.weight torch.Size([16, 4, 2, 2])
prompt_encoder.mask_downscaling.3.bias torch.Size([16])
prompt_encoder.mask_downscaling.4.weight torch.Size([16])
prompt_encoder.mask_downscaling.4.bias torch.Size([16])
prompt_encoder.mask_downscaling.6.weight torch.Size([256, 16, 1, 1])
prompt_encoder.mask_downscaling.6.bias torch.Size([256])
prompt_encoder.no_mask_embed.weight torch.Size([1, 256])
mask_decoder.iou_prediction_head.layers.0.weight torch.Size([256, 256])
mask_decoder.iou_prediction_head.layers.0.bias torch.Size([256])
mask_decoder.iou_prediction_head.layers.1.weight torch.Size([256, 256])
mask_decoder.iou_prediction_head.layers.1.bias torch.Size([256])
mask_decoder.iou_prediction_head.layers.2.weight torch.Size([4, 256])
mask_decoder.iou_prediction_head.layers.2.bias torch.Size([4])
mask_decoder.iou_token.weight torch.Size([1, 256])
mask_decoder.mask_tokens.weight torch.Size([4, 256])
image_encoder.pos_embed torch.Size([1, 64, 64, 768])
Processing variable: image_encoder.neck.0.weight with shape:  torch.Size([256, 768, 1, 1])  and type:  torch.float32
  Converting to float16
  New shape:  (256, 768, 1, 1)
Processing variable: image_encoder.neck.1.weight with shape:  torch.Size([256])  and type:  torch.float32
  Converting to float32
  New shape:  (256,)
Processing variable: image_encoder.neck.1.bias with shape:  torch.Size([256])  and type:  torch.float32
  Converting to float32
  New shape:  (256,)
Processing variable: image_encoder.neck.2.weight with shape:  torch.Size([256, 256, 3, 3])  and type:  torch.float32
  Converting to float16
  New shape:  (256, 256, 3, 3)
Processing variable: image_encoder.neck.3.weight with shape:  torch.Size([256])  and type:  torch.float32
  Converting to float32
  New shape:  (256,)
Processing variable: image_encoder.neck.3.bias with shape:  torch.Size([256])  and type:  torch.float32
  Converting to float32
  New shape:  (256,)
Processing variable: image_encoder.patch_embed.proj.weight with shape:  torch.Size([768, 3, 16, 16])  and type:  torch.float32
  Converting to float16
  New shape:  (768, 3, 16, 16)
Processing variable: image_encoder.patch_embed.proj.bias with shape:  torch.Size([768])  and type:  torch.float32
  Converting to float32
  New shape:  (1, 768, 1, 1)
Processing variable: image_encoder.blocks.0.norm1.weight with shape:  torch.Size([768])  and type:  torch.float32
  Converting to float32
  New shape:  (768,)
Processing variable: image_encoder.blocks.0.norm1.bias with shape:  torch.Size([768])  and type:  torch.float32
  Converting to float32
  New shape:  (768,)
Processing variable: image_encoder.blocks.0.attn.rel_pos_h with shape:  torch.Size([27, 64])  and type:  torch.float32
  Converting to float16
  New shape:  (27, 64)
Processing variable: image_encoder.blocks.0.attn.rel_pos_w with shape:  torch.Size([27, 64])  and type:  torch.float32
  Converting to float16
  New shape:  (27, 64)
Processing variable: image_encoder.blocks.0.attn.qkv.weight with shape:  torch.Size([2304, 768])  and type:  torch.float32
  Converting to float16
  New shape:  (2304, 768)
Processing variable: image_encoder.blocks.0.attn.qkv.bias with shape:  torch.Size([2304])  and type:  torch.float32
  Converting to float32
  New shape:  (2304,)
Processing variable: image_encoder.blocks.0.attn.proj.weight with shape:  torch.Size([768, 768])  and type:  torch.float32
  Converting to float16
  New shape:  (768, 768)
Processing variable: image_encoder.blocks.0.attn.proj.bias with shape:  torch.Size([768])  and type:  torch.float32
  Converting to float32
  New shape:  (768,)
Processing variable: image_encoder.blocks.0.norm2.weight with shape:  torch.Size([768])  and type:  torch.float32
  Converting to float32
  New shape:  (768,)
Processing variable: image_encoder.blocks.0.norm2.bias with shape:  torch.Size([768])  and type:  torch.float32
  Converting to float32
  New shape:  (768,)
Processing variable: image_encoder.blocks.0.mlp.lin1.weight with shape:  torch.Size([3072, 768])  and type:  torch.float32
  Converting to float16
  New shape:  (3072, 768)
Processing variable: image_encoder.blocks.0.mlp.lin1.bias with shape:  torch.Size([3072])  and type:  torch.float32
  Converting to float32
  New shape:  (3072,)
Processing variable: image_encoder.blocks.0.mlp.lin2.weight with shape:  torch.Size([768, 3072])  and type:  torch.float32
  Converting to float16
  New shape:  (768, 3072)
Processing variable: image_encoder.blocks.0.mlp.lin2.bias with shape:  torch.Size([768])  and type:  torch.float32
  Converting to float32
  New shape:  (768,)
Processing variable: image_encoder.blocks.1.norm1.weight with shape:  torch.Size([768])  and type:  torch.float32
  Converting to float32
  New shape:  (768,)
Processing variable: image_encoder.blocks.1.norm1.bias with shape:  torch.Size([768])  and type:  torch.float32
  Converting to float32
  New shape:  (768,)
Processing variable: image_encoder.blocks.1.attn.rel_pos_h with shape:  torch.Size([27, 64])  and type:  torch.float32
  Converting to float16
  New shape:  (27, 64)
Processing variable: image_encoder.blocks.1.attn.rel_pos_w with shape:  torch.Size([27, 64])  and type:  torch.float32
  Converting to float16
  New shape:  (27, 64)
Processing variable: image_encoder.blocks.1.attn.qkv.weight with shape:  torch.Size([2304, 768])  and type:  torch.float32
  Converting to float16
  New shape:  (2304, 768)
Processing variable: image_encoder.blocks.1.attn.qkv.bias with shape:  torch.Size([2304])  and type:  torch.float32
  Converting to float32
  New shape:  (2304,)
Processing variable: image_encoder.blocks.1.attn.proj.weight with shape:  torch.Size([768, 768])  and type:  torch.float32
  Converting to float16
  New shape:  (768, 768)
Processing variable: image_encoder.blocks.1.attn.proj.bias with shape:  torch.Size([768])  and type:  torch.float32
  Converting to float32
  New shape:  (768,)
Processing variable: image_encoder.blocks.1.norm2.weight with shape:  torch.Size([768])  and type:  torch.float32
  Converting to float32
  New shape:  (768,)
Processing variable: image_encoder.blocks.1.norm2.bias with shape:  torch.Size([768])  and type:  torch.float32
  Converting to float32
  New shape:  (768,)
Processing variable: image_encoder.blocks.1.mlp.lin1.weight with shape:  torch.Size([3072, 768])  and type:  torch.float32
  Converting to float16
  New shape:  (3072, 768)
Processing variable: image_encoder.blocks.1.mlp.lin1.bias with shape:  torch.Size([3072])  and type:  torch.float32
  Converting to float32
  New shape:  (3072,)
Processing variable: image_encoder.blocks.1.mlp.lin2.weight with shape:  torch.Size([768, 3072])  and type:  torch.float32
  Converting to float16
  New shape:  (768, 3072)
Processing variable: image_encoder.blocks.1.mlp.lin2.bias with shape:  torch.Size([768])  and type:  torch.float32
  Converting to float32
  New shape:  (768,)
Processing variable: image_encoder.blocks.2.norm1.weight with shape:  torch.Size([768])  and type:  torch.float32
  Converting to float32
  New shape:  (768,)
Processing variable: image_encoder.blocks.2.norm1.bias with shape:  torch.Size([768])  and type:  torch.float32
  Converting to float32
  New shape:  (768,)
Processing variable: image_encoder.blocks.2.attn.rel_pos_h with shape:  torch.Size([127, 64])  and type:  torch.float32
  Converting to float16
  New shape:  (127, 64)
Processing variable: image_encoder.blocks.2.attn.rel_pos_w with shape:  torch.Size([127, 64])  and type:  torch.float32
  Converting to float16
  New shape:  (127, 64)
Processing variable: image_encoder.blocks.2.attn.qkv.weight with shape:  torch.Size([2304, 768])  and type:  torch.float32
  Converting to float16
  New shape:  (2304, 768)
Processing variable: image_encoder.blocks.2.attn.qkv.bias with shape:  torch.Size([2304])  and type:  torch.float32
  Converting to float32
  New shape:  (2304,)
Processing variable: image_encoder.blocks.2.attn.proj.weight with shape:  torch.Size([768, 768])  and type:  torch.float32
  Converting to float16
  New shape:  (768, 768)
Processing variable: image_encoder.blocks.2.attn.proj.bias with shape:  torch.Size([768])  and type:  torch.float32
  Converting to float32
  New shape:  (768,)
Processing variable: image_encoder.blocks.2.norm2.weight with shape:  torch.Size([768])  and type:  torch.float32
  Converting to float32
  New shape:  (768,)
Processing variable: image_encoder.blocks.2.norm2.bias with shape:  torch.Size([768])  and type:  torch.float32
  Converting to float32
  New shape:  (768,)
Processing variable: image_encoder.blocks.2.mlp.lin1.weight with shape:  torch.Size([3072, 768])  and type:  torch.float32
  Converting to float16
  New shape:  (3072, 768)
Processing variable: image_encoder.blocks.2.mlp.lin1.bias with shape:  torch.Size([3072])  and type:  torch.float32
  Converting to float32
  New shape:  (3072,)
Processing variable: image_encoder.blocks.2.mlp.lin2.weight with shape:  torch.Size([768, 3072])  and type:  torch.float32
  Converting to float16
  New shape:  (768, 3072)
Processing variable: image_encoder.blocks.2.mlp.lin2.bias with shape:  torch.Size([768])  and type:  torch.float32
  Converting to float32
  New shape:  (768,)
Processing variable: image_encoder.blocks.3.norm1.weight with shape:  torch.Size([768])  and type:  torch.float32
  Converting to float32
  New shape:  (768,)
Processing variable: image_encoder.blocks.3.norm1.bias with shape:  torch.Size([768])  and type:  torch.float32
  Converting to float32
  New shape:  (768,)
Processing variable: image_encoder.blocks.3.attn.rel_pos_h with shape:  torch.Size([27, 64])  and type:  torch.float32
  Converting to float16
  New shape:  (27, 64)
Processing variable: image_encoder.blocks.3.attn.rel_pos_w with shape:  torch.Size([27, 64])  and type:  torch.float32
  Converting to float16
  New shape:  (27, 64)
Processing variable: image_encoder.blocks.3.attn.qkv.weight with shape:  torch.Size([2304, 768])  and type:  torch.float32
  Converting to float16
  New shape:  (2304, 768)
Processing variable: image_encoder.blocks.3.attn.qkv.bias with shape:  torch.Size([2304])  and type:  torch.float32
  Converting to float32
  New shape:  (2304,)
Processing variable: image_encoder.blocks.3.attn.proj.weight with shape:  torch.Size([768, 768])  and type:  torch.float32
  Converting to float16
  New shape:  (768, 768)
Processing variable: image_encoder.blocks.3.attn.proj.bias with shape:  torch.Size([768])  and type:  torch.float32
  Converting to float32
  New shape:  (768,)
Processing variable: image_encoder.blocks.3.norm2.weight with shape:  torch.Size([768])  and type:  torch.float32
  Converting to float32
  New shape:  (768,)
Processing variable: image_encoder.blocks.3.norm2.bias with shape:  torch.Size([768])  and type:  torch.float32
  Converting to float32
  New shape:  (768,)
Processing variable: image_encoder.blocks.3.mlp.lin1.weight with shape:  torch.Size([3072, 768])  and type:  torch.float32
  Converting to float16
  New shape:  (3072, 768)
Processing variable: image_encoder.blocks.3.mlp.lin1.bias with shape:  torch.Size([3072])  and type:  torch.float32
  Converting to float32
  New shape:  (3072,)
Processing variable: image_encoder.blocks.3.mlp.lin2.weight with shape:  torch.Size([768, 3072])  and type:  torch.float32
  Converting to float16
  New shape:  (768, 3072)
Processing variable: image_encoder.blocks.3.mlp.lin2.bias with shape:  torch.Size([768])  and type:  torch.float32
  Converting to float32
  New shape:  (768,)
Processing variable: image_encoder.blocks.4.norm1.weight with shape:  torch.Size([768])  and type:  torch.float32
  Converting to float32
  New shape:  (768,)
Processing variable: image_encoder.blocks.4.norm1.bias with shape:  torch.Size([768])  and type:  torch.float32
  Converting to float32
  New shape:  (768,)
Processing variable: image_encoder.blocks.4.attn.rel_pos_h with shape:  torch.Size([27, 64])  and type:  torch.float32
  Converting to float16
  New shape:  (27, 64)
Processing variable: image_encoder.blocks.4.attn.rel_pos_w with shape:  torch.Size([27, 64])  and type:  torch.float32
  Converting to float16
  New shape:  (27, 64)
Processing variable: image_encoder.blocks.4.attn.qkv.weight with shape:  torch.Size([2304, 768])  and type:  torch.float32
  Converting to float16
  New shape:  (2304, 768)
Processing variable: image_encoder.blocks.4.attn.qkv.bias with shape:  torch.Size([2304])  and type:  torch.float32
  Converting to float32
  New shape:  (2304,)
Processing variable: image_encoder.blocks.4.attn.proj.weight with shape:  torch.Size([768, 768])  and type:  torch.float32
  Converting to float16
  New shape:  (768, 768)
Processing variable: image_encoder.blocks.4.attn.proj.bias with shape:  torch.Size([768])  and type:  torch.float32
  Converting to float32
  New shape:  (768,)
Processing variable: image_encoder.blocks.4.norm2.weight with shape:  torch.Size([768])  and type:  torch.float32
  Converting to float32
  New shape:  (768,)
Processing variable: image_encoder.blocks.4.norm2.bias with shape:  torch.Size([768])  and type:  torch.float32
  Converting to float32
  New shape:  (768,)
Processing variable: image_encoder.blocks.4.mlp.lin1.weight with shape:  torch.Size([3072, 768])  and type:  torch.float32
  Converting to float16
  New shape:  (3072, 768)
Processing variable: image_encoder.blocks.4.mlp.lin1.bias with shape:  torch.Size([3072])  and type:  torch.float32
  Converting to float32
  New shape:  (3072,)
Processing variable: image_encoder.blocks.4.mlp.lin2.weight with shape:  torch.Size([768, 3072])  and type:  torch.float32
  Converting to float16
  New shape:  (768, 3072)
Processing variable: image_encoder.blocks.4.mlp.lin2.bias with shape:  torch.Size([768])  and type:  torch.float32
  Converting to float32
  New shape:  (768,)
Processing variable: image_encoder.blocks.5.norm1.weight with shape:  torch.Size([768])  and type:  torch.float32
  Converting to float32
  New shape:  (768,)
Processing variable: image_encoder.blocks.5.norm1.bias with shape:  torch.Size([768])  and type:  torch.float32
  Converting to float32
  New shape:  (768,)
Processing variable: image_encoder.blocks.5.attn.rel_pos_h with shape:  torch.Size([127, 64])  and type:  torch.float32
  Converting to float16
  New shape:  (127, 64)
Processing variable: image_encoder.blocks.5.attn.rel_pos_w with shape:  torch.Size([127, 64])  and type:  torch.float32
  Converting to float16
  New shape:  (127, 64)
Processing variable: image_encoder.blocks.5.attn.qkv.weight with shape:  torch.Size([2304, 768])  and type:  torch.float32
  Converting to float16
  New shape:  (2304, 768)
Processing variable: image_encoder.blocks.5.attn.qkv.bias with shape:  torch.Size([2304])  and type:  torch.float32
  Converting to float32
  New shape:  (2304,)
Processing variable: image_encoder.blocks.5.attn.proj.weight with shape:  torch.Size([768, 768])  and type:  torch.float32
  Converting to float16
  New shape:  (768, 768)
Processing variable: image_encoder.blocks.5.attn.proj.bias with shape:  torch.Size([768])  and type:  torch.float32
  Converting to float32
  New shape:  (768,)
Processing variable: image_encoder.blocks.5.norm2.weight with shape:  torch.Size([768])  and type:  torch.float32
  Converting to float32
  New shape:  (768,)
Processing variable: image_encoder.blocks.5.norm2.bias with shape:  torch.Size([768])  and type:  torch.float32
  Converting to float32
  New shape:  (768,)
Processing variable: image_encoder.blocks.5.mlp.lin1.weight with shape:  torch.Size([3072, 768])  and type:  torch.float32
  Converting to float16
  New shape:  (3072, 768)
Processing variable: image_encoder.blocks.5.mlp.lin1.bias with shape:  torch.Size([3072])  and type:  torch.float32
  Converting to float32
  New shape:  (3072,)
Processing variable: image_encoder.blocks.5.mlp.lin2.weight with shape:  torch.Size([768, 3072])  and type:  torch.float32
  Converting to float16
  New shape:  (768, 3072)
Processing variable: image_encoder.blocks.5.mlp.lin2.bias with shape:  torch.Size([768])  and type:  torch.float32
  Converting to float32
  New shape:  (768,)
Processing variable: image_encoder.blocks.6.norm1.weight with shape:  torch.Size([768])  and type:  torch.float32
  Converting to float32
  New shape:  (768,)
Processing variable: image_encoder.blocks.6.norm1.bias with shape:  torch.Size([768])  and type:  torch.float32
  Converting to float32
  New shape:  (768,)
Processing variable: image_encoder.blocks.6.attn.rel_pos_h with shape:  torch.Size([27, 64])  and type:  torch.float32
  Converting to float16
  New shape:  (27, 64)
Processing variable: image_encoder.blocks.6.attn.rel_pos_w with shape:  torch.Size([27, 64])  and type:  torch.float32
  Converting to float16
  New shape:  (27, 64)
Processing variable: image_encoder.blocks.6.attn.qkv.weight with shape:  torch.Size([2304, 768])  and type:  torch.float32
  Converting to float16
  New shape:  (2304, 768)
Processing variable: image_encoder.blocks.6.attn.qkv.bias with shape:  torch.Size([2304])  and type:  torch.float32
  Converting to float32
  New shape:  (2304,)
Processing variable: image_encoder.blocks.6.attn.proj.weight with shape:  torch.Size([768, 768])  and type:  torch.float32
  Converting to float16
  New shape:  (768, 768)
Processing variable: image_encoder.blocks.6.attn.proj.bias with shape:  torch.Size([768])  and type:  torch.float32
  Converting to float32
  New shape:  (768,)
Processing variable: image_encoder.blocks.6.norm2.weight with shape:  torch.Size([768])  and type:  torch.float32
  Converting to float32
  New shape:  (768,)
Processing variable: image_encoder.blocks.6.norm2.bias with shape:  torch.Size([768])  and type:  torch.float32
  Converting to float32
  New shape:  (768,)
Processing variable: image_encoder.blocks.6.mlp.lin1.weight with shape:  torch.Size([3072, 768])  and type:  torch.float32
  Converting to float16
  New shape:  (3072, 768)
Processing variable: image_encoder.blocks.6.mlp.lin1.bias with shape:  torch.Size([3072])  and type:  torch.float32
  Converting to float32
  New shape:  (3072,)
Processing variable: image_encoder.blocks.6.mlp.lin2.weight with shape:  torch.Size([768, 3072])  and type:  torch.float32
  Converting to float16
  New shape:  (768, 3072)
Processing variable: image_encoder.blocks.6.mlp.lin2.bias with shape:  torch.Size([768])  and type:  torch.float32
  Converting to float32
  New shape:  (768,)
Processing variable: image_encoder.blocks.7.norm1.weight with shape:  torch.Size([768])  and type:  torch.float32
  Converting to float32
  New shape:  (768,)
Processing variable: image_encoder.blocks.7.norm1.bias with shape:  torch.Size([768])  and type:  torch.float32
  Converting to float32
  New shape:  (768,)
Processing variable: image_encoder.blocks.7.attn.rel_pos_h with shape:  torch.Size([27, 64])  and type:  torch.float32
  Converting to float16
  New shape:  (27, 64)
Processing variable: image_encoder.blocks.7.attn.rel_pos_w with shape:  torch.Size([27, 64])  and type:  torch.float32
  Converting to float16
  New shape:  (27, 64)
Processing variable: image_encoder.blocks.7.attn.qkv.weight with shape:  torch.Size([2304, 768])  and type:  torch.float32
  Converting to float16
  New shape:  (2304, 768)
Processing variable: image_encoder.blocks.7.attn.qkv.bias with shape:  torch.Size([2304])  and type:  torch.float32
  Converting to float32
  New shape:  (2304,)
Processing variable: image_encoder.blocks.7.attn.proj.weight with shape:  torch.Size([768, 768])  and type:  torch.float32
  Converting to float16
  New shape:  (768, 768)
Processing variable: image_encoder.blocks.7.attn.proj.bias with shape:  torch.Size([768])  and type:  torch.float32
  Converting to float32
  New shape:  (768,)
Processing variable: image_encoder.blocks.7.norm2.weight with shape:  torch.Size([768])  and type:  torch.float32
  Converting to float32
  New shape:  (768,)
Processing variable: image_encoder.blocks.7.norm2.bias with shape:  torch.Size([768])  and type:  torch.float32
  Converting to float32
  New shape:  (768,)
Processing variable: image_encoder.blocks.7.mlp.lin1.weight with shape:  torch.Size([3072, 768])  and type:  torch.float32
  Converting to float16
  New shape:  (3072, 768)
Processing variable: image_encoder.blocks.7.mlp.lin1.bias with shape:  torch.Size([3072])  and type:  torch.float32
  Converting to float32
  New shape:  (3072,)
Processing variable: image_encoder.blocks.7.mlp.lin2.weight with shape:  torch.Size([768, 3072])  and type:  torch.float32
  Converting to float16
  New shape:  (768, 3072)
Processing variable: image_encoder.blocks.7.mlp.lin2.bias with shape:  torch.Size([768])  and type:  torch.float32
  Converting to float32
  New shape:  (768,)
Processing variable: image_encoder.blocks.8.norm1.weight with shape:  torch.Size([768])  and type:  torch.float32
  Converting to float32
  New shape:  (768,)
Processing variable: image_encoder.blocks.8.norm1.bias with shape:  torch.Size([768])  and type:  torch.float32
  Converting to float32
  New shape:  (768,)
Processing variable: image_encoder.blocks.8.attn.rel_pos_h with shape:  torch.Size([127, 64])  and type:  torch.float32
  Converting to float16
  New shape:  (127, 64)
Processing variable: image_encoder.blocks.8.attn.rel_pos_w with shape:  torch.Size([127, 64])  and type:  torch.float32
  Converting to float16
  New shape:  (127, 64)
Processing variable: image_encoder.blocks.8.attn.qkv.weight with shape:  torch.Size([2304, 768])  and type:  torch.float32
  Converting to float16
  New shape:  (2304, 768)
Processing variable: image_encoder.blocks.8.attn.qkv.bias with shape:  torch.Size([2304])  and type:  torch.float32
  Converting to float32
  New shape:  (2304,)
Processing variable: image_encoder.blocks.8.attn.proj.weight with shape:  torch.Size([768, 768])  and type:  torch.float32
  Converting to float16
  New shape:  (768, 768)
Processing variable: image_encoder.blocks.8.attn.proj.bias with shape:  torch.Size([768])  and type:  torch.float32
  Converting to float32
  New shape:  (768,)
Processing variable: image_encoder.blocks.8.norm2.weight with shape:  torch.Size([768])  and type:  torch.float32
  Converting to float32
  New shape:  (768,)
Processing variable: image_encoder.blocks.8.norm2.bias with shape:  torch.Size([768])  and type:  torch.float32
  Converting to float32
  New shape:  (768,)
Processing variable: image_encoder.blocks.8.mlp.lin1.weight with shape:  torch.Size([3072, 768])  and type:  torch.float32
  Converting to float16
  New shape:  (3072, 768)
Processing variable: image_encoder.blocks.8.mlp.lin1.bias with shape:  torch.Size([3072])  and type:  torch.float32
  Converting to float32
  New shape:  (3072,)
Processing variable: image_encoder.blocks.8.mlp.lin2.weight with shape:  torch.Size([768, 3072])  and type:  torch.float32
  Converting to float16
  New shape:  (768, 3072)
Processing variable: image_encoder.blocks.8.mlp.lin2.bias with shape:  torch.Size([768])  and type:  torch.float32
  Converting to float32
  New shape:  (768,)
Processing variable: image_encoder.blocks.9.norm1.weight with shape:  torch.Size([768])  and type:  torch.float32
  Converting to float32
  New shape:  (768,)
Processing variable: image_encoder.blocks.9.norm1.bias with shape:  torch.Size([768])  and type:  torch.float32
  Converting to float32
  New shape:  (768,)
Processing variable: image_encoder.blocks.9.attn.rel_pos_h with shape:  torch.Size([27, 64])  and type:  torch.float32
  Converting to float16
  New shape:  (27, 64)
Processing variable: image_encoder.blocks.9.attn.rel_pos_w with shape:  torch.Size([27, 64])  and type:  torch.float32
  Converting to float16
  New shape:  (27, 64)
Processing variable: image_encoder.blocks.9.attn.qkv.weight with shape:  torch.Size([2304, 768])  and type:  torch.float32
  Converting to float16
  New shape:  (2304, 768)
Processing variable: image_encoder.blocks.9.attn.qkv.bias with shape:  torch.Size([2304])  and type:  torch.float32
  Converting to float32
  New shape:  (2304,)
Processing variable: image_encoder.blocks.9.attn.proj.weight with shape:  torch.Size([768, 768])  and type:  torch.float32
  Converting to float16
  New shape:  (768, 768)
Processing variable: image_encoder.blocks.9.attn.proj.bias with shape:  torch.Size([768])  and type:  torch.float32
  Converting to float32
  New shape:  (768,)
Processing variable: image_encoder.blocks.9.norm2.weight with shape:  torch.Size([768])  and type:  torch.float32
  Converting to float32
  New shape:  (768,)
Processing variable: image_encoder.blocks.9.norm2.bias with shape:  torch.Size([768])  and type:  torch.float32
  Converting to float32
  New shape:  (768,)
Processing variable: image_encoder.blocks.9.mlp.lin1.weight with shape:  torch.Size([3072, 768])  and type:  torch.float32
  Converting to float16
  New shape:  (3072, 768)
Processing variable: image_encoder.blocks.9.mlp.lin1.bias with shape:  torch.Size([3072])  and type:  torch.float32
  Converting to float32
  New shape:  (3072,)
Processing variable: image_encoder.blocks.9.mlp.lin2.weight with shape:  torch.Size([768, 3072])  and type:  torch.float32
  Converting to float16
  New shape:  (768, 3072)
Processing variable: image_encoder.blocks.9.mlp.lin2.bias with shape:  torch.Size([768])  and type:  torch.float32
  Converting to float32
  New shape:  (768,)
Processing variable: image_encoder.blocks.10.norm1.weight with shape:  torch.Size([768])  and type:  torch.float32
  Converting to float32
  New shape:  (768,)
Processing variable: image_encoder.blocks.10.norm1.bias with shape:  torch.Size([768])  and type:  torch.float32
  Converting to float32
  New shape:  (768,)
Processing variable: image_encoder.blocks.10.attn.rel_pos_h with shape:  torch.Size([27, 64])  and type:  torch.float32
  Converting to float16
  New shape:  (27, 64)
Processing variable: image_encoder.blocks.10.attn.rel_pos_w with shape:  torch.Size([27, 64])  and type:  torch.float32
  Converting to float16
  New shape:  (27, 64)
Processing variable: image_encoder.blocks.10.attn.qkv.weight with shape:  torch.Size([2304, 768])  and type:  torch.float32
  Converting to float16
  New shape:  (2304, 768)
Processing variable: image_encoder.blocks.10.attn.qkv.bias with shape:  torch.Size([2304])  and type:  torch.float32
  Converting to float32
  New shape:  (2304,)
Processing variable: image_encoder.blocks.10.attn.proj.weight with shape:  torch.Size([768, 768])  and type:  torch.float32
  Converting to float16
  New shape:  (768, 768)
Processing variable: image_encoder.blocks.10.attn.proj.bias with shape:  torch.Size([768])  and type:  torch.float32
  Converting to float32
  New shape:  (768,)
Processing variable: image_encoder.blocks.10.norm2.weight with shape:  torch.Size([768])  and type:  torch.float32
  Converting to float32
  New shape:  (768,)
Processing variable: image_encoder.blocks.10.norm2.bias with shape:  torch.Size([768])  and type:  torch.float32
  Converting to float32
  New shape:  (768,)
Processing variable: image_encoder.blocks.10.mlp.lin1.weight with shape:  torch.Size([3072, 768])  and type:  torch.float32
  Converting to float16
  New shape:  (3072, 768)
Processing variable: image_encoder.blocks.10.mlp.lin1.bias with shape:  torch.Size([3072])  and type:  torch.float32
  Converting to float32
  New shape:  (3072,)
Processing variable: image_encoder.blocks.10.mlp.lin2.weight with shape:  torch.Size([768, 3072])  and type:  torch.float32
  Converting to float16
  New shape:  (768, 3072)
Processing variable: image_encoder.blocks.10.mlp.lin2.bias with shape:  torch.Size([768])  and type:  torch.float32
  Converting to float32
  New shape:  (768,)
Processing variable: image_encoder.blocks.11.norm1.weight with shape:  torch.Size([768])  and type:  torch.float32
  Converting to float32
  New shape:  (768,)
Processing variable: image_encoder.blocks.11.norm1.bias with shape:  torch.Size([768])  and type:  torch.float32
  Converting to float32
  New shape:  (768,)
Processing variable: image_encoder.blocks.11.attn.rel_pos_h with shape:  torch.Size([127, 64])  and type:  torch.float32
  Converting to float16
  New shape:  (127, 64)
Processing variable: image_encoder.blocks.11.attn.rel_pos_w with shape:  torch.Size([127, 64])  and type:  torch.float32
  Converting to float16
  New shape:  (127, 64)
Processing variable: image_encoder.blocks.11.attn.qkv.weight with shape:  torch.Size([2304, 768])  and type:  torch.float32
  Converting to float16
  New shape:  (2304, 768)
Processing variable: image_encoder.blocks.11.attn.qkv.bias with shape:  torch.Size([2304])  and type:  torch.float32
  Converting to float32
  New shape:  (2304,)
Processing variable: image_encoder.blocks.11.attn.proj.weight with shape:  torch.Size([768, 768])  and type:  torch.float32
  Converting to float16
  New shape:  (768, 768)
Processing variable: image_encoder.blocks.11.attn.proj.bias with shape:  torch.Size([768])  and type:  torch.float32
  Converting to float32
  New shape:  (768,)
Processing variable: image_encoder.blocks.11.norm2.weight with shape:  torch.Size([768])  and type:  torch.float32
  Converting to float32
  New shape:  (768,)
Processing variable: image_encoder.blocks.11.norm2.bias with shape:  torch.Size([768])  and type:  torch.float32
  Converting to float32
  New shape:  (768,)
Processing variable: image_encoder.blocks.11.mlp.lin1.weight with shape:  torch.Size([3072, 768])  and type:  torch.float32
  Converting to float16
  New shape:  (3072, 768)
Processing variable: image_encoder.blocks.11.mlp.lin1.bias with shape:  torch.Size([3072])  and type:  torch.float32
  Converting to float32
  New shape:  (3072,)
Processing variable: image_encoder.blocks.11.mlp.lin2.weight with shape:  torch.Size([768, 3072])  and type:  torch.float32
  Converting to float16
  New shape:  (768, 3072)
Processing variable: image_encoder.blocks.11.mlp.lin2.bias with shape:  torch.Size([768])  and type:  torch.float32
  Converting to float32
  New shape:  (768,)
Processing variable: prompt_encoder.pe_layer.positional_encoding_gaussian_matrix with shape:  torch.Size([2, 128])  and type:  torch.float32
  Converting to float32
  New shape:  (2, 128)
Processing variable: mask_decoder.transformer.layers.0.self_attn.q_proj.weight with shape:  torch.Size([256, 256])  and type:  torch.float32
  Converting to float16
  New shape:  (256, 256)
Processing variable: mask_decoder.transformer.layers.0.self_attn.q_proj.bias with shape:  torch.Size([256])  and type:  torch.float32
  Converting to float32
  New shape:  (256,)
Processing variable: mask_decoder.transformer.layers.0.self_attn.k_proj.weight with shape:  torch.Size([256, 256])  and type:  torch.float32
  Converting to float16
  New shape:  (256, 256)
Processing variable: mask_decoder.transformer.layers.0.self_attn.k_proj.bias with shape:  torch.Size([256])  and type:  torch.float32
  Converting to float32
  New shape:  (256,)
Processing variable: mask_decoder.transformer.layers.0.self_attn.v_proj.weight with shape:  torch.Size([256, 256])  and type:  torch.float32
  Converting to float16
  New shape:  (256, 256)
Processing variable: mask_decoder.transformer.layers.0.self_attn.v_proj.bias with shape:  torch.Size([256])  and type:  torch.float32
  Converting to float32
  New shape:  (256,)
Processing variable: mask_decoder.transformer.layers.0.self_attn.out_proj.weight with shape:  torch.Size([256, 256])  and type:  torch.float32
  Converting to float16
  New shape:  (256, 256)
Processing variable: mask_decoder.transformer.layers.0.self_attn.out_proj.bias with shape:  torch.Size([256])  and type:  torch.float32
  Converting to float32
  New shape:  (256,)
Processing variable: mask_decoder.transformer.layers.0.norm1.weight with shape:  torch.Size([256])  and type:  torch.float32
  Converting to float32
  New shape:  (256,)
Processing variable: mask_decoder.transformer.layers.0.norm1.bias with shape:  torch.Size([256])  and type:  torch.float32
  Converting to float32
  New shape:  (256,)
Processing variable: mask_decoder.transformer.layers.0.cross_attn_token_to_image.q_proj.weight with shape:  torch.Size([128, 256])  and type:  torch.float32
  Converting to float16
  New shape:  (128, 256)
Processing variable: mask_decoder.transformer.layers.0.cross_attn_token_to_image.q_proj.bias with shape:  torch.Size([128])  and type:  torch.float32
  Converting to float32
  New shape:  (128,)
Processing variable: mask_decoder.transformer.layers.0.cross_attn_token_to_image.k_proj.weight with shape:  torch.Size([128, 256])  and type:  torch.float32
  Converting to float16
  New shape:  (128, 256)
Processing variable: mask_decoder.transformer.layers.0.cross_attn_token_to_image.k_proj.bias with shape:  torch.Size([128])  and type:  torch.float32
  Converting to float32
  New shape:  (128,)
Processing variable: mask_decoder.transformer.layers.0.cross_attn_token_to_image.v_proj.weight with shape:  torch.Size([128, 256])  and type:  torch.float32
  Converting to float16
  New shape:  (128, 256)
Processing variable: mask_decoder.transformer.layers.0.cross_attn_token_to_image.v_proj.bias with shape:  torch.Size([128])  and type:  torch.float32
  Converting to float32
  New shape:  (128,)
Processing variable: mask_decoder.transformer.layers.0.cross_attn_token_to_image.out_proj.weight with shape:  torch.Size([256, 128])  and type:  torch.float32
  Converting to float16
  New shape:  (256, 128)
Processing variable: mask_decoder.transformer.layers.0.cross_attn_token_to_image.out_proj.bias with shape:  torch.Size([256])  and type:  torch.float32
  Converting to float32
  New shape:  (256,)
Processing variable: mask_decoder.transformer.layers.0.norm2.weight with shape:  torch.Size([256])  and type:  torch.float32
  Converting to float32
  New shape:  (256,)
Processing variable: mask_decoder.transformer.layers.0.norm2.bias with shape:  torch.Size([256])  and type:  torch.float32
  Converting to float32
  New shape:  (256,)
Processing variable: mask_decoder.transformer.layers.0.mlp.lin1.weight with shape:  torch.Size([2048, 256])  and type:  torch.float32
  Converting to float16
  New shape:  (2048, 256)
Processing variable: mask_decoder.transformer.layers.0.mlp.lin1.bias with shape:  torch.Size([2048])  and type:  torch.float32
  Converting to float32
  New shape:  (2048,)
Processing variable: mask_decoder.transformer.layers.0.mlp.lin2.weight with shape:  torch.Size([256, 2048])  and type:  torch.float32
  Converting to float16
  New shape:  (256, 2048)
Processing variable: mask_decoder.transformer.layers.0.mlp.lin2.bias with shape:  torch.Size([256])  and type:  torch.float32
  Converting to float32
  New shape:  (256,)
Processing variable: mask_decoder.transformer.layers.0.norm3.weight with shape:  torch.Size([256])  and type:  torch.float32
  Converting to float32
  New shape:  (256,)
Processing variable: mask_decoder.transformer.layers.0.norm3.bias with shape:  torch.Size([256])  and type:  torch.float32
  Converting to float32
  New shape:  (256,)
Processing variable: mask_decoder.transformer.layers.0.norm4.weight with shape:  torch.Size([256])  and type:  torch.float32
  Converting to float32
  New shape:  (256,)
Processing variable: mask_decoder.transformer.layers.0.norm4.bias with shape:  torch.Size([256])  and type:  torch.float32
  Converting to float32
  New shape:  (256,)
Processing variable: mask_decoder.transformer.layers.0.cross_attn_image_to_token.q_proj.weight with shape:  torch.Size([128, 256])  and type:  torch.float32
  Converting to float16
  New shape:  (128, 256)
Processing variable: mask_decoder.transformer.layers.0.cross_attn_image_to_token.q_proj.bias with shape:  torch.Size([128])  and type:  torch.float32
  Converting to float32
  New shape:  (128,)
Processing variable: mask_decoder.transformer.layers.0.cross_attn_image_to_token.k_proj.weight with shape:  torch.Size([128, 256])  and type:  torch.float32
  Converting to float16
  New shape:  (128, 256)
Processing variable: mask_decoder.transformer.layers.0.cross_attn_image_to_token.k_proj.bias with shape:  torch.Size([128])  and type:  torch.float32
  Converting to float32
  New shape:  (128,)
Processing variable: mask_decoder.transformer.layers.0.cross_attn_image_to_token.v_proj.weight with shape:  torch.Size([128, 256])  and type:  torch.float32
  Converting to float16
  New shape:  (128, 256)
Processing variable: mask_decoder.transformer.layers.0.cross_attn_image_to_token.v_proj.bias with shape:  torch.Size([128])  and type:  torch.float32
  Converting to float32
  New shape:  (128,)
Processing variable: mask_decoder.transformer.layers.0.cross_attn_image_to_token.out_proj.weight with shape:  torch.Size([256, 128])  and type:  torch.float32
  Converting to float16
  New shape:  (256, 128)
Processing variable: mask_decoder.transformer.layers.0.cross_attn_image_to_token.out_proj.bias with shape:  torch.Size([256])  and type:  torch.float32
  Converting to float32
  New shape:  (256,)
Processing variable: mask_decoder.transformer.layers.1.self_attn.q_proj.weight with shape:  torch.Size([256, 256])  and type:  torch.float32
  Converting to float16
  New shape:  (256, 256)
Processing variable: mask_decoder.transformer.layers.1.self_attn.q_proj.bias with shape:  torch.Size([256])  and type:  torch.float32
  Converting to float32
  New shape:  (256,)
Processing variable: mask_decoder.transformer.layers.1.self_attn.k_proj.weight with shape:  torch.Size([256, 256])  and type:  torch.float32
  Converting to float16
  New shape:  (256, 256)
Processing variable: mask_decoder.transformer.layers.1.self_attn.k_proj.bias with shape:  torch.Size([256])  and type:  torch.float32
  Converting to float32
  New shape:  (256,)
Processing variable: mask_decoder.transformer.layers.1.self_attn.v_proj.weight with shape:  torch.Size([256, 256])  and type:  torch.float32
  Converting to float16
  New shape:  (256, 256)
Processing variable: mask_decoder.transformer.layers.1.self_attn.v_proj.bias with shape:  torch.Size([256])  and type:  torch.float32
  Converting to float32
  New shape:  (256,)
Processing variable: mask_decoder.transformer.layers.1.self_attn.out_proj.weight with shape:  torch.Size([256, 256])  and type:  torch.float32
  Converting to float16
  New shape:  (256, 256)
Processing variable: mask_decoder.transformer.layers.1.self_attn.out_proj.bias with shape:  torch.Size([256])  and type:  torch.float32
  Converting to float32
  New shape:  (256,)
Processing variable: mask_decoder.transformer.layers.1.norm1.weight with shape:  torch.Size([256])  and type:  torch.float32
  Converting to float32
  New shape:  (256,)
Processing variable: mask_decoder.transformer.layers.1.norm1.bias with shape:  torch.Size([256])  and type:  torch.float32
  Converting to float32
  New shape:  (256,)
Processing variable: mask_decoder.transformer.layers.1.cross_attn_token_to_image.q_proj.weight with shape:  torch.Size([128, 256])  and type:  torch.float32
  Converting to float16
  New shape:  (128, 256)
Processing variable: mask_decoder.transformer.layers.1.cross_attn_token_to_image.q_proj.bias with shape:  torch.Size([128])  and type:  torch.float32
  Converting to float32
  New shape:  (128,)
Processing variable: mask_decoder.transformer.layers.1.cross_attn_token_to_image.k_proj.weight with shape:  torch.Size([128, 256])  and type:  torch.float32
  Converting to float16
  New shape:  (128, 256)
Processing variable: mask_decoder.transformer.layers.1.cross_attn_token_to_image.k_proj.bias with shape:  torch.Size([128])  and type:  torch.float32
  Converting to float32
  New shape:  (128,)
Processing variable: mask_decoder.transformer.layers.1.cross_attn_token_to_image.v_proj.weight with shape:  torch.Size([128, 256])  and type:  torch.float32
  Converting to float16
  New shape:  (128, 256)
Processing variable: mask_decoder.transformer.layers.1.cross_attn_token_to_image.v_proj.bias with shape:  torch.Size([128])  and type:  torch.float32
  Converting to float32
  New shape:  (128,)
Processing variable: mask_decoder.transformer.layers.1.cross_attn_token_to_image.out_proj.weight with shape:  torch.Size([256, 128])  and type:  torch.float32
  Converting to float16
  New shape:  (256, 128)
Processing variable: mask_decoder.transformer.layers.1.cross_attn_token_to_image.out_proj.bias with shape:  torch.Size([256])  and type:  torch.float32
  Converting to float32
  New shape:  (256,)
Processing variable: mask_decoder.transformer.layers.1.norm2.weight with shape:  torch.Size([256])  and type:  torch.float32
  Converting to float32
  New shape:  (256,)
Processing variable: mask_decoder.transformer.layers.1.norm2.bias with shape:  torch.Size([256])  and type:  torch.float32
  Converting to float32
  New shape:  (256,)
Processing variable: mask_decoder.transformer.layers.1.mlp.lin1.weight with shape:  torch.Size([2048, 256])  and type:  torch.float32
  Converting to float16
  New shape:  (2048, 256)
Processing variable: mask_decoder.transformer.layers.1.mlp.lin1.bias with shape:  torch.Size([2048])  and type:  torch.float32
  Converting to float32
  New shape:  (2048,)
Processing variable: mask_decoder.transformer.layers.1.mlp.lin2.weight with shape:  torch.Size([256, 2048])  and type:  torch.float32
  Converting to float16
  New shape:  (256, 2048)
Processing variable: mask_decoder.transformer.layers.1.mlp.lin2.bias with shape:  torch.Size([256])  and type:  torch.float32
  Converting to float32
  New shape:  (256,)
Processing variable: mask_decoder.transformer.layers.1.norm3.weight with shape:  torch.Size([256])  and type:  torch.float32
  Converting to float32
  New shape:  (256,)
Processing variable: mask_decoder.transformer.layers.1.norm3.bias with shape:  torch.Size([256])  and type:  torch.float32
  Converting to float32
  New shape:  (256,)
Processing variable: mask_decoder.transformer.layers.1.norm4.weight with shape:  torch.Size([256])  and type:  torch.float32
  Converting to float32
  New shape:  (256,)
Processing variable: mask_decoder.transformer.layers.1.norm4.bias with shape:  torch.Size([256])  and type:  torch.float32
  Converting to float32
  New shape:  (256,)
Processing variable: mask_decoder.transformer.layers.1.cross_attn_image_to_token.q_proj.weight with shape:  torch.Size([128, 256])  and type:  torch.float32
  Converting to float16
  New shape:  (128, 256)
Processing variable: mask_decoder.transformer.layers.1.cross_attn_image_to_token.q_proj.bias with shape:  torch.Size([128])  and type:  torch.float32
  Converting to float32
  New shape:  (128,)
Processing variable: mask_decoder.transformer.layers.1.cross_attn_image_to_token.k_proj.weight with shape:  torch.Size([128, 256])  and type:  torch.float32
  Converting to float16
  New shape:  (128, 256)
Processing variable: mask_decoder.transformer.layers.1.cross_attn_image_to_token.k_proj.bias with shape:  torch.Size([128])  and type:  torch.float32
  Converting to float32
  New shape:  (128,)
Processing variable: mask_decoder.transformer.layers.1.cross_attn_image_to_token.v_proj.weight with shape:  torch.Size([128, 256])  and type:  torch.float32
  Converting to float16
  New shape:  (128, 256)
Processing variable: mask_decoder.transformer.layers.1.cross_attn_image_to_token.v_proj.bias with shape:  torch.Size([128])  and type:  torch.float32
  Converting to float32
  New shape:  (128,)
Processing variable: mask_decoder.transformer.layers.1.cross_attn_image_to_token.out_proj.weight with shape:  torch.Size([256, 128])  and type:  torch.float32
  Converting to float16
  New shape:  (256, 128)
Processing variable: mask_decoder.transformer.layers.1.cross_attn_image_to_token.out_proj.bias with shape:  torch.Size([256])  and type:  torch.float32
  Converting to float32
  New shape:  (256,)
Processing variable: mask_decoder.transformer.final_attn_token_to_image.q_proj.weight with shape:  torch.Size([128, 256])  and type:  torch.float32
  Converting to float16
  New shape:  (128, 256)
Processing variable: mask_decoder.transformer.final_attn_token_to_image.q_proj.bias with shape:  torch.Size([128])  and type:  torch.float32
  Converting to float32
  New shape:  (128,)
Processing variable: mask_decoder.transformer.final_attn_token_to_image.k_proj.weight with shape:  torch.Size([128, 256])  and type:  torch.float32
  Converting to float16
  New shape:  (128, 256)
Processing variable: mask_decoder.transformer.final_attn_token_to_image.k_proj.bias with shape:  torch.Size([128])  and type:  torch.float32
  Converting to float32
  New shape:  (128,)
Processing variable: mask_decoder.transformer.final_attn_token_to_image.v_proj.weight with shape:  torch.Size([128, 256])  and type:  torch.float32
  Converting to float16
  New shape:  (128, 256)
Processing variable: mask_decoder.transformer.final_attn_token_to_image.v_proj.bias with shape:  torch.Size([128])  and type:  torch.float32
  Converting to float32
  New shape:  (128,)
Processing variable: mask_decoder.transformer.final_attn_token_to_image.out_proj.weight with shape:  torch.Size([256, 128])  and type:  torch.float32
  Converting to float16
  New shape:  (256, 128)
Processing variable: mask_decoder.transformer.final_attn_token_to_image.out_proj.bias with shape:  torch.Size([256])  and type:  torch.float32
  Converting to float32
  New shape:  (256,)
Processing variable: mask_decoder.transformer.norm_final_attn.weight with shape:  torch.Size([256])  and type:  torch.float32
  Converting to float32
  New shape:  (256,)
Processing variable: mask_decoder.transformer.norm_final_attn.bias with shape:  torch.Size([256])  and type:  torch.float32
  Converting to float32
  New shape:  (256,)
Processing variable: prompt_encoder.point_embeddings.0.weight with shape:  torch.Size([1, 256])  and type:  torch.float32
  Converting to float32
  New shape:  (1, 256)
Processing variable: prompt_encoder.point_embeddings.1.weight with shape:  torch.Size([1, 256])  and type:  torch.float32
  Converting to float32
  New shape:  (1, 256)
Processing variable: prompt_encoder.point_embeddings.2.weight with shape:  torch.Size([1, 256])  and type:  torch.float32
  Converting to float32
  New shape:  (1, 256)
Processing variable: prompt_encoder.point_embeddings.3.weight with shape:  torch.Size([1, 256])  and type:  torch.float32
  Converting to float32
  New shape:  (1, 256)
Processing variable: prompt_encoder.not_a_point_embed.weight with shape:  torch.Size([1, 256])  and type:  torch.float32
  Converting to float32
  New shape:  (1, 256)
Processing variable: mask_decoder.output_upscaling.0.weight with shape:  torch.Size([256, 64, 2, 2])  and type:  torch.float32
  Converting to float16
  New shape:  (256, 64, 2, 2)
Processing variable: mask_decoder.output_upscaling.0.bias with shape:  torch.Size([64])  and type:  torch.float32
  Converting to float32
  New shape:  (64,)
Processing variable: mask_decoder.output_upscaling.1.weight with shape:  torch.Size([64])  and type:  torch.float32
  Converting to float32
  New shape:  (64,)
Processing variable: mask_decoder.output_upscaling.1.bias with shape:  torch.Size([64])  and type:  torch.float32
  Converting to float32
  New shape:  (64,)
Processing variable: mask_decoder.output_upscaling.3.weight with shape:  torch.Size([64, 32, 2, 2])  and type:  torch.float32
  Converting to float16
  New shape:  (64, 32, 2, 2)
Processing variable: mask_decoder.output_upscaling.3.bias with shape:  torch.Size([32])  and type:  torch.float32
  Converting to float32
  New shape:  (32,)
Processing variable: mask_decoder.output_hypernetworks_mlps.0.layers.0.weight with shape:  torch.Size([256, 256])  and type:  torch.float32
  Converting to float16
  New shape:  (256, 256)
Processing variable: mask_decoder.output_hypernetworks_mlps.0.layers.0.bias with shape:  torch.Size([256])  and type:  torch.float32
  Converting to float32
  New shape:  (256,)
Processing variable: mask_decoder.output_hypernetworks_mlps.0.layers.1.weight with shape:  torch.Size([256, 256])  and type:  torch.float32
  Converting to float16
  New shape:  (256, 256)
Processing variable: mask_decoder.output_hypernetworks_mlps.0.layers.1.bias with shape:  torch.Size([256])  and type:  torch.float32
  Converting to float32
  New shape:  (256,)
Processing variable: mask_decoder.output_hypernetworks_mlps.0.layers.2.weight with shape:  torch.Size([32, 256])  and type:  torch.float32
  Converting to float16
  New shape:  (32, 256)
Processing variable: mask_decoder.output_hypernetworks_mlps.0.layers.2.bias with shape:  torch.Size([32])  and type:  torch.float32
  Converting to float32
  New shape:  (32,)
Processing variable: mask_decoder.output_hypernetworks_mlps.1.layers.0.weight with shape:  torch.Size([256, 256])  and type:  torch.float32
  Converting to float16
  New shape:  (256, 256)
Processing variable: mask_decoder.output_hypernetworks_mlps.1.layers.0.bias with shape:  torch.Size([256])  and type:  torch.float32
  Converting to float32
  New shape:  (256,)
Processing variable: mask_decoder.output_hypernetworks_mlps.1.layers.1.weight with shape:  torch.Size([256, 256])  and type:  torch.float32
  Converting to float16
  New shape:  (256, 256)
Processing variable: mask_decoder.output_hypernetworks_mlps.1.layers.1.bias with shape:  torch.Size([256])  and type:  torch.float32
  Converting to float32
  New shape:  (256,)
Processing variable: mask_decoder.output_hypernetworks_mlps.1.layers.2.weight with shape:  torch.Size([32, 256])  and type:  torch.float32
  Converting to float16
  New shape:  (32, 256)
Processing variable: mask_decoder.output_hypernetworks_mlps.1.layers.2.bias with shape:  torch.Size([32])  and type:  torch.float32
  Converting to float32
  New shape:  (32,)
Processing variable: mask_decoder.output_hypernetworks_mlps.2.layers.0.weight with shape:  torch.Size([256, 256])  and type:  torch.float32
  Converting to float16
  New shape:  (256, 256)
Processing variable: mask_decoder.output_hypernetworks_mlps.2.layers.0.bias with shape:  torch.Size([256])  and type:  torch.float32
  Converting to float32
  New shape:  (256,)
Processing variable: mask_decoder.output_hypernetworks_mlps.2.layers.1.weight with shape:  torch.Size([256, 256])  and type:  torch.float32
  Converting to float16
  New shape:  (256, 256)
Processing variable: mask_decoder.output_hypernetworks_mlps.2.layers.1.bias with shape:  torch.Size([256])  and type:  torch.float32
  Converting to float32
  New shape:  (256,)
Processing variable: mask_decoder.output_hypernetworks_mlps.2.layers.2.weight with shape:  torch.Size([32, 256])  and type:  torch.float32
  Converting to float16
  New shape:  (32, 256)
Processing variable: mask_decoder.output_hypernetworks_mlps.2.layers.2.bias with shape:  torch.Size([32])  and type:  torch.float32
  Converting to float32
  New shape:  (32,)
Processing variable: mask_decoder.output_hypernetworks_mlps.3.layers.0.weight with shape:  torch.Size([256, 256])  and type:  torch.float32
  Converting to float16
  New shape:  (256, 256)
Processing variable: mask_decoder.output_hypernetworks_mlps.3.layers.0.bias with shape:  torch.Size([256])  and type:  torch.float32
  Converting to float32
  New shape:  (256,)
Processing variable: mask_decoder.output_hypernetworks_mlps.3.layers.1.weight with shape:  torch.Size([256, 256])  and type:  torch.float32
  Converting to float16
  New shape:  (256, 256)
Processing variable: mask_decoder.output_hypernetworks_mlps.3.layers.1.bias with shape:  torch.Size([256])  and type:  torch.float32
  Converting to float32
  New shape:  (256,)
Processing variable: mask_decoder.output_hypernetworks_mlps.3.layers.2.weight with shape:  torch.Size([32, 256])  and type:  torch.float32
  Converting to float16
  New shape:  (32, 256)
Processing variable: mask_decoder.output_hypernetworks_mlps.3.layers.2.bias with shape:  torch.Size([32])  and type:  torch.float32
  Converting to float32
  New shape:  (32,)
Processing variable: prompt_encoder.no_mask_embed.weight with shape:  torch.Size([1, 256])  and type:  torch.float32
  Converting to float32
  New shape:  (1, 256)
Processing variable: mask_decoder.iou_prediction_head.layers.0.weight with shape:  torch.Size([256, 256])  and type:  torch.float32
  Converting to float16
  New shape:  (256, 256)
Processing variable: mask_decoder.iou_prediction_head.layers.0.bias with shape:  torch.Size([256])  and type:  torch.float32
  Converting to float32
  New shape:  (256,)
Processing variable: mask_decoder.iou_prediction_head.layers.1.weight with shape:  torch.Size([256, 256])  and type:  torch.float32
  Converting to float16
  New shape:  (256, 256)
Processing variable: mask_decoder.iou_prediction_head.layers.1.bias with shape:  torch.Size([256])  and type:  torch.float32
  Converting to float32
  New shape:  (256,)
Processing variable: mask_decoder.iou_prediction_head.layers.2.weight with shape:  torch.Size([4, 256])  and type:  torch.float32
  Converting to float16
  New shape:  (4, 256)
Processing variable: mask_decoder.iou_prediction_head.layers.2.bias with shape:  torch.Size([4])  and type:  torch.float32
  Converting to float32
  New shape:  (4,)
Processing variable: mask_decoder.iou_token.weight with shape:  torch.Size([1, 256])  and type:  torch.float32
  Converting to float32
  New shape:  (1, 256)
Processing variable: mask_decoder.mask_tokens.weight with shape:  torch.Size([4, 256])  and type:  torch.float32
  Converting to float32
  New shape:  (4, 256)
Processing variable: image_encoder.pos_embed with shape:  torch.Size([1, 64, 64, 768])  and type:  torch.float32
  Converting to float32
  New shape:  (1, 64, 64, 768)
Done. Output file: ../models-mnt/sam///ggml-model-f16.bin

+ tee -a /home/ggml/results/ggml/15/74a49c8313b528b752861759fc2f967e3d766e/ggml-6-x86-vulkan-t4/sam-main.log
+ ./bin/sam -m ../models-mnt/sam//ggml-model-f16.bin -i ../models-mnt/sam//img.jpg
main: seed = 1733692188
main: loaded image '../models-mnt/sam//img.jpg' (680 x 453)
sam_image_preprocess: scale = 0.664062
main: preprocessed image (1024 x 1024)
sam_model_load: loading model from '../models-mnt/sam//ggml-model-f16.bin' - please wait ...
operator(): ggml ctx size = 202.33 MB
sam_model_load: .sam_model_load: n_enc_state      = 768
sam_model_load: n_enc_layer      = 12
sam_model_load: n_enc_head       = 12
sam_model_load: n_enc_out_chans  = 256
sam_model_load: n_pt_embd        = 4
sam_model_load: ftype            = 1
sam_model_load: qntvr            = 0
..................................... done
sam_model_load: model size =   185.05 MB / num tensors = 304
prompt: (414.375000, 162.796875)


main:     load time =    44.85 ms
main:    total time = 14427.72 ms
embd_img
dims:  64  64  256  1 f32
First & Last 10 elements:
-0.05102 -0.06347 -0.07116 -0.06839 -0.06826 -0.06971 -0.07147 -0.07087 -0.06774 -0.05427 
0.01573 0.01771 0.02243 0.01668 0.01753 0.01666 0.01794 0.02045 0.02100 0.03389 
sum:  12757.176208

Skipping mask 0 with iou 0.706147 below threshold 0.880000
Skipping mask 1 with iou 0.762448 below threshold 0.880000
Mask 2: iou = 0.947083, stability_score = 0.956250, bbox (371, 436), (144, 168)

real	0m14.432s
user	0m56.959s
sys	0m0.459s
+ grep -q 'bbox (371, 436), (144, 168)' /home/ggml/results/ggml/15/74a49c8313b528b752861759fc2f967e3d766e/ggml-6-x86-vulkan-t4/sam-main.log
+ set +e
+ cur=0
+ echo 0
+ set +x
+ gg_run_yolo
+ cd /home/ggml/work/ggml
+ gg_wget models-mnt/yolo/ https://huggingface.co/ggml-org/models/resolve/main/yolo/yolov3-tiny.weights
+ local out=models-mnt/yolo/
+ local url=https://huggingface.co/ggml-org/models/resolve/main/yolo/yolov3-tiny.weights
+ tee /home/ggml/results/ggml/15/74a49c8313b528b752861759fc2f967e3d766e/ggml-6-x86-vulkan-t4/yolo.log
++ pwd
+ local cwd=/home/ggml/work/ggml
+ mkdir -p models-mnt/yolo/
+ cd models-mnt/yolo/
+ wget -nv -N https://huggingface.co/ggml-org/models/resolve/main/yolo/yolov3-tiny.weights
+ cd /home/ggml/work/ggml
+ gg_wget models-mnt/yolo/ https://huggingface.co/ggml-org/models/resolve/main/yolo/dog.jpg
+ local out=models-mnt/yolo/
+ local url=https://huggingface.co/ggml-org/models/resolve/main/yolo/dog.jpg
++ pwd
+ local cwd=/home/ggml/work/ggml
+ mkdir -p models-mnt/yolo/
+ cd models-mnt/yolo/
+ wget -nv -N https://huggingface.co/ggml-org/models/resolve/main/yolo/dog.jpg
Last-modified header missing -- time-stamps turned off.
2024-12-08 21:10:02 URL:https://huggingface.co/ggml-org/models/resolve/main/yolo/dog.jpg [163759/163759] -> "dog.jpg" [1]
+ cd /home/ggml/work/ggml
+ cd build-ci-release
+ cp -r ../examples/yolo/data .
+ set -e
+ path_models=../models-mnt/yolo/
+ python3 ../examples/yolo/convert-yolov3-tiny.py ../models-mnt/yolo//yolov3-tiny.weights
../models-mnt/yolo//yolov3-tiny.weights converted to yolov3-tiny.gguf
+ tee -a /home/ggml/results/ggml/15/74a49c8313b528b752861759fc2f967e3d766e/ggml-6-x86-vulkan-t4/yolo-main.log
+ ./bin/yolov3-tiny -m yolov3-tiny.gguf -i ../models-mnt/yolo//dog.jpg
Layer  0 output shape:  416 x 416 x   16 x   1
Layer  1 output shape:  208 x 208 x   16 x   1
Layer  2 output shape:  208 x 208 x   32 x   1
Layer  3 output shape:  104 x 104 x   32 x   1
Layer  4 output shape:  104 x 104 x   64 x   1
Layer  5 output shape:   52 x  52 x   64 x   1
Layer  6 output shape:   52 x  52 x  128 x   1
Layer  7 output shape:   26 x  26 x  128 x   1
Layer  8 output shape:   26 x  26 x  256 x   1
Layer  9 output shape:   13 x  13 x  256 x   1
Layer 10 output shape:   13 x  13 x  512 x   1
Layer 11 output shape:   13 x  13 x  512 x   1
Layer 12 output shape:   13 x  13 x 1024 x   1
Layer 13 output shape:   13 x  13 x  256 x   1
Layer 14 output shape:   13 x  13 x  512 x   1
Layer 15 output shape:   13 x  13 x  255 x   1
Layer 18 output shape:   13 x  13 x  128 x   1
Layer 19 output shape:   26 x  26 x  128 x   1
Layer 20 output shape:   26 x  26 x  384 x   1
Layer 21 output shape:   26 x  26 x  256 x   1
Layer 22 output shape:   26 x  26 x  255 x   1
dog: 57%
car: 52%
truck: 56%
car: 62%
bicycle: 59%
Detected objects saved in 'predictions.jpg' (time: 0.189000 sec.)

real	0m0.251s
user	0m0.802s
sys	0m0.031s
+ grep -qE 'dog: (55|56|57|58|59)%' /home/ggml/results/ggml/15/74a49c8313b528b752861759fc2f967e3d766e/ggml-6-x86-vulkan-t4/yolo-main.log
+ grep -qE 'car: (50|51|52|53|54)%' /home/ggml/results/ggml/15/74a49c8313b528b752861759fc2f967e3d766e/ggml-6-x86-vulkan-t4/yolo-main.log
+ grep -qE 'truck: (54|55|56|57|58)%' /home/ggml/results/ggml/15/74a49c8313b528b752861759fc2f967e3d766e/ggml-6-x86-vulkan-t4/yolo-main.log
+ grep -qE 'bicycle: (57|58|59|60|61)%' /home/ggml/results/ggml/15/74a49c8313b528b752861759fc2f967e3d766e/ggml-6-x86-vulkan-t4/yolo-main.log
+ set +e
+ cur=0
+ echo 0
+ set +x
Sun Dec  8 21:10:03 UTC 2024
