mkdir: cannot create directory ‘/mnt/llama.cpp’: Permission denied
rm: cannot remove '/home/ggml/results/llama.cpp/81/844fbcfd93a162b7aeaea9e4f2ab1358f7f97e/ggml-0-x86-cpu-low-perf/*.log': No such file or directory
rm: cannot remove '/home/ggml/results/llama.cpp/81/844fbcfd93a162b7aeaea9e4f2ab1358f7f97e/ggml-0-x86-cpu-low-perf/*.exit': No such file or directory
rm: cannot remove '/home/ggml/results/llama.cpp/81/844fbcfd93a162b7aeaea9e4f2ab1358f7f97e/ggml-0-x86-cpu-low-perf/*.md': No such file or directory
+ gg_run_ctest_debug
+ cd /home/ggml/work/llama.cpp
+ rm -rf build-ci-debug
+ tee /home/ggml/results/llama.cpp/81/844fbcfd93a162b7aeaea9e4f2ab1358f7f97e/ggml-0-x86-cpu-low-perf/ctest_debug.log
+ mkdir build-ci-debug
+ cd build-ci-debug
+ set -e
+ tee -a /home/ggml/results/llama.cpp/81/844fbcfd93a162b7aeaea9e4f2ab1358f7f97e/ggml-0-x86-cpu-low-perf/ctest_debug-cmake.log
+ cmake -DCMAKE_BUILD_TYPE=Debug ..
-- The C compiler identification is GNU 11.4.0
-- The CXX compiler identification is GNU 11.4.0
-- Detecting C compiler ABI info
-- Detecting C compiler ABI info - done
-- Check for working C compiler: /usr/bin/cc - skipped
-- Detecting C compile features
-- Detecting C compile features - done
-- Detecting CXX compiler ABI info
-- Detecting CXX compiler ABI info - done
-- Check for working CXX compiler: /usr/bin/c++ - skipped
-- Detecting CXX compile features
-- Detecting CXX compile features - done
-- Found Git: /usr/bin/git (found version "2.34.1") 
-- Looking for pthread.h
-- Looking for pthread.h - found
-- Performing Test CMAKE_HAVE_LIBC_PTHREAD
-- Performing Test CMAKE_HAVE_LIBC_PTHREAD - Success
-- Found Threads: TRUE  
-- CMAKE_SYSTEM_PROCESSOR: x86_64
-- x86 detected
-- Configuring done
-- Generating done
-- Build files have been written to: /home/ggml/work/llama.cpp/build-ci-debug

real	0m0.378s
user	0m0.277s
sys	0m0.084s
+ tee -a /home/ggml/results/llama.cpp/81/844fbcfd93a162b7aeaea9e4f2ab1358f7f97e/ggml-0-x86-cpu-low-perf/ctest_debug-make.log
+ make -j
[  4%] Building C object CMakeFiles/ggml.dir/ggml.c.o
[  4%] Building C object CMakeFiles/ggml.dir/k_quants.c.o
[  8%] Building C object CMakeFiles/ggml.dir/ggml-alloc.c.o
[  8%] Built target BUILD_INFO
[  8%] Built target ggml
[ 12%] Linking C static library libggml_static.a
[ 12%] Building CXX object CMakeFiles/llama.dir/llama.cpp.o
[ 12%] Built target ggml_static
[ 14%] Linking CXX static library libllama.a
[ 14%] Built target llama
[ 16%] Building CXX object tests/CMakeFiles/test-quantize-perf.dir/test-quantize-perf.cpp.o
[ 18%] Building CXX object tests/CMakeFiles/test-quantize-fns.dir/test-quantize-fns.cpp.o
[ 20%] Building CXX object tests/CMakeFiles/test-tokenizer-0.dir/test-tokenizer-0.cpp.o
[ 22%] Building CXX object tests/CMakeFiles/test-sampling.dir/test-sampling.cpp.o
[ 24%] Building CXX object tests/CMakeFiles/test-grad0.dir/test-grad0.cpp.o
[ 26%] Building CXX object examples/CMakeFiles/common.dir/common.cpp.o
[ 28%] Building CXX object examples/quantize-stats/CMakeFiles/quantize-stats.dir/quantize-stats.cpp.o
[ 30%] Building CXX object examples/quantize/CMakeFiles/quantize.dir/quantize.cpp.o
[ 32%] Building CXX object examples/CMakeFiles/common.dir/grammar-parser.cpp.o
[ 34%] Linking CXX executable ../bin/test-grad0
[ 36%] Linking CXX executable ../../bin/quantize
[ 36%] Built target test-grad0
[ 38%] Linking CXX executable ../bin/test-quantize-fns
[ 40%] Linking CXX executable ../bin/test-tokenizer-0
[ 40%] Built target test-quantize-fns
[ 42%] Linking CXX executable ../bin/test-sampling
[ 42%] Built target test-tokenizer-0
[ 42%] Built target quantize
[ 42%] Built target test-sampling
[ 44%] Linking CXX executable ../bin/test-quantize-perf
[ 44%] Built target test-quantize-perf
[ 44%] Built target common
[ 46%] Building CXX object examples/perplexity/CMakeFiles/perplexity.dir/perplexity.cpp.o
[ 48%] Building CXX object examples/main/CMakeFiles/main.dir/main.cpp.o
[ 51%] Building CXX object examples/embedding/CMakeFiles/embedding.dir/embedding.cpp.o
[ 53%] Building CXX object examples/save-load-state/CMakeFiles/save-load-state.dir/save-load-state.cpp.o
[ 55%] Building CXX object examples/benchmark/CMakeFiles/benchmark.dir/benchmark-matmult.cpp.o
[ 57%] Building CXX object examples/baby-llama/CMakeFiles/baby-llama.dir/baby-llama.cpp.o
[ 59%] Building CXX object examples/train-text-from-scratch/CMakeFiles/train-text-from-scratch.dir/train-text-from-scratch.cpp.o
[ 61%] Building CXX object examples/simple/CMakeFiles/simple.dir/simple.cpp.o
[ 63%] Building CXX object examples/embd-input/CMakeFiles/embdinput.dir/embd-input-lib.cpp.o
[ 65%] Building CXX object examples/server/CMakeFiles/server.dir/server.cpp.o
[ 67%] Building CXX object pocs/vdot/CMakeFiles/vdot.dir/vdot.cpp.o
[ 69%] Building CXX object pocs/vdot/CMakeFiles/q8dot.dir/q8dot.cpp.o
/home/ggml/work/llama.cpp/examples/baby-llama/baby-llama.cpp: In function ‘int main(int, char**)’:
/home/ggml/work/llama.cpp/examples/baby-llama/baby-llama.cpp:1620:32: warning: variable ‘opt_params_adam’ set but not used [-Wunused-but-set-variable]
 1620 |         struct ggml_opt_params opt_params_adam = ggml_opt_default_params(GGML_OPT_ADAM);
      |                                ^~~~~~~~~~~~~~~
[ 71%] Linking CXX executable ../../bin/embedding
[ 73%] Linking CXX executable ../../bin/benchmark
[ 75%] Linking CXX executable ../../bin/baby-llama
[ 77%] Linking CXX executable ../../bin/q8dot
[ 79%] Linking CXX executable ../../bin/save-load-state
[ 81%] Linking CXX executable ../../bin/vdot
[ 81%] Built target embedding
[ 81%] Built target benchmark
[ 81%] Built target baby-llama
[ 83%] Linking CXX executable ../../bin/simple
[ 85%] Linking CXX executable ../../bin/perplexity
[ 85%] Built target q8dot
[ 85%] Built target vdot
[ 87%] Linking CXX static library libembdinput.a
[ 87%] Built target embdinput
[ 89%] Building CXX object examples/embd-input/CMakeFiles/embd-input-test.dir/embd-input-test.cpp.o
[ 89%] Built target save-load-state
[ 89%] Built target perplexity
[ 89%] Built target simple
[ 91%] Linking CXX executable ../../bin/main
[ 93%] Linking CXX executable ../../bin/embd-input-test
[ 93%] Built target main
[ 93%] Built target embd-input-test
[ 95%] Linking CXX executable ../../bin/quantize-stats
[ 97%] Linking CXX executable ../../bin/train-text-from-scratch
[ 97%] Built target quantize-stats
[ 97%] Built target train-text-from-scratch
In file included from /usr/include/c++/11/cassert:44,
                 from /home/ggml/work/llama.cpp/examples/server/json.hpp:2541,
                 from /home/ggml/work/llama.cpp/examples/server/server.cpp:11:
/home/ggml/work/llama.cpp/examples/server/server.cpp: In function ‘json format_timings(llama_server_context&)’:
/home/ggml/work/llama.cpp/examples/server/server.cpp:964:27: warning: comparison of integer expressions of different signedness: ‘const int32_t’ {aka ‘const int’} and ‘size_t’ {aka ‘long unsigned int’} [-Wsign-compare]
  964 |     assert(timings.n_eval == llama.num_tokens_predicted);
      |            ~~~~~~~~~~~~~~~^~~~~~~~~~~~~~~~~~~~~~~~~~~~~
[100%] Linking CXX executable ../../bin/server
[100%] Built target server

real	0m18.676s
user	0m34.452s
sys	0m3.332s
+ tee -a /home/ggml/results/llama.cpp/81/844fbcfd93a162b7aeaea9e4f2ab1358f7f97e/ggml-0-x86-cpu-low-perf/ctest_debug-ctest.log
+ ctest --output-on-failure -E test-opt
Test project /home/ggml/work/llama.cpp/build-ci-debug
    Start 1: test-quantize-fns
1/5 Test #1: test-quantize-fns ................   Passed    0.01 sec
    Start 2: test-quantize-perf
2/5 Test #2: test-quantize-perf ...............   Passed    0.04 sec
    Start 3: test-sampling
3/5 Test #3: test-sampling ....................   Passed    0.00 sec
    Start 4: test-tokenizer-0
4/5 Test #4: test-tokenizer-0 .................   Passed    0.02 sec
    Start 5: test-grad0
5/5 Test #5: test-grad0 .......................   Passed    4.35 sec

100% tests passed, 0 tests failed out of 5

Total Test time (real) =   4.43 sec

real	0m4.431s
user	0m8.422s
sys	0m2.754s
+ set +e
+ cur=0
+ echo 0
+ set +x
+ gg_run_ctest_release
+ cd /home/ggml/work/llama.cpp
+ rm -rf build-ci-release
+ tee /home/ggml/results/llama.cpp/81/844fbcfd93a162b7aeaea9e4f2ab1358f7f97e/ggml-0-x86-cpu-low-perf/ctest_release.log
+ mkdir build-ci-release
+ cd build-ci-release
+ set -e
+ tee -a /home/ggml/results/llama.cpp/81/844fbcfd93a162b7aeaea9e4f2ab1358f7f97e/ggml-0-x86-cpu-low-perf/ctest_release-cmake.log
+ cmake -DCMAKE_BUILD_TYPE=Release ..
-- The C compiler identification is GNU 11.4.0
-- The CXX compiler identification is GNU 11.4.0
-- Detecting C compiler ABI info
-- Detecting C compiler ABI info - done
-- Check for working C compiler: /usr/bin/cc - skipped
-- Detecting C compile features
-- Detecting C compile features - done
-- Detecting CXX compiler ABI info
-- Detecting CXX compiler ABI info - done
-- Check for working CXX compiler: /usr/bin/c++ - skipped
-- Detecting CXX compile features
-- Detecting CXX compile features - done
-- Found Git: /usr/bin/git (found version "2.34.1") 
-- Looking for pthread.h
-- Looking for pthread.h - found
-- Performing Test CMAKE_HAVE_LIBC_PTHREAD
-- Performing Test CMAKE_HAVE_LIBC_PTHREAD - Success
-- Found Threads: TRUE  
-- CMAKE_SYSTEM_PROCESSOR: x86_64
-- x86 detected
-- Configuring done
-- Generating done
-- Build files have been written to: /home/ggml/work/llama.cpp/build-ci-release

real	0m0.381s
user	0m0.290s
sys	0m0.073s
+ tee -a /home/ggml/results/llama.cpp/81/844fbcfd93a162b7aeaea9e4f2ab1358f7f97e/ggml-0-x86-cpu-low-perf/ctest_release-make.log
+ make -j
[  8%] Built target BUILD_INFO
[  8%] Building C object CMakeFiles/ggml.dir/ggml-alloc.c.o
[  8%] Building C object CMakeFiles/ggml.dir/k_quants.c.o
[  8%] Building C object CMakeFiles/ggml.dir/ggml.c.o
In file included from /usr/include/string.h:535,
                 from /home/ggml/work/llama.cpp/ggml.c:21:
In function ‘memcpy’,
    inlined from ‘ggml_set_op_params’ at /home/ggml/work/llama.cpp/ggml.c:4638:5,
    inlined from ‘ggml_conv_1d’ at /home/ggml/work/llama.cpp/ggml.c:6896:5:
/usr/include/x86_64-linux-gnu/bits/string_fortified.h:29:10: warning: ‘__builtin_memcpy’ offset [0, 11] is out of the bounds [0, 0] [-Warray-bounds]
   29 |   return __builtin___memcpy_chk (__dest, __src, __len,
      |          ^~~~~~~~~~~~~~~~~~~~~~~~~~~~~~~~~~~~~~~~~~~~~
   30 |                                  __glibc_objsize0 (__dest));
      |                                  ~~~~~~~~~~~~~~~~~~~~~~~~~~
In function ‘memcpy’,
    inlined from ‘ggml_set_op_params’ at /home/ggml/work/llama.cpp/ggml.c:4638:5,
    inlined from ‘ggml_conv_2d’ at /home/ggml/work/llama.cpp/ggml.c:6935:5:
/usr/include/x86_64-linux-gnu/bits/string_fortified.h:29:10: warning: ‘__builtin_memcpy’ offset [0, 23] is out of the bounds [0, 0] [-Warray-bounds]
   29 |   return __builtin___memcpy_chk (__dest, __src, __len,
      |          ^~~~~~~~~~~~~~~~~~~~~~~~~~~~~~~~~~~~~~~~~~~~~
   30 |                                  __glibc_objsize0 (__dest));
      |                                  ~~~~~~~~~~~~~~~~~~~~~~~~~~
In function ‘memcpy’,
    inlined from ‘ggml_set_op_params’ at /home/ggml/work/llama.cpp/ggml.c:4638:5,
    inlined from ‘ggml_conv_1d’ at /home/ggml/work/llama.cpp/ggml.c:6896:5,
    inlined from ‘ggml_conv_1d_ph’ at /home/ggml/work/llama.cpp/ggml.c:6954:12:
/usr/include/x86_64-linux-gnu/bits/string_fortified.h:29:10: warning: ‘__builtin_memcpy’ offset [0, 11] is out of the bounds [0, 0] [-Warray-bounds]
   29 |   return __builtin___memcpy_chk (__dest, __src, __len,
      |          ^~~~~~~~~~~~~~~~~~~~~~~~~~~~~~~~~~~~~~~~~~~~~
   30 |                                  __glibc_objsize0 (__dest));
      |                                  ~~~~~~~~~~~~~~~~~~~~~~~~~~
In function ‘memcpy’,
    inlined from ‘ggml_set_op_params’ at /home/ggml/work/llama.cpp/ggml.c:4638:5,
    inlined from ‘ggml_pool_2d’ at /home/ggml/work/llama.cpp/ggml.c:7025:5:
/usr/include/x86_64-linux-gnu/bits/string_fortified.h:29:10: warning: ‘__builtin_memcpy’ offset [0, 27] is out of the bounds [0, 0] [-Warray-bounds]
   29 |   return __builtin___memcpy_chk (__dest, __src, __len,
      |          ^~~~~~~~~~~~~~~~~~~~~~~~~~~~~~~~~~~~~~~~~~~~~
   30 |                                  __glibc_objsize0 (__dest));
      |                                  ~~~~~~~~~~~~~~~~~~~~~~~~~~
In function ‘memcpy’,
    inlined from ‘ggml_set_op_params’ at /home/ggml/work/llama.cpp/ggml.c:4638:5,
    inlined from ‘ggml_win_part’ at /home/ggml/work/llama.cpp/ggml.c:7193:5:
/usr/include/x86_64-linux-gnu/bits/string_fortified.h:29:10: warning: ‘__builtin_memcpy’ offset [0, 11] is out of the bounds [0, 0] [-Warray-bounds]
   29 |   return __builtin___memcpy_chk (__dest, __src, __len,
      |          ^~~~~~~~~~~~~~~~~~~~~~~~~~~~~~~~~~~~~~~~~~~~~
   30 |                                  __glibc_objsize0 (__dest));
      |                                  ~~~~~~~~~~~~~~~~~~~~~~~~~~
[  8%] Built target ggml
[ 10%] Linking C static library libggml_static.a
[ 12%] Building CXX object CMakeFiles/llama.dir/llama.cpp.o
[ 12%] Built target ggml_static
[ 14%] Linking CXX static library libllama.a
[ 14%] Built target llama
[ 16%] Building CXX object tests/CMakeFiles/test-quantize-fns.dir/test-quantize-fns.cpp.o
[ 18%] Building CXX object tests/CMakeFiles/test-sampling.dir/test-sampling.cpp.o
[ 20%] Building CXX object tests/CMakeFiles/test-quantize-perf.dir/test-quantize-perf.cpp.o
[ 22%] Building CXX object examples/quantize-stats/CMakeFiles/quantize-stats.dir/quantize-stats.cpp.o
[ 24%] Building CXX object examples/quantize/CMakeFiles/quantize.dir/quantize.cpp.o
[ 26%] Building CXX object examples/CMakeFiles/common.dir/grammar-parser.cpp.o
[ 28%] Building CXX object tests/CMakeFiles/test-tokenizer-0.dir/test-tokenizer-0.cpp.o
[ 30%] Building CXX object examples/CMakeFiles/common.dir/common.cpp.o
[ 32%] Building CXX object tests/CMakeFiles/test-grad0.dir/test-grad0.cpp.o
[ 34%] Linking CXX executable ../bin/test-quantize-fns
[ 36%] Linking CXX executable ../../bin/quantize
[ 36%] Built target quantize
[ 36%] Built target test-quantize-fns
[ 38%] Linking CXX executable ../bin/test-tokenizer-0
[ 38%] Built target test-tokenizer-0
[ 40%] Linking CXX executable ../bin/test-sampling
[ 42%] Linking CXX executable ../bin/test-grad0
[ 42%] Built target test-sampling
[ 42%] Built target test-grad0
[ 44%] Linking CXX executable ../bin/test-quantize-perf
[ 44%] Built target test-quantize-perf
[ 44%] Built target common
[ 46%] Building CXX object examples/main/CMakeFiles/main.dir/main.cpp.o
[ 48%] Building CXX object examples/train-text-from-scratch/CMakeFiles/train-text-from-scratch.dir/train-text-from-scratch.cpp.o
[ 51%] Building CXX object examples/embedding/CMakeFiles/embedding.dir/embedding.cpp.o
[ 53%] Building CXX object examples/benchmark/CMakeFiles/benchmark.dir/benchmark-matmult.cpp.o
[ 55%] Building CXX object examples/perplexity/CMakeFiles/perplexity.dir/perplexity.cpp.o
[ 57%] Building CXX object examples/save-load-state/CMakeFiles/save-load-state.dir/save-load-state.cpp.o
[ 59%] Building CXX object examples/baby-llama/CMakeFiles/baby-llama.dir/baby-llama.cpp.o
[ 61%] Building CXX object examples/simple/CMakeFiles/simple.dir/simple.cpp.o
[ 63%] Building CXX object examples/embd-input/CMakeFiles/embdinput.dir/embd-input-lib.cpp.o
[ 65%] Building CXX object pocs/vdot/CMakeFiles/vdot.dir/vdot.cpp.o
[ 67%] Building CXX object examples/server/CMakeFiles/server.dir/server.cpp.o
[ 69%] Building CXX object pocs/vdot/CMakeFiles/q8dot.dir/q8dot.cpp.o
/home/ggml/work/llama.cpp/examples/baby-llama/baby-llama.cpp: In function ‘int main(int, char**)’:
/home/ggml/work/llama.cpp/examples/baby-llama/baby-llama.cpp:1620:32: warning: variable ‘opt_params_adam’ set but not used [-Wunused-but-set-variable]
 1620 |         struct ggml_opt_params opt_params_adam = ggml_opt_default_params(GGML_OPT_ADAM);
      |                                ^~~~~~~~~~~~~~~
[ 71%] Linking CXX executable ../../bin/embedding
[ 71%] Built target embedding
[ 73%] Linking CXX executable ../../bin/q8dot
[ 75%] Linking CXX executable ../../bin/benchmark
[ 77%] Linking CXX executable ../../bin/save-load-state
[ 77%] Built target benchmark
[ 79%] Linking CXX executable ../../bin/simple
[ 81%] Linking CXX executable ../../bin/vdot
[ 81%] Built target q8dot
[ 81%] Built target save-load-state
[ 81%] Built target simple
[ 81%] Built target vdot
[ 83%] Linking CXX executable ../../bin/baby-llama
[ 83%] Built target baby-llama
[ 85%] Linking CXX executable ../../bin/perplexity
[ 87%] Linking CXX static library libembdinput.a
[ 87%] Built target embdinput
[ 87%] Built target perplexity
[ 89%] Building CXX object examples/embd-input/CMakeFiles/embd-input-test.dir/embd-input-test.cpp.o
[ 91%] Linking CXX executable ../../bin/main
[ 91%] Built target main
[ 93%] Linking CXX executable ../../bin/embd-input-test
[ 93%] Built target embd-input-test
[ 95%] Linking CXX executable ../../bin/quantize-stats
[ 95%] Built target quantize-stats
[ 97%] Linking CXX executable ../../bin/train-text-from-scratch
[ 97%] Built target train-text-from-scratch
[100%] Linking CXX executable ../../bin/server
[100%] Built target server

real	0m29.620s
user	0m51.980s
sys	0m2.541s
+ '[' -z 1 ']'
+ tee -a /home/ggml/results/llama.cpp/81/844fbcfd93a162b7aeaea9e4f2ab1358f7f97e/ggml-0-x86-cpu-low-perf/ctest_release-ctest.log
+ ctest --output-on-failure -E test-opt
Test project /home/ggml/work/llama.cpp/build-ci-release
    Start 1: test-quantize-fns
1/5 Test #1: test-quantize-fns ................   Passed    0.00 sec
    Start 2: test-quantize-perf
2/5 Test #2: test-quantize-perf ...............   Passed    0.01 sec
    Start 3: test-sampling
3/5 Test #3: test-sampling ....................   Passed    0.00 sec
    Start 4: test-tokenizer-0
4/5 Test #4: test-tokenizer-0 .................   Passed    0.01 sec
    Start 5: test-grad0
5/5 Test #5: test-grad0 .......................   Passed    4.03 sec

100% tests passed, 0 tests failed out of 5

Total Test time (real) =   4.06 sec

real	0m4.063s
user	0m7.136s
sys	0m2.971s
+ set +e
+ cur=0
+ echo 0
+ set +x
