+ cmake -DCMAKE_BUILD_TYPE=Release ..
-- The C compiler identification is GNU 11.4.0
-- The CXX compiler identification is GNU 11.4.0
-- Detecting C compiler ABI info
-- Detecting C compiler ABI info - done
-- Check for working C compiler: /usr/bin/cc - skipped
-- Detecting C compile features
-- Detecting C compile features - done
-- Detecting CXX compiler ABI info
-- Detecting CXX compiler ABI info - done
-- Check for working CXX compiler: /usr/bin/c++ - skipped
-- Detecting CXX compile features
-- Detecting CXX compile features - done
-- Performing Test CMAKE_HAVE_LIBC_PTHREAD
-- Performing Test CMAKE_HAVE_LIBC_PTHREAD - Success
-- Found Threads: TRUE
-- Found OpenMP_C: -fopenmp (found version "4.5")
-- Found OpenMP_CXX: -fopenmp (found version "4.5")
-- Found OpenMP: TRUE (found version "4.5")
-- OpenMP found
-- ccache found, compilation results will be cached. Disable with GGML_CCACHE=OFF.
-- CMAKE_SYSTEM_PROCESSOR: x86_64
-- x86 detected
-- x86 detected
-- Linux detected
-- Configuring done (0.5s)
-- Generating done (0.0s)
-- Build files have been written to: /home/ggml/work/ggml/build-ci-release

real	0m0.633s
user	0m0.501s
sys	0m0.136s
+ make -j
[  1%] Building C object src/CMakeFiles/ggml.dir/ggml.c.o
[  3%] Building C object src/CMakeFiles/ggml.dir/ggml-alloc.c.o
[  3%] Building CXX object examples/CMakeFiles/common.dir/common.cpp.o
[  4%] Building C object src/CMakeFiles/ggml.dir/ggml-quants.c.o
[  5%] Building C object src/CMakeFiles/ggml.dir/ggml-backend.c.o
[  6%] Linking CXX static library libcommon.a
[  6%] Built target common
[  7%] Linking C shared library libggml.so
[  7%] Built target ggml
[  9%] Building C object tests/CMakeFiles/test-vec1.dir/test-vec1.c.o
[  9%] Building C object tests/CMakeFiles/test-vec0.dir/test-vec0.c.o
[ 10%] Building CXX object tests/CMakeFiles/test-grad0.dir/test-grad0.cpp.o
[ 11%] Building CXX object tests/CMakeFiles/test-opt.dir/test-opt.cpp.o
[ 13%] Building CXX object tests/CMakeFiles/test-quantize-fns.dir/test-quantize-fns.cpp.o
[ 14%] Building CXX object tests/CMakeFiles/test-quantize-perf.dir/test-quantize-perf.cpp.o
[ 15%] Building C object tests/CMakeFiles/test0.dir/test0.c.o
[ 16%] Building C object tests/CMakeFiles/test-mul-mat0.dir/test-mul-mat0.c.o
[ 17%] Building C object tests/CMakeFiles/test-mul-mat2.dir/test-mul-mat2.c.o
[ 18%] Linking CXX executable ../bin/test-grad0
[ 19%] Linking CXX executable ../bin/test-opt
[ 20%] Building C object tests/CMakeFiles/test2.dir/test2.c.o
[ 21%] Linking C executable ../bin/test-vec0
[ 22%] Linking C executable ../bin/test-vec1
[ 23%] Building C object tests/CMakeFiles/test-pool.dir/test-pool.c.o
[ 25%] Building C object tests/CMakeFiles/test1.dir/test1.c.o
[ 26%] Linking C executable ../bin/test0
[ 27%] Linking C executable ../bin/test2
[ 28%] Linking CXX executable ../bin/test-quantize-fns
[ 29%] Building C object tests/CMakeFiles/test3.dir/test3.c.o
[ 30%] Linking C executable ../bin/test-mul-mat0
[ 31%] Linking CXX executable ../bin/test-quantize-perf
[ 32%] Linking C executable ../bin/test-mul-mat2
[ 33%] Linking C executable ../bin/test1
[ 34%] Building CXX object tests/CMakeFiles/test-timestep_embedding.dir/test-timestep_embedding.cpp.o
[ 34%] Built target test-vec0
[ 36%] Linking CXX executable ../bin/test-timestep_embedding
[ 36%] Building CXX object tests/CMakeFiles/test-arange.dir/test-arange.cpp.o
[ 38%] Building C object tests/CMakeFiles/test-conv-transpose.dir/test-conv-transpose.c.o
[ 38%] Built target test-vec1
[ 39%] Linking C executable ../bin/test3
[ 39%] Built target test-opt
[ 39%] Built target test-grad0
[ 40%] Building C object tests/CMakeFiles/test-dup.dir/test-dup.c.o
[ 41%] Building CXX object tests/CMakeFiles/test-conv-transpose-1d.dir/test-conv-transpose-1d.cpp.o
[ 42%] Linking CXX executable ../bin/test-arange
[ 42%] Built target test2
[ 43%] Building C object tests/CMakeFiles/test-rel-pos.dir/test-rel-pos.c.o
[ 43%] Built target test-mul-mat0
[ 44%] Linking C executable ../bin/test-conv-transpose
[ 45%] Linking C executable ../bin/test-dup
[ 46%] Linking CXX executable ../bin/test-conv-transpose-1d
[ 46%] Built target test-quantize-fns
[ 47%] Building C object tests/CMakeFiles/test-customop.dir/test-customop.c.o
[ 47%] Built target test1
[ 47%] Built target test0
[ 47%] Built target test-mul-mat2
[ 48%] Linking C executable ../bin/test-customop
[ 50%] Linking C executable ../bin/test-rel-pos
[ 51%] Building CXX object tests/CMakeFiles/test-conv1d.dir/test-conv1d.cpp.o
[ 52%] Building CXX object tests/CMakeFiles/test-backend-buffer.dir/test-backend-buffer.cpp.o
[ 52%] Built target test-quantize-perf
[ 53%] Linking CXX executable ../bin/test-backend-buffer
[ 54%] Building CXX object examples/mnist/CMakeFiles/mnist-cnn.dir/main-cnn.cpp.o
[ 55%] Building CXX object tests/CMakeFiles/test-mul-mat.dir/test-mul-mat.cpp.o
[ 56%] Linking CXX executable ../../bin/mnist-cnn
[ 57%] Building CXX object tests/CMakeFiles/test-backend-ops.dir/test-backend-ops.cpp.o
[ 58%] Building CXX object tests/CMakeFiles/test-conv2d.dir/test-conv2d.cpp.o
[ 58%] Built target test-dup
[ 59%] Linking CXX executable ../bin/test-conv1d
[ 60%] Building CXX object examples/CMakeFiles/common-ggml.dir/common-ggml.cpp.o
[ 61%] Building CXX object examples/mnist/CMakeFiles/mnist.dir/main.cpp.o
[ 63%] Building CXX object examples/mnist/CMakeFiles/mnist-cpu.dir/main-cpu.cpp.o
[ 63%] Built target test-customop
[ 64%] Linking CXX executable ../bin/test-backend-ops
[ 65%] Linking CXX executable ../bin/test-mul-mat
[ 66%] Linking CXX executable ../../bin/mnist
[ 67%] Linking CXX executable ../bin/test-conv2d
[ 67%] Built target test-timestep_embedding
[ 67%] Built target test-backend-buffer
[ 68%] Building CXX object examples/sam/CMakeFiles/sam.dir/main.cpp.o
[ 68%] Built target test-conv-transpose
[ 68%] Built target test3
[ 69%] Linking CXX static library libcommon-ggml.a
[ 70%] Linking CXX executable ../../bin/sam
[ 71%] Building CXX object examples/yolo/CMakeFiles/yolov3-tiny.dir/yolov3-tiny.cpp.o
[ 71%] Built target test-rel-pos
[ 71%] Built target test-arange
[ 72%] Building CXX object examples/yolo/CMakeFiles/yolov3-tiny.dir/yolo-image.cpp.o
[ 73%] Linking CXX executable ../../bin/mnist-cpu
[ 73%] Built target test-conv-transpose-1d
[ 73%] Built target mnist-cnn
[ 75%] Linking CXX executable ../../bin/yolov3-tiny
[ 76%] Building CXX object examples/simple/CMakeFiles/simple-backend.dir/simple-backend.cpp.o
[ 76%] Built target test-mul-mat
[ 77%] Building CXX object examples/simple/CMakeFiles/simple-ctx.dir/simple-ctx.cpp.o
[ 77%] Built target test-conv1d
[ 77%] Built target common-ggml
[ 78%] Linking CXX executable ../../bin/simple-backend
[ 78%] Built target mnist
[ 78%] Built target test-backend-ops
[ 78%] Built target sam
[ 79%] Building CXX object examples/gpt-2/CMakeFiles/gpt-2-backend.dir/main-backend.cpp.o
[ 80%] Linking CXX executable ../../bin/simple-ctx
[ 81%] Building CXX object examples/gpt-2/CMakeFiles/gpt-2-ctx.dir/main-ctx.cpp.o
[ 82%] Building CXX object examples/gpt-2/CMakeFiles/gpt-2-alloc.dir/main-alloc.cpp.o
[ 83%] Building CXX object examples/gpt-2/CMakeFiles/gpt-2-sched.dir/main-sched.cpp.o
[ 84%] Building CXX object examples/gpt-2/CMakeFiles/gpt-2-quantize.dir/quantize.cpp.o
[ 84%] Built target test-conv2d
[ 85%] Linking CXX executable ../../bin/gpt-2-backend
[ 86%] Linking CXX executable ../../bin/gpt-2-ctx
[ 88%] Linking CXX executable ../../bin/gpt-2-alloc
[ 89%] Linking CXX executable ../../bin/gpt-2-sched
[ 90%] Linking C executable ../bin/test-pool
[ 91%] Building CXX object examples/gpt-2/CMakeFiles/gpt-2-batched.dir/main-batched.cpp.o
[ 92%] Linking CXX executable ../../bin/gpt-2-quantize
[ 93%] Building CXX object examples/gpt-j/CMakeFiles/gpt-j.dir/main.cpp.o
[ 94%] Linking CXX executable ../../bin/gpt-2-batched
[ 95%] Building CXX object examples/magika/CMakeFiles/magika.dir/main.cpp.o
[ 96%] Building CXX object examples/gpt-j/CMakeFiles/gpt-j-quantize.dir/quantize.cpp.o
[ 96%] Built target mnist-cpu
[ 97%] Linking CXX executable ../../bin/gpt-j-quantize
[ 97%] Built target test-pool
[ 97%] Built target yolov3-tiny
[ 98%] Linking CXX executable ../../bin/magika
[100%] Linking CXX executable ../../bin/gpt-j
[100%] Built target simple-backend
[100%] Built target simple-ctx
[100%] Built target gpt-2-ctx
[100%] Built target gpt-2-backend
[100%] Built target gpt-2-alloc
[100%] Built target gpt-2-quantize
[100%] Built target magika
[100%] Built target gpt-j-quantize
[100%] Built target gpt-2-sched
[100%] Built target gpt-2-batched
[100%] Built target gpt-j

real	0m6.357s
user	0m8.588s
sys	0m0.924s
+ ctest --output-on-failure
Test project /home/ggml/work/ggml/build-ci-release
      Start  1: test-grad0
 1/23 Test  #1: test-grad0 .......................   Passed    0.17 sec
      Start  2: test-opt
 2/23 Test  #2: test-opt .........................   Passed    3.49 sec
      Start  3: test-quantize-fns
 3/23 Test  #3: test-quantize-fns ................   Passed   15.99 sec
      Start  4: test-quantize-perf
 4/23 Test  #4: test-quantize-perf ...............   Passed    4.46 sec
      Start  5: test-mul-mat0
 5/23 Test  #5: test-mul-mat0 ....................   Passed    0.52 sec
      Start  6: test-mul-mat2
 6/23 Test  #6: test-mul-mat2 ....................   Passed    2.81 sec
      Start  7: test0
 7/23 Test  #7: test0 ............................   Passed    0.00 sec
      Start  8: test1
 8/23 Test  #8: test1 ............................   Passed    0.00 sec
      Start  9: test2
 9/23 Test  #9: test2 ............................   Passed    0.00 sec
      Start 10: test3
10/23 Test #10: test3 ............................   Passed    0.02 sec
      Start 11: test-pool
11/23 Test #11: test-pool ........................   Passed    0.00 sec
      Start 12: test-arange
12/23 Test #12: test-arange ......................   Passed    0.00 sec
      Start 13: test-timestep_embedding
13/23 Test #13: test-timestep_embedding ..........   Passed    0.00 sec
      Start 14: test-conv-transpose
14/23 Test #14: test-conv-transpose ..............   Passed    0.00 sec
      Start 15: test-conv-transpose-1d
15/23 Test #15: test-conv-transpose-1d ...........   Passed    0.01 sec
      Start 16: test-dup
16/23 Test #16: test-dup .........................   Passed    0.00 sec
      Start 17: test-rel-pos
17/23 Test #17: test-rel-pos .....................   Passed    0.00 sec
      Start 18: test-customop
18/23 Test #18: test-customop ....................   Passed    0.00 sec
      Start 19: test-conv1d
19/23 Test #19: test-conv1d ......................   Passed    0.00 sec
      Start 20: test-conv2d
20/23 Test #20: test-conv2d ......................   Passed    0.00 sec
      Start 21: test-mul-mat
21/23 Test #21: test-mul-mat .....................   Passed    0.00 sec
      Start 22: test-backend-buffer
22/23 Test #22: test-backend-buffer ..............   Passed    0.00 sec
      Start 23: test-backend-ops
23/23 Test #23: test-backend-ops .................   Passed    0.00 sec

100% tests passed, 0 tests failed out of 23

Total Test time (real) =  27.52 sec

real	0m27.582s
user	0m27.541s
sys	0m0.241s
