mkdir: cannot create directory ‘/mnt/llama.cpp’: Permission denied
+ gg_run_ctest_debug
+ cd /home/ggml/work/llama.cpp
+ tee /home/ggml/results/llama.cpp/16/13ef8d8eb2479ba55c4d598e08c8f3f18a0fed/ggml-1-arm64-cpu-low-perf/ctest_debug.log
+ rm -rf build-ci-debug
+ mkdir build-ci-debug
+ cd build-ci-debug
+ set -e
+ tee -a /home/ggml/results/llama.cpp/16/13ef8d8eb2479ba55c4d598e08c8f3f18a0fed/ggml-1-arm64-cpu-low-perf/ctest_debug-cmake.log
+ cmake -DCMAKE_BUILD_TYPE=Debug -DLLAMA_FATAL_WARNINGS=ON ..
-- The C compiler identification is GNU 11.4.0
-- The CXX compiler identification is GNU 11.4.0
-- Detecting C compiler ABI info
-- Detecting C compiler ABI info - done
-- Check for working C compiler: /usr/bin/cc - skipped
-- Detecting C compile features
-- Detecting C compile features - done
-- Detecting CXX compiler ABI info
-- Detecting CXX compiler ABI info - done
-- Check for working CXX compiler: /usr/bin/c++ - skipped
-- Detecting CXX compile features
-- Detecting CXX compile features - done
-- Found Git: /usr/bin/git (found version "2.34.1") 
-- Looking for pthread.h
-- Looking for pthread.h - found
-- Performing Test CMAKE_HAVE_LIBC_PTHREAD
-- Performing Test CMAKE_HAVE_LIBC_PTHREAD - Success
-- Found Threads: TRUE  
-- ccache found, compilation results will be cached. Disable with LLAMA_CCACHE=OFF.
-- CMAKE_SYSTEM_PROCESSOR: aarch64
-- ARM detected
-- Performing Test COMPILER_SUPPORTS_FP16_FORMAT_I3E
-- Performing Test COMPILER_SUPPORTS_FP16_FORMAT_I3E - Failed
-- Configuring done
-- Generating done
-- Build files have been written to: /home/ggml/work/llama.cpp/build-ci-debug

real	0m0.783s
user	0m0.397s
sys	0m0.390s
+ tee -a /home/ggml/results/llama.cpp/16/13ef8d8eb2479ba55c4d598e08c8f3f18a0fed/ggml-1-arm64-cpu-low-perf/ctest_debug-make.log
+ make -j
[  1%] Generating build details from Git
[  2%] Building C object CMakeFiles/ggml.dir/ggml-alloc.c.o
[  2%] Building C object CMakeFiles/ggml.dir/ggml.c.o
[  3%] Building C object CMakeFiles/ggml.dir/ggml-backend.c.o
-- Found Git: /usr/bin/git (found version "2.34.1") 
[  3%] Building C object CMakeFiles/ggml.dir/ggml-quants.c.o
[  4%] Building CXX object CMakeFiles/ggml.dir/sgemm.cpp.o
[  4%] Built target ggml
[  5%] Building CXX object common/CMakeFiles/build_info.dir/build-info.cpp.o
[  6%] Building CXX object examples/gguf/CMakeFiles/gguf.dir/gguf.cpp.o
[  6%] Building CXX object CMakeFiles/llama.dir/llama.cpp.o
[  7%] Building CXX object CMakeFiles/llama.dir/unicode.cpp.o
[  8%] Linking CXX static library libggml_static.a
[  9%] Building CXX object CMakeFiles/llama.dir/unicode-data.cpp.o
[  9%] Linking CXX executable ../../bin/gguf
[  9%] Linking CXX static library libllama.a
[  9%] Built target build_info
[  9%] Built target ggml_static
[  9%] Built target gguf
[  9%] Built target llama
[ 10%] Building CXX object examples/benchmark/CMakeFiles/benchmark.dir/benchmark-matmult.cpp.o
[ 10%] Building C object tests/CMakeFiles/test-c.dir/test-c.c.o
[ 11%] Building CXX object examples/quantize-stats/CMakeFiles/quantize-stats.dir/quantize-stats.cpp.o
[ 11%] Building CXX object common/CMakeFiles/common.dir/common.cpp.o
[ 13%] Building CXX object common/CMakeFiles/common.dir/sampling.cpp.o
[ 13%] Building CXX object common/CMakeFiles/common.dir/console.cpp.o
[ 13%] Building CXX object examples/llava/CMakeFiles/llava.dir/llava.cpp.o
[ 14%] Building CXX object examples/llava/CMakeFiles/llava.dir/clip.cpp.o
[ 15%] Linking CXX executable ../bin/test-c
[ 16%] Building CXX object common/CMakeFiles/common.dir/json-schema-to-grammar.cpp.o
[ 16%] Building CXX object common/CMakeFiles/common.dir/grammar-parser.cpp.o
[ 17%] Building CXX object common/CMakeFiles/common.dir/train.cpp.o
[ 16%] Linking CXX executable ../../bin/quantize-stats
[ 17%] Building CXX object common/CMakeFiles/common.dir/ngram-cache.cpp.o
[ 17%] Linking CXX executable ../../bin/benchmark
[ 17%] Built target llava
[ 18%] Linking CXX static library libcommon.a
[ 19%] Linking CXX static library libllava_static.a
[ 19%] Built target test-c
[ 19%] Built target benchmark
[ 19%] Built target llava_static
[ 19%] Built target common
[ 19%] Building CXX object tests/CMakeFiles/test-tokenizer-1-bpe.dir/test-tokenizer-1-bpe.cpp.o
[ 20%] Building CXX object tests/CMakeFiles/test-tokenizer-0.dir/test-tokenizer-0.cpp.o
[ 21%] Building CXX object tests/CMakeFiles/test-quantize-perf.dir/get-model.cpp.o
[ 22%] Building CXX object tests/CMakeFiles/test-tokenizer-1-spm.dir/test-tokenizer-1-spm.cpp.o
[ 23%] Building CXX object tests/CMakeFiles/test-chat-template.dir/test-chat-template.cpp.o
[ 24%] Building CXX object tests/CMakeFiles/test-quantize-perf.dir/test-quantize-perf.cpp.o
[ 24%] Building CXX object tests/CMakeFiles/test-chat-template.dir/get-model.cpp.o
[ 25%] Building CXX object tests/CMakeFiles/test-quantize-fns.dir/test-quantize-fns.cpp.o
[ 26%] Building CXX object tests/CMakeFiles/test-quantize-fns.dir/get-model.cpp.o
[ 27%] Building CXX object tests/CMakeFiles/test-sampling.dir/get-model.cpp.o
[ 28%] Building CXX object tests/CMakeFiles/test-sampling.dir/test-sampling.cpp.o
[ 29%] Building CXX object tests/CMakeFiles/test-grammar-integration.dir/get-model.cpp.o
[ 29%] Linking CXX executable ../bin/test-tokenizer-1-spm
[ 31%] Building CXX object tests/CMakeFiles/test-grammar-integration.dir/test-grammar-integration.cpp.o
[ 32%] Linking CXX executable ../bin/test-chat-template
[ 30%] Linking CXX executable ../bin/test-tokenizer-1-bpe
[ 33%] Building CXX object tests/CMakeFiles/test-grammar-parser.dir/get-model.cpp.o
[ 34%] Building CXX object tests/CMakeFiles/test-backend-ops.dir/test-backend-ops.cpp.o
[ 34%] Building CXX object tests/CMakeFiles/test-grammar-parser.dir/test-grammar-parser.cpp.o
[ 35%] Building CXX object tests/CMakeFiles/test-backend-ops.dir/get-model.cpp.o
[ 36%] Building CXX object tests/CMakeFiles/test-autorelease.dir/get-model.cpp.o
[ 37%] Building CXX object tests/CMakeFiles/test-rope.dir/test-rope.cpp.o
[ 37%] Linking CXX executable ../bin/test-quantize-fns
[ 37%] Building CXX object tests/CMakeFiles/test-autorelease.dir/test-autorelease.cpp.o
[ 38%] Linking CXX executable ../bin/test-quantize-perf
[ 38%] Building CXX object tests/CMakeFiles/test-grad0.dir/get-model.cpp.o
[ 39%] Building CXX object tests/CMakeFiles/test-llama-grammar.dir/test-llama-grammar.cpp.o
[ 40%] Linking CXX executable ../bin/test-tokenizer-0
[ 38%] Building CXX object tests/CMakeFiles/test-rope.dir/get-model.cpp.o
[ 41%] Building CXX object tests/CMakeFiles/test-model-load-cancel.dir/get-model.cpp.o
[ 43%] Building CXX object tests/CMakeFiles/test-grad0.dir/test-grad0.cpp.o
[ 43%] Building CXX object tests/CMakeFiles/test-llama-grammar.dir/get-model.cpp.o
[ 44%] Building CXX object tests/CMakeFiles/test-model-load-cancel.dir/test-model-load-cancel.cpp.o
[ 44%] Linking CXX executable ../bin/test-sampling
[ 46%] Building CXX object tests/CMakeFiles/test-json-schema-to-grammar.dir/get-model.cpp.o
[ 45%] Building CXX object tests/CMakeFiles/test-json-schema-to-grammar.dir/test-json-schema-to-grammar.cpp.o
[ 46%] Linking CXX executable ../bin/test-grammar-parser
[ 46%] Linking CXX executable ../bin/test-grammar-integration
[ 46%] Linking CXX executable ../bin/test-rope
[ 46%] Building CXX object examples/baby-llama/CMakeFiles/baby-llama.dir/baby-llama.cpp.o
[ 47%] Building CXX object examples/batched-bench/CMakeFiles/batched-bench.dir/batched-bench.cpp.o
[ 48%] Linking CXX executable ../bin/test-backend-ops
[ 49%] Linking CXX executable ../bin/test-autorelease
[ 50%] Building CXX object examples/batched/CMakeFiles/batched.dir/batched.cpp.o
[ 51%] Linking CXX executable ../bin/test-grad0
[ 51%] Building CXX object examples/beam-search/CMakeFiles/beam-search.dir/beam-search.cpp.o
[ 51%] Linking CXX executable ../bin/test-model-load-cancel
[ 52%] Building CXX object examples/convert-llama2c-to-ggml/CMakeFiles/convert-llama2c-to-ggml.dir/convert-llama2c-to-ggml.cpp.o
[ 53%] Building CXX object examples/embedding/CMakeFiles/embedding.dir/embedding.cpp.o
[ 53%] Building CXX object examples/eval-callback/CMakeFiles/eval-callback.dir/eval-callback.cpp.o
[ 54%] Building CXX object examples/finetune/CMakeFiles/finetune.dir/finetune.cpp.o
[ 54%] Building CXX object examples/gritlm/CMakeFiles/gritlm.dir/gritlm.cpp.o
[ 55%] Linking CXX executable ../../bin/baby-llama
[ 55%] Linking CXX executable ../../bin/batched
[ 57%] Linking CXX executable ../../bin/batched-bench
[ 57%] Linking CXX executable ../bin/test-json-schema-to-grammar
[ 56%] Building CXX object examples/gguf-split/CMakeFiles/gguf-split.dir/gguf-split.cpp.o
[ 58%] Building CXX object examples/infill/CMakeFiles/infill.dir/infill.cpp.o
[ 58%] Linking CXX executable ../bin/test-llama-grammar
[ 59%] Building CXX object examples/llama-bench/CMakeFiles/llama-bench.dir/llama-bench.cpp.o
[ 60%] Linking CXX executable ../../bin/embedding
[ 61%] Building CXX object examples/llava/CMakeFiles/llava-cli.dir/llava-cli.cpp.o
[ 61%] Building CXX object examples/main/CMakeFiles/main.dir/main.cpp.o
[ 61%] Linking CXX executable ../../bin/convert-llama2c-to-ggml
[ 62%] Linking CXX executable ../../bin/beam-search
[ 64%] Building CXX object examples/tokenize/CMakeFiles/tokenize.dir/tokenize.cpp.o
[ 64%] Linking CXX executable ../../bin/eval-callback
[ 65%] Linking CXX executable ../../bin/finetune
[ 66%] Building CXX object examples/parallel/CMakeFiles/parallel.dir/parallel.cpp.o
[ 67%] Building CXX object examples/quantize/CMakeFiles/quantize.dir/quantize.cpp.o
[ 68%] Linking CXX executable ../../bin/gritlm
[ 67%] Building CXX object examples/retrieval/CMakeFiles/retrieval.dir/retrieval.cpp.o
[ 69%] Linking CXX executable ../../bin/gguf-split
[ 69%] Building CXX object examples/save-load-state/CMakeFiles/save-load-state.dir/save-load-state.cpp.o
[ 70%] Building CXX object examples/perplexity/CMakeFiles/perplexity.dir/perplexity.cpp.o
[ 71%] Building CXX object examples/simple/CMakeFiles/simple.dir/simple.cpp.o
[ 72%] Linking CXX executable ../../bin/infill
[ 73%] Linking CXX executable ../../bin/tokenize
[ 72%] Linking CXX executable ../../bin/llava-cli
[ 74%] Building CXX object examples/passkey/CMakeFiles/passkey.dir/passkey.cpp.o
[ 75%] Building CXX object examples/lookahead/CMakeFiles/lookahead.dir/lookahead.cpp.o
[ 76%] Linking CXX executable ../../bin/llama-bench
[ 78%] Linking CXX executable ../../bin/main
[ 79%] Building CXX object examples/speculative/CMakeFiles/speculative.dir/speculative.cpp.o
[ 77%] Linking CXX executable ../../bin/quantize
[ 78%] Linking CXX executable ../../bin/parallel
[ 80%] Linking CXX executable ../../bin/retrieval
[ 80%] Built target test-grad0
[ 81%] Building CXX object examples/lookup/CMakeFiles/lookup-merge.dir/lookup-merge.cpp.o
[ 82%] Building CXX object examples/lookup/CMakeFiles/lookup.dir/lookup.cpp.o
[ 82%] Built target test-quantize-fns
[ 83%] Linking CXX executable ../../bin/save-load-state
[ 84%] Building CXX object examples/lookup/CMakeFiles/lookup-stats.dir/lookup-stats.cpp.o
[ 84%] Building CXX object examples/lookup/CMakeFiles/lookup-create.dir/lookup-create.cpp.o
[ 84%] Building CXX object examples/train-text-from-scratch/CMakeFiles/train-text-from-scratch.dir/train-text-from-scratch.cpp.o
[ 84%] Linking CXX executable ../../bin/simple
[ 84%] Linking CXX executable ../../bin/perplexity
[ 84%] Built target test-grammar-parser
[ 85%] Linking CXX executable ../../bin/passkey
[ 86%] Built target test-quantize-perf
[ 87%] Linking CXX executable ../../bin/lookahead
[ 87%] Linking CXX executable ../../bin/lookup-merge
[ 86%] Generating completion.js.hpp
[ 87%] Built target test-rope
[ 88%] Linking CXX executable ../../bin/lookup
[ 89%] Generating json-schema-to-grammar.mjs.hpp
[ 87%] Generating index.html.hpp
[ 89%] Generating index.js.hpp
[ 90%] Linking CXX executable ../../bin/lookup-stats
[ 91%] Linking CXX executable ../../bin/speculative
[ 92%] Building CXX object pocs/vdot/CMakeFiles/vdot.dir/vdot.cpp.o
[ 93%] Building CXX object examples/imatrix/CMakeFiles/imatrix.dir/imatrix.cpp.o
[ 94%] Linking CXX executable ../../bin/train-text-from-scratch
[ 95%] Building CXX object examples/export-lora/CMakeFiles/export-lora.dir/export-lora.cpp.o
[ 96%] Linking CXX executable ../../bin/lookup-create
[ 97%] Building CXX object pocs/vdot/CMakeFiles/q8dot.dir/q8dot.cpp.o
[ 97%] Linking CXX executable ../../bin/imatrix
[ 98%] Linking CXX executable ../../bin/q8dot
[ 99%] Linking CXX executable ../../bin/vdot
[ 99%] Linking CXX executable ../../bin/export-lora
[ 99%] Built target test-backend-ops
[ 99%] Built target convert-llama2c-to-ggml
[ 99%] Building CXX object examples/server/CMakeFiles/server.dir/server.cpp.o
[ 99%] Built target lookup-merge
[ 99%] Built target q8dot
[ 99%] Built target quantize-stats
[ 99%] Built target vdot
[100%] Built target export-lora
[100%] Linking CXX executable ../../bin/server
[100%] Built target test-json-schema-to-grammar
[100%] Built target test-autorelease
[100%] Built target test-chat-template
[100%] Built target test-model-load-cancel
[100%] Built target test-sampling
[100%] Built target test-grammar-integration
[100%] Built target gguf-split
[100%] Built target test-llama-grammar
[100%] Built target test-tokenizer-1-bpe
[100%] Built target test-tokenizer-0
[100%] Built target test-tokenizer-1-spm
[100%] Built target beam-search
[100%] Built target batched
[100%] Built target eval-callback
[100%] Built target batched-bench
[100%] Built target passkey
[100%] Built target embedding
[100%] Built target baby-llama
[100%] Built target lookup-create
[100%] Built target imatrix
[100%] Built target finetune
[100%] Built target gritlm
[100%] Built target lookup-stats
[100%] Built target quantize
[100%] Built target tokenize
[100%] Built target retrieval
[100%] Built target perplexity
[100%] Built target train-text-from-scratch
[100%] Built target simple
[100%] Built target infill
[100%] Built target save-load-state
[100%] Built target speculative
[100%] Built target lookup
[100%] Built target main
[100%] Built target llama-bench
[100%] Built target parallel
[100%] Built target lookahead
[100%] Built target llava-cli
[100%] Built target server

real	0m12.846s
user	0m40.194s
sys	0m8.167s
+ tee -a /home/ggml/results/llama.cpp/16/13ef8d8eb2479ba55c4d598e08c8f3f18a0fed/ggml-1-arm64-cpu-low-perf/ctest_debug-ctest.log
+ ctest --output-on-failure -L main -E test-opt
Test project /home/ggml/work/llama.cpp/build-ci-debug
      Start  1: test-tokenizer-0-llama-spm
 1/21 Test  #1: test-tokenizer-0-llama-spm ........   Passed    0.18 sec
      Start  2: test-tokenizer-0-llama-bpe
 2/21 Test  #2: test-tokenizer-0-llama-bpe ........   Passed    2.86 sec
      Start  3: test-tokenizer-0-phi-3
 3/21 Test  #3: test-tokenizer-0-phi-3 ............   Passed    0.18 sec
      Start  4: test-tokenizer-0-falcon
 4/21 Test  #4: test-tokenizer-0-falcon ...........   Passed    1.10 sec
      Start  5: test-tokenizer-0-deepseek-llm
 5/21 Test  #5: test-tokenizer-0-deepseek-llm .....   Passed    1.56 sec
      Start  6: test-tokenizer-0-deepseek-coder
 6/21 Test  #6: test-tokenizer-0-deepseek-coder ...   Passed    0.72 sec
      Start  7: test-tokenizer-0-bert-bge
 7/21 Test  #7: test-tokenizer-0-bert-bge .........   Passed    0.53 sec
      Start  8: test-tokenizer-0-starcoder
 8/21 Test  #8: test-tokenizer-0-starcoder ........   Passed    0.88 sec
      Start  9: test-tokenizer-0-gpt-2
 9/21 Test  #9: test-tokenizer-0-gpt-2 ............   Passed    0.91 sec
      Start 10: test-tokenizer-1-llama-spm
10/21 Test #10: test-tokenizer-1-llama-spm ........   Passed    4.69 sec
      Start 11: test-quantize-fns
11/21 Test #11: test-quantize-fns .................   Passed   34.73 sec
      Start 12: test-quantize-perf
12/21 Test #12: test-quantize-perf ................   Passed   10.62 sec
      Start 13: test-sampling
13/21 Test #13: test-sampling .....................   Passed    0.03 sec
      Start 14: test-chat-template
14/21 Test #14: test-chat-template ................   Passed    0.01 sec
      Start 15: test-grammar-parser
15/21 Test #15: test-grammar-parser ...............   Passed    0.00 sec
      Start 16: test-llama-grammar
16/21 Test #16: test-llama-grammar ................   Passed    0.01 sec
      Start 17: test-grammar-integration
17/21 Test #17: test-grammar-integration ..........   Passed    0.01 sec
      Start 18: test-grad0
18/21 Test #18: test-grad0 ........................   Passed    4.05 sec
      Start 19: test-backend-ops
19/21 Test #19: test-backend-ops ..................   Passed    0.00 sec
      Start 20: test-rope
20/21 Test #20: test-rope .........................   Passed    0.07 sec
      Start 23: test-json-schema-to-grammar
21/21 Test #23: test-json-schema-to-grammar .......   Passed    0.04 sec

100% tests passed, 0 tests failed out of 21

Label Time Summary:
main    =  63.18 sec*proc (21 tests)

Total Test time (real) =  63.19 sec

real	1m3.202s
user	1m16.856s
sys	0m3.918s
+ set +e
+ cur=0
+ echo 0
+ set +x
+ gg_run_ctest_release
+ tee /home/ggml/results/llama.cpp/16/13ef8d8eb2479ba55c4d598e08c8f3f18a0fed/ggml-1-arm64-cpu-low-perf/ctest_release.log
+ cd /home/ggml/work/llama.cpp
+ rm -rf build-ci-release
+ mkdir build-ci-release
+ cd build-ci-release
+ set -e
+ tee -a /home/ggml/results/llama.cpp/16/13ef8d8eb2479ba55c4d598e08c8f3f18a0fed/ggml-1-arm64-cpu-low-perf/ctest_release-cmake.log
+ cmake -DCMAKE_BUILD_TYPE=Release -DLLAMA_FATAL_WARNINGS=ON ..
-- The C compiler identification is GNU 11.4.0
-- The CXX compiler identification is GNU 11.4.0
-- Detecting C compiler ABI info
-- Detecting C compiler ABI info - done
-- Check for working C compiler: /usr/bin/cc - skipped
-- Detecting C compile features
-- Detecting C compile features - done
-- Detecting CXX compiler ABI info
-- Detecting CXX compiler ABI info - done
-- Check for working CXX compiler: /usr/bin/c++ - skipped
-- Detecting CXX compile features
-- Detecting CXX compile features - done
-- Found Git: /usr/bin/git (found version "2.34.1") 
-- Looking for pthread.h
-- Looking for pthread.h - found
-- Performing Test CMAKE_HAVE_LIBC_PTHREAD
-- Performing Test CMAKE_HAVE_LIBC_PTHREAD - Success
-- Found Threads: TRUE  
-- ccache found, compilation results will be cached. Disable with LLAMA_CCACHE=OFF.
-- CMAKE_SYSTEM_PROCESSOR: aarch64
-- ARM detected
-- Performing Test COMPILER_SUPPORTS_FP16_FORMAT_I3E
-- Performing Test COMPILER_SUPPORTS_FP16_FORMAT_I3E - Failed
-- Configuring done
-- Generating done
-- Build files have been written to: /home/ggml/work/llama.cpp/build-ci-release

real	0m0.771s
user	0m0.437s
sys	0m0.336s
+ tee -a /home/ggml/results/llama.cpp/16/13ef8d8eb2479ba55c4d598e08c8f3f18a0fed/ggml-1-arm64-cpu-low-perf/ctest_release-make.log
+ make -j
[  1%] Building C object CMakeFiles/ggml.dir/ggml-alloc.c.o
[  1%] Building C object CMakeFiles/ggml.dir/ggml-quants.c.o
[  1%] Building C object CMakeFiles/ggml.dir/ggml.c.o
[  2%] Building C object CMakeFiles/ggml.dir/ggml-backend.c.o
[  3%] Building CXX object CMakeFiles/ggml.dir/sgemm.cpp.o
[  4%] Building CXX object common/CMakeFiles/build_info.dir/build-info.cpp.o
[  4%] Built target ggml
[  5%] Building CXX object examples/gguf/CMakeFiles/gguf.dir/gguf.cpp.o
[  6%] Linking CXX static library libggml_static.a
[  7%] Building CXX object CMakeFiles/llama.dir/unicode.cpp.o
[  8%] Built target build_info
[  8%] Building CXX object CMakeFiles/llama.dir/llama.cpp.o
[  9%] Building CXX object CMakeFiles/llama.dir/unicode-data.cpp.o
[  9%] Linking CXX executable ../../bin/gguf
[  9%] Linking CXX static library libllama.a
[  9%] Built target ggml_static
[  9%] Built target llama
[  9%] Built target gguf
[  9%] Building C object tests/CMakeFiles/test-c.dir/test-c.c.o
[ 11%] Building CXX object common/CMakeFiles/common.dir/console.cpp.o
[ 11%] Building CXX object common/CMakeFiles/common.dir/sampling.cpp.o
[ 12%] Building CXX object examples/benchmark/CMakeFiles/benchmark.dir/benchmark-matmult.cpp.o
[ 13%] Building CXX object examples/quantize-stats/CMakeFiles/quantize-stats.dir/quantize-stats.cpp.o
[ 14%] Building CXX object common/CMakeFiles/common.dir/json-schema-to-grammar.cpp.o
[ 14%] Building CXX object common/CMakeFiles/common.dir/common.cpp.o
[ 14%] Building CXX object common/CMakeFiles/common.dir/grammar-parser.cpp.o
[ 14%] Building CXX object common/CMakeFiles/common.dir/ngram-cache.cpp.o
[ 14%] Building CXX object examples/llava/CMakeFiles/llava.dir/llava.cpp.o
[ 15%] Building CXX object common/CMakeFiles/common.dir/train.cpp.o
[ 16%] Linking CXX executable ../bin/test-c
[ 16%] Linking CXX executable ../../bin/benchmark
[ 16%] Linking CXX executable ../../bin/quantize-stats
[ 17%] Building CXX object examples/llava/CMakeFiles/llava.dir/clip.cpp.o
[ 18%] Linking CXX static library libcommon.a
[ 18%] Built target llava
[ 18%] Built target test-c
[ 19%] Linking CXX static library libllava_static.a
[ 19%] Built target benchmark
[ 19%] Built target common
[ 19%] Built target quantize-stats
[ 20%] Building CXX object tests/CMakeFiles/test-tokenizer-0.dir/test-tokenizer-0.cpp.o
[ 20%] Building CXX object tests/CMakeFiles/test-tokenizer-1-bpe.dir/test-tokenizer-1-bpe.cpp.o
[ 21%] Building CXX object tests/CMakeFiles/test-quantize-perf.dir/test-quantize-perf.cpp.o
[ 22%] Building CXX object tests/CMakeFiles/test-tokenizer-1-spm.dir/test-tokenizer-1-spm.cpp.o
[ 23%] Building CXX object tests/CMakeFiles/test-sampling.dir/test-sampling.cpp.o
[ 24%] Building CXX object tests/CMakeFiles/test-quantize-fns.dir/test-quantize-fns.cpp.o
[ 25%] Building CXX object tests/CMakeFiles/test-sampling.dir/get-model.cpp.o
[ 25%] Built target llava_static
[ 26%] Building CXX object tests/CMakeFiles/test-quantize-perf.dir/get-model.cpp.o
[ 27%] Building CXX object tests/CMakeFiles/test-quantize-fns.dir/get-model.cpp.o
[ 27%] Building CXX object tests/CMakeFiles/test-chat-template.dir/get-model.cpp.o
[ 28%] Building CXX object tests/CMakeFiles/test-grammar-parser.dir/test-grammar-parser.cpp.o
[ 29%] Linking CXX executable ../bin/test-tokenizer-0
[ 30%] Building CXX object tests/CMakeFiles/test-chat-template.dir/test-chat-template.cpp.o
[ 31%] Linking CXX executable ../bin/test-sampling
[ 33%] Building CXX object tests/CMakeFiles/test-grammar-integration.dir/test-grammar-integration.cpp.o
[ 31%] Building CXX object tests/CMakeFiles/test-llama-grammar.dir/test-llama-grammar.cpp.o
[ 34%] Building CXX object tests/CMakeFiles/test-grammar-parser.dir/get-model.cpp.o
[ 32%] Building CXX object tests/CMakeFiles/test-llama-grammar.dir/get-model.cpp.o
[ 35%] Building CXX object tests/CMakeFiles/test-grammar-integration.dir/get-model.cpp.o
[ 35%] Linking CXX executable ../bin/test-quantize-fns
[ 35%] Linking CXX executable ../bin/test-quantize-perf
[ 34%] Linking CXX executable ../bin/test-tokenizer-1-spm
[ 36%] Linking CXX executable ../bin/test-tokenizer-1-bpe
[ 36%] Building CXX object tests/CMakeFiles/test-grad0.dir/get-model.cpp.o
[ 37%] Building CXX object tests/CMakeFiles/test-grad0.dir/test-grad0.cpp.o
[ 37%] Building CXX object tests/CMakeFiles/test-backend-ops.dir/test-backend-ops.cpp.o
[ 38%] Building CXX object tests/CMakeFiles/test-rope.dir/test-rope.cpp.o
[ 39%] Building CXX object tests/CMakeFiles/test-backend-ops.dir/get-model.cpp.o
[ 40%] Building CXX object tests/CMakeFiles/test-model-load-cancel.dir/test-model-load-cancel.cpp.o
[ 40%] Linking CXX executable ../bin/test-grammar-parser
[ 40%] Linking CXX executable ../bin/test-grammar-integration
[ 42%] Building CXX object tests/CMakeFiles/test-model-load-cancel.dir/get-model.cpp.o
[ 43%] Building CXX object examples/batched/CMakeFiles/batched.dir/batched.cpp.o
[ 43%] Building CXX object tests/CMakeFiles/test-autorelease.dir/test-autorelease.cpp.o
[ 45%] Building CXX object tests/CMakeFiles/test-rope.dir/get-model.cpp.o
[ 46%] Building CXX object tests/CMakeFiles/test-json-schema-to-grammar.dir/test-json-schema-to-grammar.cpp.o
[ 41%] Linking CXX executable ../bin/test-chat-template
[ 47%] Building CXX object tests/CMakeFiles/test-autorelease.dir/get-model.cpp.o
[ 44%] Building CXX object tests/CMakeFiles/test-json-schema-to-grammar.dir/get-model.cpp.o
[ 48%] Building CXX object examples/batched-bench/CMakeFiles/batched-bench.dir/batched-bench.cpp.o
[ 48%] Building CXX object examples/baby-llama/CMakeFiles/baby-llama.dir/baby-llama.cpp.o
[ 48%] Linking CXX executable ../bin/test-llama-grammar
[ 49%] Linking CXX executable ../bin/test-grad0
[ 49%] Linking CXX executable ../bin/test-rope
[ 50%] Linking CXX executable ../bin/test-backend-ops
[ 50%] Linking CXX executable ../bin/test-model-load-cancel
[ 51%] Building CXX object examples/embedding/CMakeFiles/embedding.dir/embedding.cpp.o
[ 51%] Building CXX object examples/eval-callback/CMakeFiles/eval-callback.dir/eval-callback.cpp.o
[ 51%] Building CXX object examples/beam-search/CMakeFiles/beam-search.dir/beam-search.cpp.o
[ 52%] Building CXX object examples/convert-llama2c-to-ggml/CMakeFiles/convert-llama2c-to-ggml.dir/convert-llama2c-to-ggml.cpp.o
[ 53%] Building CXX object examples/finetune/CMakeFiles/finetune.dir/finetune.cpp.o
[ 54%] Linking CXX executable ../bin/test-autorelease
[ 54%] Building CXX object examples/gritlm/CMakeFiles/gritlm.dir/gritlm.cpp.o
[ 54%] Linking CXX executable ../bin/test-json-schema-to-grammar
[ 55%] Linking CXX executable ../../bin/baby-llama
[ 54%] Linking CXX executable ../../bin/batched
[ 56%] Building CXX object examples/gguf-split/CMakeFiles/gguf-split.dir/gguf-split.cpp.o
[ 57%] Linking CXX executable ../../bin/batched-bench
[ 58%] Building CXX object examples/llama-bench/CMakeFiles/llama-bench.dir/llama-bench.cpp.o
[ 59%] Building CXX object examples/infill/CMakeFiles/infill.dir/infill.cpp.o
[ 60%] Building CXX object examples/llava/CMakeFiles/llava-cli.dir/llava-cli.cpp.o
[ 60%] Building CXX object examples/main/CMakeFiles/main.dir/main.cpp.o
[ 62%] Building CXX object examples/tokenize/CMakeFiles/tokenize.dir/tokenize.cpp.o
[ 61%] Linking CXX executable ../../bin/eval-callback
[ 63%] Linking CXX executable ../../bin/embedding
[ 64%] Linking CXX executable ../../bin/finetune
[ 65%] Built target test-quantize-perf
[ 66%] Linking CXX executable ../../bin/beam-search
[ 65%] Linking CXX executable ../../bin/gritlm
[ 65%] Linking CXX executable ../../bin/convert-llama2c-to-ggml
[ 67%] Building CXX object examples/parallel/CMakeFiles/parallel.dir/parallel.cpp.o
[ 68%] Linking CXX executable ../../bin/llama-bench
[ 69%] Linking CXX executable ../../bin/gguf-split
[ 70%] Building CXX object examples/perplexity/CMakeFiles/perplexity.dir/perplexity.cpp.o
[ 71%] Building CXX object examples/simple/CMakeFiles/simple.dir/simple.cpp.o
[ 72%] Building CXX object examples/retrieval/CMakeFiles/retrieval.dir/retrieval.cpp.o
[ 72%] Building CXX object examples/save-load-state/CMakeFiles/save-load-state.dir/save-load-state.cpp.o
[ 73%] Linking CXX executable ../../bin/infill
[ 69%] Building CXX object examples/quantize/CMakeFiles/quantize.dir/quantize.cpp.o
[ 74%] Linking CXX executable ../../bin/main
[ 75%] Building CXX object examples/passkey/CMakeFiles/passkey.dir/passkey.cpp.o
[ 76%] Linking CXX executable ../../bin/tokenize
[ 74%] Linking CXX executable ../../bin/llava-cli
[ 77%] Building CXX object examples/speculative/CMakeFiles/speculative.dir/speculative.cpp.o
[ 77%] Built target test-quantize-fns
[ 77%] Built target test-grammar-parser
[ 78%] Building CXX object examples/lookahead/CMakeFiles/lookahead.dir/lookahead.cpp.o
[ 78%] Built target test-grad0
[ 78%] Linking CXX executable ../../bin/simple
[ 78%] Linking CXX executable ../../bin/parallel
[ 79%] Linking CXX executable ../../bin/passkey
[ 79%] Linking CXX executable ../../bin/perplexity
[ 80%] Building CXX object examples/lookup/CMakeFiles/lookup.dir/lookup.cpp.o
[ 81%] Linking CXX executable ../../bin/quantize
[ 81%] Building CXX object examples/lookup/CMakeFiles/lookup-create.dir/lookup-create.cpp.o
[ 82%] Generating json-schema-to-grammar.mjs.hpp
[ 83%] Building CXX object examples/lookup/CMakeFiles/lookup-merge.dir/lookup-merge.cpp.o
[ 84%] Linking CXX executable ../../bin/retrieval
[ 85%] Generating completion.js.hpp
[ 85%] Building CXX object examples/train-text-from-scratch/CMakeFiles/train-text-from-scratch.dir/train-text-from-scratch.cpp.o
[ 86%] Generating index.html.hpp
[ 87%] Building CXX object examples/lookup/CMakeFiles/lookup-stats.dir/lookup-stats.cpp.o
[ 88%] Linking CXX executable ../../bin/save-load-state
[ 88%] Generating index.js.hpp
[ 89%] Building CXX object examples/imatrix/CMakeFiles/imatrix.dir/imatrix.cpp.o
[ 90%] Linking CXX executable ../../bin/speculative
[ 90%] Linking CXX executable ../../bin/lookahead
[ 91%] Building CXX object examples/export-lora/CMakeFiles/export-lora.dir/export-lora.cpp.o
[ 92%] Built target test-sampling
[ 94%] Building CXX object pocs/vdot/CMakeFiles/q8dot.dir/q8dot.cpp.o
[ 92%] Linking CXX executable ../../bin/lookup-create
[ 94%] Building CXX object pocs/vdot/CMakeFiles/vdot.dir/vdot.cpp.o
[ 94%] Built target test-rope
[ 95%] Linking CXX executable ../../bin/lookup
[ 96%] Linking CXX executable ../../bin/train-text-from-scratch
[ 97%] Linking CXX executable ../../bin/lookup-stats
[ 97%] Linking CXX executable ../../bin/lookup-merge
[ 97%] Built target test-tokenizer-0
[ 97%] Linking CXX executable ../../bin/export-lora
[ 97%] Built target test-llama-grammar
[ 98%] Linking CXX executable ../../bin/q8dot
[ 97%] Built target test-backend-ops
[ 99%] Linking CXX executable ../../bin/imatrix
[ 98%] Built target test-tokenizer-1-spm
[ 99%] Linking CXX executable ../../bin/vdot
[ 99%] Built target test-grammar-integration
[ 99%] Built target test-model-load-cancel
[ 99%] Built target test-chat-template
[ 99%] Built target test-tokenizer-1-bpe
[ 99%] Built target test-json-schema-to-grammar
[ 99%] Built target convert-llama2c-to-ggml
[ 99%] Built target batched
[ 99%] Built target test-autorelease
[ 99%] Built target eval-callback
[ 99%] Building CXX object examples/server/CMakeFiles/server.dir/server.cpp.o
[ 99%] Built target batched-bench
[ 99%] Built target baby-llama
[ 99%] Built target finetune
[ 99%] Built target gguf-split
[ 99%] Built target gritlm
[ 99%] Built target embedding
[ 99%] Built target export-lora
[100%] Linking CXX executable ../../bin/server
[ 99%] Built target passkey
[100%] Built target lookup-merge
[100%] Built target main
[100%] Built target tokenize
[100%] Built target beam-search
[100%] Built target llama-bench
[100%] Built target vdot
[100%] Built target save-load-state
[100%] Built target infill
[100%] Built target lookahead
[100%] Built target q8dot
[100%] Built target llava-cli
[100%] Built target retrieval
[100%] Built target simple
[100%] Built target parallel
[100%] Built target perplexity
[100%] Built target quantize
[100%] Built target speculative
[100%] Built target lookup-create
[100%] Built target lookup
[100%] Built target train-text-from-scratch
[100%] Built target lookup-stats
[100%] Built target imatrix
[100%] Built target server

real	0m3.407s
user	0m8.391s
sys	0m4.584s
+ '[' -z 1 ']'
+ tee -a /home/ggml/results/llama.cpp/16/13ef8d8eb2479ba55c4d598e08c8f3f18a0fed/ggml-1-arm64-cpu-low-perf/ctest_release-ctest.log
+ ctest --output-on-failure -L main -E test-opt
Test project /home/ggml/work/llama.cpp/build-ci-release
      Start  1: test-tokenizer-0-llama-spm
 1/21 Test  #1: test-tokenizer-0-llama-spm ........   Passed    0.06 sec
      Start  2: test-tokenizer-0-llama-bpe
 2/21 Test  #2: test-tokenizer-0-llama-bpe ........   Passed    0.74 sec
      Start  3: test-tokenizer-0-phi-3
 3/21 Test  #3: test-tokenizer-0-phi-3 ............   Passed    0.06 sec
      Start  4: test-tokenizer-0-falcon
 4/21 Test  #4: test-tokenizer-0-falcon ...........   Passed    0.27 sec
      Start  5: test-tokenizer-0-deepseek-llm
 5/21 Test  #5: test-tokenizer-0-deepseek-llm .....   Passed    0.40 sec
      Start  6: test-tokenizer-0-deepseek-coder
 6/21 Test  #6: test-tokenizer-0-deepseek-coder ...   Passed    0.17 sec
      Start  7: test-tokenizer-0-bert-bge
 7/21 Test  #7: test-tokenizer-0-bert-bge .........   Passed    0.13 sec
      Start  8: test-tokenizer-0-starcoder
 8/21 Test  #8: test-tokenizer-0-starcoder ........   Passed    0.22 sec
      Start  9: test-tokenizer-0-gpt-2
 9/21 Test  #9: test-tokenizer-0-gpt-2 ............   Passed    0.22 sec
      Start 10: test-tokenizer-1-llama-spm
10/21 Test #10: test-tokenizer-1-llama-spm ........   Passed    0.63 sec
      Start 11: test-quantize-fns
11/21 Test #11: test-quantize-fns .................   Passed   20.49 sec
      Start 12: test-quantize-perf
12/21 Test #12: test-quantize-perf ................   Passed    5.54 sec
      Start 13: test-sampling
13/21 Test #13: test-sampling .....................   Passed    0.01 sec
      Start 14: test-chat-template
14/21 Test #14: test-chat-template ................   Passed    0.00 sec
      Start 15: test-grammar-parser
15/21 Test #15: test-grammar-parser ...............   Passed    0.00 sec
      Start 16: test-llama-grammar
16/21 Test #16: test-llama-grammar ................   Passed    0.00 sec
      Start 17: test-grammar-integration
17/21 Test #17: test-grammar-integration ..........   Passed    0.01 sec
      Start 18: test-grad0
18/21 Test #18: test-grad0 ........................   Passed    3.79 sec
      Start 19: test-backend-ops
19/21 Test #19: test-backend-ops ..................   Passed    0.00 sec
      Start 20: test-rope
20/21 Test #20: test-rope .........................   Passed    0.05 sec
      Start 23: test-json-schema-to-grammar
21/21 Test #23: test-json-schema-to-grammar .......   Passed    0.01 sec

100% tests passed, 0 tests failed out of 21

Label Time Summary:
main    =  32.83 sec*proc (21 tests)

Total Test time (real) =  32.84 sec

real	0m32.850s
user	0m36.083s
sys	0m3.887s
+ set +e
+ cur=0
+ echo 0
+ set +x
