+ cmake -DCMAKE_BUILD_TYPE=Release -DLLAMA_FATAL_WARNINGS=ON ..
-- The C compiler identification is GNU 11.4.0
-- The CXX compiler identification is GNU 11.4.0
-- Detecting C compiler ABI info
-- Detecting C compiler ABI info - done
-- Check for working C compiler: /usr/bin/cc - skipped
-- Detecting C compile features
-- Detecting C compile features - done
-- Detecting CXX compiler ABI info
-- Detecting CXX compiler ABI info - done
-- Check for working CXX compiler: /usr/bin/c++ - skipped
-- Detecting CXX compile features
-- Detecting CXX compile features - done
-- Found Git: /usr/bin/git (found version "2.34.1") 
-- Performing Test CMAKE_HAVE_LIBC_PTHREAD
-- Performing Test CMAKE_HAVE_LIBC_PTHREAD - Success
-- Found Threads: TRUE  
-- Found OpenMP_C: -fopenmp (found version "4.5") 
-- Found OpenMP_CXX: -fopenmp (found version "4.5") 
-- Found OpenMP: TRUE (found version "4.5")  
-- OpenMP found
-- ccache found, compilation results will be cached. Disable with LLAMA_CCACHE=OFF.
-- CMAKE_SYSTEM_PROCESSOR: x86_64
-- x86 detected
-- Configuring done (0.5s)
-- Generating done (0.1s)
-- Build files have been written to: /home/ggml/work/llama.cpp/build-ci-release

real	0m0.668s
user	0m0.483s
sys	0m0.189s
+ make -j
[  1%] Building CXX object common/CMakeFiles/build_info.dir/build-info.cpp.o
[  2%] Building C object CMakeFiles/ggml.dir/ggml.c.o
[  3%] Building C object CMakeFiles/ggml.dir/ggml-alloc.c.o
[  3%] Building C object CMakeFiles/ggml.dir/ggml-backend.c.o
[  4%] Building C object CMakeFiles/ggml.dir/ggml-quants.c.o
[  5%] Building CXX object CMakeFiles/ggml.dir/sgemm.cpp.o
[  5%] Built target ggml
[  5%] Building CXX object CMakeFiles/llama.dir/llama.cpp.o
[  6%] Building CXX object CMakeFiles/llama.dir/unicode.cpp.o
[  6%] Linking CXX static library libggml_static.a
[  7%] Building CXX object examples/gguf/CMakeFiles/gguf.dir/gguf.cpp.o
[  7%] Building CXX object CMakeFiles/llama.dir/unicode-data.cpp.o
[  7%] Built target build_info
[  7%] Linking CXX executable ../../bin/gguf
[  8%] Linking CXX static library libllama.a
[  8%] Built target ggml_static
[  8%] Built target llama
[  8%] Building C object tests/CMakeFiles/test-c.dir/test-c.c.o
[  9%] Building CXX object common/CMakeFiles/common.dir/common.cpp.o
[ 10%] Building CXX object examples/benchmark/CMakeFiles/benchmark.dir/benchmark-matmult.cpp.o
[ 10%] Building CXX object examples/quantize-stats/CMakeFiles/quantize-stats.dir/quantize-stats.cpp.o
[ 10%] Building CXX object common/CMakeFiles/common.dir/sampling.cpp.o
[ 11%] Building CXX object common/CMakeFiles/common.dir/json-schema-to-grammar.cpp.o
[ 12%] Building CXX object common/CMakeFiles/common.dir/console.cpp.o
[ 13%] Building CXX object common/CMakeFiles/common.dir/train.cpp.o
[ 13%] Building CXX object common/CMakeFiles/common.dir/grammar-parser.cpp.o
[ 14%] Building CXX object examples/llava/CMakeFiles/llava.dir/llava.cpp.o
[ 14%] Building CXX object common/CMakeFiles/common.dir/ngram-cache.cpp.o
[ 15%] Linking CXX executable ../../bin/benchmark
[ 16%] Linking CXX executable ../bin/test-c
[ 17%] Building CXX object examples/llava/CMakeFiles/llava.dir/clip.cpp.o
[ 18%] Linking CXX executable ../../bin/quantize-stats
[ 18%] Built target gguf
[ 19%] Linking CXX static library libcommon.a
[ 19%] Built target llava
[ 20%] Linking CXX static library libllava_static.a
[ 20%] Built target llava_static
[ 20%] Built target test-c
[ 20%] Built target benchmark
[ 20%] Built target common
[ 20%] Building CXX object tests/CMakeFiles/test-tokenizer-0.dir/test-tokenizer-0.cpp.o
[ 21%] Building CXX object tests/CMakeFiles/test-tokenizer-1-bpe.dir/test-tokenizer-1-bpe.cpp.o
[ 22%] Building CXX object tests/CMakeFiles/test-quantize-fns.dir/test-quantize-fns.cpp.o
[ 22%] Building CXX object tests/CMakeFiles/test-quantize-fns.dir/get-model.cpp.o
[ 23%] Building CXX object tests/CMakeFiles/test-tokenizer-1-spm.dir/test-tokenizer-1-spm.cpp.o
[ 24%] Building CXX object tests/CMakeFiles/test-quantize-perf.dir/test-quantize-perf.cpp.o
[ 25%] Building CXX object tests/CMakeFiles/test-sampling.dir/test-sampling.cpp.o
[ 26%] Linking CXX executable ../bin/test-tokenizer-0
[ 26%] Building CXX object tests/CMakeFiles/test-quantize-perf.dir/get-model.cpp.o
[ 26%] Linking CXX executable ../bin/test-tokenizer-1-bpe
[ 27%] Linking CXX executable ../bin/test-quantize-fns
[ 27%] Building CXX object tests/CMakeFiles/test-chat-template.dir/test-chat-template.cpp.o
[ 27%] Building CXX object tests/CMakeFiles/test-grammar-parser.dir/test-grammar-parser.cpp.o
[ 28%] Building CXX object tests/CMakeFiles/test-grammar-parser.dir/get-model.cpp.o
[ 29%] Linking CXX executable ../bin/test-tokenizer-1-spm
[ 30%] Building CXX object tests/CMakeFiles/test-chat-template.dir/get-model.cpp.o
[ 30%] Building CXX object tests/CMakeFiles/test-sampling.dir/get-model.cpp.o
[ 30%] Building CXX object tests/CMakeFiles/test-grad0.dir/test-grad0.cpp.o
[ 31%] Building CXX object tests/CMakeFiles/test-llama-grammar.dir/test-llama-grammar.cpp.o
[ 31%] Building CXX object tests/CMakeFiles/test-grammar-integration.dir/test-grammar-integration.cpp.o
[ 32%] Building CXX object tests/CMakeFiles/test-grammar-integration.dir/get-model.cpp.o
[ 32%] Building CXX object tests/CMakeFiles/test-backend-ops.dir/test-backend-ops.cpp.o
[ 33%] Linking CXX executable ../bin/test-quantize-perf
[ 34%] Building CXX object tests/CMakeFiles/test-rope.dir/test-rope.cpp.o
[ 35%] Building CXX object tests/CMakeFiles/test-grad0.dir/get-model.cpp.o
[ 36%] Building CXX object tests/CMakeFiles/test-llama-grammar.dir/get-model.cpp.o
[ 37%] Building CXX object tests/CMakeFiles/test-backend-ops.dir/get-model.cpp.o
[ 37%] Building CXX object tests/CMakeFiles/test-rope.dir/get-model.cpp.o
[ 37%] Linking CXX executable ../bin/test-grammar-parser
[ 38%] Linking CXX executable ../bin/test-sampling
[ 39%] Building CXX object tests/CMakeFiles/test-model-load-cancel.dir/test-model-load-cancel.cpp.o
[ 40%] Building CXX object tests/CMakeFiles/test-model-load-cancel.dir/get-model.cpp.o
[ 40%] Linking CXX executable ../bin/test-llama-grammar
[ 41%] Linking CXX executable ../bin/test-chat-template
[ 42%] Linking CXX executable ../bin/test-grad0
[ 43%] Linking CXX executable ../bin/test-rope
[ 44%] Linking CXX executable ../bin/test-backend-ops
[ 45%] Linking CXX executable ../bin/test-grammar-integration
[ 45%] Building CXX object tests/CMakeFiles/test-autorelease.dir/test-autorelease.cpp.o
[ 46%] Building CXX object tests/CMakeFiles/test-json-schema-to-grammar.dir/test-json-schema-to-grammar.cpp.o
[ 47%] Building CXX object tests/CMakeFiles/test-json-schema-to-grammar.dir/get-model.cpp.o
[ 47%] Building CXX object examples/baby-llama/CMakeFiles/baby-llama.dir/baby-llama.cpp.o
[ 48%] Building CXX object tests/CMakeFiles/test-autorelease.dir/get-model.cpp.o
[ 48%] Linking CXX executable ../bin/test-model-load-cancel
[ 48%] Building CXX object examples/batched/CMakeFiles/batched.dir/batched.cpp.o
[ 48%] Built target quantize-stats
[ 49%] Building CXX object examples/batched-bench/CMakeFiles/batched-bench.dir/batched-bench.cpp.o
[ 50%] Linking CXX executable ../../bin/baby-llama
[ 50%] Linking CXX executable ../bin/test-json-schema-to-grammar
[ 51%] Building CXX object examples/convert-llama2c-to-ggml/CMakeFiles/convert-llama2c-to-ggml.dir/convert-llama2c-to-ggml.cpp.o
[ 52%] Linking CXX executable ../bin/test-autorelease
[ 53%] Building CXX object examples/embedding/CMakeFiles/embedding.dir/embedding.cpp.o
[ 53%] Building CXX object examples/eval-callback/CMakeFiles/eval-callback.dir/eval-callback.cpp.o
[ 53%] Linking CXX executable ../../bin/convert-llama2c-to-ggml
[ 53%] Linking CXX executable ../../bin/batched-bench
[ 54%] Linking CXX executable ../../bin/embedding
[ 55%] Linking CXX executable ../../bin/batched
[ 56%] Building CXX object examples/finetune/CMakeFiles/finetune.dir/finetune.cpp.o
[ 56%] Building CXX object examples/gritlm/CMakeFiles/gritlm.dir/gritlm.cpp.o
[ 57%] Building CXX object examples/gguf-split/CMakeFiles/gguf-split.dir/gguf-split.cpp.o
[ 58%] Building CXX object examples/infill/CMakeFiles/infill.dir/infill.cpp.o
[ 59%] Building CXX object examples/llama-bench/CMakeFiles/llama-bench.dir/llama-bench.cpp.o
[ 59%] Built target test-grad0
[ 59%] Building CXX object examples/llava/CMakeFiles/llava-cli.dir/llava-cli.cpp.o
[ 60%] Linking CXX executable ../../bin/eval-callback
[ 60%] Linking CXX executable ../../bin/finetune
[ 61%] Linking CXX executable ../../bin/gritlm
[ 62%] Linking CXX executable ../../bin/gguf-split
[ 63%] Building CXX object examples/main/CMakeFiles/main.dir/main.cpp.o
[ 64%] Linking CXX executable ../../bin/infill
[ 64%] Building CXX object examples/tokenize/CMakeFiles/tokenize.dir/tokenize.cpp.o
[ 64%] Linking CXX executable ../../bin/llama-bench
[ 64%] Linking CXX executable ../../bin/main
[ 65%] Linking CXX executable ../../bin/llava-cli
[ 66%] Building CXX object examples/parallel/CMakeFiles/parallel.dir/parallel.cpp.o
[ 67%] Building CXX object examples/quantize/CMakeFiles/quantize.dir/quantize.cpp.o
[ 67%] Building CXX object examples/perplexity/CMakeFiles/perplexity.dir/perplexity.cpp.o
[ 68%] Linking CXX executable ../../bin/tokenize
[ 68%] Building CXX object examples/retrieval/CMakeFiles/retrieval.dir/retrieval.cpp.o
[ 69%] Building CXX object examples/save-load-state/CMakeFiles/save-load-state.dir/save-load-state.cpp.o
[ 70%] Linking CXX executable ../../bin/perplexity
[ 70%] Linking CXX executable ../../bin/parallel
[ 71%] Linking CXX executable ../../bin/quantize
[ 72%] Building CXX object examples/simple/CMakeFiles/simple.dir/simple.cpp.o
[ 73%] Building CXX object examples/passkey/CMakeFiles/passkey.dir/passkey.cpp.o
[ 74%] Building CXX object examples/speculative/CMakeFiles/speculative.dir/speculative.cpp.o
[ 74%] Linking CXX executable ../../bin/save-load-state
[ 75%] Building CXX object examples/lookup/CMakeFiles/lookup-create.dir/lookup-create.cpp.o
[ 75%] Building CXX object examples/lookup/CMakeFiles/lookup.dir/lookup.cpp.o
[ 75%] Building CXX object examples/lookahead/CMakeFiles/lookahead.dir/lookahead.cpp.o
[ 76%] Linking CXX executable ../../bin/passkey
[ 77%] Linking CXX executable ../../bin/retrieval
[ 78%] Linking CXX executable ../../bin/speculative
[ 79%] Linking CXX executable ../../bin/lookahead
[ 79%] Built target test-chat-template
[ 79%] Linking CXX executable ../../bin/simple
[ 79%] Built target test-quantize-fns
[ 79%] Built target test-grammar-parser
[ 80%] Linking CXX executable ../../bin/lookup
[ 80%] Linking CXX executable ../../bin/lookup-create
[ 80%] Built target test-autorelease
[ 81%] Building CXX object examples/lookup/CMakeFiles/lookup-merge.dir/lookup-merge.cpp.o
[ 81%] Built target test-tokenizer-0
[ 81%] Built target test-quantize-perf
[ 81%] Built target test-tokenizer-1-bpe
[ 82%] Linking CXX executable ../../bin/lookup-merge
[ 82%] Built target test-grammar-integration
[ 82%] Building CXX object examples/lookup/CMakeFiles/lookup-stats.dir/lookup-stats.cpp.o
[ 83%] Building CXX object examples/train-text-from-scratch/CMakeFiles/train-text-from-scratch.dir/train-text-from-scratch.cpp.o
[ 83%] Built target test-json-schema-to-grammar
[ 82%] Built target test-backend-ops
[ 83%] Built target test-rope
[ 84%] Building CXX object examples/imatrix/CMakeFiles/imatrix.dir/imatrix.cpp.o
[ 85%] Linking CXX executable ../../bin/lookup-stats
[ 83%] Generating theme-snowstorm.css.hpp
[ 86%] Generating colorthemes.css.hpp
[ 87%] Generating completion.js.hpp
[ 87%] Linking CXX executable ../../bin/train-text-from-scratch
[ 87%] Built target test-model-load-cancel
[ 87%] Built target convert-llama2c-to-ggml
[ 87%] Building CXX object examples/export-lora/CMakeFiles/export-lora.dir/export-lora.cpp.o
[ 87%] Built target perplexity
[ 88%] Building CXX object pocs/vdot/CMakeFiles/vdot.dir/vdot.cpp.o
[ 88%] Linking CXX executable ../../bin/imatrix
[ 89%] Building CXX object pocs/vdot/CMakeFiles/q8dot.dir/q8dot.cpp.o
[ 90%] Generating index-new.html.hpp
[ 91%] Generating index.html.hpp
[ 91%] Generating index.js.hpp
[ 91%] Built target test-llama-grammar
[ 92%] Linking CXX executable ../../bin/vdot
[ 92%] Linking CXX executable ../../bin/q8dot
[ 93%] Linking CXX executable ../../bin/export-lora
[ 94%] Generating json-schema-to-grammar.mjs.hpp
[ 94%] Generating prompt-formats.js.hpp
[ 95%] Generating style.css.hpp
[ 95%] Built target test-sampling
[ 95%] Built target lookahead
[ 96%] Generating system-prompts.js.hpp
[ 96%] Generating theme-beeninorder.css.hpp
[ 96%] Built target test-tokenizer-1-spm
[ 97%] Generating theme-ketivah.css.hpp
[ 98%] Generating theme-mangotango.css.hpp
[ 97%] Built target llama-bench
[ 98%] Generating theme-playground.css.hpp
[ 99%] Generating theme-polarnight.css.hpp
[ 99%] Built target retrieval
[ 99%] Built target batched
[ 99%] Built target lookup
[ 99%] Built target embedding
[ 99%] Built target batched-bench
[ 99%] Built target baby-llama
[ 99%] Built target gguf-split
[ 99%] Built target lookup-merge
[ 99%] Built target gritlm
[ 99%] Built target finetune
[ 99%] Built target main
[ 99%] Built target infill
[ 99%] Built target parallel
[ 99%] Built target tokenize
[ 99%] Built target quantize
[ 99%] Built target eval-callback
[ 99%] Built target llava-cli
[100%] Building CXX object examples/server/CMakeFiles/server.dir/server.cpp.o
[100%] Built target passkey
[100%] Built target export-lora
[100%] Built target vdot
[100%] Built target speculative
[100%] Built target q8dot
[100%] Built target simple
[100%] Built target lookup-create
[100%] Built target save-load-state
[100%] Built target train-text-from-scratch
[100%] Built target imatrix
[100%] Built target lookup-stats
[100%] Linking CXX executable ../../bin/server
[100%] Built target server

real	0m2.838s
user	0m8.403s
sys	0m1.908s
+ ctest --output-on-failure -L main -E test-opt
Test project /home/ggml/work/llama.cpp/build-ci-release
      Start  1: test-tokenizer-0-llama-spm
 1/22 Test  #1: test-tokenizer-0-llama-spm .......   Passed    0.03 sec
      Start  2: test-tokenizer-0-llama-bpe
 2/22 Test  #2: test-tokenizer-0-llama-bpe .......   Passed    0.43 sec
      Start  3: test-tokenizer-0-phi-3
 3/22 Test  #3: test-tokenizer-0-phi-3 ...........   Passed    0.03 sec
      Start  4: test-tokenizer-0-falcon
 4/22 Test  #4: test-tokenizer-0-falcon ..........   Passed    0.13 sec
      Start  5: test-tokenizer-0-bert-bge
 5/22 Test  #5: test-tokenizer-0-bert-bge ........   Passed    0.02 sec
      Start  6: test-tokenizer-0-starcoder
 6/22 Test  #6: test-tokenizer-0-starcoder .......   Passed    0.10 sec
      Start  7: test-tokenizer-0-gpt-2
 7/22 Test  #7: test-tokenizer-0-gpt-2 ...........   Passed    0.10 sec
      Start  8: test-tokenizer-0-refact
 8/22 Test  #8: test-tokenizer-0-refact ..........   Passed    0.10 sec
      Start  9: test-tokenizer-0-command-r
 9/22 Test  #9: test-tokenizer-0-command-r .......   Passed    0.67 sec
      Start 10: test-tokenizer-0-qwen2
10/22 Test #10: test-tokenizer-0-qwen2 ...........   Passed    0.32 sec
      Start 11: test-tokenizer-1-llama-spm
11/22 Test #11: test-tokenizer-1-llama-spm .......   Passed    0.73 sec
      Start 12: test-quantize-fns
12/22 Test #12: test-quantize-fns ................   Passed   16.04 sec
      Start 13: test-quantize-perf
13/22 Test #13: test-quantize-perf ...............   Passed    4.52 sec
      Start 14: test-sampling
14/22 Test #14: test-sampling ....................   Passed    0.01 sec
      Start 15: test-chat-template
15/22 Test #15: test-chat-template ...............   Passed    0.00 sec
      Start 16: test-grammar-parser
16/22 Test #16: test-grammar-parser ..............   Passed    0.00 sec
      Start 17: test-llama-grammar
17/22 Test #17: test-llama-grammar ...............   Passed    0.00 sec
      Start 18: test-grammar-integration
18/22 Test #18: test-grammar-integration .........   Passed    0.00 sec
      Start 19: test-grad0
19/22 Test #19: test-grad0 .......................   Passed    0.14 sec
      Start 20: test-backend-ops
20/22 Test #20: test-backend-ops .................   Passed    0.00 sec
      Start 21: test-rope
21/22 Test #21: test-rope ........................   Passed    0.05 sec
      Start 24: test-json-schema-to-grammar
22/22 Test #24: test-json-schema-to-grammar ......   Passed    0.01 sec

100% tests passed, 0 tests failed out of 22

Label Time Summary:
main    =  23.44 sec*proc (22 tests)

Total Test time (real) =  23.45 sec

real	0m23.471s
user	0m25.576s
sys	0m0.246s
