+ cmake -DCMAKE_BUILD_TYPE=Release -DLLAMA_FATAL_WARNINGS=ON ..
-- The C compiler identification is GNU 11.4.0
-- The CXX compiler identification is GNU 11.4.0
-- Detecting C compiler ABI info
-- Detecting C compiler ABI info - done
-- Check for working C compiler: /usr/bin/cc - skipped
-- Detecting C compile features
-- Detecting C compile features - done
-- Detecting CXX compiler ABI info
-- Detecting CXX compiler ABI info - done
-- Check for working CXX compiler: /usr/bin/c++ - skipped
-- Detecting CXX compile features
-- Detecting CXX compile features - done
-- Found Git: /usr/bin/git (found version "2.34.1") 
-- Looking for pthread.h
-- Looking for pthread.h - found
-- Performing Test CMAKE_HAVE_LIBC_PTHREAD
-- Performing Test CMAKE_HAVE_LIBC_PTHREAD - Success
-- Found Threads: TRUE  
-- Warning: ccache not found - consider installing it for faster compilation or disable this warning with LLAMA_CCACHE=OFF
-- CMAKE_SYSTEM_PROCESSOR: x86_64
-- x86 detected
-- Configuring done
-- Generating done
-- Build files have been written to: /home/ggml/work/llama.cpp/build-ci-release

real	0m0.446s
user	0m0.309s
sys	0m0.121s
+ make -j
[  1%] Building CXX object common/CMakeFiles/build_info.dir/build-info.cpp.o
[  2%] Building C object CMakeFiles/ggml.dir/ggml.c.o
[  3%] Building C object CMakeFiles/ggml.dir/ggml-alloc.c.o
[  4%] Building C object CMakeFiles/ggml.dir/ggml-quants.c.o
[  5%] Building C object CMakeFiles/ggml.dir/ggml-backend.c.o
[  5%] Built target build_info
[  5%] Built target ggml
[  6%] Building CXX object CMakeFiles/llama.dir/llama.cpp.o
[  7%] Linking C static library libggml_static.a
[  7%] Building CXX object examples/gguf/CMakeFiles/gguf.dir/gguf.cpp.o
[  7%] Built target ggml_static
[  8%] Linking CXX executable ../../bin/gguf
[  8%] Built target gguf
[  9%] Linking CXX static library libllama.a
[  9%] Built target llama
[ 10%] Building C object tests/CMakeFiles/test-c.dir/test-c.c.o
[ 10%] Building CXX object examples/quantize/CMakeFiles/quantize.dir/quantize.cpp.o
[ 11%] Building CXX object common/CMakeFiles/common.dir/sampling.cpp.o
[ 12%] Building CXX object examples/benchmark/CMakeFiles/benchmark.dir/benchmark-matmult.cpp.o
[ 13%] Building CXX object common/CMakeFiles/common.dir/common.cpp.o
[ 14%] Building CXX object common/CMakeFiles/common.dir/console.cpp.o
[ 15%] Building CXX object examples/llava/CMakeFiles/llava.dir/llava.cpp.o
[ 16%] Building CXX object examples/llava/CMakeFiles/llava.dir/clip.cpp.o
[ 16%] Building CXX object common/CMakeFiles/common.dir/grammar-parser.cpp.o
[ 17%] Building CXX object examples/quantize-stats/CMakeFiles/quantize-stats.dir/quantize-stats.cpp.o
[ 18%] Building CXX object common/CMakeFiles/common.dir/train.cpp.o
[ 19%] Linking CXX executable ../bin/test-c
[ 19%] Built target test-c
[ 20%] Linking CXX executable ../../bin/benchmark
[ 20%] Built target benchmark
[ 21%] Linking CXX executable ../../bin/quantize
[ 21%] Built target quantize
[ 22%] Linking CXX executable ../../bin/quantize-stats
[ 22%] Built target quantize-stats
[ 23%] Linking CXX static library libcommon.a
[ 23%] Built target common
[ 24%] Building CXX object tests/CMakeFiles/test-sampling.dir/test-sampling.cpp.o
[ 25%] Building CXX object tests/CMakeFiles/test-quantize-fns.dir/get-model.cpp.o
[ 26%] Building CXX object tests/CMakeFiles/test-quantize-perf.dir/get-model.cpp.o
[ 26%] Building CXX object tests/CMakeFiles/test-quantize-fns.dir/test-quantize-fns.cpp.o
[ 26%] Building CXX object tests/CMakeFiles/test-sampling.dir/get-model.cpp.o
[ 27%] Building CXX object tests/CMakeFiles/test-chat-template.dir/test-chat-template.cpp.o
[ 27%] Building CXX object tests/CMakeFiles/test-quantize-perf.dir/test-quantize-perf.cpp.o
[ 28%] Building CXX object tests/CMakeFiles/test-tokenizer-0-falcon.dir/test-tokenizer-0-falcon.cpp.o
[ 28%] Building CXX object tests/CMakeFiles/test-tokenizer-0-llama.dir/test-tokenizer-0-llama.cpp.o
[ 29%] Building CXX object tests/CMakeFiles/test-chat-template.dir/get-model.cpp.o
[ 30%] Building CXX object tests/CMakeFiles/test-tokenizer-0-falcon.dir/get-model.cpp.o
[ 31%] Building CXX object tests/CMakeFiles/test-tokenizer-0-llama.dir/get-model.cpp.o
[ 32%] Building CXX object tests/CMakeFiles/test-llama-grammar.dir/test-llama-grammar.cpp.o
[ 33%] Building CXX object tests/CMakeFiles/test-grad0.dir/test-grad0.cpp.o
[ 34%] Building CXX object tests/CMakeFiles/test-tokenizer-1-llama.dir/get-model.cpp.o
[ 35%] Building CXX object tests/CMakeFiles/test-grad0.dir/get-model.cpp.o
[ 35%] Building CXX object tests/CMakeFiles/test-llama-grammar.dir/get-model.cpp.o
[ 35%] Building CXX object tests/CMakeFiles/test-backend-ops.dir/test-backend-ops.cpp.o
[ 36%] Building CXX object tests/CMakeFiles/test-tokenizer-1-llama.dir/test-tokenizer-1-llama.cpp.o
[ 37%] Building CXX object tests/CMakeFiles/test-backend-ops.dir/get-model.cpp.o
[ 38%] Building CXX object tests/CMakeFiles/test-tokenizer-1-bpe.dir/test-tokenizer-1-bpe.cpp.o
[ 39%] Building CXX object tests/CMakeFiles/test-tokenizer-1-bpe.dir/get-model.cpp.o
[ 40%] Building CXX object tests/CMakeFiles/test-rope.dir/test-rope.cpp.o
[ 41%] Building CXX object tests/CMakeFiles/test-model-load-cancel.dir/get-model.cpp.o
[ 42%] Building CXX object tests/CMakeFiles/test-grammar-parser.dir/test-grammar-parser.cpp.o
[ 43%] Building CXX object tests/CMakeFiles/test-model-load-cancel.dir/test-model-load-cancel.cpp.o
[ 44%] Building CXX object tests/CMakeFiles/test-autorelease.dir/test-autorelease.cpp.o
[ 45%] Building CXX object tests/CMakeFiles/test-rope.dir/get-model.cpp.o
[ 46%] Building CXX object tests/CMakeFiles/test-autorelease.dir/get-model.cpp.o
[ 47%] Building CXX object tests/CMakeFiles/test-grammar-parser.dir/get-model.cpp.o
[ 47%] Building CXX object examples/baby-llama/CMakeFiles/baby-llama.dir/baby-llama.cpp.o
[ 48%] Building CXX object examples/batched/CMakeFiles/batched.dir/batched.cpp.o
[ 49%] Building CXX object examples/beam-search/CMakeFiles/beam-search.dir/beam-search.cpp.o
[ 50%] Building CXX object examples/batched-bench/CMakeFiles/batched-bench.dir/batched-bench.cpp.o
[ 50%] Building CXX object examples/embedding/CMakeFiles/embedding.dir/embedding.cpp.o
[ 51%] Building CXX object examples/convert-llama2c-to-ggml/CMakeFiles/convert-llama2c-to-ggml.dir/convert-llama2c-to-ggml.cpp.o
[ 52%] Building CXX object examples/finetune/CMakeFiles/finetune.dir/finetune.cpp.o
[ 52%] Building CXX object examples/infill/CMakeFiles/infill.dir/infill.cpp.o
[ 53%] Building CXX object examples/llama-bench/CMakeFiles/llama-bench.dir/llama-bench.cpp.o
[ 54%] Building CXX object examples/parallel/CMakeFiles/parallel.dir/parallel.cpp.o
[ 54%] Building CXX object examples/main/CMakeFiles/main.dir/main.cpp.o
[ 55%] Building CXX object examples/tokenize/CMakeFiles/tokenize.dir/tokenize.cpp.o
[ 56%] Building CXX object examples/perplexity/CMakeFiles/perplexity.dir/perplexity.cpp.o
[ 57%] Building CXX object examples/save-load-state/CMakeFiles/save-load-state.dir/save-load-state.cpp.o
[ 58%] Building CXX object examples/simple/CMakeFiles/simple.dir/simple.cpp.o
[ 59%] Building CXX object examples/passkey/CMakeFiles/passkey.dir/passkey.cpp.o
[ 60%] Building CXX object examples/lookahead/CMakeFiles/lookahead.dir/lookahead.cpp.o
[ 61%] Building CXX object examples/lookup/CMakeFiles/lookup.dir/lookup.cpp.o
[ 61%] Building CXX object examples/speculative/CMakeFiles/speculative.dir/speculative.cpp.o
[ 62%] Building CXX object examples/train-text-from-scratch/CMakeFiles/train-text-from-scratch.dir/train-text-from-scratch.cpp.o
[ 63%] Linking CXX executable ../bin/test-model-load-cancel
[ 64%] Building CXX object examples/export-lora/CMakeFiles/export-lora.dir/export-lora.cpp.o
[ 65%] Building CXX object examples/imatrix/CMakeFiles/imatrix.dir/imatrix.cpp.o
[ 66%] Building CXX object pocs/vdot/CMakeFiles/vdot.dir/vdot.cpp.o
[ 67%] Building CXX object pocs/vdot/CMakeFiles/q8dot.dir/q8dot.cpp.o
[ 67%] Built target test-model-load-cancel
[ 68%] Linking CXX executable ../bin/test-rope
[ 69%] Linking CXX executable ../bin/test-autorelease
[ 70%] Linking CXX executable ../bin/test-quantize-fns
[ 70%] Built target test-rope
[ 70%] Built target test-autorelease
[ 71%] Linking CXX executable ../bin/test-chat-template
[ 71%] Built target test-quantize-fns
[ 71%] Built target test-chat-template
[ 72%] Linking CXX executable ../bin/test-grammar-parser
[ 73%] Linking CXX executable ../../bin/q8dot
[ 73%] Built target test-grammar-parser
[ 73%] Linking CXX executable ../../bin/tokenize
[ 74%] Linking CXX executable ../bin/test-sampling
[ 74%] Built target q8dot
[ 75%] Linking CXX executable ../../bin/baby-llama
[ 76%] Linking CXX executable ../../bin/vdot
[ 76%] Built target tokenize
[ 76%] Built target test-sampling
[ 76%] Built target vdot
[ 76%] Built target baby-llama
[ 77%] Linking CXX executable ../../bin/beam-search
[ 77%] Linking CXX executable ../../bin/save-load-state
[ 77%] Built target beam-search
[ 77%] Built target save-load-state
[ 77%] Linking CXX executable ../bin/test-grad0
[ 78%] Linking CXX executable ../../bin/simple
[ 79%] Linking CXX executable ../../bin/embedding
[ 79%] Linking CXX executable ../../bin/batched-bench
[ 80%] Linking CXX executable ../../bin/batched
[ 80%] Built target test-grad0
[ 80%] Linking CXX executable ../bin/test-quantize-perf
[ 80%] Built target simple
[ 80%] Built target embedding
[ 80%] Built target batched-bench
[ 80%] Built target batched
[ 80%] Built target test-quantize-perf
[ 81%] Linking CXX executable ../bin/test-tokenizer-0-falcon
[ 82%] Linking CXX executable ../bin/test-tokenizer-0-llama
[ 83%] Linking CXX executable ../bin/test-tokenizer-1-llama
[ 84%] Linking CXX executable ../../bin/lookup
[ 84%] Linking CXX executable ../../bin/passkey
[ 84%] Linking CXX executable ../bin/test-tokenizer-1-bpe
[ 85%] Linking CXX executable ../../bin/export-lora
[ 85%] Built target test-tokenizer-0-falcon
[ 85%] Built target test-tokenizer-0-llama
[ 85%] Built target test-tokenizer-1-llama
[ 85%] Built target export-lora
[ 85%] Built target lookup
[ 85%] Built target passkey
[ 85%] Built target test-tokenizer-1-bpe
[ 86%] Linking CXX executable ../../bin/parallel
[ 87%] Linking CXX executable ../../bin/lookahead
[ 88%] Linking CXX executable ../../bin/convert-llama2c-to-ggml
[ 89%] Linking CXX executable ../../bin/speculative
[ 89%] Built target parallel
[ 90%] Linking CXX executable ../../bin/train-text-from-scratch
[ 90%] Built target convert-llama2c-to-ggml
[ 90%] Built target lookahead
[ 90%] Built target speculative
[ 90%] Built target train-text-from-scratch
[ 91%] Linking CXX executable ../../bin/imatrix
[ 91%] Built target imatrix
[ 92%] Linking CXX executable ../../bin/infill
[ 92%] Linking CXX executable ../../bin/finetune
[ 92%] Built target infill
[ 92%] Built target finetune
[ 93%] Linking CXX executable ../../bin/main
[ 93%] Built target main
[ 94%] Linking CXX executable ../bin/test-backend-ops
[ 95%] Linking CXX executable ../../bin/perplexity
[ 95%] Built target test-backend-ops
[ 95%] Built target perplexity
[ 95%] Built target llava
[ 95%] Linking CXX static library libllava_static.a
[ 96%] Building CXX object examples/llava/CMakeFiles/llava-cli.dir/llava-cli.cpp.o
[ 97%] Building CXX object examples/server/CMakeFiles/server.dir/server.cpp.o
[ 97%] Built target llava_static
[ 98%] Linking CXX executable ../../bin/llava-cli
[ 98%] Built target llava-cli
[ 98%] Linking CXX executable ../../bin/llama-bench
[ 98%] Built target llama-bench
[ 99%] Linking CXX executable ../bin/test-llama-grammar
[ 99%] Built target test-llama-grammar
[100%] Linking CXX executable ../../bin/server
[100%] Built target server

real	1m7.867s
user	2m39.792s
sys	0m7.546s
+ ctest --output-on-failure -L main -E test-opt
Test project /home/ggml/work/llama.cpp/build-ci-release
      Start  1: test-quantize-fns
 1/21 Test  #1: test-quantize-fns ...................   Passed    2.27 sec
      Start  2: test-quantize-perf
 2/21 Test  #2: test-quantize-perf ..................   Passed    0.17 sec
      Start  3: test-sampling
 3/21 Test  #3: test-sampling .......................   Passed    0.01 sec
      Start  4: test-chat-template
 4/21 Test  #4: test-chat-template ..................   Passed    0.00 sec
      Start  5: test-tokenizer-0-llama
 5/21 Test  #5: test-tokenizer-0-llama ..............   Passed    0.03 sec
      Start  6: test-tokenizer-0-falcon
 6/21 Test  #6: test-tokenizer-0-falcon .............   Passed    0.18 sec
      Start  7: test-tokenizer-1-llama
 7/21 Test  #7: test-tokenizer-1-llama ..............   Passed    0.78 sec
      Start  8: test-tokenizer-1-baichuan
 8/21 Test  #8: test-tokenizer-1-baichuan ...........   Passed    0.84 sec
      Start  9: test-tokenizer-1-falcon
 9/21 Test  #9: test-tokenizer-1-falcon .............   Passed    0.91 sec
      Start 10: test-tokenizer-1-aquila
10/21 Test #10: test-tokenizer-1-aquila .............   Passed    1.29 sec
      Start 11: test-tokenizer-1-mpt
11/21 Test #11: test-tokenizer-1-mpt ................   Passed    0.77 sec
      Start 12: test-tokenizer-1-stablelm-3b-4e1t
12/21 Test #12: test-tokenizer-1-stablelm-3b-4e1t ...   Passed    0.77 sec
      Start 13: test-tokenizer-1-gpt-neox
13/21 Test #13: test-tokenizer-1-gpt-neox ...........   Passed    0.78 sec
      Start 14: test-tokenizer-1-refact
14/21 Test #14: test-tokenizer-1-refact .............   Passed    0.76 sec
      Start 15: test-tokenizer-1-starcoder
15/21 Test #15: test-tokenizer-1-starcoder ..........   Passed    0.76 sec
      Start 16: test-tokenizer-1-gpt2
16/21 Test #16: test-tokenizer-1-gpt2 ...............   Passed    0.77 sec
      Start 17: test-grammar-parser
17/21 Test #17: test-grammar-parser .................   Passed    0.00 sec
      Start 18: test-llama-grammar
18/21 Test #18: test-llama-grammar ..................   Passed    0.00 sec
      Start 19: test-grad0
19/21 Test #19: test-grad0 ..........................   Passed    3.57 sec
      Start 20: test-backend-ops
20/21 Test #20: test-backend-ops ....................   Passed   15.82 sec
      Start 21: test-rope
21/21 Test #21: test-rope ...........................   Passed    0.05 sec

100% tests passed, 0 tests failed out of 21

Label Time Summary:
main    =  30.55 sec*proc (21 tests)

Total Test time (real) =  30.56 sec

real	0m30.564s
user	0m46.023s
sys	0m4.599s
