+ cmake -DCMAKE_BUILD_TYPE=Debug ..
-- The C compiler identification is GNU 13.2.0
-- The CXX compiler identification is GNU 13.2.0
-- Detecting C compiler ABI info
-- Detecting C compiler ABI info - done
-- Check for working C compiler: /usr/bin/cc - skipped
-- Detecting C compile features
-- Detecting C compile features - done
-- Detecting CXX compiler ABI info
-- Detecting CXX compiler ABI info - done
-- Check for working CXX compiler: /usr/bin/c++ - skipped
-- Detecting CXX compile features
-- Detecting CXX compile features - done
-- Performing Test CMAKE_HAVE_LIBC_PTHREAD
-- Performing Test CMAKE_HAVE_LIBC_PTHREAD - Success
-- Found Threads: TRUE  
-- Found OpenMP_C: -fopenmp (found version "4.5") 
-- Found OpenMP_CXX: -fopenmp (found version "4.5") 
-- Found OpenMP: TRUE (found version "4.5")  
-- OpenMP found
-- ccache found, compilation results will be cached. Disable with GGML_CCACHE=OFF.
-- CMAKE_SYSTEM_PROCESSOR: x86_64
-- x86 detected
-- x86 detected
-- Linux detected
-- Configuring done (1.0s)
-- Generating done (0.0s)
-- Build files have been written to: /home/devcloud/work/ggml/build-ci-debug

real	0m1.102s
user	0m0.633s
sys	0m0.474s
+ make -j
[  2%] Building C object src/CMakeFiles/ggml.dir/ggml-alloc.c.o
[  2%] Building C object src/CMakeFiles/ggml.dir/ggml-quants.c.o
[  3%] Building C object src/CMakeFiles/ggml.dir/ggml.c.o
[  4%] Building CXX object src/CMakeFiles/ggml.dir/ggml-backend.cpp.o
[  5%] Building C object src/CMakeFiles/ggml.dir/ggml-aarch64.c.o
[  6%] Building CXX object examples/CMakeFiles/common.dir/common.cpp.o
[  7%] Linking CXX static library libcommon.a
[  7%] Built target common
[  8%] Linking CXX shared library libggml.so
[  8%] Built target ggml
[ 10%] Building CXX object tests/CMakeFiles/test-opt.dir/test-opt.cpp.o
[ 10%] Building C object tests/CMakeFiles/test-vec0.dir/test-vec0.c.o
[ 11%] Building CXX object tests/CMakeFiles/test-quantize-perf.dir/test-quantize-perf.cpp.o
[ 12%] Building CXX object tests/CMakeFiles/test-grad0.dir/test-grad0.cpp.o
[ 13%] Building C object tests/CMakeFiles/test-mul-mat0.dir/test-mul-mat0.c.o
[ 15%] Building CXX object tests/CMakeFiles/test-quantize-fns.dir/test-quantize-fns.cpp.o
[ 16%] Building C object tests/CMakeFiles/test1.dir/test1.c.o
[ 17%] Building C object tests/CMakeFiles/test-vec1.dir/test-vec1.c.o
[ 18%] Building C object tests/CMakeFiles/test-mul-mat2.dir/test-mul-mat2.c.o
[ 19%] Building C object tests/CMakeFiles/test0.dir/test0.c.o
[ 20%] Building C object tests/CMakeFiles/test2.dir/test2.c.o
[ 21%] Building C object tests/CMakeFiles/test3.dir/test3.c.o
[ 23%] Building C object tests/CMakeFiles/test-dup.dir/test-dup.c.o
[ 23%] Building C object tests/CMakeFiles/test-rel-pos.dir/test-rel-pos.c.o
[ 25%] Building C object tests/CMakeFiles/test-customop.dir/test-customop.c.o
[ 25%] Building CXX object tests/CMakeFiles/test-conv-transpose-1d.dir/test-conv-transpose-1d.cpp.o
[ 26%] Building CXX object tests/CMakeFiles/test-conv1d.dir/test-conv1d.cpp.o
[ 29%] Building CXX object tests/CMakeFiles/test-mul-mat.dir/test-mul-mat.cpp.o
[ 29%] Building C object tests/CMakeFiles/test-conv-transpose.dir/test-conv-transpose.c.o
[ 30%] Building CXX object tests/CMakeFiles/test-timestep_embedding.dir/test-timestep_embedding.cpp.o
[ 31%] Building C object tests/CMakeFiles/test-cont.dir/test-cont.c.o
[ 32%] Building CXX object tests/CMakeFiles/test-backend-ops.dir/test-backend-ops.cpp.o
[ 33%] Linking C executable ../bin/test-vec0
[ 35%] Linking CXX executable ../bin/test-grad0
[ 35%] Building C object tests/CMakeFiles/test-pool.dir/test-pool.c.o
[ 36%] Building CXX object examples/mnist/CMakeFiles/mnist-common.dir/mnist-common.cpp.o
[ 37%] Building CXX object tests/CMakeFiles/test-arange.dir/test-arange.cpp.o
[ 38%] Building CXX object tests/CMakeFiles/test-conv2d.dir/test-conv2d.cpp.o
[ 39%] Linking CXX executable ../bin/test-quantize-fns
[ 41%] Building CXX object examples/sam/CMakeFiles/sam.dir/main.cpp.o
[ 41%] Linking C executable ../bin/test2
[ 43%] Linking C executable ../bin/test3
[ 44%] Linking C executable ../bin/test-mul-mat0
[ 45%] Linking CXX executable ../bin/test-opt
[ 46%] Building CXX object examples/CMakeFiles/common-ggml.dir/common-ggml.cpp.o
[ 47%] Linking CXX executable ../bin/test-conv-transpose-1d
[ 48%] Linking C executable ../bin/test0
[ 49%] Linking C executable ../bin/test-mul-mat2
[ 50%] Linking C executable ../bin/test-dup
[ 51%] Linking CXX executable ../bin/test-quantize-perf
[ 52%] Linking C executable ../bin/test-conv-transpose
[ 53%] Linking C executable ../bin/test1
[ 54%] Linking C executable ../bin/test-vec1
[ 55%] Linking C executable ../bin/test-customop
[ 56%] Linking C executable ../bin/test-rel-pos
[ 58%] Linking CXX executable ../bin/test-conv1d
[ 59%] Linking CXX executable ../bin/test-mul-mat
[ 60%] Linking CXX executable ../bin/test-arange
[ 61%] Linking CXX executable ../bin/test-timestep_embedding
[ 62%] Linking C executable ../bin/test-cont
[ 63%] Building CXX object examples/yolo/CMakeFiles/yolov3-tiny.dir/yolo-image.cpp.o
[ 64%] Linking CXX executable ../bin/test-conv2d
[ 65%] Linking C executable ../bin/test-pool
[ 66%] Linking CXX static library libmnist-common.a
[ 67%] Building CXX object examples/simple/CMakeFiles/simple-backend.dir/simple-backend.cpp.o
[ 68%] Building CXX object examples/simple/CMakeFiles/simple-ctx.dir/simple-ctx.cpp.o
[ 70%] Building CXX object examples/yolo/CMakeFiles/yolov3-tiny.dir/yolov3-tiny.cpp.o
[ 70%] Linking CXX executable ../../bin/sam
[ 72%] Linking CXX static library libcommon-ggml.a
[ 72%] Built target test-vec0
[ 73%] Linking CXX executable ../../bin/simple-ctx
[ 73%] Built target test-vec1
[ 74%] Linking CXX executable ../../bin/simple-backend
[ 74%] Built target mnist-common
[ 75%] Linking CXX executable ../../bin/yolov3-tiny
[ 75%] Built target test0
[ 75%] Built target test1
[ 75%] Built target test3
[ 75%] Built target test2
[ 75%] Built target test-conv-transpose
[ 75%] Built target test-mul-mat2
[ 75%] Built target test-dup
[ 75%] Built target test-mul-mat0
[ 75%] Built target common-ggml
[ 76%] Building CXX object examples/mnist/CMakeFiles/mnist-train.dir/mnist-train.cpp.o
[ 76%] Built target test-rel-pos
[ 77%] Building CXX object examples/mnist/CMakeFiles/mnist-eval.dir/mnist-eval.cpp.o
[ 77%] Built target test-grad0
[ 77%] Built target test-customop
[ 77%] Built target test-conv-transpose-1d
[ 78%] Linking CXX executable ../../bin/mnist-eval
[ 78%] Built target test-cont
[ 78%] Built target test-quantize-fns
[ 79%] Building CXX object examples/gpt-2/CMakeFiles/gpt-2-ctx.dir/main-ctx.cpp.o
[ 79%] Built target test-mul-mat
[ 79%] Built target test-timestep_embedding
[ 80%] Linking CXX executable ../../bin/mnist-train
[ 81%] Building CXX object examples/gpt-2/CMakeFiles/gpt-2-backend.dir/main-backend.cpp.o
[ 82%] Building CXX object examples/gpt-2/CMakeFiles/gpt-2-alloc.dir/main-alloc.cpp.o
[ 83%] Building CXX object examples/gpt-2/CMakeFiles/gpt-2-sched.dir/main-sched.cpp.o
[ 84%] Building CXX object examples/gpt-j/CMakeFiles/gpt-j-quantize.dir/quantize.cpp.o
[ 87%] Building CXX object examples/gpt-2/CMakeFiles/gpt-2-quantize.dir/quantize.cpp.o
[ 88%] Building CXX object examples/gpt-2/CMakeFiles/gpt-2-batched.dir/main-batched.cpp.o
[ 88%] Building CXX object examples/gpt-j/CMakeFiles/gpt-j.dir/main.cpp.o
[ 89%] Building CXX object examples/magika/CMakeFiles/magika.dir/main.cpp.o
[ 90%] Linking CXX executable ../../bin/gpt-2-ctx
[ 91%] Linking CXX executable ../../bin/gpt-2-alloc
[ 92%] Linking CXX executable ../../bin/gpt-2-backend
[ 95%] Linking CXX executable ../../bin/gpt-j-quantize
[ 95%] Linking CXX executable ../../bin/magika
[ 95%] Linking CXX executable ../../bin/gpt-2-quantize
[ 96%] Linking CXX executable ../../bin/gpt-2-batched
[ 96%] Built target test-pool
[ 96%] Built target test-conv2d
[ 97%] Linking CXX executable ../../bin/gpt-j
[ 98%] Linking CXX executable ../../bin/gpt-2-sched
[ 98%] Built target test-conv1d
[ 98%] Built target test-opt
[ 98%] Built target simple-ctx
[ 98%] Built target simple-backend
[ 98%] Built target test-arange
[ 98%] Built target test-quantize-perf
[ 98%] Built target yolov3-tiny
[ 98%] Built target sam
[ 98%] Built target mnist-train
[ 98%] Built target mnist-eval
[ 98%] Built target magika
[ 98%] Built target gpt-2-quantize
[ 98%] Built target gpt-2-ctx
[ 98%] Built target gpt-2-batched
[ 98%] Built target gpt-j
[ 98%] Built target gpt-2-sched
[ 98%] Built target gpt-j-quantize
[ 98%] Built target gpt-2-backend
[ 98%] Built target gpt-2-alloc
[100%] Linking CXX executable ../bin/test-backend-ops
[100%] Built target test-backend-ops

real	0m2.488s
user	0m6.313s
sys	0m2.891s
+ ctest --output-on-failure -E test-opt
Test project /home/devcloud/work/ggml/build-ci-debug
      Start  1: test-grad0
 1/22 Test  #1: test-grad0 .......................   Passed    1.28 sec
      Start  2: test-quantize-fns
 2/22 Test  #2: test-quantize-fns ................   Passed   18.66 sec
      Start  3: test-quantize-perf
 3/22 Test  #3: test-quantize-perf ...............   Passed    5.39 sec
      Start  4: test-mul-mat0
 4/22 Test  #4: test-mul-mat0 ....................   Passed    0.13 sec
      Start  5: test-mul-mat2
 5/22 Test  #5: test-mul-mat2 ....................   Passed    4.30 sec
      Start  6: test0
 6/22 Test  #6: test0 ............................   Passed    0.01 sec
      Start  7: test1
 7/22 Test  #7: test1 ............................   Passed    0.01 sec
      Start  8: test2
 8/22 Test  #8: test2 ............................   Passed    0.04 sec
      Start  9: test3
 9/22 Test  #9: test3 ............................   Passed    0.04 sec
      Start 10: test-pool
10/22 Test #10: test-pool ........................   Passed    0.01 sec
      Start 11: test-arange
11/22 Test #11: test-arange ......................   Passed    0.01 sec
      Start 12: test-timestep_embedding
12/22 Test #12: test-timestep_embedding ..........   Passed    0.01 sec
      Start 13: test-conv-transpose
13/22 Test #13: test-conv-transpose ..............   Passed    0.01 sec
      Start 14: test-conv-transpose-1d
14/22 Test #14: test-conv-transpose-1d ...........   Passed    0.02 sec
      Start 15: test-dup
15/22 Test #15: test-dup .........................   Passed    0.00 sec
      Start 16: test-rel-pos
16/22 Test #16: test-rel-pos .....................   Passed    0.01 sec
      Start 17: test-customop
17/22 Test #17: test-customop ....................   Passed    0.01 sec
      Start 18: test-conv1d
18/22 Test #18: test-conv1d ......................   Passed    0.01 sec
      Start 19: test-conv2d
19/22 Test #19: test-conv2d ......................   Passed    0.02 sec
      Start 20: test-mul-mat
20/22 Test #20: test-mul-mat .....................   Passed    0.01 sec
      Start 21: test-backend-ops
21/22 Test #21: test-backend-ops .................   Passed    0.00 sec
      Start 22: test-cont
22/22 Test #22: test-cont ........................   Passed    0.01 sec

100% tests passed, 0 tests failed out of 22

Total Test time (real) =  29.99 sec

real	0m30.005s
user	0m29.389s
sys	0m1.462s
