+ cmake -DCMAKE_BUILD_TYPE=Debug -DLLAMA_FATAL_WARNINGS=ON -DGGML_METAL=ON -DGGML_METAL_USE_BF16=ON ..
-- The C compiler identification is AppleClang 16.0.0.16000026
-- The CXX compiler identification is AppleClang 16.0.0.16000026
-- Detecting C compiler ABI info
-- Detecting C compiler ABI info - done
-- Check for working C compiler: /Library/Developer/CommandLineTools/usr/bin/cc - skipped
-- Detecting C compile features
-- Detecting C compile features - done
-- Detecting CXX compiler ABI info
-- Detecting CXX compiler ABI info - done
-- Check for working CXX compiler: /Library/Developer/CommandLineTools/usr/bin/c++ - skipped
-- Detecting CXX compile features
-- Detecting CXX compile features - done
-- Found Git: /usr/bin/git (found version "2.39.5 (Apple Git-154)")
-- Performing Test CMAKE_HAVE_LIBC_PTHREAD
-- Performing Test CMAKE_HAVE_LIBC_PTHREAD - Success
-- Found Threads: TRUE
-- ccache found, compilation results will be cached. Disable with GGML_CCACHE=OFF.
-- CMAKE_SYSTEM_PROCESSOR: arm64
-- Accelerate framework found
-- Could NOT find OpenMP_C (missing: OpenMP_C_FLAGS OpenMP_C_LIB_NAMES) 
-- Could NOT find OpenMP_CXX (missing: OpenMP_CXX_FLAGS OpenMP_CXX_LIB_NAMES) 
-- Could NOT find OpenMP (missing: OpenMP_C_FOUND OpenMP_CXX_FOUND) 
CMake Warning at ggml/src/ggml-cpu/CMakeLists.txt:42 (message):
  OpenMP not found


-- Using llamafile
-- ARM detected
-- Performing Test GGML_COMPILER_SUPPORT_DOTPROD
-- Performing Test GGML_COMPILER_SUPPORT_DOTPROD - Success
-- Performing Test GGML_COMPILER_SUPPORT_MATMUL_INT8
-- Performing Test GGML_COMPILER_SUPPORT_MATMUL_INT8 - Success
-- Using runtime weight conversion of Q4_0 to Q4_0_x_x to enable optimized GEMM/GEMV kernels
-- Including CPU backend
CMake Warning at ggml/src/ggml-amx/CMakeLists.txt:104 (message):
  AMX requires x86 and gcc version > 11.0.  Turning off GGML_AMX.


-- Looking for dgemm_
-- Looking for dgemm_ - found
-- Found BLAS: /Library/Developer/CommandLineTools/SDKs/MacOSX15.1.sdk/System/Library/Frameworks/Accelerate.framework
-- BLAS found, Libraries: /Library/Developer/CommandLineTools/SDKs/MacOSX15.1.sdk/System/Library/Frameworks/Accelerate.framework
-- BLAS found, Includes: 
-- Including BLAS backend
-- Metal framework found
-- The ASM compiler identification is AppleClang
-- Found assembler: /Library/Developer/CommandLineTools/usr/bin/cc
-- Including METAL backend
-- Configuring done (1.8s)
-- Generating done (0.2s)
-- Build files have been written to: /Users/ggml/work/llama.cpp/build-ci-debug

real	0m2.018s
user	0m0.675s
sys	0m1.108s
++ nproc
+ make -j10
[  0%] Generating build details from Git
[  0%] Building C object ggml/src/CMakeFiles/ggml-base.dir/ggml.c.o
[  0%] Building C object examples/gguf-hash/CMakeFiles/sha256.dir/deps/sha256/sha256.c.o
[  1%] Building C object examples/gguf-hash/CMakeFiles/sha1.dir/deps/sha1/sha1.c.o
[  2%] Building CXX object ggml/src/CMakeFiles/ggml-base.dir/ggml-opt.cpp.o
[  3%] Building C object ggml/src/CMakeFiles/ggml-base.dir/ggml-alloc.c.o
[  4%] Building C object ggml/src/CMakeFiles/ggml-base.dir/ggml-quants.c.o
[  4%] Building CXX object ggml/src/CMakeFiles/ggml-base.dir/ggml-backend.cpp.o
[  5%] Building C object examples/gguf-hash/CMakeFiles/xxhash.dir/deps/xxhash/xxhash.c.o
[  5%] Building CXX object ggml/src/CMakeFiles/ggml-base.dir/ggml-threading.cpp.o
-- Found Git: /usr/bin/git (found version "2.39.5 (Apple Git-154)")
[  5%] Built target sha256
[  5%] Building C object ggml/src/CMakeFiles/ggml-base.dir/ggml-aarch64.c.o
[  5%] Built target sha1
[  5%] Built target xxhash
[  6%] Linking CXX shared library libggml-base.dylib
[  7%] Building CXX object common/CMakeFiles/build_info.dir/build-info.cpp.o
[  7%] Built target ggml-base
[  8%] Generate assembly for embedded Metal library
Embedding Metal library
[  8%] Building CXX object ggml/src/ggml-blas/CMakeFiles/ggml-blas.dir/ggml-blas.cpp.o
[  8%] Building C object ggml/src/ggml-cpu/CMakeFiles/ggml-cpu.dir/ggml-cpu.c.o
[  9%] Building CXX object ggml/src/ggml-cpu/CMakeFiles/ggml-cpu.dir/llamafile/sgemm.cpp.o
[  9%] Building C object ggml/src/ggml-cpu/CMakeFiles/ggml-cpu.dir/ggml-cpu-quants.c.o
[ 11%] Building CXX object ggml/src/ggml-cpu/CMakeFiles/ggml-cpu.dir/ggml-cpu.cpp.o
[ 11%] Building C object ggml/src/ggml-cpu/CMakeFiles/ggml-cpu.dir/ggml-cpu-aarch64.c.o
[ 11%] Built target build_info
[ 11%] Linking CXX shared library libggml-cpu.dylib
[ 12%] Linking CXX shared library libggml-blas.dylib
[ 12%] Building C object ggml/src/ggml-metal/CMakeFiles/ggml-metal.dir/ggml-metal.m.o
[ 13%] Building ASM object ggml/src/ggml-metal/CMakeFiles/ggml-metal.dir/__/__/__/autogenerated/ggml-metal-embed.s.o
[ 13%] Built target ggml-blas
[ 13%] Built target ggml-cpu
[ 13%] Linking C shared library libggml-metal.dylib
[ 13%] Built target ggml-metal
[ 14%] Building CXX object ggml/src/CMakeFiles/ggml.dir/ggml-backend-reg.cpp.o
[ 15%] Linking CXX shared library libggml.dylib
[ 15%] Built target ggml
[ 16%] Building CXX object examples/gguf-hash/CMakeFiles/llama-gguf-hash.dir/gguf-hash.cpp.o
[ 17%] Building CXX object src/CMakeFiles/llama.dir/llama.cpp.o
[ 17%] Building CXX object examples/gguf/CMakeFiles/llama-gguf.dir/gguf.cpp.o
[ 18%] Building CXX object src/CMakeFiles/llama.dir/llama-sampling.cpp.o
[ 19%] Building CXX object src/CMakeFiles/llama.dir/llama-grammar.cpp.o
[ 19%] Building CXX object src/CMakeFiles/llama.dir/llama-vocab.cpp.o
[ 19%] Building CXX object src/CMakeFiles/llama.dir/unicode.cpp.o
[ 20%] Building CXX object src/CMakeFiles/llama.dir/unicode-data.cpp.o
[ 20%] Linking CXX executable ../../bin/llama-gguf-hash
[ 21%] Linking CXX executable ../../bin/llama-gguf
[ 21%] Linking CXX shared library libllama.dylib
[ 21%] Built target llama-gguf
[ 21%] Built target llama-gguf-hash
[ 21%] Built target llama
[ 21%] Building C object tests/CMakeFiles/test-c.dir/test-c.c.o
[ 21%] Building CXX object examples/simple-chat/CMakeFiles/llama-simple-chat.dir/simple-chat.cpp.o
[ 21%] Building CXX object examples/simple/CMakeFiles/llama-simple.dir/simple.cpp.o
[ 21%] Building CXX object common/CMakeFiles/common.dir/console.cpp.o
[ 21%] Building CXX object examples/run/CMakeFiles/llama-run.dir/run.cpp.o
[ 22%] Building CXX object common/CMakeFiles/common.dir/json-schema-to-grammar.cpp.o
[ 22%] Building CXX object common/CMakeFiles/common.dir/arg.cpp.o
[ 23%] Building CXX object examples/quantize-stats/CMakeFiles/llama-quantize-stats.dir/quantize-stats.cpp.o
[ 24%] Building CXX object common/CMakeFiles/common.dir/common.cpp.o
[ 25%] Building CXX object examples/llava/CMakeFiles/llava.dir/llava.cpp.o
[ 26%] Linking C executable ../bin/test-c
[ 26%] Building CXX object examples/llava/CMakeFiles/llava.dir/clip.cpp.o
[ 27%] Linking CXX executable ../../bin/llama-simple
[ 27%] Building CXX object common/CMakeFiles/common.dir/log.cpp.o
[ 28%] Linking CXX executable ../../bin/llama-simple-chat
[ 28%] Building CXX object common/CMakeFiles/common.dir/sampling.cpp.o
[ 29%] Linking CXX executable ../../bin/llama-quantize-stats
[ 29%] Building CXX object common/CMakeFiles/common.dir/ngram-cache.cpp.o
[ 30%] Linking CXX executable ../../bin/llama-run
[ 31%] Building CXX object common/CMakeFiles/common.dir/speculative.cpp.o
[ 31%] Built target llava
[ 31%] Built target test-c
[ 31%] Linking CXX static library libcommon.a
[ 31%] Built target llama-run
[ 31%] Built target llama-quantize-stats
[ 31%] Built target llama-simple-chat
[ 31%] Built target llama-simple
[ 32%] Linking CXX shared library libllava_shared.dylib
[ 32%] Linking CXX static library libllava_static.a
[ 32%] Built target llava_shared
[ 32%] Built target llava_static
[ 32%] Built target common
[ 32%] Building CXX object tests/CMakeFiles/test-tokenizer-0.dir/test-tokenizer-0.cpp.o
[ 32%] Building CXX object tests/CMakeFiles/test-tokenizer-1-spm.dir/test-tokenizer-1-spm.cpp.o
[ 32%] Building CXX object tests/CMakeFiles/test-tokenizer-1-bpe.dir/test-tokenizer-1-bpe.cpp.o
[ 33%] Building CXX object tests/CMakeFiles/test-arg-parser.dir/test-arg-parser.cpp.o
[ 33%] Building CXX object tests/CMakeFiles/test-grammar-integration.dir/test-grammar-integration.cpp.o
[ 33%] Building CXX object tests/CMakeFiles/test-chat-template.dir/test-chat-template.cpp.o
[ 35%] Building CXX object tests/CMakeFiles/test-llama-grammar.dir/test-llama-grammar.cpp.o
[ 35%] Building CXX object tests/CMakeFiles/test-grammar-parser.dir/test-grammar-parser.cpp.o
[ 37%] Building CXX object tests/CMakeFiles/test-log.dir/test-log.cpp.o
[ 37%] Building CXX object tests/CMakeFiles/test-sampling.dir/test-sampling.cpp.o
[ 38%] Linking CXX executable ../bin/test-tokenizer-1-bpe
[ 39%] Linking CXX executable ../bin/test-tokenizer-0
[ 40%] Linking CXX executable ../bin/test-tokenizer-1-spm
[ 41%] Building CXX object tests/CMakeFiles/test-chat-template.dir/get-model.cpp.o
[ 41%] Building CXX object tests/CMakeFiles/test-llama-grammar.dir/get-model.cpp.o
[ 41%] Building CXX object tests/CMakeFiles/test-sampling.dir/get-model.cpp.o
[ 42%] Building CXX object tests/CMakeFiles/test-grammar-integration.dir/get-model.cpp.o
[ 42%] Building CXX object tests/CMakeFiles/test-grammar-parser.dir/get-model.cpp.o
[ 42%] Building CXX object tests/CMakeFiles/test-log.dir/get-model.cpp.o
[ 42%] Building CXX object tests/CMakeFiles/test-arg-parser.dir/get-model.cpp.o
[ 42%] Linking CXX executable ../bin/test-grammar-integration
[ 43%] Linking CXX executable ../bin/test-llama-grammar
[ 44%] Linking CXX executable ../bin/test-chat-template
[ 47%] Linking CXX executable ../bin/test-log
[ 47%] Linking CXX executable ../bin/test-arg-parser
[ 47%] Linking CXX executable ../bin/test-grammar-parser
[ 48%] Linking CXX executable ../bin/test-sampling
[ 48%] Built target test-llama-grammar
[ 48%] Built target test-sampling
[ 48%] Built target test-chat-template
[ 48%] Built target test-tokenizer-0
[ 48%] Built target test-log
[ 48%] Built target test-tokenizer-1-bpe
[ 48%] Built target test-grammar-parser
[ 48%] Built target test-tokenizer-1-spm
[ 48%] Built target test-arg-parser
[ 48%] Built target test-grammar-integration
[ 48%] Building CXX object tests/CMakeFiles/test-backend-ops.dir/test-backend-ops.cpp.o
[ 48%] Building CXX object tests/CMakeFiles/test-model-load-cancel.dir/test-model-load-cancel.cpp.o
[ 48%] Building CXX object tests/CMakeFiles/test-autorelease.dir/test-autorelease.cpp.o
[ 48%] Building CXX object tests/CMakeFiles/test-quantize-perf.dir/test-quantize-perf.cpp.o
[ 50%] Building CXX object tests/CMakeFiles/test-quantize-fns.dir/test-quantize-fns.cpp.o
[ 50%] Building CXX object tests/CMakeFiles/test-barrier.dir/test-barrier.cpp.o
[ 50%] Building CXX object tests/CMakeFiles/test-json-schema-to-grammar.dir/test-json-schema-to-grammar.cpp.o
[ 51%] Building CXX object tests/CMakeFiles/test-rope.dir/test-rope.cpp.o
[ 52%] Building CXX object examples/batched/CMakeFiles/llama-batched.dir/batched.cpp.o
[ 53%] Building CXX object examples/batched-bench/CMakeFiles/llama-batched-bench.dir/batched-bench.cpp.o
[ 55%] Building CXX object tests/CMakeFiles/test-model-load-cancel.dir/get-model.cpp.o
[ 55%] Building CXX object tests/CMakeFiles/test-backend-ops.dir/get-model.cpp.o
[ 55%] Building CXX object tests/CMakeFiles/test-quantize-fns.dir/get-model.cpp.o
[ 56%] Building CXX object tests/CMakeFiles/test-autorelease.dir/get-model.cpp.o
[ 57%] Building CXX object tests/CMakeFiles/test-quantize-perf.dir/get-model.cpp.o
[ 58%] Building CXX object tests/CMakeFiles/test-rope.dir/get-model.cpp.o
[ 59%] Building CXX object tests/CMakeFiles/test-barrier.dir/get-model.cpp.o
[ 59%] Building CXX object tests/CMakeFiles/test-json-schema-to-grammar.dir/get-model.cpp.o
[ 59%] Linking CXX executable ../../bin/llama-batched
[ 59%] Linking CXX executable ../../bin/llama-batched-bench
[ 59%] Linking CXX executable ../bin/test-backend-ops
[ 59%] Linking CXX executable ../bin/test-model-load-cancel
[ 60%] Linking CXX executable ../bin/test-quantize-fns
[ 61%] Linking CXX executable ../bin/test-autorelease
[ 61%] Linking CXX executable ../bin/test-quantize-perf
[ 61%] Linking CXX executable ../bin/test-rope
[ 62%] Linking CXX executable ../bin/test-barrier
[ 62%] Linking CXX executable ../bin/test-json-schema-to-grammar
[ 62%] Built target llama-batched
[ 62%] Built target test-backend-ops
[ 62%] Built target test-model-load-cancel
[ 62%] Built target test-quantize-fns
[ 62%] Built target test-barrier
[ 62%] Built target test-autorelease
[ 62%] Built target llama-batched-bench
[ 62%] Built target test-quantize-perf
[ 62%] Built target test-rope
[ 62%] Built target test-json-schema-to-grammar
[ 62%] Building CXX object examples/embedding/CMakeFiles/llama-embedding.dir/embedding.cpp.o
[ 62%] Building CXX object examples/eval-callback/CMakeFiles/llama-eval-callback.dir/eval-callback.cpp.o
[ 63%] Building CXX object examples/gguf-split/CMakeFiles/llama-gguf-split.dir/gguf-split.cpp.o
[ 63%] Building CXX object examples/gbnf-validator/CMakeFiles/llama-gbnf-validator.dir/gbnf-validator.cpp.o
[ 64%] Building CXX object examples/llama-bench/CMakeFiles/llama-bench.dir/llama-bench.cpp.o
[ 65%] Building CXX object examples/imatrix/CMakeFiles/llama-imatrix.dir/imatrix.cpp.o
[ 66%] Building CXX object examples/gritlm/CMakeFiles/llama-gritlm.dir/gritlm.cpp.o
[ 66%] Building CXX object examples/lookahead/CMakeFiles/llama-lookahead.dir/lookahead.cpp.o
[ 67%] Building CXX object examples/infill/CMakeFiles/llama-infill.dir/infill.cpp.o
[ 67%] Building CXX object examples/lookup/CMakeFiles/llama-lookup.dir/lookup.cpp.o
[ 68%] Linking CXX executable ../../bin/llama-gritlm
[ 68%] Linking CXX executable ../../bin/llama-eval-callback
[ 69%] Linking CXX executable ../../bin/llama-embedding
[ 69%] Linking CXX executable ../../bin/llama-imatrix
[ 71%] Linking CXX executable ../../bin/llama-lookahead
[ 71%] Linking CXX executable ../../bin/llama-gbnf-validator
[ 71%] Linking CXX executable ../../bin/llama-gguf-split
[ 71%] Linking CXX executable ../../bin/llama-infill
[ 71%] Linking CXX executable ../../bin/llama-bench
[ 72%] Linking CXX executable ../../bin/llama-lookup
[ 72%] Built target llama-gbnf-validator
[ 72%] Built target llama-gguf-split
[ 72%] Built target llama-imatrix
[ 72%] Built target llama-bench
[ 72%] Built target llama-lookahead
[ 72%] Built target llama-embedding
[ 72%] Built target llama-infill
[ 72%] Built target llama-lookup
[ 72%] Built target llama-eval-callback
[ 72%] Built target llama-gritlm
[ 72%] Building CXX object examples/lookup/CMakeFiles/llama-lookup-merge.dir/lookup-merge.cpp.o
[ 72%] Building CXX object examples/lookup/CMakeFiles/llama-lookup-create.dir/lookup-create.cpp.o
[ 72%] Generating loading.html.hpp
[ 73%] Building CXX object examples/main/CMakeFiles/llama-cli.dir/main.cpp.o
[ 74%] Building CXX object examples/passkey/CMakeFiles/llama-passkey.dir/passkey.cpp.o
[ 75%] Building CXX object examples/parallel/CMakeFiles/llama-parallel.dir/parallel.cpp.o
[ 76%] Building CXX object examples/retrieval/CMakeFiles/llama-retrieval.dir/retrieval.cpp.o
[ 76%] Building CXX object examples/lookup/CMakeFiles/llama-lookup-stats.dir/lookup-stats.cpp.o
[ 77%] Building CXX object examples/quantize/CMakeFiles/llama-quantize.dir/quantize.cpp.o
[ 78%] Building CXX object examples/perplexity/CMakeFiles/llama-perplexity.dir/perplexity.cpp.o
[ 79%] Linking CXX executable ../../bin/llama-lookup-create
[ 80%] Linking CXX executable ../../bin/llama-lookup-merge
[ 81%] Generating completion.js.hpp
[ 82%] Linking CXX executable ../../bin/llama-lookup-stats
[ 82%] Linking CXX executable ../../bin/llama-parallel
[ 82%] Linking CXX executable ../../bin/llama-cli
[ 82%] Linking CXX executable ../../bin/llama-quantize
[ 82%] Linking CXX executable ../../bin/llama-passkey
[ 83%] Linking CXX executable ../../bin/llama-retrieval
[ 83%] Linking CXX executable ../../bin/llama-perplexity
[ 84%] Generating deps_daisyui.min.css.hpp
[ 84%] Built target llama-lookup-create
[ 84%] Built target llama-lookup-merge
[ 84%] Built target llama-cli
[ 84%] Built target llama-quantize
[ 84%] Built target llama-lookup-stats
[ 84%] Built target llama-passkey
[ 84%] Built target llama-perplexity
[ 85%] Generating deps_tailwindcss.js.hpp
[ 85%] Built target llama-parallel
[ 85%] Generating deps_markdown-it.js.hpp
[ 85%] Building CXX object examples/save-load-state/CMakeFiles/llama-save-load-state.dir/save-load-state.cpp.o
[ 85%] Built target llama-retrieval
[ 85%] Building CXX object examples/speculative/CMakeFiles/llama-speculative.dir/speculative.cpp.o
[ 85%] Building CXX object examples/speculative-simple/CMakeFiles/llama-speculative-simple.dir/speculative-simple.cpp.o
[ 85%] Building CXX object examples/tokenize/CMakeFiles/llama-tokenize.dir/tokenize.cpp.o
[ 86%] Building CXX object examples/convert-llama2c-to-ggml/CMakeFiles/llama-convert-llama2c-to-ggml.dir/convert-llama2c-to-ggml.cpp.o
[ 86%] Building CXX object examples/cvector-generator/CMakeFiles/llama-cvector-generator.dir/cvector-generator.cpp.o
[ 86%] Building CXX object examples/export-lora/CMakeFiles/llama-export-lora.dir/export-lora.cpp.o
[ 87%] Linking CXX executable ../../bin/llama-speculative
[ 88%] Linking CXX executable ../../bin/llama-save-load-state
[ 89%] Linking CXX executable ../../bin/llama-tokenize
[ 90%] Linking CXX executable ../../bin/llama-speculative-simple
[ 91%] Linking CXX executable ../../bin/llama-convert-llama2c-to-ggml
[ 92%] Linking CXX executable ../../bin/llama-cvector-generator
[ 93%] Linking CXX executable ../../bin/llama-export-lora
[ 94%] Generating deps_vue.esm-browser.js.hpp
[ 94%] Built target llama-tokenize
[ 94%] Built target llama-convert-llama2c-to-ggml
[ 94%] Built target llama-save-load-state
[ 94%] Built target llama-speculative
[ 94%] Built target llama-speculative-simple
[ 94%] Built target llama-export-lora
[ 94%] Generating index.html.hpp
[ 94%] Built target llama-cvector-generator
[ 95%] Building CXX object examples/llava/CMakeFiles/llama-llava-cli.dir/llava-cli.cpp.o
[ 95%] Building CXX object examples/llava/CMakeFiles/llama-minicpmv-cli.dir/minicpmv-cli.cpp.o
[ 96%] Building CXX object pocs/vdot/CMakeFiles/llama-q8dot.dir/q8dot.cpp.o
[ 97%] Building CXX object pocs/vdot/CMakeFiles/llama-vdot.dir/vdot.cpp.o
[ 98%] Linking CXX executable ../../bin/llama-llava-cli
[ 99%] Linking CXX executable ../../bin/llama-minicpmv-cli
[ 99%] Linking CXX executable ../../bin/llama-q8dot
[ 99%] Linking CXX executable ../../bin/llama-vdot
[ 99%] Built target llama-q8dot
[ 99%] Built target llama-minicpmv-cli
[ 99%] Built target llama-vdot
[ 99%] Built target llama-llava-cli
[ 99%] Building CXX object examples/server/CMakeFiles/llama-server.dir/server.cpp.o
[100%] Linking CXX executable ../../bin/llama-server
[100%] Built target llama-server

real	0m3.069s
user	0m6.748s
sys	0m9.549s
+ ctest --output-on-failure -L main -E test-opt
Test project /Users/ggml/work/llama.cpp/build-ci-debug
      Start  1: test-tokenizer-0-bert-bge
 1/27 Test  #1: test-tokenizer-0-bert-bge .........   Passed    1.36 sec
      Start  2: test-tokenizer-0-command-r
 2/27 Test  #2: test-tokenizer-0-command-r ........   Passed    1.74 sec
      Start  3: test-tokenizer-0-deepseek-coder
 3/27 Test  #3: test-tokenizer-0-deepseek-coder ...   Passed    0.23 sec
      Start  4: test-tokenizer-0-deepseek-llm
 4/27 Test  #4: test-tokenizer-0-deepseek-llm .....   Passed    0.67 sec
      Start  5: test-tokenizer-0-falcon
 5/27 Test  #5: test-tokenizer-0-falcon ...........   Passed    0.42 sec
      Start  6: test-tokenizer-0-gpt-2
 6/27 Test  #6: test-tokenizer-0-gpt-2 ............   Passed    0.32 sec
      Start  7: test-tokenizer-0-llama-bpe
 7/27 Test  #7: test-tokenizer-0-llama-bpe ........   Passed    1.41 sec
      Start  8: test-tokenizer-0-llama-spm
 8/27 Test  #8: test-tokenizer-0-llama-spm ........   Passed    0.07 sec
      Start  9: test-tokenizer-0-mpt
 9/27 Test  #9: test-tokenizer-0-mpt ..............   Passed    0.33 sec
      Start 10: test-tokenizer-0-phi-3
10/27 Test #10: test-tokenizer-0-phi-3 ............   Passed    0.07 sec
      Start 11: test-tokenizer-0-qwen2
11/27 Test #11: test-tokenizer-0-qwen2 ............   Passed    0.97 sec
      Start 12: test-tokenizer-0-refact
12/27 Test #12: test-tokenizer-0-refact ...........   Passed    0.32 sec
      Start 13: test-tokenizer-0-starcoder
13/27 Test #13: test-tokenizer-0-starcoder ........   Passed    0.32 sec
      Start 14: test-tokenizer-1-llama-spm
14/27 Test #14: test-tokenizer-1-llama-spm ........   Passed    1.05 sec
      Start 15: test-log
15/27 Test #15: test-log ..........................   Passed    0.23 sec
      Start 16: test-arg-parser
16/27 Test #16: test-arg-parser ...................   Passed    0.30 sec
      Start 17: test-sampling
17/27 Test #17: test-sampling .....................   Passed    2.19 sec
      Start 18: test-chat-template
18/27 Test #18: test-chat-template ................   Passed    0.18 sec
      Start 19: test-grammar-parser
19/27 Test #19: test-grammar-parser ...............   Passed    0.18 sec
      Start 20: test-grammar-integration
20/27 Test #20: test-grammar-integration ..........   Passed    0.23 sec
      Start 21: test-llama-grammar
21/27 Test #21: test-llama-grammar ................   Passed    0.18 sec
      Start 22: test-backend-ops
22/27 Test #22: test-backend-ops ..................Subprocess aborted***Exception:  59.06 sec
register_backend: registered backend Metal (1 devices)
register_device: registered device Metal (Apple M4)
register_backend: registered backend BLAS (1 devices)
register_device: registered device BLAS (Accelerate)
register_backend: registered backend CPU (1 devices)
register_device: registered device CPU (Apple M4)
ggml_metal_init: allocating
ggml_metal_init: found device: Apple M4
ggml_metal_init: picking default device: Apple M4
ggml_metal_init: using embedded metal library
ggml_metal_init: GPU name:   Apple M4
ggml_metal_init: GPU family: MTLGPUFamilyApple9  (1009)
ggml_metal_init: GPU family: MTLGPUFamilyCommon3 (3003)
ggml_metal_init: GPU family: MTLGPUFamilyMetal3  (5001)
ggml_metal_init: simdgroup reduction   = true
ggml_metal_init: simdgroup matrix mul. = true
ggml_metal_init: has bfloat            = true
ggml_metal_init: use bfloat            = true
ggml_metal_init: hasUnifiedMemory      = true
ggml_metal_init: recommendedMaxWorkingSetSize  = 11453.25 MB
ggml_metal_init: loaded kernel_add                                    0x142009910 | th_max = 1024 | th_width =   32
ggml_metal_init: loaded kernel_add_row                                0x14200a050 | th_max = 1024 | th_width =   32
ggml_metal_init: loaded kernel_sub                                    0x14200a600 | th_max = 1024 | th_width =   32
ggml_metal_init: loaded kernel_sub_row                                0x14200abb0 | th_max = 1024 | th_width =   32
ggml_metal_init: loaded kernel_mul                                    0x14200b160 | th_max = 1024 | th_width =   32
ggml_metal_init: loaded kernel_mul_row                                0x14200b710 | th_max = 1024 | th_width =   32
ggml_metal_init: loaded kernel_div                                    0x14200bcc0 | th_max = 1024 | th_width =   32
ggml_metal_init: loaded kernel_div_row                                0x14200c270 | th_max = 1024 | th_width =   32
ggml_metal_init: loaded kernel_repeat_f32                             0x14200c820 | th_max = 1024 | th_width =   32
ggml_metal_init: loaded kernel_repeat_f16                             0x14200cd20 | th_max = 1024 | th_width =   32
ggml_metal_init: loaded kernel_repeat_i32                             0x14200d220 | th_max = 1024 | th_width =   32
ggml_metal_init: loaded kernel_repeat_i16                             0x14200d720 | th_max = 1024 | th_width =   32
ggml_metal_init: loaded kernel_scale                                  0x14200e240 | th_max = 1024 | th_width =   32
ggml_metal_init: loaded kernel_scale_4                                0x14200e9f0 | th_max = 1024 | th_width =   32
ggml_metal_init: loaded kernel_clamp                                  0x14200f200 | th_max = 1024 | th_width =   32
ggml_metal_init: loaded kernel_tanh                                   0x14200f920 | th_max = 1024 | th_width =   32
ggml_metal_init: loaded kernel_relu                                   0x142010040 | th_max = 1024 | th_width =   32
ggml_metal_init: loaded kernel_sigmoid                                0x142010760 | th_max = 1024 | th_width =   32
ggml_metal_init: loaded kernel_gelu                                   0x142010e80 | th_max = 1024 | th_width =   32
ggml_metal_init: loaded kernel_gelu_4                                 0x142011650 | th_max = 1024 | th_width =   32
ggml_metal_init: loaded kernel_gelu_quick                             0x142011d70 | th_max = 1024 | th_width =   32
ggml_metal_init: loaded kernel_gelu_quick_4                           0x142012490 | th_max = 1024 | th_width =   32
ggml_metal_init: loaded kernel_silu                                   0x142012bb0 | th_max = 1024 | th_width =   32
ggml_metal_init: loaded kernel_silu_4                                 0x142013450 | th_max = 1024 | th_width =   32
ggml_metal_init: loaded kernel_elu                                    0x142013b70 | th_max = 1024 | th_width =   32
ggml_metal_init: loaded kernel_soft_max_f16                           0x142013e30 | th_max = 1024 | th_width =   32
ggml_metal_init: loaded kernel_soft_max_f16_4                         0x142014440 | th_max = 1024 | th_width =   32
ggml_metal_init: loaded kernel_soft_max_f32                           0x1420150b0 | th_max = 1024 | th_width =   32
ggml_metal_init: loaded kernel_soft_max_f32_4                         0x1420155f0 | th_max = 1024 | th_width =   32
ggml_metal_init: loaded kernel_diag_mask_inf                          0x1420158b0 | th_max = 1024 | th_width =   32
ggml_metal_init: loaded kernel_diag_mask_inf_8                        0x142015d50 | th_max = 1024 | th_width =   32
ggml_metal_init: loaded kernel_get_rows_f32                           0x142016010 | th_max = 1024 | th_width =   32
ggml_metal_init: loaded kernel_get_rows_f16                           0x1420168a0 | th_max = 1024 | th_width =   32
ggml_metal_init: loaded kernel_get_rows_bf16                          0x142016de0 | th_max = 1024 | th_width =   32
ggml_metal_init: loaded kernel_get_rows_q4_0                          0x1420170a0 | th_max = 1024 | th_width =   32
ggml_metal_init: loaded kernel_get_rows_q4_1                          0x142017540 | th_max = 1024 | th_width =   32
ggml_metal_init: loaded kernel_get_rows_q5_0                          0x1420179e0 | th_max = 1024 | th_width =   32
ggml_metal_init: loaded kernel_get_rows_q5_1                          0x142017e80 | th_max = 1024 | th_width =   32
ggml_metal_init: loaded kernel_get_rows_q8_0                          0x142018320 | th_max = 1024 | th_width =   32
ggml_metal_init: loaded kernel_get_rows_q2_K                          0x1420187c0 | th_max = 1024 | th_width =   32
ggml_metal_init: loaded kernel_get_rows_q3_K                          0x142018c60 | th_max = 1024 | th_width =   32
ggml_metal_init: loaded kernel_get_rows_q4_K                          0x142019100 | th_max = 1024 | th_width =   32
ggml_metal_init: loaded kernel_get_rows_q5_K                          0x1420195a0 | th_max = 1024 | th_width =   32
ggml_metal_init: loaded kernel_get_rows_q6_K                          0x142019a40 | th_max = 1024 | th_width =   32
ggml_metal_init: loaded kernel_get_rows_iq2_xxs                       0x142019d00 | th_max = 1024 | th_width =   32
ggml_metal_init: loaded kernel_get_rows_iq2_xs                        0x14201a310 | th_max = 1024 | th_width =   32
ggml_metal_init: loaded kernel_get_rows_iq3_xxs                       0x14201a920 | th_max = 1024 | th_width =   32
ggml_metal_init: loaded kernel_get_rows_iq3_s                         0x14201b240 | th_max = 1024 | th_width =   32
ggml_metal_init: loaded kernel_get_rows_iq2_s                         0x14201b850 | th_max = 1024 | th_width =   32
ggml_metal_init: loaded kernel_get_rows_iq1_s                         0x14201be60 | th_max = 1024 | th_width =   32
ggml_metal_init: loaded kernel_get_rows_iq1_m                         0x14201c470 | th_max = 1024 | th_width =   32
ggml_metal_init: loaded kernel_get_rows_iq4_nl                        0x14201ca80 | th_max = 1024 | th_width =   32
ggml_metal_init: loaded kernel_get_rows_iq4_xs                        0x14201d090 | th_max = 1024 | th_width =   32
ggml_metal_init: loaded kernel_get_rows_i32                           0x14201d6a0 | th_max = 1024 | th_width =   32
ggml_metal_init: loaded kernel_rms_norm                               0x14201de90 | th_max = 1024 | th_width =   32
ggml_metal_init: loaded kernel_group_norm                             0x14201e330 | th_max = 1024 | th_width =   32
ggml_metal_init: loaded kernel_norm                                   0x14201e7d0 | th_max = 1024 | th_width =   32
ggml_metal_init: loaded kernel_ssm_conv_f32                           0x14201ea90 | th_max = 1024 | th_width =   32
ggml_metal_init: loaded kernel_ssm_scan_f32                           0x14201f0a0 | th_max = 1024 | th_width =   32
ggml_metal_init: loaded kernel_mul_mv_f32_f32                         0x14201f890 | th_max = 1024 | th_width =   32
ggml_metal_init: loaded kernel_mul_mv_bf16_f32                        0x14201fb50 | th_max = 1024 | th_width =   32
ggml_metal_init: loaded kernel_mul_mv_bf16_f32_1row                   0x14201fff0 | th_max = 1024 | th_width =   32
ggml_metal_init: loaded kernel_mul_mv_bf16_f32_l4                     0x142020490 | th_max = 1024 | th_width =   32
ggml_metal_init: loaded kernel_mul_mv_bf16_bf16                       0x142020930 | th_max = 1024 | th_width =   32
ggml_metal_init: loaded kernel_mul_mv_f16_f32                         0x142020dd0 | th_max = 1024 | th_width =   32
ggml_metal_init: loaded kernel_mul_mv_f16_f32_1row                    0x142021270 | th_max = 1024 | th_width =   32
ggml_metal_init: loaded kernel_mul_mv_f16_f32_l4                      0x142021710 | th_max = 1024 | th_width =   32
ggml_metal_init: loaded kernel_mul_mv_f16_f16                         0x142021bb0 | th_max = 1024 | th_width =   32
ggml_metal_init: loaded kernel_mul_mv_q4_0_f32                        0x142022050 | th_max = 1024 | th_width =   32
ggml_metal_init: loaded kernel_mul_mv_q4_1_f32                        0x1420224f0 | th_max = 1024 | th_width =   32
ggml_metal_init: loaded kernel_mul_mv_q5_0_f32                        0x142022990 | th_max = 1024 | th_width =   32
ggml_metal_init: loaded kernel_mul_mv_q5_1_f32                        0x142022e30 | th_max = 1024 | th_width =   32
ggml_metal_init: loaded kernel_mul_mv_q8_0_f32                        0x1420232d0 | th_max = 1024 | th_width =   32
ggml_metal_init: loaded kernel_mul_mv_q2_K_f32                        0x142023770 | th_max = 1024 | th_width =   32
ggml_metal_init: loaded kernel_mul_mv_q3_K_f32                        0x142023c10 | th_max = 1024 | th_width =   32
ggml_metal_init: loaded kernel_mul_mv_q4_K_f32                        0x1420240b0 | th_max = 1024 | th_width =   32
ggml_metal_init: loaded kernel_mul_mv_q5_K_f32                        0x142024550 | th_max = 1024 | th_width =   32
ggml_metal_init: loaded kernel_mul_mv_q6_K_f32                        0x1420249f0 | th_max = 1024 | th_width =   32
ggml_metal_init: loaded kernel_mul_mv_iq2_xxs_f32                     0x142024e90 | th_max = 1024 | th_width =   32
ggml_metal_init: loaded kernel_mul_mv_iq2_xs_f32                      0x142025330 | th_max = 1024 | th_width =   32
ggml_metal_init: loaded kernel_mul_mv_iq3_xxs_f32                     0x1420257d0 | th_max = 1024 | th_width =   32
ggml_metal_init: loaded kernel_mul_mv_iq3_s_f32                       0x142025c70 | th_max = 1024 | th_width =   32
ggml_metal_init: loaded kernel_mul_mv_iq2_s_f32                       0x142026110 | th_max = 1024 | th_width =   32
ggml_metal_init: loaded kernel_mul_mv_iq1_s_f32                       0x1420265b0 | th_max = 1024 | th_width =   32
ggml_metal_init: loaded kernel_mul_mv_iq1_m_f32                       0x142026a50 | th_max = 1024 | th_width =   32
ggml_metal_init: loaded kernel_mul_mv_iq4_nl_f32                      0x142026ef0 | th_max = 1024 | th_width =   32
ggml_metal_init: loaded kernel_mul_mv_iq4_xs_f32                      0x142027390 | th_max = 1024 | th_width =   32
ggml_metal_init: loaded kernel_mul_mv_id_f32_f32                      0x142027830 | th_max = 1024 | th_width =   32
ggml_metal_init: loaded kernel_mul_mv_id_f16_f32                      0x142027cd0 | th_max = 1024 | th_width =   32
ggml_metal_init: loaded kernel_mul_mv_id_bf16_f32                     0x142028170 | th_max = 1024 | th_width =   32
ggml_metal_init: loaded kernel_mul_mv_id_q4_0_f32                     0x142028610 | th_max = 1024 | th_width =   32
ggml_metal_init: loaded kernel_mul_mv_id_q4_1_f32                     0x142028ab0 | th_max = 1024 | th_width =   32
ggml_metal_init: loaded kernel_mul_mv_id_q5_0_f32                     0x142028f50 | th_max = 1024 | th_width =   32
ggml_metal_init: loaded kernel_mul_mv_id_q5_1_f32                     0x1420293f0 | th_max = 1024 | th_width =   32
ggml_metal_init: loaded kernel_mul_mv_id_q8_0_f32                     0x142029890 | th_max = 1024 | th_width =   32
ggml_metal_init: loaded kernel_mul_mv_id_q2_K_f32                     0x142029d30 | th_max = 1024 | th_width =   32
ggml_metal_init: loaded kernel_mul_mv_id_q3_K_f32                     0x14202a1d0 | th_max = 1024 | th_width =   32
ggml_metal_init: loaded kernel_mul_mv_id_q4_K_f32                     0x14201af30 | th_max = 1024 | th_width =   32
ggml_metal_init: loaded kernel_mul_mv_id_q5_K_f32                     0x14202a820 | th_max = 1024 | th_width =   32
ggml_metal_init: loaded kernel_mul_mv_id_q6_K_f32                     0x14202acc0 | th_max = 1024 | th_width =   32
ggml_metal_init: loaded kernel_mul_mv_id_iq2_xxs_f32                  0x14202b160 | th_max = 1024 | th_width =   32
ggml_metal_init: loaded kernel_mul_mv_id_iq2_xs_f32                   0x14202b600 | th_max = 1024 | th_width =   32
ggml_metal_init: loaded kernel_mul_mv_id_iq3_xxs_f32                  0x14202baa0 | th_max = 1024 | th_width =   32
ggml_metal_init: loaded kernel_mul_mv_id_iq3_s_f32                    0x14202bf40 | th_max = 1024 | th_width =   32
ggml_metal_init: loaded kernel_mul_mv_id_iq2_s_f32                    0x14202c3e0 | th_max = 1024 | th_width =   32
ggml_metal_init: loaded kernel_mul_mv_id_iq1_s_f32                    0x14202c880 | th_max = 1024 | th_width =   32
ggml_metal_init: loaded kernel_mul_mv_id_iq1_m_f32                    0x14202cd20 | th_max = 1024 | th_width =   32
ggml_metal_init: loaded kernel_mul_mv_id_iq4_nl_f32                   0x14202d1c0 | th_max = 1024 | th_width =   32
ggml_metal_init: loaded kernel_mul_mv_id_iq4_xs_f32                   0x14202d660 | th_max = 1024 | th_width =   32
ggml_metal_init: loaded kernel_mul_mm_f32_f32                         0x14202db00 | th_max = 1024 | th_width =   32
ggml_metal_init: loaded kernel_mul_mm_f16_f32                         0x14202dfa0 | th_max = 1024 | th_width =   32
ggml_metal_init: loaded kernel_mul_mm_bf16_f32                        0x14202e440 | th_max = 1024 | th_width =   32
ggml_metal_init: loaded kernel_mul_mm_q4_0_f32                        0x14202e8e0 | th_max = 1024 | th_width =   32
ggml_metal_init: loaded kernel_mul_mm_q4_1_f32                        0x14202ed80 | th_max = 1024 | th_width =   32
ggml_metal_init: loaded kernel_mul_mm_q5_0_f32                        0x14202f220 | th_max = 1024 | th_width =   32
ggml_metal_init: loaded kernel_mul_mm_q5_1_f32                        0x14202f6c0 | th_max = 1024 | th_width =   32
ggml_metal_init: loaded kernel_mul_mm_q8_0_f32                        0x14202fb60 | th_max = 1024 | th_width =   32
ggml_metal_init: loaded kernel_mul_mm_q2_K_f32                        0x142030000 | th_max = 1024 | th_width =   32
ggml_metal_init: loaded kernel_mul_mm_q3_K_f32                        0x1420304a0 | th_max = 1024 | th_width =   32
ggml_metal_init: loaded kernel_mul_mm_q4_K_f32                        0x142030940 | th_max = 1024 | th_width =   32
ggml_metal_init: loaded kernel_mul_mm_q5_K_f32                        0x142030de0 | th_max = 1024 | th_width =   32
ggml_metal_init: loaded kernel_mul_mm_q6_K_f32                        0x142031280 | th_max = 1024 | th_width =   32
ggml_metal_init: loaded kernel_mul_mm_iq2_xxs_f32                     0x142031720 | th_max = 1024 | th_width =   32
ggml_metal_init: loaded kernel_mul_mm_iq2_xs_f32                      0x142031bc0 | th_max = 1024 | th_width =   32
ggml_metal_init: loaded kernel_mul_mm_iq3_xxs_f32                     0x142032060 | th_max = 1024 | th_width =   32
ggml_metal_init: loaded kernel_mul_mm_iq3_s_f32                       0x142032500 | th_max = 1024 | th_width =   32
ggml_metal_init: loaded kernel_mul_mm_iq2_s_f32                       0x1420329a0 | th_max = 1024 | th_width =   32
ggml_metal_init: loaded kernel_mul_mm_iq1_s_f32                       0x142032e40 | th_max = 1024 | th_width =   32
ggml_metal_init: loaded kernel_mul_mm_iq1_m_f32                       0x1420332e0 | th_max = 1024 | th_width =   32
ggml_metal_init: loaded kernel_mul_mm_iq4_nl_f32                      0x142033780 | th_max = 1024 | th_width =   32
ggml_metal_init: loaded kernel_mul_mm_iq4_xs_f32                      0x142033c20 | th_max = 1024 | th_width =   32
ggml_metal_init: loaded kernel_mul_mm_id_f32_f32                      0x1420340c0 | th_max = 1024 | th_width =   32
ggml_metal_init: loaded kernel_mul_mm_id_f16_f32                      0x142034560 | th_max = 1024 | th_width =   32
ggml_metal_init: loaded kernel_mul_mm_id_bf16_f32                     0x142034a00 | th_max = 1024 | th_width =   32
ggml_metal_init: loaded kernel_mul_mm_id_q4_0_f32                     0x142034ea0 | th_max = 1024 | th_width =   32
ggml_metal_init: loaded kernel_mul_mm_id_q4_1_f32                     0x142035340 | th_max = 1024 | th_width =   32
ggml_metal_init: loaded kernel_mul_mm_id_q5_0_f32                     0x1420357e0 | th_max = 1024 | th_width =   32
ggml_metal_init: loaded kernel_mul_mm_id_q5_1_f32                     0x142035c80 | th_max = 1024 | th_width =   32
ggml_metal_init: loaded kernel_mul_mm_id_q8_0_f32                     0x142036120 | th_max = 1024 | th_width =   32
ggml_metal_init: loaded kernel_mul_mm_id_q2_K_f32                     0x1420365c0 | th_max = 1024 | th_width =   32
ggml_metal_init: loaded kernel_mul_mm_id_q3_K_f32                     0x142036a60 | th_max = 1024 | th_width =   32
ggml_metal_init: loaded kernel_mul_mm_id_q4_K_f32                     0x142036f00 | th_max = 1024 | th_width =   32
ggml_metal_init: loaded kernel_mul_mm_id_q5_K_f32                     0x1420373a0 | th_max = 1024 | th_width =   32
ggml_metal_init: loaded kernel_mul_mm_id_q6_K_f32                     0x142037840 | th_max = 1024 | th_width =   32
ggml_metal_init: loaded kernel_mul_mm_id_iq2_xxs_f32                  0x142037ce0 | th_max = 1024 | th_width =   32
ggml_metal_init: loaded kernel_mul_mm_id_iq2_xs_f32                   0x142038180 | th_max = 1024 | th_width =   32
ggml_metal_init: loaded kernel_mul_mm_id_iq3_xxs_f32                  0x142038620 | th_max = 1024 | th_width =   32
ggml_metal_init: loaded kernel_mul_mm_id_iq3_s_f32                    0x142038ac0 | th_max = 1024 | th_width =   32
ggml_metal_init: loaded kernel_mul_mm_id_iq2_s_f32                    0x142038f60 | th_max = 1024 | th_width =   32
ggml_metal_init: loaded kernel_mul_mm_id_iq1_s_f32                    0x142039400 | th_max = 1024 | th_width =   32
ggml_metal_init: loaded kernel_mul_mm_id_iq1_m_f32                    0x1420398a0 | th_max = 1024 | th_width =   32
ggml_metal_init: loaded kernel_mul_mm_id_iq4_nl_f32                   0x142039d40 | th_max = 1024 | th_width =   32
ggml_metal_init: loaded kernel_mul_mm_id_iq4_xs_f32                   0x14203a1e0 | th_max = 1024 | th_width =   32
ggml_metal_init: loaded kernel_rope_norm_f32                          0x14203a730 | th_max = 1024 | th_width =   32
ggml_metal_init: loaded kernel_rope_norm_f16                          0x14203ac80 | th_max = 1024 | th_width =   32
ggml_metal_init: loaded kernel_rope_neox_f32                          0x14203b1d0 | th_max = 1024 | th_width =   32
ggml_metal_init: loaded kernel_rope_neox_f16                          0x14203b720 | th_max = 1024 | th_width =   32
ggml_metal_init: loaded kernel_im2col_f16                             0x14203b9e0 | th_max = 1024 | th_width =   32
ggml_metal_init: loaded kernel_im2col_f32                             0x14203bff0 | th_max = 1024 | th_width =   32
ggml_metal_init: loaded kernel_im2col_ext_f16                         0x14203c600 | th_max = 1024 | th_width =   32
ggml_metal_init: loaded kernel_im2col_ext_f32                         0x14203cc10 | th_max = 1024 | th_width =   32
ggml_metal_init: loaded kernel_upscale_f32                            0x14203d220 | th_max = 1024 | th_width =   32
ggml_metal_init: loaded kernel_pad_f32                                0x14203d830 | th_max = 1024 | th_width =   32
ggml_metal_init: loaded kernel_timestep_embedding_f32                 0x14203e020 | th_max = 1024 | th_width =   32
ggml_metal_init: loaded kernel_arange_f32                             0x14203e4c0 | th_max = 1024 | th_width =   32
ggml_metal_init: loaded kernel_argsort_f32_i32_asc                    0x14203e960 | th_max = 1024 | th_width =   32
ggml_metal_init: loaded kernel_argsort_f32_i32_desc                   0x14203ee00 | th_max = 1024 | th_width =   32
ggml_metal_init: loaded kernel_leaky_relu_f32                         0x14203f5b0 | th_max = 1024 | th_width =   32
ggml_metal_init: loaded kernel_flash_attn_ext_f16_h64                 0x14203fb00 | th_max = 1024 | th_width =   32
ggml_metal_init: loaded kernel_flash_attn_ext_f16_h80                 0x142040050 | th_max = 1024 | th_width =   32
ggml_metal_init: loaded kernel_flash_attn_ext_f16_h96                 0x1420405a0 | th_max = 1024 | th_width =   32
ggml_metal_init: loaded kernel_flash_attn_ext_f16_h112                0x142040af0 | th_max = 1024 | th_width =   32
ggml_metal_init: loaded kernel_flash_attn_ext_f16_h128                0x142041040 | th_max = 1024 | th_width =   32
ggml_metal_init: loaded kernel_flash_attn_ext_f16_h256                0x142041590 | th_max = 1024 | th_width =   32
ggml_metal_init: loaded kernel_flash_attn_ext_bf16_h64                0x142041ae0 | th_max = 1024 | th_width =   32
ggml_metal_init: loaded kernel_flash_attn_ext_bf16_h80                0x142042030 | th_max = 1024 | th_width =   32
ggml_metal_init: loaded kernel_flash_attn_ext_bf16_h96                0x142042580 | th_max = 1024 | th_width =   32
ggml_metal_init: loaded kernel_flash_attn_ext_bf16_h112               0x142042ad0 | th_max = 1024 | th_width =   32
ggml_metal_init: loaded kernel_flash_attn_ext_bf16_h128               0x142043020 | th_max = 1024 | th_width =   32
ggml_metal_init: loaded kernel_flash_attn_ext_bf16_h256               0x142043570 | th_max = 1024 | th_width =   32
ggml_metal_init: loaded kernel_flash_attn_ext_q4_0_h64                0x142043ac0 | th_max = 1024 | th_width =   32
ggml_metal_init: loaded kernel_flash_attn_ext_q4_0_h80                0x142044010 | th_max = 1024 | th_width =   32
ggml_metal_init: loaded kernel_flash_attn_ext_q4_0_h96                0x142044560 | th_max = 1024 | th_width =   32
ggml_metal_init: loaded kernel_flash_attn_ext_q4_0_h112               0x142044ab0 | th_max = 1024 | th_width =   32
ggml_metal_init: loaded kernel_flash_attn_ext_q4_0_h128               0x142045000 | th_max = 1024 | th_width =   32
ggml_metal_init: loaded kernel_flash_attn_ext_q4_0_h256               0x142045550 | th_max = 1024 | th_width =   32
ggml_metal_init: loaded kernel_flash_attn_ext_q4_1_h64                0x142045aa0 | th_max = 1024 | th_width =   32
ggml_metal_init: loaded kernel_flash_attn_ext_q4_1_h80                0x142045ff0 | th_max = 1024 | th_width =   32
ggml_metal_init: loaded kernel_flash_attn_ext_q4_1_h96                0x142046540 | th_max = 1024 | th_width =   32
ggml_metal_init: loaded kernel_flash_attn_ext_q4_1_h112               0x142046a90 | th_max = 1024 | th_width =   32
ggml_metal_init: loaded kernel_flash_attn_ext_q4_1_h128               0x142046fe0 | th_max = 1024 | th_width =   32
ggml_metal_init: loaded kernel_flash_attn_ext_q4_1_h256               0x142047530 | th_max = 1024 | th_width =   32
ggml_metal_init: loaded kernel_flash_attn_ext_q5_0_h64                0x142047a80 | th_max = 1024 | th_width =   32
ggml_metal_init: loaded kernel_flash_attn_ext_q5_0_h80                0x142047fd0 | th_max = 1024 | th_width =   32
ggml_metal_init: loaded kernel_flash_attn_ext_q5_0_h96                0x142048520 | th_max = 1024 | th_width =   32
ggml_metal_init: loaded kernel_flash_attn_ext_q5_0_h112               0x142048a70 | th_max = 1024 | th_width =   32
ggml_metal_init: loaded kernel_flash_attn_ext_q5_0_h128               0x142048fc0 | th_max = 1024 | th_width =   32
ggml_metal_init: loaded kernel_flash_attn_ext_q5_0_h256               0x142049510 | th_max = 1024 | th_width =   32
ggml_metal_init: loaded kernel_flash_attn_ext_q5_1_h64                0x142049a60 | th_max = 1024 | th_width =   32
ggml_metal_init: loaded kernel_flash_attn_ext_q5_1_h80                0x142049fb0 | th_max = 1024 | th_width =   32
ggml_metal_init: loaded kernel_flash_attn_ext_q5_1_h96                0x14204a500 | th_max = 1024 | th_width =   32
ggml_metal_init: loaded kernel_flash_attn_ext_q5_1_h112               0x140f04ef0 | th_max = 1024 | th_width =   32
ggml_metal_init: loaded kernel_flash_attn_ext_q5_1_h128               0x140f05360 | th_max = 1024 | th_width =   32
ggml_metal_init: loaded kernel_flash_attn_ext_q5_1_h256               0x140f057d0 | th_max = 1024 | th_width =   32
ggml_metal_init: loaded kernel_flash_attn_ext_q8_0_h64                0x140f05c40 | th_max = 1024 | th_width =   32
ggml_metal_init: loaded kernel_flash_attn_ext_q8_0_h80                0x140f060b0 | th_max = 1024 | th_width =   32
ggml_metal_init: loaded kernel_flash_attn_ext_q8_0_h96                0x140f06910 | th_max = 1024 | th_width =   32
ggml_metal_init: loaded kernel_flash_attn_ext_q8_0_h112               0x140f06e60 | th_max = 1024 | th_width =   32
ggml_metal_init: loaded kernel_flash_attn_ext_q8_0_h128               0x140f07410 | th_max = 1024 | th_width =   32
ggml_metal_init: loaded kernel_flash_attn_ext_q8_0_h256               0x140f079c0 | th_max = 1024 | th_width =   32
ggml_metal_init: loaded kernel_flash_attn_ext_vec_f16_h128            0x140f07f70 | th_max = 1024 | th_width =   32
ggml_metal_init: loaded kernel_flash_attn_ext_vec_bf16_h128           0x140f08520 | th_max = 1024 | th_width =   32
ggml_metal_init: loaded kernel_flash_attn_ext_vec_q4_0_h128           0x140f08ad0 | th_max = 1024 | th_width =   32
ggml_metal_init: loaded kernel_flash_attn_ext_vec_q4_1_h128           0x140f09080 | th_max = 1024 | th_width =   32
ggml_metal_init: loaded kernel_flash_attn_ext_vec_q5_0_h128           0x140f09630 | th_max = 1024 | th_width =   32
ggml_metal_init: loaded kernel_flash_attn_ext_vec_q5_1_h128           0x140f09be0 | th_max = 1024 | th_width =   32
ggml_metal_init: loaded kernel_flash_attn_ext_vec_q8_0_h128           0x140f0a190 | th_max = 1024 | th_width =   32
ggml_metal_init: loaded kernel_flash_attn_ext_vec_f16_h256            0x140f0a740 | th_max = 1024 | th_width =   32
ggml_metal_init: loaded kernel_flash_attn_ext_vec_bf16_h256           0x140f0acf0 | th_max = 1024 | th_width =   32
ggml_metal_init: loaded kernel_flash_attn_ext_vec_q4_0_h256           0x140f0b2a0 | th_max = 1024 | th_width =   32
ggml_metal_init: loaded kernel_flash_attn_ext_vec_q4_1_h256           0x140f0b850 | th_max = 1024 | th_width =   32
ggml_metal_init: loaded kernel_flash_attn_ext_vec_q5_0_h256           0x140f0be00 | th_max = 1024 | th_width =   32
ggml_metal_init: loaded kernel_flash_attn_ext_vec_q5_1_h256           0x140f0c3b0 | th_max = 1024 | th_width =   32
ggml_metal_init: loaded kernel_flash_attn_ext_vec_q8_0_h256           0x140f0c960 | th_max = 1024 | th_width =   32
ggml_metal_init: loaded kernel_cpy_f32_f32                            0x140f0cf10 | th_max = 1024 | th_width =   32
ggml_metal_init: loaded kernel_cpy_f32_f16                            0x140f0d410 | th_max = 1024 | th_width =   32
ggml_metal_init: loaded kernel_cpy_f32_bf16                           0x140f0d910 | th_max = 1024 | th_width =   32
ggml_metal_init: loaded kernel_cpy_f16_f32                            0x140f0de10 | th_max = 1024 | th_width =   32
ggml_metal_init: loaded kernel_cpy_f16_f16                            0x140f0e310 | th_max = 1024 | th_width =   32
ggml_metal_init: loaded kernel_cpy_bf16_f32                           0x140f0e810 | th_max = 1024 | th_width =   32
ggml_metal_init: loaded kernel_cpy_bf16_bf16                          0x140f0ed10 | th_max = 1024 | th_width =   32
ggml_metal_init: loaded kernel_cpy_f32_q8_0                           0x140f0f210 | th_max = 1024 | th_width =   32
ggml_metal_init: loaded kernel_cpy_f32_q4_0                           0x140f0f710 | th_max = 1024 | th_width =   32
ggml_metal_init: loaded kernel_cpy_f32_q4_1                           0x140f0fc10 | th_max = 1024 | th_width =   32
ggml_metal_init: loaded kernel_cpy_f32_q5_0                           0x140f10110 | th_max = 1024 | th_width =   32
ggml_metal_init: loaded kernel_cpy_f32_q5_1                           0x140f10610 | th_max = 1024 | th_width =   32
ggml_metal_init: loaded kernel_cpy_f32_iq4_nl                         0x140f10b10 | th_max = 1024 | th_width =   32
ggml_metal_init: loaded kernel_concat                                 0x140f11010 | th_max = 1024 | th_width =   32
ggml_metal_init: loaded kernel_sqr                                    0x140f11a20 | th_max = 1024 | th_width =   32
ggml_metal_init: loaded kernel_sqrt                                   0x140f12140 | th_max = 1024 | th_width =   32
ggml_metal_init: loaded kernel_sin                                    0x140f12860 | th_max = 1024 | th_width =   32
ggml_metal_init: loaded kernel_cos                                    0x140f12f80 | th_max = 1024 | th_width =   32
ggml_metal_init: loaded kernel_sum_rows                               0x140f13240 | th_max = 1024 | th_width =   32
ggml_metal_init: loaded kernel_pool_2d_avg_f32                        0x140f13850 | th_max = 1024 | th_width =   32
ggml_metal_init: loaded kernel_pool_2d_max_f32                        0x140f13e60 | th_max = 1024 | th_width =   32
Testing 3 devices

Backend 1/3: Metal
  Device description: Apple M4
  Device memory: 10922 MB (10916 MB free)

  ABS(type=f32,ne_a=[128,2,2,2],v=0): not supported [Metal] 
  ABS(type=f32,ne_a=[5,7,11,13],v=0): not supported [Metal] 
  SGN(type=f32,ne_a=[128,2,2,2],v=0): not supported [Metal] 
  SGN(type=f32,ne_a=[5,7,11,13],v=0): not supported [Metal] 
  NEG(type=f32,ne_a=[128,2,2,2],v=0): not supported [Metal] 
  NEG(type=f32,ne_a=[5,7,11,13],v=0): not supported [Metal] 
  STEP(type=f32,ne_a=[128,2,2,2],v=0): not supported [Metal] 
  STEP(type=f32,ne_a=[5,7,11,13],v=0): not supported [Metal] 
  TANH(type=f32,ne_a=[128,2,2,2],v=0): [1;32mOK[0m
  TANH(type=f32,ne_a=[5,7,11,13],v=0): [1;32mOK[0m
  ELU(type=f32,ne_a=[128,2,2,2],v=0): [1;32mOK[0m
  ELU(type=f32,ne_a=[5,7,11,13],v=0): [1;32mOK[0m
  RELU(type=f32,ne_a=[128,2,2,2],v=0): [1;32mOK[0m
  RELU(type=f32,ne_a=[5,7,11,13],v=0): [1;32mOK[0m
  SIGMOID(type=f32,ne_a=[128,2,2,2],v=0): [1;32mOK[0m
  SIGMOID(type=f32,ne_a=[5,7,11,13],v=0): [1;32mOK[0m
  GELU(type=f32,ne_a=[128,2,2,2],v=0): [1;32mOK[0m
  GELU(type=f32,ne_a=[5,7,11,13],v=0): [1;32mOK[0m
  GELU_QUICK(type=f32,ne_a=[128,2,2,2],v=0): [1;32mOK[0m
  GELU_QUICK(type=f32,ne_a=[5,7,11,13],v=0): [1;32mOK[0m
  SILU(type=f32,ne_a=[128,2,2,2],v=0): [1;32mOK[0m
  SILU(type=f32,ne_a=[5,7,11,13],v=0): [1;32mOK[0m
  HARDSWISH(type=f32,ne_a=[128,2,2,2],v=0): not supported [Metal] 
  HARDSWISH(type=f32,ne_a=[5,7,11,13],v=0): not supported [Metal] 
  HARDSIGMOID(type=f32,ne_a=[128,2,2,2],v=0): not supported [Metal] 
  HARDSIGMOID(type=f32,ne_a=[5,7,11,13],v=0): not supported [Metal] 
  EXP(type=f32,ne_a=[128,2,2,2],v=0): not supported [Metal] 
  EXP(type=f32,ne_a=[5,7,11,13],v=0): not supported [Metal] 
  ABS(type=f32,ne_a=[128,2,2,2],v=1): not supported [Metal] 
  ABS(type=f32,ne_a=[5,7,11,13],v=1): not supported [Metal] 
  SGN(type=f32,ne_a=[128,2,2,2],v=1): not supported [Metal] 
  SGN(type=f32,ne_a=[5,7,11,13],v=1): not supported [Metal] 
  NEG(type=f32,ne_a=[128,2,2,2],v=1): not supported [Metal] 
  NEG(type=f32,ne_a=[5,7,11,13],v=1): not supported [Metal] 
  STEP(type=f32,ne_a=[128,2,2,2],v=1): not supported [Metal] 
  STEP(type=f32,ne_a=[5,7,11,13],v=1): not supported [Metal] 
  TANH(type=f32,ne_a=[128,2,2,2],v=1): not supported [Metal] 
  TANH(type=f32,ne_a=[5,7,11,13],v=1): not supported [Metal] 
  ELU(type=f32,ne_a=[128,2,2,2],v=1): not supported [Metal] 
  ELU(type=f32,ne_a=[5,7,11,13],v=1): not supported [Metal] 
  RELU(type=f32,ne_a=[128,2,2,2],v=1): not supported [Metal] 
  RELU(type=f32,ne_a=[5,7,11,13],v=1): not supported [Metal] 
  SIGMOID(type=f32,ne_a=[128,2,2,2],v=1): not supported [Metal] 
  SIGMOID(type=f32,ne_a=[5,7,11,13],v=1): not supported [Metal] 
  GELU(type=f32,ne_a=[128,2,2,2],v=1): not supported [Metal] 
  GELU(type=f32,ne_a=[5,7,11,13],v=1): not supported [Metal] 
  GELU_QUICK(type=f32,ne_a=[128,2,2,2],v=1): not supported [Metal] 
  GELU_QUICK(type=f32,ne_a=[5,7,11,13],v=1): not supported [Metal] 
  SILU(type=f32,ne_a=[128,2,2,2],v=1): not supported [Metal] 
  SILU(type=f32,ne_a=[5,7,11,13],v=1): not supported [Metal] 
  HARDSWISH(type=f32,ne_a=[128,2,2,2],v=1): not supported [Metal] 
  HARDSWISH(type=f32,ne_a=[5,7,11,13],v=1): not supported [Metal] 
  HARDSIGMOID(type=f32,ne_a=[128,2,2,2],v=1): not supported [Metal] 
  HARDSIGMOID(type=f32,ne_a=[5,7,11,13],v=1): not supported [Metal] 
  EXP(type=f32,ne_a=[128,2,2,2],v=1): not supported [Metal] 
  EXP(type=f32,ne_a=[5,7,11,13],v=1): not supported [Metal] 
  GET_ROWS(type=f32,n=1,m=8,r=2,b=1,v=0): [1;32mOK[0m
  GET_ROWS(type=f32,n=256,m=5,r=4,b=1,v=0): [1;32mOK[0m
  GET_ROWS(type=f32,n=256,m=5,r=4,b=1,v=1): [1;32mOK[0m
  GET_ROWS(type=f32,n=256,m=5,r=4,b=7,v=0): [1;32mOK[0m
  GET_ROWS(type=f32,n=256,m=5,r=4,b=7,v=1): [1;32mOK[0m
  GET_ROWS(type=f16,n=256,m=5,r=4,b=1,v=0): [1;32mOK[0m
  GET_ROWS(type=f16,n=256,m=5,r=4,b=1,v=1): [1;32mOK[0m
  GET_ROWS(type=f16,n=256,m=5,r=4,b=7,v=0): [1;32mOK[0m
  GET_ROWS(type=f16,n=256,m=5,r=4,b=7,v=1): [1;32mOK[0m
  GET_ROWS(type=bf16,n=256,m=5,r=4,b=1,v=0): [1;32mOK[0m
  GET_ROWS(type=bf16,n=256,m=5,r=4,b=1,v=1): [1;32mOK[0m
  GET_ROWS(type=bf16,n=256,m=5,r=4,b=7,v=0): [1;32mOK[0m
  GET_ROWS(type=bf16,n=256,m=5,r=4,b=7,v=1): [1;32mOK[0m
  GET_ROWS(type=q4_0,n=256,m=5,r=4,b=1,v=0): [1;32mOK[0m
  GET_ROWS(type=q4_0,n=256,m=5,r=4,b=1,v=1): [1;32mOK[0m
  GET_ROWS(type=q4_0,n=256,m=5,r=4,b=7,v=0): [1;32mOK[0m
  GET_ROWS(type=q4_0,n=256,m=5,r=4,b=7,v=1): [1;32mOK[0m
  GET_ROWS(type=q4_1,n=256,m=5,r=4,b=1,v=0): [1;32mOK[0m
  GET_ROWS(type=q4_1,n=256,m=5,r=4,b=1,v=1): [1;32mOK[0m
  GET_ROWS(type=q4_1,n=256,m=5,r=4,b=7,v=0): [1;32mOK[0m
  GET_ROWS(type=q4_1,n=256,m=5,r=4,b=7,v=1): [1;32mOK[0m
  GET_ROWS(type=q5_0,n=256,m=5,r=4,b=1,v=0): [1;32mOK[0m
  GET_ROWS(type=q5_0,n=256,m=5,r=4,b=1,v=1): [1;32mOK[0m
  GET_ROWS(type=q5_0,n=256,m=5,r=4,b=7,v=0): [1;32mOK[0m
  GET_ROWS(type=q5_0,n=256,m=5,r=4,b=7,v=1): [1;32mOK[0m
  GET_ROWS(type=q5_1,n=256,m=5,r=4,b=1,v=0): [1;32mOK[0m
  GET_ROWS(type=q5_1,n=256,m=5,r=4,b=1,v=1): [1;32mOK[0m
  GET_ROWS(type=q5_1,n=256,m=5,r=4,b=7,v=0): [1;32mOK[0m
  GET_ROWS(type=q5_1,n=256,m=5,r=4,b=7,v=1): [1;32mOK[0m
  GET_ROWS(type=q8_0,n=256,m=5,r=4,b=1,v=0): [1;32mOK[0m
  GET_ROWS(type=q8_0,n=256,m=5,r=4,b=1,v=1): [1;32mOK[0m
  GET_ROWS(type=q8_0,n=256,m=5,r=4,b=7,v=0): [1;32mOK[0m
  GET_ROWS(type=q8_0,n=256,m=5,r=4,b=7,v=1): [1;32mOK[0m
  GET_ROWS(type=q2_K,n=256,m=5,r=4,b=1,v=0): [1;32mOK[0m
  GET_ROWS(type=q2_K,n=256,m=5,r=4,b=1,v=1): [1;32mOK[0m
  GET_ROWS(type=q2_K,n=256,m=5,r=4,b=7,v=0): [1;32mOK[0m
  GET_ROWS(type=q2_K,n=256,m=5,r=4,b=7,v=1): [1;32mOK[0m
  GET_ROWS(type=q3_K,n=256,m=5,r=4,b=1,v=0): [1;32mOK[0m
  GET_ROWS(type=q3_K,n=256,m=5,r=4,b=1,v=1): [1;32mOK[0m
  GET_ROWS(type=q3_K,n=256,m=5,r=4,b=7,v=0): [1;32mOK[0m
  GET_ROWS(type=q3_K,n=256,m=5,r=4,b=7,v=1): [1;32mOK[0m
  GET_ROWS(type=q4_K,n=256,m=5,r=4,b=1,v=0): [1;32mOK[0m
  GET_ROWS(type=q4_K,n=256,m=5,r=4,b=1,v=1): [1;32mOK[0m
  GET_ROWS(type=q4_K,n=256,m=5,r=4,b=7,v=0): [1;32mOK[0m
  GET_ROWS(type=q4_K,n=256,m=5,r=4,b=7,v=1): [1;32mOK[0m
  GET_ROWS(type=q5_K,n=256,m=5,r=4,b=1,v=0): [1;32mOK[0m
  GET_ROWS(type=q5_K,n=256,m=5,r=4,b=1,v=1): [1;32mOK[0m
  GET_ROWS(type=q5_K,n=256,m=5,r=4,b=7,v=0): [1;32mOK[0m
  GET_ROWS(type=q5_K,n=256,m=5,r=4,b=7,v=1): [1;32mOK[0m
  GET_ROWS(type=q6_K,n=256,m=5,r=4,b=1,v=0): [1;32mOK[0m
  GET_ROWS(type=q6_K,n=256,m=5,r=4,b=1,v=1): [1;32mOK[0m
  GET_ROWS(type=q6_K,n=256,m=5,r=4,b=7,v=0): [1;32mOK[0m
  GET_ROWS(type=q6_K,n=256,m=5,r=4,b=7,v=1): [1;32mOK[0m
  GET_ROWS(type=iq2_xxs,n=256,m=5,r=4,b=1,v=0): [1;32mOK[0m
  GET_ROWS(type=iq2_xxs,n=256,m=5,r=4,b=1,v=1): [1;32mOK[0m
  GET_ROWS(type=iq2_xxs,n=256,m=5,r=4,b=7,v=0): [1;32mOK[0m
  GET_ROWS(type=iq2_xxs,n=256,m=5,r=4,b=7,v=1): [1;32mOK[0m
  GET_ROWS(type=iq2_xs,n=256,m=5,r=4,b=1,v=0): [1;32mOK[0m
  GET_ROWS(type=iq2_xs,n=256,m=5,r=4,b=1,v=1): [1;32mOK[0m
  GET_ROWS(type=iq2_xs,n=256,m=5,r=4,b=7,v=0): [1;32mOK[0m
  GET_ROWS(type=iq2_xs,n=256,m=5,r=4,b=7,v=1): [1;32mOK[0m
  GET_ROWS(type=iq2_s,n=256,m=5,r=4,b=1,v=0): [1;32mOK[0m
  GET_ROWS(type=iq2_s,n=256,m=5,r=4,b=1,v=1): [1;32mOK[0m
  GET_ROWS(type=iq2_s,n=256,m=5,r=4,b=7,v=0): [1;32mOK[0m
  GET_ROWS(type=iq2_s,n=256,m=5,r=4,b=7,v=1): [1;32mOK[0m
  GET_ROWS(type=iq3_xxs,n=256,m=5,r=4,b=1,v=0): [1;32mOK[0m
  GET_ROWS(type=iq3_xxs,n=256,m=5,r=4,b=1,v=1): [1;32mOK[0m
  GET_ROWS(type=iq3_xxs,n=256,m=5,r=4,b=7,v=0): [1;32mOK[0m
  GET_ROWS(type=iq3_xxs,n=256,m=5,r=4,b=7,v=1): [1;32mOK[0m
  GET_ROWS(type=iq1_s,n=256,m=5,r=4,b=1,v=0): [1;32mOK[0m
  GET_ROWS(type=iq1_s,n=256,m=5,r=4,b=1,v=1): [1;32mOK[0m
  GET_ROWS(type=iq1_s,n=256,m=5,r=4,b=7,v=0): [1;32mOK[0m
  GET_ROWS(type=iq1_s,n=256,m=5,r=4,b=7,v=1): [1;32mOK[0m
  GET_ROWS(type=iq1_m,n=256,m=5,r=4,b=1,v=0): [1;32mOK[0m
  GET_ROWS(type=iq1_m,n=256,m=5,r=4,b=1,v=1): [1;32mOK[0m
  GET_ROWS(type=iq1_m,n=256,m=5,r=4,b=7,v=0): [1;32mOK[0m
  GET_ROWS(type=iq1_m,n=256,m=5,r=4,b=7,v=1): [1;32mOK[0m
  GET_ROWS(type=iq4_nl,n=256,m=5,r=4,b=1,v=0): [1;32mOK[0m
  GET_ROWS(type=iq4_nl,n=256,m=5,r=4,b=1,v=1): [1;32mOK[0m
  GET_ROWS(type=iq4_nl,n=256,m=5,r=4,b=7,v=0): [1;32mOK[0m
  GET_ROWS(type=iq4_nl,n=256,m=5,r=4,b=7,v=1): [1;32mOK[0m
  GET_ROWS(type=iq3_s,n=256,m=5,r=4,b=1,v=0): [1;32mOK[0m
  GET_ROWS(type=iq3_s,n=256,m=5,r=4,b=1,v=1): [1;32mOK[0m
  GET_ROWS(type=iq3_s,n=256,m=5,r=4,b=7,v=0): [1;32mOK[0m
  GET_ROWS(type=iq3_s,n=256,m=5,r=4,b=7,v=1): [1;32mOK[0m
  GET_ROWS(type=iq4_xs,n=256,m=5,r=4,b=1,v=0): [1;32mOK[0m
  GET_ROWS(type=iq4_xs,n=256,m=5,r=4,b=1,v=1): [1;32mOK[0m
  GET_ROWS(type=iq4_xs,n=256,m=5,r=4,b=7,v=0): [1;32mOK[0m
  GET_ROWS(type=iq4_xs,n=256,m=5,r=4,b=7,v=1): [1;32mOK[0m
  GET_ROWS(type=i32,n=256,m=5,r=4,b=1,v=0): [1;32mOK[0m
  GET_ROWS(type=i32,n=256,m=5,r=4,b=1,v=1): [1;32mOK[0m
  GET_ROWS(type=i32,n=256,m=5,r=4,b=7,v=0): [1;32mOK[0m
  GET_ROWS(type=i32,n=256,m=5,r=4,b=7,v=1): [1;32mOK[0m
  POOL_2D(pool_type=avg,type_input=f32,ne_input=[10,10,3,1],k0=1,k1=1,s0=1,s1=1,p0=0,p1=0): [1;32mOK[0m
  POOL_2D(pool_type=avg,type_input=f32,ne_input=[10,10,3,1],k0=1,k1=1,s0=1,s1=1,p0=0,p1=1): [1;32mOK[0m
  POOL_2D(pool_type=avg,type_input=f32,ne_input=[10,10,3,1],k0=1,k1=1,s0=1,s1=1,p0=1,p1=0): [1;32mOK[0m
  POOL_2D(pool_type=avg,type_input=f32,ne_input=[10,10,3,1],k0=1,k1=1,s0=1,s1=1,p0=1,p1=1): [1;32mOK[0m
  POOL_2D(pool_type=avg,type_input=f32,ne_input=[10,10,3,1],k0=1,k1=1,s0=1,s1=2,p0=0,p1=0): [1;32mOK[0m
  POOL_2D(pool_type=avg,type_input=f32,ne_input=[10,10,3,1],k0=1,k1=1,s0=1,s1=2,p0=0,p1=1): [1;32mOK[0m
  POOL_2D(pool_type=avg,type_input=f32,ne_input=[10,10,3,1],k0=1,k1=1,s0=1,s1=2,p0=1,p1=0): [1;32mOK[0m
  POOL_2D(pool_type=avg,type_input=f32,ne_input=[10,10,3,1],k0=1,k1=1,s0=1,s1=2,p0=1,p1=1): [1;32mOK[0m
  POOL_2D(pool_type=avg,type_input=f32,ne_input=[10,10,3,1],k0=1,k1=1,s0=2,s1=1,p0=0,p1=0): [1;32mOK[0m
  POOL_2D(pool_type=avg,type_input=f32,ne_input=[10,10,3,1],k0=1,k1=1,s0=2,s1=1,p0=0,p1=1): [1;32mOK[0m
  POOL_2D(pool_type=avg,type_input=f32,ne_input=[10,10,3,1],k0=1,k1=1,s0=2,s1=1,p0=1,p1=0): [1;32mOK[0m
  POOL_2D(pool_type=avg,type_input=f32,ne_input=[10,10,3,1],k0=1,k1=1,s0=2,s1=1,p0=1,p1=1): [1;32mOK[0m
  POOL_2D(pool_type=avg,type_input=f32,ne_input=[10,10,3,1],k0=1,k1=1,s0=2,s1=2,p0=0,p1=0): [1;32mOK[0m
  POOL_2D(pool_type=avg,type_input=f32,ne_input=[10,10,3,1],k0=1,k1=1,s0=2,s1=2,p0=0,p1=1): [1;32mOK[0m
  POOL_2D(pool_type=avg,type_input=f32,ne_input=[10,10,3,1],k0=1,k1=1,s0=2,s1=2,p0=1,p1=0): [1;32mOK[0m
  POOL_2D(pool_type=avg,type_input=f32,ne_input=[10,10,3,1],k0=1,k1=1,s0=2,s1=2,p0=1,p1=1): [1;32mOK[0m
  POOL_2D(pool_type=avg,type_input=f32,ne_input=[10,10,3,1],k0=1,k1=3,s0=1,s1=1,p0=0,p1=0): [1;32mOK[0m
  POOL_2D(pool_type=avg,type_input=f32,ne_input=[10,10,3,1],k0=1,k1=3,s0=1,s1=1,p0=0,p1=1): [1;32mOK[0m
  POOL_2D(pool_type=avg,type_input=f32,ne_input=[10,10,3,1],k0=1,k1=3,s0=1,s1=1,p0=1,p1=0): [1;32mOK[0m
  POOL_2D(pool_type=avg,type_input=f32,ne_input=[10,10,3,1],k0=1,k1=3,s0=1,s1=1,p0=1,p1=1): [1;32mOK[0m
  POOL_2D(pool_type=avg,type_input=f32,ne_input=[10,10,3,1],k0=1,k1=3,s0=1,s1=2,p0=0,p1=0): [1;32mOK[0m
  POOL_2D(pool_type=avg,type_input=f32,ne_input=[10,10,3,1],k0=1,k1=3,s0=1,s1=2,p0=0,p1=1): [1;32mOK[0m
  POOL_2D(pool_type=avg,type_input=f32,ne_input=[10,10,3,1],k0=1,k1=3,s0=1,s1=2,p0=1,p1=0): [1;32mOK[0m
  POOL_2D(pool_type=avg,type_input=f32,ne_input=[10,10,3,1],k0=1,k1=3,s0=1,s1=2,p0=1,p1=1): [1;32mOK[0m
  POOL_2D(pool_type=avg,type_input=f32,ne_input=[10,10,3,1],k0=1,k1=3,s0=2,s1=1,p0=0,p1=0): [1;32mOK[0m
  POOL_2D(pool_type=avg,type_input=f32,ne_input=[10,10,3,1],k0=1,k1=3,s0=2,s1=1,p0=0,p1=1): [1;32mOK[0m
  POOL_2D(pool_type=avg,type_input=f32,ne_input=[10,10,3,1],k0=1,k1=3,s0=2,s1=1,p0=1,p1=0): [1;32mOK[0m
  POOL_2D(pool_type=avg,type_input=f32,ne_input=[10,10,3,1],k0=1,k1=3,s0=2,s1=1,p0=1,p1=1): [1;32mOK[0m
  POOL_2D(pool_type=avg,type_input=f32,ne_input=[10,10,3,1],k0=1,k1=3,s0=2,s1=2,p0=0,p1=0): [1;32mOK[0m
  POOL_2D(pool_type=avg,type_input=f32,ne_input=[10,10,3,1],k0=1,k1=3,s0=2,s1=2,p0=0,p1=1): [1;32mOK[0m
  POOL_2D(pool_type=avg,type_input=f32,ne_input=[10,10,3,1],k0=1,k1=3,s0=2,s1=2,p0=1,p1=0): [1;32mOK[0m
  POOL_2D(pool_type=avg,type_input=f32,ne_input=[10,10,3,1],k0=1,k1=3,s0=2,s1=2,p0=1,p1=1): [1;32mOK[0m
  POOL_2D(pool_type=avg,type_input=f32,ne_input=[10,10,3,1],k0=3,k1=1,s0=1,s1=1,p0=0,p1=0): [1;32mOK[0m
  POOL_2D(pool_type=avg,type_input=f32,ne_input=[10,10,3,1],k0=3,k1=1,s0=1,s1=1,p0=0,p1=1): [1;32mOK[0m
  POOL_2D(pool_type=avg,type_input=f32,ne_input=[10,10,3,1],k0=3,k1=1,s0=1,s1=1,p0=1,p1=0): [1;32mOK[0m
  POOL_2D(pool_type=avg,type_input=f32,ne_input=[10,10,3,1],k0=3,k1=1,s0=1,s1=1,p0=1,p1=1): [1;32mOK[0m
  POOL_2D(pool_type=avg,type_input=f32,ne_input=[10,10,3,1],k0=3,k1=1,s0=1,s1=2,p0=0,p1=0): [1;32mOK[0m
  POOL_2D(pool_type=avg,type_input=f32,ne_input=[10,10,3,1],k0=3,k1=1,s0=1,s1=2,p0=0,p1=1): [1;32mOK[0m
  POOL_2D(pool_type=avg,type_input=f32,ne_input=[10,10,3,1],k0=3,k1=1,s0=1,s1=2,p0=1,p1=0): [1;32mOK[0m
  POOL_2D(pool_type=avg,type_input=f32,ne_input=[10,10,3,1],k0=3,k1=1,s0=1,s1=2,p0=1,p1=1): [1;32mOK[0m
  POOL_2D(pool_type=avg,type_input=f32,ne_input=[10,10,3,1],k0=3,k1=1,s0=2,s1=1,p0=0,p1=0): [1;32mOK[0m
  POOL_2D(pool_type=avg,type_input=f32,ne_input=[10,10,3,1],k0=3,k1=1,s0=2,s1=1,p0=0,p1=1): [1;32mOK[0m
  POOL_2D(pool_type=avg,type_input=f32,ne_input=[10,10,3,1],k0=3,k1=1,s0=2,s1=1,p0=1,p1=0): [1;32mOK[0m
  POOL_2D(pool_type=avg,type_input=f32,ne_input=[10,10,3,1],k0=3,k1=1,s0=2,s1=1,p0=1,p1=1): [1;32mOK[0m
  POOL_2D(pool_type=avg,type_input=f32,ne_input=[10,10,3,1],k0=3,k1=1,s0=2,s1=2,p0=0,p1=0): [1;32mOK[0m
  POOL_2D(pool_type=avg,type_input=f32,ne_input=[10,10,3,1],k0=3,k1=1,s0=2,s1=2,p0=0,p1=1): [1;32mOK[0m
  POOL_2D(pool_type=avg,type_input=f32,ne_input=[10,10,3,1],k0=3,k1=1,s0=2,s1=2,p0=1,p1=0): [1;32mOK[0m
  POOL_2D(pool_type=avg,type_input=f32,ne_input=[10,10,3,1],k0=3,k1=1,s0=2,s1=2,p0=1,p1=1): [1;32mOK[0m
  POOL_2D(pool_type=avg,type_input=f32,ne_input=[10,10,3,1],k0=3,k1=3,s0=1,s1=1,p0=0,p1=0): [1;32mOK[0m
  POOL_2D(pool_type=avg,type_input=f32,ne_input=[10,10,3,1],k0=3,k1=3,s0=1,s1=1,p0=0,p1=1): [1;32mOK[0m
  POOL_2D(pool_type=avg,type_input=f32,ne_input=[10,10,3,1],k0=3,k1=3,s0=1,s1=1,p0=1,p1=0): [1;32mOK[0m
  POOL_2D(pool_type=avg,type_input=f32,ne_input=[10,10,3,1],k0=3,k1=3,s0=1,s1=1,p0=1,p1=1): [1;32mOK[0m
  POOL_2D(pool_type=avg,type_input=f32,ne_input=[10,10,3,1],k0=3,k1=3,s0=1,s1=2,p0=0,p1=0): [1;32mOK[0m
  POOL_2D(pool_type=avg,type_input=f32,ne_input=[10,10,3,1],k0=3,k1=3,s0=1,s1=2,p0=0,p1=1): [1;32mOK[0m
  POOL_2D(pool_type=avg,type_input=f32,ne_input=[10,10,3,1],k0=3,k1=3,s0=1,s1=2,p0=1,p1=0): [1;32mOK[0m
  POOL_2D(pool_type=avg,type_input=f32,ne_input=[10,10,3,1],k0=3,k1=3,s0=1,s1=2,p0=1,p1=1): [1;32mOK[0m
  POOL_2D(pool_type=avg,type_input=f32,ne_input=[10,10,3,1],k0=3,k1=3,s0=2,s1=1,p0=0,p1=0): [1;32mOK[0m
  POOL_2D(pool_type=avg,type_input=f32,ne_input=[10,10,3,1],k0=3,k1=3,s0=2,s1=1,p0=0,p1=1): [1;32mOK[0m
  POOL_2D(pool_type=avg,type_input=f32,ne_input=[10,10,3,1],k0=3,k1=3,s0=2,s1=1,p0=1,p1=0): [1;32mOK[0m
  POOL_2D(pool_type=avg,type_input=f32,ne_input=[10,10,3,1],k0=3,k1=3,s0=2,s1=1,p0=1,p1=1): [1;32mOK[0m
  POOL_2D(pool_type=avg,type_input=f32,ne_input=[10,10,3,1],k0=3,k1=3,s0=2,s1=2,p0=0,p1=0): [1;32mOK[0m
  POOL_2D(pool_type=avg,type_input=f32,ne_input=[10,10,3,1],k0=3,k1=3,s0=2,s1=2,p0=0,p1=1): [1;32mOK[0m
  POOL_2D(pool_type=avg,type_input=f32,ne_input=[10,10,3,1],k0=3,k1=3,s0=2,s1=2,p0=1,p1=0): [1;32mOK[0m
  POOL_2D(pool_type=avg,type_input=f32,ne_input=[10,10,3,1],k0=3,k1=3,s0=2,s1=2,p0=1,p1=1): [1;32mOK[0m
  POOL_2D(pool_type=max,type_input=f32,ne_input=[10,10,3,1],k0=1,k1=1,s0=1,s1=1,p0=0,p1=0): [1;32mOK[0m
  POOL_2D(pool_type=max,type_input=f32,ne_input=[10,10,3,1],k0=1,k1=1,s0=1,s1=1,p0=0,p1=1): [1;32mOK[0m
  POOL_2D(pool_type=max,type_input=f32,ne_input=[10,10,3,1],k0=1,k1=1,s0=1,s1=1,p0=1,p1=0): [1;32mOK[0m
  POOL_2D(pool_type=max,type_input=f32,ne_input=[10,10,3,1],k0=1,k1=1,s0=1,s1=1,p0=1,p1=1): [1;32mOK[0m
  POOL_2D(pool_type=max,type_input=f32,ne_input=[10,10,3,1],k0=1,k1=1,s0=1,s1=2,p0=0,p1=0): [1;32mOK[0m
  POOL_2D(pool_type=max,type_input=f32,ne_input=[10,10,3,1],k0=1,k1=1,s0=1,s1=2,p0=0,p1=1): [1;32mOK[0m
  POOL_2D(pool_type=max,type_input=f32,ne_input=[10,10,3,1],k0=1,k1=1,s0=1,s1=2,p0=1,p1=0): [1;32mOK[0m
  POOL_2D(pool_type=max,type_input=f32,ne_input=[10,10,3,1],k0=1,k1=1,s0=1,s1=2,p0=1,p1=1): [1;32mOK[0m
  POOL_2D(pool_type=max,type_input=f32,ne_input=[10,10,3,1],k0=1,k1=1,s0=2,s1=1,p0=0,p1=0): [1;32mOK[0m
  POOL_2D(pool_type=max,type_input=f32,ne_input=[10,10,3,1],k0=1,k1=1,s0=2,s1=1,p0=0,p1=1): [1;32mOK[0m
  POOL_2D(pool_type=max,type_input=f32,ne_input=[10,10,3,1],k0=1,k1=1,s0=2,s1=1,p0=1,p1=0): [1;32mOK[0m
  POOL_2D(pool_type=max,type_input=f32,ne_input=[10,10,3,1],k0=1,k1=1,s0=2,s1=1,p0=1,p1=1): [1;32mOK[0m
  POOL_2D(pool_type=max,type_input=f32,ne_input=[10,10,3,1],k0=1,k1=1,s0=2,s1=2,p0=0,p1=0): [1;32mOK[0m
  POOL_2D(pool_type=max,type_input=f32,ne_input=[10,10,3,1],k0=1,k1=1,s0=2,s1=2,p0=0,p1=1): [1;32mOK[0m
  POOL_2D(pool_type=max,type_input=f32,ne_input=[10,10,3,1],k0=1,k1=1,s0=2,s1=2,p0=1,p1=0): [1;32mOK[0m
  POOL_2D(pool_type=max,type_input=f32,ne_input=[10,10,3,1],k0=1,k1=1,s0=2,s1=2,p0=1,p1=1): [1;32mOK[0m
  POOL_2D(pool_type=max,type_input=f32,ne_input=[10,10,3,1],k0=1,k1=3,s0=1,s1=1,p0=0,p1=0): [1;32mOK[0m
  POOL_2D(pool_type=max,type_input=f32,ne_input=[10,10,3,1],k0=1,k1=3,s0=1,s1=1,p0=0,p1=1): [1;32mOK[0m
  POOL_2D(pool_type=max,type_input=f32,ne_input=[10,10,3,1],k0=1,k1=3,s0=1,s1=1,p0=1,p1=0): [1;32mOK[0m
  POOL_2D(pool_type=max,type_input=f32,ne_input=[10,10,3,1],k0=1,k1=3,s0=1,s1=1,p0=1,p1=1): [1;32mOK[0m
  POOL_2D(pool_type=max,type_input=f32,ne_input=[10,10,3,1],k0=1,k1=3,s0=1,s1=2,p0=0,p1=0): [1;32mOK[0m
  POOL_2D(pool_type=max,type_input=f32,ne_input=[10,10,3,1],k0=1,k1=3,s0=1,s1=2,p0=0,p1=1): [1;32mOK[0m
  POOL_2D(pool_type=max,type_input=f32,ne_input=[10,10,3,1],k0=1,k1=3,s0=1,s1=2,p0=1,p1=0): [1;32mOK[0m
  POOL_2D(pool_type=max,type_input=f32,ne_input=[10,10,3,1],k0=1,k1=3,s0=1,s1=2,p0=1,p1=1): [1;32mOK[0m
  POOL_2D(pool_type=max,type_input=f32,ne_input=[10,10,3,1],k0=1,k1=3,s0=2,s1=1,p0=0,p1=0): [1;32mOK[0m
  POOL_2D(pool_type=max,type_input=f32,ne_input=[10,10,3,1],k0=1,k1=3,s0=2,s1=1,p0=0,p1=1): [1;32mOK[0m
  POOL_2D(pool_type=max,type_input=f32,ne_input=[10,10,3,1],k0=1,k1=3,s0=2,s1=1,p0=1,p1=0): [1;32mOK[0m
  POOL_2D(pool_type=max,type_input=f32,ne_input=[10,10,3,1],k0=1,k1=3,s0=2,s1=1,p0=1,p1=1): [1;32mOK[0m
  POOL_2D(pool_type=max,type_input=f32,ne_input=[10,10,3,1],k0=1,k1=3,s0=2,s1=2,p0=0,p1=0): [1;32mOK[0m
  POOL_2D(pool_type=max,type_input=f32,ne_input=[10,10,3,1],k0=1,k1=3,s0=2,s1=2,p0=0,p1=1): [1;32mOK[0m
  POOL_2D(pool_type=max,type_input=f32,ne_input=[10,10,3,1],k0=1,k1=3,s0=2,s1=2,p0=1,p1=0): [1;32mOK[0m
  POOL_2D(pool_type=max,type_input=f32,ne_input=[10,10,3,1],k0=1,k1=3,s0=2,s1=2,p0=1,p1=1): [1;32mOK[0m
  POOL_2D(pool_type=max,type_input=f32,ne_input=[10,10,3,1],k0=3,k1=1,s0=1,s1=1,p0=0,p1=0): [1;32mOK[0m
  POOL_2D(pool_type=max,type_input=f32,ne_input=[10,10,3,1],k0=3,k1=1,s0=1,s1=1,p0=0,p1=1): [1;32mOK[0m
  POOL_2D(pool_type=max,type_input=f32,ne_input=[10,10,3,1],k0=3,k1=1,s0=1,s1=1,p0=1,p1=0): [1;32mOK[0m
  POOL_2D(pool_type=max,type_input=f32,ne_input=[10,10,3,1],k0=3,k1=1,s0=1,s1=1,p0=1,p1=1): [1;32mOK[0m
  POOL_2D(pool_type=max,type_input=f32,ne_input=[10,10,3,1],k0=3,k1=1,s0=1,s1=2,p0=0,p1=0): [1;32mOK[0m
  POOL_2D(pool_type=max,type_input=f32,ne_input=[10,10,3,1],k0=3,k1=1,s0=1,s1=2,p0=0,p1=1): [1;32mOK[0m
  POOL_2D(pool_type=max,type_input=f32,ne_input=[10,10,3,1],k0=3,k1=1,s0=1,s1=2,p0=1,p1=0): [1;32mOK[0m
  POOL_2D(pool_type=max,type_input=f32,ne_input=[10,10,3,1],k0=3,k1=1,s0=1,s1=2,p0=1,p1=1): [1;32mOK[0m
  POOL_2D(pool_type=max,type_input=f32,ne_input=[10,10,3,1],k0=3,k1=1,s0=2,s1=1,p0=0,p1=0): [1;32mOK[0m
  POOL_2D(pool_type=max,type_input=f32,ne_input=[10,10,3,1],k0=3,k1=1,s0=2,s1=1,p0=0,p1=1): [1;32mOK[0m
  POOL_2D(pool_type=max,type_input=f32,ne_input=[10,10,3,1],k0=3,k1=1,s0=2,s1=1,p0=1,p1=0): [1;32mOK[0m
  POOL_2D(pool_type=max,type_input=f32,ne_input=[10,10,3,1],k0=3,k1=1,s0=2,s1=1,p0=1,p1=1): [1;32mOK[0m
  POOL_2D(pool_type=max,type_input=f32,ne_input=[10,10,3,1],k0=3,k1=1,s0=2,s1=2,p0=0,p1=0): [1;32mOK[0m
  POOL_2D(pool_type=max,type_input=f32,ne_input=[10,10,3,1],k0=3,k1=1,s0=2,s1=2,p0=0,p1=1): [1;32mOK[0m
  POOL_2D(pool_type=max,type_input=f32,ne_input=[10,10,3,1],k0=3,k1=1,s0=2,s1=2,p0=1,p1=0): [1;32mOK[0m
  POOL_2D(pool_type=max,type_input=f32,ne_input=[10,10,3,1],k0=3,k1=1,s0=2,s1=2,p0=1,p1=1): [1;32mOK[0m
  POOL_2D(pool_type=max,type_input=f32,ne_input=[10,10,3,1],k0=3,k1=3,s0=1,s1=1,p0=0,p1=0): [1;32mOK[0m
  POOL_2D(pool_type=max,type_input=f32,ne_input=[10,10,3,1],k0=3,k1=3,s0=1,s1=1,p0=0,p1=1): [1;32mOK[0m
  POOL_2D(pool_type=max,type_input=f32,ne_input=[10,10,3,1],k0=3,k1=3,s0=1,s1=1,p0=1,p1=0): [1;32mOK[0m
  POOL_2D(pool_type=max,type_input=f32,ne_input=[10,10,3,1],k0=3,k1=3,s0=1,s1=1,p0=1,p1=1): [1;32mOK[0m
  POOL_2D(pool_type=max,type_input=f32,ne_input=[10,10,3,1],k0=3,k1=3,s0=1,s1=2,p0=0,p1=0): [1;32mOK[0m
  POOL_2D(pool_type=max,type_input=f32,ne_input=[10,10,3,1],k0=3,k1=3,s0=1,s1=2,p0=0,p1=1): [1;32mOK[0m
  POOL_2D(pool_type=max,type_input=f32,ne_input=[10,10,3,1],k0=3,k1=3,s0=1,s1=2,p0=1,p1=0): [1;32mOK[0m
  POOL_2D(pool_type=max,type_input=f32,ne_input=[10,10,3,1],k0=3,k1=3,s0=1,s1=2,p0=1,p1=1): [1;32mOK[0m
  POOL_2D(pool_type=max,type_input=f32,ne_input=[10,10,3,1],k0=3,k1=3,s0=2,s1=1,p0=0,p1=0): [1;32mOK[0m
  POOL_2D(pool_type=max,type_input=f32,ne_input=[10,10,3,1],k0=3,k1=3,s0=2,s1=1,p0=0,p1=1): [1;32mOK[0m
  POOL_2D(pool_type=max,type_input=f32,ne_input=[10,10,3,1],k0=3,k1=3,s0=2,s1=1,p0=1,p1=0): [1;32mOK[0m
  POOL_2D(pool_type=max,type_input=f32,ne_input=[10,10,3,1],k0=3,k1=3,s0=2,s1=1,p0=1,p1=1): [1;32mOK[0m
  POOL_2D(pool_type=max,type_input=f32,ne_input=[10,10,3,1],k0=3,k1=3,s0=2,s1=2,p0=0,p1=0): [1;32mOK[0m
  POOL_2D(pool_type=max,type_input=f32,ne_input=[10,10,3,1],k0=3,k1=3,s0=2,s1=2,p0=0,p1=1): [1;32mOK[0m
  POOL_2D(pool_type=max,type_input=f32,ne_input=[10,10,3,1],k0=3,k1=3,s0=2,s1=2,p0=1,p1=0): [1;32mOK[0m
  POOL_2D(pool_type=max,type_input=f32,ne_input=[10,10,3,1],k0=3,k1=3,s0=2,s1=2,p0=1,p1=1): [1;32mOK[0m
  IM2COL(type_input=f32,type_kernel=f32,dst_type=f32,ne_input=[3000,128,1,1],ne_kernel=[3,128,1280,1],s0=1,s1=0,p0=1,p1=0,d0=1,d1=0,is_2D=0): not supported [Metal] 
  IM2COL(type_input=f32,type_kernel=f16,dst_type=f32,ne_input=[3000,128,1,1],ne_kernel=[3,128,1280,1],s0=1,s1=0,p0=1,p1=0,d0=1,d1=0,is_2D=0): [1;32mOK[0m
  IM2COL(type_input=f32,type_kernel=f16,dst_type=f16,ne_input=[3000,128,1,1],ne_kernel=[3,128,1280,1],s0=1,s1=0,p0=1,p1=0,d0=1,d1=0,is_2D=0): [1;32mOK[0m
  IM2COL(type_input=f32,type_kernel=f32,dst_type=f32,ne_input=[20,2,2,1],ne_kernel=[3,2,2,1],s0=1,s1=0,p0=0,p1=0,d0=1,d1=0,is_2D=0): not supported [Metal] 
  IM2COL(type_input=f32,type_kernel=f32,dst_type=f32,ne_input=[20,2,2,1],ne_kernel=[3,2,2,1],s0=1,s1=0,p0=0,p1=0,d0=3,d1=0,is_2D=0): not supported [Metal] 
  IM2COL(type_input=f32,type_kernel=f32,dst_type=f32,ne_input=[20,2,2,1],ne_kernel=[3,2,2,1],s0=1,s1=0,p0=3,p1=0,d0=1,d1=0,is_2D=0): not supported [Metal] 
  IM2COL(type_input=f32,type_kernel=f32,dst_type=f32,ne_input=[20,2,2,1],ne_kernel=[3,2,2,1],s0=1,s1=0,p0=3,p1=0,d0=3,d1=0,is_2D=0): not supported [Metal] 
  IM2COL(type_input=f32,type_kernel=f32,dst_type=f32,ne_input=[20,2,2,1],ne_kernel=[3,2,2,1],s0=3,s1=0,p0=0,p1=0,d0=1,d1=0,is_2D=0): not supported [Metal] 
  IM2COL(type_input=f32,type_kernel=f32,dst_type=f32,ne_input=[20,2,2,1],ne_kernel=[3,2,2,1],s0=3,s1=0,p0=0,p1=0,d0=3,d1=0,is_2D=0): not supported [Metal] 
  IM2COL(type_input=f32,type_kernel=f32,dst_type=f32,ne_input=[20,2,2,1],ne_kernel=[3,2,2,1],s0=3,s1=0,p0=3,p1=0,d0=1,d1=0,is_2D=0): not supported [Metal] 
  IM2COL(type_input=f32,type_kernel=f32,dst_type=f32,ne_input=[20,2,2,1],ne_kernel=[3,2,2,1],s0=3,s1=0,p0=3,p1=0,d0=3,d1=0,is_2D=0): not supported [Metal] 
  IM2COL(type_input=f32,type_kernel=f32,dst_type=f32,ne_input=[10,10,3,1],ne_kernel=[3,3,3,1],s0=1,s1=1,p0=1,p1=1,d0=1,d1=1,is_2D=1): not supported [Metal] 
  IM2COL(type_input=f32,type_kernel=f16,dst_type=f32,ne_input=[10,10,3,1],ne_kernel=[3,3,3,1],s0=1,s1=1,p0=1,p1=1,d0=1,d1=1,is_2D=1): [1;32mOK[0m
  IM2COL(type_input=f32,type_kernel=f16,dst_type=f16,ne_input=[10,10,3,1],ne_kernel=[3,3,3,1],s0=1,s1=1,p0=1,p1=1,d0=1,d1=1,is_2D=1): [1;32mOK[0m
  IM2COL(type_input=f32,type_kernel=f32,dst_type=f32,ne_input=[20,20,2,2],ne_kernel=[3,3,2,2],s0=1,s1=1,p0=0,p1=0,d0=1,d1=1,is_2D=1): not supported [Metal] 
  IM2COL(type_input=f32,type_kernel=f32,dst_type=f32,ne_input=[20,20,2,2],ne_kernel=[3,3,2,2],s0=1,s1=1,p0=0,p1=0,d0=1,d1=3,is_2D=1): not supported [Metal] 
  IM2COL(type_input=f32,type_kernel=f32,dst_type=f32,ne_input=[20,20,2,2],ne_kernel=[3,3,2,2],s0=1,s1=1,p0=0,p1=0,d0=3,d1=1,is_2D=1): not supported [Metal] 
  IM2COL(type_input=f32,type_kernel=f32,dst_type=f32,ne_input=[20,20,2,2],ne_kernel=[3,3,2,2],s0=1,s1=1,p0=0,p1=0,d0=3,d1=3,is_2D=1): not supported [Metal] 
  IM2COL(type_input=f32,type_kernel=f32,dst_type=f32,ne_input=[20,20,2,2],ne_kernel=[3,3,2,2],s0=1,s1=1,p0=0,p1=3,d0=1,d1=1,is_2D=1): not supported [Metal] 
  IM2COL(type_input=f32,type_kernel=f32,dst_type=f32,ne_input=[20,20,2,2],ne_kernel=[3,3,2,2],s0=1,s1=1,p0=0,p1=3,d0=1,d1=3,is_2D=1): not supported [Metal] 
  IM2COL(type_input=f32,type_kernel=f32,dst_type=f32,ne_input=[20,20,2,2],ne_kernel=[3,3,2,2],s0=1,s1=1,p0=0,p1=3,d0=3,d1=1,is_2D=1): not supported [Metal] 
  IM2COL(type_input=f32,type_kernel=f32,dst_type=f32,ne_input=[20,20,2,2],ne_kernel=[3,3,2,2],s0=1,s1=1,p0=0,p1=3,d0=3,d1=3,is_2D=1): not supported [Metal] 
  IM2COL(type_input=f32,type_kernel=f32,dst_type=f32,ne_input=[20,20,2,2],ne_kernel=[3,3,2,2],s0=1,s1=1,p0=3,p1=0,d0=1,d1=1,is_2D=1): not supported [Metal] 
  IM2COL(type_input=f32,type_kernel=f32,dst_type=f32,ne_input=[20,20,2,2],ne_kernel=[3,3,2,2],s0=1,s1=1,p0=3,p1=0,d0=1,d1=3,is_2D=1): not supported [Metal] 
  IM2COL(type_input=f32,type_kernel=f32,dst_type=f32,ne_input=[20,20,2,2],ne_kernel=[3,3,2,2],s0=1,s1=1,p0=3,p1=0,d0=3,d1=1,is_2D=1): not supported [Metal] 
  IM2COL(type_input=f32,type_kernel=f32,dst_type=f32,ne_input=[20,20,2,2],ne_kernel=[3,3,2,2],s0=1,s1=1,p0=3,p1=0,d0=3,d1=3,is_2D=1): not supported [Metal] 
  IM2COL(type_input=f32,type_kernel=f32,dst_type=f32,ne_input=[20,20,2,2],ne_kernel=[3,3,2,2],s0=1,s1=1,p0=3,p1=3,d0=1,d1=1,is_2D=1): not supported [Metal] 
  IM2COL(type_input=f32,type_kernel=f32,dst_type=f32,ne_input=[20,20,2,2],ne_kernel=[3,3,2,2],s0=1,s1=1,p0=3,p1=3,d0=1,d1=3,is_2D=1): not supported [Metal] 
  IM2COL(type_input=f32,type_kernel=f32,dst_type=f32,ne_input=[20,20,2,2],ne_kernel=[3,3,2,2],s0=1,s1=1,p0=3,p1=3,d0=3,d1=1,is_2D=1): not supported [Metal] 
  IM2COL(type_input=f32,type_kernel=f32,dst_type=f32,ne_input=[20,20,2,2],ne_kernel=[3,3,2,2],s0=1,s1=1,p0=3,p1=3,d0=3,d1=3,is_2D=1): not supported [Metal] 
  IM2COL(type_input=f32,type_kernel=f32,dst_type=f32,ne_input=[20,20,2,2],ne_kernel=[3,3,2,2],s0=1,s1=3,p0=0,p1=0,d0=1,d1=1,is_2D=1): not supported [Metal] 
  IM2COL(type_input=f32,type_kernel=f32,dst_type=f32,ne_input=[20,20,2,2],ne_kernel=[3,3,2,2],s0=1,s1=3,p0=0,p1=0,d0=1,d1=3,is_2D=1): not supported [Metal] 
  IM2COL(type_input=f32,type_kernel=f32,dst_type=f32,ne_input=[20,20,2,2],ne_kernel=[3,3,2,2],s0=1,s1=3,p0=0,p1=0,d0=3,d1=1,is_2D=1): not supported [Metal] 
  IM2COL(type_input=f32,type_kernel=f32,dst_type=f32,ne_input=[20,20,2,2],ne_kernel=[3,3,2,2],s0=1,s1=3,p0=0,p1=0,d0=3,d1=3,is_2D=1): not supported [Metal] 
  IM2COL(type_input=f32,type_kernel=f32,dst_type=f32,ne_input=[20,20,2,2],ne_kernel=[3,3,2,2],s0=1,s1=3,p0=0,p1=3,d0=1,d1=1,is_2D=1): not supported [Metal] 
  IM2COL(type_input=f32,type_kernel=f32,dst_type=f32,ne_input=[20,20,2,2],ne_kernel=[3,3,2,2],s0=1,s1=3,p0=0,p1=3,d0=1,d1=3,is_2D=1): not supported [Metal] 
  IM2COL(type_input=f32,type_kernel=f32,dst_type=f32,ne_input=[20,20,2,2],ne_kernel=[3,3,2,2],s0=1,s1=3,p0=0,p1=3,d0=3,d1=1,is_2D=1): not supported [Metal] 
  IM2COL(type_input=f32,type_kernel=f32,dst_type=f32,ne_input=[20,20,2,2],ne_kernel=[3,3,2,2],s0=1,s1=3,p0=0,p1=3,d0=3,d1=3,is_2D=1): not supported [Metal] 
  IM2COL(type_input=f32,type_kernel=f32,dst_type=f32,ne_input=[20,20,2,2],ne_kernel=[3,3,2,2],s0=1,s1=3,p0=3,p1=0,d0=1,d1=1,is_2D=1): not supported [Metal] 
  IM2COL(type_input=f32,type_kernel=f32,dst_type=f32,ne_input=[20,20,2,2],ne_kernel=[3,3,2,2],s0=1,s1=3,p0=3,p1=0,d0=1,d1=3,is_2D=1): not supported [Metal] 
  IM2COL(type_input=f32,type_kernel=f32,dst_type=f32,ne_input=[20,20,2,2],ne_kernel=[3,3,2,2],s0=1,s1=3,p0=3,p1=0,d0=3,d1=1,is_2D=1): not supported [Metal] 
  IM2COL(type_input=f32,type_kernel=f32,dst_type=f32,ne_input=[20,20,2,2],ne_kernel=[3,3,2,2],s0=1,s1=3,p0=3,p1=0,d0=3,d1=3,is_2D=1): not supported [Metal] 
  IM2COL(type_input=f32,type_kernel=f32,dst_type=f32,ne_input=[20,20,2,2],ne_kernel=[3,3,2,2],s0=1,s1=3,p0=3,p1=3,d0=1,d1=1,is_2D=1): not supported [Metal] 
  IM2COL(type_input=f32,type_kernel=f32,dst_type=f32,ne_input=[20,20,2,2],ne_kernel=[3,3,2,2],s0=1,s1=3,p0=3,p1=3,d0=1,d1=3,is_2D=1): not supported [Metal] 
  IM2COL(type_input=f32,type_kernel=f32,dst_type=f32,ne_input=[20,20,2,2],ne_kernel=[3,3,2,2],s0=1,s1=3,p0=3,p1=3,d0=3,d1=1,is_2D=1): not supported [Metal] 
  IM2COL(type_input=f32,type_kernel=f32,dst_type=f32,ne_input=[20,20,2,2],ne_kernel=[3,3,2,2],s0=1,s1=3,p0=3,p1=3,d0=3,d1=3,is_2D=1): not supported [Metal] 
  IM2COL(type_input=f32,type_kernel=f32,dst_type=f32,ne_input=[20,20,2,2],ne_kernel=[3,3,2,2],s0=3,s1=1,p0=0,p1=0,d0=1,d1=1,is_2D=1): not supported [Metal] 
  IM2COL(type_input=f32,type_kernel=f32,dst_type=f32,ne_input=[20,20,2,2],ne_kernel=[3,3,2,2],s0=3,s1=1,p0=0,p1=0,d0=1,d1=3,is_2D=1): not supported [Metal] 
  IM2COL(type_input=f32,type_kernel=f32,dst_type=f32,ne_input=[20,20,2,2],ne_kernel=[3,3,2,2],s0=3,s1=1,p0=0,p1=0,d0=3,d1=1,is_2D=1): not supported [Metal] 
  IM2COL(type_input=f32,type_kernel=f32,dst_type=f32,ne_input=[20,20,2,2],ne_kernel=[3,3,2,2],s0=3,s1=1,p0=0,p1=0,d0=3,d1=3,is_2D=1): not supported [Metal] 
  IM2COL(type_input=f32,type_kernel=f32,dst_type=f32,ne_input=[20,20,2,2],ne_kernel=[3,3,2,2],s0=3,s1=1,p0=0,p1=3,d0=1,d1=1,is_2D=1): not supported [Metal] 
  IM2COL(type_input=f32,type_kernel=f32,dst_type=f32,ne_input=[20,20,2,2],ne_kernel=[3,3,2,2],s0=3,s1=1,p0=0,p1=3,d0=1,d1=3,is_2D=1): not supported [Metal] 
  IM2COL(type_input=f32,type_kernel=f32,dst_type=f32,ne_input=[20,20,2,2],ne_kernel=[3,3,2,2],s0=3,s1=1,p0=0,p1=3,d0=3,d1=1,is_2D=1): not supported [Metal] 
  IM2COL(type_input=f32,type_kernel=f32,dst_type=f32,ne_input=[20,20,2,2],ne_kernel=[3,3,2,2],s0=3,s1=1,p0=0,p1=3,d0=3,d1=3,is_2D=1): not supported [Metal] 
  IM2COL(type_input=f32,type_kernel=f32,dst_type=f32,ne_input=[20,20,2,2],ne_kernel=[3,3,2,2],s0=3,s1=1,p0=3,p1=0,d0=1,d1=1,is_2D=1): not supported [Metal] 
  IM2COL(type_input=f32,type_kernel=f32,dst_type=f32,ne_input=[20,20,2,2],ne_kernel=[3,3,2,2],s0=3,s1=1,p0=3,p1=0,d0=1,d1=3,is_2D=1): not supported [Metal] 
  IM2COL(type_input=f32,type_kernel=f32,dst_type=f32,ne_input=[20,20,2,2],ne_kernel=[3,3,2,2],s0=3,s1=1,p0=3,p1=0,d0=3,d1=1,is_2D=1): not supported [Metal] 
  IM2COL(type_input=f32,type_kernel=f32,dst_type=f32,ne_input=[20,20,2,2],ne_kernel=[3,3,2,2],s0=3,s1=1,p0=3,p1=0,d0=3,d1=3,is_2D=1): not supported [Metal] 
  IM2COL(type_input=f32,type_kernel=f32,dst_type=f32,ne_input=[20,20,2,2],ne_kernel=[3,3,2,2],s0=3,s1=1,p0=3,p1=3,d0=1,d1=1,is_2D=1): not supported [Metal] 
  IM2COL(type_input=f32,type_kernel=f32,dst_type=f32,ne_input=[20,20,2,2],ne_kernel=[3,3,2,2],s0=3,s1=1,p0=3,p1=3,d0=1,d1=3,is_2D=1): not supported [Metal] 
  IM2COL(type_input=f32,type_kernel=f32,dst_type=f32,ne_input=[20,20,2,2],ne_kernel=[3,3,2,2],s0=3,s1=1,p0=3,p1=3,d0=3,d1=1,is_2D=1): not supported [Metal] 
  IM2COL(type_input=f32,type_kernel=f32,dst_type=f32,ne_input=[20,20,2,2],ne_kernel=[3,3,2,2],s0=3,s1=1,p0=3,p1=3,d0=3,d1=3,is_2D=1): not supported [Metal] 
  IM2COL(type_input=f32,type_kernel=f32,dst_type=f32,ne_input=[20,20,2,2],ne_kernel=[3,3,2,2],s0=3,s1=3,p0=0,p1=0,d0=1,d1=1,is_2D=1): not supported [Metal] 
  IM2COL(type_input=f32,type_kernel=f32,dst_type=f32,ne_input=[20,20,2,2],ne_kernel=[3,3,2,2],s0=3,s1=3,p0=0,p1=0,d0=1,d1=3,is_2D=1): not supported [Metal] 
  IM2COL(type_input=f32,type_kernel=f32,dst_type=f32,ne_input=[20,20,2,2],ne_kernel=[3,3,2,2],s0=3,s1=3,p0=0,p1=0,d0=3,d1=1,is_2D=1): not supported [Metal] 
  IM2COL(type_input=f32,type_kernel=f32,dst_type=f32,ne_input=[20,20,2,2],ne_kernel=[3,3,2,2],s0=3,s1=3,p0=0,p1=0,d0=3,d1=3,is_2D=1): not supported [Metal] 
  IM2COL(type_input=f32,type_kernel=f32,dst_type=f32,ne_input=[20,20,2,2],ne_kernel=[3,3,2,2],s0=3,s1=3,p0=0,p1=3,d0=1,d1=1,is_2D=1): not supported [Metal] 
  IM2COL(type_input=f32,type_kernel=f32,dst_type=f32,ne_input=[20,20,2,2],ne_kernel=[3,3,2,2],s0=3,s1=3,p0=0,p1=3,d0=1,d1=3,is_2D=1): not supported [Metal] 
  IM2COL(type_input=f32,type_kernel=f32,dst_type=f32,ne_input=[20,20,2,2],ne_kernel=[3,3,2,2],s0=3,s1=3,p0=0,p1=3,d0=3,d1=1,is_2D=1): not supported [Metal] 
  IM2COL(type_input=f32,type_kernel=f32,dst_type=f32,ne_input=[20,20,2,2],ne_kernel=[3,3,2,2],s0=3,s1=3,p0=0,p1=3,d0=3,d1=3,is_2D=1): not supported [Metal] 
  IM2COL(type_input=f32,type_kernel=f32,dst_type=f32,ne_input=[20,20,2,2],ne_kernel=[3,3,2,2],s0=3,s1=3,p0=3,p1=0,d0=1,d1=1,is_2D=1): not supported [Metal] 
  IM2COL(type_input=f32,type_kernel=f32,dst_type=f32,ne_input=[20,20,2,2],ne_kernel=[3,3,2,2],s0=3,s1=3,p0=3,p1=0,d0=1,d1=3,is_2D=1): not supported [Metal] 
  IM2COL(type_input=f32,type_kernel=f32,dst_type=f32,ne_input=[20,20,2,2],ne_kernel=[3,3,2,2],s0=3,s1=3,p0=3,p1=0,d0=3,d1=1,is_2D=1): not supported [Metal] 
  IM2COL(type_input=f32,type_kernel=f32,dst_type=f32,ne_input=[20,20,2,2],ne_kernel=[3,3,2,2],s0=3,s1=3,p0=3,p1=0,d0=3,d1=3,is_2D=1): not supported [Metal] 
  IM2COL(type_input=f32,type_kernel=f32,dst_type=f32,ne_input=[20,20,2,2],ne_kernel=[3,3,2,2],s0=3,s1=3,p0=3,p1=3,d0=1,d1=1,is_2D=1): not supported [Metal] 
  IM2COL(type_input=f32,type_kernel=f32,dst_type=f32,ne_input=[20,20,2,2],ne_kernel=[3,3,2,2],s0=3,s1=3,p0=3,p1=3,d0=1,d1=3,is_2D=1): not supported [Metal] 
  IM2COL(type_input=f32,type_kernel=f32,dst_type=f32,ne_input=[20,20,2,2],ne_kernel=[3,3,2,2],s0=3,s1=3,p0=3,p1=3,d0=3,d1=1,is_2D=1): not supported [Metal] 
  IM2COL(type_input=f32,type_kernel=f32,dst_type=f32,ne_input=[20,20,2,2],ne_kernel=[3,3,2,2],s0=3,s1=3,p0=3,p1=3,d0=3,d1=3,is_2D=1): not supported [Metal] 
  IM2COL(type_input=f32,type_kernel=f16,dst_type=f16,ne_input=[12,12,1,32],ne_kernel=[3,3,1,32],s0=1,s1=1,p0=1,p1=1,d0=1,d1=1,is_2D=1): [1;32mOK[0m
  IM2COL(type_input=f32,type_kernel=f16,dst_type=f16,ne_input=[12,12,2,32],ne_kernel=[3,3,2,32],s0=1,s1=1,p0=1,p1=1,d0=1,d1=1,is_2D=1): [1;32mOK[0m
  IM2COL(type_input=f32,type_kernel=f16,dst_type=f16,ne_input=[12,12,1,1024],ne_kernel=[3,3,1,1024],s0=1,s1=1,p0=1,p1=1,d0=1,d1=1,is_2D=1): [1;32mOK[0m
  IM2COL(type_input=f32,type_kernel=f16,dst_type=f16,ne_input=[12,12,2,1024],ne_kernel=[3,3,2,1024],s0=1,s1=1,p0=1,p1=1,d0=1,d1=1,is_2D=1): [1;32mOK[0m
  IM2COL(type_input=f32,type_kernel=f16,dst_type=f16,ne_input=[12,12,1,2048],ne_kernel=[3,3,1,2048],s0=1,s1=1,p0=1,p1=1,d0=1,d1=1,is_2D=1): [1;32mOK[0m
  IM2COL(type_input=f32,type_kernel=f16,dst_type=f16,ne_input=[12,12,2,2048],ne_kernel=[3,3,2,2048],s0=1,s1=1,p0=1,p1=1,d0=1,d1=1,is_2D=1): [1;32mOK[0m
  IM2COL(type_input=f32,type_kernel=f16,dst_type=f16,ne_input=[12,12,1,2560],ne_kernel=[3,3,1,2560],s0=1,s1=1,p0=1,p1=1,d0=1,d1=1,is_2D=1): [1;32mOK[0m
  IM2COL(type_input=f32,type_kernel=f16,dst_type=f16,ne_input=[12,12,2,2560],ne_kernel=[3,3,2,2560],s0=1,s1=1,p0=1,p1=1,d0=1,d1=1,is_2D=1): [1;32mOK[0m
  CONV_TRANSPOSE_1D(ne_input=[197,32,1,1],ne_kernel=[16,32,32,1],s0=1,p0=0,d0=1): not supported [Metal] 
  CONV_TRANSPOSE_1D(ne_input=[3,2,1,1],ne_kernel=[2,3,2,1],s0=3,p0=0,d0=1): not supported [Metal] 
  CONV_TRANSPOSE_1D(ne_input=[3,2,1,1],ne_kernel=[2,3,2,1],s0=2,p0=0,d0=1): not supported [Metal] 
  CONV_TRANSPOSE_1D(ne_input=[3,2,1,1],ne_kernel=[2,3,2,1],s0=1,p0=0,d0=1): not supported [Metal] 
  CONV_TRANSPOSE_1D(ne_input=[3,2,1,1],ne_kernel=[3,2,2,1],s0=2,p0=0,d0=1): not supported [Metal] 
  CONV_TRANSPOSE_1D(ne_input=[3,2,1,1],ne_kernel=[3,2,2,1],s0=1,p0=0,d0=1): not supported [Metal] 
  CONV_TRANSPOSE_1D(ne_input=[3,2,1,1],ne_kernel=[3,1,2,1],s0=1,p0=0,d0=1): not supported [Metal] 
  CONV_TRANSPOSE_1D(ne_input=[2,1,1,1],ne_kernel=[3,1,1,1],s0=1,p0=0,d0=1): not supported [Metal] 
  ARGMAX(type=f32,ne=[10,100,1,1]): not supported [Metal] 
  ARGMAX(type=f32,ne=[32,1,1,1]): not supported [Metal] 
  ARGMAX(type=f32,ne=[100,10,1,1]): not supported [Metal] 
  ARGMAX(type=f32,ne=[1024,10,1,1]): not supported [Metal] 
  ARGMAX(type=f32,ne=[2000,10,1,1]): not supported [Metal] 
  COUNT_EQUAL(type=f32,ne=[4,500,1,1]): not supported [Metal] 
  REPEAT(type=f32,ne=[10,5,4,1],nr=[1,1,1,1]): [1;32mOK[0m
  REPEAT(type=f32,ne=[10,5,4,1],nr=[2,1,1,1]): [1;32mOK[0m
  REPEAT(type=f32,ne=[10,5,4,1],nr=[1,2,1,1]): [1;32mOK[0m
  REPEAT(type=f32,ne=[10,5,4,1],nr=[1,1,2,1]): [1;32mOK[0m
  REPEAT(type=f32,ne=[10,5,4,1],nr=[1,1,1,2]): [1;32mOK[0m
  REPEAT(type=i32,ne=[10,5,4,1],nr=[2,1,1,1]): [1;32mOK[0m
  REPEAT(type=i16,ne=[10,5,4,1],nr=[1,1,1,2]): [1;32mOK[0m
  REPEAT(type=f32,ne=[10,5,4,3],nr=[1,1,1,1]): [1;32mOK[0m
  REPEAT(type=f32,ne=[10,5,4,3],nr=[2,1,1,1]): [1;32mOK[0m
  REPEAT(type=f32,ne=[10,5,4,3],nr=[1,2,1,1]): [1;32mOK[0m
  REPEAT(type=f32,ne=[10,5,4,3],nr=[1,1,2,1]): [1;32mOK[0m
  REPEAT(type=f32,ne=[10,5,4,3],nr=[1,1,1,2]): [1;32mOK[0m
  REPEAT(type=i32,ne=[10,5,4,3],nr=[2,1,1,1]): [1;32mOK[0m
  REPEAT(type=i16,ne=[10,5,4,3],nr=[1,1,1,2]): [1;32mOK[0m
  DUP(type=f32,ne=[10,10,20,1]): [1;32mOK[0m
  DUP(type=f16,ne=[10,10,20,1]): [1;32mOK[0m
  DUP(type=i32,ne=[10,10,20,1]): not supported [Metal] 
  DUP(type=i16,ne=[10,10,20,1]): not supported [Metal] 
  DUP(type=f32,ne=[10,10,5,1],permute=[0,2,1,3]): [1;32mOK[0m
  DUP(type=f16,ne=[10,10,5,1],permute=[0,2,1,3]): [1;32mOK[0m
  DUP(type=f32,ne=[10,10,5,1],permute=[1,0,2,3]): [1;32mOK[0m
  DUP(type=f16,ne=[10,10,5,1],permute=[1,0,2,3]): [1;32mOK[0m
  DUP(type=i16,ne=[10,8,3,1],permute=[0,2,1,3]): not supported [Metal] 
  DUP(type=i16,ne=[10,8,3,1],permute=[1,2,0,3]): not supported [Metal] 
  SET(type_src=f32,type_dst=f32,ne=[6,5,4,3],dim=1): not supported [Metal] 
  SET(type_src=f32,type_dst=f32,ne=[6,5,4,3],dim=2): not supported [Metal] 
  SET(type_src=f32,type_dst=f32,ne=[6,5,4,3],dim=3): not supported [Metal] 
  CPY(type_src=f16,type_dst=f32,ne=[256,4,4,4],permute=[0,0,0,0]): [1;32mOK[0m
  CPY(type_src=f16,type_dst=f32,ne=[256,2,3,4],permute=[0,2,1,3]): [1;32mOK[0m
  CPY(type_src=f16,type_dst=f16,ne=[256,4,4,4],permute=[0,0,0,0]): [1;32mOK[0m
  CPY(type_src=f16,type_dst=f16,ne=[256,2,3,4],permute=[0,2,1,3]): [1;32mOK[0m
  CPY(type_src=f16,type_dst=bf16,ne=[256,4,4,4],permute=[0,0,0,0]): not supported [Metal] 
  CPY(type_src=f16,type_dst=bf16,ne=[256,2,3,4],permute=[0,2,1,3]): not supported [Metal] 
  CPY(type_src=f16,type_dst=q4_0,ne=[256,4,4,4],permute=[0,0,0,0]): not supported [Metal] 
  CPY(type_src=f16,type_dst=q4_0,ne=[256,2,3,4],permute=[0,2,1,3]): not supported [Metal] 
  CPY(type_src=f16,type_dst=q4_1,ne=[256,4,4,4],permute=[0,0,0,0]): not supported [Metal] 
  CPY(type_src=f16,type_dst=q4_1,ne=[256,2,3,4],permute=[0,2,1,3]): not supported [Metal] 
  CPY(type_src=f16,type_dst=q5_0,ne=[256,4,4,4],permute=[0,0,0,0]): not supported [Metal] 
  CPY(type_src=f16,type_dst=q5_0,ne=[256,2,3,4],permute=[0,2,1,3]): not supported [Metal] 
  CPY(type_src=f16,type_dst=q5_1,ne=[256,4,4,4],permute=[0,0,0,0]): not supported [Metal] 
  CPY(type_src=f16,type_dst=q5_1,ne=[256,2,3,4],permute=[0,2,1,3]): not supported [Metal] 
  CPY(type_src=f16,type_dst=q8_0,ne=[256,4,4,4],permute=[0,0,0,0]): not supported [Metal] 
  CPY(type_src=f16,type_dst=q8_0,ne=[256,2,3,4],permute=[0,2,1,3]): not supported [Metal] 
  CPY(type_src=f16,type_dst=q2_K,ne=[256,4,4,4],permute=[0,0,0,0]): not supported [Metal] 
  CPY(type_src=f16,type_dst=q2_K,ne=[256,2,3,4],permute=[0,2,1,3]): not supported [Metal] 
  CPY(type_src=f16,type_dst=q3_K,ne=[256,4,4,4],permute=[0,0,0,0]): not supported [Metal] 
  CPY(type_src=f16,type_dst=q3_K,ne=[256,2,3,4],permute=[0,2,1,3]): not supported [Metal] 
  CPY(type_src=f16,type_dst=q4_K,ne=[256,4,4,4],permute=[0,0,0,0]): not supported [Metal] 
  CPY(type_src=f16,type_dst=q4_K,ne=[256,2,3,4],permute=[0,2,1,3]): not supported [Metal] 
  CPY(type_src=f16,type_dst=q5_K,ne=[256,4,4,4],permute=[0,0,0,0]): not supported [Metal] 
  CPY(type_src=f16,type_dst=q5_K,ne=[256,2,3,4],permute=[0,2,1,3]): not supported [Metal] 
  CPY(type_src=f16,type_dst=q6_K,ne=[256,4,4,4],permute=[0,0,0,0]): not supported [Metal] 
  CPY(type_src=f16,type_dst=q6_K,ne=[256,2,3,4],permute=[0,2,1,3]): not supported [Metal] 
  CPY(type_src=f16,type_dst=iq2_xxs,ne=[256,4,4,4],permute=[0,0,0,0]): not supported [Metal] not supported [CPU] 
  CPY(type_src=f16,type_dst=iq2_xxs,ne=[256,2,3,4],permute=[0,2,1,3]): not supported [Metal] not supported [CPU] 
  CPY(type_src=f16,type_dst=iq2_xs,ne=[256,4,4,4],permute=[0,0,0,0]): not supported [Metal] not supported [CPU] 
  CPY(type_src=f16,type_dst=iq2_xs,ne=[256,2,3,4],permute=[0,2,1,3]): not supported [Metal] not supported [CPU] 
  CPY(type_src=f16,type_dst=iq2_s,ne=[256,4,4,4],permute=[0,0,0,0]): not supported [Metal] 
  CPY(type_src=f16,type_dst=iq2_s,ne=[256,2,3,4],permute=[0,2,1,3]): not supported [Metal] 
  CPY(type_src=f16,type_dst=iq3_xxs,ne=[256,4,4,4],permute=[0,0,0,0]): not supported [Metal] 
  CPY(type_src=f16,type_dst=iq3_xxs,ne=[256,2,3,4],permute=[0,2,1,3]): not supported [Metal] 
  CPY(type_src=f16,type_dst=iq1_s,ne=[256,4,4,4],permute=[0,0,0,0]): not supported [Metal] not supported [CPU] 
  CPY(type_src=f16,type_dst=iq1_s,ne=[256,2,3,4],permute=[0,2,1,3]): not supported [Metal] not supported [CPU] 
  CPY(type_src=f16,type_dst=iq1_m,ne=[256,4,4,4],permute=[0,0,0,0]): not supported [Metal] not supported [CPU] 
  CPY(type_src=f16,type_dst=iq1_m,ne=[256,2,3,4],permute=[0,2,1,3]): not supported [Metal] not supported [CPU] 
  CPY(type_src=f16,type_dst=iq4_nl,ne=[256,4,4,4],permute=[0,0,0,0]): not supported [Metal] 
  CPY(type_src=f16,type_dst=iq4_nl,ne=[256,2,3,4],permute=[0,2,1,3]): not supported [Metal] 
  CPY(type_src=f16,type_dst=iq3_s,ne=[256,4,4,4],permute=[0,0,0,0]): not supported [Metal] 
  CPY(type_src=f16,type_dst=iq3_s,ne=[256,2,3,4],permute=[0,2,1,3]): not supported [Metal] 
  CPY(type_src=f16,type_dst=iq4_xs,ne=[256,4,4,4],permute=[0,0,0,0]): not supported [Metal] 
  CPY(type_src=f16,type_dst=iq4_xs,ne=[256,2,3,4],permute=[0,2,1,3]): not supported [Metal] 
  CPY(type_src=f32,type_dst=f32,ne=[256,4,4,4],permute=[0,0,0,0]): [1;32mOK[0m
  CPY(type_src=f32,type_dst=f32,ne=[256,2,3,4],permute=[0,2,1,3]): [1;32mOK[0m
  CPY(type_src=f32,type_dst=f16,ne=[256,4,4,4],permute=[0,0,0,0]): [1;32mOK[0m
  CPY(type_src=f32,type_dst=f16,ne=[256,2,3,4],permute=[0,2,1,3]): [1;32mOK[0m
  CPY(type_src=f32,type_dst=bf16,ne=[256,4,4,4],permute=[0,0,0,0]): [1;32mOK[0m
  CPY(type_src=f32,type_dst=bf16,ne=[256,2,3,4],permute=[0,2,1,3]): [1;32mOK[0m
  CPY(type_src=f32,type_dst=q4_0,ne=[256,4,4,4],permute=[0,0,0,0]): [1;32mOK[0m
  CPY(type_src=f32,type_dst=q4_0,ne=[256,2,3,4],permute=[0,2,1,3]): [1;32mOK[0m
  CPY(type_src=f32,type_dst=q4_1,ne=[256,4,4,4],permute=[0,0,0,0]): [1;32mOK[0m
  CPY(type_src=f32,type_dst=q4_1,ne=[256,2,3,4],permute=[0,2,1,3]): [1;32mOK[0m
  CPY(type_src=f32,type_dst=q5_0,ne=[256,4,4,4],permute=[0,0,0,0]): [1;32mOK[0m
  CPY(type_src=f32,type_dst=q5_0,ne=[256,2,3,4],permute=[0,2,1,3]): [1;32mOK[0m
  CPY(type_src=f32,type_dst=q5_1,ne=[256,4,4,4],permute=[0,0,0,0]): [1;32mOK[0m
  CPY(type_src=f32,type_dst=q5_1,ne=[256,2,3,4],permute=[0,2,1,3]): [1;32mOK[0m
  CPY(type_src=f32,type_dst=q8_0,ne=[256,4,4,4],permute=[0,0,0,0]): [1;32mOK[0m
  CPY(type_src=f32,type_dst=q8_0,ne=[256,2,3,4],permute=[0,2,1,3]): [1;32mOK[0m
  CPY(type_src=f32,type_dst=q2_K,ne=[256,4,4,4],permute=[0,0,0,0]): not supported [Metal] 
  CPY(type_src=f32,type_dst=q2_K,ne=[256,2,3,4],permute=[0,2,1,3]): not supported [Metal] 
  CPY(type_src=f32,type_dst=q3_K,ne=[256,4,4,4],permute=[0,0,0,0]): not supported [Metal] 
  CPY(type_src=f32,type_dst=q3_K,ne=[256,2,3,4],permute=[0,2,1,3]): not supported [Metal] 
  CPY(type_src=f32,type_dst=q4_K,ne=[256,4,4,4],permute=[0,0,0,0]): not supported [Metal] 
  CPY(type_src=f32,type_dst=q4_K,ne=[256,2,3,4],permute=[0,2,1,3]): not supported [Metal] 
  CPY(type_src=f32,type_dst=q5_K,ne=[256,4,4,4],permute=[0,0,0,0]): not supported [Metal] 
  CPY(type_src=f32,type_dst=q5_K,ne=[256,2,3,4],permute=[0,2,1,3]): not supported [Metal] 
  CPY(type_src=f32,type_dst=q6_K,ne=[256,4,4,4],permute=[0,0,0,0]): not supported [Metal] 
  CPY(type_src=f32,type_dst=q6_K,ne=[256,2,3,4],permute=[0,2,1,3]): not supported [Metal] 
  CPY(type_src=f32,type_dst=iq2_xxs,ne=[256,4,4,4],permute=[0,0,0,0]): not supported [Metal] not supported [CPU] 
  CPY(type_src=f32,type_dst=iq2_xxs,ne=[256,2,3,4],permute=[0,2,1,3]): not supported [Metal] not supported [CPU] 
  CPY(type_src=f32,type_dst=iq2_xs,ne=[256,4,4,4],permute=[0,0,0,0]): not supported [Metal] not supported [CPU] 
  CPY(type_src=f32,type_dst=iq2_xs,ne=[256,2,3,4],permute=[0,2,1,3]): not supported [Metal] not supported [CPU] 
  CPY(type_src=f32,type_dst=iq2_s,ne=[256,4,4,4],permute=[0,0,0,0]): not supported [Metal] 
  CPY(type_src=f32,type_dst=iq2_s,ne=[256,2,3,4],permute=[0,2,1,3]): not supported [Metal] 
  CPY(type_src=f32,type_dst=iq3_xxs,ne=[256,4,4,4],permute=[0,0,0,0]): not supported [Metal] 
  CPY(type_src=f32,type_dst=iq3_xxs,ne=[256,2,3,4],permute=[0,2,1,3]): not supported [Metal] 
  CPY(type_src=f32,type_dst=iq1_s,ne=[256,4,4,4],permute=[0,0,0,0]): not supported [Metal] not supported [CPU] 
  CPY(type_src=f32,type_dst=iq1_s,ne=[256,2,3,4],permute=[0,2,1,3]): not supported [Metal] not supported [CPU] 
  CPY(type_src=f32,type_dst=iq1_m,ne=[256,4,4,4],permute=[0,0,0,0]): not supported [Metal] not supported [CPU] 
  CPY(type_src=f32,type_dst=iq1_m,ne=[256,2,3,4],permute=[0,2,1,3]): not supported [Metal] not supported [CPU] 
  CPY(type_src=f32,type_dst=iq4_nl,ne=[256,4,4,4],permute=[0,0,0,0]): [1;32mOK[0m
  CPY(type_src=f32,type_dst=iq4_nl,ne=[256,2,3,4],permute=[0,2,1,3]): [1;32mOK[0m
  CPY(type_src=f32,type_dst=iq3_s,ne=[256,4,4,4],permute=[0,0,0,0]): not supported [Metal] 
  CPY(type_src=f32,type_dst=iq3_s,ne=[256,2,3,4],permute=[0,2,1,3]): not supported [Metal] 
  CPY(type_src=f32,type_dst=iq4_xs,ne=[256,4,4,4],permute=[0,0,0,0]): not supported [Metal] 
  CPY(type_src=f32,type_dst=iq4_xs,ne=[256,2,3,4],permute=[0,2,1,3]): not supported [Metal] 
  CPY(type_src=f16,type_dst=f16,ne=[256,2,3,4],permute=[1,0,2,3]): [1;32mOK[0m
  CPY(type_src=f16,type_dst=f32,ne=[256,2,3,4],permute=[1,0,2,3]): [1;32mOK[0m
  CPY(type_src=f32,type_dst=f16,ne=[256,2,3,4],permute=[1,0,2,3]): [1;32mOK[0m
  CPY(type_src=f32,type_dst=f32,ne=[256,2,3,4],permute=[1,0,2,3]): [1;32mOK[0m
  CONT(type=f32,ne=[10,10,10,1]): [1;32mOK[0m
  CONT(type=f32,ne=[2,1,1,1]): [1;32mOK[0m
  CONT(type=f32,ne=[2,1,3,5]): [1;32mOK[0m
  CONT(type=f32,ne=[2,3,5,7]): [1;32mOK[0m
  CONT(type=f16,ne=[2,1,1,1]): [1;32mOK[0m
  CONT(type=f16,ne=[2,1,3,5]): [1;32mOK[0m
  CONT(type=f16,ne=[2,3,5,7]): [1;32mOK[0m
  CONT(type=bf16,ne=[2,1,1,1]): [1;32mOK[0m
  CONT(type=bf16,ne=[2,1,3,5]): [1;32mOK[0m
  CONT(type=bf16,ne=[2,3,5,7]): [1;32mOK[0m
  ADD(type=f32,ne=[1,1,8,1],nr=[1,1,1,1]): [1;32mOK[0m
  MUL(type=f32,ne=[1,1,8,1],nr=[1,1,1,1]): [1;32mOK[0m
  DIV(type=f32,ne=[1,1,8,1],nr=[1,1,1,1]): [1;32mOK[0m
  ADD(type=f32,ne=[1,1,1,1],nr=[32,1,1,1]): [1;32mOK[0m
  MUL(type=f32,ne=[1,1,1,1],nr=[32,1,1,1]): [1;32mOK[0m
  DIV(type=f32,ne=[1,1,1,1],nr=[32,1,1,1]): [1;32mOK[0m
  ADD(type=f32,ne=[1,1,320,320],nr=[1,1,1,1]): [1;32mOK[0m
  MUL(type=f32,ne=[1,1,320,320],nr=[1,1,1,1]): [1;32mOK[0m
  DIV(type=f32,ne=[1,1,320,320],nr=[1,1,1,1]): [1;32mOK[0m
  ADD(type=f32,ne=[10,5,1,1],nr=[1,1,1,1]): [1;32mOK[0m
  MUL(type=f32,ne=[10,5,1,1],nr=[1,1,1,1]): [1;32mOK[0m
  DIV(type=f32,ne=[10,5,1,1],nr=[1,1,1,1]): [1;32mOK[0m
  ADD(type=f32,ne=[10,5,4,1],nr=[1,1,1,1]): [1;32mOK[0m
  MUL(type=f32,ne=[10,5,4,1],nr=[1,1,1,1]): [1;32mOK[0m
  DIV(type=f32,ne=[10,5,4,1],nr=[1,1,1,1]): [1;32mOK[0m
  ADD(type=f32,ne=[10,5,4,3],nr=[1,1,1,1]): [1;32mOK[0m
  MUL(type=f32,ne=[10,5,4,3],nr=[1,1,1,1]): [1;32mOK[0m
  DIV(type=f32,ne=[10,5,4,3],nr=[1,1,1,1]): [1;32mOK[0m
  ADD(type=f32,ne=[10,5,4,3],nr=[2,1,1,1]): [1;32mOK[0m
  MUL(type=f32,ne=[10,5,4,3],nr=[2,1,1,1]): [1;32mOK[0m
  DIV(type=f32,ne=[10,5,4,3],nr=[2,1,1,1]): [1;32mOK[0m
  ADD(type=f32,ne=[10,5,4,3],nr=[1,2,1,1]): [1;32mOK[0m
  MUL(type=f32,ne=[10,5,4,3],nr=[1,2,1,1]): [1;32mOK[0m
  DIV(type=f32,ne=[10,5,4,3],nr=[1,2,1,1]): [1;32mOK[0m
  ADD(type=f32,ne=[10,5,4,3],nr=[1,1,2,1]): [1;32mOK[0m
  MUL(type=f32,ne=[10,5,4,3],nr=[1,1,2,1]): [1;32mOK[0m
  DIV(type=f32,ne=[10,5,4,3],nr=[1,1,2,1]): [1;32mOK[0m
  ADD(type=f32,ne=[10,5,4,3],nr=[1,1,1,2]): [1;32mOK[0m
  MUL(type=f32,ne=[10,5,4,3],nr=[1,1,1,2]): [1;32mOK[0m
  DIV(type=f32,ne=[10,5,4,3],nr=[1,1,1,2]): [1;32mOK[0m
  ADD(type=f32,ne=[10,5,4,3],nr=[1,1,2,2]): [1;32mOK[0m
  MUL(type=f32,ne=[10,5,4,3],nr=[1,1,2,2]): [1;32mOK[0m
  DIV(type=f32,ne=[10,5,4,3],nr=[1,1,2,2]): [1;32mOK[0m
  ADD(type=f32,ne=[10,5,4,3],nr=[1,2,2,2]): [1;32mOK[0m
  MUL(type=f32,ne=[10,5,4,3],nr=[1,2,2,2]): [1;32mOK[0m
  DIV(type=f32,ne=[10,5,4,3],nr=[1,2,2,2]): [1;32mOK[0m
  ADD(type=f32,ne=[10,5,4,3],nr=[2,2,2,2]): [1;32mOK[0m
  MUL(type=f32,ne=[10,5,4,3],nr=[2,2,2,2]): [1;32mOK[0m
  DIV(type=f32,ne=[10,5,4,3],nr=[2,2,2,2]): [1;32mOK[0m
  ADD(type=f32,ne=[1280,1,1,1],nr=[1,1,1,1]): [1;32mOK[0m
  MUL(type=f32,ne=[1280,1,1,1],nr=[1,1,1,1]): [1;32mOK[0m
  DIV(type=f32,ne=[1280,1,1,1],nr=[1,1,1,1]): [1;32mOK[0m
  ADD(type=f32,ne=[1280,1,1,1],nr=[1,16,16,1]): [1;32mOK[0m
  MUL(type=f32,ne=[1280,1,1,1],nr=[1,16,16,1]): [1;32mOK[0m
  DIV(type=f32,ne=[1280,1,1,1],nr=[1,16,16,1]): [1;32mOK[0m
  ADD(type=f32,ne=[1280,16,16,1],nr=[1,1,1,1]): [1;32mOK[0m
  MUL(type=f32,ne=[1280,16,16,1],nr=[1,1,1,1]): [1;32mOK[0m
  DIV(type=f32,ne=[1280,16,16,1],nr=[1,1,1,1]): [1;32mOK[0m
  ADD(type=f32,ne=[1280,1,1,1],nr=[1,256,1,1]): [1;32mOK[0m
  MUL(type=f32,ne=[1280,1,1,1],nr=[1,256,1,1]): [1;32mOK[0m
  DIV(type=f32,ne=[1280,1,1,1],nr=[1,256,1,1]): [1;32mOK[0m
  ADD(type=f32,ne=[1,1,1280,1],nr=[16,16,1,1]): [1;32mOK[0m
  MUL(type=f32,ne=[1,1,1280,1],nr=[16,16,1,1]): [1;32mOK[0m
  DIV(type=f32,ne=[1,1,1280,1],nr=[16,16,1,1]): [1;32mOK[0m
  ADD(type=f32,ne=[16,16,1280,1],nr=[1,1,1,1]): [1;32mOK[0m
  MUL(type=f32,ne=[16,16,1280,1],nr=[1,1,1,1]): [1;32mOK[0m
  DIV(type=f32,ne=[16,16,1280,1],nr=[1,1,1,1]): [1;32mOK[0m
  ADD(type=f32,ne=[1,1,1920,1],nr=[16,16,1,1]): [1;32mOK[0m
  MUL(type=f32,ne=[1,1,1920,1],nr=[16,16,1,1]): [1;32mOK[0m
  DIV(type=f32,ne=[1,1,1920,1],nr=[16,16,1,1]): [1;32mOK[0m
  ADD(type=f32,ne=[1,1,2560,1],nr=[16,16,1,1]): [1;32mOK[0m
  MUL(type=f32,ne=[1,1,2560,1],nr=[16,16,1,1]): [1;32mOK[0m
  DIV(type=f32,ne=[1,1,2560,1],nr=[16,16,1,1]): [1;32mOK[0m
  ADD(type=f32,ne=[1,1,1280,1],nr=[32,32,1,1]): [1;32mOK[0m
  MUL(type=f32,ne=[1,1,1280,1],nr=[32,32,1,1]): [1;32mOK[0m
  DIV(type=f32,ne=[1,1,1280,1],nr=[32,32,1,1]): [1;32mOK[0m
  ADD(type=f32,ne=[1,1,1920,1],nr=[32,32,1,1]): [1;32mOK[0m
  MUL(type=f32,ne=[1,1,1920,1],nr=[32,32,1,1]): [1;32mOK[0m
  DIV(type=f32,ne=[1,1,1920,1],nr=[32,32,1,1]): [1;32mOK[0m
  ADD(type=f32,ne=[1,1,640,1],nr=[32,32,1,1]): [1;32mOK[0m
  MUL(type=f32,ne=[1,1,640,1],nr=[32,32,1,1]): [1;32mOK[0m
  DIV(type=f32,ne=[1,1,640,1],nr=[32,32,1,1]): [1;32mOK[0m
  ADD(type=f32,ne=[5120,1,1,1],nr=[1,256,1,1]): [1;32mOK[0m
  MUL(type=f32,ne=[5120,1,1,1],nr=[1,256,1,1]): [1;32mOK[0m
  DIV(type=f32,ne=[5120,1,1,1],nr=[1,256,1,1]): [1;32mOK[0m
  ADD(type=f32,ne=[640,1,1,1],nr=[1,1,1,1]): [1;32mOK[0m
  MUL(type=f32,ne=[640,1,1,1],nr=[1,1,1,1]): [1;32mOK[0m
  DIV(type=f32,ne=[640,1,1,1],nr=[1,1,1,1]): [1;32mOK[0m
  ADD1(type=f32,ne=[10,5,4,3]): not supported [Metal] 
  SCALE(type=f32,ne=[10,10,10,10],scale=2.000000): [1;32mOK[0m
  NORM(type=f32,ne=[64,5,4,3],eps=0.000001): [1;32mOK[0m
  RMS_NORM(type=f32,ne=[64,5,4,3],eps=0.000001): [1;32mOK[0m
  NORM(type=f32,ne=[64,5,4,3],eps=0.000010): [1;32mOK[0m
  RMS_NORM(type=f32,ne=[64,5,4,3],eps=0.000010): [1;32mOK[0m
  NORM(type=f32,ne=[64,5,4,3],eps=0.001000): [1;32mOK[0m
  RMS_NORM(type=f32,ne=[64,5,4,3],eps=0.001000): [1;32mOK[0m
  NORM(type=f32,ne=[64,5,4,3],eps=0.100000): [1;32mOK[0m
  RMS_NORM(type=f32,ne=[64,5,4,3],eps=0.100000): [1;32mOK[0m
  SSM_CONV(type=f32,ne_a=[4,1536,1,1],ne_b=[4,1536,1,1]): [1;32mOK[0m
  SSM_CONV(type=f32,ne_a=[8,1536,1,1],ne_b=[4,1536,1,1]): [1;32mOK[0m
  SSM_CONV(type=f32,ne_a=[4,1536,4,1],ne_b=[4,1536,1,1]): [1;32mOK[0m
  SSM_SCAN(type=f32,d_state=16,d_inner=1024,n_seq_tokens=32,n_seqs=4): [1;32mOK[0m
  RWKV_WKV6(type=f32,head_count=32,head_size=64,n_seq_tokens=1,n_seqs=1): not supported [Metal] 
  RWKV_WKV6(type=f32,head_count=32,head_size=64,n_seq_tokens=32,n_seqs=1): not supported [Metal] 
  RWKV_WKV6(type=f32,head_count=32,head_size=64,n_seq_tokens=32,n_seqs=4): not supported [Metal] 
  RWKV_WKV6(type=f32,head_count=32,head_size=64,n_seq_tokens=128,n_seqs=4): not supported [Metal] 
  MUL_MAT(type_a=f32,type_b=f32,m=16,n=1,k=256,bs=[1,1],nr=[1,1],per=[0,1,2,3]): [1;32mOK[0m
  MUL_MAT(type_a=f32,type_b=f32,m=16,n=1,k=256,bs=[10,1],nr=[1,1],per=[0,1,2,3]): [1;32mOK[0m
  MUL_MAT(type_a=f32,type_b=f32,m=16,n=1,k=256,bs=[10,1],nr=[2,1],per=[0,1,2,3]): [1;32mOK[0m
  MUL_MAT(type_a=f32,type_b=f32,m=16,n=1,k=256,bs=[10,10],nr=[1,1],per=[0,1,2,3]): [1;32mOK[0m
  MUL_MAT(type_a=f32,type_b=f32,m=16,n=1,k=256,bs=[10,10],nr=[2,1],per=[0,1,2,3]): [1;32mOK[0m
  MUL_MAT(type_a=f32,type_b=f32,m=16,n=1,k=256,bs=[10,10],nr=[1,2],per=[0,1,2,3]): [1;32mOK[0m
  MUL_MAT(type_a=f32,type_b=f32,m=16,n=1,k=256,bs=[10,10],nr=[2,2],per=[0,1,2,3]): [1;32mOK[0m
  MUL_MAT(type_a=f32,type_b=f32,m=16,n=16,k=256,bs=[1,1],nr=[1,1],per=[0,1,2,3]): [1;32mOK[0m
  MUL_MAT(type_a=f32,type_b=f32,m=16,n=16,k=256,bs=[10,1],nr=[1,1],per=[0,1,2,3]): [1;32mOK[0m
  MUL_MAT(type_a=f32,type_b=f32,m=16,n=16,k=256,bs=[10,1],nr=[2,1],per=[0,1,2,3]): [1;32mOK[0m
  MUL_MAT(type_a=f32,type_b=f32,m=16,n=16,k=256,bs=[10,10],nr=[1,1],per=[0,1,2,3]): [1;32mOK[0m
  MUL_MAT(type_a=f32,type_b=f32,m=16,n=16,k=256,bs=[10,10],nr=[2,1],per=[0,1,2,3]): [1;32mOK[0m
  MUL_MAT(type_a=f32,type_b=f32,m=16,n=16,k=256,bs=[10,10],nr=[1,2],per=[0,1,2,3]): [1;32mOK[0m
  MUL_MAT(type_a=f32,type_b=f32,m=16,n=16,k=256,bs=[10,10],nr=[2,2],per=[0,1,2,3]): [1;32mOK[0m
  MUL_MAT(type_a=f32,type_b=f32,m=16,n=1,k=256,bs=[2,3],nr=[1,1],per=[0,2,1,3]): [1;32mOK[0m
  MUL_MAT(type_a=f32,type_b=f32,m=16,n=1,k=256,bs=[2,3],nr=[1,1],per=[0,1,3,2]): [1;32mOK[0m
  MUL_MAT(type_a=f32,type_b=f32,m=16,n=1,k=256,bs=[2,3],nr=[1,1],per=[0,3,2,1]): [1;32mOK[0m
  MUL_MAT(type_a=f32,type_b=f32,m=16,n=8,k=256,bs=[2,3],nr=[1,1],per=[0,2,1,3]): [1;32mOK[0m
  MUL_MAT(type_a=f32,type_b=f32,m=16,n=8,k=256,bs=[2,3],nr=[1,1],per=[0,1,3,2]): [1;32mOK[0m
  MUL_MAT(type_a=f32,type_b=f32,m=16,n=8,k=256,bs=[2,3],nr=[1,1],per=[0,3,2,1]): [1;32mOK[0m
  MUL_MAT(type_a=f32,type_b=f32,m=16,n=16,k=256,bs=[2,3],nr=[1,1],per=[0,2,1,3]): [1;32mOK[0m
  MUL_MAT(type_a=f32,type_b=f32,m=16,n=16,k=256,bs=[2,3],nr=[1,1],per=[0,1,3,2]): [1;32mOK[0m
  MUL_MAT(type_a=f32,type_b=f32,m=16,n=16,k=256,bs=[2,3],nr=[1,1],per=[0,3,2,1]): [1;32mOK[0m
  MUL_MAT(type_a=f32,type_b=f16,m=16,n=1,k=256,bs=[1,1],nr=[1,1],per=[0,1,2,3]): not supported [Metal] not supported [CPU] 
  MUL_MAT(type_a=f32,type_b=f16,m=16,n=1,k=256,bs=[10,1],nr=[1,1],per=[0,1,2,3]): not supported [Metal] not supported [CPU] 
  MUL_MAT(type_a=f32,type_b=f16,m=16,n=1,k=256,bs=[10,1],nr=[2,1],per=[0,1,2,3]): not supported [Metal] not supported [CPU] 
  MUL_MAT(type_a=f32,type_b=f16,m=16,n=1,k=256,bs=[10,10],nr=[1,1],per=[0,1,2,3]): not supported [Metal] not supported [CPU] 
  MUL_MAT(type_a=f32,type_b=f16,m=16,n=1,k=256,bs=[10,10],nr=[2,1],per=[0,1,2,3]): not supported [Metal] not supported [CPU] 
  MUL_MAT(type_a=f32,type_b=f16,m=16,n=1,k=256,bs=[10,10],nr=[1,2],per=[0,1,2,3]): not supported [Metal] not supported [CPU] 
  MUL_MAT(type_a=f32,type_b=f16,m=16,n=1,k=256,bs=[10,10],nr=[2,2],per=[0,1,2,3]): not supported [Metal] not supported [CPU] 
  MUL_MAT(type_a=f32,type_b=f16,m=16,n=16,k=256,bs=[1,1],nr=[1,1],per=[0,1,2,3]): not supported [Metal] not supported [CPU] 
  MUL_MAT(type_a=f32,type_b=f16,m=16,n=16,k=256,bs=[10,1],nr=[1,1],per=[0,1,2,3]): not supported [Metal] not supported [CPU] 
  MUL_MAT(type_a=f32,type_b=f16,m=16,n=16,k=256,bs=[10,1],nr=[2,1],per=[0,1,2,3]): not supported [Metal] not supported [CPU] 
  MUL_MAT(type_a=f32,type_b=f16,m=16,n=16,k=256,bs=[10,10],nr=[1,1],per=[0,1,2,3]): not supported [Metal] not supported [CPU] 
  MUL_MAT(type_a=f32,type_b=f16,m=16,n=16,k=256,bs=[10,10],nr=[2,1],per=[0,1,2,3]): not supported [Metal] not supported [CPU] 
  MUL_MAT(type_a=f32,type_b=f16,m=16,n=16,k=256,bs=[10,10],nr=[1,2],per=[0,1,2,3]): not supported [Metal] not supported [CPU] 
  MUL_MAT(type_a=f32,type_b=f16,m=16,n=16,k=256,bs=[10,10],nr=[2,2],per=[0,1,2,3]): not supported [Metal] not supported [CPU] 
  MUL_MAT(type_a=f32,type_b=f16,m=16,n=1,k=256,bs=[2,3],nr=[1,1],per=[0,2,1,3]): not supported [Metal] not supported [CPU] 
  MUL_MAT(type_a=f32,type_b=f16,m=16,n=1,k=256,bs=[2,3],nr=[1,1],per=[0,1,3,2]): not supported [Metal] not supported [CPU] 
  MUL_MAT(type_a=f32,type_b=f16,m=16,n=1,k=256,bs=[2,3],nr=[1,1],per=[0,3,2,1]): not supported [Metal] not supported [CPU] 
  MUL_MAT(type_a=f32,type_b=f16,m=16,n=8,k=256,bs=[2,3],nr=[1,1],per=[0,2,1,3]): not supported [Metal] not supported [CPU] 
  MUL_MAT(type_a=f32,type_b=f16,m=16,n=8,k=256,bs=[2,3],nr=[1,1],per=[0,1,3,2]): not supported [Metal] not supported [CPU] 
  MUL_MAT(type_a=f32,type_b=f16,m=16,n=8,k=256,bs=[2,3],nr=[1,1],per=[0,3,2,1]): not supported [Metal] not supported [CPU] 
  MUL_MAT(type_a=f32,type_b=f16,m=16,n=16,k=256,bs=[2,3],nr=[1,1],per=[0,2,1,3]): not supported [Metal] not supported [CPU] 
  MUL_MAT(type_a=f32,type_b=f16,m=16,n=16,k=256,bs=[2,3],nr=[1,1],per=[0,1,3,2]): not supported [Metal] not supported [CPU] 
  MUL_MAT(type_a=f32,type_b=f16,m=16,n=16,k=256,bs=[2,3],nr=[1,1],per=[0,3,2,1]): not supported [Metal] not supported [CPU] 
  MUL_MAT(type_a=f16,type_b=f32,m=16,n=1,k=256,bs=[1,1],nr=[1,1],per=[0,1,2,3]): [1;32mOK[0m
  MUL_MAT(type_a=f16,type_b=f32,m=16,n=1,k=256,bs=[10,1],nr=[1,1],per=[0,1,2,3]): [1;32mOK[0m
  MUL_MAT(type_a=f16,type_b=f32,m=16,n=1,k=256,bs=[10,1],nr=[2,1],per=[0,1,2,3]): [1;32mOK[0m
  MUL_MAT(type_a=f16,type_b=f32,m=16,n=1,k=256,bs=[10,10],nr=[1,1],per=[0,1,2,3]): [1;32mOK[0m
  MUL_MAT(type_a=f16,type_b=f32,m=16,n=1,k=256,bs=[10,10],nr=[2,1],per=[0,1,2,3]): [1;32mOK[0m
  MUL_MAT(type_a=f16,type_b=f32,m=16,n=1,k=256,bs=[10,10],nr=[1,2],per=[0,1,2,3]): [1;32mOK[0m
  MUL_MAT(type_a=f16,type_b=f32,m=16,n=1,k=256,bs=[10,10],nr=[2,2],per=[0,1,2,3]): [1;32mOK[0m
  MUL_MAT(type_a=f16,type_b=f32,m=16,n=16,k=256,bs=[1,1],nr=[1,1],per=[0,1,2,3]): [1;32mOK[0m
  MUL_MAT(type_a=f16,type_b=f32,m=16,n=16,k=256,bs=[10,1],nr=[1,1],per=[0,1,2,3]): [1;32mOK[0m
  MUL_MAT(type_a=f16,type_b=f32,m=16,n=16,k=256,bs=[10,1],nr=[2,1],per=[0,1,2,3]): [1;32mOK[0m
  MUL_MAT(type_a=f16,type_b=f32,m=16,n=16,k=256,bs=[10,10],nr=[1,1],per=[0,1,2,3]): [1;32mOK[0m
  MUL_MAT(type_a=f16,type_b=f32,m=16,n=16,k=256,bs=[10,10],nr=[2,1],per=[0,1,2,3]): [1;32mOK[0m
  MUL_MAT(type_a=f16,type_b=f32,m=16,n=16,k=256,bs=[10,10],nr=[1,2],per=[0,1,2,3]): [1;32mOK[0m
  MUL_MAT(type_a=f16,type_b=f32,m=16,n=16,k=256,bs=[10,10],nr=[2,2],per=[0,1,2,3]): [1;32mOK[0m
  MUL_MAT(type_a=f16,type_b=f32,m=16,n=1,k=256,bs=[2,3],nr=[1,1],per=[0,2,1,3]): [1;32mOK[0m
  MUL_MAT(type_a=f16,type_b=f32,m=16,n=1,k=256,bs=[2,3],nr=[1,1],per=[0,1,3,2]): [1;32mOK[0m
  MUL_MAT(type_a=f16,type_b=f32,m=16,n=1,k=256,bs=[2,3],nr=[1,1],per=[0,3,2,1]): [1;32mOK[0m
  MUL_MAT(type_a=f16,type_b=f32,m=16,n=8,k=256,bs=[2,3],nr=[1,1],per=[0,2,1,3]): [1;32mOK[0m
  MUL_MAT(type_a=f16,type_b=f32,m=16,n=8,k=256,bs=[2,3],nr=[1,1],per=[0,1,3,2]): [1;32mOK[0m
  MUL_MAT(type_a=f16,type_b=f32,m=16,n=8,k=256,bs=[2,3],nr=[1,1],per=[0,3,2,1]): [1;32mOK[0m
  MUL_MAT(type_a=f16,type_b=f32,m=16,n=16,k=256,bs=[2,3],nr=[1,1],per=[0,2,1,3]): [1;32mOK[0m
  MUL_MAT(type_a=f16,type_b=f32,m=16,n=16,k=256,bs=[2,3],nr=[1,1],per=[0,1,3,2]): [1;32mOK[0m
  MUL_MAT(type_a=f16,type_b=f32,m=16,n=16,k=256,bs=[2,3],nr=[1,1],per=[0,3,2,1]): [1;32mOK[0m
  MUL_MAT(type_a=f16,type_b=f16,m=16,n=1,k=256,bs=[1,1],nr=[1,1],per=[0,1,2,3]): [1;32mOK[0m
  MUL_MAT(type_a=f16,type_b=f16,m=16,n=1,k=256,bs=[10,1],nr=[1,1],per=[0,1,2,3]): [1;32mOK[0m
  MUL_MAT(type_a=f16,type_b=f16,m=16,n=1,k=256,bs=[10,1],nr=[2,1],per=[0,1,2,3]): [1;32mOK[0m
  MUL_MAT(type_a=f16,type_b=f16,m=16,n=1,k=256,bs=[10,10],nr=[1,1],per=[0,1,2,3]): [1;32mOK[0m
  MUL_MAT(type_a=f16,type_b=f16,m=16,n=1,k=256,bs=[10,10],nr=[2,1],per=[0,1,2,3]): [1;32mOK[0m
  MUL_MAT(type_a=f16,type_b=f16,m=16,n=1,k=256,bs=[10,10],nr=[1,2],per=[0,1,2,3]): [1;32mOK[0m
  MUL_MAT(type_a=f16,type_b=f16,m=16,n=1,k=256,bs=[10,10],nr=[2,2],per=[0,1,2,3]): [1;32mOK[0m
  MUL_MAT(type_a=f16,type_b=f16,m=16,n=16,k=256,bs=[1,1],nr=[1,1],per=[0,1,2,3]): [1;32mOK[0m
  MUL_MAT(type_a=f16,type_b=f16,m=16,n=16,k=256,bs=[10,1],nr=[1,1],per=[0,1,2,3]): [1;32mOK[0m
  MUL_MAT(type_a=f16,type_b=f16,m=16,n=16,k=256,bs=[10,1],nr=[2,1],per=[0,1,2,3]): [1;32mOK[0m
  MUL_MAT(type_a=f16,type_b=f16,m=16,n=16,k=256,bs=[10,10],nr=[1,1],per=[0,1,2,3]): [1;32mOK[0m
  MUL_MAT(type_a=f16,type_b=f16,m=16,n=16,k=256,bs=[10,10],nr=[2,1],per=[0,1,2,3]): [1;32mOK[0m
  MUL_MAT(type_a=f16,type_b=f16,m=16,n=16,k=256,bs=[10,10],nr=[1,2],per=[0,1,2,3]): [1;32mOK[0m
  MUL_MAT(type_a=f16,type_b=f16,m=16,n=16,k=256,bs=[10,10],nr=[2,2],per=[0,1,2,3]): [1;32mOK[0m
  MUL_MAT(type_a=f16,type_b=f16,m=16,n=1,k=256,bs=[2,3],nr=[1,1],per=[0,2,1,3]): [1;32mOK[0m
  MUL_MAT(type_a=f16,type_b=f16,m=16,n=1,k=256,bs=[2,3],nr=[1,1],per=[0,1,3,2]): [1;32mOK[0m
  MUL_MAT(type_a=f16,type_b=f16,m=16,n=1,k=256,bs=[2,3],nr=[1,1],per=[0,3,2,1]): [1;32mOK[0m
  MUL_MAT(type_a=f16,type_b=f16,m=16,n=8,k=256,bs=[2,3],nr=[1,1],per=[0,2,1,3]): [1;32mOK[0m
  MUL_MAT(type_a=f16,type_b=f16,m=16,n=8,k=256,bs=[2,3],nr=[1,1],per=[0,1,3,2]): [1;32mOK[0m
  MUL_MAT(type_a=f16,type_b=f16,m=16,n=8,k=256,bs=[2,3],nr=[1,1],per=[0,3,2,1]): [1;32mOK[0m
  MUL_MAT(type_a=f16,type_b=f16,m=16,n=16,k=256,bs=[2,3],nr=[1,1],per=[0,2,1,3]): [1;32mOK[0m
  MUL_MAT(type_a=f16,type_b=f16,m=16,n=16,k=256,bs=[2,3],nr=[1,1],per=[0,1,3,2]): [1;32mOK[0m
  MUL_MAT(type_a=f16,type_b=f16,m=16,n=16,k=256,bs=[2,3],nr=[1,1],per=[0,3,2,1]): [1;32mOK[0m
  MUL_MAT(type_a=q4_0,type_b=f32,m=16,n=1,k=256,bs=[1,1],nr=[1,1],per=[0,1,2,3]): [1;32mOK[0m
  MUL_MAT(type_a=q4_0,type_b=f32,m=16,n=1,k=256,bs=[10,1],nr=[1,1],per=[0,1,2,3]): [1;32mOK[0m
  MUL_MAT(type_a=q4_0,type_b=f32,m=16,n=1,k=256,bs=[10,1],nr=[2,1],per=[0,1,2,3]): [1;32mOK[0m
  MUL_MAT(type_a=q4_0,type_b=f32,m=16,n=1,k=256,bs=[10,10],nr=[1,1],per=[0,1,2,3]): [1;32mOK[0m
  MUL_MAT(type_a=q4_0,type_b=f32,m=16,n=1,k=256,bs=[10,10],nr=[2,1],per=[0,1,2,3]): [1;32mOK[0m
  MUL_MAT(type_a=q4_0,type_b=f32,m=16,n=1,k=256,bs=[10,10],nr=[1,2],per=[0,1,2,3]): [1;32mOK[0m
  MUL_MAT(type_a=q4_0,type_b=f32,m=16,n=1,k=256,bs=[10,10],nr=[2,2],per=[0,1,2,3]): [1;32mOK[0m
  MUL_MAT(type_a=q4_0,type_b=f32,m=16,n=16,k=256,bs=[1,1],nr=[1,1],per=[0,1,2,3]): [1;32mOK[0m
  MUL_MAT(type_a=q4_0,type_b=f32,m=16,n=16,k=256,bs=[10,1],nr=[1,1],per=[0,1,2,3]): [1;32mOK[0m
  MUL_MAT(type_a=q4_0,type_b=f32,m=16,n=16,k=256,bs=[10,1],nr=[2,1],per=[0,1,2,3]): [1;32mOK[0m
  MUL_MAT(type_a=q4_0,type_b=f32,m=16,n=16,k=256,bs=[10,10],nr=[1,1],per=[0,1,2,3]): [1;32mOK[0m
  MUL_MAT(type_a=q4_0,type_b=f32,m=16,n=16,k=256,bs=[10,10],nr=[2,1],per=[0,1,2,3]): [1;32mOK[0m
  MUL_MAT(type_a=q4_0,type_b=f32,m=16,n=16,k=256,bs=[10,10],nr=[1,2],per=[0,1,2,3]): [1;32mOK[0m
  MUL_MAT(type_a=q4_0,type_b=f32,m=16,n=16,k=256,bs=[10,10],nr=[2,2],per=[0,1,2,3]): [1;32mOK[0m
  MUL_MAT(type_a=q4_0,type_b=f32,m=16,n=1,k=256,bs=[2,3],nr=[1,1],per=[0,2,1,3]): [1;32mOK[0m
  MUL_MAT(type_a=q4_0,type_b=f32,m=16,n=1,k=256,bs=[2,3],nr=[1,1],per=[0,1,3,2]): [1;32mOK[0m
  MUL_MAT(type_a=q4_0,type_b=f32,m=16,n=1,k=256,bs=[2,3],nr=[1,1],per=[0,3,2,1]): [1;32mOK[0m
  MUL_MAT(type_a=q4_0,type_b=f32,m=16,n=8,k=256,bs=[2,3],nr=[1,1],per=[0,2,1,3]): [1;32mOK[0m
  MUL_MAT(type_a=q4_0,type_b=f32,m=16,n=8,k=256,bs=[2,3],nr=[1,1],per=[0,1,3,2]): [1;32mOK[0m
  MUL_MAT(type_a=q4_0,type_b=f32,m=16,n=8,k=256,bs=[2,3],nr=[1,1],per=[0,3,2,1]): [1;32mOK[0m
  MUL_MAT(type_a=q4_0,type_b=f32,m=16,n=16,k=256,bs=[2,3],nr=[1,1],per=[0,2,1,3]): [1;32mOK[0m
  MUL_MAT(type_a=q4_0,type_b=f32,m=16,n=16,k=256,bs=[2,3],nr=[1,1],per=[0,1,3,2]): [1;32mOK[0m
  MUL_MAT(type_a=q4_0,type_b=f32,m=16,n=16,k=256,bs=[2,3],nr=[1,1],per=[0,3,2,1]): [1;32mOK[0m
  MUL_MAT(type_a=q4_0,type_b=f16,m=16,n=1,k=256,bs=[1,1],nr=[1,1],per=[0,1,2,3]): not supported [CPU] 
  MUL_MAT(type_a=q4_0,type_b=f16,m=16,n=1,k=256,bs=[10,1],nr=[1,1],per=[0,1,2,3]): not supported [CPU] 
  MUL_MAT(type_a=q4_0,type_b=f16,m=16,n=1,k=256,bs=[10,1],nr=[2,1],per=[0,1,2,3]): not supported [CPU] 
  MUL_MAT(type_a=q4_0,type_b=f16,m=16,n=1,k=256,bs=[10,10],nr=[1,1],per=[0,1,2,3]): not supported [CPU] 
  MUL_MAT(type_a=q4_0,type_b=f16,m=16,n=1,k=256,bs=[10,10],nr=[2,1],per=[0,1,2,3]): not supported [CPU] 
  MUL_MAT(type_a=q4_0,type_b=f16,m=16,n=1,k=256,bs=[10,10],nr=[1,2],per=[0,1,2,3]): not supported [CPU] 
  MUL_MAT(type_a=q4_0,type_b=f16,m=16,n=1,k=256,bs=[10,10],nr=[2,2],per=[0,1,2,3]): not supported [CPU] 
  MUL_MAT(type_a=q4_0,type_b=f16,m=16,n=16,k=256,bs=[1,1],nr=[1,1],per=[0,1,2,3]): not supported [CPU] 
  MUL_MAT(type_a=q4_0,type_b=f16,m=16,n=16,k=256,bs=[10,1],nr=[1,1],per=[0,1,2,3]): not supported [CPU] 
  MUL_MAT(type_a=q4_0,type_b=f16,m=16,n=16,k=256,bs=[10,1],nr=[2,1],per=[0,1,2,3]): not supported [CPU] 
  MUL_MAT(type_a=q4_0,type_b=f16,m=16,n=16,k=256,bs=[10,10],nr=[1,1],per=[0,1,2,3]): not supported [CPU] 
  MUL_MAT(type_a=q4_0,type_b=f16,m=16,n=16,k=256,bs=[10,10],nr=[2,1],per=[0,1,2,3]): not supported [CPU] 
  MUL_MAT(type_a=q4_0,type_b=f16,m=16,n=16,k=256,bs=[10,10],nr=[1,2],per=[0,1,2,3]): not supported [CPU] 
  MUL_MAT(type_a=q4_0,type_b=f16,m=16,n=16,k=256,bs=[10,10],nr=[2,2],per=[0,1,2,3]): not supported [CPU] 
  MUL_MAT(type_a=q4_0,type_b=f16,m=16,n=1,k=256,bs=[2,3],nr=[1,1],per=[0,2,1,3]): not supported [CPU] 
  MUL_MAT(type_a=q4_0,type_b=f16,m=16,n=1,k=256,bs=[2,3],nr=[1,1],per=[0,1,3,2]): not supported [CPU] 
  MUL_MAT(type_a=q4_0,type_b=f16,m=16,n=1,k=256,bs=[2,3],nr=[1,1],per=[0,3,2,1]): not supported [CPU] 
  MUL_MAT(type_a=q4_0,type_b=f16,m=16,n=8,k=256,bs=[2,3],nr=[1,1],per=[0,2,1,3]): not supported [CPU] 
  MUL_MAT(type_a=q4_0,type_b=f16,m=16,n=8,k=256,bs=[2,3],nr=[1,1],per=[0,1,3,2]): not supported [CPU] 
  MUL_MAT(type_a=q4_0,type_b=f16,m=16,n=8,k=256,bs=[2,3],nr=[1,1],per=[0,3,2,1]): not supported [CPU] 
  MUL_MAT(type_a=q4_0,type_b=f16,m=16,n=16,k=256,bs=[2,3],nr=[1,1],per=[0,2,1,3]): not supported [CPU] 
  MUL_MAT(type_a=q4_0,type_b=f16,m=16,n=16,k=256,bs=[2,3],nr=[1,1],per=[0,1,3,2]): not supported [CPU] 
  MUL_MAT(type_a=q4_0,type_b=f16,m=16,n=16,k=256,bs=[2,3],nr=[1,1],per=[0,3,2,1]): not supported [CPU] 
  MUL_MAT(type_a=q4_K,type_b=f32,m=16,n=1,k=256,bs=[1,1],nr=[1,1],per=[0,1,2,3]): [1;32mOK[0m
  MUL_MAT(type_a=q4_K,type_b=f32,m=16,n=1,k=256,bs=[10,1],nr=[1,1],per=[0,1,2,3]): [1;32mOK[0m
  MUL_MAT(type_a=q4_K,type_b=f32,m=16,n=1,k=256,bs=[10,1],nr=[2,1],per=[0,1,2,3]): [1;32mOK[0m
  MUL_MAT(type_a=q4_K,type_b=f32,m=16,n=1,k=256,bs=[10,10],nr=[1,1],per=[0,1,2,3]): [1;32mOK[0m
  MUL_MAT(type_a=q4_K,type_b=f32,m=16,n=1,k=256,bs=[10,10],nr=[2,1],per=[0,1,2,3]): [1;32mOK[0m
  MUL_MAT(type_a=q4_K,type_b=f32,m=16,n=1,k=256,bs=[10,10],nr=[1,2],per=[0,1,2,3]): [1;32mOK[0m
  MUL_MAT(type_a=q4_K,type_b=f32,m=16,n=1,k=256,bs=[10,10],nr=[2,2],per=[0,1,2,3]): [1;32mOK[0m
  MUL_MAT(type_a=q4_K,type_b=f32,m=16,n=16,k=256,bs=[1,1],nr=[1,1],per=[0,1,2,3]): [1;32mOK[0m
  MUL_MAT(type_a=q4_K,type_b=f32,m=16,n=16,k=256,bs=[10,1],nr=[1,1],per=[0,1,2,3]): [1;32mOK[0m
  MUL_MAT(type_a=q4_K,type_b=f32,m=16,n=16,k=256,bs=[10,1],nr=[2,1],per=[0,1,2,3]): [1;32mOK[0m
  MUL_MAT(type_a=q4_K,type_b=f32,m=16,n=16,k=256,bs=[10,10],nr=[1,1],per=[0,1,2,3]): [1;32mOK[0m
  MUL_MAT(type_a=q4_K,type_b=f32,m=16,n=16,k=256,bs=[10,10],nr=[2,1],per=[0,1,2,3]): [1;32mOK[0m
  MUL_MAT(type_a=q4_K,type_b=f32,m=16,n=16,k=256,bs=[10,10],nr=[1,2],per=[0,1,2,3]): [1;32mOK[0m
  MUL_MAT(type_a=q4_K,type_b=f32,m=16,n=16,k=256,bs=[10,10],nr=[2,2],per=[0,1,2,3]): [1;32mOK[0m
  MUL_MAT(type_a=q4_K,type_b=f32,m=16,n=1,k=256,bs=[2,3],nr=[1,1],per=[0,2,1,3]): [1;32mOK[0m
  MUL_MAT(type_a=q4_K,type_b=f32,m=16,n=1,k=256,bs=[2,3],nr=[1,1],per=[0,1,3,2]): [1;32mOK[0m
  MUL_MAT(type_a=q4_K,type_b=f32,m=16,n=1,k=256,bs=[2,3],nr=[1,1],per=[0,3,2,1]): [1;32mOK[0m
  MUL_MAT(type_a=q4_K,type_b=f32,m=16,n=8,k=256,bs=[2,3],nr=[1,1],per=[0,2,1,3]): [1;32mOK[0m
  MUL_MAT(type_a=q4_K,type_b=f32,m=16,n=8,k=256,bs=[2,3],nr=[1,1],per=[0,1,3,2]): [1;32mOK[0m
  MUL_MAT(type_a=q4_K,type_b=f32,m=16,n=8,k=256,bs=[2,3],nr=[1,1],per=[0,3,2,1]): [1;32mOK[0m
  MUL_MAT(type_a=q4_K,type_b=f32,m=16,n=16,k=256,bs=[2,3],nr=[1,1],per=[0,2,1,3]): [1;32mOK[0m
  MUL_MAT(type_a=q4_K,type_b=f32,m=16,n=16,k=256,bs=[2,3],nr=[1,1],per=[0,1,3,2]): [1;32mOK[0m
  MUL_MAT(type_a=q4_K,type_b=f32,m=16,n=16,k=256,bs=[2,3],nr=[1,1],per=[0,3,2,1]): [1;32mOK[0m
  MUL_MAT(type_a=q4_K,type_b=f16,m=16,n=1,k=256,bs=[1,1],nr=[1,1],per=[0,1,2,3]): not supported [CPU] 
  MUL_MAT(type_a=q4_K,type_b=f16,m=16,n=1,k=256,bs=[10,1],nr=[1,1],per=[0,1,2,3]): not supported [CPU] 
  MUL_MAT(type_a=q4_K,type_b=f16,m=16,n=1,k=256,bs=[10,1],nr=[2,1],per=[0,1,2,3]): not supported [CPU] 
  MUL_MAT(type_a=q4_K,type_b=f16,m=16,n=1,k=256,bs=[10,10],nr=[1,1],per=[0,1,2,3]): not supported [CPU] 
  MUL_MAT(type_a=q4_K,type_b=f16,m=16,n=1,k=256,bs=[10,10],nr=[2,1],per=[0,1,2,3]): not supported [CPU] 
  MUL_MAT(type_a=q4_K,type_b=f16,m=16,n=1,k=256,bs=[10,10],nr=[1,2],per=[0,1,2,3]): not supported [CPU] 
  MUL_MAT(type_a=q4_K,type_b=f16,m=16,n=1,k=256,bs=[10,10],nr=[2,2],per=[0,1,2,3]): not supported [CPU] 
  MUL_MAT(type_a=q4_K,type_b=f16,m=16,n=16,k=256,bs=[1,1],nr=[1,1],per=[0,1,2,3]): not supported [CPU] 
  MUL_MAT(type_a=q4_K,type_b=f16,m=16,n=16,k=256,bs=[10,1],nr=[1,1],per=[0,1,2,3]): not supported [CPU] 
  MUL_MAT(type_a=q4_K,type_b=f16,m=16,n=16,k=256,bs=[10,1],nr=[2,1],per=[0,1,2,3]): not supported [CPU] 
  MUL_MAT(type_a=q4_K,type_b=f16,m=16,n=16,k=256,bs=[10,10],nr=[1,1],per=[0,1,2,3]): not supported [CPU] 
  MUL_MAT(type_a=q4_K,type_b=f16,m=16,n=16,k=256,bs=[10,10],nr=[2,1],per=[0,1,2,3]): not supported [CPU] 
  MUL_MAT(type_a=q4_K,type_b=f16,m=16,n=16,k=256,bs=[10,10],nr=[1,2],per=[0,1,2,3]): not supported [CPU] 
  MUL_MAT(type_a=q4_K,type_b=f16,m=16,n=16,k=256,bs=[10,10],nr=[2,2],per=[0,1,2,3]): not supported [CPU] 
  MUL_MAT(type_a=q4_K,type_b=f16,m=16,n=1,k=256,bs=[2,3],nr=[1,1],per=[0,2,1,3]): not supported [CPU] 
  MUL_MAT(type_a=q4_K,type_b=f16,m=16,n=1,k=256,bs=[2,3],nr=[1,1],per=[0,1,3,2]): not supported [CPU] 
  MUL_MAT(type_a=q4_K,type_b=f16,m=16,n=1,k=256,bs=[2,3],nr=[1,1],per=[0,3,2,1]): not supported [CPU] 
  MUL_MAT(type_a=q4_K,type_b=f16,m=16,n=8,k=256,bs=[2,3],nr=[1,1],per=[0,2,1,3]): not supported [CPU] 
  MUL_MAT(type_a=q4_K,type_b=f16,m=16,n=8,k=256,bs=[2,3],nr=[1,1],per=[0,1,3,2]): not supported [CPU] 
  MUL_MAT(type_a=q4_K,type_b=f16,m=16,n=8,k=256,bs=[2,3],nr=[1,1],per=[0,3,2,1]): not supported [CPU] 
  MUL_MAT(type_a=q4_K,type_b=f16,m=16,n=16,k=256,bs=[2,3],nr=[1,1],per=[0,2,1,3]): not supported [CPU] 
  MUL_MAT(type_a=q4_K,type_b=f16,m=16,n=16,k=256,bs=[2,3],nr=[1,1],per=[0,1,3,2]): not supported [CPU] 
  MUL_MAT(type_a=q4_K,type_b=f16,m=16,n=16,k=256,bs=[2,3],nr=[1,1],per=[0,3,2,1]): not supported [CPU] 
  MUL_MAT(type_a=iq2_xxs,type_b=f32,m=16,n=1,k=256,bs=[1,1],nr=[1,1],per=[0,1,2,3]): [1;32mOK[0m
  MUL_MAT(type_a=iq2_xxs,type_b=f32,m=16,n=1,k=256,bs=[10,1],nr=[1,1],per=[0,1,2,3]): [1;32mOK[0m
  MUL_MAT(type_a=iq2_xxs,type_b=f32,m=16,n=1,k=256,bs=[10,1],nr=[2,1],per=[0,1,2,3]): [1;32mOK[0m
  MUL_MAT(type_a=iq2_xxs,type_b=f32,m=16,n=1,k=256,bs=[10,10],nr=[1,1],per=[0,1,2,3]): [1;32mOK[0m
  MUL_MAT(type_a=iq2_xxs,type_b=f32,m=16,n=1,k=256,bs=[10,10],nr=[2,1],per=[0,1,2,3]): [1;32mOK[0m
  MUL_MAT(type_a=iq2_xxs,type_b=f32,m=16,n=1,k=256,bs=[10,10],nr=[1,2],per=[0,1,2,3]): [1;32mOK[0m
  MUL_MAT(type_a=iq2_xxs,type_b=f32,m=16,n=1,k=256,bs=[10,10],nr=[2,2],per=[0,1,2,3]): [1;32mOK[0m
  MUL_MAT(type_a=iq2_xxs,type_b=f32,m=16,n=16,k=256,bs=[1,1],nr=[1,1],per=[0,1,2,3]): [1;32mOK[0m
  MUL_MAT(type_a=iq2_xxs,type_b=f32,m=16,n=16,k=256,bs=[10,1],nr=[1,1],per=[0,1,2,3]): [1;32mOK[0m
  MUL_MAT(type_a=iq2_xxs,type_b=f32,m=16,n=16,k=256,bs=[10,1],nr=[2,1],per=[0,1,2,3]): [1;32mOK[0m
  MUL_MAT(type_a=iq2_xxs,type_b=f32,m=16,n=16,k=256,bs=[10,10],nr=[1,1],per=[0,1,2,3]): [1;32mOK[0m
  MUL_MAT(type_a=iq2_xxs,type_b=f32,m=16,n=16,k=256,bs=[10,10],nr=[2,1],per=[0,1,2,3]): [1;32mOK[0m
  MUL_MAT(type_a=iq2_xxs,type_b=f32,m=16,n=16,k=256,bs=[10,10],nr=[1,2],per=[0,1,2,3]): [1;32mOK[0m
  MUL_MAT(type_a=iq2_xxs,type_b=f32,m=16,n=16,k=256,bs=[10,10],nr=[2,2],per=[0,1,2,3]): [1;32mOK[0m
  MUL_MAT(type_a=iq2_xxs,type_b=f32,m=16,n=1,k=256,bs=[2,3],nr=[1,1],per=[0,2,1,3]): [1;32mOK[0m
  MUL_MAT(type_a=iq2_xxs,type_b=f32,m=16,n=1,k=256,bs=[2,3],nr=[1,1],per=[0,1,3,2]): [1;32mOK[0m
  MUL_MAT(type_a=iq2_xxs,type_b=f32,m=16,n=1,k=256,bs=[2,3],nr=[1,1],per=[0,3,2,1]): [1;32mOK[0m
  MUL_MAT(type_a=iq2_xxs,type_b=f32,m=16,n=8,k=256,bs=[2,3],nr=[1,1],per=[0,2,1,3]): [1;32mOK[0m
  MUL_MAT(type_a=iq2_xxs,type_b=f32,m=16,n=8,k=256,bs=[2,3],nr=[1,1],per=[0,1,3,2]): [1;32mOK[0m
  MUL_MAT(type_a=iq2_xxs,type_b=f32,m=16,n=8,k=256,bs=[2,3],nr=[1,1],per=[0,3,2,1]): [1;32mOK[0m
  MUL_MAT(type_a=iq2_xxs,type_b=f32,m=16,n=16,k=256,bs=[2,3],nr=[1,1],per=[0,2,1,3]): [1;32mOK[0m
  MUL_MAT(type_a=iq2_xxs,type_b=f32,m=16,n=16,k=256,bs=[2,3],nr=[1,1],per=[0,1,3,2]): [1;32mOK[0m
  MUL_MAT(type_a=iq2_xxs,type_b=f32,m=16,n=16,k=256,bs=[2,3],nr=[1,1],per=[0,3,2,1]): [1;32mOK[0m
  MUL_MAT(type_a=iq2_xxs,type_b=f16,m=16,n=1,k=256,bs=[1,1],nr=[1,1],per=[0,1,2,3]): not supported [CPU] 
  MUL_MAT(type_a=iq2_xxs,type_b=f16,m=16,n=1,k=256,bs=[10,1],nr=[1,1],per=[0,1,2,3]): not supported [CPU] 
  MUL_MAT(type_a=iq2_xxs,type_b=f16,m=16,n=1,k=256,bs=[10,1],nr=[2,1],per=[0,1,2,3]): not supported [CPU] 
  MUL_MAT(type_a=iq2_xxs,type_b=f16,m=16,n=1,k=256,bs=[10,10],nr=[1,1],per=[0,1,2,3]): not supported [CPU] 
  MUL_MAT(type_a=iq2_xxs,type_b=f16,m=16,n=1,k=256,bs=[10,10],nr=[2,1],per=[0,1,2,3]): not supported [CPU] 
  MUL_MAT(type_a=iq2_xxs,type_b=f16,m=16,n=1,k=256,bs=[10,10],nr=[1,2],per=[0,1,2,3]): not supported [CPU] 
  MUL_MAT(type_a=iq2_xxs,type_b=f16,m=16,n=1,k=256,bs=[10,10],nr=[2,2],per=[0,1,2,3]): not supported [CPU] 
  MUL_MAT(type_a=iq2_xxs,type_b=f16,m=16,n=16,k=256,bs=[1,1],nr=[1,1],per=[0,1,2,3]): not supported [CPU] 
  MUL_MAT(type_a=iq2_xxs,type_b=f16,m=16,n=16,k=256,bs=[10,1],nr=[1,1],per=[0,1,2,3]): not supported [CPU] 
  MUL_MAT(type_a=iq2_xxs,type_b=f16,m=16,n=16,k=256,bs=[10,1],nr=[2,1],per=[0,1,2,3]): not supported [CPU] 
  MUL_MAT(type_a=iq2_xxs,type_b=f16,m=16,n=16,k=256,bs=[10,10],nr=[1,1],per=[0,1,2,3]): not supported [CPU] 
  MUL_MAT(type_a=iq2_xxs,type_b=f16,m=16,n=16,k=256,bs=[10,10],nr=[2,1],per=[0,1,2,3]): not supported [CPU] 
  MUL_MAT(type_a=iq2_xxs,type_b=f16,m=16,n=16,k=256,bs=[10,10],nr=[1,2],per=[0,1,2,3]): not supported [CPU] 
  MUL_MAT(type_a=iq2_xxs,type_b=f16,m=16,n=16,k=256,bs=[10,10],nr=[2,2],per=[0,1,2,3]): not supported [CPU] 
  MUL_MAT(type_a=iq2_xxs,type_b=f16,m=16,n=1,k=256,bs=[2,3],nr=[1,1],per=[0,2,1,3]): not supported [CPU] 
  MUL_MAT(type_a=iq2_xxs,type_b=f16,m=16,n=1,k=256,bs=[2,3],nr=[1,1],per=[0,1,3,2]): not supported [CPU] 
  MUL_MAT(type_a=iq2_xxs,type_b=f16,m=16,n=1,k=256,bs=[2,3],nr=[1,1],per=[0,3,2,1]): not supported [CPU] 
  MUL_MAT(type_a=iq2_xxs,type_b=f16,m=16,n=8,k=256,bs=[2,3],nr=[1,1],per=[0,2,1,3]): not supported [CPU] 
  MUL_MAT(type_a=iq2_xxs,type_b=f16,m=16,n=8,k=256,bs=[2,3],nr=[1,1],per=[0,1,3,2]): not supported [CPU] 
  MUL_MAT(type_a=iq2_xxs,type_b=f16,m=16,n=8,k=256,bs=[2,3],nr=[1,1],per=[0,3,2,1]): not supported [CPU] 
  MUL_MAT(type_a=iq2_xxs,type_b=f16,m=16,n=16,k=256,bs=[2,3],nr=[1,1],per=[0,2,1,3]): not supported [CPU] 
  MUL_MAT(type_a=iq2_xxs,type_b=f16,m=16,n=16,k=256,bs=[2,3],nr=[1,1],per=[0,1,3,2]): not supported [CPU] 
  MUL_MAT(type_a=iq2_xxs,type_b=f16,m=16,n=16,k=256,bs=[2,3],nr=[1,1],per=[0,3,2,1]): not supported [CPU] 
  MUL_MAT(type_a=q4_1,type_b=f32,m=16,n=1,k=32,bs=[1,1],nr=[1,1],per=[0,1,2,3]): [1;32mOK[0m
  MUL_MAT(type_a=q4_1,type_b=f32,m=16,n=1,k=256,bs=[1,1],nr=[1,1],per=[0,1,2,3]): [1;32mOK[0m
  MUL_MAT(type_a=q5_0,type_b=f32,m=16,n=1,k=32,bs=[1,1],nr=[1,1],per=[0,1,2,3]): [1;32mOK[0m
  MUL_MAT(type_a=q5_0,type_b=f32,m=16,n=1,k=256,bs=[1,1],nr=[1,1],per=[0,1,2,3]): [1;32mOK[0m
  MUL_MAT(type_a=q5_1,type_b=f32,m=16,n=1,k=32,bs=[1,1],nr=[1,1],per=[0,1,2,3]): [1;32mOK[0m
  MUL_MAT(type_a=q5_1,type_b=f32,m=16,n=1,k=256,bs=[1,1],nr=[1,1],per=[0,1,2,3]): [1;32mOK[0m
  MUL_MAT(type_a=q8_0,type_b=f32,m=16,n=1,k=32,bs=[1,1],nr=[1,1],per=[0,1,2,3]): [1;32mOK[0m
  MUL_MAT(type_a=q8_0,type_b=f32,m=16,n=1,k=256,bs=[1,1],nr=[1,1],per=[0,1,2,3]): [1;32mOK[0m
  MUL_MAT(type_a=q2_K,type_b=f32,m=16,n=1,k=256,bs=[1,1],nr=[1,1],per=[0,1,2,3]): [1;32mOK[0m
  MUL_MAT(type_a=q3_K,type_b=f32,m=16,n=1,k=256,bs=[1,1],nr=[1,1],per=[0,1,2,3]): [1;32mOK[0m
  MUL_MAT(type_a=q5_K,type_b=f32,m=16,n=1,k=256,bs=[1,1],nr=[1,1],per=[0,1,2,3]): [1;32mOK[0m
  MUL_MAT(type_a=q6_K,type_b=f32,m=16,n=1,k=256,bs=[1,1],nr=[1,1],per=[0,1,2,3]): [1;32mOK[0m
  MUL_MAT(type_a=iq2_xs,type_b=f32,m=16,n=1,k=256,bs=[1,1],nr=[1,1],per=[0,1,2,3]): [1;32mOK[0m
  MUL_MAT(type_a=iq2_s,type_b=f32,m=16,n=1,k=256,bs=[1,1],nr=[1,1],per=[0,1,2,3]): [1;32mOK[0m
  MUL_MAT(type_a=iq3_xxs,type_b=f32,m=16,n=1,k=256,bs=[1,1],nr=[1,1],per=[0,1,2,3]): [1;32mOK[0m
  MUL_MAT(type_a=iq1_s,type_b=f32,m=16,n=1,k=256,bs=[1,1],nr=[1,1],per=[0,1,2,3]): [1;32mOK[0m
  MUL_MAT(type_a=iq1_m,type_b=f32,m=16,n=1,k=256,bs=[1,1],nr=[1,1],per=[0,1,2,3]): [1;32mOK[0m
  MUL_MAT(type_a=iq4_nl,type_b=f32,m=16,n=1,k=32,bs=[1,1],nr=[1,1],per=[0,1,2,3]): [1;32mOK[0m
  MUL_MAT(type_a=iq4_nl,type_b=f32,m=16,n=1,k=256,bs=[1,1],nr=[1,1],per=[0,1,2,3]): [1;32mOK[0m
  MUL_MAT(type_a=iq3_s,type_b=f32,m=16,n=1,k=256,bs=[1,1],nr=[1,1],per=[0,1,2,3]): [1;32mOK[0m
  MUL_MAT(type_a=iq4_xs,type_b=f32,m=16,n=1,k=256,bs=[1,1],nr=[1,1],per=[0,1,2,3]): [1;32mOK[0m
  MUL_MAT(type_a=bf16,type_b=f32,m=16,n=1,k=1,bs=[1,1],nr=[1,1],per=[0,1,2,3]): [1;32mOK[0m
  MUL_MAT(type_a=bf16,type_b=f32,m=16,n=1,k=256,bs=[1,1],nr=[1,1],per=[0,1,2,3]): [1;32mOK[0m
  MUL_MAT(type_a=f16,type_b=f32,m=64,n=2,k=128,bs=[8,1],nr=[1,1],per=[0,1,2,3]): [1;32mOK[0m
  MUL_MAT(type_a=f16,type_b=f32,m=83,n=2,k=128,bs=[8,1],nr=[4,1],per=[0,1,2,3]): [1;32mOK[0m
  MUL_MAT(type_a=f16,type_b=f32,m=64,n=2,k=64,bs=[8,1],nr=[4,1],per=[0,1,2,3]): [1;32mOK[0m
  MUL_MAT(type_a=f16,type_b=f32,m=83,n=2,k=64,bs=[8,1],nr=[4,1],per=[0,1,2,3]): [1;32mOK[0m
  MUL_MAT(type_a=f16,type_b=f32,m=64,n=45,k=128,bs=[8,1],nr=[4,1],per=[0,1,2,3]): [1;32mOK[0m
  MUL_MAT(type_a=f16,type_b=f32,m=128,n=45,k=64,bs=[8,1],nr=[4,1],per=[0,1,2,3]): [1;32mOK[0m
  MUL_MAT_ID(type_a=f32,type_b=f32,n_mats=4,n_used=1,b=0,m=512,n=1,k=256): [1;32mOK[0m
  MUL_MAT_ID(type_a=f32,type_b=f32,n_mats=4,n_used=1,b=0,m=512,n=32,k=256): [1;32mOK[0m
  MUL_MAT_ID(type_a=f32,type_b=f32,n_mats=4,n_used=1,b=1,m=512,n=1,k=256): [1;32mOK[0m
  MUL_MAT_ID(type_a=f32,type_b=f32,n_mats=4,n_used=1,b=1,m=512,n=32,k=256): [1;32mOK[0m
  MUL_MAT_ID(type_a=f32,type_b=f32,n_mats=4,n_used=2,b=0,m=512,n=1,k=256): [1;32mOK[0m
  MUL_MAT_ID(type_a=f32,type_b=f32,n_mats=4,n_used=2,b=0,m=512,n=32,k=256): [1;32mOK[0m
  MUL_MAT_ID(type_a=f32,type_b=f32,n_mats=4,n_used=2,b=1,m=512,n=1,k=256): [1;32mOK[0m
  MUL_MAT_ID(type_a=f32,type_b=f32,n_mats=4,n_used=2,b=1,m=512,n=32,k=256): [1;32mOK[0m
  MUL_MAT_ID(type_a=f32,type_b=f32,n_mats=4,n_used=4,b=0,m=512,n=1,k=256): [1;32mOK[0m
  MUL_MAT_ID(type_a=f32,type_b=f32,n_mats=4,n_used=4,b=0,m=512,n=32,k=256): [1;32mOK[0m
  MUL_MAT_ID(type_a=f32,type_b=f32,n_mats=4,n_used=4,b=1,m=512,n=1,k=256): [1;32mOK[0m
  MUL_MAT_ID(type_a=f32,type_b=f32,n_mats=4,n_used=4,b=1,m=512,n=32,k=256): [1;32mOK[0m
  MUL_MAT_ID(type_a=f32,type_b=f32,n_mats=8,n_used=1,b=0,m=512,n=1,k=256): [1;32mOK[0m
  MUL_MAT_ID(type_a=f32,type_b=f32,n_mats=8,n_used=1,b=0,m=512,n=32,k=256): [1;32mOK[0m
  MUL_MAT_ID(type_a=f32,type_b=f32,n_mats=8,n_used=1,b=1,m=512,n=1,k=256): [1;32mOK[0m
  MUL_MAT_ID(type_a=f32,type_b=f32,n_mats=8,n_used=1,b=1,m=512,n=32,k=256): [1;32mOK[0m
  MUL_MAT_ID(type_a=f32,type_b=f32,n_mats=8,n_used=2,b=0,m=512,n=1,k=256): [1;32mOK[0m
  MUL_MAT_ID(type_a=f32,type_b=f32,n_mats=8,n_used=2,b=0,m=512,n=32,k=256): [1;32mOK[0m
  MUL_MAT_ID(type_a=f32,type_b=f32,n_mats=8,n_used=2,b=1,m=512,n=1,k=256): [1;32mOK[0m
  MUL_MAT_ID(type_a=f32,type_b=f32,n_mats=8,n_used=2,b=1,m=512,n=32,k=256): [1;32mOK[0m
  MUL_MAT_ID(type_a=f32,type_b=f32,n_mats=8,n_used=4,b=0,m=512,n=1,k=256): [1;32mOK[0m
  MUL_MAT_ID(type_a=f32,type_b=f32,n_mats=8,n_used=4,b=0,m=512,n=32,k=256): [1;32mOK[0m
  MUL_MAT_ID(type_a=f32,type_b=f32,n_mats=8,n_used=4,b=1,m=512,n=1,k=256): [1;32mOK[0m
  MUL_MAT_ID(type_a=f32,type_b=f32,n_mats=8,n_used=4,b=1,m=512,n=32,k=256): [1;32mOK[0m
  MUL_MAT_ID(type_a=f16,type_b=f32,n_mats=4,n_used=1,b=0,m=512,n=1,k=256): [1;32mOK[0m
  MUL_MAT_ID(type_a=f16,type_b=f32,n_mats=4,n_used=1,b=0,m=512,n=32,k=256): [1;32mOK[0m
  MUL_MAT_ID(type_a=f16,type_b=f32,n_mats=4,n_used=1,b=1,m=512,n=1,k=256): [1;32mOK[0m
  MUL_MAT_ID(type_a=f16,type_b=f32,n_mats=4,n_used=1,b=1,m=512,n=32,k=256): [1;32mOK[0m
  MUL_MAT_ID(type_a=f16,type_b=f32,n_mats=4,n_used=2,b=0,m=512,n=1,k=256): [1;32mOK[0m
  MUL_MAT_ID(type_a=f16,type_b=f32,n_mats=4,n_used=2,b=0,m=512,n=32,k=256): [1;32mOK[0m
  MUL_MAT_ID(type_a=f16,type_b=f32,n_mats=4,n_used=2,b=1,m=512,n=1,k=256): [1;32mOK[0m
  MUL_MAT_ID(type_a=f16,type_b=f32,n_mats=4,n_used=2,b=1,m=512,n=32,k=256): [1;32mOK[0m
  MUL_MAT_ID(type_a=f16,type_b=f32,n_mats=4,n_used=4,b=0,m=512,n=1,k=256): [1;32mOK[0m
  MUL_MAT_ID(type_a=f16,type_b=f32,n_mats=4,n_used=4,b=0,m=512,n=32,k=256): [1;32mOK[0m
  MUL_MAT_ID(type_a=f16,type_b=f32,n_mats=4,n_used=4,b=1,m=512,n=1,k=256): [1;32mOK[0m
  MUL_MAT_ID(type_a=f16,type_b=f32,n_mats=4,n_used=4,b=1,m=512,n=32,k=256): [1;32mOK[0m
  MUL_MAT_ID(type_a=f16,type_b=f32,n_mats=8,n_used=1,b=0,m=512,n=1,k=256): [1;32mOK[0m
  MUL_MAT_ID(type_a=f16,type_b=f32,n_mats=8,n_used=1,b=0,m=512,n=32,k=256): [1;32mOK[0m
  MUL_MAT_ID(type_a=f16,type_b=f32,n_mats=8,n_used=1,b=1,m=512,n=1,k=256): [1;32mOK[0m
  MUL_MAT_ID(type_a=f16,type_b=f32,n_mats=8,n_used=1,b=1,m=512,n=32,k=256): [1;32mOK[0m
  MUL_MAT_ID(type_a=f16,type_b=f32,n_mats=8,n_used=2,b=0,m=512,n=1,k=256): [1;32mOK[0m
  MUL_MAT_ID(type_a=f16,type_b=f32,n_mats=8,n_used=2,b=0,m=512,n=32,k=256): [1;32mOK[0m
  MUL_MAT_ID(type_a=f16,type_b=f32,n_mats=8,n_used=2,b=1,m=512,n=1,k=256): [1;32mOK[0m
  MUL_MAT_ID(type_a=f16,type_b=f32,n_mats=8,n_used=2,b=1,m=512,n=32,k=256): [1;32mOK[0m
  MUL_MAT_ID(type_a=f16,type_b=f32,n_mats=8,n_used=4,b=0,m=512,n=1,k=256): [1;32mOK[0m
  MUL_MAT_ID(type_a=f16,type_b=f32,n_mats=8,n_used=4,b=0,m=512,n=32,k=256): [1;32mOK[0m
  MUL_MAT_ID(type_a=f16,type_b=f32,n_mats=8,n_used=4,b=1,m=512,n=1,k=256): [1;32mOK[0m
  MUL_MAT_ID(type_a=f16,type_b=f32,n_mats=8,n_used=4,b=1,m=512,n=32,k=256): [1;32mOK[0m
  MUL_MAT_ID(type_a=q4_0,type_b=f32,n_mats=4,n_used=1,b=0,m=512,n=1,k=256): [1;32mOK[0m
  MUL_MAT_ID(type_a=q4_0,type_b=f32,n_mats=4,n_used=1,b=0,m=512,n=32,k=256): [1;32mOK[0m
  MUL_MAT_ID(type_a=q4_0,type_b=f32,n_mats=4,n_used=1,b=1,m=512,n=1,k=256): [1;32mOK[0m
  MUL_MAT_ID(type_a=q4_0,type_b=f32,n_mats=4,n_used=1,b=1,m=512,n=32,k=256): [1;32mOK[0m
  MUL_MAT_ID(type_a=q4_0,type_b=f32,n_mats=4,n_used=2,b=0,m=512,n=1,k=256): [1;32mOK[0m
  MUL_MAT_ID(type_a=q4_0,type_b=f32,n_mats=4,n_used=2,b=0,m=512,n=32,k=256): [1;32mOK[0m
  MUL_MAT_ID(type_a=q4_0,type_b=f32,n_mats=4,n_used=2,b=1,m=512,n=1,k=256): [1;32mOK[0m
  MUL_MAT_ID(type_a=q4_0,type_b=f32,n_mats=4,n_used=2,b=1,m=512,n=32,k=256): [1;32mOK[0m
  MUL_MAT_ID(type_a=q4_0,type_b=f32,n_mats=4,n_used=4,b=0,m=512,n=1,k=256): [1;32mOK[0m
  MUL_MAT_ID(type_a=q4_0,type_b=f32,n_mats=4,n_used=4,b=0,m=512,n=32,k=256): [1;32mOK[0m
  MUL_MAT_ID(type_a=q4_0,type_b=f32,n_mats=4,n_used=4,b=1,m=512,n=1,k=256): [1;32mOK[0m
  MUL_MAT_ID(type_a=q4_0,type_b=f32,n_mats=4,n_used=4,b=1,m=512,n=32,k=256): [1;32mOK[0m
  MUL_MAT_ID(type_a=q4_0,type_b=f32,n_mats=8,n_used=1,b=0,m=512,n=1,k=256): [1;32mOK[0m
  MUL_MAT_ID(type_a=q4_0,type_b=f32,n_mats=8,n_used=1,b=0,m=512,n=32,k=256): [1;32mOK[0m
  MUL_MAT_ID(type_a=q4_0,type_b=f32,n_mats=8,n_used=1,b=1,m=512,n=1,k=256): [1;32mOK[0m
  MUL_MAT_ID(type_a=q4_0,type_b=f32,n_mats=8,n_used=1,b=1,m=512,n=32,k=256): [1;32mOK[0m
  MUL_MAT_ID(type_a=q4_0,type_b=f32,n_mats=8,n_used=2,b=0,m=512,n=1,k=256): [1;32mOK[0m
  MUL_MAT_ID(type_a=q4_0,type_b=f32,n_mats=8,n_used=2,b=0,m=512,n=32,k=256): [1;32mOK[0m
  MUL_MAT_ID(type_a=q4_0,type_b=f32,n_mats=8,n_used=2,b=1,m=512,n=1,k=256): [1;32mOK[0m
  MUL_MAT_ID(type_a=q4_0,type_b=f32,n_mats=8,n_used=2,b=1,m=512,n=32,k=256): [1;32mOK[0m
  MUL_MAT_ID(type_a=q4_0,type_b=f32,n_mats=8,n_used=4,b=0,m=512,n=1,k=256): [1;32mOK[0m
  MUL_MAT_ID(type_a=q4_0,type_b=f32,n_mats=8,n_used=4,b=0,m=512,n=32,k=256): [1;32mOK[0m
  MUL_MAT_ID(type_a=q4_0,type_b=f32,n_mats=8,n_used=4,b=1,m=512,n=1,k=256): [1;32mOK[0m
  MUL_MAT_ID(type_a=q4_0,type_b=f32,n_mats=8,n_used=4,b=1,m=512,n=32,k=256): [1;32mOK[0m
  MUL_MAT_ID(type_a=q4_K,type_b=f32,n_mats=4,n_used=1,b=0,m=512,n=1,k=256): [1;32mOK[0m
  MUL_MAT_ID(type_a=q4_K,type_b=f32,n_mats=4,n_used=1,b=0,m=512,n=32,k=256): [1;32mOK[0m
  MUL_MAT_ID(type_a=q4_K,type_b=f32,n_mats=4,n_used=1,b=1,m=512,n=1,k=256): [1;32mOK[0m
  MUL_MAT_ID(type_a=q4_K,type_b=f32,n_mats=4,n_used=1,b=1,m=512,n=32,k=256): [1;32mOK[0m
  MUL_MAT_ID(type_a=q4_K,type_b=f32,n_mats=4,n_used=2,b=0,m=512,n=1,k=256): [1;32mOK[0m
  MUL_MAT_ID(type_a=q4_K,type_b=f32,n_mats=4,n_used=2,b=0,m=512,n=32,k=256): [1;32mOK[0m
  MUL_MAT_ID(type_a=q4_K,type_b=f32,n_mats=4,n_used=2,b=1,m=512,n=1,k=256): [1;32mOK[0m
  MUL_MAT_ID(type_a=q4_K,type_b=f32,n_mats=4,n_used=2,b=1,m=512,n=32,k=256): [1;32mOK[0m
  MUL_MAT_ID(type_a=q4_K,type_b=f32,n_mats=4,n_used=4,b=0,m=512,n=1,k=256): [1;32mOK[0m
  MUL_MAT_ID(type_a=q4_K,type_b=f32,n_mats=4,n_used=4,b=0,m=512,n=32,k=256): [1;32mOK[0m
  MUL_MAT_ID(type_a=q4_K,type_b=f32,n_mats=4,n_used=4,b=1,m=512,n=1,k=256): [1;32mOK[0m
  MUL_MAT_ID(type_a=q4_K,type_b=f32,n_mats=4,n_used=4,b=1,m=512,n=32,k=256): [1;32mOK[0m
  MUL_MAT_ID(type_a=q4_K,type_b=f32,n_mats=8,n_used=1,b=0,m=512,n=1,k=256): [1;32mOK[0m
  MUL_MAT_ID(type_a=q4_K,type_b=f32,n_mats=8,n_used=1,b=0,m=512,n=32,k=256): [1;32mOK[0m
  MUL_MAT_ID(type_a=q4_K,type_b=f32,n_mats=8,n_used=1,b=1,m=512,n=1,k=256): [1;32mOK[0m
  MUL_MAT_ID(type_a=q4_K,type_b=f32,n_mats=8,n_used=1,b=1,m=512,n=32,k=256): [1;32mOK[0m
  MUL_MAT_ID(type_a=q4_K,type_b=f32,n_mats=8,n_used=2,b=0,m=512,n=1,k=256): [1;32mOK[0m
  MUL_MAT_ID(type_a=q4_K,type_b=f32,n_mats=8,n_used=2,b=0,m=512,n=32,k=256): [1;32mOK[0m
  MUL_MAT_ID(type_a=q4_K,type_b=f32,n_mats=8,n_used=2,b=1,m=512,n=1,k=256): [1;32mOK[0m
  MUL_MAT_ID(type_a=q4_K,type_b=f32,n_mats=8,n_used=2,b=1,m=512,n=32,k=256): [1;32mOK[0m
  MUL_MAT_ID(type_a=q4_K,type_b=f32,n_mats=8,n_used=4,b=0,m=512,n=1,k=256): [1;32mOK[0m
  MUL_MAT_ID(type_a=q4_K,type_b=f32,n_mats=8,n_used=4,b=0,m=512,n=32,k=256): [1;32mOK[0m
  MUL_MAT_ID(type_a=q4_K,type_b=f32,n_mats=8,n_used=4,b=1,m=512,n=1,k=256): [1;32mOK[0m
  MUL_MAT_ID(type_a=q4_K,type_b=f32,n_mats=8,n_used=4,b=1,m=512,n=32,k=256): [1;32mOK[0m
  MUL_MAT_ID(type_a=iq2_xxs,type_b=f32,n_mats=4,n_used=1,b=0,m=512,n=1,k=256): [1;32mOK[0m
  MUL_MAT_ID(type_a=iq2_xxs,type_b=f32,n_mats=4,n_used=1,b=0,m=512,n=32,k=256): [1;32mOK[0m
  MUL_MAT_ID(type_a=iq2_xxs,type_b=f32,n_mats=4,n_used=1,b=1,m=512,n=1,k=256): [1;32mOK[0m
  MUL_MAT_ID(type_a=iq2_xxs,type_b=f32,n_mats=4,n_used=1,b=1,m=512,n=32,k=256): [1;32mOK[0m
  MUL_MAT_ID(type_a=iq2_xxs,type_b=f32,n_mats=4,n_used=2,b=0,m=512,n=1,k=256): [1;32mOK[0m
  MUL_MAT_ID(type_a=iq2_xxs,type_b=f32,n_mats=4,n_used=2,b=0,m=512,n=32,k=256): [1;32mOK[0m
  MUL_MAT_ID(type_a=iq2_xxs,type_b=f32,n_mats=4,n_used=2,b=1,m=512,n=1,k=256): [1;32mOK[0m
  MUL_MAT_ID(type_a=iq2_xxs,type_b=f32,n_mats=4,n_used=2,b=1,m=512,n=32,k=256): [1;32mOK[0m
  MUL_MAT_ID(type_a=iq2_xxs,type_b=f32,n_mats=4,n_used=4,b=0,m=512,n=1,k=256): [1;32mOK[0m
  MUL_MAT_ID(type_a=iq2_xxs,type_b=f32,n_mats=4,n_used=4,b=0,m=512,n=32,k=256): [1;32mOK[0m
  MUL_MAT_ID(type_a=iq2_xxs,type_b=f32,n_mats=4,n_used=4,b=1,m=512,n=1,k=256): [1;32mOK[0m
  MUL_MAT_ID(type_a=iq2_xxs,type_b=f32,n_mats=4,n_used=4,b=1,m=512,n=32,k=256): [1;32mOK[0m
  MUL_MAT_ID(type_a=iq2_xxs,type_b=f32,n_mats=8,n_used=1,b=0,m=512,n=1,k=256): [1;32mOK[0m
  MUL_MAT_ID(type_a=iq2_xxs,type_b=f32,n_mats=8,n_used=1,b=0,m=512,n=32,k=256): [1;32mOK[0m
  MUL_MAT_ID(type_a=iq2_xxs,type_b=f32,n_mats=8,n_used=1,b=1,m=512,n=1,k=256): [1;32mOK[0m
  MUL_MAT_ID(type_a=iq2_xxs,type_b=f32,n_mats=8,n_used=1,b=1,m=512,n=32,k=256): [1;32mOK[0m
  MUL_MAT_ID(type_a=iq2_xxs,type_b=f32,n_mats=8,n_used=2,b=0,m=512,n=1,k=256): [1;32mOK[0m
  MUL_MAT_ID(type_a=iq2_xxs,type_b=f32,n_mats=8,n_used=2,b=0,m=512,n=32,k=256): [1;32mOK[0m
  MUL_MAT_ID(type_a=iq2_xxs,type_b=f32,n_mats=8,n_used=2,b=1,m=512,n=1,k=256): [1;32mOK[0m
  MUL_MAT_ID(type_a=iq2_xxs,type_b=f32,n_mats=8,n_used=2,b=1,m=512,n=32,k=256): [1;32mOK[0m
  MUL_MAT_ID(type_a=iq2_xxs,type_b=f32,n_mats=8,n_used=4,b=0,m=512,n=1,k=256): [1;32mOK[0m
  MUL_MAT_ID(type_a=iq2_xxs,type_b=f32,n_mats=8,n_used=4,b=0,m=512,n=32,k=256): [1;32mOK[0m
  MUL_MAT_ID(type_a=iq2_xxs,type_b=f32,n_mats=8,n_used=4,b=1,m=512,n=1,k=256): [1;32mOK[0m
  MUL_MAT_ID(type_a=iq2_xxs,type_b=f32,n_mats=8,n_used=4,b=1,m=512,n=32,k=256): [1;32mOK[0m
  MUL_MAT_ID(type_a=q4_1,type_b=f32,n_mats=4,n_used=2,b=0,m=512,n=1,k=256): [1;32mOK[0m
  MUL_MAT_ID(type_a=q4_1,type_b=f32,n_mats=4,n_used=2,b=0,m=512,n=32,k=256): [1;32mOK[0m
  MUL_MAT_ID(type_a=q5_0,type_b=f32,n_mats=4,n_used=2,b=0,m=512,n=1,k=256): [1;32mOK[0m
  MUL_MAT_ID(type_a=q5_0,type_b=f32,n_mats=4,n_used=2,b=0,m=512,n=32,k=256): [1;32mOK[0m
  MUL_MAT_ID(type_a=q5_1,type_b=f32,n_mats=4,n_used=2,b=0,m=512,n=1,k=256): [1;32mOK[0m
  MUL_MAT_ID(type_a=q5_1,type_b=f32,n_mats=4,n_used=2,b=0,m=512,n=32,k=256): [1;32mOK[0m
  MUL_MAT_ID(type_a=q8_0,type_b=f32,n_mats=4,n_used=2,b=0,m=512,n=1,k=256): [1;32mOK[0m
  MUL_MAT_ID(type_a=q8_0,type_b=f32,n_mats=4,n_used=2,b=0,m=512,n=32,k=256): [1;32mOK[0m
  MUL_MAT_ID(type_a=q2_K,type_b=f32,n_mats=4,n_used=2,b=0,m=512,n=1,k=256): [1;32mOK[0m
  MUL_MAT_ID(type_a=q2_K,type_b=f32,n_mats=4,n_used=2,b=0,m=512,n=32,k=256): [1;32mOK[0m
  MUL_MAT_ID(type_a=q3_K,type_b=f32,n_mats=4,n_used=2,b=0,m=512,n=1,k=256): [1;32mOK[0m
  MUL_MAT_ID(type_a=q3_K,type_b=f32,n_mats=4,n_used=2,b=0,m=512,n=32,k=256): [1;32mOK[0m
  MUL_MAT_ID(type_a=q5_K,type_b=f32,n_mats=4,n_used=2,b=0,m=512,n=1,k=256): [1;32mOK[0m
  MUL_MAT_ID(type_a=q5_K,type_b=f32,n_mats=4,n_used=2,b=0,m=512,n=32,k=256): [1;32mOK[0m
  MUL_MAT_ID(type_a=q6_K,type_b=f32,n_mats=4,n_used=2,b=0,m=512,n=1,k=256): [1;32mOK[0m
  MUL_MAT_ID(type_a=q6_K,type_b=f32,n_mats=4,n_used=2,b=0,m=512,n=32,k=256): [1;32mOK[0m
  MUL_MAT_ID(type_a=iq2_xs,type_b=f32,n_mats=4,n_used=2,b=0,m=512,n=1,k=256): [1;32mOK[0m
  MUL_MAT_ID(type_a=iq2_xs,type_b=f32,n_mats=4,n_used=2,b=0,m=512,n=32,k=256): [1;32mOK[0m
  MUL_MAT_ID(type_a=iq2_s,type_b=f32,n_mats=4,n_used=2,b=0,m=512,n=1,k=256): [1;32mOK[0m
  MUL_MAT_ID(type_a=iq2_s,type_b=f32,n_mats=4,n_used=2,b=0,m=512,n=32,k=256): [1;32mOK[0m
  MUL_MAT_ID(type_a=iq3_xxs,type_b=f32,n_mats=4,n_used=2,b=0,m=512,n=1,k=256): [1;32mOK[0m
  MUL_MAT_ID(type_a=iq3_xxs,type_b=f32,n_mats=4,n_used=2,b=0,m=512,n=32,k=256): [1;32mOK[0m
  MUL_MAT_ID(type_a=iq1_s,type_b=f32,n_mats=4,n_used=2,b=0,m=512,n=1,k=256): [1;32mOK[0m
  MUL_MAT_ID(type_a=iq1_s,type_b=f32,n_mats=4,n_used=2,b=0,m=512,n=32,k=256): [1;32mOK[0m
  MUL_MAT_ID(type_a=iq1_m,type_b=f32,n_mats=4,n_used=2,b=0,m=512,n=1,k=256): [1;32mOK[0m
  MUL_MAT_ID(type_a=iq1_m,type_b=f32,n_mats=4,n_used=2,b=0,m=512,n=32,k=256): [1;32mOK[0m
  MUL_MAT_ID(type_a=iq4_nl,type_b=f32,n_mats=4,n_used=2,b=0,m=512,n=1,k=256): [1;32mOK[0m
  MUL_MAT_ID(type_a=iq4_nl,type_b=f32,n_mats=4,n_used=2,b=0,m=512,n=32,k=256): [1;32mOK[0m
  MUL_MAT_ID(type_a=iq3_s,type_b=f32,n_mats=4,n_used=2,b=0,m=512,n=1,k=256): [1;32mOK[0m
  MUL_MAT_ID(type_a=iq3_s,type_b=f32,n_mats=4,n_used=2,b=0,m=512,n=32,k=256): [1;32mOK[0m
  MUL_MAT_ID(type_a=iq4_xs,type_b=f32,n_mats=4,n_used=2,b=0,m=512,n=1,k=256): [1;32mOK[0m
  MUL_MAT_ID(type_a=iq4_xs,type_b=f32,n_mats=4,n_used=2,b=0,m=512,n=32,k=256): [1;32mOK[0m
  MUL_MAT_ID(type_a=bf16,type_b=f32,n_mats=4,n_used=2,b=0,m=512,n=1,k=256): [1;32mOK[0m
  MUL_MAT_ID(type_a=bf16,type_b=f32,n_mats=4,n_used=2,b=0,m=512,n=32,k=256): [1;32mOK[0m
  OUT_PROD(type_a=f32,type_b=f32,m=256,n=1,k=16,bs=[1,1],trans_b=0): not supported [Metal] 
  OUT_PROD(type_a=f32,type_b=f32,m=256,n=1,k=16,bs=[10,1],trans_b=0): not supported [Metal] 
  OUT_PROD(type_a=f32,type_b=f32,m=256,n=1,k=16,bs=[10,1],trans_b=0): not supported [Metal] 
  OUT_PROD(type_a=f32,type_b=f32,m=256,n=1,k=16,bs=[10,10],trans_b=0): not supported [Metal] 
  OUT_PROD(type_a=f32,type_b=f32,m=256,n=1,k=16,bs=[10,10],trans_b=0): not supported [Metal] 
  OUT_PROD(type_a=f32,type_b=f32,m=256,n=1,k=16,bs=[10,10],trans_b=0): not supported [Metal] 
  OUT_PROD(type_a=f32,type_b=f32,m=256,n=1,k=16,bs=[10,10],trans_b=0): not supported [Metal] 
  OUT_PROD(type_a=f32,type_b=f32,m=256,n=16,k=16,bs=[1,1],trans_b=0): not supported [Metal] 
  OUT_PROD(type_a=f32,type_b=f32,m=256,n=16,k=16,bs=[1,1],trans_b=1): not supported [Metal] 
  OUT_PROD(type_a=f32,type_b=f32,m=256,n=16,k=16,bs=[10,1],trans_b=0): not supported [Metal] 
  OUT_PROD(type_a=f32,type_b=f32,m=256,n=16,k=16,bs=[10,1],trans_b=0): not supported [Metal] 
  OUT_PROD(type_a=f32,type_b=f32,m=256,n=16,k=16,bs=[10,10],trans_b=0): not supported [Metal] 
  OUT_PROD(type_a=f32,type_b=f32,m=256,n=16,k=16,bs=[10,10],trans_b=0): not supported [Metal] 
  OUT_PROD(type_a=f32,type_b=f32,m=256,n=16,k=16,bs=[10,10],trans_b=0): not supported [Metal] 
  OUT_PROD(type_a=f32,type_b=f32,m=256,n=16,k=16,bs=[10,10],trans_b=0): not supported [Metal] 
  OUT_PROD(type_a=f32,type_b=f16,m=256,n=1,k=16,bs=[1,1],trans_b=0): not supported [Metal] not supported [CPU] 
  OUT_PROD(type_a=f32,type_b=f16,m=256,n=1,k=16,bs=[10,1],trans_b=0): not supported [Metal] not supported [CPU] 
  OUT_PROD(type_a=f32,type_b=f16,m=256,n=1,k=16,bs=[10,1],trans_b=0): not supported [Metal] not supported [CPU] 
  OUT_PROD(type_a=f32,type_b=f16,m=256,n=1,k=16,bs=[10,10],trans_b=0): not supported [Metal] not supported [CPU] 
  OUT_PROD(type_a=f32,type_b=f16,m=256,n=1,k=16,bs=[10,10],trans_b=0): not supported [Metal] not supported [CPU] 
  OUT_PROD(type_a=f32,type_b=f16,m=256,n=1,k=16,bs=[10,10],trans_b=0): not supported [Metal] not supported [CPU] 
  OUT_PROD(type_a=f32,type_b=f16,m=256,n=1,k=16,bs=[10,10],trans_b=0): not supported [Metal] not supported [CPU] 
  OUT_PROD(type_a=f32,type_b=f16,m=256,n=16,k=16,bs=[1,1],trans_b=0): not supported [Metal] not supported [CPU] 
  OUT_PROD(type_a=f32,type_b=f16,m=256,n=16,k=16,bs=[1,1],trans_b=1): not supported [Metal] not supported [CPU] 
  OUT_PROD(type_a=f32,type_b=f16,m=256,n=16,k=16,bs=[10,1],trans_b=0): not supported [Metal] not supported [CPU] 
  OUT_PROD(type_a=f32,type_b=f16,m=256,n=16,k=16,bs=[10,1],trans_b=0): not supported [Metal] not supported [CPU] 
  OUT_PROD(type_a=f32,type_b=f16,m=256,n=16,k=16,bs=[10,10],trans_b=0): not supported [Metal] not supported [CPU] 
  OUT_PROD(type_a=f32,type_b=f16,m=256,n=16,k=16,bs=[10,10],trans_b=0): not supported [Metal] not supported [CPU] 
  OUT_PROD(type_a=f32,type_b=f16,m=256,n=16,k=16,bs=[10,10],trans_b=0): not supported [Metal] not supported [CPU] 
  OUT_PROD(type_a=f32,type_b=f16,m=256,n=16,k=16,bs=[10,10],trans_b=0): not supported [Metal] not supported [CPU] 
  OUT_PROD(type_a=f16,type_b=f32,m=256,n=1,k=16,bs=[1,1],trans_b=0): not supported [Metal] not supported [CPU] 
  OUT_PROD(type_a=f16,type_b=f32,m=256,n=1,k=16,bs=[10,1],trans_b=0): not supported [Metal] not supported [CPU] 
  OUT_PROD(type_a=f16,type_b=f32,m=256,n=1,k=16,bs=[10,1],trans_b=0): not supported [Metal] not supported [CPU] 
  OUT_PROD(type_a=f16,type_b=f32,m=256,n=1,k=16,bs=[10,10],trans_b=0): not supported [Metal] not supported [CPU] 
  OUT_PROD(type_a=f16,type_b=f32,m=256,n=1,k=16,bs=[10,10],trans_b=0): not supported [Metal] not supported [CPU] 
  OUT_PROD(type_a=f16,type_b=f32,m=256,n=1,k=16,bs=[10,10],trans_b=0): not supported [Metal] not supported [CPU] 
  OUT_PROD(type_a=f16,type_b=f32,m=256,n=1,k=16,bs=[10,10],trans_b=0): not supported [Metal] not supported [CPU] 
  OUT_PROD(type_a=f16,type_b=f32,m=256,n=16,k=16,bs=[1,1],trans_b=0): not supported [Metal] not supported [CPU] 
  OUT_PROD(type_a=f16,type_b=f32,m=256,n=16,k=16,bs=[1,1],trans_b=1): not supported [Metal] not supported [CPU] 
  OUT_PROD(type_a=f16,type_b=f32,m=256,n=16,k=16,bs=[10,1],trans_b=0): not supported [Metal] not supported [CPU] 
  OUT_PROD(type_a=f16,type_b=f32,m=256,n=16,k=16,bs=[10,1],trans_b=0): not supported [Metal] not supported [CPU] 
  OUT_PROD(type_a=f16,type_b=f32,m=256,n=16,k=16,bs=[10,10],trans_b=0): not supported [Metal] not supported [CPU] 
  OUT_PROD(type_a=f16,type_b=f32,m=256,n=16,k=16,bs=[10,10],trans_b=0): not supported [Metal] not supported [CPU] 
  OUT_PROD(type_a=f16,type_b=f32,m=256,n=16,k=16,bs=[10,10],trans_b=0): not supported [Metal] not supported [CPU] 
  OUT_PROD(type_a=f16,type_b=f32,m=256,n=16,k=16,bs=[10,10],trans_b=0): not supported [Metal] not supported [CPU] 
  OUT_PROD(type_a=f16,type_b=f16,m=256,n=1,k=16,bs=[1,1],trans_b=0): not supported [Metal] not supported [CPU] 
  OUT_PROD(type_a=f16,type_b=f16,m=256,n=1,k=16,bs=[10,1],trans_b=0): not supported [Metal] not supported [CPU] 
  OUT_PROD(type_a=f16,type_b=f16,m=256,n=1,k=16,bs=[10,1],trans_b=0): not supported [Metal] not supported [CPU] 
  OUT_PROD(type_a=f16,type_b=f16,m=256,n=1,k=16,bs=[10,10],trans_b=0): not supported [Metal] not supported [CPU] 
  OUT_PROD(type_a=f16,type_b=f16,m=256,n=1,k=16,bs=[10,10],trans_b=0): not supported [Metal] not supported [CPU] 
  OUT_PROD(type_a=f16,type_b=f16,m=256,n=1,k=16,bs=[10,10],trans_b=0): not supported [Metal] not supported [CPU] 
  OUT_PROD(type_a=f16,type_b=f16,m=256,n=1,k=16,bs=[10,10],trans_b=0): not supported [Metal] not supported [CPU] 
  OUT_PROD(type_a=f16,type_b=f16,m=256,n=16,k=16,bs=[1,1],trans_b=0): not supported [Metal] not supported [CPU] 
  OUT_PROD(type_a=f16,type_b=f16,m=256,n=16,k=16,bs=[1,1],trans_b=1): not supported [Metal] not supported [CPU] 
  OUT_PROD(type_a=f16,type_b=f16,m=256,n=16,k=16,bs=[10,1],trans_b=0): not supported [Metal] not supported [CPU] 
  OUT_PROD(type_a=f16,type_b=f16,m=256,n=16,k=16,bs=[10,1],trans_b=0): not supported [Metal] not supported [CPU] 
  OUT_PROD(type_a=f16,type_b=f16,m=256,n=16,k=16,bs=[10,10],trans_b=0): not supported [Metal] not supported [CPU] 
  OUT_PROD(type_a=f16,type_b=f16,m=256,n=16,k=16,bs=[10,10],trans_b=0): not supported [Metal] not supported [CPU] 
  OUT_PROD(type_a=f16,type_b=f16,m=256,n=16,k=16,bs=[10,10],trans_b=0): not supported [Metal] not supported [CPU] 
  OUT_PROD(type_a=f16,type_b=f16,m=256,n=16,k=16,bs=[10,10],trans_b=0): not supported [Metal] not supported [CPU] 
  OUT_PROD(type_a=q4_0,type_b=f32,m=256,n=1,k=16,bs=[1,1],trans_b=0): not supported [Metal] 
  OUT_PROD(type_a=q4_0,type_b=f32,m=256,n=1,k=16,bs=[10,1],trans_b=0): not supported [Metal] 
  OUT_PROD(type_a=q4_0,type_b=f32,m=256,n=1,k=16,bs=[10,1],trans_b=0): not supported [Metal] 
  OUT_PROD(type_a=q4_0,type_b=f32,m=256,n=1,k=16,bs=[10,10],trans_b=0): not supported [Metal] 
  OUT_PROD(type_a=q4_0,type_b=f32,m=256,n=1,k=16,bs=[10,10],trans_b=0): not supported [Metal] 
  OUT_PROD(type_a=q4_0,type_b=f32,m=256,n=1,k=16,bs=[10,10],trans_b=0): not supported [Metal] 
  OUT_PROD(type_a=q4_0,type_b=f32,m=256,n=1,k=16,bs=[10,10],trans_b=0): not supported [Metal] 
  OUT_PROD(type_a=q4_0,type_b=f32,m=256,n=16,k=16,bs=[1,1],trans_b=0): not supported [Metal] 
  OUT_PROD(type_a=q4_0,type_b=f32,m=256,n=16,k=16,bs=[1,1],trans_b=1): not supported [Metal] 
  OUT_PROD(type_a=q4_0,type_b=f32,m=256,n=16,k=16,bs=[10,1],trans_b=0): not supported [Metal] 
  OUT_PROD(type_a=q4_0,type_b=f32,m=256,n=16,k=16,bs=[10,1],trans_b=0): not supported [Metal] 
  OUT_PROD(type_a=q4_0,type_b=f32,m=256,n=16,k=16,bs=[10,10],trans_b=0): not supported [Metal] 
  OUT_PROD(type_a=q4_0,type_b=f32,m=256,n=16,k=16,bs=[10,10],trans_b=0): not supported [Metal] 
  OUT_PROD(type_a=q4_0,type_b=f32,m=256,n=16,k=16,bs=[10,10],trans_b=0): not supported [Metal] 
  OUT_PROD(type_a=q4_0,type_b=f32,m=256,n=16,k=16,bs=[10,10],trans_b=0): not supported [Metal] 
  OUT_PROD(type_a=q4_0,type_b=f16,m=256,n=1,k=16,bs=[1,1],trans_b=0): not supported [Metal] not supported [CPU] 
  OUT_PROD(type_a=q4_0,type_b=f16,m=256,n=1,k=16,bs=[10,1],trans_b=0): not supported [Metal] not supported [CPU] 
  OUT_PROD(type_a=q4_0,type_b=f16,m=256,n=1,k=16,bs=[10,1],trans_b=0): not supported [Metal] not supported [CPU] 
  OUT_PROD(type_a=q4_0,type_b=f16,m=256,n=1,k=16,bs=[10,10],trans_b=0): not supported [Metal] not supported [CPU] 
  OUT_PROD(type_a=q4_0,type_b=f16,m=256,n=1,k=16,bs=[10,10],trans_b=0): not supported [Metal] not supported [CPU] 
  OUT_PROD(type_a=q4_0,type_b=f16,m=256,n=1,k=16,bs=[10,10],trans_b=0): not supported [Metal] not supported [CPU] 
  OUT_PROD(type_a=q4_0,type_b=f16,m=256,n=1,k=16,bs=[10,10],trans_b=0): not supported [Metal] not supported [CPU] 
  OUT_PROD(type_a=q4_0,type_b=f16,m=256,n=16,k=16,bs=[1,1],trans_b=0): not supported [Metal] not supported [CPU] 
  OUT_PROD(type_a=q4_0,type_b=f16,m=256,n=16,k=16,bs=[1,1],trans_b=1): not supported [Metal] not supported [CPU] 
  OUT_PROD(type_a=q4_0,type_b=f16,m=256,n=16,k=16,bs=[10,1],trans_b=0): not supported [Metal] not supported [CPU] 
  OUT_PROD(type_a=q4_0,type_b=f16,m=256,n=16,k=16,bs=[10,1],trans_b=0): not supported [Metal] not supported [CPU] 
  OUT_PROD(type_a=q4_0,type_b=f16,m=256,n=16,k=16,bs=[10,10],trans_b=0): not supported [Metal] not supported [CPU] 
  OUT_PROD(type_a=q4_0,type_b=f16,m=256,n=16,k=16,bs=[10,10],trans_b=0): not supported [Metal] not supported [CPU] 
  OUT_PROD(type_a=q4_0,type_b=f16,m=256,n=16,k=16,bs=[10,10],trans_b=0): not supported [Metal] not supported [CPU] 
  OUT_PROD(type_a=q4_0,type_b=f16,m=256,n=16,k=16,bs=[10,10],trans_b=0): not supported [Metal] not supported [CPU] 
  OUT_PROD(type_a=q4_K,type_b=f32,m=256,n=1,k=16,bs=[1,1],trans_b=0): not supported [Metal] 
  OUT_PROD(type_a=q4_K,type_b=f32,m=256,n=1,k=16,bs=[10,1],trans_b=0): not supported [Metal] 
  OUT_PROD(type_a=q4_K,type_b=f32,m=256,n=1,k=16,bs=[10,1],trans_b=0): not supported [Metal] 
  OUT_PROD(type_a=q4_K,type_b=f32,m=256,n=1,k=16,bs=[10,10],trans_b=0): not supported [Metal] 
  OUT_PROD(type_a=q4_K,type_b=f32,m=256,n=1,k=16,bs=[10,10],trans_b=0): not supported [Metal] 
  OUT_PROD(type_a=q4_K,type_b=f32,m=256,n=1,k=16,bs=[10,10],trans_b=0): not supported [Metal] 
  OUT_PROD(type_a=q4_K,type_b=f32,m=256,n=1,k=16,bs=[10,10],trans_b=0): not supported [Metal] 
  OUT_PROD(type_a=q4_K,type_b=f32,m=256,n=16,k=16,bs=[1,1],trans_b=0): not supported [Metal] 
  OUT_PROD(type_a=q4_K,type_b=f32,m=256,n=16,k=16,bs=[1,1],trans_b=1): not supported [Metal] 
  OUT_PROD(type_a=q4_K,type_b=f32,m=256,n=16,k=16,bs=[10,1],trans_b=0): not supported [Metal] 
  OUT_PROD(type_a=q4_K,type_b=f32,m=256,n=16,k=16,bs=[10,1],trans_b=0): not supported [Metal] 
  OUT_PROD(type_a=q4_K,type_b=f32,m=256,n=16,k=16,bs=[10,10],trans_b=0): not supported [Metal] 
  OUT_PROD(type_a=q4_K,type_b=f32,m=256,n=16,k=16,bs=[10,10],trans_b=0): not supported [Metal] 
  OUT_PROD(type_a=q4_K,type_b=f32,m=256,n=16,k=16,bs=[10,10],trans_b=0): not supported [Metal] 
  OUT_PROD(type_a=q4_K,type_b=f32,m=256,n=16,k=16,bs=[10,10],trans_b=0): not supported [Metal] 
  OUT_PROD(type_a=q4_K,type_b=f16,m=256,n=1,k=16,bs=[1,1],trans_b=0): not supported [Metal] not supported [CPU] 
  OUT_PROD(type_a=q4_K,type_b=f16,m=256,n=1,k=16,bs=[10,1],trans_b=0): not supported [Metal] not supported [CPU] 
  OUT_PROD(type_a=q4_K,type_b=f16,m=256,n=1,k=16,bs=[10,1],trans_b=0): not supported [Metal] not supported [CPU] 
  OUT_PROD(type_a=q4_K,type_b=f16,m=256,n=1,k=16,bs=[10,10],trans_b=0): not supported [Metal] not supported [CPU] 
  OUT_PROD(type_a=q4_K,type_b=f16,m=256,n=1,k=16,bs=[10,10],trans_b=0): not supported [Metal] not supported [CPU] 
  OUT_PROD(type_a=q4_K,type_b=f16,m=256,n=1,k=16,bs=[10,10],trans_b=0): not supported [Metal] not supported [CPU] 
  OUT_PROD(type_a=q4_K,type_b=f16,m=256,n=1,k=16,bs=[10,10],trans_b=0): not supported [Metal] not supported [CPU] 
  OUT_PROD(type_a=q4_K,type_b=f16,m=256,n=16,k=16,bs=[1,1],trans_b=0): not supported [Metal] not supported [CPU] 
  OUT_PROD(type_a=q4_K,type_b=f16,m=256,n=16,k=16,bs=[1,1],trans_b=1): not supported [Metal] not supported [CPU] 
  OUT_PROD(type_a=q4_K,type_b=f16,m=256,n=16,k=16,bs=[10,1],trans_b=0): not supported [Metal] not supported [CPU] 
  OUT_PROD(type_a=q4_K,type_b=f16,m=256,n=16,k=16,bs=[10,1],trans_b=0): not supported [Metal] not supported [CPU] 
  OUT_PROD(type_a=q4_K,type_b=f16,m=256,n=16,k=16,bs=[10,10],trans_b=0): not supported [Metal] not supported [CPU] 
  OUT_PROD(type_a=q4_K,type_b=f16,m=256,n=16,k=16,bs=[10,10],trans_b=0): not supported [Metal] not supported [CPU] 
  OUT_PROD(type_a=q4_K,type_b=f16,m=256,n=16,k=16,bs=[10,10],trans_b=0): not supported [Metal] not supported [CPU] 
  OUT_PROD(type_a=q4_K,type_b=f16,m=256,n=16,k=16,bs=[10,10],trans_b=0): not supported [Metal] not supported [CPU] 
  OUT_PROD(type_a=iq2_xxs,type_b=f32,m=256,n=1,k=16,bs=[1,1],trans_b=0): not supported [Metal] 
  OUT_PROD(type_a=iq2_xxs,type_b=f32,m=256,n=1,k=16,bs=[10,1],trans_b=0): not supported [Metal] 
  OUT_PROD(type_a=iq2_xxs,type_b=f32,m=256,n=1,k=16,bs=[10,1],trans_b=0): not supported [Metal] 
  OUT_PROD(type_a=iq2_xxs,type_b=f32,m=256,n=1,k=16,bs=[10,10],trans_b=0): not supported [Metal] 
  OUT_PROD(type_a=iq2_xxs,type_b=f32,m=256,n=1,k=16,bs=[10,10],trans_b=0): not supported [Metal] 
  OUT_PROD(type_a=iq2_xxs,type_b=f32,m=256,n=1,k=16,bs=[10,10],trans_b=0): not supported [Metal] 
  OUT_PROD(type_a=iq2_xxs,type_b=f32,m=256,n=1,k=16,bs=[10,10],trans_b=0): not supported [Metal] 
  OUT_PROD(type_a=iq2_xxs,type_b=f32,m=256,n=16,k=16,bs=[1,1],trans_b=0): not supported [Metal] 
  OUT_PROD(type_a=iq2_xxs,type_b=f32,m=256,n=16,k=16,bs=[1,1],trans_b=1): not supported [Metal] 
  OUT_PROD(type_a=iq2_xxs,type_b=f32,m=256,n=16,k=16,bs=[10,1],trans_b=0): not supported [Metal] 
  OUT_PROD(type_a=iq2_xxs,type_b=f32,m=256,n=16,k=16,bs=[10,1],trans_b=0): not supported [Metal] 
  OUT_PROD(type_a=iq2_xxs,type_b=f32,m=256,n=16,k=16,bs=[10,10],trans_b=0): not supported [Metal] 
  OUT_PROD(type_a=iq2_xxs,type_b=f32,m=256,n=16,k=16,bs=[10,10],trans_b=0): not supported [Metal] 
  OUT_PROD(type_a=iq2_xxs,type_b=f32,m=256,n=16,k=16,bs=[10,10],trans_b=0): not supported [Metal] 
  OUT_PROD(type_a=iq2_xxs,type_b=f32,m=256,n=16,k=16,bs=[10,10],trans_b=0): not supported [Metal] 
  OUT_PROD(type_a=iq2_xxs,type_b=f16,m=256,n=1,k=16,bs=[1,1],trans_b=0): not supported [Metal] not supported [CPU] 
  OUT_PROD(type_a=iq2_xxs,type_b=f16,m=256,n=1,k=16,bs=[10,1],trans_b=0): not supported [Metal] not supported [CPU] 
  OUT_PROD(type_a=iq2_xxs,type_b=f16,m=256,n=1,k=16,bs=[10,1],trans_b=0): not supported [Metal] not supported [CPU] 
  OUT_PROD(type_a=iq2_xxs,type_b=f16,m=256,n=1,k=16,bs=[10,10],trans_b=0): not supported [Metal] not supported [CPU] 
  OUT_PROD(type_a=iq2_xxs,type_b=f16,m=256,n=1,k=16,bs=[10,10],trans_b=0): not supported [Metal] not supported [CPU] 
  OUT_PROD(type_a=iq2_xxs,type_b=f16,m=256,n=1,k=16,bs=[10,10],trans_b=0): not supported [Metal] not supported [CPU] 
  OUT_PROD(type_a=iq2_xxs,type_b=f16,m=256,n=1,k=16,bs=[10,10],trans_b=0): not supported [Metal] not supported [CPU] 
  OUT_PROD(type_a=iq2_xxs,type_b=f16,m=256,n=16,k=16,bs=[1,1],trans_b=0): not supported [Metal] not supported [CPU] 
  OUT_PROD(type_a=iq2_xxs,type_b=f16,m=256,n=16,k=16,bs=[1,1],trans_b=1): not supported [Metal] not supported [CPU] 
  OUT_PROD(type_a=iq2_xxs,type_b=f16,m=256,n=16,k=16,bs=[10,1],trans_b=0): not supported [Metal] not supported [CPU] 
  OUT_PROD(type_a=iq2_xxs,type_b=f16,m=256,n=16,k=16,bs=[10,1],trans_b=0): not supported [Metal] not supported [CPU] 
  OUT_PROD(type_a=iq2_xxs,type_b=f16,m=256,n=16,k=16,bs=[10,10],trans_b=0): not supported [Metal] not supported [CPU] 
  OUT_PROD(type_a=iq2_xxs,type_b=f16,m=256,n=16,k=16,bs=[10,10],trans_b=0): not supported [Metal] not supported [CPU] 
  OUT_PROD(type_a=iq2_xxs,type_b=f16,m=256,n=16,k=16,bs=[10,10],trans_b=0): not supported [Metal] not supported [CPU] 
  OUT_PROD(type_a=iq2_xxs,type_b=f16,m=256,n=16,k=16,bs=[10,10],trans_b=0): not supported [Metal] not supported [CPU] 
  SQR(type=f32,ne=[10,5,4,3]): [1;32mOK[0m
  SQRT(type=f32,ne=[10,3,3,2]): [1;32mOK[0m
  LOG(type=f32,ne=[10,5,4,3]): not supported [Metal] 
  SIN(type=f32,ne=[10,2,2,2]): [1;32mOK[0m
  COS(type=f32,ne=[10,2,2,2]): [1;32mOK[0m
  CLAMP(type=f32,ne=[10,5,4,3],min=-0.500000,max=0.500000): [1;32mOK[0m
  DIAG_MASK_INF(type=f32,ne=[10,10,1,1],n_past=5): [1;32mOK[0m
  DIAG_MASK_INF(type=f32,ne=[10,10,3,1],n_past=5): [1;32mOK[0m
  DIAG_MASK_INF(type=f32,ne=[10,10,3,2],n_past=5): not supported [Metal] 
  SOFT_MAX(type=f32,ne=[16,16,1,1],mask=0,scale=1.000000,max_bias=0.000000): [1;32mOK[0m
  SOFT_MAX(type=f32,ne=[15,15,1,1],mask=0,scale=1.000000,max_bias=0.000000): [1;32mOK[0m
  SOFT_MAX(type=f32,ne=[16,1024,1,1],mask=0,scale=1.000000,max_bias=0.000000): [1;32mOK[0m
  SOFT_MAX(type=f32,ne=[15,1023,1,1],mask=0,scale=1.000000,max_bias=0.000000): [1;32mOK[0m
  SOFT_MAX(type=f32,ne=[1024,16,1,1],mask=0,scale=1.000000,max_bias=0.000000): [1;32mOK[0m
  SOFT_MAX(type=f32,ne=[1023,15,1,1],mask=0,scale=1.000000,max_bias=0.000000): [1;32mOK[0m
  SOFT_MAX(type=f32,ne=[1024,1024,1,1],mask=0,scale=1.000000,max_bias=0.000000): [1;32mOK[0m
  SOFT_MAX(type=f32,ne=[1023,1023,1,1],mask=0,scale=1.000000,max_bias=0.000000): [1;32mOK[0m
  SOFT_MAX(type=f32,ne=[16,16,1,1],mask=0,scale=0.100000,max_bias=0.000000): [1;32mOK[0m
  SOFT_MAX(type=f32,ne=[15,15,1,1],mask=0,scale=0.100000,max_bias=0.000000): [1;32mOK[0m
  SOFT_MAX(type=f32,ne=[16,1024,1,1],mask=0,scale=0.100000,max_bias=0.000000): [1;32mOK[0m
  SOFT_MAX(type=f32,ne=[15,1023,1,1],mask=0,scale=0.100000,max_bias=0.000000): [1;32mOK[0m
  SOFT_MAX(type=f32,ne=[1024,16,1,1],mask=0,scale=0.100000,max_bias=0.000000): [1;32mOK[0m
  SOFT_MAX(type=f32,ne=[1023,15,1,1],mask=0,scale=0.100000,max_bias=0.000000): [1;32mOK[0m
  SOFT_MAX(type=f32,ne=[1024,1024,1,1],mask=0,scale=0.100000,max_bias=0.000000): [1;32mOK[0m
  SOFT_MAX(type=f32,ne=[1023,1023,1,1],mask=0,scale=0.100000,max_bias=0.000000): [1;32mOK[0m
  SOFT_MAX(type=f32,ne=[16,16,1,1],mask=1,scale=1.000000,max_bias=0.000000): [1;32mOK[0m
  SOFT_MAX(type=f32,ne=[15,15,1,1],mask=1,scale=1.000000,max_bias=0.000000): [1;32mOK[0m
  SOFT_MAX(type=f32,ne=[16,1024,1,1],mask=1,scale=1.000000,max_bias=0.000000): [1;32mOK[0m
  SOFT_MAX(type=f32,ne=[15,1023,1,1],mask=1,scale=1.000000,max_bias=0.000000): [1;32mOK[0m
  SOFT_MAX(type=f32,ne=[1024,16,1,1],mask=1,scale=1.000000,max_bias=0.000000): [1;32mOK[0m
  SOFT_MAX(type=f32,ne=[1023,15,1,1],mask=1,scale=1.000000,max_bias=0.000000): [1;32mOK[0m
  SOFT_MAX(type=f32,ne=[1024,1024,1,1],mask=1,scale=1.000000,max_bias=0.000000): [1;32mOK[0m
  SOFT_MAX(type=f32,ne=[1023,1023,1,1],mask=1,scale=1.000000,max_bias=0.000000): [1;32mOK[0m
  SOFT_MAX(type=f32,ne=[16,16,1,1],mask=1,scale=0.100000,max_bias=0.000000): [1;32mOK[0m
  SOFT_MAX(type=f32,ne=[15,15,1,1],mask=1,scale=0.100000,max_bias=0.000000): [1;32mOK[0m
  SOFT_MAX(type=f32,ne=[16,1024,1,1],mask=1,scale=0.100000,max_bias=0.000000): [1;32mOK[0m
  SOFT_MAX(type=f32,ne=[15,1023,1,1],mask=1,scale=0.100000,max_bias=0.000000): [1;32mOK[0m
  SOFT_MAX(type=f32,ne=[1024,16,1,1],mask=1,scale=0.100000,max_bias=0.000000): [1;32mOK[0m
  SOFT_MAX(type=f32,ne=[1023,15,1,1],mask=1,scale=0.100000,max_bias=0.000000): [1;32mOK[0m
  SOFT_MAX(type=f32,ne=[1024,1024,1,1],mask=1,scale=0.100000,max_bias=0.000000): [1;32mOK[0m
  SOFT_MAX(type=f32,ne=[1023,1023,1,1],mask=1,scale=0.100000,max_bias=0.000000): [1;32mOK[0m
  SOFT_MAX(type=f32,ne=[16,16,1,1],mask=1,scale=1.000000,max_bias=8.000000): [1;32mOK[0m
  SOFT_MAX(type=f32,ne=[15,15,1,1],mask=1,scale=1.000000,max_bias=8.000000): [1;32mOK[0m
  SOFT_MAX(type=f32,ne=[16,1024,1,1],mask=1,scale=1.000000,max_bias=8.000000): [1;32mOK[0m
  SOFT_MAX(type=f32,ne=[15,1023,1,1],mask=1,scale=1.000000,max_bias=8.000000): [1;32mOK[0m
  SOFT_MAX(type=f32,ne=[1024,16,1,1],mask=1,scale=1.000000,max_bias=8.000000): [1;32mOK[0m
  SOFT_MAX(type=f32,ne=[1023,15,1,1],mask=1,scale=1.000000,max_bias=8.000000): [1;32mOK[0m
  SOFT_MAX(type=f32,ne=[1024,1024,1,1],mask=1,scale=1.000000,max_bias=8.000000): [1;32mOK[0m
  SOFT_MAX(type=f32,ne=[1023,1023,1,1],mask=1,scale=1.000000,max_bias=8.000000): [1;32mOK[0m
  SOFT_MAX(type=f32,ne=[16,16,1,1],mask=1,scale=0.100000,max_bias=8.000000): [1;32mOK[0m
  SOFT_MAX(type=f32,ne=[15,15,1,1],mask=1,scale=0.100000,max_bias=8.000000): [1;32mOK[0m
  SOFT_MAX(type=f32,ne=[16,1024,1,1],mask=1,scale=0.100000,max_bias=8.000000): [1;32mOK[0m
  SOFT_MAX(type=f32,ne=[15,1023,1,1],mask=1,scale=0.100000,max_bias=8.000000): [1;32mOK[0m
  SOFT_MAX(type=f32,ne=[1024,16,1,1],mask=1,scale=0.100000,max_bias=8.000000): [1;32mOK[0m
  SOFT_MAX(type=f32,ne=[1023,15,1,1],mask=1,scale=0.100000,max_bias=8.000000): [1;32mOK[0m
  SOFT_MAX(type=f32,ne=[1024,1024,1,1],mask=1,scale=0.100000,max_bias=8.000000): [1;32mOK[0m
  SOFT_MAX(type=f32,ne=[1023,1023,1,1],mask=1,scale=0.100000,max_bias=8.000000): [1;32mOK[0m
  SOFT_MAX(type=f32,ne=[16,2,32,1],mask=1,scale=0.100000,max_bias=0.000000): [1;32mOK[0m
  SOFT_MAX(type=f32,ne=[16,2,32,1],mask=0,scale=0.100000,max_bias=0.000000): [1;32mOK[0m
  SOFT_MAX(type=f32,ne=[32,2,32,1],mask=1,scale=0.100000,max_bias=0.000000): [1;32mOK[0m
  SOFT_MAX(type=f32,ne=[32,2,32,1],mask=1,scale=0.100000,max_bias=8.000000): [1;32mOK[0m
  ROPE(type=f32,ne_a=[128,32,2,1],n_dims=128,mode=0,n_ctx=512,fs=1.000000,ef=0.000000,af=1.000000,ff=0,v=0): [1;32mOK[0m
  ROPE(type=f32,ne_a=[128,40,2,1],n_dims=128,mode=0,n_ctx=512,fs=1.000000,ef=0.000000,af=1.000000,ff=0,v=0): [1;32mOK[0m
  ROPE(type=f32,ne_a=[128,52,2,1],n_dims=128,mode=0,n_ctx=512,fs=1.000000,ef=0.000000,af=1.000000,ff=0,v=0): [1;32mOK[0m
  ROPE(type=f32,ne_a=[128,64,2,1],n_dims=128,mode=0,n_ctx=512,fs=1.000000,ef=0.000000,af=1.000000,ff=0,v=0): [1;32mOK[0m
  ROPE(type=f32,ne_a=[64,1,2,1],n_dims=64,mode=2,n_ctx=512,fs=1.000000,ef=0.000000,af=1.000000,ff=0,v=0): [1;32mOK[0m
  ROPE(type=f32,ne_a=[64,71,2,1],n_dims=64,mode=2,n_ctx=512,fs=1.000000,ef=0.000000,af=1.000000,ff=0,v=0): [1;32mOK[0m
  ROPE(type=f32,ne_a=[64,8,2,1],n_dims=64,mode=2,n_ctx=512,fs=1.000000,ef=0.000000,af=1.000000,ff=0,v=0): [1;32mOK[0m
  ROPE(type=f32,ne_a=[80,32,2,1],n_dims=20,mode=2,n_ctx=512,fs=1.000000,ef=0.000000,af=1.000000,ff=0,v=0): [1;32mOK[0m
  ROPE(type=f32,ne_a=[80,32,2,1],n_dims=32,mode=2,n_ctx=512,fs=1.000000,ef=0.000000,af=1.000000,ff=0,v=0): [1;32mOK[0m
  ROPE(type=f32,ne_a=[64,128,2,1],n_dims=64,mode=2,n_ctx=512,fs=1.000000,ef=0.000000,af=1.000000,ff=0,v=0): [1;32mOK[0m
  ROPE(type=f32,ne_a=[128,32,2,1],n_dims=128,mode=0,n_ctx=512,fs=1.000000,ef=0.000000,af=1.000000,ff=1,v=0): [1;32mOK[0m
  ROPE(type=f32,ne_a=[128,40,2,1],n_dims=128,mode=0,n_ctx=512,fs=1.000000,ef=0.000000,af=1.000000,ff=1,v=0): [1;32mOK[0m
  ROPE(type=f32,ne_a=[128,52,2,1],n_dims=128,mode=0,n_ctx=512,fs=1.000000,ef=0.000000,af=1.000000,ff=1,v=0): [1;32mOK[0m
  ROPE(type=f32,ne_a=[128,64,2,1],n_dims=128,mode=0,n_ctx=512,fs=1.000000,ef=0.000000,af=1.000000,ff=1,v=0): [1;32mOK[0m
  ROPE(type=f32,ne_a=[64,1,2,1],n_dims=64,mode=2,n_ctx=512,fs=1.000000,ef=0.000000,af=1.000000,ff=1,v=0): [1;32mOK[0m
  ROPE(type=f32,ne_a=[64,71,2,1],n_dims=64,mode=2,n_ctx=512,fs=1.000000,ef=0.000000,af=1.000000,ff=1,v=0): [1;32mOK[0m
  ROPE(type=f32,ne_a=[64,8,2,1],n_dims=64,mode=2,n_ctx=512,fs=1.000000,ef=0.000000,af=1.000000,ff=1,v=0): [1;32mOK[0m
  ROPE(type=f32,ne_a=[80,32,2,1],n_dims=20,mode=2,n_ctx=512,fs=1.000000,ef=0.000000,af=1.000000,ff=1,v=0): [1;32mOK[0m
  ROPE(type=f32,ne_a=[80,32,2,1],n_dims=32,mode=2,n_ctx=512,fs=1.000000,ef=0.000000,af=1.000000,ff=1,v=0): [1;32mOK[0m
  ROPE(type=f32,ne_a=[64,128,2,1],n_dims=64,mode=2,n_ctx=512,fs=1.000000,ef=0.000000,af=1.000000,ff=1,v=0): [1;32mOK[0m
  ROPE(type=f16,ne_a=[128,32,2,1],n_dims=128,mode=0,n_ctx=512,fs=1.000000,ef=0.000000,af=1.000000,ff=0,v=0): [1;32mOK[0m
  ROPE(type=f16,ne_a=[128,40,2,1],n_dims=128,mode=0,n_ctx=512,fs=1.000000,ef=0.000000,af=1.000000,ff=0,v=0): [1;32mOK[0m
  ROPE(type=f16,ne_a=[128,52,2,1],n_dims=128,mode=0,n_ctx=512,fs=1.000000,ef=0.000000,af=1.000000,ff=0,v=0): [1;32mOK[0m
  ROPE(type=f16,ne_a=[128,64,2,1],n_dims=128,mode=0,n_ctx=512,fs=1.000000,ef=0.000000,af=1.000000,ff=0,v=0): [1;32mOK[0m
  ROPE(type=f16,ne_a=[64,1,2,1],n_dims=64,mode=2,n_ctx=512,fs=1.000000,ef=0.000000,af=1.000000,ff=0,v=0): [1;32mOK[0m
  ROPE(type=f16,ne_a=[64,71,2,1],n_dims=64,mode=2,n_ctx=512,fs=1.000000,ef=0.000000,af=1.000000,ff=0,v=0): [1;32mOK[0m
  ROPE(type=f16,ne_a=[64,8,2,1],n_dims=64,mode=2,n_ctx=512,fs=1.000000,ef=0.000000,af=1.000000,ff=0,v=0): [1;32mOK[0m
  ROPE(type=f16,ne_a=[80,32,2,1],n_dims=20,mode=2,n_ctx=512,fs=1.000000,ef=0.000000,af=1.000000,ff=0,v=0): [1;32mOK[0m
  ROPE(type=f16,ne_a=[80,32,2,1],n_dims=32,mode=2,n_ctx=512,fs=1.000000,ef=0.000000,af=1.000000,ff=0,v=0): [1;32mOK[0m
  ROPE(type=f16,ne_a=[64,128,2,1],n_dims=64,mode=2,n_ctx=512,fs=1.000000,ef=0.000000,af=1.000000,ff=0,v=0): [1;32mOK[0m
  ROPE(type=f16,ne_a=[128,32,2,1],n_dims=128,mode=0,n_ctx=512,fs=1.000000,ef=0.000000,af=1.000000,ff=1,v=0): [1;32mOK[0m
  ROPE(type=f16,ne_a=[128,40,2,1],n_dims=128,mode=0,n_ctx=512,fs=1.000000,ef=0.000000,af=1.000000,ff=1,v=0): [1;32mOK[0m
  ROPE(type=f16,ne_a=[128,52,2,1],n_dims=128,mode=0,n_ctx=512,fs=1.000000,ef=0.000000,af=1.000000,ff=1,v=0): [1;32mOK[0m
  ROPE(type=f16,ne_a=[128,64,2,1],n_dims=128,mode=0,n_ctx=512,fs=1.000000,ef=0.000000,af=1.000000,ff=1,v=0): [1;32mOK[0m
  ROPE(type=f16,ne_a=[64,1,2,1],n_dims=64,mode=2,n_ctx=512,fs=1.000000,ef=0.000000,af=1.000000,ff=1,v=0): [1;32mOK[0m
  ROPE(type=f16,ne_a=[64,71,2,1],n_dims=64,mode=2,n_ctx=512,fs=1.000000,ef=0.000000,af=1.000000,ff=1,v=0): [1;32mOK[0m
  ROPE(type=f16,ne_a=[64,8,2,1],n_dims=64,mode=2,n_ctx=512,fs=1.000000,ef=0.000000,af=1.000000,ff=1,v=0): [1;32mOK[0m
  ROPE(type=f16,ne_a=[80,32,2,1],n_dims=20,mode=2,n_ctx=512,fs=1.000000,ef=0.000000,af=1.000000,ff=1,v=0): [1;32mOK[0m
  ROPE(type=f16,ne_a=[80,32,2,1],n_dims=32,mode=2,n_ctx=512,fs=1.000000,ef=0.000000,af=1.000000,ff=1,v=0): [1;32mOK[0m
  ROPE(type=f16,ne_a=[64,128,2,1],n_dims=64,mode=2,n_ctx=512,fs=1.000000,ef=0.000000,af=1.000000,ff=1,v=0): [1;32mOK[0m
  ROPE(type=f32,ne_a=[128,32,2,1],n_dims=128,mode=0,n_ctx=512,fs=1.000000,ef=0.000000,af=1.424500,ff=0,v=0): [1;32mOK[0m
  ROPE(type=f32,ne_a=[64,128,2,1],n_dims=64,mode=2,n_ctx=512,fs=1.000000,ef=0.000000,af=1.424500,ff=0,v=0): [1;32mOK[0m
  ROPE(type=f32,ne_a=[128,32,2,1],n_dims=128,mode=0,n_ctx=512,fs=1.000000,ef=0.000000,af=1.424500,ff=1,v=0): [1;32mOK[0m
  ROPE(type=f32,ne_a=[64,128,2,1],n_dims=64,mode=2,n_ctx=512,fs=1.000000,ef=0.000000,af=1.424500,ff=1,v=0): [1;32mOK[0m
  ROPE(type=f16,ne_a=[128,32,2,1],n_dims=128,mode=0,n_ctx=512,fs=1.000000,ef=0.000000,af=1.424500,ff=0,v=0): [1;32mOK[0m
  ROPE(type=f16,ne_a=[64,128,2,1],n_dims=64,mode=2,n_ctx=512,fs=1.000000,ef=0.000000,af=1.424500,ff=0,v=0): [1;32mOK[0m
  ROPE(type=f16,ne_a=[128,32,2,1],n_dims=128,mode=0,n_ctx=512,fs=1.000000,ef=0.000000,af=1.424500,ff=1,v=0): [1;32mOK[0m
  ROPE(type=f16,ne_a=[64,128,2,1],n_dims=64,mode=2,n_ctx=512,fs=1.000000,ef=0.000000,af=1.424500,ff=1,v=0): [1;32mOK[0m
  ROPE(type=f32,ne_a=[128,32,2,1],n_dims=128,mode=0,n_ctx=512,fs=1.000000,ef=0.746500,af=1.000000,ff=0,v=0): [1;32mOK[0m
  ROPE(type=f32,ne_a=[64,128,2,1],n_dims=64,mode=2,n_ctx=512,fs=1.000000,ef=0.746500,af=1.000000,ff=0,v=0): [1;32mOK[0m
  ROPE(type=f32,ne_a=[128,32,2,1],n_dims=128,mode=0,n_ctx=512,fs=1.000000,ef=0.746500,af=1.000000,ff=1,v=0): [1;32mOK[0m
  ROPE(type=f32,ne_a=[64,128,2,1],n_dims=64,mode=2,n_ctx=512,fs=1.000000,ef=0.746500,af=1.000000,ff=1,v=0): [1;32mOK[0m
  ROPE(type=f16,ne_a=[128,32,2,1],n_dims=128,mode=0,n_ctx=512,fs=1.000000,ef=0.746500,af=1.000000,ff=0,v=0): [1;32mOK[0m
  ROPE(type=f16,ne_a=[64,128,2,1],n_dims=64,mode=2,n_ctx=512,fs=1.000000,ef=0.746500,af=1.000000,ff=0,v=0): [1;32mOK[0m
  ROPE(type=f16,ne_a=[128,32,2,1],n_dims=128,mode=0,n_ctx=512,fs=1.000000,ef=0.746500,af=1.000000,ff=1,v=0): [1;32mOK[0m
  ROPE(type=f16,ne_a=[64,128,2,1],n_dims=64,mode=2,n_ctx=512,fs=1.000000,ef=0.746500,af=1.000000,ff=1,v=0): [1;32mOK[0m
  ROPE(type=f32,ne_a=[128,32,2,1],n_dims=128,mode=0,n_ctx=512,fs=1.000000,ef=0.746500,af=1.424500,ff=0,v=0): [1;32mOK[0m
  ROPE(type=f32,ne_a=[64,128,2,1],n_dims=64,mode=2,n_ctx=512,fs=1.000000,ef=0.746500,af=1.424500,ff=0,v=0): [1;32mOK[0m
  ROPE(type=f32,ne_a=[128,32,2,1],n_dims=128,mode=0,n_ctx=512,fs=1.000000,ef=0.746500,af=1.424500,ff=1,v=0): [1;32mOK[0m
  ROPE(type=f32,ne_a=[64,128,2,1],n_dims=64,mode=2,n_ctx=512,fs=1.000000,ef=0.746500,af=1.424500,ff=1,v=0): [1;32mOK[0m
  ROPE(type=f16,ne_a=[128,32,2,1],n_dims=128,mode=0,n_ctx=512,fs=1.000000,ef=0.746500,af=1.424500,ff=0,v=0): [1;32mOK[0m
  ROPE(type=f16,ne_a=[64,128,2,1],n_dims=64,mode=2,n_ctx=512,fs=1.000000,ef=0.746500,af=1.424500,ff=0,v=0): [1;32mOK[0m
  ROPE(type=f16,ne_a=[128,32,2,1],n_dims=128,mode=0,n_ctx=512,fs=1.000000,ef=0.746500,af=1.424500,ff=1,v=0): [1;32mOK[0m
  ROPE(type=f16,ne_a=[64,128,2,1],n_dims=64,mode=2,n_ctx=512,fs=1.000000,ef=0.746500,af=1.424500,ff=1,v=0): [1;32mOK[0m
  ROPE(type=f32,ne_a=[128,32,2,1],n_dims=128,mode=0,n_ctx=512,fs=1.424500,ef=0.000000,af=1.000000,ff=0,v=0): [1;32mOK[0m
  ROPE(type=f32,ne_a=[64,128,2,1],n_dims=64,mode=2,n_ctx=512,fs=1.424500,ef=0.000000,af=1.000000,ff=0,v=0): [1;32mOK[0m
  ROPE(type=f32,ne_a=[128,32,2,1],n_dims=128,mode=0,n_ctx=512,fs=1.424500,ef=0.000000,af=1.000000,ff=1,v=0): [1;32mOK[0m
  ROPE(type=f32,ne_a=[64,128,2,1],n_dims=64,mode=2,n_ctx=512,fs=1.424500,ef=0.000000,af=1.000000,ff=1,v=0): [1;32mOK[0m
  ROPE(type=f16,ne_a=[128,32,2,1],n_dims=128,mode=0,n_ctx=512,fs=1.424500,ef=0.000000,af=1.000000,ff=0,v=0): [1;32mOK[0m
  ROPE(type=f16,ne_a=[64,128,2,1],n_dims=64,mode=2,n_ctx=512,fs=1.424500,ef=0.000000,af=1.000000,ff=0,v=0): [1;32mOK[0m
  ROPE(type=f16,ne_a=[128,32,2,1],n_dims=128,mode=0,n_ctx=512,fs=1.424500,ef=0.000000,af=1.000000,ff=1,v=0): [1;32mOK[0m
  ROPE(type=f16,ne_a=[64,128,2,1],n_dims=64,mode=2,n_ctx=512,fs=1.424500,ef=0.000000,af=1.000000,ff=1,v=0): [1;32mOK[0m
  ROPE(type=f32,ne_a=[128,32,2,1],n_dims=128,mode=0,n_ctx=512,fs=1.424500,ef=0.000000,af=1.424500,ff=0,v=0): [1;32mOK[0m
  ROPE(type=f32,ne_a=[64,128,2,1],n_dims=64,mode=2,n_ctx=512,fs=1.424500,ef=0.000000,af=1.424500,ff=0,v=0): [1;32mOK[0m
  ROPE(type=f32,ne_a=[128,32,2,1],n_dims=128,mode=0,n_ctx=512,fs=1.424500,ef=0.000000,af=1.424500,ff=1,v=0): [1;32mOK[0m
  ROPE(type=f32,ne_a=[64,128,2,1],n_dims=64,mode=2,n_ctx=512,fs=1.424500,ef=0.000000,af=1.424500,ff=1,v=0): [1;32mOK[0m
  ROPE(type=f16,ne_a=[128,32,2,1],n_dims=128,mode=0,n_ctx=512,fs=1.424500,ef=0.000000,af=1.424500,ff=0,v=0): [1;32mOK[0m
  ROPE(type=f16,ne_a=[64,128,2,1],n_dims=64,mode=2,n_ctx=512,fs=1.424500,ef=0.000000,af=1.424500,ff=0,v=0): [1;32mOK[0m
  ROPE(type=f16,ne_a=[128,32,2,1],n_dims=128,mode=0,n_ctx=512,fs=1.424500,ef=0.000000,af=1.424500,ff=1,v=0): [1;32mOK[0m
  ROPE(type=f16,ne_a=[64,128,2,1],n_dims=64,mode=2,n_ctx=512,fs=1.424500,ef=0.000000,af=1.424500,ff=1,v=0): [1;32mOK[0m
  ROPE(type=f32,ne_a=[128,32,2,1],n_dims=128,mode=0,n_ctx=512,fs=1.424500,ef=0.746500,af=1.000000,ff=0,v=0): [1;32mOK[0m
  ROPE(type=f32,ne_a=[64,128,2,1],n_dims=64,mode=2,n_ctx=512,fs=1.424500,ef=0.746500,af=1.000000,ff=0,v=0): [1;32mOK[0m
  ROPE(type=f32,ne_a=[128,32,2,1],n_dims=128,mode=0,n_ctx=512,fs=1.424500,ef=0.746500,af=1.000000,ff=1,v=0): [1;32mOK[0m
  ROPE(type=f32,ne_a=[64,128,2,1],n_dims=64,mode=2,n_ctx=512,fs=1.424500,ef=0.746500,af=1.000000,ff=1,v=0): [1;32mOK[0m
  ROPE(type=f16,ne_a=[128,32,2,1],n_dims=128,mode=0,n_ctx=512,fs=1.424500,ef=0.746500,af=1.000000,ff=0,v=0): [1;32mOK[0m
  ROPE(type=f16,ne_a=[64,128,2,1],n_dims=64,mode=2,n_ctx=512,fs=1.424500,ef=0.746500,af=1.000000,ff=0,v=0): [1;32mOK[0m
  ROPE(type=f16,ne_a=[128,32,2,1],n_dims=128,mode=0,n_ctx=512,fs=1.424500,ef=0.746500,af=1.000000,ff=1,v=0): [1;32mOK[0m
  ROPE(type=f16,ne_a=[64,128,2,1],n_dims=64,mode=2,n_ctx=512,fs=1.424500,ef=0.746500,af=1.000000,ff=1,v=0): [1;32mOK[0m
  ROPE(type=f32,ne_a=[128,32,2,1],n_dims=128,mode=0,n_ctx=512,fs=1.424500,ef=0.746500,af=1.424500,ff=0,v=0): [1;32mOK[0m
  ROPE(type=f32,ne_a=[64,128,2,1],n_dims=64,mode=2,n_ctx=512,fs=1.424500,ef=0.746500,af=1.424500,ff=0,v=0): [1;32mOK[0m
  ROPE(type=f32,ne_a=[128,32,2,1],n_dims=128,mode=0,n_ctx=512,fs=1.424500,ef=0.746500,af=1.424500,ff=1,v=0): [1;32mOK[0m
  ROPE(type=f32,ne_a=[64,128,2,1],n_dims=64,mode=2,n_ctx=512,fs=1.424500,ef=0.746500,af=1.424500,ff=1,v=0): [1;32mOK[0m
  ROPE(type=f16,ne_a=[128,32,2,1],n_dims=128,mode=0,n_ctx=512,fs=1.424500,ef=0.746500,af=1.424500,ff=0,v=0): [1;32mOK[0m
  ROPE(type=f16,ne_a=[64,128,2,1],n_dims=64,mode=2,n_ctx=512,fs=1.424500,ef=0.746500,af=1.424500,ff=0,v=0): [1;32mOK[0m
  ROPE(type=f16,ne_a=[128,32,2,1],n_dims=128,mode=0,n_ctx=512,fs=1.424500,ef=0.746500,af=1.424500,ff=1,v=0): [1;32mOK[0m
  ROPE(type=f16,ne_a=[64,128,2,1],n_dims=64,mode=2,n_ctx=512,fs=1.424500,ef=0.746500,af=1.424500,ff=1,v=0): [1;32mOK[0m
  ROPE(type=f32,ne_a=[128,32,2,1],n_dims=128,mode=0,n_ctx=512,fs=1.000000,ef=0.000000,af=1.000000,ff=0,v=1): [1;32mOK[0m
  ROPE(type=f32,ne_a=[64,128,2,1],n_dims=64,mode=2,n_ctx=512,fs=1.000000,ef=0.000000,af=1.000000,ff=0,v=1): [1;32mOK[0m
  ROPE(type=f32,ne_a=[128,32,2,1],n_dims=128,mode=0,n_ctx=512,fs=1.000000,ef=0.000000,af=1.000000,ff=1,v=1): [1;32mOK[0m
  ROPE(type=f32,ne_a=[64,128,2,1],n_dims=64,mode=2,n_ctx=512,fs=1.000000,ef=0.000000,af=1.000000,ff=1,v=1): [1;32mOK[0m
  ROPE(type=f16,ne_a=[128,32,2,1],n_dims=128,mode=0,n_ctx=512,fs=1.000000,ef=0.000000,af=1.000000,ff=0,v=1): [1;32mOK[0m
  ROPE(type=f16,ne_a=[64,128,2,1],n_dims=64,mode=2,n_ctx=512,fs=1.000000,ef=0.000000,af=1.000000,ff=0,v=1): [1;32mOK[0m
  ROPE(type=f16,ne_a=[128,32,2,1],n_dims=128,mode=0,n_ctx=512,fs=1.000000,ef=0.000000,af=1.000000,ff=1,v=1): [1;32mOK[0m
  ROPE(type=f16,ne_a=[64,128,2,1],n_dims=64,mode=2,n_ctx=512,fs=1.000000,ef=0.000000,af=1.000000,ff=1,v=1): [1;32mOK[0m
  ROPE(type=f32,ne_a=[128,32,2,1],n_dims=128,mode=0,n_ctx=512,fs=1.000000,ef=0.000000,af=1.424500,ff=0,v=1): [1;32mOK[0m
  ROPE(type=f32,ne_a=[64,128,2,1],n_dims=64,mode=2,n_ctx=512,fs=1.000000,ef=0.000000,af=1.424500,ff=0,v=1): [1;32mOK[0m
  ROPE(type=f32,ne_a=[128,32,2,1],n_dims=128,mode=0,n_ctx=512,fs=1.000000,ef=0.000000,af=1.424500,ff=1,v=1): [1;32mOK[0m
  ROPE(type=f32,ne_a=[64,128,2,1],n_dims=64,mode=2,n_ctx=512,fs=1.000000,ef=0.000000,af=1.424500,ff=1,v=1): [1;32mOK[0m
  ROPE(type=f16,ne_a=[128,32,2,1],n_dims=128,mode=0,n_ctx=512,fs=1.000000,ef=0.000000,af=1.424500,ff=0,v=1): [1;32mOK[0m
  ROPE(type=f16,ne_a=[64,128,2,1],n_dims=64,mode=2,n_ctx=512,fs=1.000000,ef=0.000000,af=1.424500,ff=0,v=1): [1;32mOK[0m
  ROPE(type=f16,ne_a=[128,32,2,1],n_dims=128,mode=0,n_ctx=512,fs=1.000000,ef=0.000000,af=1.424500,ff=1,v=1): [1;32mOK[0m
  ROPE(type=f16,ne_a=[64,128,2,1],n_dims=64,mode=2,n_ctx=512,fs=1.000000,ef=0.000000,af=1.424500,ff=1,v=1): [1;32mOK[0m
  ROPE(type=f32,ne_a=[128,32,2,1],n_dims=128,mode=0,n_ctx=512,fs=1.000000,ef=0.746500,af=1.000000,ff=0,v=1): [1;32mOK[0m
  ROPE(type=f32,ne_a=[64,128,2,1],n_dims=64,mode=2,n_ctx=512,fs=1.000000,ef=0.746500,af=1.000000,ff=0,v=1): [1;32mOK[0m
  ROPE(type=f32,ne_a=[128,32,2,1],n_dims=128,mode=0,n_ctx=512,fs=1.000000,ef=0.746500,af=1.000000,ff=1,v=1): [1;32mOK[0m
  ROPE(type=f32,ne_a=[64,128,2,1],n_dims=64,mode=2,n_ctx=512,fs=1.000000,ef=0.746500,af=1.000000,ff=1,v=1): [1;32mOK[0m
  ROPE(type=f16,ne_a=[128,32,2,1],n_dims=128,mode=0,n_ctx=512,fs=1.000000,ef=0.746500,af=1.000000,ff=0,v=1): [1;32mOK[0m
  ROPE(type=f16,ne_a=[64,128,2,1],n_dims=64,mode=2,n_ctx=512,fs=1.000000,ef=0.746500,af=1.000000,ff=0,v=1): [1;32mOK[0m
  ROPE(type=f16,ne_a=[128,32,2,1],n_dims=128,mode=0,n_ctx=512,fs=1.000000,ef=0.746500,af=1.000000,ff=1,v=1): [1;32mOK[0m
  ROPE(type=f16,ne_a=[64,128,2,1],n_dims=64,mode=2,n_ctx=512,fs=1.000000,ef=0.746500,af=1.000000,ff=1,v=1): [1;32mOK[0m
  ROPE(type=f32,ne_a=[128,32,2,1],n_dims=128,mode=0,n_ctx=512,fs=1.000000,ef=0.746500,af=1.424500,ff=0,v=1): [1;32mOK[0m
  ROPE(type=f32,ne_a=[64,128,2,1],n_dims=64,mode=2,n_ctx=512,fs=1.000000,ef=0.746500,af=1.424500,ff=0,v=1): [1;32mOK[0m
  ROPE(type=f32,ne_a=[128,32,2,1],n_dims=128,mode=0,n_ctx=512,fs=1.000000,ef=0.746500,af=1.424500,ff=1,v=1): [1;32mOK[0m
  ROPE(type=f32,ne_a=[64,128,2,1],n_dims=64,mode=2,n_ctx=512,fs=1.000000,ef=0.746500,af=1.424500,ff=1,v=1): [1;32mOK[0m
  ROPE(type=f16,ne_a=[128,32,2,1],n_dims=128,mode=0,n_ctx=512,fs=1.000000,ef=0.746500,af=1.424500,ff=0,v=1): [1;32mOK[0m
  ROPE(type=f16,ne_a=[64,128,2,1],n_dims=64,mode=2,n_ctx=512,fs=1.000000,ef=0.746500,af=1.424500,ff=0,v=1): [1;32mOK[0m
  ROPE(type=f16,ne_a=[128,32,2,1],n_dims=128,mode=0,n_ctx=512,fs=1.000000,ef=0.746500,af=1.424500,ff=1,v=1): [1;32mOK[0m
  ROPE(type=f16,ne_a=[64,128,2,1],n_dims=64,mode=2,n_ctx=512,fs=1.000000,ef=0.746500,af=1.424500,ff=1,v=1): [1;32mOK[0m
  ROPE(type=f32,ne_a=[128,32,2,1],n_dims=128,mode=0,n_ctx=512,fs=1.424500,ef=0.000000,af=1.000000,ff=0,v=1): [1;32mOK[0m
  ROPE(type=f32,ne_a=[64,128,2,1],n_dims=64,mode=2,n_ctx=512,fs=1.424500,ef=0.000000,af=1.000000,ff=0,v=1): [1;32mOK[0m
  ROPE(type=f32,ne_a=[128,32,2,1],n_dims=128,mode=0,n_ctx=512,fs=1.424500,ef=0.000000,af=1.000000,ff=1,v=1): [1;32mOK[0m
  ROPE(type=f32,ne_a=[64,128,2,1],n_dims=64,mode=2,n_ctx=512,fs=1.424500,ef=0.000000,af=1.000000,ff=1,v=1): [1;32mOK[0m
  ROPE(type=f16,ne_a=[128,32,2,1],n_dims=128,mode=0,n_ctx=512,fs=1.424500,ef=0.000000,af=1.000000,ff=0,v=1): [1;32mOK[0m
  ROPE(type=f16,ne_a=[64,128,2,1],n_dims=64,mode=2,n_ctx=512,fs=1.424500,ef=0.000000,af=1.000000,ff=0,v=1): [1;32mOK[0m
  ROPE(type=f16,ne_a=[128,32,2,1],n_dims=128,mode=0,n_ctx=512,fs=1.424500,ef=0.000000,af=1.000000,ff=1,v=1): [1;32mOK[0m
  ROPE(type=f16,ne_a=[64,128,2,1],n_dims=64,mode=2,n_ctx=512,fs=1.424500,ef=0.000000,af=1.000000,ff=1,v=1): [1;32mOK[0m
  ROPE(type=f32,ne_a=[128,32,2,1],n_dims=128,mode=0,n_ctx=512,fs=1.424500,ef=0.000000,af=1.424500,ff=0,v=1): [1;32mOK[0m
  ROPE(type=f32,ne_a=[64,128,2,1],n_dims=64,mode=2,n_ctx=512,fs=1.424500,ef=0.000000,af=1.424500,ff=0,v=1): [1;32mOK[0m
  ROPE(type=f32,ne_a=[128,32,2,1],n_dims=128,mode=0,n_ctx=512,fs=1.424500,ef=0.000000,af=1.424500,ff=1,v=1): [1;32mOK[0m
  ROPE(type=f32,ne_a=[64,128,2,1],n_dims=64,mode=2,n_ctx=512,fs=1.424500,ef=0.000000,af=1.424500,ff=1,v=1): [1;32mOK[0m
  ROPE(type=f16,ne_a=[128,32,2,1],n_dims=128,mode=0,n_ctx=512,fs=1.424500,ef=0.000000,af=1.424500,ff=0,v=1): [1;32mOK[0m
  ROPE(type=f16,ne_a=[64,128,2,1],n_dims=64,mode=2,n_ctx=512,fs=1.424500,ef=0.000000,af=1.424500,ff=0,v=1): [1;32mOK[0m
  ROPE(type=f16,ne_a=[128,32,2,1],n_dims=128,mode=0,n_ctx=512,fs=1.424500,ef=0.000000,af=1.424500,ff=1,v=1): [1;32mOK[0m
  ROPE(type=f16,ne_a=[64,128,2,1],n_dims=64,mode=2,n_ctx=512,fs=1.424500,ef=0.000000,af=1.424500,ff=1,v=1): [1;32mOK[0m
  ROPE(type=f32,ne_a=[128,32,2,1],n_dims=128,mode=0,n_ctx=512,fs=1.424500,ef=0.746500,af=1.000000,ff=0,v=1): [1;32mOK[0m
  ROPE(type=f32,ne_a=[64,128,2,1],n_dims=64,mode=2,n_ctx=512,fs=1.424500,ef=0.746500,af=1.000000,ff=0,v=1): [1;32mOK[0m
  ROPE(type=f32,ne_a=[128,32,2,1],n_dims=128,mode=0,n_ctx=512,fs=1.424500,ef=0.746500,af=1.000000,ff=1,v=1): [1;32mOK[0m
  ROPE(type=f32,ne_a=[64,128,2,1],n_dims=64,mode=2,n_ctx=512,fs=1.424500,ef=0.746500,af=1.000000,ff=1,v=1): [1;32mOK[0m
  ROPE(type=f16,ne_a=[128,32,2,1],n_dims=128,mode=0,n_ctx=512,fs=1.424500,ef=0.746500,af=1.000000,ff=0,v=1): [1;32mOK[0m
  ROPE(type=f16,ne_a=[64,128,2,1],n_dims=64,mode=2,n_ctx=512,fs=1.424500,ef=0.746500,af=1.000000,ff=0,v=1): [1;32mOK[0m
  ROPE(type=f16,ne_a=[128,32,2,1],n_dims=128,mode=0,n_ctx=512,fs=1.424500,ef=0.746500,af=1.000000,ff=1,v=1): [1;32mOK[0m
  ROPE(type=f16,ne_a=[64,128,2,1],n_dims=64,mode=2,n_ctx=512,fs=1.424500,ef=0.746500,af=1.000000,ff=1,v=1): [1;32mOK[0m
  ROPE(type=f32,ne_a=[128,32,2,1],n_dims=128,mode=0,n_ctx=512,fs=1.424500,ef=0.746500,af=1.424500,ff=0,v=1): [1;32mOK[0m
  ROPE(type=f32,ne_a=[64,128,2,1],n_dims=64,mode=2,n_ctx=512,fs=1.424500,ef=0.746500,af=1.424500,ff=0,v=1): [1;32mOK[0m
  ROPE(type=f32,ne_a=[128,32,2,1],n_dims=128,mode=0,n_ctx=512,fs=1.424500,ef=0.746500,af=1.424500,ff=1,v=1): [1;32mOK[0m
  ROPE(type=f32,ne_a=[64,128,2,1],n_dims=64,mode=2,n_ctx=512,fs=1.424500,ef=0.746500,af=1.424500,ff=1,v=1): [1;32mOK[0m
  ROPE(type=f16,ne_a=[128,32,2,1],n_dims=128,mode=0,n_ctx=512,fs=1.424500,ef=0.746500,af=1.424500,ff=0,v=1): [1;32mOK[0m
  ROPE(type=f16,ne_a=[64,128,2,1],n_dims=64,mode=2,n_ctx=512,fs=1.424500,ef=0.746500,af=1.424500,ff=0,v=1): [1;32mOK[0m
  ROPE(type=f16,ne_a=[128,32,2,1],n_dims=128,mode=0,n_ctx=512,fs=1.424500,ef=0.746500,af=1.424500,ff=1,v=1): [1;32mOK[0m
  ROPE(type=f16,ne_a=[64,128,2,1],n_dims=64,mode=2,n_ctx=512,fs=1.424500,ef=0.746500,af=1.424500,ff=1,v=1): [1;32mOK[0m
  CONCAT(type=f32,ne_a=[11,12,13,14],ne_b_d=7,dim=0,v=0): [1;32mOK[0m
  CONCAT(type=i32,ne_a=[11,12,13,14],ne_b_d=7,dim=0,v=0): [1;32mOK[0m
  CONCAT(type=f32,ne_a=[11,12,13,14],ne_b_d=7,dim=1,v=0): [1;32mOK[0m
  CONCAT(type=i32,ne_a=[11,12,13,14],ne_b_d=7,dim=1,v=0): [1;32mOK[0m
  CONCAT(type=f32,ne_a=[11,12,13,14],ne_b_d=7,dim=2,v=0): [1;32mOK[0m
  CONCAT(type=i32,ne_a=[11,12,13,14],ne_b_d=7,dim=2,v=0): [1;32mOK[0m
  CONCAT(type=f32,ne_a=[11,12,13,14],ne_b_d=7,dim=3,v=0): [1;32mOK[0m
  CONCAT(type=i32,ne_a=[11,12,13,14],ne_b_d=7,dim=3,v=0): [1;32mOK[0m
  CONCAT(type=f32,ne_a=[11,12,13,14],ne_b_d=7,dim=0,v=1): [1;32mOK[0m
  CONCAT(type=i32,ne_a=[11,12,13,14],ne_b_d=7,dim=0,v=1): [1;32mOK[0m
  CONCAT(type=f32,ne_a=[11,12,13,14],ne_b_d=7,dim=1,v=1): [1;32mOK[0m
  CONCAT(type=i32,ne_a=[11,12,13,14],ne_b_d=7,dim=1,v=1): [1;32mOK[0m
  CONCAT(type=f32,ne_a=[11,12,13,14],ne_b_d=7,dim=2,v=1): [1;32mOK[0m
  CONCAT(type=i32,ne_a=[11,12,13,14],ne_b_d=7,dim=2,v=1): [1;32mOK[0m
  CONCAT(type=f32,ne_a=[11,12,13,14],ne_b_d=7,dim=3,v=1): [1;32mOK[0m
  CONCAT(type=i32,ne_a=[11,12,13,14],ne_b_d=7,dim=3,v=1): [1;32mOK[0m
  CONCAT(type=f32,ne_a=[11,12,13,14],ne_b_d=7,dim=0,v=2): [1;32mOK[0m
  CONCAT(type=i32,ne_a=[11,12,13,14],ne_b_d=7,dim=0,v=2): [1;32mOK[0m
  CONCAT(type=f32,ne_a=[11,12,13,14],ne_b_d=7,dim=1,v=2): [1;32mOK[0m
  CONCAT(type=i32,ne_a=[11,12,13,14],ne_b_d=7,dim=1,v=2): [1;32mOK[0m
  CONCAT(type=f32,ne_a=[11,12,13,14],ne_b_d=7,dim=2,v=2): [1;32mOK[0m
  CONCAT(type=i32,ne_a=[11,12,13,14],ne_b_d=7,dim=2,v=2): [1;32mOK[0m
  CONCAT(type=f32,ne_a=[11,12,13,14],ne_b_d=7,dim=3,v=2): [1;32mOK[0m
  CONCAT(type=i32,ne_a=[11,12,13,14],ne_b_d=7,dim=3,v=2): [1;32mOK[0m
  CONCAT(type=f32,ne_a=[11,12,13,14],ne_b_d=7,dim=0,v=3): [1;32mOK[0m
  CONCAT(type=i32,ne_a=[11,12,13,14],ne_b_d=7,dim=0,v=3): [1;32mOK[0m
  CONCAT(type=f32,ne_a=[11,12,13,14],ne_b_d=7,dim=1,v=3): [1;32mOK[0m
  CONCAT(type=i32,ne_a=[11,12,13,14],ne_b_d=7,dim=1,v=3): [1;32mOK[0m
  CONCAT(type=f32,ne_a=[11,12,13,14],ne_b_d=7,dim=2,v=3): [1;32mOK[0m
  CONCAT(type=i32,ne_a=[11,12,13,14],ne_b_d=7,dim=2,v=3): [1;32mOK[0m
  CONCAT(type=f32,ne_a=[11,12,13,14],ne_b_d=7,dim=3,v=3): [1;32mOK[0m
  CONCAT(type=i32,ne_a=[11,12,13,14],ne_b_d=7,dim=3,v=3): [1;32mOK[0m
  ARGSORT(type=f32,ne=[8,1,1,1],order=0): [1;32mOK[0m
  ARGSORT(type=f32,ne=[16,10,10,10],order=0): [1;32mOK[0m
  ARGSORT(type=f32,ne=[60,10,10,10],order=0): [1;32mOK[0m
  ARGSORT(type=f32,ne=[8,1,1,1],order=1): [1;32mOK[0m
  ARGSORT(type=f32,ne=[16,10,10,10],order=1): [1;32mOK[0m
  ARGSORT(type=f32,ne=[60,10,10,10],order=1): [1;32mOK[0m
  SUM(type=f32,ne=[10,5,4,3]): not supported [Metal] 
  SUM_ROWS(type=f32,ne=[10,5,4,3]): [1;32mOK[0m
  MEAN(type=f32,ne=[10,5,4,3]): not supported [Metal] 
  UPSCALE(type=f32,ne=[512,512,3,1],scale_factor=2,transpose=0): [1;32mOK[0m
  UPSCALE(type=f32,ne=[512,512,3,1],scale_factor=2,transpose=1): [1;32mOK[0m
  UPSCALE(type=f32,ne=[2,5,7,11],ne_tgt=[5,7,11,13]): [1;32mOK[0m
  GROUP_NORM(type=f32,ne=[64,64,320,1],num_groups=32): [1;32mOK[0m
  GROUP_NORM(type=f32,ne=[9,9,1280,1],num_groups=32): /Users/ggml/work/llama.cpp/ggml/src/ggml-metal/ggml-metal.m:2675: GGML_ASSERT(ne00 % 4 == 0) failed

      Start 25: test-barrier
23/27 Test #25: test-barrier ......................   Passed    0.88 sec
      Start 26: test-quantize-fns
24/27 Test #26: test-quantize-fns .................   Passed   25.13 sec
      Start 27: test-quantize-perf
25/27 Test #27: test-quantize-perf ................   Passed    0.35 sec
      Start 28: test-rope
26/27 Test #28: test-rope .........................   Passed    0.20 sec
      Start 29: test-json-schema-to-grammar
27/27 Test #29: test-json-schema-to-grammar .......   Passed    2.45 sec

96% tests passed, 1 tests failed out of 27

Label Time Summary:
main    = 100.87 sec*proc (27 tests)

Total Test time (real) = 100.89 sec

The following tests FAILED:
	 22 - test-backend-ops (Subprocess aborted)             main
Errors while running CTest
