+ cmake -DCMAKE_BUILD_TYPE=Release -DLLAMA_FATAL_WARNINGS=ON ..
-- The C compiler identification is GNU 8.3.0
-- The CXX compiler identification is GNU 8.3.0
-- Detecting C compiler ABI info
-- Detecting C compiler ABI info - done
-- Check for working C compiler: /usr/bin/cc - skipped
-- Detecting C compile features
-- Detecting C compile features - done
-- Detecting CXX compiler ABI info
-- Detecting CXX compiler ABI info - done
-- Check for working CXX compiler: /usr/bin/c++ - skipped
-- Detecting CXX compile features
-- Detecting CXX compile features - done
-- Found Git: /usr/bin/git (found version "2.20.1") 
-- Performing Test CMAKE_HAVE_LIBC_PTHREAD
-- Performing Test CMAKE_HAVE_LIBC_PTHREAD - Failed
-- Check if compiler accepts -pthread
-- Check if compiler accepts -pthread - yes
-- Found Threads: TRUE  
-- Found OpenMP_C: -fopenmp (found version "4.5") 
-- Found OpenMP_CXX: -fopenmp (found version "4.5") 
-- Found OpenMP: TRUE (found version "4.5")  
-- OpenMP found
-- ccache found, compilation results will be cached. Disable with LLAMA_CCACHE=OFF.
-- CMAKE_SYSTEM_PROCESSOR: loongarch64
-- loongarch64 detected
-- Configuring done (1.4s)
-- Generating done (0.2s)
-- Build files have been written to: /home/loongson/work/llama.cpp/build-ci-release

real	0m1.699s
user	0m1.316s
sys	0m0.371s
+ make -j
[  2%] Building CXX object common/CMakeFiles/build_info.dir/build-info.cpp.o
[  1%] Building C object CMakeFiles/ggml.dir/ggml-alloc.c.o
[  2%] Building C object CMakeFiles/ggml.dir/ggml.c.o
[  3%] Building C object CMakeFiles/ggml.dir/ggml-quants.c.o
[  3%] Building C object CMakeFiles/ggml.dir/ggml-backend.c.o
[  4%] Building CXX object CMakeFiles/ggml.dir/sgemm.cpp.o
[  4%] Built target ggml
[  5%] Building CXX object examples/gguf/CMakeFiles/llama-gguf.dir/gguf.cpp.o
[  5%] Linking CXX static library libggml_static.a
[  7%] Building CXX object CMakeFiles/llama.dir/unicode-data.cpp.o
[  7%] Building CXX object CMakeFiles/llama.dir/unicode.cpp.o
[  7%] Building CXX object CMakeFiles/llama.dir/llama.cpp.o
[  7%] Built target build_info
[  7%] Built target ggml_static
[  7%] Linking CXX static library libllama.a
[  7%] Built target llama
[  8%] Building C object tests/CMakeFiles/test-c.dir/test-c.c.o
[  9%] Building CXX object examples/llava/CMakeFiles/llava.dir/llava.cpp.o
[  9%] Building CXX object common/CMakeFiles/common.dir/common.cpp.o
[ 12%] Building CXX object common/CMakeFiles/common.dir/grammar-parser.cpp.o
[ 12%] Building CXX object common/CMakeFiles/common.dir/train.cpp.o
[ 12%] Building CXX object examples/quantize-stats/CMakeFiles/llama-quantize-stats.dir/quantize-stats.cpp.o
[ 12%] Building CXX object common/CMakeFiles/common.dir/json-schema-to-grammar.cpp.o
[ 14%] Building CXX object examples/benchmark/CMakeFiles/llama-bench-matmult.dir/benchmark-matmult.cpp.o
[ 14%] Building CXX object common/CMakeFiles/common.dir/sampling.cpp.o
[ 16%] Building CXX object examples/llava/CMakeFiles/llava.dir/clip.cpp.o
[ 16%] Building CXX object common/CMakeFiles/common.dir/console.cpp.o
[ 16%] Building CXX object common/CMakeFiles/common.dir/ngram-cache.cpp.o
[ 16%] Linking CXX executable ../bin/test-c
[ 17%] Linking CXX static library libcommon.a
[ 17%] Built target llava
[ 17%] Linking CXX static library libllava_static.a
[ 17%] Built target llava_static
[ 17%] Built target common
[ 17%] Built target test-c
[ 18%] Building CXX object tests/CMakeFiles/test-quantize-perf.dir/test-quantize-perf.cpp.o
[ 19%] Building CXX object tests/CMakeFiles/test-tokenizer-1-bpe.dir/test-tokenizer-1-bpe.cpp.o
[ 19%] Building CXX object tests/CMakeFiles/test-quantize-perf.dir/get-model.cpp.o
[ 20%] Building CXX object tests/CMakeFiles/test-sampling.dir/test-sampling.cpp.o
[ 26%] Building CXX object tests/CMakeFiles/test-quantize-fns.dir/test-quantize-fns.cpp.o
[ 26%] Building CXX object tests/CMakeFiles/test-sampling.dir/get-model.cpp.o
[ 26%] Building CXX object tests/CMakeFiles/test-llama-grammar.dir/test-llama-grammar.cpp.o
[ 26%] Building CXX object tests/CMakeFiles/test-quantize-fns.dir/get-model.cpp.o
[ 27%] Building CXX object tests/CMakeFiles/test-grammar-integration.dir/get-model.cpp.o
[ 26%] Building CXX object tests/CMakeFiles/test-grammar-parser.dir/get-model.cpp.o
[ 26%] Building CXX object tests/CMakeFiles/test-grammar-integration.dir/test-grammar-integration.cpp.o
[ 29%] Building CXX object tests/CMakeFiles/test-tokenizer-0.dir/test-tokenizer-0.cpp.o
[ 31%] Building CXX object tests/CMakeFiles/test-llama-grammar.dir/get-model.cpp.o
[ 31%] Building CXX object tests/CMakeFiles/test-model-load-cancel.dir/test-model-load-cancel.cpp.o
[ 31%] Building CXX object tests/CMakeFiles/test-grammar-parser.dir/test-grammar-parser.cpp.o
[ 31%] Building CXX object tests/CMakeFiles/test-tokenizer-1-spm.dir/test-tokenizer-1-spm.cpp.o
[ 35%] Building CXX object examples/batched/CMakeFiles/llama-batched.dir/batched.cpp.o
[ 35%] Building CXX object tests/CMakeFiles/test-backend-ops.dir/get-model.cpp.o
[ 35%] Building CXX object tests/CMakeFiles/test-grad0.dir/test-grad0.cpp.o
[ 31%] Building CXX object tests/CMakeFiles/test-rope.dir/get-model.cpp.o
[ 35%] Building CXX object tests/CMakeFiles/test-rope.dir/test-rope.cpp.o
[ 36%] Building CXX object tests/CMakeFiles/test-chat-template.dir/get-model.cpp.o
[ 38%] Building CXX object tests/CMakeFiles/test-autorelease.dir/get-model.cpp.o
[ 36%] Building CXX object examples/baby-llama/CMakeFiles/llama-baby-llama.dir/baby-llama.cpp.o
[ 36%] Building CXX object tests/CMakeFiles/test-grad0.dir/get-model.cpp.o
[ 36%] Building CXX object tests/CMakeFiles/test-autorelease.dir/test-autorelease.cpp.o
[ 38%] Building CXX object examples/batched-bench/CMakeFiles/llama-batched-bench.dir/batched-bench.cpp.o
[ 36%] Building CXX object tests/CMakeFiles/test-chat-template.dir/test-chat-template.cpp.o
[ 35%] Building CXX object tests/CMakeFiles/test-backend-ops.dir/test-backend-ops.cpp.o
[ 36%] Building CXX object tests/CMakeFiles/test-model-load-cancel.dir/get-model.cpp.o
[ 39%] Building CXX object examples/embedding/CMakeFiles/llama-embedding.dir/embedding.cpp.o
[ 41%] Building CXX object examples/convert-llama2c-to-ggml/CMakeFiles/llama-convert-llama2c-to-ggml.dir/convert-llama2c-to-ggml.cpp.o
[ 41%] Linking CXX executable ../bin/test-quantize-perf
[ 42%] Building CXX object examples/export-lora/CMakeFiles/llama-export-lora.dir/export-lora.cpp.o
[ 43%] Building CXX object examples/gritlm/CMakeFiles/llama-gritlm.dir/gritlm.cpp.o
[ 43%] Building CXX object examples/eval-callback/CMakeFiles/llama-eval-callback.dir/eval-callback.cpp.o
[ 44%] Building CXX object examples/gguf-split/CMakeFiles/llama-gguf-split.dir/gguf-split.cpp.o
[ 47%] Linking CXX executable ../bin/test-model-load-cancel
[ 47%] Building CXX object examples/gbnf-validator/CMakeFiles/llama-gbnf-validator.dir/gbnf-validator.cpp.o
[ 47%] Building CXX object examples/finetune/CMakeFiles/llama-finetune.dir/finetune.cpp.o
[ 48%] Linking CXX executable ../bin/test-quantize-fns
[ 46%] Building CXX object examples/imatrix/CMakeFiles/llama-imatrix.dir/imatrix.cpp.o
[ 48%] Building CXX object examples/infill/CMakeFiles/llama-infill.dir/infill.cpp.o
[ 48%] Linking CXX executable ../bin/test-grad0
[ 49%] Linking CXX executable ../bin/test-rope
[ 50%] Building CXX object examples/llama-bench/CMakeFiles/llama-bench.dir/llama-bench.cpp.o
[ 51%] Linking CXX executable ../bin/test-sampling
[ 51%] Linking CXX executable ../bin/test-tokenizer-1-bpe
[ 51%] Linking CXX executable ../bin/test-chat-template
[ 52%] Building CXX object examples/lookup/CMakeFiles/llama-lookup-create.dir/lookup-create.cpp.o
[ 53%] Building CXX object examples/llava/CMakeFiles/llama-llava-cli.dir/llava-cli.cpp.o
[ 54%] Linking CXX executable ../bin/test-grammar-parser
[ 54%] Building CXX object examples/lookup/CMakeFiles/llama-lookup.dir/lookup.cpp.o
[ 55%] Building CXX object examples/lookahead/CMakeFiles/llama-lookahead.dir/lookahead.cpp.o
[ 55%] Linking CXX executable ../bin/test-backend-ops
[ 55%] Building CXX object examples/lookup/CMakeFiles/llama-lookup-stats.dir/lookup-stats.cpp.o
[ 55%] Linking CXX executable ../bin/test-grammar-integration
[ 56%] Building CXX object examples/lookup/CMakeFiles/llama-lookup-merge.dir/lookup-merge.cpp.o
[ 56%] Linking CXX executable ../bin/test-autorelease
[ 57%] Linking CXX executable ../bin/test-tokenizer-0
[ 57%] Building CXX object examples/main/CMakeFiles/llama-cli.dir/main.cpp.o
[ 58%] Linking CXX executable ../bin/test-tokenizer-1-spm
[ 58%] Generating theme-snowstorm.css.hpp
[ 59%] Generating completion.js.hpp
[ 60%] Generating colorthemes.css.hpp
[ 61%] Linking CXX executable ../bin/test-llama-grammar
[ 61%] Building CXX object examples/parallel/CMakeFiles/llama-parallel.dir/parallel.cpp.o
[ 61%] Generating index-new.html.hpp
[ 62%] Generating index.js.hpp
[ 63%] Building CXX object examples/passkey/CMakeFiles/llama-passkey.dir/passkey.cpp.o
[ 64%] Generating index.html.hpp
[ 65%] Generating json-schema-to-grammar.mjs.hpp
[ 67%] Building CXX object examples/perplexity/CMakeFiles/llama-perplexity.dir/perplexity.cpp.o
[ 67%] Building CXX object examples/quantize/CMakeFiles/llama-quantize.dir/quantize.cpp.o
[ 67%] Linking CXX executable ../../bin/llama-bench
[ 67%] Building CXX object examples/save-load-state/CMakeFiles/llama-save-load-state.dir/save-load-state.cpp.o
[ 67%] Building CXX object examples/retrieval/CMakeFiles/llama-retrieval.dir/retrieval.cpp.o
[ 68%] Generating prompt-formats.js.hpp
[ 68%] Generating style.css.hpp
[ 69%] Generating system-prompts.js.hpp
[ 69%] Building CXX object examples/simple/CMakeFiles/llama-simple.dir/simple.cpp.o
[ 71%] Building CXX object examples/speculative/CMakeFiles/llama-speculative.dir/speculative.cpp.o
[ 71%] Building CXX object pocs/vdot/CMakeFiles/llama-vdot.dir/vdot.cpp.o
[ 71%] Building CXX object examples/train-text-from-scratch/CMakeFiles/llama-train-text-from-scratch.dir/train-text-from-scratch.cpp.o
[ 71%] Building CXX object examples/tokenize/CMakeFiles/llama-tokenize.dir/tokenize.cpp.o
[ 72%] Generating theme-beeninorder.css.hpp
[ 72%] Built target test-grad0
[ 72%] Building CXX object pocs/vdot/CMakeFiles/llama-q8dot.dir/q8dot.cpp.o
[ 72%] Built target test-grammar-parser
[ 74%] Generating theme-playground.css.hpp
[ 74%] Generating theme-ketivah.css.hpp
[ 75%] Generating theme-polarnight.css.hpp
[ 75%] Generating theme-mangotango.css.hpp
[ 75%] Built target test-quantize-perf
[ 75%] Building CXX object examples/server/CMakeFiles/llama-server.dir/server.cpp.o
[ 75%] Built target llama-bench
[ 75%] Built target test-backend-ops
[ 75%] Built target test-rope
[ 75%] Built target test-quantize-fns
[ 75%] Built target test-grammar-integration
[ 75%] Built target test-model-load-cancel
[ 75%] Built target test-llama-grammar
[ 75%] Built target test-tokenizer-1-spm
[ 76%] Linking CXX executable ../../bin/llama-gguf
[ 76%] Built target test-autorelease
[ 76%] Built target test-tokenizer-0
[ 76%] Built target test-sampling
[ 76%] Built target test-chat-template
[ 76%] Built target test-tokenizer-1-bpe
[ 76%] Built target llama-gguf
[ 77%] Linking CXX executable ../../bin/llama-q8dot
[ 78%] Linking CXX executable ../../bin/llama-gbnf-validator
[ 79%] Linking CXX executable ../../bin/llama-baby-llama
[ 80%] Linking CXX executable ../../bin/llama-lookup-merge
[ 81%] Linking CXX executable ../../bin/llama-bench-matmult
[ 81%] Built target llama-q8dot
[ 81%] Linking CXX executable ../../bin/llama-lookup-create
[ 81%] Linking CXX executable ../../bin/llama-vdot
[ 82%] Linking CXX executable ../../bin/llama-eval-callback
[ 82%] Built target llama-lookup-merge
[ 83%] Linking CXX executable ../../bin/llama-tokenize
[ 83%] Built target llama-vdot
[ 83%] Built target llama-bench-matmult
[ 83%] Linking CXX executable ../../bin/llama-gguf-split
[ 83%] Built target llama-baby-llama
[ 83%] Built target llama-gbnf-validator
[ 84%] Linking CXX executable ../../bin/llama-save-load-state
[ 84%] Built target llama-lookup-create
[ 85%] Linking CXX executable ../../bin/llama-embedding
[ 85%] Built target llama-gguf-split
[ 85%] Built target llama-eval-callback
[ 86%] Linking CXX executable ../../bin/llama-gritlm
[ 86%] Linking CXX executable ../../bin/llama-export-lora
[ 87%] Linking CXX executable ../../bin/llama-lookup-stats
[ 87%] Linking CXX executable ../../bin/llama-simple
[ 88%] Linking CXX executable ../../bin/llama-batched
[ 88%] Built target llama-tokenize
[ 88%] Built target llama-export-lora
[ 88%] Built target llama-save-load-state
[ 88%] Linking CXX executable ../../bin/llama-batched-bench
[ 88%] Built target llama-embedding
[ 88%] Built target llama-simple
[ 88%] Built target llama-lookup-stats
[ 88%] Linking CXX executable ../../bin/llama-quantize
[ 88%] Built target llama-gritlm
[ 89%] Linking CXX executable ../../bin/llama-lookahead
[ 89%] Built target llama-batched
[ 89%] Built target llama-batched-bench
[ 89%] Built target llama-quantize
[ 89%] Built target llama-lookahead
[ 89%] Linking CXX executable ../../bin/llama-passkey
[ 90%] Linking CXX executable ../../bin/llama-lookup
[ 90%] Built target llama-passkey
[ 91%] Linking CXX executable ../../bin/llama-train-text-from-scratch
[ 91%] Built target llama-lookup
[ 91%] Linking CXX executable ../../bin/llama-llava-cli
[ 92%] Linking CXX executable ../../bin/llama-retrieval
[ 92%] Linking CXX executable ../../bin/llama-convert-llama2c-to-ggml
[ 92%] Built target llama-train-text-from-scratch
[ 93%] Linking CXX executable ../../bin/llama-parallel
[ 93%] Built target llama-convert-llama2c-to-ggml
[ 93%] Built target llama-llava-cli
[ 93%] Linking CXX executable ../../bin/llama-finetune
[ 93%] Built target llama-retrieval
[ 93%] Built target llama-parallel
[ 93%] Built target llama-finetune
[ 94%] Linking CXX executable ../../bin/llama-speculative
[ 95%] Linking CXX executable ../../bin/llama-infill
[ 95%] Built target llama-speculative
[ 95%] Built target llama-infill
[ 96%] Linking CXX executable ../../bin/llama-imatrix
[ 96%] Built target llama-imatrix
[ 97%] Linking CXX executable ../../bin/llama-cli
[ 97%] Built target llama-cli
[ 98%] Linking CXX executable ../../bin/llama-perplexity
[ 98%] Built target llama-perplexity
[ 99%] Linking CXX executable ../../bin/llama-quantize-stats
[ 99%] Built target llama-quantize-stats
[100%] Linking CXX executable ../../bin/llama-server
[100%] Built target llama-server

real	0m45.082s
user	2m47.492s
sys	0m8.422s
+ ctest --output-on-failure -L main -E test-opt
Test project /home/loongson/work/llama.cpp/build-ci-release
      Start  1: test-tokenizer-0-llama-spm
 1/21 Test  #1: test-tokenizer-0-llama-spm .......   Passed    0.08 sec
      Start  2: test-tokenizer-0-llama-bpe
 2/21 Test  #2: test-tokenizer-0-llama-bpe .......   Passed    0.98 sec
      Start  3: test-tokenizer-0-phi-3
 3/21 Test  #3: test-tokenizer-0-phi-3 ...........   Passed    0.08 sec
      Start  4: test-tokenizer-0-falcon
 4/21 Test  #4: test-tokenizer-0-falcon ..........   Passed    0.30 sec
      Start  5: test-tokenizer-0-bert-bge
 5/21 Test  #5: test-tokenizer-0-bert-bge ........   Passed    0.06 sec
      Start  6: test-tokenizer-0-starcoder
 6/21 Test  #6: test-tokenizer-0-starcoder .......   Passed    0.22 sec
      Start  7: test-tokenizer-0-gpt-2
 7/21 Test  #7: test-tokenizer-0-gpt-2 ...........   Passed    0.23 sec
      Start  8: test-tokenizer-0-refact
 8/21 Test  #8: test-tokenizer-0-refact ..........   Passed    0.23 sec
      Start  9: test-tokenizer-0-command-r
 9/21 Test  #9: test-tokenizer-0-command-r .......   Passed    1.51 sec
      Start 10: test-tokenizer-0-qwen2
10/21 Test #10: test-tokenizer-0-qwen2 ...........   Passed    0.78 sec
      Start 11: test-tokenizer-1-llama-spm
11/21 Test #11: test-tokenizer-1-llama-spm .......   Passed    0.40 sec
      Start 12: test-quantize-fns
12/21 Test #12: test-quantize-fns ................   Passed   34.25 sec
      Start 13: test-quantize-perf
13/21 Test #13: test-quantize-perf ...............   Passed    9.58 sec
      Start 14: test-sampling
14/21 Test #14: test-sampling ....................   Passed    0.02 sec
      Start 15: test-chat-template
15/21 Test #15: test-chat-template ...............   Passed    0.00 sec
      Start 16: test-grammar-parser
16/21 Test #16: test-grammar-parser ..............   Passed    0.00 sec
      Start 17: test-llama-grammar
17/21 Test #17: test-llama-grammar ...............   Passed    0.00 sec
      Start 18: test-grammar-integration
18/21 Test #18: test-grammar-integration .........   Passed    0.01 sec
      Start 19: test-grad0
19/21 Test #19: test-grad0 .......................   Passed    0.43 sec
      Start 20: test-backend-ops
20/21 Test #20: test-backend-ops .................   Passed    0.00 sec
      Start 21: test-rope
21/21 Test #21: test-rope ........................   Passed    0.12 sec

100% tests passed, 0 tests failed out of 21

Label Time Summary:
main    =  49.29 sec*proc (21 tests)

Total Test time (real) =  49.31 sec

real	0m49.317s
user	0m53.132s
sys	0m0.282s
