+ cmake -DCMAKE_BUILD_TYPE=Debug ..
-- The C compiler identification is GNU 11.4.0
-- The CXX compiler identification is GNU 11.4.0
-- Detecting C compiler ABI info
-- Detecting C compiler ABI info - done
-- Check for working C compiler: /usr/bin/cc - skipped
-- Detecting C compile features
-- Detecting C compile features - done
-- Detecting CXX compiler ABI info
-- Detecting CXX compiler ABI info - done
-- Check for working CXX compiler: /usr/bin/c++ - skipped
-- Detecting CXX compile features
-- Detecting CXX compile features - done
-- Performing Test CMAKE_HAVE_LIBC_PTHREAD
-- Performing Test CMAKE_HAVE_LIBC_PTHREAD - Success
-- Found Threads: TRUE  
-- Found OpenMP_C: -fopenmp (found version "4.5") 
-- Found OpenMP_CXX: -fopenmp (found version "4.5") 
-- Found OpenMP: TRUE (found version "4.5")  
-- OpenMP found
-- ccache found, compilation results will be cached. Disable with GGML_CCACHE=OFF.
-- CMAKE_SYSTEM_PROCESSOR: x86_64
-- x86 detected
-- x86 detected
-- Linux detected
-- Configuring done (0.5s)
-- Generating done (0.0s)
-- Build files have been written to: /home/ggml/work/ggml/build-ci-debug

real	0m0.599s
user	0m0.471s
sys	0m0.131s
+ make -j
[  1%] Building CXX object examples/CMakeFiles/common.dir/common.cpp.o
[  2%] Building C object src/CMakeFiles/ggml.dir/ggml.c.o
[  3%] Building C object src/CMakeFiles/ggml.dir/ggml-alloc.c.o
[  4%] Building C object src/CMakeFiles/ggml.dir/ggml-quants.c.o
[  5%] Building C object src/CMakeFiles/ggml.dir/ggml-aarch64.c.o
[  6%] Building C object src/CMakeFiles/ggml.dir/ggml-backend.c.o
[  7%] Linking CXX static library libcommon.a
[  7%] Built target common
[  8%] Linking C shared library libggml.so
[  8%] Built target ggml
[  9%] Building C object tests/CMakeFiles/test-vec0.dir/test-vec0.c.o
[ 10%] Building C object tests/CMakeFiles/test-vec1.dir/test-vec1.c.o
[ 11%] Building CXX object tests/CMakeFiles/test-opt.dir/test-opt.cpp.o
[ 12%] Building CXX object tests/CMakeFiles/test-grad0.dir/test-grad0.cpp.o
[ 13%] Building CXX object tests/CMakeFiles/test-quantize-fns.dir/test-quantize-fns.cpp.o
[ 14%] Linking C executable ../bin/test-vec0
[ 15%] Building C object tests/CMakeFiles/test-mul-mat0.dir/test-mul-mat0.c.o
[ 16%] Building CXX object tests/CMakeFiles/test-quantize-perf.dir/test-quantize-perf.cpp.o
[ 17%] Linking C executable ../bin/test-vec1
[ 18%] Building C object tests/CMakeFiles/test0.dir/test0.c.o
[ 20%] Building C object tests/CMakeFiles/test-mul-mat2.dir/test-mul-mat2.c.o
[ 21%] Building C object tests/CMakeFiles/test1.dir/test1.c.o
[ 22%] Linking C executable ../bin/test0
[ 23%] Building C object tests/CMakeFiles/test3.dir/test3.c.o
[ 24%] Building C object tests/CMakeFiles/test2.dir/test2.c.o
[ 25%] Building C object tests/CMakeFiles/test-pool.dir/test-pool.c.o
[ 25%] Built target test-vec0
[ 26%] Linking C executable ../bin/test1
[ 27%] Building CXX object tests/CMakeFiles/test-arange.dir/test-arange.cpp.o
[ 28%] Linking C executable ../bin/test3
[ 29%] Linking C executable ../bin/test-mul-mat0
[ 30%] Building C object tests/CMakeFiles/test-conv-transpose.dir/test-conv-transpose.c.o
[ 31%] Linking CXX executable ../bin/test-opt
[ 32%] Building CXX object tests/CMakeFiles/test-timestep_embedding.dir/test-timestep_embedding.cpp.o
[ 33%] Building C object tests/CMakeFiles/test-dup.dir/test-dup.c.o
[ 34%] Building CXX object tests/CMakeFiles/test-conv-transpose-1d.dir/test-conv-transpose-1d.cpp.o
[ 34%] Built target test-vec1
[ 35%] Building C object tests/CMakeFiles/test-customop.dir/test-customop.c.o
[ 36%] Building C object tests/CMakeFiles/test-rel-pos.dir/test-rel-pos.c.o
[ 37%] Building CXX object tests/CMakeFiles/test-conv1d.dir/test-conv1d.cpp.o
[ 38%] Linking C executable ../bin/test-conv-transpose
[ 40%] Building CXX object tests/CMakeFiles/test-conv2d.dir/test-conv2d.cpp.o
[ 40%] Built target test-mul-mat0
[ 41%] Building CXX object tests/CMakeFiles/test-mul-mat.dir/test-mul-mat.cpp.o
[ 42%] Building CXX object tests/CMakeFiles/test-backend-buffer.dir/test-backend-buffer.cpp.o
[ 42%] Built target test0
[ 43%] Linking CXX executable ../bin/test-grad0
[ 44%] Linking C executable ../bin/test2
[ 45%] Linking C executable ../bin/test-pool
[ 45%] Built target test3
[ 46%] Linking C executable ../bin/test-customop
[ 47%] Linking CXX executable ../bin/test-quantize-perf
[ 48%] Building CXX object tests/CMakeFiles/test-backend-ops.dir/test-backend-ops.cpp.o
[ 49%] Linking C executable ../bin/test-dup
[ 50%] Linking CXX executable ../bin/test-arange
[ 50%] Built target test1
[ 51%] Linking C executable ../bin/test-rel-pos
[ 51%] Built target test-conv-transpose
[ 52%] Building C object tests/CMakeFiles/test-cont.dir/test-cont.c.o
[ 53%] Linking CXX executable ../bin/test-backend-buffer
[ 54%] Building CXX object examples/CMakeFiles/common-ggml.dir/common-ggml.cpp.o
[ 55%] Building CXX object examples/mnist/CMakeFiles/mnist-common.dir/mnist-common.cpp.o
[ 54%] Built target test-opt
[ 56%] Linking CXX executable ../bin/test-quantize-fns
[ 57%] Building CXX object examples/sam/CMakeFiles/sam.dir/main.cpp.o
[ 57%] Built target test-pool
[ 58%] Linking C executable ../bin/test-mul-mat2
[ 60%] Building CXX object examples/yolo/CMakeFiles/yolov3-tiny.dir/yolov3-tiny.cpp.o
[ 61%] Building CXX object examples/yolo/CMakeFiles/yolov3-tiny.dir/yolo-image.cpp.o
[ 58%] Built target test-customop
[ 62%] Building CXX object examples/simple/CMakeFiles/simple-ctx.dir/simple-ctx.cpp.o
[ 63%] Building CXX object examples/simple/CMakeFiles/simple-backend.dir/simple-backend.cpp.o
[ 64%] Linking CXX executable ../bin/test-timestep_embedding
[ 64%] Built target test2
[ 65%] Linking C executable ../bin/test-cont
[ 65%] Built target test-dup
[ 66%] Linking CXX executable ../bin/test-conv-transpose-1d
[ 66%] Built target test-rel-pos
[ 66%] Built target test-mul-mat2
[ 67%] Linking CXX executable ../bin/test-mul-mat
[ 67%] Built target test-backend-buffer
[ 67%] Built target test-cont
[ 67%] Built target test-grad0
[ 68%] Linking CXX executable ../bin/test-conv1d
[ 69%] Linking CXX executable ../bin/test-backend-ops
[ 70%] Linking CXX executable ../bin/test-conv2d
[ 70%] Built target test-arange
[ 71%] Linking CXX shared library libmnist-common.so
[ 71%] Built target test-quantize-fns
[ 71%] Built target test-quantize-perf
[ 72%] Linking CXX static library libcommon-ggml.a
[ 72%] Built target test-timestep_embedding
[ 72%] Built target test-conv-transpose-1d
[ 72%] Built target test-mul-mat
[ 73%] Linking CXX executable ../../bin/yolov3-tiny
[ 73%] Built target test-conv2d
[ 74%] Linking CXX executable ../../bin/sam
[ 75%] Linking CXX executable ../../bin/simple-ctx
[ 75%] Built target test-backend-ops
[ 76%] Linking CXX executable ../../bin/simple-backend
[ 76%] Built target test-conv1d
[ 76%] Built target common-ggml
[ 76%] Built target mnist-common
[ 77%] Building CXX object examples/gpt-2/CMakeFiles/gpt-2-ctx.dir/main-ctx.cpp.o
[ 78%] Building CXX object examples/gpt-2/CMakeFiles/gpt-2-backend.dir/main-backend.cpp.o
[ 78%] Built target simple-ctx
[ 80%] Building CXX object examples/gpt-2/CMakeFiles/gpt-2-alloc.dir/main-alloc.cpp.o
[ 81%] Building CXX object examples/gpt-2/CMakeFiles/gpt-2-quantize.dir/quantize.cpp.o
[ 81%] Built target simple-backend
[ 82%] Building CXX object examples/gpt-2/CMakeFiles/gpt-2-sched.dir/main-sched.cpp.o
[ 82%] Built target sam
[ 82%] Built target yolov3-tiny
[ 83%] Building CXX object examples/gpt-2/CMakeFiles/gpt-2-batched.dir/main-batched.cpp.o
[ 84%] Building CXX object examples/gpt-j/CMakeFiles/gpt-j.dir/main.cpp.o
[ 85%] Building CXX object examples/gpt-j/CMakeFiles/gpt-j-quantize.dir/quantize.cpp.o
[ 86%] Building CXX object examples/mnist/CMakeFiles/mnist-train.dir/mnist-train.cpp.o
[ 87%] Building CXX object examples/mnist/CMakeFiles/mnist-eval.dir/mnist-eval.cpp.o
[ 88%] Building CXX object examples/magika/CMakeFiles/magika.dir/main.cpp.o
[ 89%] Linking CXX executable ../../bin/gpt-2-ctx
[ 90%] Linking CXX executable ../../bin/gpt-2-backend
[ 91%] Linking CXX executable ../../bin/magika
[ 92%] Linking CXX executable ../../bin/mnist-eval
[ 93%] Linking CXX executable ../../bin/gpt-2-alloc
[ 94%] Linking CXX executable ../../bin/gpt-2-sched
[ 95%] Linking CXX executable ../../bin/gpt-2-quantize
[ 96%] Linking CXX executable ../../bin/mnist-train
[ 97%] Linking CXX executable ../../bin/gpt-j
[ 98%] Linking CXX executable ../../bin/gpt-2-batched
[ 98%] Built target magika
[100%] Linking CXX executable ../../bin/gpt-j-quantize
[100%] Built target gpt-2-ctx
[100%] Built target mnist-eval
[100%] Built target mnist-train
[100%] Built target gpt-2-backend
[100%] Built target gpt-2-sched
[100%] Built target gpt-2-quantize
[100%] Built target gpt-2-alloc
[100%] Built target gpt-j-quantize
[100%] Built target gpt-j
[100%] Built target gpt-2-batched

real	0m3.486s
user	0m8.710s
sys	0m1.607s
+ ctest --output-on-failure -E test-opt
Test project /home/ggml/work/ggml/build-ci-debug
      Start  1: test-grad0
 1/23 Test  #1: test-grad0 .......................   Passed    0.55 sec
      Start  2: test-quantize-fns
 2/23 Test  #2: test-quantize-fns ................   Passed   30.93 sec
      Start  3: test-quantize-perf
 3/23 Test  #3: test-quantize-perf ...............   Passed    9.16 sec
      Start  4: test-mul-mat0
 4/23 Test  #4: test-mul-mat0 ....................   Passed    0.54 sec
      Start  5: test-mul-mat2
 5/23 Test  #5: test-mul-mat2 ....................   Passed    6.58 sec
      Start  6: test0
 6/23 Test  #6: test0 ............................   Passed    0.00 sec
      Start  7: test1
 7/23 Test  #7: test1 ............................   Passed    0.00 sec
      Start  8: test2
 8/23 Test  #8: test2 ............................   Passed    0.04 sec
      Start  9: test3
 9/23 Test  #9: test3 ............................   Passed    0.03 sec
      Start 10: test-pool
10/23 Test #10: test-pool ........................   Passed    0.00 sec
      Start 11: test-arange
11/23 Test #11: test-arange ......................   Passed    0.00 sec
      Start 12: test-timestep_embedding
12/23 Test #12: test-timestep_embedding ..........   Passed    0.00 sec
      Start 13: test-conv-transpose
13/23 Test #13: test-conv-transpose ..............   Passed    0.00 sec
      Start 14: test-conv-transpose-1d
14/23 Test #14: test-conv-transpose-1d ...........   Passed    0.02 sec
      Start 15: test-dup
15/23 Test #15: test-dup .........................   Passed    0.00 sec
      Start 16: test-rel-pos
16/23 Test #16: test-rel-pos .....................   Passed    0.00 sec
      Start 17: test-customop
17/23 Test #17: test-customop ....................   Passed    0.00 sec
      Start 18: test-conv1d
18/23 Test #18: test-conv1d ......................   Passed    0.00 sec
      Start 19: test-conv2d
19/23 Test #19: test-conv2d ......................   Passed    0.00 sec
      Start 20: test-mul-mat
20/23 Test #20: test-mul-mat .....................   Passed    0.00 sec
      Start 21: test-backend-buffer
21/23 Test #21: test-backend-buffer ..............   Passed    0.00 sec
      Start 22: test-backend-ops
22/23 Test #22: test-backend-ops .................   Passed    0.00 sec
      Start 23: test-cont
23/23 Test #23: test-cont ........................   Passed    0.00 sec

100% tests passed, 0 tests failed out of 23

Total Test time (real) =  47.90 sec

real	0m47.923s
user	0m48.861s
sys	0m0.229s
