+ gg_run_ctest_debug
+ tee /home/loongson/results/llama.cpp/b4/73e95084c286780165568cf0f385f21141d68d/ggml-101-loongson/ctest_debug.log
+ cd /home/loongson/work/llama.cpp
+ rm -rf build-ci-debug
+ mkdir build-ci-debug
+ cd build-ci-debug
+ set -e
+ tee -a /home/loongson/results/llama.cpp/b4/73e95084c286780165568cf0f385f21141d68d/ggml-101-loongson/ctest_debug-cmake.log
+ cmake -DCMAKE_BUILD_TYPE=Debug -DLLAMA_FATAL_WARNINGS=ON ..
-- The C compiler identification is GNU 8.3.0
-- The CXX compiler identification is GNU 8.3.0
-- Detecting C compiler ABI info
-- Detecting C compiler ABI info - done
-- Check for working C compiler: /usr/bin/cc - skipped
-- Detecting C compile features
-- Detecting C compile features - done
-- Detecting CXX compiler ABI info
-- Detecting CXX compiler ABI info - done
-- Check for working CXX compiler: /usr/bin/c++ - skipped
-- Detecting CXX compile features
-- Detecting CXX compile features - done
-- Found Git: /usr/bin/git (found version "2.20.1") 
-- Performing Test CMAKE_HAVE_LIBC_PTHREAD
-- Performing Test CMAKE_HAVE_LIBC_PTHREAD - Failed
-- Check if compiler accepts -pthread
-- Check if compiler accepts -pthread - yes
-- Found Threads: TRUE  
-- Found OpenMP_C: -fopenmp (found version "4.5") 
-- Found OpenMP_CXX: -fopenmp (found version "4.5") 
-- Found OpenMP: TRUE (found version "4.5")  
-- OpenMP found
-- ccache found, compilation results will be cached. Disable with LLAMA_CCACHE=OFF.
-- CMAKE_SYSTEM_PROCESSOR: loongarch64
-- loongarch64 detected
-- Configuring done (1.4s)
-- Generating done (0.2s)
-- Build files have been written to: /home/loongson/work/llama.cpp/build-ci-debug

real	0m1.696s
user	0m1.341s
sys	0m0.338s
+ tee -a /home/loongson/results/llama.cpp/b4/73e95084c286780165568cf0f385f21141d68d/ggml-101-loongson/ctest_debug-make.log
+ make -j
[  0%] Generating build details from Git
[  1%] Building C object CMakeFiles/ggml.dir/ggml-alloc.c.o
[  2%] Building C object CMakeFiles/ggml.dir/ggml.c.o
[  2%] Building C object CMakeFiles/ggml.dir/ggml-backend.c.o
[  2%] Building C object CMakeFiles/ggml.dir/ggml-quants.c.o
-- Found Git: /usr/bin/git (found version "2.20.1") 
[  3%] Building CXX object CMakeFiles/ggml.dir/sgemm.cpp.o
[  3%] Built target ggml
[  3%] Building CXX object CMakeFiles/llama.dir/llama.cpp.o
[  3%] Building CXX object examples/gguf/CMakeFiles/llama-gguf.dir/gguf.cpp.o
[  5%] Building CXX object CMakeFiles/llama.dir/unicode.cpp.o
[  5%] Linking CXX static library libggml_static.a
[  6%] Building CXX object CMakeFiles/llama.dir/unicode-data.cpp.o
[  7%] Linking CXX executable ../../bin/llama-gguf
[  8%] Building CXX object common/CMakeFiles/build_info.dir/build-info.cpp.o
[  8%] Built target ggml_static
[  8%] Linking CXX static library libllama.a
[  8%] Built target build_info
[  8%] Built target llama-gguf
[  8%] Built target llama
[  9%] Building CXX object examples/quantize-stats/CMakeFiles/llama-quantize-stats.dir/quantize-stats.cpp.o
[ 11%] Building CXX object common/CMakeFiles/common.dir/grammar-parser.cpp.o
[ 12%] Building CXX object common/CMakeFiles/common.dir/sampling.cpp.o
[ 12%] Building CXX object common/CMakeFiles/common.dir/train.cpp.o
[ 12%] Building C object tests/CMakeFiles/test-c.dir/test-c.c.o
[ 12%] Building CXX object common/CMakeFiles/common.dir/common.cpp.o
[ 13%] Building CXX object common/CMakeFiles/common.dir/ngram-cache.cpp.o
[ 13%] Building CXX object common/CMakeFiles/common.dir/json-schema-to-grammar.cpp.o
[ 13%] Building CXX object examples/llava/CMakeFiles/llava.dir/llava.cpp.o
[ 14%] Building CXX object examples/llava/CMakeFiles/llava.dir/clip.cpp.o
[ 16%] Building CXX object common/CMakeFiles/common.dir/console.cpp.o
[ 16%] Building CXX object examples/benchmark/CMakeFiles/llama-bench-matmult.dir/benchmark-matmult.cpp.o
[ 17%] Linking CXX executable ../bin/test-c
[ 17%] Linking CXX executable ../../bin/llama-bench-matmult
[ 17%] Linking CXX executable ../../bin/llama-quantize-stats
[ 17%] Built target llava
[ 18%] Linking CXX static library libcommon.a
[ 19%] Linking CXX static library libllava_static.a
[ 19%] Built target test-c
[ 19%] Built target llava_static
[ 19%] Built target llama-bench-matmult
[ 19%] Built target common
[ 20%] Building CXX object tests/CMakeFiles/test-tokenizer-1-bpe.dir/test-tokenizer-1-bpe.cpp.o
[ 21%] Building CXX object tests/CMakeFiles/test-tokenizer-1-spm.dir/test-tokenizer-1-spm.cpp.o
[ 21%] Building CXX object tests/CMakeFiles/test-sampling.dir/test-sampling.cpp.o
[ 21%] Building CXX object tests/CMakeFiles/test-tokenizer-0.dir/test-tokenizer-0.cpp.o
[ 22%] Building CXX object tests/CMakeFiles/test-rope.dir/test-rope.cpp.o
[ 22%] Building CXX object tests/CMakeFiles/test-rope.dir/get-model.cpp.o
[ 23%] Building CXX object examples/batched-bench/CMakeFiles/llama-batched-bench.dir/batched-bench.cpp.o
[ 23%] Building CXX object tests/CMakeFiles/test-sampling.dir/get-model.cpp.o
[ 24%] Building CXX object tests/CMakeFiles/test-quantize-fns.dir/test-quantize-fns.cpp.o
[ 24%] Building CXX object tests/CMakeFiles/test-model-load-cancel.dir/get-model.cpp.o
[ 24%] Building CXX object tests/CMakeFiles/test-grad0.dir/test-grad0.cpp.o
[ 26%] Building CXX object tests/CMakeFiles/test-grammar-integration.dir/get-model.cpp.o
[ 26%] Building CXX object tests/CMakeFiles/test-chat-template.dir/get-model.cpp.o
[ 26%] Building CXX object tests/CMakeFiles/test-chat-template.dir/test-chat-template.cpp.o
[ 40%] Building CXX object tests/CMakeFiles/test-backend-ops.dir/test-backend-ops.cpp.o
[ 58%] Linking CXX executable ../bin/test-tokenizer-1-bpe
[ 58%] Generating colorthemes.css.hpp
[ 63%] Generating index-new.html.hpp
[ 63%] Generating completion.js.hpp
[ 63%] Building CXX object examples/gguf-split/CMakeFiles/llama-gguf-split.dir/gguf-split.cpp.o
[ 63%] Generating index.html.hpp
[ 62%] Building CXX object examples/finetune/CMakeFiles/llama-finetune.dir/finetune.cpp.o
[ 63%] Building CXX object examples/gritlm/CMakeFiles/llama-gritlm.dir/gritlm.cpp.o
[ 63%] Generating index.js.hpp
[ 58%] Building CXX object examples/quantize/CMakeFiles/llama-quantize.dir/quantize.cpp.o
[ 58%] Building CXX object tests/CMakeFiles/test-quantize-perf.dir/get-model.cpp.o
[ 63%] Building CXX object examples/embedding/CMakeFiles/llama-embedding.dir/embedding.cpp.o
[ 62%] Building CXX object tests/CMakeFiles/test-llama-grammar.dir/get-model.cpp.o
[ 58%] Building CXX object tests/CMakeFiles/test-grammar-integration.dir/test-grammar-integration.cpp.o
[ 63%] Linking CXX executable ../bin/test-chat-template
[ 58%] Building CXX object examples/infill/CMakeFiles/llama-infill.dir/infill.cpp.o
[ 58%] Building CXX object examples/parallel/CMakeFiles/llama-parallel.dir/parallel.cpp.o
[ 63%] Building CXX object examples/passkey/CMakeFiles/llama-passkey.dir/passkey.cpp.o
[ 63%] Generating json-schema-to-grammar.mjs.hpp
[ 62%] Building CXX object examples/convert-llama2c-to-ggml/CMakeFiles/llama-convert-llama2c-to-ggml.dir/convert-llama2c-to-ggml.cpp.o
[ 58%] Building CXX object tests/CMakeFiles/test-quantize-fns.dir/get-model.cpp.o
[ 63%] Building CXX object examples/eval-callback/CMakeFiles/llama-eval-callback.dir/eval-callback.cpp.o
[ 63%] Building CXX object tests/CMakeFiles/test-autorelease.dir/test-autorelease.cpp.o
[ 63%] Building CXX object examples/export-lora/CMakeFiles/llama-export-lora.dir/export-lora.cpp.o
[ 64%] Building CXX object examples/gbnf-validator/CMakeFiles/llama-gbnf-validator.dir/gbnf-validator.cpp.o
[ 73%] Linking CXX executable ../bin/test-sampling
[ 73%] Generating theme-snowstorm.css.hpp
[ 64%] Building CXX object examples/llama-bench/CMakeFiles/llama-bench.dir/llama-bench.cpp.o
[ 73%] Linking CXX executable ../bin/test-tokenizer-1-spm
[ 73%] Building CXX object examples/lookup/CMakeFiles/llama-lookup-stats.dir/lookup-stats.cpp.o
[ 73%] Building CXX object examples/perplexity/CMakeFiles/llama-perplexity.dir/perplexity.cpp.o
[ 64%] Linking CXX executable ../bin/test-rope
[ 73%] Building CXX object examples/retrieval/CMakeFiles/llama-retrieval.dir/retrieval.cpp.o
[ 64%] Building CXX object tests/CMakeFiles/test-grammar-parser.dir/test-grammar-parser.cpp.o
[ 73%] Linking CXX executable ../../bin/llama-batched-bench
[ 73%] Building CXX object examples/main/CMakeFiles/llama-cli.dir/main.cpp.o
[ 64%] Building CXX object tests/CMakeFiles/test-grammar-parser.dir/get-model.cpp.o
[ 64%] Building CXX object tests/CMakeFiles/test-autorelease.dir/get-model.cpp.o
[ 64%] Building CXX object tests/CMakeFiles/test-backend-ops.dir/get-model.cpp.o
[ 64%] Generating prompt-formats.js.hpp
[ 73%] Linking CXX executable ../bin/test-tokenizer-0
[ 73%] Building CXX object examples/lookup/CMakeFiles/llama-lookup-merge.dir/lookup-merge.cpp.o
[ 74%] Generating style.css.hpp
[ 64%] Building CXX object tests/CMakeFiles/test-grad0.dir/get-model.cpp.o
[ 64%] Building CXX object examples/baby-llama/CMakeFiles/llama-baby-llama.dir/baby-llama.cpp.o
[ 73%] Building CXX object examples/cvector-generator/CMakeFiles/llama-cvector-generator.dir/cvector-generator.cpp.o
[ 65%] Building CXX object examples/simple/CMakeFiles/llama-simple.dir/simple.cpp.o
[ 73%] Building CXX object tests/CMakeFiles/test-quantize-perf.dir/test-quantize-perf.cpp.o
[ 65%] Generating theme-ketivah.css.hpp
[ 64%] Building CXX object tests/CMakeFiles/test-model-load-cancel.dir/test-model-load-cancel.cpp.o
[ 64%] Building CXX object tests/CMakeFiles/test-llama-grammar.dir/test-llama-grammar.cpp.o
[ 74%] Building CXX object examples/tokenize/CMakeFiles/llama-tokenize.dir/tokenize.cpp.o
[ 74%] Generating theme-beeninorder.css.hpp
[ 64%] Building CXX object examples/batched/CMakeFiles/llama-batched.dir/batched.cpp.o
[ 74%] Building CXX object pocs/vdot/CMakeFiles/llama-q8dot.dir/q8dot.cpp.o
[ 74%] Generating theme-mangotango.css.hpp
[ 74%] Building CXX object examples/lookahead/CMakeFiles/llama-lookahead.dir/lookahead.cpp.o
[ 73%] Generating theme-playground.css.hpp
[ 73%] Building CXX object examples/speculative/CMakeFiles/llama-speculative.dir/speculative.cpp.o
[ 73%] Generating system-prompts.js.hpp
[ 73%] Building CXX object examples/train-text-from-scratch/CMakeFiles/llama-train-text-from-scratch.dir/train-text-from-scratch.cpp.o
[ 73%] Building CXX object examples/lookup/CMakeFiles/llama-lookup-create.dir/lookup-create.cpp.o
[ 73%] Building CXX object examples/llava/CMakeFiles/llama-llava-cli.dir/llava-cli.cpp.o
[ 74%] Building CXX object examples/save-load-state/CMakeFiles/llama-save-load-state.dir/save-load-state.cpp.o
[ 74%] Generating theme-polarnight.css.hpp
[ 74%] Building CXX object pocs/vdot/CMakeFiles/llama-vdot.dir/vdot.cpp.o
[ 74%] Building CXX object examples/imatrix/CMakeFiles/llama-imatrix.dir/imatrix.cpp.o
[ 74%] Building CXX object examples/lookup/CMakeFiles/llama-lookup.dir/lookup.cpp.o
[ 74%] Linking CXX executable ../bin/test-backend-ops
[ 74%] Linking CXX executable ../bin/test-grammar-integration
[ 74%] Linking CXX executable ../bin/test-grammar-parser
[ 76%] Linking CXX executable ../../bin/llama-parallel
[ 76%] Linking CXX executable ../bin/test-quantize-fns
[ 78%] Linking CXX executable ../../bin/llama-embedding
[ 78%] Linking CXX executable ../bin/test-grad0
[ 78%] Linking CXX executable ../../bin/llama-train-text-from-scratch
[ 78%] Linking CXX executable ../../bin/llama-gritlm
[ 81%] Linking CXX executable ../../bin/llama-passkey
[ 81%] Linking CXX executable ../bin/test-autorelease
[ 81%] Linking CXX executable ../../bin/llama-quantize
[ 81%] Linking CXX executable ../../bin/llama-perplexity
[ 81%] Linking CXX executable ../../bin/llama-gguf-split
[ 86%] Linking CXX executable ../bin/test-model-load-cancel
[ 86%] Linking CXX executable ../../bin/llama-finetune
[ 86%] Linking CXX executable ../../bin/llama-retrieval
[ 97%] Linking CXX executable ../bin/test-llama-grammar
[ 99%] Linking CXX executable ../../bin/llama-gbnf-validator
[ 99%] Linking CXX executable ../bin/test-quantize-perf
[ 97%] Linking CXX executable ../../bin/llama-lookup
[ 97%] Linking CXX executable ../../bin/llama-tokenize
[ 97%] Linking CXX executable ../../bin/llama-cvector-generator
[ 99%] Linking CXX executable ../../bin/llama-speculative
[ 97%] Linking CXX executable ../../bin/llama-simple
[ 97%] Linking CXX executable ../../bin/llama-eval-callback
[ 97%] Linking CXX executable ../../bin/llama-imatrix
[ 97%] Linking CXX executable ../../bin/llama-convert-llama2c-to-ggml
[ 99%] Linking CXX executable ../../bin/llama-save-load-state
[ 97%] Linking CXX executable ../../bin/llama-lookahead
[ 97%] Linking CXX executable ../../bin/llama-infill
[ 99%] Linking CXX executable ../../bin/llama-cli
[ 97%] Linking CXX executable ../../bin/llama-batched
[ 97%] Linking CXX executable ../../bin/llama-baby-llama
[ 99%] Linking CXX executable ../../bin/llama-vdot
[ 97%] Linking CXX executable ../../bin/llama-lookup-merge
[ 99%] Linking CXX executable ../../bin/llama-lookup-create
[ 97%] Linking CXX executable ../../bin/llama-q8dot
[ 99%] Linking CXX executable ../../bin/llama-llava-cli
[ 99%] Linking CXX executable ../../bin/llama-lookup-stats
[ 97%] Linking CXX executable ../../bin/llama-export-lora
[ 99%] Linking CXX executable ../../bin/llama-bench
[100%] Building CXX object examples/server/CMakeFiles/llama-server.dir/server.cpp.o
[100%] Built target test-rope
[100%] Linking CXX executable ../../bin/llama-server
[100%] Built target test-quantize-perf
[100%] Built target llama-vdot
[100%] Built target test-backend-ops
[100%] Built target llama-export-lora
[100%] Built target test-sampling
[100%] Built target llama-quantize-stats
[100%] Built target test-chat-template
[100%] Built target test-grammar-parser
[100%] Built target test-autorelease
[100%] Built target test-model-load-cancel
[100%] Built target test-llama-grammar
[100%] Built target test-quantize-fns
[100%] Built target llama-lookup-merge
[100%] Built target llama-q8dot
[100%] Built target llama-convert-llama2c-to-ggml
[100%] Built target test-grad0
[100%] Built target llama-gguf-split
[100%] Built target llama-gbnf-validator
[100%] Built target test-grammar-integration
[100%] Built target llama-quantize
[100%] Built target test-tokenizer-1-spm
[100%] Built target llama-batched-bench
[100%] Built target llama-passkey
[100%] Built target test-tokenizer-0
[100%] Built target test-tokenizer-1-bpe
[100%] Built target llama-imatrix
[100%] Built target llama-lookup-create
[100%] Built target llama-lookahead
[100%] Built target llama-simple
[100%] Built target llama-embedding
[100%] Built target llama-parallel
[100%] Built target llama-cvector-generator
[100%] Built target llama-tokenize
[100%] Built target llama-save-load-state
[100%] Built target llama-gritlm
[100%] Built target llama-train-text-from-scratch
[100%] Built target llama-retrieval
[100%] Built target llama-speculative
[100%] Built target llama-baby-llama
[100%] Built target llama-cli
[100%] Built target llama-perplexity
[100%] Built target llama-batched
[100%] Built target llama-eval-callback
[100%] Built target llama-finetune
[100%] Built target llama-lookup-stats
[100%] Built target llama-infill
[100%] Built target llama-llava-cli
[100%] Built target llama-bench
[100%] Built target llama-lookup
[100%] Built target llama-server

real	0m16.732s
user	2m2.317s
sys	0m19.542s
+ tee -a /home/loongson/results/llama.cpp/b4/73e95084c286780165568cf0f385f21141d68d/ggml-101-loongson/ctest_debug-ctest.log
+ ctest --output-on-failure -L main -E test-opt
Test project /home/loongson/work/llama.cpp/build-ci-debug
      Start  1: test-tokenizer-0-llama-spm
 1/21 Test  #1: test-tokenizer-0-llama-spm .......   Passed    0.44 sec
      Start  2: test-tokenizer-0-llama-bpe
 2/21 Test  #2: test-tokenizer-0-llama-bpe .......   Passed    7.12 sec
      Start  3: test-tokenizer-0-phi-3
 3/21 Test  #3: test-tokenizer-0-phi-3 ...........   Passed    0.43 sec
      Start  4: test-tokenizer-0-falcon
 4/21 Test  #4: test-tokenizer-0-falcon ..........   Passed    2.38 sec
      Start  5: test-tokenizer-0-bert-bge
 5/21 Test  #5: test-tokenizer-0-bert-bge ........   Passed    0.47 sec
      Start  6: test-tokenizer-0-starcoder
 6/21 Test  #6: test-tokenizer-0-starcoder .......   Passed    1.79 sec
      Start  7: test-tokenizer-0-gpt-2
 7/21 Test  #7: test-tokenizer-0-gpt-2 ...........   Passed    1.84 sec
      Start  8: test-tokenizer-0-refact
 8/21 Test  #8: test-tokenizer-0-refact ..........   Passed    1.80 sec
      Start  9: test-tokenizer-0-command-r
 9/21 Test  #9: test-tokenizer-0-command-r .......   Passed   10.70 sec
      Start 10: test-tokenizer-0-qwen2
10/21 Test #10: test-tokenizer-0-qwen2 ...........   Passed    5.99 sec
      Start 11: test-tokenizer-1-llama-spm
11/21 Test #11: test-tokenizer-1-llama-spm .......   Passed    3.06 sec
      Start 12: test-quantize-fns
12/21 Test #12: test-quantize-fns ................   Passed  103.85 sec
      Start 13: test-quantize-perf
13/21 Test #13: test-quantize-perf ...............   Passed   31.59 sec
      Start 14: test-sampling
14/21 Test #14: test-sampling ....................   Passed    0.08 sec
      Start 15: test-chat-template
15/21 Test #15: test-chat-template ...............   Passed    0.01 sec
      Start 16: test-grammar-parser
16/21 Test #16: test-grammar-parser ..............   Passed    0.00 sec
      Start 17: test-llama-grammar
17/21 Test #17: test-llama-grammar ...............   Passed    0.01 sec
      Start 18: test-grammar-integration
18/21 Test #18: test-grammar-integration .........   Passed    0.03 sec
      Start 19: test-grad0
19/21 Test #19: test-grad0 .......................   Passed    0.79 sec
      Start 20: test-backend-ops
20/21 Test #20: test-backend-ops .................   Passed    0.00 sec
      Start 21: test-rope
21/21 Test #21: test-rope ........................   Passed    0.18 sec

100% tests passed, 0 tests failed out of 21

Label Time Summary:
main    = 172.55 sec*proc (21 tests)

Total Test time (real) = 172.57 sec

real	2m52.583s
user	3m26.637s
sys	0m0.462s
+ set +e
+ cur=0
+ echo 0
+ set +x
+ gg_run_ctest_release
+ cd /home/loongson/work/llama.cpp
+ rm -rf build-ci-release
+ tee /home/loongson/results/llama.cpp/b4/73e95084c286780165568cf0f385f21141d68d/ggml-101-loongson/ctest_release.log
+ mkdir build-ci-release
+ cd build-ci-release
+ set -e
+ tee -a /home/loongson/results/llama.cpp/b4/73e95084c286780165568cf0f385f21141d68d/ggml-101-loongson/ctest_release-cmake.log
+ cmake -DCMAKE_BUILD_TYPE=Release -DLLAMA_FATAL_WARNINGS=ON ..
-- The C compiler identification is GNU 8.3.0
-- The CXX compiler identification is GNU 8.3.0
-- Detecting C compiler ABI info
-- Detecting C compiler ABI info - done
-- Check for working C compiler: /usr/bin/cc - skipped
-- Detecting C compile features
-- Detecting C compile features - done
-- Detecting CXX compiler ABI info
-- Detecting CXX compiler ABI info - done
-- Check for working CXX compiler: /usr/bin/c++ - skipped
-- Detecting CXX compile features
-- Detecting CXX compile features - done
-- Found Git: /usr/bin/git (found version "2.20.1") 
-- Performing Test CMAKE_HAVE_LIBC_PTHREAD
-- Performing Test CMAKE_HAVE_LIBC_PTHREAD - Failed
-- Check if compiler accepts -pthread
-- Check if compiler accepts -pthread - yes
-- Found Threads: TRUE  
-- Found OpenMP_C: -fopenmp (found version "4.5") 
-- Found OpenMP_CXX: -fopenmp (found version "4.5") 
-- Found OpenMP: TRUE (found version "4.5")  
-- OpenMP found
-- ccache found, compilation results will be cached. Disable with LLAMA_CCACHE=OFF.
-- CMAKE_SYSTEM_PROCESSOR: loongarch64
-- loongarch64 detected
-- Configuring done (1.4s)
-- Generating done (0.2s)
-- Build files have been written to: /home/loongson/work/llama.cpp/build-ci-release

real	0m1.736s
user	0m1.362s
sys	0m0.359s
+ tee -a /home/loongson/results/llama.cpp/b4/73e95084c286780165568cf0f385f21141d68d/ggml-101-loongson/ctest_release-make.log
+ make -j
[  2%] Building C object CMakeFiles/ggml.dir/ggml-backend.c.o
[  2%] Building C object CMakeFiles/ggml.dir/ggml.c.o
[  2%] Building CXX object common/CMakeFiles/build_info.dir/build-info.cpp.o
[  4%] Building CXX object CMakeFiles/ggml.dir/sgemm.cpp.o
[  4%] Building C object CMakeFiles/ggml.dir/ggml-alloc.c.o
[  4%] Building C object CMakeFiles/ggml.dir/ggml-quants.c.o
[  4%] Built target ggml
[  5%] Linking CXX static library libggml_static.a
[  6%] Building CXX object CMakeFiles/llama.dir/unicode-data.cpp.o
[  6%] Building CXX object examples/gguf/CMakeFiles/llama-gguf.dir/gguf.cpp.o
[  6%] Building CXX object CMakeFiles/llama.dir/llama.cpp.o
[  6%] Built target build_info
[  7%] Building CXX object CMakeFiles/llama.dir/unicode.cpp.o
[  8%] Linking CXX executable ../../bin/llama-gguf
[  8%] Built target ggml_static
[  8%] Linking CXX static library libllama.a
[  8%] Built target llama
[  9%] Building C object tests/CMakeFiles/test-c.dir/test-c.c.o
[ 10%] Building CXX object common/CMakeFiles/common.dir/sampling.cpp.o
[ 10%] Building CXX object common/CMakeFiles/common.dir/common.cpp.o
[ 10%] Building CXX object common/CMakeFiles/common.dir/grammar-parser.cpp.o
[ 10%] Building CXX object common/CMakeFiles/common.dir/ngram-cache.cpp.o
[ 12%] Building CXX object common/CMakeFiles/common.dir/train.cpp.o
[ 12%] Building CXX object common/CMakeFiles/common.dir/json-schema-to-grammar.cpp.o
[ 13%] Building CXX object examples/llava/CMakeFiles/llava.dir/clip.cpp.o
[ 14%] Building CXX object examples/quantize-stats/CMakeFiles/llama-quantize-stats.dir/quantize-stats.cpp.o
[ 16%] Building CXX object common/CMakeFiles/common.dir/console.cpp.o
[ 16%] Building CXX object examples/llava/CMakeFiles/llava.dir/llava.cpp.o
[ 16%] Building CXX object examples/benchmark/CMakeFiles/llama-bench-matmult.dir/benchmark-matmult.cpp.o
[ 17%] Linking CXX executable ../bin/test-c
[ 17%] Linking CXX executable ../../bin/llama-quantize-stats
[ 17%] Linking CXX executable ../../bin/llama-bench-matmult
[ 17%] Built target llava
[ 17%] Built target llama-gguf
[ 18%] Linking CXX static library libcommon.a
[ 19%] Linking CXX static library libllava_static.a
[ 19%] Built target llava_static
[ 19%] Built target common
[ 19%] Built target test-c
[ 20%] Building CXX object tests/CMakeFiles/test-tokenizer-1-spm.dir/test-tokenizer-1-spm.cpp.o
[ 21%] Building CXX object tests/CMakeFiles/test-tokenizer-1-bpe.dir/test-tokenizer-1-bpe.cpp.o
[ 22%] Building CXX object tests/CMakeFiles/test-quantize-perf.dir/test-quantize-perf.cpp.o
[ 22%] Building CXX object tests/CMakeFiles/test-tokenizer-0.dir/test-tokenizer-0.cpp.o
[ 22%] Building CXX object tests/CMakeFiles/test-quantize-perf.dir/get-model.cpp.o
[ 23%] Building CXX object tests/CMakeFiles/test-chat-template.dir/get-model.cpp.o
[ 23%] Building CXX object tests/CMakeFiles/test-grad0.dir/test-grad0.cpp.o
[ 23%] Building CXX object tests/CMakeFiles/test-quantize-fns.dir/get-model.cpp.o
[ 23%] Building CXX object tests/CMakeFiles/test-backend-ops.dir/test-backend-ops.cpp.o
[ 24%] Building CXX object tests/CMakeFiles/test-llama-grammar.dir/get-model.cpp.o
[ 25%] Building CXX object tests/CMakeFiles/test-grammar-parser.dir/get-model.cpp.o
[ 25%] Building CXX object examples/convert-llama2c-to-ggml/CMakeFiles/llama-convert-llama2c-to-ggml.dir/convert-llama2c-to-ggml.cpp.o
[ 27%] Building CXX object examples/batched/CMakeFiles/llama-batched.dir/batched.cpp.o
[ 27%] Building CXX object examples/export-lora/CMakeFiles/llama-export-lora.dir/export-lora.cpp.o
[ 27%] Building CXX object examples/gguf-split/CMakeFiles/llama-gguf-split.dir/gguf-split.cpp.o
[ 28%] Building CXX object examples/gritlm/CMakeFiles/llama-gritlm.dir/gritlm.cpp.o
[ 28%] Building CXX object examples/infill/CMakeFiles/llama-infill.dir/infill.cpp.o
[ 29%] Building CXX object examples/eval-callback/CMakeFiles/llama-eval-callback.dir/eval-callback.cpp.o
[ 29%] Building CXX object tests/CMakeFiles/test-rope.dir/test-rope.cpp.o
[ 49%] Building CXX object tests/CMakeFiles/test-quantize-fns.dir/test-quantize-fns.cpp.o
[ 49%] Linking CXX executable ../bin/test-tokenizer-0
[ 49%] Building CXX object examples/embedding/CMakeFiles/llama-embedding.dir/embedding.cpp.o
[ 49%] Building CXX object examples/llava/CMakeFiles/llama-llava-cli.dir/llava-cli.cpp.o
[ 49%] Building CXX object examples/llama-bench/CMakeFiles/llama-bench.dir/llama-bench.cpp.o
[ 49%] Building CXX object examples/imatrix/CMakeFiles/llama-imatrix.dir/imatrix.cpp.o
[ 38%] Building CXX object tests/CMakeFiles/test-grammar-integration.dir/test-grammar-integration.cpp.o
[ 48%] Building CXX object tests/CMakeFiles/test-sampling.dir/test-sampling.cpp.o
[ 49%] Building CXX object tests/CMakeFiles/test-grammar-integration.dir/get-model.cpp.o
[ 38%] Building CXX object examples/gbnf-validator/CMakeFiles/llama-gbnf-validator.dir/gbnf-validator.cpp.o
[ 49%] Building CXX object examples/finetune/CMakeFiles/llama-finetune.dir/finetune.cpp.o
[ 49%] Building CXX object examples/cvector-generator/CMakeFiles/llama-cvector-generator.dir/cvector-generator.cpp.o
[ 48%] Building CXX object tests/CMakeFiles/test-autorelease.dir/test-autorelease.cpp.o
[ 49%] Linking CXX executable ../bin/test-tokenizer-1-spm
[ 50%] Building CXX object examples/lookup/CMakeFiles/llama-lookup-create.dir/lookup-create.cpp.o
[ 49%] Linking CXX executable ../bin/test-quantize-perf
[ 49%] Building CXX object tests/CMakeFiles/test-llama-grammar.dir/test-llama-grammar.cpp.o
[ 49%] Building CXX object tests/CMakeFiles/test-grammar-parser.dir/test-grammar-parser.cpp.o
[ 50%] Building CXX object examples/lookahead/CMakeFiles/llama-lookahead.dir/lookahead.cpp.o
[ 49%] Building CXX object tests/CMakeFiles/test-sampling.dir/get-model.cpp.o
[ 49%] Building CXX object tests/CMakeFiles/test-autorelease.dir/get-model.cpp.o
[ 49%] Linking CXX executable ../bin/test-tokenizer-1-bpe
[ 49%] Building CXX object tests/CMakeFiles/test-grad0.dir/get-model.cpp.o
[ 49%] Building CXX object tests/CMakeFiles/test-backend-ops.dir/get-model.cpp.o
[ 49%] Building CXX object examples/baby-llama/CMakeFiles/llama-baby-llama.dir/baby-llama.cpp.o
[ 49%] Building CXX object tests/CMakeFiles/test-model-load-cancel.dir/get-model.cpp.o
[ 49%] Building CXX object tests/CMakeFiles/test-rope.dir/get-model.cpp.o
[ 49%] Building CXX object tests/CMakeFiles/test-chat-template.dir/test-chat-template.cpp.o
[ 49%] Building CXX object tests/CMakeFiles/test-model-load-cancel.dir/test-model-load-cancel.cpp.o
[ 49%] Building CXX object examples/batched-bench/CMakeFiles/llama-batched-bench.dir/batched-bench.cpp.o
[ 51%] Building CXX object examples/lookup/CMakeFiles/llama-lookup-stats.dir/lookup-stats.cpp.o
[ 52%] Generating theme-snowstorm.css.hpp
[ 53%] Generating index-new.html.hpp
[ 53%] Generating completion.js.hpp
[ 55%] Generating colorthemes.css.hpp
[ 55%] Linking CXX executable ../../bin/llama-export-lora
[ 55%] Linking CXX executable ../../bin/llama-gguf-split
[ 56%] Linking CXX executable ../../bin/llama-batched
[ 59%] Generating index.html.hpp
[ 59%] Building CXX object examples/parallel/CMakeFiles/llama-parallel.dir/parallel.cpp.o
[ 56%] Building CXX object examples/lookup/CMakeFiles/llama-lookup-merge.dir/lookup-merge.cpp.o
[ 60%] Linking CXX executable ../../bin/llama-convert-llama2c-to-ggml
[ 61%] Linking CXX executable ../../bin/llama-infill
[ 60%] Linking CXX executable ../../bin/llama-eval-callback
[ 66%] Building CXX object examples/retrieval/CMakeFiles/llama-retrieval.dir/retrieval.cpp.o
[ 64%] Linking CXX executable ../../bin/llama-gritlm
[ 64%] Building CXX object examples/main/CMakeFiles/llama-cli.dir/main.cpp.o
[ 61%] Building CXX object examples/quantize/CMakeFiles/llama-quantize.dir/quantize.cpp.o
[ 61%] Building CXX object examples/lookup/CMakeFiles/llama-lookup.dir/lookup.cpp.o
[ 66%] Linking CXX executable ../../bin/llama-gbnf-validator
[ 66%] Generating index.js.hpp
[ 66%] Linking CXX executable ../bin/test-backend-ops
[ 66%] Building CXX object examples/perplexity/CMakeFiles/llama-perplexity.dir/perplexity.cpp.o
[ 66%] Linking CXX executable ../bin/test-grad0
[ 66%] Building CXX object examples/passkey/CMakeFiles/llama-passkey.dir/passkey.cpp.o
[ 67%] Linking CXX executable ../bin/test-sampling
[ 69%] Generating style.css.hpp
[ 70%] Generating prompt-formats.js.hpp
[ 69%] Linking CXX executable ../bin/test-grammar-integration
[ 80%] Linking CXX executable ../bin/test-quantize-fns
[ 80%] Linking CXX executable ../../bin/llama-bench
[ 80%] Linking CXX executable ../../bin/llama-cvector-generator
[ 80%] Generating theme-beeninorder.css.hpp
[ 80%] Generating system-prompts.js.hpp
[ 79%] Linking CXX executable ../bin/test-autorelease
[ 79%] Linking CXX executable ../../bin/llama-baby-llama
[ 80%] Building CXX object examples/save-load-state/CMakeFiles/llama-save-load-state.dir/save-load-state.cpp.o
[ 72%] Linking CXX executable ../bin/test-rope
[ 80%] Linking CXX executable ../../bin/llama-imatrix
[ 80%] Generating json-schema-to-grammar.mjs.hpp
[ 80%] Linking CXX executable ../bin/test-grammar-parser
[ 80%] Linking CXX executable ../../bin/llama-llava-cli
[ 80%] Linking CXX executable ../bin/test-chat-template
[ 80%] Linking CXX executable ../../bin/llama-embedding
[ 80%] Linking CXX executable ../bin/test-model-load-cancel
[ 80%] Linking CXX executable ../../bin/llama-lookup-create
[ 81%] Linking CXX executable ../../bin/llama-finetune
[ 81%] Generating theme-ketivah.css.hpp
[ 81%] Built target llama-bench-matmult
[ 80%] Linking CXX executable ../bin/test-llama-grammar
[ 82%] Linking CXX executable ../../bin/llama-lookahead
[ 83%] Linking CXX executable ../../bin/llama-lookup-stats
[ 83%] Building CXX object examples/speculative/CMakeFiles/llama-speculative.dir/speculative.cpp.o
[ 92%] Building CXX object pocs/vdot/CMakeFiles/llama-vdot.dir/vdot.cpp.o
[ 90%] Building CXX object examples/tokenize/CMakeFiles/llama-tokenize.dir/tokenize.cpp.o
[ 90%] Generating theme-mangotango.css.hpp
[ 92%] Linking CXX executable ../../bin/llama-cli
[ 92%] Generating theme-playground.css.hpp
[ 92%] Building CXX object examples/simple/CMakeFiles/llama-simple.dir/simple.cpp.o
[ 92%] Linking CXX executable ../../bin/llama-lookup-merge
[ 92%] Linking CXX executable ../../bin/llama-perplexity
[ 92%] Linking CXX executable ../../bin/llama-save-load-state
[ 92%] Building CXX object examples/train-text-from-scratch/CMakeFiles/llama-train-text-from-scratch.dir/train-text-from-scratch.cpp.o
[ 92%] Linking CXX executable ../../bin/llama-batched-bench
[ 92%] Linking CXX executable ../../bin/llama-parallel
[ 92%] Generating theme-polarnight.css.hpp
[ 92%] Linking CXX executable ../../bin/llama-quantize
[ 93%] Linking CXX executable ../../bin/llama-lookup
[ 94%] Linking CXX executable ../../bin/llama-passkey
[ 95%] Building CXX object pocs/vdot/CMakeFiles/llama-q8dot.dir/q8dot.cpp.o
[ 96%] Linking CXX executable ../../bin/llama-vdot
[ 96%] Linking CXX executable ../../bin/llama-retrieval
[ 97%] Linking CXX executable ../../bin/llama-speculative
[ 97%] Built target llama-quantize-stats
[ 97%] Linking CXX executable ../../bin/llama-tokenize
[ 98%] Linking CXX executable ../../bin/llama-q8dot
[ 98%] Linking CXX executable ../../bin/llama-train-text-from-scratch
[ 99%] Linking CXX executable ../../bin/llama-simple
[100%] Building CXX object examples/server/CMakeFiles/llama-server.dir/server.cpp.o
[100%] Built target test-grammar-parser
[100%] Linking CXX executable ../../bin/llama-server
[100%] Built target test-tokenizer-1-spm
[100%] Built target test-rope
[100%] Built target llama-export-lora
[100%] Built target test-tokenizer-0
[100%] Built target llama-lookup-merge
[100%] Built target test-grad0
[100%] Built target llama-batched
[100%] Built target test-tokenizer-1-bpe
[100%] Built target llama-vdot
[100%] Built target test-quantize-perf
[100%] Built target llama-q8dot
[100%] Built target test-backend-ops
[100%] Built target llama-convert-llama2c-to-ggml
[100%] Built target test-chat-template
[100%] Built target test-autorelease
[100%] Built target test-quantize-fns
[100%] Built target llama-gguf-split
[100%] Built target llama-baby-llama
[100%] Built target llama-embedding
[100%] Built target llama-lookup-create
[100%] Built target llama-cvector-generator
[100%] Built target test-llama-grammar
[100%] Built target test-model-load-cancel
[100%] Built target test-sampling
[100%] Built target llama-gbnf-validator
[100%] Built target llama-imatrix
[100%] Built target llama-infill
[100%] Built target llama-save-load-state
[100%] Built target llama-passkey
[100%] Built target llama-simple
[100%] Built target llama-batched-bench
[100%] Built target llama-retrieval
[100%] Built target llama-train-text-from-scratch
[100%] Built target test-grammar-integration
[100%] Built target llama-gritlm
[100%] Built target llama-speculative
[100%] Built target llama-parallel
[100%] Built target llama-llava-cli
[100%] Built target llama-finetune
[100%] Built target llama-eval-callback
[100%] Built target llama-quantize
[100%] Built target llama-tokenize
[100%] Built target llama-bench
[100%] Built target llama-perplexity
[100%] Built target llama-server
[100%] Built target llama-lookahead
[100%] Built target llama-lookup-stats
[100%] Built target llama-lookup
[100%] Built target llama-cli

real	0m2.306s
user	0m17.884s
sys	0m4.349s
+ '[' -z 1 ']'
+ tee -a /home/loongson/results/llama.cpp/b4/73e95084c286780165568cf0f385f21141d68d/ggml-101-loongson/ctest_release-ctest.log
+ ctest --output-on-failure -L main -E test-opt
Test project /home/loongson/work/llama.cpp/build-ci-release
      Start  1: test-tokenizer-0-llama-spm
 1/21 Test  #1: test-tokenizer-0-llama-spm .......   Passed    0.08 sec
      Start  2: test-tokenizer-0-llama-bpe
 2/21 Test  #2: test-tokenizer-0-llama-bpe .......   Passed    1.02 sec
      Start  3: test-tokenizer-0-phi-3
 3/21 Test  #3: test-tokenizer-0-phi-3 ...........   Passed    0.08 sec
      Start  4: test-tokenizer-0-falcon
 4/21 Test  #4: test-tokenizer-0-falcon ..........   Passed    0.30 sec
      Start  5: test-tokenizer-0-bert-bge
 5/21 Test  #5: test-tokenizer-0-bert-bge ........   Passed    0.06 sec
      Start  6: test-tokenizer-0-starcoder
 6/21 Test  #6: test-tokenizer-0-starcoder .......   Passed    0.22 sec
      Start  7: test-tokenizer-0-gpt-2
 7/21 Test  #7: test-tokenizer-0-gpt-2 ...........   Passed    0.23 sec
      Start  8: test-tokenizer-0-refact
 8/21 Test  #8: test-tokenizer-0-refact ..........   Passed    0.23 sec
      Start  9: test-tokenizer-0-command-r
 9/21 Test  #9: test-tokenizer-0-command-r .......   Passed    1.53 sec
      Start 10: test-tokenizer-0-qwen2
10/21 Test #10: test-tokenizer-0-qwen2 ...........   Passed    0.77 sec
      Start 11: test-tokenizer-1-llama-spm
11/21 Test #11: test-tokenizer-1-llama-spm .......   Passed    0.41 sec
      Start 12: test-quantize-fns
12/21 Test #12: test-quantize-fns ................   Passed   34.24 sec
      Start 13: test-quantize-perf
13/21 Test #13: test-quantize-perf ...............   Passed    9.58 sec
      Start 14: test-sampling
14/21 Test #14: test-sampling ....................   Passed    0.02 sec
      Start 15: test-chat-template
15/21 Test #15: test-chat-template ...............   Passed    0.00 sec
      Start 16: test-grammar-parser
16/21 Test #16: test-grammar-parser ..............   Passed    0.00 sec
      Start 17: test-llama-grammar
17/21 Test #17: test-llama-grammar ...............   Passed    0.00 sec
      Start 18: test-grammar-integration
18/21 Test #18: test-grammar-integration .........   Passed    0.01 sec
      Start 19: test-grad0
19/21 Test #19: test-grad0 .......................   Passed    0.48 sec
      Start 20: test-backend-ops
20/21 Test #20: test-backend-ops .................   Passed    0.00 sec
      Start 21: test-rope
21/21 Test #21: test-rope ........................   Passed    0.12 sec

100% tests passed, 0 tests failed out of 21

Label Time Summary:
main    =  49.40 sec*proc (21 tests)

Total Test time (real) =  49.42 sec

real	0m49.425s
user	0m53.310s
sys	0m0.276s
+ set +e
+ cur=0
+ echo 0
+ set +x
