+ ctest --output-on-failure -L main -E test-opt
Test project /Users/ggml/work/llama.cpp/build-ci-debug
      Start  1: test-tokenizer-0-bert-bge
 1/27 Test  #1: test-tokenizer-0-bert-bge .........   Passed    1.33 sec
      Start  2: test-tokenizer-0-command-r
 2/27 Test  #2: test-tokenizer-0-command-r ........   Passed    1.79 sec
      Start  3: test-tokenizer-0-deepseek-coder
 3/27 Test  #3: test-tokenizer-0-deepseek-coder ...   Passed    0.23 sec
      Start  4: test-tokenizer-0-deepseek-llm
 4/27 Test  #4: test-tokenizer-0-deepseek-llm .....   Passed    0.68 sec
      Start  5: test-tokenizer-0-falcon
 5/27 Test  #5: test-tokenizer-0-falcon ...........   Passed    0.42 sec
      Start  6: test-tokenizer-0-gpt-2
 6/27 Test  #6: test-tokenizer-0-gpt-2 ............   Passed    0.33 sec
      Start  7: test-tokenizer-0-llama-bpe
 7/27 Test  #7: test-tokenizer-0-llama-bpe ........   Passed    1.44 sec
      Start  8: test-tokenizer-0-llama-spm
 8/27 Test  #8: test-tokenizer-0-llama-spm ........   Passed    0.07 sec
      Start  9: test-tokenizer-0-mpt
 9/27 Test  #9: test-tokenizer-0-mpt ..............   Passed    0.34 sec
      Start 10: test-tokenizer-0-phi-3
10/27 Test #10: test-tokenizer-0-phi-3 ............   Passed    0.07 sec
      Start 11: test-tokenizer-0-qwen2
11/27 Test #11: test-tokenizer-0-qwen2 ............   Passed    0.98 sec
      Start 12: test-tokenizer-0-refact
12/27 Test #12: test-tokenizer-0-refact ...........   Passed    0.33 sec
      Start 13: test-tokenizer-0-starcoder
13/27 Test #13: test-tokenizer-0-starcoder ........   Passed    0.33 sec
      Start 14: test-tokenizer-1-llama-spm
14/27 Test #14: test-tokenizer-1-llama-spm ........   Passed    1.05 sec
      Start 15: test-log
15/27 Test #15: test-log ..........................   Passed    0.22 sec
      Start 16: test-arg-parser
16/27 Test #16: test-arg-parser ...................   Passed    0.25 sec
      Start 17: test-sampling
17/27 Test #17: test-sampling .....................   Passed    2.16 sec
      Start 18: test-chat-template
18/27 Test #18: test-chat-template ................   Passed    0.19 sec
      Start 19: test-grammar-parser
19/27 Test #19: test-grammar-parser ...............   Passed    0.18 sec
      Start 20: test-grammar-integration
20/27 Test #20: test-grammar-integration ..........   Passed    0.23 sec
      Start 21: test-llama-grammar
21/27 Test #21: test-llama-grammar ................   Passed    0.18 sec
      Start 22: test-backend-ops
22/27 Test #22: test-backend-ops ..................   Passed  178.06 sec
      Start 25: test-barrier
23/27 Test #25: test-barrier ......................   Passed    0.89 sec
      Start 26: test-quantize-fns
24/27 Test #26: test-quantize-fns .................   Passed   25.90 sec
      Start 27: test-quantize-perf
25/27 Test #27: test-quantize-perf ................   Passed    0.33 sec
      Start 28: test-rope
26/27 Test #28: test-rope .........................   Passed    0.27 sec
      Start 29: test-json-schema-to-grammar
27/27 Test #29: test-json-schema-to-grammar .......   Passed    2.15 sec

100% tests passed, 0 tests failed out of 27

Label Time Summary:
main    = 220.37 sec*proc (27 tests)

Total Test time (real) = 220.38 sec

real	3m40.410s
user	7m36.791s
sys	0m5.753s
