+ cmake -DCMAKE_BUILD_TYPE=Release -DLLAMA_FATAL_WARNINGS=ON ..
-- The C compiler identification is GNU 11.4.0
-- The CXX compiler identification is GNU 11.4.0
-- Detecting C compiler ABI info
-- Detecting C compiler ABI info - done
-- Check for working C compiler: /usr/bin/cc - skipped
-- Detecting C compile features
-- Detecting C compile features - done
-- Detecting CXX compiler ABI info
-- Detecting CXX compiler ABI info - done
-- Check for working CXX compiler: /usr/bin/c++ - skipped
-- Detecting CXX compile features
-- Detecting CXX compile features - done
-- Found Git: /usr/bin/git (found version "2.34.1") 
-- Looking for pthread.h
-- Looking for pthread.h - found
-- Performing Test CMAKE_HAVE_LIBC_PTHREAD
-- Performing Test CMAKE_HAVE_LIBC_PTHREAD - Success
-- Found Threads: TRUE  
-- Warning: ccache not found - consider installing it for faster compilation or disable this warning with LLAMA_CCACHE=OFF
-- CMAKE_SYSTEM_PROCESSOR: x86_64
-- x86 detected
-- Configuring done
-- Generating done
-- Build files have been written to: /home/ggml/work/llama.cpp/build-ci-release

real	0m0.454s
user	0m0.299s
sys	0m0.140s
+ make -j
[  0%] Building CXX object common/CMakeFiles/json-schema-to-grammar.dir/json-schema-to-grammar.cpp.o
[  1%] Building CXX object common/CMakeFiles/build_info.dir/build-info.cpp.o
[  1%] Building C object CMakeFiles/ggml.dir/ggml.c.o
[  2%] Building C object CMakeFiles/ggml.dir/ggml-alloc.c.o
[  3%] Building C object CMakeFiles/ggml.dir/ggml-quants.c.o
[  3%] Building C object CMakeFiles/ggml.dir/ggml-backend.c.o
[  4%] Built target build_info
[  4%] Built target json-schema-to-grammar
[  4%] Built target ggml
[  5%] Linking C static library libggml_static.a
[  6%] Building CXX object CMakeFiles/llama.dir/llama.cpp.o
[  6%] Building CXX object examples/gguf/CMakeFiles/gguf.dir/gguf.cpp.o
[  6%] Building CXX object CMakeFiles/llama.dir/unicode.cpp.o
[  6%] Built target ggml_static
[  7%] Linking CXX executable ../../bin/gguf
[  7%] Built target gguf
[  8%] Linking CXX static library libllama.a
[  8%] Built target llama
[  9%] Building C object tests/CMakeFiles/test-c.dir/test-c.c.o
[  9%] Building CXX object common/CMakeFiles/common.dir/common.cpp.o
[  9%] Building CXX object common/CMakeFiles/common.dir/console.cpp.o
[ 10%] Building CXX object common/CMakeFiles/common.dir/sampling.cpp.o
[ 11%] Building CXX object examples/quantize/CMakeFiles/quantize.dir/quantize.cpp.o
[ 12%] Building CXX object examples/benchmark/CMakeFiles/benchmark.dir/benchmark-matmult.cpp.o
[ 13%] Building CXX object common/CMakeFiles/common.dir/train.cpp.o
[ 14%] Building CXX object common/CMakeFiles/common.dir/grammar-parser.cpp.o
[ 15%] Building CXX object examples/quantize-stats/CMakeFiles/quantize-stats.dir/quantize-stats.cpp.o
[ 16%] Building CXX object examples/llava/CMakeFiles/llava.dir/llava.cpp.o
[ 16%] Building CXX object examples/llava/CMakeFiles/llava.dir/clip.cpp.o
[ 16%] Building CXX object common/CMakeFiles/common.dir/ngram-cache.cpp.o
[ 16%] Linking CXX executable ../bin/test-c
[ 16%] Built target test-c
[ 16%] Linking CXX executable ../../bin/benchmark
[ 16%] Built target benchmark
[ 16%] Linking CXX executable ../../bin/quantize
[ 16%] Built target quantize
[ 17%] Linking CXX executable ../../bin/quantize-stats
[ 17%] Built target quantize-stats
[ 18%] Linking CXX static library libcommon.a
[ 18%] Built target common
[ 18%] Building CXX object tests/CMakeFiles/test-quantize-fns.dir/get-model.cpp.o
[ 19%] Building CXX object tests/CMakeFiles/test-quantize-perf.dir/test-quantize-perf.cpp.o
[ 19%] Building CXX object tests/CMakeFiles/test-quantize-perf.dir/get-model.cpp.o
[ 21%] Building CXX object tests/CMakeFiles/test-quantize-fns.dir/test-quantize-fns.cpp.o
[ 20%] Building CXX object tests/CMakeFiles/test-tokenizer-0-llama.dir/test-tokenizer-0-llama.cpp.o
[ 21%] Building CXX object tests/CMakeFiles/test-sampling.dir/test-sampling.cpp.o
[ 22%] Building CXX object tests/CMakeFiles/test-sampling.dir/get-model.cpp.o
[ 23%] Building CXX object tests/CMakeFiles/test-tokenizer-0-falcon.dir/get-model.cpp.o
[ 24%] Building CXX object tests/CMakeFiles/test-chat-template.dir/test-chat-template.cpp.o
[ 25%] Building CXX object tests/CMakeFiles/test-tokenizer-0-falcon.dir/test-tokenizer-0-falcon.cpp.o
[ 25%] Building CXX object tests/CMakeFiles/test-tokenizer-0-llama.dir/get-model.cpp.o
[ 26%] Building CXX object tests/CMakeFiles/test-chat-template.dir/get-model.cpp.o
[ 26%] Building CXX object tests/CMakeFiles/test-tokenizer-1-baichuan.dir/test-tokenizer-1-llama.cpp.o
[ 26%] Building CXX object tests/CMakeFiles/test-tokenizer-1-aquila.dir/get-model.cpp.o
[ 27%] Building CXX object tests/CMakeFiles/test-tokenizer-1-aquila.dir/test-tokenizer-1-bpe.cpp.o
[ 28%] Building CXX object tests/CMakeFiles/test-tokenizer-1-baichuan.dir/get-model.cpp.o
[ 29%] Building CXX object tests/CMakeFiles/test-tokenizer-1-llama.dir/test-tokenizer-1-llama.cpp.o
[ 29%] Building CXX object tests/CMakeFiles/test-tokenizer-1-falcon.dir/test-tokenizer-1-bpe.cpp.o
[ 29%] Building CXX object tests/CMakeFiles/test-tokenizer-1-llama.dir/get-model.cpp.o
[ 30%] Building CXX object tests/CMakeFiles/test-tokenizer-1-falcon.dir/get-model.cpp.o
[ 30%] Building CXX object tests/CMakeFiles/test-tokenizer-1-mpt.dir/test-tokenizer-1-bpe.cpp.o
[ 31%] Building CXX object tests/CMakeFiles/test-tokenizer-1-gpt-neox.dir/test-tokenizer-1-bpe.cpp.o
[ 32%] Building CXX object tests/CMakeFiles/test-tokenizer-1-gpt-neox.dir/get-model.cpp.o
[ 33%] Building CXX object tests/CMakeFiles/test-tokenizer-1-mpt.dir/get-model.cpp.o
[ 34%] Building CXX object tests/CMakeFiles/test-tokenizer-1-stablelm-3b-4e1t.dir/get-model.cpp.o
[ 35%] Building CXX object tests/CMakeFiles/test-tokenizer-1-stablelm-3b-4e1t.dir/test-tokenizer-1-bpe.cpp.o
[ 35%] Building CXX object tests/CMakeFiles/test-tokenizer-1-refact.dir/test-tokenizer-1-bpe.cpp.o
[ 36%] Building CXX object tests/CMakeFiles/test-tokenizer-1-refact.dir/get-model.cpp.o
[ 37%] Building CXX object tests/CMakeFiles/test-tokenizer-1-starcoder.dir/test-tokenizer-1-bpe.cpp.o
[ 37%] Building CXX object tests/CMakeFiles/test-tokenizer-1-starcoder.dir/get-model.cpp.o
[ 38%] Building CXX object tests/CMakeFiles/test-tokenizer-1-gpt2.dir/test-tokenizer-1-bpe.cpp.o
[ 38%] Building CXX object tests/CMakeFiles/test-tokenizer-1-gpt2.dir/get-model.cpp.o
[ 39%] Building CXX object tests/CMakeFiles/test-grammar-parser.dir/test-grammar-parser.cpp.o
[ 39%] Building CXX object tests/CMakeFiles/test-grammar-parser.dir/get-model.cpp.o
[ 39%] Building CXX object tests/CMakeFiles/test-llama-grammar.dir/test-llama-grammar.cpp.o
[ 40%] Building CXX object tests/CMakeFiles/test-grad0.dir/test-grad0.cpp.o
[ 41%] Building CXX object tests/CMakeFiles/test-llama-grammar.dir/get-model.cpp.o
[ 42%] Building CXX object tests/CMakeFiles/test-backend-ops.dir/test-backend-ops.cpp.o
[ 42%] Building CXX object tests/CMakeFiles/test-grad0.dir/get-model.cpp.o
[ 43%] Building CXX object tests/CMakeFiles/test-model-load-cancel.dir/test-model-load-cancel.cpp.o
[ 44%] Building CXX object tests/CMakeFiles/test-backend-ops.dir/get-model.cpp.o
[ 44%] Building CXX object tests/CMakeFiles/test-rope.dir/test-rope.cpp.o
[ 45%] Building CXX object tests/CMakeFiles/test-model-load-cancel.dir/get-model.cpp.o
[ 46%] Building CXX object tests/CMakeFiles/test-rope.dir/get-model.cpp.o
[ 46%] Building CXX object tests/CMakeFiles/test-json-schema-to-grammar.dir/test-json-schema-to-grammar.cpp.o
[ 47%] Building CXX object tests/CMakeFiles/test-json-schema-to-grammar.dir/get-model.cpp.o
[ 46%] Building CXX object tests/CMakeFiles/test-autorelease.dir/test-autorelease.cpp.o
[ 48%] Building CXX object tests/CMakeFiles/test-autorelease.dir/get-model.cpp.o
[ 48%] Building CXX object examples/baby-llama/CMakeFiles/baby-llama.dir/baby-llama.cpp.o
[ 48%] Building CXX object examples/batched/CMakeFiles/batched.dir/batched.cpp.o
[ 48%] Building CXX object examples/batched-bench/CMakeFiles/batched-bench.dir/batched-bench.cpp.o
[ 49%] Building CXX object examples/beam-search/CMakeFiles/beam-search.dir/beam-search.cpp.o
[ 49%] Building CXX object examples/convert-llama2c-to-ggml/CMakeFiles/convert-llama2c-to-ggml.dir/convert-llama2c-to-ggml.cpp.o
[ 50%] Building CXX object examples/embedding/CMakeFiles/embedding.dir/embedding.cpp.o
[ 51%] Building CXX object examples/finetune/CMakeFiles/finetune.dir/finetune.cpp.o
[ 52%] Building CXX object examples/gritlm/CMakeFiles/gritlm.dir/gritlm.cpp.o
[ 52%] Building CXX object examples/gguf-split/CMakeFiles/gguf-split.dir/gguf-split.cpp.o
[ 53%] Building CXX object examples/infill/CMakeFiles/infill.dir/infill.cpp.o
[ 54%] Building CXX object examples/llama-bench/CMakeFiles/llama-bench.dir/llama-bench.cpp.o
[ 54%] Linking CXX executable ../bin/test-model-load-cancel
[ 55%] Building CXX object examples/main/CMakeFiles/main.dir/main.cpp.o
[ 57%] Building CXX object examples/parallel/CMakeFiles/parallel.dir/parallel.cpp.o
[ 57%] Building CXX object examples/tokenize/CMakeFiles/tokenize.dir/tokenize.cpp.o
[ 57%] Building CXX object examples/retrieval/CMakeFiles/retrieval.dir/retrieval.cpp.o
[ 57%] Building CXX object examples/perplexity/CMakeFiles/perplexity.dir/perplexity.cpp.o
[ 57%] Building CXX object examples/save-load-state/CMakeFiles/save-load-state.dir/save-load-state.cpp.o
[ 58%] Building CXX object examples/simple/CMakeFiles/simple.dir/simple.cpp.o
[ 58%] Building CXX object examples/passkey/CMakeFiles/passkey.dir/passkey.cpp.o
[ 59%] Building CXX object examples/speculative/CMakeFiles/speculative.dir/speculative.cpp.o
[ 61%] Building CXX object examples/lookahead/CMakeFiles/lookahead.dir/lookahead.cpp.o
[ 60%] Building CXX object examples/lookup/CMakeFiles/lookup.dir/lookup.cpp.o
[ 61%] Building CXX object examples/lookup/CMakeFiles/lookup-create.dir/lookup-create.cpp.o
[ 61%] Building CXX object examples/lookup/CMakeFiles/lookup-merge.dir/lookup-merge.cpp.o
[ 62%] Building CXX object examples/lookup/CMakeFiles/lookup-stats.dir/lookup-stats.cpp.o
[ 63%] Building CXX object examples/train-text-from-scratch/CMakeFiles/train-text-from-scratch.dir/train-text-from-scratch.cpp.o
[ 64%] Building CXX object examples/imatrix/CMakeFiles/imatrix.dir/imatrix.cpp.o
[ 65%] Building CXX object examples/server/CMakeFiles/server.dir/server.cpp.o
[ 66%] Building CXX object examples/export-lora/CMakeFiles/export-lora.dir/export-lora.cpp.o
[ 67%] Building CXX object pocs/vdot/CMakeFiles/vdot.dir/vdot.cpp.o
[ 68%] Building CXX object pocs/vdot/CMakeFiles/q8dot.dir/q8dot.cpp.o
[ 68%] Built target test-model-load-cancel
[ 69%] Linking CXX executable ../bin/test-rope
[ 69%] Linking CXX executable ../bin/test-autorelease
[ 70%] Linking CXX executable ../bin/test-quantize-fns
[ 70%] Built target test-rope
[ 70%] Linking CXX executable ../bin/test-chat-template
[ 70%] Built target test-autorelease
[ 70%] Built target test-quantize-fns
[ 70%] Built target test-chat-template
[ 71%] Linking CXX executable ../bin/test-grammar-parser
[ 72%] Linking CXX executable ../bin/test-tokenizer-1-baichuan
[ 72%] Built target test-grammar-parser
[ 72%] Linking CXX executable ../bin/test-sampling
[ 72%] Linking CXX executable ../bin/test-tokenizer-1-falcon
[ 72%] Linking CXX executable ../../bin/q8dot
[ 72%] Linking CXX executable ../../bin/tokenize
[ 72%] Linking CXX executable ../bin/test-tokenizer-1-gpt-neox
[ 73%] Linking CXX executable ../bin/test-tokenizer-1-mpt
[ 74%] Linking CXX executable ../bin/test-tokenizer-1-aquila
[ 75%] Linking CXX executable ../bin/test-tokenizer-1-llama
[ 75%] Linking CXX executable ../bin/test-tokenizer-1-stablelm-3b-4e1t
[ 76%] Linking CXX executable ../bin/test-tokenizer-1-starcoder
[ 76%] Built target test-tokenizer-1-baichuan
[ 77%] Linking CXX executable ../../bin/vdot
[ 77%] Linking CXX executable ../bin/test-tokenizer-1-refact
[ 78%] Linking CXX executable ../../bin/baby-llama
[ 79%] Linking CXX executable ../bin/test-tokenizer-1-gpt2
[ 79%] Built target q8dot
[ 79%] Built target test-sampling
[ 79%] Built target test-tokenizer-1-falcon
[ 79%] Built target tokenize
[ 80%] Linking CXX executable ../../bin/lookup-merge
[ 80%] Built target test-tokenizer-1-gpt-neox
[ 80%] Built target test-tokenizer-1-mpt
[ 80%] Built target vdot
[ 80%] Built target test-tokenizer-1-aquila
[ 80%] Built target test-tokenizer-1-llama
[ 80%] Built target test-tokenizer-1-starcoder
[ 80%] Built target test-tokenizer-1-stablelm-3b-4e1t
[ 81%] Linking CXX executable ../../bin/lookup-create
[ 81%] Linking CXX executable ../../bin/beam-search
[ 81%] Built target baby-llama
[ 81%] Built target lookup-merge
[ 81%] Built target test-tokenizer-1-refact
[ 82%] Linking CXX executable ../../bin/save-load-state
[ 82%] Built target test-tokenizer-1-gpt2
[ 83%] Linking CXX executable ../bin/test-grad0
[ 83%] Built target lookup-create
[ 83%] Built target beam-search
[ 83%] Built target save-load-state
[ 84%] Linking CXX executable ../bin/test-quantize-perf
[ 84%] Built target test-grad0
[ 84%] Linking CXX executable ../../bin/simple
[ 85%] Linking CXX executable ../../bin/gguf-split
[ 86%] Linking CXX executable ../../bin/batched-bench
[ 87%] Linking CXX executable ../../bin/batched
[ 87%] Linking CXX executable ../../bin/gritlm
[ 87%] Linking CXX executable ../../bin/embedding
[ 88%] Linking CXX executable ../bin/test-tokenizer-0-llama
[ 88%] Built target test-quantize-perf
[ 88%] Built target gguf-split
[ 88%] Linking CXX executable ../../bin/lookup-stats
[ 88%] Built target simple
[ 88%] Built target batched-bench
[ 88%] Built target batched
[ 88%] Linking CXX executable ../bin/test-tokenizer-0-falcon
[ 88%] Built target gritlm
[ 89%] Built target embedding
[ 89%] Linking CXX executable ../../bin/passkey
[ 89%] Built target test-tokenizer-0-llama
[ 89%] Linking CXX executable ../../bin/export-lora
[ 89%] Built target lookup-stats
[ 89%] Built target test-tokenizer-0-falcon
[ 89%] Built target passkey
[ 89%] Built target export-lora
[ 90%] Linking CXX executable ../../bin/lookup
[ 90%] Linking CXX executable ../../bin/lookahead
[ 90%] Built target lookup
[ 91%] Linking CXX executable ../../bin/parallel
[ 91%] Built target lookahead
[ 91%] Built target parallel
[ 91%] Linking CXX executable ../../bin/train-text-from-scratch
[ 92%] Linking CXX executable ../../bin/retrieval
[ 93%] Linking CXX executable ../../bin/convert-llama2c-to-ggml
[ 93%] Built target train-text-from-scratch
[ 93%] Built target convert-llama2c-to-ggml
[ 93%] Built target retrieval
[ 93%] Linking CXX executable ../../bin/imatrix
[ 93%] Built target imatrix
[ 94%] Linking CXX executable ../../bin/finetune
[ 95%] Linking CXX executable ../../bin/infill
[ 95%] Built target finetune
[ 96%] Linking CXX executable ../../bin/speculative
[ 96%] Built target infill
[ 96%] Built target speculative
[ 96%] Linking CXX executable ../../bin/main
[ 96%] Built target llava
[ 96%] Built target main
[ 96%] Linking CXX static library libllava_static.a
[ 97%] Building CXX object examples/llava/CMakeFiles/llava-cli.dir/llava-cli.cpp.o
[ 97%] Built target llava_static
[ 97%] Linking CXX executable ../bin/test-backend-ops
[ 97%] Built target test-backend-ops
[ 98%] Linking CXX executable ../../bin/perplexity
[ 99%] Linking CXX executable ../../bin/llava-cli
[ 99%] Built target llava-cli
[ 99%] Built target perplexity
[100%] Linking CXX executable ../bin/test-json-schema-to-grammar
[100%] Built target test-json-schema-to-grammar
[100%] Linking CXX executable ../../bin/llama-bench
[100%] Built target llama-bench
[100%] Linking CXX executable ../bin/test-llama-grammar
[100%] Built target test-llama-grammar
[100%] Linking CXX executable ../../bin/server
[100%] Built target server

real	1m20.070s
user	3m31.157s
sys	0m10.078s
+ ctest --output-on-failure -L main -E test-opt
Test project /home/ggml/work/llama.cpp/build-ci-release
      Start  1: test-quantize-fns
 1/22 Test  #1: test-quantize-fns ...................   Passed   12.99 sec
      Start  2: test-quantize-perf
 2/22 Test  #2: test-quantize-perf ..................   Passed    4.46 sec
      Start  3: test-sampling
 3/22 Test  #3: test-sampling .......................   Passed    0.01 sec
      Start  4: test-chat-template
 4/22 Test  #4: test-chat-template ..................   Passed    0.00 sec
      Start  5: test-tokenizer-0-llama
 5/22 Test  #5: test-tokenizer-0-llama ..............   Passed    0.03 sec
      Start  6: test-tokenizer-0-falcon
 6/22 Test  #6: test-tokenizer-0-falcon .............   Passed    0.18 sec
      Start  7: test-tokenizer-1-llama
 7/22 Test  #7: test-tokenizer-1-llama ..............   Passed    0.79 sec
      Start  8: test-tokenizer-1-baichuan
 8/22 Test  #8: test-tokenizer-1-baichuan ...........   Passed    0.83 sec
      Start  9: test-tokenizer-1-falcon
 9/22 Test  #9: test-tokenizer-1-falcon .............   Passed    0.92 sec
      Start 10: test-tokenizer-1-aquila
10/22 Test #10: test-tokenizer-1-aquila .............   Passed    1.29 sec
      Start 11: test-tokenizer-1-mpt
11/22 Test #11: test-tokenizer-1-mpt ................   Passed    0.77 sec
      Start 12: test-tokenizer-1-stablelm-3b-4e1t
12/22 Test #12: test-tokenizer-1-stablelm-3b-4e1t ...   Passed    0.78 sec
      Start 13: test-tokenizer-1-gpt-neox
13/22 Test #13: test-tokenizer-1-gpt-neox ...........   Passed    0.78 sec
      Start 14: test-tokenizer-1-refact
14/22 Test #14: test-tokenizer-1-refact .............   Passed    0.76 sec
      Start 15: test-tokenizer-1-starcoder
15/22 Test #15: test-tokenizer-1-starcoder ..........   Passed    0.76 sec
      Start 16: test-tokenizer-1-gpt2
16/22 Test #16: test-tokenizer-1-gpt2 ...............   Passed    0.78 sec
      Start 17: test-grammar-parser
17/22 Test #17: test-grammar-parser .................   Passed    0.00 sec
      Start 18: test-llama-grammar
18/22 Test #18: test-llama-grammar ..................   Passed    0.00 sec
      Start 19: test-grad0
19/22 Test #19: test-grad0 ..........................   Passed    3.64 sec
      Start 20: test-backend-ops
20/22 Test #20: test-backend-ops ....................   Passed    0.00 sec
      Start 21: test-rope
21/22 Test #21: test-rope ...........................   Passed    0.05 sec
      Start 24: test-json-schema-to-grammar
22/22 Test #24: test-json-schema-to-grammar .........   Passed    0.01 sec

100% tests passed, 0 tests failed out of 22

Label Time Summary:
main    =  29.85 sec*proc (22 tests)

Total Test time (real) =  29.86 sec

real	0m29.865s
user	0m43.783s
sys	0m3.173s
