+ cmake -DCMAKE_BUILD_TYPE=Debug -DLLAMA_FATAL_WARNINGS=ON -DGGML_METAL=ON -DGGML_METAL_USE_BF16=ON ..
-- The C compiler identification is AppleClang 16.0.0.16000026
-- The CXX compiler identification is AppleClang 16.0.0.16000026
-- Detecting C compiler ABI info
-- Detecting C compiler ABI info - done
-- Check for working C compiler: /Library/Developer/CommandLineTools/usr/bin/cc - skipped
-- Detecting C compile features
-- Detecting C compile features - done
-- Detecting CXX compiler ABI info
-- Detecting CXX compiler ABI info - done
-- Check for working CXX compiler: /Library/Developer/CommandLineTools/usr/bin/c++ - skipped
-- Detecting CXX compile features
-- Detecting CXX compile features - done
-- Found Git: /usr/bin/git (found version "2.39.5 (Apple Git-154)")
-- Performing Test CMAKE_HAVE_LIBC_PTHREAD
-- Performing Test CMAKE_HAVE_LIBC_PTHREAD - Success
-- Found Threads: TRUE
-- ccache found, compilation results will be cached. Disable with GGML_CCACHE=OFF.
-- CMAKE_SYSTEM_PROCESSOR: arm64
-- Accelerate framework found
-- Could NOT find OpenMP_C (missing: OpenMP_C_FLAGS OpenMP_C_LIB_NAMES) 
-- Could NOT find OpenMP_CXX (missing: OpenMP_CXX_FLAGS OpenMP_CXX_LIB_NAMES) 
-- Could NOT find OpenMP (missing: OpenMP_C_FOUND OpenMP_CXX_FOUND) 
CMake Warning at ggml/src/ggml-cpu/CMakeLists.txt:43 (message):
  OpenMP not found


-- Using llamafile
-- ARM detected
-- Performing Test COMPILER_SUPPORTS_FP16_FORMAT_I3E
-- Performing Test COMPILER_SUPPORTS_FP16_FORMAT_I3E - Failed
-- Using runtime weight conversion of Q4_0 to Q4_0_x_x to enable optimized GEMM/GEMV kernels
-- Including CPU backend
CMake Warning at ggml/src/ggml-amx/CMakeLists.txt:106 (message):
  AMX requires x86 and gcc version > 11.0.  Turning off GGML_AMX.


-- Looking for dgemm_
-- Looking for dgemm_ - found
-- Found BLAS: /Library/Developer/CommandLineTools/SDKs/MacOSX15.1.sdk/System/Library/Frameworks/Accelerate.framework
-- BLAS found, Libraries: /Library/Developer/CommandLineTools/SDKs/MacOSX15.1.sdk/System/Library/Frameworks/Accelerate.framework
-- BLAS found, Includes: 
-- Including BLAS backend
-- Metal framework found
-- The ASM compiler identification is AppleClang
-- Found assembler: /Library/Developer/CommandLineTools/usr/bin/cc
-- Including METAL backend
-- Configuring done (1.4s)
-- Generating done (0.2s)
-- Build files have been written to: /Users/ggml/work/llama.cpp/build-ci-debug

real	0m1.615s
user	0m0.541s
sys	0m0.897s
++ nproc
+ make -j10
[  0%] Generating build details from Git
[  0%] Building C object ggml/src/CMakeFiles/ggml-base.dir/ggml-alloc.c.o
[  1%] Building C object ggml/src/CMakeFiles/ggml-base.dir/ggml.c.o
[  1%] Building CXX object ggml/src/CMakeFiles/ggml-base.dir/ggml-opt.cpp.o
[  3%] Building C object examples/gguf-hash/CMakeFiles/sha1.dir/deps/sha1/sha1.c.o
[  3%] Building C object ggml/src/CMakeFiles/ggml-base.dir/ggml-quants.c.o
[  4%] Building CXX object ggml/src/CMakeFiles/ggml-base.dir/ggml-backend.cpp.o
[  5%] Building C object examples/gguf-hash/CMakeFiles/sha256.dir/deps/sha256/sha256.c.o
[  6%] Building CXX object ggml/src/CMakeFiles/ggml-base.dir/ggml-threading.cpp.o
[  7%] Building C object examples/gguf-hash/CMakeFiles/xxhash.dir/deps/xxhash/xxhash.c.o
-- Found Git: /usr/bin/git (found version "2.39.5 (Apple Git-154)")
[  7%] Built target xxhash
[  7%] Built target sha256
[  7%] Building C object ggml/src/CMakeFiles/ggml-base.dir/ggml-aarch64.c.o
[  7%] Built target sha1
[  8%] Linking CXX shared library libggml-base.dylib
[  9%] Building CXX object common/CMakeFiles/build_info.dir/build-info.cpp.o
[  9%] Built target ggml-base
[ 10%] Generate assembly for embedded Metal library
Embedding Metal library
[ 10%] Building CXX object ggml/src/ggml-blas/CMakeFiles/ggml-blas.dir/ggml-blas.cpp.o
[ 11%] Building CXX object ggml/src/ggml-cpu/CMakeFiles/ggml-cpu.dir/ggml-cpu.cpp.o
[ 11%] Building C object ggml/src/ggml-cpu/CMakeFiles/ggml-cpu.dir/ggml-cpu.c.o
[ 12%] Building CXX object ggml/src/ggml-cpu/CMakeFiles/ggml-cpu.dir/llamafile/sgemm.cpp.o
[ 13%] Building C object ggml/src/ggml-cpu/CMakeFiles/ggml-cpu.dir/ggml-cpu-quants.c.o
[ 13%] Building C object ggml/src/ggml-cpu/CMakeFiles/ggml-cpu.dir/ggml-cpu-aarch64.c.o
[ 13%] Built target build_info
[ 13%] Linking CXX shared library libggml-cpu.dylib
[ 14%] Linking CXX shared library libggml-blas.dylib
[ 14%] Building C object ggml/src/ggml-metal/CMakeFiles/ggml-metal.dir/ggml-metal.m.o
[ 15%] Building ASM object ggml/src/ggml-metal/CMakeFiles/ggml-metal.dir/__/__/__/autogenerated/ggml-metal-embed.s.o
[ 15%] Built target ggml-cpu
[ 15%] Built target ggml-blas
[ 15%] Linking C shared library libggml-metal.dylib
[ 15%] Built target ggml-metal
[ 16%] Building CXX object ggml/src/CMakeFiles/ggml.dir/ggml-backend-reg.cpp.o
[ 16%] Linking CXX shared library libggml.dylib
[ 16%] Built target ggml
[ 16%] Building CXX object src/CMakeFiles/llama.dir/llama-vocab.cpp.o
[ 19%] Building CXX object src/CMakeFiles/llama.dir/llama-grammar.cpp.o
[ 19%] Building CXX object examples/gguf-hash/CMakeFiles/llama-gguf-hash.dir/gguf-hash.cpp.o
[ 19%] Building CXX object src/CMakeFiles/llama.dir/llama.cpp.o
[ 20%] Building CXX object src/CMakeFiles/llama.dir/llama-sampling.cpp.o
[ 20%] Building CXX object src/CMakeFiles/llama.dir/unicode.cpp.o
[ 22%] Building CXX object src/CMakeFiles/llama.dir/unicode-data.cpp.o
[ 22%] Building CXX object examples/gguf/CMakeFiles/llama-gguf.dir/gguf.cpp.o
[ 23%] Linking CXX executable ../../bin/llama-gguf-hash
[ 23%] Linking CXX executable ../../bin/llama-gguf
[ 23%] Linking CXX shared library libllama.dylib
[ 23%] Built target llama-gguf
[ 23%] Built target llama-gguf-hash
[ 23%] Built target llama
[ 23%] Building CXX object examples/simple/CMakeFiles/llama-simple.dir/simple.cpp.o
[ 23%] Building CXX object common/CMakeFiles/common.dir/arg.cpp.o
[ 25%] Building C object tests/CMakeFiles/test-c.dir/test-c.c.o
[ 25%] Building CXX object common/CMakeFiles/common.dir/common.cpp.o
[ 26%] Building CXX object examples/llava/CMakeFiles/llava.dir/llava.cpp.o
[ 27%] Building CXX object examples/quantize-stats/CMakeFiles/llama-quantize-stats.dir/quantize-stats.cpp.o
[ 27%] Building CXX object examples/simple-chat/CMakeFiles/llama-simple-chat.dir/simple-chat.cpp.o
[ 27%] Building CXX object common/CMakeFiles/common.dir/console.cpp.o
[ 27%] Building CXX object examples/llava/CMakeFiles/llava.dir/clip.cpp.o
[ 28%] Building CXX object common/CMakeFiles/common.dir/json-schema-to-grammar.cpp.o
[ 29%] Linking CXX executable ../../bin/llama-simple
[ 29%] Linking C executable ../bin/test-c
[ 30%] Building CXX object common/CMakeFiles/common.dir/log.cpp.o
[ 30%] Building CXX object common/CMakeFiles/common.dir/sampling.cpp.o
[ 31%] Building CXX object common/CMakeFiles/common.dir/ngram-cache.cpp.o
[ 32%] Linking CXX executable ../../bin/llama-simple-chat
[ 32%] Built target llava
[ 32%] Linking CXX executable ../../bin/llama-quantize-stats
[ 32%] Linking CXX static library libcommon.a
[ 32%] Linking CXX static library libllava_static.a
[ 33%] Linking CXX shared library libllava_shared.dylib
[ 33%] Built target llama-simple
[ 33%] Built target test-c
[ 33%] Built target llama-simple-chat
[ 33%] Built target llama-quantize-stats
[ 33%] Built target llava_shared
[ 33%] Built target llava_static
[ 33%] Built target common
[ 33%] Building CXX object tests/CMakeFiles/test-arg-parser.dir/test-arg-parser.cpp.o
[ 33%] Building CXX object tests/CMakeFiles/test-tokenizer-0.dir/test-tokenizer-0.cpp.o
[ 33%] Building CXX object tests/CMakeFiles/test-tokenizer-1-bpe.dir/test-tokenizer-1-bpe.cpp.o
[ 33%] Building CXX object tests/CMakeFiles/test-log.dir/test-log.cpp.o
[ 33%] Building CXX object tests/CMakeFiles/test-tokenizer-1-spm.dir/test-tokenizer-1-spm.cpp.o
[ 34%] Building CXX object tests/CMakeFiles/test-quantize-fns.dir/test-quantize-fns.cpp.o
[ 34%] Building CXX object tests/CMakeFiles/test-quantize-perf.dir/test-quantize-perf.cpp.o
[ 34%] Building CXX object tests/CMakeFiles/test-grammar-parser.dir/test-grammar-parser.cpp.o
[ 35%] Building CXX object tests/CMakeFiles/test-sampling.dir/test-sampling.cpp.o
[ 36%] Building CXX object tests/CMakeFiles/test-chat-template.dir/test-chat-template.cpp.o
[ 36%] Building CXX object tests/CMakeFiles/test-chat-template.dir/get-model.cpp.o
[ 36%] Building CXX object tests/CMakeFiles/test-quantize-fns.dir/get-model.cpp.o
[ 36%] Building CXX object tests/CMakeFiles/test-sampling.dir/get-model.cpp.o
[ 37%] Building CXX object tests/CMakeFiles/test-quantize-perf.dir/get-model.cpp.o
[ 38%] Building CXX object tests/CMakeFiles/test-grammar-parser.dir/get-model.cpp.o
[ 39%] Building CXX object tests/CMakeFiles/test-log.dir/get-model.cpp.o
[ 42%] Linking CXX executable ../bin/test-tokenizer-1-spm
[ 42%] Linking CXX executable ../bin/test-tokenizer-0
[ 42%] Building CXX object tests/CMakeFiles/test-arg-parser.dir/get-model.cpp.o
[ 43%] Linking CXX executable ../bin/test-tokenizer-1-bpe
[ 43%] Linking CXX executable ../bin/test-grammar-parser
[ 43%] Linking CXX executable ../bin/test-quantize-perf
[ 43%] Linking CXX executable ../bin/test-log
[ 44%] Linking CXX executable ../bin/test-sampling
[ 45%] Linking CXX executable ../bin/test-quantize-fns
[ 46%] Linking CXX executable ../bin/test-chat-template
[ 46%] Linking CXX executable ../bin/test-arg-parser
[ 46%] Built target test-quantize-fns
[ 46%] Built target test-tokenizer-1-spm
[ 46%] Built target test-sampling
[ 46%] Built target test-tokenizer-0
[ 46%] Built target test-tokenizer-1-bpe
[ 46%] Built target test-log
[ 46%] Built target test-quantize-perf
[ 46%] Built target test-chat-template
[ 46%] Built target test-grammar-parser
[ 46%] Built target test-arg-parser
[ 47%] Building CXX object tests/CMakeFiles/test-grammar-integration.dir/test-grammar-integration.cpp.o
[ 49%] Building CXX object tests/CMakeFiles/test-model-load-cancel.dir/test-model-load-cancel.cpp.o
[ 49%] Building CXX object tests/CMakeFiles/test-autorelease.dir/test-autorelease.cpp.o
[ 51%] Building CXX object tests/CMakeFiles/test-rope.dir/test-rope.cpp.o
[ 51%] Building CXX object tests/CMakeFiles/test-llama-grammar.dir/test-llama-grammar.cpp.o
[ 51%] Building CXX object tests/CMakeFiles/test-barrier.dir/test-barrier.cpp.o
[ 51%] Building CXX object tests/CMakeFiles/test-backend-ops.dir/test-backend-ops.cpp.o
[ 51%] Building CXX object examples/cvector-generator/CMakeFiles/llama-cvector-generator.dir/cvector-generator.cpp.o
[ 52%] Building CXX object tests/CMakeFiles/test-json-schema-to-grammar.dir/test-json-schema-to-grammar.cpp.o
[ 53%] Building CXX object examples/batched-bench/CMakeFiles/llama-batched-bench.dir/batched-bench.cpp.o
[ 53%] Building CXX object tests/CMakeFiles/test-model-load-cancel.dir/get-model.cpp.o
[ 53%] Building CXX object tests/CMakeFiles/test-autorelease.dir/get-model.cpp.o
[ 53%] Building CXX object tests/CMakeFiles/test-grammar-integration.dir/get-model.cpp.o
[ 53%] Building CXX object tests/CMakeFiles/test-llama-grammar.dir/get-model.cpp.o
[ 53%] Building CXX object tests/CMakeFiles/test-rope.dir/get-model.cpp.o
[ 54%] Building CXX object tests/CMakeFiles/test-barrier.dir/get-model.cpp.o
[ 55%] Building CXX object tests/CMakeFiles/test-backend-ops.dir/get-model.cpp.o
[ 56%] Linking CXX executable ../../bin/llama-cvector-generator
[ 56%] Building CXX object tests/CMakeFiles/test-json-schema-to-grammar.dir/get-model.cpp.o
[ 56%] Linking CXX executable ../../bin/llama-batched-bench
[ 57%] Linking CXX executable ../bin/test-autorelease
[ 58%] Linking CXX executable ../bin/test-grammar-integration
[ 59%] Linking CXX executable ../bin/test-model-load-cancel
[ 60%] Linking CXX executable ../bin/test-rope
[ 61%] Linking CXX executable ../bin/test-llama-grammar
[ 61%] Linking CXX executable ../bin/test-barrier
[ 62%] Linking CXX executable ../bin/test-backend-ops
[ 63%] Linking CXX executable ../bin/test-json-schema-to-grammar
[ 63%] Built target test-autorelease
[ 63%] Built target llama-batched-bench
[ 63%] Built target llama-cvector-generator
[ 63%] Built target test-llama-grammar
[ 63%] Built target test-barrier
[ 63%] Built target test-rope
[ 63%] Built target test-grammar-integration
[ 63%] Built target test-model-load-cancel
[ 63%] Built target test-backend-ops
[ 63%] Built target test-json-schema-to-grammar
[ 63%] Building CXX object examples/embedding/CMakeFiles/llama-embedding.dir/embedding.cpp.o
[ 63%] Building CXX object examples/convert-llama2c-to-ggml/CMakeFiles/llama-convert-llama2c-to-ggml.dir/convert-llama2c-to-ggml.cpp.o
[ 64%] Building CXX object examples/batched/CMakeFiles/llama-batched.dir/batched.cpp.o
[ 65%] Building CXX object examples/gbnf-validator/CMakeFiles/llama-gbnf-validator.dir/gbnf-validator.cpp.o
[ 66%] Building CXX object examples/export-lora/CMakeFiles/llama-export-lora.dir/export-lora.cpp.o
[ 67%] Building CXX object examples/eval-callback/CMakeFiles/llama-eval-callback.dir/eval-callback.cpp.o
[ 67%] Building CXX object examples/gritlm/CMakeFiles/llama-gritlm.dir/gritlm.cpp.o
[ 67%] Building CXX object examples/gguf-split/CMakeFiles/llama-gguf-split.dir/gguf-split.cpp.o
[ 67%] Building CXX object examples/infill/CMakeFiles/llama-infill.dir/infill.cpp.o
[ 67%] Building CXX object examples/imatrix/CMakeFiles/llama-imatrix.dir/imatrix.cpp.o
[ 68%] Linking CXX executable ../../bin/llama-embedding
[ 68%] Linking CXX executable ../../bin/llama-batched
[ 69%] Linking CXX executable ../../bin/llama-gbnf-validator
[ 69%] Linking CXX executable ../../bin/llama-gritlm
[ 69%] Linking CXX executable ../../bin/llama-eval-callback
[ 70%] Linking CXX executable ../../bin/llama-gguf-split
[ 70%] Linking CXX executable ../../bin/llama-export-lora
[ 71%] Linking CXX executable ../../bin/llama-convert-llama2c-to-ggml
[ 72%] Linking CXX executable ../../bin/llama-infill
[ 73%] Linking CXX executable ../../bin/llama-imatrix
[ 73%] Built target llama-gguf-split
[ 73%] Built target llama-batched
[ 73%] Built target llama-eval-callback
[ 73%] Built target llama-convert-llama2c-to-ggml
[ 73%] Built target llama-gbnf-validator
[ 73%] Built target llama-gritlm
[ 73%] Built target llama-embedding
[ 73%] Built target llama-imatrix
[ 73%] Built target llama-export-lora
[ 73%] Built target llama-infill
[ 74%] Building CXX object examples/llama-bench/CMakeFiles/llama-bench.dir/llama-bench.cpp.o
[ 75%] Building CXX object examples/llava/CMakeFiles/llama-llava-cli.dir/llava-cli.cpp.o
[ 76%] Building CXX object examples/lookahead/CMakeFiles/llama-lookahead.dir/lookahead.cpp.o
[ 77%] Building CXX object examples/lookup/CMakeFiles/llama-lookup-create.dir/lookup-create.cpp.o
[ 78%] Building CXX object examples/llava/CMakeFiles/llama-minicpmv-cli.dir/minicpmv-cli.cpp.o
[ 78%] Building CXX object examples/lookup/CMakeFiles/llama-lookup.dir/lookup.cpp.o
[ 78%] Building CXX object examples/main/CMakeFiles/llama-cli.dir/main.cpp.o
[ 78%] Building CXX object examples/lookup/CMakeFiles/llama-lookup-stats.dir/lookup-stats.cpp.o
[ 79%] Building CXX object examples/lookup/CMakeFiles/llama-lookup-merge.dir/lookup-merge.cpp.o
[ 79%] Building CXX object examples/parallel/CMakeFiles/llama-parallel.dir/parallel.cpp.o
[ 80%] Linking CXX executable ../../bin/llama-bench
[ 80%] Linking CXX executable ../../bin/llama-llava-cli
[ 80%] Linking CXX executable ../../bin/llama-lookup-create
[ 80%] Linking CXX executable ../../bin/llama-lookup
[ 81%] Linking CXX executable ../../bin/llama-minicpmv-cli
[ 81%] Linking CXX executable ../../bin/llama-lookahead
[ 82%] Linking CXX executable ../../bin/llama-cli
[ 84%] Linking CXX executable ../../bin/llama-parallel
[ 84%] Linking CXX executable ../../bin/llama-lookup-stats
[ 85%] Linking CXX executable ../../bin/llama-lookup-merge
[ 85%] Built target llama-lookup
[ 85%] Built target llama-lookahead
[ 85%] Built target llama-bench
[ 85%] Built target llama-minicpmv-cli
[ 85%] Built target llama-lookup-merge
[ 85%] Built target llama-cli
[ 85%] Built target llama-parallel
[ 85%] Built target llama-llava-cli
[ 85%] Built target llama-lookup-create
[ 85%] Generating loading.html.hpp
[ 85%] Built target llama-lookup-stats
[ 86%] Building CXX object examples/passkey/CMakeFiles/llama-passkey.dir/passkey.cpp.o
[ 86%] Building CXX object examples/perplexity/CMakeFiles/llama-perplexity.dir/perplexity.cpp.o
[ 87%] Building CXX object examples/quantize/CMakeFiles/llama-quantize.dir/quantize.cpp.o
[ 88%] Building CXX object examples/save-load-state/CMakeFiles/llama-save-load-state.dir/save-load-state.cpp.o
[ 88%] Building CXX object examples/retrieval/CMakeFiles/llama-retrieval.dir/retrieval.cpp.o
[ 90%] Building CXX object examples/tokenize/CMakeFiles/llama-tokenize.dir/tokenize.cpp.o
[ 90%] Generating completion.js.hpp
[ 90%] Building CXX object examples/speculative/CMakeFiles/llama-speculative.dir/speculative.cpp.o
[ 91%] Building CXX object pocs/vdot/CMakeFiles/llama-vdot.dir/vdot.cpp.o
[ 92%] Building CXX object pocs/vdot/CMakeFiles/llama-q8dot.dir/q8dot.cpp.o
[ 93%] Linking CXX executable ../../bin/llama-passkey
[ 93%] Linking CXX executable ../../bin/llama-perplexity
[ 93%] Linking CXX executable ../../bin/llama-quantize
[ 94%] Linking CXX executable ../../bin/llama-retrieval
[ 95%] Linking CXX executable ../../bin/llama-save-load-state
[ 96%] Generating deps_daisyui.min.css.hpp
[ 96%] Linking CXX executable ../../bin/llama-tokenize
[ 97%] Linking CXX executable ../../bin/llama-speculative
[ 97%] Linking CXX executable ../../bin/llama-q8dot
[ 97%] Linking CXX executable ../../bin/llama-vdot
[ 97%] Built target llama-tokenize
[ 97%] Built target llama-quantize
[ 97%] Built target llama-passkey
[ 97%] Built target llama-q8dot
[ 97%] Built target llama-perplexity
[ 97%] Built target llama-retrieval
[ 97%] Generating deps_markdown-it.js.hpp
[ 97%] Built target llama-save-load-state
[ 98%] Generating deps_vue.esm-browser.js.hpp
[ 99%] Generating deps_tailwindcss.js.hpp
[ 99%] Built target llama-speculative
[ 99%] Generating index.html.hpp
[ 99%] Built target llama-vdot
[ 99%] Building CXX object examples/server/CMakeFiles/llama-server.dir/server.cpp.o
[100%] Linking CXX executable ../../bin/llama-server
[100%] Built target llama-server

real	0m2.868s
user	0m6.729s
sys	0m9.690s
+ ctest --output-on-failure -L main -E test-opt
Test project /Users/ggml/work/llama.cpp/build-ci-debug
      Start  1: test-tokenizer-0-bert-bge
 1/27 Test  #1: test-tokenizer-0-bert-bge .........   Passed    1.34 sec
      Start  2: test-tokenizer-0-command-r
 2/27 Test  #2: test-tokenizer-0-command-r ........   Passed    1.74 sec
      Start  3: test-tokenizer-0-deepseek-coder
 3/27 Test  #3: test-tokenizer-0-deepseek-coder ...   Passed    0.22 sec
      Start  4: test-tokenizer-0-deepseek-llm
 4/27 Test  #4: test-tokenizer-0-deepseek-llm .....   Passed    0.67 sec
      Start  5: test-tokenizer-0-falcon
 5/27 Test  #5: test-tokenizer-0-falcon ...........   Passed    0.42 sec
      Start  6: test-tokenizer-0-gpt-2
 6/27 Test  #6: test-tokenizer-0-gpt-2 ............   Passed    0.33 sec
      Start  7: test-tokenizer-0-llama-bpe
 7/27 Test  #7: test-tokenizer-0-llama-bpe ........   Passed    1.44 sec
      Start  8: test-tokenizer-0-llama-spm
 8/27 Test  #8: test-tokenizer-0-llama-spm ........   Passed    0.07 sec
      Start  9: test-tokenizer-0-mpt
 9/27 Test  #9: test-tokenizer-0-mpt ..............   Passed    0.33 sec
      Start 10: test-tokenizer-0-phi-3
10/27 Test #10: test-tokenizer-0-phi-3 ............   Passed    0.07 sec
      Start 11: test-tokenizer-0-qwen2
11/27 Test #11: test-tokenizer-0-qwen2 ............   Passed    0.97 sec
      Start 12: test-tokenizer-0-refact
12/27 Test #12: test-tokenizer-0-refact ...........   Passed    0.32 sec
      Start 13: test-tokenizer-0-starcoder
13/27 Test #13: test-tokenizer-0-starcoder ........   Passed    0.32 sec
      Start 14: test-tokenizer-1-llama-spm
14/27 Test #14: test-tokenizer-1-llama-spm ........   Passed    1.03 sec
      Start 15: test-log
15/27 Test #15: test-log ..........................   Passed    0.22 sec
      Start 16: test-arg-parser
16/27 Test #16: test-arg-parser ...................   Passed    0.22 sec
      Start 17: test-quantize-fns
17/27 Test #17: test-quantize-fns .................   Passed   24.51 sec
      Start 18: test-quantize-perf
18/27 Test #18: test-quantize-perf ................   Passed    0.32 sec
      Start 19: test-sampling
19/27 Test #19: test-sampling .....................   Passed    2.16 sec
      Start 20: test-chat-template
20/27 Test #20: test-chat-template ................   Passed    0.18 sec
      Start 21: test-grammar-parser
21/27 Test #21: test-grammar-parser ...............   Passed    0.18 sec
      Start 22: test-grammar-integration
22/27 Test #22: test-grammar-integration ..........   Passed    0.23 sec
      Start 23: test-llama-grammar
23/27 Test #23: test-llama-grammar ................   Passed    0.18 sec
      Start 24: test-barrier
24/27 Test #24: test-barrier ......................   Passed    0.79 sec
      Start 25: test-backend-ops
25/27 Test #25: test-backend-ops ..................   Passed  174.60 sec
      Start 26: test-rope
26/27 Test #26: test-rope .........................   Passed    0.32 sec
      Start 29: test-json-schema-to-grammar
27/27 Test #29: test-json-schema-to-grammar .......   Passed    2.19 sec

100% tests passed, 0 tests failed out of 27

Label Time Summary:
main    = 215.36 sec*proc (27 tests)

Total Test time (real) = 215.37 sec

real	3m35.401s
user	7m30.814s
sys	0m5.007s
