Looking in indexes: https://pypi.org/simple, https://download.pytorch.org/whl/cpu, https://download.pytorch.org/whl/cpu, https://download.pytorch.org/whl/cpu, https://download.pytorch.org/whl/cpu
Requirement already satisfied: numpy~=1.26.4 in /Users/ggml/mnt/llama.cpp/venv/lib/python3.12/site-packages (from -r /Users/ggml/work/llama.cpp/./requirements/requirements-convert_legacy_llama.txt (line 1)) (1.26.4)
Requirement already satisfied: sentencepiece~=0.2.0 in /Users/ggml/mnt/llama.cpp/venv/lib/python3.12/site-packages (from -r /Users/ggml/work/llama.cpp/./requirements/requirements-convert_legacy_llama.txt (line 2)) (0.2.0)
Requirement already satisfied: transformers<5.0.0,>=4.45.1 in /Users/ggml/mnt/llama.cpp/venv/lib/python3.12/site-packages (from -r /Users/ggml/work/llama.cpp/./requirements/requirements-convert_legacy_llama.txt (line 3)) (4.46.3)
Requirement already satisfied: gguf>=0.1.0 in /Users/ggml/mnt/llama.cpp/venv/lib/python3.12/site-packages (from -r /Users/ggml/work/llama.cpp/./requirements/requirements-convert_legacy_llama.txt (line 4)) (0.10.0)
Requirement already satisfied: protobuf<5.0.0,>=4.21.0 in /Users/ggml/mnt/llama.cpp/venv/lib/python3.12/site-packages (from -r /Users/ggml/work/llama.cpp/./requirements/requirements-convert_legacy_llama.txt (line 5)) (4.25.5)
Requirement already satisfied: torch~=2.2.1 in /Users/ggml/mnt/llama.cpp/venv/lib/python3.12/site-packages (from -r /Users/ggml/work/llama.cpp/./requirements/requirements-convert_hf_to_gguf.txt (line 3)) (2.2.2)
Requirement already satisfied: filelock in /Users/ggml/mnt/llama.cpp/venv/lib/python3.12/site-packages (from transformers<5.0.0,>=4.45.1->-r /Users/ggml/work/llama.cpp/./requirements/requirements-convert_legacy_llama.txt (line 3)) (3.16.1)
Requirement already satisfied: huggingface-hub<1.0,>=0.23.2 in /Users/ggml/mnt/llama.cpp/venv/lib/python3.12/site-packages (from transformers<5.0.0,>=4.45.1->-r /Users/ggml/work/llama.cpp/./requirements/requirements-convert_legacy_llama.txt (line 3)) (0.26.2)
Requirement already satisfied: packaging>=20.0 in /Users/ggml/mnt/llama.cpp/venv/lib/python3.12/site-packages (from transformers<5.0.0,>=4.45.1->-r /Users/ggml/work/llama.cpp/./requirements/requirements-convert_legacy_llama.txt (line 3)) (24.2)
Requirement already satisfied: pyyaml>=5.1 in /Users/ggml/mnt/llama.cpp/venv/lib/python3.12/site-packages (from transformers<5.0.0,>=4.45.1->-r /Users/ggml/work/llama.cpp/./requirements/requirements-convert_legacy_llama.txt (line 3)) (6.0.2)
Requirement already satisfied: regex!=2019.12.17 in /Users/ggml/mnt/llama.cpp/venv/lib/python3.12/site-packages (from transformers<5.0.0,>=4.45.1->-r /Users/ggml/work/llama.cpp/./requirements/requirements-convert_legacy_llama.txt (line 3)) (2024.11.6)
Requirement already satisfied: requests in /Users/ggml/mnt/llama.cpp/venv/lib/python3.12/site-packages (from transformers<5.0.0,>=4.45.1->-r /Users/ggml/work/llama.cpp/./requirements/requirements-convert_legacy_llama.txt (line 3)) (2.32.3)
Requirement already satisfied: tokenizers<0.21,>=0.20 in /Users/ggml/mnt/llama.cpp/venv/lib/python3.12/site-packages (from transformers<5.0.0,>=4.45.1->-r /Users/ggml/work/llama.cpp/./requirements/requirements-convert_legacy_llama.txt (line 3)) (0.20.3)
Requirement already satisfied: safetensors>=0.4.1 in /Users/ggml/mnt/llama.cpp/venv/lib/python3.12/site-packages (from transformers<5.0.0,>=4.45.1->-r /Users/ggml/work/llama.cpp/./requirements/requirements-convert_legacy_llama.txt (line 3)) (0.4.5)
Requirement already satisfied: tqdm>=4.27 in /Users/ggml/mnt/llama.cpp/venv/lib/python3.12/site-packages (from transformers<5.0.0,>=4.45.1->-r /Users/ggml/work/llama.cpp/./requirements/requirements-convert_legacy_llama.txt (line 3)) (4.67.0)
Requirement already satisfied: typing-extensions>=4.8.0 in /Users/ggml/mnt/llama.cpp/venv/lib/python3.12/site-packages (from torch~=2.2.1->-r /Users/ggml/work/llama.cpp/./requirements/requirements-convert_hf_to_gguf.txt (line 3)) (4.12.2)
Requirement already satisfied: sympy in /Users/ggml/mnt/llama.cpp/venv/lib/python3.12/site-packages (from torch~=2.2.1->-r /Users/ggml/work/llama.cpp/./requirements/requirements-convert_hf_to_gguf.txt (line 3)) (1.13.3)
Requirement already satisfied: networkx in /Users/ggml/mnt/llama.cpp/venv/lib/python3.12/site-packages (from torch~=2.2.1->-r /Users/ggml/work/llama.cpp/./requirements/requirements-convert_hf_to_gguf.txt (line 3)) (3.4.2)
Requirement already satisfied: jinja2 in /Users/ggml/mnt/llama.cpp/venv/lib/python3.12/site-packages (from torch~=2.2.1->-r /Users/ggml/work/llama.cpp/./requirements/requirements-convert_hf_to_gguf.txt (line 3)) (3.1.4)
Requirement already satisfied: fsspec in /Users/ggml/mnt/llama.cpp/venv/lib/python3.12/site-packages (from torch~=2.2.1->-r /Users/ggml/work/llama.cpp/./requirements/requirements-convert_hf_to_gguf.txt (line 3)) (2024.10.0)
Requirement already satisfied: MarkupSafe>=2.0 in /Users/ggml/mnt/llama.cpp/venv/lib/python3.12/site-packages (from jinja2->torch~=2.2.1->-r /Users/ggml/work/llama.cpp/./requirements/requirements-convert_hf_to_gguf.txt (line 3)) (3.0.2)
Requirement already satisfied: charset-normalizer<4,>=2 in /Users/ggml/mnt/llama.cpp/venv/lib/python3.12/site-packages (from requests->transformers<5.0.0,>=4.45.1->-r /Users/ggml/work/llama.cpp/./requirements/requirements-convert_legacy_llama.txt (line 3)) (3.4.0)
Requirement already satisfied: idna<4,>=2.5 in /Users/ggml/mnt/llama.cpp/venv/lib/python3.12/site-packages (from requests->transformers<5.0.0,>=4.45.1->-r /Users/ggml/work/llama.cpp/./requirements/requirements-convert_legacy_llama.txt (line 3)) (3.10)
Requirement already satisfied: urllib3<3,>=1.21.1 in /Users/ggml/mnt/llama.cpp/venv/lib/python3.12/site-packages (from requests->transformers<5.0.0,>=4.45.1->-r /Users/ggml/work/llama.cpp/./requirements/requirements-convert_legacy_llama.txt (line 3)) (2.2.3)
Requirement already satisfied: certifi>=2017.4.17 in /Users/ggml/mnt/llama.cpp/venv/lib/python3.12/site-packages (from requests->transformers<5.0.0,>=4.45.1->-r /Users/ggml/work/llama.cpp/./requirements/requirements-convert_legacy_llama.txt (line 3)) (2024.8.30)
Requirement already satisfied: mpmath<1.4,>=1.1.0 in /Users/ggml/mnt/llama.cpp/venv/lib/python3.12/site-packages (from sympy->torch~=2.2.1->-r /Users/ggml/work/llama.cpp/./requirements/requirements-convert_hf_to_gguf.txt (line 3)) (1.3.0)
Obtaining file:///Users/ggml/work/llama.cpp/gguf-py
  Installing build dependencies: started
  Installing build dependencies: finished with status 'done'
  Checking if build backend supports build_editable: started
  Checking if build backend supports build_editable: finished with status 'done'
  Getting requirements to build editable: started
  Getting requirements to build editable: finished with status 'done'
  Preparing editable metadata (pyproject.toml): started
  Preparing editable metadata (pyproject.toml): finished with status 'done'
Requirement already satisfied: numpy>=1.17 in /Users/ggml/mnt/llama.cpp/venv/lib/python3.12/site-packages (from gguf==0.10.0) (1.26.4)
Requirement already satisfied: pyyaml>=5.1 in /Users/ggml/mnt/llama.cpp/venv/lib/python3.12/site-packages (from gguf==0.10.0) (6.0.2)
Requirement already satisfied: sentencepiece<=0.2.0,>=0.1.98 in /Users/ggml/mnt/llama.cpp/venv/lib/python3.12/site-packages (from gguf==0.10.0) (0.2.0)
Requirement already satisfied: tqdm>=4.27 in /Users/ggml/mnt/llama.cpp/venv/lib/python3.12/site-packages (from gguf==0.10.0) (4.67.0)
Building wheels for collected packages: gguf
  Building editable for gguf (pyproject.toml): started
  Building editable for gguf (pyproject.toml): finished with status 'done'
  Created wheel for gguf: filename=gguf-0.10.0-py3-none-any.whl size=3394 sha256=18ed656b9b1d16fb5f945d07ee1ca54ffdadbd2c12dca3cce0599bbca8fe7cf4
  Stored in directory: /private/var/folders/3z/y7wjb5257l1dj_dxrng2zq0h0000gn/T/pip-ephem-wheel-cache-q0s1jqdg/wheels/57/e8/ad/c90c2fcd445a1780e6969131e27698e4f239a16d34ccd95852
Successfully built gguf
Installing collected packages: gguf
  Attempting uninstall: gguf
    Found existing installation: gguf 0.10.0
    Uninstalling gguf-0.10.0:
      Successfully uninstalled gguf-0.10.0
Successfully installed gguf-0.10.0
+ gg_run_ctest_debug
+ cd /Users/ggml/work/llama.cpp
+ rm -rf build-ci-debug
+ tee /Users/ggml/results/llama.cpp/f9/5caa79546271722ada703da20ffb1cfcd21fed/ggml-100-mac-m4/ctest_debug.log
+ mkdir build-ci-debug
+ cd build-ci-debug
+ set -e
+ gg_check_build_requirements
+ command -v cmake
+ command -v make
+ command -v ctest
+ tee -a /Users/ggml/results/llama.cpp/f9/5caa79546271722ada703da20ffb1cfcd21fed/ggml-100-mac-m4/ctest_debug-cmake.log
+ cmake -DCMAKE_BUILD_TYPE=Debug -DLLAMA_FATAL_WARNINGS=ON -DGGML_METAL=ON -DGGML_METAL_USE_BF16=ON ..
-- The C compiler identification is AppleClang 16.0.0.16000026
-- The CXX compiler identification is AppleClang 16.0.0.16000026
-- Detecting C compiler ABI info
-- Detecting C compiler ABI info - done
-- Check for working C compiler: /Library/Developer/CommandLineTools/usr/bin/cc - skipped
-- Detecting C compile features
-- Detecting C compile features - done
-- Detecting CXX compiler ABI info
-- Detecting CXX compiler ABI info - done
-- Check for working CXX compiler: /Library/Developer/CommandLineTools/usr/bin/c++ - skipped
-- Detecting CXX compile features
-- Detecting CXX compile features - done
-- Found Git: /usr/bin/git (found version "2.39.5 (Apple Git-154)")
-- Performing Test CMAKE_HAVE_LIBC_PTHREAD
-- Performing Test CMAKE_HAVE_LIBC_PTHREAD - Success
-- Found Threads: TRUE
-- ccache found, compilation results will be cached. Disable with GGML_CCACHE=OFF.
-- CMAKE_SYSTEM_PROCESSOR: arm64
-- Accelerate framework found
-- Could NOT find OpenMP_C (missing: OpenMP_C_FLAGS OpenMP_C_LIB_NAMES) 
-- Could NOT find OpenMP_CXX (missing: OpenMP_CXX_FLAGS OpenMP_CXX_LIB_NAMES) 
-- Could NOT find OpenMP (missing: OpenMP_C_FOUND OpenMP_CXX_FOUND) 
CMake Warning at ggml/src/ggml-cpu/CMakeLists.txt:43 (message):
  OpenMP not found


-- Using llamafile
-- ARM detected
-- Performing Test COMPILER_SUPPORTS_FP16_FORMAT_I3E
-- Performing Test COMPILER_SUPPORTS_FP16_FORMAT_I3E - Failed
-- Using runtime weight conversion of Q4_0 to Q4_0_x_x to enable optimized GEMM/GEMV kernels
-- Including CPU backend
CMake Warning at ggml/src/ggml-amx/CMakeLists.txt:106 (message):
  AMX requires x86 and gcc version > 11.0.  Turning off GGML_AMX.


-- Looking for dgemm_
-- Looking for dgemm_ - found
-- Found BLAS: /Library/Developer/CommandLineTools/SDKs/MacOSX15.1.sdk/System/Library/Frameworks/Accelerate.framework
-- BLAS found, Libraries: /Library/Developer/CommandLineTools/SDKs/MacOSX15.1.sdk/System/Library/Frameworks/Accelerate.framework
-- BLAS found, Includes: 
-- Including BLAS backend
-- Metal framework found
-- The ASM compiler identification is AppleClang
-- Found assembler: /Library/Developer/CommandLineTools/usr/bin/cc
-- Including METAL backend
-- Configuring done (1.1s)
-- Generating done (0.2s)
-- Build files have been written to: /Users/ggml/work/llama.cpp/build-ci-debug

real	0m1.375s
user	0m0.585s
sys	0m0.817s
+ tee -a /Users/ggml/results/llama.cpp/f9/5caa79546271722ada703da20ffb1cfcd21fed/ggml-100-mac-m4/ctest_debug-make.log
++ nproc
+ make -j10
[  0%] Generating build details from Git
[  1%] Building C object examples/gguf-hash/CMakeFiles/sha1.dir/deps/sha1/sha1.c.o
[  2%] Building CXX object ggml/src/CMakeFiles/ggml-base.dir/ggml-backend.cpp.o
[  3%] Building C object ggml/src/CMakeFiles/ggml-base.dir/ggml.c.o
[  3%] Building CXX object ggml/src/CMakeFiles/ggml-base.dir/ggml-opt.cpp.o
[  4%] Building C object examples/gguf-hash/CMakeFiles/xxhash.dir/deps/xxhash/xxhash.c.o
[  4%] Building C object ggml/src/CMakeFiles/ggml-base.dir/ggml-alloc.c.o
[  5%] Building C object examples/gguf-hash/CMakeFiles/sha256.dir/deps/sha256/sha256.c.o
[  6%] Building C object ggml/src/CMakeFiles/ggml-base.dir/ggml-quants.c.o
[  7%] Building CXX object ggml/src/CMakeFiles/ggml-base.dir/ggml-threading.cpp.o
-- Found Git: /usr/bin/git (found version "2.39.5 (Apple Git-154)")
[  7%] Built target sha1
[  7%] Building C object ggml/src/CMakeFiles/ggml-base.dir/ggml-aarch64.c.o
[  7%] Built target xxhash
[  7%] Built target sha256
[  8%] Linking CXX shared library libggml-base.dylib
[  8%] Generating build details from Git
[  8%] Built target ggml-base
[  9%] Generate assembly for embedded Metal library
-- Found Git: /usr/bin/git (found version "2.39.5 (Apple Git-154)")
Embedding Metal library
[  9%] Building C object ggml/src/ggml-cpu/CMakeFiles/ggml-cpu.dir/ggml-cpu-aarch64.c.o
[  9%] Building C object ggml/src/ggml-cpu/CMakeFiles/ggml-cpu.dir/ggml-cpu.c.o
[ 10%] Building C object ggml/src/ggml-cpu/CMakeFiles/ggml-cpu.dir/ggml-cpu-quants.c.o
[ 10%] Building CXX object ggml/src/ggml-blas/CMakeFiles/ggml-blas.dir/ggml-blas.cpp.o
[ 11%] Building CXX object ggml/src/ggml-cpu/CMakeFiles/ggml-cpu.dir/ggml-cpu.cpp.o
[ 12%] Building CXX object ggml/src/ggml-cpu/CMakeFiles/ggml-cpu.dir/llamafile/sgemm.cpp.o
[ 12%] Linking CXX shared library libggml-cpu.dylib
[ 13%] Linking CXX shared library libggml-blas.dylib
[ 13%] Building C object ggml/src/ggml-metal/CMakeFiles/ggml-metal.dir/ggml-metal.m.o
[ 14%] Building CXX object common/CMakeFiles/build_info.dir/build-info.cpp.o
[ 15%] Building ASM object ggml/src/ggml-metal/CMakeFiles/ggml-metal.dir/__/__/__/autogenerated/ggml-metal-embed.s.o
[ 15%] Built target build_info
[ 15%] Built target ggml-cpu
[ 15%] Built target ggml-blas
[ 15%] Linking C shared library libggml-metal.dylib
[ 15%] Built target ggml-metal
[ 16%] Building CXX object ggml/src/CMakeFiles/ggml.dir/ggml-backend-reg.cpp.o
[ 16%] Linking CXX shared library libggml.dylib
[ 16%] Built target ggml
[ 16%] Building CXX object src/CMakeFiles/llama.dir/llama-vocab.cpp.o
[ 18%] Building CXX object examples/gguf/CMakeFiles/llama-gguf.dir/gguf.cpp.o
[ 18%] Building CXX object src/CMakeFiles/llama.dir/llama-sampling.cpp.o
[ 19%] Building CXX object examples/gguf-hash/CMakeFiles/llama-gguf-hash.dir/gguf-hash.cpp.o
[ 20%] Building CXX object src/CMakeFiles/llama.dir/unicode-data.cpp.o
[ 22%] Building CXX object src/CMakeFiles/llama.dir/llama-grammar.cpp.o
[ 21%] Building CXX object src/CMakeFiles/llama.dir/llama.cpp.o
[ 22%] Building CXX object src/CMakeFiles/llama.dir/unicode.cpp.o
[ 22%] Linking CXX executable ../../bin/llama-gguf
[ 23%] Linking CXX executable ../../bin/llama-gguf-hash
[ 23%] Linking CXX shared library libllama.dylib
[ 23%] Built target llama-gguf
[ 23%] Built target llama-gguf-hash
[ 23%] Built target llama
[ 23%] Building CXX object common/CMakeFiles/common.dir/log.cpp.o
[ 23%] Building CXX object common/CMakeFiles/common.dir/arg.cpp.o
[ 23%] Building CXX object common/CMakeFiles/common.dir/console.cpp.o
[ 23%] Building CXX object examples/simple-chat/CMakeFiles/llama-simple-chat.dir/simple-chat.cpp.o
[ 24%] Building CXX object common/CMakeFiles/common.dir/common.cpp.o
[ 25%] Building CXX object common/CMakeFiles/common.dir/json-schema-to-grammar.cpp.o
[ 26%] Building CXX object examples/quantize-stats/CMakeFiles/llama-quantize-stats.dir/quantize-stats.cpp.o
[ 26%] Building CXX object examples/simple/CMakeFiles/llama-simple.dir/simple.cpp.o
[ 27%] Building C object tests/CMakeFiles/test-c.dir/test-c.c.o
[ 28%] Building CXX object examples/llava/CMakeFiles/llava.dir/llava.cpp.o
[ 28%] Building CXX object examples/llava/CMakeFiles/llava.dir/clip.cpp.o
[ 29%] Building CXX object common/CMakeFiles/common.dir/ngram-cache.cpp.o
[ 31%] Linking CXX executable ../../bin/llama-simple
[ 31%] Building CXX object common/CMakeFiles/common.dir/sampling.cpp.o
[ 31%] Linking C executable ../bin/test-c
[ 32%] Linking CXX executable ../../bin/llama-simple-chat
[ 32%] Linking CXX executable ../../bin/llama-quantize-stats
[ 32%] Built target llava
[ 32%] Linking CXX static library libcommon.a
[ 32%] Linking CXX static library libllava_static.a
[ 33%] Linking CXX shared library libllava_shared.dylib
[ 33%] Built target test-c
[ 33%] Built target llama-simple-chat
[ 33%] Built target llama-simple
[ 33%] Built target llama-quantize-stats
[ 33%] Built target llava_static
[ 33%] Built target llava_shared
[ 33%] Built target common
[ 34%] Building CXX object tests/CMakeFiles/test-quantize-fns.dir/test-quantize-fns.cpp.o
[ 33%] Building CXX object tests/CMakeFiles/test-tokenizer-1-bpe.dir/test-tokenizer-1-bpe.cpp.o
[ 35%] Building CXX object tests/CMakeFiles/test-chat-template.dir/test-chat-template.cpp.o
[ 35%] Building CXX object tests/CMakeFiles/test-tokenizer-1-spm.dir/test-tokenizer-1-spm.cpp.o
[ 35%] Building CXX object tests/CMakeFiles/test-quantize-perf.dir/test-quantize-perf.cpp.o
[ 36%] Building CXX object tests/CMakeFiles/test-sampling.dir/test-sampling.cpp.o
[ 36%] Building CXX object tests/CMakeFiles/test-log.dir/test-log.cpp.o
[ 36%] Building CXX object tests/CMakeFiles/test-arg-parser.dir/test-arg-parser.cpp.o
[ 36%] Building CXX object tests/CMakeFiles/test-grammar-parser.dir/test-grammar-parser.cpp.o
[ 36%] Building CXX object tests/CMakeFiles/test-tokenizer-0.dir/test-tokenizer-0.cpp.o
[ 36%] Building CXX object tests/CMakeFiles/test-quantize-fns.dir/get-model.cpp.o
[ 37%] Building CXX object tests/CMakeFiles/test-quantize-perf.dir/get-model.cpp.o
[ 38%] Building CXX object tests/CMakeFiles/test-log.dir/get-model.cpp.o
[ 39%] Linking CXX executable ../bin/test-tokenizer-1-bpe
[ 38%] Building CXX object tests/CMakeFiles/test-chat-template.dir/get-model.cpp.o
[ 39%] Building CXX object tests/CMakeFiles/test-sampling.dir/get-model.cpp.o
[ 41%] Linking CXX executable ../bin/test-tokenizer-0
[ 41%] Building CXX object tests/CMakeFiles/test-arg-parser.dir/get-model.cpp.o
[ 42%] Linking CXX executable ../bin/test-tokenizer-1-spm
[ 43%] Building CXX object tests/CMakeFiles/test-grammar-parser.dir/get-model.cpp.o
[ 43%] Linking CXX executable ../bin/test-log
[ 44%] Linking CXX executable ../bin/test-chat-template
[ 45%] Linking CXX executable ../bin/test-quantize-fns
[ 45%] Linking CXX executable ../bin/test-arg-parser
[ 45%] Linking CXX executable ../bin/test-quantize-perf
[ 45%] Linking CXX executable ../bin/test-grammar-parser
[ 46%] Linking CXX executable ../bin/test-sampling
[ 46%] Built target test-tokenizer-1-bpe
[ 46%] Built target test-tokenizer-1-spm
[ 46%] Built target test-tokenizer-0
[ 46%] Built target test-log
[ 46%] Built target test-quantize-perf
[ 46%] Built target test-sampling
[ 46%] Built target test-quantize-fns
[ 46%] Built target test-chat-template
[ 47%] Built target test-grammar-parser
[ 47%] Building CXX object tests/CMakeFiles/test-llama-grammar.dir/test-llama-grammar.cpp.o
[ 47%] Built target test-arg-parser
[ 48%] Building CXX object tests/CMakeFiles/test-grammar-integration.dir/test-grammar-integration.cpp.o
[ 48%] Building CXX object tests/CMakeFiles/test-grammar-integration.dir/get-model.cpp.o
[ 48%] Building CXX object tests/CMakeFiles/test-llama-grammar.dir/get-model.cpp.o
[ 48%] Building CXX object tests/CMakeFiles/test-barrier.dir/test-barrier.cpp.o
[ 49%] Building CXX object tests/CMakeFiles/test-rope.dir/test-rope.cpp.o
[ 49%] Building CXX object tests/CMakeFiles/test-backend-ops.dir/test-backend-ops.cpp.o
[ 50%] Building CXX object tests/CMakeFiles/test-model-load-cancel.dir/test-model-load-cancel.cpp.o
[ 51%] Building CXX object tests/CMakeFiles/test-barrier.dir/get-model.cpp.o
[ 51%] Building CXX object tests/CMakeFiles/test-rope.dir/get-model.cpp.o
[ 52%] Building CXX object tests/CMakeFiles/test-autorelease.dir/test-autorelease.cpp.o
[ 54%] Building CXX object tests/CMakeFiles/test-json-schema-to-grammar.dir/test-json-schema-to-grammar.cpp.o
[ 54%] Linking CXX executable ../bin/test-llama-grammar
[ 55%] Linking CXX executable ../bin/test-grammar-integration
[ 55%] Building CXX object tests/CMakeFiles/test-autorelease.dir/get-model.cpp.o
[ 55%] Building CXX object tests/CMakeFiles/test-model-load-cancel.dir/get-model.cpp.o
[ 55%] Linking CXX executable ../bin/test-barrier
[ 56%] Building CXX object tests/CMakeFiles/test-backend-ops.dir/get-model.cpp.o
[ 57%] Linking CXX executable ../bin/test-rope
[ 57%] Building CXX object tests/CMakeFiles/test-json-schema-to-grammar.dir/get-model.cpp.o
[ 57%] Building CXX object examples/cvector-generator/CMakeFiles/llama-cvector-generator.dir/cvector-generator.cpp.o
[ 58%] Linking CXX executable ../bin/test-autorelease
[ 59%] Linking CXX executable ../bin/test-model-load-cancel
[ 60%] Linking CXX executable ../bin/test-backend-ops
[ 61%] Building CXX object examples/batched-bench/CMakeFiles/llama-batched-bench.dir/batched-bench.cpp.o
[ 62%] Linking CXX executable ../bin/test-json-schema-to-grammar
[ 62%] Built target test-grammar-integration
[ 62%] Built target test-llama-grammar
[ 63%] Linking CXX executable ../../bin/llama-cvector-generator
[ 63%] Built target test-barrier
[ 63%] Built target test-rope
[ 63%] Linking CXX executable ../../bin/llama-batched-bench
[ 63%] Built target test-model-load-cancel
[ 63%] Built target test-autorelease
[ 64%] Building CXX object examples/batched/CMakeFiles/llama-batched.dir/batched.cpp.o
[ 64%] Building CXX object examples/convert-llama2c-to-ggml/CMakeFiles/llama-convert-llama2c-to-ggml.dir/convert-llama2c-to-ggml.cpp.o
[ 64%] Building CXX object examples/embedding/CMakeFiles/llama-embedding.dir/embedding.cpp.o
[ 64%] Built target test-backend-ops
[ 65%] Building CXX object examples/eval-callback/CMakeFiles/llama-eval-callback.dir/eval-callback.cpp.o
[ 65%] Built target test-json-schema-to-grammar
[ 65%] Linking CXX executable ../../bin/llama-batched
[ 66%] Linking CXX executable ../../bin/llama-convert-llama2c-to-ggml
[ 67%] Building CXX object examples/export-lora/CMakeFiles/llama-export-lora.dir/export-lora.cpp.o
[ 68%] Building CXX object examples/gbnf-validator/CMakeFiles/llama-gbnf-validator.dir/gbnf-validator.cpp.o
[ 68%] Building CXX object examples/gguf-split/CMakeFiles/llama-gguf-split.dir/gguf-split.cpp.o
[ 68%] Built target llama-cvector-generator
[ 69%] Linking CXX executable ../../bin/llama-embedding
[ 69%] Linking CXX executable ../../bin/llama-eval-callback
[ 69%] Building CXX object examples/gritlm/CMakeFiles/llama-gritlm.dir/gritlm.cpp.o
[ 69%] Built target llama-batched-bench
[ 69%] Linking CXX executable ../../bin/llama-export-lora
[ 69%] Linking CXX executable ../../bin/llama-gbnf-validator
[ 70%] Linking CXX executable ../../bin/llama-gguf-split
[ 70%] Building CXX object examples/imatrix/CMakeFiles/llama-imatrix.dir/imatrix.cpp.o
[ 71%] Linking CXX executable ../../bin/llama-gritlm
[ 71%] Building CXX object examples/infill/CMakeFiles/llama-infill.dir/infill.cpp.o
[ 71%] Built target llama-batched
[ 71%] Built target llama-convert-llama2c-to-ggml
[ 71%] Built target llama-eval-callback
[ 71%] Built target llama-embedding
[ 72%] Linking CXX executable ../../bin/llama-imatrix
[ 72%] Built target llama-gbnf-validator
[ 73%] Linking CXX executable ../../bin/llama-infill
[ 73%] Built target llama-export-lora
[ 74%] Building CXX object examples/llama-bench/CMakeFiles/llama-bench.dir/llama-bench.cpp.o
[ 75%] Building CXX object examples/llava/CMakeFiles/llama-llava-cli.dir/llava-cli.cpp.o
[ 75%] Built target llama-gguf-split
[ 75%] Built target llama-gritlm
[ 75%] Building CXX object examples/llava/CMakeFiles/llama-minicpmv-cli.dir/minicpmv-cli.cpp.o
[ 76%] Building CXX object examples/lookahead/CMakeFiles/llama-lookahead.dir/lookahead.cpp.o
[ 77%] Building CXX object examples/lookup/CMakeFiles/llama-lookup.dir/lookup.cpp.o
[ 78%] Building CXX object examples/lookup/CMakeFiles/llama-lookup-create.dir/lookup-create.cpp.o
[ 79%] Linking CXX executable ../../bin/llama-bench
[ 80%] Building CXX object examples/lookup/CMakeFiles/llama-lookup-merge.dir/lookup-merge.cpp.o
[ 80%] Linking CXX executable ../../bin/llama-llava-cli
[ 81%] Linking CXX executable ../../bin/llama-minicpmv-cli
[ 81%] Building CXX object examples/lookup/CMakeFiles/llama-lookup-stats.dir/lookup-stats.cpp.o
[ 81%] Linking CXX executable ../../bin/llama-lookup-create
[ 81%] Linking CXX executable ../../bin/llama-lookahead
[ 81%] Built target llama-infill
[ 81%] Linking CXX executable ../../bin/llama-lookup
[ 82%] Linking CXX executable ../../bin/llama-lookup-merge
[ 82%] Built target llama-imatrix
[ 83%] Linking CXX executable ../../bin/llama-lookup-stats
[ 83%] Building CXX object examples/main/CMakeFiles/llama-cli.dir/main.cpp.o
[ 83%] Built target llama-bench
[ 83%] Building CXX object examples/parallel/CMakeFiles/llama-parallel.dir/parallel.cpp.o
[ 83%] Built target llama-llava-cli
[ 83%] Built target llama-lookahead
[ 83%] Built target llama-minicpmv-cli
[ 83%] Built target llama-lookup-create
[ 84%] Linking CXX executable ../../bin/llama-cli
[ 84%] Built target llama-lookup-merge
[ 84%] Building CXX object examples/passkey/CMakeFiles/llama-passkey.dir/passkey.cpp.o
[ 85%] Linking CXX executable ../../bin/llama-parallel
[ 85%] Generating loading.html.hpp
[ 86%] Building CXX object examples/perplexity/CMakeFiles/llama-perplexity.dir/perplexity.cpp.o
[ 86%] Built target llama-lookup
[ 86%] Built target llama-lookup-stats
[ 87%] Building CXX object examples/retrieval/CMakeFiles/llama-retrieval.dir/retrieval.cpp.o
[ 88%] Building CXX object examples/quantize/CMakeFiles/llama-quantize.dir/quantize.cpp.o
[ 88%] Building CXX object examples/save-load-state/CMakeFiles/llama-save-load-state.dir/save-load-state.cpp.o
[ 89%] Linking CXX executable ../../bin/llama-passkey
[ 90%] Generating completion.js.hpp
[ 90%] Linking CXX executable ../../bin/llama-perplexity
[ 91%] Building CXX object examples/tokenize/CMakeFiles/llama-tokenize.dir/tokenize.cpp.o
[ 91%] Linking CXX executable ../../bin/llama-quantize
[ 91%] Building CXX object examples/speculative/CMakeFiles/llama-speculative.dir/speculative.cpp.o
[ 92%] Linking CXX executable ../../bin/llama-retrieval
[ 93%] Generating deps_daisyui.min.css.hpp
[ 94%] Linking CXX executable ../../bin/llama-save-load-state
[ 94%] Built target llama-cli
[ 94%] Generating deps_markdown-it.js.hpp
[ 95%] Linking CXX executable ../../bin/llama-speculative
[ 95%] Built target llama-parallel
[ 95%] Linking CXX executable ../../bin/llama-tokenize
[ 95%] Built target llama-passkey
[ 95%] Built target llama-quantize
[ 96%] Building CXX object pocs/vdot/CMakeFiles/llama-vdot.dir/vdot.cpp.o
[ 96%] Built target llama-perplexity
[ 97%] Generating deps_tailwindcss.js.hpp
[ 97%] Built target llama-retrieval
[ 97%] Built target llama-save-load-state
[ 98%] Generating deps_vue.esm-browser.js.hpp
[ 98%] Generating index.html.hpp
[ 98%] Linking CXX executable ../../bin/llama-vdot
[ 99%] Building CXX object pocs/vdot/CMakeFiles/llama-q8dot.dir/q8dot.cpp.o
[ 99%] Built target llama-tokenize
[ 99%] Built target llama-speculative
[ 99%] Linking CXX executable ../../bin/llama-q8dot
[ 99%] Built target llama-vdot
[ 99%] Built target llama-q8dot
[ 99%] Building CXX object examples/server/CMakeFiles/llama-server.dir/server.cpp.o
[100%] Linking CXX executable ../../bin/llama-server
[100%] Built target llama-server

real	0m2.758s
user	0m7.089s
sys	0m9.319s
+ tee -a /Users/ggml/results/llama.cpp/f9/5caa79546271722ada703da20ffb1cfcd21fed/ggml-100-mac-m4/ctest_debug-ctest.log
+ ctest --output-on-failure -L main -E test-opt
Test project /Users/ggml/work/llama.cpp/build-ci-debug
      Start  1: test-tokenizer-0-bert-bge
 1/27 Test  #1: test-tokenizer-0-bert-bge .........   Passed    1.36 sec
      Start  2: test-tokenizer-0-command-r
 2/27 Test  #2: test-tokenizer-0-command-r ........   Passed    1.77 sec
      Start  3: test-tokenizer-0-deepseek-coder
 3/27 Test  #3: test-tokenizer-0-deepseek-coder ...   Passed    0.24 sec
      Start  4: test-tokenizer-0-deepseek-llm
 4/27 Test  #4: test-tokenizer-0-deepseek-llm .....   Passed    0.67 sec
      Start  5: test-tokenizer-0-falcon
 5/27 Test  #5: test-tokenizer-0-falcon ...........   Passed    0.42 sec
      Start  6: test-tokenizer-0-gpt-2
 6/27 Test  #6: test-tokenizer-0-gpt-2 ............   Passed    0.34 sec
      Start  7: test-tokenizer-0-llama-bpe
 7/27 Test  #7: test-tokenizer-0-llama-bpe ........   Passed    1.42 sec
      Start  8: test-tokenizer-0-llama-spm
 8/27 Test  #8: test-tokenizer-0-llama-spm ........   Passed    0.08 sec
      Start  9: test-tokenizer-0-mpt
 9/27 Test  #9: test-tokenizer-0-mpt ..............   Passed    0.34 sec
      Start 10: test-tokenizer-0-phi-3
10/27 Test #10: test-tokenizer-0-phi-3 ............   Passed    0.08 sec
      Start 11: test-tokenizer-0-qwen2
11/27 Test #11: test-tokenizer-0-qwen2 ............   Passed    0.97 sec
      Start 12: test-tokenizer-0-refact
12/27 Test #12: test-tokenizer-0-refact ...........   Passed    0.33 sec
      Start 13: test-tokenizer-0-starcoder
13/27 Test #13: test-tokenizer-0-starcoder ........   Passed    0.33 sec
      Start 14: test-tokenizer-1-llama-spm
14/27 Test #14: test-tokenizer-1-llama-spm ........   Passed    1.03 sec
      Start 15: test-log
15/27 Test #15: test-log ..........................   Passed    0.23 sec
      Start 16: test-arg-parser
16/27 Test #16: test-arg-parser ...................   Passed    0.26 sec
      Start 17: test-quantize-fns
17/27 Test #17: test-quantize-fns .................   Passed   24.72 sec
      Start 18: test-quantize-perf
18/27 Test #18: test-quantize-perf ................   Passed    0.33 sec
      Start 19: test-sampling
19/27 Test #19: test-sampling .....................   Passed    2.21 sec
      Start 20: test-chat-template
20/27 Test #20: test-chat-template ................   Passed    0.19 sec
      Start 21: test-grammar-parser
21/27 Test #21: test-grammar-parser ...............   Passed    0.19 sec
      Start 22: test-grammar-integration
22/27 Test #22: test-grammar-integration ..........   Passed    0.24 sec
      Start 23: test-llama-grammar
23/27 Test #23: test-llama-grammar ................   Passed    0.20 sec
      Start 24: test-barrier
24/27 Test #24: test-barrier ......................   Passed    0.80 sec
      Start 25: test-backend-ops
25/27 Test #25: test-backend-ops ..................   Passed  175.35 sec
      Start 26: test-rope
26/27 Test #26: test-rope .........................   Passed    0.34 sec
      Start 29: test-json-schema-to-grammar
27/27 Test #29: test-json-schema-to-grammar .......   Passed    0.30 sec

100% tests passed, 0 tests failed out of 27

Label Time Summary:
main    = 214.75 sec*proc (27 tests)

Total Test time (real) = 214.76 sec

real	3m34.774s
user	7m30.492s
sys	0m4.412s
+ set +e
+ cur=0
+ echo 0
+ set +x
+ gg_run_ctest_release
+ cd /Users/ggml/work/llama.cpp
+ rm -rf build-ci-release
+ tee /Users/ggml/results/llama.cpp/f9/5caa79546271722ada703da20ffb1cfcd21fed/ggml-100-mac-m4/ctest_release.log
+ mkdir build-ci-release
+ cd build-ci-release
+ set -e
+ gg_check_build_requirements
+ command -v cmake
+ command -v make
+ command -v ctest
+ tee -a /Users/ggml/results/llama.cpp/f9/5caa79546271722ada703da20ffb1cfcd21fed/ggml-100-mac-m4/ctest_release-cmake.log
+ cmake -DCMAKE_BUILD_TYPE=Release -DLLAMA_FATAL_WARNINGS=ON -DGGML_METAL=ON -DGGML_METAL_USE_BF16=ON ..
-- The C compiler identification is AppleClang 16.0.0.16000026
-- The CXX compiler identification is AppleClang 16.0.0.16000026
-- Detecting C compiler ABI info
-- Detecting C compiler ABI info - done
-- Check for working C compiler: /Library/Developer/CommandLineTools/usr/bin/cc - skipped
-- Detecting C compile features
-- Detecting C compile features - done
-- Detecting CXX compiler ABI info
-- Detecting CXX compiler ABI info - done
-- Check for working CXX compiler: /Library/Developer/CommandLineTools/usr/bin/c++ - skipped
-- Detecting CXX compile features
-- Detecting CXX compile features - done
-- Found Git: /usr/bin/git (found version "2.39.5 (Apple Git-154)")
-- Performing Test CMAKE_HAVE_LIBC_PTHREAD
-- Performing Test CMAKE_HAVE_LIBC_PTHREAD - Success
-- Found Threads: TRUE
-- ccache found, compilation results will be cached. Disable with GGML_CCACHE=OFF.
-- CMAKE_SYSTEM_PROCESSOR: arm64
-- Accelerate framework found
-- Could NOT find OpenMP_C (missing: OpenMP_C_FLAGS OpenMP_C_LIB_NAMES) 
-- Could NOT find OpenMP_CXX (missing: OpenMP_CXX_FLAGS OpenMP_CXX_LIB_NAMES) 
-- Could NOT find OpenMP (missing: OpenMP_C_FOUND OpenMP_CXX_FOUND) 
CMake Warning at ggml/src/ggml-cpu/CMakeLists.txt:43 (message):
  OpenMP not found


-- Using llamafile
-- ARM detected
-- Performing Test COMPILER_SUPPORTS_FP16_FORMAT_I3E
-- Performing Test COMPILER_SUPPORTS_FP16_FORMAT_I3E - Failed
-- Using runtime weight conversion of Q4_0 to Q4_0_x_x to enable optimized GEMM/GEMV kernels
-- Including CPU backend
CMake Warning at ggml/src/ggml-amx/CMakeLists.txt:106 (message):
  AMX requires x86 and gcc version > 11.0.  Turning off GGML_AMX.


-- Looking for dgemm_
-- Looking for dgemm_ - found
-- Found BLAS: /Library/Developer/CommandLineTools/SDKs/MacOSX15.1.sdk/System/Library/Frameworks/Accelerate.framework
-- BLAS found, Libraries: /Library/Developer/CommandLineTools/SDKs/MacOSX15.1.sdk/System/Library/Frameworks/Accelerate.framework
-- BLAS found, Includes: 
-- Including BLAS backend
-- Metal framework found
-- The ASM compiler identification is AppleClang
-- Found assembler: /Library/Developer/CommandLineTools/usr/bin/cc
-- Including METAL backend
-- Configuring done (1.1s)
-- Generating done (0.2s)
-- Build files have been written to: /Users/ggml/work/llama.cpp/build-ci-release

real	0m1.349s
user	0m0.598s
sys	0m0.817s
+ tee -a /Users/ggml/results/llama.cpp/f9/5caa79546271722ada703da20ffb1cfcd21fed/ggml-100-mac-m4/ctest_release-make.log
++ nproc
+ make -j10
[  0%] Generating build details from Git
[  1%] Building C object examples/gguf-hash/CMakeFiles/sha256.dir/deps/sha256/sha256.c.o
[  2%] Building C object examples/gguf-hash/CMakeFiles/xxhash.dir/deps/xxhash/xxhash.c.o
[  2%] Building CXX object ggml/src/CMakeFiles/ggml-base.dir/ggml-opt.cpp.o
[  3%] Building C object ggml/src/CMakeFiles/ggml-base.dir/ggml-quants.c.o
[  4%] Building C object ggml/src/CMakeFiles/ggml-base.dir/ggml.c.o
[  5%] Building CXX object ggml/src/CMakeFiles/ggml-base.dir/ggml-threading.cpp.o
[  6%] Building C object examples/gguf-hash/CMakeFiles/sha1.dir/deps/sha1/sha1.c.o
-- Found Git: /usr/bin/git (found version "2.39.5 (Apple Git-154)")
[  6%] Building C object ggml/src/CMakeFiles/ggml-base.dir/ggml-alloc.c.o
[  7%] Building CXX object ggml/src/CMakeFiles/ggml-base.dir/ggml-backend.cpp.o
[  7%] Built target sha256
[  7%] Built target xxhash
[  7%] Building C object ggml/src/CMakeFiles/ggml-base.dir/ggml-aarch64.c.o
[  7%] Built target sha1
[  8%] Linking CXX shared library libggml-base.dylib
[  8%] Generating build details from Git
[  8%] Built target ggml-base
[  9%] Generate assembly for embedded Metal library
Embedding Metal library
-- Found Git: /usr/bin/git (found version "2.39.5 (Apple Git-154)")
[  9%] Building CXX object ggml/src/ggml-blas/CMakeFiles/ggml-blas.dir/ggml-blas.cpp.o
[ 10%] Building CXX object ggml/src/ggml-cpu/CMakeFiles/ggml-cpu.dir/ggml-cpu.cpp.o
[ 10%] Building C object ggml/src/ggml-cpu/CMakeFiles/ggml-cpu.dir/ggml-cpu.c.o
[ 10%] Building C object ggml/src/ggml-cpu/CMakeFiles/ggml-cpu.dir/ggml-cpu-aarch64.c.o
[ 11%] Building CXX object ggml/src/ggml-cpu/CMakeFiles/ggml-cpu.dir/llamafile/sgemm.cpp.o
[ 12%] Building C object ggml/src/ggml-cpu/CMakeFiles/ggml-cpu.dir/ggml-cpu-quants.c.o
[ 12%] Linking CXX shared library libggml-cpu.dylib
[ 13%] Linking CXX shared library libggml-blas.dylib
[ 13%] Building C object ggml/src/ggml-metal/CMakeFiles/ggml-metal.dir/ggml-metal.m.o
[ 14%] Building ASM object ggml/src/ggml-metal/CMakeFiles/ggml-metal.dir/__/__/__/autogenerated/ggml-metal-embed.s.o
[ 15%] Building CXX object common/CMakeFiles/build_info.dir/build-info.cpp.o
[ 15%] Built target ggml-cpu
[ 15%] Built target ggml-blas
[ 15%] Built target build_info
[ 15%] Linking C shared library libggml-metal.dylib
[ 15%] Built target ggml-metal
[ 16%] Building CXX object ggml/src/CMakeFiles/ggml.dir/ggml-backend-reg.cpp.o
[ 16%] Linking CXX shared library libggml.dylib
[ 16%] Built target ggml
[ 18%] Building CXX object src/CMakeFiles/llama.dir/llama.cpp.o
[ 18%] Building CXX object src/CMakeFiles/llama.dir/llama-grammar.cpp.o
[ 18%] Building CXX object src/CMakeFiles/llama.dir/unicode.cpp.o
[ 19%] Building CXX object examples/gguf-hash/CMakeFiles/llama-gguf-hash.dir/gguf-hash.cpp.o
[ 20%] Building CXX object examples/gguf/CMakeFiles/llama-gguf.dir/gguf.cpp.o
[ 20%] Building CXX object src/CMakeFiles/llama.dir/llama-vocab.cpp.o
[ 21%] Building CXX object src/CMakeFiles/llama.dir/unicode-data.cpp.o
[ 22%] Building CXX object src/CMakeFiles/llama.dir/llama-sampling.cpp.o
[ 23%] Linking CXX executable ../../bin/llama-gguf-hash
[ 23%] Linking CXX executable ../../bin/llama-gguf
[ 23%] Linking CXX shared library libllama.dylib
[ 23%] Built target llama-gguf
[ 23%] Built target llama-gguf-hash
[ 23%] Built target llama
[ 23%] Building CXX object examples/simple-chat/CMakeFiles/llama-simple-chat.dir/simple-chat.cpp.o
[ 24%] Building C object tests/CMakeFiles/test-c.dir/test-c.c.o
[ 24%] Building CXX object common/CMakeFiles/common.dir/arg.cpp.o
[ 26%] Building CXX object common/CMakeFiles/common.dir/json-schema-to-grammar.cpp.o
[ 26%] Building CXX object examples/llava/CMakeFiles/llava.dir/llava.cpp.o
[ 26%] Building CXX object examples/simple/CMakeFiles/llama-simple.dir/simple.cpp.o
[ 26%] Building CXX object examples/llava/CMakeFiles/llava.dir/clip.cpp.o
[ 26%] Building CXX object common/CMakeFiles/common.dir/console.cpp.o
[ 27%] Building CXX object examples/quantize-stats/CMakeFiles/llama-quantize-stats.dir/quantize-stats.cpp.o
[ 28%] Building CXX object common/CMakeFiles/common.dir/common.cpp.o
[ 28%] Linking C executable ../bin/test-c
[ 29%] Linking CXX executable ../../bin/llama-simple
[ 30%] Building CXX object common/CMakeFiles/common.dir/sampling.cpp.o
[ 30%] Built target llava
[ 31%] Building CXX object common/CMakeFiles/common.dir/ngram-cache.cpp.o
[ 31%] Building CXX object common/CMakeFiles/common.dir/log.cpp.o
[ 32%] Linking CXX executable ../../bin/llama-simple-chat
[ 32%] Linking CXX executable ../../bin/llama-quantize-stats
[ 32%] Linking CXX static library libllava_static.a
[ 33%] Linking CXX shared library libllava_shared.dylib
[ 33%] Linking CXX static library libcommon.a
[ 33%] Built target llama-simple
[ 33%] Built target test-c
[ 33%] Built target llama-simple-chat
[ 33%] Built target llama-quantize-stats
[ 33%] Built target llava_shared
[ 33%] Built target llava_static
[ 33%] Built target common
[ 33%] Building CXX object tests/CMakeFiles/test-log.dir/test-log.cpp.o
[ 33%] Building CXX object tests/CMakeFiles/test-tokenizer-1-spm.dir/test-tokenizer-1-spm.cpp.o
[ 33%] Building CXX object tests/CMakeFiles/test-tokenizer-0.dir/test-tokenizer-0.cpp.o
[ 33%] Building CXX object tests/CMakeFiles/test-quantize-perf.dir/test-quantize-perf.cpp.o
[ 33%] Building CXX object tests/CMakeFiles/test-arg-parser.dir/test-arg-parser.cpp.o
[ 34%] Building CXX object tests/CMakeFiles/test-sampling.dir/test-sampling.cpp.o
[ 35%] Building CXX object tests/CMakeFiles/test-chat-template.dir/test-chat-template.cpp.o
[ 35%] Building CXX object tests/CMakeFiles/test-grammar-parser.dir/test-grammar-parser.cpp.o
[ 35%] Building CXX object tests/CMakeFiles/test-tokenizer-1-bpe.dir/test-tokenizer-1-bpe.cpp.o
[ 36%] Building CXX object tests/CMakeFiles/test-quantize-fns.dir/test-quantize-fns.cpp.o
[ 37%] Linking CXX executable ../bin/test-tokenizer-0
[ 38%] Building CXX object tests/CMakeFiles/test-quantize-perf.dir/get-model.cpp.o
[ 39%] Building CXX object tests/CMakeFiles/test-log.dir/get-model.cpp.o
[ 39%] Building CXX object tests/CMakeFiles/test-chat-template.dir/get-model.cpp.o
[ 39%] Building CXX object tests/CMakeFiles/test-sampling.dir/get-model.cpp.o
[ 40%] Linking CXX executable ../bin/test-tokenizer-1-spm
[ 41%] Linking CXX executable ../bin/test-tokenizer-1-bpe
[ 42%] Building CXX object tests/CMakeFiles/test-grammar-parser.dir/get-model.cpp.o
[ 43%] Building CXX object tests/CMakeFiles/test-arg-parser.dir/get-model.cpp.o
[ 43%] Building CXX object tests/CMakeFiles/test-quantize-fns.dir/get-model.cpp.o
[ 43%] Linking CXX executable ../bin/test-quantize-perf
[ 43%] Linking CXX executable ../bin/test-log
[ 44%] Linking CXX executable ../bin/test-sampling
[ 45%] Linking CXX executable ../bin/test-chat-template
[ 46%] Linking CXX executable ../bin/test-quantize-fns
[ 46%] Linking CXX executable ../bin/test-grammar-parser
[ 46%] Linking CXX executable ../bin/test-arg-parser
[ 46%] Built target test-tokenizer-0
[ 46%] Built target test-tokenizer-1-spm
[ 46%] Built target test-tokenizer-1-bpe
[ 46%] Built target test-log
[ 46%] Built target test-quantize-perf
[ 46%] Built target test-sampling
[ 46%] Built target test-chat-template
[ 46%] Built target test-quantize-fns
[ 46%] Built target test-grammar-parser
[ 47%] Building CXX object tests/CMakeFiles/test-grammar-integration.dir/test-grammar-integration.cpp.o
[ 47%] Building CXX object tests/CMakeFiles/test-grammar-integration.dir/get-model.cpp.o
[ 48%] Building CXX object tests/CMakeFiles/test-llama-grammar.dir/test-llama-grammar.cpp.o
[ 48%] Built target test-arg-parser
[ 48%] Building CXX object tests/CMakeFiles/test-barrier.dir/test-barrier.cpp.o
[ 48%] Building CXX object tests/CMakeFiles/test-backend-ops.dir/test-backend-ops.cpp.o
[ 49%] Building CXX object tests/CMakeFiles/test-rope.dir/test-rope.cpp.o
[ 50%] Building CXX object tests/CMakeFiles/test-backend-ops.dir/get-model.cpp.o
[ 50%] Building CXX object tests/CMakeFiles/test-llama-grammar.dir/get-model.cpp.o
[ 50%] Building CXX object tests/CMakeFiles/test-rope.dir/get-model.cpp.o
[ 52%] Building CXX object tests/CMakeFiles/test-model-load-cancel.dir/test-model-load-cancel.cpp.o
[ 52%] Building CXX object tests/CMakeFiles/test-json-schema-to-grammar.dir/test-json-schema-to-grammar.cpp.o
[ 53%] Linking CXX executable ../bin/test-grammar-integration
[ 54%] Building CXX object tests/CMakeFiles/test-autorelease.dir/test-autorelease.cpp.o
[ 55%] Building CXX object tests/CMakeFiles/test-barrier.dir/get-model.cpp.o
[ 55%] Building CXX object tests/CMakeFiles/test-autorelease.dir/get-model.cpp.o
[ 56%] Linking CXX executable ../bin/test-backend-ops
[ 56%] Building CXX object tests/CMakeFiles/test-model-load-cancel.dir/get-model.cpp.o
[ 57%] Linking CXX executable ../bin/test-rope
[ 58%] Linking CXX executable ../bin/test-llama-grammar
[ 57%] Building CXX object tests/CMakeFiles/test-json-schema-to-grammar.dir/get-model.cpp.o
[ 58%] Linking CXX executable ../bin/test-barrier
[ 58%] Building CXX object examples/cvector-generator/CMakeFiles/llama-cvector-generator.dir/cvector-generator.cpp.o
[ 59%] Linking CXX executable ../bin/test-autorelease
[ 60%] Linking CXX executable ../bin/test-json-schema-to-grammar
[ 61%] Linking CXX executable ../bin/test-model-load-cancel
[ 62%] Building CXX object examples/batched-bench/CMakeFiles/llama-batched-bench.dir/batched-bench.cpp.o
[ 62%] Built target test-grammar-integration
[ 63%] Linking CXX executable ../../bin/llama-cvector-generator
[ 63%] Built target test-backend-ops
[ 63%] Linking CXX executable ../../bin/llama-batched-bench
[ 64%] Building CXX object examples/batched/CMakeFiles/llama-batched.dir/batched.cpp.o
[ 64%] Built target test-llama-grammar
[ 64%] Built target test-rope
[ 64%] Built target test-autorelease
[ 64%] Built target test-barrier
[ 64%] Built target test-model-load-cancel
[ 64%] Built target test-json-schema-to-grammar
[ 64%] Building CXX object examples/convert-llama2c-to-ggml/CMakeFiles/llama-convert-llama2c-to-ggml.dir/convert-llama2c-to-ggml.cpp.o
[ 65%] Building CXX object examples/eval-callback/CMakeFiles/llama-eval-callback.dir/eval-callback.cpp.o
[ 65%] Linking CXX executable ../../bin/llama-batched
[ 66%] Building CXX object examples/export-lora/CMakeFiles/llama-export-lora.dir/export-lora.cpp.o
[ 66%] Building CXX object examples/embedding/CMakeFiles/llama-embedding.dir/embedding.cpp.o
[ 66%] Built target llama-cvector-generator
[ 67%] Linking CXX executable ../../bin/llama-convert-llama2c-to-ggml
[ 67%] Building CXX object examples/gguf-split/CMakeFiles/llama-gguf-split.dir/gguf-split.cpp.o
[ 67%] Building CXX object examples/gritlm/CMakeFiles/llama-gritlm.dir/gritlm.cpp.o
[ 68%] Building CXX object examples/gbnf-validator/CMakeFiles/llama-gbnf-validator.dir/gbnf-validator.cpp.o
[ 68%] Built target llama-batched-bench
[ 68%] Linking CXX executable ../../bin/llama-eval-callback
[ 68%] Linking CXX executable ../../bin/llama-export-lora
[ 69%] Linking CXX executable ../../bin/llama-embedding
[ 70%] Linking CXX executable ../../bin/llama-gritlm
[ 71%] Linking CXX executable ../../bin/llama-gguf-split
[ 71%] Building CXX object examples/imatrix/CMakeFiles/llama-imatrix.dir/imatrix.cpp.o
[ 71%] Linking CXX executable ../../bin/llama-gbnf-validator
[ 71%] Built target llama-batched
[ 71%] Built target llama-convert-llama2c-to-ggml
[ 71%] Building CXX object examples/infill/CMakeFiles/llama-infill.dir/infill.cpp.o
[ 72%] Linking CXX executable ../../bin/llama-imatrix
[ 73%] Building CXX object examples/llama-bench/CMakeFiles/llama-bench.dir/llama-bench.cpp.o
[ 74%] Building CXX object examples/llava/CMakeFiles/llama-llava-cli.dir/llava-cli.cpp.o
[ 74%] Built target llama-eval-callback
[ 74%] Built target llama-gguf-split
[ 75%] Linking CXX executable ../../bin/llama-infill
[ 75%] Built target llama-embedding
[ 75%] Built target llama-gritlm
[ 75%] Built target llama-gbnf-validator
[ 75%] Built target llama-export-lora
[ 76%] Linking CXX executable ../../bin/llama-bench
[ 76%] Linking CXX executable ../../bin/llama-llava-cli
[ 77%] Building CXX object examples/lookup/CMakeFiles/llama-lookup-create.dir/lookup-create.cpp.o
[ 77%] Building CXX object examples/llava/CMakeFiles/llama-minicpmv-cli.dir/minicpmv-cli.cpp.o
[ 78%] Building CXX object examples/lookup/CMakeFiles/llama-lookup.dir/lookup.cpp.o
[ 78%] Built target llama-imatrix
[ 79%] Building CXX object examples/lookahead/CMakeFiles/llama-lookahead.dir/lookahead.cpp.o
[ 80%] Building CXX object examples/lookup/CMakeFiles/llama-lookup-merge.dir/lookup-merge.cpp.o
[ 80%] Building CXX object examples/lookup/CMakeFiles/llama-lookup-stats.dir/lookup-stats.cpp.o
[ 80%] Linking CXX executable ../../bin/llama-lookup-create
[ 81%] Linking CXX executable ../../bin/llama-minicpmv-cli
[ 81%] Built target llama-infill
[ 81%] Linking CXX executable ../../bin/llama-lookup
[ 82%] Linking CXX executable ../../bin/llama-lookup-merge
[ 82%] Building CXX object examples/main/CMakeFiles/llama-cli.dir/main.cpp.o
[ 82%] Linking CXX executable ../../bin/llama-lookahead
[ 82%] Built target llama-bench
[ 82%] Built target llama-llava-cli
[ 83%] Linking CXX executable ../../bin/llama-lookup-stats
[ 83%] Building CXX object examples/parallel/CMakeFiles/llama-parallel.dir/parallel.cpp.o
[ 84%] Linking CXX executable ../../bin/llama-cli
[ 84%] Building CXX object examples/passkey/CMakeFiles/llama-passkey.dir/passkey.cpp.o
[ 85%] Building CXX object examples/perplexity/CMakeFiles/llama-perplexity.dir/perplexity.cpp.o
[ 85%] Built target llama-lookup-create
[ 85%] Built target llama-lookup
[ 86%] Linking CXX executable ../../bin/llama-parallel
[ 86%] Built target llama-minicpmv-cli
[ 86%] Built target llama-lookup-merge
[ 86%] Built target llama-lookahead
[ 87%] Linking CXX executable ../../bin/llama-passkey
[ 87%] Linking CXX executable ../../bin/llama-perplexity
[ 87%] Generating loading.html.hpp
[ 87%] Built target llama-cli
[ 87%] Built target llama-lookup-stats
[ 88%] Building CXX object examples/quantize/CMakeFiles/llama-quantize.dir/quantize.cpp.o
[ 89%] Building CXX object examples/retrieval/CMakeFiles/llama-retrieval.dir/retrieval.cpp.o
[ 89%] Building CXX object examples/speculative/CMakeFiles/llama-speculative.dir/speculative.cpp.o
[ 89%] Building CXX object examples/save-load-state/CMakeFiles/llama-save-load-state.dir/save-load-state.cpp.o
[ 90%] Generating completion.js.hpp
[ 91%] Building CXX object pocs/vdot/CMakeFiles/llama-vdot.dir/vdot.cpp.o
[ 92%] Linking CXX executable ../../bin/llama-retrieval
[ 93%] Building CXX object examples/tokenize/CMakeFiles/llama-tokenize.dir/tokenize.cpp.o
[ 93%] Linking CXX executable ../../bin/llama-quantize
[ 94%] Linking CXX executable ../../bin/llama-speculative
[ 94%] Built target llama-parallel
[ 95%] Linking CXX executable ../../bin/llama-save-load-state
[ 96%] Generating deps_daisyui.min.css.hpp
[ 96%] Built target llama-passkey
[ 96%] Built target llama-perplexity
[ 96%] Generating deps_markdown-it.js.hpp
[ 96%] Linking CXX executable ../../bin/llama-vdot
[ 96%] Linking CXX executable ../../bin/llama-tokenize
[ 97%] Generating deps_tailwindcss.js.hpp
[ 98%] Building CXX object pocs/vdot/CMakeFiles/llama-q8dot.dir/q8dot.cpp.o
[ 98%] Built target llama-retrieval
[ 98%] Built target llama-save-load-state
[ 98%] Built target llama-quantize
[ 98%] Built target llama-speculative
[ 99%] Generating deps_vue.esm-browser.js.hpp
[ 99%] Linking CXX executable ../../bin/llama-q8dot
[ 99%] Generating index.html.hpp
[ 99%] Built target llama-tokenize
[ 99%] Built target llama-vdot
[ 99%] Built target llama-q8dot
[ 99%] Building CXX object examples/server/CMakeFiles/llama-server.dir/server.cpp.o
[100%] Linking CXX executable ../../bin/llama-server
[100%] Built target llama-server

real	0m2.582s
user	0m6.065s
sys	0m9.720s
+ '[' -z ']'
+ tee -a /Users/ggml/results/llama.cpp/f9/5caa79546271722ada703da20ffb1cfcd21fed/ggml-100-mac-m4/ctest_release-ctest.log
+ ctest --output-on-failure -L main
Test project /Users/ggml/work/llama.cpp/build-ci-release
      Start  1: test-tokenizer-0-bert-bge
 1/27 Test  #1: test-tokenizer-0-bert-bge .........   Passed    1.28 sec
      Start  2: test-tokenizer-0-command-r
 2/27 Test  #2: test-tokenizer-0-command-r ........   Passed    0.32 sec
      Start  3: test-tokenizer-0-deepseek-coder
 3/27 Test  #3: test-tokenizer-0-deepseek-coder ...   Passed    0.05 sec
      Start  4: test-tokenizer-0-deepseek-llm
 4/27 Test  #4: test-tokenizer-0-deepseek-llm .....   Passed    0.12 sec
      Start  5: test-tokenizer-0-falcon
 5/27 Test  #5: test-tokenizer-0-falcon ...........   Passed    0.08 sec
      Start  6: test-tokenizer-0-gpt-2
 6/27 Test  #6: test-tokenizer-0-gpt-2 ............   Passed    0.07 sec
      Start  7: test-tokenizer-0-llama-bpe
 7/27 Test  #7: test-tokenizer-0-llama-bpe ........   Passed    0.23 sec
      Start  8: test-tokenizer-0-llama-spm
 8/27 Test  #8: test-tokenizer-0-llama-spm ........   Passed    0.04 sec
      Start  9: test-tokenizer-0-mpt
 9/27 Test  #9: test-tokenizer-0-mpt ..............   Passed    0.07 sec
      Start 10: test-tokenizer-0-phi-3
10/27 Test #10: test-tokenizer-0-phi-3 ............   Passed    0.04 sec
      Start 11: test-tokenizer-0-qwen2
11/27 Test #11: test-tokenizer-0-qwen2 ............   Passed    0.16 sec
      Start 12: test-tokenizer-0-refact
12/27 Test #12: test-tokenizer-0-refact ...........   Passed    0.07 sec
      Start 13: test-tokenizer-0-starcoder
13/27 Test #13: test-tokenizer-0-starcoder ........   Passed    0.06 sec
      Start 14: test-tokenizer-1-llama-spm
14/27 Test #14: test-tokenizer-1-llama-spm ........   Passed    0.31 sec
      Start 15: test-log
15/27 Test #15: test-log ..........................   Passed    0.18 sec
      Start 16: test-arg-parser
16/27 Test #16: test-arg-parser ...................   Passed    0.18 sec
      Start 17: test-quantize-fns
17/27 Test #17: test-quantize-fns .................   Passed   14.24 sec
      Start 18: test-quantize-perf
18/27 Test #18: test-quantize-perf ................   Passed    0.21 sec
      Start 19: test-sampling
19/27 Test #19: test-sampling .....................   Passed    0.95 sec
      Start 20: test-chat-template
20/27 Test #20: test-chat-template ................   Passed    0.17 sec
      Start 21: test-grammar-parser
21/27 Test #21: test-grammar-parser ...............   Passed    0.18 sec
      Start 22: test-grammar-integration
22/27 Test #22: test-grammar-integration ..........   Passed    0.19 sec
      Start 23: test-llama-grammar
23/27 Test #23: test-llama-grammar ................   Passed    0.25 sec
      Start 24: test-barrier
24/27 Test #24: test-barrier ......................   Passed    0.30 sec
      Start 25: test-backend-ops
25/27 Test #25: test-backend-ops ..................   Passed   27.91 sec
      Start 26: test-rope
26/27 Test #26: test-rope .........................   Passed    0.20 sec
      Start 29: test-json-schema-to-grammar
27/27 Test #29: test-json-schema-to-grammar .......   Passed    0.23 sec

100% tests passed, 0 tests failed out of 27

Label Time Summary:
main    =  48.08 sec*proc (27 tests)

Total Test time (real) =  48.10 sec

real	0m48.105s
user	1m10.250s
sys	0m3.899s
+ set +e
+ cur=0
+ echo 0
+ set +x
+ gg_run_embd_bge_small
+ cd /Users/ggml/work/llama.cpp
+ gg_wget models-mnt/bge-small/ https://huggingface.co/BAAI/bge-small-en-v1.5/raw/main/config.json
+ local out=models-mnt/bge-small/
+ local url=https://huggingface.co/BAAI/bge-small-en-v1.5/raw/main/config.json
+ tee /Users/ggml/results/llama.cpp/f9/5caa79546271722ada703da20ffb1cfcd21fed/ggml-100-mac-m4/embd_bge_small.log
++ pwd
+ local cwd=/Users/ggml/work/llama.cpp
+ mkdir -p models-mnt/bge-small/
+ cd models-mnt/bge-small/
+ wget -nv -N https://huggingface.co/BAAI/bge-small-en-v1.5/raw/main/config.json
Last-modified header missing -- time-stamps turned off.
2024-11-20 09:35:24 URL:https://huggingface.co/BAAI/bge-small-en-v1.5/raw/main/config.json [743/743] -> "config.json" [1]
+ cd /Users/ggml/work/llama.cpp
+ gg_wget models-mnt/bge-small/ https://huggingface.co/BAAI/bge-small-en-v1.5/raw/main/tokenizer.json
+ local out=models-mnt/bge-small/
+ local url=https://huggingface.co/BAAI/bge-small-en-v1.5/raw/main/tokenizer.json
++ pwd
+ local cwd=/Users/ggml/work/llama.cpp
+ mkdir -p models-mnt/bge-small/
+ cd models-mnt/bge-small/
+ wget -nv -N https://huggingface.co/BAAI/bge-small-en-v1.5/raw/main/tokenizer.json
Last-modified header missing -- time-stamps turned off.
2024-11-20 09:35:25 URL:https://huggingface.co/BAAI/bge-small-en-v1.5/raw/main/tokenizer.json [711396/711396] -> "tokenizer.json" [1]
+ cd /Users/ggml/work/llama.cpp
+ gg_wget models-mnt/bge-small/ https://huggingface.co/BAAI/bge-small-en-v1.5/raw/main/tokenizer_config.json
+ local out=models-mnt/bge-small/
+ local url=https://huggingface.co/BAAI/bge-small-en-v1.5/raw/main/tokenizer_config.json
++ pwd
+ local cwd=/Users/ggml/work/llama.cpp
+ mkdir -p models-mnt/bge-small/
+ cd models-mnt/bge-small/
+ wget -nv -N https://huggingface.co/BAAI/bge-small-en-v1.5/raw/main/tokenizer_config.json
Last-modified header missing -- time-stamps turned off.
2024-11-20 09:35:25 URL:https://huggingface.co/BAAI/bge-small-en-v1.5/raw/main/tokenizer_config.json [366/366] -> "tokenizer_config.json" [1]
+ cd /Users/ggml/work/llama.cpp
+ gg_wget models-mnt/bge-small/ https://huggingface.co/BAAI/bge-small-en-v1.5/raw/main/special_tokens_map.json
+ local out=models-mnt/bge-small/
+ local url=https://huggingface.co/BAAI/bge-small-en-v1.5/raw/main/special_tokens_map.json
++ pwd
+ local cwd=/Users/ggml/work/llama.cpp
+ mkdir -p models-mnt/bge-small/
+ cd models-mnt/bge-small/
+ wget -nv -N https://huggingface.co/BAAI/bge-small-en-v1.5/raw/main/special_tokens_map.json
Last-modified header missing -- time-stamps turned off.
2024-11-20 09:35:25 URL:https://huggingface.co/BAAI/bge-small-en-v1.5/raw/main/special_tokens_map.json [125/125] -> "special_tokens_map.json" [1]
+ cd /Users/ggml/work/llama.cpp
+ gg_wget models-mnt/bge-small/ https://huggingface.co/BAAI/bge-small-en-v1.5/resolve/main/pytorch_model.bin
+ local out=models-mnt/bge-small/
+ local url=https://huggingface.co/BAAI/bge-small-en-v1.5/resolve/main/pytorch_model.bin
++ pwd
+ local cwd=/Users/ggml/work/llama.cpp
+ mkdir -p models-mnt/bge-small/
+ cd models-mnt/bge-small/
+ wget -nv -N https://huggingface.co/BAAI/bge-small-en-v1.5/resolve/main/pytorch_model.bin
+ cd /Users/ggml/work/llama.cpp
+ gg_wget models-mnt/bge-small/ https://huggingface.co/BAAI/bge-small-en-v1.5/raw/main/sentence_bert_config.json
+ local out=models-mnt/bge-small/
+ local url=https://huggingface.co/BAAI/bge-small-en-v1.5/raw/main/sentence_bert_config.json
++ pwd
+ local cwd=/Users/ggml/work/llama.cpp
+ mkdir -p models-mnt/bge-small/
+ cd models-mnt/bge-small/
+ wget -nv -N https://huggingface.co/BAAI/bge-small-en-v1.5/raw/main/sentence_bert_config.json
Last-modified header missing -- time-stamps turned off.
2024-11-20 09:35:26 URL:https://huggingface.co/BAAI/bge-small-en-v1.5/raw/main/sentence_bert_config.json [52/52] -> "sentence_bert_config.json" [1]
+ cd /Users/ggml/work/llama.cpp
+ gg_wget models-mnt/bge-small/ https://huggingface.co/BAAI/bge-small-en-v1.5/raw/main/vocab.txt
+ local out=models-mnt/bge-small/
+ local url=https://huggingface.co/BAAI/bge-small-en-v1.5/raw/main/vocab.txt
++ pwd
+ local cwd=/Users/ggml/work/llama.cpp
+ mkdir -p models-mnt/bge-small/
+ cd models-mnt/bge-small/
+ wget -nv -N https://huggingface.co/BAAI/bge-small-en-v1.5/raw/main/vocab.txt
Last-modified header missing -- time-stamps turned off.
2024-11-20 09:35:27 URL:https://huggingface.co/BAAI/bge-small-en-v1.5/raw/main/vocab.txt [231508/231508] -> "vocab.txt" [1]
+ cd /Users/ggml/work/llama.cpp
+ gg_wget models-mnt/bge-small/ https://huggingface.co/BAAI/bge-small-en-v1.5/raw/main/modules.json
+ local out=models-mnt/bge-small/
+ local url=https://huggingface.co/BAAI/bge-small-en-v1.5/raw/main/modules.json
++ pwd
+ local cwd=/Users/ggml/work/llama.cpp
+ mkdir -p models-mnt/bge-small/
+ cd models-mnt/bge-small/
+ wget -nv -N https://huggingface.co/BAAI/bge-small-en-v1.5/raw/main/modules.json
Last-modified header missing -- time-stamps turned off.
2024-11-20 09:35:27 URL:https://huggingface.co/BAAI/bge-small-en-v1.5/raw/main/modules.json [349/349] -> "modules.json" [1]
+ cd /Users/ggml/work/llama.cpp
+ gg_wget models-mnt/bge-small/ https://huggingface.co/BAAI/bge-small-en-v1.5/raw/main/config.json
+ local out=models-mnt/bge-small/
+ local url=https://huggingface.co/BAAI/bge-small-en-v1.5/raw/main/config.json
++ pwd
+ local cwd=/Users/ggml/work/llama.cpp
+ mkdir -p models-mnt/bge-small/
+ cd models-mnt/bge-small/
+ wget -nv -N https://huggingface.co/BAAI/bge-small-en-v1.5/raw/main/config.json
Last-modified header missing -- time-stamps turned off.
2024-11-20 09:35:27 URL:https://huggingface.co/BAAI/bge-small-en-v1.5/raw/main/config.json [743/743] -> "config.json" [1]
+ cd /Users/ggml/work/llama.cpp
+ gg_wget models-mnt/bge-small/1_Pooling https://huggingface.co/BAAI/bge-small-en-v1.5/raw/main/1_Pooling/config.json
+ local out=models-mnt/bge-small/1_Pooling
+ local url=https://huggingface.co/BAAI/bge-small-en-v1.5/raw/main/1_Pooling/config.json
++ pwd
+ local cwd=/Users/ggml/work/llama.cpp
+ mkdir -p models-mnt/bge-small/1_Pooling
+ cd models-mnt/bge-small/1_Pooling
+ wget -nv -N https://huggingface.co/BAAI/bge-small-en-v1.5/raw/main/1_Pooling/config.json
Last-modified header missing -- time-stamps turned off.
2024-11-20 09:35:27 URL:https://huggingface.co/BAAI/bge-small-en-v1.5/raw/main/1_Pooling/config.json [190/190] -> "config.json" [1]
+ cd /Users/ggml/work/llama.cpp
+ path_models=../models-mnt/bge-small
+ rm -rf build-ci-release
+ mkdir build-ci-release
+ cd build-ci-release
+ set -e
+ tee -a /Users/ggml/results/llama.cpp/f9/5caa79546271722ada703da20ffb1cfcd21fed/ggml-100-mac-m4/embd_bge_small-cmake.log
+ cmake -DCMAKE_BUILD_TYPE=Release -DLLAMA_FATAL_WARNINGS=ON -DGGML_METAL=ON -DGGML_METAL_USE_BF16=ON ..
-- The C compiler identification is AppleClang 16.0.0.16000026
-- The CXX compiler identification is AppleClang 16.0.0.16000026
-- Detecting C compiler ABI info
-- Detecting C compiler ABI info - done
-- Check for working C compiler: /Library/Developer/CommandLineTools/usr/bin/cc - skipped
-- Detecting C compile features
-- Detecting C compile features - done
-- Detecting CXX compiler ABI info
-- Detecting CXX compiler ABI info - done
-- Check for working CXX compiler: /Library/Developer/CommandLineTools/usr/bin/c++ - skipped
-- Detecting CXX compile features
-- Detecting CXX compile features - done
-- Found Git: /usr/bin/git (found version "2.39.5 (Apple Git-154)")
-- Performing Test CMAKE_HAVE_LIBC_PTHREAD
-- Performing Test CMAKE_HAVE_LIBC_PTHREAD - Success
-- Found Threads: TRUE
-- ccache found, compilation results will be cached. Disable with GGML_CCACHE=OFF.
-- CMAKE_SYSTEM_PROCESSOR: arm64
-- Accelerate framework found
-- Could NOT find OpenMP_C (missing: OpenMP_C_FLAGS OpenMP_C_LIB_NAMES) 
-- Could NOT find OpenMP_CXX (missing: OpenMP_CXX_FLAGS OpenMP_CXX_LIB_NAMES) 
-- Could NOT find OpenMP (missing: OpenMP_C_FOUND OpenMP_CXX_FOUND) 
CMake Warning at ggml/src/ggml-cpu/CMakeLists.txt:43 (message):
  OpenMP not found


-- Using llamafile
-- ARM detected
-- Performing Test COMPILER_SUPPORTS_FP16_FORMAT_I3E
-- Performing Test COMPILER_SUPPORTS_FP16_FORMAT_I3E - Failed
-- Using runtime weight conversion of Q4_0 to Q4_0_x_x to enable optimized GEMM/GEMV kernels
-- Including CPU backend
CMake Warning at ggml/src/ggml-amx/CMakeLists.txt:106 (message):
  AMX requires x86 and gcc version > 11.0.  Turning off GGML_AMX.


-- Looking for dgemm_
-- Looking for dgemm_ - found
-- Found BLAS: /Library/Developer/CommandLineTools/SDKs/MacOSX15.1.sdk/System/Library/Frameworks/Accelerate.framework
-- BLAS found, Libraries: /Library/Developer/CommandLineTools/SDKs/MacOSX15.1.sdk/System/Library/Frameworks/Accelerate.framework
-- BLAS found, Includes: 
-- Including BLAS backend
-- Metal framework found
-- The ASM compiler identification is AppleClang
-- Found assembler: /Library/Developer/CommandLineTools/usr/bin/cc
-- Including METAL backend
-- Configuring done (1.0s)
-- Generating done (0.2s)
-- Build files have been written to: /Users/ggml/work/llama.cpp/build-ci-release

real	0m1.292s
user	0m0.566s
sys	0m0.773s
+ tee -a /Users/ggml/results/llama.cpp/f9/5caa79546271722ada703da20ffb1cfcd21fed/ggml-100-mac-m4/embd_bge_small-make.log
++ nproc
+ make -j10
[  0%] Generating build details from Git
[  1%] Building C object ggml/src/CMakeFiles/ggml-base.dir/ggml.c.o
[  1%] Building C object ggml/src/CMakeFiles/ggml-base.dir/ggml-alloc.c.o
[  1%] Building CXX object ggml/src/CMakeFiles/ggml-base.dir/ggml-opt.cpp.o
[  2%] Building CXX object ggml/src/CMakeFiles/ggml-base.dir/ggml-backend.cpp.o
[  3%] Building C object ggml/src/CMakeFiles/ggml-base.dir/ggml-quants.c.o
[  4%] Building C object examples/gguf-hash/CMakeFiles/sha256.dir/deps/sha256/sha256.c.o
[  5%] Building C object examples/gguf-hash/CMakeFiles/sha1.dir/deps/sha1/sha1.c.o
[  6%] Building CXX object ggml/src/CMakeFiles/ggml-base.dir/ggml-threading.cpp.o
[  7%] Building C object examples/gguf-hash/CMakeFiles/xxhash.dir/deps/xxhash/xxhash.c.o
-- Found Git: /usr/bin/git (found version "2.39.5 (Apple Git-154)")
[  7%] Built target sha256
[  7%] Building C object ggml/src/CMakeFiles/ggml-base.dir/ggml-aarch64.c.o
[  7%] Built target xxhash
[  7%] Built target sha1
[  8%] Linking CXX shared library libggml-base.dylib
[  8%] Generating build details from Git
[  8%] Built target ggml-base
[  9%] Generate assembly for embedded Metal library
-- Found Git: /usr/bin/git (found version "2.39.5 (Apple Git-154)")
Embedding Metal library
[ 10%] Building CXX object ggml/src/ggml-cpu/CMakeFiles/ggml-cpu.dir/ggml-cpu.cpp.o
[ 11%] Building CXX object ggml/src/ggml-blas/CMakeFiles/ggml-blas.dir/ggml-blas.cpp.o
[ 11%] Building C object ggml/src/ggml-cpu/CMakeFiles/ggml-cpu.dir/ggml-cpu-quants.c.o
[ 11%] Building C object ggml/src/ggml-cpu/CMakeFiles/ggml-cpu.dir/ggml-cpu.c.o
[ 12%] Building CXX object ggml/src/ggml-cpu/CMakeFiles/ggml-cpu.dir/llamafile/sgemm.cpp.o
[ 12%] Building C object ggml/src/ggml-cpu/CMakeFiles/ggml-cpu.dir/ggml-cpu-aarch64.c.o
[ 12%] Linking CXX shared library libggml-cpu.dylib
[ 13%] Linking CXX shared library libggml-blas.dylib
[ 13%] Building C object ggml/src/ggml-metal/CMakeFiles/ggml-metal.dir/ggml-metal.m.o
[ 14%] Building CXX object common/CMakeFiles/build_info.dir/build-info.cpp.o
[ 15%] Building ASM object ggml/src/ggml-metal/CMakeFiles/ggml-metal.dir/__/__/__/autogenerated/ggml-metal-embed.s.o
[ 15%] Built target build_info
[ 15%] Built target ggml-blas
[ 15%] Built target ggml-cpu
[ 15%] Linking C shared library libggml-metal.dylib
[ 15%] Built target ggml-metal
[ 16%] Building CXX object ggml/src/CMakeFiles/ggml.dir/ggml-backend-reg.cpp.o
[ 16%] Linking CXX shared library libggml.dylib
[ 16%] Built target ggml
[ 18%] Building CXX object examples/gguf-hash/CMakeFiles/llama-gguf-hash.dir/gguf-hash.cpp.o
[ 18%] Building CXX object src/CMakeFiles/llama.dir/llama-grammar.cpp.o
[ 19%] Building CXX object src/CMakeFiles/llama.dir/llama-sampling.cpp.o
[ 20%] Building CXX object examples/gguf/CMakeFiles/llama-gguf.dir/gguf.cpp.o
[ 20%] Building CXX object src/CMakeFiles/llama.dir/unicode.cpp.o
[ 21%] Building CXX object src/CMakeFiles/llama.dir/llama.cpp.o
[ 22%] Building CXX object src/CMakeFiles/llama.dir/unicode-data.cpp.o
[ 22%] Building CXX object src/CMakeFiles/llama.dir/llama-vocab.cpp.o
[ 22%] Linking CXX executable ../../bin/llama-gguf
[ 22%] Linking CXX shared library libllama.dylib
[ 23%] Linking CXX executable ../../bin/llama-gguf-hash
[ 23%] Built target llama-gguf-hash
[ 23%] Built target llama-gguf
[ 23%] Built target llama
[ 23%] Building CXX object examples/llava/CMakeFiles/llava.dir/clip.cpp.o
[ 25%] Building CXX object examples/quantize-stats/CMakeFiles/llama-quantize-stats.dir/quantize-stats.cpp.o
[ 25%] Building CXX object examples/llava/CMakeFiles/llava.dir/llava.cpp.o
[ 25%] Building CXX object examples/simple-chat/CMakeFiles/llama-simple-chat.dir/simple-chat.cpp.o
[ 25%] Building CXX object examples/simple/CMakeFiles/llama-simple.dir/simple.cpp.o
[ 26%] Building CXX object common/CMakeFiles/common.dir/arg.cpp.o
[ 27%] Building CXX object common/CMakeFiles/common.dir/json-schema-to-grammar.cpp.o
[ 26%] Building C object tests/CMakeFiles/test-c.dir/test-c.c.o
[ 28%] Building CXX object common/CMakeFiles/common.dir/common.cpp.o
[ 28%] Building CXX object common/CMakeFiles/common.dir/console.cpp.o
[ 28%] Building CXX object common/CMakeFiles/common.dir/log.cpp.o
[ 28%] Linking CXX executable ../../bin/llama-quantize-stats
[ 28%] Built target llava
[ 29%] Linking CXX executable ../../bin/llama-simple
[ 29%] Linking C executable ../bin/test-c
[ 31%] Building CXX object common/CMakeFiles/common.dir/ngram-cache.cpp.o
[ 31%] Building CXX object common/CMakeFiles/common.dir/sampling.cpp.o
[ 32%] Linking CXX executable ../../bin/llama-simple-chat
[ 33%] Linking CXX shared library libllava_shared.dylib
[ 33%] Linking CXX static library libllava_static.a
[ 33%] Linking CXX static library libcommon.a
[ 33%] Built target llama-quantize-stats
[ 33%] Built target llama-simple
[ 33%] Built target test-c
[ 33%] Built target llama-simple-chat
[ 33%] Built target llava_static
[ 33%] Built target llava_shared
[ 33%] Built target common
[ 33%] Building CXX object tests/CMakeFiles/test-tokenizer-1-spm.dir/test-tokenizer-1-spm.cpp.o
[ 33%] Building CXX object tests/CMakeFiles/test-log.dir/test-log.cpp.o
[ 35%] Building CXX object tests/CMakeFiles/test-grammar-parser.dir/test-grammar-parser.cpp.o
[ 35%] Building CXX object tests/CMakeFiles/test-quantize-fns.dir/test-quantize-fns.cpp.o
[ 35%] Building CXX object tests/CMakeFiles/test-sampling.dir/test-sampling.cpp.o
[ 35%] Building CXX object tests/CMakeFiles/test-tokenizer-1-bpe.dir/test-tokenizer-1-bpe.cpp.o
[ 35%] Building CXX object tests/CMakeFiles/test-arg-parser.dir/test-arg-parser.cpp.o
[ 35%] Building CXX object tests/CMakeFiles/test-quantize-perf.dir/test-quantize-perf.cpp.o
[ 35%] Building CXX object tests/CMakeFiles/test-tokenizer-0.dir/test-tokenizer-0.cpp.o
[ 36%] Building CXX object tests/CMakeFiles/test-chat-template.dir/test-chat-template.cpp.o
[ 37%] Linking CXX executable ../bin/test-tokenizer-1-bpe
[ 39%] Building CXX object tests/CMakeFiles/test-log.dir/get-model.cpp.o
[ 39%] Linking CXX executable ../bin/test-tokenizer-0
[ 41%] Building CXX object tests/CMakeFiles/test-grammar-parser.dir/get-model.cpp.o
[ 41%] Linking CXX executable ../bin/test-tokenizer-1-spm
[ 41%] Building CXX object tests/CMakeFiles/test-sampling.dir/get-model.cpp.o
[ 42%] Building CXX object tests/CMakeFiles/test-quantize-perf.dir/get-model.cpp.o
[ 43%] Building CXX object tests/CMakeFiles/test-arg-parser.dir/get-model.cpp.o
[ 43%] Building CXX object tests/CMakeFiles/test-quantize-fns.dir/get-model.cpp.o
[ 43%] Building CXX object tests/CMakeFiles/test-chat-template.dir/get-model.cpp.o
[ 43%] Linking CXX executable ../bin/test-log
[ 43%] Linking CXX executable ../bin/test-quantize-perf
[ 43%] Linking CXX executable ../bin/test-grammar-parser
[ 43%] Linking CXX executable ../bin/test-arg-parser
[ 44%] Linking CXX executable ../bin/test-sampling
[ 45%] Linking CXX executable ../bin/test-chat-template
[ 46%] Linking CXX executable ../bin/test-quantize-fns
[ 46%] Built target test-tokenizer-1-bpe
[ 46%] Built target test-tokenizer-0
[ 46%] Built target test-tokenizer-1-spm
[ 46%] Built target test-quantize-perf
[ 47%] Building CXX object tests/CMakeFiles/test-grammar-integration.dir/test-grammar-integration.cpp.o
[ 47%] Built target test-sampling
[ 47%] Built target test-chat-template
[ 47%] Building CXX object tests/CMakeFiles/test-barrier.dir/test-barrier.cpp.o
[ 47%] Built target test-quantize-fns
[ 47%] Built target test-grammar-parser
[ 48%] Building CXX object tests/CMakeFiles/test-llama-grammar.dir/test-llama-grammar.cpp.o
[ 48%] Built target test-log
[ 48%] Built target test-arg-parser
[ 49%] Building CXX object tests/CMakeFiles/test-barrier.dir/get-model.cpp.o
[ 49%] Building CXX object tests/CMakeFiles/test-backend-ops.dir/test-backend-ops.cpp.o
[ 50%] Building CXX object tests/CMakeFiles/test-backend-ops.dir/get-model.cpp.o
[ 50%] Building CXX object tests/CMakeFiles/test-grammar-integration.dir/get-model.cpp.o
[ 50%] Building CXX object tests/CMakeFiles/test-llama-grammar.dir/get-model.cpp.o
[ 52%] Building CXX object tests/CMakeFiles/test-autorelease.dir/test-autorelease.cpp.o
[ 52%] Building CXX object tests/CMakeFiles/test-rope.dir/test-rope.cpp.o
[ 53%] Building CXX object tests/CMakeFiles/test-model-load-cancel.dir/test-model-load-cancel.cpp.o
[ 53%] Linking CXX executable ../bin/test-barrier
[ 53%] Building CXX object tests/CMakeFiles/test-rope.dir/get-model.cpp.o
[ 55%] Linking CXX executable ../bin/test-grammar-integration
[ 55%] Linking CXX executable ../bin/test-backend-ops
[ 56%] Linking CXX executable ../bin/test-llama-grammar
[ 57%] Building CXX object tests/CMakeFiles/test-json-schema-to-grammar.dir/test-json-schema-to-grammar.cpp.o
[ 57%] Building CXX object tests/CMakeFiles/test-model-load-cancel.dir/get-model.cpp.o
[ 57%] Building CXX object examples/cvector-generator/CMakeFiles/llama-cvector-generator.dir/cvector-generator.cpp.o
[ 57%] Building CXX object tests/CMakeFiles/test-autorelease.dir/get-model.cpp.o
[ 57%] Building CXX object tests/CMakeFiles/test-json-schema-to-grammar.dir/get-model.cpp.o
[ 58%] Linking CXX executable ../bin/test-rope
[ 59%] Linking CXX executable ../bin/test-model-load-cancel
[ 60%] Linking CXX executable ../bin/test-json-schema-to-grammar
[ 61%] Linking CXX executable ../../bin/llama-cvector-generator
[ 62%] Linking CXX executable ../bin/test-autorelease
[ 62%] Built target test-backend-ops
[ 62%] Built target test-grammar-integration
[ 62%] Built target test-barrier
[ 62%] Built target test-llama-grammar
[ 63%] Building CXX object examples/batched-bench/CMakeFiles/llama-batched-bench.dir/batched-bench.cpp.o
[ 63%] Built target test-rope
[ 63%] Built target test-model-load-cancel
[ 63%] Building CXX object examples/embedding/CMakeFiles/llama-embedding.dir/embedding.cpp.o
[ 63%] Building CXX object examples/convert-llama2c-to-ggml/CMakeFiles/llama-convert-llama2c-to-ggml.dir/convert-llama2c-to-ggml.cpp.o
[ 64%] Building CXX object examples/batched/CMakeFiles/llama-batched.dir/batched.cpp.o
[ 64%] Linking CXX executable ../../bin/llama-batched-bench
[ 64%] Built target test-json-schema-to-grammar
[ 64%] Built target llama-cvector-generator
[ 65%] Building CXX object examples/eval-callback/CMakeFiles/llama-eval-callback.dir/eval-callback.cpp.o
[ 65%] Built target test-autorelease
[ 66%] Building CXX object examples/gbnf-validator/CMakeFiles/llama-gbnf-validator.dir/gbnf-validator.cpp.o
[ 67%] Building CXX object examples/export-lora/CMakeFiles/llama-export-lora.dir/export-lora.cpp.o
[ 68%] Linking CXX executable ../../bin/llama-embedding
[ 68%] Linking CXX executable ../../bin/llama-batched
[ 69%] Linking CXX executable ../../bin/llama-convert-llama2c-to-ggml
[ 69%] Linking CXX executable ../../bin/llama-eval-callback
[ 69%] Building CXX object examples/gritlm/CMakeFiles/llama-gritlm.dir/gritlm.cpp.o
[ 69%] Building CXX object examples/gguf-split/CMakeFiles/llama-gguf-split.dir/gguf-split.cpp.o
[ 69%] Building CXX object examples/imatrix/CMakeFiles/llama-imatrix.dir/imatrix.cpp.o
[ 69%] Linking CXX executable ../../bin/llama-gbnf-validator
[ 69%] Linking CXX executable ../../bin/llama-export-lora
[ 69%] Built target llama-batched-bench
[ 70%] Linking CXX executable ../../bin/llama-gritlm
[ 71%] Linking CXX executable ../../bin/llama-gguf-split
[ 71%] Built target llama-embedding
[ 72%] Linking CXX executable ../../bin/llama-imatrix
[ 72%] Built target llama-convert-llama2c-to-ggml
[ 72%] Built target llama-batched
[ 72%] Built target llama-eval-callback
[ 72%] Building CXX object examples/infill/CMakeFiles/llama-infill.dir/infill.cpp.o
[ 72%] Built target llama-gbnf-validator
[ 73%] Building CXX object examples/llama-bench/CMakeFiles/llama-bench.dir/llama-bench.cpp.o
[ 73%] Built target llama-export-lora
[ 74%] Building CXX object examples/llava/CMakeFiles/llama-llava-cli.dir/llava-cli.cpp.o
[ 74%] Built target llama-gguf-split
[ 75%] Building CXX object examples/lookahead/CMakeFiles/llama-lookahead.dir/lookahead.cpp.o
[ 75%] Building CXX object examples/llava/CMakeFiles/llama-minicpmv-cli.dir/minicpmv-cli.cpp.o
[ 76%] Linking CXX executable ../../bin/llama-infill
[ 76%] Built target llama-gritlm
[ 77%] Linking CXX executable ../../bin/llama-bench
[ 77%] Built target llama-imatrix
[ 78%] Building CXX object examples/lookup/CMakeFiles/llama-lookup-create.dir/lookup-create.cpp.o
[ 79%] Building CXX object examples/lookup/CMakeFiles/llama-lookup.dir/lookup.cpp.o
[ 79%] Linking CXX executable ../../bin/llama-lookahead
[ 79%] Linking CXX executable ../../bin/llama-llava-cli
[ 81%] Linking CXX executable ../../bin/llama-minicpmv-cli
[ 81%] Building CXX object examples/lookup/CMakeFiles/llama-lookup-merge.dir/lookup-merge.cpp.o
[ 81%] Building CXX object examples/lookup/CMakeFiles/llama-lookup-stats.dir/lookup-stats.cpp.o
[ 81%] Building CXX object examples/main/CMakeFiles/llama-cli.dir/main.cpp.o
[ 81%] Linking CXX executable ../../bin/llama-lookup-create
[ 81%] Linking CXX executable ../../bin/llama-lookup
[ 82%] Linking CXX executable ../../bin/llama-lookup-merge
[ 82%] Built target llama-infill
[ 82%] Built target llama-bench
[ 83%] Linking CXX executable ../../bin/llama-lookup-stats
[ 83%] Built target llama-llava-cli
[ 84%] Linking CXX executable ../../bin/llama-cli
[ 84%] Built target llama-minicpmv-cli
[ 84%] Built target llama-lookahead
[ 84%] Building CXX object examples/parallel/CMakeFiles/llama-parallel.dir/parallel.cpp.o
[ 84%] Built target llama-lookup-create
[ 84%] Building CXX object examples/passkey/CMakeFiles/llama-passkey.dir/passkey.cpp.o
[ 84%] Built target llama-lookup
[ 85%] Building CXX object examples/perplexity/CMakeFiles/llama-perplexity.dir/perplexity.cpp.o
[ 85%] Generating loading.html.hpp
[ 86%] Building CXX object examples/retrieval/CMakeFiles/llama-retrieval.dir/retrieval.cpp.o
[ 86%] Built target llama-lookup-merge
[ 86%] Built target llama-lookup-stats
[ 88%] Building CXX object examples/quantize/CMakeFiles/llama-quantize.dir/quantize.cpp.o
[ 88%] Linking CXX executable ../../bin/llama-parallel
[ 88%] Built target llama-cli
[ 89%] Linking CXX executable ../../bin/llama-passkey
[ 89%] Building CXX object examples/save-load-state/CMakeFiles/llama-save-load-state.dir/save-load-state.cpp.o
[ 89%] Linking CXX executable ../../bin/llama-perplexity
[ 90%] Generating completion.js.hpp
[ 91%] Linking CXX executable ../../bin/llama-retrieval
[ 91%] Linking CXX executable ../../bin/llama-quantize
[ 91%] Building CXX object examples/speculative/CMakeFiles/llama-speculative.dir/speculative.cpp.o
[ 92%] Building CXX object examples/tokenize/CMakeFiles/llama-tokenize.dir/tokenize.cpp.o
[ 93%] Building CXX object pocs/vdot/CMakeFiles/llama-vdot.dir/vdot.cpp.o
[ 94%] Linking CXX executable ../../bin/llama-save-load-state
[ 95%] Generating deps_daisyui.min.css.hpp
[ 96%] Built target llama-parallel
[ 96%] Linking CXX executable ../../bin/llama-speculative
[ 96%] Built target llama-passkey
[ 96%] Linking CXX executable ../../bin/llama-tokenize
[ 96%] Linking CXX executable ../../bin/llama-vdot
[ 96%] Built target llama-perplexity
[ 96%] Generating deps_markdown-it.js.hpp
[ 96%] Built target llama-retrieval
[ 96%] Built target llama-quantize
[ 96%] Built target llama-save-load-state
[ 97%] Generating deps_tailwindcss.js.hpp
[ 98%] Generating deps_vue.esm-browser.js.hpp
[ 99%] Building CXX object pocs/vdot/CMakeFiles/llama-q8dot.dir/q8dot.cpp.o
[ 99%] Generating index.html.hpp
[ 99%] Built target llama-tokenize
[ 99%] Built target llama-vdot
[ 99%] Built target llama-speculative
[ 99%] Linking CXX executable ../../bin/llama-q8dot
[ 99%] Built target llama-q8dot
[ 99%] Building CXX object examples/server/CMakeFiles/llama-server.dir/server.cpp.o
[100%] Linking CXX executable ../../bin/llama-server
[100%] Built target llama-server

real	0m2.578s
user	0m6.106s
sys	0m9.402s
+ python3 ../convert_hf_to_gguf.py ../models-mnt/bge-small --outfile ../models-mnt/bge-small/ggml-model-f16.gguf
Fatal Python error: init_sys_streams: can't initialize sys standard streams
Python runtime state: core initialized
OSError: [Errno 9] Bad file descriptor

Current thread 0x00000001eaa27ac0 (most recent call first):
  <no Python frame>
+ cur=1
+ echo 1
+ set +x
cat: /Users/ggml/results/llama.cpp/f9/5caa79546271722ada703da20ffb1cfcd21fed/ggml-100-mac-m4/embd_bge_small-tg-f16.log: No such file or directory
cat: /Users/ggml/results/llama.cpp/f9/5caa79546271722ada703da20ffb1cfcd21fed/ggml-100-mac-m4/embd_bge_small-tg-q8_0.log: No such file or directory
