+ gg_run_ctest_debug
+ cd /home/ggml/work/llama.cpp
+ rm -rf build-ci-debug
+ tee /home/ggml/results/llama.cpp/c2/1a896405de4cdf4207eb8130555ceaac0ab110/ggml-0-x86-cpu-low-perf/ctest_debug.log
+ mkdir build-ci-debug
+ cd build-ci-debug
+ set -e
+ gg_check_build_requirements
+ command -v cmake
+ command -v make
+ command -v ctest
+ tee -a /home/ggml/results/llama.cpp/c2/1a896405de4cdf4207eb8130555ceaac0ab110/ggml-0-x86-cpu-low-perf/ctest_debug-cmake.log
+ cmake -DCMAKE_BUILD_TYPE=Debug -DLLAMA_FATAL_WARNINGS=ON ..
-- The C compiler identification is GNU 11.4.0
-- The CXX compiler identification is GNU 11.4.0
-- Detecting C compiler ABI info
-- Detecting C compiler ABI info - done
-- Check for working C compiler: /usr/bin/cc - skipped
-- Detecting C compile features
-- Detecting C compile features - done
-- Detecting CXX compiler ABI info
-- Detecting CXX compiler ABI info - done
-- Check for working CXX compiler: /usr/bin/c++ - skipped
-- Detecting CXX compile features
-- Detecting CXX compile features - done
-- Found Git: /usr/bin/git (found version "2.34.1") 
-- Performing Test CMAKE_HAVE_LIBC_PTHREAD
-- Performing Test CMAKE_HAVE_LIBC_PTHREAD - Success
-- Found Threads: TRUE  
-- Found OpenMP_C: -fopenmp (found version "4.5") 
-- Found OpenMP_CXX: -fopenmp (found version "4.5") 
-- Found OpenMP: TRUE (found version "4.5")  
-- OpenMP found
-- Using llamafile
-- ccache found, compilation results will be cached. Disable with GGML_CCACHE=OFF.
-- CMAKE_SYSTEM_PROCESSOR: x86_64
-- x86 detected
-- Configuring done (0.6s)
-- Generating done (0.1s)
-- Build files have been written to: /home/ggml/work/llama.cpp/build-ci-debug

real	0m0.680s
user	0m0.501s
sys	0m0.181s
+ tee -a /home/ggml/results/llama.cpp/c2/1a896405de4cdf4207eb8130555ceaac0ab110/ggml-0-x86-cpu-low-perf/ctest_debug-make.log
+ make -j
[  0%] Generating build details from Git
[  1%] Building C object examples/gguf-hash/CMakeFiles/sha1.dir/deps/sha1/sha1.c.o
[  1%] Building C object examples/gguf-hash/CMakeFiles/sha256.dir/deps/sha256/sha256.c.o
[  2%] Building C object ggml/src/CMakeFiles/ggml.dir/ggml.c.o
[  3%] Building C object examples/gguf-hash/CMakeFiles/xxhash.dir/deps/xxhash/xxhash.c.o
-- Found Git: /usr/bin/git (found version "2.34.1") 
[  4%] Building C object ggml/src/CMakeFiles/ggml.dir/ggml-alloc.c.o
[  5%] Building C object ggml/src/CMakeFiles/ggml.dir/ggml-quants.c.o
[  5%] Built target sha1
[  5%] Building C object ggml/src/CMakeFiles/ggml.dir/ggml-backend.c.o
[  5%] Building CXX object ggml/src/CMakeFiles/ggml.dir/llamafile/sgemm.cpp.o
[  5%] Built target sha256
[  5%] Built target xxhash
[  6%] Building C object ggml/src/CMakeFiles/ggml.dir/ggml-aarch64.c.o
[  7%] Linking CXX shared library libggml.so
[  8%] Building CXX object common/CMakeFiles/build_info.dir/build-info.cpp.o
[  8%] Built target build_info
[  8%] Built target ggml
[  9%] Building CXX object examples/gguf-hash/CMakeFiles/llama-gguf-hash.dir/gguf-hash.cpp.o
[  9%] Building CXX object src/CMakeFiles/llama.dir/llama.cpp.o
[ 10%] Building CXX object examples/gguf/CMakeFiles/llama-gguf.dir/gguf.cpp.o
[ 11%] Building CXX object src/CMakeFiles/llama.dir/llama-vocab.cpp.o
[ 12%] Building CXX object src/CMakeFiles/llama.dir/llama-sampling.cpp.o
[ 12%] Building CXX object src/CMakeFiles/llama.dir/llama-grammar.cpp.o
[ 12%] Building CXX object src/CMakeFiles/llama.dir/unicode-data.cpp.o
[ 13%] Building CXX object src/CMakeFiles/llama.dir/unicode.cpp.o
[ 14%] Linking CXX executable ../../bin/llama-gguf-hash
[ 14%] Linking CXX executable ../../bin/llama-gguf
[ 15%] Linking CXX shared library libllama.so
[ 15%] Built target llama-gguf
[ 15%] Built target llama-gguf-hash
[ 15%] Built target llama
[ 15%] Building CXX object examples/benchmark/CMakeFiles/llama-bench-matmult.dir/benchmark-matmult.cpp.o
[ 15%] Building CXX object common/CMakeFiles/common.dir/common.cpp.o
[ 16%] Building CXX object common/CMakeFiles/common.dir/grammar-parser.cpp.o
[ 16%] Building CXX object common/CMakeFiles/common.dir/console.cpp.o
[ 17%] Building CXX object common/CMakeFiles/common.dir/json-schema-to-grammar.cpp.o
[ 18%] Building CXX object common/CMakeFiles/common.dir/sampling.cpp.o
[ 19%] Building CXX object examples/llava/CMakeFiles/llava.dir/llava.cpp.o
[ 20%] Building C object tests/CMakeFiles/test-c.dir/test-c.c.o
[ 20%] Building CXX object examples/quantize-stats/CMakeFiles/llama-quantize-stats.dir/quantize-stats.cpp.o
[ 20%] Building CXX object common/CMakeFiles/common.dir/train.cpp.o
[ 20%] Building CXX object examples/llava/CMakeFiles/llava.dir/clip.cpp.o
[ 21%] Linking C executable ../bin/test-c
[ 22%] Linking CXX executable ../../bin/llama-bench-matmult
[ 23%] Building CXX object common/CMakeFiles/common.dir/ngram-cache.cpp.o
[ 24%] Linking CXX executable ../../bin/llama-quantize-stats
[ 24%] Built target llava
[ 25%] Linking CXX static library libllava_static.a
[ 26%] Linking CXX shared library libllava_shared.so
[ 26%] Built target test-c
[ 26%] Linking CXX static library libcommon.a
[ 26%] Built target llama-bench-matmult
[ 26%] Built target llava_static
[ 26%] Built target llama-quantize-stats
[ 26%] Built target llava_shared
[ 26%] Built target common
[ 27%] Building CXX object tests/CMakeFiles/test-tokenizer-0.dir/test-tokenizer-0.cpp.o
[ 27%] Building CXX object tests/CMakeFiles/test-tokenizer-1-bpe.dir/test-tokenizer-1-bpe.cpp.o
[ 27%] Building CXX object tests/CMakeFiles/test-tokenizer-1-spm.dir/test-tokenizer-1-spm.cpp.o
[ 28%] Building CXX object tests/CMakeFiles/test-quantize-perf.dir/test-quantize-perf.cpp.o
[ 28%] Building CXX object tests/CMakeFiles/test-chat-template.dir/test-chat-template.cpp.o
[ 28%] Building CXX object tests/CMakeFiles/test-quantize-perf.dir/get-model.cpp.o
[ 28%] Building CXX object tests/CMakeFiles/test-quantize-fns.dir/get-model.cpp.o
[ 29%] Building CXX object tests/CMakeFiles/test-sampling.dir/get-model.cpp.o
[ 30%] Building CXX object tests/CMakeFiles/test-quantize-fns.dir/test-quantize-fns.cpp.o
[ 31%] Building CXX object tests/CMakeFiles/test-chat-template.dir/get-model.cpp.o
[ 31%] Building CXX object tests/CMakeFiles/test-sampling.dir/test-sampling.cpp.o
[ 32%] Building CXX object tests/CMakeFiles/test-grammar-parser.dir/test-grammar-parser.cpp.o
[ 33%] Linking CXX executable ../bin/test-tokenizer-0
[ 33%] Linking CXX executable ../bin/test-chat-template
[ 34%] Linking CXX executable ../bin/test-tokenizer-1-spm
[ 34%] Building CXX object tests/CMakeFiles/test-grammar-parser.dir/get-model.cpp.o
[ 35%] Building CXX object tests/CMakeFiles/test-grammar-integration.dir/test-grammar-integration.cpp.o
[ 35%] Linking CXX executable ../bin/test-sampling
[ 36%] Linking CXX executable ../bin/test-tokenizer-1-bpe
[ 36%] Building CXX object tests/CMakeFiles/test-grammar-integration.dir/get-model.cpp.o
[ 37%] Linking CXX executable ../bin/test-quantize-fns
[ 37%] Building CXX object tests/CMakeFiles/test-backend-ops.dir/test-backend-ops.cpp.o
[ 37%] Building CXX object tests/CMakeFiles/test-llama-grammar.dir/test-llama-grammar.cpp.o
[ 38%] Linking CXX executable ../bin/test-quantize-perf
[ 39%] Building CXX object tests/CMakeFiles/test-backend-ops.dir/get-model.cpp.o
[ 40%] Building CXX object tests/CMakeFiles/test-rope.dir/get-model.cpp.o
[ 41%] Linking CXX executable ../bin/test-grammar-parser
[ 41%] Building CXX object tests/CMakeFiles/test-autorelease.dir/test-autorelease.cpp.o
[ 41%] Building CXX object tests/CMakeFiles/test-rope.dir/test-rope.cpp.o
[ 42%] Building CXX object tests/CMakeFiles/test-autorelease.dir/get-model.cpp.o
[ 43%] Building CXX object tests/CMakeFiles/test-llama-grammar.dir/get-model.cpp.o
[ 44%] Building CXX object tests/CMakeFiles/test-grad0.dir/test-grad0.cpp.o
[ 45%] Building CXX object tests/CMakeFiles/test-grad0.dir/get-model.cpp.o
[ 46%] Linking CXX executable ../bin/test-grammar-integration
[ 47%] Linking CXX executable ../bin/test-autorelease
[ 48%] Building CXX object tests/CMakeFiles/test-json-schema-to-grammar.dir/test-json-schema-to-grammar.cpp.o
[ 48%] Building CXX object tests/CMakeFiles/test-model-load-cancel.dir/test-model-load-cancel.cpp.o
[ 49%] Building CXX object tests/CMakeFiles/test-model-load-cancel.dir/get-model.cpp.o
[ 50%] Linking CXX executable ../bin/test-rope
[ 51%] Building CXX object tests/CMakeFiles/test-json-schema-to-grammar.dir/get-model.cpp.o
[ 51%] Linking CXX executable ../bin/test-grad0
[ 51%] Linking CXX executable ../bin/test-backend-ops
[ 51%] Linking CXX executable ../bin/test-llama-grammar
[ 52%] Building CXX object examples/cvector-generator/CMakeFiles/llama-cvector-generator.dir/cvector-generator.cpp.o
[ 52%] Building CXX object examples/baby-llama/CMakeFiles/llama-baby-llama.dir/baby-llama.cpp.o
[ 53%] Building CXX object examples/batched-bench/CMakeFiles/llama-batched-bench.dir/batched-bench.cpp.o
[ 53%] Linking CXX executable ../bin/test-model-load-cancel
[ 54%] Building CXX object examples/batched/CMakeFiles/llama-batched.dir/batched.cpp.o
[ 55%] Linking CXX executable ../../bin/llama-baby-llama
[ 56%] Building CXX object examples/convert-llama2c-to-ggml/CMakeFiles/llama-convert-llama2c-to-ggml.dir/convert-llama2c-to-ggml.cpp.o
[ 57%] Building CXX object examples/embedding/CMakeFiles/llama-embedding.dir/embedding.cpp.o
[ 57%] Building CXX object examples/eval-callback/CMakeFiles/llama-eval-callback.dir/eval-callback.cpp.o
[ 57%] Linking CXX executable ../../bin/llama-cvector-generator
[ 57%] Linking CXX executable ../../bin/llama-batched-bench
[ 57%] Linking CXX executable ../../bin/llama-batched
[ 58%] Linking CXX executable ../bin/test-json-schema-to-grammar
[ 59%] Building CXX object examples/gbnf-validator/CMakeFiles/llama-gbnf-validator.dir/gbnf-validator.cpp.o
[ 59%] Building CXX object examples/export-lora/CMakeFiles/llama-export-lora.dir/export-lora.cpp.o
[ 59%] Building CXX object examples/gguf-split/CMakeFiles/llama-gguf-split.dir/gguf-split.cpp.o
[ 60%] Linking CXX executable ../../bin/llama-eval-callback
[ 60%] Building CXX object examples/gritlm/CMakeFiles/llama-gritlm.dir/gritlm.cpp.o
[ 60%] Linking CXX executable ../../bin/llama-convert-llama2c-to-ggml
[ 61%] Linking CXX executable ../../bin/llama-embedding
[ 62%] Building CXX object examples/imatrix/CMakeFiles/llama-imatrix.dir/imatrix.cpp.o
[ 62%] Linking CXX executable ../../bin/llama-gbnf-validator
[ 63%] Building CXX object examples/llama-bench/CMakeFiles/llama-bench.dir/llama-bench.cpp.o
[ 64%] Building CXX object examples/infill/CMakeFiles/llama-infill.dir/infill.cpp.o
[ 65%] Linking CXX executable ../../bin/llama-gguf-split
[ 66%] Linking CXX executable ../../bin/llama-export-lora
[ 67%] Building CXX object examples/llava/CMakeFiles/llama-llava-cli.dir/llava-cli.cpp.o
[ 68%] Linking CXX executable ../../bin/llama-gritlm
[ 68%] Linking CXX executable ../../bin/llama-imatrix
[ 68%] Building CXX object examples/lookahead/CMakeFiles/llama-lookahead.dir/lookahead.cpp.o
[ 68%] Linking CXX executable ../../bin/llama-infill
[ 68%] Building CXX object examples/lookup/CMakeFiles/llama-lookup.dir/lookup.cpp.o
[ 68%] Built target test-grad0
[ 69%] Building CXX object examples/lookup/CMakeFiles/llama-lookup-create.dir/lookup-create.cpp.o
[ 70%] Linking CXX executable ../../bin/llama-llava-cli
[ 71%] Linking CXX executable ../../bin/llama-bench
[ 69%] Built target test-quantize-fns
[ 73%] Building CXX object examples/lookup/CMakeFiles/llama-lookup-merge.dir/lookup-merge.cpp.o
[ 73%] Building CXX object examples/lookup/CMakeFiles/llama-lookup-stats.dir/lookup-stats.cpp.o
[ 74%] Linking CXX executable ../../bin/llama-lookahead
[ 75%] Linking CXX executable ../../bin/llama-lookup
[ 75%] Building CXX object examples/main/CMakeFiles/llama-cli.dir/main.cpp.o
[ 75%] Building CXX object examples/parallel/CMakeFiles/llama-parallel.dir/parallel.cpp.o
[ 75%] Linking CXX executable ../../bin/llama-lookup-create
[ 76%] Linking CXX executable ../../bin/llama-lookup-stats
[ 76%] Building CXX object examples/passkey/CMakeFiles/llama-passkey.dir/passkey.cpp.o
[ 77%] Building CXX object examples/perplexity/CMakeFiles/llama-perplexity.dir/perplexity.cpp.o
[ 77%] Linking CXX executable ../../bin/llama-lookup-merge
[ 77%] Built target test-rope
[ 78%] Building CXX object examples/quantize/CMakeFiles/llama-quantize.dir/quantize.cpp.o
[ 79%] Linking CXX executable ../../bin/llama-cli
[ 80%] Generating theme-snowstorm.css.hpp
[ 80%] Building CXX object examples/retrieval/CMakeFiles/llama-retrieval.dir/retrieval.cpp.o
[ 81%] Linking CXX executable ../../bin/llama-parallel
[ 81%] Built target test-quantize-perf
[ 82%] Generating colorthemes.css.hpp
[ 82%] Generating completion.js.hpp
[ 82%] Generating index-new.html.hpp
[ 83%] Linking CXX executable ../../bin/llama-passkey
[ 84%] Building CXX object examples/save-load-state/CMakeFiles/llama-save-load-state.dir/save-load-state.cpp.o
[ 85%] Linking CXX executable ../../bin/llama-quantize
[ 85%] Linking CXX executable ../../bin/llama-perplexity
[ 86%] Building CXX object examples/simple/CMakeFiles/llama-simple.dir/simple.cpp.o
[ 86%] Built target test-sampling
[ 86%] Building CXX object examples/speculative/CMakeFiles/llama-speculative.dir/speculative.cpp.o
[ 87%] Generating index.html.hpp
[ 87%] Building CXX object examples/tokenize/CMakeFiles/llama-tokenize.dir/tokenize.cpp.o
[ 88%] Generating index.js.hpp
[ 89%] Linking CXX executable ../../bin/llama-retrieval
[ 89%] Generating json-schema-to-grammar.mjs.hpp
[ 89%] Linking CXX executable ../../bin/llama-save-load-state
[ 90%] Building CXX object pocs/vdot/CMakeFiles/llama-q8dot.dir/q8dot.cpp.o
[ 91%] Linking CXX executable ../../bin/llama-simple
[ 92%] Building CXX object pocs/vdot/CMakeFiles/llama-vdot.dir/vdot.cpp.o
[ 93%] Generating prompt-formats.js.hpp
[ 93%] Generating style.css.hpp
[ 93%] Built target test-grammar-parser
[ 94%] Linking CXX executable ../../bin/llama-speculative
[ 95%] Linking CXX executable ../../bin/llama-tokenize
[ 96%] Generating system-prompts.js.hpp
[ 96%] Built target test-autorelease
[ 96%] Built target test-model-load-cancel
[ 96%] Linking CXX executable ../../bin/llama-q8dot
[ 97%] Generating theme-beeninorder.css.hpp
[ 97%] Linking CXX executable ../../bin/llama-vdot
[ 97%] Built target test-backend-ops
[ 98%] Generating theme-ketivah.css.hpp
[ 98%] Generating theme-mangotango.css.hpp
[ 99%] Generating theme-playground.css.hpp
[ 99%] Generating theme-polarnight.css.hpp
[ 99%] Built target llama-convert-llama2c-to-ggml
[ 99%] Built target test-llama-grammar
[ 99%] Built target llama-gguf-split
[ 99%] Built target llama-lookup-merge
[100%] Building CXX object examples/server/CMakeFiles/llama-server.dir/server.cpp.o
[100%] Built target llama-gbnf-validator
[100%] Built target llama-q8dot
[100%] Built target llama-vdot
[100%] Built target test-grammar-integration
[100%] Built target test-json-schema-to-grammar
[100%] Built target test-tokenizer-0
[100%] Built target test-chat-template
[100%] Built target llama-gritlm
[100%] Built target test-tokenizer-1-spm
[100%] Built target llama-eval-callback
[100%] Built target llama-infill
[100%] Built target test-tokenizer-1-bpe
[100%] Built target llama-lookahead
[100%] Linking CXX executable ../../bin/llama-server
[100%] Built target llama-baby-llama
[100%] Built target llama-imatrix
[100%] Built target llama-tokenize
[100%] Built target llama-parallel
[100%] Built target llama-export-lora
[100%] Built target llama-batched-bench
[100%] Built target llama-cvector-generator
[100%] Built target llama-batched
[100%] Built target llama-embedding
[100%] Built target llama-simple
[100%] Built target llama-llava-cli
[100%] Built target llama-quantize
[100%] Built target llama-passkey
[100%] Built target llama-lookup-create
[100%] Built target llama-save-load-state
[100%] Built target llama-lookup
[100%] Built target llama-cli
[100%] Built target llama-speculative
[100%] Built target llama-lookup-stats
[100%] Built target llama-perplexity
[100%] Built target llama-bench
[100%] Built target llama-retrieval
[100%] Built target llama-server

real	0m7.611s
user	0m23.575s
sys	0m3.789s
+ tee -a /home/ggml/results/llama.cpp/c2/1a896405de4cdf4207eb8130555ceaac0ab110/ggml-0-x86-cpu-low-perf/ctest_debug-ctest.log
+ ctest --output-on-failure -L main -E test-opt
Test project /home/ggml/work/llama.cpp/build-ci-debug
      Start  1: test-tokenizer-0-bert-bge
 1/25 Test  #1: test-tokenizer-0-bert-bge .........   Passed    0.08 sec
      Start  2: test-tokenizer-0-command-r
 2/25 Test  #2: test-tokenizer-0-command-r ........   Passed    1.78 sec
      Start  3: test-tokenizer-0-deepseek-coder
 3/25 Test  #3: test-tokenizer-0-deepseek-coder ...   Passed    0.23 sec
      Start  4: test-tokenizer-0-deepseek-llm
 4/25 Test  #4: test-tokenizer-0-deepseek-llm .....   Passed    0.66 sec
      Start  5: test-tokenizer-0-falcon
 5/25 Test  #5: test-tokenizer-0-falcon ...........   Passed    0.40 sec
      Start  6: test-tokenizer-0-gpt-2
 6/25 Test  #6: test-tokenizer-0-gpt-2 ............   Passed    0.31 sec
      Start  7: test-tokenizer-0-llama-bpe
 7/25 Test  #7: test-tokenizer-0-llama-bpe ........   Passed    1.26 sec
      Start  8: test-tokenizer-0-llama-spm
 8/25 Test  #8: test-tokenizer-0-llama-spm ........   Passed    0.08 sec
      Start  9: test-tokenizer-0-mpt
 9/25 Test  #9: test-tokenizer-0-mpt ..............   Passed    0.32 sec
      Start 10: test-tokenizer-0-phi-3
10/25 Test #10: test-tokenizer-0-phi-3 ............   Passed    0.08 sec
      Start 11: test-tokenizer-0-qwen2
11/25 Test #11: test-tokenizer-0-qwen2 ............   Passed    1.03 sec
      Start 12: test-tokenizer-0-refact
12/25 Test #12: test-tokenizer-0-refact ...........   Passed    0.31 sec
      Start 13: test-tokenizer-0-starcoder
13/25 Test #13: test-tokenizer-0-starcoder ........   Passed    0.31 sec
      Start 14: test-tokenizer-1-llama-spm
14/25 Test #14: test-tokenizer-1-llama-spm ........   Passed    2.03 sec
      Start 15: test-quantize-fns
15/25 Test #15: test-quantize-fns .................   Passed   30.98 sec
      Start 16: test-quantize-perf
16/25 Test #16: test-quantize-perf ................   Passed    9.14 sec
      Start 17: test-sampling
17/25 Test #17: test-sampling .....................   Passed    0.03 sec
      Start 18: test-chat-template
18/25 Test #18: test-chat-template ................   Passed    0.00 sec
      Start 19: test-grammar-parser
19/25 Test #19: test-grammar-parser ...............   Passed    0.00 sec
      Start 20: test-llama-grammar
20/25 Test #20: test-llama-grammar ................   Passed    0.00 sec
      Start 21: test-grammar-integration
21/25 Test #21: test-grammar-integration ..........   Passed    0.03 sec
      Start 22: test-grad0
22/25 Test #22: test-grad0 ........................   Passed    0.19 sec
      Start 23: test-backend-ops
23/25 Test #23: test-backend-ops ..................   Passed    0.00 sec
      Start 24: test-rope
24/25 Test #24: test-rope .........................   Passed    0.06 sec
      Start 27: test-json-schema-to-grammar
25/25 Test #27: test-json-schema-to-grammar .......   Passed    0.04 sec

100% tests passed, 0 tests failed out of 25

Label Time Summary:
main    =  49.36 sec*proc (25 tests)

Total Test time (real) =  49.37 sec

real	0m49.392s
user	0m54.295s
sys	0m0.312s
+ set +e
+ cur=0
+ echo 0
+ set +x
+ gg_run_ctest_release
+ cd /home/ggml/work/llama.cpp
+ rm -rf build-ci-release
+ tee /home/ggml/results/llama.cpp/c2/1a896405de4cdf4207eb8130555ceaac0ab110/ggml-0-x86-cpu-low-perf/ctest_release.log
+ mkdir build-ci-release
+ cd build-ci-release
+ set -e
+ gg_check_build_requirements
+ command -v cmake
+ command -v make
+ command -v ctest
+ tee -a /home/ggml/results/llama.cpp/c2/1a896405de4cdf4207eb8130555ceaac0ab110/ggml-0-x86-cpu-low-perf/ctest_release-cmake.log
+ cmake -DCMAKE_BUILD_TYPE=Release -DLLAMA_FATAL_WARNINGS=ON ..
-- The C compiler identification is GNU 11.4.0
-- The CXX compiler identification is GNU 11.4.0
-- Detecting C compiler ABI info
-- Detecting C compiler ABI info - done
-- Check for working C compiler: /usr/bin/cc - skipped
-- Detecting C compile features
-- Detecting C compile features - done
-- Detecting CXX compiler ABI info
-- Detecting CXX compiler ABI info - done
-- Check for working CXX compiler: /usr/bin/c++ - skipped
-- Detecting CXX compile features
-- Detecting CXX compile features - done
-- Found Git: /usr/bin/git (found version "2.34.1") 
-- Performing Test CMAKE_HAVE_LIBC_PTHREAD
-- Performing Test CMAKE_HAVE_LIBC_PTHREAD - Success
-- Found Threads: TRUE  
-- Found OpenMP_C: -fopenmp (found version "4.5") 
-- Found OpenMP_CXX: -fopenmp (found version "4.5") 
-- Found OpenMP: TRUE (found version "4.5")  
-- OpenMP found
-- Using llamafile
-- ccache found, compilation results will be cached. Disable with GGML_CCACHE=OFF.
-- CMAKE_SYSTEM_PROCESSOR: x86_64
-- x86 detected
-- Configuring done (0.6s)
-- Generating done (0.1s)
-- Build files have been written to: /home/ggml/work/llama.cpp/build-ci-release

real	0m0.683s
user	0m0.480s
sys	0m0.206s
+ tee -a /home/ggml/results/llama.cpp/c2/1a896405de4cdf4207eb8130555ceaac0ab110/ggml-0-x86-cpu-low-perf/ctest_release-make.log
+ make -j
[  1%] Building CXX object common/CMakeFiles/build_info.dir/build-info.cpp.o
[  2%] Building C object examples/gguf-hash/CMakeFiles/xxhash.dir/deps/xxhash/xxhash.c.o
[  3%] Building C object examples/gguf-hash/CMakeFiles/sha256.dir/deps/sha256/sha256.c.o
[  4%] Building C object ggml/src/CMakeFiles/ggml.dir/ggml-alloc.c.o
[  5%] Building C object ggml/src/CMakeFiles/ggml.dir/ggml.c.o
[  5%] Building C object ggml/src/CMakeFiles/ggml.dir/ggml-backend.c.o
[  6%] Building C object ggml/src/CMakeFiles/ggml.dir/ggml-quants.c.o
[  6%] Building C object examples/gguf-hash/CMakeFiles/sha1.dir/deps/sha1/sha1.c.o
[  6%] Building CXX object ggml/src/CMakeFiles/ggml.dir/llamafile/sgemm.cpp.o
[  6%] Built target xxhash
[  7%] Building C object ggml/src/CMakeFiles/ggml.dir/ggml-aarch64.c.o
[  7%] Built target sha256
[  7%] Built target sha1
[  8%] Linking CXX shared library libggml.so
[  8%] Built target build_info
[  8%] Built target ggml
[  9%] Building CXX object examples/gguf-hash/CMakeFiles/llama-gguf-hash.dir/gguf-hash.cpp.o
[ 10%] Building CXX object examples/gguf/CMakeFiles/llama-gguf.dir/gguf.cpp.o
[ 10%] Building CXX object src/CMakeFiles/llama.dir/llama.cpp.o
[ 11%] Building CXX object src/CMakeFiles/llama.dir/llama-vocab.cpp.o
[ 11%] Building CXX object src/CMakeFiles/llama.dir/llama-grammar.cpp.o
[ 12%] Building CXX object src/CMakeFiles/llama.dir/unicode.cpp.o
[ 13%] Building CXX object src/CMakeFiles/llama.dir/llama-sampling.cpp.o
[ 14%] Linking CXX executable ../../bin/llama-gguf-hash
[ 14%] Linking CXX executable ../../bin/llama-gguf
[ 14%] Building CXX object src/CMakeFiles/llama.dir/unicode-data.cpp.o
[ 15%] Linking CXX shared library libllama.so
[ 15%] Built target llama-gguf
[ 15%] Built target llama-gguf-hash
[ 15%] Built target llama
[ 16%] Building C object tests/CMakeFiles/test-c.dir/test-c.c.o
[ 16%] Building CXX object common/CMakeFiles/common.dir/common.cpp.o
[ 17%] Building CXX object common/CMakeFiles/common.dir/sampling.cpp.o
[ 18%] Building CXX object examples/llava/CMakeFiles/llava.dir/llava.cpp.o
[ 18%] Building CXX object examples/benchmark/CMakeFiles/llama-bench-matmult.dir/benchmark-matmult.cpp.o
[ 18%] Building CXX object examples/llava/CMakeFiles/llava.dir/clip.cpp.o
[ 18%] Building CXX object examples/quantize-stats/CMakeFiles/llama-quantize-stats.dir/quantize-stats.cpp.o
[ 18%] Building CXX object common/CMakeFiles/common.dir/console.cpp.o
[ 19%] Building CXX object common/CMakeFiles/common.dir/json-schema-to-grammar.cpp.o
[ 21%] Building CXX object common/CMakeFiles/common.dir/grammar-parser.cpp.o
[ 21%] Linking C executable ../bin/test-c
[ 21%] Building CXX object common/CMakeFiles/common.dir/train.cpp.o
[ 22%] Building CXX object common/CMakeFiles/common.dir/ngram-cache.cpp.o
[ 23%] Linking CXX executable ../../bin/llama-bench-matmult
[ 23%] Built target llava
[ 24%] Linking CXX executable ../../bin/llama-quantize-stats
[ 25%] Linking CXX shared library libllava_shared.so
[ 25%] Built target test-c
[ 25%] Linking CXX static library libcommon.a
[ 26%] Linking CXX static library libllava_static.a
[ 26%] Built target llava_static
[ 26%] Built target common
[ 27%] Building CXX object tests/CMakeFiles/test-tokenizer-0.dir/test-tokenizer-0.cpp.o
[ 27%] Building CXX object tests/CMakeFiles/test-tokenizer-1-spm.dir/test-tokenizer-1-spm.cpp.o
[ 27%] Building CXX object tests/CMakeFiles/test-quantize-fns.dir/get-model.cpp.o
[ 28%] Building CXX object tests/CMakeFiles/test-quantize-fns.dir/test-quantize-fns.cpp.o
[ 27%] Built target llama-bench-matmult
[ 29%] Linking CXX executable ../bin/test-tokenizer-1-spm
[ 29%] Built target llava_shared
[ 29%] Building CXX object tests/CMakeFiles/test-tokenizer-1-bpe.dir/test-tokenizer-1-bpe.cpp.o
[ 30%] Building CXX object tests/CMakeFiles/test-quantize-perf.dir/test-quantize-perf.cpp.o
[ 30%] Building CXX object tests/CMakeFiles/test-quantize-perf.dir/get-model.cpp.o
[ 31%] Building CXX object tests/CMakeFiles/test-sampling.dir/get-model.cpp.o
[ 32%] Linking CXX executable ../bin/test-tokenizer-0
[ 33%] Linking CXX executable ../bin/test-quantize-fns
[ 33%] Built target llama-quantize-stats
[ 33%] Building CXX object tests/CMakeFiles/test-sampling.dir/test-sampling.cpp.o
[ 33%] Building CXX object tests/CMakeFiles/test-chat-template.dir/test-chat-template.cpp.o
[ 34%] Linking CXX executable ../bin/test-tokenizer-1-bpe
[ 35%] Linking CXX executable ../bin/test-quantize-perf
[ 36%] Building CXX object tests/CMakeFiles/test-grammar-parser.dir/test-grammar-parser.cpp.o
[ 36%] Building CXX object tests/CMakeFiles/test-grammar-parser.dir/get-model.cpp.o
[ 36%] Linking CXX executable ../bin/test-sampling
[ 37%] Building CXX object tests/CMakeFiles/test-chat-template.dir/get-model.cpp.o
[ 37%] Building CXX object tests/CMakeFiles/test-llama-grammar.dir/test-llama-grammar.cpp.o
[ 38%] Building CXX object tests/CMakeFiles/test-llama-grammar.dir/get-model.cpp.o
[ 39%] Building CXX object tests/CMakeFiles/test-grammar-integration.dir/test-grammar-integration.cpp.o
[ 39%] Building CXX object tests/CMakeFiles/test-grammar-integration.dir/get-model.cpp.o
[ 40%] Building CXX object tests/CMakeFiles/test-grad0.dir/test-grad0.cpp.o
[ 40%] Linking CXX executable ../bin/test-chat-template
[ 40%] Linking CXX executable ../bin/test-llama-grammar
[ 40%] Building CXX object tests/CMakeFiles/test-backend-ops.dir/test-backend-ops.cpp.o
[ 41%] Building CXX object tests/CMakeFiles/test-backend-ops.dir/get-model.cpp.o
[ 42%] Building CXX object tests/CMakeFiles/test-grad0.dir/get-model.cpp.o
[ 43%] Linking CXX executable ../bin/test-grammar-parser
[ 44%] Building CXX object tests/CMakeFiles/test-rope.dir/get-model.cpp.o
[ 45%] Building CXX object tests/CMakeFiles/test-rope.dir/test-rope.cpp.o
[ 45%] Linking CXX executable ../bin/test-grammar-integration
[ 45%] Linking CXX executable ../bin/test-backend-ops
[ 45%] Linking CXX executable ../bin/test-grad0
[ 45%] Built target test-tokenizer-1-spm
[ 46%] Building CXX object tests/CMakeFiles/test-model-load-cancel.dir/test-model-load-cancel.cpp.o
[ 47%] Linking CXX executable ../bin/test-rope
[ 47%] Building CXX object tests/CMakeFiles/test-autorelease.dir/test-autorelease.cpp.o
[ 48%] Building CXX object tests/CMakeFiles/test-model-load-cancel.dir/get-model.cpp.o
[ 48%] Building CXX object tests/CMakeFiles/test-json-schema-to-grammar.dir/test-json-schema-to-grammar.cpp.o
[ 49%] Building CXX object tests/CMakeFiles/test-autorelease.dir/get-model.cpp.o
[ 50%] Building CXX object examples/cvector-generator/CMakeFiles/llama-cvector-generator.dir/cvector-generator.cpp.o
[ 51%] Building CXX object tests/CMakeFiles/test-json-schema-to-grammar.dir/get-model.cpp.o
[ 51%] Building CXX object examples/baby-llama/CMakeFiles/llama-baby-llama.dir/baby-llama.cpp.o
[ 51%] Linking CXX executable ../bin/test-model-load-cancel
[ 52%] Building CXX object examples/batched-bench/CMakeFiles/llama-batched-bench.dir/batched-bench.cpp.o
[ 52%] Built target test-grammar-parser
[ 52%] Linking CXX executable ../../bin/llama-cvector-generator
[ 53%] Linking CXX executable ../bin/test-autorelease
[ 54%] Linking CXX executable ../../bin/llama-baby-llama
[ 54%] Built target test-sampling
[ 55%] Building CXX object examples/batched/CMakeFiles/llama-batched.dir/batched.cpp.o
[ 55%] Built target test-tokenizer-0
[ 56%] Linking CXX executable ../bin/test-json-schema-to-grammar
[ 56%] Built target test-grad0
[ 56%] Linking CXX executable ../../bin/llama-batched-bench
[ 56%] Linking CXX executable ../../bin/llama-batched
[ 57%] Building CXX object examples/convert-llama2c-to-ggml/CMakeFiles/llama-convert-llama2c-to-ggml.dir/convert-llama2c-to-ggml.cpp.o
[ 57%] Building CXX object examples/eval-callback/CMakeFiles/llama-eval-callback.dir/eval-callback.cpp.o
[ 58%] Building CXX object examples/embedding/CMakeFiles/llama-embedding.dir/embedding.cpp.o
[ 57%] Built target test-backend-ops
[ 58%] Building CXX object examples/export-lora/CMakeFiles/llama-export-lora.dir/export-lora.cpp.o
[ 58%] Built target test-llama-grammar
[ 58%] Linking CXX executable ../../bin/llama-convert-llama2c-to-ggml
[ 59%] Linking CXX executable ../../bin/llama-embedding
[ 60%] Building CXX object examples/gbnf-validator/CMakeFiles/llama-gbnf-validator.dir/gbnf-validator.cpp.o
[ 60%] Building CXX object examples/gguf-split/CMakeFiles/llama-gguf-split.dir/gguf-split.cpp.o
[ 61%] Built target test-rope
[ 61%] Linking CXX executable ../../bin/llama-eval-callback
[ 61%] Built target test-quantize-fns
[ 62%] Linking CXX executable ../../bin/llama-export-lora
[ 62%] Built target test-grammar-integration
[ 62%] Linking CXX executable ../../bin/llama-gbnf-validator
[ 62%] Built target test-quantize-perf
[ 62%] Built target test-model-load-cancel
[ 63%] Linking CXX executable ../../bin/llama-gguf-split
[ 64%] Building CXX object examples/imatrix/CMakeFiles/llama-imatrix.dir/imatrix.cpp.o
[ 64%] Building CXX object examples/gritlm/CMakeFiles/llama-gritlm.dir/gritlm.cpp.o
[ 65%] Building CXX object examples/infill/CMakeFiles/llama-infill.dir/infill.cpp.o
[ 66%] Linking CXX executable ../../bin/llama-gritlm
[ 66%] Linking CXX executable ../../bin/llama-imatrix
[ 67%] Building CXX object examples/llama-bench/CMakeFiles/llama-bench.dir/llama-bench.cpp.o
[ 67%] Building CXX object examples/lookahead/CMakeFiles/llama-lookahead.dir/lookahead.cpp.o
[ 68%] Building CXX object examples/llava/CMakeFiles/llama-llava-cli.dir/llava-cli.cpp.o
[ 68%] Linking CXX executable ../../bin/llama-infill
[ 68%] Building CXX object examples/lookup/CMakeFiles/llama-lookup.dir/lookup.cpp.o
[ 68%] Built target test-tokenizer-1-bpe
[ 69%] Linking CXX executable ../../bin/llama-lookahead
[ 70%] Building CXX object examples/lookup/CMakeFiles/llama-lookup-create.dir/lookup-create.cpp.o
[ 71%] Linking CXX executable ../../bin/llama-llava-cli
[ 72%] Building CXX object examples/lookup/CMakeFiles/llama-lookup-merge.dir/lookup-merge.cpp.o
[ 73%] Linking CXX executable ../../bin/llama-bench
[ 74%] Building CXX object examples/lookup/CMakeFiles/llama-lookup-stats.dir/lookup-stats.cpp.o
[ 72%] Built target test-json-schema-to-grammar
[ 75%] Linking CXX executable ../../bin/llama-lookup
[ 75%] Building CXX object examples/main/CMakeFiles/llama-cli.dir/main.cpp.o
[ 75%] Linking CXX executable ../../bin/llama-lookup-create
[ 75%] Built target test-autorelease
[ 75%] Building CXX object examples/parallel/CMakeFiles/llama-parallel.dir/parallel.cpp.o
[ 75%] Linking CXX executable ../../bin/llama-lookup-merge
[ 75%] Built target test-chat-template
[ 76%] Linking CXX executable ../../bin/llama-lookup-stats
[ 77%] Linking CXX executable ../../bin/llama-cli
[ 77%] Built target llama-convert-llama2c-to-ggml
[ 77%] Built target llama-baby-llama
[ 77%] Building CXX object examples/passkey/CMakeFiles/llama-passkey.dir/passkey.cpp.o
[ 78%] Building CXX object examples/perplexity/CMakeFiles/llama-perplexity.dir/perplexity.cpp.o
[ 78%] Built target llama-eval-callback
[ 79%] Linking CXX executable ../../bin/llama-parallel
[ 78%] Built target llama-cvector-generator
[ 80%] Building CXX object examples/quantize/CMakeFiles/llama-quantize.dir/quantize.cpp.o
[ 80%] Building CXX object examples/retrieval/CMakeFiles/llama-retrieval.dir/retrieval.cpp.o
[ 81%] Linking CXX executable ../../bin/llama-passkey
[ 82%] Generating theme-snowstorm.css.hpp
[ 82%] Linking CXX executable ../../bin/llama-perplexity
[ 83%] Generating colorthemes.css.hpp
[ 83%] Generating completion.js.hpp
[ 83%] Generating index-new.html.hpp
[ 84%] Linking CXX executable ../../bin/llama-quantize
[ 85%] Building CXX object examples/save-load-state/CMakeFiles/llama-save-load-state.dir/save-load-state.cpp.o
[ 86%] Linking CXX executable ../../bin/llama-retrieval
[ 87%] Generating index.html.hpp
[ 84%] Built target llama-gbnf-validator
[ 87%] Building CXX object examples/speculative/CMakeFiles/llama-speculative.dir/speculative.cpp.o
[ 88%] Generating index.js.hpp
[ 89%] Building CXX object examples/simple/CMakeFiles/llama-simple.dir/simple.cpp.o
[ 89%] Building CXX object examples/tokenize/CMakeFiles/llama-tokenize.dir/tokenize.cpp.o
[ 89%] Built target llama-batched-bench
[ 89%] Built target llama-embedding
[ 89%] Generating json-schema-to-grammar.mjs.hpp
[ 90%] Generating prompt-formats.js.hpp
[ 90%] Built target llama-gguf-split
[ 90%] Built target llama-batched
[ 90%] Linking CXX executable ../../bin/llama-save-load-state
[ 90%] Generating style.css.hpp
[ 91%] Generating system-prompts.js.hpp
[ 92%] Linking CXX executable ../../bin/llama-speculative
[ 93%] Linking CXX executable ../../bin/llama-tokenize
[ 94%] Linking CXX executable ../../bin/llama-simple
[ 95%] Building CXX object pocs/vdot/CMakeFiles/llama-vdot.dir/vdot.cpp.o
[ 93%] Built target llama-infill
[ 96%] Building CXX object pocs/vdot/CMakeFiles/llama-q8dot.dir/q8dot.cpp.o
[ 97%] Generating theme-beeninorder.css.hpp
[ 98%] Generating theme-ketivah.css.hpp
[ 98%] Linking CXX executable ../../bin/llama-vdot
[ 98%] Generating theme-mangotango.css.hpp
[ 99%] Generating theme-playground.css.hpp
[ 99%] Generating theme-polarnight.css.hpp
[ 99%] Linking CXX executable ../../bin/llama-q8dot
[ 99%] Built target llama-export-lora
[ 99%] Built target llama-imatrix
[ 99%] Built target llama-llava-cli
[ 99%] Built target llama-lookup-merge
[ 99%] Built target llama-lookahead
[ 99%] Built target llama-gritlm
[ 99%] Built target llama-lookup
[ 99%] Built target llama-lookup-create
[ 99%] Built target llama-retrieval
[ 99%] Built target llama-parallel
[ 99%] Built target llama-bench
[100%] Building CXX object examples/server/CMakeFiles/llama-server.dir/server.cpp.o
[100%] Built target llama-passkey
[100%] Built target llama-q8dot
[100%] Built target llama-perplexity
[100%] Built target llama-cli
[100%] Built target llama-simple
[100%] Built target llama-lookup-stats
[100%] Built target llama-speculative
[100%] Built target llama-quantize
[100%] Built target llama-vdot
[100%] Built target llama-tokenize
[100%] Built target llama-save-load-state
[100%] Linking CXX executable ../../bin/llama-server
[100%] Built target llama-server

real	0m2.450s
user	0m7.023s
sys	0m1.505s
+ '[' -z 1 ']'
+ tee -a /home/ggml/results/llama.cpp/c2/1a896405de4cdf4207eb8130555ceaac0ab110/ggml-0-x86-cpu-low-perf/ctest_release-ctest.log
+ ctest --output-on-failure -L main -E test-opt
Test project /home/ggml/work/llama.cpp/build-ci-release
      Start  1: test-tokenizer-0-bert-bge
 1/25 Test  #1: test-tokenizer-0-bert-bge .........   Passed    0.02 sec
      Start  2: test-tokenizer-0-command-r
 2/25 Test  #2: test-tokenizer-0-command-r ........   Passed    0.52 sec
      Start  3: test-tokenizer-0-deepseek-coder
 3/25 Test  #3: test-tokenizer-0-deepseek-coder ...   Passed    0.06 sec
      Start  4: test-tokenizer-0-deepseek-llm
 4/25 Test  #4: test-tokenizer-0-deepseek-llm .....   Passed    0.18 sec
      Start  5: test-tokenizer-0-falcon
 5/25 Test  #5: test-tokenizer-0-falcon ...........   Passed    0.10 sec
      Start  6: test-tokenizer-0-gpt-2
 6/25 Test  #6: test-tokenizer-0-gpt-2 ............   Passed    0.08 sec
      Start  7: test-tokenizer-0-llama-bpe
 7/25 Test  #7: test-tokenizer-0-llama-bpe ........   Passed    0.37 sec
      Start  8: test-tokenizer-0-llama-spm
 8/25 Test  #8: test-tokenizer-0-llama-spm ........   Passed    0.03 sec
      Start  9: test-tokenizer-0-mpt
 9/25 Test  #9: test-tokenizer-0-mpt ..............   Passed    0.08 sec
      Start 10: test-tokenizer-0-phi-3
10/25 Test #10: test-tokenizer-0-phi-3 ............   Passed    0.03 sec
      Start 11: test-tokenizer-0-qwen2
11/25 Test #11: test-tokenizer-0-qwen2 ............   Passed    0.27 sec
      Start 12: test-tokenizer-0-refact
12/25 Test #12: test-tokenizer-0-refact ...........   Passed    0.08 sec
      Start 13: test-tokenizer-0-starcoder
13/25 Test #13: test-tokenizer-0-starcoder ........   Passed    0.08 sec
      Start 14: test-tokenizer-1-llama-spm
14/25 Test #14: test-tokenizer-1-llama-spm ........   Passed    0.35 sec
      Start 15: test-quantize-fns
15/25 Test #15: test-quantize-fns .................   Passed   15.89 sec
      Start 16: test-quantize-perf
16/25 Test #16: test-quantize-perf ................   Passed    4.44 sec
      Start 17: test-sampling
17/25 Test #17: test-sampling .....................   Passed    0.01 sec
      Start 18: test-chat-template
18/25 Test #18: test-chat-template ................   Passed    0.00 sec
      Start 19: test-grammar-parser
19/25 Test #19: test-grammar-parser ...............   Passed    0.00 sec
      Start 20: test-llama-grammar
20/25 Test #20: test-llama-grammar ................   Passed    0.00 sec
      Start 21: test-grammar-integration
21/25 Test #21: test-grammar-integration ..........   Passed    0.01 sec
      Start 22: test-grad0
22/25 Test #22: test-grad0 ........................   Passed    0.14 sec
      Start 23: test-backend-ops
23/25 Test #23: test-backend-ops ..................   Passed    0.00 sec
      Start 24: test-rope
24/25 Test #24: test-rope .........................   Passed    0.05 sec
      Start 27: test-json-schema-to-grammar
25/25 Test #27: test-json-schema-to-grammar .......   Passed    0.01 sec

100% tests passed, 0 tests failed out of 25

Label Time Summary:
main    =  22.81 sec*proc (25 tests)

Total Test time (real) =  22.82 sec

real	0m22.846s
user	0m23.822s
sys	0m0.248s
+ set +e
+ cur=0
+ echo 0
+ set +x
