+ ctest --output-on-failure -L main
Test project /Users/ggml/work/llama.cpp/build-ci-release
      Start  1: test-tokenizer-0-bert-bge
 1/29 Test  #1: test-tokenizer-0-bert-bge .........   Passed    1.27 sec
      Start  2: test-tokenizer-0-command-r
 2/29 Test  #2: test-tokenizer-0-command-r ........   Passed    0.23 sec
      Start  3: test-tokenizer-0-deepseek-coder
 3/29 Test  #3: test-tokenizer-0-deepseek-coder ...   Passed    0.04 sec
      Start  4: test-tokenizer-0-deepseek-llm
 4/29 Test  #4: test-tokenizer-0-deepseek-llm .....   Passed    0.08 sec
      Start  5: test-tokenizer-0-falcon
 5/29 Test  #5: test-tokenizer-0-falcon ...........   Passed    0.06 sec
      Start  6: test-tokenizer-0-gpt-2
 6/29 Test  #6: test-tokenizer-0-gpt-2 ............   Passed    0.05 sec
      Start  7: test-tokenizer-0-llama-bpe
 7/29 Test  #7: test-tokenizer-0-llama-bpe ........   Passed    0.15 sec
      Start  8: test-tokenizer-0-llama-spm
 8/29 Test  #8: test-tokenizer-0-llama-spm ........   Passed    0.03 sec
      Start  9: test-tokenizer-0-mpt
 9/29 Test  #9: test-tokenizer-0-mpt ..............   Passed    0.05 sec
      Start 10: test-tokenizer-0-phi-3
10/29 Test #10: test-tokenizer-0-phi-3 ............   Passed    0.03 sec
      Start 11: test-tokenizer-0-qwen2
11/29 Test #11: test-tokenizer-0-qwen2 ............   Passed    0.11 sec
      Start 12: test-tokenizer-0-refact
12/29 Test #12: test-tokenizer-0-refact ...........   Passed    0.05 sec
      Start 13: test-tokenizer-0-starcoder
13/29 Test #13: test-tokenizer-0-starcoder ........   Passed    0.05 sec
      Start 14: test-sampling
14/29 Test #14: test-sampling .....................   Passed    0.92 sec
      Start 15: test-grammar-parser
15/29 Test #15: test-grammar-parser ...............   Passed    0.17 sec
      Start 16: test-grammar-integration
16/29 Test #16: test-grammar-integration ..........   Passed    0.17 sec
      Start 17: test-llama-grammar
17/29 Test #17: test-llama-grammar ................   Passed    0.17 sec
      Start 18: test-chat
18/29 Test #18: test-chat .........................   Passed    1.82 sec
      Start 19: test-json-schema-to-grammar
19/29 Test #19: test-json-schema-to-grammar .......   Passed    2.22 sec
      Start 20: test-tokenizer-1-llama-spm
20/29 Test #20: test-tokenizer-1-llama-spm ........   Passed    0.32 sec
      Start 21: test-log
21/29 Test #21: test-log ..........................   Passed    0.18 sec
      Start 22: test-arg-parser
22/29 Test #22: test-arg-parser ...................   Passed    0.21 sec
      Start 23: test-chat-template
23/29 Test #23: test-chat-template ................   Passed    0.44 sec
      Start 24: test-gguf
24/29 Test #24: test-gguf .........................   Passed    0.37 sec
      Start 25: test-backend-ops
25/29 Test #25: test-backend-ops ..................   Passed   24.51 sec
      Start 28: test-barrier
26/29 Test #28: test-barrier ......................   Passed    0.27 sec
      Start 29: test-quantize-fns
27/29 Test #29: test-quantize-fns .................   Passed   14.05 sec
      Start 30: test-quantize-perf
28/29 Test #30: test-quantize-perf ................   Passed    0.21 sec
      Start 31: test-rope
29/29 Test #31: test-rope .........................   Passed    0.21 sec

100% tests passed, 0 tests failed out of 29

Label Time Summary:
main    =  48.42 sec*proc (29 tests)

Total Test time (real) =  48.43 sec

real	0m48.439s
user	0m54.908s
sys	0m5.205s
