Looking in indexes: https://pypi.org/simple, https://download.pytorch.org/whl/cpu, https://download.pytorch.org/whl/cpu, https://download.pytorch.org/whl/cpu, https://download.pytorch.org/whl/cpu
Requirement already satisfied: numpy~=1.26.4 in /mnt/llama.cpp/venv/lib/python3.12/site-packages (from -r /home/ggml/work/llama.cpp/./requirements/requirements-convert_legacy_llama.txt (line 1)) (1.26.4)
Requirement already satisfied: sentencepiece~=0.2.0 in /mnt/llama.cpp/venv/lib/python3.12/site-packages (from -r /home/ggml/work/llama.cpp/./requirements/requirements-convert_legacy_llama.txt (line 2)) (0.2.0)
Requirement already satisfied: transformers<5.0.0,>=4.45.1 in /mnt/llama.cpp/venv/lib/python3.12/site-packages (from -r /home/ggml/work/llama.cpp/./requirements/requirements-convert_legacy_llama.txt (line 3)) (4.47.0)
Requirement already satisfied: gguf>=0.1.0 in /mnt/llama.cpp/venv/lib/python3.12/site-packages (from -r /home/ggml/work/llama.cpp/./requirements/requirements-convert_legacy_llama.txt (line 4)) (0.13.0)
Requirement already satisfied: protobuf<5.0.0,>=4.21.0 in /mnt/llama.cpp/venv/lib/python3.12/site-packages (from -r /home/ggml/work/llama.cpp/./requirements/requirements-convert_legacy_llama.txt (line 5)) (4.25.5)
Requirement already satisfied: torch~=2.2.1 in /mnt/llama.cpp/venv/lib/python3.12/site-packages (from -r /home/ggml/work/llama.cpp/./requirements/requirements-convert_hf_to_gguf.txt (line 3)) (2.2.2+cpu)
Requirement already satisfied: filelock in /mnt/llama.cpp/venv/lib/python3.12/site-packages (from transformers<5.0.0,>=4.45.1->-r /home/ggml/work/llama.cpp/./requirements/requirements-convert_legacy_llama.txt (line 3)) (3.16.1)
Requirement already satisfied: huggingface-hub<1.0,>=0.24.0 in /mnt/llama.cpp/venv/lib/python3.12/site-packages (from transformers<5.0.0,>=4.45.1->-r /home/ggml/work/llama.cpp/./requirements/requirements-convert_legacy_llama.txt (line 3)) (0.26.5)
Requirement already satisfied: packaging>=20.0 in /mnt/llama.cpp/venv/lib/python3.12/site-packages (from transformers<5.0.0,>=4.45.1->-r /home/ggml/work/llama.cpp/./requirements/requirements-convert_legacy_llama.txt (line 3)) (24.2)
Requirement already satisfied: pyyaml>=5.1 in /mnt/llama.cpp/venv/lib/python3.12/site-packages (from transformers<5.0.0,>=4.45.1->-r /home/ggml/work/llama.cpp/./requirements/requirements-convert_legacy_llama.txt (line 3)) (6.0.2)
Requirement already satisfied: regex!=2019.12.17 in /mnt/llama.cpp/venv/lib/python3.12/site-packages (from transformers<5.0.0,>=4.45.1->-r /home/ggml/work/llama.cpp/./requirements/requirements-convert_legacy_llama.txt (line 3)) (2024.11.6)
Requirement already satisfied: requests in /mnt/llama.cpp/venv/lib/python3.12/site-packages (from transformers<5.0.0,>=4.45.1->-r /home/ggml/work/llama.cpp/./requirements/requirements-convert_legacy_llama.txt (line 3)) (2.32.3)
Requirement already satisfied: tokenizers<0.22,>=0.21 in /mnt/llama.cpp/venv/lib/python3.12/site-packages (from transformers<5.0.0,>=4.45.1->-r /home/ggml/work/llama.cpp/./requirements/requirements-convert_legacy_llama.txt (line 3)) (0.21.0)
Requirement already satisfied: safetensors>=0.4.1 in /mnt/llama.cpp/venv/lib/python3.12/site-packages (from transformers<5.0.0,>=4.45.1->-r /home/ggml/work/llama.cpp/./requirements/requirements-convert_legacy_llama.txt (line 3)) (0.4.5)
Requirement already satisfied: tqdm>=4.27 in /mnt/llama.cpp/venv/lib/python3.12/site-packages (from transformers<5.0.0,>=4.45.1->-r /home/ggml/work/llama.cpp/./requirements/requirements-convert_legacy_llama.txt (line 3)) (4.67.1)
Requirement already satisfied: typing-extensions>=4.8.0 in /mnt/llama.cpp/venv/lib/python3.12/site-packages (from torch~=2.2.1->-r /home/ggml/work/llama.cpp/./requirements/requirements-convert_hf_to_gguf.txt (line 3)) (4.12.2)
Requirement already satisfied: sympy in /mnt/llama.cpp/venv/lib/python3.12/site-packages (from torch~=2.2.1->-r /home/ggml/work/llama.cpp/./requirements/requirements-convert_hf_to_gguf.txt (line 3)) (1.13.3)
Requirement already satisfied: networkx in /mnt/llama.cpp/venv/lib/python3.12/site-packages (from torch~=2.2.1->-r /home/ggml/work/llama.cpp/./requirements/requirements-convert_hf_to_gguf.txt (line 3)) (3.4.2)
Requirement already satisfied: jinja2 in /mnt/llama.cpp/venv/lib/python3.12/site-packages (from torch~=2.2.1->-r /home/ggml/work/llama.cpp/./requirements/requirements-convert_hf_to_gguf.txt (line 3)) (3.1.4)
Requirement already satisfied: fsspec in /mnt/llama.cpp/venv/lib/python3.12/site-packages (from torch~=2.2.1->-r /home/ggml/work/llama.cpp/./requirements/requirements-convert_hf_to_gguf.txt (line 3)) (2024.10.0)
Requirement already satisfied: MarkupSafe>=2.0 in /mnt/llama.cpp/venv/lib/python3.12/site-packages (from jinja2->torch~=2.2.1->-r /home/ggml/work/llama.cpp/./requirements/requirements-convert_hf_to_gguf.txt (line 3)) (3.0.2)
Requirement already satisfied: charset-normalizer<4,>=2 in /mnt/llama.cpp/venv/lib/python3.12/site-packages (from requests->transformers<5.0.0,>=4.45.1->-r /home/ggml/work/llama.cpp/./requirements/requirements-convert_legacy_llama.txt (line 3)) (3.4.0)
Requirement already satisfied: idna<4,>=2.5 in /mnt/llama.cpp/venv/lib/python3.12/site-packages (from requests->transformers<5.0.0,>=4.45.1->-r /home/ggml/work/llama.cpp/./requirements/requirements-convert_legacy_llama.txt (line 3)) (3.10)
Requirement already satisfied: urllib3<3,>=1.21.1 in /mnt/llama.cpp/venv/lib/python3.12/site-packages (from requests->transformers<5.0.0,>=4.45.1->-r /home/ggml/work/llama.cpp/./requirements/requirements-convert_legacy_llama.txt (line 3)) (2.2.3)
Requirement already satisfied: certifi>=2017.4.17 in /mnt/llama.cpp/venv/lib/python3.12/site-packages (from requests->transformers<5.0.0,>=4.45.1->-r /home/ggml/work/llama.cpp/./requirements/requirements-convert_legacy_llama.txt (line 3)) (2024.8.30)
Requirement already satisfied: mpmath<1.4,>=1.1.0 in /mnt/llama.cpp/venv/lib/python3.12/site-packages (from sympy->torch~=2.2.1->-r /home/ggml/work/llama.cpp/./requirements/requirements-convert_hf_to_gguf.txt (line 3)) (1.3.0)
Obtaining file:///home/ggml/work/llama.cpp/gguf-py
  Installing build dependencies: started
  Installing build dependencies: finished with status 'done'
  Checking if build backend supports build_editable: started
  Checking if build backend supports build_editable: finished with status 'done'
  Getting requirements to build editable: started
  Getting requirements to build editable: finished with status 'done'
  Preparing editable metadata (pyproject.toml): started
  Preparing editable metadata (pyproject.toml): finished with status 'done'
Requirement already satisfied: numpy>=1.17 in /mnt/llama.cpp/venv/lib/python3.12/site-packages (from gguf==0.13.0) (1.26.4)
Requirement already satisfied: pyyaml>=5.1 in /mnt/llama.cpp/venv/lib/python3.12/site-packages (from gguf==0.13.0) (6.0.2)
Requirement already satisfied: sentencepiece<=0.2.0,>=0.1.98 in /mnt/llama.cpp/venv/lib/python3.12/site-packages (from gguf==0.13.0) (0.2.0)
Requirement already satisfied: tqdm>=4.27 in /mnt/llama.cpp/venv/lib/python3.12/site-packages (from gguf==0.13.0) (4.67.1)
Building wheels for collected packages: gguf
  Building editable for gguf (pyproject.toml): started
  Building editable for gguf (pyproject.toml): finished with status 'done'
  Created wheel for gguf: filename=gguf-0.13.0-py3-none-any.whl size=3396 sha256=860f734d9faba95b979f0fdf4248b4dd431b6188bebb734489ea7d6f3b88c2e9
  Stored in directory: /tmp/pip-ephem-wheel-cache-oaifiptg/wheels/b2/bf/09/4e7df5812cefd3c9f9cc38b7d737712d94c9c25193c894bb1c
Successfully built gguf
Installing collected packages: gguf
  Attempting uninstall: gguf
    Found existing installation: gguf 0.13.0
    Uninstalling gguf-0.13.0:
      Successfully uninstalled gguf-0.13.0
Successfully installed gguf-0.13.0
+ gg_run_ctest_debug
+ cd /home/ggml/work/llama.cpp
+ tee /home/ggml/results/llama.cpp/4d/a69d1abd15263061aff94c10f205836a96a4bc/ggml-6-x86-vulkan-t4/ctest_debug.log
+ rm -rf build-ci-debug
+ mkdir build-ci-debug
+ cd build-ci-debug
+ set -e
+ gg_check_build_requirements
+ command -v cmake
+ command -v make
+ command -v ctest
+ tee -a /home/ggml/results/llama.cpp/4d/a69d1abd15263061aff94c10f205836a96a4bc/ggml-6-x86-vulkan-t4/ctest_debug-cmake.log
+ cmake -DCMAKE_BUILD_TYPE=Debug -DLLAMA_FATAL_WARNINGS=ON -DGGML_VULKAN=1 ..
-- The C compiler identification is GNU 13.3.0
-- The CXX compiler identification is GNU 13.3.0
-- Detecting C compiler ABI info
-- Detecting C compiler ABI info - done
-- Check for working C compiler: /usr/bin/cc - skipped
-- Detecting C compile features
-- Detecting C compile features - done
-- Detecting CXX compiler ABI info
-- Detecting CXX compiler ABI info - done
-- Check for working CXX compiler: /usr/bin/c++ - skipped
-- Detecting CXX compile features
-- Detecting CXX compile features - done
-- Found Git: /usr/bin/git (found version "2.43.0") 
-- Performing Test CMAKE_HAVE_LIBC_PTHREAD
-- Performing Test CMAKE_HAVE_LIBC_PTHREAD - Success
-- Found Threads: TRUE  
-- ccache found, compilation results will be cached. Disable with GGML_CCACHE=OFF.
-- CMAKE_SYSTEM_PROCESSOR: x86_64
-- Including CPU backend
-- Found OpenMP_C: -fopenmp (found version "4.5") 
-- Found OpenMP_CXX: -fopenmp (found version "4.5") 
-- Found OpenMP: TRUE (found version "4.5")  
-- Adding CPU backend variant ggml-cpu: -march=native 
-- Found Vulkan: /usr/lib/x86_64-linux-gnu/libvulkan.so (found version "1.3.296") found components: glslc glslangValidator 
-- Vulkan found
-- GL_NV_cooperative_matrix2 not supported by glslc
-- Including Vulkan backend
-- Configuring done (1.2s)
-- Generating done (0.2s)
-- Build files have been written to: /home/ggml/work/llama.cpp/build-ci-debug

real	0m1.451s
user	0m0.868s
sys	0m0.591s
+ tee -a /home/ggml/results/llama.cpp/4d/a69d1abd15263061aff94c10f205836a96a4bc/ggml-6-x86-vulkan-t4/ctest_debug-make.log
++ nproc
+ make -j4
[  0%] Generating build details from Git
[  1%] Building C object ggml/src/CMakeFiles/ggml-base.dir/ggml.c.o
[  1%] Building CXX object ggml/src/ggml-vulkan/vulkan-shaders/CMakeFiles/vulkan-shaders-gen.dir/vulkan-shaders-gen.cpp.o
[  1%] Building C object examples/gguf-hash/CMakeFiles/sha256.dir/deps/sha256/sha256.c.o
-- Found Git: /usr/bin/git (found version "2.43.0") 
[  1%] Built target sha256
[  1%] Building C object ggml/src/CMakeFiles/ggml-base.dir/ggml-alloc.c.o
[  2%] Linking CXX executable ../../../../bin/vulkan-shaders-gen
[  3%] Building C object examples/gguf-hash/CMakeFiles/xxhash.dir/deps/xxhash/xxhash.c.o
[  4%] Building CXX object ggml/src/CMakeFiles/ggml-base.dir/ggml-backend.cpp.o
[  4%] Built target xxhash
[  4%] Building CXX object ggml/src/CMakeFiles/ggml-base.dir/ggml-opt.cpp.o
[  5%] Building CXX object ggml/src/CMakeFiles/ggml-base.dir/ggml-threading.cpp.o
[  6%] Building C object ggml/src/CMakeFiles/ggml-base.dir/ggml-quants.c.o
[  7%] Building CXX object common/CMakeFiles/build_info.dir/build-info.cpp.o
[  7%] Linking CXX shared library libggml-base.so
[  8%] Building C object examples/gguf-hash/CMakeFiles/sha1.dir/deps/sha1/sha1.c.o
[  8%] Built target sha1
[  8%] Built target build_info
[  8%] Built target vulkan-shaders-gen
[  8%] Built target ggml-base
[  9%] Generate vulkan shaders
ggml_vulkan: Generating and compiling shaders to SPIR-V
[ 10%] Building CXX object ggml/src/CMakeFiles/ggml-cpu.dir/ggml-cpu/ggml-cpu-aarch64.cpp.o
[ 10%] Building CXX object ggml/src/CMakeFiles/ggml-cpu.dir/ggml-cpu/ggml-cpu.cpp.o
[ 11%] Building C object ggml/src/CMakeFiles/ggml-cpu.dir/ggml-cpu/ggml-cpu.c.o
[ 11%] Building CXX object ggml/src/CMakeFiles/ggml-cpu.dir/ggml-cpu/ggml-cpu-hbm.cpp.o
[ 12%] Building C object ggml/src/CMakeFiles/ggml-cpu.dir/ggml-cpu/ggml-cpu-quants.c.o
[ 12%] Building CXX object ggml/src/CMakeFiles/ggml-cpu.dir/ggml-cpu/ggml-cpu-traits.cpp.o
[ 13%] Building CXX object ggml/src/CMakeFiles/ggml-cpu.dir/ggml-cpu/amx/amx.cpp.o
[ 13%] Building CXX object ggml/src/CMakeFiles/ggml-cpu.dir/ggml-cpu/amx/mmq.cpp.o
[ 14%] Building CXX object ggml/src/CMakeFiles/ggml-cpu.dir/ggml-cpu/llamafile/sgemm.cpp.o
[ 14%] Linking CXX shared library libggml-cpu.so
[ 14%] Built target ggml-cpu
[ 15%] Building CXX object ggml/src/ggml-vulkan/CMakeFiles/ggml-vulkan.dir/ggml-vulkan.cpp.o
[ 15%] Building CXX object ggml/src/ggml-vulkan/CMakeFiles/ggml-vulkan.dir/ggml-vulkan-shaders.cpp.o
[ 15%] Linking CXX shared library libggml-vulkan.so
[ 15%] Built target ggml-vulkan
[ 16%] Building CXX object ggml/src/CMakeFiles/ggml.dir/ggml-backend-reg.cpp.o
[ 16%] Linking CXX shared library libggml.so
[ 16%] Built target ggml
[ 16%] Building CXX object examples/gguf-hash/CMakeFiles/llama-gguf-hash.dir/gguf-hash.cpp.o
[ 16%] Building CXX object src/CMakeFiles/llama.dir/llama-vocab.cpp.o
[ 17%] Building CXX object examples/gguf/CMakeFiles/llama-gguf.dir/gguf.cpp.o
[ 17%] Building CXX object src/CMakeFiles/llama.dir/llama.cpp.o
[ 19%] Linking CXX executable ../../bin/llama-gguf-hash
[ 19%] Linking CXX executable ../../bin/llama-gguf
[ 20%] Building CXX object src/CMakeFiles/llama.dir/llama-grammar.cpp.o
[ 21%] Building CXX object src/CMakeFiles/llama.dir/llama-sampling.cpp.o
[ 21%] Building CXX object src/CMakeFiles/llama.dir/unicode.cpp.o
[ 22%] Building CXX object src/CMakeFiles/llama.dir/unicode-data.cpp.o
[ 22%] Built target llama-gguf-hash
[ 22%] Built target llama-gguf
[ 22%] Linking CXX shared library libllama.so
[ 22%] Built target llama
[ 24%] Building CXX object examples/simple/CMakeFiles/llama-simple.dir/simple.cpp.o
[ 24%] Building CXX object examples/simple-chat/CMakeFiles/llama-simple-chat.dir/simple-chat.cpp.o
[ 24%] Building C object tests/CMakeFiles/test-c.dir/test-c.c.o
[ 24%] Building CXX object common/CMakeFiles/common.dir/arg.cpp.o
[ 25%] Linking C executable ../bin/test-c
[ 25%] Linking CXX executable ../../bin/llama-simple
[ 25%] Linking CXX executable ../../bin/llama-simple-chat
[ 26%] Building CXX object common/CMakeFiles/common.dir/common.cpp.o
[ 26%] Building CXX object common/CMakeFiles/common.dir/console.cpp.o
[ 26%] Built target test-c
[ 27%] Building CXX object common/CMakeFiles/common.dir/json-schema-to-grammar.cpp.o
[ 27%] Building CXX object common/CMakeFiles/common.dir/log.cpp.o
[ 28%] Building CXX object common/CMakeFiles/common.dir/ngram-cache.cpp.o
[ 28%] Building CXX object common/CMakeFiles/common.dir/sampling.cpp.o
[ 29%] Building CXX object common/CMakeFiles/common.dir/speculative.cpp.o
[ 29%] Linking CXX static library libcommon.a
[ 29%] Building CXX object examples/quantize-stats/CMakeFiles/llama-quantize-stats.dir/quantize-stats.cpp.o
[ 30%] Linking CXX executable ../../bin/llama-quantize-stats
[ 30%] Built target llama-simple-chat
[ 30%] Built target llama-simple
[ 31%] Building CXX object examples/llava/CMakeFiles/llava.dir/llava.cpp.o
[ 31%] Building CXX object examples/llava/CMakeFiles/llava.dir/clip.cpp.o
[ 31%] Built target llava
[ 32%] Linking CXX shared library libllava_shared.so
[ 32%] Linking CXX static library libllava_static.a
[ 32%] Built target llama-quantize-stats
[ 32%] Built target llava_shared
[ 32%] Built target common
[ 33%] Building CXX object tests/CMakeFiles/test-sampling.dir/test-sampling.cpp.o
[ 33%] Building CXX object tests/CMakeFiles/test-grammar-parser.dir/test-grammar-parser.cpp.o
[ 33%] Building CXX object tests/CMakeFiles/test-tokenizer-0.dir/test-tokenizer-0.cpp.o
[ 34%] Building CXX object tests/CMakeFiles/test-grammar-parser.dir/get-model.cpp.o
[ 34%] Building CXX object tests/CMakeFiles/test-sampling.dir/get-model.cpp.o
[ 35%] Linking CXX executable ../bin/test-tokenizer-0
[ 36%] Linking CXX executable ../bin/test-grammar-parser
[ 36%] Linking CXX executable ../bin/test-sampling
[ 36%] Built target llava_static
[ 37%] Building CXX object tests/CMakeFiles/test-grammar-integration.dir/test-grammar-integration.cpp.o
[ 37%] Building CXX object tests/CMakeFiles/test-grammar-integration.dir/get-model.cpp.o
[ 38%] Linking CXX executable ../bin/test-grammar-integration
[ 38%] Built target test-sampling
[ 38%] Built target test-grammar-parser
[ 38%] Building CXX object tests/CMakeFiles/test-llama-grammar.dir/test-llama-grammar.cpp.o
[ 38%] Built target test-tokenizer-0
[ 39%] Building CXX object tests/CMakeFiles/test-json-schema-to-grammar.dir/test-json-schema-to-grammar.cpp.o
[ 40%] Building CXX object tests/CMakeFiles/test-llama-grammar.dir/get-model.cpp.o
[ 40%] Linking CXX executable ../bin/test-llama-grammar
[ 40%] Building CXX object tests/CMakeFiles/test-tokenizer-1-bpe.dir/test-tokenizer-1-bpe.cpp.o
[ 40%] Building CXX object tests/CMakeFiles/test-json-schema-to-grammar.dir/get-model.cpp.o
[ 41%] Linking CXX executable ../bin/test-tokenizer-1-bpe
[ 42%] Linking CXX executable ../bin/test-json-schema-to-grammar
[ 42%] Built target test-llama-grammar
[ 42%] Building CXX object tests/CMakeFiles/test-tokenizer-1-spm.dir/test-tokenizer-1-spm.cpp.o
[ 42%] Built target test-grammar-integration
[ 43%] Linking CXX executable ../bin/test-tokenizer-1-spm
[ 44%] Building CXX object tests/CMakeFiles/test-log.dir/test-log.cpp.o
[ 44%] Building CXX object tests/CMakeFiles/test-log.dir/get-model.cpp.o
[ 44%] Built target test-tokenizer-1-bpe
[ 45%] Linking CXX executable ../bin/test-log
[ 46%] Building CXX object tests/CMakeFiles/test-arg-parser.dir/test-arg-parser.cpp.o
[ 47%] Building CXX object tests/CMakeFiles/test-arg-parser.dir/get-model.cpp.o
[ 47%] Linking CXX executable ../bin/test-arg-parser
[ 47%] Built target test-json-schema-to-grammar
[ 47%] Building CXX object tests/CMakeFiles/test-chat-template.dir/test-chat-template.cpp.o
[ 47%] Built target test-log
[ 48%] Building CXX object tests/CMakeFiles/test-chat-template.dir/get-model.cpp.o
[ 48%] Linking CXX executable ../bin/test-chat-template
[ 49%] Building CXX object tests/CMakeFiles/test-gguf.dir/test-gguf.cpp.o
[ 49%] Building CXX object tests/CMakeFiles/test-gguf.dir/get-model.cpp.o
[ 50%] Linking CXX executable ../bin/test-gguf
[ 50%] Built target test-tokenizer-1-spm
[ 50%] Building CXX object tests/CMakeFiles/test-backend-ops.dir/test-backend-ops.cpp.o
[ 51%] Building CXX object tests/CMakeFiles/test-backend-ops.dir/get-model.cpp.o
[ 51%] Linking CXX executable ../bin/test-backend-ops
[ 51%] Built target test-gguf
[ 51%] Building CXX object tests/CMakeFiles/test-model-load-cancel.dir/test-model-load-cancel.cpp.o
[ 52%] Building CXX object tests/CMakeFiles/test-model-load-cancel.dir/get-model.cpp.o
[ 52%] Built target test-chat-template
[ 52%] Linking CXX executable ../bin/test-model-load-cancel
[ 53%] Building CXX object tests/CMakeFiles/test-autorelease.dir/test-autorelease.cpp.o
[ 53%] Building CXX object tests/CMakeFiles/test-autorelease.dir/get-model.cpp.o
[ 53%] Built target test-backend-ops
[ 54%] Linking CXX executable ../bin/test-autorelease
[ 55%] Building CXX object tests/CMakeFiles/test-barrier.dir/test-barrier.cpp.o
[ 55%] Built target test-arg-parser
[ 55%] Building CXX object tests/CMakeFiles/test-barrier.dir/get-model.cpp.o
[ 56%] Building CXX object tests/CMakeFiles/test-quantize-fns.dir/test-quantize-fns.cpp.o
[ 57%] Linking CXX executable ../bin/test-barrier
[ 58%] Building CXX object tests/CMakeFiles/test-quantize-fns.dir/get-model.cpp.o
[ 58%] Linking CXX executable ../bin/test-quantize-fns
[ 58%] Built target test-model-load-cancel
[ 59%] Building CXX object tests/CMakeFiles/test-quantize-perf.dir/test-quantize-perf.cpp.o
[ 59%] Building CXX object tests/CMakeFiles/test-quantize-perf.dir/get-model.cpp.o
[ 59%] Built target test-autorelease
[ 59%] Built target test-barrier
[ 60%] Linking CXX executable ../bin/test-quantize-perf
[ 60%] Building CXX object tests/CMakeFiles/test-rope.dir/test-rope.cpp.o
[ 61%] Building CXX object examples/batched-bench/CMakeFiles/llama-batched-bench.dir/batched-bench.cpp.o
[ 61%] Built target test-quantize-fns
[ 62%] Building CXX object tests/CMakeFiles/test-rope.dir/get-model.cpp.o
[ 62%] Linking CXX executable ../../bin/llama-batched-bench
[ 62%] Linking CXX executable ../bin/test-rope
[ 63%] Building CXX object examples/batched/CMakeFiles/llama-batched.dir/batched.cpp.o
[ 63%] Linking CXX executable ../../bin/llama-batched
[ 63%] Built target test-quantize-perf
[ 63%] Built target test-rope
[ 64%] Building CXX object examples/embedding/CMakeFiles/llama-embedding.dir/embedding.cpp.o
[ 65%] Linking CXX executable ../../bin/llama-embedding
[ 65%] Building CXX object examples/eval-callback/CMakeFiles/llama-eval-callback.dir/eval-callback.cpp.o
[ 66%] Linking CXX executable ../../bin/llama-eval-callback
[ 66%] Built target llama-batched-bench
[ 66%] Building CXX object examples/gbnf-validator/CMakeFiles/llama-gbnf-validator.dir/gbnf-validator.cpp.o
[ 66%] Built target llama-batched
[ 67%] Linking CXX executable ../../bin/llama-gbnf-validator
[ 67%] Building CXX object examples/gguf-split/CMakeFiles/llama-gguf-split.dir/gguf-split.cpp.o
[ 68%] Linking CXX executable ../../bin/llama-gguf-split
[ 68%] Built target llama-embedding
[ 68%] Built target llama-eval-callback
[ 68%] Building CXX object examples/gritlm/CMakeFiles/llama-gritlm.dir/gritlm.cpp.o
[ 69%] Linking CXX executable ../../bin/llama-gritlm
[ 69%] Building CXX object examples/imatrix/CMakeFiles/llama-imatrix.dir/imatrix.cpp.o
[ 70%] Linking CXX executable ../../bin/llama-imatrix
[ 70%] Built target llama-gbnf-validator
[ 70%] Building CXX object examples/infill/CMakeFiles/llama-infill.dir/infill.cpp.o
[ 70%] Built target llama-gguf-split
[ 71%] Linking CXX executable ../../bin/llama-infill
[ 72%] Building CXX object examples/llama-bench/CMakeFiles/llama-bench.dir/llama-bench.cpp.o
[ 72%] Linking CXX executable ../../bin/llama-bench
[ 72%] Built target llama-gritlm
[ 72%] Built target llama-bench
[ 73%] Building CXX object examples/lookahead/CMakeFiles/llama-lookahead.dir/lookahead.cpp.o
[ 74%] Building CXX object examples/lookup/CMakeFiles/llama-lookup.dir/lookup.cpp.o
[ 74%] Built target llama-imatrix
[ 74%] Linking CXX executable ../../bin/llama-lookahead
[ 74%] Linking CXX executable ../../bin/llama-lookup
[ 75%] Building CXX object examples/lookup/CMakeFiles/llama-lookup-create.dir/lookup-create.cpp.o
[ 75%] Built target llama-infill
[ 75%] Linking CXX executable ../../bin/llama-lookup-create
[ 76%] Building CXX object examples/lookup/CMakeFiles/llama-lookup-merge.dir/lookup-merge.cpp.o
[ 76%] Linking CXX executable ../../bin/llama-lookup-merge
[ 76%] Built target llama-lookup-merge
[ 77%] Building CXX object examples/lookup/CMakeFiles/llama-lookup-stats.dir/lookup-stats.cpp.o
[ 77%] Linking CXX executable ../../bin/llama-lookup-stats
[ 77%] Built target llama-lookahead
[ 77%] Built target llama-lookup
[ 78%] Building CXX object examples/main/CMakeFiles/llama-cli.dir/main.cpp.o
[ 79%] Building CXX object examples/parallel/CMakeFiles/llama-parallel.dir/parallel.cpp.o
[ 79%] Linking CXX executable ../../bin/llama-cli
[ 79%] Built target llama-lookup-create
[ 79%] Linking CXX executable ../../bin/llama-parallel
[ 80%] Building CXX object examples/passkey/CMakeFiles/llama-passkey.dir/passkey.cpp.o
[ 80%] Linking CXX executable ../../bin/llama-passkey
[ 80%] Built target llama-lookup-stats
[ 81%] Building CXX object examples/perplexity/CMakeFiles/llama-perplexity.dir/perplexity.cpp.o
[ 82%] Linking CXX executable ../../bin/llama-perplexity
[ 82%] Built target llama-cli
[ 82%] Built target llama-parallel
[ 82%] Building CXX object examples/quantize/CMakeFiles/llama-quantize.dir/quantize.cpp.o
[ 82%] Building CXX object examples/retrieval/CMakeFiles/llama-retrieval.dir/retrieval.cpp.o
[ 82%] Built target llama-passkey
[ 83%] Linking CXX executable ../../bin/llama-quantize
[ 85%] Linking CXX executable ../../bin/llama-retrieval
[ 85%] Generating loading.html.hpp
[ 85%] Generating index.html.gz.hpp
[ 85%] Built target llama-perplexity
[ 85%] Built target llama-quantize
[ 85%] Building CXX object examples/save-load-state/CMakeFiles/llama-save-load-state.dir/save-load-state.cpp.o
[ 85%] Building CXX object examples/run/CMakeFiles/llama-run.dir/run.cpp.o
[ 86%] Linking CXX executable ../../bin/llama-save-load-state
[ 87%] Linking CXX executable ../../bin/llama-run
[ 87%] Built target llama-retrieval
[ 88%] Building CXX object examples/speculative/CMakeFiles/llama-speculative.dir/speculative.cpp.o
[ 88%] Linking CXX executable ../../bin/llama-speculative
[ 88%] Built target llama-run
[ 89%] Building CXX object examples/speculative-simple/CMakeFiles/llama-speculative-simple.dir/speculative-simple.cpp.o
[ 89%] Linking CXX executable ../../bin/llama-speculative-simple
[ 89%] Built target llama-save-load-state
[ 90%] Building CXX object examples/tokenize/CMakeFiles/llama-tokenize.dir/tokenize.cpp.o
[ 90%] Linking CXX executable ../../bin/llama-tokenize
[ 90%] Built target llama-speculative
[ 90%] Building CXX object examples/gen-docs/CMakeFiles/llama-gen-docs.dir/gen-docs.cpp.o
[ 91%] Linking CXX executable ../../bin/llama-gen-docs
[ 91%] Built target llama-tokenize
[ 91%] Built target llama-speculative-simple
[ 92%] Building CXX object examples/convert-llama2c-to-ggml/CMakeFiles/llama-convert-llama2c-to-ggml.dir/convert-llama2c-to-ggml.cpp.o
[ 93%] Building CXX object examples/cvector-generator/CMakeFiles/llama-cvector-generator.dir/cvector-generator.cpp.o
[ 93%] Linking CXX executable ../../bin/llama-convert-llama2c-to-ggml
[ 93%] Linking CXX executable ../../bin/llama-cvector-generator
[ 93%] Built target llama-convert-llama2c-to-ggml
[ 93%] Building CXX object examples/export-lora/CMakeFiles/llama-export-lora.dir/export-lora.cpp.o
[ 94%] Linking CXX executable ../../bin/llama-export-lora
[ 94%] Built target llama-gen-docs
[ 95%] Building CXX object examples/llava/CMakeFiles/llama-llava-cli.dir/llava-cli.cpp.o
[ 95%] Linking CXX executable ../../bin/llama-llava-cli
[ 95%] Built target llama-cvector-generator
[ 96%] Building CXX object examples/llava/CMakeFiles/llama-minicpmv-cli.dir/minicpmv-cli.cpp.o
[ 96%] Linking CXX executable ../../bin/llama-minicpmv-cli
[ 96%] Built target llama-export-lora
[ 96%] Building CXX object examples/llava/CMakeFiles/llama-qwen2vl-cli.dir/qwen2vl-cli.cpp.o
[ 97%] Linking CXX executable ../../bin/llama-qwen2vl-cli
[ 97%] Built target llama-llava-cli
[ 98%] Building CXX object pocs/vdot/CMakeFiles/llama-vdot.dir/vdot.cpp.o
[ 98%] Linking CXX executable ../../bin/llama-vdot
[ 98%] Building CXX object examples/server/CMakeFiles/llama-server.dir/server.cpp.o
[ 98%] Built target llama-minicpmv-cli
[ 98%] Building CXX object pocs/vdot/CMakeFiles/llama-q8dot.dir/q8dot.cpp.o
[ 99%] Linking CXX executable ../../bin/llama-server
[100%] Linking CXX executable ../../bin/llama-q8dot
[100%] Built target llama-vdot
[100%] Built target llama-q8dot
[100%] Built target llama-qwen2vl-cli
[100%] Built target llama-server

real	0m58.023s
user	2m20.255s
sys	0m31.108s
+ tee -a /home/ggml/results/llama.cpp/4d/a69d1abd15263061aff94c10f205836a96a4bc/ggml-6-x86-vulkan-t4/ctest_debug-ctest.log
+ ctest --output-on-failure -L main -E test-opt
Test project /home/ggml/work/llama.cpp/build-ci-debug
      Start  1: test-tokenizer-0-bert-bge
 1/28 Test  #1: test-tokenizer-0-bert-bge .........   Passed    0.37 sec
      Start  2: test-tokenizer-0-command-r
 2/28 Test  #2: test-tokenizer-0-command-r ........   Passed    4.19 sec
      Start  3: test-tokenizer-0-deepseek-coder
 3/28 Test  #3: test-tokenizer-0-deepseek-coder ...   Passed    0.74 sec
      Start  4: test-tokenizer-0-deepseek-llm
 4/28 Test  #4: test-tokenizer-0-deepseek-llm .....   Passed    1.67 sec
      Start  5: test-tokenizer-0-falcon
 5/28 Test  #5: test-tokenizer-0-falcon ...........   Passed    1.10 sec
      Start  6: test-tokenizer-0-gpt-2
 6/28 Test  #6: test-tokenizer-0-gpt-2 ............   Passed    0.86 sec
      Start  7: test-tokenizer-0-llama-bpe
 7/28 Test  #7: test-tokenizer-0-llama-bpe ........   Passed    2.96 sec
      Start  8: test-tokenizer-0-llama-spm
 8/28 Test  #8: test-tokenizer-0-llama-spm ........   Passed    0.35 sec
      Start  9: test-tokenizer-0-mpt
 9/28 Test  #9: test-tokenizer-0-mpt ..............   Passed    0.88 sec
      Start 10: test-tokenizer-0-phi-3
10/28 Test #10: test-tokenizer-0-phi-3 ............   Passed    0.34 sec
      Start 11: test-tokenizer-0-qwen2
11/28 Test #11: test-tokenizer-0-qwen2 ............   Passed    2.61 sec
      Start 12: test-tokenizer-0-refact
12/28 Test #12: test-tokenizer-0-refact ...........   Passed    0.87 sec
      Start 13: test-tokenizer-0-starcoder
13/28 Test #13: test-tokenizer-0-starcoder ........   Passed    0.87 sec
      Start 14: test-sampling
14/28 Test #14: test-sampling .....................   Passed    7.24 sec
      Start 15: test-grammar-parser
15/28 Test #15: test-grammar-parser ...............   Passed    0.01 sec
      Start 16: test-grammar-integration
16/28 Test #16: test-grammar-integration ..........   Passed    0.05 sec
      Start 17: test-llama-grammar
17/28 Test #17: test-llama-grammar ................   Passed    0.01 sec
      Start 18: test-json-schema-to-grammar
18/28 Test #18: test-json-schema-to-grammar .......   Passed    9.60 sec
      Start 19: test-tokenizer-1-llama-spm
19/28 Test #19: test-tokenizer-1-llama-spm ........   Passed    3.04 sec
      Start 20: test-log
20/28 Test #20: test-log ..........................   Passed    0.02 sec
      Start 21: test-arg-parser
21/28 Test #21: test-arg-parser ...................   Passed    0.28 sec
      Start 22: test-chat-template
22/28 Test #22: test-chat-template ................   Passed    0.01 sec
      Start 23: test-gguf
23/28 Test #23: test-gguf .........................   Passed    0.62 sec
      Start 24: test-backend-ops
24/28 Test #24: test-backend-ops ..................   Passed   45.77 sec
      Start 27: test-barrier
25/28 Test #27: test-barrier ......................   Passed    2.06 sec
      Start 28: test-quantize-fns
26/28 Test #28: test-quantize-fns .................   Passed   29.57 sec
      Start 29: test-quantize-perf
27/28 Test #29: test-quantize-perf ................   Passed    0.27 sec
      Start 30: test-rope
28/28 Test #30: test-rope .........................   Passed    0.09 sec

100% tests passed, 0 tests failed out of 28

Label Time Summary:
main    = 116.45 sec*proc (28 tests)

Total Test time (real) = 116.46 sec

real	1m56.472s
user	3m11.996s
sys	0m5.621s
+ set +e
+ cur=0
+ echo 0
+ set +x
+ gg_run_ctest_release
+ cd /home/ggml/work/llama.cpp
+ rm -rf build-ci-release
+ tee /home/ggml/results/llama.cpp/4d/a69d1abd15263061aff94c10f205836a96a4bc/ggml-6-x86-vulkan-t4/ctest_release.log
+ mkdir build-ci-release
+ cd build-ci-release
+ set -e
+ gg_check_build_requirements
+ command -v cmake
+ command -v make
+ command -v ctest
+ tee -a /home/ggml/results/llama.cpp/4d/a69d1abd15263061aff94c10f205836a96a4bc/ggml-6-x86-vulkan-t4/ctest_release-cmake.log
+ cmake -DCMAKE_BUILD_TYPE=Release -DLLAMA_FATAL_WARNINGS=ON -DGGML_VULKAN=1 ..
-- The C compiler identification is GNU 13.3.0
-- The CXX compiler identification is GNU 13.3.0
-- Detecting C compiler ABI info
-- Detecting C compiler ABI info - done
-- Check for working C compiler: /usr/bin/cc - skipped
-- Detecting C compile features
-- Detecting C compile features - done
-- Detecting CXX compiler ABI info
-- Detecting CXX compiler ABI info - done
-- Check for working CXX compiler: /usr/bin/c++ - skipped
-- Detecting CXX compile features
-- Detecting CXX compile features - done
-- Found Git: /usr/bin/git (found version "2.43.0") 
-- Performing Test CMAKE_HAVE_LIBC_PTHREAD
-- Performing Test CMAKE_HAVE_LIBC_PTHREAD - Success
-- Found Threads: TRUE  
-- ccache found, compilation results will be cached. Disable with GGML_CCACHE=OFF.
-- CMAKE_SYSTEM_PROCESSOR: x86_64
-- Including CPU backend
-- Found OpenMP_C: -fopenmp (found version "4.5") 
-- Found OpenMP_CXX: -fopenmp (found version "4.5") 
-- Found OpenMP: TRUE (found version "4.5")  
-- Adding CPU backend variant ggml-cpu: -march=native 
-- Found Vulkan: /usr/lib/x86_64-linux-gnu/libvulkan.so (found version "1.3.296") found components: glslc glslangValidator 
-- Vulkan found
-- GL_NV_cooperative_matrix2 not supported by glslc
-- Including Vulkan backend
-- Configuring done (1.2s)
-- Generating done (0.2s)
-- Build files have been written to: /home/ggml/work/llama.cpp/build-ci-release

real	0m1.448s
user	0m0.891s
sys	0m0.564s
+ tee -a /home/ggml/results/llama.cpp/4d/a69d1abd15263061aff94c10f205836a96a4bc/ggml-6-x86-vulkan-t4/ctest_release-make.log
++ nproc
+ make -j4
[  2%] Building CXX object ggml/src/ggml-vulkan/vulkan-shaders/CMakeFiles/vulkan-shaders-gen.dir/vulkan-shaders-gen.cpp.o
[  2%] Building C object examples/gguf-hash/CMakeFiles/sha256.dir/deps/sha256/sha256.c.o
[  2%] Building C object ggml/src/CMakeFiles/ggml-base.dir/ggml.c.o
[  2%] Building CXX object common/CMakeFiles/build_info.dir/build-info.cpp.o
[  2%] Building C object ggml/src/CMakeFiles/ggml-base.dir/ggml-alloc.c.o
[  2%] Built target sha256
[  3%] Linking CXX executable ../../../../bin/vulkan-shaders-gen
[  4%] Building CXX object ggml/src/CMakeFiles/ggml-base.dir/ggml-backend.cpp.o
[  4%] Building CXX object ggml/src/CMakeFiles/ggml-base.dir/ggml-opt.cpp.o
[  4%] Built target build_info
[  5%] Building CXX object ggml/src/CMakeFiles/ggml-base.dir/ggml-threading.cpp.o
[  6%] Building C object ggml/src/CMakeFiles/ggml-base.dir/ggml-quants.c.o
[  6%] Linking CXX shared library libggml-base.so
[  7%] Building C object examples/gguf-hash/CMakeFiles/xxhash.dir/deps/xxhash/xxhash.c.o
[  8%] Building C object examples/gguf-hash/CMakeFiles/sha1.dir/deps/sha1/sha1.c.o
[  8%] Built target xxhash
[  8%] Built target sha1
[  8%] Built target vulkan-shaders-gen
[  8%] Built target ggml-base
[  9%] Generate vulkan shaders
ggml_vulkan: Generating and compiling shaders to SPIR-V
[ 10%] Building CXX object ggml/src/CMakeFiles/ggml-cpu.dir/ggml-cpu/ggml-cpu-aarch64.cpp.o
[ 10%] Building CXX object ggml/src/CMakeFiles/ggml-cpu.dir/ggml-cpu/ggml-cpu.cpp.o
[ 11%] Building C object ggml/src/CMakeFiles/ggml-cpu.dir/ggml-cpu/ggml-cpu.c.o
[ 11%] Building CXX object ggml/src/CMakeFiles/ggml-cpu.dir/ggml-cpu/ggml-cpu-hbm.cpp.o
[ 11%] Building CXX object ggml/src/CMakeFiles/ggml-cpu.dir/ggml-cpu/ggml-cpu-traits.cpp.o
[ 12%] Building C object ggml/src/CMakeFiles/ggml-cpu.dir/ggml-cpu/ggml-cpu-quants.c.o
[ 13%] Building CXX object ggml/src/CMakeFiles/ggml-cpu.dir/ggml-cpu/amx/amx.cpp.o
[ 13%] Building CXX object ggml/src/CMakeFiles/ggml-cpu.dir/ggml-cpu/amx/mmq.cpp.o
[ 14%] Building CXX object ggml/src/CMakeFiles/ggml-cpu.dir/ggml-cpu/llamafile/sgemm.cpp.o
[ 14%] Linking CXX shared library libggml-cpu.so
[ 14%] Built target ggml-cpu
[ 14%] Building CXX object ggml/src/ggml-vulkan/CMakeFiles/ggml-vulkan.dir/ggml-vulkan.cpp.o
[ 15%] Building CXX object ggml/src/ggml-vulkan/CMakeFiles/ggml-vulkan.dir/ggml-vulkan-shaders.cpp.o
In file included from /usr/include/vulkan/vulkan.hpp:8670,
                 from /home/ggml/work/llama.cpp/ggml/src/ggml-vulkan/ggml-vulkan.cpp:8:
In constructor ‘constexpr vk::DescriptorBufferInfo::DescriptorBufferInfo(vk::Buffer, vk::DeviceSize, vk::DeviceSize)’,
    inlined from ‘vk_subbuffer::operator vk::DescriptorBufferInfo() const’ at /home/ggml/work/llama.cpp/ggml/src/ggml-vulkan/ggml-vulkan.cpp:327:47,
    inlined from ‘void ggml_vk_flash_attn(ggml_backend_vk_context*, vk_context&, const ggml_tensor*, const ggml_tensor*, const ggml_tensor*, const ggml_tensor*, ggml_tensor*, bool)’ at /home/ggml/work/llama.cpp/ggml/src/ggml-vulkan/ggml-vulkan.cpp:4825:30:
/usr/include/vulkan/vulkan_structs.hpp:24124:9: error: ‘k_buf_offset’ may be used uninitialized [-Werror=maybe-uninitialized]
24124 |       , offset{ offset_ }
      |         ^~~~~~~~~~~~~~~~~
/home/ggml/work/llama.cpp/ggml/src/ggml-vulkan/ggml-vulkan.cpp: In function ‘void ggml_vk_flash_attn(ggml_backend_vk_context*, vk_context&, const ggml_tensor*, const ggml_tensor*, const ggml_tensor*, const ggml_tensor*, ggml_tensor*, bool)’:
/home/ggml/work/llama.cpp/ggml/src/ggml-vulkan/ggml-vulkan.cpp:4772:28: note: ‘k_buf_offset’ was declared here
 4772 |     uint64_t q_buf_offset, k_buf_offset, v_buf_offset, d_buf_offset, m_buf_offset;
      |                            ^~~~~~~~~~~~
In constructor ‘constexpr vk::DescriptorBufferInfo::DescriptorBufferInfo(vk::Buffer, vk::DeviceSize, vk::DeviceSize)’,
    inlined from ‘vk_subbuffer::operator vk::DescriptorBufferInfo() const’ at /home/ggml/work/llama.cpp/ggml/src/ggml-vulkan/ggml-vulkan.cpp:327:47,
    inlined from ‘void ggml_vk_flash_attn(ggml_backend_vk_context*, vk_context&, const ggml_tensor*, const ggml_tensor*, const ggml_tensor*, const ggml_tensor*, ggml_tensor*, bool)’ at /home/ggml/work/llama.cpp/ggml/src/ggml-vulkan/ggml-vulkan.cpp:4825:30:
/usr/include/vulkan/vulkan_structs.hpp:24124:9: error: ‘v_buf_offset’ may be used uninitialized [-Werror=maybe-uninitialized]
24124 |       , offset{ offset_ }
      |         ^~~~~~~~~~~~~~~~~
/home/ggml/work/llama.cpp/ggml/src/ggml-vulkan/ggml-vulkan.cpp: In function ‘void ggml_vk_flash_attn(ggml_backend_vk_context*, vk_context&, const ggml_tensor*, const ggml_tensor*, const ggml_tensor*, const ggml_tensor*, ggml_tensor*, bool)’:
/home/ggml/work/llama.cpp/ggml/src/ggml-vulkan/ggml-vulkan.cpp:4772:42: note: ‘v_buf_offset’ was declared here
 4772 |     uint64_t q_buf_offset, k_buf_offset, v_buf_offset, d_buf_offset, m_buf_offset;
      |                                          ^~~~~~~~~~~~
In constructor ‘constexpr vk::DescriptorBufferInfo::DescriptorBufferInfo(vk::Buffer, vk::DeviceSize, vk::DeviceSize)’,
    inlined from ‘vk_subbuffer::operator vk::DescriptorBufferInfo() const’ at /home/ggml/work/llama.cpp/ggml/src/ggml-vulkan/ggml-vulkan.cpp:327:47,
    inlined from ‘void ggml_vk_flash_attn(ggml_backend_vk_context*, vk_context&, const ggml_tensor*, const ggml_tensor*, const ggml_tensor*, const ggml_tensor*, ggml_tensor*, bool)’ at /home/ggml/work/llama.cpp/ggml/src/ggml-vulkan/ggml-vulkan.cpp:4825:30:
/usr/include/vulkan/vulkan_structs.hpp:24124:9: error: ‘d_buf_offset’ may be used uninitialized [-Werror=maybe-uninitialized]
24124 |       , offset{ offset_ }
      |         ^~~~~~~~~~~~~~~~~
/home/ggml/work/llama.cpp/ggml/src/ggml-vulkan/ggml-vulkan.cpp: In function ‘void ggml_vk_flash_attn(ggml_backend_vk_context*, vk_context&, const ggml_tensor*, const ggml_tensor*, const ggml_tensor*, const ggml_tensor*, ggml_tensor*, bool)’:
/home/ggml/work/llama.cpp/ggml/src/ggml-vulkan/ggml-vulkan.cpp:4772:56: note: ‘d_buf_offset’ was declared here
 4772 |     uint64_t q_buf_offset, k_buf_offset, v_buf_offset, d_buf_offset, m_buf_offset;
      |                                                        ^~~~~~~~~~~~
In constructor ‘constexpr vk::DescriptorBufferInfo::DescriptorBufferInfo(vk::Buffer, vk::DeviceSize, vk::DeviceSize)’,
    inlined from ‘vk_subbuffer::operator vk::DescriptorBufferInfo() const’ at /home/ggml/work/llama.cpp/ggml/src/ggml-vulkan/ggml-vulkan.cpp:327:47,
    inlined from ‘void ggml_vk_flash_attn(ggml_backend_vk_context*, vk_context&, const ggml_tensor*, const ggml_tensor*, const ggml_tensor*, const ggml_tensor*, ggml_tensor*, bool)’ at /home/ggml/work/llama.cpp/ggml/src/ggml-vulkan/ggml-vulkan.cpp:4825:30:
/usr/include/vulkan/vulkan_structs.hpp:24124:9: error: ‘m_buf_offset’ may be used uninitialized [-Werror=maybe-uninitialized]
24124 |       , offset{ offset_ }
      |         ^~~~~~~~~~~~~~~~~
/home/ggml/work/llama.cpp/ggml/src/ggml-vulkan/ggml-vulkan.cpp: In function ‘void ggml_vk_flash_attn(ggml_backend_vk_context*, vk_context&, const ggml_tensor*, const ggml_tensor*, const ggml_tensor*, const ggml_tensor*, ggml_tensor*, bool)’:
/home/ggml/work/llama.cpp/ggml/src/ggml-vulkan/ggml-vulkan.cpp:4772:70: note: ‘m_buf_offset’ was declared here
 4772 |     uint64_t q_buf_offset, k_buf_offset, v_buf_offset, d_buf_offset, m_buf_offset;
      |                                                                      ^~~~~~~~~~~~
cc1plus: all warnings being treated as errors
make[2]: *** [ggml/src/ggml-vulkan/CMakeFiles/ggml-vulkan.dir/build.make:153: ggml/src/ggml-vulkan/CMakeFiles/ggml-vulkan.dir/ggml-vulkan.cpp.o] Error 1
make[1]: *** [CMakeFiles/Makefile2:1784: ggml/src/ggml-vulkan/CMakeFiles/ggml-vulkan.dir/all] Error 2
make: *** [Makefile:146: all] Error 2

real	0m51.565s
user	2m5.942s
sys	0m23.582s
+ cur=2
+ echo 2
+ set +x
cat: /home/ggml/results/llama.cpp/4d/a69d1abd15263061aff94c10f205836a96a4bc/ggml-6-x86-vulkan-t4/ctest_release-ctest.log: No such file or directory
