+ ctest --output-on-failure
Test project /home/ggml/work/ggml/build-ci-release
      Start  1: test-grad0
 1/21 Test  #1: test-grad0 .......................   Passed    3.33 sec
      Start  2: test-opt
 2/21 Test  #2: test-opt .........................   Passed    1.62 sec
      Start  3: test-quantize-fns
 3/21 Test  #3: test-quantize-fns ................   Passed    0.01 sec
      Start  4: test-quantize-perf
 4/21 Test  #4: test-quantize-perf ...............   Passed    0.04 sec
      Start  5: test-mul-mat0
 5/21 Test  #5: test-mul-mat0 ....................   Passed    0.56 sec
      Start  6: test-mul-mat2
 6/21 Test  #6: test-mul-mat2 ....................   Passed    2.81 sec
      Start  7: test0
 7/21 Test  #7: test0 ............................   Passed    0.00 sec
      Start  8: test1
 8/21 Test  #8: test1 ............................   Passed    0.00 sec
      Start  9: test2
 9/21 Test  #9: test2 ............................   Passed    0.02 sec
      Start 10: test3
10/21 Test #10: test3 ............................   Passed    0.02 sec
      Start 11: test-pool
11/21 Test #11: test-pool ........................   Passed    0.00 sec
      Start 12: test-conv-transpose
12/21 Test #12: test-conv-transpose ..............   Passed    0.00 sec
      Start 13: test-dup
13/21 Test #13: test-dup .........................   Passed    0.00 sec
      Start 14: test-rel-pos
14/21 Test #14: test-rel-pos .....................   Passed    0.00 sec
      Start 15: test-customop
15/21 Test #15: test-customop ....................   Passed    0.00 sec
      Start 16: test-xpos
16/21 Test #16: test-xpos ........................   Passed    0.00 sec
      Start 17: test-conv1d
17/21 Test #17: test-conv1d ......................   Passed    0.00 sec
      Start 18: test-conv2d
18/21 Test #18: test-conv2d ......................   Passed    0.00 sec
      Start 19: test-mul-mat
19/21 Test #19: test-mul-mat .....................   Passed    0.00 sec
      Start 20: test-backend-buffer
20/21 Test #20: test-backend-buffer ..............   Passed    0.00 sec
      Start 21: test-backend-ops
21/21 Test #21: test-backend-ops .................   Passed   19.86 sec

100% tests passed, 0 tests failed out of 21

Total Test time (real) =  28.31 sec

real	0m28.319s
user	0m29.490s
sys	0m11.647s
