+ gg_run_ctest_debug
+ tee /home/ggml/results/ggml/ggml-2-x86-cpu/f3e5c3e877919e85c783252af58b7700d301865d/ctest_debug.log
+ cd /home/ggml/work/ggml
+ rm -rf build-ci-debug
+ mkdir build-ci-debug
+ cd build-ci-debug
+ set -e
+ tee /home/ggml/results/ggml/ggml-2-x86-cpu/f3e5c3e877919e85c783252af58b7700d301865d/ctest_debug-cmake.log
+ cmake -DCMAKE_BUILD_TYPE=Debug ..
-- The C compiler identification is GNU 11.3.0
-- The CXX compiler identification is GNU 11.3.0
-- Detecting C compiler ABI info
-- Detecting C compiler ABI info - done
-- Check for working C compiler: /usr/bin/cc - skipped
-- Detecting C compile features
-- Detecting C compile features - done
-- Detecting CXX compiler ABI info
-- Detecting CXX compiler ABI info - done
-- Check for working CXX compiler: /usr/bin/c++ - skipped
-- Detecting CXX compile features
-- Detecting CXX compile features - done
-- Found Git: /usr/bin/git (found version "2.34.1") 
-- Looking for pthread.h
-- Looking for pthread.h - found
-- Performing Test CMAKE_HAVE_LIBC_PTHREAD
-- Performing Test CMAKE_HAVE_LIBC_PTHREAD - Success
-- Found Threads: TRUE  
-- CMAKE_SYSTEM_PROCESSOR: x86_64
-- x86 detected
-- Linux detected
-- x86 detected
-- Linux detected
-- Configuring done
-- Generating done
-- Build files have been written to: /home/ggml/work/ggml/build-ci-debug

real	0m0.434s
user	0m0.266s
sys	0m0.107s
+ tee /home/ggml/results/ggml/ggml-2-x86-cpu/f3e5c3e877919e85c783252af58b7700d301865d/ctest_debug-make.log
+ make -j4
[  1%] Building C object src/CMakeFiles/ggml.dir/ggml.c.o
[  2%] Building CXX object examples/CMakeFiles/common.dir/common.cpp.o
[  4%] Linking C static library libggml.a
[  4%] Built target ggml
[  5%] Building C object tests/CMakeFiles/test-vec1.dir/test-vec1.c.o
[  6%] Building C object tests/CMakeFiles/test-vec0.dir/test-vec0.c.o
[  8%] Building C object tests/CMakeFiles/test-grad0.dir/test-grad0.c.o
[  9%] Linking C executable ../bin/test-vec0
[  9%] Built target test-vec0
[ 11%] Building C object tests/CMakeFiles/test-opt.dir/test-opt.c.o
[ 12%] Linking C executable ../bin/test-grad0
[ 13%] Linking C executable ../bin/test-opt
[ 13%] Built target test-grad0
[ 15%] Building CXX object tests/CMakeFiles/test-quantize-fns.dir/test-quantize-fns.cpp.o
[ 15%] Built target test-opt
[ 16%] Building CXX object tests/CMakeFiles/test-quantize-perf.dir/test-quantize-perf.cpp.o
[ 18%] Linking C executable ../bin/test-vec1
[ 18%] Built target test-vec1
[ 19%] Building C object tests/CMakeFiles/test-mul-mat0.dir/test-mul-mat0.c.o
[ 20%] Linking C executable ../bin/test-mul-mat0
[ 20%] Built target test-mul-mat0
[ 22%] Building C object tests/CMakeFiles/test-mul-mat2.dir/test-mul-mat2.c.o
[ 23%] Linking CXX executable ../bin/test-quantize-fns
[ 25%] Linking C executable ../bin/test-mul-mat2
[ 25%] Built target test-quantize-fns
[ 26%] Building C object tests/CMakeFiles/test0.dir/test0.c.o
[ 26%] Built target test-mul-mat2
[ 27%] Linking C executable ../bin/test0
[ 29%] Building C object tests/CMakeFiles/test1.dir/test1.c.o
[ 29%] Built target test0
[ 30%] Building C object tests/CMakeFiles/test2.dir/test2.c.o
[ 31%] Linking C executable ../bin/test1
[ 33%] Linking C executable ../bin/test2
[ 33%] Built target test1
[ 34%] Building C object tests/CMakeFiles/test3.dir/test3.c.o
[ 34%] Built target test2
[ 36%] Building C object tests/CMakeFiles/test-pool.dir/test-pool.c.o
[ 37%] Linking C executable ../bin/test3
[ 38%] Linking C executable ../bin/test-pool
[ 38%] Built target test3
[ 40%] Building CXX object examples/CMakeFiles/common-ggml.dir/common-ggml.cpp.o
[ 40%] Built target test-pool
[ 41%] Building CXX object examples/whisper/CMakeFiles/whisper-cpp.dir/whisper.cpp.o
[ 43%] Linking CXX executable ../bin/test-quantize-perf
[ 43%] Built target test-quantize-perf
[ 44%] Building CXX object examples/mnist/CMakeFiles/mnist-cpu.dir/main-cpu.cpp.o
[ 45%] Linking CXX executable ../../bin/mnist-cpu
[ 45%] Built target mnist-cpu
[ 47%] Linking CXX static library libcommon.a
[ 47%] Built target common
[ 48%] Building CXX object examples/mnist/CMakeFiles/mnist.dir/main.cpp.o
[ 50%] Linking CXX executable ../../bin/mnist
[ 50%] Built target mnist
[ 51%] Linking CXX static library libcommon-ggml.a
[ 51%] Built target common-ggml
[ 52%] Building CXX object examples/gpt-2/CMakeFiles/gpt-2.dir/main.cpp.o
[ 54%] Building CXX object examples/gpt-2/CMakeFiles/gpt-2-quantize.dir/quantize.cpp.o
[ 55%] Building CXX object examples/gpt-j/CMakeFiles/gpt-j.dir/main.cpp.o
[ 56%] Linking CXX executable ../../bin/gpt-2-quantize
[ 58%] Linking CXX executable ../../bin/gpt-j
[ 58%] Built target gpt-2-quantize
[ 59%] Linking CXX executable ../../bin/gpt-2
[ 61%] Building CXX object examples/gpt-j/CMakeFiles/gpt-j-quantize.dir/quantize.cpp.o
[ 61%] Built target gpt-j
[ 61%] Built target gpt-2
[ 62%] Building CXX object examples/whisper/CMakeFiles/whisper-quantize.dir/quantize.cpp.o
[ 63%] Building CXX object examples/gpt-neox/CMakeFiles/gpt-neox.dir/main.cpp.o
[ 65%] Linking CXX executable ../../bin/gpt-j-quantize
[ 65%] Built target gpt-j-quantize
[ 66%] Building CXX object examples/gpt-neox/CMakeFiles/gpt-neox-quantize.dir/quantize.cpp.o
[ 68%] Linking CXX executable ../../bin/whisper-quantize
[ 69%] Linking CXX executable ../../bin/gpt-neox
[ 69%] Built target whisper-quantize
[ 70%] Building CXX object examples/dolly-v2/CMakeFiles/dollyv2.dir/main.cpp.o
[ 70%] Built target gpt-neox
[ 72%] Building CXX object examples/dolly-v2/CMakeFiles/dollyv2-quantize.dir/quantize.cpp.o
[ 73%] Linking CXX static library libwhisper-cpp.a
[ 73%] Built target whisper-cpp
[ 75%] Building CXX object examples/replit/CMakeFiles/replit.dir/main.cpp.o
[ 76%] Linking CXX executable ../../bin/gpt-neox-quantize
[ 76%] Built target gpt-neox-quantize
[ 77%] Building CXX object examples/replit/CMakeFiles/replit-quantize.dir/quantize.cpp.o
[ 79%] Linking CXX executable ../../bin/dollyv2-quantize
[ 80%] Linking CXX executable ../../bin/dollyv2
[ 80%] Built target dollyv2-quantize
[ 81%] Building CXX object examples/mpt/CMakeFiles/mpt.dir/main.cpp.o
[ 81%] Built target dollyv2
[ 83%] Building CXX object examples/mpt/CMakeFiles/mpt-quantize.dir/quantize.cpp.o
[ 84%] Linking CXX executable ../../bin/replit-quantize
[ 84%] Built target replit-quantize
[ 86%] Building CXX object examples/starcoder/CMakeFiles/starcoder.dir/main.cpp.o
[ 87%] Linking CXX executable ../../bin/replit
[ 87%] Built target replit
[ 88%] Building CXX object examples/starcoder/CMakeFiles/starcoder-mmap.dir/starcoder-mmap.cpp.o
[ 90%] Linking CXX executable ../../bin/mpt-quantize
[ 90%] Built target mpt-quantize
[ 91%] Building CXX object examples/starcoder/CMakeFiles/starcoder-quantize.dir/quantize.cpp.o
[ 93%] Linking CXX executable ../../bin/mpt
/home/ggml/work/ggml/examples/starcoder/starcoder-mmap.cpp: In function ‘bool starcoder_model_load(const string&, starcoder_model&, gpt_vocab&, int32_t)’:
/home/ggml/work/ggml/examples/starcoder/starcoder-mmap.cpp:305:19: warning: unused variable ‘n_ctx’ [-Wunused-variable]
  305 |         const int n_ctx   = hparams.n_ctx;
      |                   ^~~~~
/home/ggml/work/ggml/examples/starcoder/starcoder-mmap.cpp:306:19: warning: unused variable ‘n_vocab’ [-Wunused-variable]
  306 |         const int n_vocab = hparams.n_vocab;
      |                   ^~~~~~~
/home/ggml/work/ggml/examples/starcoder/starcoder-mmap.cpp:310:19: warning: unused variable ‘kv_dim’ [-Wunused-variable]
  310 |         const int kv_dim   = kv_heads * head_dim;
      |                   ^~~~~~
/home/ggml/work/ggml/examples/starcoder/starcoder-mmap.cpp:197:18: warning: unused variable ‘file_size’ [-Wunused-variable]
  197 |     const size_t file_size = fin.tellg();
      |                  ^~~~~~~~~
[ 93%] Built target mpt
[ 94%] Building CXX object examples/whisper/CMakeFiles/whisper.dir/main.cpp.o
[ 95%] Linking CXX executable ../../bin/starcoder
[ 95%] Built target starcoder
[ 97%] Linking CXX executable ../../bin/starcoder-quantize
[ 98%] Linking CXX executable ../../bin/starcoder-mmap
[ 98%] Built target starcoder-quantize
[ 98%] Built target starcoder-mmap
[100%] Linking CXX executable ../../bin/whisper
[100%] Built target whisper

real	0m7.900s
user	0m24.320s
sys	0m2.658s
+ tee /home/ggml/results/ggml/ggml-2-x86-cpu/f3e5c3e877919e85c783252af58b7700d301865d/ctest_debug-ctest.log
+ ctest --output-on-failure -E test-opt
Test project /home/ggml/work/ggml/build-ci-debug
      Start  1: test-grad0
 1/10 Test  #1: test-grad0 .......................   Passed    2.76 sec
      Start  2: test-quantize-fns
 2/10 Test  #2: test-quantize-fns ................   Passed    0.01 sec
      Start  3: test-quantize-perf
 3/10 Test  #3: test-quantize-perf ...............   Passed    0.01 sec
      Start  4: test-mul-mat0
 4/10 Test  #4: test-mul-mat0 ....................   Passed    0.54 sec
      Start  5: test-mul-mat2
 5/10 Test  #5: test-mul-mat2 ....................   Passed    6.57 sec
      Start  6: test0
 6/10 Test  #6: test0 ............................   Passed    0.00 sec
      Start  7: test1
 7/10 Test  #7: test1 ............................   Passed    0.01 sec
      Start  8: test2
 8/10 Test  #8: test2 ............................   Passed    0.02 sec
      Start  9: test3
 9/10 Test  #9: test3 ............................   Passed    0.03 sec
      Start 10: test-pool
10/10 Test #10: test-pool ........................   Passed    0.00 sec

100% tests passed, 0 tests failed out of 10

Total Test time (real) =   9.97 sec

real	0m9.975s
user	0m9.967s
sys	0m3.383s
+ set +e
+ cur=0
+ echo 0
+ set +x
+ gg_run_ctest_release
+ tee /home/ggml/results/ggml/ggml-2-x86-cpu/f3e5c3e877919e85c783252af58b7700d301865d/ctest_release.log
+ cd /home/ggml/work/ggml
+ rm -rf build-ci-release
+ mkdir build-ci-release
+ cd build-ci-release
+ set -e
+ tee /home/ggml/results/ggml/ggml-2-x86-cpu/f3e5c3e877919e85c783252af58b7700d301865d/ctest_release-cmake.log
+ cmake -DCMAKE_BUILD_TYPE=Release ..
-- The C compiler identification is GNU 11.3.0
-- The CXX compiler identification is GNU 11.3.0
-- Detecting C compiler ABI info
-- Detecting C compiler ABI info - done
-- Check for working C compiler: /usr/bin/cc - skipped
-- Detecting C compile features
-- Detecting C compile features - done
-- Detecting CXX compiler ABI info
-- Detecting CXX compiler ABI info - done
-- Check for working CXX compiler: /usr/bin/c++ - skipped
-- Detecting CXX compile features
-- Detecting CXX compile features - done
-- Found Git: /usr/bin/git (found version "2.34.1") 
-- Looking for pthread.h
-- Looking for pthread.h - found
-- Performing Test CMAKE_HAVE_LIBC_PTHREAD
-- Performing Test CMAKE_HAVE_LIBC_PTHREAD - Success
-- Found Threads: TRUE  
-- CMAKE_SYSTEM_PROCESSOR: x86_64
-- x86 detected
-- Linux detected
-- x86 detected
-- Linux detected
-- Configuring done
-- Generating done
-- Build files have been written to: /home/ggml/work/ggml/build-ci-release

real	0m0.414s
user	0m0.264s
sys	0m0.115s
+ tee /home/ggml/results/ggml/ggml-2-x86-cpu/f3e5c3e877919e85c783252af58b7700d301865d/ctest_release-make.log
+ make -j4
[  1%] Building CXX object examples/CMakeFiles/common.dir/common.cpp.o
[  2%] Building C object src/CMakeFiles/ggml.dir/ggml.c.o
[  4%] Linking C static library libggml.a
[  4%] Built target ggml
[  6%] Building C object tests/CMakeFiles/test-vec1.dir/test-vec1.c.o
[  6%] Building C object tests/CMakeFiles/test-vec0.dir/test-vec0.c.o
[  8%] Building C object tests/CMakeFiles/test-grad0.dir/test-grad0.c.o
[  9%] Linking C executable ../bin/test-vec0
[  9%] Built target test-vec0
[ 11%] Building C object tests/CMakeFiles/test-opt.dir/test-opt.c.o
[ 12%] Linking CXX static library libcommon.a
[ 12%] Built target common
[ 13%] Building CXX object tests/CMakeFiles/test-quantize-fns.dir/test-quantize-fns.cpp.o
[ 15%] Linking C executable ../bin/test-opt
[ 15%] Built target test-opt
[ 16%] Building CXX object tests/CMakeFiles/test-quantize-perf.dir/test-quantize-perf.cpp.o
[ 18%] Linking C executable ../bin/test-vec1
[ 18%] Built target test-vec1
[ 19%] Building C object tests/CMakeFiles/test-mul-mat0.dir/test-mul-mat0.c.o
[ 20%] Linking CXX executable ../bin/test-quantize-fns
[ 20%] Built target test-quantize-fns
[ 22%] Building C object tests/CMakeFiles/test-mul-mat2.dir/test-mul-mat2.c.o
[ 23%] Linking C executable ../bin/test-mul-mat0
[ 25%] Linking C executable ../bin/test-grad0
[ 25%] Built target test-mul-mat0
[ 26%] Building C object tests/CMakeFiles/test0.dir/test0.c.o
[ 26%] Built target test-grad0
[ 27%] Building C object tests/CMakeFiles/test1.dir/test1.c.o
[ 29%] Linking C executable ../bin/test0
[ 29%] Built target test0
[ 30%] Building C object tests/CMakeFiles/test2.dir/test2.c.o
[ 31%] Linking C executable ../bin/test1
[ 33%] Linking C executable ../bin/test2
[ 33%] Built target test1
[ 34%] Building C object tests/CMakeFiles/test3.dir/test3.c.o
[ 34%] Built target test2
[ 36%] Building C object tests/CMakeFiles/test-pool.dir/test-pool.c.o
[ 37%] Linking C executable ../bin/test3
[ 38%] Linking C executable ../bin/test-pool
[ 38%] Built target test3
[ 40%] Building CXX object examples/CMakeFiles/common-ggml.dir/common-ggml.cpp.o
[ 40%] Built target test-pool
[ 41%] Building CXX object examples/whisper/CMakeFiles/whisper-cpp.dir/whisper.cpp.o
[ 43%] Linking C executable ../bin/test-mul-mat2
[ 43%] Built target test-mul-mat2
[ 44%] Building CXX object examples/mnist/CMakeFiles/mnist.dir/main.cpp.o
[ 45%] Linking CXX executable ../bin/test-quantize-perf
[ 45%] Built target test-quantize-perf
[ 47%] Building CXX object examples/mnist/CMakeFiles/mnist-cpu.dir/main-cpu.cpp.o
[ 48%] Linking CXX executable ../../bin/mnist-cpu
[ 50%] Linking CXX executable ../../bin/mnist
[ 50%] Built target mnist-cpu
[ 50%] Built target mnist
[ 51%] Linking CXX static library libcommon-ggml.a
[ 51%] Built target common-ggml
[ 52%] Building CXX object examples/gpt-2/CMakeFiles/gpt-2.dir/main.cpp.o
[ 54%] Building CXX object examples/gpt-2/CMakeFiles/gpt-2-quantize.dir/quantize.cpp.o
[ 55%] Building CXX object examples/gpt-j/CMakeFiles/gpt-j.dir/main.cpp.o
[ 56%] Linking CXX executable ../../bin/gpt-2-quantize
[ 56%] Built target gpt-2-quantize
[ 58%] Building CXX object examples/gpt-j/CMakeFiles/gpt-j-quantize.dir/quantize.cpp.o
[ 59%] Linking CXX executable ../../bin/gpt-j
[ 61%] Linking CXX executable ../../bin/gpt-2
[ 61%] Built target gpt-j
[ 62%] Building CXX object examples/whisper/CMakeFiles/whisper-quantize.dir/quantize.cpp.o
[ 62%] Built target gpt-2
[ 63%] Building CXX object examples/gpt-neox/CMakeFiles/gpt-neox.dir/main.cpp.o
[ 65%] Linking CXX executable ../../bin/gpt-j-quantize
[ 65%] Built target gpt-j-quantize
[ 66%] Building CXX object examples/gpt-neox/CMakeFiles/gpt-neox-quantize.dir/quantize.cpp.o
[ 68%] Linking CXX executable ../../bin/whisper-quantize
[ 68%] Built target whisper-quantize
[ 69%] Building CXX object examples/dolly-v2/CMakeFiles/dollyv2.dir/main.cpp.o
[ 70%] Linking CXX executable ../../bin/gpt-neox-quantize
[ 70%] Built target gpt-neox-quantize
[ 72%] Building CXX object examples/dolly-v2/CMakeFiles/dollyv2-quantize.dir/quantize.cpp.o
[ 73%] Linking CXX executable ../../bin/gpt-neox
[ 73%] Built target gpt-neox
[ 75%] Building CXX object examples/replit/CMakeFiles/replit.dir/main.cpp.o
[ 76%] Linking CXX executable ../../bin/dollyv2-quantize
[ 76%] Built target dollyv2-quantize
[ 77%] Building CXX object examples/replit/CMakeFiles/replit-quantize.dir/quantize.cpp.o
[ 79%] Linking CXX executable ../../bin/dollyv2
[ 79%] Built target dollyv2
[ 80%] Building CXX object examples/mpt/CMakeFiles/mpt.dir/main.cpp.o
[ 81%] Linking CXX executable ../../bin/replit-quantize
[ 81%] Built target replit-quantize
[ 83%] Building CXX object examples/mpt/CMakeFiles/mpt-quantize.dir/quantize.cpp.o
[ 84%] Linking CXX executable ../../bin/replit
[ 84%] Built target replit
[ 86%] Building CXX object examples/starcoder/CMakeFiles/starcoder.dir/main.cpp.o
[ 87%] Linking CXX executable ../../bin/mpt-quantize
[ 87%] Built target mpt-quantize
[ 88%] Building CXX object examples/starcoder/CMakeFiles/starcoder-mmap.dir/starcoder-mmap.cpp.o
[ 90%] Linking CXX static library libwhisper-cpp.a
[ 90%] Built target whisper-cpp
[ 91%] Building CXX object examples/starcoder/CMakeFiles/starcoder-quantize.dir/quantize.cpp.o
/home/ggml/work/ggml/examples/starcoder/starcoder-mmap.cpp: In function ‘bool starcoder_model_load(const string&, starcoder_model&, gpt_vocab&, int32_t)’:
/home/ggml/work/ggml/examples/starcoder/starcoder-mmap.cpp:305:19: warning: unused variable ‘n_ctx’ [-Wunused-variable]
  305 |         const int n_ctx   = hparams.n_ctx;
      |                   ^~~~~
/home/ggml/work/ggml/examples/starcoder/starcoder-mmap.cpp:306:19: warning: unused variable ‘n_vocab’ [-Wunused-variable]
  306 |         const int n_vocab = hparams.n_vocab;
      |                   ^~~~~~~
/home/ggml/work/ggml/examples/starcoder/starcoder-mmap.cpp:310:19: warning: unused variable ‘kv_dim’ [-Wunused-variable]
  310 |         const int kv_dim   = kv_heads * head_dim;
      |                   ^~~~~~
/home/ggml/work/ggml/examples/starcoder/starcoder-mmap.cpp:197:18: warning: unused variable ‘file_size’ [-Wunused-variable]
  197 |     const size_t file_size = fin.tellg();
      |                  ^~~~~~~~~
[ 93%] Linking CXX executable ../../bin/mpt
[ 93%] Built target mpt
[ 94%] Building CXX object examples/whisper/CMakeFiles/whisper.dir/main.cpp.o
[ 95%] Linking CXX executable ../../bin/starcoder
[ 95%] Built target starcoder
[ 97%] Linking CXX executable ../../bin/starcoder-quantize
[ 97%] Built target starcoder-quantize
[ 98%] Linking CXX executable ../../bin/starcoder-mmap
[ 98%] Built target starcoder-mmap
[100%] Linking CXX executable ../../bin/whisper
[100%] Built target whisper

real	0m15.254s
user	0m40.884s
sys	0m2.182s
+ tee /home/ggml/results/ggml/ggml-2-x86-cpu/f3e5c3e877919e85c783252af58b7700d301865d/ctest_release-ctest.log
+ ctest --output-on-failure -E test-opt
Test project /home/ggml/work/ggml/build-ci-release
      Start  1: test-grad0
 1/10 Test  #1: test-grad0 .......................   Passed    2.62 sec
      Start  2: test-quantize-fns
 2/10 Test  #2: test-quantize-fns ................   Passed    0.00 sec
      Start  3: test-quantize-perf
 3/10 Test  #3: test-quantize-perf ...............   Passed    0.00 sec
      Start  4: test-mul-mat0
 4/10 Test  #4: test-mul-mat0 ....................   Passed    0.54 sec
      Start  5: test-mul-mat2
 5/10 Test  #5: test-mul-mat2 ....................   Passed    2.82 sec
      Start  6: test0
 6/10 Test  #6: test0 ............................   Passed    0.00 sec
      Start  7: test1
 7/10 Test  #7: test1 ............................   Passed    0.00 sec
      Start  8: test2
 8/10 Test  #8: test2 ............................   Passed    0.02 sec
      Start  9: test3
 9/10 Test  #9: test3 ............................   Passed    0.02 sec
      Start 10: test-pool
10/10 Test #10: test-pool ........................   Passed    0.00 sec

100% tests passed, 0 tests failed out of 10

Total Test time (real) =   6.05 sec

real	0m6.051s
user	0m5.521s
sys	0m3.477s
+ set +e
+ cur=0
+ echo 0
+ set +x
+ gg_run_gpt_2
+ cd /home/ggml/work/ggml
+ tee /home/ggml/results/ggml/ggml-2-x86-cpu/f3e5c3e877919e85c783252af58b7700d301865d/gpt_2.log
+ gg_wget models/gpt-2 https://huggingface.co/ggerganov/ggml/resolve/main/ggml-model-gpt-2-117M.bin
+ local out=models/gpt-2
+ local url=https://huggingface.co/ggerganov/ggml/resolve/main/ggml-model-gpt-2-117M.bin
++ pwd
+ local cwd=/home/ggml/work/ggml
+ mkdir -p models/gpt-2
+ cd models/gpt-2
+ wget -N https://huggingface.co/ggerganov/ggml/resolve/main/ggml-model-gpt-2-117M.bin
--2023-07-16 16:43:05--  https://huggingface.co/ggerganov/ggml/resolve/main/ggml-model-gpt-2-117M.bin
Resolving huggingface.co (huggingface.co)... 18.154.227.69, 18.154.227.87, 18.154.227.7, ...
Connecting to huggingface.co (huggingface.co)|18.154.227.69|:443... connected.
HTTP request sent, awaiting response... 302 Found
Location: https://cdn-lfs.huggingface.co/repos/b3/15/b3153971b91e73ec6e33951c357d54983fea64477ec09c1e008945ad8e9b8f23/b457d5fcc7f2f71e727bee74298d42d80610619e02af16beca53d44a71d5f607?response-content-disposition=attachment%3B+filename*%3DUTF-8%27%27ggml-model-gpt-2-117M.bin%3B+filename%3D%22ggml-model-gpt-2-117M.bin%22%3B&response-content-type=application%2Foctet-stream&Expires=1689784985&Policy=eyJTdGF0ZW1lbnQiOlt7IkNvbmRpdGlvbiI6eyJEYXRlTGVzc1RoYW4iOnsiQVdTOkVwb2NoVGltZSI6MTY4OTc4NDk4NX19LCJSZXNvdXJjZSI6Imh0dHBzOi8vY2RuLWxmcy5odWdnaW5nZmFjZS5jby9yZXBvcy9iMy8xNS9iMzE1Mzk3MWI5MWU3M2VjNmUzMzk1MWMzNTdkNTQ5ODNmZWE2NDQ3N2VjMDljMWUwMDg5NDVhZDhlOWI4ZjIzL2I0NTdkNWZjYzdmMmY3MWU3MjdiZWU3NDI5OGQ0MmQ4MDYxMDYxOWUwMmFmMTZiZWNhNTNkNDRhNzFkNWY2MDc%7EcmVzcG9uc2UtY29udGVudC1kaXNwb3NpdGlvbj0qJnJlc3BvbnNlLWNvbnRlbnQtdHlwZT0qIn1dfQ__&Signature=coG7Y4sQqDscRMNPTHMERuqzwfSASxpU8a14GymMBdd7uXFuwkO7jbRH2173adcWOVVy1CS1UY9pDfL3-ouNfFpWxUqDCLbDFB5KVoZOqwC7VTnWZLGgEohNuD2uXRhmIHjQs3u0EJChcjeDZKXaey7c2r%7E8MY208VFrklvOp-s7jKRFTLZGbOfxBZvKI59S1nFWJ1HzGuiZKeXaTALGHDmfj%7ENaKtqz66nWuw8eTlfFmUAjzv0j41qwnIM1izBNCPbUzf-pJfAMhLvILHg2-ZpEsBVEjG8LoLkoVNj4xCW0QtSSKNdH%7EhWOvLKyjmSAEVSH%7EM8DWhDqhdqYgqaK5A__&Key-Pair-Id=KVTP0A1DKRTAX [following]
--2023-07-16 16:43:05--  https://cdn-lfs.huggingface.co/repos/b3/15/b3153971b91e73ec6e33951c357d54983fea64477ec09c1e008945ad8e9b8f23/b457d5fcc7f2f71e727bee74298d42d80610619e02af16beca53d44a71d5f607?response-content-disposition=attachment%3B+filename*%3DUTF-8%27%27ggml-model-gpt-2-117M.bin%3B+filename%3D%22ggml-model-gpt-2-117M.bin%22%3B&response-content-type=application%2Foctet-stream&Expires=1689784985&Policy=eyJTdGF0ZW1lbnQiOlt7IkNvbmRpdGlvbiI6eyJEYXRlTGVzc1RoYW4iOnsiQVdTOkVwb2NoVGltZSI6MTY4OTc4NDk4NX19LCJSZXNvdXJjZSI6Imh0dHBzOi8vY2RuLWxmcy5odWdnaW5nZmFjZS5jby9yZXBvcy9iMy8xNS9iMzE1Mzk3MWI5MWU3M2VjNmUzMzk1MWMzNTdkNTQ5ODNmZWE2NDQ3N2VjMDljMWUwMDg5NDVhZDhlOWI4ZjIzL2I0NTdkNWZjYzdmMmY3MWU3MjdiZWU3NDI5OGQ0MmQ4MDYxMDYxOWUwMmFmMTZiZWNhNTNkNDRhNzFkNWY2MDc%7EcmVzcG9uc2UtY29udGVudC1kaXNwb3NpdGlvbj0qJnJlc3BvbnNlLWNvbnRlbnQtdHlwZT0qIn1dfQ__&Signature=coG7Y4sQqDscRMNPTHMERuqzwfSASxpU8a14GymMBdd7uXFuwkO7jbRH2173adcWOVVy1CS1UY9pDfL3-ouNfFpWxUqDCLbDFB5KVoZOqwC7VTnWZLGgEohNuD2uXRhmIHjQs3u0EJChcjeDZKXaey7c2r%7E8MY208VFrklvOp-s7jKRFTLZGbOfxBZvKI59S1nFWJ1HzGuiZKeXaTALGHDmfj%7ENaKtqz66nWuw8eTlfFmUAjzv0j41qwnIM1izBNCPbUzf-pJfAMhLvILHg2-ZpEsBVEjG8LoLkoVNj4xCW0QtSSKNdH%7EhWOvLKyjmSAEVSH%7EM8DWhDqhdqYgqaK5A__&Key-Pair-Id=KVTP0A1DKRTAX
Resolving cdn-lfs.huggingface.co (cdn-lfs.huggingface.co)... 108.138.64.36, 108.138.64.111, 108.138.64.121, ...
Connecting to cdn-lfs.huggingface.co (cdn-lfs.huggingface.co)|108.138.64.36|:443... connected.
HTTP request sent, awaiting response... 304 Not Modified
File ‘ggml-model-gpt-2-117M.bin’ not modified on server. Omitting download.

+ cd /home/ggml/work/ggml
+ cd build-ci-release
+ set -e
+ model=../models/gpt-2/ggml-model-gpt-2-117M.bin
+ prompts=../examples/prompts/gpt-2.txt
+ tee /home/ggml/results/ggml/ggml-2-x86-cpu/f3e5c3e877919e85c783252af58b7700d301865d/gpt_2-tg.log
+ ./bin/gpt-2 --model -s 1234 -n 64 -t 4 -tt ../examples/prompts/gpt-2.txt
error: unknown argument: 1234
usage: ./bin/gpt-2 [options]

options:
  -h, --help            show this help message and exit
  -s SEED, --seed SEED  RNG seed (default: -1)
  -t N, --threads N     number of threads to use during computation (default: 4)
  -ngl N, --gpu-layers N  number of layers to offload to GPU on supported models (default: 0)
  -p PROMPT, --prompt PROMPT
                        prompt to start generation with (default: random)
  -f FNAME, --file FNAME
                        load prompt from a file
  -tt TOKEN_TEST, --token_test TOKEN_TEST
                        test tokenization
  -n N, --n_predict N   number of tokens to predict (default: 200)
  --top_k N             top-k sampling (default: 40)
  --top_p N             top-p sampling (default: 0.9)
  --temp N              temperature (default: 0.9)
  --repeat-last-n N     last n tokens to consider for penalize (default: 64, 0 = disabled)
  --repeat-penalty N    penalize repeat sequence of tokens (default: 1.00, 1.0 = disabled)
  -b N, --batch_size N  batch size for prompt processing (default: 8)
  -m FNAME, --model FNAME
                        model path (default: -s)


real	0m0.001s
user	0m0.002s
sys	0m0.000s
+ tee /home/ggml/results/ggml/ggml-2-x86-cpu/f3e5c3e877919e85c783252af58b7700d301865d/gpt_2-tg.log
+ ./bin/gpt-2 --model -s 1234 -n 64 -t 4 -p 'I believe the meaning of life is'
error: unknown argument: 1234
usage: ./bin/gpt-2 [options]

options:
  -h, --help            show this help message and exit
  -s SEED, --seed SEED  RNG seed (default: -1)
  -t N, --threads N     number of threads to use during computation (default: 4)
  -ngl N, --gpu-layers N  number of layers to offload to GPU on supported models (default: 0)
  -p PROMPT, --prompt PROMPT
                        prompt to start generation with (default: random)
  -f FNAME, --file FNAME
                        load prompt from a file
  -tt TOKEN_TEST, --token_test TOKEN_TEST
                        test tokenization
  -n N, --n_predict N   number of tokens to predict (default: 200)
  --top_k N             top-k sampling (default: 40)
  --top_p N             top-p sampling (default: 0.9)
  --temp N              temperature (default: 0.9)
  --repeat-last-n N     last n tokens to consider for penalize (default: 64, 0 = disabled)
  --repeat-penalty N    penalize repeat sequence of tokens (default: 1.00, 1.0 = disabled)
  -b N, --batch_size N  batch size for prompt processing (default: 8)
  -m FNAME, --model FNAME
                        model path (default: -s)


real	0m0.001s
user	0m0.001s
sys	0m0.000s
+ set +e
+ cur=0
+ echo 0
+ set +x
81.26user 11.93system 0:40.23elapsed 231%CPU (0avgtext+0avgdata 386852maxresident)k
0inputs+612264outputs (49major+2796565minor)pagefaults 0swaps
