+ ctest --output-on-failure -E test-opt
Test project /home/ggml/work/ggml/build-ci-debug
      Start  1: test-grad0
 1/11 Test  #1: test-grad0 .......................   Passed    4.06 sec
      Start  2: test-quantize-fns
 2/11 Test  #2: test-quantize-fns ................   Passed    0.01 sec
      Start  3: test-quantize-perf
 3/11 Test  #3: test-quantize-perf ...............   Passed    0.01 sec
      Start  4: test-mul-mat0
 4/11 Test  #4: test-mul-mat0 ....................   Passed    0.52 sec
      Start  5: test-mul-mat2
 5/11 Test  #5: test-mul-mat2 ....................   Passed    6.58 sec
      Start  6: test0
 6/11 Test  #6: test0 ............................   Passed    0.00 sec
      Start  7: test1
 7/11 Test  #7: test1 ............................   Passed    0.01 sec
      Start  8: test2
 8/11 Test  #8: test2 ............................   Passed   19.59 sec
      Start  9: test3
 9/11 Test  #9: test3 ............................   Passed    1.03 sec
      Start 10: test-pool
10/11 Test #10: test-pool ........................   Passed    0.00 sec
      Start 11: test-customop
11/11 Test #11: test-customop ....................   Passed    0.00 sec

100% tests passed, 0 tests failed out of 11

Total Test time (real) =  31.81 sec

real	0m31.821s
user	1m36.429s
sys	0m2.969s
