mkdir: cannot create directory ‘/mnt/llama.cpp’: Permission denied
+ gg_run_ctest_debug
+ cd /home/ggml/work/llama.cpp
+ tee /home/ggml/results/llama.cpp/eb/42596277ef9d7e6aa6970aecae3a3faa0b5589/ggml-1-arm64-cpu-low-perf/ctest_debug.log
+ rm -rf build-ci-debug
+ mkdir build-ci-debug
+ cd build-ci-debug
+ set -e
+ tee -a /home/ggml/results/llama.cpp/eb/42596277ef9d7e6aa6970aecae3a3faa0b5589/ggml-1-arm64-cpu-low-perf/ctest_debug-cmake.log
+ cmake -DCMAKE_BUILD_TYPE=Debug -DLLAMA_FATAL_WARNINGS=ON ..
-- The C compiler identification is GNU 11.4.0
-- The CXX compiler identification is GNU 11.4.0
-- Detecting C compiler ABI info
-- Detecting C compiler ABI info - done
-- Check for working C compiler: /usr/bin/cc - skipped
-- Detecting C compile features
-- Detecting C compile features - done
-- Detecting CXX compiler ABI info
-- Detecting CXX compiler ABI info - done
-- Check for working CXX compiler: /usr/bin/c++ - skipped
-- Detecting CXX compile features
-- Detecting CXX compile features - done
-- Found Git: /usr/bin/git (found version "2.34.1") 
-- Looking for pthread.h
-- Looking for pthread.h - found
-- Performing Test CMAKE_HAVE_LIBC_PTHREAD
-- Performing Test CMAKE_HAVE_LIBC_PTHREAD - Success
-- Found Threads: TRUE  
-- ccache found, compilation results will be cached. Disable with LLAMA_CCACHE=OFF.
-- CMAKE_SYSTEM_PROCESSOR: aarch64
-- ARM detected
-- Performing Test COMPILER_SUPPORTS_FP16_FORMAT_I3E
-- Performing Test COMPILER_SUPPORTS_FP16_FORMAT_I3E - Failed
-- Configuring done
-- Generating done
-- Build files have been written to: /home/ggml/work/llama.cpp/build-ci-debug

real	0m0.752s
user	0m0.422s
sys	0m0.334s
+ tee -a /home/ggml/results/llama.cpp/eb/42596277ef9d7e6aa6970aecae3a3faa0b5589/ggml-1-arm64-cpu-low-perf/ctest_debug-make.log
+ make -j
[  0%] Generating build details from Git
[  1%] Building C object CMakeFiles/ggml.dir/ggml.c.o
[  2%] Building C object CMakeFiles/ggml.dir/ggml-alloc.c.o
-- Found Git: /usr/bin/git (found version "2.34.1") 
[  3%] Building C object CMakeFiles/ggml.dir/ggml-backend.c.o
[  4%] Building C object CMakeFiles/ggml.dir/ggml-quants.c.o
[  4%] Built target ggml
[  5%] Building CXX object common/CMakeFiles/build_info.dir/build-info.cpp.o
[  7%] Building CXX object examples/gguf/CMakeFiles/gguf.dir/gguf.cpp.o
[  7%] Building CXX object CMakeFiles/llama.dir/llama.cpp.o
[  7%] Linking C static library libggml_static.a
[  8%] Linking CXX executable ../../bin/gguf
[  8%] Built target build_info
[  8%] Built target ggml_static
[  8%] Built target gguf
[  9%] Linking CXX static library libllama.a
[  9%] Built target llama
[ 10%] Building CXX object common/CMakeFiles/common.dir/common.cpp.o
[ 11%] Building C object tests/CMakeFiles/test-c.dir/test-c.c.o
[ 12%] Building CXX object examples/benchmark/CMakeFiles/benchmark.dir/benchmark-matmult.cpp.o
[ 13%] Building CXX object common/CMakeFiles/common.dir/sampling.cpp.o
[ 14%] Building CXX object examples/quantize-stats/CMakeFiles/quantize-stats.dir/quantize-stats.cpp.o
[ 15%] Building CXX object common/CMakeFiles/common.dir/console.cpp.o
[ 16%] Building CXX object examples/quantize/CMakeFiles/quantize.dir/quantize.cpp.o
[ 16%] Building CXX object examples/llava/CMakeFiles/llava.dir/clip.cpp.o
[ 16%] Building CXX object common/CMakeFiles/common.dir/grammar-parser.cpp.o
[ 17%] Building CXX object examples/llava/CMakeFiles/llava.dir/llava.cpp.o
[ 18%] Building CXX object common/CMakeFiles/common.dir/train.cpp.o
[ 19%] Linking CXX executable ../bin/test-c
[ 20%] Linking CXX executable ../../bin/quantize
[ 21%] Linking CXX executable ../../bin/benchmark
[ 22%] Built target llava
[ 22%] Linking CXX executable ../../bin/quantize-stats
[ 23%] Linking CXX static library libcommon.a
[ 23%] Linking CXX static library libllava_static.a
[ 23%] Built target test-c
[ 23%] Built target benchmark
[ 23%] Built target common
[ 23%] Built target llava_static
[ 23%] Building CXX object tests/CMakeFiles/test-chat-template.dir/test-chat-template.cpp.o
[ 23%] Building CXX object tests/CMakeFiles/test-quantize-fns.dir/test-quantize-fns.cpp.o
[ 25%] Building CXX object tests/CMakeFiles/test-quantize-fns.dir/get-model.cpp.o
[ 24%] Building CXX object tests/CMakeFiles/test-chat-template.dir/get-model.cpp.o
[ 26%] Building CXX object tests/CMakeFiles/test-sampling.dir/test-sampling.cpp.o
[ 27%] Building CXX object tests/CMakeFiles/test-quantize-perf.dir/get-model.cpp.o
[ 28%] Building CXX object tests/CMakeFiles/test-quantize-perf.dir/test-quantize-perf.cpp.o
[ 28%] Building CXX object tests/CMakeFiles/test-sampling.dir/get-model.cpp.o
[ 29%] Building CXX object tests/CMakeFiles/test-tokenizer-0-llama.dir/get-model.cpp.o
[ 29%] Building CXX object tests/CMakeFiles/test-tokenizer-0-llama.dir/test-tokenizer-0-llama.cpp.o
[ 30%] Building CXX object tests/CMakeFiles/test-tokenizer-0-falcon.dir/get-model.cpp.o
[ 31%] Building CXX object tests/CMakeFiles/test-tokenizer-0-falcon.dir/test-tokenizer-0-falcon.cpp.o
[ 32%] Building CXX object tests/CMakeFiles/test-tokenizer-1-llama.dir/test-tokenizer-1-llama.cpp.o
[ 33%] Building CXX object tests/CMakeFiles/test-tokenizer-1-bpe.dir/test-tokenizer-1-bpe.cpp.o
[ 34%] Building CXX object tests/CMakeFiles/test-tokenizer-1-llama.dir/get-model.cpp.o
[ 35%] Linking CXX executable ../bin/test-quantize-fns
[ 36%] Building CXX object tests/CMakeFiles/test-tokenizer-1-bpe.dir/get-model.cpp.o
[ 37%] Linking CXX executable ../bin/test-chat-template
[ 39%] Building CXX object tests/CMakeFiles/test-grammar-parser.dir/test-grammar-parser.cpp.o
[ 38%] Linking CXX executable ../bin/test-sampling
[ 40%] Building CXX object tests/CMakeFiles/test-llama-grammar.dir/test-llama-grammar.cpp.o
[ 40%] Building CXX object tests/CMakeFiles/test-llama-grammar.dir/get-model.cpp.o
[ 41%] Building CXX object tests/CMakeFiles/test-rope.dir/test-rope.cpp.o
[ 42%] Building CXX object tests/CMakeFiles/test-grammar-parser.dir/get-model.cpp.o
[ 43%] Building CXX object tests/CMakeFiles/test-rope.dir/get-model.cpp.o
[ 44%] Linking CXX executable ../bin/test-tokenizer-0-llama
[ 42%] Linking CXX executable ../bin/test-quantize-perf
[ 44%] Building CXX object tests/CMakeFiles/test-backend-ops.dir/test-backend-ops.cpp.o
[ 45%] Building CXX object tests/CMakeFiles/test-grad0.dir/test-grad0.cpp.o
[ 46%] Building CXX object tests/CMakeFiles/test-backend-ops.dir/get-model.cpp.o
[ 47%] Building CXX object tests/CMakeFiles/test-grad0.dir/get-model.cpp.o
[ 48%] Building CXX object tests/CMakeFiles/test-autorelease.dir/test-autorelease.cpp.o
[ 49%] Linking CXX executable ../bin/test-tokenizer-0-falcon
[ 50%] Building CXX object tests/CMakeFiles/test-autorelease.dir/get-model.cpp.o
[ 51%] Linking CXX executable ../bin/test-tokenizer-1-bpe
[ 51%] Building CXX object examples/baby-llama/CMakeFiles/baby-llama.dir/baby-llama.cpp.o
[ 52%] Linking CXX executable ../bin/test-tokenizer-1-llama
[ 51%] Building CXX object tests/CMakeFiles/test-model-load-cancel.dir/test-model-load-cancel.cpp.o
[ 53%] Building CXX object tests/CMakeFiles/test-model-load-cancel.dir/get-model.cpp.o
[ 54%] Building CXX object examples/batched/CMakeFiles/batched.dir/batched.cpp.o
[ 55%] Linking CXX executable ../bin/test-rope
[ 56%] Building CXX object examples/beam-search/CMakeFiles/beam-search.dir/beam-search.cpp.o
[ 57%] Linking CXX executable ../bin/test-grammar-parser
[ 58%] Building CXX object examples/batched-bench/CMakeFiles/batched-bench.dir/batched-bench.cpp.o
[ 58%] Building CXX object examples/embedding/CMakeFiles/embedding.dir/embedding.cpp.o
[ 58%] Linking CXX executable ../bin/test-grad0
[ 59%] Linking CXX executable ../bin/test-backend-ops
[ 60%] Building CXX object examples/convert-llama2c-to-ggml/CMakeFiles/convert-llama2c-to-ggml.dir/convert-llama2c-to-ggml.cpp.o
[ 62%] Linking CXX executable ../bin/test-autorelease
[ 62%] Linking CXX executable ../../bin/baby-llama
[ 63%] Building CXX object examples/finetune/CMakeFiles/finetune.dir/finetune.cpp.o
[ 64%] Linking CXX executable ../bin/test-model-load-cancel
[ 65%] Building CXX object examples/llama-bench/CMakeFiles/llama-bench.dir/llama-bench.cpp.o
[ 66%] Linking CXX executable ../../bin/batched
[ 67%] Building CXX object examples/llava/CMakeFiles/llava-cli.dir/llava-cli.cpp.o
[ 68%] Linking CXX executable ../../bin/beam-search
[ 66%] Building CXX object examples/infill/CMakeFiles/infill.dir/infill.cpp.o
[ 68%] Building CXX object examples/main/CMakeFiles/main.dir/main.cpp.o
[ 68%] Linking CXX executable ../../bin/batched-bench
[ 69%] Building CXX object examples/tokenize/CMakeFiles/tokenize.dir/tokenize.cpp.o
[ 70%] Building CXX object examples/parallel/CMakeFiles/parallel.dir/parallel.cpp.o
[ 72%] Linking CXX executable ../../bin/convert-llama2c-to-ggml
[ 73%] Linking CXX executable ../../bin/embedding
[ 74%] Building CXX object examples/save-load-state/CMakeFiles/save-load-state.dir/save-load-state.cpp.o
[ 71%] Building CXX object examples/perplexity/CMakeFiles/perplexity.dir/perplexity.cpp.o
[ 74%] Linking CXX executable ../../bin/finetune
[ 75%] Building CXX object examples/simple/CMakeFiles/simple.dir/simple.cpp.o
[ 76%] Linking CXX executable ../../bin/llava-cli
[ 77%] Linking CXX executable ../../bin/infill
[ 78%] Building CXX object examples/passkey/CMakeFiles/passkey.dir/passkey.cpp.o
[ 78%] Built target quantize
[ 79%] Linking CXX executable ../../bin/main
[ 79%] Linking CXX executable ../../bin/llama-bench
[ 80%] Linking CXX executable ../../bin/parallel
[ 80%] Building CXX object examples/speculative/CMakeFiles/speculative.dir/speculative.cpp.o
[ 81%] Building CXX object examples/lookahead/CMakeFiles/lookahead.dir/lookahead.cpp.o
[ 81%] Linking CXX executable ../../bin/tokenize
[ 82%] Building CXX object examples/lookup/CMakeFiles/lookup.dir/lookup.cpp.o
[ 83%] Building CXX object examples/train-text-from-scratch/CMakeFiles/train-text-from-scratch.dir/train-text-from-scratch.cpp.o
[ 84%] Building CXX object examples/imatrix/CMakeFiles/imatrix.dir/imatrix.cpp.o
[ 84%] Linking CXX executable ../../bin/save-load-state
[ 85%] Built target test-quantize-fns
[ 86%] Building CXX object examples/server/CMakeFiles/server.dir/server.cpp.o
[ 85%] Linking CXX executable ../../bin/perplexity
[ 86%] Linking CXX executable ../../bin/passkey
[ 86%] Built target test-grad0
[ 86%] Built target test-quantize-perf
[ 88%] Linking CXX executable ../../bin/speculative
[ 87%] Linking CXX executable ../../bin/simple
[ 89%] Linking CXX executable ../../bin/lookahead
[ 90%] Linking CXX executable ../../bin/train-text-from-scratch
[ 91%] Building CXX object examples/export-lora/CMakeFiles/export-lora.dir/export-lora.cpp.o
[ 92%] Building CXX object pocs/vdot/CMakeFiles/vdot.dir/vdot.cpp.o
[ 93%] Building CXX object pocs/vdot/CMakeFiles/q8dot.dir/q8dot.cpp.o
[ 94%] Linking CXX executable ../../bin/lookup
[ 95%] Linking CXX executable ../../bin/imatrix
[ 95%] Built target test-rope
[ 96%] Linking CXX executable ../../bin/vdot
[ 96%] Built target quantize-stats
[ 96%] Built target test-grammar-parser
[ 97%] Linking CXX executable ../../bin/q8dot
[ 98%] Linking CXX executable ../../bin/export-lora
[ 98%] Built target test-backend-ops
[ 98%] Built target convert-llama2c-to-ggml
[ 98%] Built target q8dot
[ 98%] Built target vdot
[ 98%] Built target export-lora
[ 98%] Built target test-chat-template
[ 98%] Built target test-sampling
[ 98%] Built target test-model-load-cancel
[ 98%] Built target test-autorelease
[ 98%] Built target test-tokenizer-0-llama
[ 98%] Built target test-tokenizer-0-falcon
[ 98%] Built target beam-search
[ 98%] Built target test-tokenizer-1-bpe
[ 98%] Built target finetune
[ 98%] Built target test-tokenizer-1-llama
[ 98%] Built target batched
[ 98%] Built target baby-llama
[ 98%] Built target embedding
[ 98%] Built target batched-bench
[ 98%] Built target simple
[ 98%] Built target save-load-state
[ 98%] Built target main
[ 98%] Built target tokenize
[ 98%] Built target perplexity
[ 98%] Built target passkey
[ 98%] Built target infill
[ 98%] Built target train-text-from-scratch
[ 98%] Built target imatrix
[ 98%] Built target parallel
[ 98%] Built target lookup
[ 98%] Built target speculative
[ 98%] Built target lookahead
[ 98%] Built target llama-bench
[ 98%] Built target llava-cli
[ 99%] Linking CXX executable ../bin/test-llama-grammar
[ 99%] Built target test-llama-grammar
[100%] Linking CXX executable ../../bin/server
[100%] Built target server

real	0m34.063s
user	0m54.762s
sys	0m7.244s
+ tee -a /home/ggml/results/llama.cpp/eb/42596277ef9d7e6aa6970aecae3a3faa0b5589/ggml-1-arm64-cpu-low-perf/ctest_debug-ctest.log
+ ctest --output-on-failure -L main -E test-opt
Test project /home/ggml/work/llama.cpp/build-ci-debug
      Start  1: test-quantize-fns
 1/21 Test  #1: test-quantize-fns ...................   Passed   14.51 sec
      Start  2: test-quantize-perf
 2/21 Test  #2: test-quantize-perf ..................   Passed   10.83 sec
      Start  3: test-sampling
 3/21 Test  #3: test-sampling .......................   Passed    0.03 sec
      Start  4: test-chat-template
 4/21 Test  #4: test-chat-template ..................   Passed    0.00 sec
      Start  5: test-tokenizer-0-llama
 5/21 Test  #5: test-tokenizer-0-llama ..............   Passed    0.17 sec
      Start  6: test-tokenizer-0-falcon
 6/21 Test  #6: test-tokenizer-0-falcon .............   Passed    1.05 sec
      Start  7: test-tokenizer-1-llama
 7/21 Test  #7: test-tokenizer-1-llama ..............   Passed    4.66 sec
      Start  8: test-tokenizer-1-baichuan
 8/21 Test  #8: test-tokenizer-1-baichuan ...........   Passed    4.99 sec
      Start  9: test-tokenizer-1-falcon
 9/21 Test  #9: test-tokenizer-1-falcon .............   Passed    7.22 sec
      Start 10: test-tokenizer-1-aquila
10/21 Test #10: test-tokenizer-1-aquila .............   Passed   10.13 sec
      Start 11: test-tokenizer-1-mpt
11/21 Test #11: test-tokenizer-1-mpt ................   Passed    6.06 sec
      Start 12: test-tokenizer-1-stablelm-3b-4e1t
12/21 Test #12: test-tokenizer-1-stablelm-3b-4e1t ...   Passed    6.05 sec
      Start 13: test-tokenizer-1-gpt-neox
13/21 Test #13: test-tokenizer-1-gpt-neox ...........   Passed    6.07 sec
      Start 14: test-tokenizer-1-refact
14/21 Test #14: test-tokenizer-1-refact .............   Passed    5.83 sec
      Start 15: test-tokenizer-1-starcoder
15/21 Test #15: test-tokenizer-1-starcoder ..........   Passed    5.88 sec
      Start 16: test-tokenizer-1-gpt2
16/21 Test #16: test-tokenizer-1-gpt2 ...............   Passed    6.15 sec
      Start 17: test-grammar-parser
17/21 Test #17: test-grammar-parser .................   Passed    0.00 sec
      Start 18: test-llama-grammar
18/21 Test #18: test-llama-grammar ..................   Passed    0.00 sec
      Start 19: test-grad0
19/21 Test #19: test-grad0 ..........................   Passed    4.18 sec
      Start 20: test-backend-ops
20/21 Test #20: test-backend-ops ....................   Passed  130.90 sec
      Start 21: test-rope
21/21 Test #21: test-rope ...........................   Passed    0.08 sec

100% tests passed, 0 tests failed out of 21

Label Time Summary:
main    = 224.82 sec*proc (21 tests)

Total Test time (real) = 224.83 sec

real	3m44.840s
user	5m55.579s
sys	0m12.690s
+ set +e
+ cur=0
+ echo 0
+ set +x
+ gg_run_ctest_release
+ tee /home/ggml/results/llama.cpp/eb/42596277ef9d7e6aa6970aecae3a3faa0b5589/ggml-1-arm64-cpu-low-perf/ctest_release.log
+ cd /home/ggml/work/llama.cpp
+ rm -rf build-ci-release
+ mkdir build-ci-release
+ cd build-ci-release
+ set -e
+ tee -a /home/ggml/results/llama.cpp/eb/42596277ef9d7e6aa6970aecae3a3faa0b5589/ggml-1-arm64-cpu-low-perf/ctest_release-cmake.log
+ cmake -DCMAKE_BUILD_TYPE=Release -DLLAMA_FATAL_WARNINGS=ON ..
-- The C compiler identification is GNU 11.4.0
-- The CXX compiler identification is GNU 11.4.0
-- Detecting C compiler ABI info
-- Detecting C compiler ABI info - done
-- Check for working C compiler: /usr/bin/cc - skipped
-- Detecting C compile features
-- Detecting C compile features - done
-- Detecting CXX compiler ABI info
-- Detecting CXX compiler ABI info - done
-- Check for working CXX compiler: /usr/bin/c++ - skipped
-- Detecting CXX compile features
-- Detecting CXX compile features - done
-- Found Git: /usr/bin/git (found version "2.34.1") 
-- Looking for pthread.h
-- Looking for pthread.h - found
-- Performing Test CMAKE_HAVE_LIBC_PTHREAD
-- Performing Test CMAKE_HAVE_LIBC_PTHREAD - Success
-- Found Threads: TRUE  
-- ccache found, compilation results will be cached. Disable with LLAMA_CCACHE=OFF.
-- CMAKE_SYSTEM_PROCESSOR: aarch64
-- ARM detected
-- Performing Test COMPILER_SUPPORTS_FP16_FORMAT_I3E
-- Performing Test COMPILER_SUPPORTS_FP16_FORMAT_I3E - Failed
-- Configuring done
-- Generating done
-- Build files have been written to: /home/ggml/work/llama.cpp/build-ci-release

real	0m0.770s
user	0m0.402s
sys	0m0.372s
+ tee -a /home/ggml/results/llama.cpp/eb/42596277ef9d7e6aa6970aecae3a3faa0b5589/ggml-1-arm64-cpu-low-perf/ctest_release-make.log
+ make -j
[  2%] Building C object CMakeFiles/ggml.dir/ggml-quants.c.o
[  2%] Building CXX object common/CMakeFiles/build_info.dir/build-info.cpp.o
[  4%] Building C object CMakeFiles/ggml.dir/ggml.c.o
[  4%] Building C object CMakeFiles/ggml.dir/ggml-alloc.c.o
[  5%] Building C object CMakeFiles/ggml.dir/ggml-backend.c.o
[  5%] Built target ggml
[  6%] Linking C static library libggml_static.a
[  7%] Building CXX object CMakeFiles/llama.dir/llama.cpp.o
[  7%] Building CXX object examples/gguf/CMakeFiles/gguf.dir/gguf.cpp.o
[  7%] Built target build_info
[  8%] Linking CXX executable ../../bin/gguf
[  8%] Built target ggml_static
[  8%] Built target gguf
[  9%] Linking CXX static library libllama.a
[  9%] Built target llama
[ 10%] Building CXX object common/CMakeFiles/common.dir/common.cpp.o
[ 11%] Building CXX object examples/quantize-stats/CMakeFiles/quantize-stats.dir/quantize-stats.cpp.o
[ 12%] Building CXX object examples/llava/CMakeFiles/llava.dir/clip.cpp.o
[ 13%] Building CXX object examples/benchmark/CMakeFiles/benchmark.dir/benchmark-matmult.cpp.o
[ 13%] Building CXX object common/CMakeFiles/common.dir/grammar-parser.cpp.o
[ 14%] Building CXX object examples/llava/CMakeFiles/llava.dir/llava.cpp.o
[ 15%] Building CXX object common/CMakeFiles/common.dir/console.cpp.o
[ 16%] Building CXX object common/CMakeFiles/common.dir/sampling.cpp.o
[ 17%] Building CXX object common/CMakeFiles/common.dir/train.cpp.o
[ 18%] Building C object tests/CMakeFiles/test-c.dir/test-c.c.o
[ 18%] Building CXX object examples/quantize/CMakeFiles/quantize.dir/quantize.cpp.o
[ 19%] Linking CXX executable ../bin/test-c
[ 20%] Linking CXX executable ../../bin/benchmark
[ 20%] Built target llava
[ 21%] Linking CXX executable ../../bin/quantize-stats
[ 22%] Linking CXX executable ../../bin/quantize
[ 23%] Linking CXX static library libcommon.a
[ 23%] Linking CXX static library libllava_static.a
[ 23%] Built target test-c
[ 23%] Built target benchmark
[ 23%] Built target common
[ 23%] Built target quantize
[ 23%] Built target llava_static
[ 23%] Built target quantize-stats
[ 24%] Building CXX object tests/CMakeFiles/test-quantize-perf.dir/test-quantize-perf.cpp.o
[ 25%] Building CXX object tests/CMakeFiles/test-quantize-fns.dir/get-model.cpp.o
[ 26%] Building CXX object tests/CMakeFiles/test-quantize-perf.dir/get-model.cpp.o
[ 26%] Building CXX object tests/CMakeFiles/test-quantize-fns.dir/test-quantize-fns.cpp.o
[ 28%] Building CXX object tests/CMakeFiles/test-chat-template.dir/get-model.cpp.o
[ 28%] Building CXX object tests/CMakeFiles/test-chat-template.dir/test-chat-template.cpp.o
[ 28%] Building CXX object tests/CMakeFiles/test-sampling.dir/get-model.cpp.o
[ 28%] Building CXX object tests/CMakeFiles/test-sampling.dir/test-sampling.cpp.o
[ 28%] Building CXX object tests/CMakeFiles/test-tokenizer-0-llama.dir/test-tokenizer-0-llama.cpp.o
[ 29%] Building CXX object tests/CMakeFiles/test-tokenizer-0-llama.dir/get-model.cpp.o
[ 30%] Building CXX object tests/CMakeFiles/test-tokenizer-0-falcon.dir/test-tokenizer-0-falcon.cpp.o
[ 31%] Building CXX object tests/CMakeFiles/test-tokenizer-0-falcon.dir/get-model.cpp.o
[ 31%] Linking CXX executable ../bin/test-quantize-perf
[ 32%] Linking CXX executable ../bin/test-quantize-fns
[ 33%] Linking CXX executable ../bin/test-tokenizer-0-llama
[ 35%] Building CXX object tests/CMakeFiles/test-tokenizer-1-llama.dir/get-model.cpp.o
[ 34%] Linking CXX executable ../bin/test-chat-template
[ 36%] Building CXX object tests/CMakeFiles/test-tokenizer-1-llama.dir/test-tokenizer-1-llama.cpp.o
[ 37%] Linking CXX executable ../bin/test-sampling
[ 37%] Building CXX object tests/CMakeFiles/test-backend-ops.dir/test-backend-ops.cpp.o
[ 38%] Building CXX object tests/CMakeFiles/test-llama-grammar.dir/test-llama-grammar.cpp.o
[ 38%] Building CXX object tests/CMakeFiles/test-llama-grammar.dir/get-model.cpp.o
[ 39%] Building CXX object tests/CMakeFiles/test-tokenizer-1-bpe.dir/get-model.cpp.o
[ 40%] Building CXX object tests/CMakeFiles/test-tokenizer-1-bpe.dir/test-tokenizer-1-bpe.cpp.o
[ 41%] Building CXX object tests/CMakeFiles/test-grammar-parser.dir/test-grammar-parser.cpp.o
[ 42%] Linking CXX executable ../bin/test-tokenizer-0-falcon
[ 44%] Building CXX object tests/CMakeFiles/test-grammar-parser.dir/get-model.cpp.o
[ 45%] Building CXX object tests/CMakeFiles/test-backend-ops.dir/get-model.cpp.o
[ 45%] Building CXX object tests/CMakeFiles/test-grad0.dir/test-grad0.cpp.o
[ 46%] Building CXX object tests/CMakeFiles/test-grad0.dir/get-model.cpp.o
[ 47%] Building CXX object tests/CMakeFiles/test-model-load-cancel.dir/get-model.cpp.o
[ 49%] Building CXX object tests/CMakeFiles/test-rope.dir/test-rope.cpp.o
[ 48%] Building CXX object tests/CMakeFiles/test-model-load-cancel.dir/test-model-load-cancel.cpp.o
[ 50%] Building CXX object tests/CMakeFiles/test-rope.dir/get-model.cpp.o
[ 51%] Building CXX object tests/CMakeFiles/test-autorelease.dir/get-model.cpp.o
[ 51%] Building CXX object examples/baby-llama/CMakeFiles/baby-llama.dir/baby-llama.cpp.o
[ 52%] Building CXX object tests/CMakeFiles/test-autorelease.dir/test-autorelease.cpp.o
[ 53%] Building CXX object examples/batched-bench/CMakeFiles/batched-bench.dir/batched-bench.cpp.o
[ 54%] Building CXX object examples/batched/CMakeFiles/batched.dir/batched.cpp.o
[ 55%] Linking CXX executable ../bin/test-backend-ops
[ 56%] Linking CXX executable ../bin/test-tokenizer-1-llama
[ 57%] Building CXX object examples/convert-llama2c-to-ggml/CMakeFiles/convert-llama2c-to-ggml.dir/convert-llama2c-to-ggml.cpp.o
[ 58%] Linking CXX executable ../bin/test-grammar-parser
[ 59%] Linking CXX executable ../../bin/baby-llama
[ 59%] Linking CXX executable ../bin/test-tokenizer-1-bpe
[ 60%] Building CXX object examples/beam-search/CMakeFiles/beam-search.dir/beam-search.cpp.o
[ 60%] Linking CXX executable ../bin/test-grad0
[ 61%] Linking CXX executable ../bin/test-model-load-cancel
[ 61%] Building CXX object examples/embedding/CMakeFiles/embedding.dir/embedding.cpp.o
[ 62%] Linking CXX executable ../bin/test-autorelease
[ 63%] Building CXX object examples/llava/CMakeFiles/llava-cli.dir/llava-cli.cpp.o
[ 63%] Linking CXX executable ../../bin/batched-bench
[ 64%] Linking CXX executable ../bin/test-rope
[ 65%] Building CXX object examples/finetune/CMakeFiles/finetune.dir/finetune.cpp.o
[ 65%] Building CXX object examples/infill/CMakeFiles/infill.dir/infill.cpp.o
[ 66%] Building CXX object examples/llama-bench/CMakeFiles/llama-bench.dir/llama-bench.cpp.o
[ 67%] Linking CXX executable ../../bin/batched
[ 68%] Building CXX object examples/tokenize/CMakeFiles/tokenize.dir/tokenize.cpp.o
[ 68%] Built target test-quantize-perf
[ 68%] Building CXX object examples/main/CMakeFiles/main.dir/main.cpp.o
[ 70%] Linking CXX executable ../../bin/llava-cli
[ 70%] Building CXX object examples/parallel/CMakeFiles/parallel.dir/parallel.cpp.o
[ 71%] Building CXX object examples/save-load-state/CMakeFiles/save-load-state.dir/save-load-state.cpp.o
[ 72%] Linking CXX executable ../../bin/beam-search
[ 73%] Linking CXX executable ../../bin/embedding
[ 74%] Building CXX object examples/perplexity/CMakeFiles/perplexity.dir/perplexity.cpp.o
[ 75%] Linking CXX executable ../../bin/convert-llama2c-to-ggml
[ 77%] Building CXX object examples/simple/CMakeFiles/simple.dir/simple.cpp.o
[ 77%] Linking CXX executable ../../bin/finetune
[ 76%] Linking CXX executable ../../bin/infill
[ 77%] Linking CXX executable ../../bin/llama-bench
[ 78%] Building CXX object examples/passkey/CMakeFiles/passkey.dir/passkey.cpp.o
[ 78%] Linking CXX executable ../../bin/tokenize
[ 79%] Building CXX object examples/lookahead/CMakeFiles/lookahead.dir/lookahead.cpp.o
[ 80%] Linking CXX executable ../../bin/main
[ 81%] Building CXX object examples/lookup/CMakeFiles/lookup.dir/lookup.cpp.o
[ 81%] Building CXX object examples/speculative/CMakeFiles/speculative.dir/speculative.cpp.o
[ 81%] Linking CXX executable ../../bin/save-load-state
[ 81%] Built target test-quantize-fns
[ 82%] Built target test-chat-template
[ 83%] Linking CXX executable ../../bin/parallel
[ 84%] Building CXX object examples/imatrix/CMakeFiles/imatrix.dir/imatrix.cpp.o
[ 82%] Building CXX object examples/train-text-from-scratch/CMakeFiles/train-text-from-scratch.dir/train-text-from-scratch.cpp.o
[ 85%] Building CXX object examples/export-lora/CMakeFiles/export-lora.dir/export-lora.cpp.o
[ 86%] Building CXX object examples/server/CMakeFiles/server.dir/server.cpp.o
[ 87%] Linking CXX executable ../../bin/perplexity
[ 87%] Built target test-grad0
[ 88%] Linking CXX executable ../../bin/simple
[ 88%] Linking CXX executable ../../bin/passkey
[ 89%] Linking CXX executable ../../bin/speculative
[ 91%] Building CXX object pocs/vdot/CMakeFiles/vdot.dir/vdot.cpp.o
[ 91%] Built target test-sampling
[ 91%] Built target test-tokenizer-0-llama
[ 90%] Linking CXX executable ../../bin/lookahead
[ 92%] Building CXX object pocs/vdot/CMakeFiles/q8dot.dir/q8dot.cpp.o
[ 93%] Linking CXX executable ../../bin/train-text-from-scratch
[ 94%] Linking CXX executable ../../bin/lookup
[ 95%] Linking CXX executable ../../bin/imatrix
[ 96%] Linking CXX executable ../../bin/export-lora
[ 96%] Built target test-rope
[ 96%] Built target test-backend-ops
[ 96%] Built target test-tokenizer-0-falcon
[ 96%] Built target test-grammar-parser
[ 97%] Linking CXX executable ../../bin/vdot
[ 98%] Linking CXX executable ../../bin/q8dot
[ 98%] Built target test-model-load-cancel
[ 98%] Built target test-tokenizer-1-llama
[ 98%] Built target baby-llama
[ 98%] Built target batched
[ 98%] Built target test-autorelease
[ 98%] Built target test-tokenizer-1-bpe
[ 98%] Built target convert-llama2c-to-ggml
[ 98%] Built target batched-bench
[ 98%] Built target beam-search
[ 98%] Built target finetune
[ 98%] Built target infill
[ 98%] Built target llama-bench
[ 98%] Built target main
[ 98%] Built target embedding
[ 98%] Built target llava-cli
[ 98%] Built target tokenize
[ 98%] Built target parallel
[ 98%] Built target perplexity
[ 98%] Built target simple
[ 98%] Built target save-load-state
[ 98%] Built target lookup
[ 98%] Built target speculative
[ 98%] Built target imatrix
[ 98%] Built target train-text-from-scratch
[ 98%] Built target passkey
[ 98%] Built target lookahead
[ 98%] Built target export-lora
[ 98%] Built target vdot
[ 98%] Built target q8dot
[ 99%] Linking CXX executable ../bin/test-llama-grammar
[ 99%] Built target test-llama-grammar
[100%] Linking CXX executable ../../bin/server
[100%] Built target server

real	0m58.003s
user	1m25.574s
sys	0m5.552s
+ '[' -z 1 ']'
+ tee -a /home/ggml/results/llama.cpp/eb/42596277ef9d7e6aa6970aecae3a3faa0b5589/ggml-1-arm64-cpu-low-perf/ctest_release-ctest.log
+ ctest --output-on-failure -L main -E test-opt
Test project /home/ggml/work/llama.cpp/build-ci-release
      Start  1: test-quantize-fns
 1/21 Test  #1: test-quantize-fns ...................   Passed    8.27 sec
      Start  2: test-quantize-perf
 2/21 Test  #2: test-quantize-perf ..................   Passed    5.58 sec
      Start  3: test-sampling
 3/21 Test  #3: test-sampling .......................   Passed    0.01 sec
      Start  4: test-chat-template
 4/21 Test  #4: test-chat-template ..................   Passed    0.00 sec
      Start  5: test-tokenizer-0-llama
 5/21 Test  #5: test-tokenizer-0-llama ..............   Passed    0.05 sec
      Start  6: test-tokenizer-0-falcon
 6/21 Test  #6: test-tokenizer-0-falcon .............   Passed    0.27 sec
      Start  7: test-tokenizer-1-llama
 7/21 Test  #7: test-tokenizer-1-llama ..............   Passed    0.64 sec
      Start  8: test-tokenizer-1-baichuan
 8/21 Test  #8: test-tokenizer-1-baichuan ...........   Passed    0.72 sec
      Start  9: test-tokenizer-1-falcon
 9/21 Test  #9: test-tokenizer-1-falcon .............   Passed    1.10 sec
      Start 10: test-tokenizer-1-aquila
10/21 Test #10: test-tokenizer-1-aquila .............   Passed    1.68 sec
      Start 11: test-tokenizer-1-mpt
11/21 Test #11: test-tokenizer-1-mpt ................   Passed    0.93 sec
      Start 12: test-tokenizer-1-stablelm-3b-4e1t
12/21 Test #12: test-tokenizer-1-stablelm-3b-4e1t ...   Passed    0.89 sec
      Start 13: test-tokenizer-1-gpt-neox
13/21 Test #13: test-tokenizer-1-gpt-neox ...........   Passed    0.89 sec
      Start 14: test-tokenizer-1-refact
14/21 Test #14: test-tokenizer-1-refact .............   Passed    0.87 sec
      Start 15: test-tokenizer-1-starcoder
15/21 Test #15: test-tokenizer-1-starcoder ..........   Passed    0.87 sec
      Start 16: test-tokenizer-1-gpt2
16/21 Test #16: test-tokenizer-1-gpt2 ...............   Passed    0.91 sec
      Start 17: test-grammar-parser
17/21 Test #17: test-grammar-parser .................   Passed    0.00 sec
      Start 18: test-llama-grammar
18/21 Test #18: test-llama-grammar ..................   Passed    0.00 sec
      Start 19: test-grad0
19/21 Test #19: test-grad0 ..........................   Passed    4.08 sec
      Start 20: test-backend-ops
20/21 Test #20: test-backend-ops ....................   Passed   31.53 sec
      Start 21: test-rope
21/21 Test #21: test-rope ...........................   Passed    0.05 sec

100% tests passed, 0 tests failed out of 21

Label Time Summary:
main    =  59.32 sec*proc (21 tests)

Total Test time (real) =  59.33 sec

real	0m59.343s
user	1m12.056s
sys	0m6.499s
+ set +e
+ cur=0
+ echo 0
+ set +x
