+ cmake -DCMAKE_BUILD_TYPE=Debug ..
-- The C compiler identification is GNU 11.4.0
-- The CXX compiler identification is GNU 11.4.0
-- Detecting C compiler ABI info
-- Detecting C compiler ABI info - done
-- Check for working C compiler: /usr/bin/cc - skipped
-- Detecting C compile features
-- Detecting C compile features - done
-- Detecting CXX compiler ABI info
-- Detecting CXX compiler ABI info - done
-- Check for working CXX compiler: /usr/bin/c++ - skipped
-- Detecting CXX compile features
-- Detecting CXX compile features - done
-- Found Git: /usr/bin/git (found version "2.34.1") 
-- Looking for pthread.h
-- Looking for pthread.h - found
-- Performing Test CMAKE_HAVE_LIBC_PTHREAD
-- Performing Test CMAKE_HAVE_LIBC_PTHREAD - Success
-- Found Threads: TRUE  
-- CMAKE_SYSTEM_PROCESSOR: x86_64
-- x86 detected
-- Configuring done
-- Generating done
-- Build files have been written to: /home/ggml/work/llama.cpp/build-ci-debug

real	0m0.442s
user	0m0.332s
sys	0m0.089s
+ make -j
[  1%] Generating build details from Git
[  2%] Building C object CMakeFiles/ggml.dir/ggml.c.o
[  3%] Building C object CMakeFiles/ggml.dir/ggml-quants.c.o
[  4%] Building C object CMakeFiles/ggml.dir/ggml-alloc.c.o
-- Found Git: /usr/bin/git (found version "2.34.1") 
[  5%] Building C object CMakeFiles/ggml.dir/ggml-backend.c.o
[  6%] Building CXX object common/CMakeFiles/build_info.dir/build-info.cpp.o
[  6%] Built target build_info
[  6%] Built target ggml
[  7%] Linking C static library libggml_static.a
[  8%] Building CXX object CMakeFiles/llama.dir/llama.cpp.o
[  8%] Built target ggml_static
[  9%] Linking CXX static library libllama.a
[  9%] Built target llama
[ 10%] Building C object tests/CMakeFiles/test-c.dir/test-c.c.o
[ 11%] Building CXX object common/CMakeFiles/common.dir/common.cpp.o
[ 12%] Building CXX object examples/benchmark/CMakeFiles/benchmark.dir/benchmark-matmult.cpp.o
[ 13%] Building CXX object examples/quantize/CMakeFiles/quantize.dir/quantize.cpp.o
[ 14%] Building CXX object examples/llava/CMakeFiles/llava.dir/llava.cpp.o
[ 15%] Building CXX object examples/llava/CMakeFiles/llava.dir/clip.cpp.o
[ 16%] Building CXX object common/CMakeFiles/common.dir/train.cpp.o
[ 17%] Building CXX object common/CMakeFiles/common.dir/sampling.cpp.o
[ 18%] Building CXX object common/CMakeFiles/common.dir/grammar-parser.cpp.o
[ 19%] Building CXX object common/CMakeFiles/common.dir/console.cpp.o
[ 20%] Building CXX object examples/quantize-stats/CMakeFiles/quantize-stats.dir/quantize-stats.cpp.o
[ 21%] Linking CXX executable ../bin/test-c
[ 21%] Built target test-c
[ 22%] Linking CXX executable ../../bin/benchmark
[ 23%] Linking CXX executable ../../bin/quantize
[ 23%] Built target benchmark
[ 23%] Built target quantize
[ 24%] Linking CXX executable ../../bin/quantize-stats
[ 24%] Built target quantize-stats
[ 24%] Built target llava
[ 25%] Linking CXX static library libllava_static.a
[ 25%] Built target llava_static
[ 26%] Linking CXX static library libcommon.a
[ 26%] Built target common
[ 28%] Building CXX object tests/CMakeFiles/test-quantize-perf.dir/test-quantize-perf.cpp.o
[ 28%] Building CXX object tests/CMakeFiles/test-quantize-fns.dir/test-quantize-fns.cpp.o
[ 29%] Building CXX object tests/CMakeFiles/test-sampling.dir/test-sampling.cpp.o
[ 30%] Building CXX object tests/CMakeFiles/test-tokenizer-0-llama.dir/test-tokenizer-0-llama.cpp.o
[ 31%] Building CXX object tests/CMakeFiles/test-tokenizer-1-llama.dir/test-tokenizer-1-llama.cpp.o
[ 32%] Building CXX object tests/CMakeFiles/test-tokenizer-1-bpe.dir/test-tokenizer-1-bpe.cpp.o
[ 33%] Building CXX object tests/CMakeFiles/test-tokenizer-0-falcon.dir/test-tokenizer-0-falcon.cpp.o
[ 34%] Building CXX object tests/CMakeFiles/test-grammar-parser.dir/test-grammar-parser.cpp.o
[ 35%] Building CXX object tests/CMakeFiles/test-llama-grammar.dir/test-llama-grammar.cpp.o
[ 36%] Building CXX object tests/CMakeFiles/test-grad0.dir/test-grad0.cpp.o
[ 37%] Building CXX object tests/CMakeFiles/test-backend-ops.dir/test-backend-ops.cpp.o
[ 38%] Building CXX object tests/CMakeFiles/test-rope.dir/test-rope.cpp.o
[ 38%] Building CXX object examples/baby-llama/CMakeFiles/baby-llama.dir/baby-llama.cpp.o
[ 39%] Building CXX object examples/batched/CMakeFiles/batched.dir/batched.cpp.o
[ 40%] Building CXX object examples/batched-bench/CMakeFiles/batched-bench.dir/batched-bench.cpp.o
[ 41%] Building CXX object examples/convert-llama2c-to-ggml/CMakeFiles/convert-llama2c-to-ggml.dir/convert-llama2c-to-ggml.cpp.o
[ 42%] Building CXX object examples/beam-search/CMakeFiles/beam-search.dir/beam-search.cpp.o
[ 43%] Building CXX object examples/embedding/CMakeFiles/embedding.dir/embedding.cpp.o
[ 44%] Building CXX object examples/infill/CMakeFiles/infill.dir/infill.cpp.o
[ 45%] Building CXX object examples/finetune/CMakeFiles/finetune.dir/finetune.cpp.o
[ 46%] Building CXX object examples/llama-bench/CMakeFiles/llama-bench.dir/llama-bench.cpp.o
[ 47%] Building CXX object examples/main/CMakeFiles/main.dir/main.cpp.o
[ 48%] Building CXX object examples/llava/CMakeFiles/llava-cli.dir/llava-cli.cpp.o
[ 49%] Building CXX object examples/tokenize/CMakeFiles/tokenize.dir/tokenize.cpp.o
[ 50%] Building CXX object examples/parallel/CMakeFiles/parallel.dir/parallel.cpp.o
[ 51%] Building CXX object examples/perplexity/CMakeFiles/perplexity.dir/perplexity.cpp.o
[ 52%] Building CXX object examples/save-load-state/CMakeFiles/save-load-state.dir/save-load-state.cpp.o
[ 53%] Building CXX object examples/simple/CMakeFiles/simple.dir/simple.cpp.o
[ 54%] Building CXX object examples/passkey/CMakeFiles/passkey.dir/passkey.cpp.o
[ 55%] Building CXX object examples/speculative/CMakeFiles/speculative.dir/speculative.cpp.o
[ 56%] Building CXX object examples/lookahead/CMakeFiles/lookahead.dir/lookahead.cpp.o
[ 57%] Building CXX object examples/lookup/CMakeFiles/lookup.dir/lookup.cpp.o
[ 58%] Building CXX object examples/train-text-from-scratch/CMakeFiles/train-text-from-scratch.dir/train-text-from-scratch.cpp.o
[ 59%] Building CXX object examples/server/CMakeFiles/server.dir/server.cpp.o
[ 60%] Building CXX object examples/imatrix/CMakeFiles/imatrix.dir/imatrix.cpp.o
[ 61%] Building CXX object pocs/vdot/CMakeFiles/vdot.dir/vdot.cpp.o
[ 62%] Building CXX object examples/export-lora/CMakeFiles/export-lora.dir/export-lora.cpp.o
[ 63%] Building CXX object pocs/vdot/CMakeFiles/q8dot.dir/q8dot.cpp.o
[ 64%] Linking CXX executable ../bin/test-grad0
[ 65%] Linking CXX executable ../bin/test-rope
[ 66%] Linking CXX executable ../bin/test-quantize-fns
[ 66%] Built target test-grad0
[ 67%] Linking CXX executable ../bin/test-sampling
[ 67%] Built target test-rope
[ 67%] Built target test-quantize-fns
[ 68%] Linking CXX executable ../bin/test-grammar-parser
[ 68%] Built target test-grammar-parser
[ 69%] Linking CXX executable ../../bin/baby-llama
[ 69%] Built target test-sampling
[ 70%] Linking CXX executable ../../bin/q8dot
[ 71%] Linking CXX executable ../../bin/tokenize
[ 71%] Built target q8dot
[ 72%] Linking CXX executable ../../bin/vdot
[ 73%] Linking CXX executable ../../bin/embedding
[ 73%] Built target vdot
[ 74%] Linking CXX executable ../bin/test-tokenizer-0-llama
[ 75%] Linking CXX executable ../bin/test-tokenizer-0-falcon
[ 76%] Linking CXX executable ../../bin/llava-cli
[ 77%] Linking CXX executable ../bin/test-quantize-perf
[ 78%] Linking CXX executable ../../bin/beam-search
[ 79%] Linking CXX executable ../../bin/batched
[ 80%] Linking CXX executable ../../bin/simple
[ 80%] Built target baby-llama
[ 81%] Linking CXX executable ../../bin/save-load-state
[ 82%] Linking CXX executable ../../bin/batched-bench
[ 82%] Built target test-quantize-perf
[ 83%] Linking CXX executable ../../bin/passkey
[ 84%] Linking CXX executable ../../bin/lookup
[ 84%] Linking CXX executable ../../bin/parallel
[ 84%] Built target tokenize
[ 85%] Linking CXX executable ../../bin/export-lora
[ 86%] Linking CXX executable ../../bin/lookahead
[ 87%] Linking CXX executable ../../bin/speculative
[ 88%] Linking CXX executable ../../bin/train-text-from-scratch
[ 89%] Linking CXX executable ../../bin/convert-llama2c-to-ggml
[ 88%] Built target export-lora
[ 90%] Linking CXX executable ../../bin/finetune
[ 90%] Built target embedding
[ 91%] Linking CXX executable ../../bin/infill
[ 92%] Linking CXX executable ../../bin/imatrix
[ 93%] Linking CXX executable ../../bin/main
[ 93%] Built target test-tokenizer-0-falcon
[ 93%] Built target test-tokenizer-0-llama
[ 94%] Linking CXX executable ../../bin/perplexity
[ 94%] Built target simple
[ 94%] Built target batched
[ 94%] Built target convert-llama2c-to-ggml
[ 94%] Built target beam-search
[ 94%] Built target save-load-state
[ 94%] Built target batched-bench
[ 94%] Built target llava-cli
[ 94%] Built target passkey
[ 94%] Built target lookup
[ 94%] Built target parallel
[ 95%] Linking CXX executable ../bin/test-backend-ops
[ 96%] Linking CXX executable ../bin/test-tokenizer-1-llama
[ 97%] Linking CXX executable ../bin/test-tokenizer-1-bpe
[ 97%] Built target lookahead
[ 97%] Built target speculative
[ 97%] Built target train-text-from-scratch
[ 97%] Built target finetune
[ 97%] Built target imatrix
[ 97%] Built target infill
[ 97%] Built target test-backend-ops
[ 97%] Built target perplexity
[ 97%] Built target main
[ 97%] Built target test-tokenizer-1-llama
[ 97%] Built target test-tokenizer-1-bpe
[ 98%] Linking CXX executable ../../bin/llama-bench
[ 98%] Built target llama-bench
[ 99%] Linking CXX executable ../bin/test-llama-grammar
[ 99%] Built target test-llama-grammar
[100%] Linking CXX executable ../../bin/server
[100%] Built target server

real	0m39.585s
user	1m39.543s
sys	0m8.273s
+ ctest --output-on-failure -E test-opt
Test project /home/ggml/work/llama.cpp/build-ci-debug
      Start  1: test-quantize-fns
 1/20 Test  #1: test-quantize-fns ...................   Passed    0.03 sec
      Start  2: test-quantize-perf
 2/20 Test  #2: test-quantize-perf ..................   Passed    0.22 sec
      Start  3: test-sampling
 3/20 Test  #3: test-sampling .......................   Passed    0.00 sec
      Start  4: test-tokenizer-0-llama
 4/20 Test  #4: test-tokenizer-0-llama ..............   Passed    0.14 sec
      Start  5: test-tokenizer-0-falcon
 5/20 Test  #5: test-tokenizer-0-falcon .............   Passed    0.88 sec
      Start  6: test-tokenizer-1-llama
 6/20 Test  #6: test-tokenizer-1-llama ..............   Passed   14.65 sec
      Start  7: test-tokenizer-1-baichuan
 7/20 Test  #7: test-tokenizer-1-baichuan ...........   Passed   14.97 sec
      Start  8: test-tokenizer-1-falcon
 8/20 Test  #8: test-tokenizer-1-falcon .............   Passed   11.98 sec
      Start  9: test-tokenizer-1-aquila
 9/20 Test  #9: test-tokenizer-1-aquila .............   Passed   14.53 sec
      Start 10: test-tokenizer-1-mpt
10/20 Test #10: test-tokenizer-1-mpt ................   Passed   10.89 sec
      Start 11: test-tokenizer-1-stablelm-3b-4e1t
11/20 Test #11: test-tokenizer-1-stablelm-3b-4e1t ...   Passed   10.88 sec
      Start 12: test-tokenizer-1-gpt-neox
12/20 Test #12: test-tokenizer-1-gpt-neox ...........   Passed   10.88 sec
      Start 13: test-tokenizer-1-refact
13/20 Test #13: test-tokenizer-1-refact .............   Passed   10.77 sec
      Start 14: test-tokenizer-1-starcoder
14/20 Test #14: test-tokenizer-1-starcoder ..........   Passed   10.77 sec
      Start 15: test-tokenizer-1-gpt2
15/20 Test #15: test-tokenizer-1-gpt2 ...............   Passed   10.91 sec
      Start 16: test-grammar-parser
16/20 Test #16: test-grammar-parser .................   Passed    0.00 sec
      Start 17: test-llama-grammar
17/20 Test #17: test-llama-grammar ..................   Passed    0.00 sec
      Start 18: test-grad0
18/20 Test #18: test-grad0 ..........................   Passed    5.09 sec
      Start 19: test-backend-ops
19/20 Test #19: test-backend-ops ....................   Passed   41.90 sec
      Start 20: test-rope
20/20 Test #20: test-rope ...........................   Passed    0.07 sec

100% tests passed, 0 tests failed out of 20

Total Test time (real) = 169.57 sec

real	2m49.577s
user	3m47.598s
sys	0m16.002s
