+ cmake -DCMAKE_BUILD_TYPE=Debug ..
-- The C compiler identification is GNU 11.4.0
-- The CXX compiler identification is GNU 11.4.0
-- Detecting C compiler ABI info
-- Detecting C compiler ABI info - done
-- Check for working C compiler: /usr/bin/cc - skipped
-- Detecting C compile features
-- Detecting C compile features - done
-- Detecting CXX compiler ABI info
-- Detecting CXX compiler ABI info - done
-- Check for working CXX compiler: /usr/bin/c++ - skipped
-- Detecting CXX compile features
-- Detecting CXX compile features - done
-- Found Git: /usr/bin/git (found version "2.34.1") 
-- Looking for pthread.h
-- Looking for pthread.h - found
-- Performing Test CMAKE_HAVE_LIBC_PTHREAD
-- Performing Test CMAKE_HAVE_LIBC_PTHREAD - Success
-- Found Threads: TRUE  
-- CMAKE_SYSTEM_PROCESSOR: x86_64
GNU ld (GNU Binutils for Ubuntu) 2.38
-- x86 detected
-- Linux detected
-- x86 detected
-- Linux detected
-- Configuring done
-- Generating done
-- Build files have been written to: /home/ggml/work/ggml/build-ci-debug

real	0m0.507s
user	0m0.265s
sys	0m0.142s
+ make -j
[  1%] Building C object src/CMakeFiles/ggml.dir/ggml.c.o
[  2%] Building C object src/CMakeFiles/ggml.dir/ggml-alloc.c.o
[  3%] Building C object src/CMakeFiles/ggml.dir/ggml-backend.c.o
[  3%] Building CXX object examples/CMakeFiles/common.dir/common.cpp.o
[  4%] Building C object src/CMakeFiles/ggml.dir/ggml-quants.c.o
[  5%] Linking C shared library libggml.so
[  5%] Built target ggml
[  7%] Building C object tests/CMakeFiles/test-vec1.dir/test-vec1.c.o
[  7%] Building C object tests/CMakeFiles/test-vec0.dir/test-vec0.c.o
[  7%] Building CXX object tests/CMakeFiles/test-grad0.dir/test-grad0.cpp.o
[  8%] Building CXX object tests/CMakeFiles/test-opt.dir/test-opt.cpp.o
[  8%] Building CXX object tests/CMakeFiles/test-quantize-perf.dir/test-quantize-perf.cpp.o
[  9%] Building C object tests/CMakeFiles/test-mul-mat0.dir/test-mul-mat0.c.o
[ 10%] Building CXX object tests/CMakeFiles/test-quantize-fns.dir/test-quantize-fns.cpp.o
[ 11%] Building C object tests/CMakeFiles/test-mul-mat2.dir/test-mul-mat2.c.o
[ 12%] Building C object tests/CMakeFiles/test0.dir/test0.c.o
[ 13%] Building C object tests/CMakeFiles/test2.dir/test2.c.o
[ 14%] Building C object tests/CMakeFiles/test1.dir/test1.c.o
[ 15%] Building C object tests/CMakeFiles/test3.dir/test3.c.o
[ 16%] Building C object tests/CMakeFiles/test-pool.dir/test-pool.c.o
[ 17%] Building CXX object tests/CMakeFiles/test-conv2d.dir/test-conv2d.cpp.o
[ 18%] Linking C executable ../bin/test-vec0
[ 19%] Building C object tests/CMakeFiles/test-customop.dir/test-customop.c.o
[ 20%] Building CXX object tests/CMakeFiles/test-backend-ops.dir/test-backend-ops.cpp.o
[ 21%] Building CXX object tests/CMakeFiles/test-conv1d.dir/test-conv1d.cpp.o
[ 22%] Building C object tests/CMakeFiles/test-conv-transpose.dir/test-conv-transpose.c.o
[ 23%] Building C object tests/CMakeFiles/test-rel-pos.dir/test-rel-pos.c.o
[ 24%] Building CXX object tests/CMakeFiles/test-mul-mat.dir/test-mul-mat.cpp.o
[ 25%] Linking C executable ../bin/test0
[ 25%] Built target test-vec0
[ 26%] Building C object tests/CMakeFiles/test-xpos.dir/test-xpos.c.o
[ 27%] Building CXX object tests/CMakeFiles/test-backend-buffer.dir/test-backend-buffer.cpp.o
[ 28%] Building CXX object examples/whisper/CMakeFiles/whisper-cpp.dir/whisper.cpp.o
[ 29%] Building CXX object examples/mnist/CMakeFiles/mnist-cpu.dir/main-cpu.cpp.o
[ 30%] Linking CXX executable ../bin/test-opt
[ 31%] Building CXX object examples/CMakeFiles/common-ggml.dir/common-ggml.cpp.o
[ 32%] Linking C executable ../bin/test-pool
[ 33%] Linking C executable ../bin/test3
[ 34%] Linking C executable ../bin/test2
[ 35%] Linking C executable ../bin/test-conv-transpose
[ 36%] Linking C executable ../bin/test-rel-pos
[ 37%] Linking C executable ../bin/test-mul-mat0
[ 38%] Linking CXX executable ../bin/test-backend-buffer
[ 38%] Built target test0
[ 39%] Linking C executable ../bin/test-customop
[ 39%] Built target test-opt
[ 39%] Linking C executable ../bin/test1
[ 39%] Built target test3
[ 39%] Built target test-pool
[ 40%] Linking C executable ../bin/test-xpos
[ 41%] Linking CXX executable ../bin/test-grad0
[ 41%] Built target test2
[ 41%] Built target test-mul-mat0
[ 41%] Built target test-rel-pos
[ 41%] Built target test-conv-transpose
[ 41%] Built target test-backend-buffer
[ 41%] Built target test-customop
[ 41%] Built target test1
[ 41%] Built target test-xpos
[ 41%] Built target test-grad0
[ 42%] Linking CXX executable ../bin/test-quantize-fns
[ 43%] Linking C executable ../bin/test-mul-mat2
[ 44%] Linking C executable ../bin/test-vec1
[ 44%] Built target test-mul-mat2
[ 44%] Built target test-quantize-fns
[ 44%] Built target test-vec1
[ 45%] Linking CXX executable ../bin/test-conv2d
[ 46%] Linking CXX executable ../../bin/mnist-cpu
[ 47%] Linking CXX executable ../bin/test-mul-mat
[ 47%] Built target test-conv2d
[ 48%] Linking CXX executable ../bin/test-conv1d
[ 48%] Built target mnist-cpu
[ 48%] Built target test-mul-mat
[ 48%] Built target test-conv1d
[ 49%] Linking CXX executable ../bin/test-quantize-perf
[ 49%] Built target test-quantize-perf
[ 50%] Linking CXX executable ../bin/test-backend-ops
[ 50%] Built target test-backend-ops
[ 51%] Linking CXX static library libcommon.a
[ 51%] Built target common
[ 52%] Building CXX object examples/sam/CMakeFiles/sam.dir/main.cpp.o
[ 53%] Building CXX object examples/yolo/CMakeFiles/yolov3-tiny.dir/yolo-image.cpp.o
[ 54%] Building CXX object examples/yolo/CMakeFiles/yolov3-tiny.dir/yolov3-tiny.cpp.o
[ 55%] Building CXX object examples/mnist/CMakeFiles/mnist.dir/main.cpp.o
[ 56%] Building CXX object examples/mnist/CMakeFiles/mnist-cnn.dir/main-cnn.cpp.o
[ 57%] Linking CXX static library libcommon-ggml.a
[ 57%] Built target common-ggml
[ 57%] Building CXX object examples/gpt-2/CMakeFiles/gpt-2-alloc.dir/main-alloc.cpp.o
[ 58%] Building CXX object examples/gpt-2/CMakeFiles/gpt-2-backend2.dir/main.cpp.o
[ 59%] Building CXX object examples/gpt-2/CMakeFiles/gpt-2-ctx.dir/main-ctx.cpp.o
[ 60%] Building CXX object examples/gpt-2/CMakeFiles/gpt-2-backend.dir/main-backend.cpp.o
[ 61%] Building CXX object examples/gpt-2/CMakeFiles/gpt-2-quantize.dir/quantize.cpp.o
[ 62%] Building CXX object examples/gpt-j/CMakeFiles/gpt-j.dir/main.cpp.o
[ 63%] Building CXX object examples/gpt-2/CMakeFiles/gpt-2-batched.dir/main-batched.cpp.o
[ 63%] Building CXX object examples/gpt-j/CMakeFiles/gpt-j-quantize.dir/quantize.cpp.o
[ 64%] Building CXX object examples/whisper/CMakeFiles/whisper-quantize.dir/quantize.cpp.o
[ 65%] Building CXX object examples/gpt-neox/CMakeFiles/gpt-neox.dir/main.cpp.o
[ 66%] Building CXX object examples/gpt-neox/CMakeFiles/gpt-neox-quantize.dir/quantize.cpp.o
[ 67%] Building CXX object examples/dolly-v2/CMakeFiles/dollyv2-quantize.dir/quantize.cpp.o
[ 68%] Building CXX object examples/dolly-v2/CMakeFiles/dollyv2.dir/main.cpp.o
[ 69%] Building CXX object examples/replit/CMakeFiles/replit.dir/main.cpp.o
[ 70%] Building CXX object examples/replit/CMakeFiles/replit-quantize.dir/quantize.cpp.o
[ 71%] Building CXX object examples/mpt/CMakeFiles/mpt.dir/main.cpp.o
[ 72%] Building CXX object examples/mpt/CMakeFiles/mpt-quantize.dir/quantize.cpp.o
[ 73%] Linking CXX executable ../../bin/mnist
[ 74%] Building CXX object examples/starcoder/CMakeFiles/starcoder.dir/main.cpp.o
[ 75%] Building CXX object examples/starcoder/CMakeFiles/starcoder-mmap.dir/starcoder-mmap.cpp.o
[ 76%] Building CXX object examples/starcoder/CMakeFiles/starcoder-quantize.dir/quantize.cpp.o
[ 77%] Linking CXX executable ../../bin/mnist-cnn
[ 77%] Built target mnist
[ 77%] Built target mnist-cnn
[ 78%] Linking CXX executable ../../bin/yolov3-tiny
[ 78%] Built target yolov3-tiny
[ 79%] Linking CXX executable ../../bin/mpt-quantize
[ 80%] Linking CXX executable ../../bin/replit-quantize
[ 80%] Linking CXX executable ../../bin/starcoder-quantize
[ 81%] Linking CXX executable ../../bin/dollyv2-quantize
[ 83%] Linking CXX executable ../../bin/gpt-2-quantize
[ 83%] Linking CXX executable ../../bin/gpt-neox-quantize
[ 84%] Linking CXX executable ../../bin/whisper-quantize
[ 84%] Built target mpt-quantize
[ 85%] Linking CXX executable ../../bin/gpt-j-quantize
[ 86%] Linking CXX executable ../../bin/gpt-2-backend
[ 86%] Built target starcoder-quantize
[ 86%] Built target replit-quantize
[ 87%] Linking CXX executable ../../bin/starcoder-mmap
[ 88%] Linking CXX executable ../../bin/gpt-j
[ 89%] Linking CXX executable ../../bin/gpt-2-alloc
[ 89%] Built target gpt-neox-quantize
[ 90%] Linking CXX executable ../../bin/gpt-2-ctx
[ 90%] Built target dollyv2-quantize
[ 90%] Built target gpt-2-quantize
[ 90%] Built target gpt-j-quantize
[ 90%] Built target gpt-2-backend
[ 91%] Linking CXX executable ../../bin/gpt-neox
[ 91%] Built target whisper-quantize
[ 91%] Built target starcoder-mmap
[ 92%] Linking CXX executable ../../bin/gpt-2-backend2
[ 93%] Linking CXX executable ../../bin/dollyv2
[ 93%] Linking CXX executable ../../bin/mpt
[ 94%] Linking CXX executable ../../bin/gpt-2-batched
[ 94%] Built target gpt-2-ctx
[ 95%] Linking CXX executable ../../bin/starcoder
[ 95%] Built target gpt-2-alloc
[ 95%] Built target gpt-neox
[ 95%] Built target gpt-j
[ 95%] Built target gpt-2-backend2
[ 96%] Linking CXX executable ../../bin/replit
[ 96%] Built target starcoder
[ 96%] Built target mpt
[ 96%] Built target gpt-2-batched
[ 96%] Built target dollyv2
[ 97%] Linking CXX executable ../../bin/sam
[ 97%] Built target replit
[ 97%] Built target sam
[ 98%] Linking CXX static library libwhisper-cpp.a
[ 98%] Built target whisper-cpp
[ 99%] Building CXX object examples/whisper/CMakeFiles/whisper.dir/main.cpp.o
[100%] Linking CXX executable ../../bin/whisper
[100%] Built target whisper

real	0m10.369s
user	0m53.121s
sys	0m5.181s
+ ctest --output-on-failure -E test-opt
Test project /home/ggml/work/ggml/build-ci-debug
      Start  1: test-grad0
 1/19 Test  #1: test-grad0 .......................   Passed    3.35 sec
      Start  2: test-quantize-fns
 2/19 Test  #2: test-quantize-fns ................   Passed    0.03 sec
      Start  3: test-quantize-perf
 3/19 Test  #3: test-quantize-perf ...............   Passed    0.21 sec
      Start  4: test-mul-mat0
 4/19 Test  #4: test-mul-mat0 ....................   Passed    0.53 sec
      Start  5: test-mul-mat2
 5/19 Test  #5: test-mul-mat2 ....................   Passed    6.57 sec
      Start  6: test0
 6/19 Test  #6: test0 ............................   Passed    0.00 sec
      Start  7: test1
 7/19 Test  #7: test1 ............................   Passed    0.01 sec
      Start  8: test2
 8/19 Test  #8: test2 ............................   Passed    0.02 sec
      Start  9: test3
 9/19 Test  #9: test3 ............................   Passed    0.03 sec
      Start 10: test-pool
10/19 Test #10: test-pool ........................   Passed    0.00 sec
      Start 11: test-conv-transpose
11/19 Test #11: test-conv-transpose ..............   Passed    0.00 sec
      Start 12: test-rel-pos
12/19 Test #12: test-rel-pos .....................   Passed    0.00 sec
      Start 13: test-customop
13/19 Test #13: test-customop ....................   Passed    0.00 sec
      Start 14: test-xpos
14/19 Test #14: test-xpos ........................   Passed    0.00 sec
      Start 15: test-conv1d
15/19 Test #15: test-conv1d ......................   Passed    0.00 sec
      Start 16: test-conv2d
16/19 Test #16: test-conv2d ......................   Passed    0.00 sec
      Start 17: test-mul-mat
17/19 Test #17: test-mul-mat .....................   Passed    0.00 sec
      Start 18: test-backend-buffer
18/19 Test #18: test-backend-buffer ..............   Passed    0.00 sec
      Start 19: test-backend-ops
19/19 Test #19: test-backend-ops .................   Passed    1.12 sec

100% tests passed, 0 tests failed out of 19

Total Test time (real) =  11.92 sec

real	0m11.926s
user	0m12.038s
sys	0m4.319s
