+ cmake -DCMAKE_BUILD_TYPE=Debug ..
-- The C compiler identification is GNU 11.4.0
-- The CXX compiler identification is GNU 11.4.0
-- Detecting C compiler ABI info
-- Detecting C compiler ABI info - done
-- Check for working C compiler: /usr/bin/cc - skipped
-- Detecting C compile features
-- Detecting C compile features - done
-- Detecting CXX compiler ABI info
-- Detecting CXX compiler ABI info - done
-- Check for working CXX compiler: /usr/bin/c++ - skipped
-- Detecting CXX compile features
-- Detecting CXX compile features - done
-- Looking for pthread.h
-- Looking for pthread.h - found
-- Performing Test CMAKE_HAVE_LIBC_PTHREAD
-- Performing Test CMAKE_HAVE_LIBC_PTHREAD - Success
-- Found Threads: TRUE  
-- ccache found, compilation results will be cached. Disable with GGML_CCACHE=OFF.
-- CMAKE_SYSTEM_PROCESSOR: aarch64
-- Including CPU backend
-- Found OpenMP_C: -fopenmp (found version "4.5") 
-- Found OpenMP_CXX: -fopenmp (found version "4.5") 
-- Found OpenMP: TRUE (found version "4.5")  
-- ARM detected
-- Performing Test GGML_COMPILER_SUPPORTS_FP16_FORMAT_I3E
-- Performing Test GGML_COMPILER_SUPPORTS_FP16_FORMAT_I3E - Failed
-- Performing Test GGML_MACHINE_SUPPORTS_dotprod
-- Performing Test GGML_MACHINE_SUPPORTS_dotprod - Success
-- Performing Test GGML_MACHINE_SUPPORTS_i8mm
-- Performing Test GGML_MACHINE_SUPPORTS_i8mm - Failed
-- Performing Test GGML_MACHINE_SUPPORTS_sve
-- Performing Test GGML_MACHINE_SUPPORTS_sve - Failed
-- ARM feature DOTPROD enabled
-- ARM feature FMA enabled
-- ARM feature FP16_VECTOR_ARITHMETIC enabled
-- Adding CPU backend variant ggml-cpu: -mcpu=ares+crypto+noprofile+dotprod+noi8mm+nosve 
-- ARM detected
-- Configuring done
-- Generating done
-- Build files have been written to: /home/ggml/work/ggml/build-ci-debug

real	0m1.891s
user	0m1.215s
sys	0m0.474s
+ make -j
[  3%] Building C object src/CMakeFiles/ggml-base.dir/ggml-alloc.c.o
[  3%] Building C object src/CMakeFiles/ggml-base.dir/ggml.c.o
[  3%] Building CXX object examples/CMakeFiles/common.dir/common.cpp.o
[  4%] Building CXX object src/CMakeFiles/ggml-base.dir/ggml-opt.cpp.o
[  6%] Building CXX object src/CMakeFiles/ggml-base.dir/ggml-threading.cpp.o
[  6%] Building CXX object src/CMakeFiles/ggml-base.dir/ggml-backend.cpp.o
[  7%] Building C object src/CMakeFiles/ggml-base.dir/ggml-quants.c.o
[  8%] Building CXX object src/CMakeFiles/ggml-base.dir/gguf.cpp.o
[  9%] Linking CXX static library libcommon.a
[ 10%] Linking CXX shared library libggml-base.so
[ 10%] Built target common
[ 10%] Built target ggml-base
[ 13%] Building C object src/CMakeFiles/ggml-cpu.dir/ggml-cpu/ggml-cpu.c.o
[ 13%] Building CXX object src/CMakeFiles/ggml-cpu.dir/ggml-cpu/ggml-cpu-hbm.cpp.o
[ 13%] Building CXX object src/CMakeFiles/ggml-cpu.dir/ggml-cpu/ggml-cpu.cpp.o
[ 14%] Building CXX object src/CMakeFiles/ggml-cpu.dir/ggml-cpu/ggml-cpu-aarch64.cpp.o
[ 16%] Building CXX object src/CMakeFiles/ggml-cpu.dir/ggml-cpu/ggml-cpu-traits.cpp.o
[ 16%] Building CXX object src/CMakeFiles/ggml-cpu.dir/ggml-cpu/amx/mmq.cpp.o
[ 17%] Building C object src/CMakeFiles/ggml-cpu.dir/ggml-cpu/ggml-cpu-quants.c.o
[ 18%] Building CXX object src/CMakeFiles/ggml-cpu.dir/ggml-cpu/amx/amx.cpp.o
[ 19%] Linking CXX shared library libggml-cpu.so
[ 19%] Built target ggml-cpu
[ 20%] Building CXX object src/CMakeFiles/ggml.dir/ggml-backend-reg.cpp.o
[ 21%] Linking CXX shared library libggml.so
[ 21%] Built target ggml
[ 23%] Building CXX object tests/CMakeFiles/test-opt.dir/test-opt.cpp.o
[ 23%] Building C object tests/CMakeFiles/test-vec0.dir/test-vec0.c.o
[ 24%] Building CXX object tests/CMakeFiles/test-quantize-perf.dir/test-quantize-perf.cpp.o
[ 25%] Building C object tests/CMakeFiles/test-mul-mat2.dir/test-mul-mat2.c.o
[ 26%] Building C object tests/CMakeFiles/test-mul-mat0.dir/test-mul-mat0.c.o
[ 27%] Building CXX object tests/CMakeFiles/test-quantize-fns.dir/test-quantize-fns.cpp.o
[ 28%] Building C object tests/CMakeFiles/test0.dir/test0.c.o
[ 29%] Building C object tests/CMakeFiles/test-pool.dir/test-pool.c.o
[ 30%] Linking C executable ../bin/test-vec0
[ 31%] Linking C executable ../bin/test-mul-mat2
[ 32%] Linking CXX executable ../bin/test-opt
[ 33%] Linking C executable ../bin/test-mul-mat0
[ 34%] Linking C executable ../bin/test0
[ 35%] Linking CXX executable ../bin/test-quantize-perf
[ 36%] Linking CXX executable ../bin/test-quantize-fns
[ 38%] Building CXX object tests/CMakeFiles/test-arange.dir/test-arange.cpp.o
[ 38%] Building C object tests/CMakeFiles/test-conv-transpose.dir/test-conv-transpose.c.o
[ 39%] Building CXX object tests/CMakeFiles/test-pad-reflect-1d.dir/test-pad-reflect-1d.cpp.o
[ 40%] Building CXX object tests/CMakeFiles/test-timestep_embedding.dir/test-timestep_embedding.cpp.o
[ 41%] Linking C executable ../bin/test-pool
[ 42%] Building CXX object tests/CMakeFiles/test-conv-transpose-1d.dir/test-conv-transpose-1d.cpp.o
[ 43%] Linking C executable ../bin/test-conv-transpose
[ 44%] Linking CXX executable ../bin/test-timestep_embedding
[ 45%] Linking CXX executable ../bin/test-pad-reflect-1d
[ 46%] Linking CXX executable ../bin/test-arange
[ 46%] Built target test-vec0
[ 47%] Building C object tests/CMakeFiles/test-dup.dir/test-dup.c.o
[ 48%] Building C object tests/CMakeFiles/test-rel-pos.dir/test-rel-pos.c.o
[ 50%] Linking CXX executable ../bin/test-conv-transpose-1d
[ 51%] Building C object tests/CMakeFiles/test-customop.dir/test-customop.c.o
[ 52%] Building CXX object tests/CMakeFiles/test-conv1d.dir/test-conv1d.cpp.o
[ 53%] Linking C executable ../bin/test-rel-pos
[ 54%] Building CXX object tests/CMakeFiles/test-conv2d.dir/test-conv2d.cpp.o
[ 55%] Building CXX object tests/CMakeFiles/test-mul-mat.dir/test-mul-mat.cpp.o
[ 56%] Linking C executable ../bin/test-dup
[ 57%] Building CXX object tests/CMakeFiles/test-backend-ops.dir/test-backend-ops.cpp.o
[ 58%] Linking C executable ../bin/test-customop
[ 59%] Linking CXX executable ../bin/test-conv1d
[ 60%] Building C object tests/CMakeFiles/test-cont.dir/test-cont.c.o
[ 61%] Building CXX object examples/CMakeFiles/common-ggml.dir/common-ggml.cpp.o
[ 62%] Linking CXX executable ../bin/test-mul-mat
[ 63%] Linking CXX executable ../bin/test-conv2d
[ 64%] Building CXX object examples/sam/CMakeFiles/sam.dir/main.cpp.o
[ 65%] Building CXX object examples/mnist/CMakeFiles/mnist-common.dir/mnist-common.cpp.o
[ 66%] Building CXX object examples/yolo/CMakeFiles/yolov3-tiny.dir/yolov3-tiny.cpp.o
[ 67%] Building CXX object examples/yolo/CMakeFiles/yolov3-tiny.dir/yolo-image.cpp.o
[ 67%] Built target test-mul-mat0
[ 68%] Linking C executable ../bin/test-cont
[ 68%] Built target test-mul-mat2
[ 68%] Built target test-pool
[ 69%] Building CXX object examples/simple/CMakeFiles/simple-ctx.dir/simple-ctx.cpp.o
[ 70%] Linking CXX static library libmnist-common.a
[ 71%] Building CXX object examples/simple/CMakeFiles/simple-backend.dir/simple-backend.cpp.o
[ 72%] Linking CXX executable ../../bin/sam
[ 73%] Linking CXX executable ../bin/test-backend-ops
[ 73%] Built target test0
[ 74%] Linking CXX static library libcommon-ggml.a
[ 75%] Linking CXX executable ../../bin/yolov3-tiny
[ 76%] Linking CXX executable ../../bin/simple-ctx
[ 77%] Linking CXX executable ../../bin/simple-backend
[ 77%] Built target test-dup
[ 77%] Built target test-conv-transpose
[ 77%] Built target mnist-common
[ 77%] Built target test-opt
[ 77%] Built target test-quantize-fns
[ 77%] Built target test-quantize-perf
[ 77%] Built target test-conv2d
[ 77%] Built target test-pad-reflect-1d
[ 77%] Built target test-mul-mat
[ 77%] Built target common-ggml
[ 78%] Building CXX object examples/mnist/CMakeFiles/mnist-eval.dir/mnist-eval.cpp.o
[ 78%] Built target test-timestep_embedding
[ 78%] Built target test-rel-pos
[ 78%] Built target test-conv-transpose-1d
[ 78%] Built target test-arange
[ 79%] Building CXX object examples/mnist/CMakeFiles/mnist-train.dir/mnist-train.cpp.o
[ 79%] Built target test-customop
[ 80%] Linking CXX executable ../../bin/mnist-eval
[ 80%] Built target test-conv1d
[ 80%] Built target yolov3-tiny
[ 80%] Built target sam
[ 80%] Built target test-cont
[ 80%] Built target simple-backend
[ 81%] Linking CXX executable ../../bin/mnist-train
[ 81%] Built target simple-ctx
[ 82%] Building CXX object examples/gpt-2/CMakeFiles/gpt-2-ctx.dir/main-ctx.cpp.o
[ 83%] Linking CXX executable ../../bin/gpt-2-ctx
[ 85%] Building CXX object examples/gpt-2/CMakeFiles/gpt-2-alloc.dir/main-alloc.cpp.o
[ 85%] Building CXX object examples/gpt-2/CMakeFiles/gpt-2-backend.dir/main-backend.cpp.o
[ 86%] Building CXX object examples/magika/CMakeFiles/magika.dir/main.cpp.o
[ 87%] Building CXX object examples/gpt-2/CMakeFiles/gpt-2-sched.dir/main-sched.cpp.o
[ 89%] Building CXX object examples/gpt-2/CMakeFiles/gpt-2-quantize.dir/quantize.cpp.o
[ 90%] Building CXX object examples/gpt-j/CMakeFiles/gpt-j-quantize.dir/quantize.cpp.o
[ 89%] Building CXX object examples/gpt-j/CMakeFiles/gpt-j.dir/main.cpp.o
[ 91%] Building CXX object examples/gpt-2/CMakeFiles/gpt-2-batched.dir/main-batched.cpp.o
[ 92%] Linking CXX executable ../../bin/gpt-2-backend
[ 93%] Linking CXX executable ../../bin/magika
[ 93%] Built target test-backend-ops
[ 94%] Linking CXX executable ../../bin/gpt-j
[ 95%] Linking CXX executable ../../bin/gpt-2-sched
[ 96%] Linking CXX executable ../../bin/gpt-2-alloc
[ 97%] Linking CXX executable ../../bin/gpt-2-quantize
[ 98%] Linking CXX executable ../../bin/gpt-j-quantize
[100%] Linking CXX executable ../../bin/gpt-2-batched
[100%] Built target mnist-eval
[100%] Built target mnist-train
[100%] Built target magika
[100%] Built target gpt-j-quantize
[100%] Built target gpt-2-quantize
[100%] Built target gpt-2-ctx
[100%] Built target gpt-2-backend
[100%] Built target gpt-2-alloc
[100%] Built target gpt-j
[100%] Built target gpt-2-sched
[100%] Built target gpt-2-batched

real	0m2.239s
user	0m5.369s
sys	0m2.002s
+ ctest --output-on-failure -E test-opt
Test project /home/ggml/work/ggml/build-ci-debug
      Start  1: test-quantize-fns
 1/19 Test  #1: test-quantize-fns ................   Passed   32.62 sec
      Start  2: test-quantize-perf
 2/19 Test  #2: test-quantize-perf ...............   Passed    0.38 sec
      Start  3: test-mul-mat0
 3/19 Test  #3: test-mul-mat0 ....................   Passed    0.55 sec
      Start  4: test-mul-mat2
 4/19 Test  #4: test-mul-mat2 ....................   Passed    8.54 sec
      Start  5: test0
 5/19 Test  #5: test0 ............................   Passed    0.00 sec
      Start  6: test-pool
 6/19 Test  #6: test-pool ........................   Passed    0.01 sec
      Start  7: test-arange
 7/19 Test  #7: test-arange ......................   Passed    0.01 sec
      Start  8: test-timestep_embedding
 8/19 Test  #8: test-timestep_embedding ..........   Passed    0.01 sec
      Start  9: test-pad-reflect-1d
 9/19 Test  #9: test-pad-reflect-1d ..............   Passed    0.01 sec
      Start 10: test-conv-transpose
10/19 Test #10: test-conv-transpose ..............   Passed    0.01 sec
      Start 11: test-conv-transpose-1d
11/19 Test #11: test-conv-transpose-1d ...........   Passed    0.02 sec
      Start 12: test-dup
12/19 Test #12: test-dup .........................   Passed    0.01 sec
      Start 13: test-rel-pos
13/19 Test #13: test-rel-pos .....................   Passed    0.01 sec
      Start 14: test-customop
14/19 Test #14: test-customop ....................   Passed    0.01 sec
      Start 15: test-conv1d
15/19 Test #15: test-conv1d ......................   Passed    0.01 sec
      Start 16: test-conv2d
16/19 Test #16: test-conv2d ......................   Passed    0.01 sec
      Start 17: test-mul-mat
17/19 Test #17: test-mul-mat .....................   Passed    0.01 sec
      Start 18: test-backend-ops
18/19 Test #18: test-backend-ops .................   Passed    0.01 sec
      Start 19: test-cont
19/19 Test #19: test-cont ........................   Passed    0.01 sec

100% tests passed, 0 tests failed out of 19

Total Test time (real) =  42.21 sec

real	0m42.220s
user	0m41.791s
sys	0m0.323s
