+ cmake -DCMAKE_BUILD_TYPE=Release ..
-- The C compiler identification is GNU 11.4.0
-- The CXX compiler identification is GNU 11.4.0
-- Detecting C compiler ABI info
-- Detecting C compiler ABI info - done
-- Check for working C compiler: /usr/bin/cc - skipped
-- Detecting C compile features
-- Detecting C compile features - done
-- Detecting CXX compiler ABI info
-- Detecting CXX compiler ABI info - done
-- Check for working CXX compiler: /usr/bin/c++ - skipped
-- Detecting CXX compile features
-- Detecting CXX compile features - done
-- Looking for pthread.h
-- Looking for pthread.h - found
-- Performing Test CMAKE_HAVE_LIBC_PTHREAD
-- Performing Test CMAKE_HAVE_LIBC_PTHREAD - Success
-- Found Threads: TRUE  
-- Found OpenMP_C: -fopenmp (found version "4.5") 
-- Found OpenMP_CXX: -fopenmp (found version "4.5") 
-- Found OpenMP: TRUE (found version "4.5")  
-- OpenMP found
-- ccache found, compilation results will be cached. Disable with GGML_CCACHE=OFF.
-- CMAKE_SYSTEM_PROCESSOR: aarch64
-- ARM detected
-- Performing Test COMPILER_SUPPORTS_FP16_FORMAT_I3E
-- Performing Test COMPILER_SUPPORTS_FP16_FORMAT_I3E - Failed
-- ARM detected
-- Configuring done
-- Generating done
-- Build files have been written to: /home/ggml/work/ggml/build-ci-release

real	0m0.904s
user	0m0.564s
sys	0m0.343s
+ make -j
[  2%] Building C object src/CMakeFiles/ggml.dir/ggml-backend.c.o
[  2%] Building CXX object examples/CMakeFiles/common.dir/common.cpp.o
[  3%] Building C object src/CMakeFiles/ggml.dir/ggml.c.o
[  4%] Building C object src/CMakeFiles/ggml.dir/ggml-quants.c.o
[  5%] Building C object src/CMakeFiles/ggml.dir/ggml-alloc.c.o
[  6%] Building C object src/CMakeFiles/ggml.dir/ggml-aarch64.c.o
[  7%] Linking CXX static library libcommon.a
[  8%] Linking C shared library libggml.so
[  8%] Built target common
[  8%] Built target ggml
[ 10%] Building CXX object tests/CMakeFiles/test-opt.dir/test-opt.cpp.o
[ 10%] Building C object tests/CMakeFiles/test-mul-mat0.dir/test-mul-mat0.c.o
[ 12%] Building C object tests/CMakeFiles/test-vec0.dir/test-vec0.c.o
[ 13%] Building CXX object tests/CMakeFiles/test-grad0.dir/test-grad0.cpp.o
[ 14%] Linking C executable ../bin/test-mul-mat0
[ 15%] Linking CXX executable ../bin/test-opt
[ 16%] Building CXX object tests/CMakeFiles/test-quantize-perf.dir/test-quantize-perf.cpp.o
[ 17%] Building CXX object tests/CMakeFiles/test-quantize-fns.dir/test-quantize-fns.cpp.o
[ 18%] Building C object tests/CMakeFiles/test-mul-mat2.dir/test-mul-mat2.c.o
[ 20%] Linking CXX executable ../bin/test-grad0
[ 20%] Linking C executable ../bin/test-vec0
[ 21%] Building C object tests/CMakeFiles/test0.dir/test0.c.o
[ 23%] Building C object tests/CMakeFiles/test1.dir/test1.c.o
[ 24%] Linking CXX executable ../bin/test-quantize-fns
[ 25%] Linking C executable ../bin/test0
[ 26%] Building C object tests/CMakeFiles/test3.dir/test3.c.o
[ 27%] Linking CXX executable ../bin/test-quantize-perf
[ 28%] Linking C executable ../bin/test1
[ 29%] Linking C executable ../bin/test-mul-mat2
[ 30%] Building CXX object tests/CMakeFiles/test-arange.dir/test-arange.cpp.o
[ 31%] Building C object tests/CMakeFiles/test-pool.dir/test-pool.c.o
[ 32%] Building C object tests/CMakeFiles/test2.dir/test2.c.o
[ 34%] Building C object tests/CMakeFiles/test-conv-transpose.dir/test-conv-transpose.c.o
[ 35%] Building C object tests/CMakeFiles/test-dup.dir/test-dup.c.o
[ 36%] Building CXX object tests/CMakeFiles/test-timestep_embedding.dir/test-timestep_embedding.cpp.o
[ 37%] Linking C executable ../bin/test3
[ 38%] Building C object tests/CMakeFiles/test-rel-pos.dir/test-rel-pos.c.o
[ 39%] Building CXX object tests/CMakeFiles/test-conv-transpose-1d.dir/test-conv-transpose-1d.cpp.o
[ 40%] Building C object tests/CMakeFiles/test-customop.dir/test-customop.c.o
[ 41%] Linking C executable ../bin/test2
[ 41%] Built target test-mul-mat0
[ 42%] Linking CXX executable ../bin/test-arange
[ 42%] Built target test-opt
[ 43%] Linking C executable ../bin/test-pool
[ 45%] Linking C executable ../bin/test-conv-transpose
[ 46%] Linking C executable ../bin/test-dup
[ 46%] Built target test-vec0
[ 48%] Linking CXX executable ../bin/test-timestep_embedding
[ 48%] Linking C executable ../bin/test-customop
[ 49%] Linking C executable ../bin/test-rel-pos
[ 50%] Building CXX object tests/CMakeFiles/test-conv1d.dir/test-conv1d.cpp.o
[ 51%] Linking CXX executable ../bin/test-conv-transpose-1d
[ 51%] Built target test0
[ 51%] Built target test1
[ 52%] Building CXX object tests/CMakeFiles/test-conv2d.dir/test-conv2d.cpp.o
[ 53%] Building CXX object examples/CMakeFiles/common-ggml.dir/common-ggml.cpp.o
[ 54%] Building CXX object tests/CMakeFiles/test-mul-mat.dir/test-mul-mat.cpp.o
[ 56%] Building CXX object tests/CMakeFiles/test-backend-buffer.dir/test-backend-buffer.cpp.o
[ 57%] Building CXX object tests/CMakeFiles/test-backend-ops.dir/test-backend-ops.cpp.o
[ 57%] Built target test-mul-mat2
[ 58%] Linking CXX executable ../bin/test-conv1d
[ 59%] Linking CXX static library libcommon-ggml.a
[ 60%] Linking CXX executable ../bin/test-conv2d
[ 60%] Built target test-conv-transpose
[ 60%] Built target test3
[ 60%] Built target test-customop
[ 61%] Building CXX object examples/mnist/CMakeFiles/mnist-common.dir/mnist-common.cpp.o
[ 61%] Built target test-dup
[ 62%] Building CXX object examples/simple/CMakeFiles/simple-ctx.dir/simple-ctx.cpp.o
[ 63%] Linking CXX executable ../bin/test-mul-mat
[ 64%] Linking CXX executable ../bin/test-backend-buffer
[ 64%] Built target test-grad0
[ 64%] Built target test2
[ 65%] Building CXX object examples/sam/CMakeFiles/sam.dir/main.cpp.o
[ 65%] Built target test-pool
[ 65%] Built target test-rel-pos
[ 67%] Linking CXX shared library libmnist-common.so
[ 68%] Linking CXX executable ../bin/test-backend-ops
[ 68%] Built target common-ggml
[ 69%] Building CXX object examples/yolo/CMakeFiles/yolov3-tiny.dir/yolov3-tiny.cpp.o
[ 70%] Building CXX object examples/yolo/CMakeFiles/yolov3-tiny.dir/yolo-image.cpp.o
[ 71%] Building CXX object examples/simple/CMakeFiles/simple-backend.dir/simple-backend.cpp.o
[ 72%] Linking CXX executable ../../bin/simple-ctx
[ 72%] Built target test-quantize-perf
[ 73%] Linking CXX executable ../../bin/sam
[ 74%] Building CXX object examples/gpt-2/CMakeFiles/gpt-2-ctx.dir/main-ctx.cpp.o
[ 74%] Built target test-quantize-fns
[ 75%] Linking CXX executable ../../bin/simple-backend
[ 76%] Building CXX object examples/gpt-2/CMakeFiles/gpt-2-alloc.dir/main-alloc.cpp.o
[ 76%] Built target test-arange
[ 78%] Linking CXX executable ../../bin/yolov3-tiny
[ 78%] Built target test-backend-buffer
[ 79%] Building CXX object examples/gpt-2/CMakeFiles/gpt-2-backend.dir/main-backend.cpp.o
[ 80%] Building CXX object examples/gpt-2/CMakeFiles/gpt-2-sched.dir/main-sched.cpp.o
[ 81%] Building CXX object examples/gpt-2/CMakeFiles/gpt-2-quantize.dir/quantize.cpp.o
[ 81%] Built target test-conv-transpose-1d
[ 81%] Built target test-timestep_embedding
[ 82%] Linking CXX executable ../../bin/gpt-2-ctx
[ 82%] Built target test-conv1d
[ 83%] Linking CXX executable ../../bin/gpt-2-backend
[ 84%] Building CXX object examples/gpt-2/CMakeFiles/gpt-2-batched.dir/main-batched.cpp.o
[ 85%] Linking CXX executable ../../bin/gpt-2-alloc
[ 86%] Linking CXX executable ../../bin/gpt-2-sched
[ 86%] Built target test-conv2d
[ 87%] Linking CXX executable ../../bin/gpt-2-quantize
[ 87%] Built target mnist-common
[ 87%] Built target test-mul-mat
[ 89%] Building CXX object examples/gpt-j/CMakeFiles/gpt-j.dir/main.cpp.o
[ 90%] Building CXX object examples/magika/CMakeFiles/magika.dir/main.cpp.o
[ 91%] Building CXX object examples/gpt-j/CMakeFiles/gpt-j-quantize.dir/quantize.cpp.o
[ 91%] Built target test-backend-ops
[ 92%] Linking CXX executable ../../bin/gpt-2-batched
[ 93%] Linking CXX executable ../../bin/gpt-j
[ 94%] Linking CXX executable ../../bin/magika
[ 95%] Building CXX object examples/mnist/CMakeFiles/mnist-eval.dir/mnist-eval.cpp.o
[ 96%] Building CXX object examples/mnist/CMakeFiles/mnist-train.dir/mnist-train.cpp.o
[ 97%] Linking CXX executable ../../bin/gpt-j-quantize
[ 97%] Built target simple-ctx
[ 97%] Built target sam
[ 97%] Built target yolov3-tiny
[ 97%] Built target simple-backend
[ 98%] Linking CXX executable ../../bin/mnist-eval
[ 98%] Built target gpt-2-backend
[100%] Linking CXX executable ../../bin/mnist-train
[100%] Built target gpt-2-ctx
[100%] Built target gpt-2-sched
[100%] Built target gpt-2-quantize
[100%] Built target gpt-2-batched
[100%] Built target gpt-2-alloc
[100%] Built target gpt-j
[100%] Built target gpt-j-quantize
[100%] Built target magika
[100%] Built target mnist-eval
[100%] Built target mnist-train

real	0m1.433s
user	0m3.621s
sys	0m1.616s
+ ctest --output-on-failure -E test-opt
Test project /home/ggml/work/ggml/build-ci-release
      Start  1: test-grad0
 1/22 Test  #1: test-grad0 .......................   Passed    0.28 sec
      Start  2: test-quantize-fns
 2/22 Test  #2: test-quantize-fns ................   Passed   16.94 sec
      Start  3: test-quantize-perf
 3/22 Test  #3: test-quantize-perf ...............   Passed    4.78 sec
      Start  4: test-mul-mat0
 4/22 Test  #4: test-mul-mat0 ....................   Passed    0.51 sec
      Start  5: test-mul-mat2
 5/22 Test  #5: test-mul-mat2 ....................   Passed    1.78 sec
      Start  6: test0
 6/22 Test  #6: test0 ............................   Passed    0.00 sec
      Start  7: test1
 7/22 Test  #7: test1 ............................   Passed    0.00 sec
      Start  8: test2
 8/22 Test  #8: test2 ............................   Passed    0.05 sec
      Start  9: test3
 9/22 Test  #9: test3 ............................   Passed    0.03 sec
      Start 10: test-pool
10/22 Test #10: test-pool ........................   Passed    0.00 sec
      Start 11: test-arange
11/22 Test #11: test-arange ......................   Passed    0.00 sec
      Start 12: test-timestep_embedding
12/22 Test #12: test-timestep_embedding ..........   Passed    0.00 sec
      Start 13: test-conv-transpose
13/22 Test #13: test-conv-transpose ..............   Passed    0.00 sec
      Start 14: test-conv-transpose-1d
14/22 Test #14: test-conv-transpose-1d ...........   Passed    0.01 sec
      Start 15: test-dup
15/22 Test #15: test-dup .........................   Passed    0.00 sec
      Start 16: test-rel-pos
16/22 Test #16: test-rel-pos .....................   Passed    0.00 sec
      Start 17: test-customop
17/22 Test #17: test-customop ....................   Passed    0.00 sec
      Start 18: test-conv1d
18/22 Test #18: test-conv1d ......................   Passed    0.00 sec
      Start 19: test-conv2d
19/22 Test #19: test-conv2d ......................   Passed    0.00 sec
      Start 20: test-mul-mat
20/22 Test #20: test-mul-mat .....................   Passed    0.00 sec
      Start 21: test-backend-buffer
21/22 Test #21: test-backend-buffer ..............   Passed    0.00 sec
      Start 22: test-backend-ops
22/22 Test #22: test-backend-ops .................   Passed    0.00 sec

100% tests passed, 0 tests failed out of 22

Total Test time (real) =  24.43 sec

real	0m24.436s
user	0m24.545s
sys	0m0.358s
