+ cmake -DCMAKE_BUILD_TYPE=Debug -DLLAMA_FATAL_WARNINGS=ON -DLLAMA_CUDA=1 ..
-- The C compiler identification is GNU 11.4.0
-- The CXX compiler identification is GNU 11.4.0
-- Detecting C compiler ABI info
-- Detecting C compiler ABI info - done
-- Check for working C compiler: /usr/bin/cc - skipped
-- Detecting C compile features
-- Detecting C compile features - done
-- Detecting CXX compiler ABI info
-- Detecting CXX compiler ABI info - done
-- Check for working CXX compiler: /usr/bin/c++ - skipped
-- Detecting CXX compile features
-- Detecting CXX compile features - done
-- Found Git: /usr/bin/git (found version "2.34.1") 
-- Performing Test CMAKE_HAVE_LIBC_PTHREAD
-- Performing Test CMAKE_HAVE_LIBC_PTHREAD - Success
-- Found Threads: TRUE  
-- Found CUDAToolkit: /usr/local/cuda-12.2/include (found version "12.2.140") 
-- CUDA found
-- The CUDA compiler identification is NVIDIA 12.2.140
-- Detecting CUDA compiler ABI info
-- Detecting CUDA compiler ABI info - done
-- Check for working CUDA compiler: /usr/local/cuda-12.2/bin/nvcc - skipped
-- Detecting CUDA compile features
-- Detecting CUDA compile features - done
-- Using CUDA architectures: 52;61;70
-- CUDA host compiler is GNU 11.4.0

-- ccache found, compilation results will be cached. Disable with LLAMA_CCACHE=OFF.
-- CMAKE_SYSTEM_PROCESSOR: x86_64
-- x86 detected
-- Configuring done (3.3s)
-- Generating done (0.2s)
-- Build files have been written to: /home/ggml/work/llama.cpp/build-ci-debug

real	0m3.552s
user	0m2.783s
sys	0m0.761s
+ make -j
[  1%] Generating build details from Git
[  2%] Building C object CMakeFiles/ggml.dir/ggml.c.o
[  2%] Building C object CMakeFiles/ggml.dir/ggml-alloc.c.o
[  3%] Building C object CMakeFiles/ggml.dir/ggml-backend.c.o
[  3%] Building C object CMakeFiles/ggml.dir/ggml-quants.c.o
-- Found Git: /usr/bin/git (found version "2.34.1") 
[  4%] Building CUDA object CMakeFiles/ggml.dir/ggml-cuda/acc.cu.o
[  5%] Building CUDA object CMakeFiles/ggml.dir/ggml-cuda/arange.cu.o
[  5%] Building CUDA object CMakeFiles/ggml.dir/ggml-cuda/argsort.cu.o
[  6%] Building CUDA object CMakeFiles/ggml.dir/ggml-cuda/binbcast.cu.o
[  6%] Building CUDA object CMakeFiles/ggml.dir/ggml-cuda/clamp.cu.o
[  7%] Building CUDA object CMakeFiles/ggml.dir/ggml-cuda/concat.cu.o
[  7%] Building CUDA object CMakeFiles/ggml.dir/ggml-cuda/convert.cu.o
[  8%] Building CUDA object CMakeFiles/ggml.dir/ggml-cuda/cpy.cu.o
[  9%] Building CUDA object CMakeFiles/ggml.dir/ggml-cuda/diagmask.cu.o
[  9%] Building CUDA object CMakeFiles/ggml.dir/ggml-cuda/dmmv.cu.o
[  9%] Building CXX object common/CMakeFiles/build_info.dir/build-info.cpp.o
[ 10%] Building CUDA object CMakeFiles/ggml.dir/ggml-cuda/fattn-tile-f16.cu.o
[ 10%] Building CUDA object CMakeFiles/ggml.dir/ggml-cuda/fattn-tile-f32.cu.o
[ 11%] Building CUDA object CMakeFiles/ggml.dir/ggml-cuda/fattn-vec-f16.cu.o
[ 11%] Building CUDA object CMakeFiles/ggml.dir/ggml-cuda/fattn-vec-f32.cu.o
[ 12%] Building CUDA object CMakeFiles/ggml.dir/ggml-cuda/fattn.cu.o
[ 13%] Building CUDA object CMakeFiles/ggml.dir/ggml-cuda/mmq.cu.o
[ 14%] Building CUDA object CMakeFiles/ggml.dir/ggml-cuda/im2col.cu.o
[ 14%] Building CUDA object CMakeFiles/ggml.dir/ggml-cuda/mmvq.cu.o
[ 15%] Building CUDA object CMakeFiles/ggml.dir/ggml-cuda/norm.cu.o
[ 15%] Building CUDA object CMakeFiles/ggml.dir/ggml-cuda/getrows.cu.o
[ 15%] Building CUDA object CMakeFiles/ggml.dir/ggml-cuda/pad.cu.o
[ 15%] Built target build_info
[ 16%] Building CUDA object CMakeFiles/ggml.dir/ggml-cuda/pool2d.cu.o
[ 17%] Building CUDA object CMakeFiles/ggml.dir/ggml-cuda/rope.cu.o
[ 17%] Building CUDA object CMakeFiles/ggml.dir/ggml-cuda/scale.cu.o
[ 18%] Building CUDA object CMakeFiles/ggml.dir/ggml-cuda/softmax.cu.o
[ 19%] Building CUDA object CMakeFiles/ggml.dir/ggml-cuda/sumrows.cu.o
[ 19%] Building CUDA object CMakeFiles/ggml.dir/ggml-cuda/quantize.cu.o
[ 19%] Building CUDA object CMakeFiles/ggml.dir/ggml-cuda/tsembd.cu.o
[ 19%] Building CUDA object CMakeFiles/ggml.dir/ggml-cuda/upscale.cu.o
[ 20%] Building CUDA object CMakeFiles/ggml.dir/ggml-cuda/unary.cu.o
[ 21%] Building CUDA object CMakeFiles/ggml.dir/ggml-cuda.cu.o
[ 21%] Building CXX object CMakeFiles/ggml.dir/sgemm.cpp.o
[ 21%] Built target ggml
[ 22%] Linking CXX static library libggml_static.a
[ 23%] Building CXX object CMakeFiles/llama.dir/unicode.cpp.o
[ 23%] Building CXX object CMakeFiles/llama.dir/unicode-data.cpp.o
[ 23%] Building CXX object CMakeFiles/llama.dir/llama.cpp.o
[ 23%] Building CXX object examples/gguf/CMakeFiles/gguf.dir/gguf.cpp.o
[ 24%] Linking CXX executable ../../bin/gguf
[ 25%] Linking CXX static library libllama.a
[ 25%] Built target gguf
[ 25%] Built target ggml_static
[ 25%] Built target llama
[ 26%] Building C object tests/CMakeFiles/test-c.dir/test-c.c.o
[ 27%] Building CXX object common/CMakeFiles/common.dir/common.cpp.o
[ 27%] Building CXX object common/CMakeFiles/common.dir/sampling.cpp.o
[ 28%] Building CXX object examples/benchmark/CMakeFiles/benchmark.dir/benchmark-matmult.cpp.o
[ 28%] Building CXX object examples/llava/CMakeFiles/llava.dir/llava.cpp.o
[ 29%] Building CXX object examples/llava/CMakeFiles/llava.dir/clip.cpp.o
[ 30%] Building CXX object common/CMakeFiles/common.dir/json-schema-to-grammar.cpp.o
[ 30%] Building CXX object common/CMakeFiles/common.dir/grammar-parser.cpp.o
[ 31%] Building CXX object common/CMakeFiles/common.dir/console.cpp.o
[ 33%] Building CXX object common/CMakeFiles/common.dir/train.cpp.o
[ 33%] Building CXX object examples/quantize-stats/CMakeFiles/quantize-stats.dir/quantize-stats.cpp.o
[ 33%] Building CXX object common/CMakeFiles/common.dir/ngram-cache.cpp.o
[ 33%] Linking CXX executable ../bin/test-c
[ 33%] Built target test-c
[ 33%] Linking CXX executable ../../bin/benchmark
[ 33%] Built target llava
[ 34%] Linking CXX static library libllava_static.a
[ 34%] Built target benchmark
[ 34%] Built target llava_static
[ 34%] Linking CXX executable ../../bin/quantize-stats
[ 34%] Built target quantize-stats
[ 35%] Linking CXX static library libcommon.a
[ 35%] Built target common
[ 35%] Building CXX object tests/CMakeFiles/test-tokenizer-0.dir/test-tokenizer-0.cpp.o
[ 35%] Building CXX object tests/CMakeFiles/test-tokenizer-1-bpe.dir/test-tokenizer-1-bpe.cpp.o
[ 36%] Building CXX object tests/CMakeFiles/test-tokenizer-1-spm.dir/test-tokenizer-1-spm.cpp.o
[ 36%] Building CXX object tests/CMakeFiles/test-quantize-fns.dir/get-model.cpp.o
[ 37%] Building CXX object tests/CMakeFiles/test-quantize-fns.dir/test-quantize-fns.cpp.o
[ 37%] Building CXX object tests/CMakeFiles/test-quantize-perf.dir/test-quantize-perf.cpp.o
[ 38%] Building CXX object tests/CMakeFiles/test-quantize-perf.dir/get-model.cpp.o
[ 38%] Building CXX object tests/CMakeFiles/test-chat-template.dir/get-model.cpp.o
[ 38%] Building CXX object tests/CMakeFiles/test-llama-grammar.dir/test-llama-grammar.cpp.o
[ 39%] Building CXX object tests/CMakeFiles/test-chat-template.dir/test-chat-template.cpp.o
[ 39%] Building CXX object tests/CMakeFiles/test-sampling.dir/get-model.cpp.o
[ 40%] Building CXX object tests/CMakeFiles/test-sampling.dir/test-sampling.cpp.o
[ 41%] Building CXX object tests/CMakeFiles/test-grammar-parser.dir/get-model.cpp.o
[ 42%] Building CXX object tests/CMakeFiles/test-grammar-parser.dir/test-grammar-parser.cpp.o
[ 43%] Building CXX object tests/CMakeFiles/test-llama-grammar.dir/get-model.cpp.o
[ 44%] Linking CXX executable ../bin/test-quantize-fns
[ 45%] Linking CXX executable ../bin/test-chat-template
[ 46%] Linking CXX executable ../bin/test-sampling
[ 47%] Building CXX object tests/CMakeFiles/test-grammar-integration.dir/get-model.cpp.o
[ 47%] Linking CXX executable ../bin/test-grammar-parser
[ 48%] Building CXX object tests/CMakeFiles/test-rope.dir/test-rope.cpp.o
[ 49%] Building CXX object tests/CMakeFiles/test-model-load-cancel.dir/get-model.cpp.o
[ 50%] Building CXX object tests/CMakeFiles/test-backend-ops.dir/get-model.cpp.o
[ 50%] Building CXX object tests/CMakeFiles/test-grammar-integration.dir/test-grammar-integration.cpp.o
[ 50%] Building CXX object tests/CMakeFiles/test-grad0.dir/get-model.cpp.o
[ 50%] Building CXX object tests/CMakeFiles/test-backend-ops.dir/test-backend-ops.cpp.o
[ 51%] Building CXX object tests/CMakeFiles/test-grad0.dir/test-grad0.cpp.o
[ 52%] Building CXX object tests/CMakeFiles/test-model-load-cancel.dir/test-model-load-cancel.cpp.o
[ 53%] Building CXX object tests/CMakeFiles/test-rope.dir/get-model.cpp.o
[ 53%] Building CXX object tests/CMakeFiles/test-autorelease.dir/test-autorelease.cpp.o
[ 54%] Building CXX object tests/CMakeFiles/test-autorelease.dir/get-model.cpp.o
[ 54%] Linking CXX executable ../bin/test-quantize-perf
[ 54%] Linking CXX executable ../bin/test-backend-ops
[ 54%] Linking CXX executable ../bin/test-llama-grammar
[ 54%] Linking CXX executable ../bin/test-grammar-integration
[ 54%] Linking CXX executable ../bin/test-model-load-cancel
[ 54%] Linking CXX executable ../bin/test-rope
[ 54%] Building CXX object tests/CMakeFiles/test-json-schema-to-grammar.dir/get-model.cpp.o
[ 55%] Building CXX object tests/CMakeFiles/test-json-schema-to-grammar.dir/test-json-schema-to-grammar.cpp.o
[ 55%] Building CXX object examples/batched-bench/CMakeFiles/batched-bench.dir/batched-bench.cpp.o
[ 55%] Building CXX object examples/batched/CMakeFiles/batched.dir/batched.cpp.o
[ 56%] Linking CXX executable ../bin/test-grad0
[ 56%] Building CXX object examples/baby-llama/CMakeFiles/baby-llama.dir/baby-llama.cpp.o
[ 57%] Linking CXX executable ../bin/test-autorelease
[ 57%] Building CXX object examples/beam-search/CMakeFiles/beam-search.dir/beam-search.cpp.o
[ 58%] Linking CXX executable ../bin/test-json-schema-to-grammar
[ 58%] Building CXX object examples/convert-llama2c-to-ggml/CMakeFiles/convert-llama2c-to-ggml.dir/convert-llama2c-to-ggml.cpp.o
[ 58%] Building CXX object examples/embedding/CMakeFiles/embedding.dir/embedding.cpp.o
[ 58%] Building CXX object examples/eval-callback/CMakeFiles/eval-callback.dir/eval-callback.cpp.o
[ 59%] Linking CXX executable ../../bin/baby-llama
[ 60%] Building CXX object examples/gguf-split/CMakeFiles/gguf-split.dir/gguf-split.cpp.o
[ 61%] Building CXX object examples/finetune/CMakeFiles/finetune.dir/finetune.cpp.o
[ 62%] Building CXX object examples/gritlm/CMakeFiles/gritlm.dir/gritlm.cpp.o
[ 63%] Building CXX object examples/infill/CMakeFiles/infill.dir/infill.cpp.o
[ 63%] Building CXX object examples/llama-bench/CMakeFiles/llama-bench.dir/llama-bench.cpp.o
[ 64%] Building CXX object examples/llava/CMakeFiles/llava-cli.dir/llava-cli.cpp.o
[ 65%] Building CXX object examples/main/CMakeFiles/main.dir/main.cpp.o
[ 66%] Building CXX object examples/tokenize/CMakeFiles/tokenize.dir/tokenize.cpp.o
[ 67%] Building CXX object examples/perplexity/CMakeFiles/perplexity.dir/perplexity.cpp.o
[ 67%] Building CXX object examples/parallel/CMakeFiles/parallel.dir/parallel.cpp.o
[ 67%] Built target test-grad0
[ 67%] Building CXX object examples/quantize/CMakeFiles/quantize.dir/quantize.cpp.o
[ 67%] Built target test-quantize-fns
[ 68%] Building CXX object examples/retrieval/CMakeFiles/retrieval.dir/retrieval.cpp.o
[ 69%] Building CXX object examples/save-load-state/CMakeFiles/save-load-state.dir/save-load-state.cpp.o
[ 69%] Building CXX object examples/simple/CMakeFiles/simple.dir/simple.cpp.o
[ 70%] Building CXX object examples/passkey/CMakeFiles/passkey.dir/passkey.cpp.o
[ 70%] Building CXX object examples/speculative/CMakeFiles/speculative.dir/speculative.cpp.o
[ 70%] Building CXX object examples/lookahead/CMakeFiles/lookahead.dir/lookahead.cpp.o
[ 70%] Building CXX object examples/lookup/CMakeFiles/lookup.dir/lookup.cpp.o
[ 70%] Built target test-grammar-parser
[ 70%] Building CXX object examples/lookup/CMakeFiles/lookup-create.dir/lookup-create.cpp.o
[ 71%] Building CXX object examples/lookup/CMakeFiles/lookup-stats.dir/lookup-stats.cpp.o
[ 72%] Building CXX object examples/lookup/CMakeFiles/lookup-merge.dir/lookup-merge.cpp.o
[ 73%] Building CXX object examples/imatrix/CMakeFiles/imatrix.dir/imatrix.cpp.o
[ 74%] Generating json-schema-to-grammar.mjs.hpp
[ 75%] Building CXX object examples/train-text-from-scratch/CMakeFiles/train-text-from-scratch.dir/train-text-from-scratch.cpp.o
[ 76%] Generating completion.js.hpp
[ 77%] Generating index.html.hpp
[ 77%] Generating index.js.hpp
[ 78%] Building CXX object examples/export-lora/CMakeFiles/export-lora.dir/export-lora.cpp.o
[ 79%] Building CXX object pocs/vdot/CMakeFiles/vdot.dir/vdot.cpp.o
[ 79%] Building CXX object pocs/vdot/CMakeFiles/q8dot.dir/q8dot.cpp.o
[ 79%] Built target test-quantize-perf
[ 80%] Linking CXX executable ../../bin/vdot
[ 80%] Built target test-rope
[ 81%] Linking CXX executable ../../bin/q8dot
[ 81%] Building CXX object examples/server/CMakeFiles/server.dir/server.cpp.o
[ 81%] Built target vdot
[ 81%] Built target q8dot
[ 81%] Built target test-backend-ops
[ 81%] Built target test-json-schema-to-grammar
[ 81%] Built target test-grammar-integration
[ 81%] Built target test-model-load-cancel
[ 81%] Built target test-sampling
[ 81%] Built target test-chat-template
[ 81%] Linking CXX executable ../../bin/tokenize
[ 81%] Built target test-autorelease
[ 82%] Linking CXX executable ../bin/test-tokenizer-1-bpe
[ 82%] Linking CXX executable ../bin/test-tokenizer-1-spm
[ 82%] Built target test-llama-grammar
[ 82%] Linking CXX executable ../../bin/lookup-merge
[ 83%] Linking CXX executable ../../bin/passkey
[ 83%] Linking CXX executable ../../bin/finetune
[ 84%] Linking CXX executable ../../bin/eval-callback
[ 85%] Linking CXX executable ../bin/test-tokenizer-0
[ 86%] Linking CXX executable ../../bin/batched
[ 86%] Built target baby-llama
[ 86%] Built target lookup-merge
[ 86%] Linking CXX executable ../../bin/gguf-split
[ 87%] Linking CXX executable ../../bin/batched-bench
[ 88%] Linking CXX executable ../../bin/beam-search
[ 88%] Linking CXX executable ../../bin/save-load-state
[ 88%] Linking CXX executable ../../bin/gritlm
[ 89%] Linking CXX executable ../../bin/simple
[ 90%] Linking CXX executable ../../bin/lookup-create
[ 90%] Linking CXX executable ../../bin/llava-cli
[ 91%] Linking CXX executable ../../bin/embedding
[ 92%] Linking CXX executable ../../bin/lookahead
[ 92%] Linking CXX executable ../../bin/parallel
[ 92%] Linking CXX executable ../../bin/export-lora
[ 92%] Linking CXX executable ../../bin/lookup-stats
[ 92%] Linking CXX executable ../../bin/train-text-from-scratch
[ 93%] Linking CXX executable ../../bin/lookup
[ 94%] Linking CXX executable ../../bin/convert-llama2c-to-ggml
[ 95%] Linking CXX executable ../../bin/infill
[ 96%] Linking CXX executable ../../bin/quantize
[ 96%] Linking CXX executable ../../bin/retrieval
[ 96%] Linking CXX executable ../../bin/main
[ 96%] Built target convert-llama2c-to-ggml
[ 96%] Built target export-lora
[ 97%] Linking CXX executable ../../bin/speculative
[ 97%] Linking CXX executable ../../bin/imatrix
[ 97%] Built target gguf-split
[ 97%] Built target tokenize
[ 97%] Built target test-tokenizer-1-bpe
[ 97%] Built target passkey
[ 97%] Built target test-tokenizer-1-spm
[ 97%] Built target test-tokenizer-0
[ 97%] Built target simple
[ 98%] Linking CXX executable ../../bin/perplexity
[ 98%] Built target gritlm
[ 98%] Built target save-load-state
[ 98%] Built target eval-callback
[ 98%] Built target lookup
[ 98%] Built target finetune
[ 98%] Built target lookup-create
[ 98%] Built target batched-bench
[ 98%] Built target embedding
[ 98%] Built target beam-search
[ 98%] Built target batched
[ 98%] Built target parallel
[ 98%] Built target infill
[ 98%] Built target lookahead
[ 98%] Built target llava-cli
[ 98%] Built target lookup-stats
[ 98%] Built target quantize
[ 98%] Built target train-text-from-scratch
[ 98%] Built target main
[ 98%] Built target retrieval
[ 98%] Built target speculative
[ 98%] Built target imatrix
[ 98%] Built target perplexity
[ 99%] Linking CXX executable ../../bin/llama-bench
[ 99%] Built target llama-bench
[100%] Linking CXX executable ../../bin/server
[100%] Built target server

real	0m45.702s
user	2m17.012s
sys	0m19.061s
+ ctest --output-on-failure -L main -E test-opt
Test project /home/ggml/work/llama.cpp/build-ci-debug
      Start  1: test-tokenizer-0-llama-spm
 1/22 Test  #1: test-tokenizer-0-llama-spm .......   Passed    0.23 sec
      Start  2: test-tokenizer-0-llama-bpe
 2/22 Test  #2: test-tokenizer-0-llama-bpe .......   Passed    2.98 sec
      Start  3: test-tokenizer-0-phi-3
 3/22 Test  #3: test-tokenizer-0-phi-3 ...........   Passed    0.24 sec
      Start  4: test-tokenizer-0-falcon
 4/22 Test  #4: test-tokenizer-0-falcon ..........   Passed    0.94 sec
      Start  5: test-tokenizer-0-bert-bge
 5/22 Test  #5: test-tokenizer-0-bert-bge ........   Passed    0.27 sec
      Start  6: test-tokenizer-0-starcoder
 6/22 Test  #6: test-tokenizer-0-starcoder .......   Passed    0.61 sec
      Start  7: test-tokenizer-0-gpt-2
 7/22 Test  #7: test-tokenizer-0-gpt-2 ...........   Passed    0.65 sec
      Start  8: test-tokenizer-0-refact
 8/22 Test  #8: test-tokenizer-0-refact ..........   Passed    0.68 sec
      Start  9: test-tokenizer-0-command-r
 9/22 Test  #9: test-tokenizer-0-command-r .......   Passed    3.86 sec
      Start 10: test-tokenizer-0-qwen2
10/22 Test #10: test-tokenizer-0-qwen2 ...........   Passed    2.10 sec
      Start 11: test-tokenizer-1-llama-spm
11/22 Test #11: test-tokenizer-1-llama-spm .......   Passed    3.94 sec
      Start 12: test-quantize-fns
12/22 Test #12: test-quantize-fns ................   Passed   36.72 sec
      Start 13: test-quantize-perf
13/22 Test #13: test-quantize-perf ...............   Passed   10.90 sec
      Start 14: test-sampling
14/22 Test #14: test-sampling ....................   Passed    0.07 sec
      Start 15: test-chat-template
15/22 Test #15: test-chat-template ...............   Passed    0.04 sec
      Start 16: test-grammar-parser
16/22 Test #16: test-grammar-parser ..............   Passed    0.00 sec
      Start 17: test-llama-grammar
17/22 Test #17: test-llama-grammar ...............   Passed    0.04 sec
      Start 18: test-grammar-integration
18/22 Test #18: test-grammar-integration .........   Passed    0.05 sec
      Start 19: test-grad0
19/22 Test #19: test-grad0 .......................   Passed    4.25 sec
      Start 20: test-backend-ops
20/22 Test #20: test-backend-ops .................   Passed  164.58 sec
      Start 21: test-rope
21/22 Test #21: test-rope ........................   Passed    0.08 sec
      Start 24: test-json-schema-to-grammar
22/22 Test #24: test-json-schema-to-grammar ......   Passed    1.64 sec

100% tests passed, 0 tests failed out of 22

Label Time Summary:
main    = 234.88 sec*proc (22 tests)

Total Test time (real) = 234.90 sec

real	3m54.929s
user	7m39.381s
sys	0m5.861s
