mkdir: cannot create directory ‘/mnt/llama.cpp’: Permission denied
rm: cannot remove '/home/ggml/results/llama.cpp/ff/5a3f0c09dfa0a8e0bf76d1748df5c6dee0e8ff/ggml-1-arm64-cpu-low-perf/*.log': No such file or directory
rm: cannot remove '/home/ggml/results/llama.cpp/ff/5a3f0c09dfa0a8e0bf76d1748df5c6dee0e8ff/ggml-1-arm64-cpu-low-perf/*.exit': No such file or directory
rm: cannot remove '/home/ggml/results/llama.cpp/ff/5a3f0c09dfa0a8e0bf76d1748df5c6dee0e8ff/ggml-1-arm64-cpu-low-perf/*.md': No such file or directory
+ gg_run_ctest_debug
+ cd /home/ggml/work/llama.cpp
+ tee /home/ggml/results/llama.cpp/ff/5a3f0c09dfa0a8e0bf76d1748df5c6dee0e8ff/ggml-1-arm64-cpu-low-perf/ctest_debug.log
+ rm -rf build-ci-debug
+ mkdir build-ci-debug
+ cd build-ci-debug
+ set -e
+ tee -a /home/ggml/results/llama.cpp/ff/5a3f0c09dfa0a8e0bf76d1748df5c6dee0e8ff/ggml-1-arm64-cpu-low-perf/ctest_debug-cmake.log
+ cmake -DCMAKE_BUILD_TYPE=Debug ..
-- The C compiler identification is GNU 11.4.0
-- The CXX compiler identification is GNU 11.4.0
-- Detecting C compiler ABI info
-- Detecting C compiler ABI info - done
-- Check for working C compiler: /usr/bin/cc - skipped
-- Detecting C compile features
-- Detecting C compile features - done
-- Detecting CXX compiler ABI info
-- Detecting CXX compiler ABI info - done
-- Check for working CXX compiler: /usr/bin/c++ - skipped
-- Detecting CXX compile features
-- Detecting CXX compile features - done
-- Found Git: /usr/bin/git (found version "2.34.1") 
-- Looking for pthread.h
-- Looking for pthread.h - found
-- Performing Test CMAKE_HAVE_LIBC_PTHREAD
-- Performing Test CMAKE_HAVE_LIBC_PTHREAD - Success
-- Found Threads: TRUE  
-- CMAKE_SYSTEM_PROCESSOR: aarch64
-- ARM detected
-- Performing Test COMPILER_SUPPORTS_FP16_FORMAT_I3E
-- Performing Test COMPILER_SUPPORTS_FP16_FORMAT_I3E - Failed
-- Configuring done
-- Generating done
-- Build files have been written to: /home/ggml/work/llama.cpp/build-ci-debug

real	0m0.726s
user	0m0.427s
sys	0m0.303s
+ tee -a /home/ggml/results/llama.cpp/ff/5a3f0c09dfa0a8e0bf76d1748df5c6dee0e8ff/ggml-1-arm64-cpu-low-perf/ctest_debug-make.log
+ make -j
[  2%] Building C object CMakeFiles/ggml.dir/k_quants.c.o
[  2%] Building C object CMakeFiles/ggml.dir/ggml-alloc.c.o
[  4%] Built target BUILD_INFO
[  4%] Building C object CMakeFiles/ggml.dir/ggml.c.o
/home/ggml/work/llama.cpp/k_quants.c: In function ‘ggml_vec_dot_q2_K_q8_K’:
/home/ggml/work/llama.cpp/k_quants.c:1356:36: warning: missing braces around initializer [-Wmissing-braces]
 1356 |         const int16x8x2_t mins16 = {vreinterpretq_s16_u16(vmovl_u8(vget_low_u8(mins))), vreinterpretq_s16_u16(vmovl_u8(vget_high_u8(mins)))};
      |                                    ^
      |                                     {                                                                                                      }
/home/ggml/work/llama.cpp/k_quants.c: In function ‘ggml_vec_dot_q6_K_q8_K’:
/home/ggml/work/llama.cpp/k_quants.c:3717:38: warning: missing braces around initializer [-Wmissing-braces]
 3717 |         const int16x8x2_t q6scales = {vmovl_s8(vget_low_s8(scales)), vmovl_s8(vget_high_s8(scales))};
      |                                      ^
      |                                       {                                                            }
[  4%] Built target ggml
[  6%] Linking C static library libggml_static.a
[  7%] Building CXX object CMakeFiles/llama.dir/llama.cpp.o
[  7%] Built target ggml_static
/home/ggml/work/llama.cpp/llama.cpp:4244:13: warning: ‘bool llama_is_user_defined_token(const llama_vocab&, llama_token)’ defined but not used [-Wunused-function]
 4244 | static bool llama_is_user_defined_token(const llama_vocab& vocab, llama_token id) {
      |             ^~~~~~~~~~~~~~~~~~~~~~~~~~~
In file included from /home/ggml/work/llama.cpp/llama.cpp:4:
/home/ggml/work/llama.cpp/unicode.h:343:30: warning: ‘std::vector<unsigned int> codepoints_from_utf16(const std::vector<short unsigned int>&)’ defined but not used [-Wunused-function]
  343 | static std::vector<uint32_t> codepoints_from_utf16(const std::vector<uint16_t> & utf16) {
      |                              ^~~~~~~~~~~~~~~~~~~~~
/home/ggml/work/llama.cpp/unicode.h:317:30: warning: ‘std::vector<short unsigned int> codepoints_to_utf16(const std::vector<unsigned int>&)’ defined but not used [-Wunused-function]
  317 | static std::vector<uint16_t> codepoints_to_utf16(const std::vector<uint32_t> & cps) {
      |                              ^~~~~~~~~~~~~~~~~~~
/home/ggml/work/llama.cpp/unicode.h:251:20: warning: ‘std::string codepoints_to_utf8(const std::vector<unsigned int>&)’ defined but not used [-Wunused-function]
  251 | static std::string codepoints_to_utf8(const std::vector<uint32_t> & cps) {
      |                    ^~~~~~~~~~~~~~~~~~
cc1plus: note: unrecognized command-line option ‘-Wno-unused-function -Wno-array-bounds’ may have been intended to silence earlier diagnostics
[  8%] Linking CXX static library libllama.a
[  8%] Built target llama
[  9%] Building CXX object examples/quantize/CMakeFiles/quantize.dir/quantize.cpp.o
[ 11%] Building CXX object examples/benchmark/CMakeFiles/benchmark.dir/benchmark-matmult.cpp.o
[ 12%] Building C object tests/CMakeFiles/test-c.dir/test-c.c.o
[ 13%] Building CXX object examples/quantize-stats/CMakeFiles/quantize-stats.dir/quantize-stats.cpp.o
[ 14%] Building CXX object common/CMakeFiles/common.dir/grammar-parser.cpp.o
[ 16%] Building CXX object common/CMakeFiles/common.dir/common.cpp.o
[ 17%] Building CXX object common/CMakeFiles/common.dir/console.cpp.o
[ 18%] Building CXX object common/CMakeFiles/common.dir/train.cpp.o
[ 19%] Linking CXX executable ../bin/test-c
[ 19%] Built target test-c
/home/ggml/work/llama.cpp/common/grammar-parser.cpp:307:17: warning: ‘void grammar_parser::print_rule_binary(FILE*, const std::vector<llama_grammar_element>&)’ defined but not used [-Wunused-function]
  307 |     static void print_rule_binary(FILE * file, const std::vector<llama_grammar_element> & rule) {
      |                 ^~~~~~~~~~~~~~~~~
[ 20%] Linking CXX executable ../../bin/quantize
[ 22%] Linking CXX executable ../../bin/benchmark
[ 22%] Built target benchmark
cc1plus: note: unrecognized command-line option ‘-Wno-unused-function -Wno-array-bounds’ may have been intended to silence earlier diagnostics
[ 22%] Built target quantize
[ 23%] Linking CXX executable ../../bin/quantize-stats
[ 23%] Built target quantize-stats
[ 23%] Built target common
[ 24%] Building CXX object tests/CMakeFiles/test-quantize-fns.dir/test-quantize-fns.cpp.o
[ 25%] Building CXX object tests/CMakeFiles/test-quantize-perf.dir/test-quantize-perf.cpp.o
[ 27%] Building CXX object tests/CMakeFiles/test-sampling.dir/test-sampling.cpp.o
[ 28%] Building CXX object tests/CMakeFiles/test-tokenizer-0-llama.dir/test-tokenizer-0-llama.cpp.o
[ 29%] Building CXX object tests/CMakeFiles/test-tokenizer-1-llama.dir/test-tokenizer-1-llama.cpp.o
[ 30%] Building CXX object tests/CMakeFiles/test-tokenizer-0-falcon.dir/test-tokenizer-0-falcon.cpp.o
[ 32%] Building CXX object tests/CMakeFiles/test-tokenizer-1-bpe.dir/test-tokenizer-1-bpe.cpp.o
[ 33%] Building CXX object tests/CMakeFiles/test-grammar-parser.dir/test-grammar-parser.cpp.o
[ 34%] Building CXX object tests/CMakeFiles/test-llama-grammar.dir/test-llama-grammar.cpp.o
[ 35%] Building CXX object examples/main/CMakeFiles/main.dir/main.cpp.o
[ 37%] Building CXX object examples/perplexity/CMakeFiles/perplexity.dir/perplexity.cpp.o
[ 38%] Building CXX object tests/CMakeFiles/test-grad0.dir/test-grad0.cpp.o
[ 39%] Building CXX object tests/CMakeFiles/test-rope.dir/test-rope.cpp.o
[ 40%] Building CXX object examples/embedding/CMakeFiles/embedding.dir/embedding.cpp.o
[ 41%] Building CXX object examples/save-load-state/CMakeFiles/save-load-state.dir/save-load-state.cpp.o
[ 43%] Building CXX object examples/convert-llama2c-to-ggml/CMakeFiles/convert-llama2c-to-ggml.dir/convert-llama2c-to-ggml.cpp.o
[ 45%] Building CXX object examples/baby-llama/CMakeFiles/baby-llama.dir/baby-llama.cpp.o
[ 46%] Building CXX object examples/train-text-from-scratch/CMakeFiles/train-text-from-scratch.dir/train-text-from-scratch.cpp.o
[ 44%] Building CXX object examples/finetune/CMakeFiles/finetune.dir/finetune.cpp.o
[ 48%] Building CXX object examples/speculative/CMakeFiles/speculative.dir/speculative.cpp.o
[ 49%] Building CXX object examples/batched/CMakeFiles/batched.dir/batched.cpp.o
[ 50%] Building CXX object examples/simple/CMakeFiles/simple.dir/simple.cpp.o
[ 51%] Building CXX object examples/parallel/CMakeFiles/parallel.dir/parallel.cpp.o
[ 53%] Building CXX object examples/llama-bench/CMakeFiles/llama-bench.dir/llama-bench.cpp.o
[ 54%] Building CXX object examples/embd-input/CMakeFiles/embdinput.dir/embd-input-lib.cpp.o
[ 55%] Building CXX object examples/server/CMakeFiles/server.dir/server.cpp.o
[ 56%] Building CXX object examples/export-lora/CMakeFiles/export-lora.dir/export-lora.cpp.o
[ 58%] Building CXX object examples/beam-search/CMakeFiles/beam-search.dir/beam-search.cpp.o
[ 59%] Building CXX object pocs/vdot/CMakeFiles/vdot.dir/vdot.cpp.o
[ 60%] Building CXX object pocs/vdot/CMakeFiles/q8dot.dir/q8dot.cpp.o
/home/ggml/work/llama.cpp/tests/test-grad0.cpp:211:13: warning: ‘void print_elements(const char*, const ggml_tensor*)’ defined but not used [-Wunused-function]
  211 | static void print_elements(const char* label, const struct ggml_tensor * t) {
      |             ^~~~~~~~~~~~~~
/home/ggml/work/llama.cpp/tests/test-rope.cpp:59:13: warning: ‘void get_random_dims(int64_t*, int)’ defined but not used [-Wunused-function]
   59 | static void get_random_dims(int64_t * dims, int ndims) {
      |             ^~~~~~~~~~~~~~~
cc1plus: note: unrecognized command-line option ‘-Wno-unused-function -Wno-array-bounds’ may have been intended to silence earlier diagnostics
cc1plus: note: unrecognized command-line option ‘-Wno-unused-function -Wno-array-bounds’ may have been intended to silence earlier diagnostics
[ 61%] Linking CXX executable ../bin/test-rope
[ 62%] Linking CXX executable ../bin/test-grad0
[ 64%] Linking CXX executable ../bin/test-quantize-fns
/home/ggml/work/llama.cpp/examples/baby-llama/baby-llama.cpp:1429:29: warning: ‘ggml_tensor* cross_entropy_loss(ggml_context*, ggml_tensor*, ggml_tensor*)’ defined but not used [-Wunused-function]
 1429 | static struct ggml_tensor * cross_entropy_loss(
      |                             ^~~~~~~~~~~~~~~~~~
/home/ggml/work/llama.cpp/examples/baby-llama/baby-llama.cpp:1328:13: warning: ‘void print_row(ggml_tensor*, int)’ defined but not used [-Wunused-function]
 1328 | static void print_row(struct ggml_tensor * probs, int i) {
      |             ^~~~~~~~~
/home/ggml/work/llama.cpp/examples/baby-llama/baby-llama.cpp:998:29: warning: ‘ggml_tensor* forward_lora(llama_model_lora*, llama_kv_cache*, ggml_context*, ggml_cgraph*, ggml_tensor*, int, int)’ defined but not used [-Wunused-function]
  998 | static struct ggml_tensor * forward_lora(
      |                             ^~~~~~~~~~~~
/home/ggml/work/llama.cpp/examples/baby-llama/baby-llama.cpp:429:13: warning: ‘bool init_kv_cache_lora(llama_kv_cache*, llama_model_lora*, int)’ defined but not used [-Wunused-function]
  429 | static bool init_kv_cache_lora(struct llama_kv_cache* cache, struct llama_model_lora * model, int n_batch) {
      |             ^~~~~~~~~~~~~~~~~~
/home/ggml/work/llama.cpp/examples/baby-llama/baby-llama.cpp:358:13: warning: ‘void randomize_model_lora(llama_model_lora*, int, float, float, float, float)’ defined but not used [-Wunused-function]
  358 | static void randomize_model_lora(
      |             ^~~~~~~~~~~~~~~~~~~~
/home/ggml/work/llama.cpp/examples/baby-llama/baby-llama.cpp:296:13: warning: ‘void set_param_model_lora(llama_model_lora*)’ defined but not used [-Wunused-function]
  296 | static void set_param_model_lora(struct llama_model_lora * model) {
      |             ^~~~~~~~~~~~~~~~~~~~
/home/ggml/work/llama.cpp/examples/baby-llama/baby-llama.cpp:227:13: warning: ‘void init_model_lora(llama_model_lora*)’ defined but not used [-Wunused-function]
  227 | static void init_model_lora(struct llama_model_lora * model) {
      |             ^~~~~~~~~~~~~~~
/home/ggml/work/llama.cpp/examples/baby-llama/baby-llama.cpp:32:29: warning: ‘ggml_tensor* randomize_tensor(ggml_tensor*, int, const int64_t*, float, float)’ defined but not used [-Wunused-function]
   32 | static struct ggml_tensor * randomize_tensor(
      |                             ^~~~~~~~~~~~~~~~
cc1plus: note: unrecognized command-line option ‘-Wno-unused-function -Wno-array-bounds’ may have been intended to silence earlier diagnostics
[ 65%] Linking CXX executable ../bin/test-sampling
[ 66%] Linking CXX executable ../bin/test-grammar-parser
[ 67%] Linking CXX executable ../../bin/baby-llama
[ 69%] Linking CXX executable ../bin/test-quantize-perf
[ 70%] Linking CXX executable ../../bin/q8dot
/home/ggml/work/llama.cpp/examples/convert-llama2c-to-ggml/convert-llama2c-to-ggml.cpp:906:20: warning: ‘std::string basename(const string&)’ defined but not used [-Wunused-function]
  906 | static std::string basename(const std::string &path) {
      |                    ^~~~~~~~
/home/ggml/work/llama.cpp/examples/convert-llama2c-to-ggml/convert-llama2c-to-ggml.cpp:447:20: warning: ‘std::string format(const char*, ...)’ defined but not used [-Wunused-function]
  447 | static std::string format(const char * fmt, ...) {
      |                    ^~~~~~
/home/ggml/work/llama.cpp/examples/convert-llama2c-to-ggml/convert-llama2c-to-ggml.cpp:429:13: warning: ‘void print_matrix(ggml_tensor*)’ defined but not used [-Wunused-function]
  429 | static void print_matrix(struct ggml_tensor * probs) {
      |             ^~~~~~~~~~~~
/home/ggml/work/llama.cpp/examples/convert-llama2c-to-ggml/convert-llama2c-to-ggml.cpp:421:13: warning: ‘void print_row(ggml_tensor*, int)’ defined but not used [-Wunused-function]
  421 | static void print_row(struct ggml_tensor * probs, int i) {
      |             ^~~~~~~~~
/home/ggml/work/llama.cpp/examples/convert-llama2c-to-ggml/convert-llama2c-to-ggml.cpp:416:16: warning: ‘int32_t get_i32_2d(ggml_tensor*, int64_t, int64_t)’ defined but not used [-Wunused-function]
  416 | static int32_t get_i32_2d(struct ggml_tensor * tensor, int64_t i0, int64_t i1) {
      |                ^~~~~~~~~~
/home/ggml/work/llama.cpp/examples/convert-llama2c-to-ggml/convert-llama2c-to-ggml.cpp:192:13: warning: ‘void print_sample_weights(TransformerWeights*)’ defined but not used [-Wunused-function]
  192 | static void print_sample_weights(TransformerWeights *w){
      |             ^~~~~~~~~~~~~~~~~~~~
[ 70%] Built target test-grad0
[ 70%] Built target test-rope
[ 71%] Linking CXX executable ../../bin/vdot
[ 71%] Built target test-quantize-fns
[ 72%] Linking CXX executable ../../bin/embedding
[ 74%] Linking CXX executable ../bin/test-tokenizer-0-llama
[ 75%] Linking CXX executable ../bin/test-tokenizer-0-falcon
[ 76%] Linking CXX executable ../../bin/save-load-state
[ 77%] Linking CXX executable ../../bin/batched
[ 79%] Linking CXX executable ../../bin/simple
[ 80%] Linking CXX executable ../../bin/beam-search
[ 80%] Built target test-grammar-parser
[ 80%] Built target test-sampling
In file included from /home/ggml/work/llama.cpp/tests/test-tokenizer-1-bpe.cpp:3:
/home/ggml/work/llama.cpp/./unicode.h:458:16: warning: ‘uint8_t unicode_to_bytes_bpe(const string&)’ defined but not used [-Wunused-function]
  458 | static uint8_t unicode_to_bytes_bpe(const std::string & utf8) {
      |                ^~~~~~~~~~~~~~~~~~~~
/home/ggml/work/llama.cpp/./unicode.h:429:20: warning: ‘std::string bytes_to_unicode_bpe(uint8_t)’ defined but not used [-Wunused-function]
  429 | static std::string bytes_to_unicode_bpe(uint8_t byte) {
      |                    ^~~~~~~~~~~~~~~~~~~~
/home/ggml/work/llama.cpp/./unicode.h:398:12: warning: ‘int codepoint_type(const string&)’ defined but not used [-Wunused-function]
  398 | static int codepoint_type(const std::string & utf8) {
      |            ^~~~~~~~~~~~~~
/home/ggml/work/llama.cpp/./unicode.h:343:30: warning: ‘std::vector<unsigned int> codepoints_from_utf16(const std::vector<short unsigned int>&)’ defined but not used [-Wunused-function]
  343 | static std::vector<uint32_t> codepoints_from_utf16(const std::vector<uint16_t> & utf16) {
      |                              ^~~~~~~~~~~~~~~~~~~~~
/home/ggml/work/llama.cpp/./unicode.h:317:30: warning: ‘std::vector<short unsigned int> codepoints_to_utf16(const std::vector<unsigned int>&)’ defined but not used [-Wunused-function]
  317 | static std::vector<uint16_t> codepoints_to_utf16(const std::vector<uint32_t> & cps) {
      |                              ^~~~~~~~~~~~~~~~~~~
/home/ggml/work/llama.cpp/./unicode.h:251:20: warning: ‘std::string codepoints_to_utf8(const std::vector<unsigned int>&)’ defined but not used [-Wunused-function]
  251 | static std::string codepoints_to_utf8(const std::vector<uint32_t> & cps) {
      |                    ^~~~~~~~~~~~~~~~~~
[ 81%] Linking CXX executable ../../bin/parallel
cc1plus: note: unrecognized command-line option ‘-Wno-unused-function -Wno-array-bounds’ may have been intended to silence earlier diagnostics
[ 81%] Built target baby-llama
[ 81%] Built target test-quantize-perf
In file included from /home/ggml/work/llama.cpp/tests/test-tokenizer-1-llama.cpp:3:
/home/ggml/work/llama.cpp/./unicode.h:458:16: warning: ‘uint8_t unicode_to_bytes_bpe(const string&)’ defined but not used [-Wunused-function]
  458 | static uint8_t unicode_to_bytes_bpe(const std::string & utf8) {
      |                ^~~~~~~~~~~~~~~~~~~~
/home/ggml/work/llama.cpp/./unicode.h:429:20: warning: ‘std::string bytes_to_unicode_bpe(uint8_t)’ defined but not used [-Wunused-function]
  429 | static std::string bytes_to_unicode_bpe(uint8_t byte) {
      |                    ^~~~~~~~~~~~~~~~~~~~
/home/ggml/work/llama.cpp/./unicode.h:398:12: warning: ‘int codepoint_type(const string&)’ defined but not used [-Wunused-function]
  398 | static int codepoint_type(const std::string & utf8) {
      |            ^~~~~~~~~~~~~~
/home/ggml/work/llama.cpp/./unicode.h:343:30: warning: ‘std::vector<unsigned int> codepoints_from_utf16(const std::vector<short unsigned int>&)’ defined but not used [-Wunused-function]
  343 | static std::vector<uint32_t> codepoints_from_utf16(const std::vector<uint16_t> & utf16) {
      |                              ^~~~~~~~~~~~~~~~~~~~~
/home/ggml/work/llama.cpp/./unicode.h:317:30: warning: ‘std::vector<short unsigned int> codepoints_to_utf16(const std::vector<unsigned int>&)’ defined but not used [-Wunused-function]
  317 | static std::vector<uint16_t> codepoints_to_utf16(const std::vector<uint32_t> & cps) {
      |                              ^~~~~~~~~~~~~~~~~~~
/home/ggml/work/llama.cpp/./unicode.h:293:30: warning: ‘std::vector<unsigned int> codepoints_from_utf8(const string&)’ defined but not used [-Wunused-function]
  293 | static std::vector<uint32_t> codepoints_from_utf8(const std::string & utf8) {
      |                              ^~~~~~~~~~~~~~~~~~~~
/home/ggml/work/llama.cpp/./unicode.h:251:20: warning: ‘std::string codepoints_to_utf8(const std::vector<unsigned int>&)’ defined but not used [-Wunused-function]
  251 | static std::string codepoints_to_utf8(const std::vector<uint32_t> & cps) {
      |                    ^~~~~~~~~~~~~~~~~~
[ 81%] Built target q8dot
[ 82%] Linking CXX static library libembdinput.a
[ 83%] Linking CXX executable ../../bin/export-lora
[ 85%] Linking CXX executable ../../bin/speculative
[ 86%] Linking CXX executable ../../bin/convert-llama2c-to-ggml
[ 86%] Built target vdot
[ 87%] Linking CXX executable ../../bin/train-text-from-scratch
[ 87%] Built target embdinput
[ 87%] Built target embedding
[ 88%] Linking CXX executable ../../bin/finetune
[ 88%] Built target test-tokenizer-0-llama
[ 90%] Building CXX object examples/embd-input/CMakeFiles/embd-input-test.dir/embd-input-test.cpp.o
[ 90%] Built target test-tokenizer-0-falcon
[ 91%] Linking CXX executable ../../bin/perplexity
[ 91%] Built target beam-search
[ 91%] Built target batched
[ 91%] Built target save-load-state
cc1plus: note: unrecognized command-line option ‘-Wno-unused-function -Wno-array-bounds’ may have been intended to silence earlier diagnostics
[ 91%] Built target simple
cc1plus: note: unrecognized command-line option ‘-Wno-unused-function -Wno-array-bounds’ may have been intended to silence earlier diagnostics
[ 92%] Linking CXX executable ../bin/test-tokenizer-1-bpe
[ 92%] Built target parallel
/home/ggml/work/llama.cpp/examples/llama-bench/llama-bench.cpp:376:41: warning: ‘std::vector<cmd_params_instance> get_cmd_params_instances_int(const cmd_params&, int, int)’ defined but not used [-Wunused-function]
  376 | static std::vector<cmd_params_instance> get_cmd_params_instances_int(const cmd_params & params, int n_gen, int n_prompt) {
      |                                         ^~~~~~~~~~~~~~~~~~~~~~~~~~~~
[ 92%] Built target speculative
[ 92%] Built target export-lora
[ 93%] Linking CXX executable ../bin/test-tokenizer-1-llama
[ 95%] Linking CXX executable ../../bin/main
[ 95%] Built target convert-llama2c-to-ggml
[ 95%] Built target train-text-from-scratch
[ 95%] Built target finetune
[ 95%] Built target perplexity
[ 96%] Linking CXX executable ../../bin/embd-input-test
[ 96%] Built target test-tokenizer-1-bpe
[ 96%] Built target main
[ 96%] Built target test-tokenizer-1-llama
[ 96%] Built target embd-input-test
In file included from /home/ggml/work/llama.cpp/tests/test-llama-grammar.cpp:5:
/home/ggml/work/llama.cpp/./llama.cpp:4244:13: warning: ‘bool llama_is_user_defined_token(const llama_vocab&, llama_token)’ defined but not used [-Wunused-function]
 4244 | static bool llama_is_user_defined_token(const llama_vocab& vocab, llama_token id) {
      |             ^~~~~~~~~~~~~~~~~~~~~~~~~~~
In file included from /home/ggml/work/llama.cpp/./llama.cpp:4,
                 from /home/ggml/work/llama.cpp/tests/test-llama-grammar.cpp:5:
/home/ggml/work/llama.cpp/./unicode.h:343:30: warning: ‘std::vector<unsigned int> codepoints_from_utf16(const std::vector<short unsigned int>&)’ defined but not used [-Wunused-function]
  343 | static std::vector<uint32_t> codepoints_from_utf16(const std::vector<uint16_t> & utf16) {
      |                              ^~~~~~~~~~~~~~~~~~~~~
/home/ggml/work/llama.cpp/./unicode.h:317:30: warning: ‘std::vector<short unsigned int> codepoints_to_utf16(const std::vector<unsigned int>&)’ defined but not used [-Wunused-function]
  317 | static std::vector<uint16_t> codepoints_to_utf16(const std::vector<uint32_t> & cps) {
      |                              ^~~~~~~~~~~~~~~~~~~
/home/ggml/work/llama.cpp/./unicode.h:251:20: warning: ‘std::string codepoints_to_utf8(const std::vector<unsigned int>&)’ defined but not used [-Wunused-function]
  251 | static std::string codepoints_to_utf8(const std::vector<uint32_t> & cps) {
      |                    ^~~~~~~~~~~~~~~~~~
cc1plus: note: unrecognized command-line option ‘-Wno-unused-function -Wno-array-bounds’ may have been intended to silence earlier diagnostics
[ 97%] Linking CXX executable ../../bin/llama-bench
[ 97%] Built target llama-bench
cc1plus: note: unrecognized command-line option ‘-Wno-unused-function -Wno-array-bounds’ may have been intended to silence earlier diagnostics
[ 98%] Linking CXX executable ../bin/test-llama-grammar
[ 98%] Built target test-llama-grammar
[100%] Linking CXX executable ../../bin/server
[100%] Built target server

real	0m35.849s
user	1m15.362s
sys	0m8.530s
+ tee -a /home/ggml/results/llama.cpp/ff/5a3f0c09dfa0a8e0bf76d1748df5c6dee0e8ff/ggml-1-arm64-cpu-low-perf/ctest_debug-ctest.log
+ ctest --output-on-failure -E test-opt
Test project /home/ggml/work/llama.cpp/build-ci-debug
      Start  1: test-quantize-fns
 1/12 Test  #1: test-quantize-fns ................   Passed    0.04 sec
      Start  2: test-quantize-perf
 2/12 Test  #2: test-quantize-perf ...............   Passed    0.29 sec
      Start  3: test-sampling
 3/12 Test  #3: test-sampling ....................   Passed    0.00 sec
      Start  4: test-tokenizer-0-llama
 4/12 Test  #4: test-tokenizer-0-llama ...........   Passed    0.06 sec
      Start  5: test-tokenizer-0-falcon
 5/12 Test  #5: test-tokenizer-0-falcon ..........   Passed    0.64 sec
      Start  6: test-tokenizer-1-llama
 6/12 Test  #6: test-tokenizer-1-llama ...........   Passed   11.07 sec
      Start  7: test-tokenizer-1-falcon
 7/12 Test  #7: test-tokenizer-1-falcon ..........   Passed   10.34 sec
      Start  8: test-tokenizer-1-aquila
 8/12 Test  #8: test-tokenizer-1-aquila ..........   Passed   12.28 sec
      Start  9: test-grammar-parser
 9/12 Test  #9: test-grammar-parser ..............   Passed    0.00 sec
      Start 10: test-llama-grammar
10/12 Test #10: test-llama-grammar ...............   Passed    0.00 sec
      Start 11: test-grad0
11/12 Test #11: test-grad0 .......................   Passed    5.99 sec
      Start 12: test-rope
12/12 Test #12: test-rope ........................   Passed    0.07 sec

100% tests passed, 0 tests failed out of 12

Total Test time (real) =  40.80 sec

real	0m40.820s
user	0m43.849s
sys	0m5.209s
+ set +e
+ cur=0
+ echo 0
+ set +x
+ gg_run_ctest_release
+ tee /home/ggml/results/llama.cpp/ff/5a3f0c09dfa0a8e0bf76d1748df5c6dee0e8ff/ggml-1-arm64-cpu-low-perf/ctest_release.log
+ cd /home/ggml/work/llama.cpp
+ rm -rf build-ci-release
+ mkdir build-ci-release
+ cd build-ci-release
+ set -e
+ tee -a /home/ggml/results/llama.cpp/ff/5a3f0c09dfa0a8e0bf76d1748df5c6dee0e8ff/ggml-1-arm64-cpu-low-perf/ctest_release-cmake.log
+ cmake -DCMAKE_BUILD_TYPE=Release ..
-- The C compiler identification is GNU 11.4.0
-- The CXX compiler identification is GNU 11.4.0
-- Detecting C compiler ABI info
-- Detecting C compiler ABI info - done
-- Check for working C compiler: /usr/bin/cc - skipped
-- Detecting C compile features
-- Detecting C compile features - done
-- Detecting CXX compiler ABI info
-- Detecting CXX compiler ABI info - done
-- Check for working CXX compiler: /usr/bin/c++ - skipped
-- Detecting CXX compile features
-- Detecting CXX compile features - done
-- Found Git: /usr/bin/git (found version "2.34.1") 
-- Looking for pthread.h
-- Looking for pthread.h - found
-- Performing Test CMAKE_HAVE_LIBC_PTHREAD
-- Performing Test CMAKE_HAVE_LIBC_PTHREAD - Success
-- Found Threads: TRUE  
-- CMAKE_SYSTEM_PROCESSOR: aarch64
-- ARM detected
-- Performing Test COMPILER_SUPPORTS_FP16_FORMAT_I3E
-- Performing Test COMPILER_SUPPORTS_FP16_FORMAT_I3E - Failed
-- Configuring done
-- Generating done
-- Build files have been written to: /home/ggml/work/llama.cpp/build-ci-release

real	0m0.729s
user	0m0.389s
sys	0m0.343s
+ tee -a /home/ggml/results/llama.cpp/ff/5a3f0c09dfa0a8e0bf76d1748df5c6dee0e8ff/ggml-1-arm64-cpu-low-perf/ctest_release-make.log
+ make -j
[  1%] Building C object CMakeFiles/ggml.dir/ggml-alloc.c.o
[  3%] Building C object CMakeFiles/ggml.dir/k_quants.c.o
[  3%] Building C object CMakeFiles/ggml.dir/ggml.c.o
[  4%] Built target BUILD_INFO
/home/ggml/work/llama.cpp/k_quants.c: In function ‘ggml_vec_dot_q2_K_q8_K’:
/home/ggml/work/llama.cpp/k_quants.c:1356:36: warning: missing braces around initializer [-Wmissing-braces]
 1356 |         const int16x8x2_t mins16 = {vreinterpretq_s16_u16(vmovl_u8(vget_low_u8(mins))), vreinterpretq_s16_u16(vmovl_u8(vget_high_u8(mins)))};
      |                                    ^
      |                                     {                                                                                                      }
/home/ggml/work/llama.cpp/k_quants.c: In function ‘ggml_vec_dot_q6_K_q8_K’:
/home/ggml/work/llama.cpp/k_quants.c:3717:38: warning: missing braces around initializer [-Wmissing-braces]
 3717 |         const int16x8x2_t q6scales = {vmovl_s8(vget_low_s8(scales)), vmovl_s8(vget_high_s8(scales))};
      |                                      ^
      |                                       {                                                            }
[  4%] Built target ggml
[  6%] Linking C static library libggml_static.a
[  7%] Building CXX object CMakeFiles/llama.dir/llama.cpp.o
[  7%] Built target ggml_static
/home/ggml/work/llama.cpp/llama.cpp:4244:13: warning: ‘bool llama_is_user_defined_token(const llama_vocab&, llama_token)’ defined but not used [-Wunused-function]
 4244 | static bool llama_is_user_defined_token(const llama_vocab& vocab, llama_token id) {
      |             ^~~~~~~~~~~~~~~~~~~~~~~~~~~
In file included from /home/ggml/work/llama.cpp/llama.cpp:4:
/home/ggml/work/llama.cpp/unicode.h:343:30: warning: ‘std::vector<unsigned int> codepoints_from_utf16(const std::vector<short unsigned int>&)’ defined but not used [-Wunused-function]
  343 | static std::vector<uint32_t> codepoints_from_utf16(const std::vector<uint16_t> & utf16) {
      |                              ^~~~~~~~~~~~~~~~~~~~~
/home/ggml/work/llama.cpp/unicode.h:317:30: warning: ‘std::vector<short unsigned int> codepoints_to_utf16(const std::vector<unsigned int>&)’ defined but not used [-Wunused-function]
  317 | static std::vector<uint16_t> codepoints_to_utf16(const std::vector<uint32_t> & cps) {
      |                              ^~~~~~~~~~~~~~~~~~~
/home/ggml/work/llama.cpp/unicode.h:251:20: warning: ‘std::string codepoints_to_utf8(const std::vector<unsigned int>&)’ defined but not used [-Wunused-function]
  251 | static std::string codepoints_to_utf8(const std::vector<uint32_t> & cps) {
      |                    ^~~~~~~~~~~~~~~~~~
cc1plus: note: unrecognized command-line option ‘-Wno-unused-function -Wno-array-bounds’ may have been intended to silence earlier diagnostics
[  8%] Linking CXX static library libllama.a
[  8%] Built target llama
[  9%] Building CXX object examples/quantize/CMakeFiles/quantize.dir/quantize.cpp.o
[ 11%] Building CXX object common/CMakeFiles/common.dir/console.cpp.o
[ 12%] Building C object tests/CMakeFiles/test-c.dir/test-c.c.o
[ 13%] Building CXX object common/CMakeFiles/common.dir/common.cpp.o
[ 14%] Building CXX object examples/benchmark/CMakeFiles/benchmark.dir/benchmark-matmult.cpp.o
[ 16%] Building CXX object common/CMakeFiles/common.dir/train.cpp.o
[ 17%] Building CXX object common/CMakeFiles/common.dir/grammar-parser.cpp.o
[ 18%] Building CXX object examples/quantize-stats/CMakeFiles/quantize-stats.dir/quantize-stats.cpp.o
[ 19%] Linking CXX executable ../bin/test-c
[ 19%] Built target test-c
/home/ggml/work/llama.cpp/common/grammar-parser.cpp:307:17: warning: ‘void grammar_parser::print_rule_binary(FILE*, const std::vector<llama_grammar_element>&)’ defined but not used [-Wunused-function]
  307 |     static void print_rule_binary(FILE * file, const std::vector<llama_grammar_element> & rule) {
      |                 ^~~~~~~~~~~~~~~~~
[ 20%] Linking CXX executable ../../bin/quantize
[ 20%] Built target quantize
[ 22%] Linking CXX executable ../../bin/benchmark
/home/ggml/work/llama.cpp/examples/quantize-stats/quantize-stats.cpp:135:13: warning: ‘bool tensor_is_contiguous(const ggml_tensor*)’ defined but not used [-Wunused-function]
  135 | static bool tensor_is_contiguous(const struct ggml_tensor * tensor) {
      |             ^~~~~~~~~~~~~~~~~~~~
[ 22%] Built target benchmark
cc1plus: note: unrecognized command-line option ‘-Wno-unused-function -Wno-array-bounds’ may have been intended to silence earlier diagnostics
cc1plus: note: unrecognized command-line option ‘-Wno-unused-function -Wno-array-bounds’ may have been intended to silence earlier diagnostics
[ 23%] Linking CXX executable ../../bin/quantize-stats
[ 23%] Built target quantize-stats
[ 23%] Built target common
[ 24%] Building CXX object tests/CMakeFiles/test-quantize-fns.dir/test-quantize-fns.cpp.o
[ 25%] Building CXX object tests/CMakeFiles/test-quantize-perf.dir/test-quantize-perf.cpp.o
[ 27%] Building CXX object tests/CMakeFiles/test-tokenizer-0-falcon.dir/test-tokenizer-0-falcon.cpp.o
[ 28%] Building CXX object tests/CMakeFiles/test-tokenizer-0-llama.dir/test-tokenizer-0-llama.cpp.o
[ 29%] Building CXX object tests/CMakeFiles/test-tokenizer-1-llama.dir/test-tokenizer-1-llama.cpp.o
[ 30%] Building CXX object tests/CMakeFiles/test-tokenizer-1-bpe.dir/test-tokenizer-1-bpe.cpp.o
[ 32%] Building CXX object tests/CMakeFiles/test-llama-grammar.dir/test-llama-grammar.cpp.o
[ 33%] Building CXX object tests/CMakeFiles/test-grammar-parser.dir/test-grammar-parser.cpp.o
[ 34%] Building CXX object tests/CMakeFiles/test-sampling.dir/test-sampling.cpp.o
[ 35%] Building CXX object examples/perplexity/CMakeFiles/perplexity.dir/perplexity.cpp.o
[ 37%] Building CXX object tests/CMakeFiles/test-grad0.dir/test-grad0.cpp.o
[ 38%] Building CXX object examples/main/CMakeFiles/main.dir/main.cpp.o
[ 39%] Building CXX object tests/CMakeFiles/test-rope.dir/test-rope.cpp.o
[ 40%] Building CXX object examples/save-load-state/CMakeFiles/save-load-state.dir/save-load-state.cpp.o
[ 41%] Building CXX object examples/embedding/CMakeFiles/embedding.dir/embedding.cpp.o
[ 43%] Building CXX object examples/baby-llama/CMakeFiles/baby-llama.dir/baby-llama.cpp.o
[ 44%] Building CXX object examples/train-text-from-scratch/CMakeFiles/train-text-from-scratch.dir/train-text-from-scratch.cpp.o
[ 45%] Building CXX object examples/convert-llama2c-to-ggml/CMakeFiles/convert-llama2c-to-ggml.dir/convert-llama2c-to-ggml.cpp.o
[ 46%] Building CXX object examples/finetune/CMakeFiles/finetune.dir/finetune.cpp.o
[ 48%] Building CXX object examples/batched/CMakeFiles/batched.dir/batched.cpp.o
[ 49%] Building CXX object examples/speculative/CMakeFiles/speculative.dir/speculative.cpp.o
[ 50%] Building CXX object examples/parallel/CMakeFiles/parallel.dir/parallel.cpp.o
[ 51%] Building CXX object examples/simple/CMakeFiles/simple.dir/simple.cpp.o
[ 53%] Building CXX object examples/embd-input/CMakeFiles/embdinput.dir/embd-input-lib.cpp.o
[ 54%] Building CXX object examples/llama-bench/CMakeFiles/llama-bench.dir/llama-bench.cpp.o
[ 55%] Building CXX object examples/beam-search/CMakeFiles/beam-search.dir/beam-search.cpp.o
[ 58%] Building CXX object examples/export-lora/CMakeFiles/export-lora.dir/export-lora.cpp.o
[ 56%] Building CXX object examples/server/CMakeFiles/server.dir/server.cpp.o
[ 60%] Building CXX object pocs/vdot/CMakeFiles/q8dot.dir/q8dot.cpp.o
[ 60%] Building CXX object pocs/vdot/CMakeFiles/vdot.dir/vdot.cpp.o
/home/ggml/work/llama.cpp/tests/test-grad0.cpp:211:13: warning: ‘void print_elements(const char*, const ggml_tensor*)’ defined but not used [-Wunused-function]
  211 | static void print_elements(const char* label, const struct ggml_tensor * t) {
      |             ^~~~~~~~~~~~~~
/home/ggml/work/llama.cpp/tests/test-rope.cpp:59:13: warning: ‘void get_random_dims(int64_t*, int)’ defined but not used [-Wunused-function]
   59 | static void get_random_dims(int64_t * dims, int ndims) {
      |             ^~~~~~~~~~~~~~~
cc1plus: note: unrecognized command-line option ‘-Wno-unused-function -Wno-array-bounds’ may have been intended to silence earlier diagnostics
[ 61%] Linking CXX executable ../bin/test-quantize-fns
[ 62%] Linking CXX executable ../bin/test-rope
/home/ggml/work/llama.cpp/examples/baby-llama/baby-llama.cpp:1429:29: warning: ‘ggml_tensor* cross_entropy_loss(ggml_context*, ggml_tensor*, ggml_tensor*)’ defined but not used [-Wunused-function]
 1429 | static struct ggml_tensor * cross_entropy_loss(
      |                             ^~~~~~~~~~~~~~~~~~
/home/ggml/work/llama.cpp/examples/baby-llama/baby-llama.cpp:1328:13: warning: ‘void print_row(ggml_tensor*, int)’ defined but not used [-Wunused-function]
 1328 | static void print_row(struct ggml_tensor * probs, int i) {
      |             ^~~~~~~~~
/home/ggml/work/llama.cpp/examples/baby-llama/baby-llama.cpp:998:29: warning: ‘ggml_tensor* forward_lora(llama_model_lora*, llama_kv_cache*, ggml_context*, ggml_cgraph*, ggml_tensor*, int, int)’ defined but not used [-Wunused-function]
  998 | static struct ggml_tensor * forward_lora(
      |                             ^~~~~~~~~~~~
/home/ggml/work/llama.cpp/examples/baby-llama/baby-llama.cpp:429:13: warning: ‘bool init_kv_cache_lora(llama_kv_cache*, llama_model_lora*, int)’ defined but not used [-Wunused-function]
  429 | static bool init_kv_cache_lora(struct llama_kv_cache* cache, struct llama_model_lora * model, int n_batch) {
      |             ^~~~~~~~~~~~~~~~~~
/home/ggml/work/llama.cpp/examples/baby-llama/baby-llama.cpp:358:13: warning: ‘void randomize_model_lora(llama_model_lora*, int, float, float, float, float)’ defined but not used [-Wunused-function]
  358 | static void randomize_model_lora(
      |             ^~~~~~~~~~~~~~~~~~~~
/home/ggml/work/llama.cpp/examples/baby-llama/baby-llama.cpp:296:13: warning: ‘void set_param_model_lora(llama_model_lora*)’ defined but not used [-Wunused-function]
  296 | static void set_param_model_lora(struct llama_model_lora * model) {
      |             ^~~~~~~~~~~~~~~~~~~~
/home/ggml/work/llama.cpp/examples/baby-llama/baby-llama.cpp:227:13: warning: ‘void init_model_lora(llama_model_lora*)’ defined but not used [-Wunused-function]
  227 | static void init_model_lora(struct llama_model_lora * model) {
      |             ^~~~~~~~~~~~~~~
/home/ggml/work/llama.cpp/examples/baby-llama/baby-llama.cpp:32:29: warning: ‘ggml_tensor* randomize_tensor(ggml_tensor*, int, const int64_t*, float, float)’ defined but not used [-Wunused-function]
   32 | static struct ggml_tensor * randomize_tensor(
      |                             ^~~~~~~~~~~~~~~~
[ 62%] Built target test-quantize-fns
[ 62%] Built target test-rope
[ 64%] Linking CXX executable ../bin/test-sampling
[ 65%] Linking CXX executable ../bin/test-grammar-parser
/home/ggml/work/llama.cpp/examples/convert-llama2c-to-ggml/convert-llama2c-to-ggml.cpp:906:20: warning: ‘std::string basename(const string&)’ defined but not used [-Wunused-function]
  906 | static std::string basename(const std::string &path) {
      |                    ^~~~~~~~
/home/ggml/work/llama.cpp/examples/convert-llama2c-to-ggml/convert-llama2c-to-ggml.cpp:447:20: warning: ‘std::string format(const char*, ...)’ defined but not used [-Wunused-function]
  447 | static std::string format(const char * fmt, ...) {
      |                    ^~~~~~
/home/ggml/work/llama.cpp/examples/convert-llama2c-to-ggml/convert-llama2c-to-ggml.cpp:429:13: warning: ‘void print_matrix(ggml_tensor*)’ defined but not used [-Wunused-function]
  429 | static void print_matrix(struct ggml_tensor * probs) {
      |             ^~~~~~~~~~~~
/home/ggml/work/llama.cpp/examples/convert-llama2c-to-ggml/convert-llama2c-to-ggml.cpp:421:13: warning: ‘void print_row(ggml_tensor*, int)’ defined but not used [-Wunused-function]
  421 | static void print_row(struct ggml_tensor * probs, int i) {
      |             ^~~~~~~~~
/home/ggml/work/llama.cpp/examples/convert-llama2c-to-ggml/convert-llama2c-to-ggml.cpp:416:16: warning: ‘int32_t get_i32_2d(ggml_tensor*, int64_t, int64_t)’ defined but not used [-Wunused-function]
  416 | static int32_t get_i32_2d(struct ggml_tensor * tensor, int64_t i0, int64_t i1) {
      |                ^~~~~~~~~~
/home/ggml/work/llama.cpp/examples/convert-llama2c-to-ggml/convert-llama2c-to-ggml.cpp:192:13: warning: ‘void print_sample_weights(TransformerWeights*)’ defined but not used [-Wunused-function]
  192 | static void print_sample_weights(TransformerWeights *w){
      |             ^~~~~~~~~~~~~~~~~~~~
[ 66%] Linking CXX executable ../../bin/q8dot
[ 66%] Built target test-sampling
[ 66%] Built target test-grammar-parser
[ 67%] Linking CXX executable ../../bin/vdot
[ 69%] Linking CXX executable ../../bin/embedding
cc1plus: note: unrecognized command-line option ‘-Wno-unused-function -Wno-array-bounds’ may have been intended to silence earlier diagnostics
[ 70%] Linking CXX executable ../../bin/save-load-state
[ 70%] Built target q8dot
[ 71%] Linking CXX executable ../../bin/baby-llama
[ 71%] Built target vdot
[ 72%] Linking CXX executable ../bin/test-quantize-perf
[ 72%] Built target embedding
[ 74%] Linking CXX executable ../../bin/beam-search
[ 74%] Built target save-load-state
[ 75%] Linking CXX executable ../../bin/simple
In file included from /home/ggml/work/llama.cpp/tests/test-tokenizer-1-llama.cpp:3:
/home/ggml/work/llama.cpp/./unicode.h:458:16: warning: ‘uint8_t unicode_to_bytes_bpe(const string&)’ defined but not used [-Wunused-function]
  458 | static uint8_t unicode_to_bytes_bpe(const std::string & utf8) {
      |                ^~~~~~~~~~~~~~~~~~~~
/home/ggml/work/llama.cpp/./unicode.h:429:20: warning: ‘std::string bytes_to_unicode_bpe(uint8_t)’ defined but not used [-Wunused-function]
  429 | static std::string bytes_to_unicode_bpe(uint8_t byte) {
      |                    ^~~~~~~~~~~~~~~~~~~~
/home/ggml/work/llama.cpp/./unicode.h:398:12: warning: ‘int codepoint_type(const string&)’ defined but not used [-Wunused-function]
  398 | static int codepoint_type(const std::string & utf8) {
      |            ^~~~~~~~~~~~~~
/home/ggml/work/llama.cpp/./unicode.h:343:30: warning: ‘std::vector<unsigned int> codepoints_from_utf16(const std::vector<short unsigned int>&)’ defined but not used [-Wunused-function]
  343 | static std::vector<uint32_t> codepoints_from_utf16(const std::vector<uint16_t> & utf16) {
      |                              ^~~~~~~~~~~~~~~~~~~~~
/home/ggml/work/llama.cpp/./unicode.h:317:30: warning: ‘std::vector<short unsigned int> codepoints_to_utf16(const std::vector<unsigned int>&)’ defined but not used [-Wunused-function]
  317 | static std::vector<uint16_t> codepoints_to_utf16(const std::vector<uint32_t> & cps) {
      |                              ^~~~~~~~~~~~~~~~~~~
/home/ggml/work/llama.cpp/./unicode.h:293:30: warning: ‘std::vector<unsigned int> codepoints_from_utf8(const string&)’ defined but not used [-Wunused-function]
  293 | static std::vector<uint32_t> codepoints_from_utf8(const std::string & utf8) {
      |                              ^~~~~~~~~~~~~~~~~~~~
/home/ggml/work/llama.cpp/./unicode.h:251:20: warning: ‘std::string codepoints_to_utf8(const std::vector<unsigned int>&)’ defined but not used [-Wunused-function]
  251 | static std::string codepoints_to_utf8(const std::vector<uint32_t> & cps) {
      |                    ^~~~~~~~~~~~~~~~~~
[ 75%] Built target baby-llama
In file included from /home/ggml/work/llama.cpp/tests/test-tokenizer-1-bpe.cpp:3:
/home/ggml/work/llama.cpp/./unicode.h:458:16: warning: ‘uint8_t unicode_to_bytes_bpe(const string&)’ defined but not used [-Wunused-function]
  458 | static uint8_t unicode_to_bytes_bpe(const std::string & utf8) {
      |                ^~~~~~~~~~~~~~~~~~~~
/home/ggml/work/llama.cpp/./unicode.h:429:20: warning: ‘std::string bytes_to_unicode_bpe(uint8_t)’ defined but not used [-Wunused-function]
  429 | static std::string bytes_to_unicode_bpe(uint8_t byte) {
      |                    ^~~~~~~~~~~~~~~~~~~~
/home/ggml/work/llama.cpp/./unicode.h:398:12: warning: ‘int codepoint_type(const string&)’ defined but not used [-Wunused-function]
  398 | static int codepoint_type(const std::string & utf8) {
      |            ^~~~~~~~~~~~~~
/home/ggml/work/llama.cpp/./unicode.h:343:30: warning: ‘std::vector<unsigned int> codepoints_from_utf16(const std::vector<short unsigned int>&)’ defined but not used [-Wunused-function]
  343 | static std::vector<uint32_t> codepoints_from_utf16(const std::vector<uint16_t> & utf16) {
      |                              ^~~~~~~~~~~~~~~~~~~~~
/home/ggml/work/llama.cpp/./unicode.h:317:30: warning: ‘std::vector<short unsigned int> codepoints_to_utf16(const std::vector<unsigned int>&)’ defined but not used [-Wunused-function]
  317 | static std::vector<uint16_t> codepoints_to_utf16(const std::vector<uint32_t> & cps) {
      |                              ^~~~~~~~~~~~~~~~~~~
/home/ggml/work/llama.cpp/./unicode.h:251:20: warning: ‘std::string codepoints_to_utf8(const std::vector<unsigned int>&)’ defined but not used [-Wunused-function]
  251 | static std::string codepoints_to_utf8(const std::vector<uint32_t> & cps) {
      |                    ^~~~~~~~~~~~~~~~~~
[ 75%] Built target test-quantize-perf
cc1plus: note: unrecognized command-line option ‘-Wno-unused-function -Wno-array-bounds’ may have been intended to silence earlier diagnostics
[ 75%] Built target beam-search
[ 76%] Linking CXX executable ../bin/test-grad0
cc1plus: note: unrecognized command-line option ‘-Wno-unused-function -Wno-array-bounds’ may have been intended to silence earlier diagnostics
[ 76%] Built target simple
[ 77%] Linking CXX executable ../../bin/batched
[ 79%] Linking CXX executable ../bin/test-tokenizer-1-llama
cc1plus: note: unrecognized command-line option ‘-Wno-unused-function -Wno-array-bounds’ may have been intended to silence earlier diagnostics
[ 79%] Built target test-grad0
[ 80%] Linking CXX executable ../bin/test-tokenizer-0-llama
[ 81%] Linking CXX executable ../bin/test-tokenizer-1-bpe
[ 82%] Linking CXX static library libembdinput.a
[ 83%] Linking CXX executable ../bin/test-tokenizer-0-falcon
[ 82%] Built target batched
[ 83%] Built target test-tokenizer-1-llama
[ 83%] Built target test-tokenizer-0-llama
[ 83%] Built target embdinput
[ 83%] Built target test-tokenizer-1-bpe
[ 85%] Linking CXX executable ../../bin/export-lora
[ 86%] Building CXX object examples/embd-input/CMakeFiles/embd-input-test.dir/embd-input-test.cpp.o
[ 86%] Built target test-tokenizer-0-falcon
[ 86%] Built target export-lora
/home/ggml/work/llama.cpp/examples/llama-bench/llama-bench.cpp:376:41: warning: ‘std::vector<cmd_params_instance> get_cmd_params_instances_int(const cmd_params&, int, int)’ defined but not used [-Wunused-function]
  376 | static std::vector<cmd_params_instance> get_cmd_params_instances_int(const cmd_params & params, int n_gen, int n_prompt) {
      |                                         ^~~~~~~~~~~~~~~~~~~~~~~~~~~~
cc1plus: note: unrecognized command-line option ‘-Wno-unused-function -Wno-array-bounds’ may have been intended to silence earlier diagnostics
[ 87%] Linking CXX executable ../../bin/parallel
[ 88%] Linking CXX executable ../../bin/convert-llama2c-to-ggml
[ 90%] Linking CXX executable ../../bin/train-text-from-scratch
[ 91%] Linking CXX executable ../../bin/perplexity
[ 92%] Linking CXX executable ../../bin/speculative
[ 92%] Built target parallel
[ 92%] Built target convert-llama2c-to-ggml
[ 92%] Built target train-text-from-scratch
[ 92%] Built target perplexity
[ 93%] Linking CXX executable ../../bin/embd-input-test
[ 93%] Built target speculative
[ 93%] Built target embd-input-test
[ 95%] Linking CXX executable ../../bin/finetune
[ 95%] Built target finetune
In file included from /home/ggml/work/llama.cpp/tests/test-llama-grammar.cpp:5:
/home/ggml/work/llama.cpp/./llama.cpp:4244:13: warning: ‘bool llama_is_user_defined_token(const llama_vocab&, llama_token)’ defined but not used [-Wunused-function]
 4244 | static bool llama_is_user_defined_token(const llama_vocab& vocab, llama_token id) {
      |             ^~~~~~~~~~~~~~~~~~~~~~~~~~~
In file included from /home/ggml/work/llama.cpp/./llama.cpp:4,
                 from /home/ggml/work/llama.cpp/tests/test-llama-grammar.cpp:5:
/home/ggml/work/llama.cpp/./unicode.h:343:30: warning: ‘std::vector<unsigned int> codepoints_from_utf16(const std::vector<short unsigned int>&)’ defined but not used [-Wunused-function]
  343 | static std::vector<uint32_t> codepoints_from_utf16(const std::vector<uint16_t> & utf16) {
      |                              ^~~~~~~~~~~~~~~~~~~~~
/home/ggml/work/llama.cpp/./unicode.h:317:30: warning: ‘std::vector<short unsigned int> codepoints_to_utf16(const std::vector<unsigned int>&)’ defined but not used [-Wunused-function]
  317 | static std::vector<uint16_t> codepoints_to_utf16(const std::vector<uint32_t> & cps) {
      |                              ^~~~~~~~~~~~~~~~~~~
/home/ggml/work/llama.cpp/./unicode.h:251:20: warning: ‘std::string codepoints_to_utf8(const std::vector<unsigned int>&)’ defined but not used [-Wunused-function]
  251 | static std::string codepoints_to_utf8(const std::vector<uint32_t> & cps) {
      |                    ^~~~~~~~~~~~~~~~~~
[ 96%] Linking CXX executable ../../bin/main
[ 96%] Built target main
cc1plus: note: unrecognized command-line option ‘-Wno-unused-function -Wno-array-bounds’ may have been intended to silence earlier diagnostics
[ 97%] Linking CXX executable ../../bin/llama-bench
[ 97%] Built target llama-bench
cc1plus: note: unrecognized command-line option ‘-Wno-unused-function -Wno-array-bounds’ may have been intended to silence earlier diagnostics
[ 98%] Linking CXX executable ../bin/test-llama-grammar
[ 98%] Built target test-llama-grammar
[100%] Linking CXX executable ../../bin/server
[100%] Built target server

real	0m56.449s
user	1m49.532s
sys	0m6.629s
+ '[' -z 1 ']'
+ tee -a /home/ggml/results/llama.cpp/ff/5a3f0c09dfa0a8e0bf76d1748df5c6dee0e8ff/ggml-1-arm64-cpu-low-perf/ctest_release-ctest.log
+ ctest --output-on-failure -E test-opt
Test project /home/ggml/work/llama.cpp/build-ci-release
      Start  1: test-quantize-fns
 1/12 Test  #1: test-quantize-fns ................   Passed    0.01 sec
      Start  2: test-quantize-perf
 2/12 Test  #2: test-quantize-perf ...............   Passed    0.05 sec
      Start  3: test-sampling
 3/12 Test  #3: test-sampling ....................   Passed    0.00 sec
      Start  4: test-tokenizer-0-llama
 4/12 Test  #4: test-tokenizer-0-llama ...........   Passed    0.02 sec
      Start  5: test-tokenizer-0-falcon
 5/12 Test  #5: test-tokenizer-0-falcon ..........   Passed    0.20 sec
      Start  6: test-tokenizer-1-llama
 6/12 Test  #6: test-tokenizer-1-llama ...........   Passed    3.03 sec
      Start  7: test-tokenizer-1-falcon
 7/12 Test  #7: test-tokenizer-1-falcon ..........   Passed    2.23 sec
      Start  8: test-tokenizer-1-aquila
 8/12 Test  #8: test-tokenizer-1-aquila ..........   Passed    2.85 sec
      Start  9: test-grammar-parser
 9/12 Test  #9: test-grammar-parser ..............   Passed    0.00 sec
      Start 10: test-llama-grammar
10/12 Test #10: test-llama-grammar ...............   Passed    0.00 sec
      Start 11: test-grad0
11/12 Test #11: test-grad0 .......................   Passed    6.13 sec
      Start 12: test-rope
12/12 Test #12: test-rope ........................   Passed    0.05 sec

100% tests passed, 0 tests failed out of 12

Total Test time (real) =  14.60 sec

real	0m14.613s
user	0m17.324s
sys	0m5.674s
+ set +e
+ cur=0
+ echo 0
+ set +x
