+ gg_run_ctest_debug
+ cd /home/ggml/work/llama.cpp
+ tee /home/ggml/results/llama.cpp/62/35c62ac952f64cf0fd940056eafb97b1bae402/ggml-0-x86-cpu-low-perf/ctest_debug.log
+ rm -rf build-ci-debug
+ mkdir build-ci-debug
+ cd build-ci-debug
+ set -e
+ gg_check_build_requirements
+ command -v cmake
+ command -v make
+ command -v ctest
+ tee -a /home/ggml/results/llama.cpp/62/35c62ac952f64cf0fd940056eafb97b1bae402/ggml-0-x86-cpu-low-perf/ctest_debug-cmake.log
+ cmake -DCMAKE_BUILD_TYPE=Debug -DLLAMA_FATAL_WARNINGS=ON ..
-- The C compiler identification is GNU 11.4.0
-- The CXX compiler identification is GNU 11.4.0
-- Detecting C compiler ABI info
-- Detecting C compiler ABI info - done
-- Check for working C compiler: /usr/bin/cc - skipped
-- Detecting C compile features
-- Detecting C compile features - done
-- Detecting CXX compiler ABI info
-- Detecting CXX compiler ABI info - done
-- Check for working CXX compiler: /usr/bin/c++ - skipped
-- Detecting CXX compile features
-- Detecting CXX compile features - done
-- Found Git: /usr/bin/git (found version "2.34.1") 
-- Performing Test CMAKE_HAVE_LIBC_PTHREAD
-- Performing Test CMAKE_HAVE_LIBC_PTHREAD - Success
-- Found Threads: TRUE  
-- Found OpenMP_C: -fopenmp (found version "4.5") 
-- Found OpenMP_CXX: -fopenmp (found version "4.5") 
-- Found OpenMP: TRUE (found version "4.5")  
-- OpenMP found
-- Using llamafile
-- ccache found, compilation results will be cached. Disable with GGML_CCACHE=OFF.
-- CMAKE_SYSTEM_PROCESSOR: x86_64
-- x86 detected
-- Configuring done (0.6s)
-- Generating done (0.1s)
-- Build files have been written to: /home/ggml/work/llama.cpp/build-ci-debug

real	0m0.708s
user	0m0.547s
sys	0m0.163s
+ tee -a /home/ggml/results/llama.cpp/62/35c62ac952f64cf0fd940056eafb97b1bae402/ggml-0-x86-cpu-low-perf/ctest_debug-make.log
++ nproc
+ make -j4
[  0%] Generating build details from Git
[  0%] Building C object ggml/src/CMakeFiles/ggml.dir/ggml.c.o
[  1%] Building C object examples/gguf-hash/CMakeFiles/xxhash.dir/deps/xxhash/xxhash.c.o
[  2%] Building C object examples/gguf-hash/CMakeFiles/sha256.dir/deps/sha256/sha256.c.o
-- Found Git: /usr/bin/git (found version "2.34.1") 
[  2%] Built target sha256
[  2%] Built target xxhash
[  3%] Building C object ggml/src/CMakeFiles/ggml.dir/ggml-alloc.c.o
[  3%] Building C object ggml/src/CMakeFiles/ggml.dir/ggml-backend.c.o
[  3%] Building C object examples/gguf-hash/CMakeFiles/sha1.dir/deps/sha1/sha1.c.o
[  4%] Building C object ggml/src/CMakeFiles/ggml.dir/ggml-quants.c.o
[  4%] Building CXX object ggml/src/CMakeFiles/ggml.dir/llamafile/sgemm.cpp.o
[  4%] Built target sha1
[  5%] Building C object ggml/src/CMakeFiles/ggml.dir/ggml-aarch64.c.o
[  6%] Building CXX object common/CMakeFiles/build_info.dir/build-info.cpp.o
[  7%] Linking CXX shared library libggml.so
[  7%] Built target build_info
[  7%] Built target ggml
[  7%] Building CXX object src/CMakeFiles/llama.dir/llama.cpp.o
[  8%] Building CXX object examples/gguf-hash/CMakeFiles/llama-gguf-hash.dir/gguf-hash.cpp.o
[  8%] Building CXX object src/CMakeFiles/llama.dir/llama-vocab.cpp.o
[  8%] Building CXX object examples/gguf/CMakeFiles/llama-gguf.dir/gguf.cpp.o
[ 10%] Linking CXX executable ../../bin/llama-gguf
[ 10%] Linking CXX executable ../../bin/llama-gguf-hash
[ 10%] Built target llama-gguf-hash
[ 10%] Built target llama-gguf
[ 11%] Building CXX object src/CMakeFiles/llama.dir/llama-sampling.cpp.o
[ 11%] Building CXX object src/CMakeFiles/llama.dir/llama-grammar.cpp.o
[ 11%] Building CXX object src/CMakeFiles/llama.dir/unicode.cpp.o
[ 12%] Building CXX object src/CMakeFiles/llama.dir/unicode-data.cpp.o
[ 12%] Linking CXX shared library libllama.so
[ 12%] Built target llama
[ 12%] Building C object tests/CMakeFiles/test-c.dir/test-c.c.o
[ 12%] Building CXX object common/CMakeFiles/common.dir/arg.cpp.o
[ 12%] Building CXX object examples/benchmark/CMakeFiles/llama-bench-matmult.dir/benchmark-matmult.cpp.o
[ 12%] Building CXX object examples/llava/CMakeFiles/llava.dir/llava.cpp.o
[ 13%] Linking C executable ../bin/test-c
[ 13%] Built target test-c
[ 13%] Building CXX object examples/quantize-stats/CMakeFiles/llama-quantize-stats.dir/quantize-stats.cpp.o
[ 14%] Building CXX object examples/llava/CMakeFiles/llava.dir/clip.cpp.o
[ 14%] Built target llava
[ 15%] Linking CXX static library libllava_static.a
[ 15%] Built target llava_static
[ 15%] Linking CXX shared library libllava_shared.so
[ 15%] Built target llava_shared
[ 16%] Building CXX object common/CMakeFiles/common.dir/common.cpp.o
[ 17%] Linking CXX executable ../../bin/llama-bench-matmult
[ 17%] Built target llama-bench-matmult
[ 17%] Building CXX object common/CMakeFiles/common.dir/console.cpp.o
[ 18%] Building CXX object common/CMakeFiles/common.dir/json-schema-to-grammar.cpp.o
[ 18%] Building CXX object common/CMakeFiles/common.dir/log.cpp.o
[ 19%] Building CXX object common/CMakeFiles/common.dir/ngram-cache.cpp.o
[ 20%] Building CXX object common/CMakeFiles/common.dir/sampling.cpp.o
[ 20%] Building CXX object common/CMakeFiles/common.dir/train.cpp.o
[ 21%] Linking CXX executable ../../bin/llama-quantize-stats
[ 21%] Built target llama-quantize-stats
[ 22%] Linking CXX static library libcommon.a
[ 22%] Built target common
[ 22%] Building CXX object tests/CMakeFiles/test-log.dir/test-log.cpp.o
[ 22%] Building CXX object tests/CMakeFiles/test-tokenizer-0.dir/test-tokenizer-0.cpp.o
[ 22%] Building CXX object tests/CMakeFiles/test-tokenizer-1-bpe.dir/test-tokenizer-1-bpe.cpp.o
[ 22%] Building CXX object tests/CMakeFiles/test-tokenizer-1-spm.dir/test-tokenizer-1-spm.cpp.o
[ 23%] Building CXX object tests/CMakeFiles/test-log.dir/get-model.cpp.o
[ 23%] Linking CXX executable ../bin/test-log
[ 23%] Built target test-log
[ 23%] Building CXX object tests/CMakeFiles/test-arg-parser.dir/test-arg-parser.cpp.o
[ 24%] Linking CXX executable ../bin/test-tokenizer-1-spm
[ 25%] Linking CXX executable ../bin/test-tokenizer-1-bpe
[ 26%] Linking CXX executable ../bin/test-tokenizer-0
[ 26%] Built target test-tokenizer-1-spm
[ 27%] Building CXX object tests/CMakeFiles/test-quantize-fns.dir/test-quantize-fns.cpp.o
[ 27%] Building CXX object tests/CMakeFiles/test-quantize-fns.dir/get-model.cpp.o
[ 28%] Linking CXX executable ../bin/test-quantize-fns
[ 28%] Built target test-tokenizer-1-bpe
[ 28%] Building CXX object tests/CMakeFiles/test-quantize-perf.dir/test-quantize-perf.cpp.o
[ 29%] Building CXX object tests/CMakeFiles/test-quantize-perf.dir/get-model.cpp.o
[ 29%] Linking CXX executable ../bin/test-quantize-perf
[ 29%] Built target test-tokenizer-0
[ 29%] Built target test-quantize-fns
[ 30%] Building CXX object tests/CMakeFiles/test-sampling.dir/test-sampling.cpp.o
[ 30%] Building CXX object tests/CMakeFiles/test-chat-template.dir/test-chat-template.cpp.o
[ 31%] Building CXX object tests/CMakeFiles/test-arg-parser.dir/get-model.cpp.o
[ 31%] Built target test-quantize-perf
[ 32%] Linking CXX executable ../bin/test-arg-parser
[ 32%] Building CXX object tests/CMakeFiles/test-grammar-parser.dir/test-grammar-parser.cpp.o
[ 32%] Built target test-arg-parser
[ 33%] Building CXX object tests/CMakeFiles/test-chat-template.dir/get-model.cpp.o
[ 34%] Building CXX object tests/CMakeFiles/test-llama-grammar.dir/test-llama-grammar.cpp.o
[ 34%] Linking CXX executable ../bin/test-chat-template
[ 35%] Building CXX object tests/CMakeFiles/test-grammar-parser.dir/get-model.cpp.o
[ 35%] Linking CXX executable ../bin/test-grammar-parser
[ 35%] Building CXX object tests/CMakeFiles/test-sampling.dir/get-model.cpp.o
[ 35%] Built target test-chat-template
[ 36%] Linking CXX executable ../bin/test-sampling
[ 37%] Building CXX object tests/CMakeFiles/test-grammar-integration.dir/test-grammar-integration.cpp.o
[ 37%] Built target test-grammar-parser
[ 38%] Building CXX object tests/CMakeFiles/test-grad0.dir/test-grad0.cpp.o
[ 38%] Building CXX object tests/CMakeFiles/test-grad0.dir/get-model.cpp.o
[ 39%] Linking CXX executable ../bin/test-grad0
[ 39%] Built target test-sampling
[ 39%] Building CXX object tests/CMakeFiles/test-barrier.dir/test-barrier.cpp.o
[ 40%] Building CXX object tests/CMakeFiles/test-barrier.dir/get-model.cpp.o
[ 41%] Linking CXX executable ../bin/test-barrier
[ 41%] Built target test-grad0
[ 42%] Building CXX object tests/CMakeFiles/test-backend-ops.dir/test-backend-ops.cpp.o
[ 42%] Building CXX object tests/CMakeFiles/test-backend-ops.dir/get-model.cpp.o
[ 43%] Linking CXX executable ../bin/test-backend-ops
[ 43%] Built target test-barrier
[ 44%] Building CXX object tests/CMakeFiles/test-rope.dir/test-rope.cpp.o
[ 44%] Building CXX object tests/CMakeFiles/test-rope.dir/get-model.cpp.o
[ 45%] Linking CXX executable ../bin/test-rope
[ 45%] Built target test-rope
[ 45%] Built target test-backend-ops
[ 46%] Building CXX object tests/CMakeFiles/test-model-load-cancel.dir/test-model-load-cancel.cpp.o
[ 46%] Building CXX object tests/CMakeFiles/test-autorelease.dir/test-autorelease.cpp.o
[ 46%] Building CXX object tests/CMakeFiles/test-model-load-cancel.dir/get-model.cpp.o
[ 47%] Linking CXX executable ../bin/test-model-load-cancel
[ 47%] Built target test-model-load-cancel
[ 48%] Building CXX object tests/CMakeFiles/test-json-schema-to-grammar.dir/test-json-schema-to-grammar.cpp.o
[ 48%] Building CXX object tests/CMakeFiles/test-llama-grammar.dir/get-model.cpp.o
[ 49%] Linking CXX executable ../bin/test-llama-grammar
[ 50%] Building CXX object tests/CMakeFiles/test-autorelease.dir/get-model.cpp.o
[ 50%] Linking CXX executable ../bin/test-autorelease
[ 50%] Built target test-autorelease
[ 50%] Built target test-llama-grammar
[ 51%] Building CXX object examples/cvector-generator/CMakeFiles/llama-cvector-generator.dir/cvector-generator.cpp.o
[ 52%] Building CXX object examples/baby-llama/CMakeFiles/llama-baby-llama.dir/baby-llama.cpp.o
[ 53%] Linking CXX executable ../../bin/llama-baby-llama
[ 53%] Built target llama-baby-llama
[ 53%] Building CXX object examples/batched-bench/CMakeFiles/llama-batched-bench.dir/batched-bench.cpp.o
[ 53%] Linking CXX executable ../../bin/llama-cvector-generator
[ 54%] Linking CXX executable ../../bin/llama-batched-bench
[ 54%] Built target llama-cvector-generator
[ 54%] Building CXX object examples/batched/CMakeFiles/llama-batched.dir/batched.cpp.o
[ 54%] Built target llama-batched-bench
[ 55%] Building CXX object examples/convert-llama2c-to-ggml/CMakeFiles/llama-convert-llama2c-to-ggml.dir/convert-llama2c-to-ggml.cpp.o
[ 56%] Linking CXX executable ../../bin/llama-batched
[ 56%] Building CXX object tests/CMakeFiles/test-grammar-integration.dir/get-model.cpp.o
[ 57%] Linking CXX executable ../bin/test-grammar-integration
[ 57%] Built target test-grammar-integration
[ 58%] Building CXX object examples/embedding/CMakeFiles/llama-embedding.dir/embedding.cpp.o
[ 58%] Built target llama-batched
[ 59%] Building CXX object examples/eval-callback/CMakeFiles/llama-eval-callback.dir/eval-callback.cpp.o
[ 59%] Linking CXX executable ../../bin/llama-convert-llama2c-to-ggml
[ 59%] Built target llama-convert-llama2c-to-ggml
[ 59%] Building CXX object examples/export-lora/CMakeFiles/llama-export-lora.dir/export-lora.cpp.o
[ 59%] Linking CXX executable ../../bin/llama-embedding
[ 60%] Linking CXX executable ../../bin/llama-eval-callback
[ 60%] Built target llama-eval-callback
[ 60%] Built target llama-embedding
[ 60%] Building CXX object tests/CMakeFiles/test-json-schema-to-grammar.dir/get-model.cpp.o
[ 60%] Building CXX object examples/gbnf-validator/CMakeFiles/llama-gbnf-validator.dir/gbnf-validator.cpp.o
[ 61%] Building CXX object examples/gguf-split/CMakeFiles/llama-gguf-split.dir/gguf-split.cpp.o
[ 62%] Linking CXX executable ../../bin/llama-export-lora
[ 63%] Linking CXX executable ../bin/test-json-schema-to-grammar
[ 64%] Linking CXX executable ../../bin/llama-gbnf-validator
[ 64%] Built target llama-export-lora
[ 65%] Building CXX object examples/gritlm/CMakeFiles/llama-gritlm.dir/gritlm.cpp.o
[ 65%] Built target llama-gbnf-validator
[ 66%] Building CXX object examples/imatrix/CMakeFiles/llama-imatrix.dir/imatrix.cpp.o
[ 66%] Linking CXX executable ../../bin/llama-gguf-split
[ 66%] Built target test-json-schema-to-grammar
[ 67%] Building CXX object examples/infill/CMakeFiles/llama-infill.dir/infill.cpp.o
[ 67%] Built target llama-gguf-split
[ 67%] Building CXX object examples/llama-bench/CMakeFiles/llama-bench.dir/llama-bench.cpp.o
[ 67%] Linking CXX executable ../../bin/llama-gritlm
[ 67%] Linking CXX executable ../../bin/llama-infill
[ 67%] Built target llama-gritlm
[ 68%] Building CXX object examples/llava/CMakeFiles/llama-llava-cli.dir/llava-cli.cpp.o
[ 68%] Built target llama-infill
[ 69%] Building CXX object examples/llava/CMakeFiles/llama-minicpmv-cli.dir/minicpmv-cli.cpp.o
[ 69%] Linking CXX executable ../../bin/llama-imatrix
[ 70%] Linking CXX executable ../../bin/llama-llava-cli
[ 70%] Built target llama-imatrix
[ 70%] Building CXX object examples/lookahead/CMakeFiles/llama-lookahead.dir/lookahead.cpp.o
[ 70%] Linking CXX executable ../../bin/llama-minicpmv-cli
[ 70%] Built target llama-llava-cli
[ 70%] Building CXX object examples/lookup/CMakeFiles/llama-lookup.dir/lookup.cpp.o
[ 71%] Linking CXX executable ../../bin/llama-lookahead
[ 71%] Built target llama-minicpmv-cli
[ 71%] Building CXX object examples/lookup/CMakeFiles/llama-lookup-create.dir/lookup-create.cpp.o
[ 72%] Linking CXX executable ../../bin/llama-lookup
[ 72%] Built target llama-lookahead
[ 72%] Building CXX object examples/lookup/CMakeFiles/llama-lookup-merge.dir/lookup-merge.cpp.o
[ 73%] Linking CXX executable ../../bin/llama-lookup-create
[ 73%] Built target llama-lookup
[ 74%] Building CXX object examples/lookup/CMakeFiles/llama-lookup-stats.dir/lookup-stats.cpp.o
[ 75%] Linking CXX executable ../../bin/llama-lookup-merge
[ 75%] Built target llama-lookup-merge
[ 76%] Building CXX object examples/main/CMakeFiles/llama-cli.dir/main.cpp.o
[ 76%] Built target llama-lookup-create
[ 77%] Building CXX object examples/parallel/CMakeFiles/llama-parallel.dir/parallel.cpp.o
[ 78%] Linking CXX executable ../../bin/llama-bench
[ 78%] Linking CXX executable ../../bin/llama-lookup-stats
[ 78%] Built target llama-bench
[ 79%] Building CXX object examples/passkey/CMakeFiles/llama-passkey.dir/passkey.cpp.o
[ 79%] Built target llama-lookup-stats
[ 80%] Building CXX object examples/perplexity/CMakeFiles/llama-perplexity.dir/perplexity.cpp.o
[ 80%] Linking CXX executable ../../bin/llama-parallel
[ 80%] Linking CXX executable ../../bin/llama-cli
[ 80%] Linking CXX executable ../../bin/llama-passkey
[ 80%] Built target llama-cli
[ 80%] Built target llama-parallel
[ 80%] Building CXX object examples/quantize/CMakeFiles/llama-quantize.dir/quantize.cpp.o
[ 80%] Building CXX object examples/retrieval/CMakeFiles/llama-retrieval.dir/retrieval.cpp.o
[ 80%] Built target llama-passkey
[ 81%] Generating theme-snowstorm.css.hpp
[ 82%] Generating colorthemes.css.hpp
[ 83%] Generating completion.js.hpp
[ 84%] Generating index-new.html.hpp
[ 84%] Generating index.html.hpp
[ 84%] Generating index.js.hpp
[ 84%] Generating json-schema-to-grammar.mjs.hpp
[ 85%] Generating loading.html.hpp
[ 86%] Generating prompt-formats.js.hpp
[ 86%] Generating style.css.hpp
[ 86%] Generating system-prompts.js.hpp
[ 87%] Generating theme-beeninorder.css.hpp
[ 87%] Generating theme-ketivah.css.hpp
[ 88%] Generating theme-mangotango.css.hpp
[ 88%] Generating theme-playground.css.hpp
[ 89%] Generating theme-polarnight.css.hpp
[ 90%] Building CXX object examples/server/CMakeFiles/llama-server.dir/server.cpp.o
[ 91%] Linking CXX executable ../../bin/llama-quantize
[ 92%] Linking CXX executable ../../bin/llama-retrieval
[ 92%] Built target llama-quantize
[ 93%] Building CXX object examples/save-load-state/CMakeFiles/llama-save-load-state.dir/save-load-state.cpp.o
[ 94%] Linking CXX executable ../../bin/llama-perplexity
[ 94%] Built target llama-retrieval
[ 95%] Building CXX object examples/simple/CMakeFiles/llama-simple.dir/simple.cpp.o
[ 95%] Linking CXX executable ../../bin/llama-save-load-state
[ 95%] Built target llama-perplexity
[ 96%] Building CXX object examples/speculative/CMakeFiles/llama-speculative.dir/speculative.cpp.o
[ 96%] Linking CXX executable ../../bin/llama-simple
[ 96%] Built target llama-save-load-state
[ 97%] Building CXX object examples/tokenize/CMakeFiles/llama-tokenize.dir/tokenize.cpp.o
[ 97%] Built target llama-simple
[ 98%] Building CXX object pocs/vdot/CMakeFiles/llama-vdot.dir/vdot.cpp.o
[ 99%] Linking CXX executable ../../bin/llama-vdot
[ 99%] Built target llama-vdot
[ 99%] Building CXX object pocs/vdot/CMakeFiles/llama-q8dot.dir/q8dot.cpp.o
[100%] Linking CXX executable ../../bin/llama-q8dot
[100%] Built target llama-q8dot
[100%] Linking CXX executable ../../bin/llama-tokenize
[100%] Built target llama-tokenize
[100%] Linking CXX executable ../../bin/llama-speculative
[100%] Built target llama-speculative
[100%] Linking CXX executable ../../bin/llama-server
[100%] Built target llama-server

real	0m48.272s
user	2m0.418s
sys	0m11.057s
+ tee -a /home/ggml/results/llama.cpp/62/35c62ac952f64cf0fd940056eafb97b1bae402/ggml-0-x86-cpu-low-perf/ctest_debug-ctest.log
+ ctest --output-on-failure -L main -E test-opt
Test project /home/ggml/work/llama.cpp/build-ci-debug
      Start  1: test-tokenizer-0-bert-bge
 1/28 Test  #1: test-tokenizer-0-bert-bge .........   Passed    0.08 sec
      Start  2: test-tokenizer-0-command-r
 2/28 Test  #2: test-tokenizer-0-command-r ........   Passed    1.88 sec
      Start  3: test-tokenizer-0-deepseek-coder
 3/28 Test  #3: test-tokenizer-0-deepseek-coder ...   Passed    0.24 sec
      Start  4: test-tokenizer-0-deepseek-llm
 4/28 Test  #4: test-tokenizer-0-deepseek-llm .....   Passed    0.72 sec
      Start  5: test-tokenizer-0-falcon
 5/28 Test  #5: test-tokenizer-0-falcon ...........   Passed    0.42 sec
      Start  6: test-tokenizer-0-gpt-2
 6/28 Test  #6: test-tokenizer-0-gpt-2 ............   Passed    0.31 sec
      Start  7: test-tokenizer-0-llama-bpe
 7/28 Test  #7: test-tokenizer-0-llama-bpe ........   Passed    1.28 sec
      Start  8: test-tokenizer-0-llama-spm
 8/28 Test  #8: test-tokenizer-0-llama-spm ........   Passed    0.08 sec
      Start  9: test-tokenizer-0-mpt
 9/28 Test  #9: test-tokenizer-0-mpt ..............   Passed    0.32 sec
      Start 10: test-tokenizer-0-phi-3
10/28 Test #10: test-tokenizer-0-phi-3 ............   Passed    0.08 sec
      Start 11: test-tokenizer-0-qwen2
11/28 Test #11: test-tokenizer-0-qwen2 ............   Passed    1.06 sec
      Start 12: test-tokenizer-0-refact
12/28 Test #12: test-tokenizer-0-refact ...........   Passed    0.31 sec
      Start 13: test-tokenizer-0-starcoder
13/28 Test #13: test-tokenizer-0-starcoder ........   Passed    0.32 sec
      Start 14: test-tokenizer-1-llama-spm
14/28 Test #14: test-tokenizer-1-llama-spm ........   Passed    2.07 sec
      Start 15: test-log
15/28 Test #15: test-log ..........................   Passed    0.02 sec
      Start 16: test-arg-parser
16/28 Test #16: test-arg-parser ...................   Passed    0.02 sec
      Start 17: test-quantize-fns
17/28 Test #17: test-quantize-fns .................   Passed   31.08 sec
      Start 18: test-quantize-perf
18/28 Test #18: test-quantize-perf ................   Passed    9.23 sec
      Start 19: test-sampling
19/28 Test #19: test-sampling .....................   Passed    7.63 sec
      Start 20: test-chat-template
20/28 Test #20: test-chat-template ................   Passed    0.00 sec
      Start 21: test-grammar-parser
21/28 Test #21: test-grammar-parser ...............   Passed    0.00 sec
      Start 22: test-llama-grammar
22/28 Test #22: test-llama-grammar ................   Passed    0.00 sec
      Start 23: test-grammar-integration
23/28 Test #23: test-grammar-integration ..........   Passed    0.03 sec
      Start 24: test-grad0
24/28 Test #24: test-grad0 ........................   Passed    0.58 sec
      Start 25: test-barrier
25/28 Test #25: test-barrier ......................   Passed    2.12 sec
      Start 26: test-backend-ops
26/28 Test #26: test-backend-ops ..................   Passed    0.00 sec
      Start 27: test-rope
27/28 Test #27: test-rope .........................   Passed    0.06 sec
      Start 30: test-json-schema-to-grammar
28/28 Test #30: test-json-schema-to-grammar .......   Passed    0.04 sec

100% tests passed, 0 tests failed out of 28

Label Time Summary:
main    =  60.01 sec*proc (28 tests)

Total Test time (real) =  60.02 sec

real	1m0.047s
user	1m12.229s
sys	0m0.424s
+ set +e
+ cur=0
+ echo 0
+ set +x
+ gg_run_ctest_release
+ cd /home/ggml/work/llama.cpp
+ rm -rf build-ci-release
+ tee /home/ggml/results/llama.cpp/62/35c62ac952f64cf0fd940056eafb97b1bae402/ggml-0-x86-cpu-low-perf/ctest_release.log
+ mkdir build-ci-release
+ cd build-ci-release
+ set -e
+ gg_check_build_requirements
+ command -v cmake
+ command -v make
+ command -v ctest
+ tee -a /home/ggml/results/llama.cpp/62/35c62ac952f64cf0fd940056eafb97b1bae402/ggml-0-x86-cpu-low-perf/ctest_release-cmake.log
+ cmake -DCMAKE_BUILD_TYPE=Release -DLLAMA_FATAL_WARNINGS=ON ..
-- The C compiler identification is GNU 11.4.0
-- The CXX compiler identification is GNU 11.4.0
-- Detecting C compiler ABI info
-- Detecting C compiler ABI info - done
-- Check for working C compiler: /usr/bin/cc - skipped
-- Detecting C compile features
-- Detecting C compile features - done
-- Detecting CXX compiler ABI info
-- Detecting CXX compiler ABI info - done
-- Check for working CXX compiler: /usr/bin/c++ - skipped
-- Detecting CXX compile features
-- Detecting CXX compile features - done
-- Found Git: /usr/bin/git (found version "2.34.1") 
-- Performing Test CMAKE_HAVE_LIBC_PTHREAD
-- Performing Test CMAKE_HAVE_LIBC_PTHREAD - Success
-- Found Threads: TRUE  
-- Found OpenMP_C: -fopenmp (found version "4.5") 
-- Found OpenMP_CXX: -fopenmp (found version "4.5") 
-- Found OpenMP: TRUE (found version "4.5")  
-- OpenMP found
-- Using llamafile
-- ccache found, compilation results will be cached. Disable with GGML_CCACHE=OFF.
-- CMAKE_SYSTEM_PROCESSOR: x86_64
-- x86 detected
-- Configuring done (0.6s)
-- Generating done (0.1s)
-- Build files have been written to: /home/ggml/work/llama.cpp/build-ci-release

real	0m0.727s
user	0m0.519s
sys	0m0.208s
+ tee -a /home/ggml/results/llama.cpp/62/35c62ac952f64cf0fd940056eafb97b1bae402/ggml-0-x86-cpu-low-perf/ctest_release-make.log
++ nproc
+ make -j4
[  0%] Building C object ggml/src/CMakeFiles/ggml.dir/ggml.c.o
[  2%] Building C object examples/gguf-hash/CMakeFiles/sha256.dir/deps/sha256/sha256.c.o
[  2%] Building CXX object common/CMakeFiles/build_info.dir/build-info.cpp.o
[  3%] Building C object examples/gguf-hash/CMakeFiles/xxhash.dir/deps/xxhash/xxhash.c.o
[  3%] Built target sha256
[  3%] Built target xxhash
[  4%] Building C object ggml/src/CMakeFiles/ggml.dir/ggml-alloc.c.o
[  4%] Building C object ggml/src/CMakeFiles/ggml.dir/ggml-backend.c.o
[  4%] Building C object examples/gguf-hash/CMakeFiles/sha1.dir/deps/sha1/sha1.c.o
[  5%] Building C object ggml/src/CMakeFiles/ggml.dir/ggml-quants.c.o
[  5%] Building CXX object ggml/src/CMakeFiles/ggml.dir/llamafile/sgemm.cpp.o
[  5%] Built target sha1
[  5%] Built target build_info
[  6%] Building C object ggml/src/CMakeFiles/ggml.dir/ggml-aarch64.c.o
[  7%] Linking CXX shared library libggml.so
[  7%] Built target ggml
[  7%] Building CXX object examples/gguf-hash/CMakeFiles/llama-gguf-hash.dir/gguf-hash.cpp.o
[  7%] Building CXX object examples/gguf/CMakeFiles/llama-gguf.dir/gguf.cpp.o
[  8%] Building CXX object src/CMakeFiles/llama.dir/llama-vocab.cpp.o
[  8%] Building CXX object src/CMakeFiles/llama.dir/llama.cpp.o
[ 10%] Linking CXX executable ../../bin/llama-gguf-hash
[ 10%] Linking CXX executable ../../bin/llama-gguf
[ 10%] Built target llama-gguf
[ 10%] Built target llama-gguf-hash
[ 10%] Building CXX object src/CMakeFiles/llama.dir/llama-grammar.cpp.o
[ 11%] Building CXX object src/CMakeFiles/llama.dir/llama-sampling.cpp.o
[ 11%] Building CXX object src/CMakeFiles/llama.dir/unicode.cpp.o
[ 12%] Building CXX object src/CMakeFiles/llama.dir/unicode-data.cpp.o
[ 12%] Linking CXX shared library libllama.so
[ 12%] Built target llama
[ 12%] Building CXX object common/CMakeFiles/common.dir/arg.cpp.o
[ 12%] Building CXX object examples/benchmark/CMakeFiles/llama-bench-matmult.dir/benchmark-matmult.cpp.o
[ 12%] Building C object tests/CMakeFiles/test-c.dir/test-c.c.o
[ 12%] Building CXX object examples/llava/CMakeFiles/llava.dir/llava.cpp.o
[ 13%] Linking C executable ../bin/test-c
[ 13%] Built target test-c
[ 13%] Building CXX object examples/quantize-stats/CMakeFiles/llama-quantize-stats.dir/quantize-stats.cpp.o
[ 14%] Building CXX object examples/llava/CMakeFiles/llava.dir/clip.cpp.o
[ 14%] Built target llava
[ 15%] Linking CXX static library libllava_static.a
[ 15%] Built target llava_static
[ 15%] Linking CXX shared library libllava_shared.so
[ 15%] Built target llava_shared
[ 16%] Building CXX object common/CMakeFiles/common.dir/common.cpp.o
[ 17%] Linking CXX executable ../../bin/llama-bench-matmult
[ 17%] Built target llama-bench-matmult
[ 17%] Building CXX object common/CMakeFiles/common.dir/console.cpp.o
[ 18%] Building CXX object common/CMakeFiles/common.dir/json-schema-to-grammar.cpp.o
[ 18%] Building CXX object common/CMakeFiles/common.dir/log.cpp.o
[ 19%] Building CXX object common/CMakeFiles/common.dir/ngram-cache.cpp.o
[ 20%] Building CXX object common/CMakeFiles/common.dir/sampling.cpp.o
[ 20%] Building CXX object common/CMakeFiles/common.dir/train.cpp.o
[ 21%] Linking CXX executable ../../bin/llama-quantize-stats
[ 21%] Built target llama-quantize-stats
[ 22%] Linking CXX static library libcommon.a
[ 22%] Built target common
[ 22%] Building CXX object tests/CMakeFiles/test-tokenizer-0.dir/test-tokenizer-0.cpp.o
[ 22%] Building CXX object tests/CMakeFiles/test-tokenizer-1-bpe.dir/test-tokenizer-1-bpe.cpp.o
[ 22%] Building CXX object tests/CMakeFiles/test-tokenizer-1-spm.dir/test-tokenizer-1-spm.cpp.o
[ 22%] Building CXX object tests/CMakeFiles/test-log.dir/test-log.cpp.o
[ 23%] Building CXX object tests/CMakeFiles/test-log.dir/get-model.cpp.o
[ 23%] Linking CXX executable ../bin/test-log
[ 23%] Built target test-log
[ 23%] Building CXX object tests/CMakeFiles/test-arg-parser.dir/test-arg-parser.cpp.o
[ 24%] Linking CXX executable ../bin/test-tokenizer-1-spm
[ 25%] Linking CXX executable ../bin/test-tokenizer-1-bpe
[ 25%] Built target test-tokenizer-1-spm
[ 26%] Building CXX object tests/CMakeFiles/test-quantize-fns.dir/test-quantize-fns.cpp.o
[ 26%] Building CXX object tests/CMakeFiles/test-quantize-fns.dir/get-model.cpp.o
[ 27%] Linking CXX executable ../bin/test-quantize-fns
[ 27%] Built target test-tokenizer-1-bpe
[ 27%] Building CXX object tests/CMakeFiles/test-quantize-perf.dir/test-quantize-perf.cpp.o
[ 28%] Building CXX object tests/CMakeFiles/test-quantize-perf.dir/get-model.cpp.o
[ 28%] Linking CXX executable ../bin/test-quantize-perf
[ 28%] Built target test-quantize-fns
[ 29%] Building CXX object tests/CMakeFiles/test-sampling.dir/test-sampling.cpp.o
[ 29%] Built target test-quantize-perf
[ 29%] Building CXX object tests/CMakeFiles/test-chat-template.dir/test-chat-template.cpp.o
[ 30%] Linking CXX executable ../bin/test-tokenizer-0
[ 30%] Built target test-tokenizer-0
[ 30%] Building CXX object tests/CMakeFiles/test-grammar-parser.dir/test-grammar-parser.cpp.o
[ 31%] Building CXX object tests/CMakeFiles/test-arg-parser.dir/get-model.cpp.o
[ 32%] Linking CXX executable ../bin/test-arg-parser
[ 32%] Built target test-arg-parser
[ 33%] Building CXX object tests/CMakeFiles/test-llama-grammar.dir/test-llama-grammar.cpp.o
[ 34%] Building CXX object tests/CMakeFiles/test-chat-template.dir/get-model.cpp.o
[ 34%] Linking CXX executable ../bin/test-chat-template
[ 34%] Built target test-chat-template
[ 35%] Building CXX object tests/CMakeFiles/test-grammar-integration.dir/test-grammar-integration.cpp.o
[ 35%] Building CXX object tests/CMakeFiles/test-sampling.dir/get-model.cpp.o
[ 36%] Linking CXX executable ../bin/test-sampling
[ 36%] Built target test-sampling
[ 37%] Building CXX object tests/CMakeFiles/test-grad0.dir/test-grad0.cpp.o
[ 37%] Building CXX object tests/CMakeFiles/test-grad0.dir/get-model.cpp.o
[ 38%] Linking CXX executable ../bin/test-grad0
[ 39%] Building CXX object tests/CMakeFiles/test-grammar-parser.dir/get-model.cpp.o
[ 39%] Linking CXX executable ../bin/test-grammar-parser
[ 39%] Built target test-grad0
[ 39%] Building CXX object tests/CMakeFiles/test-barrier.dir/test-barrier.cpp.o
[ 40%] Building CXX object tests/CMakeFiles/test-barrier.dir/get-model.cpp.o
[ 41%] Linking CXX executable ../bin/test-barrier
[ 41%] Built target test-grammar-parser
[ 42%] Building CXX object tests/CMakeFiles/test-backend-ops.dir/test-backend-ops.cpp.o
[ 42%] Building CXX object tests/CMakeFiles/test-backend-ops.dir/get-model.cpp.o
[ 43%] Linking CXX executable ../bin/test-backend-ops
[ 43%] Built target test-barrier
[ 44%] Building CXX object tests/CMakeFiles/test-rope.dir/test-rope.cpp.o
[ 44%] Building CXX object tests/CMakeFiles/test-rope.dir/get-model.cpp.o
[ 45%] Linking CXX executable ../bin/test-rope
[ 45%] Built target test-backend-ops
[ 46%] Building CXX object tests/CMakeFiles/test-model-load-cancel.dir/test-model-load-cancel.cpp.o
[ 46%] Built target test-rope
[ 46%] Building CXX object tests/CMakeFiles/test-autorelease.dir/test-autorelease.cpp.o
[ 46%] Building CXX object tests/CMakeFiles/test-model-load-cancel.dir/get-model.cpp.o
[ 47%] Linking CXX executable ../bin/test-model-load-cancel
[ 47%] Built target test-model-load-cancel
[ 48%] Building CXX object tests/CMakeFiles/test-json-schema-to-grammar.dir/test-json-schema-to-grammar.cpp.o
[ 48%] Building CXX object tests/CMakeFiles/test-llama-grammar.dir/get-model.cpp.o
[ 49%] Linking CXX executable ../bin/test-llama-grammar
[ 49%] Built target test-llama-grammar
[ 50%] Building CXX object examples/cvector-generator/CMakeFiles/llama-cvector-generator.dir/cvector-generator.cpp.o
[ 51%] Building CXX object tests/CMakeFiles/test-autorelease.dir/get-model.cpp.o
[ 51%] Linking CXX executable ../bin/test-autorelease
[ 51%] Built target test-autorelease
[ 52%] Building CXX object examples/baby-llama/CMakeFiles/llama-baby-llama.dir/baby-llama.cpp.o
[ 53%] Linking CXX executable ../../bin/llama-baby-llama
[ 53%] Built target llama-baby-llama
[ 53%] Building CXX object examples/batched-bench/CMakeFiles/llama-batched-bench.dir/batched-bench.cpp.o
[ 54%] Linking CXX executable ../../bin/llama-batched-bench
[ 54%] Linking CXX executable ../../bin/llama-cvector-generator
[ 54%] Built target llama-batched-bench
[ 54%] Building CXX object examples/batched/CMakeFiles/llama-batched.dir/batched.cpp.o
[ 54%] Built target llama-cvector-generator
[ 55%] Building CXX object examples/convert-llama2c-to-ggml/CMakeFiles/llama-convert-llama2c-to-ggml.dir/convert-llama2c-to-ggml.cpp.o
[ 56%] Linking CXX executable ../../bin/llama-batched
[ 56%] Built target llama-batched
[ 56%] Building CXX object tests/CMakeFiles/test-json-schema-to-grammar.dir/get-model.cpp.o
[ 57%] Building CXX object examples/embedding/CMakeFiles/llama-embedding.dir/embedding.cpp.o
[ 57%] Linking CXX executable ../../bin/llama-convert-llama2c-to-ggml
[ 57%] Built target llama-convert-llama2c-to-ggml
[ 58%] Building CXX object examples/eval-callback/CMakeFiles/llama-eval-callback.dir/eval-callback.cpp.o
[ 58%] Linking CXX executable ../../bin/llama-embedding
[ 58%] Built target llama-embedding
[ 58%] Building CXX object examples/export-lora/CMakeFiles/llama-export-lora.dir/export-lora.cpp.o
[ 58%] Building CXX object tests/CMakeFiles/test-grammar-integration.dir/get-model.cpp.o
[ 59%] Linking CXX executable ../bin/test-grammar-integration
[ 59%] Built target test-grammar-integration
[ 59%] Building CXX object examples/gbnf-validator/CMakeFiles/llama-gbnf-validator.dir/gbnf-validator.cpp.o
[ 60%] Linking CXX executable ../../bin/llama-eval-callback
[ 60%] Built target llama-eval-callback
[ 61%] Building CXX object examples/gguf-split/CMakeFiles/llama-gguf-split.dir/gguf-split.cpp.o
[ 62%] Linking CXX executable ../../bin/llama-gbnf-validator
[ 62%] Built target llama-gbnf-validator
[ 63%] Building CXX object examples/gritlm/CMakeFiles/llama-gritlm.dir/gritlm.cpp.o
[ 63%] Linking CXX executable ../../bin/llama-gguf-split
[ 63%] Built target llama-gguf-split
[ 64%] Building CXX object examples/imatrix/CMakeFiles/llama-imatrix.dir/imatrix.cpp.o
[ 65%] Linking CXX executable ../../bin/llama-export-lora
[ 65%] Built target llama-export-lora
[ 66%] Building CXX object examples/infill/CMakeFiles/llama-infill.dir/infill.cpp.o
[ 66%] Linking CXX executable ../../bin/llama-gritlm
[ 66%] Built target llama-gritlm
[ 66%] Building CXX object examples/llama-bench/CMakeFiles/llama-bench.dir/llama-bench.cpp.o
[ 66%] Linking CXX executable ../../bin/llama-infill
[ 67%] Linking CXX executable ../bin/test-json-schema-to-grammar
[ 67%] Built target llama-infill
[ 68%] Building CXX object examples/llava/CMakeFiles/llama-llava-cli.dir/llava-cli.cpp.o
[ 68%] Built target test-json-schema-to-grammar
[ 69%] Building CXX object examples/llava/CMakeFiles/llama-minicpmv-cli.dir/minicpmv-cli.cpp.o
[ 69%] Linking CXX executable ../../bin/llama-imatrix
[ 69%] Built target llama-imatrix
[ 69%] Building CXX object examples/lookahead/CMakeFiles/llama-lookahead.dir/lookahead.cpp.o
[ 70%] Linking CXX executable ../../bin/llama-llava-cli
[ 70%] Linking CXX executable ../../bin/llama-minicpmv-cli
[ 70%] Built target llama-llava-cli
[ 70%] Building CXX object examples/lookup/CMakeFiles/llama-lookup.dir/lookup.cpp.o
[ 70%] Built target llama-minicpmv-cli
[ 70%] Building CXX object examples/lookup/CMakeFiles/llama-lookup-create.dir/lookup-create.cpp.o
[ 71%] Linking CXX executable ../../bin/llama-lookup-create
[ 72%] Linking CXX executable ../../bin/llama-lookahead
[ 73%] Linking CXX executable ../../bin/llama-lookup
[ 73%] Built target llama-lookup-create
[ 73%] Built target llama-lookahead
[ 73%] Building CXX object examples/lookup/CMakeFiles/llama-lookup-merge.dir/lookup-merge.cpp.o
[ 74%] Building CXX object examples/lookup/CMakeFiles/llama-lookup-stats.dir/lookup-stats.cpp.o
[ 74%] Built target llama-lookup
[ 75%] Building CXX object examples/main/CMakeFiles/llama-cli.dir/main.cpp.o
[ 76%] Linking CXX executable ../../bin/llama-lookup-merge
[ 76%] Built target llama-lookup-merge
[ 77%] Building CXX object examples/parallel/CMakeFiles/llama-parallel.dir/parallel.cpp.o
[ 77%] Linking CXX executable ../../bin/llama-lookup-stats
[ 77%] Built target llama-lookup-stats
[ 78%] Building CXX object examples/passkey/CMakeFiles/llama-passkey.dir/passkey.cpp.o
[ 78%] Linking CXX executable ../../bin/llama-cli
[ 78%] Built target llama-cli
[ 79%] Building CXX object examples/perplexity/CMakeFiles/llama-perplexity.dir/perplexity.cpp.o
[ 79%] Linking CXX executable ../../bin/llama-parallel
[ 79%] Built target llama-parallel
[ 79%] Building CXX object examples/quantize/CMakeFiles/llama-quantize.dir/quantize.cpp.o
[ 79%] Linking CXX executable ../../bin/llama-passkey
[ 79%] Built target llama-passkey
[ 79%] Building CXX object examples/retrieval/CMakeFiles/llama-retrieval.dir/retrieval.cpp.o
[ 80%] Linking CXX executable ../../bin/llama-quantize
[ 80%] Built target llama-quantize
[ 81%] Generating theme-snowstorm.css.hpp
[ 82%] Generating colorthemes.css.hpp
[ 83%] Generating completion.js.hpp
[ 84%] Generating index-new.html.hpp
[ 84%] Generating index.html.hpp
[ 84%] Generating index.js.hpp
[ 84%] Generating json-schema-to-grammar.mjs.hpp
[ 85%] Linking CXX executable ../../bin/llama-retrieval
[ 86%] Generating loading.html.hpp
[ 87%] Generating prompt-formats.js.hpp
[ 87%] Generating style.css.hpp
[ 87%] Built target llama-retrieval
[ 88%] Building CXX object examples/save-load-state/CMakeFiles/llama-save-load-state.dir/save-load-state.cpp.o
[ 88%] Generating system-prompts.js.hpp
[ 89%] Generating theme-beeninorder.css.hpp
[ 89%] Generating theme-ketivah.css.hpp
[ 90%] Generating theme-mangotango.css.hpp
[ 90%] Generating theme-playground.css.hpp
[ 91%] Generating theme-polarnight.css.hpp
[ 92%] Building CXX object examples/server/CMakeFiles/llama-server.dir/server.cpp.o
[ 93%] Linking CXX executable ../../bin/llama-bench
[ 93%] Built target llama-bench
[ 94%] Building CXX object examples/simple/CMakeFiles/llama-simple.dir/simple.cpp.o
[ 94%] Linking CXX executable ../../bin/llama-save-load-state
[ 94%] Built target llama-save-load-state
[ 95%] Building CXX object examples/speculative/CMakeFiles/llama-speculative.dir/speculative.cpp.o
[ 95%] Linking CXX executable ../../bin/llama-simple
[ 95%] Built target llama-simple
[ 96%] Building CXX object examples/tokenize/CMakeFiles/llama-tokenize.dir/tokenize.cpp.o
[ 97%] Linking CXX executable ../../bin/llama-perplexity
[ 97%] Built target llama-perplexity
[ 98%] Building CXX object pocs/vdot/CMakeFiles/llama-vdot.dir/vdot.cpp.o
[ 99%] Linking CXX executable ../../bin/llama-vdot
[ 99%] Built target llama-vdot
[ 99%] Building CXX object pocs/vdot/CMakeFiles/llama-q8dot.dir/q8dot.cpp.o
[100%] Linking CXX executable ../../bin/llama-q8dot
[100%] Built target llama-q8dot
[100%] Linking CXX executable ../../bin/llama-tokenize
[100%] Built target llama-tokenize
[100%] Linking CXX executable ../../bin/llama-speculative
[100%] Built target llama-speculative
[100%] Linking CXX executable ../../bin/llama-server
[100%] Built target llama-server

real	1m21.743s
user	2m50.345s
sys	0m8.258s
+ '[' -z 1 ']'
+ tee -a /home/ggml/results/llama.cpp/62/35c62ac952f64cf0fd940056eafb97b1bae402/ggml-0-x86-cpu-low-perf/ctest_release-ctest.log
+ ctest --output-on-failure -L main -E test-opt
Test project /home/ggml/work/llama.cpp/build-ci-release
      Start  1: test-tokenizer-0-bert-bge
 1/28 Test  #1: test-tokenizer-0-bert-bge .........   Passed    0.02 sec
      Start  2: test-tokenizer-0-command-r
 2/28 Test  #2: test-tokenizer-0-command-r ........   Passed    0.63 sec
      Start  3: test-tokenizer-0-deepseek-coder
 3/28 Test  #3: test-tokenizer-0-deepseek-coder ...   Passed    0.06 sec
      Start  4: test-tokenizer-0-deepseek-llm
 4/28 Test  #4: test-tokenizer-0-deepseek-llm .....   Passed    0.21 sec
      Start  5: test-tokenizer-0-falcon
 5/28 Test  #5: test-tokenizer-0-falcon ...........   Passed    0.12 sec
      Start  6: test-tokenizer-0-gpt-2
 6/28 Test  #6: test-tokenizer-0-gpt-2 ............   Passed    0.09 sec
      Start  7: test-tokenizer-0-llama-bpe
 7/28 Test  #7: test-tokenizer-0-llama-bpe ........   Passed    0.44 sec
      Start  8: test-tokenizer-0-llama-spm
 8/28 Test  #8: test-tokenizer-0-llama-spm ........   Passed    0.03 sec
      Start  9: test-tokenizer-0-mpt
 9/28 Test  #9: test-tokenizer-0-mpt ..............   Passed    0.09 sec
      Start 10: test-tokenizer-0-phi-3
10/28 Test #10: test-tokenizer-0-phi-3 ............   Passed    0.03 sec
      Start 11: test-tokenizer-0-qwen2
11/28 Test #11: test-tokenizer-0-qwen2 ............   Passed    0.30 sec
      Start 12: test-tokenizer-0-refact
12/28 Test #12: test-tokenizer-0-refact ...........   Passed    0.09 sec
      Start 13: test-tokenizer-0-starcoder
13/28 Test #13: test-tokenizer-0-starcoder ........   Passed    0.09 sec
      Start 14: test-tokenizer-1-llama-spm
14/28 Test #14: test-tokenizer-1-llama-spm ........   Passed    0.37 sec
      Start 15: test-log
15/28 Test #15: test-log ..........................   Passed    0.02 sec
      Start 16: test-arg-parser
16/28 Test #16: test-arg-parser ...................   Passed    0.01 sec
      Start 17: test-quantize-fns
17/28 Test #17: test-quantize-fns .................   Passed   16.23 sec
      Start 18: test-quantize-perf
18/28 Test #18: test-quantize-perf ................   Passed    4.53 sec
      Start 19: test-sampling
19/28 Test #19: test-sampling .....................   Passed    1.56 sec
      Start 20: test-chat-template
20/28 Test #20: test-chat-template ................   Passed    0.00 sec
      Start 21: test-grammar-parser
21/28 Test #21: test-grammar-parser ...............   Passed    0.00 sec
      Start 22: test-llama-grammar
22/28 Test #22: test-llama-grammar ................   Passed    0.00 sec
      Start 23: test-grammar-integration
23/28 Test #23: test-grammar-integration ..........   Passed    0.01 sec
      Start 24: test-grad0
24/28 Test #24: test-grad0 ........................   Passed    0.30 sec
      Start 25: test-barrier
25/28 Test #25: test-barrier ......................   Passed    0.31 sec
      Start 26: test-backend-ops
26/28 Test #26: test-backend-ops ..................   Passed    0.00 sec
      Start 27: test-rope
27/28 Test #27: test-rope .........................   Passed    0.05 sec
      Start 30: test-json-schema-to-grammar
28/28 Test #30: test-json-schema-to-grammar .......   Passed    0.01 sec

100% tests passed, 0 tests failed out of 28

Label Time Summary:
main    =  25.62 sec*proc (28 tests)

Total Test time (real) =  25.63 sec

real	0m25.657s
user	0m27.862s
sys	0m0.414s
+ set +e
+ cur=0
+ echo 0
+ set +x
