+ cmake -DCMAKE_BUILD_TYPE=Release ..
CMake Deprecation Warning at CMakeLists.txt:1 (cmake_minimum_required):
  Compatibility with CMake < 3.5 will be removed from a future version of
  CMake.

  Update the VERSION argument <min> value or use a ...<max> suffix to tell
  CMake that the project does not need compatibility with older versions.


-- The C compiler identification is AppleClang 14.0.3.14030022
-- The CXX compiler identification is AppleClang 14.0.3.14030022
-- Detecting C compiler ABI info
-- Detecting C compiler ABI info - done
-- Check for working C compiler: /Library/Developer/CommandLineTools/usr/bin/cc - skipped
-- Detecting C compile features
-- Detecting C compile features - done
-- Detecting CXX compiler ABI info
-- Detecting CXX compiler ABI info - done
-- Check for working CXX compiler: /Library/Developer/CommandLineTools/usr/bin/c++ - skipped
-- Detecting CXX compile features
-- Detecting CXX compile features - done
-- Found Git: /usr/bin/git (found version "2.39.2 (Apple Git-143)") 
-- Performing Test CMAKE_HAVE_LIBC_PTHREAD
-- Performing Test CMAKE_HAVE_LIBC_PTHREAD - Success
-- Found Threads: TRUE  
-- CMAKE_SYSTEM_PROCESSOR: arm64
-- ARM detected
-- Accelerate framework found
-- ARM detected
-- Accelerate framework found
-- Configuring done (0.5s)
-- Generating done (0.1s)
-- Build files have been written to: /Users/ggml/work/ggml/build-ci-release

real	0m0.638s
user	0m0.282s
sys	0m0.282s
+ make -j
[  0%] Building CXX object examples/CMakeFiles/common.dir/common.cpp.o
[  3%] Building C object src/CMakeFiles/ggml.dir/ggml.c.o
[  3%] Building C object src/CMakeFiles/ggml.dir/ggml-backend.c.o
[  3%] Building C object src/CMakeFiles/ggml.dir/ggml-alloc.c.o
[  4%] Linking CXX static library libcommon.a
[  4%] Built target common
[  5%] Linking C shared library libggml.dylib
[  5%] Built target ggml
[  6%] Building C object tests/CMakeFiles/test-mul-mat1.dir/test-mul-mat1.c.o
[  7%] Building C object tests/CMakeFiles/test1.dir/test1.c.o
[ 10%] Building C object tests/CMakeFiles/test-mul-mat0.dir/test-mul-mat0.c.o
[ 11%] Building CXX object tests/CMakeFiles/test-grad0.dir/test-grad0.cpp.o
[ 10%] Building CXX object tests/CMakeFiles/test-opt.dir/test-opt.cpp.o
[ 11%] Building C object tests/CMakeFiles/test-blas0.dir/test-blas0.c.o
[ 12%] Building CXX object tests/CMakeFiles/test-quantize-perf.dir/test-quantize-perf.cpp.o
[ 13%] Building CXX object tests/CMakeFiles/test-quantize-fns.dir/test-quantize-fns.cpp.o
[ 14%] Building C object tests/CMakeFiles/test-vec2.dir/test-vec2.c.o
[ 15%] Building C object tests/CMakeFiles/test-vec0.dir/test-vec0.c.o
[ 16%] Building C object tests/CMakeFiles/test-mul-mat2.dir/test-mul-mat2.c.o
[ 17%] Building C object tests/CMakeFiles/test3.dir/test3.c.o
[ 18%] Building C object tests/CMakeFiles/test2.dir/test2.c.o
[ 19%] Building C object tests/CMakeFiles/test0.dir/test0.c.o
[ 20%] Building C object tests/CMakeFiles/test-customop.dir/test-customop.c.o
[ 21%] Building CXX object examples/CMakeFiles/common-ggml.dir/common-ggml.cpp.o
[ 22%] Building C object tests/CMakeFiles/test-conv-transpose.dir/test-conv-transpose.c.o
[ 23%] Building C object tests/CMakeFiles/test-pool.dir/test-pool.c.o
[ 24%] Building C object tests/CMakeFiles/test-rel-pos.dir/test-rel-pos.c.o
[ 25%] Building C object tests/CMakeFiles/test-xpos.dir/test-xpos.c.o
[ 26%] Building C object examples/mnist/CMakeFiles/mnist-mtl.dir/main-mtl.m.o
[ 28%] Building CXX object examples/mnist/CMakeFiles/mnist-cpu.dir/main-cpu.cpp.o
[ 28%] Building CXX object examples/mnist/CMakeFiles/mnist.dir/main.cpp.o
[ 29%] Building CXX object examples/yolo/CMakeFiles/yolov3-tiny.dir/yolo-image.cpp.o
[ 30%] Building CXX object examples/mnist/CMakeFiles/mnist-mtl.dir/main-mtl.cpp.o
[ 31%] Building C object tests/CMakeFiles/test-svd0.dir/test-svd0.c.o
[ 32%] Building CXX object examples/yolo/CMakeFiles/yolov3-tiny.dir/yolov3-tiny.cpp.o
[ 33%] Building CXX object examples/whisper/CMakeFiles/whisper-cpp.dir/whisper.cpp.o
[ 34%] Building CXX object examples/mnist/CMakeFiles/mnist-cnn.dir/main-cnn.cpp.o
[ 35%] Building CXX object examples/sam/CMakeFiles/sam.dir/main.cpp.o
[ 36%] Linking C executable ../bin/test3
[ 37%] Linking C executable ../bin/test0
[ 38%] Linking C executable ../bin/test-conv-transpose
[ 38%] Linking C executable ../bin/test-xpos
[ 39%] Linking C executable ../bin/test2
[ 40%] Linking C executable ../bin/test-pool
[ 41%] Linking CXX executable ../bin/test-opt
[ 42%] Linking C executable ../bin/test1
[ 43%] Linking C executable ../bin/test-rel-pos
[ 44%] Linking C executable ../bin/test-customop
[ 44%] Built target test2
[ 45%] Linking C executable ../bin/test-mul-mat0
[ 45%] Built target test-conv-transpose
[ 45%] Built target test-xpos
[ 45%] Built target test-pool
[ 46%] Linking C executable ../bin/test-vec0
[ 46%] Built target test3
[ 46%] Built target test1
[ 46%] Built target test0
[ 46%] Built target test-opt
[ 46%] Built target test-rel-pos
[ 46%] Built target test-customop
[ 46%] Built target test-vec0
[ 47%] Linking C executable ../bin/test-vec2
[ 47%] Built target test-mul-mat0
[ 47%] Built target test-vec2
[ 47%] Linking C executable ../bin/test-mul-mat2
[ 48%] Linking CXX executable ../bin/test-quantize-fns
[ 48%] Built target test-mul-mat2
[ 48%] Built target test-quantize-fns
[ 49%] Linking CXX executable ../bin/test-grad0
[ 50%] Linking CXX executable ../../bin/mnist-cpu
[ 50%] Built target test-grad0
[ 51%] Linking C executable ../bin/test-mul-mat1
[ 52%] Linking C executable ../bin/test-blas0
[ 52%] Built target mnist-cpu
[ 53%] Linking C executable ../bin/test-svd0
[ 53%] Linking CXX executable ../../bin/mnist-cnn
[ 53%] Built target test-mul-mat1
[ 54%] Linking CXX executable ../../bin/mnist
[ 54%] Built target test-blas0
[ 54%] Built target test-svd0
[ 54%] Built target mnist-cnn
[ 54%] Built target mnist
[ 55%] Linking CXX executable ../../bin/mnist-mtl
[ 56%] Linking CXX executable ../bin/test-quantize-perf
[ 56%] Built target mnist-mtl
[ 56%] Built target test-quantize-perf
[ 57%] Linking CXX static library libcommon-ggml.a
[ 57%] Built target common-ggml
[ 58%] Building CXX object examples/gpt-2/CMakeFiles/gpt-2-backend2.dir/main.cpp.o
[ 59%] Building CXX object examples/gpt-2/CMakeFiles/gpt-2-backend.dir/main-backend.cpp.o
[ 60%] Building CXX object examples/gpt-j/CMakeFiles/gpt-j-quantize.dir/quantize.cpp.o
[ 61%] Building CXX object examples/gpt-2/CMakeFiles/gpt-2-batched.dir/main-batched.cpp.o
[ 62%] Building CXX object examples/gpt-2/CMakeFiles/gpt-2-quantize.dir/quantize.cpp.o
[ 63%] Building CXX object examples/whisper/CMakeFiles/whisper-quantize.dir/quantize.cpp.o
[ 64%] Building CXX object examples/gpt-2/CMakeFiles/gpt-2-alloc.dir/main-alloc.cpp.o
[ 65%] Building CXX object examples/gpt-neox/CMakeFiles/gpt-neox.dir/main.cpp.o
[ 66%] Building CXX object examples/gpt-j/CMakeFiles/gpt-j.dir/main.cpp.o
[ 67%] Building CXX object examples/replit/CMakeFiles/replit.dir/main.cpp.o
[ 68%] Building CXX object examples/gpt-2/CMakeFiles/gpt-2-ctx.dir/main-ctx.cpp.o
[ 69%] Building CXX object examples/dolly-v2/CMakeFiles/dollyv2-quantize.dir/quantize.cpp.o
[ 70%] Building CXX object examples/dolly-v2/CMakeFiles/dollyv2.dir/main.cpp.o
[ 71%] Building CXX object examples/gpt-neox/CMakeFiles/gpt-neox-quantize.dir/quantize.cpp.o
[ 72%] Building CXX object examples/replit/CMakeFiles/replit-quantize.dir/quantize.cpp.o
[ 72%] Building CXX object examples/starcoder/CMakeFiles/starcoder-mmap.dir/starcoder-mmap.cpp.o
[ 73%] Building CXX object examples/starcoder/CMakeFiles/starcoder-quantize.dir/quantize.cpp.o
[ 74%] Building CXX object examples/mpt/CMakeFiles/mpt.dir/main.cpp.o
[ 75%] Building CXX object examples/starcoder/CMakeFiles/starcoder.dir/main.cpp.o
[ 76%] Building CXX object examples/mpt/CMakeFiles/mpt-quantize.dir/quantize.cpp.o
[ 77%] Linking CXX executable ../../bin/mpt-quantize
[ 78%] Linking CXX executable ../../bin/replit-quantize
[ 78%] Built target mpt-quantize
[ 78%] Built target replit-quantize
[ 79%] Linking CXX executable ../../bin/starcoder-quantize
[ 80%] Linking CXX executable ../../bin/gpt-2-quantize
[ 81%] Linking CXX executable ../../bin/dollyv2-quantize
[ 82%] Linking CXX executable ../../bin/gpt-j-quantize
[ 83%] Linking CXX executable ../../bin/gpt-neox-quantize
[ 83%] Built target starcoder-quantize
[ 83%] Built target gpt-2-quantize
[ 83%] Built target dollyv2-quantize
[ 83%] Built target gpt-j-quantize
[ 84%] Linking CXX executable ../../bin/whisper-quantize
[ 84%] Built target gpt-neox-quantize
[ 84%] Built target whisper-quantize
[ 85%] Linking CXX executable ../../bin/yolov3-tiny
[ 85%] Built target yolov3-tiny
[ 86%] Linking CXX executable ../../bin/gpt-neox
[ 87%] Linking CXX executable ../../bin/gpt-2-alloc
[ 88%] Linking CXX executable ../../bin/gpt-j
[ 89%] Linking CXX executable ../../bin/gpt-2-backend
[ 90%] Linking CXX executable ../../bin/starcoder
[ 91%] Linking CXX executable ../../bin/gpt-2-ctx
[ 91%] Built target gpt-neox
[ 91%] Built target gpt-j
[ 91%] Built target gpt-2-alloc
[ 91%] Built target gpt-2-backend
[ 92%] Linking CXX executable ../../bin/dollyv2
[ 92%] Built target starcoder
[ 93%] Linking CXX executable ../../bin/starcoder-mmap
[ 93%] Built target gpt-2-ctx
[ 94%] Linking CXX executable ../../bin/gpt-2-batched
[ 94%] Built target dollyv2
[ 94%] Built target starcoder-mmap
[ 95%] Linking CXX executable ../../bin/replit
[ 96%] Linking CXX executable ../../bin/mpt
[ 96%] Built target gpt-2-batched
[ 96%] Built target replit
[ 96%] Linking CXX executable ../../bin/gpt-2-backend2
[ 96%] Built target mpt
[ 96%] Built target gpt-2-backend2
[ 97%] Linking CXX executable ../../bin/sam
[ 97%] Built target sam
[ 98%] Linking CXX static library libwhisper-cpp.a
[ 98%] Built target whisper-cpp
[ 99%] Building CXX object examples/whisper/CMakeFiles/whisper.dir/main.cpp.o
[100%] Linking CXX executable ../../bin/whisper
[100%] Built target whisper

real	0m10.796s
user	0m44.787s
sys	0m4.567s
+ ctest --output-on-failure
Test project /Users/ggml/work/ggml/build-ci-release
      Start  1: test-grad0
 1/16 Test  #1: test-grad0 .......................   Passed    0.79 sec
      Start  2: test-opt
 2/16 Test  #2: test-opt .........................   Passed    2.35 sec
      Start  3: test-quantize-fns
 3/16 Test  #3: test-quantize-fns ................   Passed    0.06 sec
      Start  4: test-quantize-perf
 4/16 Test  #4: test-quantize-perf ...............   Passed    0.05 sec
      Start  5: test-mul-mat0
 5/16 Test  #5: test-mul-mat0 ....................   Passed    0.21 sec
      Start  6: test-blas0
 6/16 Test  #6: test-blas0 .......................   Passed    0.06 sec
      Start  7: test-mul-mat2
 7/16 Test  #7: test-mul-mat2 ....................   Passed    2.21 sec
      Start  8: test0
 8/16 Test  #8: test0 ............................   Passed    0.07 sec
      Start  9: test1
 9/16 Test  #9: test1 ............................   Passed    0.05 sec
      Start 10: test2
10/16 Test #10: test2 ............................   Passed    0.06 sec
      Start 11: test3
11/16 Test #11: test3 ............................   Passed    0.07 sec
      Start 12: test-pool
12/16 Test #12: test-pool ........................   Passed    0.05 sec
      Start 13: test-conv-transpose
13/16 Test #13: test-conv-transpose ..............   Passed    0.05 sec
      Start 14: test-rel-pos
14/16 Test #14: test-rel-pos .....................   Passed    0.05 sec
      Start 15: test-customop
15/16 Test #15: test-customop ....................   Passed    0.05 sec
      Start 16: test-xpos
16/16 Test #16: test-xpos ........................   Passed    0.09 sec

100% tests passed, 0 tests failed out of 16

Total Test time (real) =   6.29 sec

real	0m6.294s
user	0m4.770s
sys	0m0.812s
