mkdir: cannot create directory ‘/mnt/llama.cpp’: Permission denied
+ gg_run_ctest_debug
+ tee /home/ggml/results/llama.cpp/b8/0cf3b2d1dee0ad325f7a794fecc66befce7336/ggml-1-arm64-cpu-low-perf/ctest_debug.log
+ cd /home/ggml/work/llama.cpp
+ rm -rf build-ci-debug
+ mkdir build-ci-debug
+ cd build-ci-debug
+ set -e
+ tee -a /home/ggml/results/llama.cpp/b8/0cf3b2d1dee0ad325f7a794fecc66befce7336/ggml-1-arm64-cpu-low-perf/ctest_debug-cmake.log
+ cmake -DCMAKE_BUILD_TYPE=Debug -DLLAMA_FATAL_WARNINGS=ON ..
-- The C compiler identification is GNU 11.4.0
-- The CXX compiler identification is GNU 11.4.0
-- Detecting C compiler ABI info
-- Detecting C compiler ABI info - done
-- Check for working C compiler: /usr/bin/cc - skipped
-- Detecting C compile features
-- Detecting C compile features - done
-- Detecting CXX compiler ABI info
-- Detecting CXX compiler ABI info - done
-- Check for working CXX compiler: /usr/bin/c++ - skipped
-- Detecting CXX compile features
-- Detecting CXX compile features - done
-- Found Git: /usr/bin/git (found version "2.34.1") 
-- Looking for pthread.h
-- Looking for pthread.h - found
-- Performing Test CMAKE_HAVE_LIBC_PTHREAD
-- Performing Test CMAKE_HAVE_LIBC_PTHREAD - Success
-- Found Threads: TRUE  
-- ccache found, compilation results will be cached. Disable with LLAMA_CCACHE=OFF.
-- CMAKE_SYSTEM_PROCESSOR: aarch64
-- ARM detected
-- Performing Test COMPILER_SUPPORTS_FP16_FORMAT_I3E
-- Performing Test COMPILER_SUPPORTS_FP16_FORMAT_I3E - Failed
-- Configuring done
-- Generating done
-- Build files have been written to: /home/ggml/work/llama.cpp/build-ci-debug

real	0m0.763s
user	0m0.413s
sys	0m0.354s
+ tee -a /home/ggml/results/llama.cpp/b8/0cf3b2d1dee0ad325f7a794fecc66befce7336/ggml-1-arm64-cpu-low-perf/ctest_debug-make.log
+ make -j
[  1%] Generating build details from Git
[  2%] Building C object CMakeFiles/ggml.dir/ggml.c.o
[  2%] Building C object CMakeFiles/ggml.dir/ggml-alloc.c.o
[  3%] Building C object CMakeFiles/ggml.dir/ggml-backend.c.o
-- Found Git: /usr/bin/git (found version "2.34.1") 
[  4%] Building C object CMakeFiles/ggml.dir/ggml-quants.c.o
[  4%] Built target ggml
[  5%] Building CXX object common/CMakeFiles/build_info.dir/build-info.cpp.o
[  7%] Linking C static library libggml_static.a
[  7%] Building CXX object examples/gguf/CMakeFiles/gguf.dir/gguf.cpp.o
[  8%] Building CXX object CMakeFiles/llama.dir/llama.cpp.o
[  9%] Building CXX object CMakeFiles/llama.dir/unicode.cpp.o
[  9%] Linking CXX executable ../../bin/gguf
[  9%] Built target build_info
[  9%] Linking CXX static library libllama.a
[  9%] Built target ggml_static
[  9%] Built target gguf
[  9%] Built target llama
[ 10%] Building CXX object common/CMakeFiles/common.dir/common.cpp.o
[ 11%] Building CXX object common/CMakeFiles/common.dir/console.cpp.o
[ 11%] Building CXX object common/CMakeFiles/common.dir/sampling.cpp.o
[ 12%] Building CXX object examples/quantize-stats/CMakeFiles/quantize-stats.dir/quantize-stats.cpp.o
[ 13%] Building CXX object examples/benchmark/CMakeFiles/benchmark.dir/benchmark-matmult.cpp.o
[ 14%] Building CXX object common/CMakeFiles/common.dir/train.cpp.o
[ 15%] Building CXX object common/CMakeFiles/common.dir/grammar-parser.cpp.o
[ 16%] Building C object tests/CMakeFiles/test-c.dir/test-c.c.o
[ 17%] Building CXX object examples/llava/CMakeFiles/llava.dir/llava.cpp.o
[ 18%] Building CXX object examples/quantize/CMakeFiles/quantize.dir/quantize.cpp.o
[ 18%] Building CXX object examples/llava/CMakeFiles/llava.dir/clip.cpp.o
[ 18%] Linking CXX executable ../bin/test-c
[ 18%] Built target test-c
[ 18%] Linking CXX executable ../../bin/benchmark
[ 18%] Built target llava
[ 19%] Linking CXX static library libllava_static.a
[ 19%] Built target benchmark
[ 19%] Built target llava_static
[ 19%] Linking CXX executable ../../bin/quantize
[ 19%] Built target quantize
[ 20%] Linking CXX executable ../../bin/quantize-stats
[ 20%] Built target quantize-stats
[ 21%] Linking CXX static library libcommon.a
[ 21%] Built target common
[ 22%] Building CXX object tests/CMakeFiles/test-quantize-fns.dir/test-quantize-fns.cpp.o
[ 23%] Building CXX object tests/CMakeFiles/test-quantize-perf.dir/test-quantize-perf.cpp.o
[ 24%] Building CXX object tests/CMakeFiles/test-quantize-fns.dir/get-model.cpp.o
[ 25%] Building CXX object tests/CMakeFiles/test-tokenizer-0-falcon.dir/test-tokenizer-0-falcon.cpp.o
[ 26%] Building CXX object tests/CMakeFiles/test-quantize-perf.dir/get-model.cpp.o
[ 27%] Building CXX object tests/CMakeFiles/test-chat-template.dir/test-chat-template.cpp.o
[ 28%] Building CXX object tests/CMakeFiles/test-sampling.dir/get-model.cpp.o
[ 30%] Building CXX object tests/CMakeFiles/test-tokenizer-0-falcon.dir/get-model.cpp.o
[ 30%] Building CXX object tests/CMakeFiles/test-tokenizer-1-llama.dir/test-tokenizer-1-llama.cpp.o
[ 31%] Building CXX object tests/CMakeFiles/test-sampling.dir/test-sampling.cpp.o
[ 32%] Building CXX object tests/CMakeFiles/test-tokenizer-0-llama.dir/test-tokenizer-0-llama.cpp.o
[ 33%] Building CXX object tests/CMakeFiles/test-grammar-parser.dir/get-model.cpp.o
[ 34%] Building CXX object tests/CMakeFiles/test-grammar-parser.dir/test-grammar-parser.cpp.o
[ 35%] Linking CXX executable ../bin/test-quantize-fns
[ 37%] Building CXX object tests/CMakeFiles/test-tokenizer-1-bpe.dir/get-model.cpp.o
[ 37%] Building CXX object tests/CMakeFiles/test-tokenizer-0-llama.dir/get-model.cpp.o
[ 35%] Building CXX object tests/CMakeFiles/test-chat-template.dir/get-model.cpp.o
[ 36%] Building CXX object tests/CMakeFiles/test-tokenizer-1-llama.dir/get-model.cpp.o
[ 38%] Building CXX object tests/CMakeFiles/test-tokenizer-1-bpe.dir/test-tokenizer-1-bpe.cpp.o
[ 39%] Linking CXX executable ../bin/test-quantize-perf
[ 40%] Building CXX object tests/CMakeFiles/test-llama-grammar.dir/test-llama-grammar.cpp.o
[ 41%] Building CXX object tests/CMakeFiles/test-llama-grammar.dir/get-model.cpp.o
[ 42%] Linking CXX executable ../bin/test-chat-template
[ 39%] Linking CXX executable ../bin/test-sampling
[ 43%] Building CXX object tests/CMakeFiles/test-model-load-cancel.dir/get-model.cpp.o
[ 44%] Building CXX object tests/CMakeFiles/test-rope.dir/test-rope.cpp.o
[ 45%] Building CXX object tests/CMakeFiles/test-backend-ops.dir/test-backend-ops.cpp.o
[ 45%] Linking CXX executable ../bin/test-grammar-parser
[ 45%] Building CXX object tests/CMakeFiles/test-grad0.dir/test-grad0.cpp.o
[ 43%] Building CXX object tests/CMakeFiles/test-model-load-cancel.dir/test-model-load-cancel.cpp.o
[ 46%] Building CXX object tests/CMakeFiles/test-backend-ops.dir/get-model.cpp.o
[ 47%] Building CXX object examples/beam-search/CMakeFiles/beam-search.dir/beam-search.cpp.o
[ 47%] Building CXX object examples/baby-llama/CMakeFiles/baby-llama.dir/baby-llama.cpp.o
[ 48%] Building CXX object tests/CMakeFiles/test-autorelease.dir/test-autorelease.cpp.o
[ 49%] Building CXX object tests/CMakeFiles/test-grad0.dir/get-model.cpp.o
[ 49%] Building CXX object tests/CMakeFiles/test-rope.dir/get-model.cpp.o
[ 50%] Building CXX object tests/CMakeFiles/test-autorelease.dir/get-model.cpp.o
[ 51%] Building CXX object examples/batched/CMakeFiles/batched.dir/batched.cpp.o
[ 51%] Building CXX object examples/batched-bench/CMakeFiles/batched-bench.dir/batched-bench.cpp.o
[ 52%] Linking CXX executable ../bin/test-model-load-cancel
[ 53%] Linking CXX executable ../bin/test-grad0
[ 54%] Linking CXX executable ../bin/test-rope
[ 55%] Building CXX object examples/finetune/CMakeFiles/finetune.dir/finetune.cpp.o
[ 54%] Building CXX object examples/convert-llama2c-to-ggml/CMakeFiles/convert-llama2c-to-ggml.dir/convert-llama2c-to-ggml.cpp.o
[ 55%] Linking CXX executable ../bin/test-autorelease
[ 56%] Building CXX object examples/embedding/CMakeFiles/embedding.dir/embedding.cpp.o
[ 57%] Linking CXX executable ../../bin/baby-llama
[ 58%] Building CXX object examples/gritlm/CMakeFiles/gritlm.dir/gritlm.cpp.o
[ 59%] Building CXX object examples/infill/CMakeFiles/infill.dir/infill.cpp.o
[ 60%] Linking CXX executable ../bin/test-backend-ops
[ 62%] Building CXX object examples/llava/CMakeFiles/llava-cli.dir/llava-cli.cpp.o
[ 61%] Linking CXX executable ../bin/test-llama-grammar
[ 63%] Building CXX object examples/llama-bench/CMakeFiles/llama-bench.dir/llama-bench.cpp.o
[ 64%] Building CXX object examples/tokenize/CMakeFiles/tokenize.dir/tokenize.cpp.o
[ 65%] Building CXX object examples/main/CMakeFiles/main.dir/main.cpp.o
[ 66%] Building CXX object examples/parallel/CMakeFiles/parallel.dir/parallel.cpp.o
[ 67%] Building CXX object examples/save-load-state/CMakeFiles/save-load-state.dir/save-load-state.cpp.o
[ 67%] Building CXX object examples/perplexity/CMakeFiles/perplexity.dir/perplexity.cpp.o
[ 68%] Building CXX object examples/speculative/CMakeFiles/speculative.dir/speculative.cpp.o
[ 68%] Building CXX object examples/simple/CMakeFiles/simple.dir/simple.cpp.o
[ 69%] Building CXX object examples/passkey/CMakeFiles/passkey.dir/passkey.cpp.o
[ 71%] Building CXX object examples/train-text-from-scratch/CMakeFiles/train-text-from-scratch.dir/train-text-from-scratch.cpp.o
[ 72%] Building CXX object examples/imatrix/CMakeFiles/imatrix.dir/imatrix.cpp.o
[ 70%] Building CXX object examples/lookahead/CMakeFiles/lookahead.dir/lookahead.cpp.o
[ 73%] Building CXX object examples/lookup/CMakeFiles/lookup.dir/lookup.cpp.o
[ 74%] Building CXX object examples/server/CMakeFiles/server.dir/server.cpp.o
[ 74%] Building CXX object examples/export-lora/CMakeFiles/export-lora.dir/export-lora.cpp.o
[ 75%] Building CXX object pocs/vdot/CMakeFiles/vdot.dir/vdot.cpp.o
[ 76%] Building CXX object pocs/vdot/CMakeFiles/q8dot.dir/q8dot.cpp.o
[ 76%] Built target test-quantize-fns
[ 76%] Built target test-grad0
[ 76%] Built target test-quantize-perf
[ 77%] Linking CXX executable ../../bin/vdot
[ 78%] Linking CXX executable ../../bin/q8dot
[ 78%] Built target test-grammar-parser
[ 78%] Built target test-rope
[ 78%] Built target test-backend-ops
[ 78%] Built target vdot
[ 78%] Built target q8dot
[ 78%] Built target test-sampling
[ 78%] Built target test-chat-template
[ 78%] Built target test-model-load-cancel
[ 78%] Built target test-autorelease
[ 78%] Built target test-llama-grammar
[ 78%] Built target baby-llama
[ 78%] Linking CXX executable ../../bin/tokenize
[ 79%] Linking CXX executable ../bin/test-tokenizer-1-llama
[ 79%] Linking CXX executable ../bin/test-tokenizer-1-bpe
[ 80%] Linking CXX executable ../bin/test-tokenizer-0-falcon
[ 81%] Linking CXX executable ../bin/test-tokenizer-0-llama
[ 82%] Linking CXX executable ../../bin/beam-search
[ 82%] Linking CXX executable ../../bin/save-load-state
[ 83%] Linking CXX executable ../../bin/batched-bench
[ 84%] Linking CXX executable ../../bin/batched
[ 85%] Linking CXX executable ../../bin/llava-cli
[ 86%] Linking CXX executable ../../bin/simple
[ 87%] Linking CXX executable ../../bin/gritlm
[ 88%] Linking CXX executable ../../bin/lookup
[ 89%] Linking CXX executable ../../bin/embedding
[ 90%] Linking CXX executable ../../bin/passkey
[ 91%] Linking CXX executable ../../bin/parallel
[ 92%] Linking CXX executable ../../bin/export-lora
[ 93%] Linking CXX executable ../../bin/train-text-from-scratch
[ 93%] Linking CXX executable ../../bin/lookahead
[ 93%] Built target tokenize
[ 94%] Linking CXX executable ../../bin/finetune
[ 94%] Built target test-tokenizer-1-bpe
[ 95%] Linking CXX executable ../../bin/convert-llama2c-to-ggml
[ 94%] Built target test-tokenizer-1-llama
[ 95%] Built target export-lora
[ 96%] Linking CXX executable ../../bin/infill
[ 96%] Built target convert-llama2c-to-ggml
[ 96%] Built target test-tokenizer-0-falcon
[ 96%] Built target test-tokenizer-0-llama
[ 96%] Built target batched-bench
[ 96%] Built target beam-search
[ 96%] Built target batched
[ 96%] Built target save-load-state
[ 96%] Built target simple
[ 96%] Built target gritlm
[ 96%] Linking CXX executable ../../bin/imatrix
[ 97%] Linking CXX executable ../../bin/speculative
[ 97%] Linking CXX executable ../../bin/main
[ 97%] Built target embedding
[ 97%] Built target llava-cli
[ 97%] Built target lookup
[ 97%] Built target passkey
[ 97%] Built target parallel
[ 97%] Built target train-text-from-scratch
[ 97%] Built target lookahead
[ 97%] Built target finetune
[ 97%] Built target infill
[ 97%] Built target imatrix
[ 97%] Built target speculative
[ 97%] Built target main
[ 98%] Linking CXX executable ../../bin/perplexity
[ 98%] Built target perplexity
[ 99%] Linking CXX executable ../../bin/llama-bench
[ 99%] Built target llama-bench
[100%] Linking CXX executable ../../bin/server
[100%] Built target server

real	0m38.477s
user	1m24.236s
sys	0m11.558s
+ tee -a /home/ggml/results/llama.cpp/b8/0cf3b2d1dee0ad325f7a794fecc66befce7336/ggml-1-arm64-cpu-low-perf/ctest_debug-ctest.log
+ ctest --output-on-failure -L main -E test-opt
Test project /home/ggml/work/llama.cpp/build-ci-debug
      Start  1: test-quantize-fns
 1/21 Test  #1: test-quantize-fns ...................   Passed   28.65 sec
      Start  2: test-quantize-perf
 2/21 Test  #2: test-quantize-perf ..................   Passed   10.60 sec
      Start  3: test-sampling
 3/21 Test  #3: test-sampling .......................   Passed    0.03 sec
      Start  4: test-chat-template
 4/21 Test  #4: test-chat-template ..................   Passed    0.00 sec
      Start  5: test-tokenizer-0-llama
 5/21 Test  #5: test-tokenizer-0-llama ..............   Passed    0.18 sec
      Start  6: test-tokenizer-0-falcon
 6/21 Test  #6: test-tokenizer-0-falcon .............   Passed    1.06 sec
      Start  7: test-tokenizer-1-llama
 7/21 Test  #7: test-tokenizer-1-llama ..............   Passed    4.71 sec
      Start  8: test-tokenizer-1-baichuan
 8/21 Test  #8: test-tokenizer-1-baichuan ...........   Passed    5.04 sec
      Start  9: test-tokenizer-1-falcon
 9/21 Test  #9: test-tokenizer-1-falcon .............   Passed    7.40 sec
      Start 10: test-tokenizer-1-aquila
10/21 Test #10: test-tokenizer-1-aquila .............   Passed   10.32 sec
      Start 11: test-tokenizer-1-mpt
11/21 Test #11: test-tokenizer-1-mpt ................   Passed    6.14 sec
      Start 12: test-tokenizer-1-stablelm-3b-4e1t
12/21 Test #12: test-tokenizer-1-stablelm-3b-4e1t ...   Passed    6.13 sec
      Start 13: test-tokenizer-1-gpt-neox
13/21 Test #13: test-tokenizer-1-gpt-neox ...........   Passed    6.13 sec
      Start 14: test-tokenizer-1-refact
14/21 Test #14: test-tokenizer-1-refact .............   Passed    5.93 sec
      Start 15: test-tokenizer-1-starcoder
15/21 Test #15: test-tokenizer-1-starcoder ..........   Passed    5.92 sec
      Start 16: test-tokenizer-1-gpt2
16/21 Test #16: test-tokenizer-1-gpt2 ...............   Passed    6.28 sec
      Start 17: test-grammar-parser
17/21 Test #17: test-grammar-parser .................   Passed    0.00 sec
      Start 18: test-llama-grammar
18/21 Test #18: test-llama-grammar ..................   Passed    0.00 sec
      Start 19: test-grad0
19/21 Test #19: test-grad0 ..........................   Passed    3.70 sec
      Start 20: test-backend-ops
20/21 Test #20: test-backend-ops ....................   Passed    0.00 sec
      Start 21: test-rope
21/21 Test #21: test-rope ...........................   Passed    0.08 sec

100% tests passed, 0 tests failed out of 21

Label Time Summary:
main    = 108.32 sec*proc (21 tests)

Total Test time (real) = 108.33 sec

real	1m48.347s
user	3m1.963s
sys	0m4.183s
+ set +e
+ cur=0
+ echo 0
+ set +x
+ gg_run_ctest_release
+ tee /home/ggml/results/llama.cpp/b8/0cf3b2d1dee0ad325f7a794fecc66befce7336/ggml-1-arm64-cpu-low-perf/ctest_release.log
+ cd /home/ggml/work/llama.cpp
+ rm -rf build-ci-release
+ mkdir build-ci-release
+ cd build-ci-release
+ set -e
+ tee -a /home/ggml/results/llama.cpp/b8/0cf3b2d1dee0ad325f7a794fecc66befce7336/ggml-1-arm64-cpu-low-perf/ctest_release-cmake.log
+ cmake -DCMAKE_BUILD_TYPE=Release -DLLAMA_FATAL_WARNINGS=ON ..
-- The C compiler identification is GNU 11.4.0
-- The CXX compiler identification is GNU 11.4.0
-- Detecting C compiler ABI info
-- Detecting C compiler ABI info - done
-- Check for working C compiler: /usr/bin/cc - skipped
-- Detecting C compile features
-- Detecting C compile features - done
-- Detecting CXX compiler ABI info
-- Detecting CXX compiler ABI info - done
-- Check for working CXX compiler: /usr/bin/c++ - skipped
-- Detecting CXX compile features
-- Detecting CXX compile features - done
-- Found Git: /usr/bin/git (found version "2.34.1") 
-- Looking for pthread.h
-- Looking for pthread.h - found
-- Performing Test CMAKE_HAVE_LIBC_PTHREAD
-- Performing Test CMAKE_HAVE_LIBC_PTHREAD - Success
-- Found Threads: TRUE  
-- ccache found, compilation results will be cached. Disable with LLAMA_CCACHE=OFF.
-- CMAKE_SYSTEM_PROCESSOR: aarch64
-- ARM detected
-- Performing Test COMPILER_SUPPORTS_FP16_FORMAT_I3E
-- Performing Test COMPILER_SUPPORTS_FP16_FORMAT_I3E - Failed
-- Configuring done
-- Generating done
-- Build files have been written to: /home/ggml/work/llama.cpp/build-ci-release

real	0m0.787s
user	0m0.410s
sys	0m0.381s
+ tee -a /home/ggml/results/llama.cpp/b8/0cf3b2d1dee0ad325f7a794fecc66befce7336/ggml-1-arm64-cpu-low-perf/ctest_release-make.log
+ make -j
[  0%] Building C object CMakeFiles/ggml.dir/ggml-alloc.c.o
[  2%] Building C object CMakeFiles/ggml.dir/ggml-backend.c.o
[  2%] Building CXX object common/CMakeFiles/build_info.dir/build-info.cpp.o
[  3%] Building C object CMakeFiles/ggml.dir/ggml.c.o
[  4%] Building C object CMakeFiles/ggml.dir/ggml-quants.c.o
[  4%] Built target ggml
[  5%] Built target build_info
[  7%] Linking C static library libggml_static.a
[  8%] Building CXX object CMakeFiles/llama.dir/llama.cpp.o
[  8%] Building CXX object examples/gguf/CMakeFiles/gguf.dir/gguf.cpp.o
[  9%] Building CXX object CMakeFiles/llama.dir/unicode.cpp.o
[  9%] Linking CXX executable ../../bin/gguf
[  9%] Linking CXX static library libllama.a
[  9%] Built target ggml_static
[  9%] Built target llama
[  9%] Built target gguf
[  9%] Building CXX object common/CMakeFiles/common.dir/sampling.cpp.o
[ 10%] Building CXX object examples/benchmark/CMakeFiles/benchmark.dir/benchmark-matmult.cpp.o
[ 11%] Building CXX object examples/quantize-stats/CMakeFiles/quantize-stats.dir/quantize-stats.cpp.o
[ 12%] Building CXX object common/CMakeFiles/common.dir/common.cpp.o
[ 13%] Building C object tests/CMakeFiles/test-c.dir/test-c.c.o
[ 14%] Building CXX object examples/quantize/CMakeFiles/quantize.dir/quantize.cpp.o
[ 15%] Building CXX object common/CMakeFiles/common.dir/console.cpp.o
[ 16%] Building CXX object examples/llava/CMakeFiles/llava.dir/llava.cpp.o
[ 17%] Building CXX object common/CMakeFiles/common.dir/grammar-parser.cpp.o
[ 17%] Building CXX object examples/llava/CMakeFiles/llava.dir/clip.cpp.o
[ 18%] Building CXX object common/CMakeFiles/common.dir/train.cpp.o
[ 18%] Linking CXX executable ../bin/test-c
[ 18%] Built target test-c
[ 18%] Linking CXX executable ../../bin/benchmark
[ 18%] Built target llava
[ 18%] Built target benchmark
[ 19%] Linking CXX static library libllava_static.a
[ 19%] Built target llava_static
[ 19%] Linking CXX executable ../../bin/quantize
[ 19%] Built target quantize
[ 20%] Linking CXX executable ../../bin/quantize-stats
[ 20%] Built target quantize-stats
[ 21%] Linking CXX static library libcommon.a
[ 21%] Built target common
[ 22%] Building CXX object tests/CMakeFiles/test-chat-template.dir/test-chat-template.cpp.o
[ 23%] Building CXX object tests/CMakeFiles/test-quantize-perf.dir/test-quantize-perf.cpp.o
[ 24%] Building CXX object tests/CMakeFiles/test-quantize-perf.dir/get-model.cpp.o
[ 25%] Building CXX object tests/CMakeFiles/test-tokenizer-1-llama.dir/test-tokenizer-1-llama.cpp.o
[ 26%] Building CXX object tests/CMakeFiles/test-tokenizer-1-llama.dir/get-model.cpp.o
[ 27%] Building CXX object tests/CMakeFiles/test-chat-template.dir/get-model.cpp.o
[ 28%] Building CXX object tests/CMakeFiles/test-quantize-fns.dir/get-model.cpp.o
[ 29%] Building CXX object tests/CMakeFiles/test-quantize-fns.dir/test-quantize-fns.cpp.o
[ 30%] Building CXX object tests/CMakeFiles/test-sampling.dir/test-sampling.cpp.o
[ 31%] Building CXX object tests/CMakeFiles/test-sampling.dir/get-model.cpp.o
[ 32%] Building CXX object tests/CMakeFiles/test-tokenizer-0-llama.dir/test-tokenizer-0-llama.cpp.o
[ 34%] Building CXX object tests/CMakeFiles/test-tokenizer-1-bpe.dir/get-model.cpp.o
[ 35%] Building CXX object tests/CMakeFiles/test-tokenizer-0-falcon.dir/get-model.cpp.o
[ 35%] Building CXX object tests/CMakeFiles/test-tokenizer-0-llama.dir/get-model.cpp.o
[ 33%] Building CXX object tests/CMakeFiles/test-tokenizer-0-falcon.dir/test-tokenizer-0-falcon.cpp.o
[ 36%] Building CXX object tests/CMakeFiles/test-tokenizer-1-bpe.dir/test-tokenizer-1-bpe.cpp.o
[ 37%] Building CXX object tests/CMakeFiles/test-llama-grammar.dir/test-llama-grammar.cpp.o
[ 38%] Linking CXX executable ../bin/test-quantize-perf
[ 38%] Linking CXX executable ../bin/test-quantize-fns
[ 39%] Linking CXX executable ../bin/test-chat-template
[ 39%] Linking CXX executable ../bin/test-sampling
[ 40%] Building CXX object tests/CMakeFiles/test-llama-grammar.dir/get-model.cpp.o
[ 40%] Building CXX object tests/CMakeFiles/test-rope.dir/get-model.cpp.o
[ 41%] Building CXX object tests/CMakeFiles/test-grammar-parser.dir/get-model.cpp.o
[ 42%] Building CXX object tests/CMakeFiles/test-grammar-parser.dir/test-grammar-parser.cpp.o
[ 42%] Building CXX object tests/CMakeFiles/test-grad0.dir/test-grad0.cpp.o
[ 43%] Building CXX object tests/CMakeFiles/test-model-load-cancel.dir/test-model-load-cancel.cpp.o
[ 44%] Building CXX object tests/CMakeFiles/test-rope.dir/test-rope.cpp.o
[ 45%] Building CXX object tests/CMakeFiles/test-grad0.dir/get-model.cpp.o
[ 46%] Building CXX object tests/CMakeFiles/test-backend-ops.dir/test-backend-ops.cpp.o
[ 47%] Building CXX object tests/CMakeFiles/test-backend-ops.dir/get-model.cpp.o
[ 47%] Building CXX object tests/CMakeFiles/test-model-load-cancel.dir/get-model.cpp.o
[ 48%] Building CXX object tests/CMakeFiles/test-autorelease.dir/test-autorelease.cpp.o
[ 48%] Building CXX object examples/baby-llama/CMakeFiles/baby-llama.dir/baby-llama.cpp.o
[ 48%] Building CXX object examples/batched-bench/CMakeFiles/batched-bench.dir/batched-bench.cpp.o
[ 49%] Building CXX object tests/CMakeFiles/test-autorelease.dir/get-model.cpp.o
[ 50%] Building CXX object examples/batched/CMakeFiles/batched.dir/batched.cpp.o
[ 51%] Linking CXX executable ../bin/test-llama-grammar
[ 51%] Linking CXX executable ../bin/test-grammar-parser
[ 52%] Linking CXX executable ../bin/test-rope
[ 53%] Linking CXX executable ../bin/test-backend-ops
[ 54%] Linking CXX executable ../bin/test-grad0
[ 55%] Linking CXX executable ../bin/test-model-load-cancel
[ 56%] Building CXX object examples/beam-search/CMakeFiles/beam-search.dir/beam-search.cpp.o
[ 56%] Building CXX object examples/convert-llama2c-to-ggml/CMakeFiles/convert-llama2c-to-ggml.dir/convert-llama2c-to-ggml.cpp.o
[ 57%] Building CXX object examples/embedding/CMakeFiles/embedding.dir/embedding.cpp.o
[ 57%] Linking CXX executable ../bin/test-autorelease
[ 58%] Linking CXX executable ../../bin/baby-llama
[ 59%] Building CXX object examples/finetune/CMakeFiles/finetune.dir/finetune.cpp.o
[ 60%] Building CXX object examples/infill/CMakeFiles/infill.dir/infill.cpp.o
[ 61%] Building CXX object examples/gritlm/CMakeFiles/gritlm.dir/gritlm.cpp.o
[ 62%] Building CXX object examples/llava/CMakeFiles/llava-cli.dir/llava-cli.cpp.o
[ 63%] Building CXX object examples/main/CMakeFiles/main.dir/main.cpp.o
[ 64%] Building CXX object examples/llama-bench/CMakeFiles/llama-bench.dir/llama-bench.cpp.o
[ 65%] Building CXX object examples/tokenize/CMakeFiles/tokenize.dir/tokenize.cpp.o
[ 66%] Building CXX object examples/save-load-state/CMakeFiles/save-load-state.dir/save-load-state.cpp.o
[ 66%] Building CXX object examples/perplexity/CMakeFiles/perplexity.dir/perplexity.cpp.o
[ 67%] Building CXX object examples/parallel/CMakeFiles/parallel.dir/parallel.cpp.o
[ 67%] Building CXX object examples/speculative/CMakeFiles/speculative.dir/speculative.cpp.o
[ 68%] Building CXX object examples/lookahead/CMakeFiles/lookahead.dir/lookahead.cpp.o
[ 69%] Building CXX object examples/simple/CMakeFiles/simple.dir/simple.cpp.o
[ 70%] Building CXX object examples/passkey/CMakeFiles/passkey.dir/passkey.cpp.o
[ 71%] Building CXX object examples/lookup/CMakeFiles/lookup.dir/lookup.cpp.o
[ 72%] Building CXX object examples/train-text-from-scratch/CMakeFiles/train-text-from-scratch.dir/train-text-from-scratch.cpp.o
[ 72%] Built target test-grad0
[ 72%] Building CXX object examples/export-lora/CMakeFiles/export-lora.dir/export-lora.cpp.o
[ 72%] Built target test-chat-template
[ 73%] Building CXX object examples/server/CMakeFiles/server.dir/server.cpp.o
[ 74%] Building CXX object pocs/vdot/CMakeFiles/vdot.dir/vdot.cpp.o
[ 75%] Building CXX object examples/imatrix/CMakeFiles/imatrix.dir/imatrix.cpp.o
[ 75%] Built target test-quantize-fns
[ 76%] Building CXX object pocs/vdot/CMakeFiles/q8dot.dir/q8dot.cpp.o
[ 76%] Built target test-quantize-perf
[ 76%] Built target test-rope
[ 76%] Built target test-sampling
[ 76%] Built target test-grammar-parser
[ 77%] Linking CXX executable ../../bin/vdot
[ 78%] Linking CXX executable ../../bin/q8dot
[ 78%] Built target test-llama-grammar
[ 78%] Built target test-model-load-cancel
[ 78%] Built target test-backend-ops
[ 78%] Built target test-autorelease
[ 78%] Built target baby-llama
[ 78%] Built target vdot
[ 78%] Built target q8dot
[ 78%] Linking CXX executable ../../bin/tokenize
[ 79%] Linking CXX executable ../bin/test-tokenizer-1-llama
[ 79%] Linking CXX executable ../bin/test-tokenizer-1-bpe
[ 79%] Built target tokenize
[ 79%] Built target test-tokenizer-1-llama
[ 79%] Built target test-tokenizer-1-bpe
[ 79%] Linking CXX executable ../../bin/save-load-state
[ 80%] Linking CXX executable ../../bin/beam-search
[ 80%] Built target save-load-state
[ 80%] Built target beam-search
[ 81%] Linking CXX executable ../../bin/llava-cli
[ 82%] Linking CXX executable ../../bin/gritlm
[ 83%] Linking CXX executable ../../bin/embedding
[ 84%] Linking CXX executable ../../bin/simple
[ 85%] Linking CXX executable ../../bin/batched-bench
[ 86%] Linking CXX executable ../../bin/batched
[ 86%] Built target llava-cli
[ 86%] Built target gritlm
[ 86%] Built target simple
[ 86%] Built target embedding
[ 87%] Linking CXX executable ../bin/test-tokenizer-0-llama
[ 88%] Linking CXX executable ../bin/test-tokenizer-0-falcon
[ 88%] Built target batched-bench
[ 89%] Linking CXX executable ../../bin/lookup
[ 88%] Built target batched
[ 90%] Linking CXX executable ../../bin/export-lora
[ 90%] Built target test-tokenizer-0-llama
[ 91%] Linking CXX executable ../../bin/passkey
[ 91%] Built target test-tokenizer-0-falcon
[ 91%] Built target export-lora
[ 91%] Built target lookup
[ 91%] Built target passkey
[ 92%] Linking CXX executable ../../bin/convert-llama2c-to-ggml
[ 93%] Linking CXX executable ../../bin/parallel
[ 93%] Linking CXX executable ../../bin/lookahead
[ 93%] Built target convert-llama2c-to-ggml
[ 94%] Linking CXX executable ../../bin/train-text-from-scratch
[ 94%] Built target parallel
[ 94%] Built target lookahead
[ 94%] Built target train-text-from-scratch
[ 94%] Linking CXX executable ../../bin/imatrix
[ 94%] Built target imatrix
[ 95%] Linking CXX executable ../../bin/infill
[ 96%] Linking CXX executable ../../bin/speculative
[ 96%] Built target infill
[ 97%] Linking CXX executable ../../bin/finetune
[ 97%] Built target speculative
[ 97%] Built target finetune
[ 97%] Linking CXX executable ../../bin/main
[ 97%] Built target main
[ 98%] Linking CXX executable ../../bin/perplexity
[ 98%] Built target perplexity
[ 99%] Linking CXX executable ../../bin/llama-bench
[ 99%] Built target llama-bench
[100%] Linking CXX executable ../../bin/server
[100%] Built target server

real	0m52.198s
user	1m43.867s
sys	0m8.997s
+ '[' -z 1 ']'
+ tee -a /home/ggml/results/llama.cpp/b8/0cf3b2d1dee0ad325f7a794fecc66befce7336/ggml-1-arm64-cpu-low-perf/ctest_release-ctest.log
+ ctest --output-on-failure -L main -E test-opt
Test project /home/ggml/work/llama.cpp/build-ci-release
      Start  1: test-quantize-fns
 1/21 Test  #1: test-quantize-fns ...................   Passed   16.23 sec
      Start  2: test-quantize-perf
 2/21 Test  #2: test-quantize-perf ..................   Passed    5.78 sec
      Start  3: test-sampling
 3/21 Test  #3: test-sampling .......................   Passed    0.01 sec
      Start  4: test-chat-template
 4/21 Test  #4: test-chat-template ..................   Passed    0.00 sec
      Start  5: test-tokenizer-0-llama
 5/21 Test  #5: test-tokenizer-0-llama ..............   Passed    0.05 sec
      Start  6: test-tokenizer-0-falcon
 6/21 Test  #6: test-tokenizer-0-falcon .............   Passed    0.28 sec
      Start  7: test-tokenizer-1-llama
 7/21 Test  #7: test-tokenizer-1-llama ..............   Passed    0.64 sec
      Start  8: test-tokenizer-1-baichuan
 8/21 Test  #8: test-tokenizer-1-baichuan ...........   Passed    0.75 sec
      Start  9: test-tokenizer-1-falcon
 9/21 Test  #9: test-tokenizer-1-falcon .............   Passed    1.16 sec
      Start 10: test-tokenizer-1-aquila
10/21 Test #10: test-tokenizer-1-aquila .............   Passed    1.78 sec
      Start 11: test-tokenizer-1-mpt
11/21 Test #11: test-tokenizer-1-mpt ................   Passed    0.93 sec
      Start 12: test-tokenizer-1-stablelm-3b-4e1t
12/21 Test #12: test-tokenizer-1-stablelm-3b-4e1t ...   Passed    0.92 sec
      Start 13: test-tokenizer-1-gpt-neox
13/21 Test #13: test-tokenizer-1-gpt-neox ...........   Passed    0.93 sec
      Start 14: test-tokenizer-1-refact
14/21 Test #14: test-tokenizer-1-refact .............   Passed    0.90 sec
      Start 15: test-tokenizer-1-starcoder
15/21 Test #15: test-tokenizer-1-starcoder ..........   Passed    0.90 sec
      Start 16: test-tokenizer-1-gpt2
16/21 Test #16: test-tokenizer-1-gpt2 ...............   Passed    0.93 sec
      Start 17: test-grammar-parser
17/21 Test #17: test-grammar-parser .................   Passed    0.00 sec
      Start 18: test-llama-grammar
18/21 Test #18: test-llama-grammar ..................   Passed    0.00 sec
      Start 19: test-grad0
19/21 Test #19: test-grad0 ..........................   Passed    4.28 sec
      Start 20: test-backend-ops
20/21 Test #20: test-backend-ops ....................   Passed    0.00 sec
      Start 21: test-rope
21/21 Test #21: test-rope ...........................   Passed    0.05 sec

100% tests passed, 0 tests failed out of 21

Label Time Summary:
main    =  36.54 sec*proc (21 tests)

Total Test time (real) =  36.55 sec

real	0m36.562s
user	0m47.922s
sys	0m3.673s
+ set +e
+ cur=0
+ echo 0
+ set +x
