+ cmake -DCMAKE_BUILD_TYPE=Release -DLLAMA_FATAL_WARNINGS=ON ..
-- The C compiler identification is GNU 11.4.0
-- The CXX compiler identification is GNU 11.4.0
-- Detecting C compiler ABI info
-- Detecting C compiler ABI info - done
-- Check for working C compiler: /usr/bin/cc - skipped
-- Detecting C compile features
-- Detecting C compile features - done
-- Detecting CXX compiler ABI info
-- Detecting CXX compiler ABI info - done
-- Check for working CXX compiler: /usr/bin/c++ - skipped
-- Detecting CXX compile features
-- Detecting CXX compile features - done
-- Found Git: /usr/bin/git (found version "2.34.1") 
-- Looking for pthread.h
-- Looking for pthread.h - found
-- Performing Test CMAKE_HAVE_LIBC_PTHREAD
-- Performing Test CMAKE_HAVE_LIBC_PTHREAD - Success
-- Found Threads: TRUE  
-- ccache found, compilation results will be cached. Disable with GGML_CCACHE=OFF.
-- CMAKE_SYSTEM_PROCESSOR: aarch64
-- Including CPU backend
-- Found OpenMP_C: -fopenmp (found version "4.5") 
-- Found OpenMP_CXX: -fopenmp (found version "4.5") 
-- Found OpenMP: TRUE (found version "4.5")  
-- ARM detected
-- Performing Test GGML_COMPILER_SUPPORTS_FP16_FORMAT_I3E
-- Performing Test GGML_COMPILER_SUPPORTS_FP16_FORMAT_I3E - Failed
-- Performing Test GGML_MACHINE_SUPPORTS_dotprod
-- Performing Test GGML_MACHINE_SUPPORTS_dotprod - Success
-- Performing Test GGML_MACHINE_SUPPORTS_i8mm
-- Performing Test GGML_MACHINE_SUPPORTS_i8mm - Failed
-- Performing Test GGML_MACHINE_SUPPORTS_sve
-- Performing Test GGML_MACHINE_SUPPORTS_sve - Failed
-- ARM feature DOTPROD enabled
-- ARM feature FMA enabled
-- ARM feature FP16_VECTOR_ARITHMETIC enabled
-- Adding CPU backend variant ggml-cpu: -mcpu=ares+crypto+noprofile+dotprod+noi8mm+nosve 
-- Configuring done
-- Generating done
-- Build files have been written to: /home/ggml/work/llama.cpp/build-ci-release

real	0m2.011s
user	0m1.314s
sys	0m0.498s
++ nproc
+ make -j8
[  0%] Building C object examples/gguf-hash/CMakeFiles/sha256.dir/deps/sha256/sha256.c.o
[  4%] Building C object ggml/src/CMakeFiles/ggml-base.dir/ggml.c.o
[  0%] Building C object ggml/src/CMakeFiles/ggml-base.dir/ggml-alloc.c.o
[  4%] Building C object examples/gguf-hash/CMakeFiles/xxhash.dir/deps/xxhash/xxhash.c.o
[  5%] Building CXX object common/CMakeFiles/build_info.dir/build-info.cpp.o
[  5%] Building CXX object ggml/src/CMakeFiles/ggml-base.dir/ggml-backend.cpp.o
[  4%] Building C object examples/gguf-hash/CMakeFiles/sha1.dir/deps/sha1/sha1.c.o
[  5%] Building CXX object ggml/src/CMakeFiles/ggml-base.dir/ggml-opt.cpp.o
[  5%] Built target sha256
[  5%] Built target sha1
[  5%] Built target xxhash
[  5%] Building C object ggml/src/CMakeFiles/ggml-base.dir/ggml-quants.c.o
[  7%] Building CXX object ggml/src/CMakeFiles/ggml-base.dir/ggml-threading.cpp.o
[  7%] Building CXX object ggml/src/CMakeFiles/ggml-base.dir/gguf.cpp.o
[  7%] Built target build_info
[  7%] Linking CXX shared library libggml-base.so
[  7%] Built target ggml-base
[ 11%] Building CXX object ggml/src/CMakeFiles/ggml-cpu.dir/ggml-cpu/ggml-cpu-aarch64.cpp.o
[ 11%] Building CXX object ggml/src/CMakeFiles/ggml-cpu.dir/ggml-cpu/ggml-cpu-traits.cpp.o
[ 11%] Building CXX object ggml/src/CMakeFiles/ggml-cpu.dir/ggml-cpu/ggml-cpu-hbm.cpp.o
[ 11%] Building C object ggml/src/CMakeFiles/ggml-cpu.dir/ggml-cpu/ggml-cpu.c.o
[ 11%] Building CXX object ggml/src/CMakeFiles/ggml-cpu.dir/ggml-cpu/amx/amx.cpp.o
[ 11%] Building CXX object ggml/src/CMakeFiles/ggml-cpu.dir/ggml-cpu/ggml-cpu.cpp.o
[ 11%] Building C object ggml/src/CMakeFiles/ggml-cpu.dir/ggml-cpu/ggml-cpu-quants.c.o
[ 11%] Building CXX object ggml/src/CMakeFiles/ggml-cpu.dir/ggml-cpu/amx/mmq.cpp.o
[ 12%] Building CXX object ggml/src/CMakeFiles/ggml-cpu.dir/ggml-cpu/llamafile/sgemm.cpp.o
[ 12%] Linking CXX shared library libggml-cpu.so
[ 12%] Built target ggml-cpu
[ 13%] Building CXX object ggml/src/CMakeFiles/ggml.dir/ggml-backend-reg.cpp.o
[ 13%] Linking CXX shared library libggml.so
[ 13%] Built target ggml
[ 13%] Building CXX object examples/gguf-hash/CMakeFiles/llama-gguf-hash.dir/gguf-hash.cpp.o
[ 13%] Building CXX object examples/gguf/CMakeFiles/llama-gguf.dir/gguf.cpp.o
[ 14%] Building CXX object src/CMakeFiles/llama.dir/llama-adapter.cpp.o
[ 14%] Building CXX object src/CMakeFiles/llama.dir/llama.cpp.o
[ 15%] Building CXX object src/CMakeFiles/llama.dir/llama-arch.cpp.o
[ 15%] Building CXX object src/CMakeFiles/llama.dir/llama-batch.cpp.o
[ 15%] Building CXX object src/CMakeFiles/llama.dir/llama-context.cpp.o
[ 16%] Building CXX object src/CMakeFiles/llama.dir/llama-chat.cpp.o
[ 18%] Linking CXX executable ../../bin/llama-gguf
[ 18%] Building CXX object src/CMakeFiles/llama.dir/llama-grammar.cpp.o
[ 18%] Building CXX object src/CMakeFiles/llama.dir/llama-hparams.cpp.o
[ 20%] Building CXX object src/CMakeFiles/llama.dir/llama-impl.cpp.o
[ 20%] Linking CXX executable ../../bin/llama-gguf-hash
[ 20%] Building CXX object src/CMakeFiles/llama.dir/llama-kv-cache.cpp.o
[ 20%] Building CXX object src/CMakeFiles/llama.dir/llama-model-loader.cpp.o
[ 21%] Building CXX object src/CMakeFiles/llama.dir/llama-mmap.cpp.o
[ 22%] Building CXX object src/CMakeFiles/llama.dir/llama-model.cpp.o
[ 23%] Building CXX object src/CMakeFiles/llama.dir/llama-sampling.cpp.o
[ 23%] Building CXX object src/CMakeFiles/llama.dir/llama-vocab.cpp.o
[ 23%] Building CXX object src/CMakeFiles/llama.dir/llama-quant.cpp.o
[ 23%] Building CXX object src/CMakeFiles/llama.dir/unicode-data.cpp.o
[ 24%] Building CXX object src/CMakeFiles/llama.dir/unicode.cpp.o
[ 25%] Linking CXX shared library libllama.so
[ 25%] Built target llama-gguf
[ 25%] Built target llama-gguf-hash
[ 25%] Built target llama
[ 30%] Building CXX object examples/simple-chat/CMakeFiles/llama-simple-chat.dir/simple-chat.cpp.o
[ 30%] Building CXX object common/CMakeFiles/common.dir/common.cpp.o
[ 30%] Building CXX object common/CMakeFiles/common.dir/arg.cpp.o
[ 30%] Building CXX object examples/simple/CMakeFiles/llama-simple.dir/simple.cpp.o
[ 30%] Building C object tests/CMakeFiles/test-c.dir/test-c.c.o
[ 30%] Building CXX object examples/llava/CMakeFiles/llava.dir/llava.cpp.o
[ 30%] Building CXX object common/CMakeFiles/common.dir/console.cpp.o
[ 30%] Building CXX object examples/quantize-stats/CMakeFiles/llama-quantize-stats.dir/quantize-stats.cpp.o
[ 30%] Linking C executable ../bin/test-c
[ 30%] Linking CXX executable ../../bin/llama-simple
[ 30%] Linking CXX executable ../../bin/llama-simple-chat
[ 31%] Linking CXX executable ../../bin/llama-quantize-stats
[ 32%] Building CXX object common/CMakeFiles/common.dir/json-schema-to-grammar.cpp.o
[ 32%] Building CXX object common/CMakeFiles/common.dir/log.cpp.o
[ 33%] Building CXX object common/CMakeFiles/common.dir/ngram-cache.cpp.o
[ 33%] Building CXX object common/CMakeFiles/common.dir/sampling.cpp.o
[ 33%] Built target test-c
[ 34%] Building CXX object common/CMakeFiles/common.dir/speculative.cpp.o
[ 34%] Building CXX object examples/llava/CMakeFiles/llava.dir/clip.cpp.o
[ 34%] Linking CXX static library libcommon.a
[ 34%] Built target llama-simple
[ 34%] Built target llama-simple-chat
[ 34%] Built target llama-quantize-stats
[ 34%] Built target common
[ 36%] Building CXX object tests/CMakeFiles/test-llama-grammar.dir/test-llama-grammar.cpp.o
[ 36%] Building CXX object tests/CMakeFiles/test-sampling.dir/test-sampling.cpp.o
[ 36%] Building CXX object tests/CMakeFiles/test-json-schema-to-grammar.dir/test-json-schema-to-grammar.cpp.o
[ 36%] Building CXX object tests/CMakeFiles/test-tokenizer-0.dir/test-tokenizer-0.cpp.o
[ 37%] Building CXX object tests/CMakeFiles/test-grammar-integration.dir/test-grammar-integration.cpp.o
[ 37%] Building CXX object tests/CMakeFiles/test-grammar-parser.dir/test-grammar-parser.cpp.o
[ 39%] Building CXX object tests/CMakeFiles/test-llama-grammar.dir/get-model.cpp.o
[ 39%] Building CXX object tests/CMakeFiles/test-grammar-parser.dir/get-model.cpp.o
[ 40%] Building CXX object tests/CMakeFiles/test-sampling.dir/get-model.cpp.o
[ 40%] Linking CXX executable ../bin/test-tokenizer-0
[ 40%] Building CXX object tests/CMakeFiles/test-grammar-integration.dir/get-model.cpp.o
[ 40%] Building CXX object tests/CMakeFiles/test-json-schema-to-grammar.dir/get-model.cpp.o
[ 40%] Linking CXX executable ../bin/test-llama-grammar
[ 40%] Linking CXX executable ../bin/test-grammar-parser
[ 40%] Linking CXX executable ../bin/test-sampling
[ 41%] Linking CXX executable ../bin/test-grammar-integration
[ 42%] Linking CXX executable ../bin/test-json-schema-to-grammar
[ 42%] Built target test-llama-grammar
[ 42%] Built target test-sampling
[ 42%] Built target test-grammar-parser
[ 43%] Building CXX object tests/CMakeFiles/test-tokenizer-1-bpe.dir/test-tokenizer-1-bpe.cpp.o
[ 44%] Building CXX object tests/CMakeFiles/test-tokenizer-1-spm.dir/test-tokenizer-1-spm.cpp.o
[ 45%] Building CXX object tests/CMakeFiles/test-log.dir/test-log.cpp.o
[ 45%] Built target test-grammar-integration
[ 45%] Linking CXX executable ../bin/test-tokenizer-1-bpe
[ 45%] Built target test-json-schema-to-grammar
[ 45%] Linking CXX executable ../bin/test-tokenizer-1-spm
[ 45%] Built target test-tokenizer-0
[ 45%] Building CXX object tests/CMakeFiles/test-log.dir/get-model.cpp.o
[ 46%] Building CXX object tests/CMakeFiles/test-arg-parser.dir/test-arg-parser.cpp.o
[ 47%] Building CXX object tests/CMakeFiles/test-chat-template.dir/test-chat-template.cpp.o
[ 48%] Linking CXX executable ../bin/test-log
[ 48%] Building CXX object tests/CMakeFiles/test-gguf.dir/test-gguf.cpp.o
[ 48%] Building CXX object tests/CMakeFiles/test-arg-parser.dir/get-model.cpp.o
[ 49%] Building CXX object tests/CMakeFiles/test-gguf.dir/get-model.cpp.o
[ 50%] Building CXX object tests/CMakeFiles/test-chat-template.dir/get-model.cpp.o
[ 50%] Linking CXX executable ../bin/test-arg-parser
[ 50%] Linking CXX executable ../bin/test-gguf
[ 51%] Linking CXX executable ../bin/test-chat-template
[ 51%] Built target test-log
[ 52%] Building CXX object tests/CMakeFiles/test-backend-ops.dir/test-backend-ops.cpp.o
[ 52%] Built target test-tokenizer-1-bpe
[ 52%] Built target test-tokenizer-1-spm
[ 52%] Building CXX object tests/CMakeFiles/test-backend-ops.dir/get-model.cpp.o
[ 52%] Built target test-gguf
[ 53%] Linking CXX executable ../bin/test-backend-ops
[ 53%] Building CXX object tests/CMakeFiles/test-model-load-cancel.dir/test-model-load-cancel.cpp.o
[ 53%] Building CXX object tests/CMakeFiles/test-barrier.dir/test-barrier.cpp.o
[ 53%] Building CXX object tests/CMakeFiles/test-autorelease.dir/test-autorelease.cpp.o
[ 54%] Building CXX object tests/CMakeFiles/test-model-load-cancel.dir/get-model.cpp.o
[ 55%] Building CXX object tests/CMakeFiles/test-autorelease.dir/get-model.cpp.o
[ 56%] Building CXX object tests/CMakeFiles/test-barrier.dir/get-model.cpp.o
[ 56%] Linking CXX executable ../bin/test-model-load-cancel
[ 56%] Linking CXX executable ../bin/test-autorelease
[ 56%] Linking CXX executable ../bin/test-barrier
[ 56%] Built target test-arg-parser
[ 56%] Built target test-chat-template
[ 57%] Building CXX object tests/CMakeFiles/test-quantize-fns.dir/test-quantize-fns.cpp.o
[ 57%] Building CXX object tests/CMakeFiles/test-quantize-perf.dir/test-quantize-perf.cpp.o
[ 57%] Building CXX object tests/CMakeFiles/test-quantize-fns.dir/get-model.cpp.o
[ 57%] Built target test-backend-ops
[ 58%] Linking CXX executable ../bin/test-quantize-fns
[ 59%] Building CXX object tests/CMakeFiles/test-quantize-perf.dir/get-model.cpp.o
[ 59%] Built target test-model-load-cancel
[ 60%] Built target test-barrier
[ 60%] Building CXX object tests/CMakeFiles/test-rope.dir/test-rope.cpp.o
[ 60%] Built target test-autorelease
[ 60%] Linking CXX executable ../bin/test-quantize-perf
[ 60%] Building CXX object examples/batched-bench/CMakeFiles/llama-batched-bench.dir/batched-bench.cpp.o
[ 60%] Building CXX object tests/CMakeFiles/test-rope.dir/get-model.cpp.o
[ 60%] Building CXX object examples/batched/CMakeFiles/llama-batched.dir/batched.cpp.o
[ 61%] Linking CXX executable ../bin/test-rope
[ 61%] Building CXX object examples/embedding/CMakeFiles/llama-embedding.dir/embedding.cpp.o
[ 62%] Linking CXX executable ../../bin/llama-batched-bench
[ 63%] Linking CXX executable ../../bin/llama-batched
[ 64%] Linking CXX executable ../../bin/llama-embedding
[ 64%] Built target test-quantize-fns
[ 64%] Building CXX object examples/eval-callback/CMakeFiles/llama-eval-callback.dir/eval-callback.cpp.o
[ 64%] Built target test-quantize-perf
[ 65%] Linking CXX executable ../../bin/llama-eval-callback
[ 65%] Building CXX object examples/gbnf-validator/CMakeFiles/llama-gbnf-validator.dir/gbnf-validator.cpp.o
[ 65%] Built target test-rope
[ 66%] Linking CXX executable ../../bin/llama-gbnf-validator
[ 66%] Building CXX object examples/gguf-split/CMakeFiles/llama-gguf-split.dir/gguf-split.cpp.o
[ 67%] Linking CXX executable ../../bin/llama-gguf-split
[ 67%] Building CXX object examples/gritlm/CMakeFiles/llama-gritlm.dir/gritlm.cpp.o
[ 67%] Built target llama-batched-bench
[ 68%] Linking CXX executable ../../bin/llama-gritlm
[ 68%] Built target llama-gbnf-validator
[ 68%] Building CXX object examples/imatrix/CMakeFiles/llama-imatrix.dir/imatrix.cpp.o
[ 68%] Built target llama-batched
[ 68%] Built target llama-embedding
[ 69%] Linking CXX executable ../../bin/llama-imatrix
[ 69%] Built target llama-gguf-split
[ 69%] Building CXX object examples/infill/CMakeFiles/llama-infill.dir/infill.cpp.o
[ 69%] Building CXX object examples/lookahead/CMakeFiles/llama-lookahead.dir/lookahead.cpp.o
[ 69%] Building CXX object examples/llama-bench/CMakeFiles/llama-bench.dir/llama-bench.cpp.o
[ 69%] Building CXX object examples/lookup/CMakeFiles/llama-lookup.dir/lookup.cpp.o
[ 70%] Linking CXX executable ../../bin/llama-infill
[ 70%] Built target llama-eval-callback
[ 71%] Linking CXX executable ../../bin/llama-lookahead
[ 72%] Linking CXX executable ../../bin/llama-bench
[ 73%] Linking CXX executable ../../bin/llama-lookup
[ 73%] Building CXX object examples/lookup/CMakeFiles/llama-lookup-create.dir/lookup-create.cpp.o
[ 74%] Linking CXX executable ../../bin/llama-lookup-create
[ 74%] Built target llama-gritlm
[ 74%] Building CXX object examples/lookup/CMakeFiles/llama-lookup-merge.dir/lookup-merge.cpp.o
[ 74%] Built target llama-imatrix
[ 75%] Linking CXX executable ../../bin/llama-lookup-merge
[ 75%] Building CXX object examples/lookup/CMakeFiles/llama-lookup-stats.dir/lookup-stats.cpp.o
[ 75%] Built target llama-bench
[ 75%] Built target llama-infill
[ 75%] Building CXX object examples/main/CMakeFiles/llama-cli.dir/main.cpp.o
[ 75%] Built target llama-lookahead
[ 76%] Linking CXX executable ../../bin/llama-lookup-stats
[ 76%] Built target llama-lookup
[ 76%] Building CXX object examples/parallel/CMakeFiles/llama-parallel.dir/parallel.cpp.o
[ 76%] Building CXX object examples/passkey/CMakeFiles/llama-passkey.dir/passkey.cpp.o
[ 77%] Linking CXX executable ../../bin/llama-cli
[ 77%] Building CXX object examples/perplexity/CMakeFiles/llama-perplexity.dir/perplexity.cpp.o
[ 78%] Linking CXX executable ../../bin/llama-parallel
[ 78%] Built target llama-lookup-merge
[ 79%] Linking CXX executable ../../bin/llama-passkey
/home/ggml/work/llama.cpp/examples/perplexity/perplexity.cpp: In lambda function:
/home/ggml/work/llama.cpp/examples/perplexity/perplexity.cpp:1735:41: note: parameter passing for argument of type ‘std::pair<double, double>’ when C++17 is enabled changed to match C++14 in GCC 10.1
 1735 |             return std::make_pair(0., 0.);
      |                                         ^
[ 80%] Built target llama-lookup-create
[ 80%] Linking CXX executable ../../bin/llama-perplexity
[ 80%] Building CXX object examples/retrieval/CMakeFiles/llama-retrieval.dir/retrieval.cpp.o
[ 80%] Building CXX object examples/quantize/CMakeFiles/llama-quantize.dir/quantize.cpp.o
[ 81%] Linking CXX executable ../../bin/llama-retrieval
[ 82%] Linking CXX executable ../../bin/llama-quantize
[ 82%] Built target llama-lookup-stats
[ 82%] Generating loading.html.hpp
[ 82%] Built target llama-cli
[ 83%] Generating index.html.gz.hpp
[ 83%] Built target llama-parallel
[ 83%] Built target llama-passkey
[ 84%] Building CXX object examples/save-load-state/CMakeFiles/llama-save-load-state.dir/save-load-state.cpp.o
[ 84%] Built target llama-perplexity
[ 84%] Building CXX object examples/run/CMakeFiles/llama-run.dir/run.cpp.o
[ 85%] Building CXX object examples/speculative/CMakeFiles/llama-speculative.dir/speculative.cpp.o
[ 85%] Linking CXX executable ../../bin/llama-save-load-state
[ 85%] Built target llama-quantize
[ 86%] Building CXX object examples/speculative-simple/CMakeFiles/llama-speculative-simple.dir/speculative-simple.cpp.o
[ 86%] Linking CXX executable ../../bin/llama-speculative
[ 87%] Building CXX object examples/run/CMakeFiles/llama-run.dir/linenoise.cpp/linenoise.cpp.o
[ 87%] Linking CXX executable ../../bin/llama-speculative-simple
[ 88%] Building CXX object examples/tokenize/CMakeFiles/llama-tokenize.dir/tokenize.cpp.o
[ 88%] Built target llama-retrieval
[ 88%] Linking CXX executable ../../bin/llama-run
[ 88%] Linking CXX executable ../../bin/llama-tokenize
[ 89%] Building CXX object examples/tts/CMakeFiles/llama-tts.dir/tts.cpp.o
[ 89%] Linking CXX executable ../../bin/llama-tts
[ 89%] Built target llama-save-load-state
[ 89%] Building CXX object examples/gen-docs/CMakeFiles/llama-gen-docs.dir/gen-docs.cpp.o
[ 89%] Built target llama-speculative
[ 89%] Built target llama-tokenize
[ 89%] Built target llama-speculative-simple
[ 89%] Built target llama-run
[ 90%] Linking CXX executable ../../bin/llama-gen-docs
[ 90%] Building CXX object examples/convert-llama2c-to-ggml/CMakeFiles/llama-convert-llama2c-to-ggml.dir/convert-llama2c-to-ggml.cpp.o
[ 90%] Building CXX object examples/cvector-generator/CMakeFiles/llama-cvector-generator.dir/cvector-generator.cpp.o
[ 90%] Building CXX object examples/export-lora/CMakeFiles/llama-export-lora.dir/export-lora.cpp.o
[ 91%] Building CXX object pocs/vdot/CMakeFiles/llama-vdot.dir/vdot.cpp.o
[ 92%] Linking CXX executable ../../bin/llama-convert-llama2c-to-ggml
[ 93%] Linking CXX executable ../../bin/llama-cvector-generator
[ 93%] Linking CXX executable ../../bin/llama-vdot
[ 94%] Linking CXX executable ../../bin/llama-export-lora
[ 94%] Built target llama-tts
[ 94%] Building CXX object pocs/vdot/CMakeFiles/llama-q8dot.dir/q8dot.cpp.o
[ 95%] Linking CXX executable ../../bin/llama-q8dot
[ 95%] Built target llama-vdot
[ 95%] Built target llama-convert-llama2c-to-ggml
[ 95%] Built target llama-gen-docs
[ 95%] Built target llama-q8dot
[ 95%] Built target llama-cvector-generator
[ 95%] Built target llama-export-lora
[ 96%] Building CXX object examples/server/CMakeFiles/llama-server.dir/server.cpp.o
[ 96%] Linking CXX executable ../../bin/llama-server
[ 96%] Built target llama-server
[ 96%] Built target llava
[ 96%] Building CXX object examples/llava/CMakeFiles/llama-llava-cli.dir/llava-cli.cpp.o
[ 96%] Linking CXX static library libllava_static.a
[ 97%] Linking CXX shared library libllava_shared.so
[ 97%] Building CXX object examples/llava/CMakeFiles/llama-minicpmv-cli.dir/minicpmv-cli.cpp.o
[ 97%] Building CXX object examples/llava/CMakeFiles/llama-qwen2vl-cli.dir/qwen2vl-cli.cpp.o
[ 98%] Linking CXX executable ../../bin/llama-llava-cli
[ 99%] Linking CXX executable ../../bin/llama-qwen2vl-cli
[ 99%] Built target llava_static
[ 99%] Built target llava_shared
[ 99%] Built target llama-llava-cli
[ 99%] Built target llama-qwen2vl-cli
[100%] Linking CXX executable ../../bin/llama-minicpmv-cli
[100%] Built target llama-minicpmv-cli

real	0m14.215s
user	0m24.088s
sys	0m4.644s
+ ctest --output-on-failure -L main
Test project /home/ggml/work/llama.cpp/build-ci-release
      Start  1: test-tokenizer-0-bert-bge
 1/28 Test  #1: test-tokenizer-0-bert-bge .........   Passed    0.04 sec
      Start  2: test-tokenizer-0-command-r
 2/28 Test  #2: test-tokenizer-0-command-r ........   Passed    0.90 sec
      Start  3: test-tokenizer-0-deepseek-coder
 3/28 Test  #3: test-tokenizer-0-deepseek-coder ...   Passed    0.10 sec
      Start  4: test-tokenizer-0-deepseek-llm
 4/28 Test  #4: test-tokenizer-0-deepseek-llm .....   Passed    0.31 sec
      Start  5: test-tokenizer-0-falcon
 5/28 Test  #5: test-tokenizer-0-falcon ...........   Passed    0.18 sec
      Start  6: test-tokenizer-0-gpt-2
 6/28 Test  #6: test-tokenizer-0-gpt-2 ............   Passed    0.13 sec
      Start  7: test-tokenizer-0-llama-bpe
 7/28 Test  #7: test-tokenizer-0-llama-bpe ........   Passed    0.56 sec
      Start  8: test-tokenizer-0-llama-spm
 8/28 Test  #8: test-tokenizer-0-llama-spm ........   Passed    0.06 sec
      Start  9: test-tokenizer-0-mpt
 9/28 Test  #9: test-tokenizer-0-mpt ..............   Passed    0.13 sec
      Start 10: test-tokenizer-0-phi-3
10/28 Test #10: test-tokenizer-0-phi-3 ............   Passed    0.05 sec
      Start 11: test-tokenizer-0-qwen2
11/28 Test #11: test-tokenizer-0-qwen2 ............   Passed    0.44 sec
      Start 12: test-tokenizer-0-refact
12/28 Test #12: test-tokenizer-0-refact ...........   Passed    0.13 sec
      Start 13: test-tokenizer-0-starcoder
13/28 Test #13: test-tokenizer-0-starcoder ........   Passed    0.13 sec
      Start 14: test-sampling
14/28 Test #14: test-sampling .....................   Passed    1.30 sec
      Start 15: test-grammar-parser
15/28 Test #15: test-grammar-parser ...............   Passed    0.00 sec
      Start 16: test-grammar-integration
16/28 Test #16: test-grammar-integration ..........   Passed    0.01 sec
      Start 17: test-llama-grammar
17/28 Test #17: test-llama-grammar ................   Passed    0.00 sec
      Start 18: test-json-schema-to-grammar
18/28 Test #18: test-json-schema-to-grammar .......   Passed    2.37 sec
      Start 19: test-tokenizer-1-llama-spm
19/28 Test #19: test-tokenizer-1-llama-spm ........   Passed    0.24 sec
      Start 20: test-log
20/28 Test #20: test-log ..........................   Passed    0.02 sec
      Start 21: test-arg-parser
21/28 Test #21: test-arg-parser ...................   Passed    0.05 sec
      Start 22: test-chat-template
22/28 Test #22: test-chat-template ................   Passed    0.14 sec
      Start 23: test-gguf
23/28 Test #23: test-gguf .........................   Passed    0.22 sec
      Start 24: test-backend-ops
24/28 Test #24: test-backend-ops ..................   Passed    0.01 sec
      Start 27: test-barrier
25/28 Test #27: test-barrier ......................   Passed    0.32 sec
      Start 28: test-quantize-fns
26/28 Test #28: test-quantize-fns .................   Passed   17.41 sec
      Start 29: test-quantize-perf
27/28 Test #29: test-quantize-perf ................   Passed    0.08 sec
      Start 30: test-rope
28/28 Test #30: test-rope .........................   Passed    0.08 sec

100% tests passed, 0 tests failed out of 28

Label Time Summary:
main    =  25.38 sec*proc (28 tests)

Total Test time (real) =  25.39 sec

real	0m25.402s
user	0m26.273s
sys	0m1.031s
