+ ctest --output-on-failure -E test-opt
Test project /Users/ggml/work/llama.cpp/build-ci-debug
      Start  1: test-quantize-fns
 1/19 Test  #1: test-quantize-fns ...................   Passed    0.37 sec
      Start  2: test-quantize-perf
 2/19 Test  #2: test-quantize-perf ..................   Passed    0.46 sec
      Start  3: test-sampling
 3/19 Test  #3: test-sampling .......................   Passed    0.20 sec
      Start  4: test-tokenizer-0-llama
 4/19 Test  #4: test-tokenizer-0-llama ..............   Passed    0.35 sec
      Start  5: test-tokenizer-0-falcon
 5/19 Test  #5: test-tokenizer-0-falcon .............   Passed    0.99 sec
      Start  6: test-tokenizer-1-llama
 6/19 Test  #6: test-tokenizer-1-llama ..............   Passed   13.35 sec
      Start  7: test-tokenizer-1-baichuan
 7/19 Test  #7: test-tokenizer-1-baichuan ...........   Passed   13.04 sec
      Start  8: test-tokenizer-1-falcon
 8/19 Test  #8: test-tokenizer-1-falcon .............   Passed   12.45 sec
      Start  9: test-tokenizer-1-aquila
 9/19 Test  #9: test-tokenizer-1-aquila .............   Passed   14.83 sec
      Start 10: test-tokenizer-1-mpt
10/19 Test #10: test-tokenizer-1-mpt ................   Passed   11.18 sec
      Start 11: test-tokenizer-1-stablelm-3b-4e1t
11/19 Test #11: test-tokenizer-1-stablelm-3b-4e1t ...   Passed   11.19 sec
      Start 12: test-tokenizer-1-gpt-neox
12/19 Test #12: test-tokenizer-1-gpt-neox ...........   Passed   11.18 sec
      Start 13: test-tokenizer-1-refact
13/19 Test #13: test-tokenizer-1-refact .............   Passed   11.05 sec
      Start 14: test-tokenizer-1-starcoder
14/19 Test #14: test-tokenizer-1-starcoder ..........   Passed   11.04 sec
      Start 15: test-grammar-parser
15/19 Test #15: test-grammar-parser .................   Passed    0.27 sec
      Start 16: test-llama-grammar
16/19 Test #16: test-llama-grammar ..................   Passed    0.22 sec
      Start 17: test-grad0
17/19 Test #17: test-grad0 ..........................   Passed    0.91 sec
      Start 18: test-backend-ops
18/19 Test #18: test-backend-ops ....................   Passed   64.41 sec
      Start 19: test-rope
19/19 Test #19: test-rope ...........................   Passed    0.43 sec

100% tests passed, 0 tests failed out of 19

Total Test time (real) = 177.92 sec

real	2m57.927s
user	3m34.182s
sys	0m9.437s
