+ cmake -DCMAKE_BUILD_TYPE=Release -DLLAMA_FATAL_WARNINGS=ON ..
-- The C compiler identification is GNU 11.4.0
-- The CXX compiler identification is GNU 11.4.0
-- Detecting C compiler ABI info
-- Detecting C compiler ABI info - done
-- Check for working C compiler: /usr/bin/cc - skipped
-- Detecting C compile features
-- Detecting C compile features - done
-- Detecting CXX compiler ABI info
-- Detecting CXX compiler ABI info - done
-- Check for working CXX compiler: /usr/bin/c++ - skipped
-- Detecting CXX compile features
-- Detecting CXX compile features - done
-- Found Git: /usr/bin/git (found version "2.34.1") 
-- Performing Test CMAKE_HAVE_LIBC_PTHREAD
-- Performing Test CMAKE_HAVE_LIBC_PTHREAD - Success
-- Found Threads: TRUE  
-- Found OpenMP_C: -fopenmp (found version "4.5") 
-- Found OpenMP_CXX: -fopenmp (found version "4.5") 
-- Found OpenMP: TRUE (found version "4.5")  
-- OpenMP found
-- Using llamafile
-- ccache found, compilation results will be cached. Disable with GGML_CCACHE=OFF.
-- CMAKE_SYSTEM_PROCESSOR: x86_64
-- x86 detected
-- Configuring done (0.6s)
-- Generating done (0.1s)
-- Build files have been written to: /home/ggml/work/llama.cpp/build-ci-release

real	0m0.686s
user	0m0.536s
sys	0m0.153s
++ nproc
+ make -j4
[  2%] Building C object examples/gguf-hash/CMakeFiles/xxhash.dir/deps/xxhash/xxhash.c.o
[  2%] Building CXX object common/CMakeFiles/build_info.dir/build-info.cpp.o
[  4%] Building C object ggml/src/CMakeFiles/ggml.dir/ggml.c.o
[  4%] Building C object examples/gguf-hash/CMakeFiles/sha256.dir/deps/sha256/sha256.c.o
[  4%] Built target sha256
[  4%] Built target xxhash
[  4%] Building C object ggml/src/CMakeFiles/ggml.dir/ggml-alloc.c.o
[  5%] Building C object ggml/src/CMakeFiles/ggml.dir/ggml-backend.c.o
[  5%] Building C object examples/gguf-hash/CMakeFiles/sha1.dir/deps/sha1/sha1.c.o
[  6%] Building C object ggml/src/CMakeFiles/ggml.dir/ggml-quants.c.o
[  6%] Building CXX object ggml/src/CMakeFiles/ggml.dir/llamafile/sgemm.cpp.o
[  6%] Built target sha1
[  7%] Building C object ggml/src/CMakeFiles/ggml.dir/ggml-aarch64.c.o
[  7%] Built target build_info
[  7%] Linking CXX shared library libggml.so
[  7%] Built target ggml
[  7%] Building CXX object examples/gguf-hash/CMakeFiles/llama-gguf-hash.dir/gguf-hash.cpp.o
[  8%] Building CXX object examples/gguf/CMakeFiles/llama-gguf.dir/gguf.cpp.o
[ 10%] Building CXX object src/CMakeFiles/llama.dir/llama-vocab.cpp.o
[ 10%] Building CXX object src/CMakeFiles/llama.dir/llama.cpp.o
[ 12%] Linking CXX executable ../../bin/llama-gguf-hash
[ 12%] Linking CXX executable ../../bin/llama-gguf
[ 12%] Building CXX object src/CMakeFiles/llama.dir/llama-grammar.cpp.o
[ 13%] Building CXX object src/CMakeFiles/llama.dir/llama-sampling.cpp.o
[ 13%] Building CXX object src/CMakeFiles/llama.dir/unicode.cpp.o
[ 14%] Building CXX object src/CMakeFiles/llama.dir/unicode-data.cpp.o
[ 14%] Built target llama-gguf-hash
[ 14%] Built target llama-gguf
[ 14%] Linking CXX shared library libllama.so
[ 14%] Built target llama
[ 15%] Building C object tests/CMakeFiles/test-c.dir/test-c.c.o
[ 16%] Building CXX object common/CMakeFiles/common.dir/common.cpp.o
[ 16%] Building CXX object examples/benchmark/CMakeFiles/llama-bench-matmult.dir/benchmark-matmult.cpp.o
[ 17%] Building CXX object examples/llava/CMakeFiles/llava.dir/llava.cpp.o
[ 17%] Linking C executable ../bin/test-c
[ 18%] Building CXX object examples/llava/CMakeFiles/llava.dir/clip.cpp.o
[ 18%] Linking CXX executable ../../bin/llama-bench-matmult
[ 19%] Building CXX object common/CMakeFiles/common.dir/arg.cpp.o
[ 19%] Built target llava
[ 19%] Building CXX object common/CMakeFiles/common.dir/sampling.cpp.o
[ 20%] Built target test-c
[ 20%] Building CXX object examples/quantize-stats/CMakeFiles/llama-quantize-stats.dir/quantize-stats.cpp.o
[ 21%] Building CXX object common/CMakeFiles/common.dir/console.cpp.o
[ 22%] Linking CXX static library libllava_static.a
[ 23%] Linking CXX executable ../../bin/llama-quantize-stats
[ 24%] Building CXX object common/CMakeFiles/common.dir/json-schema-to-grammar.cpp.o
[ 24%] Built target llava_static
[ 24%] Building CXX object common/CMakeFiles/common.dir/train.cpp.o
[ 24%] Linking CXX shared library libllava_shared.so
[ 25%] Building CXX object common/CMakeFiles/common.dir/ngram-cache.cpp.o
[ 25%] Built target llama-bench-matmult
[ 25%] Linking CXX static library libcommon.a
[ 25%] Built target common
[ 26%] Building CXX object tests/CMakeFiles/test-tokenizer-1-bpe.dir/test-tokenizer-1-bpe.cpp.o
[ 26%] Building CXX object tests/CMakeFiles/test-tokenizer-0.dir/test-tokenizer-0.cpp.o
[ 26%] Built target llama-quantize-stats
[ 28%] Linking CXX executable ../bin/test-tokenizer-1-bpe
[ 28%] Linking CXX executable ../bin/test-tokenizer-0
[ 28%] Building CXX object tests/CMakeFiles/test-tokenizer-1-spm.dir/test-tokenizer-1-spm.cpp.o
[ 29%] Linking CXX executable ../bin/test-tokenizer-1-spm
[ 29%] Built target llava_shared
[ 29%] Building CXX object tests/CMakeFiles/test-arg-parser.dir/test-arg-parser.cpp.o
[ 30%] Building CXX object tests/CMakeFiles/test-arg-parser.dir/get-model.cpp.o
[ 31%] Linking CXX executable ../bin/test-arg-parser
[ 31%] Built target test-tokenizer-0
[ 31%] Built target test-tokenizer-1-bpe
[ 33%] Building CXX object tests/CMakeFiles/test-quantize-perf.dir/test-quantize-perf.cpp.o
[ 33%] Building CXX object tests/CMakeFiles/test-quantize-fns.dir/test-quantize-fns.cpp.o
[ 33%] Built target test-tokenizer-1-spm
[ 34%] Building CXX object tests/CMakeFiles/test-quantize-fns.dir/get-model.cpp.o
[ 34%] Building CXX object tests/CMakeFiles/test-quantize-perf.dir/get-model.cpp.o
[ 34%] Building CXX object tests/CMakeFiles/test-sampling.dir/test-sampling.cpp.o
[ 34%] Linking CXX executable ../bin/test-quantize-fns
[ 35%] Linking CXX executable ../bin/test-quantize-perf
[ 36%] Building CXX object tests/CMakeFiles/test-sampling.dir/get-model.cpp.o
[ 36%] Linking CXX executable ../bin/test-sampling
[ 36%] Built target test-arg-parser
[ 37%] Building CXX object tests/CMakeFiles/test-chat-template.dir/test-chat-template.cpp.o
[ 37%] Building CXX object tests/CMakeFiles/test-chat-template.dir/get-model.cpp.o
[ 38%] Linking CXX executable ../bin/test-chat-template
[ 38%] Built target test-quantize-fns
[ 38%] Built target test-quantize-perf
[ 38%] Built target test-sampling
[ 39%] Building CXX object tests/CMakeFiles/test-grammar-parser.dir/test-grammar-parser.cpp.o
[ 40%] Building CXX object tests/CMakeFiles/test-llama-grammar.dir/test-llama-grammar.cpp.o
[ 40%] Building CXX object tests/CMakeFiles/test-grammar-integration.dir/test-grammar-integration.cpp.o
[ 41%] Building CXX object tests/CMakeFiles/test-grammar-parser.dir/get-model.cpp.o
[ 41%] Building CXX object tests/CMakeFiles/test-llama-grammar.dir/get-model.cpp.o
[ 41%] Linking CXX executable ../bin/test-grammar-parser
[ 42%] Linking CXX executable ../bin/test-llama-grammar
[ 43%] Building CXX object tests/CMakeFiles/test-grammar-integration.dir/get-model.cpp.o
[ 43%] Linking CXX executable ../bin/test-grammar-integration
[ 43%] Built target test-chat-template
[ 44%] Building CXX object tests/CMakeFiles/test-grad0.dir/test-grad0.cpp.o
[ 44%] Built target test-llama-grammar
[ 44%] Built target test-grammar-parser
[ 44%] Building CXX object tests/CMakeFiles/test-grad0.dir/get-model.cpp.o
[ 45%] Linking CXX executable ../bin/test-grad0
[ 46%] Building CXX object tests/CMakeFiles/test-backend-ops.dir/test-backend-ops.cpp.o
[ 47%] Building CXX object tests/CMakeFiles/test-rope.dir/test-rope.cpp.o
[ 47%] Building CXX object tests/CMakeFiles/test-rope.dir/get-model.cpp.o
[ 48%] Building CXX object tests/CMakeFiles/test-backend-ops.dir/get-model.cpp.o
[ 49%] Linking CXX executable ../bin/test-rope
[ 49%] Linking CXX executable ../bin/test-backend-ops
[ 49%] Built target test-grammar-integration
[ 49%] Building CXX object tests/CMakeFiles/test-model-load-cancel.dir/test-model-load-cancel.cpp.o
[ 50%] Building CXX object tests/CMakeFiles/test-model-load-cancel.dir/get-model.cpp.o
[ 50%] Linking CXX executable ../bin/test-model-load-cancel
[ 50%] Built target test-grad0
[ 50%] Building CXX object tests/CMakeFiles/test-autorelease.dir/test-autorelease.cpp.o
[ 51%] Building CXX object tests/CMakeFiles/test-autorelease.dir/get-model.cpp.o
[ 51%] Built target test-rope
[ 51%] Linking CXX executable ../bin/test-autorelease
[ 52%] Building CXX object tests/CMakeFiles/test-json-schema-to-grammar.dir/test-json-schema-to-grammar.cpp.o
[ 52%] Built target test-backend-ops
[ 52%] Building CXX object examples/cvector-generator/CMakeFiles/llama-cvector-generator.dir/cvector-generator.cpp.o
[ 52%] Building CXX object tests/CMakeFiles/test-json-schema-to-grammar.dir/get-model.cpp.o
[ 53%] Linking CXX executable ../bin/test-json-schema-to-grammar
[ 54%] Linking CXX executable ../../bin/llama-cvector-generator
[ 54%] Built target test-model-load-cancel
[ 55%] Building CXX object examples/baby-llama/CMakeFiles/llama-baby-llama.dir/baby-llama.cpp.o
[ 56%] Linking CXX executable ../../bin/llama-baby-llama
[ 56%] Built target test-autorelease
[ 56%] Building CXX object examples/batched-bench/CMakeFiles/llama-batched-bench.dir/batched-bench.cpp.o
[ 57%] Linking CXX executable ../../bin/llama-batched-bench
[ 57%] Built target test-json-schema-to-grammar
[ 57%] Built target llama-baby-llama
[ 57%] Building CXX object examples/batched/CMakeFiles/llama-batched.dir/batched.cpp.o
[ 58%] Building CXX object examples/convert-llama2c-to-ggml/CMakeFiles/llama-convert-llama2c-to-ggml.dir/convert-llama2c-to-ggml.cpp.o
[ 58%] Built target llama-cvector-generator
[ 59%] Linking CXX executable ../../bin/llama-batched
[ 60%] Linking CXX executable ../../bin/llama-convert-llama2c-to-ggml
[ 60%] Building CXX object examples/embedding/CMakeFiles/llama-embedding.dir/embedding.cpp.o
[ 61%] Linking CXX executable ../../bin/llama-embedding
[ 61%] Built target llama-batched-bench
[ 62%] Building CXX object examples/eval-callback/CMakeFiles/llama-eval-callback.dir/eval-callback.cpp.o
[ 62%] Built target llama-convert-llama2c-to-ggml
[ 62%] Linking CXX executable ../../bin/llama-eval-callback
[ 63%] Building CXX object examples/export-lora/CMakeFiles/llama-export-lora.dir/export-lora.cpp.o
[ 63%] Linking CXX executable ../../bin/llama-export-lora
[ 63%] Built target llama-batched
[ 64%] Building CXX object examples/gbnf-validator/CMakeFiles/llama-gbnf-validator.dir/gbnf-validator.cpp.o
[ 64%] Built target llama-embedding
[ 64%] Linking CXX executable ../../bin/llama-gbnf-validator
[ 64%] Building CXX object examples/gguf-split/CMakeFiles/llama-gguf-split.dir/gguf-split.cpp.o
[ 65%] Linking CXX executable ../../bin/llama-gguf-split
[ 65%] Built target llama-eval-callback
[ 65%] Building CXX object examples/gritlm/CMakeFiles/llama-gritlm.dir/gritlm.cpp.o
[ 65%] Built target llama-gbnf-validator
[ 65%] Built target llama-export-lora
[ 66%] Linking CXX executable ../../bin/llama-gritlm
[ 67%] Building CXX object examples/imatrix/CMakeFiles/llama-imatrix.dir/imatrix.cpp.o
[ 68%] Building CXX object examples/infill/CMakeFiles/llama-infill.dir/infill.cpp.o
[ 68%] Built target llama-gguf-split
[ 68%] Linking CXX executable ../../bin/llama-imatrix
[ 68%] Linking CXX executable ../../bin/llama-infill
[ 69%] Building CXX object examples/llama-bench/CMakeFiles/llama-bench.dir/llama-bench.cpp.o
[ 69%] Linking CXX executable ../../bin/llama-bench
[ 69%] Built target llama-gritlm
[ 70%] Building CXX object examples/llava/CMakeFiles/llama-llava-cli.dir/llava-cli.cpp.o
[ 70%] Built target llama-bench
[ 70%] Built target llama-imatrix
[ 70%] Built target llama-infill
[ 71%] Building CXX object examples/llava/CMakeFiles/llama-minicpmv-cli.dir/minicpmv-cli.cpp.o
[ 72%] Linking CXX executable ../../bin/llama-llava-cli
[ 72%] Building CXX object examples/lookahead/CMakeFiles/llama-lookahead.dir/lookahead.cpp.o
[ 72%] Building CXX object examples/lookup/CMakeFiles/llama-lookup.dir/lookup.cpp.o
[ 73%] Linking CXX executable ../../bin/llama-minicpmv-cli
[ 74%] Linking CXX executable ../../bin/llama-lookahead
[ 75%] Linking CXX executable ../../bin/llama-lookup
[ 75%] Built target llama-llava-cli
[ 75%] Built target llama-lookahead
[ 75%] Built target llama-minicpmv-cli
[ 75%] Building CXX object examples/lookup/CMakeFiles/llama-lookup-create.dir/lookup-create.cpp.o
[ 75%] Built target llama-lookup
[ 76%] Building CXX object examples/lookup/CMakeFiles/llama-lookup-merge.dir/lookup-merge.cpp.o
[ 77%] Building CXX object examples/lookup/CMakeFiles/llama-lookup-stats.dir/lookup-stats.cpp.o
[ 78%] Linking CXX executable ../../bin/llama-lookup-create
[ 79%] Building CXX object examples/main/CMakeFiles/llama-cli.dir/main.cpp.o
[ 79%] Linking CXX executable ../../bin/llama-lookup-merge
[ 79%] Linking CXX executable ../../bin/llama-lookup-stats
[ 79%] Linking CXX executable ../../bin/llama-cli
[ 79%] Built target llama-lookup-merge
[ 79%] Building CXX object examples/parallel/CMakeFiles/llama-parallel.dir/parallel.cpp.o
[ 80%] Linking CXX executable ../../bin/llama-parallel
[ 80%] Built target llama-lookup-create
[ 80%] Built target llama-lookup-stats
[ 80%] Building CXX object examples/passkey/CMakeFiles/llama-passkey.dir/passkey.cpp.o
[ 80%] Built target llama-cli
[ 80%] Building CXX object examples/perplexity/CMakeFiles/llama-perplexity.dir/perplexity.cpp.o
[ 81%] Linking CXX executable ../../bin/llama-passkey
[ 82%] Building CXX object examples/quantize/CMakeFiles/llama-quantize.dir/quantize.cpp.o
[ 83%] Linking CXX executable ../../bin/llama-perplexity
[ 83%] Linking CXX executable ../../bin/llama-quantize
[ 83%] Built target llama-parallel
[ 83%] Building CXX object examples/retrieval/CMakeFiles/llama-retrieval.dir/retrieval.cpp.o
[ 83%] Built target llama-quantize
[ 84%] Linking CXX executable ../../bin/llama-retrieval
[ 84%] Generating theme-snowstorm.css.hpp
[ 84%] Built target llama-passkey
[ 84%] Building CXX object examples/save-load-state/CMakeFiles/llama-save-load-state.dir/save-load-state.cpp.o
[ 84%] Built target llama-perplexity
[ 84%] Generating colorthemes.css.hpp
[ 85%] Linking CXX executable ../../bin/llama-save-load-state
[ 85%] Building CXX object examples/simple/CMakeFiles/llama-simple.dir/simple.cpp.o
[ 86%] Linking CXX executable ../../bin/llama-simple
[ 87%] Generating completion.js.hpp
[ 88%] Generating index-new.html.hpp
[ 88%] Built target llama-retrieval
[ 88%] Building CXX object examples/speculative/CMakeFiles/llama-speculative.dir/speculative.cpp.o
[ 89%] Linking CXX executable ../../bin/llama-speculative
[ 89%] Built target llama-save-load-state
[ 90%] Building CXX object examples/tokenize/CMakeFiles/llama-tokenize.dir/tokenize.cpp.o
[ 90%] Built target llama-simple
[ 90%] Linking CXX executable ../../bin/llama-tokenize
[ 91%] Building CXX object pocs/vdot/CMakeFiles/llama-vdot.dir/vdot.cpp.o
[ 91%] Linking CXX executable ../../bin/llama-vdot
[ 92%] Generating index.html.hpp
[ 92%] Built target llama-speculative
[ 92%] Built target llama-tokenize
[ 92%] Built target llama-vdot
[ 92%] Generating index.js.hpp
[ 93%] Generating json-schema-to-grammar.mjs.hpp
[ 94%] Building CXX object pocs/vdot/CMakeFiles/llama-q8dot.dir/q8dot.cpp.o
[ 94%] Linking CXX executable ../../bin/llama-q8dot
[ 95%] Generating prompt-formats.js.hpp
[ 96%] Generating style.css.hpp
[ 96%] Generating system-prompts.js.hpp
[ 97%] Generating theme-beeninorder.css.hpp
[ 97%] Built target llama-q8dot
[ 97%] Generating theme-ketivah.css.hpp
[ 98%] Generating theme-mangotango.css.hpp
[ 98%] Generating theme-playground.css.hpp
[ 99%] Generating theme-polarnight.css.hpp
[ 99%] Building CXX object examples/server/CMakeFiles/llama-server.dir/server.cpp.o
[100%] Linking CXX executable ../../bin/llama-server
[100%] Built target llama-server

real	0m29.881s
user	0m33.465s
sys	0m1.956s
+ ctest --output-on-failure -L main -E test-opt
Test project /home/ggml/work/llama.cpp/build-ci-release
      Start  1: test-tokenizer-0-bert-bge
 1/26 Test  #1: test-tokenizer-0-bert-bge .........   Passed    0.02 sec
      Start  2: test-tokenizer-0-command-r
 2/26 Test  #2: test-tokenizer-0-command-r ........   Passed    0.58 sec
      Start  3: test-tokenizer-0-deepseek-coder
 3/26 Test  #3: test-tokenizer-0-deepseek-coder ...   Passed    0.06 sec
      Start  4: test-tokenizer-0-deepseek-llm
 4/26 Test  #4: test-tokenizer-0-deepseek-llm .....   Passed    0.19 sec
      Start  5: test-tokenizer-0-falcon
 5/26 Test  #5: test-tokenizer-0-falcon ...........   Passed    0.11 sec
      Start  6: test-tokenizer-0-gpt-2
 6/26 Test  #6: test-tokenizer-0-gpt-2 ............   Passed    0.08 sec
      Start  7: test-tokenizer-0-llama-bpe
 7/26 Test  #7: test-tokenizer-0-llama-bpe ........   Passed    0.39 sec
      Start  8: test-tokenizer-0-llama-spm
 8/26 Test  #8: test-tokenizer-0-llama-spm ........   Passed    0.03 sec
      Start  9: test-tokenizer-0-mpt
 9/26 Test  #9: test-tokenizer-0-mpt ..............   Passed    0.09 sec
      Start 10: test-tokenizer-0-phi-3
10/26 Test #10: test-tokenizer-0-phi-3 ............   Passed    0.03 sec
      Start 11: test-tokenizer-0-qwen2
11/26 Test #11: test-tokenizer-0-qwen2 ............   Passed    0.29 sec
      Start 12: test-tokenizer-0-refact
12/26 Test #12: test-tokenizer-0-refact ...........   Passed    0.09 sec
      Start 13: test-tokenizer-0-starcoder
13/26 Test #13: test-tokenizer-0-starcoder ........   Passed    0.09 sec
      Start 14: test-tokenizer-1-llama-spm
14/26 Test #14: test-tokenizer-1-llama-spm ........   Passed    0.36 sec
      Start 15: test-arg-parser
15/26 Test #15: test-arg-parser ...................   Passed    0.01 sec
      Start 16: test-quantize-fns
16/26 Test #16: test-quantize-fns .................   Passed   15.99 sec
      Start 17: test-quantize-perf
17/26 Test #17: test-quantize-perf ................   Passed    4.45 sec
      Start 18: test-sampling
18/26 Test #18: test-sampling .....................   Passed    0.01 sec
      Start 19: test-chat-template
19/26 Test #19: test-chat-template ................   Passed    0.00 sec
      Start 20: test-grammar-parser
20/26 Test #20: test-grammar-parser ...............   Passed    0.00 sec
      Start 21: test-llama-grammar
21/26 Test #21: test-llama-grammar ................   Passed    0.00 sec
      Start 22: test-grammar-integration
22/26 Test #22: test-grammar-integration ..........   Passed    0.01 sec
      Start 23: test-grad0
23/26 Test #23: test-grad0 ........................   Passed    0.31 sec
      Start 24: test-backend-ops
24/26 Test #24: test-backend-ops ..................   Passed    0.00 sec
      Start 25: test-rope
25/26 Test #25: test-rope .........................   Passed    0.05 sec
      Start 28: test-json-schema-to-grammar
26/26 Test #28: test-json-schema-to-grammar .......   Passed    0.01 sec

100% tests passed, 0 tests failed out of 26

Label Time Summary:
main    =  23.24 sec*proc (26 tests)

Total Test time (real) =  23.25 sec

real	0m23.278s
user	0m24.648s
sys	0m0.319s
