+ gg_run_ctest_debug
+ cd /home/ggml/work/llama.cpp
+ rm -rf build-ci-debug
+ tee /home/ggml/results/llama.cpp/f8/3351f9a62a6262f1fc3d08f320033089cddfb5/ggml-0-x86-cpu-low-perf/ctest_debug.log
+ mkdir build-ci-debug
+ cd build-ci-debug
+ set -e
+ tee -a /home/ggml/results/llama.cpp/f8/3351f9a62a6262f1fc3d08f320033089cddfb5/ggml-0-x86-cpu-low-perf/ctest_debug-cmake.log
+ cmake -DCMAKE_BUILD_TYPE=Debug -DLLAMA_FATAL_WARNINGS=ON ..
-- The C compiler identification is GNU 11.4.0
-- The CXX compiler identification is GNU 11.4.0
-- Detecting C compiler ABI info
-- Detecting C compiler ABI info - done
-- Check for working C compiler: /usr/bin/cc - skipped
-- Detecting C compile features
-- Detecting C compile features - done
-- Detecting CXX compiler ABI info
-- Detecting CXX compiler ABI info - done
-- Check for working CXX compiler: /usr/bin/c++ - skipped
-- Detecting CXX compile features
-- Detecting CXX compile features - done
-- Found Git: /usr/bin/git (found version "2.34.1") 
-- Performing Test CMAKE_HAVE_LIBC_PTHREAD
-- Performing Test CMAKE_HAVE_LIBC_PTHREAD - Success
-- Found Threads: TRUE  
-- Found OpenMP_C: -fopenmp (found version "4.5") 
-- Found OpenMP_CXX: -fopenmp (found version "4.5") 
-- Found OpenMP: TRUE (found version "4.5")  
-- OpenMP found
-- ccache found, compilation results will be cached. Disable with LLAMA_CCACHE=OFF.
-- CMAKE_SYSTEM_PROCESSOR: x86_64
-- x86 detected
-- Configuring done (0.6s)
-- Generating done (0.1s)
-- Build files have been written to: /home/ggml/work/llama.cpp/build-ci-debug

real	0m0.694s
user	0m0.502s
sys	0m0.195s
+ tee -a /home/ggml/results/llama.cpp/f8/3351f9a62a6262f1fc3d08f320033089cddfb5/ggml-0-x86-cpu-low-perf/ctest_debug-make.log
+ make -j
[  0%] Generating build details from Git
[  1%] Building C object CMakeFiles/ggml.dir/ggml.c.o
[  2%] Building C object CMakeFiles/ggml.dir/ggml-alloc.c.o
[  2%] Building C object CMakeFiles/ggml.dir/ggml-backend.c.o
-- Found Git: /usr/bin/git (found version "2.34.1") 
[  3%] Building C object CMakeFiles/ggml.dir/ggml-quants.c.o
[  4%] Building CXX object CMakeFiles/ggml.dir/sgemm.cpp.o
[  4%] Built target ggml
[  4%] Linking CXX static library libggml_static.a
[  5%] Building CXX object examples/gguf/CMakeFiles/gguf.dir/gguf.cpp.o
[  5%] Building CXX object CMakeFiles/llama.dir/llama.cpp.o
[  5%] Building CXX object CMakeFiles/llama.dir/unicode-data.cpp.o
[  6%] Building CXX object CMakeFiles/llama.dir/unicode.cpp.o
[  7%] Building CXX object common/CMakeFiles/build_info.dir/build-info.cpp.o
[  7%] Linking CXX executable ../../bin/gguf
[  7%] Built target ggml_static
[  8%] Linking CXX static library libllama.a
[  8%] Built target build_info
[  8%] Built target gguf
[  8%] Built target llama
[  9%] Building CXX object examples/benchmark/CMakeFiles/benchmark.dir/benchmark-matmult.cpp.o
[ 10%] Building CXX object common/CMakeFiles/common.dir/console.cpp.o
[ 11%] Building CXX object common/CMakeFiles/common.dir/common.cpp.o
[ 11%] Building CXX object common/CMakeFiles/common.dir/sampling.cpp.o
[ 12%] Building CXX object examples/llava/CMakeFiles/llava.dir/llava.cpp.o
[ 12%] Building CXX object examples/quantize-stats/CMakeFiles/quantize-stats.dir/quantize-stats.cpp.o
[ 12%] Building C object tests/CMakeFiles/test-c.dir/test-c.c.o
[ 12%] Building CXX object common/CMakeFiles/common.dir/grammar-parser.cpp.o
[ 13%] Building CXX object examples/llava/CMakeFiles/llava.dir/clip.cpp.o
[ 14%] Building CXX object common/CMakeFiles/common.dir/json-schema-to-grammar.cpp.o
[ 15%] Building CXX object common/CMakeFiles/common.dir/train.cpp.o
[ 16%] Linking CXX executable ../bin/test-c
[ 16%] Building CXX object common/CMakeFiles/common.dir/ngram-cache.cpp.o
[ 16%] Built target test-c
[ 17%] Linking CXX executable ../../bin/benchmark
[ 17%] Built target llava
[ 17%] Built target benchmark
[ 18%] Linking CXX static library libllava_static.a
[ 18%] Built target llava_static
[ 19%] Linking CXX executable ../../bin/quantize-stats
[ 19%] Built target quantize-stats
[ 20%] Linking CXX static library libcommon.a
[ 20%] Built target common
[ 20%] Building CXX object tests/CMakeFiles/test-tokenizer-0.dir/test-tokenizer-0.cpp.o
[ 21%] Building CXX object tests/CMakeFiles/test-tokenizer-1-bpe.dir/test-tokenizer-1-bpe.cpp.o
[ 22%] Building CXX object tests/CMakeFiles/test-tokenizer-1-spm.dir/test-tokenizer-1-spm.cpp.o
[ 22%] Building CXX object tests/CMakeFiles/test-quantize-fns.dir/get-model.cpp.o
[ 23%] Building CXX object tests/CMakeFiles/test-quantize-fns.dir/test-quantize-fns.cpp.o
[ 24%] Building CXX object tests/CMakeFiles/test-sampling.dir/test-sampling.cpp.o
[ 25%] Building CXX object tests/CMakeFiles/test-quantize-perf.dir/test-quantize-perf.cpp.o
[ 25%] Building CXX object tests/CMakeFiles/test-sampling.dir/get-model.cpp.o
[ 25%] Building CXX object tests/CMakeFiles/test-chat-template.dir/test-chat-template.cpp.o
[ 25%] Building CXX object tests/CMakeFiles/test-quantize-perf.dir/get-model.cpp.o
[ 26%] Building CXX object tests/CMakeFiles/test-chat-template.dir/get-model.cpp.o
[ 26%] Building CXX object tests/CMakeFiles/test-grammar-parser.dir/test-grammar-parser.cpp.o
[ 27%] Building CXX object tests/CMakeFiles/test-grammar-parser.dir/get-model.cpp.o
[ 28%] Linking CXX executable ../bin/test-sampling
[ 29%] Linking CXX executable ../bin/test-quantize-fns
[ 30%] Building CXX object tests/CMakeFiles/test-llama-grammar.dir/test-llama-grammar.cpp.o
[ 30%] Building CXX object tests/CMakeFiles/test-grammar-integration.dir/test-grammar-integration.cpp.o
[ 31%] Building CXX object tests/CMakeFiles/test-grammar-integration.dir/get-model.cpp.o
[ 32%] Linking CXX executable ../bin/test-chat-template
[ 33%] Building CXX object tests/CMakeFiles/test-llama-grammar.dir/get-model.cpp.o
[ 33%] Building CXX object tests/CMakeFiles/test-grad0.dir/test-grad0.cpp.o
[ 34%] Building CXX object tests/CMakeFiles/test-grad0.dir/get-model.cpp.o
[ 34%] Building CXX object tests/CMakeFiles/test-backend-ops.dir/test-backend-ops.cpp.o
[ 35%] Linking CXX executable ../bin/test-quantize-perf
[ 35%] Linking CXX executable ../bin/test-grammar-parser
[ 36%] Building CXX object tests/CMakeFiles/test-backend-ops.dir/get-model.cpp.o
[ 37%] Building CXX object tests/CMakeFiles/test-rope.dir/test-rope.cpp.o
[ 37%] Building CXX object tests/CMakeFiles/test-rope.dir/get-model.cpp.o
[ 38%] Linking CXX executable ../bin/test-grad0
[ 39%] Linking CXX executable ../bin/test-grammar-integration
[ 40%] Building CXX object tests/CMakeFiles/test-model-load-cancel.dir/test-model-load-cancel.cpp.o
[ 41%] Building CXX object tests/CMakeFiles/test-autorelease.dir/get-model.cpp.o
[ 41%] Building CXX object examples/baby-llama/CMakeFiles/baby-llama.dir/baby-llama.cpp.o
[ 41%] Building CXX object tests/CMakeFiles/test-autorelease.dir/test-autorelease.cpp.o
[ 42%] Linking CXX executable ../bin/test-rope
[ 43%] Building CXX object tests/CMakeFiles/test-model-load-cancel.dir/get-model.cpp.o
[ 44%] Building CXX object tests/CMakeFiles/test-json-schema-to-grammar.dir/test-json-schema-to-grammar.cpp.o
[ 44%] Building CXX object examples/batched/CMakeFiles/batched.dir/batched.cpp.o
[ 45%] Building CXX object tests/CMakeFiles/test-json-schema-to-grammar.dir/get-model.cpp.o
[ 46%] Linking CXX executable ../bin/test-backend-ops
[ 47%] Building CXX object examples/batched-bench/CMakeFiles/batched-bench.dir/batched-bench.cpp.o
[ 48%] Linking CXX executable ../bin/test-autorelease
[ 49%] Building CXX object examples/convert-llama2c-to-ggml/CMakeFiles/convert-llama2c-to-ggml.dir/convert-llama2c-to-ggml.cpp.o
[ 49%] Linking CXX executable ../bin/test-model-load-cancel
[ 50%] Building CXX object examples/embedding/CMakeFiles/embedding.dir/embedding.cpp.o
[ 51%] Linking CXX executable ../../bin/baby-llama
[ 51%] Linking CXX executable ../bin/test-llama-grammar
[ 51%] Building CXX object examples/eval-callback/CMakeFiles/eval-callback.dir/eval-callback.cpp.o
[ 52%] Building CXX object examples/finetune/CMakeFiles/finetune.dir/finetune.cpp.o
[ 52%] Building CXX object examples/gritlm/CMakeFiles/gritlm.dir/gritlm.cpp.o
[ 53%] Building CXX object examples/gguf-split/CMakeFiles/gguf-split.dir/gguf-split.cpp.o
[ 53%] Linking CXX executable ../bin/test-json-schema-to-grammar
[ 54%] Building CXX object examples/infill/CMakeFiles/infill.dir/infill.cpp.o
[ 54%] Building CXX object examples/llava/CMakeFiles/llava-cli.dir/llava-cli.cpp.o
[ 55%] Building CXX object examples/llama-bench/CMakeFiles/llama-bench.dir/llama-bench.cpp.o
[ 56%] Building CXX object examples/main/CMakeFiles/main.dir/main.cpp.o
[ 56%] Built target test-grad0
[ 56%] Building CXX object examples/tokenize/CMakeFiles/tokenize.dir/tokenize.cpp.o
[ 57%] Building CXX object examples/parallel/CMakeFiles/parallel.dir/parallel.cpp.o
[ 57%] Building CXX object examples/perplexity/CMakeFiles/perplexity.dir/perplexity.cpp.o
[ 58%] Building CXX object examples/quantize/CMakeFiles/quantize.dir/quantize.cpp.o
[ 58%] Building CXX object examples/retrieval/CMakeFiles/retrieval.dir/retrieval.cpp.o
[ 59%] Building CXX object examples/save-load-state/CMakeFiles/save-load-state.dir/save-load-state.cpp.o
[ 60%] Building CXX object examples/simple/CMakeFiles/simple.dir/simple.cpp.o
[ 61%] Building CXX object examples/passkey/CMakeFiles/passkey.dir/passkey.cpp.o
[ 62%] Building CXX object examples/speculative/CMakeFiles/speculative.dir/speculative.cpp.o
[ 62%] Building CXX object examples/lookahead/CMakeFiles/lookahead.dir/lookahead.cpp.o
[ 62%] Building CXX object examples/lookup/CMakeFiles/lookup.dir/lookup.cpp.o
[ 63%] Building CXX object examples/lookup/CMakeFiles/lookup-create.dir/lookup-create.cpp.o
[ 64%] Building CXX object examples/lookup/CMakeFiles/lookup-merge.dir/lookup-merge.cpp.o
[ 64%] Generating theme-snowstorm.css.hpp
[ 65%] Generating colorthemes.css.hpp
[ 65%] Building CXX object examples/lookup/CMakeFiles/lookup-stats.dir/lookup-stats.cpp.o
[ 66%] Building CXX object examples/train-text-from-scratch/CMakeFiles/train-text-from-scratch.dir/train-text-from-scratch.cpp.o
[ 67%] Building CXX object examples/imatrix/CMakeFiles/imatrix.dir/imatrix.cpp.o
[ 67%] Built target test-quantize-fns
[ 67%] Built target test-rope
[ 68%] Generating completion.js.hpp
[ 69%] Generating index-new.html.hpp
[ 70%] Generating index.html.hpp
[ 70%] Building CXX object examples/export-lora/CMakeFiles/export-lora.dir/export-lora.cpp.o
[ 71%] Building CXX object pocs/vdot/CMakeFiles/vdot.dir/vdot.cpp.o
[ 71%] Built target test-grammar-parser
[ 71%] Generating index.js.hpp
[ 72%] Building CXX object pocs/vdot/CMakeFiles/q8dot.dir/q8dot.cpp.o
[ 73%] Generating json-schema-to-grammar.mjs.hpp
[ 73%] Built target test-quantize-perf
[ 73%] Generating prompt-formats.js.hpp
[ 74%] Linking CXX executable ../../bin/vdot
[ 75%] Generating style.css.hpp
[ 75%] Linking CXX executable ../../bin/q8dot
[ 76%] Generating system-prompts.js.hpp
[ 76%] Generating theme-beeninorder.css.hpp
[ 77%] Generating theme-ketivah.css.hpp
[ 78%] Generating theme-mangotango.css.hpp
[ 78%] Generating theme-playground.css.hpp
[ 79%] Generating theme-polarnight.css.hpp
[ 79%] Built target test-backend-ops
[ 80%] Building CXX object examples/server/CMakeFiles/server.dir/server.cpp.o
[ 80%] Built target q8dot
[ 80%] Built target vdot
[ 80%] Built target test-json-schema-to-grammar
[ 80%] Built target test-chat-template
[ 80%] Built target test-sampling
[ 80%] Built target test-grammar-integration
[ 80%] Built target test-autorelease
[ 80%] Built target test-model-load-cancel
[ 80%] Built target test-llama-grammar
[ 81%] Linking CXX executable ../bin/test-tokenizer-1-spm
[ 81%] Linking CXX executable ../bin/test-tokenizer-1-bpe
[ 82%] Linking CXX executable ../../bin/tokenize
[ 83%] Linking CXX executable ../../bin/lookup-merge
[ 84%] Linking CXX executable ../../bin/eval-callback
[ 85%] Linking CXX executable ../../bin/gguf-split
[ 85%] Linking CXX executable ../../bin/batched-bench
[ 85%] Built target baby-llama
[ 86%] Linking CXX executable ../../bin/batched
[ 87%] Linking CXX executable ../bin/test-tokenizer-0
[ 87%] Linking CXX executable ../../bin/save-load-state
[ 87%] Built target lookup-merge
[ 87%] Linking CXX executable ../../bin/simple
[ 88%] Linking CXX executable ../../bin/embedding
[ 88%] Linking CXX executable ../../bin/lookup-create
[ 89%] Linking CXX executable ../../bin/gritlm
[ 90%] Linking CXX executable ../../bin/passkey
[ 91%] Linking CXX executable ../../bin/llava-cli
[ 91%] Linking CXX executable ../../bin/parallel
[ 92%] Linking CXX executable ../../bin/lookup-stats
[ 93%] Linking CXX executable ../../bin/export-lora
[ 94%] Linking CXX executable ../../bin/lookup
[ 95%] Linking CXX executable ../../bin/lookahead
[ 95%] Linking CXX executable ../../bin/train-text-from-scratch
[ 95%] Linking CXX executable ../../bin/finetune
[ 96%] Linking CXX executable ../../bin/infill
[ 96%] Linking CXX executable ../../bin/convert-llama2c-to-ggml
[ 96%] Built target export-lora
[ 97%] Linking CXX executable ../../bin/quantize
[ 98%] Linking CXX executable ../../bin/retrieval
[ 98%] Built target convert-llama2c-to-ggml
[ 98%] Linking CXX executable ../../bin/main
[ 98%] Built target gguf-split
[ 99%] Linking CXX executable ../../bin/speculative
[ 99%] Built target test-tokenizer-1-spm
[ 99%] Linking CXX executable ../../bin/imatrix
[ 99%] Built target test-tokenizer-1-bpe
[ 99%] Built target tokenize
[ 99%] Built target batched-bench
[ 99%] Built target eval-callback
[ 99%] Built target batched
[ 99%] Built target test-tokenizer-0
[ 99%] Built target save-load-state
[ 99%] Built target embedding
[ 99%] Built target simple
[ 99%] Built target gritlm
[ 99%] Built target lookup-create
[ 99%] Built target passkey
[ 99%] Built target parallel
[ 99%] Built target lookup-stats
[ 99%] Built target llava-cli
[ 99%] Built target finetune
[ 99%] Built target lookahead
[ 99%] Built target lookup
[ 99%] Built target infill
[ 99%] Built target train-text-from-scratch
[100%] Linking CXX executable ../../bin/perplexity
[100%] Built target quantize
[100%] Built target retrieval
[100%] Built target main
[100%] Built target speculative
[100%] Built target imatrix
[100%] Built target perplexity
[100%] Linking CXX executable ../../bin/llama-bench
[100%] Built target llama-bench
[100%] Linking CXX executable ../../bin/server
[100%] Built target server

real	0m43.791s
user	1m58.803s
sys	0m11.446s
+ tee -a /home/ggml/results/llama.cpp/f8/3351f9a62a6262f1fc3d08f320033089cddfb5/ggml-0-x86-cpu-low-perf/ctest_debug-ctest.log
+ ctest --output-on-failure -L main -E test-opt
Test project /home/ggml/work/llama.cpp/build-ci-debug
      Start  1: test-tokenizer-0-llama-spm
 1/22 Test  #1: test-tokenizer-0-llama-spm .......   Passed    0.14 sec
      Start  2: test-tokenizer-0-llama-bpe
 2/22 Test  #2: test-tokenizer-0-llama-bpe .......   Passed    2.32 sec
      Start  3: test-tokenizer-0-phi-3
 3/22 Test  #3: test-tokenizer-0-phi-3 ...........   Passed    0.14 sec
      Start  4: test-tokenizer-0-falcon
 4/22 Test  #4: test-tokenizer-0-falcon ..........   Passed    0.76 sec
      Start  5: test-tokenizer-0-bert-bge
 5/22 Test  #5: test-tokenizer-0-bert-bge ........   Passed    0.15 sec
      Start  6: test-tokenizer-0-starcoder
 6/22 Test  #6: test-tokenizer-0-starcoder .......   Passed    0.58 sec
      Start  7: test-tokenizer-0-gpt-2
 7/22 Test  #7: test-tokenizer-0-gpt-2 ...........   Passed    0.59 sec
      Start  8: test-tokenizer-0-refact
 8/22 Test  #8: test-tokenizer-0-refact ..........   Passed    0.57 sec
      Start  9: test-tokenizer-0-command-r
 9/22 Test  #9: test-tokenizer-0-command-r .......   Passed    3.54 sec
      Start 10: test-tokenizer-0-qwen2
10/22 Test #10: test-tokenizer-0-qwen2 ...........   Passed    1.94 sec
      Start 11: test-tokenizer-1-llama-spm
11/22 Test #11: test-tokenizer-1-llama-spm .......   Passed    5.47 sec
      Start 12: test-quantize-fns
12/22 Test #12: test-quantize-fns ................   Passed   31.29 sec
      Start 13: test-quantize-perf
13/22 Test #13: test-quantize-perf ...............   Passed    9.31 sec
      Start 14: test-sampling
14/22 Test #14: test-sampling ....................   Passed    0.03 sec
      Start 15: test-chat-template
15/22 Test #15: test-chat-template ...............   Passed    0.00 sec
      Start 16: test-grammar-parser
16/22 Test #16: test-grammar-parser ..............   Passed    0.00 sec
      Start 17: test-llama-grammar
17/22 Test #17: test-llama-grammar ...............   Passed    0.00 sec
      Start 18: test-grammar-integration
18/22 Test #18: test-grammar-integration .........   Passed    0.01 sec
      Start 19: test-grad0
19/22 Test #19: test-grad0 .......................   Passed    0.20 sec
      Start 20: test-backend-ops
20/22 Test #20: test-backend-ops .................   Passed    0.00 sec
      Start 21: test-rope
21/22 Test #21: test-rope ........................   Passed    0.06 sec
      Start 24: test-json-schema-to-grammar
22/22 Test #24: test-json-schema-to-grammar ......   Passed    0.03 sec

100% tests passed, 0 tests failed out of 22

Label Time Summary:
main    =  57.14 sec*proc (22 tests)

Total Test time (real) =  57.15 sec

real	0m57.169s
user	1m11.811s
sys	0m0.249s
+ set +e
+ cur=0
+ echo 0
+ set +x
+ gg_run_ctest_release
+ cd /home/ggml/work/llama.cpp
+ rm -rf build-ci-release
+ tee /home/ggml/results/llama.cpp/f8/3351f9a62a6262f1fc3d08f320033089cddfb5/ggml-0-x86-cpu-low-perf/ctest_release.log
+ mkdir build-ci-release
+ cd build-ci-release
+ set -e
+ tee -a /home/ggml/results/llama.cpp/f8/3351f9a62a6262f1fc3d08f320033089cddfb5/ggml-0-x86-cpu-low-perf/ctest_release-cmake.log
+ cmake -DCMAKE_BUILD_TYPE=Release -DLLAMA_FATAL_WARNINGS=ON ..
-- The C compiler identification is GNU 11.4.0
-- The CXX compiler identification is GNU 11.4.0
-- Detecting C compiler ABI info
-- Detecting C compiler ABI info - done
-- Check for working C compiler: /usr/bin/cc - skipped
-- Detecting C compile features
-- Detecting C compile features - done
-- Detecting CXX compiler ABI info
-- Detecting CXX compiler ABI info - done
-- Check for working CXX compiler: /usr/bin/c++ - skipped
-- Detecting CXX compile features
-- Detecting CXX compile features - done
-- Found Git: /usr/bin/git (found version "2.34.1") 
-- Performing Test CMAKE_HAVE_LIBC_PTHREAD
-- Performing Test CMAKE_HAVE_LIBC_PTHREAD - Success
-- Found Threads: TRUE  
-- Found OpenMP_C: -fopenmp (found version "4.5") 
-- Found OpenMP_CXX: -fopenmp (found version "4.5") 
-- Found OpenMP: TRUE (found version "4.5")  
-- OpenMP found
-- ccache found, compilation results will be cached. Disable with LLAMA_CCACHE=OFF.
-- CMAKE_SYSTEM_PROCESSOR: x86_64
-- x86 detected
-- Configuring done (0.5s)
-- Generating done (0.1s)
-- Build files have been written to: /home/ggml/work/llama.cpp/build-ci-release

real	0m0.669s
user	0m0.508s
sys	0m0.163s
+ tee -a /home/ggml/results/llama.cpp/f8/3351f9a62a6262f1fc3d08f320033089cddfb5/ggml-0-x86-cpu-low-perf/ctest_release-make.log
+ make -j
[  1%] Building C object CMakeFiles/ggml.dir/ggml.c.o
[  2%] Building CXX object common/CMakeFiles/build_info.dir/build-info.cpp.o
[  3%] Building CXX object CMakeFiles/ggml.dir/sgemm.cpp.o
[  4%] Building C object CMakeFiles/ggml.dir/ggml-alloc.c.o
[  5%] Building C object CMakeFiles/ggml.dir/ggml-quants.c.o
[  5%] Building C object CMakeFiles/ggml.dir/ggml-backend.c.o
[  5%] Built target ggml
[  5%] Linking CXX static library libggml_static.a
[  5%] Building CXX object CMakeFiles/llama.dir/llama.cpp.o
[  6%] Building CXX object CMakeFiles/llama.dir/unicode.cpp.o
[  7%] Building CXX object examples/gguf/CMakeFiles/gguf.dir/gguf.cpp.o
[  7%] Built target build_info
[  7%] Building CXX object CMakeFiles/llama.dir/unicode-data.cpp.o
[  7%] Linking CXX executable ../../bin/gguf
[  8%] Linking CXX static library libllama.a
[  8%] Built target ggml_static
[  8%] Built target llama
[  9%] Building CXX object common/CMakeFiles/common.dir/common.cpp.o
[ 10%] Building CXX object examples/benchmark/CMakeFiles/benchmark.dir/benchmark-matmult.cpp.o
[ 10%] Building C object tests/CMakeFiles/test-c.dir/test-c.c.o
[ 11%] Building CXX object examples/llava/CMakeFiles/llava.dir/llava.cpp.o
[ 11%] Building CXX object common/CMakeFiles/common.dir/sampling.cpp.o
[ 12%] Building CXX object examples/llava/CMakeFiles/llava.dir/clip.cpp.o
[ 13%] Building CXX object common/CMakeFiles/common.dir/console.cpp.o
[ 13%] Building CXX object examples/quantize-stats/CMakeFiles/quantize-stats.dir/quantize-stats.cpp.o
[ 14%] Linking CXX executable ../bin/test-c
[ 14%] Built target gguf
[ 14%] Building CXX object common/CMakeFiles/common.dir/grammar-parser.cpp.o
[ 15%] Building CXX object common/CMakeFiles/common.dir/json-schema-to-grammar.cpp.o
[ 16%] Building CXX object common/CMakeFiles/common.dir/train.cpp.o
[ 16%] Building CXX object common/CMakeFiles/common.dir/ngram-cache.cpp.o
[ 16%] Built target test-c
[ 17%] Linking CXX executable ../../bin/benchmark
[ 17%] Built target benchmark
[ 17%] Built target llava
[ 18%] Linking CXX static library libllava_static.a
[ 18%] Built target llava_static
[ 19%] Linking CXX executable ../../bin/quantize-stats
[ 19%] Built target quantize-stats
[ 20%] Linking CXX static library libcommon.a
[ 20%] Built target common
[ 20%] Building CXX object tests/CMakeFiles/test-tokenizer-0.dir/test-tokenizer-0.cpp.o
[ 21%] Building CXX object tests/CMakeFiles/test-tokenizer-1-spm.dir/test-tokenizer-1-spm.cpp.o
[ 22%] Building CXX object tests/CMakeFiles/test-quantize-fns.dir/test-quantize-fns.cpp.o
[ 23%] Building CXX object tests/CMakeFiles/test-tokenizer-1-bpe.dir/test-tokenizer-1-bpe.cpp.o
[ 23%] Building CXX object tests/CMakeFiles/test-quantize-fns.dir/get-model.cpp.o
[ 23%] Building CXX object tests/CMakeFiles/test-quantize-perf.dir/get-model.cpp.o
[ 24%] Building CXX object tests/CMakeFiles/test-quantize-perf.dir/test-quantize-perf.cpp.o
[ 25%] Building CXX object tests/CMakeFiles/test-sampling.dir/test-sampling.cpp.o
[ 25%] Building CXX object tests/CMakeFiles/test-sampling.dir/get-model.cpp.o
[ 25%] Building CXX object tests/CMakeFiles/test-chat-template.dir/test-chat-template.cpp.o
[ 26%] Building CXX object tests/CMakeFiles/test-chat-template.dir/get-model.cpp.o
[ 27%] Building CXX object tests/CMakeFiles/test-grammar-parser.dir/get-model.cpp.o
[ 27%] Building CXX object tests/CMakeFiles/test-grammar-parser.dir/test-grammar-parser.cpp.o
[ 28%] Linking CXX executable ../bin/test-quantize-fns
[ 29%] Building CXX object tests/CMakeFiles/test-llama-grammar.dir/test-llama-grammar.cpp.o
[ 30%] Linking CXX executable ../bin/test-quantize-perf
[ 30%] Building CXX object tests/CMakeFiles/test-grammar-integration.dir/test-grammar-integration.cpp.o
[ 32%] Building CXX object tests/CMakeFiles/test-llama-grammar.dir/get-model.cpp.o
[ 31%] Building CXX object tests/CMakeFiles/test-grammar-integration.dir/get-model.cpp.o
[ 32%] Building CXX object tests/CMakeFiles/test-grad0.dir/test-grad0.cpp.o
[ 33%] Building CXX object tests/CMakeFiles/test-rope.dir/test-rope.cpp.o
[ 33%] Building CXX object tests/CMakeFiles/test-rope.dir/get-model.cpp.o
[ 34%] Building CXX object tests/CMakeFiles/test-grad0.dir/get-model.cpp.o
[ 35%] Linking CXX executable ../bin/test-sampling
[ 36%] Linking CXX executable ../bin/test-chat-template
[ 36%] Building CXX object tests/CMakeFiles/test-backend-ops.dir/test-backend-ops.cpp.o
[ 37%] Building CXX object tests/CMakeFiles/test-model-load-cancel.dir/test-model-load-cancel.cpp.o
[ 38%] Linking CXX executable ../bin/test-grammar-parser
[ 38%] Linking CXX executable ../bin/test-rope
[ 39%] Building CXX object tests/CMakeFiles/test-model-load-cancel.dir/get-model.cpp.o
[ 40%] Building CXX object tests/CMakeFiles/test-backend-ops.dir/get-model.cpp.o
[ 40%] Building CXX object tests/CMakeFiles/test-autorelease.dir/test-autorelease.cpp.o
[ 41%] Linking CXX executable ../bin/test-grad0
[ 42%] Linking CXX executable ../bin/test-grammar-integration
[ 43%] Building CXX object tests/CMakeFiles/test-autorelease.dir/get-model.cpp.o
[ 43%] Linking CXX executable ../bin/test-model-load-cancel
[ 43%] Linking CXX executable ../bin/test-llama-grammar
[ 44%] Building CXX object tests/CMakeFiles/test-json-schema-to-grammar.dir/test-json-schema-to-grammar.cpp.o
[ 45%] Building CXX object tests/CMakeFiles/test-json-schema-to-grammar.dir/get-model.cpp.o
[ 46%] Linking CXX executable ../bin/test-autorelease
[ 47%] Linking CXX executable ../bin/test-backend-ops
[ 47%] Building CXX object examples/baby-llama/CMakeFiles/baby-llama.dir/baby-llama.cpp.o
[ 47%] Building CXX object examples/batched/CMakeFiles/batched.dir/batched.cpp.o
[ 48%] Building CXX object examples/batched-bench/CMakeFiles/batched-bench.dir/batched-bench.cpp.o
[ 48%] Linking CXX executable ../bin/test-json-schema-to-grammar
[ 49%] Building CXX object examples/convert-llama2c-to-ggml/CMakeFiles/convert-llama2c-to-ggml.dir/convert-llama2c-to-ggml.cpp.o
[ 50%] Building CXX object examples/embedding/CMakeFiles/embedding.dir/embedding.cpp.o
[ 51%] Linking CXX executable ../../bin/baby-llama
[ 52%] Building CXX object examples/finetune/CMakeFiles/finetune.dir/finetune.cpp.o
[ 52%] Building CXX object examples/gritlm/CMakeFiles/gritlm.dir/gritlm.cpp.o
[ 52%] Building CXX object examples/eval-callback/CMakeFiles/eval-callback.dir/eval-callback.cpp.o
[ 53%] Building CXX object examples/gguf-split/CMakeFiles/gguf-split.dir/gguf-split.cpp.o
[ 54%] Building CXX object examples/infill/CMakeFiles/infill.dir/infill.cpp.o
[ 55%] Building CXX object examples/llama-bench/CMakeFiles/llama-bench.dir/llama-bench.cpp.o
[ 55%] Building CXX object examples/llava/CMakeFiles/llava-cli.dir/llava-cli.cpp.o
[ 56%] Building CXX object examples/main/CMakeFiles/main.dir/main.cpp.o
[ 56%] Building CXX object examples/tokenize/CMakeFiles/tokenize.dir/tokenize.cpp.o
[ 57%] Building CXX object examples/parallel/CMakeFiles/parallel.dir/parallel.cpp.o
[ 57%] Building CXX object examples/perplexity/CMakeFiles/perplexity.dir/perplexity.cpp.o
[ 57%] Built target test-grad0
[ 58%] Building CXX object examples/quantize/CMakeFiles/quantize.dir/quantize.cpp.o
[ 58%] Built target test-quantize-fns
[ 58%] Building CXX object examples/retrieval/CMakeFiles/retrieval.dir/retrieval.cpp.o
[ 59%] Building CXX object examples/save-load-state/CMakeFiles/save-load-state.dir/save-load-state.cpp.o
[ 60%] Building CXX object examples/simple/CMakeFiles/simple.dir/simple.cpp.o
[ 60%] Built target test-quantize-perf
[ 60%] Built target test-sampling
[ 60%] Built target test-grammar-parser
[ 61%] Building CXX object examples/passkey/CMakeFiles/passkey.dir/passkey.cpp.o
[ 62%] Building CXX object examples/speculative/CMakeFiles/speculative.dir/speculative.cpp.o
[ 62%] Built target test-model-load-cancel
[ 62%] Built target test-rope
[ 62%] Building CXX object examples/lookahead/CMakeFiles/lookahead.dir/lookahead.cpp.o
[ 62%] Building CXX object examples/lookup/CMakeFiles/lookup.dir/lookup.cpp.o
[ 63%] Building CXX object examples/lookup/CMakeFiles/lookup-create.dir/lookup-create.cpp.o
[ 64%] Building CXX object examples/lookup/CMakeFiles/lookup-merge.dir/lookup-merge.cpp.o
[ 64%] Building CXX object examples/lookup/CMakeFiles/lookup-stats.dir/lookup-stats.cpp.o
[ 65%] Building CXX object examples/train-text-from-scratch/CMakeFiles/train-text-from-scratch.dir/train-text-from-scratch.cpp.o
[ 65%] Generating theme-snowstorm.css.hpp
[ 65%] Built target test-backend-ops
[ 66%] Generating colorthemes.css.hpp
[ 67%] Building CXX object examples/imatrix/CMakeFiles/imatrix.dir/imatrix.cpp.o
[ 68%] Generating completion.js.hpp
[ 68%] Built target test-chat-template
[ 69%] Generating index-new.html.hpp
[ 69%] Built target test-grammar-integration
[ 69%] Building CXX object examples/export-lora/CMakeFiles/export-lora.dir/export-lora.cpp.o
[ 70%] Generating index.html.hpp
[ 71%] Building CXX object pocs/vdot/CMakeFiles/vdot.dir/vdot.cpp.o
[ 71%] Generating index.js.hpp
[ 71%] Built target test-json-schema-to-grammar
[ 71%] Built target test-llama-grammar
[ 72%] Building CXX object pocs/vdot/CMakeFiles/q8dot.dir/q8dot.cpp.o
[ 73%] Generating json-schema-to-grammar.mjs.hpp
[ 74%] Linking CXX executable ../../bin/vdot
[ 74%] Generating prompt-formats.js.hpp
[ 75%] Generating style.css.hpp
[ 75%] Built target test-autorelease
[ 75%] Linking CXX executable ../../bin/q8dot
[ 76%] Generating system-prompts.js.hpp
[ 76%] Generating theme-beeninorder.css.hpp
[ 77%] Generating theme-ketivah.css.hpp
[ 78%] Generating theme-mangotango.css.hpp
[ 78%] Generating theme-playground.css.hpp
[ 79%] Generating theme-polarnight.css.hpp
[ 79%] Built target baby-llama
[ 80%] Building CXX object examples/server/CMakeFiles/server.dir/server.cpp.o
[ 80%] Built target vdot
[ 80%] Built target q8dot
[ 80%] Linking CXX executable ../bin/test-tokenizer-1-bpe
[ 81%] Linking CXX executable ../bin/test-tokenizer-1-spm
[ 82%] Linking CXX executable ../../bin/lookup-merge
[ 82%] Built target test-tokenizer-1-bpe
[ 82%] Built target test-tokenizer-1-spm
[ 83%] Linking CXX executable ../../bin/tokenize
[ 83%] Built target lookup-merge
[ 84%] Linking CXX executable ../../bin/eval-callback
[ 84%] Linking CXX executable ../../bin/lookup-create
[ 84%] Linking CXX executable ../../bin/save-load-state
[ 85%] Linking CXX executable ../../bin/gguf-split
[ 85%] Built target tokenize
[ 86%] Linking CXX executable ../../bin/embedding
[ 86%] Built target eval-callback
[ 86%] Built target lookup-create
[ 87%] Linking CXX executable ../../bin/gritlm
[ 87%] Linking CXX executable ../../bin/batched-bench
[ 87%] Built target gguf-split
[ 87%] Linking CXX executable ../../bin/simple
[ 87%] Built target save-load-state
[ 88%] Linking CXX executable ../../bin/batched
[ 89%] Linking CXX executable ../bin/test-tokenizer-0
[ 89%] Built target embedding
[ 89%] Built target gritlm
[ 89%] Built target batched-bench
[ 89%] Built target simple
[ 90%] Linking CXX executable ../../bin/lookup-stats
[ 91%] Linking CXX executable ../../bin/export-lora
[ 91%] Built target batched
[ 92%] Linking CXX executable ../../bin/passkey
[ 92%] Built target test-tokenizer-0
[ 92%] Built target export-lora
[ 93%] Linking CXX executable ../../bin/llava-cli
[ 94%] Linking CXX executable ../../bin/quantize
[ 94%] Built target lookup-stats
[ 95%] Linking CXX executable ../../bin/lookup
[ 95%] Built target passkey
[ 96%] Linking CXX executable ../../bin/lookahead
[ 96%] Built target llava-cli
[ 96%] Built target quantize
[ 96%] Linking CXX executable ../../bin/parallel
[ 96%] Built target lookup
[ 97%] Linking CXX executable ../../bin/retrieval
[ 97%] Linking CXX executable ../../bin/train-text-from-scratch
[ 97%] Built target lookahead
[ 97%] Linking CXX executable ../../bin/convert-llama2c-to-ggml
[ 97%] Built target train-text-from-scratch
[ 97%] Built target parallel
[ 97%] Built target convert-llama2c-to-ggml
[ 97%] Built target retrieval
[ 98%] Linking CXX executable ../../bin/infill
[ 98%] Linking CXX executable ../../bin/finetune
[ 98%] Built target infill
[ 98%] Built target finetune
[ 99%] Linking CXX executable ../../bin/speculative
[ 99%] Linking CXX executable ../../bin/imatrix
[ 99%] Built target speculative
[ 99%] Linking CXX executable ../../bin/main
[ 99%] Built target imatrix
[ 99%] Built target main
[100%] Linking CXX executable ../../bin/perplexity
[100%] Built target perplexity
[100%] Linking CXX executable ../../bin/llama-bench
[100%] Built target llama-bench
[100%] Linking CXX executable ../../bin/server
[100%] Built target server

real	0m47.772s
user	1m54.408s
sys	0m6.640s
+ '[' -z 1 ']'
+ tee -a /home/ggml/results/llama.cpp/f8/3351f9a62a6262f1fc3d08f320033089cddfb5/ggml-0-x86-cpu-low-perf/ctest_release-ctest.log
+ ctest --output-on-failure -L main -E test-opt
Test project /home/ggml/work/llama.cpp/build-ci-release
      Start  1: test-tokenizer-0-llama-spm
 1/22 Test  #1: test-tokenizer-0-llama-spm .......   Passed    0.03 sec
      Start  2: test-tokenizer-0-llama-bpe
 2/22 Test  #2: test-tokenizer-0-llama-bpe .......   Passed    0.44 sec
      Start  3: test-tokenizer-0-phi-3
 3/22 Test  #3: test-tokenizer-0-phi-3 ...........   Passed    0.03 sec
      Start  4: test-tokenizer-0-falcon
 4/22 Test  #4: test-tokenizer-0-falcon ..........   Passed    0.13 sec
      Start  5: test-tokenizer-0-bert-bge
 5/22 Test  #5: test-tokenizer-0-bert-bge ........   Passed    0.02 sec
      Start  6: test-tokenizer-0-starcoder
 6/22 Test  #6: test-tokenizer-0-starcoder .......   Passed    0.10 sec
      Start  7: test-tokenizer-0-gpt-2
 7/22 Test  #7: test-tokenizer-0-gpt-2 ...........   Passed    0.10 sec
      Start  8: test-tokenizer-0-refact
 8/22 Test  #8: test-tokenizer-0-refact ..........   Passed    0.10 sec
      Start  9: test-tokenizer-0-command-r
 9/22 Test  #9: test-tokenizer-0-command-r .......   Passed    0.68 sec
      Start 10: test-tokenizer-0-qwen2
10/22 Test #10: test-tokenizer-0-qwen2 ...........   Passed    0.33 sec
      Start 11: test-tokenizer-1-llama-spm
11/22 Test #11: test-tokenizer-1-llama-spm .......   Passed    0.75 sec
      Start 12: test-quantize-fns
12/22 Test #12: test-quantize-fns ................   Passed   16.29 sec
      Start 13: test-quantize-perf
13/22 Test #13: test-quantize-perf ...............   Passed    4.44 sec
      Start 14: test-sampling
14/22 Test #14: test-sampling ....................   Passed    0.01 sec
      Start 15: test-chat-template
15/22 Test #15: test-chat-template ...............   Passed    0.00 sec
      Start 16: test-grammar-parser
16/22 Test #16: test-grammar-parser ..............   Passed    0.00 sec
      Start 17: test-llama-grammar
17/22 Test #17: test-llama-grammar ...............   Passed    0.00 sec
      Start 18: test-grammar-integration
18/22 Test #18: test-grammar-integration .........   Passed    0.00 sec
      Start 19: test-grad0
19/22 Test #19: test-grad0 .......................   Passed    0.14 sec
      Start 20: test-backend-ops
20/22 Test #20: test-backend-ops .................   Passed    0.00 sec
      Start 21: test-rope
21/22 Test #21: test-rope ........................   Passed    0.05 sec
      Start 24: test-json-schema-to-grammar
22/22 Test #24: test-json-schema-to-grammar ......   Passed    0.01 sec

100% tests passed, 0 tests failed out of 22

Label Time Summary:
main    =  23.66 sec*proc (22 tests)

Total Test time (real) =  23.67 sec

real	0m23.691s
user	0m25.895s
sys	0m0.192s
+ set +e
+ cur=0
+ echo 0
+ set +x
