+ cmake -DCMAKE_BUILD_TYPE=Release -DGGML_METAL=ON -DGGML_METAL_EMBED_LIBRARY=ON ..
-- The C compiler identification is AppleClang 16.0.0.16000026
-- The CXX compiler identification is AppleClang 16.0.0.16000026
-- Detecting C compiler ABI info
-- Detecting C compiler ABI info - done
-- Check for working C compiler: /Library/Developer/CommandLineTools/usr/bin/cc - skipped
-- Detecting C compile features
-- Detecting C compile features - done
-- Detecting CXX compiler ABI info
-- Detecting CXX compiler ABI info - done
-- Check for working CXX compiler: /Library/Developer/CommandLineTools/usr/bin/c++ - skipped
-- Detecting CXX compile features
-- Detecting CXX compile features - done
-- Performing Test CMAKE_HAVE_LIBC_PTHREAD
-- Performing Test CMAKE_HAVE_LIBC_PTHREAD - Success
-- Found Threads: TRUE
-- ccache found, compilation results will be cached. Disable with GGML_CCACHE=OFF.
-- CMAKE_SYSTEM_PROCESSOR: arm64
-- Including CPU backend
-- Accelerate framework found
-- Could NOT find OpenMP_C (missing: OpenMP_C_FLAGS OpenMP_C_LIB_NAMES) 
-- Could NOT find OpenMP_CXX (missing: OpenMP_CXX_FLAGS OpenMP_CXX_LIB_NAMES) 
-- Could NOT find OpenMP (missing: OpenMP_C_FOUND OpenMP_CXX_FOUND) 
CMake Warning at src/ggml-cpu/CMakeLists.txt:53 (message):
  OpenMP not found
Call Stack (most recent call first):
  src/CMakeLists.txt:321 (ggml_add_cpu_backend_variant_impl)


-- ARM detected
-- Performing Test GGML_COMPILER_SUPPORTS_FP16_FORMAT_I3E
-- Performing Test GGML_COMPILER_SUPPORTS_FP16_FORMAT_I3E - Failed
-- ARM -mcpu not found, -mcpu=native will be used
-- Performing Test GGML_MACHINE_SUPPORTS_dotprod
-- Performing Test GGML_MACHINE_SUPPORTS_dotprod - Success
-- Performing Test GGML_MACHINE_SUPPORTS_i8mm
-- Performing Test GGML_MACHINE_SUPPORTS_i8mm - Success
-- Performing Test GGML_MACHINE_SUPPORTS_sve
-- Performing Test GGML_MACHINE_SUPPORTS_sve - Failed
-- Performing Test GGML_MACHINE_SUPPORTS_nosve
-- Performing Test GGML_MACHINE_SUPPORTS_nosve - Success
-- Performing Test GGML_MACHINE_SUPPORTS_sme
-- Performing Test GGML_MACHINE_SUPPORTS_sme - Success
-- ARM feature DOTPROD enabled
-- ARM feature MATMUL_INT8 enabled
-- ARM feature FMA enabled
-- ARM feature FP16_VECTOR_ARITHMETIC enabled
-- ARM feature SME enabled
-- Adding CPU backend variant ggml-cpu: -mcpu=native+dotprod+i8mm+nosve+sme 
-- Looking for dgemm_
-- Looking for dgemm_ - found
-- Found BLAS: /Library/Developer/CommandLineTools/SDKs/MacOSX15.1.sdk/System/Library/Frameworks/Accelerate.framework
-- BLAS found, Libraries: /Library/Developer/CommandLineTools/SDKs/MacOSX15.1.sdk/System/Library/Frameworks/Accelerate.framework
-- BLAS found, Includes: 
-- Including BLAS backend
-- Metal framework found
-- The ASM compiler identification is AppleClang
-- Found assembler: /Library/Developer/CommandLineTools/usr/bin/cc
-- Including METAL backend
-- ARM detected
-- Accelerate framework found
-- Configuring done (2.8s)
-- Generating done (0.1s)
-- Build files have been written to: /Users/ggml/work/ggml/build-ci-release

real	0m2.917s
user	0m0.988s
sys	0m1.313s
+ make -j
[  0%] Building CXX object examples/CMakeFiles/common.dir/common.cpp.o
[  1%] Building C object src/CMakeFiles/ggml-base.dir/ggml-alloc.c.o
[  3%] Building CXX object src/CMakeFiles/ggml-base.dir/ggml-backend.cpp.o
[  3%] Building CXX object src/CMakeFiles/ggml-base.dir/ggml-opt.cpp.o
[  3%] Building C object src/CMakeFiles/ggml-base.dir/ggml.c.o
[  4%] Building CXX object src/CMakeFiles/ggml-base.dir/ggml-threading.cpp.o
[  5%] Building CXX object src/CMakeFiles/ggml-base.dir/gguf.cpp.o
[  6%] Building C object src/CMakeFiles/ggml-base.dir/ggml-quants.c.o
/Users/ggml/work/ggml/examples/common.cpp:251:31: warning: 'codecvt_utf8<wchar_t>' is deprecated [-Wdeprecated-declarations]
  251 |     std::wstring_convert<std::codecvt_utf8<wchar_t>> converter;
      |                               ^
/Library/Developer/CommandLineTools/SDKs/MacOSX15.1.sdk/usr/include/c++/v1/codecvt:194:28: note: 'codecvt_utf8<wchar_t>' has been explicitly marked deprecated here
  194 | class _LIBCPP_TEMPLATE_VIS _LIBCPP_DEPRECATED_IN_CXX17 codecvt_utf8 : public __codecvt_utf8<_Elem> {
      |                            ^
/Library/Developer/CommandLineTools/SDKs/MacOSX15.1.sdk/usr/include/c++/v1/__config:1022:41: note: expanded from macro '_LIBCPP_DEPRECATED_IN_CXX17'
 1022 | #    define _LIBCPP_DEPRECATED_IN_CXX17 _LIBCPP_DEPRECATED
      |                                         ^
/Library/Developer/CommandLineTools/SDKs/MacOSX15.1.sdk/usr/include/c++/v1/__config:995:49: note: expanded from macro '_LIBCPP_DEPRECATED'
  995 | #      define _LIBCPP_DEPRECATED __attribute__((__deprecated__))
      |                                                 ^
/Users/ggml/work/ggml/examples/common.cpp:251:10: warning: 'wstring_convert<std::codecvt_utf8<wchar_t>>' is deprecated [-Wdeprecated-declarations]
  251 |     std::wstring_convert<std::codecvt_utf8<wchar_t>> converter;
      |          ^
/Library/Developer/CommandLineTools/SDKs/MacOSX15.1.sdk/usr/include/c++/v1/locale:3114:28: note: 'wstring_convert<std::codecvt_utf8<wchar_t>>' has been explicitly marked deprecated here
 3114 | class _LIBCPP_TEMPLATE_VIS _LIBCPP_DEPRECATED_IN_CXX17 wstring_convert {
      |                            ^
/Library/Developer/CommandLineTools/SDKs/MacOSX15.1.sdk/usr/include/c++/v1/__config:1022:41: note: expanded from macro '_LIBCPP_DEPRECATED_IN_CXX17'
 1022 | #    define _LIBCPP_DEPRECATED_IN_CXX17 _LIBCPP_DEPRECATED
      |                                         ^
/Library/Developer/CommandLineTools/SDKs/MacOSX15.1.sdk/usr/include/c++/v1/__config:995:49: note: expanded from macro '_LIBCPP_DEPRECATED'
  995 | #      define _LIBCPP_DEPRECATED __attribute__((__deprecated__))
      |                                                 ^
/Users/ggml/work/ggml/examples/common.cpp:257:31: warning: 'codecvt_utf8<wchar_t>' is deprecated [-Wdeprecated-declarations]
  257 |     std::wstring_convert<std::codecvt_utf8<wchar_t>> converter;
      |                               ^
/Library/Developer/CommandLineTools/SDKs/MacOSX15.1.sdk/usr/include/c++/v1/codecvt:194:28: note: 'codecvt_utf8<wchar_t>' has been explicitly marked deprecated here
  194 | class _LIBCPP_TEMPLATE_VIS _LIBCPP_DEPRECATED_IN_CXX17 codecvt_utf8 : public __codecvt_utf8<_Elem> {
      |                            ^
/Library/Developer/CommandLineTools/SDKs/MacOSX15.1.sdk/usr/include/c++/v1/__config:1022:41: note: expanded from macro '_LIBCPP_DEPRECATED_IN_CXX17'
 1022 | #    define _LIBCPP_DEPRECATED_IN_CXX17 _LIBCPP_DEPRECATED
      |                                         ^
/Library/Developer/CommandLineTools/SDKs/MacOSX15.1.sdk/usr/include/c++/v1/__config:995:49: note: expanded from macro '_LIBCPP_DEPRECATED'
  995 | #      define _LIBCPP_DEPRECATED __attribute__((__deprecated__))
      |                                                 ^
/Users/ggml/work/ggml/examples/common.cpp:257:10: warning: 'wstring_convert<std::codecvt_utf8<wchar_t>>' is deprecated [-Wdeprecated-declarations]
  257 |     std::wstring_convert<std::codecvt_utf8<wchar_t>> converter;
      |          ^
/Library/Developer/CommandLineTools/SDKs/MacOSX15.1.sdk/usr/include/c++/v1/locale:3114:28: note: 'wstring_convert<std::codecvt_utf8<wchar_t>>' has been explicitly marked deprecated here
 3114 | class _LIBCPP_TEMPLATE_VIS _LIBCPP_DEPRECATED_IN_CXX17 wstring_convert {
      |                            ^
/Library/Developer/CommandLineTools/SDKs/MacOSX15.1.sdk/usr/include/c++/v1/__config:1022:41: note: expanded from macro '_LIBCPP_DEPRECATED_IN_CXX17'
 1022 | #    define _LIBCPP_DEPRECATED_IN_CXX17 _LIBCPP_DEPRECATED
      |                                         ^
/Library/Developer/CommandLineTools/SDKs/MacOSX15.1.sdk/usr/include/c++/v1/__config:995:49: note: expanded from macro '_LIBCPP_DEPRECATED'
  995 | #      define _LIBCPP_DEPRECATED __attribute__((__deprecated__))
      |                                                 ^
4 warnings generated.
[  7%] Linking CXX static library libcommon.a
[  7%] Built target common
[  8%] Linking CXX shared library libggml-base.dylib
[  8%] Built target ggml-base
[  9%] Generate assembly for embedded Metal library
Embedding Metal library
[ 11%] Building CXX object src/ggml-blas/CMakeFiles/ggml-blas.dir/ggml-blas.cpp.o
[ 11%] Building C object src/CMakeFiles/ggml-cpu.dir/ggml-cpu/ggml-cpu.c.o
[ 11%] Building CXX object src/CMakeFiles/ggml-cpu.dir/ggml-cpu/ggml-cpu-aarch64.cpp.o
[ 12%] Building CXX object src/CMakeFiles/ggml-cpu.dir/ggml-cpu/ggml-cpu-hbm.cpp.o
[ 13%] Building CXX object src/CMakeFiles/ggml-cpu.dir/ggml-cpu/ggml-cpu.cpp.o
[ 14%] Building CXX object src/CMakeFiles/ggml-cpu.dir/ggml-cpu/ggml-cpu-traits.cpp.o
[ 16%] Building C object src/CMakeFiles/ggml-cpu.dir/ggml-cpu/ggml-cpu-quants.c.o
[ 16%] Building CXX object src/CMakeFiles/ggml-cpu.dir/ggml-cpu/amx/mmq.cpp.o
[ 17%] Building CXX object src/CMakeFiles/ggml-cpu.dir/ggml-cpu/amx/amx.cpp.o
[ 18%] Linking CXX shared library libggml-blas.dylib
[ 19%] Building C object src/ggml-metal/CMakeFiles/ggml-metal.dir/ggml-metal.m.o
[ 20%] Building ASM object src/ggml-metal/CMakeFiles/ggml-metal.dir/__/__/autogenerated/ggml-metal-embed.s.o
[ 20%] Built target ggml-blas
[ 20%] Linking C shared library libggml-metal.dylib
[ 20%] Built target ggml-metal
[ 21%] Linking CXX shared library libggml-cpu.dylib
[ 21%] Built target ggml-cpu
[ 22%] Building CXX object src/CMakeFiles/ggml.dir/ggml-backend-reg.cpp.o
[ 23%] Linking CXX shared library libggml.dylib
[ 23%] Built target ggml
[ 23%] Building C object tests/CMakeFiles/test-blas0.dir/test-blas0.c.o
[ 23%] Building C object tests/CMakeFiles/test-pool.dir/test-pool.c.o
[ 25%] Building CXX object tests/CMakeFiles/test-arange.dir/test-arange.cpp.o
[ 26%] Building C object tests/CMakeFiles/test-conv-transpose.dir/test-conv-transpose.c.o
[ 27%] Building CXX object tests/CMakeFiles/test-mul-mat.dir/test-mul-mat.cpp.o
[ 30%] Building CXX object tests/CMakeFiles/test-backend-ops.dir/test-backend-ops.cpp.o
[ 30%] Building C object tests/CMakeFiles/test0.dir/test0.c.o
[ 28%] Building CXX object tests/CMakeFiles/test-pad-reflect-1d.dir/test-pad-reflect-1d.cpp.o
[ 31%] Building C object tests/CMakeFiles/test-mul-mat2.dir/test-mul-mat2.c.o
[ 24%] Building C object tests/CMakeFiles/test-customop.dir/test-customop.c.o
[ 32%] Building C object tests/CMakeFiles/test-mul-mat0.dir/test-mul-mat0.c.o
[ 33%] Building CXX object tests/CMakeFiles/test-conv1d.dir/test-conv1d.cpp.o
[ 34%] Building CXX object examples/sam/CMakeFiles/sam.dir/main.cpp.o
[ 35%] Building CXX object tests/CMakeFiles/test-conv2d.dir/test-conv2d.cpp.o
[ 36%] Building CXX object examples/CMakeFiles/common-ggml.dir/common-ggml.cpp.o
[ 37%] Building C object tests/CMakeFiles/test-rel-pos.dir/test-rel-pos.c.o
[ 39%] Building CXX object tests/CMakeFiles/test-opt.dir/test-opt.cpp.o
[ 39%] Building C object tests/CMakeFiles/test-mul-mat1.dir/test-mul-mat1.c.o
[ 40%] Building CXX object examples/yolo/CMakeFiles/yolov3-tiny.dir/yolo-image.cpp.o
[ 41%] Building CXX object tests/CMakeFiles/test-conv-transpose-1d.dir/test-conv-transpose-1d.cpp.o
[ 42%] Building C object tests/CMakeFiles/test-vec0.dir/test-vec0.c.o
[ 43%] Building CXX object tests/CMakeFiles/test-timestep_embedding.dir/test-timestep_embedding.cpp.o
[ 44%] Building C object tests/CMakeFiles/test-cont.dir/test-cont.c.o
[ 45%] Building CXX object tests/CMakeFiles/test-quantize-perf.dir/test-quantize-perf.cpp.o
[ 46%] Building C object tests/CMakeFiles/test-dup.dir/test-dup.c.o
[ 47%] Building CXX object tests/CMakeFiles/test-quantize-fns.dir/test-quantize-fns.cpp.o
[ 48%] Linking CXX executable ../bin/test-backend-ops
[ 49%] Linking C executable ../bin/test0
/Users/ggml/work/ggml/tests/test-mul-mat1.c:287:13: warning: 'cblas_sgemm' is deprecated: first deprecated in macOS 13.3 - An updated CBLAS interface supporting ILP64 is available.  Please compile with -DACCELERATE_NEW_LAPACK to access the new headers and -DACCELERATE_LAPACK_ILP64 for ILP64 support. [-Wdeprecated-declarations]
  287 |             cblas_sgemm(CblasRowMajor, CblasNoTrans, CblasTrans, M, N, K, 1.0f, src0, K, src1, K, 0.0f, dst, N);
      |             ^
/Library/Developer/CommandLineTools/SDKs/MacOSX15.1.sdk/System/Library/Frameworks/vecLib.framework/Headers/cblas.h:610:6: note: 'cblas_sgemm' has been explicitly marked deprecated here
  610 | void cblas_sgemm(const enum CBLAS_ORDER __Order,
      |      ^
1 warning generated.
[ 50%] Building CXX object examples/perf-metal/CMakeFiles/perf-metal.dir/perf-metal.cpp.o
[ 51%] Building CXX object examples/simple/CMakeFiles/simple-backend.dir/simple-backend.cpp.o
[ 53%] Building CXX object examples/yolo/CMakeFiles/yolov3-tiny.dir/yolov3-tiny.cpp.o
[ 53%] Building CXX object examples/simple/CMakeFiles/simple-ctx.dir/simple-ctx.cpp.o
[ 55%] Building C object tests/CMakeFiles/test-vec2.dir/test-vec2.c.o
[ 55%] Building CXX object examples/mnist/CMakeFiles/mnist-common.dir/mnist-common.cpp.o
In file included from /Users/ggml/work/ggml/examples/yolo/yolo-image.cpp:4:
/Users/ggml/work/ggml/examples/stb_image_write.h:776:13: warning: 'sprintf' is deprecated: This function is provided for compatibility reasons only.  Due to security concerns inherent in the design of sprintf(3), it is highly recommended that you use snprintf(3) instead. [-Wdeprecated-declarations]
  776 |       len = sprintf(buffer, "EXPOSURE=          1.0000000000000\n\n-Y %d +X %d\n", y, x);
      |             ^
/Library/Developer/CommandLineTools/SDKs/MacOSX15.1.sdk/usr/include/_stdio.h:274:1: note: 'sprintf' has been explicitly marked deprecated here
  274 | __deprecated_msg("This function is provided for compatibility reasons only.  Due to security concerns inherent in the design of sprintf(3), it is highly recommended that you use snprintf(3) instead.")
      | ^
/Library/Developer/CommandLineTools/SDKs/MacOSX15.1.sdk/usr/include/sys/cdefs.h:218:48: note: expanded from macro '__deprecated_msg'
  218 |         #define __deprecated_msg(_msg) __attribute__((__deprecated__(_msg)))
      |                                                       ^
1 warning generated.
[ 56%] Linking C executable ../bin/test-mul-mat2
[ 57%] Linking C executable ../bin/test-mul-mat1
[ 58%] Linking C executable ../bin/test-vec0
[ 59%] Linking CXX static library libcommon-ggml.a
[ 60%] Linking C executable ../bin/test-vec2
[ 61%] Linking CXX executable ../../bin/perf-metal
[ 61%] Built target test-vec0
[ 61%] Built target test-backend-ops
[ 61%] Built target common-ggml
[ 61%] Built target test-mul-mat2
[ 61%] Built target test0
[ 61%] Built target perf-metal
[ 62%] Linking CXX executable ../bin/test-arange
[ 62%] Built target test-mul-mat1
[ 62%] Building CXX object examples/gpt-2/CMakeFiles/gpt-2-quantize.dir/quantize.cpp.o
[ 63%] Building CXX object examples/gpt-2/CMakeFiles/gpt-2-alloc.dir/main-alloc.cpp.o
[ 65%] Building CXX object examples/gpt-j/CMakeFiles/gpt-j.dir/main.cpp.o
[ 66%] Building CXX object examples/magika/CMakeFiles/magika.dir/main.cpp.o
[ 67%] Building CXX object examples/gpt-2/CMakeFiles/gpt-2-ctx.dir/main-ctx.cpp.o
[ 68%] Building CXX object examples/gpt-2/CMakeFiles/gpt-2-backend.dir/main-backend.cpp.o
[ 69%] Building CXX object examples/gpt-j/CMakeFiles/gpt-j-quantize.dir/quantize.cpp.o
[ 67%] Linking C executable ../bin/test-dup
[ 70%] Built target test-vec2
[ 70%] Linking C executable ../bin/test-rel-pos
[ 71%] Linking C executable ../bin/test-conv-transpose
[ 73%] Linking CXX executable ../bin/test-pad-reflect-1d
[ 74%] Building CXX object examples/gpt-2/CMakeFiles/gpt-2-sched.dir/main-sched.cpp.o
[ 75%] Linking CXX executable ../../bin/gpt-2-quantize
[ 75%] Building CXX object examples/gpt-2/CMakeFiles/gpt-2-batched.dir/main-batched.cpp.o
[ 76%] Linking CXX executable ../../bin/gpt-j-quantize
[ 77%] Linking C executable ../bin/test-pool
[ 78%] Linking C executable ../bin/test-cont
[ 78%] Built target test-arange
[ 78%] Built target test-dup
[ 78%] Built target gpt-2-quantize
[ 78%] Built target test-rel-pos
[ 78%] Built target test-pool
[ 78%] Built target test-cont
[ 78%] Built target gpt-j-quantize
[ 78%] Built target test-conv-transpose
[ 78%] Linking C executable ../bin/test-mul-mat0
[ 78%] Built target test-pad-reflect-1d
[ 79%] Linking C executable ../bin/test-customop
[ 79%] Built target test-customop
[ 79%] Built target test-mul-mat0
[ 80%] Linking CXX executable ../bin/test-quantize-fns
[ 80%] Linking CXX executable ../bin/test-timestep_embedding
[ 80%] Built target test-quantize-fns
[ 80%] Built target test-timestep_embedding
[ 81%] Linking CXX executable ../../bin/simple-ctx
[ 82%] Linking CXX executable ../../bin/simple-backend
/Users/ggml/work/ggml/tests/test-blas0.c:128:5: warning: 'cblas_sgemm' is deprecated: first deprecated in macOS 13.3 - An updated CBLAS interface supporting ILP64 is available.  Please compile with -DACCELERATE_NEW_LAPACK to access the new headers and -DACCELERATE_LAPACK_ILP64 for ILP64 support. [-Wdeprecated-declarations]
  128 |     cblas_sgemm(CblasRowMajor, CblasNoTrans, CblasTrans, N, M, K, 1.0f, src1, K, src0, K, 0.0f, dst1, M);
      |     ^
/Library/Developer/CommandLineTools/SDKs/MacOSX15.1.sdk/System/Library/Frameworks/vecLib.framework/Headers/cblas.h:610:6: note: 'cblas_sgemm' has been explicitly marked deprecated here
  610 | void cblas_sgemm(const enum CBLAS_ORDER __Order,
      |      ^
1 warning generated.
[ 83%] Linking CXX executable ../bin/test-conv2d
[ 84%] Linking C executable ../bin/test-blas0
[ 84%] Built target simple-backend
[ 84%] Built target simple-ctx
[ 84%] Built target test-conv2d
[ 84%] Linking CXX executable ../bin/test-conv1d
[ 84%] Built target test-blas0
[ 85%] Linking CXX executable ../bin/test-mul-mat
[ 85%] Built target test-conv1d
[ 85%] Linking CXX executable ../../bin/magika
[ 85%] Built target test-mul-mat
[ 86%] Linking CXX executable ../bin/test-conv-transpose-1d
[ 86%] Built target magika
[ 86%] Built target test-conv-transpose-1d
[ 87%] Linking CXX executable ../bin/test-quantize-perf
[ 88%] Linking CXX static library libmnist-common.a
[ 88%] Built target test-quantize-perf
[ 88%] Built target mnist-common
[ 90%] Linking CXX executable ../bin/test-opt
[ 90%] Linking CXX executable ../../bin/yolov3-tiny
[ 91%] Linking CXX executable ../../bin/gpt-2-ctx
[ 92%] Building CXX object examples/mnist/CMakeFiles/mnist-eval.dir/mnist-eval.cpp.o
[ 93%] Building CXX object examples/mnist/CMakeFiles/mnist-train.dir/mnist-train.cpp.o
[ 94%] Linking CXX executable ../../bin/gpt-j
[ 94%] Built target test-opt
[ 94%] Built target yolov3-tiny
[ 95%] Linking CXX executable ../../bin/gpt-2-backend
[ 96%] Linking CXX executable ../../bin/gpt-2-alloc
[ 96%] Built target gpt-2-ctx
[ 96%] Built target gpt-j
[ 97%] Linking CXX executable ../../bin/gpt-2-batched
[ 97%] Built target gpt-2-backend
[ 97%] Built target gpt-2-alloc
[ 98%] Linking CXX executable ../../bin/gpt-2-sched
[ 98%] Built target gpt-2-batched
[ 98%] Built target gpt-2-sched
[ 99%] Linking CXX executable ../../bin/mnist-train
[100%] Linking CXX executable ../../bin/mnist-eval
ld: warning: ignoring duplicate libraries: '../libcommon.a'
ld: warning: ignoring duplicate libraries: '../libcommon.a'
[100%] Built target mnist-train
[100%] Built target mnist-eval
In file included from /Users/ggml/work/ggml/examples/sam/main.cpp:11:
/Users/ggml/work/ggml/examples/stb_image_write.h:776:13: warning: 'sprintf' is deprecated: This function is provided for compatibility reasons only.  Due to security concerns inherent in the design of sprintf(3), it is highly recommended that you use snprintf(3) instead. [-Wdeprecated-declarations]
  776 |       len = sprintf(buffer, "EXPOSURE=          1.0000000000000\n\n-Y %d +X %d\n", y, x);
      |             ^
/Library/Developer/CommandLineTools/SDKs/MacOSX15.1.sdk/usr/include/_stdio.h:274:1: note: 'sprintf' has been explicitly marked deprecated here
  274 | __deprecated_msg("This function is provided for compatibility reasons only.  Due to security concerns inherent in the design of sprintf(3), it is highly recommended that you use snprintf(3) instead.")
      | ^
/Library/Developer/CommandLineTools/SDKs/MacOSX15.1.sdk/usr/include/sys/cdefs.h:218:48: note: expanded from macro '__deprecated_msg'
  218 |         #define __deprecated_msg(_msg) __attribute__((__deprecated__(_msg)))
      |                                                       ^
1 warning generated.
[100%] Linking CXX executable ../../bin/sam
[100%] Built target sam

real	0m9.840s
user	0m27.765s
sys	0m9.672s
+ ctest --output-on-failure
Test project /Users/ggml/work/ggml/build-ci-release
      Start  1: test-opt
 1/21 Test  #1: test-opt .........................   Passed    3.26 sec
      Start  2: test-quantize-fns
 2/21 Test  #2: test-quantize-fns ................   Passed   14.47 sec
      Start  3: test-quantize-perf
 3/21 Test  #3: test-quantize-perf ...............   Passed    0.21 sec
      Start  4: test-mul-mat0
 4/21 Test  #4: test-mul-mat0 ....................   Passed    0.40 sec
      Start  5: test-blas0
 5/21 Test  #5: test-blas0 .......................   Passed    0.17 sec
      Start  6: test-mul-mat2
 6/21 Test  #6: test-mul-mat2 ....................   Passed    1.30 sec
      Start  7: test0
 7/21 Test  #7: test0 ............................   Passed    0.17 sec
      Start  8: test-pool
 8/21 Test  #8: test-pool ........................   Passed    0.17 sec
      Start  9: test-arange
 9/21 Test  #9: test-arange ......................   Passed    0.23 sec
      Start 10: test-timestep_embedding
10/21 Test #10: test-timestep_embedding ..........   Passed    0.20 sec
      Start 11: test-pad-reflect-1d
11/21 Test #11: test-pad-reflect-1d ..............   Passed    0.17 sec
      Start 12: test-conv-transpose
12/21 Test #12: test-conv-transpose ..............   Passed    0.17 sec
      Start 13: test-conv-transpose-1d
13/21 Test #13: test-conv-transpose-1d ...........   Passed    0.38 sec
      Start 14: test-dup
14/21 Test #14: test-dup .........................   Passed    0.17 sec
      Start 15: test-rel-pos
15/21 Test #15: test-rel-pos .....................   Passed    0.17 sec
      Start 16: test-customop
16/21 Test #16: test-customop ....................   Passed    0.18 sec
      Start 17: test-conv1d
17/21 Test #17: test-conv1d ......................   Passed    0.23 sec
      Start 18: test-conv2d
18/21 Test #18: test-conv2d ......................   Passed    0.26 sec
      Start 19: test-mul-mat
19/21 Test #19: test-mul-mat .....................   Passed    0.21 sec
      Start 20: test-backend-ops
20/21 Test #20: test-backend-ops .................   Passed   23.06 sec
      Start 21: test-cont
21/21 Test #21: test-cont ........................   Passed    0.17 sec

100% tests passed, 0 tests failed out of 21

Total Test time (real) =  45.74 sec

real	0m45.748s
user	0m46.976s
sys	0m4.033s
