mkdir: cannot create directory ‘/mnt/llama.cpp’: Permission denied
rm: cannot remove '/home/ggml/results/llama.cpp/bc/39553c901a91cfcb757863586250838c83eeab/ggml-1-arm64-cpu-low-perf/*.log': No such file or directory
rm: cannot remove '/home/ggml/results/llama.cpp/bc/39553c901a91cfcb757863586250838c83eeab/ggml-1-arm64-cpu-low-perf/*.exit': No such file or directory
rm: cannot remove '/home/ggml/results/llama.cpp/bc/39553c901a91cfcb757863586250838c83eeab/ggml-1-arm64-cpu-low-perf/*.md': No such file or directory
+ gg_run_ctest_debug
+ tee /home/ggml/results/llama.cpp/bc/39553c901a91cfcb757863586250838c83eeab/ggml-1-arm64-cpu-low-perf/ctest_debug.log
+ cd /home/ggml/work/llama.cpp
+ rm -rf build-ci-debug
+ mkdir build-ci-debug
+ cd build-ci-debug
+ set -e
+ tee -a /home/ggml/results/llama.cpp/bc/39553c901a91cfcb757863586250838c83eeab/ggml-1-arm64-cpu-low-perf/ctest_debug-cmake.log
+ cmake -DCMAKE_BUILD_TYPE=Debug ..
-- The C compiler identification is GNU 11.4.0
-- The CXX compiler identification is GNU 11.4.0
-- Detecting C compiler ABI info
-- Detecting C compiler ABI info - done
-- Check for working C compiler: /usr/bin/cc - skipped
-- Detecting C compile features
-- Detecting C compile features - done
-- Detecting CXX compiler ABI info
-- Detecting CXX compiler ABI info - done
-- Check for working CXX compiler: /usr/bin/c++ - skipped
-- Detecting CXX compile features
-- Detecting CXX compile features - done
-- Found Git: /usr/bin/git (found version "2.34.1") 
-- Looking for pthread.h
-- Looking for pthread.h - found
-- Performing Test CMAKE_HAVE_LIBC_PTHREAD
-- Performing Test CMAKE_HAVE_LIBC_PTHREAD - Success
-- Found Threads: TRUE  
-- CMAKE_SYSTEM_PROCESSOR: aarch64
-- ARM detected
-- Performing Test COMPILER_SUPPORTS_FP16_FORMAT_I3E
-- Performing Test COMPILER_SUPPORTS_FP16_FORMAT_I3E - Failed
-- Configuring done
-- Generating done
-- Build files have been written to: /home/ggml/work/llama.cpp/build-ci-debug

real	0m0.731s
user	0m0.440s
sys	0m0.294s
+ tee -a /home/ggml/results/llama.cpp/bc/39553c901a91cfcb757863586250838c83eeab/ggml-1-arm64-cpu-low-perf/ctest_debug-make.log
+ make -j
[  2%] Building C object CMakeFiles/ggml.dir/k_quants.c.o
[  2%] Building C object CMakeFiles/ggml.dir/ggml.c.o
[  3%] Building C object CMakeFiles/ggml.dir/ggml-alloc.c.o
[  5%] Built target BUILD_INFO
/home/ggml/work/llama.cpp/k_quants.c: In function ‘ggml_vec_dot_q2_K_q8_K’:
/home/ggml/work/llama.cpp/k_quants.c:1356:36: warning: missing braces around initializer [-Wmissing-braces]
 1356 |         const int16x8x2_t mins16 = {vreinterpretq_s16_u16(vmovl_u8(vget_low_u8(mins))), vreinterpretq_s16_u16(vmovl_u8(vget_high_u8(mins)))};
      |                                    ^
      |                                     {                                                                                                      }
/home/ggml/work/llama.cpp/k_quants.c: In function ‘ggml_vec_dot_q6_K_q8_K’:
/home/ggml/work/llama.cpp/k_quants.c:3717:38: warning: missing braces around initializer [-Wmissing-braces]
 3717 |         const int16x8x2_t q6scales = {vmovl_s8(vget_low_s8(scales)), vmovl_s8(vget_high_s8(scales))};
      |                                      ^
      |                                       {                                                            }
[  5%] Built target ggml
[  7%] Linking C static library libggml_static.a
[  7%] Building CXX object CMakeFiles/llama.dir/llama.cpp.o
[  7%] Built target ggml_static
[  8%] Linking CXX static library libllama.a
[  8%] Built target llama
[ 10%] Building C object tests/CMakeFiles/test-c.dir/test-c.c.o
[ 11%] Building CXX object common/CMakeFiles/common.dir/console.cpp.o
[ 12%] Building CXX object examples/quantize/CMakeFiles/quantize.dir/quantize.cpp.o
[ 13%] Building CXX object common/CMakeFiles/common.dir/common.cpp.o
[ 15%] Building CXX object examples/quantize-stats/CMakeFiles/quantize-stats.dir/quantize-stats.cpp.o
[ 16%] Building CXX object examples/benchmark/CMakeFiles/benchmark.dir/benchmark-matmult.cpp.o
[ 17%] Building CXX object common/CMakeFiles/common.dir/grammar-parser.cpp.o
[ 18%] Building CXX object common/CMakeFiles/common.dir/train.cpp.o
[ 20%] Linking CXX executable ../bin/test-c
[ 20%] Built target test-c
[ 21%] Linking CXX executable ../../bin/quantize
[ 22%] Linking CXX executable ../../bin/benchmark
[ 22%] Built target quantize
[ 22%] Built target benchmark
[ 24%] Linking CXX executable ../../bin/quantize-stats
[ 24%] Built target quantize-stats
[ 24%] Built target common
[ 25%] Building CXX object tests/CMakeFiles/test-quantize-fns.dir/test-quantize-fns.cpp.o
[ 26%] Building CXX object tests/CMakeFiles/test-quantize-perf.dir/test-quantize-perf.cpp.o
[ 27%] Building CXX object tests/CMakeFiles/test-sampling.dir/test-sampling.cpp.o
[ 29%] Building CXX object tests/CMakeFiles/test-tokenizer-0-falcon.dir/test-tokenizer-0-falcon.cpp.o
[ 30%] Building CXX object tests/CMakeFiles/test-tokenizer-1-llama.dir/test-tokenizer-1-llama.cpp.o
[ 31%] Building CXX object tests/CMakeFiles/test-tokenizer-0-llama.dir/test-tokenizer-0-llama.cpp.o
[ 32%] Building CXX object tests/CMakeFiles/test-llama-grammar.dir/test-llama-grammar.cpp.o
[ 34%] Building CXX object tests/CMakeFiles/test-grammar-parser.dir/test-grammar-parser.cpp.o
[ 35%] Building CXX object examples/main/CMakeFiles/main.dir/main.cpp.o
[ 36%] Building CXX object tests/CMakeFiles/test-grad0.dir/test-grad0.cpp.o
[ 37%] Building CXX object tests/CMakeFiles/test-rope.dir/test-rope.cpp.o
[ 39%] Building CXX object examples/embedding/CMakeFiles/embedding.dir/embedding.cpp.o
[ 40%] Building CXX object examples/perplexity/CMakeFiles/perplexity.dir/perplexity.cpp.o
[ 41%] Building CXX object examples/baby-llama/CMakeFiles/baby-llama.dir/baby-llama.cpp.o
[ 43%] Building CXX object examples/save-load-state/CMakeFiles/save-load-state.dir/save-load-state.cpp.o
[ 44%] Building CXX object examples/convert-llama2c-to-ggml/CMakeFiles/convert-llama2c-to-ggml.dir/convert-llama2c-to-ggml.cpp.o
[ 45%] Building CXX object examples/train-text-from-scratch/CMakeFiles/train-text-from-scratch.dir/train-text-from-scratch.cpp.o
[ 46%] Building CXX object examples/finetune/CMakeFiles/finetune.dir/finetune.cpp.o
[ 49%] Building CXX object examples/simple/CMakeFiles/simple.dir/simple.cpp.o
[ 48%] Building CXX object examples/batched/CMakeFiles/batched.dir/batched.cpp.o
[ 50%] Building CXX object examples/speculative/CMakeFiles/speculative.dir/speculative.cpp.o
[ 51%] Building CXX object examples/parallel/CMakeFiles/parallel.dir/parallel.cpp.o
[ 53%] Building CXX object examples/embd-input/CMakeFiles/embdinput.dir/embd-input-lib.cpp.o
[ 54%] Building CXX object examples/beam-search/CMakeFiles/beam-search.dir/beam-search.cpp.o
[ 55%] Building CXX object examples/llama-bench/CMakeFiles/llama-bench.dir/llama-bench.cpp.o
[ 56%] Building CXX object examples/server/CMakeFiles/server.dir/server.cpp.o
[ 58%] Building CXX object examples/export-lora/CMakeFiles/export-lora.dir/export-lora.cpp.o
[ 59%] Building CXX object pocs/vdot/CMakeFiles/vdot.dir/vdot.cpp.o
[ 60%] Building CXX object pocs/vdot/CMakeFiles/q8dot.dir/q8dot.cpp.o
[ 62%] Linking CXX executable ../bin/test-grad0
[ 63%] Linking CXX executable ../bin/test-rope
[ 64%] Linking CXX executable ../bin/test-quantize-fns
[ 65%] Linking CXX executable ../bin/test-grammar-parser
[ 67%] Linking CXX executable ../bin/test-sampling
[ 68%] Linking CXX executable ../../bin/baby-llama
[ 69%] Linking CXX executable ../bin/test-tokenizer-1-llama
[ 70%] Linking CXX executable ../bin/test-quantize-perf
[ 72%] Linking CXX executable ../../bin/q8dot
[ 72%] Built target test-grad0
[ 73%] Linking CXX executable ../../bin/embedding
[ 73%] Built target test-rope
[ 74%] Linking CXX executable ../../bin/vdot
[ 74%] Built target test-quantize-fns
[ 75%] Linking CXX executable ../bin/test-tokenizer-0-falcon
[ 77%] Linking CXX executable ../../bin/simple
[ 78%] Linking CXX executable ../bin/test-tokenizer-0-llama
[ 79%] Linking CXX executable ../../bin/batched
[ 81%] Linking CXX executable ../../bin/save-load-state
[ 82%] Linking CXX executable ../../bin/beam-search
[ 82%] Built target test-grammar-parser
[ 82%] Built target test-sampling
[ 83%] Linking CXX executable ../../bin/parallel
[ 84%] Linking CXX static library libembdinput.a
[ 86%] Linking CXX executable ../../bin/export-lora
[ 86%] Built target baby-llama
[ 87%] Linking CXX executable ../../bin/speculative
[ 87%] Built target test-quantize-perf
[ 88%] Linking CXX executable ../../bin/train-text-from-scratch
[ 88%] Built target test-tokenizer-1-llama
[ 88%] Built target q8dot
[ 89%] Linking CXX executable ../../bin/convert-llama2c-to-ggml
[ 89%] Built target embdinput
[ 89%] Built target embedding
[ 89%] Built target vdot
[ 91%] Building CXX object examples/embd-input/CMakeFiles/embd-input-test.dir/embd-input-test.cpp.o
[ 92%] Linking CXX executable ../../bin/finetune
[ 92%] Built target batched
[ 93%] Linking CXX executable ../../bin/perplexity
[ 93%] Built target test-tokenizer-0-llama
[ 93%] Built target save-load-state
[ 93%] Built target simple
[ 93%] Built target test-tokenizer-0-falcon
[ 93%] Built target beam-search
[ 93%] Built target parallel
[ 93%] Built target export-lora
[ 93%] Built target speculative
[ 93%] Built target train-text-from-scratch
[ 94%] Linking CXX executable ../../bin/main
[ 94%] Built target perplexity
[ 94%] Built target convert-llama2c-to-ggml
[ 96%] Linking CXX executable ../../bin/embd-input-test
[ 96%] Built target finetune
[ 96%] Built target embd-input-test
[ 96%] Built target main
[ 97%] Linking CXX executable ../../bin/llama-bench
[ 97%] Built target llama-bench
[ 98%] Linking CXX executable ../bin/test-llama-grammar
[ 98%] Built target test-llama-grammar
[100%] Linking CXX executable ../../bin/server
[100%] Built target server

real	0m36.867s
user	1m16.551s
sys	0m8.551s
+ tee -a /home/ggml/results/llama.cpp/bc/39553c901a91cfcb757863586250838c83eeab/ggml-1-arm64-cpu-low-perf/ctest_debug-ctest.log
+ ctest --output-on-failure -E test-opt
Test project /home/ggml/work/llama.cpp/build-ci-debug
    Start 1: test-quantize-fns
1/9 Test #1: test-quantize-fns ................   Passed    0.04 sec
    Start 2: test-quantize-perf
2/9 Test #2: test-quantize-perf ...............   Passed    0.29 sec
    Start 3: test-sampling
3/9 Test #3: test-sampling ....................   Passed    0.00 sec
    Start 4: test-tokenizer-0-llama
4/9 Test #4: test-tokenizer-0-llama ...........   Passed    0.03 sec
    Start 5: test-tokenizer-1-llama
5/9 Test #5: test-tokenizer-1-llama ...........   Passed   10.95 sec
    Start 6: test-grammar-parser
6/9 Test #6: test-grammar-parser ..............   Passed    0.00 sec
    Start 7: test-llama-grammar
7/9 Test #7: test-llama-grammar ...............   Passed    0.00 sec
    Start 8: test-grad0
8/9 Test #8: test-grad0 .......................   Passed    6.80 sec
    Start 9: test-rope
9/9 Test #9: test-rope ........................   Passed    0.08 sec

100% tests passed, 0 tests failed out of 9

Total Test time (real) =  18.21 sec

real	0m18.227s
user	0m22.125s
sys	0m5.658s
+ set +e
+ cur=0
+ echo 0
+ set +x
+ gg_run_ctest_release
+ tee /home/ggml/results/llama.cpp/bc/39553c901a91cfcb757863586250838c83eeab/ggml-1-arm64-cpu-low-perf/ctest_release.log
+ cd /home/ggml/work/llama.cpp
+ rm -rf build-ci-release
+ mkdir build-ci-release
+ cd build-ci-release
+ set -e
+ tee -a /home/ggml/results/llama.cpp/bc/39553c901a91cfcb757863586250838c83eeab/ggml-1-arm64-cpu-low-perf/ctest_release-cmake.log
+ cmake -DCMAKE_BUILD_TYPE=Release ..
-- The C compiler identification is GNU 11.4.0
-- The CXX compiler identification is GNU 11.4.0
-- Detecting C compiler ABI info
-- Detecting C compiler ABI info - done
-- Check for working C compiler: /usr/bin/cc - skipped
-- Detecting C compile features
-- Detecting C compile features - done
-- Detecting CXX compiler ABI info
-- Detecting CXX compiler ABI info - done
-- Check for working CXX compiler: /usr/bin/c++ - skipped
-- Detecting CXX compile features
-- Detecting CXX compile features - done
-- Found Git: /usr/bin/git (found version "2.34.1") 
-- Looking for pthread.h
-- Looking for pthread.h - found
-- Performing Test CMAKE_HAVE_LIBC_PTHREAD
-- Performing Test CMAKE_HAVE_LIBC_PTHREAD - Success
-- Found Threads: TRUE  
-- CMAKE_SYSTEM_PROCESSOR: aarch64
-- ARM detected
-- Performing Test COMPILER_SUPPORTS_FP16_FORMAT_I3E
-- Performing Test COMPILER_SUPPORTS_FP16_FORMAT_I3E - Failed
-- Configuring done
-- Generating done
-- Build files have been written to: /home/ggml/work/llama.cpp/build-ci-release

real	0m1.293s
user	0m0.441s
sys	0m0.311s
+ tee -a /home/ggml/results/llama.cpp/bc/39553c901a91cfcb757863586250838c83eeab/ggml-1-arm64-cpu-low-perf/ctest_release-make.log
+ make -j
[  5%] Built target BUILD_INFO
[  5%] Building C object CMakeFiles/ggml.dir/ggml-alloc.c.o
[  5%] Building C object CMakeFiles/ggml.dir/ggml.c.o
[  5%] Building C object CMakeFiles/ggml.dir/k_quants.c.o
/home/ggml/work/llama.cpp/k_quants.c: In function ‘ggml_vec_dot_q2_K_q8_K’:
/home/ggml/work/llama.cpp/k_quants.c:1356:36: warning: missing braces around initializer [-Wmissing-braces]
 1356 |         const int16x8x2_t mins16 = {vreinterpretq_s16_u16(vmovl_u8(vget_low_u8(mins))), vreinterpretq_s16_u16(vmovl_u8(vget_high_u8(mins)))};
      |                                    ^
      |                                     {                                                                                                      }
/home/ggml/work/llama.cpp/k_quants.c: In function ‘ggml_vec_dot_q6_K_q8_K’:
/home/ggml/work/llama.cpp/k_quants.c:3717:38: warning: missing braces around initializer [-Wmissing-braces]
 3717 |         const int16x8x2_t q6scales = {vmovl_s8(vget_low_s8(scales)), vmovl_s8(vget_high_s8(scales))};
      |                                      ^
      |                                       {                                                            }
[  5%] Built target ggml
[  6%] Building CXX object CMakeFiles/llama.dir/llama.cpp.o
[  7%] Linking C static library libggml_static.a
[  7%] Built target ggml_static
[  8%] Linking CXX static library libllama.a
[  8%] Built target llama
[ 10%] Building C object tests/CMakeFiles/test-c.dir/test-c.c.o
[ 11%] Building CXX object common/CMakeFiles/common.dir/common.cpp.o
[ 12%] Building CXX object common/CMakeFiles/common.dir/console.cpp.o
[ 13%] Building CXX object examples/quantize/CMakeFiles/quantize.dir/quantize.cpp.o
[ 15%] Building CXX object examples/quantize-stats/CMakeFiles/quantize-stats.dir/quantize-stats.cpp.o
[ 16%] Building CXX object common/CMakeFiles/common.dir/grammar-parser.cpp.o
[ 17%] Building CXX object common/CMakeFiles/common.dir/train.cpp.o
[ 18%] Building CXX object examples/benchmark/CMakeFiles/benchmark.dir/benchmark-matmult.cpp.o
[ 20%] Linking CXX executable ../bin/test-c
[ 20%] Built target test-c
[ 21%] Linking CXX executable ../../bin/quantize
[ 22%] Linking CXX executable ../../bin/benchmark
[ 22%] Built target quantize
[ 22%] Built target benchmark
[ 24%] Linking CXX executable ../../bin/quantize-stats
[ 24%] Built target quantize-stats
[ 24%] Built target common
[ 25%] Building CXX object tests/CMakeFiles/test-quantize-fns.dir/test-quantize-fns.cpp.o
[ 27%] Building CXX object tests/CMakeFiles/test-sampling.dir/test-sampling.cpp.o
[ 27%] Building CXX object tests/CMakeFiles/test-tokenizer-1-llama.dir/test-tokenizer-1-llama.cpp.o
[ 29%] Building CXX object tests/CMakeFiles/test-quantize-perf.dir/test-quantize-perf.cpp.o
[ 30%] Building CXX object tests/CMakeFiles/test-tokenizer-0-llama.dir/test-tokenizer-0-llama.cpp.o
[ 31%] Building CXX object tests/CMakeFiles/test-tokenizer-0-falcon.dir/test-tokenizer-0-falcon.cpp.o
[ 34%] Building CXX object tests/CMakeFiles/test-llama-grammar.dir/test-llama-grammar.cpp.o
[ 32%] Building CXX object tests/CMakeFiles/test-grammar-parser.dir/test-grammar-parser.cpp.o
[ 35%] Building CXX object tests/CMakeFiles/test-grad0.dir/test-grad0.cpp.o
[ 36%] Building CXX object examples/main/CMakeFiles/main.dir/main.cpp.o
[ 37%] Building CXX object examples/perplexity/CMakeFiles/perplexity.dir/perplexity.cpp.o
[ 39%] Building CXX object tests/CMakeFiles/test-rope.dir/test-rope.cpp.o
[ 40%] Building CXX object examples/embedding/CMakeFiles/embedding.dir/embedding.cpp.o
[ 41%] Building CXX object examples/baby-llama/CMakeFiles/baby-llama.dir/baby-llama.cpp.o
[ 43%] Building CXX object examples/save-load-state/CMakeFiles/save-load-state.dir/save-load-state.cpp.o
[ 44%] Building CXX object examples/train-text-from-scratch/CMakeFiles/train-text-from-scratch.dir/train-text-from-scratch.cpp.o
[ 45%] Building CXX object examples/finetune/CMakeFiles/finetune.dir/finetune.cpp.o
[ 46%] Building CXX object examples/convert-llama2c-to-ggml/CMakeFiles/convert-llama2c-to-ggml.dir/convert-llama2c-to-ggml.cpp.o
[ 48%] Building CXX object examples/batched/CMakeFiles/batched.dir/batched.cpp.o
[ 49%] Building CXX object examples/simple/CMakeFiles/simple.dir/simple.cpp.o
[ 50%] Building CXX object examples/speculative/CMakeFiles/speculative.dir/speculative.cpp.o
[ 51%] Building CXX object examples/parallel/CMakeFiles/parallel.dir/parallel.cpp.o
[ 53%] Building CXX object examples/embd-input/CMakeFiles/embdinput.dir/embd-input-lib.cpp.o
[ 54%] Building CXX object examples/llama-bench/CMakeFiles/llama-bench.dir/llama-bench.cpp.o
[ 55%] Building CXX object examples/server/CMakeFiles/server.dir/server.cpp.o
[ 56%] Building CXX object examples/beam-search/CMakeFiles/beam-search.dir/beam-search.cpp.o
[ 58%] Building CXX object examples/export-lora/CMakeFiles/export-lora.dir/export-lora.cpp.o
[ 59%] Building CXX object pocs/vdot/CMakeFiles/vdot.dir/vdot.cpp.o
[ 60%] Building CXX object pocs/vdot/CMakeFiles/q8dot.dir/q8dot.cpp.o
[ 62%] Linking CXX executable ../bin/test-quantize-fns
[ 63%] Linking CXX executable ../bin/test-rope
[ 63%] Built target test-quantize-fns
[ 63%] Built target test-rope
[ 64%] Linking CXX executable ../bin/test-grammar-parser
[ 65%] Linking CXX executable ../bin/test-tokenizer-1-llama
[ 67%] Linking CXX executable ../bin/test-sampling
[ 68%] Linking CXX executable ../../bin/q8dot
[ 68%] Built target test-grammar-parser
[ 68%] Built target test-tokenizer-1-llama
[ 69%] Linking CXX executable ../../bin/embedding
[ 69%] Built target test-sampling
[ 70%] Linking CXX executable ../../bin/vdot
[ 70%] Built target q8dot
[ 72%] Linking CXX executable ../../bin/baby-llama
[ 73%] Linking CXX executable ../../bin/beam-search
[ 74%] Linking CXX executable ../../bin/save-load-state
[ 75%] Linking CXX executable ../bin/test-quantize-perf
[ 75%] Built target embedding
[ 75%] Built target vdot
[ 75%] Built target baby-llama
[ 77%] Linking CXX executable ../../bin/simple
[ 77%] Built target test-quantize-perf
[ 77%] Built target beam-search
[ 77%] Built target save-load-state
[ 77%] Built target simple
[ 78%] Linking CXX executable ../../bin/batched
[ 79%] Linking CXX executable ../bin/test-grad0
[ 81%] Linking CXX executable ../bin/test-tokenizer-0-llama
[ 82%] Linking CXX executable ../bin/test-tokenizer-0-falcon
[ 81%] Built target test-grad0
[ 83%] Linking CXX executable ../../bin/export-lora
[ 84%] Linking CXX static library libembdinput.a
[ 84%] Built target batched
[ 84%] Built target embdinput
[ 84%] Built target test-tokenizer-0-llama
[ 86%] Building CXX object examples/embd-input/CMakeFiles/embd-input-test.dir/embd-input-test.cpp.o
[ 86%] Built target export-lora
[ 87%] Built target test-tokenizer-0-falcon
[ 87%] Linking CXX executable ../../bin/convert-llama2c-to-ggml
[ 88%] Linking CXX executable ../../bin/parallel
[ 88%] Built target convert-llama2c-to-ggml
[ 89%] Linking CXX executable ../../bin/perplexity
[ 89%] Built target parallel
[ 91%] Linking CXX executable ../../bin/speculative
[ 91%] Built target perplexity
[ 92%] Linking CXX executable ../../bin/train-text-from-scratch
[ 92%] Built target speculative
[ 93%] Linking CXX executable ../../bin/embd-input-test
[ 93%] Built target train-text-from-scratch
[ 93%] Built target embd-input-test
[ 94%] Linking CXX executable ../../bin/finetune
[ 94%] Built target finetune
[ 96%] Linking CXX executable ../../bin/main
[ 96%] Built target main
[ 97%] Linking CXX executable ../../bin/llama-bench
[ 97%] Built target llama-bench
[ 98%] Linking CXX executable ../bin/test-llama-grammar
[ 98%] Built target test-llama-grammar
[100%] Linking CXX executable ../../bin/server
[100%] Built target server

real	0m57.920s
user	1m52.237s
sys	0m6.437s
+ '[' -z 1 ']'
+ tee -a /home/ggml/results/llama.cpp/bc/39553c901a91cfcb757863586250838c83eeab/ggml-1-arm64-cpu-low-perf/ctest_release-ctest.log
+ ctest --output-on-failure -E test-opt
Test project /home/ggml/work/llama.cpp/build-ci-release
    Start 1: test-quantize-fns
1/9 Test #1: test-quantize-fns ................   Passed    0.01 sec
    Start 2: test-quantize-perf
2/9 Test #2: test-quantize-perf ...............   Passed    0.05 sec
    Start 3: test-sampling
3/9 Test #3: test-sampling ....................   Passed    0.00 sec
    Start 4: test-tokenizer-0-llama
4/9 Test #4: test-tokenizer-0-llama ...........   Passed    0.02 sec
    Start 5: test-tokenizer-1-llama
5/9 Test #5: test-tokenizer-1-llama ...........   Passed    3.03 sec
    Start 6: test-grammar-parser
6/9 Test #6: test-grammar-parser ..............   Passed    0.00 sec
    Start 7: test-llama-grammar
7/9 Test #7: test-llama-grammar ...............   Passed    0.00 sec
    Start 8: test-grad0
8/9 Test #8: test-grad0 .......................   Passed    7.09 sec
    Start 9: test-rope
9/9 Test #9: test-rope ........................   Passed    0.06 sec

100% tests passed, 0 tests failed out of 9

Total Test time (real) =  10.27 sec

real	0m10.287s
user	0m14.707s
sys	0m5.590s
+ set +e
+ cur=0
+ echo 0
+ set +x
