+ cmake -DCMAKE_BUILD_TYPE=Debug -DGGML_METAL=ON -DGGML_METAL_EMBED_LIBRARY=ON ..
-- The C compiler identification is AppleClang 16.0.0.16000026
-- The CXX compiler identification is AppleClang 16.0.0.16000026
-- Detecting C compiler ABI info
-- Detecting C compiler ABI info - done
-- Check for working C compiler: /Library/Developer/CommandLineTools/usr/bin/cc - skipped
-- Detecting C compile features
-- Detecting C compile features - done
-- Detecting CXX compiler ABI info
-- Detecting CXX compiler ABI info - done
-- Check for working CXX compiler: /Library/Developer/CommandLineTools/usr/bin/c++ - skipped
-- Detecting CXX compile features
-- Detecting CXX compile features - done
-- Performing Test CMAKE_HAVE_LIBC_PTHREAD
-- Performing Test CMAKE_HAVE_LIBC_PTHREAD - Success
-- Found Threads: TRUE
-- ccache found, compilation results will be cached. Disable with GGML_CCACHE=OFF.
-- CMAKE_SYSTEM_PROCESSOR: arm64
-- Including CPU backend
-- Accelerate framework found
-- Could NOT find OpenMP_C (missing: OpenMP_C_FLAGS OpenMP_C_LIB_NAMES) 
-- Could NOT find OpenMP_CXX (missing: OpenMP_CXX_FLAGS OpenMP_CXX_LIB_NAMES) 
-- Could NOT find OpenMP (missing: OpenMP_C_FOUND OpenMP_CXX_FOUND) 
CMake Warning at src/ggml-cpu/CMakeLists.txt:53 (message):
  OpenMP not found
Call Stack (most recent call first):
  src/CMakeLists.txt:318 (ggml_add_cpu_backend_variant_impl)


-- ARM detected
-- Performing Test GGML_COMPILER_SUPPORTS_FP16_FORMAT_I3E
-- Performing Test GGML_COMPILER_SUPPORTS_FP16_FORMAT_I3E - Failed
-- ARM -mcpu not found, -mcpu=native will be used
-- Performing Test GGML_MACHINE_SUPPORTS_dotprod
-- Performing Test GGML_MACHINE_SUPPORTS_dotprod - Success
-- Performing Test GGML_MACHINE_SUPPORTS_i8mm
-- Performing Test GGML_MACHINE_SUPPORTS_i8mm - Success
-- Performing Test GGML_MACHINE_SUPPORTS_sve
-- Performing Test GGML_MACHINE_SUPPORTS_sve - Failed
-- Performing Test GGML_MACHINE_SUPPORTS_nosve
-- Performing Test GGML_MACHINE_SUPPORTS_nosve - Success
-- Performing Test GGML_MACHINE_SUPPORTS_sme
-- Performing Test GGML_MACHINE_SUPPORTS_sme - Success
-- ARM feature DOTPROD enabled
-- ARM feature MATMUL_INT8 enabled
-- ARM feature FMA enabled
-- ARM feature FP16_VECTOR_ARITHMETIC enabled
-- ARM feature SME enabled
-- Adding CPU backend variant ggml-cpu: -mcpu=native+dotprod+i8mm+nosve+sme 
-- Looking for dgemm_
-- Looking for dgemm_ - found
-- Found BLAS: /Library/Developer/CommandLineTools/SDKs/MacOSX15.1.sdk/System/Library/Frameworks/Accelerate.framework
-- BLAS found, Libraries: /Library/Developer/CommandLineTools/SDKs/MacOSX15.1.sdk/System/Library/Frameworks/Accelerate.framework
-- BLAS found, Includes: 
-- Including BLAS backend
-- Metal framework found
-- The ASM compiler identification is AppleClang
-- Found assembler: /Library/Developer/CommandLineTools/usr/bin/cc
-- Including METAL backend
-- ARM detected
-- Accelerate framework found
-- Configuring done (3.3s)
-- Generating done (0.1s)
-- Build files have been written to: /Users/ggml/work/ggml/build-ci-debug

real	0m3.401s
user	0m0.935s
sys	0m1.480s
+ make -j
[  0%] Building CXX object src/CMakeFiles/ggml-base.dir/ggml-opt.cpp.o
[  1%] Building C object src/CMakeFiles/ggml-base.dir/ggml.c.o
[  1%] Building CXX object examples/CMakeFiles/common.dir/common.cpp.o
[  2%] Building C object src/CMakeFiles/ggml-base.dir/ggml-alloc.c.o
[  4%] Building CXX object src/CMakeFiles/ggml-base.dir/ggml-backend.cpp.o
[  4%] Building CXX object src/CMakeFiles/ggml-base.dir/ggml-threading.cpp.o
[  6%] Building C object src/CMakeFiles/ggml-base.dir/ggml-quants.c.o
[  6%] Building CXX object src/CMakeFiles/ggml-base.dir/gguf.cpp.o
/Users/ggml/work/ggml/examples/common.cpp:266:31: warning: 'codecvt_utf8<wchar_t>' is deprecated [-Wdeprecated-declarations]
  266 |     std::wstring_convert<std::codecvt_utf8<wchar_t>> converter;
      |                               ^
/Library/Developer/CommandLineTools/SDKs/MacOSX15.1.sdk/usr/include/c++/v1/codecvt:194:28: note: 'codecvt_utf8<wchar_t>' has been explicitly marked deprecated here
  194 | class _LIBCPP_TEMPLATE_VIS _LIBCPP_DEPRECATED_IN_CXX17 codecvt_utf8 : public __codecvt_utf8<_Elem> {
      |                            ^
/Library/Developer/CommandLineTools/SDKs/MacOSX15.1.sdk/usr/include/c++/v1/__config:1022:41: note: expanded from macro '_LIBCPP_DEPRECATED_IN_CXX17'
 1022 | #    define _LIBCPP_DEPRECATED_IN_CXX17 _LIBCPP_DEPRECATED
      |                                         ^
/Library/Developer/CommandLineTools/SDKs/MacOSX15.1.sdk/usr/include/c++/v1/__config:995:49: note: expanded from macro '_LIBCPP_DEPRECATED'
  995 | #      define _LIBCPP_DEPRECATED __attribute__((__deprecated__))
      |                                                 ^
/Users/ggml/work/ggml/examples/common.cpp:266:10: warning: 'wstring_convert<std::codecvt_utf8<wchar_t>>' is deprecated [-Wdeprecated-declarations]
  266 |     std::wstring_convert<std::codecvt_utf8<wchar_t>> converter;
      |          ^
/Library/Developer/CommandLineTools/SDKs/MacOSX15.1.sdk/usr/include/c++/v1/locale:3114:28: note: 'wstring_convert<std::codecvt_utf8<wchar_t>>' has been explicitly marked deprecated here
 3114 | class _LIBCPP_TEMPLATE_VIS _LIBCPP_DEPRECATED_IN_CXX17 wstring_convert {
      |                            ^
/Library/Developer/CommandLineTools/SDKs/MacOSX15.1.sdk/usr/include/c++/v1/__config:1022:41: note: expanded from macro '_LIBCPP_DEPRECATED_IN_CXX17'
 1022 | #    define _LIBCPP_DEPRECATED_IN_CXX17 _LIBCPP_DEPRECATED
      |                                         ^
/Library/Developer/CommandLineTools/SDKs/MacOSX15.1.sdk/usr/include/c++/v1/__config:995:49: note: expanded from macro '_LIBCPP_DEPRECATED'
  995 | #      define _LIBCPP_DEPRECATED __attribute__((__deprecated__))
      |                                                 ^
/Users/ggml/work/ggml/examples/common.cpp:272:31: warning: 'codecvt_utf8<wchar_t>' is deprecated [-Wdeprecated-declarations]
  272 |     std::wstring_convert<std::codecvt_utf8<wchar_t>> converter;
      |                               ^
/Library/Developer/CommandLineTools/SDKs/MacOSX15.1.sdk/usr/include/c++/v1/codecvt:194:28: note: 'codecvt_utf8<wchar_t>' has been explicitly marked deprecated here
  194 | class _LIBCPP_TEMPLATE_VIS _LIBCPP_DEPRECATED_IN_CXX17 codecvt_utf8 : public __codecvt_utf8<_Elem> {
      |                            ^
/Library/Developer/CommandLineTools/SDKs/MacOSX15.1.sdk/usr/include/c++/v1/__config:1022:41: note: expanded from macro '_LIBCPP_DEPRECATED_IN_CXX17'
 1022 | #    define _LIBCPP_DEPRECATED_IN_CXX17 _LIBCPP_DEPRECATED
      |                                         ^
/Library/Developer/CommandLineTools/SDKs/MacOSX15.1.sdk/usr/include/c++/v1/__config:995:49: note: expanded from macro '_LIBCPP_DEPRECATED'
  995 | #      define _LIBCPP_DEPRECATED __attribute__((__deprecated__))
      |                                                 ^
/Users/ggml/work/ggml/examples/common.cpp:272:10: warning: 'wstring_convert<std::codecvt_utf8<wchar_t>>' is deprecated [-Wdeprecated-declarations]
  272 |     std::wstring_convert<std::codecvt_utf8<wchar_t>> converter;
      |          ^
/Library/Developer/CommandLineTools/SDKs/MacOSX15.1.sdk/usr/include/c++/v1/locale:3114:28: note: 'wstring_convert<std::codecvt_utf8<wchar_t>>' has been explicitly marked deprecated here
 3114 | class _LIBCPP_TEMPLATE_VIS _LIBCPP_DEPRECATED_IN_CXX17 wstring_convert {
      |                            ^
/Library/Developer/CommandLineTools/SDKs/MacOSX15.1.sdk/usr/include/c++/v1/__config:1022:41: note: expanded from macro '_LIBCPP_DEPRECATED_IN_CXX17'
 1022 | #    define _LIBCPP_DEPRECATED_IN_CXX17 _LIBCPP_DEPRECATED
      |                                         ^
/Library/Developer/CommandLineTools/SDKs/MacOSX15.1.sdk/usr/include/c++/v1/__config:995:49: note: expanded from macro '_LIBCPP_DEPRECATED'
  995 | #      define _LIBCPP_DEPRECATED __attribute__((__deprecated__))
      |                                                 ^
4 warnings generated.
[  8%] Linking CXX shared library libggml-base.dylib
[  8%] Linking CXX static library libcommon.a
[  8%] Built target common
[  8%] Built target ggml-base
[  9%] Generate assembly for embedded Metal library
Embedding Metal library
[ 11%] Building CXX object src/CMakeFiles/ggml-cpu.dir/ggml-cpu/amx/mmq.cpp.o
[ 11%] Building CXX object src/CMakeFiles/ggml-cpu.dir/ggml-cpu/ggml-cpu.cpp.o
[ 12%] Building CXX object src/ggml-blas/CMakeFiles/ggml-blas.dir/ggml-blas.cpp.o
[ 13%] Building C object src/CMakeFiles/ggml-cpu.dir/ggml-cpu/ggml-cpu.c.o
[ 14%] Building CXX object src/CMakeFiles/ggml-cpu.dir/ggml-cpu/ggml-cpu-traits.cpp.o
[ 14%] Building CXX object src/CMakeFiles/ggml-cpu.dir/ggml-cpu/ggml-cpu-aarch64.cpp.o
[ 15%] Building C object src/CMakeFiles/ggml-cpu.dir/ggml-cpu/ggml-cpu-quants.c.o
[ 17%] Building CXX object src/CMakeFiles/ggml-cpu.dir/ggml-cpu/amx/amx.cpp.o
[ 17%] Building CXX object src/CMakeFiles/ggml-cpu.dir/ggml-cpu/ggml-cpu-hbm.cpp.o
[ 18%] Linking CXX shared library libggml-blas.dylib
[ 19%] Building C object src/ggml-metal/CMakeFiles/ggml-metal.dir/ggml-metal.m.o
[ 20%] Building ASM object src/ggml-metal/CMakeFiles/ggml-metal.dir/__/__/autogenerated/ggml-metal-embed.s.o
[ 20%] Linking C shared library libggml-metal.dylib
[ 20%] Built target ggml-blas
[ 20%] Built target ggml-metal
[ 21%] Linking CXX shared library libggml-cpu.dylib
[ 21%] Built target ggml-cpu
[ 22%] Building CXX object src/CMakeFiles/ggml.dir/ggml-backend-reg.cpp.o
[ 23%] Linking CXX shared library libggml.dylib
[ 23%] Built target ggml
[ 24%] Building CXX object tests/CMakeFiles/test-timestep_embedding.dir/test-timestep_embedding.cpp.o
[ 26%] Building C object tests/CMakeFiles/test-vec0.dir/test-vec0.c.o
[ 26%] Building C object tests/CMakeFiles/test-blas0.dir/test-blas0.c.o
[ 26%] Building CXX object tests/CMakeFiles/test-conv1d.dir/test-conv1d.cpp.o
[ 28%] Building C object tests/CMakeFiles/test-conv-transpose.dir/test-conv-transpose.c.o
[ 29%] Building C object tests/CMakeFiles/test-dup.dir/test-dup.c.o
[ 30%] Building C object tests/CMakeFiles/test-customop.dir/test-customop.c.o
[ 31%] Building C object tests/CMakeFiles/test-cont.dir/test-cont.c.o
[ 32%] Building CXX object tests/CMakeFiles/test-backend-ops.dir/test-backend-ops.cpp.o
[ 33%] Building CXX object tests/CMakeFiles/test-conv2d.dir/test-conv2d.cpp.o
[ 33%] Building C object tests/CMakeFiles/test-mul-mat2.dir/test-mul-mat2.c.o
[ 34%] Building CXX object examples/yolo/CMakeFiles/yolov3-tiny.dir/yolov3-tiny.cpp.o
[ 36%] Building CXX object examples/sam/CMakeFiles/sam.dir/main.cpp.o
[ 37%] Building CXX object tests/CMakeFiles/test-pad-reflect-1d.dir/test-pad-reflect-1d.cpp.o
[ 36%] Building CXX object examples/mnist/CMakeFiles/mnist-common.dir/mnist-common.cpp.o
[ 39%] Building CXX object examples/CMakeFiles/common-ggml.dir/common-ggml.cpp.o
/Users/ggml/work/ggml/tests/test-blas0.c:128:5: warning: 'cblas_sgemm' is deprecated: first deprecated in macOS 13.3 - An updated CBLAS interface supporting ILP64 is available.  Please compile with -DACCELERATE_NEW_LAPACK to access the new headers and -DACCELERATE_LAPACK_ILP64 for ILP64 support. [-Wdeprecated-declarations]
  128 |     cblas_sgemm(CblasRowMajor, CblasNoTrans, CblasTrans, N, M, K, 1.0f, src1, K, src0, K, 0.0f, dst1, M);
      |     ^
/Library/Developer/CommandLineTools/SDKs/MacOSX15.1.sdk/System/Library/Frameworks/vecLib.framework/Headers/cblas.h:610:6: note: 'cblas_sgemm' has been explicitly marked deprecated here
  610 | void cblas_sgemm(const enum CBLAS_ORDER __Order,
      |      ^
1 warning generated.
[ 40%] Building C object tests/CMakeFiles/test-vec2.dir/test-vec2.c.o
[ 41%] Building CXX object tests/CMakeFiles/test-arange.dir/test-arange.cpp.o
[ 42%] Building C object tests/CMakeFiles/test-mul-mat0.dir/test-mul-mat0.c.o
[ 43%] Building CXX object tests/CMakeFiles/test-conv-transpose-1d.dir/test-conv-transpose-1d.cpp.o
[ 45%] Building CXX object tests/CMakeFiles/test-mul-mat.dir/test-mul-mat.cpp.o
[ 40%] Building CXX object tests/CMakeFiles/test-quantize-fns.dir/test-quantize-fns.cpp.o
[ 45%] Building C object tests/CMakeFiles/test-pool.dir/test-pool.c.o
[ 45%] Linking CXX executable ../bin/test-timestep_embedding
[ 46%] Linking C executable ../bin/test-customop
[ 47%] Building C object tests/CMakeFiles/test-rel-pos.dir/test-rel-pos.c.o
[ 47%] Building CXX object tests/CMakeFiles/test-opt.dir/test-opt.cpp.o
In file included from /Users/ggml/work/ggml/examples/sam/main.cpp:11:
/Users/ggml/work/ggml/examples/stb_image_write.h:776:13: warning: 'sprintf' is deprecated: This function is provided for compatibility reasons only.  Due to security concerns inherent in the design of sprintf(3), it is highly recommended that you use snprintf(3) instead. [-Wdeprecated-declarations]
  776 |       len = sprintf(buffer, "EXPOSURE=          1.0000000000000\n\n-Y %d +X %d\n", y, x);
      |             ^
/Library/Developer/CommandLineTools/SDKs/MacOSX15.1.sdk/usr/include/_stdio.h:274:1: note: 'sprintf' has been explicitly marked deprecated here
  274 | __deprecated_msg("This function is provided for compatibility reasons only.  Due to security concerns inherent in the design of sprintf(3), it is highly recommended that you use snprintf(3) instead.")
      | ^
/Library/Developer/CommandLineTools/SDKs/MacOSX15.1.sdk/usr/include/sys/cdefs.h:218:48: note: expanded from macro '__deprecated_msg'
  218 |         #define __deprecated_msg(_msg) __attribute__((__deprecated__(_msg)))
      |                                                       ^
1 warning generated.
[ 49%] Building CXX object examples/simple/CMakeFiles/simple-backend.dir/simple-backend.cpp.o
[ 50%] Building C object tests/CMakeFiles/test0.dir/test0.c.o
[ 48%] Building CXX object examples/simple/CMakeFiles/simple-ctx.dir/simple-ctx.cpp.o
[ 51%] Building CXX object tests/CMakeFiles/test-quantize-perf.dir/test-quantize-perf.cpp.o
[ 52%] Building C object tests/CMakeFiles/test-mul-mat1.dir/test-mul-mat1.c.o
[ 53%] Linking C executable ../bin/test-blas0
[ 54%] Linking C executable ../bin/test-dup
[ 55%] Linking C executable ../bin/test-vec0
[ 56%] Linking CXX executable ../bin/test-quantize-fns
[ 57%] Linking C executable ../bin/test-mul-mat2
[ 58%] Linking C executable ../bin/test-conv-transpose
[ 59%] Building CXX object examples/yolo/CMakeFiles/yolov3-tiny.dir/yolo-image.cpp.o
/Users/ggml/work/ggml/tests/test-mul-mat1.c:287:13: warning: 'cblas_sgemm' is deprecated: first deprecated in macOS 13.3 - An updated CBLAS interface supporting ILP64 is available.  Please compile with -DACCELERATE_NEW_LAPACK to access the new headers and -DACCELERATE_LAPACK_ILP64 for ILP64 support. [-Wdeprecated-declarations]
  287 |             cblas_sgemm(CblasRowMajor, CblasNoTrans, CblasTrans, M, N, K, 1.0f, src0, K, src1, K, 0.0f, dst, N);
      |             ^
/Library/Developer/CommandLineTools/SDKs/MacOSX15.1.sdk/System/Library/Frameworks/vecLib.framework/Headers/cblas.h:610:6: note: 'cblas_sgemm' has been explicitly marked deprecated here
  610 | void cblas_sgemm(const enum CBLAS_ORDER __Order,
      |      ^
1 warning generated.
[ 62%] Linking C executable ../bin/test0
[ 62%] Linking CXX executable ../bin/test-mul-mat
[ 63%] Linking CXX executable ../../bin/simple-backend
[ 63%] Linking C executable ../bin/test-mul-mat0
[ 64%] Linking CXX static library libcommon-ggml.a
[ 65%] Linking CXX static library libmnist-common.a
[ 62%] Building CXX object examples/perf-metal/CMakeFiles/perf-metal.dir/perf-metal.cpp.o
[ 67%] Linking CXX executable ../bin/test-pad-reflect-1d
[ 67%] Linking CXX executable ../bin/test-opt
[ 68%] Linking C executable ../bin/test-pool
[ 69%] Linking CXX executable ../bin/test-arange
[ 69%] Linking CXX executable ../../bin/sam
[ 70%] Linking C executable ../bin/test-cont
[ 71%] Linking CXX executable ../bin/test-quantize-perf
[ 72%] Linking C executable ../bin/test-rel-pos
[ 73%] Linking CXX executable ../../bin/simple-ctx
In file included from /Users/ggml/work/ggml/examples/yolo/yolo-image.cpp:4:
/Users/ggml/work/ggml/examples/stb_image_write.h:776:13: warning: 'sprintf' is deprecated: This function is provided for compatibility reasons only.  Due to security concerns inherent in the design of sprintf(3), it is highly recommended that you use snprintf(3) instead. [-Wdeprecated-declarations]
  776 |       len = sprintf(buffer, "EXPOSURE=          1.0000000000000\n\n-Y %d +X %d\n", y, x);
      |             ^
/Library/Developer/CommandLineTools/SDKs/MacOSX15.1.sdk/usr/include/_stdio.h:274:1: note: 'sprintf' has been explicitly marked deprecated here
  274 | __deprecated_msg("This function is provided for compatibility reasons only.  Due to security concerns inherent in the design of sprintf(3), it is highly recommended that you use snprintf(3) instead.")
      | ^
/Library/Developer/CommandLineTools/SDKs/MacOSX15.1.sdk/usr/include/sys/cdefs.h:218:48: note: expanded from macro '__deprecated_msg'
  218 |         #define __deprecated_msg(_msg) __attribute__((__deprecated__(_msg)))
      |                                                       ^
1 warning generated.
[ 74%] Linking CXX executable ../bin/test-conv-transpose-1d
[ 75%] Linking CXX executable ../bin/test-conv2d
[ 75%] Built target test-customop
[ 76%] Linking C executable ../bin/test-mul-mat1
[ 77%] Linking C executable ../bin/test-vec2
[ 77%] Linking CXX executable ../bin/test-conv1d
[ 78%] Linking CXX executable ../../bin/yolov3-tiny
[ 79%] Linking CXX executable ../../bin/perf-metal
[ 79%] Built target test-quantize-fns
[ 79%] Built target common-ggml
[ 79%] Built target test-opt
[ 79%] Built target sam
[ 79%] Built target test-quantize-perf
[ 79%] Built target mnist-common
[ 79%] Built target test-mul-mat
[ 79%] Built target test-arange
[ 79%] Built target test-dup
[ 79%] Built target test-pool
[ 79%] Built target test-pad-reflect-1d
[ 79%] Built target test-vec0
[ 79%] Built target test-timestep_embedding
[ 80%] Building CXX object examples/gpt-2/CMakeFiles/gpt-2-ctx.dir/main-ctx.cpp.o
[ 80%] Built target test-mul-mat2
[ 80%] Built target simple-backend
[ 80%] Built target test-conv-transpose
[ 80%] Built target test0
[ 80%] Built target test-rel-pos
[ 81%] Building CXX object examples/gpt-2/CMakeFiles/gpt-2-backend.dir/main-backend.cpp.o
[ 82%] Building CXX object examples/gpt-j/CMakeFiles/gpt-j-quantize.dir/quantize.cpp.o
[ 82%] Built target test-mul-mat0
[ 83%] Building CXX object examples/gpt-2/CMakeFiles/gpt-2-batched.dir/main-batched.cpp.o
[ 84%] Building CXX object examples/gpt-2/CMakeFiles/gpt-2-sched.dir/main-sched.cpp.o
[ 84%] Built target test-conv-transpose-1d
[ 84%] Building CXX object examples/gpt-2/CMakeFiles/gpt-2-quantize.dir/quantize.cpp.o
[ 84%] Built target test-conv2d
[ 84%] Built target test-cont
[ 86%] Building CXX object examples/gpt-2/CMakeFiles/gpt-2-alloc.dir/main-alloc.cpp.o
[ 86%] Building CXX object examples/gpt-j/CMakeFiles/gpt-j.dir/main.cpp.o
[ 86%] Built target test-blas0
[ 87%] Building CXX object examples/magika/CMakeFiles/magika.dir/main.cpp.o
[ 87%] Built target simple-ctx
[ 88%] Linking CXX executable ../../bin/gpt-2-ctx
[ 88%] Built target yolov3-tiny
[ 88%] Built target perf-metal
[ 88%] Built target test-vec2
[ 89%] Building CXX object examples/mnist/CMakeFiles/mnist-eval.dir/mnist-eval.cpp.o
[ 89%] Built target test-conv1d
[ 90%] Building CXX object examples/mnist/CMakeFiles/mnist-train.dir/mnist-train.cpp.o
[ 91%] Linking CXX executable ../../bin/gpt-j-quantize
[ 92%] Linking CXX executable ../../bin/gpt-2-alloc
[ 93%] Linking CXX executable ../../bin/gpt-j
[ 94%] Linking CXX executable ../../bin/gpt-2-backend
[ 95%] Linking CXX executable ../../bin/gpt-2-batched
[ 96%] Linking CXX executable ../../bin/gpt-2-quantize
[ 96%] Linking CXX executable ../../bin/magika
[ 97%] Linking CXX executable ../../bin/gpt-2-sched
[ 97%] Built target test-mul-mat1
[ 98%] Linking CXX executable ../../bin/mnist-eval
[ 99%] Linking CXX executable ../../bin/mnist-train
[ 99%] Built target gpt-2-ctx
ld: warning: ignoring duplicate libraries: '../libcommon.a'
ld: warning: ignoring duplicate libraries: '../libcommon.a'
[ 99%] Built target gpt-j-quantize
[ 99%] Built target gpt-2-batched
[ 99%] Built target gpt-2-alloc
[ 99%] Built target gpt-2-backend
[ 99%] Built target magika
[ 99%] Built target gpt-2-sched
[ 99%] Built target gpt-2-quantize
[ 99%] Built target gpt-j
[ 99%] Built target mnist-eval
[ 99%] Built target mnist-train
[100%] Linking CXX executable ../bin/test-backend-ops
[100%] Built target test-backend-ops

real	0m2.929s
user	0m4.591s
sys	0m6.163s
+ ctest --output-on-failure -E test-opt
Test project /Users/ggml/work/ggml/build-ci-debug
      Start  1: test-quantize-fns
 1/20 Test  #1: test-quantize-fns ................   Passed   25.18 sec
      Start  2: test-quantize-perf
 2/20 Test  #2: test-quantize-perf ...............   Passed    0.45 sec
      Start  3: test-mul-mat0
 3/20 Test  #3: test-mul-mat0 ....................   Passed    0.42 sec
      Start  4: test-blas0
 4/20 Test  #4: test-blas0 .......................   Passed    0.19 sec
      Start  5: test-mul-mat2
 5/20 Test  #5: test-mul-mat2 ....................   Passed    3.03 sec
      Start  6: test0
 6/20 Test  #6: test0 ............................   Passed    0.17 sec
      Start  7: test-pool
 7/20 Test  #7: test-pool ........................   Passed    0.21 sec
      Start  8: test-arange
 8/20 Test  #8: test-arange ......................   Passed    0.27 sec
      Start  9: test-timestep_embedding
 9/20 Test  #9: test-timestep_embedding ..........   Passed    0.20 sec
      Start 10: test-pad-reflect-1d
10/20 Test #10: test-pad-reflect-1d ..............   Passed    0.17 sec
      Start 11: test-conv-transpose
11/20 Test #11: test-conv-transpose ..............   Passed    0.18 sec
      Start 12: test-conv-transpose-1d
12/20 Test #12: test-conv-transpose-1d ...........   Passed    0.39 sec
      Start 13: test-dup
13/20 Test #13: test-dup .........................   Passed    0.17 sec
      Start 14: test-rel-pos
14/20 Test #14: test-rel-pos .....................   Passed    0.17 sec
      Start 15: test-customop
15/20 Test #15: test-customop ....................   Passed    0.18 sec
      Start 16: test-conv1d
16/20 Test #16: test-conv1d ......................   Passed    0.24 sec
      Start 17: test-conv2d
17/20 Test #17: test-conv2d ......................   Passed    0.21 sec
      Start 18: test-mul-mat
18/20 Test #18: test-mul-mat .....................   Passed    0.23 sec
      Start 19: test-backend-ops
19/20 Test #19: test-backend-ops .................Subprocess aborted***Exception:  28.34 sec
register_backend: registered backend Metal (1 devices)
register_device: registered device Metal (Apple M4)
register_backend: registered backend BLAS (1 devices)
register_device: registered device BLAS (Accelerate)
register_backend: registered backend CPU (1 devices)
register_device: registered device CPU (Apple M4)
ggml_metal_init: allocating
ggml_metal_init: found device: Apple M4
ggml_metal_init: picking default device: Apple M4
ggml_metal_init: using embedded metal library
ggml_metal_init: GPU name:   Apple M4
ggml_metal_init: GPU family: MTLGPUFamilyApple9  (1009)
ggml_metal_init: GPU family: MTLGPUFamilyCommon3 (3003)
ggml_metal_init: GPU family: MTLGPUFamilyMetal3  (5001)
ggml_metal_init: simdgroup reduction   = true
ggml_metal_init: simdgroup matrix mul. = true
ggml_metal_init: has residency sets    = true
ggml_metal_init: has bfloat            = true
ggml_metal_init: use bfloat            = false
ggml_metal_init: hasUnifiedMemory      = true
ggml_metal_init: recommendedMaxWorkingSetSize  = 11453.25 MB
ggml_metal_init: loaded kernel_add                                    0x101404a50 | th_max = 1024 | th_width =   32
ggml_metal_init: loaded kernel_add_row                                0x101405160 | th_max = 1024 | th_width =   32
ggml_metal_init: loaded kernel_sub                                    0x101405710 | th_max = 1024 | th_width =   32
ggml_metal_init: loaded kernel_sub_row                                0x101405cc0 | th_max = 1024 | th_width =   32
ggml_metal_init: loaded kernel_mul                                    0x101406270 | th_max = 1024 | th_width =   32
ggml_metal_init: loaded kernel_mul_row                                0x101406820 | th_max = 1024 | th_width =   32
ggml_metal_init: loaded kernel_div                                    0x101406dd0 | th_max = 1024 | th_width =   32
ggml_metal_init: loaded kernel_div_row                                0x101407380 | th_max = 1024 | th_width =   32
ggml_metal_init: loaded kernel_repeat_f32                             0x101407930 | th_max = 1024 | th_width =   32
ggml_metal_init: loaded kernel_repeat_f16                             0x101407e30 | th_max = 1024 | th_width =   32
ggml_metal_init: loaded kernel_repeat_i32                             0x101408330 | th_max = 1024 | th_width =   32
ggml_metal_init: loaded kernel_repeat_i16                             0x101408830 | th_max = 1024 | th_width =   32
ggml_metal_init: loaded kernel_scale                                  0x101409350 | th_max = 1024 | th_width =   32
ggml_metal_init: loaded kernel_scale_4                                0x101409b00 | th_max = 1024 | th_width =   32
ggml_metal_init: loaded kernel_clamp                                  0x10140a310 | th_max = 1024 | th_width =   32
ggml_metal_init: loaded kernel_tanh                                   0x10140aa30 | th_max = 1024 | th_width =   32
ggml_metal_init: loaded kernel_relu                                   0x10140b150 | th_max = 1024 | th_width =   32
ggml_metal_init: loaded kernel_sigmoid                                0x10140b870 | th_max = 1024 | th_width =   32
ggml_metal_init: loaded kernel_gelu                                   0x10140bf90 | th_max = 1024 | th_width =   32
ggml_metal_init: loaded kernel_gelu_4                                 0x10140c760 | th_max = 1024 | th_width =   32
ggml_metal_init: loaded kernel_gelu_quick                             0x10140ce80 | th_max = 1024 | th_width =   32
ggml_metal_init: loaded kernel_gelu_quick_4                           0x10140d5a0 | th_max = 1024 | th_width =   32
ggml_metal_init: loaded kernel_silu                                   0x10140dcc0 | th_max = 1024 | th_width =   32
ggml_metal_init: loaded kernel_silu_4                                 0x10140e560 | th_max = 1024 | th_width =   32
ggml_metal_init: loaded kernel_elu                                    0x10140ec80 | th_max = 1024 | th_width =   32
ggml_metal_init: loaded kernel_soft_max_f16                           0x10140ef40 | th_max = 1024 | th_width =   32
ggml_metal_init: loaded kernel_soft_max_f16_4                         0x10140f550 | th_max = 1024 | th_width =   32
ggml_metal_init: loaded kernel_soft_max_f32                           0x1014101c0 | th_max = 1024 | th_width =   32
ggml_metal_init: loaded kernel_soft_max_f32_4                         0x101410700 | th_max = 1024 | th_width =   32
ggml_metal_init: loaded kernel_diag_mask_inf                          0x1014109c0 | th_max = 1024 | th_width =   32
ggml_metal_init: loaded kernel_diag_mask_inf_8                        0x101410e60 | th_max = 1024 | th_width =   32
ggml_metal_init: loaded kernel_get_rows_f32                           0x101411120 | th_max = 1024 | th_width =   32
ggml_metal_init: loaded kernel_get_rows_f16                           0x1014119b0 | th_max = 1024 | th_width =   32
ggml_metal_init: skipping kernel_get_rows_bf16                     (not supported)
ggml_metal_init: loaded kernel_get_rows_q4_0                          0x101411c70 | th_max = 1024 | th_width =   32
ggml_metal_init: loaded kernel_get_rows_q4_1                          0x101412110 | th_max = 1024 | th_width =   32
ggml_metal_init: loaded kernel_get_rows_q5_0                          0x1014125b0 | th_max = 1024 | th_width =   32
ggml_metal_init: loaded kernel_get_rows_q5_1                          0x101412a50 | th_max = 1024 | th_width =   32
ggml_metal_init: loaded kernel_get_rows_q8_0                          0x101412ef0 | th_max = 1024 | th_width =   32
ggml_metal_init: loaded kernel_get_rows_q2_K                          0x101413390 | th_max = 1024 | th_width =   32
ggml_metal_init: loaded kernel_get_rows_q3_K                          0x101413830 | th_max = 1024 | th_width =   32
ggml_metal_init: loaded kernel_get_rows_q4_K                          0x101413cd0 | th_max = 1024 | th_width =   32
ggml_metal_init: loaded kernel_get_rows_q5_K                          0x101414170 | th_max = 1024 | th_width =   32
ggml_metal_init: loaded kernel_get_rows_q6_K                          0x101414610 | th_max = 1024 | th_width =   32
ggml_metal_init: loaded kernel_get_rows_iq2_xxs                       0x1014148d0 | th_max = 1024 | th_width =   32
ggml_metal_init: loaded kernel_get_rows_iq2_xs                        0x101414ee0 | th_max = 1024 | th_width =   32
ggml_metal_init: loaded kernel_get_rows_iq3_xxs                       0x1014154f0 | th_max = 1024 | th_width =   32
ggml_metal_init: loaded kernel_get_rows_iq3_s                         0x101415b00 | th_max = 1024 | th_width =   32
ggml_metal_init: loaded kernel_get_rows_iq2_s                         0x101416420 | th_max = 1024 | th_width =   32
ggml_metal_init: loaded kernel_get_rows_iq1_s                         0x101416a30 | th_max = 1024 | th_width =   32
ggml_metal_init: loaded kernel_get_rows_iq1_m                         0x101417040 | th_max = 1024 | th_width =   32
ggml_metal_init: loaded kernel_get_rows_iq4_nl                        0x101417650 | th_max = 1024 | th_width =   32
ggml_metal_init: loaded kernel_get_rows_iq4_xs                        0x101417c60 | th_max = 1024 | th_width =   32
ggml_metal_init: loaded kernel_get_rows_i32                           0x101418270 | th_max = 1024 | th_width =   32
ggml_metal_init: loaded kernel_rms_norm                               0x101418a60 | th_max = 1024 | th_width =   32
ggml_metal_init: loaded kernel_group_norm                             0x101418f00 | th_max = 1024 | th_width =   32
ggml_metal_init: loaded kernel_norm                                   0x1014193a0 | th_max = 1024 | th_width =   32
ggml_metal_init: loaded kernel_ssm_conv_f32                           0x101419660 | th_max = 1024 | th_width =   32
ggml_metal_init: loaded kernel_ssm_scan_f32                           0x101419c70 | th_max = 1024 | th_width =   32
ggml_metal_init: loaded kernel_mul_mv_f32_f32                         0x10141a460 | th_max = 1024 | th_width =   32
ggml_metal_init: skipping kernel_mul_mv_bf16_f32                   (not supported)
ggml_metal_init: skipping kernel_mul_mv_bf16_f32_1row              (not supported)
ggml_metal_init: skipping kernel_mul_mv_bf16_f32_l4                (not supported)
ggml_metal_init: skipping kernel_mul_mv_bf16_bf16                  (not supported)
ggml_metal_init: loaded kernel_mul_mv_f16_f32                         0x10141a900 | th_max = 1024 | th_width =   32
ggml_metal_init: loaded kernel_mul_mv_f16_f32_1row                    0x10141abc0 | th_max = 1024 | th_width =   32
ggml_metal_init: loaded kernel_mul_mv_f16_f32_l4                      0x10141b060 | th_max = 1024 | th_width =   32
ggml_metal_init: loaded kernel_mul_mv_f16_f16                         0x10141b500 | th_max = 1024 | th_width =   32
ggml_metal_init: loaded kernel_mul_mv_q4_0_f32                        0x10141b9a0 | th_max = 1024 | th_width =   32
ggml_metal_init: loaded kernel_mul_mv_q4_1_f32                        0x10141be40 | th_max = 1024 | th_width =   32
ggml_metal_init: loaded kernel_mul_mv_q5_0_f32                        0x10141c2e0 | th_max = 1024 | th_width =   32
ggml_metal_init: loaded kernel_mul_mv_q5_1_f32                        0x10141c780 | th_max = 1024 | th_width =   32
ggml_metal_init: loaded kernel_mul_mv_q8_0_f32                        0x10141cc20 | th_max = 1024 | th_width =   32
ggml_metal_init: loaded kernel_mul_mv_ext_f16_f32_r1_2                0x10141d170 | th_max = 1024 | th_width =   32
ggml_metal_init: loaded kernel_mul_mv_ext_f16_f32_r1_3                0x10141d6c0 | th_max = 1024 | th_width =   32
ggml_metal_init: loaded kernel_mul_mv_ext_f16_f32_r1_4                0x10141dc10 | th_max = 1024 | th_width =   32
ggml_metal_init: loaded kernel_mul_mv_ext_f16_f32_r1_5                0x10141e160 | th_max = 1024 | th_width =   32
ggml_metal_init: loaded kernel_mul_mv_ext_q4_0_f32_r1_2               0x10141e6b0 | th_max = 1024 | th_width =   32
ggml_metal_init: loaded kernel_mul_mv_ext_q4_0_f32_r1_3               0x10141ec00 | th_max = 1024 | th_width =   32
ggml_metal_init: loaded kernel_mul_mv_ext_q4_0_f32_r1_4               0x10141f150 | th_max = 1024 | th_width =   32
ggml_metal_init: loaded kernel_mul_mv_ext_q4_0_f32_r1_5               0x10141f6a0 | th_max = 1024 | th_width =   32
ggml_metal_init: loaded kernel_mul_mv_ext_q4_1_f32_r1_2               0x10141fbf0 | th_max = 1024 | th_width =   32
ggml_metal_init: loaded kernel_mul_mv_ext_q4_1_f32_r1_3               0x101420140 | th_max = 1024 | th_width =   32
ggml_metal_init: loaded kernel_mul_mv_ext_q4_1_f32_r1_4               0x101420690 | th_max = 1024 | th_width =   32
ggml_metal_init: loaded kernel_mul_mv_ext_q4_1_f32_r1_5               0x101420be0 | th_max = 1024 | th_width =   32
ggml_metal_init: loaded kernel_mul_mv_ext_q5_0_f32_r1_2               0x101421130 | th_max = 1024 | th_width =   32
ggml_metal_init: loaded kernel_mul_mv_ext_q5_0_f32_r1_3               0x101421680 | th_max = 1024 | th_width =   32
ggml_metal_init: loaded kernel_mul_mv_ext_q5_0_f32_r1_4               0x101421bd0 | th_max = 1024 | th_width =   32
ggml_metal_init: loaded kernel_mul_mv_ext_q5_0_f32_r1_5               0x101422120 | th_max = 1024 | th_width =   32
ggml_metal_init: loaded kernel_mul_mv_ext_q5_1_f32_r1_2               0x101422670 | th_max = 1024 | th_width =   32
ggml_metal_init: loaded kernel_mul_mv_ext_q5_1_f32_r1_3               0x101422bc0 | th_max = 1024 | th_width =   32
ggml_metal_init: loaded kernel_mul_mv_ext_q5_1_f32_r1_4               0x101423110 | th_max = 1024 | th_width =   32
ggml_metal_init: loaded kernel_mul_mv_ext_q5_1_f32_r1_5               0x101423660 | th_max = 1024 | th_width =   32
ggml_metal_init: loaded kernel_mul_mv_ext_q8_0_f32_r1_2               0x101423bb0 | th_max = 1024 | th_width =   32
ggml_metal_init: loaded kernel_mul_mv_ext_q8_0_f32_r1_3               0x101424100 | th_max = 1024 | th_width =   32
ggml_metal_init: loaded kernel_mul_mv_ext_q8_0_f32_r1_4               0x101424650 | th_max = 1024 | th_width =   32
ggml_metal_init: loaded kernel_mul_mv_ext_q8_0_f32_r1_5               0x101424ba0 | th_max = 1024 | th_width =   32
ggml_metal_init: loaded kernel_mul_mv_ext_q4_K_f32_r1_2               0x1014250f0 | th_max = 1024 | th_width =   32
ggml_metal_init: loaded kernel_mul_mv_ext_q4_K_f32_r1_3               0x101425640 | th_max = 1024 | th_width =   32
ggml_metal_init: loaded kernel_mul_mv_ext_q4_K_f32_r1_4               0x101425b90 | th_max = 1024 | th_width =   32
ggml_metal_init: loaded kernel_mul_mv_ext_q4_K_f32_r1_5               0x1014260e0 | th_max = 1024 | th_width =   32
ggml_metal_init: loaded kernel_mul_mv_ext_q5_K_f32_r1_2               0x101426630 | th_max = 1024 | th_width =   32
ggml_metal_init: loaded kernel_mul_mv_ext_q5_K_f32_r1_3               0x101416110 | th_max = 1024 | th_width =   32
ggml_metal_init: loaded kernel_mul_mv_ext_q5_K_f32_r1_4               0x101426aa0 | th_max = 1024 | th_width =   32
ggml_metal_init: loaded kernel_mul_mv_ext_q5_K_f32_r1_5               0x101427250 | th_max = 1024 | th_width =   32
ggml_metal_init: loaded kernel_mul_mv_ext_q6_K_f32_r1_2               0x1014277a0 | th_max = 1024 | th_width =   32
ggml_metal_init: loaded kernel_mul_mv_ext_q6_K_f32_r1_3               0x101427cf0 | th_max = 1024 | th_width =   32
ggml_metal_init: loaded kernel_mul_mv_ext_q6_K_f32_r1_4               0x101428240 | th_max = 1024 | th_width =   32
ggml_metal_init: loaded kernel_mul_mv_ext_q6_K_f32_r1_5               0x101428790 | th_max = 1024 | th_width =   32
ggml_metal_init: loaded kernel_mul_mv_ext_iq4_nl_f32_r1_2             0x101428ce0 | th_max = 1024 | th_width =   32
ggml_metal_init: loaded kernel_mul_mv_ext_iq4_nl_f32_r1_3             0x101429230 | th_max = 1024 | th_width =   32
ggml_metal_init: loaded kernel_mul_mv_ext_iq4_nl_f32_r1_4             0x101429780 | th_max = 1024 | th_width =   32
ggml_metal_init: loaded kernel_mul_mv_ext_iq4_nl_f32_r1_5             0x101429cd0 | th_max = 1024 | th_width =   32
ggml_metal_init: loaded kernel_mul_mv_q2_K_f32                        0x10142a170 | th_max = 1024 | th_width =   32
ggml_metal_init: loaded kernel_mul_mv_q3_K_f32                        0x10142a610 | th_max = 1024 | th_width =   32
ggml_metal_init: loaded kernel_mul_mv_q4_K_f32                        0x10142aab0 | th_max = 1024 | th_width =   32
ggml_metal_init: loaded kernel_mul_mv_q5_K_f32                        0x10142af50 | th_max = 1024 | th_width =   32
ggml_metal_init: loaded kernel_mul_mv_q6_K_f32                        0x10142b3f0 | th_max = 1024 | th_width =   32
ggml_metal_init: loaded kernel_mul_mv_iq2_xxs_f32                     0x10142b890 | th_max = 1024 | th_width =   32
ggml_metal_init: loaded kernel_mul_mv_iq2_xs_f32                      0x10142bd30 | th_max = 1024 | th_width =   32
ggml_metal_init: loaded kernel_mul_mv_iq3_xxs_f32                     0x10142c1d0 | th_max = 1024 | th_width =   32
ggml_metal_init: loaded kernel_mul_mv_iq3_s_f32                       0x10142c670 | th_max = 1024 | th_width =   32
ggml_metal_init: loaded kernel_mul_mv_iq2_s_f32                       0x10142cb10 | th_max = 1024 | th_width =   32
ggml_metal_init: loaded kernel_mul_mv_iq1_s_f32                       0x10142cfb0 | th_max = 1024 | th_width =   32
ggml_metal_init: loaded kernel_mul_mv_iq1_m_f32                       0x10142d450 | th_max = 1024 | th_width =   32
ggml_metal_init: loaded kernel_mul_mv_iq4_nl_f32                      0x10142d8f0 | th_max = 1024 | th_width =   32
ggml_metal_init: loaded kernel_mul_mv_iq4_xs_f32                      0x10142dd90 | th_max = 1024 | th_width =   32
ggml_metal_init: loaded kernel_mul_mv_id_f32_f32                      0x10142e230 | th_max = 1024 | th_width =   32
ggml_metal_init: loaded kernel_mul_mv_id_f16_f32                      0x10142e6d0 | th_max = 1024 | th_width =   32
ggml_metal_init: skipping kernel_mul_mv_id_bf16_f32                (not supported)
ggml_metal_init: loaded kernel_mul_mv_id_q4_0_f32                     0x10142eb70 | th_max = 1024 | th_width =   32
ggml_metal_init: loaded kernel_mul_mv_id_q4_1_f32                     0x10142f010 | th_max = 1024 | th_width =   32
ggml_metal_init: loaded kernel_mul_mv_id_q5_0_f32                     0x10142f4b0 | th_max = 1024 | th_width =   32
ggml_metal_init: loaded kernel_mul_mv_id_q5_1_f32                     0x10142f950 | th_max = 1024 | th_width =   32
ggml_metal_init: loaded kernel_mul_mv_id_q8_0_f32                     0x10142fdf0 | th_max = 1024 | th_width =   32
ggml_metal_init: loaded kernel_mul_mv_id_q2_K_f32                     0x101430290 | th_max = 1024 | th_width =   32
ggml_metal_init: loaded kernel_mul_mv_id_q3_K_f32                     0x101430730 | th_max = 1024 | th_width =   32
ggml_metal_init: loaded kernel_mul_mv_id_q4_K_f32                     0x101430bd0 | th_max = 1024 | th_width =   32
ggml_metal_init: loaded kernel_mul_mv_id_q5_K_f32                     0x101431070 | th_max = 1024 | th_width =   32
ggml_metal_init: loaded kernel_mul_mv_id_q6_K_f32                     0x101431510 | th_max = 1024 | th_width =   32
ggml_metal_init: loaded kernel_mul_mv_id_iq2_xxs_f32                  0x1014319b0 | th_max = 1024 | th_width =   32
ggml_metal_init: loaded kernel_mul_mv_id_iq2_xs_f32                   0x101431e50 | th_max = 1024 | th_width =   32
ggml_metal_init: loaded kernel_mul_mv_id_iq3_xxs_f32                  0x1014322f0 | th_max = 1024 | th_width =   32
ggml_metal_init: loaded kernel_mul_mv_id_iq3_s_f32                    0x101432790 | th_max = 1024 | th_width =   32
ggml_metal_init: loaded kernel_mul_mv_id_iq2_s_f32                    0x101432c30 | th_max = 1024 | th_width =   32
ggml_metal_init: loaded kernel_mul_mv_id_iq1_s_f32                    0x1014330d0 | th_max = 1024 | th_width =   32
ggml_metal_init: loaded kernel_mul_mv_id_iq1_m_f32                    0x101433570 | th_max = 1024 | th_width =   32
ggml_metal_init: loaded kernel_mul_mv_id_iq4_nl_f32                   0x101433a10 | th_max = 1024 | th_width =   32
ggml_metal_init: loaded kernel_mul_mv_id_iq4_xs_f32                   0x101433eb0 | th_max = 1024 | th_width =   32
ggml_metal_init: loaded kernel_mul_mm_f32_f32                         0x101434350 | th_max = 1024 | th_width =   32
ggml_metal_init: loaded kernel_mul_mm_f16_f32                         0x1014347f0 | th_max = 1024 | th_width =   32
ggml_metal_init: skipping kernel_mul_mm_bf16_f32                   (not supported)
ggml_metal_init: loaded kernel_mul_mm_q4_0_f32                        0x101434c90 | th_max = 1024 | th_width =   32
ggml_metal_init: loaded kernel_mul_mm_q4_1_f32                        0x101435130 | th_max = 1024 | th_width =   32
ggml_metal_init: loaded kernel_mul_mm_q5_0_f32                        0x1014355d0 | th_max = 1024 | th_width =   32
ggml_metal_init: loaded kernel_mul_mm_q5_1_f32                        0x101435a70 | th_max = 1024 | th_width =   32
ggml_metal_init: loaded kernel_mul_mm_q8_0_f32                        0x101435f10 | th_max = 1024 | th_width =   32
ggml_metal_init: loaded kernel_mul_mm_q2_K_f32                        0x1014363b0 | th_max = 1024 | th_width =   32
ggml_metal_init: loaded kernel_mul_mm_q3_K_f32                        0x101436850 | th_max = 1024 | th_width =   32
ggml_metal_init: loaded kernel_mul_mm_q4_K_f32                        0x101436cf0 | th_max = 1024 | th_width =   32
ggml_metal_init: loaded kernel_mul_mm_q5_K_f32                        0x101437190 | th_max = 1024 | th_width =   32
ggml_metal_init: loaded kernel_mul_mm_q6_K_f32                        0x101437630 | th_max = 1024 | th_width =   32
ggml_metal_init: loaded kernel_mul_mm_iq2_xxs_f32                     0x101437ad0 | th_max = 1024 | th_width =   32
ggml_metal_init: loaded kernel_mul_mm_iq2_xs_f32                      0x101437f70 | th_max = 1024 | th_width =   32
ggml_metal_init: loaded kernel_mul_mm_iq3_xxs_f32                     0x101438410 | th_max = 1024 | th_width =   32
ggml_metal_init: loaded kernel_mul_mm_iq3_s_f32                       0x1014388b0 | th_max = 1024 | th_width =   32
ggml_metal_init: loaded kernel_mul_mm_iq2_s_f32                       0x101438d50 | th_max = 1024 | th_width =   32
ggml_metal_init: loaded kernel_mul_mm_iq1_s_f32                       0x1014391f0 | th_max = 1024 | th_width =   32
ggml_metal_init: loaded kernel_mul_mm_iq1_m_f32                       0x101439690 | th_max = 1024 | th_width =   32
ggml_metal_init: loaded kernel_mul_mm_iq4_nl_f32                      0x101439b30 | th_max = 1024 | th_width =   32
ggml_metal_init: loaded kernel_mul_mm_iq4_xs_f32                      0x101439fd0 | th_max = 1024 | th_width =   32
ggml_metal_init: loaded kernel_mul_mm_id_f32_f32                      0x10143a470 | th_max = 1024 | th_width =   32
ggml_metal_init: loaded kernel_mul_mm_id_f16_f32                      0x10143a910 | th_max = 1024 | th_width =   32
ggml_metal_init: skipping kernel_mul_mm_id_bf16_f32                (not supported)
ggml_metal_init: loaded kernel_mul_mm_id_q4_0_f32                     0x10143adb0 | th_max = 1024 | th_width =   32
ggml_metal_init: loaded kernel_mul_mm_id_q4_1_f32                     0x10143b250 | th_max = 1024 | th_width =   32
ggml_metal_init: loaded kernel_mul_mm_id_q5_0_f32                     0x10143b6f0 | th_max = 1024 | th_width =   32
ggml_metal_init: loaded kernel_mul_mm_id_q5_1_f32                     0x10143bb90 | th_max = 1024 | th_width =   32
ggml_metal_init: loaded kernel_mul_mm_id_q8_0_f32                     0x10143c030 | th_max = 1024 | th_width =   32
ggml_metal_init: loaded kernel_mul_mm_id_q2_K_f32                     0x10143c4d0 | th_max = 1024 | th_width =   32
ggml_metal_init: loaded kernel_mul_mm_id_q3_K_f32                     0x10143c970 | th_max = 1024 | th_width =   32
ggml_metal_init: loaded kernel_mul_mm_id_q4_K_f32                     0x10143ce10 | th_max = 1024 | th_width =   32
ggml_metal_init: loaded kernel_mul_mm_id_q5_K_f32                     0x10143d2b0 | th_max = 1024 | th_width =   32
ggml_metal_init: loaded kernel_mul_mm_id_q6_K_f32                     0x10143d750 | th_max = 1024 | th_width =   32
ggml_metal_init: loaded kernel_mul_mm_id_iq2_xxs_f32                  0x10143dbf0 | th_max = 1024 | th_width =   32
ggml_metal_init: loaded kernel_mul_mm_id_iq2_xs_f32                   0x10143e090 | th_max = 1024 | th_width =   32
ggml_metal_init: loaded kernel_mul_mm_id_iq3_xxs_f32                  0x10143e530 | th_max = 1024 | th_width =   32
ggml_metal_init: loaded kernel_mul_mm_id_iq3_s_f32                    0x10143e9d0 | th_max = 1024 | th_width =   32
ggml_metal_init: loaded kernel_mul_mm_id_iq2_s_f32                    0x10143ee70 | th_max = 1024 | th_width =   32
ggml_metal_init: loaded kernel_mul_mm_id_iq1_s_f32                    0x10143f310 | th_max = 1024 | th_width =   32
ggml_metal_init: loaded kernel_mul_mm_id_iq1_m_f32                    0x10143f7b0 | th_max = 1024 | th_width =   32
ggml_metal_init: loaded kernel_mul_mm_id_iq4_nl_f32                   0x10143fc50 | th_max = 1024 | th_width =   32
ggml_metal_init: loaded kernel_mul_mm_id_iq4_xs_f32                   0x1014400f0 | th_max = 1024 | th_width =   32
ggml_metal_init: loaded kernel_rope_norm_f32                          0x101440640 | th_max = 1024 | th_width =   32
ggml_metal_init: loaded kernel_rope_norm_f16                          0x101440b90 | th_max = 1024 | th_width =   32
ggml_metal_init: loaded kernel_rope_neox_f32                          0x1014410e0 | th_max = 1024 | th_width =   32
ggml_metal_init: loaded kernel_rope_neox_f16                          0x101441630 | th_max = 1024 | th_width =   32
ggml_metal_init: loaded kernel_im2col_f16                             0x1014418f0 | th_max = 1024 | th_width =   32
ggml_metal_init: loaded kernel_im2col_f32                             0x101441f00 | th_max = 1024 | th_width =   32
ggml_metal_init: loaded kernel_im2col_ext_f16                         0x101442510 | th_max = 1024 | th_width =   32
ggml_metal_init: loaded kernel_im2col_ext_f32                         0x101442b20 | th_max = 1024 | th_width =   32
ggml_metal_init: loaded kernel_conv_transpose_1d_f32_f32              0x101443310 | th_max = 1024 | th_width =   32
ggml_metal_init: loaded kernel_conv_transpose_1d_f16_f32              0x1014437b0 | th_max = 1024 | th_width =   32
ggml_metal_init: loaded kernel_upscale_f32                            0x101443a70 | th_max = 1024 | th_width =   32
ggml_metal_init: loaded kernel_pad_f32                                0x101444080 | th_max = 1024 | th_width =   32
ggml_metal_init: loaded kernel_pad_reflect_1d_f32                     0x101444690 | th_max = 1024 | th_width =   32
ggml_metal_init: loaded kernel_timestep_embedding_f32                 0x101444e80 | th_max = 1024 | th_width =   32
ggml_metal_init: loaded kernel_arange_f32                             0x101445320 | th_max = 1024 | th_width =   32
ggml_metal_init: loaded kernel_argsort_f32_i32_asc                    0x1014457c0 | th_max = 1024 | th_width =   32
ggml_metal_init: loaded kernel_argsort_f32_i32_desc                   0x101445c60 | th_max = 1024 | th_width =   32
ggml_metal_init: loaded kernel_leaky_relu_f32                         0x101446410 | th_max = 1024 | th_width =   32
ggml_metal_init: loaded kernel_flash_attn_ext_f16_h64                 0x101446960 | th_max = 1024 | th_width =   32
ggml_metal_init: loaded kernel_flash_attn_ext_f16_h80                 0x101446eb0 | th_max = 1024 | th_width =   32
ggml_metal_init: loaded kernel_flash_attn_ext_f16_h96                 0x101447400 | th_max = 1024 | th_width =   32
ggml_metal_init: loaded kernel_flash_attn_ext_f16_h112                0x101447950 | th_max = 1024 | th_width =   32
ggml_metal_init: loaded kernel_flash_attn_ext_f16_h128                0x101447ea0 | th_max = 1024 | th_width =   32
ggml_metal_init: loaded kernel_flash_attn_ext_f16_h256                0x1014483f0 | th_max = 1024 | th_width =   32
ggml_metal_init: skipping kernel_flash_attn_ext_bf16_h64           (not supported)
ggml_metal_init: skipping kernel_flash_attn_ext_bf16_h80           (not supported)
ggml_metal_init: skipping kernel_flash_attn_ext_bf16_h96           (not supported)
ggml_metal_init: skipping kernel_flash_attn_ext_bf16_h112          (not supported)
ggml_metal_init: skipping kernel_flash_attn_ext_bf16_h128          (not supported)
ggml_metal_init: skipping kernel_flash_attn_ext_bf16_h256          (not supported)
ggml_metal_init: loaded kernel_flash_attn_ext_q4_0_h64                0x101448940 | th_max = 1024 | th_width =   32
ggml_metal_init: loaded kernel_flash_attn_ext_q4_0_h80                0x101448e90 | th_max = 1024 | th_width =   32
ggml_metal_init: loaded kernel_flash_attn_ext_q4_0_h96                0x1014493e0 | th_max = 1024 | th_width =   32
ggml_metal_init: loaded kernel_flash_attn_ext_q4_0_h112               0x101449930 | th_max = 1024 | th_width =   32
ggml_metal_init: loaded kernel_flash_attn_ext_q4_0_h128               0x101449e80 | th_max = 1024 | th_width =   32
ggml_metal_init: loaded kernel_flash_attn_ext_q4_0_h256               0x10144a3d0 | th_max = 1024 | th_width =   32
ggml_metal_init: loaded kernel_flash_attn_ext_q4_1_h64                0x10144a920 | th_max = 1024 | th_width =   32
ggml_metal_init: loaded kernel_flash_attn_ext_q4_1_h80                0x10144ae70 | th_max = 1024 | th_width =   32
ggml_metal_init: loaded kernel_flash_attn_ext_q4_1_h96                0x10144b3c0 | th_max = 1024 | th_width =   32
ggml_metal_init: loaded kernel_flash_attn_ext_q4_1_h112               0x10144b910 | th_max = 1024 | th_width =   32
ggml_metal_init: loaded kernel_flash_attn_ext_q4_1_h128               0x10144be60 | th_max = 1024 | th_width =   32
ggml_metal_init: loaded kernel_flash_attn_ext_q4_1_h256               0x10144c3b0 | th_max = 1024 | th_width =   32
ggml_metal_init: loaded kernel_flash_attn_ext_q5_0_h64                0x10144c900 | th_max = 1024 | th_width =   32
ggml_metal_init: loaded kernel_flash_attn_ext_q5_0_h80                0x10144ce50 | th_max = 1024 | th_width =   32
ggml_metal_init: loaded kernel_flash_attn_ext_q5_0_h96                0x10144d3a0 | th_max = 1024 | th_width =   32
ggml_metal_init: loaded kernel_flash_attn_ext_q5_0_h112               0x10144d8f0 | th_max = 1024 | th_width =   32
ggml_metal_init: loaded kernel_flash_attn_ext_q5_0_h128               0x10144de40 | th_max = 1024 | th_width =   32
ggml_metal_init: loaded kernel_flash_attn_ext_q5_0_h256               0x10144e390 | th_max = 1024 | th_width =   32
ggml_metal_init: loaded kernel_flash_attn_ext_q5_1_h64                0x10144e8e0 | th_max = 1024 | th_width =   32
ggml_metal_init: loaded kernel_flash_attn_ext_q5_1_h80                0x10144ee30 | th_max = 1024 | th_width =   32
ggml_metal_init: loaded kernel_flash_attn_ext_q5_1_h96                0x10144f380 | th_max = 1024 | th_width =   32
ggml_metal_init: loaded kernel_flash_attn_ext_q5_1_h112               0x10144f8d0 | th_max = 1024 | th_width =   32
ggml_metal_init: loaded kernel_flash_attn_ext_q5_1_h128               0x10144fe20 | th_max = 1024 | th_width =   32
ggml_metal_init: loaded kernel_flash_attn_ext_q5_1_h256               0x101450370 | th_max = 1024 | th_width =   32
ggml_metal_init: loaded kernel_flash_attn_ext_q8_0_h64                0x1014508c0 | th_max = 1024 | th_width =   32
ggml_metal_init: loaded kernel_flash_attn_ext_q8_0_h80                0x101450e10 | th_max = 1024 | th_width =   32
ggml_metal_init: loaded kernel_flash_attn_ext_q8_0_h96                0x101451360 | th_max = 1024 | th_width =   32
ggml_metal_init: loaded kernel_flash_attn_ext_q8_0_h112               0x1014518b0 | th_max = 1024 | th_width =   32
ggml_metal_init: loaded kernel_flash_attn_ext_q8_0_h128               0x101451e00 | th_max = 1024 | th_width =   32
ggml_metal_init: loaded kernel_flash_attn_ext_q8_0_h256               0x101452350 | th_max = 1024 | th_width =   32
ggml_metal_init: loaded kernel_flash_attn_ext_vec_f16_h128            0x1014528a0 | th_max = 1024 | th_width =   32
ggml_metal_init: skipping kernel_flash_attn_ext_vec_bf16_h128      (not supported)
ggml_metal_init: loaded kernel_flash_attn_ext_vec_q4_0_h128           0x101452df0 | th_max = 1024 | th_width =   32
ggml_metal_init: loaded kernel_flash_attn_ext_vec_q4_1_h128           0x101453340 | th_max = 1024 | th_width =   32
ggml_metal_init: loaded kernel_flash_attn_ext_vec_q5_0_h128           0x101453890 | th_max = 1024 | th_width =   32
ggml_metal_init: loaded kernel_flash_attn_ext_vec_q5_1_h128           0x101453de0 | th_max = 1024 | th_width =   32
ggml_metal_init: loaded kernel_flash_attn_ext_vec_q8_0_h128           0x101454330 | th_max = 1024 | th_width =   32
ggml_metal_init: loaded kernel_flash_attn_ext_vec_f16_h256            0x101454880 | th_max = 1024 | th_width =   32
ggml_metal_init: skipping kernel_flash_attn_ext_vec_bf16_h256      (not supported)
ggml_metal_init: loaded kernel_flash_attn_ext_vec_q4_0_h256           0x101454dd0 | th_max = 1024 | th_width =   32
ggml_metal_init: loaded kernel_flash_attn_ext_vec_q4_1_h256           0x101455320 | th_max = 1024 | th_width =   32
ggml_metal_init: loaded kernel_flash_attn_ext_vec_q5_0_h256           0x101455870 | th_max = 1024 | th_width =   32
ggml_metal_init: loaded kernel_flash_attn_ext_vec_q5_1_h256           0x101455dc0 | th_max = 1024 | th_width =   32
ggml_metal_init: loaded kernel_flash_attn_ext_vec_q8_0_h256           0x101456310 | th_max = 1024 | th_width =   32
ggml_metal_init: loaded kernel_set_f32                                0x1014567b0 | th_max = 1024 | th_width =   32
ggml_metal_init: loaded kernel_set_i32                                0x101456c50 | th_max = 1024 | th_width =   32
ggml_metal_init: loaded kernel_cpy_f32_f32                            0x1014570f0 | th_max = 1024 | th_width =   32
ggml_metal_init: loaded kernel_cpy_f32_f16                            0x101457590 | th_max = 1024 | th_width =   32
ggml_metal_init: skipping kernel_cpy_f32_bf16                      (not supported)
ggml_metal_init: loaded kernel_cpy_f16_f32                            0x101457a30 | th_max = 1024 | th_width =   32
ggml_metal_init: loaded kernel_cpy_f16_f16                            0x101457ed0 | th_max = 1024 | th_width =   32
ggml_metal_init: skipping kernel_cpy_bf16_f32                      (not supported)
ggml_metal_init: skipping kernel_cpy_bf16_bf16                     (not supported)
ggml_metal_init: loaded kernel_cpy_f32_q8_0                           0x101458370 | th_max = 1024 | th_width =   32
ggml_metal_init: loaded kernel_cpy_f32_q4_0                           0x101458810 | th_max = 1024 | th_width =   32
ggml_metal_init: loaded kernel_cpy_f32_q4_1                           0x101458cb0 | th_max = 1024 | th_width =   32
ggml_metal_init: loaded kernel_cpy_f32_q5_0                           0x101459150 | th_max = 1024 | th_width =   32
ggml_metal_init: loaded kernel_cpy_f32_q5_1                           0x1014595f0 | th_max = 1024 | th_width =   32
ggml_metal_init: loaded kernel_cpy_f32_iq4_nl                         0x101459a90 | th_max = 1024 | th_width =   32
ggml_metal_init: loaded kernel_cpy_q4_0_f32                           0x101459f30 | th_max = 1024 | th_width =   32
ggml_metal_init: loaded kernel_cpy_q4_0_f16                           0x10145a3d0 | th_max = 1024 | th_width =   32
ggml_metal_init: loaded kernel_cpy_q4_1_f32                           0x10145a870 | th_max = 1024 | th_width =   32
ggml_metal_init: loaded kernel_cpy_q4_1_f16                           0x10145ad10 | th_max = 1024 | th_width =   32
ggml_metal_init: loaded kernel_cpy_q5_0_f32                           0x10145b1b0 | th_max = 1024 | th_width =   32
ggml_metal_init: loaded kernel_cpy_q5_0_f16                           0x10145b650 | th_max = 1024 | th_width =   32
ggml_metal_init: loaded kernel_cpy_q5_1_f32                           0x10145baf0 | th_max = 1024 | th_width =   32
ggml_metal_init: loaded kernel_cpy_q5_1_f16                           0x10145bf90 | th_max = 1024 | th_width =   32
ggml_metal_init: loaded kernel_cpy_q8_0_f32                           0x10145c430 | th_max = 1024 | th_width =   32
ggml_metal_init: loaded kernel_cpy_q8_0_f16                           0x10145c8d0 | th_max = 1024 | th_width =   32
ggml_metal_init: loaded kernel_concat                                 0x10145ce20 | th_max = 1024 | th_width =   32
ggml_metal_init: loaded kernel_sqr                                    0x10145d540 | th_max = 1024 | th_width =   32
ggml_metal_init: loaded kernel_sqrt                                   0x10145dc60 | th_max = 1024 | th_width =   32
ggml_metal_init: loaded kernel_sin                                    0x10145e380 | th_max = 1024 | th_width =   32
ggml_metal_init: loaded kernel_cos                                    0x10145eaa0 | th_max = 1024 | th_width =   32
ggml_metal_init: loaded kernel_sum_rows                               0x10145ed60 | th_max = 1024 | th_width =   32
ggml_metal_init: loaded kernel_argmax                                 0x10145f550 | th_max = 1024 | th_width =   32
ggml_metal_init: loaded kernel_pool_2d_avg_f32                        0x10145f810 | th_max = 1024 | th_width =   32
ggml_metal_init: loaded kernel_pool_2d_max_f32                        0x10145fe20 | th_max = 1024 | th_width =   32
Testing 3 devices

Backend 1/3: Metal
  Device description: Apple M4
  Device memory: 10922 MB (10916 MB free)

  ABS(type=f32,ne_a=[128,2,2,2],v=0): not supported [Metal] 
  ABS(type=f32,ne_a=[5,7,11,13],v=0): not supported [Metal] 
  SGN(type=f32,ne_a=[128,2,2,2],v=0): not supported [Metal] 
  SGN(type=f32,ne_a=[5,7,11,13],v=0): not supported [Metal] 
  NEG(type=f32,ne_a=[128,2,2,2],v=0): not supported [Metal] 
  NEG(type=f32,ne_a=[5,7,11,13],v=0): not supported [Metal] 
  STEP(type=f32,ne_a=[128,2,2,2],v=0): not supported [Metal] 
  STEP(type=f32,ne_a=[5,7,11,13],v=0): not supported [Metal] 
  TANH(type=f32,ne_a=[128,2,2,2],v=0): [1;32mOK[0m
  TANH(type=f32,ne_a=[5,7,11,13],v=0): [1;32mOK[0m
  ELU(type=f32,ne_a=[128,2,2,2],v=0): [1;32mOK[0m
  ELU(type=f32,ne_a=[5,7,11,13],v=0): [1;32mOK[0m
  RELU(type=f32,ne_a=[128,2,2,2],v=0): [1;32mOK[0m
  RELU(type=f32,ne_a=[5,7,11,13],v=0): [1;32mOK[0m
  SIGMOID(type=f32,ne_a=[128,2,2,2],v=0): [1;32mOK[0m
  SIGMOID(type=f32,ne_a=[5,7,11,13],v=0): [1;32mOK[0m
  GELU(type=f32,ne_a=[128,2,2,2],v=0): [1;32mOK[0m
  GELU(type=f32,ne_a=[5,7,11,13],v=0): [1;32mOK[0m
  GELU_QUICK(type=f32,ne_a=[128,2,2,2],v=0): [1;32mOK[0m
  GELU_QUICK(type=f32,ne_a=[5,7,11,13],v=0): [1;32mOK[0m
  SILU(type=f32,ne_a=[128,2,2,2],v=0): [1;32mOK[0m
  SILU(type=f32,ne_a=[5,7,11,13],v=0): [1;32mOK[0m
  HARDSWISH(type=f32,ne_a=[128,2,2,2],v=0): not supported [Metal] 
  HARDSWISH(type=f32,ne_a=[5,7,11,13],v=0): not supported [Metal] 
  HARDSIGMOID(type=f32,ne_a=[128,2,2,2],v=0): not supported [Metal] 
  HARDSIGMOID(type=f32,ne_a=[5,7,11,13],v=0): not supported [Metal] 
  EXP(type=f32,ne_a=[128,2,2,2],v=0): not supported [Metal] 
  EXP(type=f32,ne_a=[5,7,11,13],v=0): not supported [Metal] 
  ABS(type=f32,ne_a=[128,2,2,2],v=1): not supported [Metal] 
  ABS(type=f32,ne_a=[5,7,11,13],v=1): not supported [Metal] 
  SGN(type=f32,ne_a=[128,2,2,2],v=1): not supported [Metal] 
  SGN(type=f32,ne_a=[5,7,11,13],v=1): not supported [Metal] 
  NEG(type=f32,ne_a=[128,2,2,2],v=1): not supported [Metal] 
  NEG(type=f32,ne_a=[5,7,11,13],v=1): not supported [Metal] 
  STEP(type=f32,ne_a=[128,2,2,2],v=1): not supported [Metal] 
  STEP(type=f32,ne_a=[5,7,11,13],v=1): not supported [Metal] 
  TANH(type=f32,ne_a=[128,2,2,2],v=1): not supported [Metal] 
  TANH(type=f32,ne_a=[5,7,11,13],v=1): not supported [Metal] 
  ELU(type=f32,ne_a=[128,2,2,2],v=1): not supported [Metal] 
  ELU(type=f32,ne_a=[5,7,11,13],v=1): not supported [Metal] 
  RELU(type=f32,ne_a=[128,2,2,2],v=1): not supported [Metal] 
  RELU(type=f32,ne_a=[5,7,11,13],v=1): not supported [Metal] 
  SIGMOID(type=f32,ne_a=[128,2,2,2],v=1): not supported [Metal] 
  SIGMOID(type=f32,ne_a=[5,7,11,13],v=1): not supported [Metal] 
  GELU(type=f32,ne_a=[128,2,2,2],v=1): not supported [Metal] 
  GELU(type=f32,ne_a=[5,7,11,13],v=1): not supported [Metal] 
  GELU_QUICK(type=f32,ne_a=[128,2,2,2],v=1): not supported [Metal] 
  GELU_QUICK(type=f32,ne_a=[5,7,11,13],v=1): not supported [Metal] 
  SILU(type=f32,ne_a=[128,2,2,2],v=1): not supported [Metal] 
  SILU(type=f32,ne_a=[5,7,11,13],v=1): not supported [Metal] 
  HARDSWISH(type=f32,ne_a=[128,2,2,2],v=1): not supported [Metal] 
  HARDSWISH(type=f32,ne_a=[5,7,11,13],v=1): not supported [Metal] 
  HARDSIGMOID(type=f32,ne_a=[128,2,2,2],v=1): not supported [Metal] 
  HARDSIGMOID(type=f32,ne_a=[5,7,11,13],v=1): not supported [Metal] 
  EXP(type=f32,ne_a=[128,2,2,2],v=1): not supported [Metal] 
  EXP(type=f32,ne_a=[5,7,11,13],v=1): not supported [Metal] 
  GET_ROWS(type=f32,n=1,m=8,r=2,b=1,v=0): [1;32mOK[0m
  GET_ROWS(type=f32,n=256,m=5,r=4,b=1,v=0): [1;32mOK[0m
  GET_ROWS(type=f32,n=256,m=5,r=4,b=1,v=1): [1;32mOK[0m
  GET_ROWS(type=f32,n=256,m=5,r=4,b=7,v=0): [1;32mOK[0m
  GET_ROWS(type=f32,n=256,m=5,r=4,b=7,v=1): [1;32mOK[0m
  GET_ROWS(type=f16,n=256,m=5,r=4,b=1,v=0): [1;32mOK[0m
  GET_ROWS(type=f16,n=256,m=5,r=4,b=1,v=1): [1;32mOK[0m
  GET_ROWS(type=f16,n=256,m=5,r=4,b=7,v=0): [1;32mOK[0m
  GET_ROWS(type=f16,n=256,m=5,r=4,b=7,v=1): [1;32mOK[0m
  GET_ROWS(type=bf16,n=256,m=5,r=4,b=1,v=0): not supported [Metal] 
  GET_ROWS(type=bf16,n=256,m=5,r=4,b=1,v=1): not supported [Metal] 
  GET_ROWS(type=bf16,n=256,m=5,r=4,b=7,v=0): not supported [Metal] 
  GET_ROWS(type=bf16,n=256,m=5,r=4,b=7,v=1): not supported [Metal] 
  GET_ROWS(type=q4_0,n=256,m=5,r=4,b=1,v=0): [1;32mOK[0m
  GET_ROWS(type=q4_0,n=256,m=5,r=4,b=1,v=1): [1;32mOK[0m
  GET_ROWS(type=q4_0,n=256,m=5,r=4,b=7,v=0): [1;32mOK[0m
  GET_ROWS(type=q4_0,n=256,m=5,r=4,b=7,v=1): [1;32mOK[0m
  GET_ROWS(type=q4_1,n=256,m=5,r=4,b=1,v=0): [1;32mOK[0m
  GET_ROWS(type=q4_1,n=256,m=5,r=4,b=1,v=1): [1;32mOK[0m
  GET_ROWS(type=q4_1,n=256,m=5,r=4,b=7,v=0): [1;32mOK[0m
  GET_ROWS(type=q4_1,n=256,m=5,r=4,b=7,v=1): [1;32mOK[0m
  GET_ROWS(type=q5_0,n=256,m=5,r=4,b=1,v=0): [1;32mOK[0m
  GET_ROWS(type=q5_0,n=256,m=5,r=4,b=1,v=1): [1;32mOK[0m
  GET_ROWS(type=q5_0,n=256,m=5,r=4,b=7,v=0): [1;32mOK[0m
  GET_ROWS(type=q5_0,n=256,m=5,r=4,b=7,v=1): [1;32mOK[0m
  GET_ROWS(type=q5_1,n=256,m=5,r=4,b=1,v=0): [1;32mOK[0m
  GET_ROWS(type=q5_1,n=256,m=5,r=4,b=1,v=1): [1;32mOK[0m
  GET_ROWS(type=q5_1,n=256,m=5,r=4,b=7,v=0): [1;32mOK[0m
  GET_ROWS(type=q5_1,n=256,m=5,r=4,b=7,v=1): [1;32mOK[0m
  GET_ROWS(type=q8_0,n=256,m=5,r=4,b=1,v=0): [1;32mOK[0m
  GET_ROWS(type=q8_0,n=256,m=5,r=4,b=1,v=1): [1;32mOK[0m
  GET_ROWS(type=q8_0,n=256,m=5,r=4,b=7,v=0): [1;32mOK[0m
  GET_ROWS(type=q8_0,n=256,m=5,r=4,b=7,v=1): [1;32mOK[0m
  GET_ROWS(type=q2_K,n=256,m=5,r=4,b=1,v=0): [1;32mOK[0m
  GET_ROWS(type=q2_K,n=256,m=5,r=4,b=1,v=1): [1;32mOK[0m
  GET_ROWS(type=q2_K,n=256,m=5,r=4,b=7,v=0): [1;32mOK[0m
  GET_ROWS(type=q2_K,n=256,m=5,r=4,b=7,v=1): [1;32mOK[0m
  GET_ROWS(type=q3_K,n=256,m=5,r=4,b=1,v=0): [1;32mOK[0m
  GET_ROWS(type=q3_K,n=256,m=5,r=4,b=1,v=1): [1;32mOK[0m
  GET_ROWS(type=q3_K,n=256,m=5,r=4,b=7,v=0): [1;32mOK[0m
  GET_ROWS(type=q3_K,n=256,m=5,r=4,b=7,v=1): [1;32mOK[0m
  GET_ROWS(type=q4_K,n=256,m=5,r=4,b=1,v=0): [1;32mOK[0m
  GET_ROWS(type=q4_K,n=256,m=5,r=4,b=1,v=1): [1;32mOK[0m
  GET_ROWS(type=q4_K,n=256,m=5,r=4,b=7,v=0): [1;32mOK[0m
  GET_ROWS(type=q4_K,n=256,m=5,r=4,b=7,v=1): [1;32mOK[0m
  GET_ROWS(type=q5_K,n=256,m=5,r=4,b=1,v=0): [1;32mOK[0m
  GET_ROWS(type=q5_K,n=256,m=5,r=4,b=1,v=1): [1;32mOK[0m
  GET_ROWS(type=q5_K,n=256,m=5,r=4,b=7,v=0): [1;32mOK[0m
  GET_ROWS(type=q5_K,n=256,m=5,r=4,b=7,v=1): [1;32mOK[0m
  GET_ROWS(type=q6_K,n=256,m=5,r=4,b=1,v=0): [1;32mOK[0m
  GET_ROWS(type=q6_K,n=256,m=5,r=4,b=1,v=1): [1;32mOK[0m
  GET_ROWS(type=q6_K,n=256,m=5,r=4,b=7,v=0): [1;32mOK[0m
  GET_ROWS(type=q6_K,n=256,m=5,r=4,b=7,v=1): [1;32mOK[0m
  GET_ROWS(type=iq2_xxs,n=256,m=5,r=4,b=1,v=0): [1;32mOK[0m
  GET_ROWS(type=iq2_xxs,n=256,m=5,r=4,b=1,v=1): [1;32mOK[0m
  GET_ROWS(type=iq2_xxs,n=256,m=5,r=4,b=7,v=0): [1;32mOK[0m
  GET_ROWS(type=iq2_xxs,n=256,m=5,r=4,b=7,v=1): [1;32mOK[0m
  GET_ROWS(type=iq2_xs,n=256,m=5,r=4,b=1,v=0): [1;32mOK[0m
  GET_ROWS(type=iq2_xs,n=256,m=5,r=4,b=1,v=1): [1;32mOK[0m
  GET_ROWS(type=iq2_xs,n=256,m=5,r=4,b=7,v=0): [1;32mOK[0m
  GET_ROWS(type=iq2_xs,n=256,m=5,r=4,b=7,v=1): [1;32mOK[0m
  GET_ROWS(type=iq2_s,n=256,m=5,r=4,b=1,v=0): [1;32mOK[0m
  GET_ROWS(type=iq2_s,n=256,m=5,r=4,b=1,v=1): [1;32mOK[0m
  GET_ROWS(type=iq2_s,n=256,m=5,r=4,b=7,v=0): [1;32mOK[0m
  GET_ROWS(type=iq2_s,n=256,m=5,r=4,b=7,v=1): [1;32mOK[0m
  GET_ROWS(type=iq3_xxs,n=256,m=5,r=4,b=1,v=0): [1;32mOK[0m
  GET_ROWS(type=iq3_xxs,n=256,m=5,r=4,b=1,v=1): [1;32mOK[0m
  GET_ROWS(type=iq3_xxs,n=256,m=5,r=4,b=7,v=0): [1;32mOK[0m
  GET_ROWS(type=iq3_xxs,n=256,m=5,r=4,b=7,v=1): [1;32mOK[0m
  GET_ROWS(type=iq1_s,n=256,m=5,r=4,b=1,v=0): [1;32mOK[0m
  GET_ROWS(type=iq1_s,n=256,m=5,r=4,b=1,v=1): [1;32mOK[0m
  GET_ROWS(type=iq1_s,n=256,m=5,r=4,b=7,v=0): [1;32mOK[0m
  GET_ROWS(type=iq1_s,n=256,m=5,r=4,b=7,v=1): [1;32mOK[0m
  GET_ROWS(type=iq1_m,n=256,m=5,r=4,b=1,v=0): [1;32mOK[0m
  GET_ROWS(type=iq1_m,n=256,m=5,r=4,b=1,v=1): [1;32mOK[0m
  GET_ROWS(type=iq1_m,n=256,m=5,r=4,b=7,v=0): [1;32mOK[0m
  GET_ROWS(type=iq1_m,n=256,m=5,r=4,b=7,v=1): [1;32mOK[0m
  GET_ROWS(type=iq4_nl,n=256,m=5,r=4,b=1,v=0): [1;32mOK[0m
  GET_ROWS(type=iq4_nl,n=256,m=5,r=4,b=1,v=1): [1;32mOK[0m
  GET_ROWS(type=iq4_nl,n=256,m=5,r=4,b=7,v=0): [1;32mOK[0m
  GET_ROWS(type=iq4_nl,n=256,m=5,r=4,b=7,v=1): [1;32mOK[0m
  GET_ROWS(type=iq3_s,n=256,m=5,r=4,b=1,v=0): [1;32mOK[0m
  GET_ROWS(type=iq3_s,n=256,m=5,r=4,b=1,v=1): [1;32mOK[0m
  GET_ROWS(type=iq3_s,n=256,m=5,r=4,b=7,v=0): [1;32mOK[0m
  GET_ROWS(type=iq3_s,n=256,m=5,r=4,b=7,v=1): [1;32mOK[0m
  GET_ROWS(type=iq4_xs,n=256,m=5,r=4,b=1,v=0): [1;32mOK[0m
  GET_ROWS(type=iq4_xs,n=256,m=5,r=4,b=1,v=1): [1;32mOK[0m
  GET_ROWS(type=iq4_xs,n=256,m=5,r=4,b=7,v=0): [1;32mOK[0m
  GET_ROWS(type=iq4_xs,n=256,m=5,r=4,b=7,v=1): [1;32mOK[0m
  GET_ROWS(type=i32,n=256,m=5,r=4,b=1,v=0): [1;32mOK[0m
  GET_ROWS(type=i32,n=256,m=5,r=4,b=1,v=1): [1;32mOK[0m
  GET_ROWS(type=i32,n=256,m=5,r=4,b=7,v=0): [1;32mOK[0m
  GET_ROWS(type=i32,n=256,m=5,r=4,b=7,v=1): [1;32mOK[0m
  GET_ROWS_BACK(type=f32,n=1,m=8,r=2,b=1,v=0): not supported [Metal] 
  GET_ROWS_BACK(type=f32,n=256,m=5,r=4,b=1,v=0): not supported [Metal] 
  GET_ROWS_BACK(type=f32,n=256,m=5,r=4,b=1,v=1): not supported [Metal] 
  GET_ROWS_BACK(type=f16,n=256,m=5,r=4,b=1,v=0): not supported [Metal] 
  GET_ROWS_BACK(type=f16,n=256,m=5,r=4,b=1,v=1): not supported [Metal] 
  GET_ROWS_BACK(type=bf16,n=256,m=5,r=4,b=1,v=0): not supported [Metal] 
  GET_ROWS_BACK(type=bf16,n=256,m=5,r=4,b=1,v=1): not supported [Metal] 
  GET_ROWS_BACK(type=q4_0,n=256,m=5,r=4,b=1,v=0): not supported [Metal] 
  GET_ROWS_BACK(type=q4_0,n=256,m=5,r=4,b=1,v=1): not supported [Metal] 
  GET_ROWS_BACK(type=q4_1,n=256,m=5,r=4,b=1,v=0): not supported [Metal] 
  GET_ROWS_BACK(type=q4_1,n=256,m=5,r=4,b=1,v=1): not supported [Metal] 
  GET_ROWS_BACK(type=q5_0,n=256,m=5,r=4,b=1,v=0): not supported [Metal] 
  GET_ROWS_BACK(type=q5_0,n=256,m=5,r=4,b=1,v=1): not supported [Metal] 
  GET_ROWS_BACK(type=q5_1,n=256,m=5,r=4,b=1,v=0): not supported [Metal] 
  GET_ROWS_BACK(type=q5_1,n=256,m=5,r=4,b=1,v=1): not supported [Metal] 
  GET_ROWS_BACK(type=q8_0,n=256,m=5,r=4,b=1,v=0): not supported [Metal] 
  GET_ROWS_BACK(type=q8_0,n=256,m=5,r=4,b=1,v=1): not supported [Metal] 
  GET_ROWS_BACK(type=q2_K,n=256,m=5,r=4,b=1,v=0): not supported [Metal] 
  GET_ROWS_BACK(type=q2_K,n=256,m=5,r=4,b=1,v=1): not supported [Metal] 
  GET_ROWS_BACK(type=q3_K,n=256,m=5,r=4,b=1,v=0): not supported [Metal] 
  GET_ROWS_BACK(type=q3_K,n=256,m=5,r=4,b=1,v=1): not supported [Metal] 
  GET_ROWS_BACK(type=q4_K,n=256,m=5,r=4,b=1,v=0): not supported [Metal] 
  GET_ROWS_BACK(type=q4_K,n=256,m=5,r=4,b=1,v=1): not supported [Metal] 
  GET_ROWS_BACK(type=q5_K,n=256,m=5,r=4,b=1,v=0): not supported [Metal] 
  GET_ROWS_BACK(type=q5_K,n=256,m=5,r=4,b=1,v=1): not supported [Metal] 
  GET_ROWS_BACK(type=q6_K,n=256,m=5,r=4,b=1,v=0): not supported [Metal] 
  GET_ROWS_BACK(type=q6_K,n=256,m=5,r=4,b=1,v=1): not supported [Metal] 
  GET_ROWS_BACK(type=iq2_xxs,n=256,m=5,r=4,b=1,v=0): not supported [Metal] 
  GET_ROWS_BACK(type=iq2_xxs,n=256,m=5,r=4,b=1,v=1): not supported [Metal] 
  GET_ROWS_BACK(type=iq2_xs,n=256,m=5,r=4,b=1,v=0): not supported [Metal] 
  GET_ROWS_BACK(type=iq2_xs,n=256,m=5,r=4,b=1,v=1): not supported [Metal] 
  GET_ROWS_BACK(type=iq2_s,n=256,m=5,r=4,b=1,v=0): not supported [Metal] 
  GET_ROWS_BACK(type=iq2_s,n=256,m=5,r=4,b=1,v=1): not supported [Metal] 
  GET_ROWS_BACK(type=iq3_xxs,n=256,m=5,r=4,b=1,v=0): not supported [Metal] 
  GET_ROWS_BACK(type=iq3_xxs,n=256,m=5,r=4,b=1,v=1): not supported [Metal] 
  GET_ROWS_BACK(type=iq1_s,n=256,m=5,r=4,b=1,v=0): not supported [Metal] 
  GET_ROWS_BACK(type=iq1_s,n=256,m=5,r=4,b=1,v=1): not supported [Metal] 
  GET_ROWS_BACK(type=iq1_m,n=256,m=5,r=4,b=1,v=0): not supported [Metal] 
  GET_ROWS_BACK(type=iq1_m,n=256,m=5,r=4,b=1,v=1): not supported [Metal] 
  GET_ROWS_BACK(type=iq4_nl,n=256,m=5,r=4,b=1,v=0): not supported [Metal] 
  GET_ROWS_BACK(type=iq4_nl,n=256,m=5,r=4,b=1,v=1): not supported [Metal] 
  GET_ROWS_BACK(type=iq3_s,n=256,m=5,r=4,b=1,v=0): not supported [Metal] 
  GET_ROWS_BACK(type=iq3_s,n=256,m=5,r=4,b=1,v=1): not supported [Metal] 
  GET_ROWS_BACK(type=iq4_xs,n=256,m=5,r=4,b=1,v=0): not supported [Metal] 
  GET_ROWS_BACK(type=iq4_xs,n=256,m=5,r=4,b=1,v=1): not supported [Metal] 
  GET_ROWS_BACK(type=i32,n=256,m=5,r=4,b=1,v=0): not supported [Metal] 
  GET_ROWS_BACK(type=i32,n=256,m=5,r=4,b=1,v=1): not supported [Metal] 
  POOL_2D(pool_type=avg,type_input=f32,ne_input=[10,10,3,1],k0=1,k1=1,s0=1,s1=1,p0=0,p1=0): [1;32mOK[0m
  POOL_2D(pool_type=avg,type_input=f32,ne_input=[10,10,3,1],k0=1,k1=1,s0=1,s1=1,p0=0,p1=1): [1;32mOK[0m
  POOL_2D(pool_type=avg,type_input=f32,ne_input=[10,10,3,1],k0=1,k1=1,s0=1,s1=1,p0=1,p1=0): [1;32mOK[0m
  POOL_2D(pool_type=avg,type_input=f32,ne_input=[10,10,3,1],k0=1,k1=1,s0=1,s1=1,p0=1,p1=1): [1;32mOK[0m
  POOL_2D(pool_type=avg,type_input=f32,ne_input=[10,10,3,1],k0=1,k1=1,s0=1,s1=2,p0=0,p1=0): [1;32mOK[0m
  POOL_2D(pool_type=avg,type_input=f32,ne_input=[10,10,3,1],k0=1,k1=1,s0=1,s1=2,p0=0,p1=1): [1;32mOK[0m
  POOL_2D(pool_type=avg,type_input=f32,ne_input=[10,10,3,1],k0=1,k1=1,s0=1,s1=2,p0=1,p1=0): [1;32mOK[0m
  POOL_2D(pool_type=avg,type_input=f32,ne_input=[10,10,3,1],k0=1,k1=1,s0=1,s1=2,p0=1,p1=1): [1;32mOK[0m
  POOL_2D(pool_type=avg,type_input=f32,ne_input=[10,10,3,1],k0=1,k1=1,s0=2,s1=1,p0=0,p1=0): [1;32mOK[0m
  POOL_2D(pool_type=avg,type_input=f32,ne_input=[10,10,3,1],k0=1,k1=1,s0=2,s1=1,p0=0,p1=1): [1;32mOK[0m
  POOL_2D(pool_type=avg,type_input=f32,ne_input=[10,10,3,1],k0=1,k1=1,s0=2,s1=1,p0=1,p1=0): [1;32mOK[0m
  POOL_2D(pool_type=avg,type_input=f32,ne_input=[10,10,3,1],k0=1,k1=1,s0=2,s1=1,p0=1,p1=1): [1;32mOK[0m
  POOL_2D(pool_type=avg,type_input=f32,ne_input=[10,10,3,1],k0=1,k1=1,s0=2,s1=2,p0=0,p1=0): [1;32mOK[0m
  POOL_2D(pool_type=avg,type_input=f32,ne_input=[10,10,3,1],k0=1,k1=1,s0=2,s1=2,p0=0,p1=1): [1;32mOK[0m
  POOL_2D(pool_type=avg,type_input=f32,ne_input=[10,10,3,1],k0=1,k1=1,s0=2,s1=2,p0=1,p1=0): [1;32mOK[0m
  POOL_2D(pool_type=avg,type_input=f32,ne_input=[10,10,3,1],k0=1,k1=1,s0=2,s1=2,p0=1,p1=1): [1;32mOK[0m
  POOL_2D(pool_type=avg,type_input=f32,ne_input=[10,10,3,1],k0=1,k1=3,s0=1,s1=1,p0=0,p1=0): [1;32mOK[0m
  POOL_2D(pool_type=avg,type_input=f32,ne_input=[10,10,3,1],k0=1,k1=3,s0=1,s1=1,p0=0,p1=1): [1;32mOK[0m
  POOL_2D(pool_type=avg,type_input=f32,ne_input=[10,10,3,1],k0=1,k1=3,s0=1,s1=1,p0=1,p1=0): [1;32mOK[0m
  POOL_2D(pool_type=avg,type_input=f32,ne_input=[10,10,3,1],k0=1,k1=3,s0=1,s1=1,p0=1,p1=1): [1;32mOK[0m
  POOL_2D(pool_type=avg,type_input=f32,ne_input=[10,10,3,1],k0=1,k1=3,s0=1,s1=2,p0=0,p1=0): [1;32mOK[0m
  POOL_2D(pool_type=avg,type_input=f32,ne_input=[10,10,3,1],k0=1,k1=3,s0=1,s1=2,p0=0,p1=1): [1;32mOK[0m
  POOL_2D(pool_type=avg,type_input=f32,ne_input=[10,10,3,1],k0=1,k1=3,s0=1,s1=2,p0=1,p1=0): [1;32mOK[0m
  POOL_2D(pool_type=avg,type_input=f32,ne_input=[10,10,3,1],k0=1,k1=3,s0=1,s1=2,p0=1,p1=1): [1;32mOK[0m
  POOL_2D(pool_type=avg,type_input=f32,ne_input=[10,10,3,1],k0=1,k1=3,s0=2,s1=1,p0=0,p1=0): [1;32mOK[0m
  POOL_2D(pool_type=avg,type_input=f32,ne_input=[10,10,3,1],k0=1,k1=3,s0=2,s1=1,p0=0,p1=1): [1;32mOK[0m
  POOL_2D(pool_type=avg,type_input=f32,ne_input=[10,10,3,1],k0=1,k1=3,s0=2,s1=1,p0=1,p1=0): [1;32mOK[0m
  POOL_2D(pool_type=avg,type_input=f32,ne_input=[10,10,3,1],k0=1,k1=3,s0=2,s1=1,p0=1,p1=1): [1;32mOK[0m
  POOL_2D(pool_type=avg,type_input=f32,ne_input=[10,10,3,1],k0=1,k1=3,s0=2,s1=2,p0=0,p1=0): [1;32mOK[0m
  POOL_2D(pool_type=avg,type_input=f32,ne_input=[10,10,3,1],k0=1,k1=3,s0=2,s1=2,p0=0,p1=1): [1;32mOK[0m
  POOL_2D(pool_type=avg,type_input=f32,ne_input=[10,10,3,1],k0=1,k1=3,s0=2,s1=2,p0=1,p1=0): [1;32mOK[0m
  POOL_2D(pool_type=avg,type_input=f32,ne_input=[10,10,3,1],k0=1,k1=3,s0=2,s1=2,p0=1,p1=1): [1;32mOK[0m
  POOL_2D(pool_type=avg,type_input=f32,ne_input=[10,10,3,1],k0=3,k1=1,s0=1,s1=1,p0=0,p1=0): [1;32mOK[0m
  POOL_2D(pool_type=avg,type_input=f32,ne_input=[10,10,3,1],k0=3,k1=1,s0=1,s1=1,p0=0,p1=1): [1;32mOK[0m
  POOL_2D(pool_type=avg,type_input=f32,ne_input=[10,10,3,1],k0=3,k1=1,s0=1,s1=1,p0=1,p1=0): [1;32mOK[0m
  POOL_2D(pool_type=avg,type_input=f32,ne_input=[10,10,3,1],k0=3,k1=1,s0=1,s1=1,p0=1,p1=1): [1;32mOK[0m
  POOL_2D(pool_type=avg,type_input=f32,ne_input=[10,10,3,1],k0=3,k1=1,s0=1,s1=2,p0=0,p1=0): [1;32mOK[0m
  POOL_2D(pool_type=avg,type_input=f32,ne_input=[10,10,3,1],k0=3,k1=1,s0=1,s1=2,p0=0,p1=1): [1;32mOK[0m
  POOL_2D(pool_type=avg,type_input=f32,ne_input=[10,10,3,1],k0=3,k1=1,s0=1,s1=2,p0=1,p1=0): [1;32mOK[0m
  POOL_2D(pool_type=avg,type_input=f32,ne_input=[10,10,3,1],k0=3,k1=1,s0=1,s1=2,p0=1,p1=1): [1;32mOK[0m
  POOL_2D(pool_type=avg,type_input=f32,ne_input=[10,10,3,1],k0=3,k1=1,s0=2,s1=1,p0=0,p1=0): [1;32mOK[0m
  POOL_2D(pool_type=avg,type_input=f32,ne_input=[10,10,3,1],k0=3,k1=1,s0=2,s1=1,p0=0,p1=1): [1;32mOK[0m
  POOL_2D(pool_type=avg,type_input=f32,ne_input=[10,10,3,1],k0=3,k1=1,s0=2,s1=1,p0=1,p1=0): [1;32mOK[0m
  POOL_2D(pool_type=avg,type_input=f32,ne_input=[10,10,3,1],k0=3,k1=1,s0=2,s1=1,p0=1,p1=1): [1;32mOK[0m
  POOL_2D(pool_type=avg,type_input=f32,ne_input=[10,10,3,1],k0=3,k1=1,s0=2,s1=2,p0=0,p1=0): [1;32mOK[0m
  POOL_2D(pool_type=avg,type_input=f32,ne_input=[10,10,3,1],k0=3,k1=1,s0=2,s1=2,p0=0,p1=1): [1;32mOK[0m
  POOL_2D(pool_type=avg,type_input=f32,ne_input=[10,10,3,1],k0=3,k1=1,s0=2,s1=2,p0=1,p1=0): [1;32mOK[0m
  POOL_2D(pool_type=avg,type_input=f32,ne_input=[10,10,3,1],k0=3,k1=1,s0=2,s1=2,p0=1,p1=1): [1;32mOK[0m
  POOL_2D(pool_type=avg,type_input=f32,ne_input=[10,10,3,1],k0=3,k1=3,s0=1,s1=1,p0=0,p1=0): [1;32mOK[0m
  POOL_2D(pool_type=avg,type_input=f32,ne_input=[10,10,3,1],k0=3,k1=3,s0=1,s1=1,p0=0,p1=1): [1;32mOK[0m
  POOL_2D(pool_type=avg,type_input=f32,ne_input=[10,10,3,1],k0=3,k1=3,s0=1,s1=1,p0=1,p1=0): [1;32mOK[0m
  POOL_2D(pool_type=avg,type_input=f32,ne_input=[10,10,3,1],k0=3,k1=3,s0=1,s1=1,p0=1,p1=1): [1;32mOK[0m
  POOL_2D(pool_type=avg,type_input=f32,ne_input=[10,10,3,1],k0=3,k1=3,s0=1,s1=2,p0=0,p1=0): [1;32mOK[0m
  POOL_2D(pool_type=avg,type_input=f32,ne_input=[10,10,3,1],k0=3,k1=3,s0=1,s1=2,p0=0,p1=1): [1;32mOK[0m
  POOL_2D(pool_type=avg,type_input=f32,ne_input=[10,10,3,1],k0=3,k1=3,s0=1,s1=2,p0=1,p1=0): [1;32mOK[0m
  POOL_2D(pool_type=avg,type_input=f32,ne_input=[10,10,3,1],k0=3,k1=3,s0=1,s1=2,p0=1,p1=1): [1;32mOK[0m
  POOL_2D(pool_type=avg,type_input=f32,ne_input=[10,10,3,1],k0=3,k1=3,s0=2,s1=1,p0=0,p1=0): [1;32mOK[0m
  POOL_2D(pool_type=avg,type_input=f32,ne_input=[10,10,3,1],k0=3,k1=3,s0=2,s1=1,p0=0,p1=1): [1;32mOK[0m
  POOL_2D(pool_type=avg,type_input=f32,ne_input=[10,10,3,1],k0=3,k1=3,s0=2,s1=1,p0=1,p1=0): [1;32mOK[0m
  POOL_2D(pool_type=avg,type_input=f32,ne_input=[10,10,3,1],k0=3,k1=3,s0=2,s1=1,p0=1,p1=1): [1;32mOK[0m
  POOL_2D(pool_type=avg,type_input=f32,ne_input=[10,10,3,1],k0=3,k1=3,s0=2,s1=2,p0=0,p1=0): [1;32mOK[0m
  POOL_2D(pool_type=avg,type_input=f32,ne_input=[10,10,3,1],k0=3,k1=3,s0=2,s1=2,p0=0,p1=1): [1;32mOK[0m
  POOL_2D(pool_type=avg,type_input=f32,ne_input=[10,10,3,1],k0=3,k1=3,s0=2,s1=2,p0=1,p1=0): [1;32mOK[0m
  POOL_2D(pool_type=avg,type_input=f32,ne_input=[10,10,3,1],k0=3,k1=3,s0=2,s1=2,p0=1,p1=1): [1;32mOK[0m
  POOL_2D(pool_type=max,type_input=f32,ne_input=[10,10,3,1],k0=1,k1=1,s0=1,s1=1,p0=0,p1=0): [1;32mOK[0m
  POOL_2D(pool_type=max,type_input=f32,ne_input=[10,10,3,1],k0=1,k1=1,s0=1,s1=1,p0=0,p1=1): [1;32mOK[0m
  POOL_2D(pool_type=max,type_input=f32,ne_input=[10,10,3,1],k0=1,k1=1,s0=1,s1=1,p0=1,p1=0): [1;32mOK[0m
  POOL_2D(pool_type=max,type_input=f32,ne_input=[10,10,3,1],k0=1,k1=1,s0=1,s1=1,p0=1,p1=1): [1;32mOK[0m
  POOL_2D(pool_type=max,type_input=f32,ne_input=[10,10,3,1],k0=1,k1=1,s0=1,s1=2,p0=0,p1=0): [1;32mOK[0m
  POOL_2D(pool_type=max,type_input=f32,ne_input=[10,10,3,1],k0=1,k1=1,s0=1,s1=2,p0=0,p1=1): [1;32mOK[0m
  POOL_2D(pool_type=max,type_input=f32,ne_input=[10,10,3,1],k0=1,k1=1,s0=1,s1=2,p0=1,p1=0): [1;32mOK[0m
  POOL_2D(pool_type=max,type_input=f32,ne_input=[10,10,3,1],k0=1,k1=1,s0=1,s1=2,p0=1,p1=1): [1;32mOK[0m
  POOL_2D(pool_type=max,type_input=f32,ne_input=[10,10,3,1],k0=1,k1=1,s0=2,s1=1,p0=0,p1=0): [1;32mOK[0m
  POOL_2D(pool_type=max,type_input=f32,ne_input=[10,10,3,1],k0=1,k1=1,s0=2,s1=1,p0=0,p1=1): [1;32mOK[0m
  POOL_2D(pool_type=max,type_input=f32,ne_input=[10,10,3,1],k0=1,k1=1,s0=2,s1=1,p0=1,p1=0): [1;32mOK[0m
  POOL_2D(pool_type=max,type_input=f32,ne_input=[10,10,3,1],k0=1,k1=1,s0=2,s1=1,p0=1,p1=1): [1;32mOK[0m
  POOL_2D(pool_type=max,type_input=f32,ne_input=[10,10,3,1],k0=1,k1=1,s0=2,s1=2,p0=0,p1=0): [1;32mOK[0m
  POOL_2D(pool_type=max,type_input=f32,ne_input=[10,10,3,1],k0=1,k1=1,s0=2,s1=2,p0=0,p1=1): [1;32mOK[0m
  POOL_2D(pool_type=max,type_input=f32,ne_input=[10,10,3,1],k0=1,k1=1,s0=2,s1=2,p0=1,p1=0): [1;32mOK[0m
  POOL_2D(pool_type=max,type_input=f32,ne_input=[10,10,3,1],k0=1,k1=1,s0=2,s1=2,p0=1,p1=1): [1;32mOK[0m
  POOL_2D(pool_type=max,type_input=f32,ne_input=[10,10,3,1],k0=1,k1=3,s0=1,s1=1,p0=0,p1=0): [1;32mOK[0m
  POOL_2D(pool_type=max,type_input=f32,ne_input=[10,10,3,1],k0=1,k1=3,s0=1,s1=1,p0=0,p1=1): [1;32mOK[0m
  POOL_2D(pool_type=max,type_input=f32,ne_input=[10,10,3,1],k0=1,k1=3,s0=1,s1=1,p0=1,p1=0): [1;32mOK[0m
  POOL_2D(pool_type=max,type_input=f32,ne_input=[10,10,3,1],k0=1,k1=3,s0=1,s1=1,p0=1,p1=1): [1;32mOK[0m
  POOL_2D(pool_type=max,type_input=f32,ne_input=[10,10,3,1],k0=1,k1=3,s0=1,s1=2,p0=0,p1=0): [1;32mOK[0m
  POOL_2D(pool_type=max,type_input=f32,ne_input=[10,10,3,1],k0=1,k1=3,s0=1,s1=2,p0=0,p1=1): [1;32mOK[0m
  POOL_2D(pool_type=max,type_input=f32,ne_input=[10,10,3,1],k0=1,k1=3,s0=1,s1=2,p0=1,p1=0): [1;32mOK[0m
  POOL_2D(pool_type=max,type_input=f32,ne_input=[10,10,3,1],k0=1,k1=3,s0=1,s1=2,p0=1,p1=1): [1;32mOK[0m
  POOL_2D(pool_type=max,type_input=f32,ne_input=[10,10,3,1],k0=1,k1=3,s0=2,s1=1,p0=0,p1=0): [1;32mOK[0m
  POOL_2D(pool_type=max,type_input=f32,ne_input=[10,10,3,1],k0=1,k1=3,s0=2,s1=1,p0=0,p1=1): [1;32mOK[0m
  POOL_2D(pool_type=max,type_input=f32,ne_input=[10,10,3,1],k0=1,k1=3,s0=2,s1=1,p0=1,p1=0): [1;32mOK[0m
  POOL_2D(pool_type=max,type_input=f32,ne_input=[10,10,3,1],k0=1,k1=3,s0=2,s1=1,p0=1,p1=1): [1;32mOK[0m
  POOL_2D(pool_type=max,type_input=f32,ne_input=[10,10,3,1],k0=1,k1=3,s0=2,s1=2,p0=0,p1=0): [1;32mOK[0m
  POOL_2D(pool_type=max,type_input=f32,ne_input=[10,10,3,1],k0=1,k1=3,s0=2,s1=2,p0=0,p1=1): [1;32mOK[0m
  POOL_2D(pool_type=max,type_input=f32,ne_input=[10,10,3,1],k0=1,k1=3,s0=2,s1=2,p0=1,p1=0): [1;32mOK[0m
  POOL_2D(pool_type=max,type_input=f32,ne_input=[10,10,3,1],k0=1,k1=3,s0=2,s1=2,p0=1,p1=1): [1;32mOK[0m
  POOL_2D(pool_type=max,type_input=f32,ne_input=[10,10,3,1],k0=3,k1=1,s0=1,s1=1,p0=0,p1=0): [1;32mOK[0m
  POOL_2D(pool_type=max,type_input=f32,ne_input=[10,10,3,1],k0=3,k1=1,s0=1,s1=1,p0=0,p1=1): [1;32mOK[0m
  POOL_2D(pool_type=max,type_input=f32,ne_input=[10,10,3,1],k0=3,k1=1,s0=1,s1=1,p0=1,p1=0): [1;32mOK[0m
  POOL_2D(pool_type=max,type_input=f32,ne_input=[10,10,3,1],k0=3,k1=1,s0=1,s1=1,p0=1,p1=1): [1;32mOK[0m
  POOL_2D(pool_type=max,type_input=f32,ne_input=[10,10,3,1],k0=3,k1=1,s0=1,s1=2,p0=0,p1=0): [1;32mOK[0m
  POOL_2D(pool_type=max,type_input=f32,ne_input=[10,10,3,1],k0=3,k1=1,s0=1,s1=2,p0=0,p1=1): [1;32mOK[0m
  POOL_2D(pool_type=max,type_input=f32,ne_input=[10,10,3,1],k0=3,k1=1,s0=1,s1=2,p0=1,p1=0): [1;32mOK[0m
  POOL_2D(pool_type=max,type_input=f32,ne_input=[10,10,3,1],k0=3,k1=1,s0=1,s1=2,p0=1,p1=1): [1;32mOK[0m
  POOL_2D(pool_type=max,type_input=f32,ne_input=[10,10,3,1],k0=3,k1=1,s0=2,s1=1,p0=0,p1=0): [1;32mOK[0m
  POOL_2D(pool_type=max,type_input=f32,ne_input=[10,10,3,1],k0=3,k1=1,s0=2,s1=1,p0=0,p1=1): [1;32mOK[0m
  POOL_2D(pool_type=max,type_input=f32,ne_input=[10,10,3,1],k0=3,k1=1,s0=2,s1=1,p0=1,p1=0): [1;32mOK[0m
  POOL_2D(pool_type=max,type_input=f32,ne_input=[10,10,3,1],k0=3,k1=1,s0=2,s1=1,p0=1,p1=1): [1;32mOK[0m
  POOL_2D(pool_type=max,type_input=f32,ne_input=[10,10,3,1],k0=3,k1=1,s0=2,s1=2,p0=0,p1=0): [1;32mOK[0m
  POOL_2D(pool_type=max,type_input=f32,ne_input=[10,10,3,1],k0=3,k1=1,s0=2,s1=2,p0=0,p1=1): [1;32mOK[0m
  POOL_2D(pool_type=max,type_input=f32,ne_input=[10,10,3,1],k0=3,k1=1,s0=2,s1=2,p0=1,p1=0): [1;32mOK[0m
  POOL_2D(pool_type=max,type_input=f32,ne_input=[10,10,3,1],k0=3,k1=1,s0=2,s1=2,p0=1,p1=1): [1;32mOK[0m
  POOL_2D(pool_type=max,type_input=f32,ne_input=[10,10,3,1],k0=3,k1=3,s0=1,s1=1,p0=0,p1=0): [1;32mOK[0m
  POOL_2D(pool_type=max,type_input=f32,ne_input=[10,10,3,1],k0=3,k1=3,s0=1,s1=1,p0=0,p1=1): [1;32mOK[0m
  POOL_2D(pool_type=max,type_input=f32,ne_input=[10,10,3,1],k0=3,k1=3,s0=1,s1=1,p0=1,p1=0): [1;32mOK[0m
  POOL_2D(pool_type=max,type_input=f32,ne_input=[10,10,3,1],k0=3,k1=3,s0=1,s1=1,p0=1,p1=1): [1;32mOK[0m
  POOL_2D(pool_type=max,type_input=f32,ne_input=[10,10,3,1],k0=3,k1=3,s0=1,s1=2,p0=0,p1=0): [1;32mOK[0m
  POOL_2D(pool_type=max,type_input=f32,ne_input=[10,10,3,1],k0=3,k1=3,s0=1,s1=2,p0=0,p1=1): [1;32mOK[0m
  POOL_2D(pool_type=max,type_input=f32,ne_input=[10,10,3,1],k0=3,k1=3,s0=1,s1=2,p0=1,p1=0): [1;32mOK[0m
  POOL_2D(pool_type=max,type_input=f32,ne_input=[10,10,3,1],k0=3,k1=3,s0=1,s1=2,p0=1,p1=1): [1;32mOK[0m
  POOL_2D(pool_type=max,type_input=f32,ne_input=[10,10,3,1],k0=3,k1=3,s0=2,s1=1,p0=0,p1=0): [1;32mOK[0m
  POOL_2D(pool_type=max,type_input=f32,ne_input=[10,10,3,1],k0=3,k1=3,s0=2,s1=1,p0=0,p1=1): [1;32mOK[0m
  POOL_2D(pool_type=max,type_input=f32,ne_input=[10,10,3,1],k0=3,k1=3,s0=2,s1=1,p0=1,p1=0): [1;32mOK[0m
  POOL_2D(pool_type=max,type_input=f32,ne_input=[10,10,3,1],k0=3,k1=3,s0=2,s1=1,p0=1,p1=1): [1;32mOK[0m
  POOL_2D(pool_type=max,type_input=f32,ne_input=[10,10,3,1],k0=3,k1=3,s0=2,s1=2,p0=0,p1=0): [1;32mOK[0m
  POOL_2D(pool_type=max,type_input=f32,ne_input=[10,10,3,1],k0=3,k1=3,s0=2,s1=2,p0=0,p1=1): [1;32mOK[0m
  POOL_2D(pool_type=max,type_input=f32,ne_input=[10,10,3,1],k0=3,k1=3,s0=2,s1=2,p0=1,p1=0): [1;32mOK[0m
  POOL_2D(pool_type=max,type_input=f32,ne_input=[10,10,3,1],k0=3,k1=3,s0=2,s1=2,p0=1,p1=1): [1;32mOK[0m
  IM2COL(type_input=f32,type_kernel=f32,dst_type=f32,ne_input=[3000,128,1,1],ne_kernel=[3,128,1280,1],s0=1,s1=0,p0=1,p1=0,d0=1,d1=0,is_2D=0): not supported [Metal] 
  IM2COL(type_input=f32,type_kernel=f16,dst_type=f32,ne_input=[3000,128,1,1],ne_kernel=[3,128,1280,1],s0=1,s1=0,p0=1,p1=0,d0=1,d1=0,is_2D=0): [1;32mOK[0m
  IM2COL(type_input=f32,type_kernel=f16,dst_type=f16,ne_input=[3000,128,1,1],ne_kernel=[3,128,1280,1],s0=1,s1=0,p0=1,p1=0,d0=1,d1=0,is_2D=0): [1;32mOK[0m
  IM2COL(type_input=f32,type_kernel=f32,dst_type=f32,ne_input=[20,2,2,1],ne_kernel=[3,2,2,1],s0=1,s1=0,p0=0,p1=0,d0=1,d1=0,is_2D=0): not supported [Metal] 
  IM2COL(type_input=f32,type_kernel=f32,dst_type=f32,ne_input=[20,2,2,1],ne_kernel=[3,2,2,1],s0=1,s1=0,p0=0,p1=0,d0=3,d1=0,is_2D=0): not supported [Metal] 
  IM2COL(type_input=f32,type_kernel=f32,dst_type=f32,ne_input=[20,2,2,1],ne_kernel=[3,2,2,1],s0=1,s1=0,p0=3,p1=0,d0=1,d1=0,is_2D=0): not supported [Metal] 
  IM2COL(type_input=f32,type_kernel=f32,dst_type=f32,ne_input=[20,2,2,1],ne_kernel=[3,2,2,1],s0=1,s1=0,p0=3,p1=0,d0=3,d1=0,is_2D=0): not supported [Metal] 
  IM2COL(type_input=f32,type_kernel=f32,dst_type=f32,ne_input=[20,2,2,1],ne_kernel=[3,2,2,1],s0=3,s1=0,p0=0,p1=0,d0=1,d1=0,is_2D=0): not supported [Metal] 
  IM2COL(type_input=f32,type_kernel=f32,dst_type=f32,ne_input=[20,2,2,1],ne_kernel=[3,2,2,1],s0=3,s1=0,p0=0,p1=0,d0=3,d1=0,is_2D=0): not supported [Metal] 
  IM2COL(type_input=f32,type_kernel=f32,dst_type=f32,ne_input=[20,2,2,1],ne_kernel=[3,2,2,1],s0=3,s1=0,p0=3,p1=0,d0=1,d1=0,is_2D=0): not supported [Metal] 
  IM2COL(type_input=f32,type_kernel=f32,dst_type=f32,ne_input=[20,2,2,1],ne_kernel=[3,2,2,1],s0=3,s1=0,p0=3,p1=0,d0=3,d1=0,is_2D=0): not supported [Metal] 
  IM2COL(type_input=f32,type_kernel=f32,dst_type=f32,ne_input=[10,10,3,1],ne_kernel=[3,3,3,1],s0=1,s1=1,p0=1,p1=1,d0=1,d1=1,is_2D=1): not supported [Metal] 
  IM2COL(type_input=f32,type_kernel=f16,dst_type=f32,ne_input=[10,10,3,1],ne_kernel=[3,3,3,1],s0=1,s1=1,p0=1,p1=1,d0=1,d1=1,is_2D=1): [1;32mOK[0m
  IM2COL(type_input=f32,type_kernel=f16,dst_type=f16,ne_input=[10,10,3,1],ne_kernel=[3,3,3,1],s0=1,s1=1,p0=1,p1=1,d0=1,d1=1,is_2D=1): [1;32mOK[0m
  IM2COL(type_input=f32,type_kernel=f32,dst_type=f32,ne_input=[20,20,2,2],ne_kernel=[3,3,2,2],s0=1,s1=1,p0=0,p1=0,d0=1,d1=1,is_2D=1): not supported [Metal] 
  IM2COL(type_input=f32,type_kernel=f32,dst_type=f32,ne_input=[20,20,2,2],ne_kernel=[3,3,2,2],s0=1,s1=1,p0=0,p1=0,d0=1,d1=3,is_2D=1): not supported [Metal] 
  IM2COL(type_input=f32,type_kernel=f32,dst_type=f32,ne_input=[20,20,2,2],ne_kernel=[3,3,2,2],s0=1,s1=1,p0=0,p1=0,d0=3,d1=1,is_2D=1): not supported [Metal] 
  IM2COL(type_input=f32,type_kernel=f32,dst_type=f32,ne_input=[20,20,2,2],ne_kernel=[3,3,2,2],s0=1,s1=1,p0=0,p1=0,d0=3,d1=3,is_2D=1): not supported [Metal] 
  IM2COL(type_input=f32,type_kernel=f32,dst_type=f32,ne_input=[20,20,2,2],ne_kernel=[3,3,2,2],s0=1,s1=1,p0=0,p1=3,d0=1,d1=1,is_2D=1): not supported [Metal] 
  IM2COL(type_input=f32,type_kernel=f32,dst_type=f32,ne_input=[20,20,2,2],ne_kernel=[3,3,2,2],s0=1,s1=1,p0=0,p1=3,d0=1,d1=3,is_2D=1): not supported [Metal] 
  IM2COL(type_input=f32,type_kernel=f32,dst_type=f32,ne_input=[20,20,2,2],ne_kernel=[3,3,2,2],s0=1,s1=1,p0=0,p1=3,d0=3,d1=1,is_2D=1): not supported [Metal] 
  IM2COL(type_input=f32,type_kernel=f32,dst_type=f32,ne_input=[20,20,2,2],ne_kernel=[3,3,2,2],s0=1,s1=1,p0=0,p1=3,d0=3,d1=3,is_2D=1): not supported [Metal] 
  IM2COL(type_input=f32,type_kernel=f32,dst_type=f32,ne_input=[20,20,2,2],ne_kernel=[3,3,2,2],s0=1,s1=1,p0=3,p1=0,d0=1,d1=1,is_2D=1): not supported [Metal] 
  IM2COL(type_input=f32,type_kernel=f32,dst_type=f32,ne_input=[20,20,2,2],ne_kernel=[3,3,2,2],s0=1,s1=1,p0=3,p1=0,d0=1,d1=3,is_2D=1): not supported [Metal] 
  IM2COL(type_input=f32,type_kernel=f32,dst_type=f32,ne_input=[20,20,2,2],ne_kernel=[3,3,2,2],s0=1,s1=1,p0=3,p1=0,d0=3,d1=1,is_2D=1): not supported [Metal] 
  IM2COL(type_input=f32,type_kernel=f32,dst_type=f32,ne_input=[20,20,2,2],ne_kernel=[3,3,2,2],s0=1,s1=1,p0=3,p1=0,d0=3,d1=3,is_2D=1): not supported [Metal] 
  IM2COL(type_input=f32,type_kernel=f32,dst_type=f32,ne_input=[20,20,2,2],ne_kernel=[3,3,2,2],s0=1,s1=1,p0=3,p1=3,d0=1,d1=1,is_2D=1): not supported [Metal] 
  IM2COL(type_input=f32,type_kernel=f32,dst_type=f32,ne_input=[20,20,2,2],ne_kernel=[3,3,2,2],s0=1,s1=1,p0=3,p1=3,d0=1,d1=3,is_2D=1): not supported [Metal] 
  IM2COL(type_input=f32,type_kernel=f32,dst_type=f32,ne_input=[20,20,2,2],ne_kernel=[3,3,2,2],s0=1,s1=1,p0=3,p1=3,d0=3,d1=1,is_2D=1): not supported [Metal] 
  IM2COL(type_input=f32,type_kernel=f32,dst_type=f32,ne_input=[20,20,2,2],ne_kernel=[3,3,2,2],s0=1,s1=1,p0=3,p1=3,d0=3,d1=3,is_2D=1): not supported [Metal] 
  IM2COL(type_input=f32,type_kernel=f32,dst_type=f32,ne_input=[20,20,2,2],ne_kernel=[3,3,2,2],s0=1,s1=3,p0=0,p1=0,d0=1,d1=1,is_2D=1): not supported [Metal] 
  IM2COL(type_input=f32,type_kernel=f32,dst_type=f32,ne_input=[20,20,2,2],ne_kernel=[3,3,2,2],s0=1,s1=3,p0=0,p1=0,d0=1,d1=3,is_2D=1): not supported [Metal] 
  IM2COL(type_input=f32,type_kernel=f32,dst_type=f32,ne_input=[20,20,2,2],ne_kernel=[3,3,2,2],s0=1,s1=3,p0=0,p1=0,d0=3,d1=1,is_2D=1): not supported [Metal] 
  IM2COL(type_input=f32,type_kernel=f32,dst_type=f32,ne_input=[20,20,2,2],ne_kernel=[3,3,2,2],s0=1,s1=3,p0=0,p1=0,d0=3,d1=3,is_2D=1): not supported [Metal] 
  IM2COL(type_input=f32,type_kernel=f32,dst_type=f32,ne_input=[20,20,2,2],ne_kernel=[3,3,2,2],s0=1,s1=3,p0=0,p1=3,d0=1,d1=1,is_2D=1): not supported [Metal] 
  IM2COL(type_input=f32,type_kernel=f32,dst_type=f32,ne_input=[20,20,2,2],ne_kernel=[3,3,2,2],s0=1,s1=3,p0=0,p1=3,d0=1,d1=3,is_2D=1): not supported [Metal] 
  IM2COL(type_input=f32,type_kernel=f32,dst_type=f32,ne_input=[20,20,2,2],ne_kernel=[3,3,2,2],s0=1,s1=3,p0=0,p1=3,d0=3,d1=1,is_2D=1): not supported [Metal] 
  IM2COL(type_input=f32,type_kernel=f32,dst_type=f32,ne_input=[20,20,2,2],ne_kernel=[3,3,2,2],s0=1,s1=3,p0=0,p1=3,d0=3,d1=3,is_2D=1): not supported [Metal] 
  IM2COL(type_input=f32,type_kernel=f32,dst_type=f32,ne_input=[20,20,2,2],ne_kernel=[3,3,2,2],s0=1,s1=3,p0=3,p1=0,d0=1,d1=1,is_2D=1): not supported [Metal] 
  IM2COL(type_input=f32,type_kernel=f32,dst_type=f32,ne_input=[20,20,2,2],ne_kernel=[3,3,2,2],s0=1,s1=3,p0=3,p1=0,d0=1,d1=3,is_2D=1): not supported [Metal] 
  IM2COL(type_input=f32,type_kernel=f32,dst_type=f32,ne_input=[20,20,2,2],ne_kernel=[3,3,2,2],s0=1,s1=3,p0=3,p1=0,d0=3,d1=1,is_2D=1): not supported [Metal] 
  IM2COL(type_input=f32,type_kernel=f32,dst_type=f32,ne_input=[20,20,2,2],ne_kernel=[3,3,2,2],s0=1,s1=3,p0=3,p1=0,d0=3,d1=3,is_2D=1): not supported [Metal] 
  IM2COL(type_input=f32,type_kernel=f32,dst_type=f32,ne_input=[20,20,2,2],ne_kernel=[3,3,2,2],s0=1,s1=3,p0=3,p1=3,d0=1,d1=1,is_2D=1): not supported [Metal] 
  IM2COL(type_input=f32,type_kernel=f32,dst_type=f32,ne_input=[20,20,2,2],ne_kernel=[3,3,2,2],s0=1,s1=3,p0=3,p1=3,d0=1,d1=3,is_2D=1): not supported [Metal] 
  IM2COL(type_input=f32,type_kernel=f32,dst_type=f32,ne_input=[20,20,2,2],ne_kernel=[3,3,2,2],s0=1,s1=3,p0=3,p1=3,d0=3,d1=1,is_2D=1): not supported [Metal] 
  IM2COL(type_input=f32,type_kernel=f32,dst_type=f32,ne_input=[20,20,2,2],ne_kernel=[3,3,2,2],s0=1,s1=3,p0=3,p1=3,d0=3,d1=3,is_2D=1): not supported [Metal] 
  IM2COL(type_input=f32,type_kernel=f32,dst_type=f32,ne_input=[20,20,2,2],ne_kernel=[3,3,2,2],s0=3,s1=1,p0=0,p1=0,d0=1,d1=1,is_2D=1): not supported [Metal] 
  IM2COL(type_input=f32,type_kernel=f32,dst_type=f32,ne_input=[20,20,2,2],ne_kernel=[3,3,2,2],s0=3,s1=1,p0=0,p1=0,d0=1,d1=3,is_2D=1): not supported [Metal] 
  IM2COL(type_input=f32,type_kernel=f32,dst_type=f32,ne_input=[20,20,2,2],ne_kernel=[3,3,2,2],s0=3,s1=1,p0=0,p1=0,d0=3,d1=1,is_2D=1): not supported [Metal] 
  IM2COL(type_input=f32,type_kernel=f32,dst_type=f32,ne_input=[20,20,2,2],ne_kernel=[3,3,2,2],s0=3,s1=1,p0=0,p1=0,d0=3,d1=3,is_2D=1): not supported [Metal] 
  IM2COL(type_input=f32,type_kernel=f32,dst_type=f32,ne_input=[20,20,2,2],ne_kernel=[3,3,2,2],s0=3,s1=1,p0=0,p1=3,d0=1,d1=1,is_2D=1): not supported [Metal] 
  IM2COL(type_input=f32,type_kernel=f32,dst_type=f32,ne_input=[20,20,2,2],ne_kernel=[3,3,2,2],s0=3,s1=1,p0=0,p1=3,d0=1,d1=3,is_2D=1): not supported [Metal] 
  IM2COL(type_input=f32,type_kernel=f32,dst_type=f32,ne_input=[20,20,2,2],ne_kernel=[3,3,2,2],s0=3,s1=1,p0=0,p1=3,d0=3,d1=1,is_2D=1): not supported [Metal] 
  IM2COL(type_input=f32,type_kernel=f32,dst_type=f32,ne_input=[20,20,2,2],ne_kernel=[3,3,2,2],s0=3,s1=1,p0=0,p1=3,d0=3,d1=3,is_2D=1): not supported [Metal] 
  IM2COL(type_input=f32,type_kernel=f32,dst_type=f32,ne_input=[20,20,2,2],ne_kernel=[3,3,2,2],s0=3,s1=1,p0=3,p1=0,d0=1,d1=1,is_2D=1): not supported [Metal] 
  IM2COL(type_input=f32,type_kernel=f32,dst_type=f32,ne_input=[20,20,2,2],ne_kernel=[3,3,2,2],s0=3,s1=1,p0=3,p1=0,d0=1,d1=3,is_2D=1): not supported [Metal] 
  IM2COL(type_input=f32,type_kernel=f32,dst_type=f32,ne_input=[20,20,2,2],ne_kernel=[3,3,2,2],s0=3,s1=1,p0=3,p1=0,d0=3,d1=1,is_2D=1): not supported [Metal] 
  IM2COL(type_input=f32,type_kernel=f32,dst_type=f32,ne_input=[20,20,2,2],ne_kernel=[3,3,2,2],s0=3,s1=1,p0=3,p1=0,d0=3,d1=3,is_2D=1): not supported [Metal] 
  IM2COL(type_input=f32,type_kernel=f32,dst_type=f32,ne_input=[20,20,2,2],ne_kernel=[3,3,2,2],s0=3,s1=1,p0=3,p1=3,d0=1,d1=1,is_2D=1): not supported [Metal] 
  IM2COL(type_input=f32,type_kernel=f32,dst_type=f32,ne_input=[20,20,2,2],ne_kernel=[3,3,2,2],s0=3,s1=1,p0=3,p1=3,d0=1,d1=3,is_2D=1): not supported [Metal] 
  IM2COL(type_input=f32,type_kernel=f32,dst_type=f32,ne_input=[20,20,2,2],ne_kernel=[3,3,2,2],s0=3,s1=1,p0=3,p1=3,d0=3,d1=1,is_2D=1): not supported [Metal] 
  IM2COL(type_input=f32,type_kernel=f32,dst_type=f32,ne_input=[20,20,2,2],ne_kernel=[3,3,2,2],s0=3,s1=1,p0=3,p1=3,d0=3,d1=3,is_2D=1): not supported [Metal] 
  IM2COL(type_input=f32,type_kernel=f32,dst_type=f32,ne_input=[20,20,2,2],ne_kernel=[3,3,2,2],s0=3,s1=3,p0=0,p1=0,d0=1,d1=1,is_2D=1): not supported [Metal] 
  IM2COL(type_input=f32,type_kernel=f32,dst_type=f32,ne_input=[20,20,2,2],ne_kernel=[3,3,2,2],s0=3,s1=3,p0=0,p1=0,d0=1,d1=3,is_2D=1): not supported [Metal] 
  IM2COL(type_input=f32,type_kernel=f32,dst_type=f32,ne_input=[20,20,2,2],ne_kernel=[3,3,2,2],s0=3,s1=3,p0=0,p1=0,d0=3,d1=1,is_2D=1): not supported [Metal] 
  IM2COL(type_input=f32,type_kernel=f32,dst_type=f32,ne_input=[20,20,2,2],ne_kernel=[3,3,2,2],s0=3,s1=3,p0=0,p1=0,d0=3,d1=3,is_2D=1): not supported [Metal] 
  IM2COL(type_input=f32,type_kernel=f32,dst_type=f32,ne_input=[20,20,2,2],ne_kernel=[3,3,2,2],s0=3,s1=3,p0=0,p1=3,d0=1,d1=1,is_2D=1): not supported [Metal] 
  IM2COL(type_input=f32,type_kernel=f32,dst_type=f32,ne_input=[20,20,2,2],ne_kernel=[3,3,2,2],s0=3,s1=3,p0=0,p1=3,d0=1,d1=3,is_2D=1): not supported [Metal] 
  IM2COL(type_input=f32,type_kernel=f32,dst_type=f32,ne_input=[20,20,2,2],ne_kernel=[3,3,2,2],s0=3,s1=3,p0=0,p1=3,d0=3,d1=1,is_2D=1): not supported [Metal] 
  IM2COL(type_input=f32,type_kernel=f32,dst_type=f32,ne_input=[20,20,2,2],ne_kernel=[3,3,2,2],s0=3,s1=3,p0=0,p1=3,d0=3,d1=3,is_2D=1): not supported [Metal] 
  IM2COL(type_input=f32,type_kernel=f32,dst_type=f32,ne_input=[20,20,2,2],ne_kernel=[3,3,2,2],s0=3,s1=3,p0=3,p1=0,d0=1,d1=1,is_2D=1): not supported [Metal] 
  IM2COL(type_input=f32,type_kernel=f32,dst_type=f32,ne_input=[20,20,2,2],ne_kernel=[3,3,2,2],s0=3,s1=3,p0=3,p1=0,d0=1,d1=3,is_2D=1): not supported [Metal] 
  IM2COL(type_input=f32,type_kernel=f32,dst_type=f32,ne_input=[20,20,2,2],ne_kernel=[3,3,2,2],s0=3,s1=3,p0=3,p1=0,d0=3,d1=1,is_2D=1): not supported [Metal] 
  IM2COL(type_input=f32,type_kernel=f32,dst_type=f32,ne_input=[20,20,2,2],ne_kernel=[3,3,2,2],s0=3,s1=3,p0=3,p1=0,d0=3,d1=3,is_2D=1): not supported [Metal] 
  IM2COL(type_input=f32,type_kernel=f32,dst_type=f32,ne_input=[20,20,2,2],ne_kernel=[3,3,2,2],s0=3,s1=3,p0=3,p1=3,d0=1,d1=1,is_2D=1): not supported [Metal] 
  IM2COL(type_input=f32,type_kernel=f32,dst_type=f32,ne_input=[20,20,2,2],ne_kernel=[3,3,2,2],s0=3,s1=3,p0=3,p1=3,d0=1,d1=3,is_2D=1): not supported [Metal] 
  IM2COL(type_input=f32,type_kernel=f32,dst_type=f32,ne_input=[20,20,2,2],ne_kernel=[3,3,2,2],s0=3,s1=3,p0=3,p1=3,d0=3,d1=1,is_2D=1): not supported [Metal] 
  IM2COL(type_input=f32,type_kernel=f32,dst_type=f32,ne_input=[20,20,2,2],ne_kernel=[3,3,2,2],s0=3,s1=3,p0=3,p1=3,d0=3,d1=3,is_2D=1): not supported [Metal] 
  IM2COL(type_input=f32,type_kernel=f16,dst_type=f16,ne_input=[12,12,1,32],ne_kernel=[3,3,1,32],s0=1,s1=1,p0=1,p1=1,d0=1,d1=1,is_2D=1): [1;32mOK[0m
  IM2COL(type_input=f32,type_kernel=f16,dst_type=f16,ne_input=[12,12,2,32],ne_kernel=[3,3,2,32],s0=1,s1=1,p0=1,p1=1,d0=1,d1=1,is_2D=1): [1;32mOK[0m
  IM2COL(type_input=f32,type_kernel=f16,dst_type=f16,ne_input=[12,12,1,1024],ne_kernel=[3,3,1,1024],s0=1,s1=1,p0=1,p1=1,d0=1,d1=1,is_2D=1): [1;32mOK[0m
  IM2COL(type_input=f32,type_kernel=f16,dst_type=f16,ne_input=[12,12,2,1024],ne_kernel=[3,3,2,1024],s0=1,s1=1,p0=1,p1=1,d0=1,d1=1,is_2D=1): [1;32mOK[0m
  IM2COL(type_input=f32,type_kernel=f16,dst_type=f16,ne_input=[12,12,1,2048],ne_kernel=[3,3,1,2048],s0=1,s1=1,p0=1,p1=1,d0=1,d1=1,is_2D=1): [1;32mOK[0m
  IM2COL(type_input=f32,type_kernel=f16,dst_type=f16,ne_input=[12,12,2,2048],ne_kernel=[3,3,2,2048],s0=1,s1=1,p0=1,p1=1,d0=1,d1=1,is_2D=1): [1;32mOK[0m
  IM2COL(type_input=f32,type_kernel=f16,dst_type=f16,ne_input=[12,12,1,2560],ne_kernel=[3,3,1,2560],s0=1,s1=1,p0=1,p1=1,d0=1,d1=1,is_2D=1): [1;32mOK[0m
  IM2COL(type_input=f32,type_kernel=f16,dst_type=f16,ne_input=[12,12,2,2560],ne_kernel=[3,3,2,2560],s0=1,s1=1,p0=1,p1=1,d0=1,d1=1,is_2D=1): [1;32mOK[0m
  CONV_TRANSPOSE_1D(ne_input=[197,32,1,1],ne_kernel=[16,32,32,1],s0=1,p0=0,d0=1): [1;32mOK[0m
  CONV_TRANSPOSE_1D(ne_input=[3,2,1,1],ne_kernel=[2,3,2,1],s0=3,p0=0,d0=1): [1;32mOK[0m
  CONV_TRANSPOSE_1D(ne_input=[3,2,1,1],ne_kernel=[2,3,2,1],s0=2,p0=0,d0=1): [1;32mOK[0m
  CONV_TRANSPOSE_1D(ne_input=[3,2,1,1],ne_kernel=[2,3,2,1],s0=1,p0=0,d0=1): [1;32mOK[0m
  CONV_TRANSPOSE_1D(ne_input=[3,2,1,1],ne_kernel=[3,2,2,1],s0=2,p0=0,d0=1): [1;32mOK[0m
  CONV_TRANSPOSE_1D(ne_input=[3,2,1,1],ne_kernel=[3,2,2,1],s0=1,p0=0,d0=1): [1;32mOK[0m
  CONV_TRANSPOSE_1D(ne_input=[3,2,1,1],ne_kernel=[3,1,2,1],s0=1,p0=0,d0=1): [1;32mOK[0m
  CONV_TRANSPOSE_1D(ne_input=[2,1,1,1],ne_kernel=[3,1,1,1],s0=1,p0=0,d0=1): [1;32mOK[0m
  COUNT_EQUAL(type=f32,ne=[4,500,1,1]): not supported [Metal] 
  COUNT_EQUAL(type=f32,ne=[4,5000,1,1]): not supported [Metal] 
  ARGMAX(type=f32,ne=[32,1,1,1]): [1;32mOK[0m
  ARGMAX(type=f32,ne=[100,10,1,1]): [1;32mOK[0m
  ARGMAX(type=f32,ne=[1024,10,1,1]): [1;32mOK[0m
  ARGMAX(type=f32,ne=[1024,12,1,1]): [1;32mOK[0m
  ARGMAX(type=f32,ne=[2000,10,1,1]): [1;32mOK[0m
  ARGMAX(type=f32,ne=[5438,3,1,1]): [1;32mOK[0m
  REPEAT(type=f32,ne=[10,5,4,1],nr=[1,1,1,1]): [1;32mOK[0m
  REPEAT(type=f32,ne=[10,5,4,1],nr=[2,1,1,1]): [1;32mOK[0m
  REPEAT(type=f32,ne=[10,5,4,1],nr=[1,2,1,1]): [1;32mOK[0m
  REPEAT(type=f32,ne=[10,5,4,1],nr=[1,1,2,1]): [1;32mOK[0m
  REPEAT(type=f32,ne=[10,5,4,1],nr=[1,1,1,2]): [1;32mOK[0m
  REPEAT(type=i32,ne=[10,5,4,1],nr=[2,1,1,1]): [1;32mOK[0m
  REPEAT(type=i16,ne=[10,5,4,1],nr=[1,1,1,2]): [1;32mOK[0m
  REPEAT(type=f32,ne=[10,5,4,3],nr=[1,1,1,1]): [1;32mOK[0m
  REPEAT(type=f32,ne=[10,5,4,3],nr=[2,1,1,1]): [1;32mOK[0m
  REPEAT(type=f32,ne=[10,5,4,3],nr=[1,2,1,1]): [1;32mOK[0m
  REPEAT(type=f32,ne=[10,5,4,3],nr=[1,1,2,1]): [1;32mOK[0m
  REPEAT(type=f32,ne=[10,5,4,3],nr=[1,1,1,2]): [1;32mOK[0m
  REPEAT(type=i32,ne=[10,5,4,3],nr=[2,1,1,1]): [1;32mOK[0m
  REPEAT(type=i16,ne=[10,5,4,3],nr=[1,1,1,2]): [1;32mOK[0m
  REPEAT_BACK(type=f32,ne=[8,6,4,2],nr=[1,1,1,1],v=0): not supported [Metal] 
  REPEAT_BACK(type=f32,ne=[8,6,4,2],nr=[2,1,1,1],v=0): not supported [Metal] 
  REPEAT_BACK(type=f32,ne=[8,6,4,2],nr=[1,2,1,1],v=0): not supported [Metal] 
  REPEAT_BACK(type=f32,ne=[8,6,4,2],nr=[1,1,2,1],v=0): not supported [Metal] 
  REPEAT_BACK(type=f32,ne=[8,6,4,2],nr=[1,1,1,2],v=0): not supported [Metal] 
  REPEAT_BACK(type=f32,ne=[8,6,4,2],nr=[1,1,1,1],v=1): not supported [Metal] 
  REPEAT_BACK(type=f32,ne=[8,6,4,2],nr=[2,1,1,1],v=1): not supported [Metal] 
  REPEAT_BACK(type=f32,ne=[8,6,4,2],nr=[1,2,1,1],v=1): not supported [Metal] 
  REPEAT_BACK(type=f32,ne=[8,6,4,2],nr=[1,1,2,1],v=1): not supported [Metal] 
  REPEAT_BACK(type=f32,ne=[8,6,4,2],nr=[1,1,1,2],v=1): not supported [Metal] 
  DUP(type=f32,ne=[10,10,20,1]): [1;32mOK[0m
  DUP(type=f16,ne=[10,10,20,1]): [1;32mOK[0m
  DUP(type=i32,ne=[10,10,20,1]): not supported [Metal] 
  DUP(type=i16,ne=[10,10,20,1]): not supported [Metal] 
  DUP(type=f32,ne=[10,10,5,1],permute=[0,2,1,3]): [1;32mOK[0m
  DUP(type=f16,ne=[10,10,5,1],permute=[0,2,1,3]): [1;32mOK[0m
  DUP(type=f32,ne=[10,10,5,1],permute=[1,0,2,3]): [1;32mOK[0m
  DUP(type=f16,ne=[10,10,5,1],permute=[1,0,2,3]): [1;32mOK[0m
  DUP(type=i16,ne=[10,8,3,1],permute=[0,2,1,3]): not supported [Metal] 
  DUP(type=i16,ne=[10,8,3,1],permute=[1,2,0,3]): not supported [Metal] 
  SET(type_src=f32,type_dst=f32,ne=[6,5,4,3],dim=1): [1;32mOK[0m
  SET(type_src=f32,type_dst=f32,ne=[6,5,4,3],dim=2): [1;32mOK[0m
  SET(type_src=f32,type_dst=f32,ne=[6,5,4,3],dim=3): [1;32mOK[0m
  SET(type_src=i32,type_dst=i32,ne=[6,5,4,3],dim=1): [1;32mOK[0m
  SET(type_src=i32,type_dst=i32,ne=[6,5,4,3],dim=2): [1;32mOK[0m
  SET(type_src=i32,type_dst=i32,ne=[6,5,4,3],dim=3): [1;32mOK[0m
  CPY(type_src=f16,type_dst=f32,ne=[256,4,4,4],permute=[0,0,0,0]): [1;32mOK[0m
  CPY(type_src=f16,type_dst=f32,ne=[256,2,3,4],permute=[0,2,1,3]): [1;32mOK[0m
  CPY(type_src=f16,type_dst=f16,ne=[256,4,4,4],permute=[0,0,0,0]): [1;32mOK[0m
  CPY(type_src=f16,type_dst=f16,ne=[256,2,3,4],permute=[0,2,1,3]): [1;32mOK[0m
  CPY(type_src=f16,type_dst=bf16,ne=[256,4,4,4],permute=[0,0,0,0]): not supported [Metal] 
  CPY(type_src=f16,type_dst=bf16,ne=[256,2,3,4],permute=[0,2,1,3]): not supported [Metal] 
  CPY(type_src=f16,type_dst=q4_0,ne=[256,4,4,4],permute=[0,0,0,0]): not supported [Metal] 
  CPY(type_src=f16,type_dst=q4_0,ne=[256,2,3,4],permute=[0,2,1,3]): not supported [Metal] 
  CPY(type_src=f16,type_dst=q4_1,ne=[256,4,4,4],permute=[0,0,0,0]): not supported [Metal] 
  CPY(type_src=f16,type_dst=q4_1,ne=[256,2,3,4],permute=[0,2,1,3]): not supported [Metal] 
  CPY(type_src=f16,type_dst=q5_0,ne=[256,4,4,4],permute=[0,0,0,0]): not supported [Metal] 
  CPY(type_src=f16,type_dst=q5_0,ne=[256,2,3,4],permute=[0,2,1,3]): not supported [Metal] 
  CPY(type_src=f16,type_dst=q5_1,ne=[256,4,4,4],permute=[0,0,0,0]): not supported [Metal] 
  CPY(type_src=f16,type_dst=q5_1,ne=[256,2,3,4],permute=[0,2,1,3]): not supported [Metal] 
  CPY(type_src=f16,type_dst=q8_0,ne=[256,4,4,4],permute=[0,0,0,0]): not supported [Metal] 
  CPY(type_src=f16,type_dst=q8_0,ne=[256,2,3,4],permute=[0,2,1,3]): not supported [Metal] 
  CPY(type_src=f16,type_dst=q2_K,ne=[256,4,4,4],permute=[0,0,0,0]): not supported [Metal] 
  CPY(type_src=f16,type_dst=q2_K,ne=[256,2,3,4],permute=[0,2,1,3]): not supported [Metal] 
  CPY(type_src=f16,type_dst=q3_K,ne=[256,4,4,4],permute=[0,0,0,0]): not supported [Metal] 
  CPY(type_src=f16,type_dst=q3_K,ne=[256,2,3,4],permute=[0,2,1,3]): not supported [Metal] 
  CPY(type_src=f16,type_dst=q4_K,ne=[256,4,4,4],permute=[0,0,0,0]): not supported [Metal] 
  CPY(type_src=f16,type_dst=q4_K,ne=[256,2,3,4],permute=[0,2,1,3]): not supported [Metal] 
  CPY(type_src=f16,type_dst=q5_K,ne=[256,4,4,4],permute=[0,0,0,0]): not supported [Metal] 
  CPY(type_src=f16,type_dst=q5_K,ne=[256,2,3,4],permute=[0,2,1,3]): not supported [Metal] 
  CPY(type_src=f16,type_dst=q6_K,ne=[256,4,4,4],permute=[0,0,0,0]): not supported [Metal] 
  CPY(type_src=f16,type_dst=q6_K,ne=[256,2,3,4],permute=[0,2,1,3]): not supported [Metal] 
  CPY(type_src=f16,type_dst=iq2_xxs,ne=[256,4,4,4],permute=[0,0,0,0]): not supported [Metal] not supported [CPU] 
  CPY(type_src=f16,type_dst=iq2_xxs,ne=[256,2,3,4],permute=[0,2,1,3]): not supported [Metal] not supported [CPU] 
  CPY(type_src=f16,type_dst=iq2_xs,ne=[256,4,4,4],permute=[0,0,0,0]): not supported [Metal] not supported [CPU] 
  CPY(type_src=f16,type_dst=iq2_xs,ne=[256,2,3,4],permute=[0,2,1,3]): not supported [Metal] not supported [CPU] 
  CPY(type_src=f16,type_dst=iq2_s,ne=[256,4,4,4],permute=[0,0,0,0]): not supported [Metal] not supported [CPU] 
  CPY(type_src=f16,type_dst=iq2_s,ne=[256,2,3,4],permute=[0,2,1,3]): not supported [Metal] not supported [CPU] 
  CPY(type_src=f16,type_dst=iq3_xxs,ne=[256,4,4,4],permute=[0,0,0,0]): not supported [Metal] not supported [CPU] 
  CPY(type_src=f16,type_dst=iq3_xxs,ne=[256,2,3,4],permute=[0,2,1,3]): not supported [Metal] not supported [CPU] 
  CPY(type_src=f16,type_dst=iq1_s,ne=[256,4,4,4],permute=[0,0,0,0]): not supported [Metal] not supported [CPU] 
  CPY(type_src=f16,type_dst=iq1_s,ne=[256,2,3,4],permute=[0,2,1,3]): not supported [Metal] not supported [CPU] 
  CPY(type_src=f16,type_dst=iq1_m,ne=[256,4,4,4],permute=[0,0,0,0]): not supported [Metal] not supported [CPU] 
  CPY(type_src=f16,type_dst=iq1_m,ne=[256,2,3,4],permute=[0,2,1,3]): not supported [Metal] not supported [CPU] 
  CPY(type_src=f16,type_dst=iq4_nl,ne=[256,4,4,4],permute=[0,0,0,0]): not supported [Metal] 
  CPY(type_src=f16,type_dst=iq4_nl,ne=[256,2,3,4],permute=[0,2,1,3]): not supported [Metal] 
  CPY(type_src=f16,type_dst=iq3_s,ne=[256,4,4,4],permute=[0,0,0,0]): not supported [Metal] not supported [CPU] 
  CPY(type_src=f16,type_dst=iq3_s,ne=[256,2,3,4],permute=[0,2,1,3]): not supported [Metal] not supported [CPU] 
  CPY(type_src=f16,type_dst=iq4_xs,ne=[256,4,4,4],permute=[0,0,0,0]): not supported [Metal] 
  CPY(type_src=f16,type_dst=iq4_xs,ne=[256,2,3,4],permute=[0,2,1,3]): not supported [Metal] 
  CPY(type_src=f32,type_dst=f32,ne=[256,4,4,4],permute=[0,0,0,0]): [1;32mOK[0m
  CPY(type_src=f32,type_dst=f32,ne=[256,2,3,4],permute=[0,2,1,3]): [1;32mOK[0m
  CPY(type_src=f32,type_dst=f16,ne=[256,4,4,4],permute=[0,0,0,0]): [1;32mOK[0m
  CPY(type_src=f32,type_dst=f16,ne=[256,2,3,4],permute=[0,2,1,3]): [1;32mOK[0m
  CPY(type_src=f32,type_dst=bf16,ne=[256,4,4,4],permute=[0,0,0,0]): not supported [Metal] 
  CPY(type_src=f32,type_dst=bf16,ne=[256,2,3,4],permute=[0,2,1,3]): not supported [Metal] 
  CPY(type_src=f32,type_dst=q4_0,ne=[256,4,4,4],permute=[0,0,0,0]): [1;32mOK[0m
  CPY(type_src=f32,type_dst=q4_0,ne=[256,2,3,4],permute=[0,2,1,3]): [1;32mOK[0m
  CPY(type_src=f32,type_dst=q4_1,ne=[256,4,4,4],permute=[0,0,0,0]): [1;32mOK[0m
  CPY(type_src=f32,type_dst=q4_1,ne=[256,2,3,4],permute=[0,2,1,3]): [1;32mOK[0m
  CPY(type_src=f32,type_dst=q5_0,ne=[256,4,4,4],permute=[0,0,0,0]): [1;32mOK[0m
  CPY(type_src=f32,type_dst=q5_0,ne=[256,2,3,4],permute=[0,2,1,3]): [1;32mOK[0m
  CPY(type_src=f32,type_dst=q5_1,ne=[256,4,4,4],permute=[0,0,0,0]): [1;32mOK[0m
  CPY(type_src=f32,type_dst=q5_1,ne=[256,2,3,4],permute=[0,2,1,3]): [1;32mOK[0m
  CPY(type_src=f32,type_dst=q8_0,ne=[256,4,4,4],permute=[0,0,0,0]): [1;32mOK[0m
  CPY(type_src=f32,type_dst=q8_0,ne=[256,2,3,4],permute=[0,2,1,3]): [1;32mOK[0m
  CPY(type_src=f32,type_dst=q2_K,ne=[256,4,4,4],permute=[0,0,0,0]): not supported [Metal] 
  CPY(type_src=f32,type_dst=q2_K,ne=[256,2,3,4],permute=[0,2,1,3]): not supported [Metal] 
  CPY(type_src=f32,type_dst=q3_K,ne=[256,4,4,4],permute=[0,0,0,0]): not supported [Metal] 
  CPY(type_src=f32,type_dst=q3_K,ne=[256,2,3,4],permute=[0,2,1,3]): not supported [Metal] 
  CPY(type_src=f32,type_dst=q4_K,ne=[256,4,4,4],permute=[0,0,0,0]): not supported [Metal] 
  CPY(type_src=f32,type_dst=q4_K,ne=[256,2,3,4],permute=[0,2,1,3]): not supported [Metal] 
  CPY(type_src=f32,type_dst=q5_K,ne=[256,4,4,4],permute=[0,0,0,0]): not supported [Metal] 
  CPY(type_src=f32,type_dst=q5_K,ne=[256,2,3,4],permute=[0,2,1,3]): not supported [Metal] 
  CPY(type_src=f32,type_dst=q6_K,ne=[256,4,4,4],permute=[0,0,0,0]): not supported [Metal] 
  CPY(type_src=f32,type_dst=q6_K,ne=[256,2,3,4],permute=[0,2,1,3]): not supported [Metal] 
  CPY(type_src=f32,type_dst=iq2_xxs,ne=[256,4,4,4],permute=[0,0,0,0]): not supported [Metal] not supported [CPU] 
  CPY(type_src=f32,type_dst=iq2_xxs,ne=[256,2,3,4],permute=[0,2,1,3]): not supported [Metal] not supported [CPU] 
  CPY(type_src=f32,type_dst=iq2_xs,ne=[256,4,4,4],permute=[0,0,0,0]): not supported [Metal] not supported [CPU] 
  CPY(type_src=f32,type_dst=iq2_xs,ne=[256,2,3,4],permute=[0,2,1,3]): not supported [Metal] not supported [CPU] 
  CPY(type_src=f32,type_dst=iq2_s,ne=[256,4,4,4],permute=[0,0,0,0]): not supported [Metal] not supported [CPU] 
  CPY(type_src=f32,type_dst=iq2_s,ne=[256,2,3,4],permute=[0,2,1,3]): not supported [Metal] not supported [CPU] 
  CPY(type_src=f32,type_dst=iq3_xxs,ne=[256,4,4,4],permute=[0,0,0,0]): not supported [Metal] not supported [CPU] 
  CPY(type_src=f32,type_dst=iq3_xxs,ne=[256,2,3,4],permute=[0,2,1,3]): not supported [Metal] not supported [CPU] 
  CPY(type_src=f32,type_dst=iq1_s,ne=[256,4,4,4],permute=[0,0,0,0]): not supported [Metal] not supported [CPU] 
  CPY(type_src=f32,type_dst=iq1_s,ne=[256,2,3,4],permute=[0,2,1,3]): not supported [Metal] not supported [CPU] 
  CPY(type_src=f32,type_dst=iq1_m,ne=[256,4,4,4],permute=[0,0,0,0]): not supported [Metal] not supported [CPU] 
  CPY(type_src=f32,type_dst=iq1_m,ne=[256,2,3,4],permute=[0,2,1,3]): not supported [Metal] not supported [CPU] 
  CPY(type_src=f32,type_dst=iq4_nl,ne=[256,4,4,4],permute=[0,0,0,0]): [1;32mOK[0m
  CPY(type_src=f32,type_dst=iq4_nl,ne=[256,2,3,4],permute=[0,2,1,3]): [1;32mOK[0m
  CPY(type_src=f32,type_dst=iq3_s,ne=[256,4,4,4],permute=[0,0,0,0]): not supported [Metal] not supported [CPU] 
  CPY(type_src=f32,type_dst=iq3_s,ne=[256,2,3,4],permute=[0,2,1,3]): not supported [Metal] not supported [CPU] 
  CPY(type_src=f32,type_dst=iq4_xs,ne=[256,4,4,4],permute=[0,0,0,0]): not supported [Metal] 
  CPY(type_src=f32,type_dst=iq4_xs,ne=[256,2,3,4],permute=[0,2,1,3]): not supported [Metal] 
  CPY(type_src=f32,type_dst=f32,ne=[256,4,4,4],permute=[0,0,0,0]): [1;32mOK[0m
  CPY(type_src=f32,type_dst=f32,ne=[256,2,3,4],permute=[0,2,1,3]): [1;32mOK[0m
  CPY(type_src=f16,type_dst=f32,ne=[256,4,4,4],permute=[0,0,0,0]): [1;32mOK[0m
  CPY(type_src=f16,type_dst=f32,ne=[256,2,3,4],permute=[0,2,1,3]): [1;32mOK[0m
  CPY(type_src=bf16,type_dst=f32,ne=[256,4,4,4],permute=[0,0,0,0]): not supported [Metal] 
  CPY(type_src=bf16,type_dst=f32,ne=[256,2,3,4],permute=[0,2,1,3]): not supported [Metal] 
  CPY(type_src=q4_0,type_dst=f32,ne=[256,4,4,4],permute=[0,0,0,0]): [1;32mOK[0m
  CPY(type_src=q4_0,type_dst=f32,ne=[256,2,3,4],permute=[0,2,1,3]): [1;32mOK[0m
  CPY(type_src=q4_1,type_dst=f32,ne=[256,4,4,4],permute=[0,0,0,0]): [1;32mOK[0m
  CPY(type_src=q4_1,type_dst=f32,ne=[256,2,3,4],permute=[0,2,1,3]): [1;32mOK[0m
  CPY(type_src=q5_0,type_dst=f32,ne=[256,4,4,4],permute=[0,0,0,0]): [1;32mOK[0m
  CPY(type_src=q5_0,type_dst=f32,ne=[256,2,3,4],permute=[0,2,1,3]): [1;32mOK[0m
  CPY(type_src=q5_1,type_dst=f32,ne=[256,4,4,4],permute=[0,0,0,0]): [1;32mOK[0m
  CPY(type_src=q5_1,type_dst=f32,ne=[256,2,3,4],permute=[0,2,1,3]): [1;32mOK[0m
  CPY(type_src=q8_0,type_dst=f32,ne=[256,4,4,4],permute=[0,0,0,0]): [1;32mOK[0m
  CPY(type_src=q8_0,type_dst=f32,ne=[256,2,3,4],permute=[0,2,1,3]): [1;32mOK[0m
  CPY(type_src=q2_K,type_dst=f32,ne=[256,4,4,4],permute=[0,0,0,0]): not supported [Metal] 
  CPY(type_src=q2_K,type_dst=f32,ne=[256,2,3,4],permute=[0,2,1,3]): not supported [Metal] 
  CPY(type_src=q3_K,type_dst=f32,ne=[256,4,4,4],permute=[0,0,0,0]): not supported [Metal] 
  CPY(type_src=q3_K,type_dst=f32,ne=[256,2,3,4],permute=[0,2,1,3]): not supported [Metal] 
  CPY(type_src=q4_K,type_dst=f32,ne=[256,4,4,4],permute=[0,0,0,0]): not supported [Metal] 
  CPY(type_src=q4_K,type_dst=f32,ne=[256,2,3,4],permute=[0,2,1,3]): not supported [Metal] 
  CPY(type_src=q5_K,type_dst=f32,ne=[256,4,4,4],permute=[0,0,0,0]): not supported [Metal] 
  CPY(type_src=q5_K,type_dst=f32,ne=[256,2,3,4],permute=[0,2,1,3]): not supported [Metal] 
  CPY(type_src=q6_K,type_dst=f32,ne=[256,4,4,4],permute=[0,0,0,0]): not supported [Metal] 
  CPY(type_src=q6_K,type_dst=f32,ne=[256,2,3,4],permute=[0,2,1,3]): not supported [Metal] 
  CPY(type_src=iq2_xxs,type_dst=f32,ne=[256,4,4,4],permute=[0,0,0,0]): not supported [Metal] 
  CPY(type_src=iq2_xxs,type_dst=f32,ne=[256,2,3,4],permute=[0,2,1,3]): not supported [Metal] 
  CPY(type_src=iq2_xs,type_dst=f32,ne=[256,4,4,4],permute=[0,0,0,0]): not supported [Metal] 
  CPY(type_src=iq2_xs,type_dst=f32,ne=[256,2,3,4],permute=[0,2,1,3]): not supported [Metal] 
  CPY(type_src=iq2_s,type_dst=f32,ne=[256,4,4,4],permute=[0,0,0,0]): not supported [Metal] 
  CPY(type_src=iq2_s,type_dst=f32,ne=[256,2,3,4],permute=[0,2,1,3]): not supported [Metal] 
  CPY(type_src=iq3_xxs,type_dst=f32,ne=[256,4,4,4],permute=[0,0,0,0]): not supported [Metal] 
  CPY(type_src=iq3_xxs,type_dst=f32,ne=[256,2,3,4],permute=[0,2,1,3]): not supported [Metal] 
  CPY(type_src=iq1_s,type_dst=f32,ne=[256,4,4,4],permute=[0,0,0,0]): not supported [Metal] 
  CPY(type_src=iq1_s,type_dst=f32,ne=[256,2,3,4],permute=[0,2,1,3]): not supported [Metal] 
  CPY(type_src=iq1_m,type_dst=f32,ne=[256,4,4,4],permute=[0,0,0,0]): not supported [Metal] 
  CPY(type_src=iq1_m,type_dst=f32,ne=[256,2,3,4],permute=[0,2,1,3]): not supported [Metal] 
  CPY(type_src=iq4_nl,type_dst=f32,ne=[256,4,4,4],permute=[0,0,0,0]): not supported [Metal] 
  CPY(type_src=iq4_nl,type_dst=f32,ne=[256,2,3,4],permute=[0,2,1,3]): not supported [Metal] 
  CPY(type_src=iq3_s,type_dst=f32,ne=[256,4,4,4],permute=[0,0,0,0]): not supported [Metal] 
  CPY(type_src=iq3_s,type_dst=f32,ne=[256,2,3,4],permute=[0,2,1,3]): not supported [Metal] 
  CPY(type_src=iq4_xs,type_dst=f32,ne=[256,4,4,4],permute=[0,0,0,0]): not supported [Metal] 
  CPY(type_src=iq4_xs,type_dst=f32,ne=[256,2,3,4],permute=[0,2,1,3]): not supported [Metal] 
  CPY(type_src=f16,type_dst=f16,ne=[256,2,3,4],permute=[1,0,2,3]): [1;32mOK[0m
  CPY(type_src=f16,type_dst=f32,ne=[256,2,3,4],permute=[1,0,2,3]): [1;32mOK[0m
  CPY(type_src=f32,type_dst=f16,ne=[256,2,3,4],permute=[1,0,2,3]): [1;32mOK[0m
  CPY(type_src=f32,type_dst=f32,ne=[256,2,3,4],permute=[1,0,2,3]): [1;32mOK[0m
  CONT(type=f32,ne=[10,10,10,1]): [1;32mOK[0m
  CONT(type=f32,ne=[2,1,1,1]): [1;32mOK[0m
  CONT(type=f32,ne=[2,1,3,5]): [1;32mOK[0m
  CONT(type=f32,ne=[2,3,5,7]): [1;32mOK[0m
  CONT(type=f16,ne=[2,1,1,1]): [1;32mOK[0m
  CONT(type=f16,ne=[2,1,3,5]): [1;32mOK[0m
  CONT(type=f16,ne=[2,3,5,7]): [1;32mOK[0m
  CONT(type=bf16,ne=[2,1,1,1]): not supported [Metal] 
  CONT(type=bf16,ne=[2,1,3,5]): not supported [Metal] 
  CONT(type=bf16,ne=[2,3,5,7]): not supported [Metal] 
  ADD(type=f16,ne=[1,1,8,1],nr=[1,1,1,1]): /Users/ggml/work/ggml/src/ggml-metal/ggml-metal.m:1509: GGML_ASSERT(src0t == GGML_TYPE_F32) failed

      Start 20: test-cont
20/20 Test #20: test-cont ........................   Passed    0.18 sec

95% tests passed, 1 tests failed out of 20

Total Test time (real) =  60.60 sec

The following tests FAILED:
	 19 - test-backend-ops (Subprocess aborted)
Errors while running CTest
