+ gg_run_ctest_debug
+ cd /home/ggml/work/llama.cpp
+ rm -rf build-ci-debug
+ tee /home/ggml/results/llama.cpp/c9/a3dc85fa2cb9a658e129eb959b1e87948d87be/ggml-1-arm64-cpu-low-perf/ctest_debug.log
+ mkdir build-ci-debug
+ cd build-ci-debug
+ set -e
+ tee -a /home/ggml/results/llama.cpp/c9/a3dc85fa2cb9a658e129eb959b1e87948d87be/ggml-1-arm64-cpu-low-perf/ctest_debug-cmake.log
+ cmake -DCMAKE_BUILD_TYPE=Debug -DLLAMA_FATAL_WARNINGS=ON ..
-- The C compiler identification is GNU 11.4.0
-- The CXX compiler identification is GNU 11.4.0
-- Detecting C compiler ABI info
-- Detecting C compiler ABI info - done
-- Check for working C compiler: /usr/bin/cc - skipped
-- Detecting C compile features
-- Detecting C compile features - done
-- Detecting CXX compiler ABI info
-- Detecting CXX compiler ABI info - done
-- Check for working CXX compiler: /usr/bin/c++ - skipped
-- Detecting CXX compile features
-- Detecting CXX compile features - done
-- Found Git: /usr/bin/git (found version "2.34.1") 
-- Looking for pthread.h
-- Looking for pthread.h - found
-- Performing Test CMAKE_HAVE_LIBC_PTHREAD
-- Performing Test CMAKE_HAVE_LIBC_PTHREAD - Success
-- Found Threads: TRUE  
-- Found OpenMP_C: -fopenmp (found version "4.5") 
-- Found OpenMP_CXX: -fopenmp (found version "4.5") 
-- Found OpenMP: TRUE (found version "4.5")  
-- OpenMP found
-- Using ggml SGEMM
-- ccache found, compilation results will be cached. Disable with GGML_CCACHE=OFF.
-- CMAKE_SYSTEM_PROCESSOR: aarch64
-- ARM detected
-- Performing Test COMPILER_SUPPORTS_FP16_FORMAT_I3E
-- Performing Test COMPILER_SUPPORTS_FP16_FORMAT_I3E - Failed
-- Configuring done
-- Generating done
-- Build files have been written to: /home/ggml/work/llama.cpp/build-ci-debug

real	0m1.015s
user	0m0.679s
sys	0m0.340s
+ tee -a /home/ggml/results/llama.cpp/c9/a3dc85fa2cb9a658e129eb959b1e87948d87be/ggml-1-arm64-cpu-low-perf/ctest_debug-make.log
+ make -j
[  0%] Generating build details from Git
[  0%] Building C object ggml/src/CMakeFiles/ggml.dir/ggml.c.o
[  0%] Building C object ggml/src/CMakeFiles/ggml.dir/ggml-backend.c.o
[  1%] Building CXX object ggml/src/CMakeFiles/ggml.dir/sgemm.cpp.o
-- Found Git: /usr/bin/git (found version "2.34.1") 
[  2%] Building C object ggml/src/CMakeFiles/ggml.dir/ggml-quants.c.o
[  3%] Building C object ggml/src/CMakeFiles/ggml.dir/ggml-alloc.c.o
[  4%] Building CXX object common/CMakeFiles/build_info.dir/build-info.cpp.o
[  4%] Built target build_info
[  4%] Built target ggml
[  4%] Linking CXX shared library libggml_shared.so
[  5%] Linking CXX static library libggml_static.a
[  5%] Building CXX object src/CMakeFiles/llama.dir/unicode.cpp.o
[  6%] Building CXX object src/CMakeFiles/llama.dir/llama.cpp.o
[  7%] Building CXX object examples/gguf/CMakeFiles/llama-gguf.dir/gguf.cpp.o
[  8%] Building CXX object src/CMakeFiles/llama.dir/unicode-data.cpp.o
[  8%] Built target ggml_static
[  8%] Built target ggml_shared
[  9%] Linking CXX executable ../../bin/llama-gguf
[  9%] Built target llama-gguf
[  9%] Linking CXX shared library libllama.so
[  9%] Built target llama
[ 11%] Building CXX object examples/benchmark/CMakeFiles/llama-bench-matmult.dir/benchmark-matmult.cpp.o
[ 11%] Building C object tests/CMakeFiles/test-c.dir/test-c.c.o
[ 12%] Building CXX object examples/llava/CMakeFiles/llava.dir/llava.cpp.o
[ 12%] Building CXX object common/CMakeFiles/common.dir/common.cpp.o
[ 13%] Building CXX object examples/quantize-stats/CMakeFiles/llama-quantize-stats.dir/quantize-stats.cpp.o
[ 14%] Building CXX object common/CMakeFiles/common.dir/console.cpp.o
[ 14%] Building CXX object common/CMakeFiles/common.dir/grammar-parser.cpp.o
[ 15%] Building CXX object common/CMakeFiles/common.dir/sampling.cpp.o
[ 16%] Building CXX object common/CMakeFiles/common.dir/json-schema-to-grammar.cpp.o
[ 16%] Building CXX object examples/llava/CMakeFiles/llava.dir/clip.cpp.o
[ 16%] Building CXX object common/CMakeFiles/common.dir/train.cpp.o
[ 17%] Building CXX object common/CMakeFiles/common.dir/ngram-cache.cpp.o
[ 18%] Linking C executable ../bin/test-c
[ 18%] Built target test-c
[ 19%] Linking CXX executable ../../bin/llama-bench-matmult
[ 19%] Built target llama-bench-matmult
[ 19%] Linking CXX executable ../../bin/llama-quantize-stats
[ 19%] Built target llama-quantize-stats
[ 19%] Built target llava
[ 21%] Linking CXX static library libllava_static.a
[ 21%] Linking CXX shared library libllava_shared.so
[ 21%] Built target llava_static
[ 21%] Built target llava_shared
[ 22%] Linking CXX static library libcommon.a
[ 22%] Built target common
[ 23%] Building CXX object tests/CMakeFiles/test-tokenizer-1-spm.dir/test-tokenizer-1-spm.cpp.o
[ 23%] Building CXX object tests/CMakeFiles/test-tokenizer-0.dir/test-tokenizer-0.cpp.o
[ 24%] Building CXX object tests/CMakeFiles/test-tokenizer-1-bpe.dir/test-tokenizer-1-bpe.cpp.o
[ 24%] Building CXX object tests/CMakeFiles/test-sampling.dir/get-model.cpp.o
[ 25%] Building CXX object tests/CMakeFiles/test-sampling.dir/test-sampling.cpp.o
[ 26%] Building CXX object tests/CMakeFiles/test-quantize-fns.dir/test-quantize-fns.cpp.o
[ 26%] Building CXX object tests/CMakeFiles/test-chat-template.dir/test-chat-template.cpp.o
[ 27%] Building CXX object tests/CMakeFiles/test-quantize-perf.dir/test-quantize-perf.cpp.o
[ 28%] Building CXX object tests/CMakeFiles/test-chat-template.dir/get-model.cpp.o
[ 29%] Building CXX object tests/CMakeFiles/test-grammar-parser.dir/get-model.cpp.o
[ 31%] Building CXX object tests/CMakeFiles/test-quantize-perf.dir/get-model.cpp.o
[ 31%] Building CXX object tests/CMakeFiles/test-quantize-fns.dir/get-model.cpp.o
[ 31%] Building CXX object tests/CMakeFiles/test-grammar-parser.dir/test-grammar-parser.cpp.o
[ 31%] Building CXX object tests/CMakeFiles/test-llama-grammar.dir/test-llama-grammar.cpp.o
[ 32%] Building CXX object tests/CMakeFiles/test-llama-grammar.dir/get-model.cpp.o
[ 32%] Building CXX object tests/CMakeFiles/test-backend-ops.dir/test-backend-ops.cpp.o
[ 35%] Building CXX object tests/CMakeFiles/test-grammar-integration.dir/test-grammar-integration.cpp.o
[ 35%] Building CXX object tests/CMakeFiles/test-grad0.dir/test-grad0.cpp.o
[ 35%] Building CXX object tests/CMakeFiles/test-backend-ops.dir/get-model.cpp.o
[ 35%] Building CXX object tests/CMakeFiles/test-grammar-integration.dir/get-model.cpp.o
[ 36%] Building CXX object tests/CMakeFiles/test-grad0.dir/get-model.cpp.o
[ 36%] Building CXX object tests/CMakeFiles/test-model-load-cancel.dir/test-model-load-cancel.cpp.o
[ 36%] Building CXX object tests/CMakeFiles/test-autorelease.dir/test-autorelease.cpp.o
[ 37%] Building CXX object tests/CMakeFiles/test-model-load-cancel.dir/get-model.cpp.o
[ 38%] Building CXX object tests/CMakeFiles/test-rope.dir/test-rope.cpp.o
[ 38%] Building CXX object tests/CMakeFiles/test-rope.dir/get-model.cpp.o
[ 39%] Building CXX object tests/CMakeFiles/test-autorelease.dir/get-model.cpp.o
[ 39%] Building CXX object tests/CMakeFiles/test-json-schema-to-grammar.dir/get-model.cpp.o
[ 40%] Building CXX object tests/CMakeFiles/test-json-schema-to-grammar.dir/test-json-schema-to-grammar.cpp.o
[ 41%] Building CXX object examples/cvector-generator/CMakeFiles/llama-cvector-generator.dir/cvector-generator.cpp.o
[ 42%] Building CXX object examples/baby-llama/CMakeFiles/llama-baby-llama.dir/baby-llama.cpp.o
[ 42%] Building CXX object examples/batched-bench/CMakeFiles/llama-batched-bench.dir/batched-bench.cpp.o
[ 42%] Building CXX object examples/batched/CMakeFiles/llama-batched.dir/batched.cpp.o
[ 42%] Building CXX object examples/convert-llama2c-to-ggml/CMakeFiles/llama-convert-llama2c-to-ggml.dir/convert-llama2c-to-ggml.cpp.o
[ 43%] Building CXX object examples/embedding/CMakeFiles/llama-embedding.dir/embedding.cpp.o
[ 44%] Building CXX object examples/eval-callback/CMakeFiles/llama-eval-callback.dir/eval-callback.cpp.o
[ 44%] Building CXX object examples/export-lora/CMakeFiles/llama-export-lora.dir/export-lora.cpp.o
[ 44%] Building CXX object examples/finetune/CMakeFiles/llama-finetune.dir/finetune.cpp.o
[ 45%] Building CXX object examples/gbnf-validator/CMakeFiles/llama-gbnf-validator.dir/gbnf-validator.cpp.o
[ 45%] Building CXX object examples/gritlm/CMakeFiles/llama-gritlm.dir/gritlm.cpp.o
[ 45%] Building CXX object examples/gguf-split/CMakeFiles/llama-gguf-split.dir/gguf-split.cpp.o
[ 46%] Building CXX object examples/imatrix/CMakeFiles/llama-imatrix.dir/imatrix.cpp.o
[ 47%] Building CXX object examples/infill/CMakeFiles/llama-infill.dir/infill.cpp.o
[ 48%] Building CXX object examples/llama-bench/CMakeFiles/llama-bench.dir/llama-bench.cpp.o
[ 49%] Building CXX object examples/llava/CMakeFiles/llama-llava-cli.dir/llava-cli.cpp.o
[ 49%] Building CXX object examples/lookahead/CMakeFiles/llama-lookahead.dir/lookahead.cpp.o
[ 50%] Building CXX object examples/lookup/CMakeFiles/llama-lookup.dir/lookup.cpp.o
[ 51%] Building CXX object examples/lookup/CMakeFiles/llama-lookup-create.dir/lookup-create.cpp.o
[ 52%] Building CXX object examples/lookup/CMakeFiles/llama-lookup-merge.dir/lookup-merge.cpp.o
[ 52%] Linking CXX executable ../bin/test-model-load-cancel
[ 52%] Building CXX object examples/lookup/CMakeFiles/llama-lookup-stats.dir/lookup-stats.cpp.o
[ 53%] Generating theme-snowstorm.css.hpp
[ 53%] Building CXX object examples/parallel/CMakeFiles/llama-parallel.dir/parallel.cpp.o
[ 53%] Generating colorthemes.css.hpp
[ 53%] Building CXX object examples/main/CMakeFiles/llama-cli.dir/main.cpp.o
[ 54%] Generating completion.js.hpp
[ 55%] Building CXX object examples/retrieval/CMakeFiles/llama-retrieval.dir/retrieval.cpp.o
[ 56%] Building CXX object examples/passkey/CMakeFiles/llama-passkey.dir/passkey.cpp.o
[ 57%] Building CXX object examples/perplexity/CMakeFiles/llama-perplexity.dir/perplexity.cpp.o
[ 57%] Building CXX object examples/quantize/CMakeFiles/llama-quantize.dir/quantize.cpp.o
[ 58%] Generating json-schema-to-grammar.mjs.hpp
[ 59%] Generating index-new.html.hpp
[ 59%] Generating index.js.hpp
[ 59%] Generating index.html.hpp
[ 59%] Generating prompt-formats.js.hpp
[ 60%] Building CXX object examples/save-load-state/CMakeFiles/llama-save-load-state.dir/save-load-state.cpp.o
[ 61%] Generating style.css.hpp
[ 62%] Building CXX object examples/simple/CMakeFiles/llama-simple.dir/simple.cpp.o
[ 63%] Generating system-prompts.js.hpp
[ 63%] Building CXX object examples/tokenize/CMakeFiles/llama-tokenize.dir/tokenize.cpp.o
[ 64%] Building CXX object examples/speculative/CMakeFiles/llama-speculative.dir/speculative.cpp.o
[ 64%] Building CXX object examples/train-text-from-scratch/CMakeFiles/llama-train-text-from-scratch.dir/train-text-from-scratch.cpp.o
[ 65%] Building CXX object pocs/vdot/CMakeFiles/llama-vdot.dir/vdot.cpp.o
[ 66%] Generating theme-ketivah.css.hpp
[ 66%] Generating theme-beeninorder.css.hpp
[ 66%] Building CXX object pocs/vdot/CMakeFiles/llama-q8dot.dir/q8dot.cpp.o
[ 67%] Generating theme-mangotango.css.hpp
[ 68%] Generating theme-polarnight.css.hpp
[ 68%] Generating theme-playground.css.hpp
[ 68%] Building CXX object examples/server/CMakeFiles/llama-server.dir/server.cpp.o
[ 68%] Built target test-model-load-cancel
[ 68%] Linking CXX executable ../bin/test-grad0
[ 69%] Linking CXX executable ../bin/test-rope
[ 70%] Linking CXX executable ../bin/test-autorelease
[ 70%] Built target test-rope
[ 70%] Linking CXX executable ../bin/test-quantize-fns
[ 70%] Linking CXX executable ../bin/test-chat-template
[ 70%] Built target test-grad0
[ 70%] Built target test-autorelease
[ 70%] Built target test-quantize-fns
[ 70%] Built target test-chat-template
[ 71%] Linking CXX executable ../bin/test-grammar-parser
[ 72%] Linking CXX executable ../../bin/llama-baby-llama
[ 73%] Linking CXX executable ../bin/test-sampling
[ 73%] Built target test-grammar-parser
[ 74%] Linking CXX executable ../../bin/llama-q8dot
[ 74%] Linking CXX executable ../../bin/llama-vdot
[ 74%] Linking CXX executable ../bin/test-quantize-perf
[ 75%] Linking CXX executable ../bin/test-grammar-integration
[ 75%] Built target test-sampling
[ 75%] Linking CXX executable ../../bin/llama-gbnf-validator
[ 75%] Built target llama-q8dot
[ 76%] Linking CXX executable ../bin/test-tokenizer-1-spm
[ 76%] Built target llama-vdot
[ 76%] Built target test-quantize-perf
[ 76%] Linking CXX executable ../bin/test-tokenizer-1-bpe
[ 76%] Built target test-grammar-integration
[ 76%] Built target llama-gbnf-validator
[ 77%] Linking CXX executable ../../bin/llama-lookup-merge
[ 78%] Linking CXX executable ../bin/test-tokenizer-0
[ 79%] Linking CXX executable ../../bin/llama-tokenize
[ 80%] Linking CXX executable ../../bin/llama-eval-callback
[ 81%] Linking CXX executable ../../bin/llama-gguf-split
[ 82%] Linking CXX executable ../../bin/llama-batched-bench
[ 82%] Linking CXX executable ../../bin/llama-lookup-create
[ 83%] Linking CXX executable ../../bin/llama-save-load-state
[ 82%] Built target llama-baby-llama
[ 83%] Linking CXX executable ../../bin/llama-embedding
[ 83%] Built target llama-lookup-merge
[ 84%] Linking CXX executable ../../bin/llama-batched
[ 84%] Linking CXX executable ../../bin/llama-simple
[ 85%] Linking CXX executable ../../bin/llama-llava-cli
[ 86%] Linking CXX executable ../../bin/llama-gritlm
[ 87%] Linking CXX executable ../../bin/llama-export-lora
[ 87%] Linking CXX executable ../../bin/llama-passkey
[ 87%] Built target llama-gguf-split
[ 88%] Linking CXX executable ../../bin/llama-lookup-stats
[ 89%] Linking CXX executable ../../bin/llama-parallel
[ 89%] Linking CXX executable ../../bin/llama-lookup
[ 90%] Linking CXX executable ../../bin/llama-finetune
[ 91%] Linking CXX executable ../../bin/llama-lookahead
[ 92%] Linking CXX executable ../../bin/llama-train-text-from-scratch
[ 92%] Built target llama-export-lora
[ 93%] Linking CXX executable ../../bin/llama-convert-llama2c-to-ggml
[ 93%] Built target test-tokenizer-1-spm
[ 93%] Built target test-tokenizer-1-bpe
[ 94%] Linking CXX executable ../../bin/llama-quantize
[ 94%] Linking CXX executable ../../bin/llama-cvector-generator
[ 94%] Linking CXX executable ../../bin/llama-infill
[ 94%] Built target llama-convert-llama2c-to-ggml
[ 94%] Linking CXX executable ../../bin/llama-retrieval
[ 94%] Built target test-tokenizer-0
[ 94%] Built target llama-tokenize
[ 94%] Built target llama-eval-callback
[ 94%] Built target llama-batched-bench
[ 94%] Built target llama-embedding
[ 94%] Built target llama-lookup-create
[ 95%] Linking CXX executable ../../bin/llama-cli
[ 95%] Built target llama-save-load-state
[ 95%] Built target llama-batched
[ 95%] Built target llama-simple
[ 95%] Built target llama-gritlm
[ 95%] Built target llama-passkey
[ 95%] Linking CXX executable ../bin/test-backend-ops
[ 96%] Linking CXX executable ../../bin/llama-speculative
[ 96%] Built target llama-parallel
[ 96%] Built target llama-lookup-stats
[ 96%] Built target llama-llava-cli
[ 96%] Linking CXX executable ../../bin/llama-imatrix
[ 96%] Built target test-backend-ops
[ 96%] Built target llama-lookup
[ 96%] Built target llama-lookahead
[ 96%] Built target llama-finetune
[ 96%] Built target llama-train-text-from-scratch
[ 96%] Built target llama-quantize
[ 96%] Built target llama-cvector-generator
[ 96%] Built target llama-infill
[ 96%] Built target llama-retrieval
[ 96%] Built target llama-cli
[ 96%] Built target llama-speculative
/home/ggml/work/llama.cpp/examples/perplexity/perplexity.cpp: In lambda function:
/home/ggml/work/llama.cpp/examples/perplexity/perplexity.cpp:1751:41: note: parameter passing for argument of type ‘std::pair<double, double>’ when C++17 is enabled changed to match C++14 in GCC 10.1
 1751 |             return std::make_pair(0., 0.);
      |                                         ^
[ 97%] Linking CXX executable ../../bin/llama-perplexity
[ 97%] Built target llama-imatrix
[ 97%] Built target llama-perplexity
[ 97%] Linking CXX executable ../../bin/llama-bench
[ 97%] Built target llama-bench
[ 98%] Linking CXX executable ../bin/test-json-schema-to-grammar
[ 98%] Built target test-json-schema-to-grammar
[ 99%] Linking CXX executable ../bin/test-llama-grammar
[ 99%] Built target test-llama-grammar
[100%] Linking CXX executable ../../bin/llama-server
[100%] Built target llama-server

real	1m5.509s
user	2m48.751s
sys	0m17.128s
+ tee -a /home/ggml/results/llama.cpp/c9/a3dc85fa2cb9a658e129eb959b1e87948d87be/ggml-1-arm64-cpu-low-perf/ctest_debug-ctest.log
+ ctest --output-on-failure -L main -E test-opt
Test project /home/ggml/work/llama.cpp/build-ci-debug
      Start  1: test-tokenizer-0-llama-spm
 1/22 Test  #1: test-tokenizer-0-llama-spm .......   Passed    0.13 sec
      Start  2: test-tokenizer-0-llama-bpe
 2/22 Test  #2: test-tokenizer-0-llama-bpe .......   Passed    2.00 sec
      Start  3: test-tokenizer-0-phi-3
 3/22 Test  #3: test-tokenizer-0-phi-3 ...........   Passed    0.12 sec
      Start  4: test-tokenizer-0-falcon
 4/22 Test  #4: test-tokenizer-0-falcon ..........   Passed    0.66 sec
      Start  5: test-tokenizer-0-bert-bge
 5/22 Test  #5: test-tokenizer-0-bert-bge ........   Passed    0.14 sec
      Start  6: test-tokenizer-0-starcoder
 6/22 Test  #6: test-tokenizer-0-starcoder .......   Passed    0.51 sec
      Start  7: test-tokenizer-0-gpt-2
 7/22 Test  #7: test-tokenizer-0-gpt-2 ...........   Passed    0.51 sec
      Start  8: test-tokenizer-0-refact
 8/22 Test  #8: test-tokenizer-0-refact ..........   Passed    0.52 sec
      Start  9: test-tokenizer-0-command-r
 9/22 Test  #9: test-tokenizer-0-command-r .......   Passed    3.05 sec
      Start 10: test-tokenizer-0-qwen2
10/22 Test #10: test-tokenizer-0-qwen2 ...........   Passed    1.70 sec
      Start 11: test-tokenizer-1-llama-spm
11/22 Test #11: test-tokenizer-1-llama-spm .......   Passed    4.17 sec
      Start 12: test-quantize-fns
12/22 Test #12: test-quantize-fns ................   Passed   32.79 sec
      Start 13: test-quantize-perf
13/22 Test #13: test-quantize-perf ...............   Passed    9.95 sec
      Start 14: test-sampling
14/22 Test #14: test-sampling ....................   Passed    0.04 sec
      Start 15: test-chat-template
15/22 Test #15: test-chat-template ...............   Passed    0.01 sec
      Start 16: test-grammar-parser
16/22 Test #16: test-grammar-parser ..............   Passed    0.00 sec
      Start 17: test-llama-grammar
17/22 Test #17: test-llama-grammar ...............   Passed    0.01 sec
      Start 18: test-grammar-integration
18/22 Test #18: test-grammar-integration .........   Passed    0.02 sec
      Start 19: test-grad0
19/22 Test #19: test-grad0 .......................   Passed    0.24 sec
      Start 20: test-backend-ops
20/22 Test #20: test-backend-ops .................   Passed    0.01 sec
      Start 21: test-rope
21/22 Test #21: test-rope ........................   Passed    0.07 sec
      Start 24: test-json-schema-to-grammar
22/22 Test #24: test-json-schema-to-grammar ......   Passed    0.04 sec

100% tests passed, 0 tests failed out of 22

Label Time Summary:
main    =  56.68 sec*proc (22 tests)

Total Test time (real) =  56.69 sec

real	0m56.700s
user	1m6.975s
sys	0m0.322s
+ set +e
+ cur=0
+ echo 0
+ set +x
+ gg_run_ctest_release
+ cd /home/ggml/work/llama.cpp
+ tee /home/ggml/results/llama.cpp/c9/a3dc85fa2cb9a658e129eb959b1e87948d87be/ggml-1-arm64-cpu-low-perf/ctest_release.log
+ rm -rf build-ci-release
+ mkdir build-ci-release
+ cd build-ci-release
+ set -e
+ tee -a /home/ggml/results/llama.cpp/c9/a3dc85fa2cb9a658e129eb959b1e87948d87be/ggml-1-arm64-cpu-low-perf/ctest_release-cmake.log
+ cmake -DCMAKE_BUILD_TYPE=Release -DLLAMA_FATAL_WARNINGS=ON ..
-- The C compiler identification is GNU 11.4.0
-- The CXX compiler identification is GNU 11.4.0
-- Detecting C compiler ABI info
-- Detecting C compiler ABI info - done
-- Check for working C compiler: /usr/bin/cc - skipped
-- Detecting C compile features
-- Detecting C compile features - done
-- Detecting CXX compiler ABI info
-- Detecting CXX compiler ABI info - done
-- Check for working CXX compiler: /usr/bin/c++ - skipped
-- Detecting CXX compile features
-- Detecting CXX compile features - done
-- Found Git: /usr/bin/git (found version "2.34.1") 
-- Looking for pthread.h
-- Looking for pthread.h - found
-- Performing Test CMAKE_HAVE_LIBC_PTHREAD
-- Performing Test CMAKE_HAVE_LIBC_PTHREAD - Success
-- Found Threads: TRUE  
-- Found OpenMP_C: -fopenmp (found version "4.5") 
-- Found OpenMP_CXX: -fopenmp (found version "4.5") 
-- Found OpenMP: TRUE (found version "4.5")  
-- OpenMP found
-- Using ggml SGEMM
-- ccache found, compilation results will be cached. Disable with GGML_CCACHE=OFF.
-- CMAKE_SYSTEM_PROCESSOR: aarch64
-- ARM detected
-- Performing Test COMPILER_SUPPORTS_FP16_FORMAT_I3E
-- Performing Test COMPILER_SUPPORTS_FP16_FORMAT_I3E - Failed
-- Configuring done
-- Generating done
-- Build files have been written to: /home/ggml/work/llama.cpp/build-ci-release

real	0m1.005s
user	0m0.661s
sys	0m0.347s
+ tee -a /home/ggml/results/llama.cpp/c9/a3dc85fa2cb9a658e129eb959b1e87948d87be/ggml-1-arm64-cpu-low-perf/ctest_release-make.log
+ make -j
[  2%] Building C object ggml/src/CMakeFiles/ggml.dir/ggml-backend.c.o
[  2%] Building C object ggml/src/CMakeFiles/ggml.dir/ggml.c.o
[  2%] Building CXX object common/CMakeFiles/build_info.dir/build-info.cpp.o
[  2%] Building C object ggml/src/CMakeFiles/ggml.dir/ggml-alloc.c.o
[  4%] Building CXX object ggml/src/CMakeFiles/ggml.dir/sgemm.cpp.o
[  4%] Building C object ggml/src/CMakeFiles/ggml.dir/ggml-quants.c.o
[  4%] Built target build_info
[  4%] Built target ggml
[  5%] Building CXX object examples/gguf/CMakeFiles/llama-gguf.dir/gguf.cpp.o
[  6%] Linking CXX static library libggml_static.a
[  6%] Building CXX object src/CMakeFiles/llama.dir/unicode.cpp.o
[  6%] Linking CXX shared library libggml_shared.so
[  7%] Building CXX object src/CMakeFiles/llama.dir/unicode-data.cpp.o
[  8%] Building CXX object src/CMakeFiles/llama.dir/llama.cpp.o
[  8%] Built target ggml_shared
[  8%] Built target ggml_static
[  9%] Linking CXX executable ../../bin/llama-gguf
[  9%] Built target llama-gguf
[  9%] Linking CXX shared library libllama.so
[  9%] Built target llama
[ 10%] Building C object tests/CMakeFiles/test-c.dir/test-c.c.o
[ 11%] Building CXX object common/CMakeFiles/common.dir/sampling.cpp.o
[ 11%] Building CXX object common/CMakeFiles/common.dir/common.cpp.o
[ 12%] Building CXX object examples/benchmark/CMakeFiles/llama-bench-matmult.dir/benchmark-matmult.cpp.o
[ 12%] Building CXX object common/CMakeFiles/common.dir/grammar-parser.cpp.o
[ 13%] Building CXX object examples/llava/CMakeFiles/llava.dir/llava.cpp.o
[ 14%] Building CXX object common/CMakeFiles/common.dir/console.cpp.o
[ 15%] Building CXX object examples/quantize-stats/CMakeFiles/llama-quantize-stats.dir/quantize-stats.cpp.o
[ 15%] Building CXX object examples/llava/CMakeFiles/llava.dir/clip.cpp.o
[ 16%] Building CXX object common/CMakeFiles/common.dir/json-schema-to-grammar.cpp.o
[ 16%] Building CXX object common/CMakeFiles/common.dir/train.cpp.o
[ 17%] Building CXX object common/CMakeFiles/common.dir/ngram-cache.cpp.o
[ 18%] Linking C executable ../bin/test-c
[ 18%] Built target test-c
[ 19%] Linking CXX executable ../../bin/llama-bench-matmult
[ 19%] Built target llama-bench-matmult
[ 19%] Linking CXX executable ../../bin/llama-quantize-stats
[ 19%] Built target llama-quantize-stats
[ 19%] Built target llava
[ 21%] Linking CXX shared library libllava_shared.so
[ 21%] Linking CXX static library libllava_static.a
[ 21%] Built target llava_static
[ 21%] Built target llava_shared
[ 22%] Linking CXX static library libcommon.a
[ 22%] Built target common
[ 22%] Building CXX object tests/CMakeFiles/test-tokenizer-0.dir/test-tokenizer-0.cpp.o
[ 23%] Building CXX object tests/CMakeFiles/test-tokenizer-1-spm.dir/test-tokenizer-1-spm.cpp.o
[ 24%] Building CXX object tests/CMakeFiles/test-tokenizer-1-bpe.dir/test-tokenizer-1-bpe.cpp.o
[ 24%] Building CXX object tests/CMakeFiles/test-chat-template.dir/test-chat-template.cpp.o
[ 25%] Building CXX object tests/CMakeFiles/test-quantize-fns.dir/test-quantize-fns.cpp.o
[ 26%] Building CXX object tests/CMakeFiles/test-quantize-perf.dir/get-model.cpp.o
[ 27%] Building CXX object tests/CMakeFiles/test-quantize-fns.dir/get-model.cpp.o
[ 28%] Building CXX object tests/CMakeFiles/test-chat-template.dir/get-model.cpp.o
[ 29%] Building CXX object tests/CMakeFiles/test-sampling.dir/test-sampling.cpp.o
[ 30%] Building CXX object tests/CMakeFiles/test-quantize-perf.dir/test-quantize-perf.cpp.o
[ 30%] Building CXX object tests/CMakeFiles/test-sampling.dir/get-model.cpp.o
[ 31%] Building CXX object tests/CMakeFiles/test-grammar-parser.dir/test-grammar-parser.cpp.o
[ 31%] Building CXX object tests/CMakeFiles/test-grammar-parser.dir/get-model.cpp.o
[ 31%] Building CXX object tests/CMakeFiles/test-llama-grammar.dir/test-llama-grammar.cpp.o
[ 32%] Building CXX object tests/CMakeFiles/test-llama-grammar.dir/get-model.cpp.o
[ 33%] Building CXX object tests/CMakeFiles/test-grammar-integration.dir/test-grammar-integration.cpp.o
[ 33%] Building CXX object tests/CMakeFiles/test-grammar-integration.dir/get-model.cpp.o
[ 34%] Building CXX object tests/CMakeFiles/test-rope.dir/test-rope.cpp.o
[ 34%] Building CXX object tests/CMakeFiles/test-rope.dir/get-model.cpp.o
[ 34%] Building CXX object tests/CMakeFiles/test-backend-ops.dir/test-backend-ops.cpp.o
[ 36%] Building CXX object tests/CMakeFiles/test-grad0.dir/test-grad0.cpp.o
[ 36%] Building CXX object tests/CMakeFiles/test-model-load-cancel.dir/test-model-load-cancel.cpp.o
[ 37%] Building CXX object tests/CMakeFiles/test-grad0.dir/get-model.cpp.o
[ 38%] Building CXX object tests/CMakeFiles/test-model-load-cancel.dir/get-model.cpp.o
[ 35%] Building CXX object tests/CMakeFiles/test-backend-ops.dir/get-model.cpp.o
[ 39%] Building CXX object tests/CMakeFiles/test-autorelease.dir/get-model.cpp.o
[ 39%] Building CXX object tests/CMakeFiles/test-autorelease.dir/test-autorelease.cpp.o
[ 40%] Building CXX object examples/cvector-generator/CMakeFiles/llama-cvector-generator.dir/cvector-generator.cpp.o
[ 41%] Building CXX object tests/CMakeFiles/test-json-schema-to-grammar.dir/test-json-schema-to-grammar.cpp.o
[ 41%] Building CXX object examples/batched-bench/CMakeFiles/llama-batched-bench.dir/batched-bench.cpp.o
[ 42%] Building CXX object examples/baby-llama/CMakeFiles/llama-baby-llama.dir/baby-llama.cpp.o
[ 42%] Building CXX object tests/CMakeFiles/test-json-schema-to-grammar.dir/get-model.cpp.o
[ 42%] Building CXX object examples/batched/CMakeFiles/llama-batched.dir/batched.cpp.o
[ 42%] Building CXX object examples/convert-llama2c-to-ggml/CMakeFiles/llama-convert-llama2c-to-ggml.dir/convert-llama2c-to-ggml.cpp.o
[ 43%] Building CXX object examples/embedding/CMakeFiles/llama-embedding.dir/embedding.cpp.o
[ 44%] Building CXX object examples/export-lora/CMakeFiles/llama-export-lora.dir/export-lora.cpp.o
[ 44%] Building CXX object examples/finetune/CMakeFiles/llama-finetune.dir/finetune.cpp.o
[ 44%] Building CXX object examples/eval-callback/CMakeFiles/llama-eval-callback.dir/eval-callback.cpp.o
[ 45%] Building CXX object examples/gbnf-validator/CMakeFiles/llama-gbnf-validator.dir/gbnf-validator.cpp.o
[ 45%] Building CXX object examples/gguf-split/CMakeFiles/llama-gguf-split.dir/gguf-split.cpp.o
[ 45%] Building CXX object examples/gritlm/CMakeFiles/llama-gritlm.dir/gritlm.cpp.o
[ 46%] Building CXX object examples/infill/CMakeFiles/llama-infill.dir/infill.cpp.o
[ 47%] Building CXX object examples/imatrix/CMakeFiles/llama-imatrix.dir/imatrix.cpp.o
[ 48%] Building CXX object examples/llama-bench/CMakeFiles/llama-bench.dir/llama-bench.cpp.o
[ 49%] Building CXX object examples/llava/CMakeFiles/llama-llava-cli.dir/llava-cli.cpp.o
[ 50%] Building CXX object examples/lookup/CMakeFiles/llama-lookup.dir/lookup.cpp.o
[ 50%] Building CXX object examples/lookahead/CMakeFiles/llama-lookahead.dir/lookahead.cpp.o
[ 50%] Linking CXX executable ../bin/test-model-load-cancel
[ 51%] Building CXX object examples/lookup/CMakeFiles/llama-lookup-create.dir/lookup-create.cpp.o
[ 51%] Building CXX object examples/lookup/CMakeFiles/llama-lookup-stats.dir/lookup-stats.cpp.o
[ 52%] Building CXX object examples/lookup/CMakeFiles/llama-lookup-merge.dir/lookup-merge.cpp.o
[ 52%] Building CXX object examples/parallel/CMakeFiles/llama-parallel.dir/parallel.cpp.o
[ 53%] Building CXX object examples/passkey/CMakeFiles/llama-passkey.dir/passkey.cpp.o
[ 53%] Building CXX object examples/main/CMakeFiles/llama-cli.dir/main.cpp.o
[ 54%] Building CXX object examples/perplexity/CMakeFiles/llama-perplexity.dir/perplexity.cpp.o
[ 54%] Generating colorthemes.css.hpp
[ 55%] Generating theme-snowstorm.css.hpp
[ 56%] Generating completion.js.hpp
[ 57%] Generating index-new.html.hpp
[ 57%] Generating index.html.hpp
[ 57%] Generating index.js.hpp
[ 57%] Building CXX object examples/quantize/CMakeFiles/llama-quantize.dir/quantize.cpp.o
[ 58%] Building CXX object examples/retrieval/CMakeFiles/llama-retrieval.dir/retrieval.cpp.o
[ 59%] Building CXX object examples/save-load-state/CMakeFiles/llama-save-load-state.dir/save-load-state.cpp.o
[ 60%] Building CXX object examples/simple/CMakeFiles/llama-simple.dir/simple.cpp.o
[ 61%] Building CXX object examples/speculative/CMakeFiles/llama-speculative.dir/speculative.cpp.o
[ 61%] Generating prompt-formats.js.hpp
[ 62%] Generating json-schema-to-grammar.mjs.hpp
[ 63%] Generating style.css.hpp
[ 64%] Generating system-prompts.js.hpp
[ 64%] Building CXX object examples/train-text-from-scratch/CMakeFiles/llama-train-text-from-scratch.dir/train-text-from-scratch.cpp.o
[ 64%] Building CXX object examples/tokenize/CMakeFiles/llama-tokenize.dir/tokenize.cpp.o
[ 64%] Building CXX object pocs/vdot/CMakeFiles/llama-q8dot.dir/q8dot.cpp.o
[ 64%] Generating theme-beeninorder.css.hpp
[ 66%] Building CXX object pocs/vdot/CMakeFiles/llama-vdot.dir/vdot.cpp.o
[ 67%] Generating theme-mangotango.css.hpp
[ 65%] Generating theme-ketivah.css.hpp
[ 67%] Generating theme-playground.css.hpp
[ 68%] Generating theme-polarnight.css.hpp
[ 68%] Built target test-model-load-cancel
[ 68%] Building CXX object examples/server/CMakeFiles/llama-server.dir/server.cpp.o
[ 69%] Linking CXX executable ../bin/test-rope
[ 70%] Linking CXX executable ../bin/test-autorelease
[ 70%] Built target test-rope
[ 70%] Linking CXX executable ../bin/test-quantize-fns
[ 70%] Built target test-autorelease
[ 70%] Linking CXX executable ../bin/test-chat-template
[ 70%] Built target test-quantize-fns
[ 70%] Built target test-chat-template
[ 71%] Linking CXX executable ../../bin/llama-q8dot
[ 72%] Linking CXX executable ../../bin/llama-baby-llama
[ 73%] Linking CXX executable ../bin/test-grammar-parser
[ 74%] Linking CXX executable ../../bin/llama-lookup-merge
[ 74%] Linking CXX executable ../../bin/llama-vdot
[ 75%] Linking CXX executable ../bin/test-tokenizer-1-spm
[ 75%] Built target test-grammar-parser
[ 75%] Built target llama-baby-llama
[ 75%] Built target llama-q8dot
[ 75%] Built target llama-lookup-merge
[ 75%] Linking CXX executable ../bin/test-tokenizer-1-bpe
[ 75%] Linking CXX executable ../bin/test-quantize-perf
[ 75%] Built target llama-vdot
[ 75%] Linking CXX executable ../../bin/llama-gbnf-validator
[ 75%] Built target test-tokenizer-1-spm
[ 76%] Linking CXX executable ../bin/test-sampling
[ 76%] Built target test-tokenizer-1-bpe
[ 77%] Linking CXX executable ../bin/test-grammar-integration
[ 77%] Built target llama-gbnf-validator
[ 77%] Built target test-quantize-perf
[ 77%] Built target test-sampling
[ 77%] Linking CXX executable ../bin/test-grad0
[ 78%] Linking CXX executable ../../bin/llama-tokenize
[ 78%] Built target test-grammar-integration
[ 78%] Built target test-grad0
[ 79%] Linking CXX executable ../../bin/llama-eval-callback
[ 79%] Built target llama-tokenize
[ 79%] Linking CXX executable ../../bin/llama-lookup-create
[ 80%] Linking CXX executable ../../bin/llama-gguf-split
[ 80%] Built target llama-eval-callback
[ 80%] Linking CXX executable ../../bin/llama-embedding
[ 80%] Built target llama-gguf-split
[ 81%] Linking CXX executable ../bin/test-tokenizer-0
[ 81%] Built target llama-lookup-create
[ 82%] Linking CXX executable ../../bin/llama-save-load-state
[ 83%] Linking CXX executable ../../bin/llama-batched-bench
[ 84%] Linking CXX executable ../../bin/llama-gritlm
[ 84%] Built target llama-embedding
[ 84%] Linking CXX executable ../../bin/llama-simple
[ 84%] Built target test-tokenizer-0
[ 85%] Linking CXX executable ../../bin/llama-export-lora
[ 85%] Built target llama-save-load-state
[ 86%] Linking CXX executable ../../bin/llama-batched
[ 86%] Built target llama-batched-bench
[ 87%] Linking CXX executable ../../bin/llama-lookup-stats
[ 87%] Built target llama-simple
[ 87%] Built target llama-gritlm
[ 87%] Built target llama-export-lora
[ 87%] Built target llama-batched
[ 88%] Linking CXX executable ../../bin/llama-quantize
[ 88%] Built target llama-lookup-stats
[ 88%] Linking CXX executable ../../bin/llama-passkey
[ 88%] Built target llama-quantize
[ 88%] Linking CXX executable ../../bin/llama-lookup
[ 89%] Linking CXX executable ../../bin/llama-llava-cli
[ 90%] Linking CXX executable ../../bin/llama-lookahead
[ 90%] Built target llama-passkey
[ 91%] Linking CXX executable ../../bin/llama-parallel
[ 91%] Built target llama-lookup
[ 91%] Built target llama-llava-cli
[ 92%] Linking CXX executable ../../bin/llama-train-text-from-scratch
[ 92%] Built target llama-parallel
[ 92%] Built target llama-lookahead
[ 93%] Linking CXX executable ../../bin/llama-convert-llama2c-to-ggml
[ 93%] Built target llama-train-text-from-scratch
[ 93%] Linking CXX executable ../../bin/llama-retrieval
[ 93%] Built target llama-convert-llama2c-to-ggml
[ 93%] Linking CXX executable ../../bin/llama-cvector-generator
[ 93%] Built target llama-retrieval
[ 93%] Built target llama-cvector-generator
[ 94%] Linking CXX executable ../../bin/llama-finetune
[ 94%] Linking CXX executable ../../bin/llama-infill
[ 94%] Built target llama-finetune
[ 95%] Linking CXX executable ../../bin/llama-speculative
[ 95%] Built target llama-infill
[ 95%] Built target llama-speculative
[ 95%] Linking CXX executable ../../bin/llama-imatrix
[ 95%] Built target llama-imatrix
[ 96%] Linking CXX executable ../../bin/llama-cli
[ 96%] Built target llama-cli
/home/ggml/work/llama.cpp/examples/perplexity/perplexity.cpp: In lambda function:
/home/ggml/work/llama.cpp/examples/perplexity/perplexity.cpp:1751:41: note: parameter passing for argument of type ‘std::pair<double, double>’ when C++17 is enabled changed to match C++14 in GCC 10.1
 1751 |             return std::make_pair(0., 0.);
      |                                         ^
[ 97%] Linking CXX executable ../../bin/llama-perplexity
[ 97%] Built target llama-perplexity
[ 97%] Linking CXX executable ../bin/test-backend-ops
[ 97%] Built target test-backend-ops
[ 97%] Linking CXX executable ../../bin/llama-bench
[ 97%] Built target llama-bench
[ 98%] Linking CXX executable ../bin/test-json-schema-to-grammar
[ 98%] Built target test-json-schema-to-grammar
[ 99%] Linking CXX executable ../../bin/llama-server
[ 99%] Built target llama-server
[100%] Linking CXX executable ../bin/test-llama-grammar
[100%] Built target test-llama-grammar

real	2m21.910s
user	5m36.182s
sys	0m14.660s
+ '[' -z 1 ']'
+ tee -a /home/ggml/results/llama.cpp/c9/a3dc85fa2cb9a658e129eb959b1e87948d87be/ggml-1-arm64-cpu-low-perf/ctest_release-ctest.log
+ ctest --output-on-failure -L main -E test-opt
Test project /home/ggml/work/llama.cpp/build-ci-release
      Start  1: test-tokenizer-0-llama-spm
 1/22 Test  #1: test-tokenizer-0-llama-spm .......   Passed    0.05 sec
      Start  2: test-tokenizer-0-llama-bpe
 2/22 Test  #2: test-tokenizer-0-llama-bpe .......   Passed    0.65 sec
      Start  3: test-tokenizer-0-phi-3
 3/22 Test  #3: test-tokenizer-0-phi-3 ...........   Passed    0.05 sec
      Start  4: test-tokenizer-0-falcon
 4/22 Test  #4: test-tokenizer-0-falcon ..........   Passed    0.19 sec
      Start  5: test-tokenizer-0-bert-bge
 5/22 Test  #5: test-tokenizer-0-bert-bge ........   Passed    0.04 sec
      Start  6: test-tokenizer-0-starcoder
 6/22 Test  #6: test-tokenizer-0-starcoder .......   Passed    0.14 sec
      Start  7: test-tokenizer-0-gpt-2
 7/22 Test  #7: test-tokenizer-0-gpt-2 ...........   Passed    0.14 sec
      Start  8: test-tokenizer-0-refact
 8/22 Test  #8: test-tokenizer-0-refact ..........   Passed    0.14 sec
      Start  9: test-tokenizer-0-command-r
 9/22 Test  #9: test-tokenizer-0-command-r .......   Passed    1.02 sec
      Start 10: test-tokenizer-0-qwen2
10/22 Test #10: test-tokenizer-0-qwen2 ...........   Passed    0.49 sec
      Start 11: test-tokenizer-1-llama-spm
11/22 Test #11: test-tokenizer-1-llama-spm .......   Passed    0.62 sec
      Start 12: test-quantize-fns
12/22 Test #12: test-quantize-fns ................   Passed   17.34 sec
      Start 13: test-quantize-perf
13/22 Test #13: test-quantize-perf ...............   Passed    4.89 sec
      Start 14: test-sampling
14/22 Test #14: test-sampling ....................   Passed    0.01 sec
      Start 15: test-chat-template
15/22 Test #15: test-chat-template ...............   Passed    0.00 sec
      Start 16: test-grammar-parser
16/22 Test #16: test-grammar-parser ..............   Passed    0.00 sec
      Start 17: test-llama-grammar
17/22 Test #17: test-llama-grammar ...............   Passed    0.00 sec
      Start 18: test-grammar-integration
18/22 Test #18: test-grammar-integration .........   Passed    0.00 sec
      Start 19: test-grad0
19/22 Test #19: test-grad0 .......................   Passed    0.17 sec
      Start 20: test-backend-ops
20/22 Test #20: test-backend-ops .................   Passed    0.00 sec
      Start 21: test-rope
21/22 Test #21: test-rope ........................   Passed    0.05 sec
      Start 24: test-json-schema-to-grammar
22/22 Test #24: test-json-schema-to-grammar ......   Passed    0.01 sec

100% tests passed, 0 tests failed out of 22

Label Time Summary:
main    =  26.00 sec*proc (22 tests)

Total Test time (real) =  26.01 sec

real	0m26.018s
user	0m27.531s
sys	0m0.374s
+ set +e
+ cur=0
+ echo 0
+ set +x
