+ gg_run_ctest_debug
+ cd /home/ggml/work/llama.cpp
+ rm -rf build-ci-debug
+ tee /home/ggml/results/llama.cpp/f2/08aa487317e880ace6261d6e2b7714e638b92e/ggml-1-arm64-cpu-low-perf/ctest_debug.log
+ mkdir build-ci-debug
+ cd build-ci-debug
+ set -e
+ gg_check_build_requirements
+ command -v cmake
+ command -v make
+ command -v ctest
+ tee -a /home/ggml/results/llama.cpp/f2/08aa487317e880ace6261d6e2b7714e638b92e/ggml-1-arm64-cpu-low-perf/ctest_debug-cmake.log
+ cmake -DCMAKE_BUILD_TYPE=Debug -DLLAMA_FATAL_WARNINGS=ON ..
-- The C compiler identification is GNU 11.4.0
-- The CXX compiler identification is GNU 11.4.0
-- Detecting C compiler ABI info
-- Detecting C compiler ABI info - done
-- Check for working C compiler: /usr/bin/cc - skipped
-- Detecting C compile features
-- Detecting C compile features - done
-- Detecting CXX compiler ABI info
-- Detecting CXX compiler ABI info - done
-- Check for working CXX compiler: /usr/bin/c++ - skipped
-- Detecting CXX compile features
-- Detecting CXX compile features - done
-- Found Git: /usr/bin/git (found version "2.34.1") 
-- Looking for pthread.h
-- Looking for pthread.h - found
-- Performing Test CMAKE_HAVE_LIBC_PTHREAD
-- Performing Test CMAKE_HAVE_LIBC_PTHREAD - Success
-- Found Threads: TRUE  
-- Found OpenMP_C: -fopenmp (found version "4.5") 
-- Found OpenMP_CXX: -fopenmp (found version "4.5") 
-- Found OpenMP: TRUE (found version "4.5")  
-- OpenMP found
-- Using llamafile
-- ccache found, compilation results will be cached. Disable with GGML_CCACHE=OFF.
-- CMAKE_SYSTEM_PROCESSOR: aarch64
-- ARM detected
-- Performing Test COMPILER_SUPPORTS_FP16_FORMAT_I3E
-- Performing Test COMPILER_SUPPORTS_FP16_FORMAT_I3E - Failed
-- Configuring done
-- Generating done
-- Build files have been written to: /home/ggml/work/llama.cpp/build-ci-debug

real	0m1.013s
user	0m0.628s
sys	0m0.389s
+ tee -a /home/ggml/results/llama.cpp/f2/08aa487317e880ace6261d6e2b7714e638b92e/ggml-1-arm64-cpu-low-perf/ctest_debug-make.log
+ make -j
[  0%] Generating build details from Git
[  1%] Building C object ggml/src/CMakeFiles/ggml.dir/ggml.c.o
[  1%] Building C object ggml/src/CMakeFiles/ggml.dir/ggml-backend.c.o
[  2%] Building C object ggml/src/CMakeFiles/ggml.dir/ggml-alloc.c.o
[  3%] Building C object examples/gguf-hash/CMakeFiles/xxhash.dir/deps/xxhash/xxhash.c.o
[  4%] Building C object examples/gguf-hash/CMakeFiles/sha1.dir/deps/sha1/sha1.c.o
[  4%] Building C object examples/gguf-hash/CMakeFiles/sha256.dir/deps/sha256/sha256.c.o
-- Found Git: /usr/bin/git (found version "2.34.1") 
[  4%] Building CXX object ggml/src/CMakeFiles/ggml.dir/llamafile/sgemm.cpp.o
[  5%] Building C object ggml/src/CMakeFiles/ggml.dir/ggml-quants.c.o
[  6%] Building C object ggml/src/CMakeFiles/ggml.dir/ggml-aarch64.c.o
[  6%] Built target sha1
[  6%] Built target xxhash
[  6%] Built target sha256
[  6%] Linking CXX shared library libggml.so
[  7%] Building CXX object common/CMakeFiles/build_info.dir/build-info.cpp.o
[  7%] Built target build_info
[  7%] Built target ggml
[  9%] Building CXX object src/CMakeFiles/llama.dir/llama.cpp.o
[  9%] Building CXX object src/CMakeFiles/llama.dir/llama-vocab.cpp.o
[  9%] Building CXX object examples/gguf-hash/CMakeFiles/llama-gguf-hash.dir/gguf-hash.cpp.o
[  9%] Building CXX object src/CMakeFiles/llama.dir/llama-grammar.cpp.o
[  9%] Building CXX object examples/gguf/CMakeFiles/llama-gguf.dir/gguf.cpp.o
[ 10%] Building CXX object src/CMakeFiles/llama.dir/llama-sampling.cpp.o
[ 11%] Building CXX object src/CMakeFiles/llama.dir/unicode-data.cpp.o
[ 11%] Building CXX object src/CMakeFiles/llama.dir/unicode.cpp.o
[ 12%] Linking CXX executable ../../bin/llama-gguf-hash
[ 13%] Linking CXX executable ../../bin/llama-gguf
[ 13%] Built target llama-gguf
[ 13%] Built target llama-gguf-hash
/home/ggml/work/llama.cpp/src/llama.cpp: In function ‘llama_token llama_sample_token(llama_context*, llama_token_data_array*)’:
/home/ggml/work/llama.cpp/src/llama.cpp:19116:34: warning: ‘llama_token llama_sample_token_seq(llama_context*, llama_token_data_array*, llama_seq_id)’ is deprecated: temporary API, until llama_sampling_context is implemented, do not use [-Wdeprecated-declarations]
19116 |     return llama_sample_token_seq(ctx, candidates, 0);
      |            ~~~~~~~~~~~~~~~~~~~~~~^~~~~~~~~~~~~~~~~~~~
In file included from /home/ggml/work/llama.cpp/src/llama-impl.h:3,
                 from /home/ggml/work/llama.cpp/src/llama.cpp:1:
/home/ggml/work/llama.cpp/src/../include/llama.h:1149:38: note: declared here
 1149 |     LLAMA_API DEPRECATED(llama_token llama_sample_token_seq(
      |                                      ^~~~~~~~~~~~~~~~~~~~~~
/home/ggml/work/llama.cpp/src/../include/llama.h:27:36: note: in definition of macro ‘DEPRECATED’
   27 | #    define DEPRECATED(func, hint) func __attribute__((deprecated(hint)))
      |                                    ^~~~
[ 14%] Linking CXX shared library libllama.so
[ 14%] Built target llama
[ 15%] Building CXX object examples/benchmark/CMakeFiles/llama-bench-matmult.dir/benchmark-matmult.cpp.o
[ 15%] Building CXX object common/CMakeFiles/common.dir/common.cpp.o
[ 16%] Building CXX object common/CMakeFiles/common.dir/sampling.cpp.o
[ 16%] Building CXX object examples/quantize-stats/CMakeFiles/llama-quantize-stats.dir/quantize-stats.cpp.o
[ 17%] Building CXX object common/CMakeFiles/common.dir/console.cpp.o
[ 17%] Building CXX object common/CMakeFiles/common.dir/grammar-parser.cpp.o
[ 18%] Building CXX object common/CMakeFiles/common.dir/json-schema-to-grammar.cpp.o
[ 18%] Building CXX object examples/llava/CMakeFiles/llava.dir/clip.cpp.o
[ 19%] Building C object tests/CMakeFiles/test-c.dir/test-c.c.o
[ 20%] Building CXX object examples/llava/CMakeFiles/llava.dir/llava.cpp.o
[ 20%] Building CXX object common/CMakeFiles/common.dir/train.cpp.o
[ 21%] Building CXX object common/CMakeFiles/common.dir/ngram-cache.cpp.o
[ 21%] Linking C executable ../bin/test-c
[ 21%] Built target test-c
[ 21%] Linking CXX executable ../../bin/llama-bench-matmult
[ 21%] Built target llava
[ 21%] Built target llama-bench-matmult
[ 21%] Linking CXX static library libllava_static.a
[ 22%] Linking CXX shared library libllava_shared.so
[ 22%] Built target llava_static
[ 22%] Built target llava_shared
/home/ggml/work/llama.cpp/common/sampling.cpp: In function ‘void llama_sampling_set_rng_seed(llama_sampling_context*, uint32_t)’:
/home/ggml/work/llama.cpp/common/sampling.cpp:86:27: warning: ‘void llama_set_rng_seed_seq(llama_context*, uint32_t, llama_seq_id)’ is deprecated: temporary API, until llama_sampling_context is implemented, do not use [-Wdeprecated-declarations]
   86 |     llama_set_rng_seed_seq(ctx->ctx, seed, ctx->seq_id);
      |     ~~~~~~~~~~~~~~~~~~~~~~^~~~~~~~~~~~~~~~~~~~~~~~~~~~~
In file included from /home/ggml/work/llama.cpp/common/sampling.h:3,
                 from /home/ggml/work/llama.cpp/common/sampling.cpp:1:
/home/ggml/work/llama.cpp/src/../include/llama.h:1034:31: note: declared here
 1034 |     LLAMA_API DEPRECATED(void llama_set_rng_seed_seq(struct llama_context * ctx, uint32_t seed, llama_seq_id),
      |                               ^~~~~~~~~~~~~~~~~~~~~~
/home/ggml/work/llama.cpp/src/../include/llama.h:27:36: note: in definition of macro ‘DEPRECATED’
   27 | #    define DEPRECATED(func, hint) func __attribute__((deprecated(hint)))
      |                                    ^~~~
/home/ggml/work/llama.cpp/common/sampling.cpp: In function ‘llama_token llama_sampling_sample_impl(llama_sampling_context*, llama_context*, llama_context*, int, bool)’:
/home/ggml/work/llama.cpp/common/sampling.cpp:309:40: warning: ‘llama_token llama_sample_token_seq(llama_context*, llama_token_data_array*, llama_seq_id)’ is deprecated: temporary API, until llama_sampling_context is implemented, do not use [-Wdeprecated-declarations]
  309 |             id = llama_sample_token_seq(ctx_main, &cur_p, ctx_sampling->seq_id);
      |                  ~~~~~~~~~~~~~~~~~~~~~~^~~~~~~~~~~~~~~~~~~~~~~~~~~~~~~~~~~~~~~~
In file included from /home/ggml/work/llama.cpp/common/sampling.h:3,
                 from /home/ggml/work/llama.cpp/common/sampling.cpp:1:
/home/ggml/work/llama.cpp/src/../include/llama.h:1149:38: note: declared here
 1149 |     LLAMA_API DEPRECATED(llama_token llama_sample_token_seq(
      |                                      ^~~~~~~~~~~~~~~~~~~~~~
/home/ggml/work/llama.cpp/src/../include/llama.h:27:36: note: in definition of macro ‘DEPRECATED’
   27 | #    define DEPRECATED(func, hint) func __attribute__((deprecated(hint)))
      |                                    ^~~~
[ 23%] Linking CXX executable ../../bin/llama-quantize-stats
[ 23%] Built target llama-quantize-stats
[ 23%] Linking CXX static library libcommon.a
[ 23%] Built target common
[ 24%] Building CXX object tests/CMakeFiles/test-tokenizer-0.dir/test-tokenizer-0.cpp.o
[ 24%] Building CXX object tests/CMakeFiles/test-tokenizer-1-bpe.dir/test-tokenizer-1-bpe.cpp.o
[ 25%] Building CXX object tests/CMakeFiles/test-quantize-fns.dir/test-quantize-fns.cpp.o
[ 25%] Building CXX object tests/CMakeFiles/test-tokenizer-1-spm.dir/test-tokenizer-1-spm.cpp.o
[ 26%] Building CXX object tests/CMakeFiles/test-quantize-fns.dir/get-model.cpp.o
[ 26%] Building CXX object tests/CMakeFiles/test-llama-grammar.dir/test-llama-grammar.cpp.o
[ 27%] Building CXX object tests/CMakeFiles/test-quantize-perf.dir/test-quantize-perf.cpp.o
[ 27%] Building CXX object tests/CMakeFiles/test-sampling.dir/test-sampling.cpp.o
[ 28%] Building CXX object tests/CMakeFiles/test-chat-template.dir/test-chat-template.cpp.o
[ 29%] Building CXX object tests/CMakeFiles/test-llama-grammar.dir/get-model.cpp.o
[ 29%] Building CXX object tests/CMakeFiles/test-quantize-perf.dir/get-model.cpp.o
[ 30%] Building CXX object tests/CMakeFiles/test-sampling.dir/get-model.cpp.o
[ 31%] Building CXX object tests/CMakeFiles/test-grammar-parser.dir/test-grammar-parser.cpp.o
[ 31%] Building CXX object tests/CMakeFiles/test-chat-template.dir/get-model.cpp.o
[ 32%] Building CXX object tests/CMakeFiles/test-grammar-parser.dir/get-model.cpp.o
[ 32%] Linking CXX executable ../bin/test-quantize-fns
[ 32%] Building CXX object tests/CMakeFiles/test-grammar-integration.dir/test-grammar-integration.cpp.o
[ 33%] Building CXX object tests/CMakeFiles/test-grammar-integration.dir/get-model.cpp.o
[ 34%] Linking CXX executable ../bin/test-quantize-perf
[ 35%] Building CXX object tests/CMakeFiles/test-backend-ops.dir/test-backend-ops.cpp.o
[ 35%] Building CXX object tests/CMakeFiles/test-backend-ops.dir/get-model.cpp.o
[ 35%] Building CXX object tests/CMakeFiles/test-grad0.dir/test-grad0.cpp.o
[ 36%] Building CXX object tests/CMakeFiles/test-grad0.dir/get-model.cpp.o
[ 36%] Building CXX object tests/CMakeFiles/test-rope.dir/test-rope.cpp.o
[ 37%] Building CXX object tests/CMakeFiles/test-rope.dir/get-model.cpp.o
[ 38%] Building CXX object tests/CMakeFiles/test-autorelease.dir/test-autorelease.cpp.o
[ 39%] Building CXX object tests/CMakeFiles/test-autorelease.dir/get-model.cpp.o
[ 38%] Building CXX object tests/CMakeFiles/test-model-load-cancel.dir/test-model-load-cancel.cpp.o
[ 39%] Building CXX object examples/cvector-generator/CMakeFiles/llama-cvector-generator.dir/cvector-generator.cpp.o
[ 40%] Building CXX object tests/CMakeFiles/test-model-load-cancel.dir/get-model.cpp.o
[ 41%] Building CXX object tests/CMakeFiles/test-json-schema-to-grammar.dir/test-json-schema-to-grammar.cpp.o
[ 42%] Building CXX object examples/baby-llama/CMakeFiles/llama-baby-llama.dir/baby-llama.cpp.o
[ 42%] Building CXX object tests/CMakeFiles/test-json-schema-to-grammar.dir/get-model.cpp.o
[ 42%] Linking CXX executable ../bin/test-grad0
[ 42%] Building CXX object examples/batched-bench/CMakeFiles/llama-batched-bench.dir/batched-bench.cpp.o
[ 43%] Linking CXX executable ../bin/test-rope
[ 43%] Building CXX object examples/batched/CMakeFiles/llama-batched.dir/batched.cpp.o
[ 44%] Linking CXX executable ../bin/test-backend-ops
[ 44%] Building CXX object examples/convert-llama2c-to-ggml/CMakeFiles/llama-convert-llama2c-to-ggml.dir/convert-llama2c-to-ggml.cpp.o
[ 44%] Building CXX object examples/embedding/CMakeFiles/llama-embedding.dir/embedding.cpp.o
[ 45%] Building CXX object examples/eval-callback/CMakeFiles/llama-eval-callback.dir/eval-callback.cpp.o
[ 46%] Building CXX object examples/export-lora/CMakeFiles/llama-export-lora.dir/export-lora.cpp.o
[ 47%] Building CXX object examples/finetune/CMakeFiles/llama-finetune.dir/finetune.cpp.o
[ 47%] Building CXX object examples/gbnf-validator/CMakeFiles/llama-gbnf-validator.dir/gbnf-validator.cpp.o
[ 49%] Building CXX object examples/gguf-split/CMakeFiles/llama-gguf-split.dir/gguf-split.cpp.o
[ 48%] Building CXX object examples/gritlm/CMakeFiles/llama-gritlm.dir/gritlm.cpp.o
[ 50%] Building CXX object examples/imatrix/CMakeFiles/llama-imatrix.dir/imatrix.cpp.o
[ 50%] Building CXX object examples/infill/CMakeFiles/llama-infill.dir/infill.cpp.o
[ 51%] Building CXX object examples/llama-bench/CMakeFiles/llama-bench.dir/llama-bench.cpp.o
[ 51%] Building CXX object examples/llava/CMakeFiles/llama-llava-cli.dir/llava-cli.cpp.o
[ 52%] Building CXX object examples/lookahead/CMakeFiles/llama-lookahead.dir/lookahead.cpp.o
[ 53%] Building CXX object examples/lookup/CMakeFiles/llama-lookup.dir/lookup.cpp.o
[ 53%] Built target test-grad0
[ 54%] Building CXX object examples/lookup/CMakeFiles/llama-lookup-create.dir/lookup-create.cpp.o
[ 55%] Building CXX object examples/lookup/CMakeFiles/llama-lookup-merge.dir/lookup-merge.cpp.o
[ 55%] Building CXX object examples/lookup/CMakeFiles/llama-lookup-stats.dir/lookup-stats.cpp.o
[ 55%] Built target test-quantize-fns
[ 56%] Building CXX object examples/main/CMakeFiles/llama-cli.dir/main.cpp.o
[ 56%] Linking CXX executable ../bin/test-model-load-cancel
[ 56%] Building CXX object examples/parallel/CMakeFiles/llama-parallel.dir/parallel.cpp.o
[ 57%] Generating theme-snowstorm.css.hpp
[ 58%] Generating colorthemes.css.hpp
[ 58%] Generating completion.js.hpp
[ 59%] Generating index-new.html.hpp
[ 60%] Building CXX object examples/passkey/CMakeFiles/llama-passkey.dir/passkey.cpp.o
[ 60%] Building CXX object examples/retrieval/CMakeFiles/llama-retrieval.dir/retrieval.cpp.o
[ 61%] Building CXX object examples/quantize/CMakeFiles/llama-quantize.dir/quantize.cpp.o
[ 62%] Generating index.html.hpp
[ 62%] Building CXX object examples/perplexity/CMakeFiles/llama-perplexity.dir/perplexity.cpp.o
[ 62%] Built target test-quantize-perf
[ 63%] Generating index.js.hpp
[ 64%] Building CXX object examples/save-load-state/CMakeFiles/llama-save-load-state.dir/save-load-state.cpp.o
[ 64%] Built target test-rope
[ 64%] Generating prompt-formats.js.hpp
[ 65%] Building CXX object examples/simple/CMakeFiles/llama-simple.dir/simple.cpp.o
[ 66%] Generating json-schema-to-grammar.mjs.hpp
[ 67%] Building CXX object examples/speculative/CMakeFiles/llama-speculative.dir/speculative.cpp.o
[ 68%] Generating system-prompts.js.hpp
[ 68%] Generating style.css.hpp
[ 69%] Building CXX object examples/tokenize/CMakeFiles/llama-tokenize.dir/tokenize.cpp.o
[ 69%] Generating theme-ketivah.css.hpp
[ 70%] Generating theme-beeninorder.css.hpp
[ 70%] Building CXX object examples/train-text-from-scratch/CMakeFiles/llama-train-text-from-scratch.dir/train-text-from-scratch.cpp.o
[ 70%] Building CXX object pocs/vdot/CMakeFiles/llama-vdot.dir/vdot.cpp.o
[ 71%] Generating theme-mangotango.css.hpp
[ 72%] Building CXX object pocs/vdot/CMakeFiles/llama-q8dot.dir/q8dot.cpp.o
[ 73%] Generating theme-playground.css.hpp
[ 73%] Generating theme-polarnight.css.hpp
[ 74%] Linking CXX executable ../../bin/llama-vdot
[ 74%] Built target test-backend-ops
[ 74%] Linking CXX executable ../../bin/llama-q8dot
[ 74%] Building CXX object examples/server/CMakeFiles/llama-server.dir/server.cpp.o
[ 74%] Built target test-model-load-cancel
[ 74%] Built target llama-q8dot
[ 74%] Built target llama-vdot
[ 74%] Linking CXX executable ../bin/test-autorelease
[ 74%] Built target test-autorelease
[ 74%] Linking CXX executable ../bin/test-grammar-parser
[ 75%] Linking CXX executable ../../bin/llama-baby-llama
[ 75%] Built target test-grammar-parser
[ 75%] Linking CXX executable ../bin/test-sampling
[ 76%] Linking CXX executable ../../bin/llama-gbnf-validator
[ 76%] Built target test-sampling
[ 77%] Linking CXX executable ../bin/test-chat-template
[ 78%] Linking CXX executable ../bin/test-tokenizer-1-bpe
[ 79%] Linking CXX executable ../bin/test-tokenizer-1-spm
[ 80%] Linking CXX executable ../bin/test-llama-grammar
[ 80%] Built target llama-gbnf-validator
[ 81%] Linking CXX executable ../../bin/llama-lookup-merge
[ 82%] Linking CXX executable ../../bin/llama-tokenize
[ 82%] Linking CXX executable ../../bin/llama-eval-callback
[ 82%] Linking CXX executable ../../bin/llama-lookup-create
[ 82%] Linking CXX executable ../../bin/llama-gguf-split
[ 83%] Linking CXX executable ../bin/test-tokenizer-0
[ 84%] Linking CXX executable ../../bin/llama-batched-bench
[ 85%] Linking CXX executable ../../bin/llama-batched
[ 85%] Built target llama-baby-llama
[ 85%] Linking CXX executable ../../bin/llama-save-load-state
[ 85%] Built target test-llama-grammar
[ 85%] Built target llama-lookup-merge
[ 85%] Linking CXX executable ../../bin/llama-gritlm
[ 86%] Linking CXX executable ../../bin/llama-embedding
[ 86%] Linking CXX executable ../../bin/llama-export-lora
[ 86%] Linking CXX executable ../../bin/llama-simple
[ 86%] Linking CXX executable ../../bin/llama-passkey
[ 86%] Built target llama-gguf-split
[ 87%] Linking CXX executable ../../bin/llama-llava-cli
[ 88%] Linking CXX executable ../../bin/llama-parallel
[ 89%] Linking CXX executable ../../bin/llama-lookup-stats
[ 90%] Linking CXX executable ../../bin/llama-train-text-from-scratch
[ 90%] Built target llama-export-lora
[ 90%] Linking CXX executable ../../bin/llama-lookahead
[ 90%] Linking CXX executable ../../bin/llama-lookup
[ 91%] Linking CXX executable ../../bin/llama-finetune
[ 92%] Linking CXX executable ../../bin/llama-convert-llama2c-to-ggml
[ 93%] Linking CXX executable ../../bin/llama-infill
[ 94%] Linking CXX executable ../../bin/llama-quantize
[ 94%] Built target test-chat-template
[ 95%] Built target llama-convert-llama2c-to-ggml
[ 95%] Linking CXX executable ../../bin/llama-cvector-generator
[ 95%] Built target test-tokenizer-1-spm
[ 96%] Linking CXX executable ../../bin/llama-retrieval
[ 96%] Built target test-tokenizer-1-bpe
[ 96%] Built target llama-tokenize
[ 96%] Built target llama-eval-callback
[ 96%] Built target test-tokenizer-0
[ 96%] Built target llama-batched-bench
[ 96%] Built target llama-lookup-create
[ 96%] Built target llama-batched
[ 96%] Built target llama-save-load-state
[ 97%] Linking CXX executable ../../bin/llama-cli
[ 97%] Built target llama-embedding
[ 97%] Built target llama-gritlm
[ 97%] Built target llama-simple
[ 97%] Linking CXX executable ../../bin/llama-speculative
[ 97%] Built target llama-passkey
[ 97%] Built target llama-parallel
[ 97%] Built target llama-train-text-from-scratch
[ 97%] Built target llama-lookahead
[ 97%] Built target llama-lookup-stats
[ 97%] Built target llama-finetune
[ 97%] Built target llama-lookup
[ 97%] Built target llama-llava-cli
[ 98%] Linking CXX executable ../../bin/llama-imatrix
[ 98%] Built target llama-infill
[ 98%] Built target llama-quantize
[ 98%] Built target llama-retrieval
[ 98%] Built target llama-cvector-generator
[ 98%] Built target llama-cli
[ 98%] Built target llama-speculative
/home/ggml/work/llama.cpp/examples/perplexity/perplexity.cpp: In lambda function:
/home/ggml/work/llama.cpp/examples/perplexity/perplexity.cpp:1751:41: note: parameter passing for argument of type ‘std::pair<double, double>’ when C++17 is enabled changed to match C++14 in GCC 10.1
 1751 |             return std::make_pair(0., 0.);
      |                                         ^
[ 98%] Linking CXX executable ../../bin/llama-perplexity
[ 98%] Built target llama-imatrix
[ 98%] Built target llama-perplexity
[ 98%] Linking CXX executable ../bin/test-grammar-integration
[ 98%] Built target test-grammar-integration
[ 98%] Linking CXX executable ../../bin/llama-bench
[ 98%] Built target llama-bench
[ 99%] Linking CXX executable ../bin/test-json-schema-to-grammar
[ 99%] Built target test-json-schema-to-grammar
[100%] Linking CXX executable ../../bin/llama-server
[100%] Built target llama-server

real	1m0.643s
user	2m21.469s
sys	0m15.136s
+ tee -a /home/ggml/results/llama.cpp/f2/08aa487317e880ace6261d6e2b7714e638b92e/ggml-1-arm64-cpu-low-perf/ctest_debug-ctest.log
+ ctest --output-on-failure -L main -E test-opt
Test project /home/ggml/work/llama.cpp/build-ci-debug
      Start  1: test-tokenizer-0-bert-bge
 1/25 Test  #1: test-tokenizer-0-bert-bge .........   Passed    0.12 sec
      Start  2: test-tokenizer-0-command-r
 2/25 Test  #2: test-tokenizer-0-command-r ........   Passed    2.75 sec
      Start  3: test-tokenizer-0-deepseek-coder
 3/25 Test  #3: test-tokenizer-0-deepseek-coder ...   Passed    0.35 sec
      Start  4: test-tokenizer-0-deepseek-llm
 4/25 Test  #4: test-tokenizer-0-deepseek-llm .....   Passed    1.03 sec
      Start  5: test-tokenizer-0-falcon
 5/25 Test  #5: test-tokenizer-0-falcon ...........   Passed    0.62 sec
      Start  6: test-tokenizer-0-gpt-2
 6/25 Test  #6: test-tokenizer-0-gpt-2 ............   Passed    0.54 sec
      Start  7: test-tokenizer-0-llama-bpe
 7/25 Test  #7: test-tokenizer-0-llama-bpe ........   Passed    1.90 sec
      Start  8: test-tokenizer-0-llama-spm
 8/25 Test  #8: test-tokenizer-0-llama-spm ........   Passed    0.12 sec
      Start  9: test-tokenizer-0-mpt
 9/25 Test  #9: test-tokenizer-0-mpt ..............   Passed    0.55 sec
      Start 10: test-tokenizer-0-phi-3
10/25 Test #10: test-tokenizer-0-phi-3 ............   Passed    0.12 sec
      Start 11: test-tokenizer-0-qwen2
11/25 Test #11: test-tokenizer-0-qwen2 ............   Passed    1.67 sec
      Start 12: test-tokenizer-0-refact
12/25 Test #12: test-tokenizer-0-refact ...........   Passed    0.47 sec
      Start 13: test-tokenizer-0-starcoder
13/25 Test #13: test-tokenizer-0-starcoder ........   Passed    0.48 sec
      Start 14: test-tokenizer-1-llama-spm
14/25 Test #14: test-tokenizer-1-llama-spm ........   Passed    2.03 sec
      Start 15: test-quantize-fns
15/25 Test #15: test-quantize-fns .................   Passed   32.51 sec
      Start 16: test-quantize-perf
16/25 Test #16: test-quantize-perf ................   Passed    9.90 sec
      Start 17: test-sampling
17/25 Test #17: test-sampling .....................   Passed    0.04 sec
      Start 18: test-chat-template
18/25 Test #18: test-chat-template ................   Passed    0.01 sec
      Start 19: test-grammar-parser
19/25 Test #19: test-grammar-parser ...............   Passed    0.00 sec
      Start 20: test-llama-grammar
20/25 Test #20: test-llama-grammar ................   Passed    0.01 sec
      Start 21: test-grammar-integration
21/25 Test #21: test-grammar-integration ..........   Passed    0.04 sec
      Start 22: test-grad0
22/25 Test #22: test-grad0 ........................   Passed    0.22 sec
      Start 23: test-backend-ops
23/25 Test #23: test-backend-ops ..................   Passed    0.00 sec
      Start 24: test-rope
24/25 Test #24: test-rope .........................   Passed    0.07 sec
      Start 27: test-json-schema-to-grammar
25/25 Test #27: test-json-schema-to-grammar .......   Passed    0.05 sec

100% tests passed, 0 tests failed out of 25

Label Time Summary:
main    =  55.59 sec*proc (25 tests)

Total Test time (real) =  55.60 sec

real	0m55.613s
user	0m59.668s
sys	0m0.450s
+ set +e
+ cur=0
+ echo 0
+ set +x
+ gg_run_ctest_release
+ cd /home/ggml/work/llama.cpp
+ tee /home/ggml/results/llama.cpp/f2/08aa487317e880ace6261d6e2b7714e638b92e/ggml-1-arm64-cpu-low-perf/ctest_release.log
+ rm -rf build-ci-release
+ mkdir build-ci-release
+ cd build-ci-release
+ set -e
+ gg_check_build_requirements
+ command -v cmake
+ command -v make
+ command -v ctest
+ tee -a /home/ggml/results/llama.cpp/f2/08aa487317e880ace6261d6e2b7714e638b92e/ggml-1-arm64-cpu-low-perf/ctest_release-cmake.log
+ cmake -DCMAKE_BUILD_TYPE=Release -DLLAMA_FATAL_WARNINGS=ON ..
-- The C compiler identification is GNU 11.4.0
-- The CXX compiler identification is GNU 11.4.0
-- Detecting C compiler ABI info
-- Detecting C compiler ABI info - done
-- Check for working C compiler: /usr/bin/cc - skipped
-- Detecting C compile features
-- Detecting C compile features - done
-- Detecting CXX compiler ABI info
-- Detecting CXX compiler ABI info - done
-- Check for working CXX compiler: /usr/bin/c++ - skipped
-- Detecting CXX compile features
-- Detecting CXX compile features - done
-- Found Git: /usr/bin/git (found version "2.34.1") 
-- Looking for pthread.h
-- Looking for pthread.h - found
-- Performing Test CMAKE_HAVE_LIBC_PTHREAD
-- Performing Test CMAKE_HAVE_LIBC_PTHREAD - Success
-- Found Threads: TRUE  
-- Found OpenMP_C: -fopenmp (found version "4.5") 
-- Found OpenMP_CXX: -fopenmp (found version "4.5") 
-- Found OpenMP: TRUE (found version "4.5")  
-- OpenMP found
-- Using llamafile
-- ccache found, compilation results will be cached. Disable with GGML_CCACHE=OFF.
-- CMAKE_SYSTEM_PROCESSOR: aarch64
-- ARM detected
-- Performing Test COMPILER_SUPPORTS_FP16_FORMAT_I3E
-- Performing Test COMPILER_SUPPORTS_FP16_FORMAT_I3E - Failed
-- Configuring done
-- Generating done
-- Build files have been written to: /home/ggml/work/llama.cpp/build-ci-release

real	0m1.012s
user	0m0.647s
sys	0m0.368s
+ tee -a /home/ggml/results/llama.cpp/f2/08aa487317e880ace6261d6e2b7714e638b92e/ggml-1-arm64-cpu-low-perf/ctest_release-make.log
+ make -j
[  1%] Building C object examples/gguf-hash/CMakeFiles/xxhash.dir/deps/xxhash/xxhash.c.o
[  2%] Building C object ggml/src/CMakeFiles/ggml.dir/ggml.c.o
[  3%] Building C object ggml/src/CMakeFiles/ggml.dir/ggml-alloc.c.o
[  4%] Building C object examples/gguf-hash/CMakeFiles/sha1.dir/deps/sha1/sha1.c.o
[  4%] Building C object ggml/src/CMakeFiles/ggml.dir/ggml-backend.c.o
[  5%] Building C object ggml/src/CMakeFiles/ggml.dir/ggml-quants.c.o
[  6%] Building CXX object common/CMakeFiles/build_info.dir/build-info.cpp.o
[  6%] Building C object examples/gguf-hash/CMakeFiles/sha256.dir/deps/sha256/sha256.c.o
[  6%] Building CXX object ggml/src/CMakeFiles/ggml.dir/llamafile/sgemm.cpp.o
[  6%] Built target xxhash
[  6%] Built target sha1
[  7%] Building C object ggml/src/CMakeFiles/ggml.dir/ggml-aarch64.c.o
[  7%] Built target sha256
[  7%] Linking CXX shared library libggml.so
[  7%] Built target build_info
[  7%] Built target ggml
[  8%] Building CXX object src/CMakeFiles/llama.dir/llama.cpp.o
[  8%] Building CXX object examples/gguf-hash/CMakeFiles/llama-gguf-hash.dir/gguf-hash.cpp.o
[  8%] Building CXX object examples/gguf/CMakeFiles/llama-gguf.dir/gguf.cpp.o
[  9%] Building CXX object src/CMakeFiles/llama.dir/llama-vocab.cpp.o
[ 10%] Building CXX object src/CMakeFiles/llama.dir/llama-sampling.cpp.o
[ 10%] Building CXX object src/CMakeFiles/llama.dir/llama-grammar.cpp.o
[ 10%] Building CXX object src/CMakeFiles/llama.dir/unicode.cpp.o
[ 11%] Building CXX object src/CMakeFiles/llama.dir/unicode-data.cpp.o
[ 12%] Linking CXX executable ../../bin/llama-gguf-hash
[ 13%] Linking CXX executable ../../bin/llama-gguf
[ 13%] Built target llama-gguf
[ 13%] Built target llama-gguf-hash
/home/ggml/work/llama.cpp/src/llama.cpp: In function ‘llama_token llama_sample_token(llama_context*, llama_token_data_array*)’:
/home/ggml/work/llama.cpp/src/llama.cpp:19116:34: warning: ‘llama_token llama_sample_token_seq(llama_context*, llama_token_data_array*, llama_seq_id)’ is deprecated: temporary API, until llama_sampling_context is implemented, do not use [-Wdeprecated-declarations]
19116 |     return llama_sample_token_seq(ctx, candidates, 0);
      |            ~~~~~~~~~~~~~~~~~~~~~~^~~~~~~~~~~~~~~~~~~~
In file included from /home/ggml/work/llama.cpp/src/llama-impl.h:3,
                 from /home/ggml/work/llama.cpp/src/llama.cpp:1:
/home/ggml/work/llama.cpp/src/../include/llama.h:1149:38: note: declared here
 1149 |     LLAMA_API DEPRECATED(llama_token llama_sample_token_seq(
      |                                      ^~~~~~~~~~~~~~~~~~~~~~
/home/ggml/work/llama.cpp/src/../include/llama.h:27:36: note: in definition of macro ‘DEPRECATED’
   27 | #    define DEPRECATED(func, hint) func __attribute__((deprecated(hint)))
      |                                    ^~~~
[ 14%] Linking CXX shared library libllama.so
[ 14%] Built target llama
[ 16%] Building CXX object examples/benchmark/CMakeFiles/llama-bench-matmult.dir/benchmark-matmult.cpp.o
[ 16%] Building C object tests/CMakeFiles/test-c.dir/test-c.c.o
[ 16%] Building CXX object examples/quantize-stats/CMakeFiles/llama-quantize-stats.dir/quantize-stats.cpp.o
[ 16%] Building CXX object common/CMakeFiles/common.dir/common.cpp.o
[ 17%] Building CXX object common/CMakeFiles/common.dir/sampling.cpp.o
[ 17%] Building CXX object common/CMakeFiles/common.dir/console.cpp.o
[ 18%] Building CXX object examples/llava/CMakeFiles/llava.dir/llava.cpp.o
[ 19%] Building CXX object common/CMakeFiles/common.dir/grammar-parser.cpp.o
[ 19%] Building CXX object examples/llava/CMakeFiles/llava.dir/clip.cpp.o
[ 20%] Building CXX object common/CMakeFiles/common.dir/json-schema-to-grammar.cpp.o
[ 20%] Building CXX object common/CMakeFiles/common.dir/train.cpp.o
[ 21%] Building CXX object common/CMakeFiles/common.dir/ngram-cache.cpp.o
[ 21%] Linking C executable ../bin/test-c
[ 21%] Built target test-c
[ 21%] Linking CXX executable ../../bin/llama-bench-matmult
[ 21%] Built target llama-bench-matmult
[ 21%] Built target llava
[ 21%] Linking CXX static library libllava_static.a
[ 22%] Linking CXX shared library libllava_shared.so
[ 22%] Built target llava_static
[ 22%] Built target llava_shared
/home/ggml/work/llama.cpp/common/sampling.cpp: In function ‘void llama_sampling_set_rng_seed(llama_sampling_context*, uint32_t)’:
/home/ggml/work/llama.cpp/common/sampling.cpp:86:27: warning: ‘void llama_set_rng_seed_seq(llama_context*, uint32_t, llama_seq_id)’ is deprecated: temporary API, until llama_sampling_context is implemented, do not use [-Wdeprecated-declarations]
   86 |     llama_set_rng_seed_seq(ctx->ctx, seed, ctx->seq_id);
      |     ~~~~~~~~~~~~~~~~~~~~~~^~~~~~~~~~~~~~~~~~~~~~~~~~~~~
In file included from /home/ggml/work/llama.cpp/common/sampling.h:3,
                 from /home/ggml/work/llama.cpp/common/sampling.cpp:1:
/home/ggml/work/llama.cpp/src/../include/llama.h:1034:31: note: declared here
 1034 |     LLAMA_API DEPRECATED(void llama_set_rng_seed_seq(struct llama_context * ctx, uint32_t seed, llama_seq_id),
      |                               ^~~~~~~~~~~~~~~~~~~~~~
/home/ggml/work/llama.cpp/src/../include/llama.h:27:36: note: in definition of macro ‘DEPRECATED’
   27 | #    define DEPRECATED(func, hint) func __attribute__((deprecated(hint)))
      |                                    ^~~~
/home/ggml/work/llama.cpp/common/sampling.cpp: In function ‘llama_token llama_sampling_sample_impl(llama_sampling_context*, llama_context*, llama_context*, int, bool)’:
/home/ggml/work/llama.cpp/common/sampling.cpp:309:40: warning: ‘llama_token llama_sample_token_seq(llama_context*, llama_token_data_array*, llama_seq_id)’ is deprecated: temporary API, until llama_sampling_context is implemented, do not use [-Wdeprecated-declarations]
  309 |             id = llama_sample_token_seq(ctx_main, &cur_p, ctx_sampling->seq_id);
      |                  ~~~~~~~~~~~~~~~~~~~~~~^~~~~~~~~~~~~~~~~~~~~~~~~~~~~~~~~~~~~~~~
In file included from /home/ggml/work/llama.cpp/common/sampling.h:3,
                 from /home/ggml/work/llama.cpp/common/sampling.cpp:1:
/home/ggml/work/llama.cpp/src/../include/llama.h:1149:38: note: declared here
 1149 |     LLAMA_API DEPRECATED(llama_token llama_sample_token_seq(
      |                                      ^~~~~~~~~~~~~~~~~~~~~~
/home/ggml/work/llama.cpp/src/../include/llama.h:27:36: note: in definition of macro ‘DEPRECATED’
   27 | #    define DEPRECATED(func, hint) func __attribute__((deprecated(hint)))
      |                                    ^~~~
[ 23%] Linking CXX executable ../../bin/llama-quantize-stats
[ 23%] Built target llama-quantize-stats
[ 23%] Linking CXX static library libcommon.a
[ 23%] Built target common
[ 24%] Building CXX object tests/CMakeFiles/test-tokenizer-0.dir/test-tokenizer-0.cpp.o
[ 24%] Building CXX object tests/CMakeFiles/test-tokenizer-1-spm.dir/test-tokenizer-1-spm.cpp.o
[ 25%] Building CXX object tests/CMakeFiles/test-quantize-fns.dir/test-quantize-fns.cpp.o
[ 25%] Building CXX object tests/CMakeFiles/test-tokenizer-1-bpe.dir/test-tokenizer-1-bpe.cpp.o
[ 26%] Building CXX object tests/CMakeFiles/test-quantize-fns.dir/get-model.cpp.o
[ 26%] Building CXX object tests/CMakeFiles/test-quantize-perf.dir/get-model.cpp.o
[ 27%] Building CXX object tests/CMakeFiles/test-quantize-perf.dir/test-quantize-perf.cpp.o
[ 27%] Building CXX object tests/CMakeFiles/test-sampling.dir/test-sampling.cpp.o
[ 28%] Building CXX object tests/CMakeFiles/test-chat-template.dir/test-chat-template.cpp.o
[ 28%] Building CXX object tests/CMakeFiles/test-chat-template.dir/get-model.cpp.o
[ 29%] Building CXX object tests/CMakeFiles/test-sampling.dir/get-model.cpp.o
[ 31%] Building CXX object tests/CMakeFiles/test-grammar-parser.dir/test-grammar-parser.cpp.o
[ 31%] Linking CXX executable ../bin/test-quantize-fns
[ 31%] Building CXX object tests/CMakeFiles/test-llama-grammar.dir/test-llama-grammar.cpp.o
[ 30%] Linking CXX executable ../bin/test-quantize-perf
[ 31%] Building CXX object tests/CMakeFiles/test-grad0.dir/test-grad0.cpp.o
[ 32%] Building CXX object tests/CMakeFiles/test-grammar-parser.dir/get-model.cpp.o
[ 32%] Building CXX object tests/CMakeFiles/test-grammar-integration.dir/test-grammar-integration.cpp.o
[ 33%] Building CXX object tests/CMakeFiles/test-grammar-integration.dir/get-model.cpp.o
[ 35%] Building CXX object tests/CMakeFiles/test-grad0.dir/get-model.cpp.o
[ 34%] Building CXX object tests/CMakeFiles/test-llama-grammar.dir/get-model.cpp.o
[ 35%] Building CXX object tests/CMakeFiles/test-model-load-cancel.dir/test-model-load-cancel.cpp.o
[ 36%] Building CXX object tests/CMakeFiles/test-autorelease.dir/test-autorelease.cpp.o
[ 37%] Building CXX object tests/CMakeFiles/test-autorelease.dir/get-model.cpp.o
[ 37%] Building CXX object tests/CMakeFiles/test-rope.dir/test-rope.cpp.o
[ 38%] Building CXX object tests/CMakeFiles/test-backend-ops.dir/test-backend-ops.cpp.o
[ 39%] Building CXX object tests/CMakeFiles/test-rope.dir/get-model.cpp.o
[ 40%] Building CXX object tests/CMakeFiles/test-model-load-cancel.dir/get-model.cpp.o
[ 40%] Building CXX object tests/CMakeFiles/test-backend-ops.dir/get-model.cpp.o
[ 41%] Building CXX object tests/CMakeFiles/test-json-schema-to-grammar.dir/test-json-schema-to-grammar.cpp.o
[ 41%] Building CXX object tests/CMakeFiles/test-json-schema-to-grammar.dir/get-model.cpp.o
[ 42%] Linking CXX executable ../bin/test-grad0
[ 42%] Building CXX object examples/baby-llama/CMakeFiles/llama-baby-llama.dir/baby-llama.cpp.o
[ 43%] Linking CXX executable ../bin/test-rope
[ 43%] Building CXX object examples/batched/CMakeFiles/llama-batched.dir/batched.cpp.o
[ 43%] Building CXX object examples/cvector-generator/CMakeFiles/llama-cvector-generator.dir/cvector-generator.cpp.o
[ 44%] Building CXX object examples/batched-bench/CMakeFiles/llama-batched-bench.dir/batched-bench.cpp.o
[ 44%] Linking CXX executable ../bin/test-backend-ops
[ 44%] Building CXX object examples/convert-llama2c-to-ggml/CMakeFiles/llama-convert-llama2c-to-ggml.dir/convert-llama2c-to-ggml.cpp.o
[ 45%] Building CXX object examples/eval-callback/CMakeFiles/llama-eval-callback.dir/eval-callback.cpp.o
[ 45%] Building CXX object examples/embedding/CMakeFiles/llama-embedding.dir/embedding.cpp.o
[ 46%] Building CXX object examples/export-lora/CMakeFiles/llama-export-lora.dir/export-lora.cpp.o
[ 47%] Building CXX object examples/finetune/CMakeFiles/llama-finetune.dir/finetune.cpp.o
[ 47%] Building CXX object examples/gbnf-validator/CMakeFiles/llama-gbnf-validator.dir/gbnf-validator.cpp.o
[ 48%] Building CXX object examples/gritlm/CMakeFiles/llama-gritlm.dir/gritlm.cpp.o
[ 49%] Linking CXX executable ../bin/test-model-load-cancel
[ 49%] Building CXX object examples/gguf-split/CMakeFiles/llama-gguf-split.dir/gguf-split.cpp.o
[ 51%] Building CXX object examples/imatrix/CMakeFiles/llama-imatrix.dir/imatrix.cpp.o
[ 50%] Building CXX object examples/llama-bench/CMakeFiles/llama-bench.dir/llama-bench.cpp.o
[ 51%] Building CXX object examples/infill/CMakeFiles/llama-infill.dir/infill.cpp.o
[ 51%] Building CXX object examples/llava/CMakeFiles/llama-llava-cli.dir/llava-cli.cpp.o
[ 51%] Built target test-quantize-perf
[ 51%] Built target test-quantize-fns
[ 52%] Building CXX object examples/lookahead/CMakeFiles/llama-lookahead.dir/lookahead.cpp.o
[ 52%] Built target test-grad0
[ 53%] Building CXX object examples/lookup/CMakeFiles/llama-lookup.dir/lookup.cpp.o
[ 54%] Building CXX object examples/lookup/CMakeFiles/llama-lookup-create.dir/lookup-create.cpp.o
[ 54%] Building CXX object examples/lookup/CMakeFiles/llama-lookup-stats.dir/lookup-stats.cpp.o
[ 55%] Building CXX object examples/lookup/CMakeFiles/llama-lookup-merge.dir/lookup-merge.cpp.o
[ 56%] Building CXX object examples/main/CMakeFiles/llama-cli.dir/main.cpp.o
[ 56%] Building CXX object examples/parallel/CMakeFiles/llama-parallel.dir/parallel.cpp.o
[ 57%] Building CXX object examples/passkey/CMakeFiles/llama-passkey.dir/passkey.cpp.o
[ 58%] Building CXX object examples/quantize/CMakeFiles/llama-quantize.dir/quantize.cpp.o
[ 59%] Building CXX object examples/perplexity/CMakeFiles/llama-perplexity.dir/perplexity.cpp.o
[ 59%] Built target test-backend-ops
[ 60%] Generating theme-snowstorm.css.hpp
[ 61%] Generating colorthemes.css.hpp
[ 61%] Generating completion.js.hpp
[ 61%] Built target test-rope
[ 62%] Generating index-new.html.hpp
[ 62%] Generating index.html.hpp
[ 62%] Building CXX object examples/retrieval/CMakeFiles/llama-retrieval.dir/retrieval.cpp.o
[ 63%] Building CXX object examples/save-load-state/CMakeFiles/llama-save-load-state.dir/save-load-state.cpp.o
[ 64%] Building CXX object examples/simple/CMakeFiles/llama-simple.dir/simple.cpp.o
[ 65%] Generating index.js.hpp
[ 66%] Building CXX object examples/speculative/CMakeFiles/llama-speculative.dir/speculative.cpp.o
[ 67%] Building CXX object examples/tokenize/CMakeFiles/llama-tokenize.dir/tokenize.cpp.o
[ 67%] Generating prompt-formats.js.hpp
[ 68%] Generating json-schema-to-grammar.mjs.hpp
[ 68%] Building CXX object examples/train-text-from-scratch/CMakeFiles/llama-train-text-from-scratch.dir/train-text-from-scratch.cpp.o
[ 67%] Generating style.css.hpp
[ 68%] Building CXX object pocs/vdot/CMakeFiles/llama-vdot.dir/vdot.cpp.o
[ 69%] Generating system-prompts.js.hpp
[ 70%] Building CXX object pocs/vdot/CMakeFiles/llama-q8dot.dir/q8dot.cpp.o
[ 71%] Built target test-model-load-cancel
[ 71%] Generating theme-beeninorder.css.hpp
[ 71%] Generating theme-ketivah.css.hpp
[ 72%] Generating theme-mangotango.css.hpp
[ 73%] Generating theme-polarnight.css.hpp
[ 73%] Linking CXX executable ../../bin/llama-vdot
[ 74%] Generating theme-playground.css.hpp
[ 74%] Linking CXX executable ../../bin/llama-q8dot
[ 74%] Building CXX object examples/server/CMakeFiles/llama-server.dir/server.cpp.o
[ 74%] Built target llama-q8dot
[ 74%] Built target llama-vdot
[ 74%] Linking CXX executable ../bin/test-autorelease
[ 74%] Built target test-autorelease
[ 74%] Linking CXX executable ../bin/test-grammar-parser
[ 75%] Linking CXX executable ../../bin/llama-baby-llama
[ 75%] Built target test-grammar-parser
[ 76%] Linking CXX executable ../bin/test-tokenizer-1-bpe
[ 77%] Linking CXX executable ../../bin/llama-gbnf-validator
[ 78%] Linking CXX executable ../bin/test-chat-template
[ 79%] Linking CXX executable ../../bin/llama-lookup-merge
[ 79%] Built target llama-gbnf-validator
[ 80%] Linking CXX executable ../bin/test-tokenizer-1-spm
[ 80%] Built target llama-baby-llama
[ 80%] Linking CXX executable ../bin/test-sampling
[ 80%] Built target llama-lookup-merge
[ 80%] Built target test-tokenizer-1-bpe
[ 80%] Built target test-chat-template
[ 80%] Built target test-tokenizer-1-spm
[ 80%] Built target test-sampling
[ 81%] Linking CXX executable ../../bin/llama-tokenize
[ 81%] Linking CXX executable ../../bin/llama-lookup-create
[ 82%] Linking CXX executable ../bin/test-llama-grammar
[ 82%] Linking CXX executable ../../bin/llama-eval-callback
[ 82%] Linking CXX executable ../../bin/llama-gguf-split
[ 82%] Built target llama-tokenize
[ 82%] Built target test-llama-grammar
[ 83%] Linking CXX executable ../bin/test-tokenizer-0
[ 82%] Built target llama-gguf-split
[ 83%] Built target llama-lookup-create
[ 83%] Built target llama-eval-callback
[ 83%] Linking CXX executable ../../bin/llama-save-load-state
[ 84%] Linking CXX executable ../../bin/llama-embedding
[ 85%] Linking CXX executable ../../bin/llama-batched-bench
[ 85%] Linking CXX executable ../../bin/llama-export-lora
[ 85%] Linking CXX executable ../../bin/llama-gritlm
[ 85%] Built target test-tokenizer-0
[ 85%] Linking CXX executable ../../bin/llama-simple
[ 85%] Built target llama-save-load-state
[ 86%] Linking CXX executable ../../bin/llama-lookup-stats
[ 87%] Linking CXX executable ../../bin/llama-batched
[ 87%] Built target llama-export-lora
[ 87%] Built target llama-embedding
[ 87%] Built target llama-batched-bench
[ 87%] Built target llama-simple
[ 87%] Built target llama-gritlm
[ 87%] Built target llama-lookup-stats
[ 88%] Linking CXX executable ../../bin/llama-quantize
[ 88%] Built target llama-batched
[ 88%] Linking CXX executable ../../bin/llama-passkey
[ 88%] Built target llama-quantize
[ 88%] Linking CXX executable ../../bin/llama-lookup
[ 88%] Built target llama-passkey
[ 89%] Linking CXX executable ../../bin/llama-llava-cli
[ 90%] Linking CXX executable ../../bin/llama-convert-llama2c-to-ggml
[ 90%] Built target llama-lookup
[ 90%] Linking CXX executable ../../bin/llama-lookahead
[ 91%] Linking CXX executable ../../bin/llama-parallel
[ 90%] Built target llama-convert-llama2c-to-ggml
[ 91%] Built target llama-llava-cli
[ 92%] Linking CXX executable ../../bin/llama-train-text-from-scratch
[ 92%] Built target llama-lookahead
[ 93%] Linking CXX executable ../../bin/llama-cvector-generator
[ 93%] Built target llama-parallel
[ 93%] Built target llama-train-text-from-scratch
[ 94%] Linking CXX executable ../../bin/llama-retrieval
[ 94%] Built target llama-cvector-generator
[ 94%] Built target llama-retrieval
[ 95%] Linking CXX executable ../../bin/llama-finetune
[ 96%] Linking CXX executable ../../bin/llama-infill
[ 96%] Linking CXX executable ../../bin/llama-speculative
[ 96%] Built target llama-finetune
[ 96%] Built target llama-infill
[ 96%] Built target llama-speculative
[ 97%] Linking CXX executable ../../bin/llama-imatrix
[ 97%] Built target llama-imatrix
/home/ggml/work/llama.cpp/examples/perplexity/perplexity.cpp: In lambda function:
/home/ggml/work/llama.cpp/examples/perplexity/perplexity.cpp:1751:41: note: parameter passing for argument of type ‘std::pair<double, double>’ when C++17 is enabled changed to match C++14 in GCC 10.1
 1751 |             return std::make_pair(0., 0.);
      |                                         ^
[ 97%] Linking CXX executable ../../bin/llama-perplexity
[ 97%] Built target llama-perplexity
[ 98%] Linking CXX executable ../../bin/llama-cli
[ 98%] Built target llama-cli
[ 98%] Linking CXX executable ../bin/test-grammar-integration
[ 98%] Built target test-grammar-integration
[ 98%] Linking CXX executable ../../bin/llama-bench
[ 98%] Built target llama-bench
[ 99%] Linking CXX executable ../bin/test-json-schema-to-grammar
[ 99%] Built target test-json-schema-to-grammar
[100%] Linking CXX executable ../../bin/llama-server
[100%] Built target llama-server

real	2m2.008s
user	3m46.290s
sys	0m11.838s
+ '[' -z 1 ']'
+ tee -a /home/ggml/results/llama.cpp/f2/08aa487317e880ace6261d6e2b7714e638b92e/ggml-1-arm64-cpu-low-perf/ctest_release-ctest.log
+ ctest --output-on-failure -L main -E test-opt
Test project /home/ggml/work/llama.cpp/build-ci-release
      Start  1: test-tokenizer-0-bert-bge
 1/25 Test  #1: test-tokenizer-0-bert-bge .........   Passed    0.03 sec
      Start  2: test-tokenizer-0-command-r
 2/25 Test  #2: test-tokenizer-0-command-r ........   Passed    0.93 sec
      Start  3: test-tokenizer-0-deepseek-coder
 3/25 Test  #3: test-tokenizer-0-deepseek-coder ...   Passed    0.09 sec
      Start  4: test-tokenizer-0-deepseek-llm
 4/25 Test  #4: test-tokenizer-0-deepseek-llm .....   Passed    0.31 sec
      Start  5: test-tokenizer-0-falcon
 5/25 Test  #5: test-tokenizer-0-falcon ...........   Passed    0.17 sec
      Start  6: test-tokenizer-0-gpt-2
 6/25 Test  #6: test-tokenizer-0-gpt-2 ............   Passed    0.13 sec
      Start  7: test-tokenizer-0-llama-bpe
 7/25 Test  #7: test-tokenizer-0-llama-bpe ........   Passed    0.63 sec
      Start  8: test-tokenizer-0-llama-spm
 8/25 Test  #8: test-tokenizer-0-llama-spm ........   Passed    0.05 sec
      Start  9: test-tokenizer-0-mpt
 9/25 Test  #9: test-tokenizer-0-mpt ..............   Passed    0.14 sec
      Start 10: test-tokenizer-0-phi-3
10/25 Test #10: test-tokenizer-0-phi-3 ............   Passed    0.05 sec
      Start 11: test-tokenizer-0-qwen2
11/25 Test #11: test-tokenizer-0-qwen2 ............   Passed    0.45 sec
      Start 12: test-tokenizer-0-refact
12/25 Test #12: test-tokenizer-0-refact ...........   Passed    0.13 sec
      Start 13: test-tokenizer-0-starcoder
13/25 Test #13: test-tokenizer-0-starcoder ........   Passed    0.14 sec
      Start 14: test-tokenizer-1-llama-spm
14/25 Test #14: test-tokenizer-1-llama-spm ........   Passed    0.35 sec
      Start 15: test-quantize-fns
15/25 Test #15: test-quantize-fns .................   Passed   16.94 sec
      Start 16: test-quantize-perf
16/25 Test #16: test-quantize-perf ................   Passed    4.78 sec
      Start 17: test-sampling
17/25 Test #17: test-sampling .....................   Passed    0.01 sec
      Start 18: test-chat-template
18/25 Test #18: test-chat-template ................   Passed    0.00 sec
      Start 19: test-grammar-parser
19/25 Test #19: test-grammar-parser ...............   Passed    0.00 sec
      Start 20: test-llama-grammar
20/25 Test #20: test-llama-grammar ................   Passed    0.00 sec
      Start 21: test-grammar-integration
21/25 Test #21: test-grammar-integration ..........   Passed    0.01 sec
      Start 22: test-grad0
22/25 Test #22: test-grad0 ........................   Passed    0.18 sec
      Start 23: test-backend-ops
23/25 Test #23: test-backend-ops ..................   Passed    0.00 sec
      Start 24: test-rope
24/25 Test #24: test-rope .........................   Passed    0.05 sec
      Start 27: test-json-schema-to-grammar
25/25 Test #27: test-json-schema-to-grammar .......   Passed    0.01 sec

100% tests passed, 0 tests failed out of 25

Label Time Summary:
main    =  25.59 sec*proc (25 tests)

Total Test time (real) =  25.60 sec

real	0m25.606s
user	0m26.344s
sys	0m0.376s
+ set +e
+ cur=0
+ echo 0
+ set +x
