+ gg_run_ctest_debug
+ tee /home/ggml/results/ggml/96/1710d4d0a9f9a6d216d24baf25532170269861/ggml-1-arm64-cpu-low-perf/ctest_debug.log
+ cd /home/ggml/work/ggml
+ rm -rf build-ci-debug
+ mkdir build-ci-debug
+ cd build-ci-debug
+ set -e
+ tee -a /home/ggml/results/ggml/96/1710d4d0a9f9a6d216d24baf25532170269861/ggml-1-arm64-cpu-low-perf/ctest_debug-cmake.log
+ cmake -DCMAKE_BUILD_TYPE=Debug ..
-- The C compiler identification is GNU 11.4.0
-- The CXX compiler identification is GNU 11.4.0
-- Detecting C compiler ABI info
-- Detecting C compiler ABI info - done
-- Check for working C compiler: /usr/bin/cc - skipped
-- Detecting C compile features
-- Detecting C compile features - done
-- Detecting CXX compiler ABI info
-- Detecting CXX compiler ABI info - done
-- Check for working CXX compiler: /usr/bin/c++ - skipped
-- Detecting CXX compile features
-- Detecting CXX compile features - done
-- Found Git: /usr/bin/git (found version "2.34.1") 
-- Looking for pthread.h
-- Looking for pthread.h - found
-- Performing Test CMAKE_HAVE_LIBC_PTHREAD
-- Performing Test CMAKE_HAVE_LIBC_PTHREAD - Success
-- Found Threads: TRUE  
-- CMAKE_SYSTEM_PROCESSOR: aarch64
-- ARM detected
-- ARM detected
-- Configuring done
-- Generating done
-- Build files have been written to: /home/ggml/work/ggml/build-ci-debug

real	0m0.738s
user	0m0.352s
sys	0m0.294s
+ tee -a /home/ggml/results/ggml/96/1710d4d0a9f9a6d216d24baf25532170269861/ggml-1-arm64-cpu-low-perf/ctest_debug-make.log
+ make -j
[  1%] Building C object src/CMakeFiles/ggml.dir/ggml.c.o
[  2%] Building CXX object examples/CMakeFiles/common.dir/common.cpp.o
[  4%] Linking C static library libggml.a
[  4%] Built target ggml
[  5%] Building C object tests/CMakeFiles/test-vec0.dir/test-vec0.c.o
[  7%] Building C object tests/CMakeFiles/test-grad0.dir/test-grad0.c.o
[  8%] Building C object tests/CMakeFiles/test-mul-mat0.dir/test-mul-mat0.c.o
[ 10%] Building C object tests/CMakeFiles/test-opt.dir/test-opt.c.o
[ 11%] Building CXX object tests/CMakeFiles/test-quantize-perf.dir/test-quantize-perf.cpp.o
[ 12%] Building C object tests/CMakeFiles/test-mul-mat2.dir/test-mul-mat2.c.o
[ 14%] Building CXX object tests/CMakeFiles/test-quantize-fns.dir/test-quantize-fns.cpp.o
[ 15%] Building C object tests/CMakeFiles/test0.dir/test0.c.o
[ 17%] Building C object tests/CMakeFiles/test2.dir/test2.c.o
[ 18%] Building C object tests/CMakeFiles/test1.dir/test1.c.o
[ 20%] Building CXX object examples/CMakeFiles/common-ggml.dir/common-ggml.cpp.o
[ 21%] Building C object tests/CMakeFiles/test3.dir/test3.c.o
[ 22%] Building C object tests/CMakeFiles/test-pool.dir/test-pool.c.o
[ 24%] Building CXX object examples/mnist/CMakeFiles/mnist-cpu.dir/main-cpu.cpp.o
[ 25%] Linking C executable ../bin/test-vec0
[ 27%] Building CXX object examples/whisper/CMakeFiles/whisper-cpp.dir/whisper.cpp.o
[ 28%] Linking C executable ../bin/test0
[ 30%] Linking C executable ../bin/test-opt
[ 31%] Linking C executable ../bin/test3
[ 32%] Linking C executable ../bin/test-mul-mat0
[ 34%] Linking C executable ../bin/test2
[ 34%] Built target test-vec0
[ 35%] Linking C executable ../bin/test1
[ 37%] Linking C executable ../bin/test-grad0
[ 38%] Linking C executable ../bin/test-pool
[ 38%] Built target test3
[ 38%] Built target test0
[ 38%] Built target test-opt
[ 38%] Built target test-mul-mat0
[ 38%] Built target test2
[ 38%] Built target test-grad0
[ 38%] Built target test1
[ 38%] Built target test-pool
[ 40%] Linking C executable ../bin/test-mul-mat2
[ 41%] Linking CXX executable ../bin/test-quantize-fns
[ 41%] Built target test-quantize-fns
[ 41%] Built target test-mul-mat2
[ 42%] Linking CXX executable ../../bin/mnist-cpu
[ 42%] Built target mnist-cpu
[ 44%] Linking CXX executable ../bin/test-quantize-perf
[ 44%] Built target test-quantize-perf
[ 45%] Linking CXX static library libcommon.a
[ 47%] Linking CXX static library libcommon-ggml.a
[ 47%] Built target common-ggml
[ 47%] Built target common
[ 48%] Building CXX object examples/gpt-2/CMakeFiles/gpt-2.dir/main.cpp.o
[ 50%] Building CXX object examples/gpt-2/CMakeFiles/gpt-2-quantize.dir/quantize.cpp.o
[ 51%] Building CXX object examples/whisper/CMakeFiles/whisper-quantize.dir/quantize.cpp.o
[ 52%] Building CXX object examples/gpt-j/CMakeFiles/gpt-j-quantize.dir/quantize.cpp.o
[ 54%] Building CXX object examples/gpt-j/CMakeFiles/gpt-j.dir/main.cpp.o
[ 55%] Building CXX object examples/mnist/CMakeFiles/mnist.dir/main.cpp.o
[ 57%] Building CXX object examples/dolly-v2/CMakeFiles/dollyv2.dir/main.cpp.o
[ 58%] Building CXX object examples/gpt-neox/CMakeFiles/gpt-neox-quantize.dir/quantize.cpp.o
[ 60%] Building CXX object examples/dolly-v2/CMakeFiles/dollyv2-quantize.dir/quantize.cpp.o
[ 61%] Building CXX object examples/replit/CMakeFiles/replit-quantize.dir/quantize.cpp.o
[ 62%] Building CXX object examples/mpt/CMakeFiles/mpt.dir/main.cpp.o
[ 64%] Building CXX object examples/gpt-neox/CMakeFiles/gpt-neox.dir/main.cpp.o
[ 65%] Building CXX object examples/mpt/CMakeFiles/mpt-quantize.dir/quantize.cpp.o
[ 67%] Building CXX object examples/starcoder/CMakeFiles/starcoder.dir/main.cpp.o
[ 68%] Building CXX object examples/starcoder/CMakeFiles/starcoder-mmap.dir/starcoder-mmap.cpp.o
[ 70%] Building CXX object examples/replit/CMakeFiles/replit.dir/main.cpp.o
[ 71%] Building CXX object examples/starcoder/CMakeFiles/starcoder-quantize.dir/quantize.cpp.o
/home/ggml/work/ggml/examples/starcoder/starcoder-mmap.cpp: In function ‘bool starcoder_model_load(const string&, starcoder_model&, gpt_vocab&, int32_t)’:
/home/ggml/work/ggml/examples/starcoder/starcoder-mmap.cpp:305:19: warning: unused variable ‘n_ctx’ [-Wunused-variable]
  305 |         const int n_ctx   = hparams.n_ctx;
      |                   ^~~~~
/home/ggml/work/ggml/examples/starcoder/starcoder-mmap.cpp:306:19: warning: unused variable ‘n_vocab’ [-Wunused-variable]
  306 |         const int n_vocab = hparams.n_vocab;
      |                   ^~~~~~~
/home/ggml/work/ggml/examples/starcoder/starcoder-mmap.cpp:310:19: warning: unused variable ‘kv_dim’ [-Wunused-variable]
  310 |         const int kv_dim   = kv_heads * head_dim;
      |                   ^~~~~~
/home/ggml/work/ggml/examples/starcoder/starcoder-mmap.cpp:197:18: warning: unused variable ‘file_size’ [-Wunused-variable]
  197 |     const size_t file_size = fin.tellg();
      |                  ^~~~~~~~~
[ 72%] Linking CXX executable ../../bin/mnist
[ 72%] Built target mnist
[ 74%] Linking CXX executable ../../bin/replit-quantize
[ 75%] Linking CXX executable ../../bin/mpt-quantize
[ 77%] Linking CXX executable ../../bin/gpt-j-quantize
[ 78%] Linking CXX executable ../../bin/gpt-neox-quantize
[ 80%] Linking CXX executable ../../bin/gpt-2-quantize
[ 81%] Linking CXX executable ../../bin/dollyv2-quantize
[ 81%] Built target mpt-quantize
[ 81%] Built target replit-quantize
[ 82%] Linking CXX executable ../../bin/whisper-quantize
[ 84%] Linking CXX executable ../../bin/starcoder-quantize
[ 84%] Built target gpt-j-quantize
[ 84%] Built target dollyv2-quantize
[ 85%] Linking CXX executable ../../bin/gpt-j
[ 85%] Built target gpt-neox-quantize
[ 85%] Built target gpt-2-quantize
[ 85%] Built target whisper-quantize
[ 87%] Linking CXX executable ../../bin/gpt-2
[ 88%] Linking CXX executable ../../bin/gpt-neox
[ 90%] Linking CXX executable ../../bin/dollyv2
[ 91%] Linking CXX executable ../../bin/starcoder
[ 91%] Built target starcoder-quantize
[ 92%] Linking CXX executable ../../bin/starcoder-mmap
[ 94%] Linking CXX executable ../../bin/mpt
[ 95%] Linking CXX executable ../../bin/replit
[ 95%] Built target gpt-j
[ 95%] Built target gpt-2
[ 95%] Built target dollyv2
[ 95%] Built target gpt-neox
[ 95%] Built target mpt
[ 95%] Built target starcoder-mmap
[ 95%] Built target replit
[ 95%] Built target starcoder
[ 97%] Linking CXX static library libwhisper-cpp.a
[ 97%] Built target whisper-cpp
[ 98%] Building CXX object examples/whisper/CMakeFiles/whisper.dir/main.cpp.o
[100%] Linking CXX executable ../../bin/whisper
[100%] Built target whisper

real	0m13.289s
user	0m35.156s
sys	0m5.279s
+ tee -a /home/ggml/results/ggml/96/1710d4d0a9f9a6d216d24baf25532170269861/ggml-1-arm64-cpu-low-perf/ctest_debug-ctest.log
+ ctest --output-on-failure -E test-opt
Test project /home/ggml/work/ggml/build-ci-debug
      Start  1: test-grad0
 1/10 Test  #1: test-grad0 .......................   Passed    4.68 sec
      Start  2: test-quantize-fns
 2/10 Test  #2: test-quantize-fns ................   Passed    0.01 sec
      Start  3: test-quantize-perf
 3/10 Test  #3: test-quantize-perf ...............   Passed    0.02 sec
      Start  4: test-mul-mat0
 4/10 Test  #4: test-mul-mat0 ....................   Passed    0.52 sec
      Start  5: test-mul-mat2
 5/10 Test  #5: test-mul-mat2 ....................   Passed    8.65 sec
      Start  6: test0
 6/10 Test  #6: test0 ............................   Passed    0.01 sec
      Start  7: test1
 7/10 Test  #7: test1 ............................   Passed    0.01 sec
      Start  8: test2
 8/10 Test  #8: test2 ............................   Passed   17.47 sec
      Start  9: test3
 9/10 Test  #9: test3 ............................   Passed    0.99 sec
      Start 10: test-pool
10/10 Test #10: test-pool ........................   Passed    0.01 sec

100% tests passed, 0 tests failed out of 10

Total Test time (real) =  32.36 sec

real	0m32.378s
user	1m29.635s
sys	0m4.342s
+ set +e
+ cur=0
+ echo 0
+ set +x
+ gg_run_ctest_release
+ tee /home/ggml/results/ggml/96/1710d4d0a9f9a6d216d24baf25532170269861/ggml-1-arm64-cpu-low-perf/ctest_release.log
+ cd /home/ggml/work/ggml
+ rm -rf build-ci-release
+ mkdir build-ci-release
+ cd build-ci-release
+ set -e
+ tee -a /home/ggml/results/ggml/96/1710d4d0a9f9a6d216d24baf25532170269861/ggml-1-arm64-cpu-low-perf/ctest_release-cmake.log
+ cmake -DCMAKE_BUILD_TYPE=Release ..
-- The C compiler identification is GNU 11.4.0
-- The CXX compiler identification is GNU 11.4.0
-- Detecting C compiler ABI info
-- Detecting C compiler ABI info - done
-- Check for working C compiler: /usr/bin/cc - skipped
-- Detecting C compile features
-- Detecting C compile features - done
-- Detecting CXX compiler ABI info
-- Detecting CXX compiler ABI info - done
-- Check for working CXX compiler: /usr/bin/c++ - skipped
-- Detecting CXX compile features
-- Detecting CXX compile features - done
-- Found Git: /usr/bin/git (found version "2.34.1") 
-- Looking for pthread.h
-- Looking for pthread.h - found
-- Performing Test CMAKE_HAVE_LIBC_PTHREAD
-- Performing Test CMAKE_HAVE_LIBC_PTHREAD - Success
-- Found Threads: TRUE  
-- CMAKE_SYSTEM_PROCESSOR: aarch64
-- ARM detected
-- ARM detected
-- Configuring done
-- Generating done
-- Build files have been written to: /home/ggml/work/ggml/build-ci-release

real	0m0.642s
user	0m0.315s
sys	0m0.330s
+ tee -a /home/ggml/results/ggml/96/1710d4d0a9f9a6d216d24baf25532170269861/ggml-1-arm64-cpu-low-perf/ctest_release-make.log
+ make -j
[  2%] Building C object src/CMakeFiles/ggml.dir/ggml.c.o
[  2%] Building CXX object examples/CMakeFiles/common.dir/common.cpp.o
[  4%] Linking C static library libggml.a
[  4%] Built target ggml
[  5%] Building C object tests/CMakeFiles/test-grad0.dir/test-grad0.c.o
[  7%] Building C object tests/CMakeFiles/test-vec0.dir/test-vec0.c.o
[  8%] Building C object tests/CMakeFiles/test-opt.dir/test-opt.c.o
[ 10%] Building CXX object tests/CMakeFiles/test-quantize-fns.dir/test-quantize-fns.cpp.o
[ 11%] Building C object tests/CMakeFiles/test-mul-mat2.dir/test-mul-mat2.c.o
[ 12%] Building CXX object tests/CMakeFiles/test-quantize-perf.dir/test-quantize-perf.cpp.o
[ 14%] Building C object tests/CMakeFiles/test-mul-mat0.dir/test-mul-mat0.c.o
[ 15%] Building C object tests/CMakeFiles/test0.dir/test0.c.o
[ 17%] Building C object tests/CMakeFiles/test1.dir/test1.c.o
[ 18%] Building C object tests/CMakeFiles/test2.dir/test2.c.o
[ 20%] Building C object tests/CMakeFiles/test3.dir/test3.c.o
[ 21%] Building C object tests/CMakeFiles/test-pool.dir/test-pool.c.o
[ 22%] Building CXX object examples/whisper/CMakeFiles/whisper-cpp.dir/whisper.cpp.o
[ 24%] Building CXX object examples/CMakeFiles/common-ggml.dir/common-ggml.cpp.o
[ 25%] Building CXX object examples/mnist/CMakeFiles/mnist-cpu.dir/main-cpu.cpp.o
[ 27%] Linking C executable ../bin/test-vec0
[ 28%] Linking C executable ../bin/test0
[ 30%] Linking C executable ../bin/test-opt
[ 30%] Built target test-vec0
[ 31%] Linking C executable ../bin/test3
[ 32%] Linking C executable ../bin/test2
[ 32%] Built target test0
[ 34%] Linking C executable ../bin/test-pool
[ 34%] Built target test-opt
[ 34%] Built target test2
[ 34%] Built target test3
[ 35%] Linking C executable ../bin/test-mul-mat0
[ 37%] Linking C executable ../bin/test1
[ 37%] Built target test-pool
[ 37%] Built target test-mul-mat0
[ 37%] Built target test1
[ 38%] Linking CXX static library libcommon.a
[ 40%] Linking CXX executable ../bin/test-quantize-fns
[ 40%] Built target common
[ 41%] Linking CXX executable ../../bin/mnist-cpu
[ 41%] Built target test-quantize-fns
[ 42%] Building CXX object examples/mnist/CMakeFiles/mnist.dir/main.cpp.o
[ 42%] Built target mnist-cpu
[ 44%] Linking C executable ../bin/test-grad0
[ 45%] Linking C executable ../bin/test-mul-mat2
[ 45%] Built target test-mul-mat2
[ 47%] Linking CXX executable ../bin/test-quantize-perf
[ 47%] Built target test-grad0
[ 47%] Built target test-quantize-perf
[ 48%] Linking CXX executable ../../bin/mnist
[ 48%] Built target mnist
[ 50%] Linking CXX static library libcommon-ggml.a
[ 50%] Built target common-ggml
[ 51%] Building CXX object examples/gpt-2/CMakeFiles/gpt-2.dir/main.cpp.o
[ 52%] Building CXX object examples/gpt-2/CMakeFiles/gpt-2-quantize.dir/quantize.cpp.o
[ 54%] Building CXX object examples/whisper/CMakeFiles/whisper-quantize.dir/quantize.cpp.o
[ 55%] Building CXX object examples/gpt-j/CMakeFiles/gpt-j-quantize.dir/quantize.cpp.o
[ 57%] Building CXX object examples/gpt-j/CMakeFiles/gpt-j.dir/main.cpp.o
[ 58%] Building CXX object examples/gpt-neox/CMakeFiles/gpt-neox-quantize.dir/quantize.cpp.o
[ 60%] Building CXX object examples/gpt-neox/CMakeFiles/gpt-neox.dir/main.cpp.o
[ 61%] Building CXX object examples/dolly-v2/CMakeFiles/dollyv2-quantize.dir/quantize.cpp.o
[ 62%] Building CXX object examples/replit/CMakeFiles/replit-quantize.dir/quantize.cpp.o
[ 64%] Building CXX object examples/mpt/CMakeFiles/mpt.dir/main.cpp.o
[ 65%] Building CXX object examples/replit/CMakeFiles/replit.dir/main.cpp.o
[ 67%] Building CXX object examples/starcoder/CMakeFiles/starcoder.dir/main.cpp.o
[ 68%] Building CXX object examples/dolly-v2/CMakeFiles/dollyv2.dir/main.cpp.o
[ 70%] Building CXX object examples/mpt/CMakeFiles/mpt-quantize.dir/quantize.cpp.o
[ 71%] Building CXX object examples/starcoder/CMakeFiles/starcoder-mmap.dir/starcoder-mmap.cpp.o
[ 72%] Building CXX object examples/starcoder/CMakeFiles/starcoder-quantize.dir/quantize.cpp.o
/home/ggml/work/ggml/examples/starcoder/starcoder-mmap.cpp: In function ‘bool starcoder_model_load(const string&, starcoder_model&, gpt_vocab&, int32_t)’:
/home/ggml/work/ggml/examples/starcoder/starcoder-mmap.cpp:305:19: warning: unused variable ‘n_ctx’ [-Wunused-variable]
  305 |         const int n_ctx   = hparams.n_ctx;
      |                   ^~~~~
/home/ggml/work/ggml/examples/starcoder/starcoder-mmap.cpp:306:19: warning: unused variable ‘n_vocab’ [-Wunused-variable]
  306 |         const int n_vocab = hparams.n_vocab;
      |                   ^~~~~~~
/home/ggml/work/ggml/examples/starcoder/starcoder-mmap.cpp:310:19: warning: unused variable ‘kv_dim’ [-Wunused-variable]
  310 |         const int kv_dim   = kv_heads * head_dim;
      |                   ^~~~~~
/home/ggml/work/ggml/examples/starcoder/starcoder-mmap.cpp:197:18: warning: unused variable ‘file_size’ [-Wunused-variable]
  197 |     const size_t file_size = fin.tellg();
      |                  ^~~~~~~~~
[ 74%] Linking CXX executable ../../bin/mpt-quantize
[ 75%] Linking CXX executable ../../bin/replit-quantize
[ 75%] Built target mpt-quantize
[ 75%] Built target replit-quantize
[ 77%] Linking CXX executable ../../bin/gpt-neox-quantize
[ 78%] Linking CXX executable ../../bin/gpt-j-quantize
[ 80%] Linking CXX executable ../../bin/dollyv2-quantize
[ 81%] Linking CXX executable ../../bin/gpt-2-quantize
[ 82%] Linking CXX executable ../../bin/starcoder-quantize
[ 84%] Linking CXX executable ../../bin/whisper-quantize
[ 84%] Built target gpt-j-quantize
[ 84%] Built target gpt-2-quantize
[ 84%] Built target dollyv2-quantize
[ 84%] Built target gpt-neox-quantize
[ 84%] Built target starcoder-quantize
[ 84%] Built target whisper-quantize
[ 85%] Linking CXX executable ../../bin/gpt-j
[ 87%] Linking CXX executable ../../bin/gpt-neox
[ 88%] Linking CXX executable ../../bin/starcoder-mmap
[ 88%] Built target gpt-neox
[ 88%] Built target gpt-j
[ 90%] Linking CXX executable ../../bin/gpt-2
[ 91%] Linking CXX executable ../../bin/replit
[ 91%] Built target replit
[ 91%] Built target starcoder-mmap
[ 92%] Linking CXX executable ../../bin/starcoder
[ 92%] Built target gpt-2
[ 94%] Linking CXX executable ../../bin/dollyv2
[ 94%] Built target starcoder
[ 95%] Linking CXX executable ../../bin/mpt
[ 95%] Built target dollyv2
[ 95%] Built target mpt
[ 97%] Linking CXX static library libwhisper-cpp.a
[ 97%] Built target whisper-cpp
[ 98%] Building CXX object examples/whisper/CMakeFiles/whisper.dir/main.cpp.o
[100%] Linking CXX executable ../../bin/whisper
[100%] Built target whisper

real	0m26.248s
user	0m59.307s
sys	0m4.768s
+ '[' -z 1 ']'
+ tee -a /home/ggml/results/ggml/96/1710d4d0a9f9a6d216d24baf25532170269861/ggml-1-arm64-cpu-low-perf/ctest_release-ctest.log
+ ctest --output-on-failure -E test-opt
Test project /home/ggml/work/ggml/build-ci-release
      Start  1: test-grad0
 1/10 Test  #1: test-grad0 .......................   Passed    4.00 sec
      Start  2: test-quantize-fns
 2/10 Test  #2: test-quantize-fns ................   Passed    0.01 sec
      Start  3: test-quantize-perf
 3/10 Test  #3: test-quantize-perf ...............   Passed    0.01 sec
      Start  4: test-mul-mat0
 4/10 Test  #4: test-mul-mat0 ....................   Passed    0.53 sec
      Start  5: test-mul-mat2
 5/10 Test  #5: test-mul-mat2 ....................   Passed    1.77 sec
      Start  6: test0
 6/10 Test  #6: test0 ............................   Passed    0.00 sec
      Start  7: test1
 7/10 Test  #7: test1 ............................   Passed    0.01 sec
      Start  8: test2
 8/10 Test  #8: test2 ............................   Passed   17.51 sec
      Start  9: test3
 9/10 Test  #9: test3 ............................   Passed    0.95 sec
      Start 10: test-pool
10/10 Test #10: test-pool ........................   Passed    0.01 sec

100% tests passed, 0 tests failed out of 10

Total Test time (real) =  24.79 sec

real	0m24.804s
user	1m20.495s
sys	0m4.320s
+ set +e
+ cur=0
+ echo 0
+ set +x
+ gg_run_gpt_2
+ tee /home/ggml/results/ggml/96/1710d4d0a9f9a6d216d24baf25532170269861/ggml-1-arm64-cpu-low-perf/gpt_2.log
+ cd /home/ggml/work/ggml
+ gg_wget models/gpt-2 https://huggingface.co/ggerganov/ggml/resolve/main/ggml-model-gpt-2-117M.bin
+ local out=models/gpt-2
+ local url=https://huggingface.co/ggerganov/ggml/resolve/main/ggml-model-gpt-2-117M.bin
++ pwd
+ local cwd=/home/ggml/work/ggml
+ mkdir -p models/gpt-2
+ cd models/gpt-2
+ wget -N https://huggingface.co/ggerganov/ggml/resolve/main/ggml-model-gpt-2-117M.bin
--2024-01-26 12:39:46--  https://huggingface.co/ggerganov/ggml/resolve/main/ggml-model-gpt-2-117M.bin
Resolving huggingface.co (huggingface.co)... 13.32.151.42, 13.32.151.38, 13.32.151.126, ...
Connecting to huggingface.co (huggingface.co)|13.32.151.42|:443... connected.
HTTP request sent, awaiting response... 302 Found
Location: https://cdn-lfs.huggingface.co/repos/b3/15/b3153971b91e73ec6e33951c357d54983fea64477ec09c1e008945ad8e9b8f23/b457d5fcc7f2f71e727bee74298d42d80610619e02af16beca53d44a71d5f607?response-content-disposition=attachment%3B+filename*%3DUTF-8%27%27ggml-model-gpt-2-117M.bin%3B+filename%3D%22ggml-model-gpt-2-117M.bin%22%3B&response-content-type=application%2Foctet-stream&Expires=1706531986&Policy=eyJTdGF0ZW1lbnQiOlt7IkNvbmRpdGlvbiI6eyJEYXRlTGVzc1RoYW4iOnsiQVdTOkVwb2NoVGltZSI6MTcwNjUzMTk4Nn19LCJSZXNvdXJjZSI6Imh0dHBzOi8vY2RuLWxmcy5odWdnaW5nZmFjZS5jby9yZXBvcy9iMy8xNS9iMzE1Mzk3MWI5MWU3M2VjNmUzMzk1MWMzNTdkNTQ5ODNmZWE2NDQ3N2VjMDljMWUwMDg5NDVhZDhlOWI4ZjIzL2I0NTdkNWZjYzdmMmY3MWU3MjdiZWU3NDI5OGQ0MmQ4MDYxMDYxOWUwMmFmMTZiZWNhNTNkNDRhNzFkNWY2MDc%7EcmVzcG9uc2UtY29udGVudC1kaXNwb3NpdGlvbj0qJnJlc3BvbnNlLWNvbnRlbnQtdHlwZT0qIn1dfQ__&Signature=qozU6Idt8X4mumgWq0teiOs92oZgcWMV%7EWHNFnWlXjdwyhCOvot%7EFjArXl%7El-j1SgKdkcARAvnPxrGBv-r38w9DfBjKDWdJFKr8ozPdLTD1SJoC2Y%7Ex5-dJmnoqTLGCNdGL50Y%7EnsB9zF6hKWvjC01BnRh20czR0AgtXLmye5goW0AGfSo3ybs-6NCgu724pHRuBKWG8RW2mQ7Mimh8%7EohXUnB0QGZRvB42KQnNr8x009zG4xdoyHvq7oZb2F7-kOs4hqn1fKFv1a9-Q9o1LTxdINitHULVJn71PtpIec7OozjZHuJBxWiM5vbOvBYSJNx5d9c2A-YAcdtbLr1c-4w__&Key-Pair-Id=KVTP0A1DKRTAX [following]
--2024-01-26 12:39:46--  https://cdn-lfs.huggingface.co/repos/b3/15/b3153971b91e73ec6e33951c357d54983fea64477ec09c1e008945ad8e9b8f23/b457d5fcc7f2f71e727bee74298d42d80610619e02af16beca53d44a71d5f607?response-content-disposition=attachment%3B+filename*%3DUTF-8%27%27ggml-model-gpt-2-117M.bin%3B+filename%3D%22ggml-model-gpt-2-117M.bin%22%3B&response-content-type=application%2Foctet-stream&Expires=1706531986&Policy=eyJTdGF0ZW1lbnQiOlt7IkNvbmRpdGlvbiI6eyJEYXRlTGVzc1RoYW4iOnsiQVdTOkVwb2NoVGltZSI6MTcwNjUzMTk4Nn19LCJSZXNvdXJjZSI6Imh0dHBzOi8vY2RuLWxmcy5odWdnaW5nZmFjZS5jby9yZXBvcy9iMy8xNS9iMzE1Mzk3MWI5MWU3M2VjNmUzMzk1MWMzNTdkNTQ5ODNmZWE2NDQ3N2VjMDljMWUwMDg5NDVhZDhlOWI4ZjIzL2I0NTdkNWZjYzdmMmY3MWU3MjdiZWU3NDI5OGQ0MmQ4MDYxMDYxOWUwMmFmMTZiZWNhNTNkNDRhNzFkNWY2MDc%7EcmVzcG9uc2UtY29udGVudC1kaXNwb3NpdGlvbj0qJnJlc3BvbnNlLWNvbnRlbnQtdHlwZT0qIn1dfQ__&Signature=qozU6Idt8X4mumgWq0teiOs92oZgcWMV%7EWHNFnWlXjdwyhCOvot%7EFjArXl%7El-j1SgKdkcARAvnPxrGBv-r38w9DfBjKDWdJFKr8ozPdLTD1SJoC2Y%7Ex5-dJmnoqTLGCNdGL50Y%7EnsB9zF6hKWvjC01BnRh20czR0AgtXLmye5goW0AGfSo3ybs-6NCgu724pHRuBKWG8RW2mQ7Mimh8%7EohXUnB0QGZRvB42KQnNr8x009zG4xdoyHvq7oZb2F7-kOs4hqn1fKFv1a9-Q9o1LTxdINitHULVJn71PtpIec7OozjZHuJBxWiM5vbOvBYSJNx5d9c2A-YAcdtbLr1c-4w__&Key-Pair-Id=KVTP0A1DKRTAX
Resolving cdn-lfs.huggingface.co (cdn-lfs.huggingface.co)... 108.138.64.111, 108.138.64.49, 108.138.64.36, ...
Connecting to cdn-lfs.huggingface.co (cdn-lfs.huggingface.co)|108.138.64.111|:443... connected.
HTTP request sent, awaiting response... 304 Not Modified
File ‘ggml-model-gpt-2-117M.bin’ not modified on server. Omitting download.

+ cd /home/ggml/work/ggml
+ cd build-ci-release
+ set -e
+ model=../models/gpt-2/ggml-model-gpt-2-117M.bin
+ prompts=../examples/prompts/gpt-2.txt
+ tee -a /home/ggml/results/ggml/96/1710d4d0a9f9a6d216d24baf25532170269861/ggml-1-arm64-cpu-low-perf/gpt_2-tg.log
+ ./bin/gpt-2 --model ../models/gpt-2/ggml-model-gpt-2-117M.bin -s 1234 -n 64 -t 4 -tt ../examples/prompts/gpt-2.txt
test_gpt_tokenizer : failed test: 'I l0ve t0 tr@vel @r0und the w0rld.'
test_gpt_tokenizer : tokens in hf:   I(40),  l(300), 0(15), ve(303),  t(256), 0(15),  tr(491), @(31), vel(626),  @(2488), r(81), 0(15), und(917),  the(262),  w(266), 0(15), r(81), ld(335), .(13), 
test_gpt_tokenizer : tokens in ggml: I(40),  l(300), 0(15), ve(303),  t(256), 0(15),  tr(491), @(31), vel(626),  @(2488), r(81), 0(15), und(917),  the(262),  w(266), 0(15), rl(45895), d(67), .(13), 
test_gpt_tokenizer : failed test: 'She danced gracefully on the stage.'
test_gpt_tokenizer : tokens in hf:   She(3347),  danced(39480),  grace(11542), fully(2759),  on(319),  the(262),  stage(3800), .(13), 
test_gpt_tokenizer : tokens in ggml: She(3347),  danced(39480),  graceful(44363), ly(306),  on(319),  the(262),  stage(3800), .(13), 
test_gpt_tokenizer : failed test: 'She dances gracefully to the music.'
test_gpt_tokenizer : tokens in hf:   She(3347),  dances(38207),  grace(11542), fully(2759),  to(284),  the(262),  music(2647), .(13), 
test_gpt_tokenizer : tokens in ggml: She(3347),  dances(38207),  graceful(44363), ly(306),  to(284),  the(262),  music(2647), .(13), 
test_gpt_tokenizer : failed test: 'The birds are chirping in the trees.'
test_gpt_tokenizer : tokens in hf:   The(464),  birds(10087),  are(389),  ch(442), ir(343), ping(13886),  in(287),  the(262),  trees(7150), .(13), 
test_gpt_tokenizer : tokens in ggml: The(464),  birds(10087),  are(389),  chi(33166), r(81), ping(13886),  in(287),  the(262),  trees(7150), .(13), 
test_gpt_tokenizer : failed test: 'The flowers are blooming in the garden.'
test_gpt_tokenizer : tokens in hf:   The(464),  flowers(12734),  are(389),  blo(24924), oming(3383),  in(287),  the(262),  garden(11376), .(13), 
test_gpt_tokenizer : tokens in ggml: The(464),  flowers(12734),  are(389),  bloom(29955), ing(278),  in(287),  the(262),  garden(11376), .(13), 
test_gpt_tokenizer : failed test: 'The flowers in the garden are blooming.'
test_gpt_tokenizer : tokens in hf:   The(464),  flowers(12734),  in(287),  the(262),  garden(11376),  are(389),  blo(24924), oming(3383), .(13), 
test_gpt_tokenizer : tokens in ggml: The(464),  flowers(12734),  in(287),  the(262),  garden(11376),  are(389),  bloom(29955), ing(278), .(13), 
test_gpt_tokenizer : failed test: 'Wh@t's y0ur f@v0rite m0vie?'
test_gpt_tokenizer : tokens in hf:   Wh(1199), @(31), t(83), 's(338),  y(331), 0(15), ur(333),  f(277), @(31), v(85), 0(15), rite(6525),  m(285), 0(15), v(85), ie(494), ?(30), 
test_gpt_tokenizer : tokens in ggml: Wh(1199), @(31), t(83), 's(338),  y(331), 0(15), ur(333),  f(277), @(31), v(85), 0(15), rite(6525),  m(285), 0(15), vi(8903), e(68), ?(30), 
test_gpt_tokenizer : 7 tests failed out of 100 tests.
main: seed = 1234
gpt2_model_load: loading model from '../models/gpt-2/ggml-model-gpt-2-117M.bin'
gpt2_model_load: n_vocab = 50257
gpt2_model_load: n_ctx   = 1024
gpt2_model_load: n_embd  = 768
gpt2_model_load: n_head  = 12
gpt2_model_load: n_layer = 12
gpt2_model_load: ftype   = 1
gpt2_model_load: qntvr   = 0
gpt2_model_load: ggml tensor size = 240 bytes
gpt2_model_load: ggml ctx size = 384.77 MB
gpt2_model_load: memory size =    72.00 MB, n_mem = 12288
gpt2_model_load: model size  =   239.08 MB
main: prompt: 'If'
main: number of tokens in prompt = 1, first 8 tokens: 1532 

If we look at what we're talking about and then look at the evidence and the evidence of the United States, what we're dealing with, we've got a huge problem in the world of terrorism."

Asked about the possibility that ISIS may have used the United States as a vehicle to recruit followers and commit violence in

main: mem per token =  2016924 bytes
main:     load time =  1479.05 ms
main:   sample time =    17.39 ms
main:  predict time =   829.42 ms / 12.96 ms per token
main:    total time =  2395.70 ms

real	0m2.439s
user	0m3.502s
sys	0m0.258s
+ tee -a /home/ggml/results/ggml/96/1710d4d0a9f9a6d216d24baf25532170269861/ggml-1-arm64-cpu-low-perf/gpt_2-tg.log
+ ./bin/gpt-2 --model ../models/gpt-2/ggml-model-gpt-2-117M.bin -s 1234 -n 64 -t 4 -p 'I believe the meaning of life is'
extract_tests_from_file : No test file found.
test_gpt_tokenizer : 0 tests failed out of 0 tests.
main: seed = 1234
gpt2_model_load: loading model from '../models/gpt-2/ggml-model-gpt-2-117M.bin'
gpt2_model_load: n_vocab = 50257
gpt2_model_load: n_ctx   = 1024
gpt2_model_load: n_embd  = 768
gpt2_model_load: n_head  = 12
gpt2_model_load: n_layer = 12
gpt2_model_load: ftype   = 1
gpt2_model_load: qntvr   = 0
gpt2_model_load: ggml tensor size = 240 bytes
gpt2_model_load: ggml ctx size = 384.77 MB
gpt2_model_load: memory size =    72.00 MB, n_mem = 12288
gpt2_model_load: model size  =   239.08 MB
main: prompt: 'I believe the meaning of life is'
main: number of tokens in prompt = 7, first 8 tokens: 40 1975 262 3616 286 1204 318 

I believe the meaning of life is not one that you must be able to answer for.

If you do not believe in God, then why does his word make you feel better? Why do he make you feel better? It's because I don't think the gospel is true. It's because it's not true.

The gospel tells

main: mem per token =  2016924 bytes
main:     load time =   199.53 ms
main:   sample time =    17.46 ms
main:  predict time =  1030.02 ms / 14.71 ms per token
main:    total time =  1297.85 ms

real	0m1.341s
user	0m4.145s
sys	0m0.200s
+ set +e
+ cur=0
+ echo 0
+ set +x
