+ cmake -DCMAKE_BUILD_TYPE=Debug ..
-- The C compiler identification is GNU 11.4.0
-- The CXX compiler identification is GNU 11.4.0
-- Detecting C compiler ABI info
-- Detecting C compiler ABI info - done
-- Check for working C compiler: /usr/bin/cc - skipped
-- Detecting C compile features
-- Detecting C compile features - done
-- Detecting CXX compiler ABI info
-- Detecting CXX compiler ABI info - done
-- Check for working CXX compiler: /usr/bin/c++ - skipped
-- Detecting CXX compile features
-- Detecting CXX compile features - done
-- Performing Test CMAKE_HAVE_LIBC_PTHREAD
-- Performing Test CMAKE_HAVE_LIBC_PTHREAD - Success
-- Found Threads: TRUE
-- ccache found, compilation results will be cached. Disable with GGML_CCACHE=OFF.
-- CMAKE_SYSTEM_PROCESSOR: x86_64
-- Including CPU backend
-- Found OpenMP_C: -fopenmp (found version "4.5")
-- Found OpenMP_CXX: -fopenmp (found version "4.5")
-- Found OpenMP: TRUE (found version "4.5")
-- x86 detected
-- Adding CPU backend variant ggml-cpu: -march=native 
-- x86 detected
-- Linux detected
-- Configuring done (0.5s)
-- Generating done (0.0s)
-- Build files have been written to: /home/ggml/work/ggml/build-ci-debug

real	0m0.664s
user	0m0.494s
sys	0m0.175s
+ make -j
[  1%] Building CXX object examples/CMakeFiles/common.dir/common.cpp.o
[  2%] Building C object src/CMakeFiles/ggml-base.dir/ggml.c.o
[  2%] Building C object src/CMakeFiles/ggml-base.dir/ggml-alloc.c.o
[  3%] Building CXX object src/CMakeFiles/ggml-base.dir/ggml-opt.cpp.o
[  4%] Building CXX object src/CMakeFiles/ggml-base.dir/ggml-backend.cpp.o
[  5%] Building CXX object src/CMakeFiles/ggml-base.dir/ggml-threading.cpp.o
[  7%] Building CXX object src/CMakeFiles/ggml-base.dir/gguf.cpp.o
[  7%] Building C object src/CMakeFiles/ggml-base.dir/ggml-quants.c.o
[  8%] Linking CXX shared library libggml-base.so
[  9%] Linking CXX static library libcommon.a
[  9%] Built target common
[  9%] Built target ggml-base
[ 10%] Building C object src/CMakeFiles/ggml-cpu.dir/ggml-cpu/ggml-cpu.c.o
[ 11%] Building CXX object src/CMakeFiles/ggml-cpu.dir/ggml-cpu/ggml-cpu-aarch64.cpp.o
[ 12%] Building CXX object src/CMakeFiles/ggml-cpu.dir/ggml-cpu/ggml-cpu.cpp.o
[ 14%] Building CXX object src/CMakeFiles/ggml-cpu.dir/ggml-cpu/ggml-cpu-hbm.cpp.o
[ 14%] Building C object src/CMakeFiles/ggml-cpu.dir/ggml-cpu/ggml-cpu-quants.c.o
[ 16%] Building CXX object src/CMakeFiles/ggml-cpu.dir/ggml-cpu/ggml-cpu-traits.cpp.o
[ 16%] Building CXX object src/CMakeFiles/ggml-cpu.dir/ggml-cpu/amx/amx.cpp.o
[ 17%] Building CXX object src/CMakeFiles/ggml-cpu.dir/ggml-cpu/amx/mmq.cpp.o
[ 18%] Building CXX object src/CMakeFiles/ggml-cpu.dir/ggml-cpu/binary_ops.cpp.o
[ 19%] Building CXX object src/CMakeFiles/ggml-cpu.dir/ggml-cpu/unary_ops.cpp.o
/home/ggml/work/ggml/src/ggml-cpu/binary_ops.cpp: In instantiation of ‘void vec_binary_op_non_contiguous(int64_t, int64_t, int64_t, dst_t*, const src0_t*, const src1_t*) [with float (* op)(float, float) = op_add; src0_t = float; src1_t = float; dst_t = float; int64_t = long int]’:
/home/ggml/work/ggml/src/ggml-cpu/binary_ops.cpp:111:45:   required from ‘void apply_binary_op(const ggml_compute_params*, ggml_tensor*) [with float (* op)(float, float) = op_add; src0_t = float; src1_t = float; dst_t = float]’
/home/ggml/work/ggml/src/ggml-cpu/binary_ops.cpp:123:49:   required from ‘void binary_op(const ggml_compute_params*, ggml_tensor*) [with float (* op)(float, float) = op_add]’
/home/ggml/work/ggml/src/ggml-cpu/binary_ops.cpp:144:22:   required from here
/home/ggml/work/ggml/src/ggml-cpu/binary_ops.cpp:44:37: warning: cast from type ‘const float*’ to type ‘char*’ casts away qualifiers [-Wcast-qual]
   44 |         src1_t * y_ptr = (src1_t *)((char *)y + i10*nb10);
      |                                     ^~~~~~~~~
/home/ggml/work/ggml/src/ggml-cpu/binary_ops.cpp: In instantiation of ‘void vec_binary_op_non_contiguous(int64_t, int64_t, int64_t, dst_t*, const src0_t*, const src1_t*) [with float (* op)(float, float) = op_add; src0_t = short unsigned int; src1_t = short unsigned int; dst_t = short unsigned int; int64_t = long int]’:
/home/ggml/work/ggml/src/ggml-cpu/binary_ops.cpp:111:45:   required from ‘void apply_binary_op(const ggml_compute_params*, ggml_tensor*) [with float (* op)(float, float) = op_add; src0_t = short unsigned int; src1_t = short unsigned int; dst_t = short unsigned int]’
/home/ggml/work/ggml/src/ggml-cpu/binary_ops.cpp:125:67:   required from ‘void binary_op(const ggml_compute_params*, ggml_tensor*) [with float (* op)(float, float) = op_add]’
/home/ggml/work/ggml/src/ggml-cpu/binary_ops.cpp:144:22:   required from here
/home/ggml/work/ggml/src/ggml-cpu/binary_ops.cpp:44:37: warning: cast from type ‘const short unsigned int*’ to type ‘char*’ casts away qualifiers [-Wcast-qual]
/home/ggml/work/ggml/src/ggml-cpu/binary_ops.cpp: In instantiation of ‘void vec_binary_op_non_contiguous(int64_t, int64_t, int64_t, dst_t*, const src0_t*, const src1_t*) [with float (* op)(float, float) = op_add; src0_t = ggml_bf16_t; src1_t = ggml_bf16_t; dst_t = ggml_bf16_t; int64_t = long int]’:
/home/ggml/work/ggml/src/ggml-cpu/binary_ops.cpp:111:45:   required from ‘void apply_binary_op(const ggml_compute_params*, ggml_tensor*) [with float (* op)(float, float) = op_add; src0_t = ggml_bf16_t; src1_t = ggml_bf16_t; dst_t = ggml_bf16_t]’
/home/ggml/work/ggml/src/ggml-cpu/binary_ops.cpp:127:67:   required from ‘void binary_op(const ggml_compute_params*, ggml_tensor*) [with float (* op)(float, float) = op_add]’
/home/ggml/work/ggml/src/ggml-cpu/binary_ops.cpp:144:22:   required from here
/home/ggml/work/ggml/src/ggml-cpu/binary_ops.cpp:44:37: warning: cast from type ‘const ggml_bf16_t*’ to type ‘char*’ casts away qualifiers [-Wcast-qual]
/home/ggml/work/ggml/src/ggml-cpu/binary_ops.cpp: In instantiation of ‘void vec_binary_op_non_contiguous(int64_t, int64_t, int64_t, dst_t*, const src0_t*, const src1_t*) [with float (* op)(float, float) = op_add; src0_t = ggml_bf16_t; src1_t = float; dst_t = ggml_bf16_t; int64_t = long int]’:
/home/ggml/work/ggml/src/ggml-cpu/binary_ops.cpp:111:45:   required from ‘void apply_binary_op(const ggml_compute_params*, ggml_tensor*) [with float (* op)(float, float) = op_add; src0_t = ggml_bf16_t; src1_t = float; dst_t = ggml_bf16_t]’
/home/ggml/work/ggml/src/ggml-cpu/binary_ops.cpp:129:61:   required from ‘void binary_op(const ggml_compute_params*, ggml_tensor*) [with float (* op)(float, float) = op_add]’
/home/ggml/work/ggml/src/ggml-cpu/binary_ops.cpp:144:22:   required from here
/home/ggml/work/ggml/src/ggml-cpu/binary_ops.cpp:44:37: warning: cast from type ‘const float*’ to type ‘char*’ casts away qualifiers [-Wcast-qual]
/home/ggml/work/ggml/src/ggml-cpu/binary_ops.cpp: In instantiation of ‘void vec_binary_op_non_contiguous(int64_t, int64_t, int64_t, dst_t*, const src0_t*, const src1_t*) [with float (* op)(float, float) = op_add; src0_t = ggml_bf16_t; src1_t = float; dst_t = float; int64_t = long int]’:
/home/ggml/work/ggml/src/ggml-cpu/binary_ops.cpp:111:45:   required from ‘void apply_binary_op(const ggml_compute_params*, ggml_tensor*) [with float (* op)(float, float) = op_add; src0_t = ggml_bf16_t; src1_t = float; dst_t = float]’
/home/ggml/work/ggml/src/ggml-cpu/binary_ops.cpp:131:55:   required from ‘void binary_op(const ggml_compute_params*, ggml_tensor*) [with float (* op)(float, float) = op_add]’
/home/ggml/work/ggml/src/ggml-cpu/binary_ops.cpp:144:22:   required from here
/home/ggml/work/ggml/src/ggml-cpu/binary_ops.cpp:44:37: warning: cast from type ‘const float*’ to type ‘char*’ casts away qualifiers [-Wcast-qual]
/home/ggml/work/ggml/src/ggml-cpu/binary_ops.cpp: In instantiation of ‘void vec_binary_op_non_contiguous(int64_t, int64_t, int64_t, dst_t*, const src0_t*, const src1_t*) [with float (* op)(float, float) = op_add; src0_t = short unsigned int; src1_t = float; dst_t = short unsigned int; int64_t = long int]’:
/home/ggml/work/ggml/src/ggml-cpu/binary_ops.cpp:111:45:   required from ‘void apply_binary_op(const ggml_compute_params*, ggml_tensor*) [with float (* op)(float, float) = op_add; src0_t = short unsigned int; src1_t = float; dst_t = short unsigned int]’
/home/ggml/work/ggml/src/ggml-cpu/binary_ops.cpp:133:61:   required from ‘void binary_op(const ggml_compute_params*, ggml_tensor*) [with float (* op)(float, float) = op_add]’
/home/ggml/work/ggml/src/ggml-cpu/binary_ops.cpp:144:22:   required from here
/home/ggml/work/ggml/src/ggml-cpu/binary_ops.cpp:44:37: warning: cast from type ‘const float*’ to type ‘char*’ casts away qualifiers [-Wcast-qual]
/home/ggml/work/ggml/src/ggml-cpu/binary_ops.cpp: In instantiation of ‘void vec_binary_op_non_contiguous(int64_t, int64_t, int64_t, dst_t*, const src0_t*, const src1_t*) [with float (* op)(float, float) = op_add; src0_t = short unsigned int; src1_t = float; dst_t = float; int64_t = long int]’:
/home/ggml/work/ggml/src/ggml-cpu/binary_ops.cpp:111:45:   required from ‘void apply_binary_op(const ggml_compute_params*, ggml_tensor*) [with float (* op)(float, float) = op_add; src0_t = short unsigned int; src1_t = float; dst_t = float]’
/home/ggml/work/ggml/src/ggml-cpu/binary_ops.cpp:135:55:   required from ‘void binary_op(const ggml_compute_params*, ggml_tensor*) [with float (* op)(float, float) = op_add]’
/home/ggml/work/ggml/src/ggml-cpu/binary_ops.cpp:144:22:   required from here
/home/ggml/work/ggml/src/ggml-cpu/binary_ops.cpp:44:37: warning: cast from type ‘const float*’ to type ‘char*’ casts away qualifiers [-Wcast-qual]
/home/ggml/work/ggml/src/ggml-cpu/binary_ops.cpp: In instantiation of ‘void vec_binary_op_non_contiguous(int64_t, int64_t, int64_t, dst_t*, const src0_t*, const src1_t*) [with float (* op)(float, float) = op_sub; src0_t = float; src1_t = float; dst_t = float; int64_t = long int]’:
/home/ggml/work/ggml/src/ggml-cpu/binary_ops.cpp:111:45:   required from ‘void apply_binary_op(const ggml_compute_params*, ggml_tensor*) [with float (* op)(float, float) = op_sub; src0_t = float; src1_t = float; dst_t = float]’
/home/ggml/work/ggml/src/ggml-cpu/binary_ops.cpp:123:49:   required from ‘void binary_op(const ggml_compute_params*, ggml_tensor*) [with float (* op)(float, float) = op_sub]’
/home/ggml/work/ggml/src/ggml-cpu/binary_ops.cpp:148:22:   required from here
/home/ggml/work/ggml/src/ggml-cpu/binary_ops.cpp:44:37: warning: cast from type ‘const float*’ to type ‘char*’ casts away qualifiers [-Wcast-qual]
/home/ggml/work/ggml/src/ggml-cpu/binary_ops.cpp: In instantiation of ‘void vec_binary_op_non_contiguous(int64_t, int64_t, int64_t, dst_t*, const src0_t*, const src1_t*) [with float (* op)(float, float) = op_sub; src0_t = short unsigned int; src1_t = short unsigned int; dst_t = short unsigned int; int64_t = long int]’:
/home/ggml/work/ggml/src/ggml-cpu/binary_ops.cpp:111:45:   required from ‘void apply_binary_op(const ggml_compute_params*, ggml_tensor*) [with float (* op)(float, float) = op_sub; src0_t = short unsigned int; src1_t = short unsigned int; dst_t = short unsigned int]’
/home/ggml/work/ggml/src/ggml-cpu/binary_ops.cpp:125:67:   required from ‘void binary_op(const ggml_compute_params*, ggml_tensor*) [with float (* op)(float, float) = op_sub]’
/home/ggml/work/ggml/src/ggml-cpu/binary_ops.cpp:148:22:   required from here
/home/ggml/work/ggml/src/ggml-cpu/binary_ops.cpp:44:37: warning: cast from type ‘const short unsigned int*’ to type ‘char*’ casts away qualifiers [-Wcast-qual]
/home/ggml/work/ggml/src/ggml-cpu/binary_ops.cpp: In instantiation of ‘void vec_binary_op_non_contiguous(int64_t, int64_t, int64_t, dst_t*, const src0_t*, const src1_t*) [with float (* op)(float, float) = op_sub; src0_t = ggml_bf16_t; src1_t = ggml_bf16_t; dst_t = ggml_bf16_t; int64_t = long int]’:
/home/ggml/work/ggml/src/ggml-cpu/binary_ops.cpp:111:45:   required from ‘void apply_binary_op(const ggml_compute_params*, ggml_tensor*) [with float (* op)(float, float) = op_sub; src0_t = ggml_bf16_t; src1_t = ggml_bf16_t; dst_t = ggml_bf16_t]’
/home/ggml/work/ggml/src/ggml-cpu/binary_ops.cpp:127:67:   required from ‘void binary_op(const ggml_compute_params*, ggml_tensor*) [with float (* op)(float, float) = op_sub]’
/home/ggml/work/ggml/src/ggml-cpu/binary_ops.cpp:148:22:   required from here
/home/ggml/work/ggml/src/ggml-cpu/binary_ops.cpp:44:37: warning: cast from type ‘const ggml_bf16_t*’ to type ‘char*’ casts away qualifiers [-Wcast-qual]
/home/ggml/work/ggml/src/ggml-cpu/binary_ops.cpp: In instantiation of ‘void vec_binary_op_non_contiguous(int64_t, int64_t, int64_t, dst_t*, const src0_t*, const src1_t*) [with float (* op)(float, float) = op_sub; src0_t = ggml_bf16_t; src1_t = float; dst_t = ggml_bf16_t; int64_t = long int]’:
/home/ggml/work/ggml/src/ggml-cpu/binary_ops.cpp:111:45:   required from ‘void apply_binary_op(const ggml_compute_params*, ggml_tensor*) [with float (* op)(float, float) = op_sub; src0_t = ggml_bf16_t; src1_t = float; dst_t = ggml_bf16_t]’
/home/ggml/work/ggml/src/ggml-cpu/binary_ops.cpp:129:61:   required from ‘void binary_op(const ggml_compute_params*, ggml_tensor*) [with float (* op)(float, float) = op_sub]’
/home/ggml/work/ggml/src/ggml-cpu/binary_ops.cpp:148:22:   required from here
/home/ggml/work/ggml/src/ggml-cpu/binary_ops.cpp:44:37: warning: cast from type ‘const float*’ to type ‘char*’ casts away qualifiers [-Wcast-qual]
/home/ggml/work/ggml/src/ggml-cpu/binary_ops.cpp: In instantiation of ‘void vec_binary_op_non_contiguous(int64_t, int64_t, int64_t, dst_t*, const src0_t*, const src1_t*) [with float (* op)(float, float) = op_sub; src0_t = ggml_bf16_t; src1_t = float; dst_t = float; int64_t = long int]’:
/home/ggml/work/ggml/src/ggml-cpu/binary_ops.cpp:111:45:   required from ‘void apply_binary_op(const ggml_compute_params*, ggml_tensor*) [with float (* op)(float, float) = op_sub; src0_t = ggml_bf16_t; src1_t = float; dst_t = float]’
/home/ggml/work/ggml/src/ggml-cpu/binary_ops.cpp:131:55:   required from ‘void binary_op(const ggml_compute_params*, ggml_tensor*) [with float (* op)(float, float) = op_sub]’
/home/ggml/work/ggml/src/ggml-cpu/binary_ops.cpp:148:22:   required from here
/home/ggml/work/ggml/src/ggml-cpu/binary_ops.cpp:44:37: warning: cast from type ‘const float*’ to type ‘char*’ casts away qualifiers [-Wcast-qual]
/home/ggml/work/ggml/src/ggml-cpu/binary_ops.cpp: In instantiation of ‘void vec_binary_op_non_contiguous(int64_t, int64_t, int64_t, dst_t*, const src0_t*, const src1_t*) [with float (* op)(float, float) = op_sub; src0_t = short unsigned int; src1_t = float; dst_t = short unsigned int; int64_t = long int]’:
/home/ggml/work/ggml/src/ggml-cpu/binary_ops.cpp:111:45:   required from ‘void apply_binary_op(const ggml_compute_params*, ggml_tensor*) [with float (* op)(float, float) = op_sub; src0_t = short unsigned int; src1_t = float; dst_t = short unsigned int]’
/home/ggml/work/ggml/src/ggml-cpu/binary_ops.cpp:133:61:   required from ‘void binary_op(const ggml_compute_params*, ggml_tensor*) [with float (* op)(float, float) = op_sub]’
/home/ggml/work/ggml/src/ggml-cpu/binary_ops.cpp:148:22:   required from here
/home/ggml/work/ggml/src/ggml-cpu/binary_ops.cpp:44:37: warning: cast from type ‘const float*’ to type ‘char*’ casts away qualifiers [-Wcast-qual]
/home/ggml/work/ggml/src/ggml-cpu/binary_ops.cpp: In instantiation of ‘void vec_binary_op_non_contiguous(int64_t, int64_t, int64_t, dst_t*, const src0_t*, const src1_t*) [with float (* op)(float, float) = op_sub; src0_t = short unsigned int; src1_t = float; dst_t = float; int64_t = long int]’:
/home/ggml/work/ggml/src/ggml-cpu/binary_ops.cpp:111:45:   required from ‘void apply_binary_op(const ggml_compute_params*, ggml_tensor*) [with float (* op)(float, float) = op_sub; src0_t = short unsigned int; src1_t = float; dst_t = float]’
/home/ggml/work/ggml/src/ggml-cpu/binary_ops.cpp:135:55:   required from ‘void binary_op(const ggml_compute_params*, ggml_tensor*) [with float (* op)(float, float) = op_sub]’
/home/ggml/work/ggml/src/ggml-cpu/binary_ops.cpp:148:22:   required from here
/home/ggml/work/ggml/src/ggml-cpu/binary_ops.cpp:44:37: warning: cast from type ‘const float*’ to type ‘char*’ casts away qualifiers [-Wcast-qual]
/home/ggml/work/ggml/src/ggml-cpu/binary_ops.cpp: In instantiation of ‘void vec_binary_op_non_contiguous(int64_t, int64_t, int64_t, dst_t*, const src0_t*, const src1_t*) [with float (* op)(float, float) = op_mul; src0_t = float; src1_t = float; dst_t = float; int64_t = long int]’:
/home/ggml/work/ggml/src/ggml-cpu/binary_ops.cpp:111:45:   required from ‘void apply_binary_op(const ggml_compute_params*, ggml_tensor*) [with float (* op)(float, float) = op_mul; src0_t = float; src1_t = float; dst_t = float]’
/home/ggml/work/ggml/src/ggml-cpu/binary_ops.cpp:123:49:   required from ‘void binary_op(const ggml_compute_params*, ggml_tensor*) [with float (* op)(float, float) = op_mul]’
/home/ggml/work/ggml/src/ggml-cpu/binary_ops.cpp:152:22:   required from here
/home/ggml/work/ggml/src/ggml-cpu/binary_ops.cpp:44:37: warning: cast from type ‘const float*’ to type ‘char*’ casts away qualifiers [-Wcast-qual]
/home/ggml/work/ggml/src/ggml-cpu/binary_ops.cpp: In instantiation of ‘void vec_binary_op_non_contiguous(int64_t, int64_t, int64_t, dst_t*, const src0_t*, const src1_t*) [with float (* op)(float, float) = op_mul; src0_t = short unsigned int; src1_t = short unsigned int; dst_t = short unsigned int; int64_t = long int]’:
/home/ggml/work/ggml/src/ggml-cpu/binary_ops.cpp:111:45:   required from ‘void apply_binary_op(const ggml_compute_params*, ggml_tensor*) [with float (* op)(float, float) = op_mul; src0_t = short unsigned int; src1_t = short unsigned int; dst_t = short unsigned int]’
/home/ggml/work/ggml/src/ggml-cpu/binary_ops.cpp:125:67:   required from ‘void binary_op(const ggml_compute_params*, ggml_tensor*) [with float (* op)(float, float) = op_mul]’
/home/ggml/work/ggml/src/ggml-cpu/binary_ops.cpp:152:22:   required from here
/home/ggml/work/ggml/src/ggml-cpu/binary_ops.cpp:44:37: warning: cast from type ‘const short unsigned int*’ to type ‘char*’ casts away qualifiers [-Wcast-qual]
/home/ggml/work/ggml/src/ggml-cpu/binary_ops.cpp: In instantiation of ‘void vec_binary_op_non_contiguous(int64_t, int64_t, int64_t, dst_t*, const src0_t*, const src1_t*) [with float (* op)(float, float) = op_mul; src0_t = ggml_bf16_t; src1_t = ggml_bf16_t; dst_t = ggml_bf16_t; int64_t = long int]’:
/home/ggml/work/ggml/src/ggml-cpu/binary_ops.cpp:111:45:   required from ‘void apply_binary_op(const ggml_compute_params*, ggml_tensor*) [with float (* op)(float, float) = op_mul; src0_t = ggml_bf16_t; src1_t = ggml_bf16_t; dst_t = ggml_bf16_t]’
/home/ggml/work/ggml/src/ggml-cpu/binary_ops.cpp:127:67:   required from ‘void binary_op(const ggml_compute_params*, ggml_tensor*) [with float (* op)(float, float) = op_mul]’
/home/ggml/work/ggml/src/ggml-cpu/binary_ops.cpp:152:22:   required from here
/home/ggml/work/ggml/src/ggml-cpu/binary_ops.cpp:44:37: warning: cast from type ‘const ggml_bf16_t*’ to type ‘char*’ casts away qualifiers [-Wcast-qual]
/home/ggml/work/ggml/src/ggml-cpu/binary_ops.cpp: In instantiation of ‘void vec_binary_op_non_contiguous(int64_t, int64_t, int64_t, dst_t*, const src0_t*, const src1_t*) [with float (* op)(float, float) = op_mul; src0_t = ggml_bf16_t; src1_t = float; dst_t = ggml_bf16_t; int64_t = long int]’:
/home/ggml/work/ggml/src/ggml-cpu/binary_ops.cpp:111:45:   required from ‘void apply_binary_op(const ggml_compute_params*, ggml_tensor*) [with float (* op)(float, float) = op_mul; src0_t = ggml_bf16_t; src1_t = float; dst_t = ggml_bf16_t]’
/home/ggml/work/ggml/src/ggml-cpu/binary_ops.cpp:129:61:   required from ‘void binary_op(const ggml_compute_params*, ggml_tensor*) [with float (* op)(float, float) = op_mul]’
/home/ggml/work/ggml/src/ggml-cpu/binary_ops.cpp:152:22:   required from here
/home/ggml/work/ggml/src/ggml-cpu/binary_ops.cpp:44:37: warning: cast from type ‘const float*’ to type ‘char*’ casts away qualifiers [-Wcast-qual]
/home/ggml/work/ggml/src/ggml-cpu/binary_ops.cpp: In instantiation of ‘void vec_binary_op_non_contiguous(int64_t, int64_t, int64_t, dst_t*, const src0_t*, const src1_t*) [with float (* op)(float, float) = op_mul; src0_t = ggml_bf16_t; src1_t = float; dst_t = float; int64_t = long int]’:
/home/ggml/work/ggml/src/ggml-cpu/binary_ops.cpp:111:45:   required from ‘void apply_binary_op(const ggml_compute_params*, ggml_tensor*) [with float (* op)(float, float) = op_mul; src0_t = ggml_bf16_t; src1_t = float; dst_t = float]’
/home/ggml/work/ggml/src/ggml-cpu/binary_ops.cpp:131:55:   required from ‘void binary_op(const ggml_compute_params*, ggml_tensor*) [with float (* op)(float, float) = op_mul]’
/home/ggml/work/ggml/src/ggml-cpu/binary_ops.cpp:152:22:   required from here
/home/ggml/work/ggml/src/ggml-cpu/binary_ops.cpp:44:37: warning: cast from type ‘const float*’ to type ‘char*’ casts away qualifiers [-Wcast-qual]
/home/ggml/work/ggml/src/ggml-cpu/binary_ops.cpp: In instantiation of ‘void vec_binary_op_non_contiguous(int64_t, int64_t, int64_t, dst_t*, const src0_t*, const src1_t*) [with float (* op)(float, float) = op_mul; src0_t = short unsigned int; src1_t = float; dst_t = short unsigned int; int64_t = long int]’:
/home/ggml/work/ggml/src/ggml-cpu/binary_ops.cpp:111:45:   required from ‘void apply_binary_op(const ggml_compute_params*, ggml_tensor*) [with float (* op)(float, float) = op_mul; src0_t = short unsigned int; src1_t = float; dst_t = short unsigned int]’
/home/ggml/work/ggml/src/ggml-cpu/binary_ops.cpp:133:61:   required from ‘void binary_op(const ggml_compute_params*, ggml_tensor*) [with float (* op)(float, float) = op_mul]’
/home/ggml/work/ggml/src/ggml-cpu/binary_ops.cpp:152:22:   required from here
/home/ggml/work/ggml/src/ggml-cpu/binary_ops.cpp:44:37: warning: cast from type ‘const float*’ to type ‘char*’ casts away qualifiers [-Wcast-qual]
/home/ggml/work/ggml/src/ggml-cpu/binary_ops.cpp: In instantiation of ‘void vec_binary_op_non_contiguous(int64_t, int64_t, int64_t, dst_t*, const src0_t*, const src1_t*) [with float (* op)(float, float) = op_mul; src0_t = short unsigned int; src1_t = float; dst_t = float; int64_t = long int]’:
/home/ggml/work/ggml/src/ggml-cpu/binary_ops.cpp:111:45:   required from ‘void apply_binary_op(const ggml_compute_params*, ggml_tensor*) [with float (* op)(float, float) = op_mul; src0_t = short unsigned int; src1_t = float; dst_t = float]’
/home/ggml/work/ggml/src/ggml-cpu/binary_ops.cpp:135:55:   required from ‘void binary_op(const ggml_compute_params*, ggml_tensor*) [with float (* op)(float, float) = op_mul]’
/home/ggml/work/ggml/src/ggml-cpu/binary_ops.cpp:152:22:   required from here
/home/ggml/work/ggml/src/ggml-cpu/binary_ops.cpp:44:37: warning: cast from type ‘const float*’ to type ‘char*’ casts away qualifiers [-Wcast-qual]
/home/ggml/work/ggml/src/ggml-cpu/binary_ops.cpp: In instantiation of ‘void vec_binary_op_non_contiguous(int64_t, int64_t, int64_t, dst_t*, const src0_t*, const src1_t*) [with float (* op)(float, float) = op_div; src0_t = float; src1_t = float; dst_t = float; int64_t = long int]’:
/home/ggml/work/ggml/src/ggml-cpu/binary_ops.cpp:111:45:   required from ‘void apply_binary_op(const ggml_compute_params*, ggml_tensor*) [with float (* op)(float, float) = op_div; src0_t = float; src1_t = float; dst_t = float]’
/home/ggml/work/ggml/src/ggml-cpu/binary_ops.cpp:123:49:   required from ‘void binary_op(const ggml_compute_params*, ggml_tensor*) [with float (* op)(float, float) = op_div]’
/home/ggml/work/ggml/src/ggml-cpu/binary_ops.cpp:156:22:   required from here
/home/ggml/work/ggml/src/ggml-cpu/binary_ops.cpp:44:37: warning: cast from type ‘const float*’ to type ‘char*’ casts away qualifiers [-Wcast-qual]
/home/ggml/work/ggml/src/ggml-cpu/binary_ops.cpp: In instantiation of ‘void vec_binary_op_non_contiguous(int64_t, int64_t, int64_t, dst_t*, const src0_t*, const src1_t*) [with float (* op)(float, float) = op_div; src0_t = short unsigned int; src1_t = short unsigned int; dst_t = short unsigned int; int64_t = long int]’:
/home/ggml/work/ggml/src/ggml-cpu/binary_ops.cpp:111:45:   required from ‘void apply_binary_op(const ggml_compute_params*, ggml_tensor*) [with float (* op)(float, float) = op_div; src0_t = short unsigned int; src1_t = short unsigned int; dst_t = short unsigned int]’
/home/ggml/work/ggml/src/ggml-cpu/binary_ops.cpp:125:67:   required from ‘void binary_op(const ggml_compute_params*, ggml_tensor*) [with float (* op)(float, float) = op_div]’
/home/ggml/work/ggml/src/ggml-cpu/binary_ops.cpp:156:22:   required from here
/home/ggml/work/ggml/src/ggml-cpu/binary_ops.cpp:44:37: warning: cast from type ‘const short unsigned int*’ to type ‘char*’ casts away qualifiers [-Wcast-qual]
/home/ggml/work/ggml/src/ggml-cpu/binary_ops.cpp: In instantiation of ‘void vec_binary_op_non_contiguous(int64_t, int64_t, int64_t, dst_t*, const src0_t*, const src1_t*) [with float (* op)(float, float) = op_div; src0_t = ggml_bf16_t; src1_t = ggml_bf16_t; dst_t = ggml_bf16_t; int64_t = long int]’:
/home/ggml/work/ggml/src/ggml-cpu/binary_ops.cpp:111:45:   required from ‘void apply_binary_op(const ggml_compute_params*, ggml_tensor*) [with float (* op)(float, float) = op_div; src0_t = ggml_bf16_t; src1_t = ggml_bf16_t; dst_t = ggml_bf16_t]’
/home/ggml/work/ggml/src/ggml-cpu/binary_ops.cpp:127:67:   required from ‘void binary_op(const ggml_compute_params*, ggml_tensor*) [with float (* op)(float, float) = op_div]’
/home/ggml/work/ggml/src/ggml-cpu/binary_ops.cpp:156:22:   required from here
/home/ggml/work/ggml/src/ggml-cpu/binary_ops.cpp:44:37: warning: cast from type ‘const ggml_bf16_t*’ to type ‘char*’ casts away qualifiers [-Wcast-qual]
/home/ggml/work/ggml/src/ggml-cpu/binary_ops.cpp: In instantiation of ‘void vec_binary_op_non_contiguous(int64_t, int64_t, int64_t, dst_t*, const src0_t*, const src1_t*) [with float (* op)(float, float) = op_div; src0_t = ggml_bf16_t; src1_t = float; dst_t = ggml_bf16_t; int64_t = long int]’:
/home/ggml/work/ggml/src/ggml-cpu/binary_ops.cpp:111:45:   required from ‘void apply_binary_op(const ggml_compute_params*, ggml_tensor*) [with float (* op)(float, float) = op_div; src0_t = ggml_bf16_t; src1_t = float; dst_t = ggml_bf16_t]’
/home/ggml/work/ggml/src/ggml-cpu/binary_ops.cpp:129:61:   required from ‘void binary_op(const ggml_compute_params*, ggml_tensor*) [with float (* op)(float, float) = op_div]’
/home/ggml/work/ggml/src/ggml-cpu/binary_ops.cpp:156:22:   required from here
/home/ggml/work/ggml/src/ggml-cpu/binary_ops.cpp:44:37: warning: cast from type ‘const float*’ to type ‘char*’ casts away qualifiers [-Wcast-qual]
/home/ggml/work/ggml/src/ggml-cpu/binary_ops.cpp: In instantiation of ‘void vec_binary_op_non_contiguous(int64_t, int64_t, int64_t, dst_t*, const src0_t*, const src1_t*) [with float (* op)(float, float) = op_div; src0_t = ggml_bf16_t; src1_t = float; dst_t = float; int64_t = long int]’:
/home/ggml/work/ggml/src/ggml-cpu/binary_ops.cpp:111:45:   required from ‘void apply_binary_op(const ggml_compute_params*, ggml_tensor*) [with float (* op)(float, float) = op_div; src0_t = ggml_bf16_t; src1_t = float; dst_t = float]’
/home/ggml/work/ggml/src/ggml-cpu/binary_ops.cpp:131:55:   required from ‘void binary_op(const ggml_compute_params*, ggml_tensor*) [with float (* op)(float, float) = op_div]’
/home/ggml/work/ggml/src/ggml-cpu/binary_ops.cpp:156:22:   required from here
/home/ggml/work/ggml/src/ggml-cpu/binary_ops.cpp:44:37: warning: cast from type ‘const float*’ to type ‘char*’ casts away qualifiers [-Wcast-qual]
/home/ggml/work/ggml/src/ggml-cpu/binary_ops.cpp: In instantiation of ‘void vec_binary_op_non_contiguous(int64_t, int64_t, int64_t, dst_t*, const src0_t*, const src1_t*) [with float (* op)(float, float) = op_div; src0_t = short unsigned int; src1_t = float; dst_t = short unsigned int; int64_t = long int]’:
/home/ggml/work/ggml/src/ggml-cpu/binary_ops.cpp:111:45:   required from ‘void apply_binary_op(const ggml_compute_params*, ggml_tensor*) [with float (* op)(float, float) = op_div; src0_t = short unsigned int; src1_t = float; dst_t = short unsigned int]’
/home/ggml/work/ggml/src/ggml-cpu/binary_ops.cpp:133:61:   required from ‘void binary_op(const ggml_compute_params*, ggml_tensor*) [with float (* op)(float, float) = op_div]’
/home/ggml/work/ggml/src/ggml-cpu/binary_ops.cpp:156:22:   required from here
/home/ggml/work/ggml/src/ggml-cpu/binary_ops.cpp:44:37: warning: cast from type ‘const float*’ to type ‘char*’ casts away qualifiers [-Wcast-qual]
/home/ggml/work/ggml/src/ggml-cpu/binary_ops.cpp: In instantiation of ‘void vec_binary_op_non_contiguous(int64_t, int64_t, int64_t, dst_t*, const src0_t*, const src1_t*) [with float (* op)(float, float) = op_div; src0_t = short unsigned int; src1_t = float; dst_t = float; int64_t = long int]’:
/home/ggml/work/ggml/src/ggml-cpu/binary_ops.cpp:111:45:   required from ‘void apply_binary_op(const ggml_compute_params*, ggml_tensor*) [with float (* op)(float, float) = op_div; src0_t = short unsigned int; src1_t = float; dst_t = float]’
/home/ggml/work/ggml/src/ggml-cpu/binary_ops.cpp:135:55:   required from ‘void binary_op(const ggml_compute_params*, ggml_tensor*) [with float (* op)(float, float) = op_div]’
/home/ggml/work/ggml/src/ggml-cpu/binary_ops.cpp:156:22:   required from here
/home/ggml/work/ggml/src/ggml-cpu/binary_ops.cpp:44:37: warning: cast from type ‘const float*’ to type ‘char*’ casts away qualifiers [-Wcast-qual]
/home/ggml/work/ggml/src/ggml-cpu/ggml-cpu.c: In function ‘ggml_compute_forward_add’:
/home/ggml/work/ggml/src/ggml-cpu/ggml-cpu.c:4373:32: warning: unused variable ‘src1’ [-Wunused-variable]
 4373 |     const struct ggml_tensor * src1 = dst->src[1];
      |                                ^~~~
[ 20%] Linking CXX shared library libggml-cpu.so
[ 20%] Built target ggml-cpu
[ 21%] Building CXX object src/CMakeFiles/ggml.dir/ggml-backend-reg.cpp.o
[ 22%] Linking CXX shared library libggml.so
[ 22%] Built target ggml
[ 23%] Building C object tests/CMakeFiles/test-vec0.dir/test-vec0.c.o
[ 25%] Building CXX object tests/CMakeFiles/test-opt.dir/test-opt.cpp.o
[ 25%] Building C object tests/CMakeFiles/test-vec1.dir/test-vec1.c.o
[ 27%] Building CXX object tests/CMakeFiles/test-quantize-perf.dir/test-quantize-perf.cpp.o
[ 27%] Building CXX object tests/CMakeFiles/test-quantize-fns.dir/test-quantize-fns.cpp.o
[ 28%] Building C object tests/CMakeFiles/test-mul-mat0.dir/test-mul-mat0.c.o
[ 29%] Building C object tests/CMakeFiles/test-mul-mat2.dir/test-mul-mat2.c.o
[ 30%] Building C object tests/CMakeFiles/test-pool.dir/test-pool.c.o
[ 31%] Linking C executable ../bin/test-vec0
[ 32%] Building C object tests/CMakeFiles/test0.dir/test0.c.o
[ 35%] Linking C executable ../bin/test-mul-mat0
[ 35%] Linking C executable ../bin/test-vec1
[ 35%] Linking CXX executable ../bin/test-quantize-fns
[ 36%] Linking CXX executable ../bin/test-opt
[ 37%] Building CXX object tests/CMakeFiles/test-arange.dir/test-arange.cpp.o
[ 38%] Building CXX object tests/CMakeFiles/test-timestep_embedding.dir/test-timestep_embedding.cpp.o
[ 39%] Linking C executable ../bin/test-mul-mat2
[ 40%] Linking CXX executable ../bin/test-quantize-perf
[ 41%] Linking C executable ../bin/test0
[ 42%] Linking C executable ../bin/test-pool
[ 43%] Building C object tests/CMakeFiles/test-conv-transpose.dir/test-conv-transpose.c.o
[ 44%] Linking CXX executable ../bin/test-timestep_embedding
[ 45%] Building CXX object tests/CMakeFiles/test-pad-reflect-1d.dir/test-pad-reflect-1d.cpp.o
[ 46%] Linking CXX executable ../bin/test-arange
[ 47%] Building CXX object tests/CMakeFiles/test-conv-transpose-1d.dir/test-conv-transpose-1d.cpp.o
[ 48%] Building C object tests/CMakeFiles/test-rel-pos.dir/test-rel-pos.c.o
[ 49%] Linking C executable ../bin/test-conv-transpose
[ 50%] Building C object tests/CMakeFiles/test-dup.dir/test-dup.c.o
[ 50%] Built target test-vec0
[ 50%] Built target test-vec1
[ 51%] Building C object tests/CMakeFiles/test-customop.dir/test-customop.c.o
[ 52%] Linking CXX executable ../bin/test-pad-reflect-1d
[ 53%] Building CXX object tests/CMakeFiles/test-conv1d.dir/test-conv1d.cpp.o
[ 54%] Linking C executable ../bin/test-rel-pos
[ 54%] Built target test-mul-mat0
[ 55%] Linking CXX executable ../bin/test-conv-transpose-1d
[ 56%] Building CXX object tests/CMakeFiles/test-conv2d.dir/test-conv2d.cpp.o
[ 57%] Linking C executable ../bin/test-customop
[ 58%] Linking C executable ../bin/test-dup
[ 59%] Linking CXX executable ../bin/test-conv2d
[ 60%] Linking CXX executable ../bin/test-conv1d
[ 60%] Built target test-quantize-fns
[ 60%] Built target test-quantize-perf
[ 60%] Built target test-pool
[ 60%] Built target test0
[ 60%] Built target test-mul-mat2
[ 60%] Built target test-timestep_embedding
[ 61%] Building CXX object tests/CMakeFiles/test-mul-mat.dir/test-mul-mat.cpp.o
[ 61%] Built target test-conv-transpose
[ 61%] Built target test-opt
[ 62%] Linking CXX executable ../bin/test-mul-mat
[ 62%] Built target test-rel-pos
[ 62%] Built target test-conv-transpose-1d
[ 62%] Built target test-arange
[ 63%] Building CXX object tests/CMakeFiles/test-backend-ops.dir/test-backend-ops.cpp.o
[ 64%] Building C object tests/CMakeFiles/test-cont.dir/test-cont.c.o
[ 64%] Built target test-dup
[ 65%] Linking C executable ../bin/test-cont
[ 66%] Building CXX object examples/simple/CMakeFiles/simple-ctx.dir/simple-ctx.cpp.o
[ 66%] Building CXX object examples/simple/CMakeFiles/simple-backend.dir/simple-backend.cpp.o
[ 67%] Building CXX object examples/mnist/CMakeFiles/mnist-common.dir/mnist-common.cpp.o
[ 68%] Building CXX object examples/CMakeFiles/common-ggml.dir/common-ggml.cpp.o
[ 69%] Building CXX object examples/sam/CMakeFiles/sam.dir/main.cpp.o
[ 70%] Linking CXX executable ../../bin/simple-backend
[ 70%] Built target test-pad-reflect-1d
[ 71%] Building CXX object examples/yolo/CMakeFiles/yolov3-tiny.dir/yolo-image.cpp.o
[ 72%] Linking CXX static library libmnist-common.a
[ 72%] Built target test-customop
[ 73%] Linking CXX executable ../../bin/simple-ctx
[ 74%] Building CXX object examples/yolo/CMakeFiles/yolov3-tiny.dir/yolov3-tiny.cpp.o
[ 74%] Built target test-conv2d
[ 75%] Linking CXX executable ../../bin/sam
[ 76%] Linking CXX static library libcommon-ggml.a
[ 76%] Built target mnist-common
[ 77%] Building CXX object examples/mnist/CMakeFiles/mnist-train.dir/mnist-train.cpp.o
[ 78%] Linking CXX executable ../bin/test-backend-ops
[ 79%] Linking CXX executable ../../bin/yolov3-tiny
[ 80%] Linking CXX executable ../../bin/mnist-train
[ 81%] Building CXX object examples/mnist/CMakeFiles/mnist-eval.dir/mnist-eval.cpp.o
[ 81%] Built target test-conv1d
[ 82%] Linking CXX executable ../../bin/mnist-eval
[ 82%] Built target common-ggml
[ 82%] Built target test-mul-mat
[ 82%] Built target test-cont
[ 83%] Building CXX object examples/gpt-2/CMakeFiles/gpt-2-alloc.dir/main-alloc.cpp.o
[ 84%] Building CXX object examples/gpt-2/CMakeFiles/gpt-2-ctx.dir/main-ctx.cpp.o
[ 85%] Building CXX object examples/gpt-2/CMakeFiles/gpt-2-backend.dir/main-backend.cpp.o
[ 85%] Built target simple-ctx
[ 86%] Building CXX object examples/gpt-2/CMakeFiles/gpt-2-sched.dir/main-sched.cpp.o
[ 86%] Built target simple-backend
[ 87%] Building CXX object examples/gpt-2/CMakeFiles/gpt-2-quantize.dir/quantize.cpp.o
[ 88%] Linking CXX executable ../../bin/gpt-2-alloc
[ 89%] Linking CXX executable ../../bin/gpt-2-backend
[ 90%] Linking CXX executable ../../bin/gpt-2-ctx
[ 91%] Linking CXX executable ../../bin/gpt-2-sched
[ 92%] Building CXX object examples/gpt-2/CMakeFiles/gpt-2-batched.dir/main-batched.cpp.o
[ 93%] Linking CXX executable ../../bin/gpt-2-quantize
[ 94%] Building CXX object examples/gpt-j/CMakeFiles/gpt-j.dir/main.cpp.o
[ 95%] Built target sam
[ 95%] Building CXX object examples/gpt-j/CMakeFiles/gpt-j-quantize.dir/quantize.cpp.o
[ 95%] Built target mnist-train
[ 95%] Built target yolov3-tiny
[ 96%] Linking CXX executable ../../bin/gpt-2-batched
[ 97%] Building CXX object examples/magika/CMakeFiles/magika.dir/main.cpp.o
[ 97%] Built target mnist-eval
[ 98%] Linking CXX executable ../../bin/gpt-j
[ 99%] Linking CXX executable ../../bin/gpt-j-quantize
[100%] Linking CXX executable ../../bin/magika
[100%] Built target test-backend-ops
[100%] Built target gpt-2-alloc
[100%] Built target gpt-2-backend
[100%] Built target gpt-2-quantize
[100%] Built target gpt-2-ctx
[100%] Built target gpt-j-quantize
[100%] Built target gpt-2-batched
[100%] Built target gpt-2-sched
[100%] Built target magika
[100%] Built target gpt-j

real	0m1.781s
user	0m6.262s
sys	0m1.421s
+ ctest --output-on-failure -E test-opt
Test project /home/ggml/work/ggml/build-ci-debug
      Start  1: test-quantize-fns
 1/19 Test  #1: test-quantize-fns ................   Passed   30.73 sec
      Start  2: test-quantize-perf
 2/19 Test  #2: test-quantize-perf ...............   Passed    0.62 sec
      Start  3: test-mul-mat0
 3/19 Test  #3: test-mul-mat0 ....................   Passed    0.56 sec
      Start  4: test-mul-mat2
 4/19 Test  #4: test-mul-mat2 ....................   Passed    6.57 sec
      Start  5: test0
 5/19 Test  #5: test0 ............................   Passed    0.00 sec
      Start  6: test-pool
 6/19 Test  #6: test-pool ........................   Passed    0.01 sec
      Start  7: test-arange
 7/19 Test  #7: test-arange ......................   Passed    0.01 sec
      Start  8: test-timestep_embedding
 8/19 Test  #8: test-timestep_embedding ..........   Passed    0.00 sec
      Start  9: test-pad-reflect-1d
 9/19 Test  #9: test-pad-reflect-1d ..............   Passed    0.01 sec
      Start 10: test-conv-transpose
10/19 Test #10: test-conv-transpose ..............   Passed    0.00 sec
      Start 11: test-conv-transpose-1d
11/19 Test #11: test-conv-transpose-1d ...........   Passed    0.02 sec
      Start 12: test-dup
12/19 Test #12: test-dup .........................   Passed    0.01 sec
      Start 13: test-rel-pos
13/19 Test #13: test-rel-pos .....................   Passed    0.01 sec
      Start 14: test-customop
14/19 Test #14: test-customop ....................   Passed    0.01 sec
      Start 15: test-conv1d
15/19 Test #15: test-conv1d ......................   Passed    0.01 sec
      Start 16: test-conv2d
16/19 Test #16: test-conv2d ......................   Passed    0.01 sec
      Start 17: test-mul-mat
17/19 Test #17: test-mul-mat .....................   Passed    0.01 sec
      Start 18: test-backend-ops
18/19 Test #18: test-backend-ops .................   Passed    0.01 sec
      Start 19: test-cont
19/19 Test #19: test-cont ........................   Passed    0.01 sec

100% tests passed, 0 tests failed out of 19

Total Test time (real) =  38.59 sec

real	0m38.658s
user	0m38.219s
sys	0m0.178s
