+ cmake -DCMAKE_BUILD_TYPE=Debug ..
-- The C compiler identification is GNU 11.4.0
-- The CXX compiler identification is GNU 11.4.0
-- Detecting C compiler ABI info
-- Detecting C compiler ABI info - done
-- Check for working C compiler: /usr/bin/cc - skipped
-- Detecting C compile features
-- Detecting C compile features - done
-- Detecting CXX compiler ABI info
-- Detecting CXX compiler ABI info - done
-- Check for working CXX compiler: /usr/bin/c++ - skipped
-- Detecting CXX compile features
-- Detecting CXX compile features - done
-- Looking for pthread.h
-- Looking for pthread.h - found
-- Performing Test CMAKE_HAVE_LIBC_PTHREAD
-- Performing Test CMAKE_HAVE_LIBC_PTHREAD - Success
-- Found Threads: TRUE  
-- Found OpenMP_C: -fopenmp (found version "4.5") 
-- Found OpenMP_CXX: -fopenmp (found version "4.5") 
-- Found OpenMP: TRUE (found version "4.5")  
-- OpenMP found
-- ccache found, compilation results will be cached. Disable with GGML_CCACHE=OFF.
-- CMAKE_SYSTEM_PROCESSOR: aarch64
-- ARM detected
-- Performing Test COMPILER_SUPPORTS_FP16_FORMAT_I3E
-- Performing Test COMPILER_SUPPORTS_FP16_FORMAT_I3E - Failed
-- ARM detected
-- Configuring done
-- Generating done
-- Build files have been written to: /home/ggml/work/ggml/build-ci-debug

real	0m0.855s
user	0m0.550s
sys	0m0.308s
+ make -j
[  2%] Building C object src/CMakeFiles/ggml.dir/ggml.c.o
[  2%] Building CXX object examples/CMakeFiles/common.dir/common.cpp.o
[  3%] Building C object src/CMakeFiles/ggml.dir/ggml-cpu.c.o
[  5%] Building CXX object src/CMakeFiles/ggml.dir/ggml-backend.cpp.o
[  6%] Building C object src/CMakeFiles/ggml.dir/ggml-alloc.c.o
[  7%] Building C object src/CMakeFiles/ggml.dir/ggml-aarch64.c.o
[  8%] Building C object src/CMakeFiles/ggml.dir/ggml-quants.c.o
[ 10%] Linking CXX static library libcommon.a
[ 10%] Built target common
[ 11%] Linking CXX shared library libggml.so
[ 11%] Built target ggml
[ 12%] Building CXX object tests/CMakeFiles/test-grad0.dir/test-grad0.cpp.o
[ 13%] Building C object tests/CMakeFiles/test-vec0.dir/test-vec0.c.o
[ 15%] Building CXX object tests/CMakeFiles/test-quantize-fns.dir/test-quantize-fns.cpp.o
[ 16%] Building C object tests/CMakeFiles/test-mul-mat0.dir/test-mul-mat0.c.o
[ 18%] Building C object tests/CMakeFiles/test-mul-mat2.dir/test-mul-mat2.c.o
[ 18%] Building CXX object tests/CMakeFiles/test-quantize-perf.dir/test-quantize-perf.cpp.o
[ 20%] Building C object tests/CMakeFiles/test0.dir/test0.c.o
[ 21%] Building C object tests/CMakeFiles/test1.dir/test1.c.o
[ 22%] Building CXX object tests/CMakeFiles/test-arange.dir/test-arange.cpp.o
[ 23%] Building CXX object tests/CMakeFiles/test-timestep_embedding.dir/test-timestep_embedding.cpp.o
[ 25%] Building C object tests/CMakeFiles/test-pool.dir/test-pool.c.o
[ 26%] Building C object tests/CMakeFiles/test-conv-transpose.dir/test-conv-transpose.c.o
[ 27%] Building CXX object tests/CMakeFiles/test-conv-transpose-1d.dir/test-conv-transpose-1d.cpp.o
[ 28%] Linking C executable ../bin/test-vec0
[ 30%] Building C object tests/CMakeFiles/test-customop.dir/test-customop.c.o
[ 31%] Building C object tests/CMakeFiles/test-dup.dir/test-dup.c.o
[ 32%] Building C object tests/CMakeFiles/test-cont.dir/test-cont.c.o
[ 33%] Building C object tests/CMakeFiles/test-rel-pos.dir/test-rel-pos.c.o
[ 35%] Building CXX object tests/CMakeFiles/test-conv1d.dir/test-conv1d.cpp.o
[ 36%] Linking C executable ../bin/test0
[ 35%] Built target test-vec0
[ 38%] Linking CXX executable ../bin/test-arange
[ 38%] Building CXX object tests/CMakeFiles/test-conv2d.dir/test-conv2d.cpp.o
[ 40%] Linking C executable ../bin/test-mul-mat0
[ 41%] Linking C executable ../bin/test-dup
[ 42%] Building CXX object tests/CMakeFiles/test-mul-mat.dir/test-mul-mat.cpp.o
[ 43%] Linking C executable ../bin/test-conv-transpose
[ 45%] Linking C executable ../bin/test1
[ 46%] Building CXX object tests/CMakeFiles/test-backend-ops.dir/test-backend-ops.cpp.o
[ 47%] Linking C executable ../bin/test-rel-pos
[ 48%] Building CXX object examples/CMakeFiles/common-ggml.dir/common-ggml.cpp.o
[ 50%] Building CXX object examples/sam/CMakeFiles/sam.dir/main.cpp.o
[ 51%] Linking C executable ../bin/test-pool
[ 52%] Building CXX object examples/yolo/CMakeFiles/yolov3-tiny.dir/yolo-image.cpp.o
[ 53%] Building CXX object examples/yolo/CMakeFiles/yolov3-tiny.dir/yolov3-tiny.cpp.o
[ 55%] Building CXX object examples/simple/CMakeFiles/simple-backend.dir/simple-backend.cpp.o
[ 56%] Building CXX object examples/simple/CMakeFiles/simple-ctx.dir/simple-ctx.cpp.o
[ 57%] Linking C executable ../bin/test-cont
[ 58%] Linking C executable ../bin/test-customop
[ 58%] Built target test-conv-transpose
[ 58%] Built target test0
[ 58%] Built target test-dup
[ 58%] Built target test-pool
[ 58%] Built target test-mul-mat0
[ 58%] Built target test-cont
[ 58%] Built target test-rel-pos
[ 58%] Built target test1
[ 58%] Built target test-arange
[ 58%] Built target test-customop
[ 60%] Linking CXX executable ../bin/test-timestep_embedding
[ 61%] Linking CXX executable ../bin/test-quantize-fns
[ 62%] Linking C executable ../bin/test-mul-mat2
[ 62%] Built target test-timestep_embedding
[ 63%] Linking CXX executable ../bin/test-grad0
[ 63%] Built target test-quantize-fns
[ 63%] Built target test-mul-mat2
[ 65%] Linking CXX executable ../../bin/simple-backend
[ 65%] Built target test-grad0
[ 66%] Linking CXX executable ../bin/test-conv1d
[ 67%] Linking CXX executable ../../bin/simple-ctx
[ 67%] Built target simple-backend
[ 68%] Linking CXX executable ../bin/test-mul-mat
[ 68%] Built target simple-ctx
[ 68%] Built target test-conv1d
[ 68%] Built target test-mul-mat
[ 70%] Linking CXX executable ../bin/test-conv2d
[ 70%] Built target test-conv2d
[ 71%] Linking CXX executable ../bin/test-conv-transpose-1d
[ 72%] Linking CXX executable ../bin/test-quantize-perf
[ 72%] Built target test-conv-transpose-1d
[ 72%] Built target test-quantize-perf
[ 73%] Linking CXX executable ../../bin/yolov3-tiny
[ 73%] Built target yolov3-tiny
[ 75%] Linking CXX executable ../../bin/sam
[ 75%] Built target sam
[ 76%] Linking CXX static library libcommon-ggml.a
[ 76%] Built target common-ggml
[ 81%] Building CXX object examples/gpt-2/CMakeFiles/gpt-2-ctx.dir/main-ctx.cpp.o
[ 81%] Building CXX object examples/gpt-2/CMakeFiles/gpt-2-backend.dir/main-backend.cpp.o
[ 81%] Building CXX object examples/gpt-2/CMakeFiles/gpt-2-quantize.dir/quantize.cpp.o
[ 81%] Building CXX object examples/gpt-2/CMakeFiles/gpt-2-alloc.dir/main-alloc.cpp.o
[ 83%] Building CXX object examples/gpt-2/CMakeFiles/gpt-2-batched.dir/main-batched.cpp.o
[ 83%] Building CXX object examples/gpt-2/CMakeFiles/gpt-2-sched.dir/main-sched.cpp.o
[ 85%] Linking CXX executable ../bin/test-backend-ops
[ 86%] Building CXX object examples/gpt-j/CMakeFiles/gpt-j.dir/main.cpp.o
[ 88%] Building CXX object examples/gpt-j/CMakeFiles/gpt-j-quantize.dir/quantize.cpp.o
[ 88%] Building CXX object examples/magika/CMakeFiles/magika.dir/main.cpp.o
[ 88%] Built target test-backend-ops
[ 90%] Linking CXX executable ../../bin/magika
[ 90%] Built target magika
[ 91%] Linking CXX executable ../../bin/gpt-2-quantize
[ 92%] Linking CXX executable ../../bin/gpt-j
[ 92%] Built target gpt-2-quantize
[ 93%] Linking CXX executable ../../bin/gpt-2-ctx
[ 95%] Linking CXX executable ../../bin/gpt-j-quantize
[ 96%] Linking CXX executable ../../bin/gpt-2-alloc
[ 96%] Built target gpt-j
[ 97%] Linking CXX executable ../../bin/gpt-2-batched
[ 98%] Linking CXX executable ../../bin/gpt-2-backend
[ 98%] Built target gpt-2-ctx
[ 98%] Built target gpt-j-quantize
[ 98%] Built target gpt-2-alloc
[100%] Linking CXX executable ../../bin/gpt-2-sched
[100%] Built target gpt-2-batched
[100%] Built target gpt-2-backend
[100%] Built target gpt-2-sched

real	0m6.861s
user	0m30.276s
sys	0m4.690s
+ ctest --output-on-failure -E test-opt
Test project /home/ggml/work/ggml/build-ci-debug
      Start  1: test-grad0
 1/20 Test  #1: test-grad0 .......................   Passed    0.66 sec
      Start  2: test-quantize-fns
 2/20 Test  #2: test-quantize-fns ................   Passed   35.05 sec
      Start  3: test-quantize-perf
 3/20 Test  #3: test-quantize-perf ...............   Passed    9.95 sec
      Start  4: test-mul-mat0
 4/20 Test  #4: test-mul-mat0 ....................   Passed    0.55 sec
      Start  5: test-mul-mat2
 5/20 Test  #5: test-mul-mat2 ....................   Passed    8.55 sec
      Start  6: test0
 6/20 Test  #6: test0 ............................   Passed    0.00 sec
      Start  7: test1
 7/20 Test  #7: test1 ............................   Passed    0.01 sec
      Start  8: test-pool
 8/20 Test  #8: test-pool ........................   Passed    0.01 sec
      Start  9: test-arange
 9/20 Test  #9: test-arange ......................   Passed    0.01 sec
      Start 10: test-timestep_embedding
10/20 Test #10: test-timestep_embedding ..........   Passed    0.01 sec
      Start 11: test-conv-transpose
11/20 Test #11: test-conv-transpose ..............   Passed    0.01 sec
      Start 12: test-conv-transpose-1d
12/20 Test #12: test-conv-transpose-1d ...........   Passed    0.02 sec
      Start 13: test-dup
13/20 Test #13: test-dup .........................   Passed    0.01 sec
      Start 14: test-rel-pos
14/20 Test #14: test-rel-pos .....................   Passed    0.01 sec
      Start 15: test-customop
15/20 Test #15: test-customop ....................   Passed    0.01 sec
      Start 16: test-conv1d
16/20 Test #16: test-conv1d ......................   Passed    0.01 sec
      Start 17: test-conv2d
17/20 Test #17: test-conv2d ......................   Passed    0.01 sec
      Start 18: test-mul-mat
18/20 Test #18: test-mul-mat .....................   Passed    0.01 sec
      Start 19: test-backend-ops
19/20 Test #19: test-backend-ops .................   Passed    0.01 sec
      Start 20: test-cont
20/20 Test #20: test-cont ........................   Passed    0.01 sec

100% tests passed, 0 tests failed out of 20

Total Test time (real) =  54.88 sec

real	0m54.884s
user	0m55.948s
sys	0m0.286s
