+ cmake -DCMAKE_BUILD_TYPE=Debug -DLLAMA_FATAL_WARNINGS=ON ..
-- The C compiler identification is GNU 11.4.0
-- The CXX compiler identification is GNU 11.4.0
-- Detecting C compiler ABI info
-- Detecting C compiler ABI info - done
-- Check for working C compiler: /usr/bin/cc - skipped
-- Detecting C compile features
-- Detecting C compile features - done
-- Detecting CXX compiler ABI info
-- Detecting CXX compiler ABI info - done
-- Check for working CXX compiler: /usr/bin/c++ - skipped
-- Detecting CXX compile features
-- Detecting CXX compile features - done
-- Found Git: /usr/bin/git (found version "2.34.1") 
-- Performing Test CMAKE_HAVE_LIBC_PTHREAD
-- Performing Test CMAKE_HAVE_LIBC_PTHREAD - Success
-- Found Threads: TRUE  
-- Found OpenMP_C: -fopenmp (found version "4.5") 
-- Found OpenMP_CXX: -fopenmp (found version "4.5") 
-- Found OpenMP: TRUE (found version "4.5")  
-- OpenMP found
-- Using llamafile
-- ccache found, compilation results will be cached. Disable with GGML_CCACHE=OFF.
-- CMAKE_SYSTEM_PROCESSOR: x86_64
-- x86 detected
-- Configuring done (0.6s)
-- Generating done (0.1s)
-- Build files have been written to: /home/ggml/work/llama.cpp/build-ci-debug

real	0m0.695s
user	0m0.504s
sys	0m0.194s
++ nproc
+ make -j4
[  0%] Generating build details from Git
[  2%] Building C object ggml/src/CMakeFiles/ggml.dir/ggml.c.o
[  2%] Building C object examples/gguf-hash/CMakeFiles/xxhash.dir/deps/xxhash/xxhash.c.o
[  2%] Building C object examples/gguf-hash/CMakeFiles/sha256.dir/deps/sha256/sha256.c.o
-- Found Git: /usr/bin/git (found version "2.34.1") 
[  2%] Built target sha256
[  2%] Built target xxhash
[  3%] Building C object ggml/src/CMakeFiles/ggml.dir/ggml-alloc.c.o
[  3%] Building C object ggml/src/CMakeFiles/ggml.dir/ggml-backend.c.o
[  4%] Building C object examples/gguf-hash/CMakeFiles/sha1.dir/deps/sha1/sha1.c.o
[  5%] Building C object ggml/src/CMakeFiles/ggml.dir/ggml-quants.c.o
[  6%] Building CXX object common/CMakeFiles/build_info.dir/build-info.cpp.o
[  6%] Built target sha1
[  6%] Building CXX object ggml/src/CMakeFiles/ggml.dir/llamafile/sgemm.cpp.o
[  7%] Building C object ggml/src/CMakeFiles/ggml.dir/ggml-aarch64.c.o
[  8%] Linking CXX shared library libggml.so
[  8%] Built target build_info
[  8%] Built target ggml
[  9%] Building CXX object examples/gguf-hash/CMakeFiles/llama-gguf-hash.dir/gguf-hash.cpp.o
[  9%] Building CXX object examples/gguf/CMakeFiles/llama-gguf.dir/gguf.cpp.o
[ 10%] Building CXX object src/CMakeFiles/llama.dir/llama.cpp.o
[ 10%] Building CXX object src/CMakeFiles/llama.dir/llama-vocab.cpp.o
[ 11%] Linking CXX executable ../../bin/llama-gguf-hash
[ 11%] Linking CXX executable ../../bin/llama-gguf
[ 11%] Building CXX object src/CMakeFiles/llama.dir/llama-grammar.cpp.o
[ 12%] Building CXX object src/CMakeFiles/llama.dir/llama-sampling.cpp.o
[ 13%] Building CXX object src/CMakeFiles/llama.dir/unicode.cpp.o
[ 13%] Building CXX object src/CMakeFiles/llama.dir/unicode-data.cpp.o
[ 14%] Linking CXX shared library libllama.so
[ 14%] Built target llama-gguf-hash
[ 14%] Built target llama-gguf
[ 14%] Built target llama
[ 14%] Building CXX object common/CMakeFiles/common.dir/common.cpp.o
[ 14%] Building CXX object examples/llava/CMakeFiles/llava.dir/llava.cpp.o
[ 15%] Building C object tests/CMakeFiles/test-c.dir/test-c.c.o
[ 15%] Building CXX object examples/benchmark/CMakeFiles/llama-bench-matmult.dir/benchmark-matmult.cpp.o
[ 16%] Linking C executable ../bin/test-c
[ 17%] Building CXX object examples/llava/CMakeFiles/llava.dir/clip.cpp.o
[ 18%] Linking CXX executable ../../bin/llama-bench-matmult
[ 19%] Building CXX object common/CMakeFiles/common.dir/sampling.cpp.o
[ 19%] Built target llava
[ 19%] Built target test-c
[ 20%] Building CXX object examples/quantize-stats/CMakeFiles/llama-quantize-stats.dir/quantize-stats.cpp.o
[ 20%] Building CXX object common/CMakeFiles/common.dir/console.cpp.o
[ 21%] Linking CXX static library libllava_static.a
[ 22%] Building CXX object common/CMakeFiles/common.dir/grammar-parser.cpp.o
[ 22%] Linking CXX executable ../../bin/llama-quantize-stats
[ 23%] Building CXX object common/CMakeFiles/common.dir/json-schema-to-grammar.cpp.o
[ 23%] Built target llama-bench-matmult
[ 23%] Building CXX object common/CMakeFiles/common.dir/train.cpp.o
[ 23%] Linking CXX shared library libllava_shared.so
[ 24%] Building CXX object common/CMakeFiles/common.dir/ngram-cache.cpp.o
[ 24%] Built target llava_static
[ 24%] Linking CXX static library libcommon.a
[ 24%] Built target llava_shared
[ 24%] Built target llama-quantize-stats
[ 24%] Built target common
[ 25%] Building CXX object tests/CMakeFiles/test-tokenizer-0.dir/test-tokenizer-0.cpp.o
[ 25%] Building CXX object tests/CMakeFiles/test-tokenizer-1-spm.dir/test-tokenizer-1-spm.cpp.o
[ 25%] Building CXX object tests/CMakeFiles/test-tokenizer-1-bpe.dir/test-tokenizer-1-bpe.cpp.o
[ 26%] Building CXX object tests/CMakeFiles/test-quantize-fns.dir/test-quantize-fns.cpp.o
[ 26%] Building CXX object tests/CMakeFiles/test-quantize-fns.dir/get-model.cpp.o
[ 27%] Linking CXX executable ../bin/test-tokenizer-1-spm
[ 28%] Linking CXX executable ../bin/test-tokenizer-1-bpe
[ 29%] Linking CXX executable ../bin/test-tokenizer-0
[ 30%] Linking CXX executable ../bin/test-quantize-fns
[ 30%] Built target test-quantize-fns
[ 31%] Building CXX object tests/CMakeFiles/test-quantize-perf.dir/test-quantize-perf.cpp.o
[ 31%] Building CXX object tests/CMakeFiles/test-quantize-perf.dir/get-model.cpp.o
[ 32%] Linking CXX executable ../bin/test-quantize-perf
[ 32%] Built target test-quantize-perf
[ 32%] Building CXX object tests/CMakeFiles/test-sampling.dir/test-sampling.cpp.o
[ 33%] Building CXX object tests/CMakeFiles/test-sampling.dir/get-model.cpp.o
[ 33%] Linking CXX executable ../bin/test-sampling
[ 33%] Built target test-sampling
[ 33%] Building CXX object tests/CMakeFiles/test-chat-template.dir/test-chat-template.cpp.o
[ 34%] Building CXX object tests/CMakeFiles/test-chat-template.dir/get-model.cpp.o
[ 35%] Linking CXX executable ../bin/test-chat-template
[ 35%] Built target test-tokenizer-1-spm
[ 36%] Building CXX object tests/CMakeFiles/test-grammar-parser.dir/test-grammar-parser.cpp.o
[ 36%] Building CXX object tests/CMakeFiles/test-grammar-parser.dir/get-model.cpp.o
[ 37%] Linking CXX executable ../bin/test-grammar-parser
[ 37%] Built target test-tokenizer-1-bpe
[ 37%] Built target test-tokenizer-0
[ 37%] Building CXX object tests/CMakeFiles/test-llama-grammar.dir/test-llama-grammar.cpp.o
[ 38%] Building CXX object tests/CMakeFiles/test-grammar-integration.dir/test-grammar-integration.cpp.o
[ 39%] Building CXX object tests/CMakeFiles/test-llama-grammar.dir/get-model.cpp.o
[ 39%] Linking CXX executable ../bin/test-llama-grammar
[ 40%] Building CXX object tests/CMakeFiles/test-grammar-integration.dir/get-model.cpp.o
[ 40%] Linking CXX executable ../bin/test-grammar-integration
[ 40%] Built target test-grammar-parser
[ 40%] Building CXX object tests/CMakeFiles/test-grad0.dir/test-grad0.cpp.o
[ 41%] Building CXX object tests/CMakeFiles/test-grad0.dir/get-model.cpp.o
[ 41%] Linking CXX executable ../bin/test-grad0
[ 41%] Built target test-llama-grammar
[ 41%] Building CXX object tests/CMakeFiles/test-backend-ops.dir/test-backend-ops.cpp.o
[ 41%] Built target test-grad0
[ 41%] Building CXX object tests/CMakeFiles/test-rope.dir/test-rope.cpp.o
[ 42%] Building CXX object tests/CMakeFiles/test-backend-ops.dir/get-model.cpp.o
[ 43%] Building CXX object tests/CMakeFiles/test-rope.dir/get-model.cpp.o
[ 44%] Linking CXX executable ../bin/test-backend-ops
[ 45%] Linking CXX executable ../bin/test-rope
[ 45%] Built target test-rope
[ 46%] Building CXX object tests/CMakeFiles/test-model-load-cancel.dir/test-model-load-cancel.cpp.o
[ 47%] Building CXX object tests/CMakeFiles/test-model-load-cancel.dir/get-model.cpp.o
[ 47%] Linking CXX executable ../bin/test-model-load-cancel
[ 47%] Built target test-backend-ops
[ 48%] Building CXX object tests/CMakeFiles/test-autorelease.dir/test-autorelease.cpp.o
[ 48%] Building CXX object tests/CMakeFiles/test-autorelease.dir/get-model.cpp.o
[ 49%] Linking CXX executable ../bin/test-autorelease
[ 49%] Built target test-chat-template
[ 50%] Building CXX object tests/CMakeFiles/test-json-schema-to-grammar.dir/test-json-schema-to-grammar.cpp.o
[ 50%] Building CXX object tests/CMakeFiles/test-json-schema-to-grammar.dir/get-model.cpp.o
[ 51%] Linking CXX executable ../bin/test-json-schema-to-grammar
[ 51%] Built target test-grammar-integration
[ 51%] Built target test-model-load-cancel
[ 52%] Building CXX object examples/cvector-generator/CMakeFiles/llama-cvector-generator.dir/cvector-generator.cpp.o
[ 52%] Building CXX object examples/baby-llama/CMakeFiles/llama-baby-llama.dir/baby-llama.cpp.o
[ 53%] Linking CXX executable ../../bin/llama-baby-llama
[ 53%] Linking CXX executable ../../bin/llama-cvector-generator
[ 53%] Built target test-autorelease
[ 54%] Building CXX object examples/batched-bench/CMakeFiles/llama-batched-bench.dir/batched-bench.cpp.o
[ 54%] Linking CXX executable ../../bin/llama-batched-bench
[ 54%] Built target test-json-schema-to-grammar
[ 54%] Building CXX object examples/batched/CMakeFiles/llama-batched.dir/batched.cpp.o
[ 55%] Linking CXX executable ../../bin/llama-batched
[ 55%] Built target llama-cvector-generator
[ 55%] Built target llama-baby-llama
[ 55%] Building CXX object examples/convert-llama2c-to-ggml/CMakeFiles/llama-convert-llama2c-to-ggml.dir/convert-llama2c-to-ggml.cpp.o
[ 56%] Building CXX object examples/embedding/CMakeFiles/llama-embedding.dir/embedding.cpp.o
[ 57%] Linking CXX executable ../../bin/llama-convert-llama2c-to-ggml
[ 57%] Linking CXX executable ../../bin/llama-embedding
[ 57%] Built target llama-batched-bench
[ 58%] Building CXX object examples/eval-callback/CMakeFiles/llama-eval-callback.dir/eval-callback.cpp.o
[ 59%] Linking CXX executable ../../bin/llama-eval-callback
[ 59%] Built target llama-convert-llama2c-to-ggml
[ 59%] Building CXX object examples/export-lora/CMakeFiles/llama-export-lora.dir/export-lora.cpp.o
[ 60%] Linking CXX executable ../../bin/llama-export-lora
[ 60%] Built target llama-batched
[ 60%] Building CXX object examples/gbnf-validator/CMakeFiles/llama-gbnf-validator.dir/gbnf-validator.cpp.o
[ 61%] Linking CXX executable ../../bin/llama-gbnf-validator
[ 61%] Built target llama-gbnf-validator
[ 62%] Building CXX object examples/gguf-split/CMakeFiles/llama-gguf-split.dir/gguf-split.cpp.o
[ 62%] Linking CXX executable ../../bin/llama-gguf-split
[ 62%] Built target llama-embedding
[ 63%] Building CXX object examples/gritlm/CMakeFiles/llama-gritlm.dir/gritlm.cpp.o
[ 64%] Linking CXX executable ../../bin/llama-gritlm
[ 64%] Built target llama-eval-callback
[ 64%] Building CXX object examples/imatrix/CMakeFiles/llama-imatrix.dir/imatrix.cpp.o
[ 65%] Linking CXX executable ../../bin/llama-imatrix
[ 65%] Built target llama-gguf-split
[ 65%] Building CXX object examples/infill/CMakeFiles/llama-infill.dir/infill.cpp.o
[ 66%] Linking CXX executable ../../bin/llama-infill
[ 66%] Built target llama-export-lora
[ 67%] Building CXX object examples/llama-bench/CMakeFiles/llama-bench.dir/llama-bench.cpp.o
[ 67%] Linking CXX executable ../../bin/llama-bench
[ 67%] Built target llama-gritlm
[ 68%] Building CXX object examples/llava/CMakeFiles/llama-llava-cli.dir/llava-cli.cpp.o
[ 68%] Linking CXX executable ../../bin/llama-llava-cli
[ 68%] Built target llama-imatrix
[ 69%] Building CXX object examples/llava/CMakeFiles/llama-minicpmv-cli.dir/minicpmv-cli.cpp.o
[ 69%] Linking CXX executable ../../bin/llama-minicpmv-cli
[ 69%] Built target llama-infill
[ 70%] Building CXX object examples/lookahead/CMakeFiles/llama-lookahead.dir/lookahead.cpp.o
[ 70%] Linking CXX executable ../../bin/llama-lookahead
[ 70%] Built target llama-bench
[ 71%] Building CXX object examples/lookup/CMakeFiles/llama-lookup.dir/lookup.cpp.o
[ 72%] Linking CXX executable ../../bin/llama-lookup
[ 72%] Built target llama-llava-cli
[ 72%] Building CXX object examples/lookup/CMakeFiles/llama-lookup-create.dir/lookup-create.cpp.o
[ 72%] Built target llama-lookahead
[ 72%] Building CXX object examples/lookup/CMakeFiles/llama-lookup-merge.dir/lookup-merge.cpp.o
[ 73%] Linking CXX executable ../../bin/llama-lookup-create
[ 74%] Linking CXX executable ../../bin/llama-lookup-merge
[ 74%] Built target llama-minicpmv-cli
[ 75%] Building CXX object examples/lookup/CMakeFiles/llama-lookup-stats.dir/lookup-stats.cpp.o
[ 75%] Linking CXX executable ../../bin/llama-lookup-stats
[ 75%] Built target llama-lookup-merge
[ 75%] Built target llama-lookup
[ 75%] Building CXX object examples/main/CMakeFiles/llama-cli.dir/main.cpp.o
[ 76%] Building CXX object examples/parallel/CMakeFiles/llama-parallel.dir/parallel.cpp.o
[ 77%] Linking CXX executable ../../bin/llama-cli
[ 77%] Linking CXX executable ../../bin/llama-parallel
[ 77%] Built target llama-lookup-create
[ 78%] Building CXX object examples/passkey/CMakeFiles/llama-passkey.dir/passkey.cpp.o
[ 79%] Linking CXX executable ../../bin/llama-passkey
[ 79%] Built target llama-lookup-stats
[ 79%] Building CXX object examples/perplexity/CMakeFiles/llama-perplexity.dir/perplexity.cpp.o
[ 80%] Linking CXX executable ../../bin/llama-perplexity
[ 80%] Built target llama-parallel
[ 80%] Built target llama-cli
[ 81%] Building CXX object examples/quantize/CMakeFiles/llama-quantize.dir/quantize.cpp.o
[ 82%] Building CXX object examples/retrieval/CMakeFiles/llama-retrieval.dir/retrieval.cpp.o
[ 82%] Linking CXX executable ../../bin/llama-quantize
[ 83%] Linking CXX executable ../../bin/llama-retrieval
[ 83%] Built target llama-passkey
[ 83%] Generating theme-snowstorm.css.hpp
[ 83%] Generating colorthemes.css.hpp
[ 84%] Generating completion.js.hpp
[ 85%] Generating index-new.html.hpp
[ 85%] Built target llama-perplexity
[ 85%] Building CXX object examples/save-load-state/CMakeFiles/llama-save-load-state.dir/save-load-state.cpp.o
[ 86%] Linking CXX executable ../../bin/llama-save-load-state
[ 86%] Built target llama-quantize
[ 87%] Generating index.html.hpp
[ 87%] Building CXX object examples/simple/CMakeFiles/llama-simple.dir/simple.cpp.o
[ 87%] Built target llama-retrieval
[ 88%] Building CXX object examples/speculative/CMakeFiles/llama-speculative.dir/speculative.cpp.o
[ 89%] Linking CXX executable ../../bin/llama-simple
[ 89%] Linking CXX executable ../../bin/llama-speculative
[ 89%] Generating index.js.hpp
[ 90%] Generating json-schema-to-grammar.mjs.hpp
[ 91%] Generating prompt-formats.js.hpp
[ 92%] Generating style.css.hpp
[ 92%] Generating system-prompts.js.hpp
[ 93%] Generating theme-beeninorder.css.hpp
[ 93%] Generating theme-ketivah.css.hpp
[ 94%] Generating theme-mangotango.css.hpp
[ 94%] Generating theme-playground.css.hpp
[ 95%] Generating theme-polarnight.css.hpp
[ 95%] Building CXX object examples/server/CMakeFiles/llama-server.dir/server.cpp.o
[ 95%] Built target llama-save-load-state
[ 96%] Building CXX object examples/tokenize/CMakeFiles/llama-tokenize.dir/tokenize.cpp.o
[ 96%] Linking CXX executable ../../bin/llama-tokenize
[ 96%] Built target llama-simple
[ 97%] Building CXX object pocs/vdot/CMakeFiles/llama-vdot.dir/vdot.cpp.o
[ 98%] Linking CXX executable ../../bin/llama-vdot
[ 98%] Built target llama-speculative
[ 98%] Building CXX object pocs/vdot/CMakeFiles/llama-q8dot.dir/q8dot.cpp.o
[ 99%] Linking CXX executable ../../bin/llama-q8dot
[ 99%] Built target llama-vdot
[ 99%] Built target llama-q8dot
[100%] Linking CXX executable ../../bin/llama-server
[100%] Built target llama-tokenize
[100%] Built target llama-server

real	0m7.373s
user	0m21.912s
sys	0m3.963s
+ ctest --output-on-failure -L main -E test-opt
Test project /home/ggml/work/llama.cpp/build-ci-debug
      Start  1: test-tokenizer-0-bert-bge
 1/25 Test  #1: test-tokenizer-0-bert-bge .........   Passed    0.08 sec
      Start  2: test-tokenizer-0-command-r
 2/25 Test  #2: test-tokenizer-0-command-r ........   Passed    1.78 sec
      Start  3: test-tokenizer-0-deepseek-coder
 3/25 Test  #3: test-tokenizer-0-deepseek-coder ...   Passed    0.23 sec
      Start  4: test-tokenizer-0-deepseek-llm
 4/25 Test  #4: test-tokenizer-0-deepseek-llm .....   Passed    0.65 sec
      Start  5: test-tokenizer-0-falcon
 5/25 Test  #5: test-tokenizer-0-falcon ...........   Passed    0.40 sec
      Start  6: test-tokenizer-0-gpt-2
 6/25 Test  #6: test-tokenizer-0-gpt-2 ............   Passed    0.30 sec
      Start  7: test-tokenizer-0-llama-bpe
 7/25 Test  #7: test-tokenizer-0-llama-bpe ........   Passed    1.24 sec
      Start  8: test-tokenizer-0-llama-spm
 8/25 Test  #8: test-tokenizer-0-llama-spm ........   Passed    0.08 sec
      Start  9: test-tokenizer-0-mpt
 9/25 Test  #9: test-tokenizer-0-mpt ..............   Passed    0.30 sec
      Start 10: test-tokenizer-0-phi-3
10/25 Test #10: test-tokenizer-0-phi-3 ............   Passed    0.08 sec
      Start 11: test-tokenizer-0-qwen2
11/25 Test #11: test-tokenizer-0-qwen2 ............   Passed    1.02 sec
      Start 12: test-tokenizer-0-refact
12/25 Test #12: test-tokenizer-0-refact ...........   Passed    0.31 sec
      Start 13: test-tokenizer-0-starcoder
13/25 Test #13: test-tokenizer-0-starcoder ........   Passed    0.30 sec
      Start 14: test-tokenizer-1-llama-spm
14/25 Test #14: test-tokenizer-1-llama-spm ........   Passed    2.04 sec
      Start 15: test-quantize-fns
15/25 Test #15: test-quantize-fns .................   Passed   31.03 sec
      Start 16: test-quantize-perf
16/25 Test #16: test-quantize-perf ................   Passed    9.13 sec
      Start 17: test-sampling
17/25 Test #17: test-sampling .....................   Passed    0.03 sec
      Start 18: test-chat-template
18/25 Test #18: test-chat-template ................   Passed    0.01 sec
      Start 19: test-grammar-parser
19/25 Test #19: test-grammar-parser ...............   Passed    0.00 sec
      Start 20: test-llama-grammar
20/25 Test #20: test-llama-grammar ................   Passed    0.00 sec
      Start 21: test-grammar-integration
21/25 Test #21: test-grammar-integration ..........   Passed    0.03 sec
      Start 22: test-grad0
22/25 Test #22: test-grad0 ........................   Passed    0.19 sec
      Start 23: test-backend-ops
23/25 Test #23: test-backend-ops ..................   Passed    0.00 sec
      Start 24: test-rope
24/25 Test #24: test-rope .........................   Passed    0.06 sec
      Start 27: test-json-schema-to-grammar
25/25 Test #27: test-json-schema-to-grammar .......   Passed    0.04 sec

100% tests passed, 0 tests failed out of 25

Label Time Summary:
main    =  49.34 sec*proc (25 tests)

Total Test time (real) =  49.36 sec

real	0m49.379s
user	0m54.308s
sys	0m0.281s
