+ cmake -DCMAKE_BUILD_TYPE=Release -DLLAMA_FATAL_WARNINGS=ON ..
-- The C compiler identification is GNU 11.4.0
-- The CXX compiler identification is GNU 11.4.0
-- Detecting C compiler ABI info
-- Detecting C compiler ABI info - done
-- Check for working C compiler: /usr/bin/cc - skipped
-- Detecting C compile features
-- Detecting C compile features - done
-- Detecting CXX compiler ABI info
-- Detecting CXX compiler ABI info - done
-- Check for working CXX compiler: /usr/bin/c++ - skipped
-- Detecting CXX compile features
-- Detecting CXX compile features - done
-- Found Git: /usr/bin/git (found version "2.34.1") 
-- Looking for pthread.h
-- Looking for pthread.h - found
-- Performing Test CMAKE_HAVE_LIBC_PTHREAD
-- Performing Test CMAKE_HAVE_LIBC_PTHREAD - Success
-- Found Threads: TRUE  
-- ccache found, compilation results will be cached. Disable with LLAMA_CCACHE=OFF.
-- CMAKE_SYSTEM_PROCESSOR: aarch64
-- ARM detected
-- Performing Test COMPILER_SUPPORTS_FP16_FORMAT_I3E
-- Performing Test COMPILER_SUPPORTS_FP16_FORMAT_I3E - Failed
-- Configuring done
-- Generating done
-- Build files have been written to: /home/ggml/work/llama.cpp/build-ci-release

real	0m0.773s
user	0m0.433s
sys	0m0.343s
+ make -j
[  1%] Generating build details from Git
[  1%] Building C object CMakeFiles/ggml.dir/ggml.c.o
[  2%] Building C object CMakeFiles/ggml.dir/ggml-alloc.c.o
[  2%] Building C object CMakeFiles/ggml.dir/ggml-quants.c.o
-- Found Git: /usr/bin/git (found version "2.34.1") 
[  3%] Building C object CMakeFiles/ggml.dir/ggml-backend.c.o
[  4%] Building CXX object CMakeFiles/ggml.dir/sgemm.cpp.o
[  4%] Built target ggml
[  4%] Generating build details from Git
[  4%] Building CXX object CMakeFiles/llama.dir/llama.cpp.o
[  5%] Linking CXX static library libggml_static.a
[  6%] Building CXX object CMakeFiles/llama.dir/unicode.cpp.o
[  7%] Building CXX object CMakeFiles/llama.dir/unicode-data.cpp.o
-- Found Git: /usr/bin/git (found version "2.34.1") 
[  8%] Building CXX object examples/gguf/CMakeFiles/gguf.dir/gguf.cpp.o
[  8%] Linking CXX static library libllama.a
[  8%] Linking CXX executable ../../bin/gguf
[  9%] Building CXX object common/CMakeFiles/build_info.dir/build-info.cpp.o
[  9%] Built target ggml_static
[  9%] Built target llama
[  9%] Built target build_info
[  9%] Building C object tests/CMakeFiles/test-c.dir/test-c.c.o
[  9%] Built target gguf
[  9%] Building CXX object examples/llava/CMakeFiles/llava.dir/llava.cpp.o
[ 10%] Building CXX object common/CMakeFiles/common.dir/sampling.cpp.o
[ 11%] Building CXX object examples/llava/CMakeFiles/llava.dir/clip.cpp.o
[ 11%] Building CXX object common/CMakeFiles/common.dir/common.cpp.o
[ 13%] Building CXX object common/CMakeFiles/common.dir/console.cpp.o
[ 13%] Building CXX object common/CMakeFiles/common.dir/json-schema-to-grammar.cpp.o
[ 14%] Building CXX object common/CMakeFiles/common.dir/train.cpp.o
[ 15%] Building CXX object examples/benchmark/CMakeFiles/benchmark.dir/benchmark-matmult.cpp.o
[ 15%] Building CXX object common/CMakeFiles/common.dir/grammar-parser.cpp.o
[ 16%] Building CXX object examples/quantize-stats/CMakeFiles/quantize-stats.dir/quantize-stats.cpp.o
[ 17%] Linking CXX executable ../bin/test-c
[ 17%] Building CXX object common/CMakeFiles/common.dir/ngram-cache.cpp.o
[ 17%] Built target llava
[ 17%] Linking CXX executable ../../bin/benchmark
[ 18%] Linking CXX static library libcommon.a
[ 18%] Linking CXX executable ../../bin/quantize-stats
[ 19%] Linking CXX static library libllava_static.a
[ 19%] Built target test-c
[ 19%] Built target common
[ 19%] Built target benchmark
[ 20%] Building CXX object tests/CMakeFiles/test-tokenizer-1-spm.dir/test-tokenizer-1-spm.cpp.o
[ 21%] Building CXX object tests/CMakeFiles/test-tokenizer-0.dir/test-tokenizer-0.cpp.o
[ 21%] Built target llava_static
[ 21%] Building CXX object tests/CMakeFiles/test-tokenizer-1-bpe.dir/test-tokenizer-1-bpe.cpp.o
[ 22%] Linking CXX executable ../bin/test-tokenizer-0
[ 23%] Building CXX object tests/CMakeFiles/test-quantize-fns.dir/test-quantize-fns.cpp.o
[ 24%] Building CXX object tests/CMakeFiles/test-quantize-fns.dir/get-model.cpp.o
[ 25%] Building CXX object tests/CMakeFiles/test-quantize-perf.dir/test-quantize-perf.cpp.o
[ 26%] Building CXX object tests/CMakeFiles/test-quantize-perf.dir/get-model.cpp.o
[ 26%] Linking CXX executable ../bin/test-tokenizer-1-spm
[ 27%] Linking CXX executable ../bin/test-tokenizer-1-bpe
[ 28%] Building CXX object tests/CMakeFiles/test-sampling.dir/test-sampling.cpp.o
[ 29%] Building CXX object tests/CMakeFiles/test-sampling.dir/get-model.cpp.o
[ 30%] Building CXX object tests/CMakeFiles/test-grammar-parser.dir/test-grammar-parser.cpp.o
[ 31%] Building CXX object tests/CMakeFiles/test-chat-template.dir/test-chat-template.cpp.o
[ 30%] Built target quantize-stats
[ 31%] Building CXX object tests/CMakeFiles/test-chat-template.dir/get-model.cpp.o
[ 32%] Building CXX object tests/CMakeFiles/test-grammar-integration.dir/test-grammar-integration.cpp.o
[ 33%] Building CXX object tests/CMakeFiles/test-grammar-parser.dir/get-model.cpp.o
[ 34%] Building CXX object tests/CMakeFiles/test-llama-grammar.dir/test-llama-grammar.cpp.o
[ 35%] Building CXX object tests/CMakeFiles/test-llama-grammar.dir/get-model.cpp.o
[ 36%] Building CXX object tests/CMakeFiles/test-grad0.dir/test-grad0.cpp.o
[ 37%] Building CXX object tests/CMakeFiles/test-grammar-integration.dir/get-model.cpp.o
[ 34%] Building CXX object tests/CMakeFiles/test-grad0.dir/get-model.cpp.o
[ 37%] Linking CXX executable ../bin/test-quantize-fns
[ 38%] Linking CXX executable ../bin/test-sampling
[ 38%] Linking CXX executable ../bin/test-chat-template
[ 38%] Linking CXX executable ../bin/test-quantize-perf
[ 38%] Linking CXX executable ../bin/test-grammar-parser
[ 38%] Building CXX object tests/CMakeFiles/test-backend-ops.dir/test-backend-ops.cpp.o
[ 38%] Linking CXX executable ../bin/test-grammar-integration
[ 40%] Building CXX object tests/CMakeFiles/test-model-load-cancel.dir/test-model-load-cancel.cpp.o
[ 41%] Building CXX object tests/CMakeFiles/test-autorelease.dir/test-autorelease.cpp.o
[ 42%] Linking CXX executable ../bin/test-grad0
[ 39%] Building CXX object tests/CMakeFiles/test-rope.dir/test-rope.cpp.o
[ 43%] Building CXX object tests/CMakeFiles/test-json-schema-to-grammar.dir/test-json-schema-to-grammar.cpp.o
[ 45%] Building CXX object tests/CMakeFiles/test-rope.dir/get-model.cpp.o
[ 46%] Building CXX object examples/batched/CMakeFiles/batched.dir/batched.cpp.o
[ 41%] Building CXX object tests/CMakeFiles/test-backend-ops.dir/get-model.cpp.o
[ 47%] Building CXX object examples/batched-bench/CMakeFiles/batched-bench.dir/batched-bench.cpp.o
[ 48%] Building CXX object tests/CMakeFiles/test-autorelease.dir/get-model.cpp.o
[ 49%] Building CXX object tests/CMakeFiles/test-json-schema-to-grammar.dir/get-model.cpp.o
[ 44%] Building CXX object tests/CMakeFiles/test-model-load-cancel.dir/get-model.cpp.o
[ 49%] Linking CXX executable ../bin/test-llama-grammar
[ 49%] Building CXX object examples/baby-llama/CMakeFiles/baby-llama.dir/baby-llama.cpp.o
[ 49%] Linking CXX executable ../bin/test-rope
[ 49%] Linking CXX executable ../bin/test-model-load-cancel
[ 50%] Linking CXX executable ../bin/test-autorelease
[ 50%] Building CXX object examples/beam-search/CMakeFiles/beam-search.dir/beam-search.cpp.o
[ 51%] Building CXX object examples/embedding/CMakeFiles/embedding.dir/embedding.cpp.o
[ 51%] Building CXX object examples/eval-callback/CMakeFiles/eval-callback.dir/eval-callback.cpp.o
[ 52%] Building CXX object examples/convert-llama2c-to-ggml/CMakeFiles/convert-llama2c-to-ggml.dir/convert-llama2c-to-ggml.cpp.o
[ 53%] Linking CXX executable ../bin/test-backend-ops
[ 53%] Linking CXX executable ../../bin/batched
[ 54%] Linking CXX executable ../../bin/batched-bench
[ 55%] Building CXX object examples/finetune/CMakeFiles/finetune.dir/finetune.cpp.o
[ 55%] Linking CXX executable ../bin/test-json-schema-to-grammar
[ 56%] Building CXX object examples/llama-bench/CMakeFiles/llama-bench.dir/llama-bench.cpp.o
[ 57%] Building CXX object examples/gguf-split/CMakeFiles/gguf-split.dir/gguf-split.cpp.o
[ 59%] Linking CXX executable ../../bin/baby-llama
[ 59%] Building CXX object examples/gritlm/CMakeFiles/gritlm.dir/gritlm.cpp.o
[ 58%] Building CXX object examples/infill/CMakeFiles/infill.dir/infill.cpp.o
[ 60%] Linking CXX executable ../../bin/eval-callback
[ 61%] Linking CXX executable ../../bin/beam-search
[ 62%] Building CXX object examples/llava/CMakeFiles/llava-cli.dir/llava-cli.cpp.o
[ 63%] Linking CXX executable ../../bin/embedding
[ 64%] Linking CXX executable ../../bin/finetune
[ 64%] Linking CXX executable ../../bin/convert-llama2c-to-ggml
[ 65%] Linking CXX executable ../../bin/gguf-split
[ 66%] Building CXX object examples/tokenize/CMakeFiles/tokenize.dir/tokenize.cpp.o
[ 67%] Building CXX object examples/parallel/CMakeFiles/parallel.dir/parallel.cpp.o
[ 68%] Linking CXX executable ../../bin/llama-bench
[ 66%] Building CXX object examples/main/CMakeFiles/main.dir/main.cpp.o
[ 68%] Built target test-grad0
[ 69%] Building CXX object examples/perplexity/CMakeFiles/perplexity.dir/perplexity.cpp.o
[ 70%] Building CXX object examples/retrieval/CMakeFiles/retrieval.dir/retrieval.cpp.o
[ 71%] Linking CXX executable ../../bin/gritlm
[ 73%] Building CXX object examples/simple/CMakeFiles/simple.dir/simple.cpp.o
[ 72%] Linking CXX executable ../../bin/infill
[ 73%] Building CXX object examples/quantize/CMakeFiles/quantize.dir/quantize.cpp.o
[ 73%] Building CXX object examples/save-load-state/CMakeFiles/save-load-state.dir/save-load-state.cpp.o
[ 73%] Linking CXX executable ../../bin/llava-cli
[ 74%] Building CXX object examples/passkey/CMakeFiles/passkey.dir/passkey.cpp.o
[ 75%] Linking CXX executable ../../bin/tokenize
[ 75%] Built target test-quantize-fns
[ 75%] Linking CXX executable ../../bin/parallel
[ 76%] Building CXX object examples/speculative/CMakeFiles/speculative.dir/speculative.cpp.o
[ 76%] Built target test-grammar-parser
[ 77%] Building CXX object examples/lookahead/CMakeFiles/lookahead.dir/lookahead.cpp.o
[ 78%] Linking CXX executable ../../bin/retrieval
[ 79%] Linking CXX executable ../../bin/main
[ 79%] Built target test-quantize-perf
[ 80%] Building CXX object examples/lookup/CMakeFiles/lookup.dir/lookup.cpp.o
[ 80%] Linking CXX executable ../../bin/simple
[ 81%] Linking CXX executable ../../bin/perplexity
[ 81%] Linking CXX executable ../../bin/save-load-state
[ 81%] Building CXX object examples/lookup/CMakeFiles/lookup-create.dir/lookup-create.cpp.o
[ 82%] Linking CXX executable ../../bin/quantize
[ 83%] Building CXX object examples/lookup/CMakeFiles/lookup-merge.dir/lookup-merge.cpp.o
[ 83%] Built target test-tokenizer-0
[ 84%] Generating json-schema-to-grammar.mjs.hpp
[ 85%] Generating completion.js.hpp
[ 86%] Linking CXX executable ../../bin/passkey
[ 87%] Generating index.html.hpp
[ 88%] Linking CXX executable ../../bin/speculative
[ 88%] Built target test-tokenizer-1-spm
[ 88%] Built target test-sampling
[ 88%] Generating index.js.hpp
[ 88%] Linking CXX executable ../../bin/lookahead
[ 88%] Built target test-rope
[ 90%] Linking CXX executable ../../bin/lookup
[ 89%] Building CXX object examples/lookup/CMakeFiles/lookup-stats.dir/lookup-stats.cpp.o
[ 90%] Built target test-chat-template
[ 90%] Building CXX object examples/train-text-from-scratch/CMakeFiles/train-text-from-scratch.dir/train-text-from-scratch.cpp.o
[ 91%] Building CXX object examples/imatrix/CMakeFiles/imatrix.dir/imatrix.cpp.o
[ 90%] Built target test-tokenizer-1-bpe
[ 92%] Linking CXX executable ../../bin/lookup-create
[ 92%] Built target test-grammar-integration
[ 91%] Linking CXX executable ../../bin/lookup-merge
[ 92%] Built target test-autorelease
[ 93%] Building CXX object examples/export-lora/CMakeFiles/export-lora.dir/export-lora.cpp.o
[ 93%] Built target test-model-load-cancel
[ 92%] Built target test-backend-ops
[ 93%] Built target test-llama-grammar
[ 94%] Building CXX object pocs/vdot/CMakeFiles/vdot.dir/vdot.cpp.o
[ 93%] Built target test-json-schema-to-grammar
[ 95%] Linking CXX executable ../../bin/lookup-stats
[ 95%] Linking CXX executable ../../bin/imatrix
[ 96%] Linking CXX executable ../../bin/train-text-from-scratch
[ 97%] Building CXX object pocs/vdot/CMakeFiles/q8dot.dir/q8dot.cpp.o
[ 96%] Linking CXX executable ../../bin/export-lora
[ 98%] Linking CXX executable ../../bin/vdot
[ 98%] Built target convert-llama2c-to-ggml
[ 98%] Built target gguf-split
[ 98%] Built target batched-bench
[ 99%] Linking CXX executable ../../bin/q8dot
[ 99%] Built target batched
[ 99%] Building CXX object examples/server/CMakeFiles/server.dir/server.cpp.o
[ 99%] Built target eval-callback
[ 99%] Built target beam-search
[ 99%] Built target baby-llama
[ 99%] Built target embedding
[ 99%] Built target llama-bench
[ 99%] Built target infill
[ 99%] Built target lookup-merge
[ 99%] Built target tokenize
[ 99%] Built target finetune
[100%] Linking CXX executable ../../bin/server
[100%] Built target gritlm
[100%] Built target retrieval
[100%] Built target simple
[100%] Built target save-load-state
[100%] Built target llava-cli
[100%] Built target parallel
[100%] Built target perplexity
[100%] Built target passkey
[100%] Built target lookahead
[100%] Built target main
[100%] Built target lookup
[100%] Built target quantize
[100%] Built target export-lora
[100%] Built target vdot
[100%] Built target speculative
[100%] Built target lookup-create
[100%] Built target q8dot
[100%] Built target imatrix
[100%] Built target lookup-stats
[100%] Built target train-text-from-scratch
[100%] Built target server

real	0m3.465s
user	0m8.466s
sys	0m4.674s
+ ctest --output-on-failure -L main -E test-opt
Test project /home/ggml/work/llama.cpp/build-ci-release
      Start  1: test-tokenizer-0-llama-spm
 1/21 Test  #1: test-tokenizer-0-llama-spm .......   Passed    0.06 sec
      Start  2: test-tokenizer-0-llama-bpe
 2/21 Test  #2: test-tokenizer-0-llama-bpe .......   Passed    0.76 sec
      Start  3: test-tokenizer-0-phi-3
 3/21 Test  #3: test-tokenizer-0-phi-3 ...........   Passed    0.06 sec
      Start  4: test-tokenizer-0-falcon
 4/21 Test  #4: test-tokenizer-0-falcon ..........   Passed    0.28 sec
      Start  5: test-tokenizer-0-bert-bge
 5/21 Test  #5: test-tokenizer-0-bert-bge ........   Passed    0.13 sec
      Start  6: test-tokenizer-0-starcoder
 6/21 Test  #6: test-tokenizer-0-starcoder .......   Passed    0.22 sec
      Start  7: test-tokenizer-0-gpt-2
 7/21 Test  #7: test-tokenizer-0-gpt-2 ...........   Passed    0.23 sec
      Start  8: test-tokenizer-0-refact
 8/21 Test  #8: test-tokenizer-0-refact ..........   Passed    0.22 sec
      Start  9: test-tokenizer-0-command-r
 9/21 Test  #9: test-tokenizer-0-command-r .......   Passed    1.19 sec
      Start 10: test-tokenizer-1-llama-spm
10/21 Test #10: test-tokenizer-1-llama-spm .......   Passed    0.66 sec
      Start 11: test-quantize-fns
11/21 Test #11: test-quantize-fns ................   Passed   20.58 sec
      Start 12: test-quantize-perf
12/21 Test #12: test-quantize-perf ...............   Passed    5.58 sec
      Start 13: test-sampling
13/21 Test #13: test-sampling ....................   Passed    0.01 sec
      Start 14: test-chat-template
14/21 Test #14: test-chat-template ...............   Passed    0.00 sec
      Start 15: test-grammar-parser
15/21 Test #15: test-grammar-parser ..............   Passed    0.00 sec
      Start 16: test-llama-grammar
16/21 Test #16: test-llama-grammar ...............   Passed    0.00 sec
      Start 17: test-grammar-integration
17/21 Test #17: test-grammar-integration .........   Passed    0.01 sec
      Start 18: test-grad0
18/21 Test #18: test-grad0 .......................   Passed    3.55 sec
      Start 19: test-backend-ops
19/21 Test #19: test-backend-ops .................   Passed    0.00 sec
      Start 20: test-rope
20/21 Test #20: test-rope ........................   Passed    0.05 sec
      Start 23: test-json-schema-to-grammar
21/21 Test #23: test-json-schema-to-grammar ......   Passed    0.01 sec

100% tests passed, 0 tests failed out of 21

Label Time Summary:
main    =  33.61 sec*proc (21 tests)

Total Test time (real) =  33.62 sec

real	0m33.637s
user	0m36.690s
sys	0m3.657s
