+ cmake -DCMAKE_BUILD_TYPE=Release ..
-- The C compiler identification is GNU 11.4.0
-- The CXX compiler identification is GNU 11.4.0
-- Detecting C compiler ABI info
-- Detecting C compiler ABI info - done
-- Check for working C compiler: /usr/bin/cc - skipped
-- Detecting C compile features
-- Detecting C compile features - done
-- Detecting CXX compiler ABI info
-- Detecting CXX compiler ABI info - done
-- Check for working CXX compiler: /usr/bin/c++ - skipped
-- Detecting CXX compile features
-- Detecting CXX compile features - done
-- Performing Test CMAKE_HAVE_LIBC_PTHREAD
-- Performing Test CMAKE_HAVE_LIBC_PTHREAD - Success
-- Found Threads: TRUE  
-- Found OpenMP_C: -fopenmp (found version "4.5") 
-- Found OpenMP_CXX: -fopenmp (found version "4.5") 
-- Found OpenMP: TRUE (found version "4.5")  
-- OpenMP found
-- ccache found, compilation results will be cached. Disable with GGML_CCACHE=OFF.
-- CMAKE_SYSTEM_PROCESSOR: x86_64
-- x86 detected
-- x86 detected
-- Linux detected
-- Configuring done (0.5s)
-- Generating done (0.0s)
-- Build files have been written to: /home/ggml/work/ggml/build-ci-release

real	0m0.597s
user	0m0.414s
sys	0m0.184s
+ make -j
[  1%] Building CXX object examples/CMakeFiles/common.dir/common.cpp.o
[  2%] Building C object src/CMakeFiles/ggml.dir/ggml.c.o
[  3%] Building C object src/CMakeFiles/ggml.dir/ggml-alloc.c.o
[  4%] Building C object src/CMakeFiles/ggml.dir/ggml-backend.c.o
[  5%] Building C object src/CMakeFiles/ggml.dir/ggml-quants.c.o
[  6%] Building C object src/CMakeFiles/ggml.dir/ggml-aarch64.c.o
[  7%] Linking CXX static library libcommon.a
[  8%] Linking C shared library libggml.so
[  8%] Built target common
[  8%] Built target ggml
[  9%] Building C object tests/CMakeFiles/test-vec0.dir/test-vec0.c.o
[ 10%] Building C object tests/CMakeFiles/test-vec1.dir/test-vec1.c.o
[ 11%] Building CXX object tests/CMakeFiles/test-grad0.dir/test-grad0.cpp.o
[ 12%] Building CXX object tests/CMakeFiles/test-opt.dir/test-opt.cpp.o
[ 13%] Building CXX object tests/CMakeFiles/test-quantize-fns.dir/test-quantize-fns.cpp.o
[ 15%] Building CXX object tests/CMakeFiles/test-quantize-perf.dir/test-quantize-perf.cpp.o
[ 16%] Linking C executable ../bin/test-vec0
[ 18%] Linking C executable ../bin/test-vec1
[ 17%] Building C object tests/CMakeFiles/test-mul-mat0.dir/test-mul-mat0.c.o
[ 19%] Linking CXX executable ../bin/test-grad0
[ 20%] Linking CXX executable ../bin/test-quantize-fns
[ 21%] Building C object tests/CMakeFiles/test-mul-mat2.dir/test-mul-mat2.c.o
[ 22%] Linking CXX executable ../bin/test-quantize-perf
[ 23%] Linking CXX executable ../bin/test-opt
[ 24%] Building C object tests/CMakeFiles/test1.dir/test1.c.o
[ 25%] Building C object tests/CMakeFiles/test0.dir/test0.c.o
[ 26%] Building C object tests/CMakeFiles/test2.dir/test2.c.o
[ 27%] Linking C executable ../bin/test-mul-mat0
[ 29%] Linking C executable ../bin/test1
[ 29%] Built target test-vec0
[ 30%] Linking C executable ../bin/test-mul-mat2
[ 31%] Building C object tests/CMakeFiles/test-pool.dir/test-pool.c.o
[ 33%] Linking C executable ../bin/test0
[ 33%] Building C object tests/CMakeFiles/test3.dir/test3.c.o
[ 34%] Linking C executable ../bin/test-pool
[ 34%] Built target test-vec1
[ 35%] Linking C executable ../bin/test2
[ 36%] Linking C executable ../bin/test3
[ 36%] Built target test-pool
[ 37%] Building CXX object tests/CMakeFiles/test-arange.dir/test-arange.cpp.o
[ 38%] Building CXX object tests/CMakeFiles/test-timestep_embedding.dir/test-timestep_embedding.cpp.o
[ 39%] Building C object tests/CMakeFiles/test-conv-transpose.dir/test-conv-transpose.c.o
[ 39%] Built target test-grad0
[ 40%] Building CXX object tests/CMakeFiles/test-conv-transpose-1d.dir/test-conv-transpose-1d.cpp.o
[ 40%] Built target test0
[ 41%] Linking CXX executable ../bin/test-arange
[ 43%] Linking CXX executable ../bin/test-timestep_embedding
[ 43%] Built target test-opt
[ 44%] Linking CXX executable ../bin/test-conv-transpose-1d
[ 44%] Built target test-mul-mat2
[ 44%] Built target test-mul-mat0
[ 45%] Linking C executable ../bin/test-conv-transpose
[ 45%] Built target test-quantize-fns
[ 45%] Built target test-quantize-perf
[ 45%] Built target test1
[ 45%] Built target test2
[ 46%] Building C object tests/CMakeFiles/test-dup.dir/test-dup.c.o
[ 47%] Building C object tests/CMakeFiles/test-rel-pos.dir/test-rel-pos.c.o
[ 47%] Built target test3
[ 48%] Linking C executable ../bin/test-rel-pos
[ 49%] Building C object tests/CMakeFiles/test-customop.dir/test-customop.c.o
[ 50%] Linking C executable ../bin/test-dup
[ 50%] Built target test-arange
[ 51%] Building CXX object tests/CMakeFiles/test-conv1d.dir/test-conv1d.cpp.o
[ 52%] Linking C executable ../bin/test-customop
[ 52%] Built target test-conv-transpose-1d
[ 52%] Built target test-timestep_embedding
[ 52%] Built target test-conv-transpose
[ 52%] Built target test-rel-pos
[ 53%] Linking CXX executable ../bin/test-conv1d
[ 54%] Building CXX object tests/CMakeFiles/test-mul-mat.dir/test-mul-mat.cpp.o
[ 55%] Building CXX object examples/CMakeFiles/common-ggml.dir/common-ggml.cpp.o
[ 56%] Building CXX object tests/CMakeFiles/test-conv2d.dir/test-conv2d.cpp.o
[ 58%] Building CXX object tests/CMakeFiles/test-backend-buffer.dir/test-backend-buffer.cpp.o
[ 59%] Linking CXX executable ../bin/test-mul-mat
[ 60%] Building CXX object tests/CMakeFiles/test-backend-ops.dir/test-backend-ops.cpp.o
[ 61%] Linking CXX executable ../bin/test-conv2d
[ 61%] Built target test-dup
[ 62%] Building CXX object examples/mnist/CMakeFiles/mnist.dir/main.cpp.o
[ 62%] Built target test-customop
[ 63%] Linking CXX executable ../bin/test-backend-ops
[ 64%] Building CXX object examples/sam/CMakeFiles/sam.dir/main.cpp.o
[ 67%] Building CXX object examples/simple/CMakeFiles/simple-backend.dir/simple-backend.cpp.o
[ 67%] Building CXX object examples/simple/CMakeFiles/simple-ctx.dir/simple-ctx.cpp.o
[ 65%] Linking CXX executable ../bin/test-backend-buffer
[ 68%] Building CXX object examples/yolo/CMakeFiles/yolov3-tiny.dir/yolo-image.cpp.o
[ 69%] Linking CXX static library libcommon-ggml.a
[ 70%] Building CXX object examples/mnist/CMakeFiles/mnist-cnn.dir/main-cnn.cpp.o
[ 72%] Building CXX object examples/yolo/CMakeFiles/yolov3-tiny.dir/yolov3-tiny.cpp.o
[ 73%] Building CXX object examples/mnist/CMakeFiles/mnist-cpu.dir/main-cpu.cpp.o
[ 74%] Linking CXX executable ../../bin/sam
[ 75%] Linking CXX executable ../../bin/simple-backend
[ 76%] Linking CXX executable ../../bin/simple-ctx
[ 77%] Linking CXX executable ../../bin/mnist-cnn
[ 78%] Linking CXX executable ../../bin/mnist-cpu
[ 79%] Linking CXX executable ../../bin/mnist
[ 80%] Linking CXX executable ../../bin/yolov3-tiny
[ 80%] Built target common-ggml
[ 81%] Building CXX object examples/gpt-2/CMakeFiles/gpt-2-ctx.dir/main-ctx.cpp.o
[ 82%] Building CXX object examples/gpt-2/CMakeFiles/gpt-2-alloc.dir/main-alloc.cpp.o
[ 82%] Built target test-conv1d
[ 81%] Built target test-backend-buffer
[ 83%] Building CXX object examples/gpt-2/CMakeFiles/gpt-2-backend.dir/main-backend.cpp.o
[ 84%] Building CXX object examples/gpt-2/CMakeFiles/gpt-2-sched.dir/main-sched.cpp.o
[ 84%] Built target test-mul-mat
[ 84%] Built target test-conv2d
[ 86%] Building CXX object examples/gpt-2/CMakeFiles/gpt-2-quantize.dir/quantize.cpp.o
[ 87%] Linking CXX executable ../../bin/gpt-2-ctx
[ 87%] Built target sam
[ 87%] Built target mnist-cnn
[ 87%] Built target mnist
[ 88%] Linking CXX executable ../../bin/gpt-2-alloc
[ 88%] Built target mnist-cpu
[ 89%] Linking CXX executable ../../bin/gpt-2-quantize
[ 90%] Linking CXX executable ../../bin/gpt-2-sched
[ 91%] Linking CXX executable ../../bin/gpt-2-backend
[ 91%] Built target simple-backend
[ 92%] Building CXX object examples/gpt-j/CMakeFiles/gpt-j-quantize.dir/quantize.cpp.o
[ 93%] Building CXX object examples/gpt-j/CMakeFiles/gpt-j.dir/main.cpp.o
[ 94%] Building CXX object examples/gpt-2/CMakeFiles/gpt-2-batched.dir/main-batched.cpp.o
[ 95%] Building CXX object examples/magika/CMakeFiles/magika.dir/main.cpp.o
[ 95%] Built target yolov3-tiny
[ 96%] Linking CXX executable ../../bin/gpt-2-batched
[ 97%] Linking CXX executable ../../bin/gpt-j
[ 98%] Linking CXX executable ../../bin/magika
[100%] Linking CXX executable ../../bin/gpt-j-quantize
[100%] Built target test-backend-ops
[100%] Built target simple-ctx
[100%] Built target gpt-2-quantize
[100%] Built target gpt-2-alloc
[100%] Built target gpt-2-backend
[100%] Built target gpt-2-sched
[100%] Built target gpt-2-ctx
[100%] Built target gpt-2-batched
[100%] Built target gpt-j-quantize
[100%] Built target magika
[100%] Built target gpt-j

real	0m0.943s
user	0m2.777s
sys	0m0.782s
+ ctest --output-on-failure -E test-opt
Test project /home/ggml/work/ggml/build-ci-release
      Start  1: test-grad0
 1/22 Test  #1: test-grad0 .......................   Passed    0.14 sec
      Start  2: test-quantize-fns
 2/22 Test  #2: test-quantize-fns ................   Passed   15.96 sec
      Start  3: test-quantize-perf
 3/22 Test  #3: test-quantize-perf ...............   Passed    4.45 sec
      Start  4: test-mul-mat0
 4/22 Test  #4: test-mul-mat0 ....................   Passed    0.51 sec
      Start  5: test-mul-mat2
 5/22 Test  #5: test-mul-mat2 ....................   Passed    2.81 sec
      Start  6: test0
 6/22 Test  #6: test0 ............................   Passed    0.00 sec
      Start  7: test1
 7/22 Test  #7: test1 ............................   Passed    0.00 sec
      Start  8: test2
 8/22 Test  #8: test2 ............................   Passed    0.03 sec
      Start  9: test3
 9/22 Test  #9: test3 ............................   Passed    0.02 sec
      Start 10: test-pool
10/22 Test #10: test-pool ........................   Passed    0.00 sec
      Start 11: test-arange
11/22 Test #11: test-arange ......................   Passed    0.00 sec
      Start 12: test-timestep_embedding
12/22 Test #12: test-timestep_embedding ..........   Passed    0.00 sec
      Start 13: test-conv-transpose
13/22 Test #13: test-conv-transpose ..............   Passed    0.00 sec
      Start 14: test-conv-transpose-1d
14/22 Test #14: test-conv-transpose-1d ...........   Passed    0.01 sec
      Start 15: test-dup
15/22 Test #15: test-dup .........................   Passed    0.00 sec
      Start 16: test-rel-pos
16/22 Test #16: test-rel-pos .....................   Passed    0.00 sec
      Start 17: test-customop
17/22 Test #17: test-customop ....................   Passed    0.00 sec
      Start 18: test-conv1d
18/22 Test #18: test-conv1d ......................   Passed    0.00 sec
      Start 19: test-conv2d
19/22 Test #19: test-conv2d ......................   Passed    0.00 sec
      Start 20: test-mul-mat
20/22 Test #20: test-mul-mat .....................   Passed    0.00 sec
      Start 21: test-backend-buffer
21/22 Test #21: test-backend-buffer ..............   Passed    0.00 sec
      Start 22: test-backend-ops
22/22 Test #22: test-backend-ops .................   Passed    0.00 sec

100% tests passed, 0 tests failed out of 22

Total Test time (real) =  23.97 sec

real	0m23.994s
user	0m23.871s
sys	0m0.249s
