+ gg_run_ctest_debug
+ cd /home/ggml/work/llama.cpp
+ rm -rf build-ci-debug
+ tee /home/ggml/results/llama.cpp/c6/79e0cb5c378bfb63643c44a453345ba8b90126/ggml-0-x86-cpu-low-perf/ctest_debug.log
+ mkdir build-ci-debug
+ cd build-ci-debug
+ set -e
+ gg_check_build_requirements
+ command -v cmake
+ command -v make
+ command -v ctest
+ tee -a /home/ggml/results/llama.cpp/c6/79e0cb5c378bfb63643c44a453345ba8b90126/ggml-0-x86-cpu-low-perf/ctest_debug-cmake.log
+ cmake -DCMAKE_BUILD_TYPE=Debug -DLLAMA_FATAL_WARNINGS=ON ..
-- The C compiler identification is GNU 11.4.0
-- The CXX compiler identification is GNU 11.4.0
-- Detecting C compiler ABI info
-- Detecting C compiler ABI info - done
-- Check for working C compiler: /usr/bin/cc - skipped
-- Detecting C compile features
-- Detecting C compile features - done
-- Detecting CXX compiler ABI info
-- Detecting CXX compiler ABI info - done
-- Check for working CXX compiler: /usr/bin/c++ - skipped
-- Detecting CXX compile features
-- Detecting CXX compile features - done
-- Found Git: /usr/bin/git (found version "2.34.1") 
-- Performing Test CMAKE_HAVE_LIBC_PTHREAD
-- Performing Test CMAKE_HAVE_LIBC_PTHREAD - Success
-- Found Threads: TRUE  
-- Found OpenMP_C: -fopenmp (found version "4.5") 
-- Found OpenMP_CXX: -fopenmp (found version "4.5") 
-- Found OpenMP: TRUE (found version "4.5")  
-- OpenMP found
-- Using llamafile
-- ccache found, compilation results will be cached. Disable with GGML_CCACHE=OFF.
-- CMAKE_SYSTEM_PROCESSOR: x86_64
-- x86 detected
-- Configuring done (0.6s)
-- Generating done (0.1s)
-- Build files have been written to: /home/ggml/work/llama.cpp/build-ci-debug

real	0m0.704s
user	0m0.532s
sys	0m0.175s
+ tee -a /home/ggml/results/llama.cpp/c6/79e0cb5c378bfb63643c44a453345ba8b90126/ggml-0-x86-cpu-low-perf/ctest_debug-make.log
+ make -j
[  0%] Generating build details from Git
[  1%] Building C object examples/gguf-hash/CMakeFiles/xxhash.dir/deps/xxhash/xxhash.c.o
[  1%] Building C object examples/gguf-hash/CMakeFiles/sha256.dir/deps/sha256/sha256.c.o
-- Found Git: /usr/bin/git (found version "2.34.1") 
[  2%] Building C object ggml/src/CMakeFiles/ggml.dir/ggml.c.o
[  2%] Building C object ggml/src/CMakeFiles/ggml.dir/ggml-backend.c.o
[  3%] Building C object ggml/src/CMakeFiles/ggml.dir/ggml-alloc.c.o
[  4%] Building C object ggml/src/CMakeFiles/ggml.dir/ggml-quants.c.o
[  5%] Building C object examples/gguf-hash/CMakeFiles/sha1.dir/deps/sha1/sha1.c.o
[  5%] Building CXX object ggml/src/CMakeFiles/ggml.dir/llamafile/sgemm.cpp.o
[  5%] Built target sha256
[  5%] Built target xxhash
[  6%] Building C object ggml/src/CMakeFiles/ggml.dir/ggml-aarch64.c.o
[  6%] Built target sha1
[  7%] Linking CXX shared library libggml.so
[  8%] Building CXX object common/CMakeFiles/build_info.dir/build-info.cpp.o
[  8%] Built target build_info
[  8%] Built target ggml
[  9%] Building CXX object examples/gguf-hash/CMakeFiles/llama-gguf-hash.dir/gguf-hash.cpp.o
[  9%] Building CXX object src/CMakeFiles/llama.dir/llama.cpp.o
[  9%] Building CXX object examples/gguf/CMakeFiles/llama-gguf.dir/gguf.cpp.o
[ 10%] Building CXX object src/CMakeFiles/llama.dir/llama-vocab.cpp.o
[ 10%] Building CXX object src/CMakeFiles/llama.dir/llama-grammar.cpp.o
[ 11%] Building CXX object src/CMakeFiles/llama.dir/llama-sampling.cpp.o
[ 12%] Building CXX object src/CMakeFiles/llama.dir/unicode.cpp.o
[ 12%] Linking CXX executable ../../bin/llama-gguf-hash
[ 12%] Building CXX object src/CMakeFiles/llama.dir/unicode-data.cpp.o
[ 13%] Linking CXX executable ../../bin/llama-gguf
[ 13%] Built target llama-gguf-hash
[ 13%] Built target llama-gguf
[ 14%] Linking CXX shared library libllama.so
[ 14%] Built target llama
[ 14%] Building C object tests/CMakeFiles/test-c.dir/test-c.c.o
[ 14%] Building CXX object common/CMakeFiles/common.dir/common.cpp.o
[ 15%] Building CXX object examples/benchmark/CMakeFiles/llama-bench-matmult.dir/benchmark-matmult.cpp.o
[ 15%] Building CXX object examples/llava/CMakeFiles/llava.dir/llava.cpp.o
[ 16%] Building CXX object common/CMakeFiles/common.dir/sampling.cpp.o
[ 17%] Building CXX object examples/llava/CMakeFiles/llava.dir/clip.cpp.o
[ 19%] Building CXX object examples/quantize-stats/CMakeFiles/llama-quantize-stats.dir/quantize-stats.cpp.o
[ 19%] Building CXX object common/CMakeFiles/common.dir/grammar-parser.cpp.o
[ 19%] Building CXX object common/CMakeFiles/common.dir/console.cpp.o
[ 20%] Building CXX object common/CMakeFiles/common.dir/json-schema-to-grammar.cpp.o
[ 20%] Building CXX object common/CMakeFiles/common.dir/train.cpp.o
[ 21%] Building CXX object common/CMakeFiles/common.dir/ngram-cache.cpp.o
[ 22%] Linking C executable ../bin/test-c
[ 22%] Built target test-c
[ 23%] Linking CXX executable ../../bin/llama-bench-matmult
[ 23%] Built target llama-bench-matmult
[ 23%] Built target llava
[ 24%] Linking CXX static library libllava_static.a
[ 24%] Linking CXX shared library libllava_shared.so
[ 24%] Built target llava_static
[ 24%] Built target llava_shared
[ 24%] Linking CXX executable ../../bin/llama-quantize-stats
[ 24%] Built target llama-quantize-stats
[ 24%] Linking CXX static library libcommon.a
[ 24%] Built target common
[ 25%] Building CXX object tests/CMakeFiles/test-tokenizer-0.dir/test-tokenizer-0.cpp.o
[ 25%] Building CXX object tests/CMakeFiles/test-tokenizer-1-bpe.dir/test-tokenizer-1-bpe.cpp.o
[ 25%] Building CXX object tests/CMakeFiles/test-tokenizer-1-spm.dir/test-tokenizer-1-spm.cpp.o
[ 25%] Building CXX object tests/CMakeFiles/test-sampling.dir/test-sampling.cpp.o
[ 26%] Building CXX object tests/CMakeFiles/test-quantize-perf.dir/test-quantize-perf.cpp.o
[ 27%] Building CXX object tests/CMakeFiles/test-quantize-fns.dir/test-quantize-fns.cpp.o
[ 27%] Building CXX object tests/CMakeFiles/test-quantize-perf.dir/get-model.cpp.o
[ 27%] Building CXX object tests/CMakeFiles/test-quantize-fns.dir/get-model.cpp.o
[ 28%] Building CXX object tests/CMakeFiles/test-sampling.dir/get-model.cpp.o
[ 28%] Building CXX object tests/CMakeFiles/test-chat-template.dir/test-chat-template.cpp.o
[ 28%] Building CXX object tests/CMakeFiles/test-llama-grammar.dir/test-llama-grammar.cpp.o
[ 29%] Building CXX object tests/CMakeFiles/test-llama-grammar.dir/get-model.cpp.o
[ 30%] Building CXX object tests/CMakeFiles/test-grammar-parser.dir/test-grammar-parser.cpp.o
[ 31%] Building CXX object tests/CMakeFiles/test-chat-template.dir/get-model.cpp.o
[ 32%] Building CXX object tests/CMakeFiles/test-grammar-integration.dir/test-grammar-integration.cpp.o
[ 32%] Building CXX object tests/CMakeFiles/test-grammar-parser.dir/get-model.cpp.o
[ 32%] Building CXX object tests/CMakeFiles/test-grad0.dir/test-grad0.cpp.o
[ 33%] Linking CXX executable ../bin/test-quantize-perf
[ 34%] Building CXX object tests/CMakeFiles/test-grad0.dir/get-model.cpp.o
[ 35%] Building CXX object tests/CMakeFiles/test-grammar-integration.dir/get-model.cpp.o
[ 36%] Linking CXX executable ../bin/test-quantize-fns
[ 36%] Building CXX object tests/CMakeFiles/test-backend-ops.dir/test-backend-ops.cpp.o
[ 36%] Building CXX object tests/CMakeFiles/test-rope.dir/test-rope.cpp.o
[ 37%] Building CXX object tests/CMakeFiles/test-backend-ops.dir/get-model.cpp.o
[ 37%] Linking CXX executable ../bin/test-grad0
[ 38%] Building CXX object tests/CMakeFiles/test-rope.dir/get-model.cpp.o
[ 39%] Building CXX object tests/CMakeFiles/test-model-load-cancel.dir/test-model-load-cancel.cpp.o
[ 40%] Building CXX object tests/CMakeFiles/test-autorelease.dir/test-autorelease.cpp.o
[ 40%] Building CXX object tests/CMakeFiles/test-autorelease.dir/get-model.cpp.o
[ 41%] Building CXX object tests/CMakeFiles/test-model-load-cancel.dir/get-model.cpp.o
[ 42%] Linking CXX executable ../bin/test-rope
[ 43%] Linking CXX executable ../bin/test-backend-ops
[ 44%] Building CXX object examples/cvector-generator/CMakeFiles/llama-cvector-generator.dir/cvector-generator.cpp.o
[ 45%] Building CXX object tests/CMakeFiles/test-json-schema-to-grammar.dir/test-json-schema-to-grammar.cpp.o
[ 45%] Building CXX object examples/baby-llama/CMakeFiles/llama-baby-llama.dir/baby-llama.cpp.o
[ 45%] Building CXX object tests/CMakeFiles/test-json-schema-to-grammar.dir/get-model.cpp.o
[ 45%] Building CXX object examples/batched/CMakeFiles/llama-batched.dir/batched.cpp.o
[ 46%] Building CXX object examples/batched-bench/CMakeFiles/llama-batched-bench.dir/batched-bench.cpp.o
[ 47%] Building CXX object examples/embedding/CMakeFiles/llama-embedding.dir/embedding.cpp.o
[ 48%] Building CXX object examples/eval-callback/CMakeFiles/llama-eval-callback.dir/eval-callback.cpp.o
[ 48%] Building CXX object examples/convert-llama2c-to-ggml/CMakeFiles/llama-convert-llama2c-to-ggml.dir/convert-llama2c-to-ggml.cpp.o
[ 48%] Building CXX object examples/export-lora/CMakeFiles/llama-export-lora.dir/export-lora.cpp.o
[ 48%] Building CXX object examples/gbnf-validator/CMakeFiles/llama-gbnf-validator.dir/gbnf-validator.cpp.o
[ 49%] Building CXX object examples/gguf-split/CMakeFiles/llama-gguf-split.dir/gguf-split.cpp.o
[ 50%] Building CXX object examples/gritlm/CMakeFiles/llama-gritlm.dir/gritlm.cpp.o
[ 50%] Building CXX object examples/imatrix/CMakeFiles/llama-imatrix.dir/imatrix.cpp.o
[ 50%] Building CXX object examples/infill/CMakeFiles/llama-infill.dir/infill.cpp.o
[ 51%] Building CXX object examples/llama-bench/CMakeFiles/llama-bench.dir/llama-bench.cpp.o
[ 51%] Linking CXX executable ../bin/test-model-load-cancel
[ 52%] Building CXX object examples/llava/CMakeFiles/llama-llava-cli.dir/llava-cli.cpp.o
[ 53%] Building CXX object examples/llava/CMakeFiles/llama-minicpmv-cli.dir/minicpmv-cli.cpp.o
[ 54%] Building CXX object examples/lookahead/CMakeFiles/llama-lookahead.dir/lookahead.cpp.o
[ 55%] Building CXX object examples/lookup/CMakeFiles/llama-lookup.dir/lookup.cpp.o
[ 55%] Building CXX object examples/lookup/CMakeFiles/llama-lookup-create.dir/lookup-create.cpp.o
[ 55%] Building CXX object examples/lookup/CMakeFiles/llama-lookup-merge.dir/lookup-merge.cpp.o
[ 55%] Built target test-grad0
[ 56%] Building CXX object examples/lookup/CMakeFiles/llama-lookup-stats.dir/lookup-stats.cpp.o
[ 56%] Building CXX object examples/main/CMakeFiles/llama-cli.dir/main.cpp.o
[ 57%] Building CXX object examples/parallel/CMakeFiles/llama-parallel.dir/parallel.cpp.o
[ 58%] Building CXX object examples/passkey/CMakeFiles/llama-passkey.dir/passkey.cpp.o
[ 58%] Building CXX object examples/perplexity/CMakeFiles/llama-perplexity.dir/perplexity.cpp.o
[ 59%] Building CXX object examples/quantize/CMakeFiles/llama-quantize.dir/quantize.cpp.o
[ 60%] Building CXX object examples/retrieval/CMakeFiles/llama-retrieval.dir/retrieval.cpp.o
[ 60%] Generating theme-snowstorm.css.hpp
[ 60%] Generating colorthemes.css.hpp
[ 61%] Generating completion.js.hpp
[ 61%] Building CXX object examples/save-load-state/CMakeFiles/llama-save-load-state.dir/save-load-state.cpp.o
[ 61%] Building CXX object examples/simple/CMakeFiles/llama-simple.dir/simple.cpp.o
[ 62%] Generating index-new.html.hpp
[ 63%] Building CXX object examples/speculative/CMakeFiles/llama-speculative.dir/speculative.cpp.o
[ 63%] Built target test-quantize-perf
[ 64%] Building CXX object examples/tokenize/CMakeFiles/llama-tokenize.dir/tokenize.cpp.o
[ 65%] Generating index.html.hpp
[ 65%] Generating index.js.hpp
[ 65%] Built target test-rope
[ 66%] Building CXX object pocs/vdot/CMakeFiles/llama-vdot.dir/vdot.cpp.o
[ 67%] Generating json-schema-to-grammar.mjs.hpp
[ 67%] Building CXX object pocs/vdot/CMakeFiles/llama-q8dot.dir/q8dot.cpp.o
[ 67%] Built target test-quantize-fns
[ 68%] Generating prompt-formats.js.hpp
[ 69%] Generating style.css.hpp
[ 70%] Linking CXX executable ../../bin/llama-vdot
[ 70%] Generating system-prompts.js.hpp
[ 71%] Linking CXX executable ../../bin/llama-q8dot
[ 72%] Generating theme-beeninorder.css.hpp
[ 72%] Generating theme-ketivah.css.hpp
[ 73%] Generating theme-mangotango.css.hpp
[ 73%] Generating theme-playground.css.hpp
[ 74%] Generating theme-polarnight.css.hpp
[ 74%] Built target test-backend-ops
[ 74%] Built target test-model-load-cancel
[ 74%] Building CXX object examples/server/CMakeFiles/llama-server.dir/server.cpp.o
[ 74%] Built target llama-vdot
[ 74%] Built target llama-q8dot
[ 75%] Linking CXX executable ../bin/test-autorelease
[ 75%] Built target test-autorelease
[ 75%] Linking CXX executable ../bin/test-sampling
[ 76%] Linking CXX executable ../../bin/llama-baby-llama
[ 77%] Linking CXX executable ../bin/test-grammar-parser
[ 77%] Built target test-sampling
[ 77%] Built target test-grammar-parser
[ 78%] Linking CXX executable ../../bin/llama-gbnf-validator
[ 78%] Linking CXX executable ../bin/test-llama-grammar
[ 79%] Linking CXX executable ../bin/test-tokenizer-1-bpe
[ 80%] Linking CXX executable ../bin/test-chat-template
[ 81%] Linking CXX executable ../../bin/llama-lookup-merge
[ 82%] Linking CXX executable ../bin/test-tokenizer-1-spm
[ 82%] Linking CXX executable ../../bin/llama-tokenize
[ 82%] Built target llama-gbnf-validator
[ 83%] Linking CXX executable ../../bin/llama-eval-callback
[ 83%] Built target test-llama-grammar
[ 84%] Linking CXX executable ../../bin/llama-lookup-create
[ 84%] Built target llama-lookup-merge
[ 84%] Linking CXX executable ../../bin/llama-gguf-split
[ 85%] Linking CXX executable ../../bin/llama-simple
[ 86%] Linking CXX executable ../../bin/llama-batched
[ 87%] Linking CXX executable ../bin/test-tokenizer-0
[ 88%] Linking CXX executable ../../bin/llama-save-load-state
[ 88%] Linking CXX executable ../../bin/llama-minicpmv-cli
[ 88%] Built target llama-baby-llama
[ 88%] Linking CXX executable ../../bin/llama-batched-bench
[ 89%] Linking CXX executable ../../bin/llama-passkey
[ 89%] Linking CXX executable ../../bin/llama-embedding
[ 90%] Linking CXX executable ../../bin/llama-gritlm
[ 90%] Linking CXX executable ../../bin/llama-llava-cli
[ 90%] Linking CXX executable ../../bin/llama-parallel
[ 90%] Built target llama-gguf-split
[ 90%] Linking CXX executable ../../bin/llama-lookup-stats
[ 90%] Linking CXX executable ../../bin/llama-lookahead
[ 91%] Linking CXX executable ../../bin/llama-lookup
[ 92%] Linking CXX executable ../../bin/llama-convert-llama2c-to-ggml
[ 93%] Linking CXX executable ../../bin/llama-infill
[ 94%] Linking CXX executable ../../bin/llama-export-lora
[ 94%] Linking CXX executable ../../bin/llama-quantize
[ 94%] Built target llama-convert-llama2c-to-ggml
[ 94%] Built target test-tokenizer-1-bpe
[ 94%] Built target test-chat-template
[ 95%] Linking CXX executable ../../bin/llama-retrieval
[ 95%] Built target llama-tokenize
[ 95%] Built target test-tokenizer-1-spm
[ 95%] Linking CXX executable ../../bin/llama-cvector-generator
[ 95%] Built target llama-eval-callback
[ 95%] Built target llama-simple
[ 95%] Built target llama-batched
[ 95%] Built target llama-lookup-create
[ 95%] Built target llama-save-load-state
[ 95%] Built target llama-passkey
[ 96%] Linking CXX executable ../../bin/llama-cli
[ 96%] Built target llama-embedding
[ 96%] Built target test-tokenizer-0
[ 96%] Built target llama-batched-bench
[ 96%] Built target llama-gritlm
[ 96%] Linking CXX executable ../../bin/llama-speculative
[ 96%] Built target llama-parallel
[ 96%] Built target llama-lookup-stats
[ 96%] Built target llama-minicpmv-cli
[ 96%] Built target llama-lookahead
[ 96%] Built target llama-llava-cli
[ 96%] Built target llama-export-lora
[ 96%] Built target llama-lookup
[ 96%] Built target llama-infill
[ 96%] Built target llama-quantize
[ 97%] Linking CXX executable ../../bin/llama-imatrix
[ 97%] Built target llama-retrieval
[ 97%] Built target llama-cvector-generator
[ 97%] Built target llama-cli
[ 97%] Built target llama-speculative
[ 98%] Linking CXX executable ../../bin/llama-perplexity
[ 98%] Built target llama-imatrix
[ 98%] Built target llama-perplexity
[ 98%] Linking CXX executable ../bin/test-grammar-integration
[ 98%] Built target test-grammar-integration
[ 98%] Linking CXX executable ../../bin/llama-bench
[ 98%] Built target llama-bench
[ 99%] Linking CXX executable ../bin/test-json-schema-to-grammar
[ 99%] Built target test-json-schema-to-grammar
[100%] Linking CXX executable ../../bin/llama-server
[100%] Built target llama-server

real	0m53.011s
user	2m17.464s
sys	0m11.683s
+ tee -a /home/ggml/results/llama.cpp/c6/79e0cb5c378bfb63643c44a453345ba8b90126/ggml-0-x86-cpu-low-perf/ctest_debug-ctest.log
+ ctest --output-on-failure -L main -E test-opt
Test project /home/ggml/work/llama.cpp/build-ci-debug
      Start  1: test-tokenizer-0-bert-bge
 1/25 Test  #1: test-tokenizer-0-bert-bge .........   Passed    0.07 sec
      Start  2: test-tokenizer-0-command-r
 2/25 Test  #2: test-tokenizer-0-command-r ........   Passed    1.83 sec
      Start  3: test-tokenizer-0-deepseek-coder
 3/25 Test  #3: test-tokenizer-0-deepseek-coder ...   Passed    0.24 sec
      Start  4: test-tokenizer-0-deepseek-llm
 4/25 Test  #4: test-tokenizer-0-deepseek-llm .....   Passed    0.70 sec
      Start  5: test-tokenizer-0-falcon
 5/25 Test  #5: test-tokenizer-0-falcon ...........   Passed    0.41 sec
      Start  6: test-tokenizer-0-gpt-2
 6/25 Test  #6: test-tokenizer-0-gpt-2 ............   Passed    0.31 sec
      Start  7: test-tokenizer-0-llama-bpe
 7/25 Test  #7: test-tokenizer-0-llama-bpe ........   Passed    1.26 sec
      Start  8: test-tokenizer-0-llama-spm
 8/25 Test  #8: test-tokenizer-0-llama-spm ........   Passed    0.07 sec
      Start  9: test-tokenizer-0-mpt
 9/25 Test  #9: test-tokenizer-0-mpt ..............   Passed    0.31 sec
      Start 10: test-tokenizer-0-phi-3
10/25 Test #10: test-tokenizer-0-phi-3 ............   Passed    0.07 sec
      Start 11: test-tokenizer-0-qwen2
11/25 Test #11: test-tokenizer-0-qwen2 ............   Passed    1.05 sec
      Start 12: test-tokenizer-0-refact
12/25 Test #12: test-tokenizer-0-refact ...........   Passed    0.31 sec
      Start 13: test-tokenizer-0-starcoder
13/25 Test #13: test-tokenizer-0-starcoder ........   Passed    0.31 sec
      Start 14: test-tokenizer-1-llama-spm
14/25 Test #14: test-tokenizer-1-llama-spm ........   Passed    2.03 sec
      Start 15: test-quantize-fns
15/25 Test #15: test-quantize-fns .................   Passed   31.08 sec
      Start 16: test-quantize-perf
16/25 Test #16: test-quantize-perf ................   Passed    9.20 sec
      Start 17: test-sampling
17/25 Test #17: test-sampling .....................   Passed    0.03 sec
      Start 18: test-chat-template
18/25 Test #18: test-chat-template ................   Passed    0.00 sec
      Start 19: test-grammar-parser
19/25 Test #19: test-grammar-parser ...............   Passed    0.00 sec
      Start 20: test-llama-grammar
20/25 Test #20: test-llama-grammar ................   Passed    0.00 sec
      Start 21: test-grammar-integration
21/25 Test #21: test-grammar-integration ..........   Passed    0.03 sec
      Start 22: test-grad0
22/25 Test #22: test-grad0 ........................   Passed    0.19 sec
      Start 23: test-backend-ops
23/25 Test #23: test-backend-ops ..................   Passed    0.00 sec
      Start 24: test-rope
24/25 Test #24: test-rope .........................   Passed    0.06 sec
      Start 27: test-json-schema-to-grammar
25/25 Test #27: test-json-schema-to-grammar .......   Passed    0.04 sec

100% tests passed, 0 tests failed out of 25

Label Time Summary:
main    =  49.61 sec*proc (25 tests)

Total Test time (real) =  49.62 sec

real	0m49.648s
user	0m54.554s
sys	0m0.298s
+ set +e
+ cur=0
+ echo 0
+ set +x
+ gg_run_ctest_release
+ cd /home/ggml/work/llama.cpp
+ rm -rf build-ci-release
+ tee /home/ggml/results/llama.cpp/c6/79e0cb5c378bfb63643c44a453345ba8b90126/ggml-0-x86-cpu-low-perf/ctest_release.log
+ mkdir build-ci-release
+ cd build-ci-release
+ set -e
+ gg_check_build_requirements
+ command -v cmake
+ command -v make
+ command -v ctest
+ tee -a /home/ggml/results/llama.cpp/c6/79e0cb5c378bfb63643c44a453345ba8b90126/ggml-0-x86-cpu-low-perf/ctest_release-cmake.log
+ cmake -DCMAKE_BUILD_TYPE=Release -DLLAMA_FATAL_WARNINGS=ON ..
-- The C compiler identification is GNU 11.4.0
-- The CXX compiler identification is GNU 11.4.0
-- Detecting C compiler ABI info
-- Detecting C compiler ABI info - done
-- Check for working C compiler: /usr/bin/cc - skipped
-- Detecting C compile features
-- Detecting C compile features - done
-- Detecting CXX compiler ABI info
-- Detecting CXX compiler ABI info - done
-- Check for working CXX compiler: /usr/bin/c++ - skipped
-- Detecting CXX compile features
-- Detecting CXX compile features - done
-- Found Git: /usr/bin/git (found version "2.34.1") 
-- Performing Test CMAKE_HAVE_LIBC_PTHREAD
-- Performing Test CMAKE_HAVE_LIBC_PTHREAD - Success
-- Found Threads: TRUE  
-- Found OpenMP_C: -fopenmp (found version "4.5") 
-- Found OpenMP_CXX: -fopenmp (found version "4.5") 
-- Found OpenMP: TRUE (found version "4.5")  
-- OpenMP found
-- Using llamafile
-- ccache found, compilation results will be cached. Disable with GGML_CCACHE=OFF.
-- CMAKE_SYSTEM_PROCESSOR: x86_64
-- x86 detected
-- Configuring done (0.6s)
-- Generating done (0.1s)
-- Build files have been written to: /home/ggml/work/llama.cpp/build-ci-release

real	0m0.705s
user	0m0.569s
sys	0m0.137s
+ tee -a /home/ggml/results/llama.cpp/c6/79e0cb5c378bfb63643c44a453345ba8b90126/ggml-0-x86-cpu-low-perf/ctest_release-make.log
+ make -j
[  1%] Building CXX object common/CMakeFiles/build_info.dir/build-info.cpp.o
[  2%] Building C object ggml/src/CMakeFiles/ggml.dir/ggml-alloc.c.o
[  3%] Building C object ggml/src/CMakeFiles/ggml.dir/ggml.c.o
[  4%] Building C object examples/gguf-hash/CMakeFiles/sha1.dir/deps/sha1/sha1.c.o
[  4%] Building C object examples/gguf-hash/CMakeFiles/sha256.dir/deps/sha256/sha256.c.o
[  4%] Building C object ggml/src/CMakeFiles/ggml.dir/ggml-backend.c.o
[  5%] Building C object examples/gguf-hash/CMakeFiles/xxhash.dir/deps/xxhash/xxhash.c.o
[  5%] Building CXX object ggml/src/CMakeFiles/ggml.dir/llamafile/sgemm.cpp.o
[  6%] Building C object ggml/src/CMakeFiles/ggml.dir/ggml-quants.c.o
[  7%] Building C object ggml/src/CMakeFiles/ggml.dir/ggml-aarch64.c.o
[  7%] Built target sha256
[  7%] Built target xxhash
[  7%] Built target sha1
[  8%] Linking CXX shared library libggml.so
[  8%] Built target build_info
[  8%] Built target ggml
[  9%] Building CXX object examples/gguf-hash/CMakeFiles/llama-gguf-hash.dir/gguf-hash.cpp.o
[  9%] Building CXX object src/CMakeFiles/llama.dir/llama.cpp.o
[ 10%] Building CXX object src/CMakeFiles/llama.dir/llama-vocab.cpp.o
[ 10%] Building CXX object examples/gguf/CMakeFiles/llama-gguf.dir/gguf.cpp.o
[ 10%] Building CXX object src/CMakeFiles/llama.dir/llama-grammar.cpp.o
[ 11%] Building CXX object src/CMakeFiles/llama.dir/llama-sampling.cpp.o
[ 12%] Building CXX object src/CMakeFiles/llama.dir/unicode.cpp.o
[ 13%] Linking CXX executable ../../bin/llama-gguf
[ 13%] Linking CXX executable ../../bin/llama-gguf-hash
[ 13%] Building CXX object src/CMakeFiles/llama.dir/unicode-data.cpp.o
[ 13%] Built target llama-gguf
[ 13%] Built target llama-gguf-hash
[ 14%] Linking CXX shared library libllama.so
[ 14%] Built target llama
[ 14%] Building C object tests/CMakeFiles/test-c.dir/test-c.c.o
[ 15%] Building CXX object examples/benchmark/CMakeFiles/llama-bench-matmult.dir/benchmark-matmult.cpp.o
[ 15%] Building CXX object common/CMakeFiles/common.dir/common.cpp.o
[ 16%] Building CXX object common/CMakeFiles/common.dir/sampling.cpp.o
[ 17%] Building CXX object examples/quantize-stats/CMakeFiles/llama-quantize-stats.dir/quantize-stats.cpp.o
[ 17%] Building CXX object examples/llava/CMakeFiles/llava.dir/llava.cpp.o
[ 18%] Building CXX object examples/llava/CMakeFiles/llava.dir/clip.cpp.o
[ 18%] Building CXX object common/CMakeFiles/common.dir/console.cpp.o
[ 19%] Building CXX object common/CMakeFiles/common.dir/grammar-parser.cpp.o
[ 20%] Building CXX object common/CMakeFiles/common.dir/json-schema-to-grammar.cpp.o
[ 20%] Building CXX object common/CMakeFiles/common.dir/train.cpp.o
[ 21%] Building CXX object common/CMakeFiles/common.dir/ngram-cache.cpp.o
[ 22%] Linking C executable ../bin/test-c
[ 22%] Built target test-c
[ 23%] Linking CXX executable ../../bin/llama-bench-matmult
[ 23%] Built target llama-bench-matmult
[ 23%] Built target llava
[ 24%] Linking CXX static library libllava_static.a
[ 24%] Linking CXX shared library libllava_shared.so
[ 24%] Built target llava_static
[ 24%] Built target llava_shared
[ 24%] Linking CXX executable ../../bin/llama-quantize-stats
[ 24%] Built target llama-quantize-stats
[ 24%] Linking CXX static library libcommon.a
[ 24%] Built target common
[ 24%] Building CXX object tests/CMakeFiles/test-tokenizer-1-bpe.dir/test-tokenizer-1-bpe.cpp.o
[ 25%] Building CXX object tests/CMakeFiles/test-tokenizer-0.dir/test-tokenizer-0.cpp.o
[ 25%] Building CXX object tests/CMakeFiles/test-tokenizer-1-spm.dir/test-tokenizer-1-spm.cpp.o
[ 26%] Building CXX object tests/CMakeFiles/test-quantize-fns.dir/test-quantize-fns.cpp.o
[ 26%] Building CXX object tests/CMakeFiles/test-quantize-fns.dir/get-model.cpp.o
[ 26%] Building CXX object tests/CMakeFiles/test-chat-template.dir/test-chat-template.cpp.o
[ 26%] Building CXX object tests/CMakeFiles/test-sampling.dir/test-sampling.cpp.o
[ 27%] Building CXX object tests/CMakeFiles/test-quantize-perf.dir/test-quantize-perf.cpp.o
[ 28%] Building CXX object tests/CMakeFiles/test-chat-template.dir/get-model.cpp.o
[ 29%] Building CXX object tests/CMakeFiles/test-grammar-parser.dir/test-grammar-parser.cpp.o
[ 29%] Building CXX object tests/CMakeFiles/test-quantize-perf.dir/get-model.cpp.o
[ 29%] Building CXX object tests/CMakeFiles/test-grammar-parser.dir/get-model.cpp.o
[ 30%] Building CXX object tests/CMakeFiles/test-sampling.dir/get-model.cpp.o
[ 31%] Linking CXX executable ../bin/test-quantize-fns
[ 31%] Building CXX object tests/CMakeFiles/test-llama-grammar.dir/test-llama-grammar.cpp.o
[ 32%] Building CXX object tests/CMakeFiles/test-llama-grammar.dir/get-model.cpp.o
[ 33%] Linking CXX executable ../bin/test-quantize-perf
[ 34%] Building CXX object tests/CMakeFiles/test-grammar-integration.dir/test-grammar-integration.cpp.o
[ 34%] Building CXX object tests/CMakeFiles/test-grad0.dir/test-grad0.cpp.o
[ 35%] Building CXX object tests/CMakeFiles/test-grammar-integration.dir/get-model.cpp.o
[ 35%] Building CXX object tests/CMakeFiles/test-backend-ops.dir/test-backend-ops.cpp.o
[ 36%] Building CXX object tests/CMakeFiles/test-grad0.dir/get-model.cpp.o
[ 36%] Building CXX object tests/CMakeFiles/test-rope.dir/test-rope.cpp.o
[ 37%] Building CXX object tests/CMakeFiles/test-backend-ops.dir/get-model.cpp.o
[ 38%] Building CXX object tests/CMakeFiles/test-rope.dir/get-model.cpp.o
[ 39%] Building CXX object tests/CMakeFiles/test-model-load-cancel.dir/test-model-load-cancel.cpp.o
[ 40%] Building CXX object tests/CMakeFiles/test-model-load-cancel.dir/get-model.cpp.o
[ 40%] Linking CXX executable ../bin/test-grad0
[ 41%] Building CXX object tests/CMakeFiles/test-autorelease.dir/test-autorelease.cpp.o
[ 42%] Linking CXX executable ../bin/test-backend-ops
[ 42%] Building CXX object tests/CMakeFiles/test-autorelease.dir/get-model.cpp.o
[ 43%] Building CXX object tests/CMakeFiles/test-json-schema-to-grammar.dir/test-json-schema-to-grammar.cpp.o
[ 43%] Building CXX object tests/CMakeFiles/test-json-schema-to-grammar.dir/get-model.cpp.o
[ 44%] Building CXX object examples/cvector-generator/CMakeFiles/llama-cvector-generator.dir/cvector-generator.cpp.o
[ 45%] Linking CXX executable ../bin/test-rope
[ 45%] Building CXX object examples/baby-llama/CMakeFiles/llama-baby-llama.dir/baby-llama.cpp.o
[ 46%] Building CXX object examples/batched-bench/CMakeFiles/llama-batched-bench.dir/batched-bench.cpp.o
[ 46%] Building CXX object examples/batched/CMakeFiles/llama-batched.dir/batched.cpp.o
[ 46%] Building CXX object examples/convert-llama2c-to-ggml/CMakeFiles/llama-convert-llama2c-to-ggml.dir/convert-llama2c-to-ggml.cpp.o
[ 47%] Building CXX object examples/embedding/CMakeFiles/llama-embedding.dir/embedding.cpp.o
[ 48%] Building CXX object examples/eval-callback/CMakeFiles/llama-eval-callback.dir/eval-callback.cpp.o
[ 48%] Building CXX object examples/export-lora/CMakeFiles/llama-export-lora.dir/export-lora.cpp.o
[ 48%] Building CXX object examples/gbnf-validator/CMakeFiles/llama-gbnf-validator.dir/gbnf-validator.cpp.o
[ 49%] Building CXX object examples/gguf-split/CMakeFiles/llama-gguf-split.dir/gguf-split.cpp.o
[ 50%] Building CXX object examples/gritlm/CMakeFiles/llama-gritlm.dir/gritlm.cpp.o
[ 50%] Building CXX object examples/imatrix/CMakeFiles/llama-imatrix.dir/imatrix.cpp.o
[ 50%] Building CXX object examples/infill/CMakeFiles/llama-infill.dir/infill.cpp.o
[ 50%] Built target test-grad0
[ 51%] Building CXX object examples/llama-bench/CMakeFiles/llama-bench.dir/llama-bench.cpp.o
[ 52%] Building CXX object examples/llava/CMakeFiles/llama-llava-cli.dir/llava-cli.cpp.o
[ 53%] Building CXX object examples/llava/CMakeFiles/llama-minicpmv-cli.dir/minicpmv-cli.cpp.o
[ 54%] Building CXX object examples/lookahead/CMakeFiles/llama-lookahead.dir/lookahead.cpp.o
[ 55%] Building CXX object examples/lookup/CMakeFiles/llama-lookup.dir/lookup.cpp.o
[ 55%] Building CXX object examples/lookup/CMakeFiles/llama-lookup-create.dir/lookup-create.cpp.o
[ 55%] Built target test-quantize-fns
[ 55%] Building CXX object examples/lookup/CMakeFiles/llama-lookup-merge.dir/lookup-merge.cpp.o
[ 56%] Building CXX object examples/lookup/CMakeFiles/llama-lookup-stats.dir/lookup-stats.cpp.o
[ 56%] Built target test-quantize-perf
[ 56%] Building CXX object examples/main/CMakeFiles/llama-cli.dir/main.cpp.o
[ 56%] Linking CXX executable ../bin/test-model-load-cancel
[ 56%] Built target test-backend-ops
[ 56%] Built target test-rope
[ 58%] Building CXX object examples/passkey/CMakeFiles/llama-passkey.dir/passkey.cpp.o
[ 58%] Building CXX object examples/parallel/CMakeFiles/llama-parallel.dir/parallel.cpp.o
[ 58%] Generating theme-snowstorm.css.hpp
[ 58%] Generating colorthemes.css.hpp
[ 58%] Building CXX object examples/perplexity/CMakeFiles/llama-perplexity.dir/perplexity.cpp.o
[ 59%] Building CXX object examples/quantize/CMakeFiles/llama-quantize.dir/quantize.cpp.o
[ 60%] Generating completion.js.hpp
[ 61%] Building CXX object examples/retrieval/CMakeFiles/llama-retrieval.dir/retrieval.cpp.o
[ 62%] Generating index-new.html.hpp
[ 63%] Generating index.html.hpp
[ 63%] Building CXX object examples/save-load-state/CMakeFiles/llama-save-load-state.dir/save-load-state.cpp.o
[ 63%] Generating index.js.hpp
[ 63%] Building CXX object examples/simple/CMakeFiles/llama-simple.dir/simple.cpp.o
[ 64%] Building CXX object examples/speculative/CMakeFiles/llama-speculative.dir/speculative.cpp.o
[ 65%] Building CXX object examples/tokenize/CMakeFiles/llama-tokenize.dir/tokenize.cpp.o
[ 66%] Generating json-schema-to-grammar.mjs.hpp
[ 67%] Generating prompt-formats.js.hpp
[ 68%] Generating style.css.hpp
[ 69%] Building CXX object pocs/vdot/CMakeFiles/llama-vdot.dir/vdot.cpp.o
[ 69%] Building CXX object pocs/vdot/CMakeFiles/llama-q8dot.dir/q8dot.cpp.o
[ 69%] Generating system-prompts.js.hpp
[ 70%] Generating theme-beeninorder.css.hpp
[ 71%] Linking CXX executable ../../bin/llama-q8dot
[ 71%] Generating theme-ketivah.css.hpp
[ 72%] Linking CXX executable ../../bin/llama-vdot
[ 73%] Generating theme-mangotango.css.hpp
[ 73%] Generating theme-playground.css.hpp
[ 74%] Generating theme-polarnight.css.hpp
[ 74%] Built target test-model-load-cancel
[ 74%] Building CXX object examples/server/CMakeFiles/llama-server.dir/server.cpp.o
[ 74%] Built target llama-vdot
[ 74%] Built target llama-q8dot
[ 75%] Linking CXX executable ../bin/test-autorelease
[ 75%] Built target test-autorelease
[ 76%] Linking CXX executable ../../bin/llama-baby-llama
[ 77%] Linking CXX executable ../bin/test-grammar-parser
[ 77%] Built target test-grammar-parser
[ 77%] Built target llama-baby-llama
[ 78%] Linking CXX executable ../bin/test-tokenizer-1-bpe
[ 78%] Linking CXX executable ../bin/test-sampling
[ 79%] Linking CXX executable ../../bin/llama-gbnf-validator
[ 80%] Linking CXX executable ../bin/test-tokenizer-1-spm
[ 81%] Linking CXX executable ../../bin/llama-lookup-merge
[ 82%] Linking CXX executable ../bin/test-chat-template
[ 82%] Built target test-sampling
[ 82%] Built target llama-gbnf-validator
[ 82%] Built target test-tokenizer-1-bpe
[ 82%] Built target llama-lookup-merge
[ 82%] Built target test-tokenizer-1-spm
[ 82%] Linking CXX executable ../../bin/llama-tokenize
[ 82%] Built target test-chat-template
[ 83%] Linking CXX executable ../../bin/llama-lookup-create
[ 83%] Built target llama-tokenize
[ 84%] Linking CXX executable ../../bin/llama-eval-callback
[ 84%] Linking CXX executable ../../bin/llama-gguf-split
[ 84%] Linking CXX executable ../bin/test-llama-grammar
[ 84%] Built target llama-lookup-create
[ 84%] Built target llama-eval-callback
[ 84%] Built target test-llama-grammar
[ 84%] Built target llama-gguf-split
[ 84%] Linking CXX executable ../../bin/llama-batched-bench
[ 85%] Linking CXX executable ../../bin/llama-save-load-state
[ 86%] Linking CXX executable ../../bin/llama-gritlm
[ 87%] Linking CXX executable ../bin/test-tokenizer-0
[ 87%] Linking CXX executable ../../bin/llama-embedding
[ 87%] Built target llama-batched-bench
[ 88%] Linking CXX executable ../../bin/llama-batched
[ 88%] Linking CXX executable ../../bin/llama-lookup-stats
[ 88%] Built target llama-save-load-state
[ 89%] Linking CXX executable ../../bin/llama-simple
[ 89%] Built target llama-gritlm
[ 89%] Built target test-tokenizer-0
[ 89%] Built target llama-embedding
[ 89%] Built target llama-lookup-stats
[ 89%] Built target llama-batched
[ 89%] Built target llama-simple
[ 89%] Linking CXX executable ../../bin/llama-quantize
[ 89%] Linking CXX executable ../../bin/llama-minicpmv-cli
[ 90%] Linking CXX executable ../../bin/llama-passkey
[ 91%] Linking CXX executable ../../bin/llama-lookup
[ 91%] Built target llama-quantize
[ 91%] Built target llama-minicpmv-cli
[ 91%] Built target llama-passkey
[ 91%] Linking CXX executable ../../bin/llama-lookahead
[ 91%] Built target llama-lookup
[ 91%] Linking CXX executable ../../bin/llama-llava-cli
[ 92%] Linking CXX executable ../../bin/llama-convert-llama2c-to-ggml
[ 92%] Built target llama-lookahead
[ 92%] Built target llama-llava-cli
[ 92%] Built target llama-convert-llama2c-to-ggml
[ 92%] Linking CXX executable ../../bin/llama-parallel
[ 93%] Linking CXX executable ../../bin/llama-retrieval
[ 93%] Built target llama-parallel
[ 94%] Linking CXX executable ../../bin/llama-export-lora
[ 94%] Linking CXX executable ../../bin/llama-cvector-generator
[ 94%] Built target llama-retrieval
[ 94%] Built target llama-export-lora
[ 94%] Built target llama-cvector-generator
[ 95%] Linking CXX executable ../../bin/llama-infill
[ 95%] Built target llama-infill
[ 95%] Linking CXX executable ../../bin/llama-speculative
[ 95%] Built target llama-speculative
[ 96%] Linking CXX executable ../../bin/llama-imatrix
[ 96%] Built target llama-imatrix
[ 97%] Linking CXX executable ../../bin/llama-cli
[ 97%] Built target llama-cli
[ 98%] Linking CXX executable ../../bin/llama-perplexity
[ 98%] Built target llama-perplexity
[ 98%] Linking CXX executable ../bin/test-grammar-integration
[ 98%] Built target test-grammar-integration
[ 99%] Linking CXX executable ../bin/test-json-schema-to-grammar
[ 99%] Linking CXX executable ../../bin/llama-bench
[ 99%] Built target test-json-schema-to-grammar
[ 99%] Built target llama-bench
[100%] Linking CXX executable ../../bin/llama-server
[100%] Built target llama-server

real	1m26.586s
user	3m9.703s
sys	0m8.898s
+ '[' -z 1 ']'
+ tee -a /home/ggml/results/llama.cpp/c6/79e0cb5c378bfb63643c44a453345ba8b90126/ggml-0-x86-cpu-low-perf/ctest_release-ctest.log
+ ctest --output-on-failure -L main -E test-opt
Test project /home/ggml/work/llama.cpp/build-ci-release
      Start  1: test-tokenizer-0-bert-bge
 1/25 Test  #1: test-tokenizer-0-bert-bge .........   Passed    0.02 sec
      Start  2: test-tokenizer-0-command-r
 2/25 Test  #2: test-tokenizer-0-command-r ........   Passed    0.54 sec
      Start  3: test-tokenizer-0-deepseek-coder
 3/25 Test  #3: test-tokenizer-0-deepseek-coder ...   Passed    0.06 sec
      Start  4: test-tokenizer-0-deepseek-llm
 4/25 Test  #4: test-tokenizer-0-deepseek-llm .....   Passed    0.18 sec
      Start  5: test-tokenizer-0-falcon
 5/25 Test  #5: test-tokenizer-0-falcon ...........   Passed    0.11 sec
      Start  6: test-tokenizer-0-gpt-2
 6/25 Test  #6: test-tokenizer-0-gpt-2 ............   Passed    0.08 sec
      Start  7: test-tokenizer-0-llama-bpe
 7/25 Test  #7: test-tokenizer-0-llama-bpe ........   Passed    0.38 sec
      Start  8: test-tokenizer-0-llama-spm
 8/25 Test  #8: test-tokenizer-0-llama-spm ........   Passed    0.03 sec
      Start  9: test-tokenizer-0-mpt
 9/25 Test  #9: test-tokenizer-0-mpt ..............   Passed    0.08 sec
      Start 10: test-tokenizer-0-phi-3
10/25 Test #10: test-tokenizer-0-phi-3 ............   Passed    0.03 sec
      Start 11: test-tokenizer-0-qwen2
11/25 Test #11: test-tokenizer-0-qwen2 ............   Passed    0.28 sec
      Start 12: test-tokenizer-0-refact
12/25 Test #12: test-tokenizer-0-refact ...........   Passed    0.08 sec
      Start 13: test-tokenizer-0-starcoder
13/25 Test #13: test-tokenizer-0-starcoder ........   Passed    0.08 sec
      Start 14: test-tokenizer-1-llama-spm
14/25 Test #14: test-tokenizer-1-llama-spm ........   Passed    0.34 sec
      Start 15: test-quantize-fns
15/25 Test #15: test-quantize-fns .................   Passed   15.93 sec
      Start 16: test-quantize-perf
16/25 Test #16: test-quantize-perf ................   Passed    4.45 sec
      Start 17: test-sampling
17/25 Test #17: test-sampling .....................   Passed    0.01 sec
      Start 18: test-chat-template
18/25 Test #18: test-chat-template ................   Passed    0.00 sec
      Start 19: test-grammar-parser
19/25 Test #19: test-grammar-parser ...............   Passed    0.00 sec
      Start 20: test-llama-grammar
20/25 Test #20: test-llama-grammar ................   Passed    0.00 sec
      Start 21: test-grammar-integration
21/25 Test #21: test-grammar-integration ..........   Passed    0.01 sec
      Start 22: test-grad0
22/25 Test #22: test-grad0 ........................   Passed    0.14 sec
      Start 23: test-backend-ops
23/25 Test #23: test-backend-ops ..................   Passed    0.00 sec
      Start 24: test-rope
24/25 Test #24: test-rope .........................   Passed    0.05 sec
      Start 27: test-json-schema-to-grammar
25/25 Test #27: test-json-schema-to-grammar .......   Passed    0.01 sec

100% tests passed, 0 tests failed out of 25

Label Time Summary:
main    =  22.88 sec*proc (25 tests)

Total Test time (real) =  22.89 sec

real	0m22.913s
user	0m23.851s
sys	0m0.246s
+ set +e
+ cur=0
+ echo 0
+ set +x
