rm: cannot remove '/home/ggml/results/llama.cpp/ad/2727d09143ea3931d4ad271baa7a1831a96d82/ggml-4-x86-cuda-v100/*.log': No such file or directory
rm: cannot remove '/home/ggml/results/llama.cpp/ad/2727d09143ea3931d4ad271baa7a1831a96d82/ggml-4-x86-cuda-v100/*.exit': No such file or directory
rm: cannot remove '/home/ggml/results/llama.cpp/ad/2727d09143ea3931d4ad271baa7a1831a96d82/ggml-4-x86-cuda-v100/*.md': No such file or directory
Defaulting to user installation because normal site-packages is not writeable
Requirement already satisfied: numpy==1.24.4 in /home/ggml/.local/lib/python3.10/site-packages (from -r /home/ggml/work/llama.cpp/requirements.txt (line 1)) (1.24.4)
Requirement already satisfied: sentencepiece==0.1.98 in /home/ggml/.local/lib/python3.10/site-packages (from -r /home/ggml/work/llama.cpp/requirements.txt (line 2)) (0.1.98)
Requirement already satisfied: gguf>=0.1.0 in /home/ggml/.local/lib/python3.10/site-packages (from -r /home/ggml/work/llama.cpp/requirements.txt (line 3)) (0.4.4)
Defaulting to user installation because normal site-packages is not writeable
Obtaining file:///home/ggml/work/llama.cpp/gguf-py
  Installing build dependencies: started
  Installing build dependencies: finished with status 'done'
  Checking if build backend supports build_editable: started
  Checking if build backend supports build_editable: finished with status 'done'
  Getting requirements to build editable: started
  Getting requirements to build editable: finished with status 'done'
  Preparing editable metadata (pyproject.toml): started
  Preparing editable metadata (pyproject.toml): finished with status 'done'
Requirement already satisfied: numpy>=1.17 in /home/ggml/.local/lib/python3.10/site-packages (from gguf==0.4.4) (1.24.4)
Building wheels for collected packages: gguf
  Building editable for gguf (pyproject.toml): started
  Building editable for gguf (pyproject.toml): finished with status 'done'
  Created wheel for gguf: filename=gguf-0.4.4-py3-none-any.whl size=2717 sha256=c0f27b2c25b9b61b4ea705104484e15c25dd1b9711346807ffdebb267916e2b8
  Stored in directory: /tmp/pip-ephem-wheel-cache-l2ewa7mh/wheels/a3/4c/52/c5934ad001d1a70ca5434f11ddc622cad9c0a484e9bf6feda3
Successfully built gguf
Installing collected packages: gguf
  Attempting uninstall: gguf
    Found existing installation: gguf 0.4.4
    Uninstalling gguf-0.4.4:
      Successfully uninstalled gguf-0.4.4
Successfully installed gguf-0.4.4
+ gg_run_ctest_debug
+ tee /home/ggml/results/llama.cpp/ad/2727d09143ea3931d4ad271baa7a1831a96d82/ggml-4-x86-cuda-v100/ctest_debug.log
+ cd /home/ggml/work/llama.cpp
+ rm -rf build-ci-debug
+ mkdir build-ci-debug
+ cd build-ci-debug
+ set -e
+ tee -a /home/ggml/results/llama.cpp/ad/2727d09143ea3931d4ad271baa7a1831a96d82/ggml-4-x86-cuda-v100/ctest_debug-cmake.log
+ cmake -DCMAKE_BUILD_TYPE=Debug ..
-- The C compiler identification is GNU 11.4.0
-- The CXX compiler identification is GNU 11.4.0
-- Detecting C compiler ABI info
-- Detecting C compiler ABI info - done
-- Check for working C compiler: /usr/bin/cc - skipped
-- Detecting C compile features
-- Detecting C compile features - done
-- Detecting CXX compiler ABI info
-- Detecting CXX compiler ABI info - done
-- Check for working CXX compiler: /usr/bin/c++ - skipped
-- Detecting CXX compile features
-- Detecting CXX compile features - done
-- Found Git: /usr/bin/git (found version "2.34.1") 
-- Performing Test CMAKE_HAVE_LIBC_PTHREAD
-- Performing Test CMAKE_HAVE_LIBC_PTHREAD - Success
-- Found Threads: TRUE  
-- CMAKE_SYSTEM_PROCESSOR: x86_64
-- x86 detected
-- Configuring done (0.4s)
-- Generating done (0.1s)
-- Build files have been written to: /home/ggml/work/llama.cpp/build-ci-debug

real	0m0.602s
user	0m0.452s
sys	0m0.154s
+ tee -a /home/ggml/results/llama.cpp/ad/2727d09143ea3931d4ad271baa7a1831a96d82/ggml-4-x86-cuda-v100/ctest_debug-make.log
+ make -j
[  1%] Built target BUILD_INFO
[  2%] Building C object CMakeFiles/ggml.dir/ggml.c.o
[  3%] Building C object CMakeFiles/ggml.dir/ggml-alloc.c.o
[  4%] Building C object CMakeFiles/ggml.dir/ggml-backend.c.o
[  5%] Building C object CMakeFiles/ggml.dir/k_quants.c.o
[  5%] Built target ggml
[  6%] Linking C static library libggml_static.a
[  7%] Building CXX object CMakeFiles/llama.dir/llama.cpp.o
[  7%] Built target ggml_static
[  8%] Linking CXX static library libllama.a
[  8%] Built target llama
[ 10%] Building C object tests/CMakeFiles/test-c.dir/test-c.c.o
[ 11%] Building CXX object common/CMakeFiles/common.dir/common.cpp.o
[ 12%] Building CXX object examples/quantize/CMakeFiles/quantize.dir/quantize.cpp.o
[ 13%] Building CXX object examples/quantize-stats/CMakeFiles/quantize-stats.dir/quantize-stats.cpp.o
[ 15%] Building CXX object common/CMakeFiles/common.dir/console.cpp.o
[ 15%] Building CXX object common/CMakeFiles/common.dir/sampling.cpp.o
[ 16%] Building CXX object common/CMakeFiles/common.dir/grammar-parser.cpp.o
[ 17%] Building CXX object examples/benchmark/CMakeFiles/benchmark.dir/benchmark-matmult.cpp.o
[ 19%] Building CXX object common/CMakeFiles/common.dir/train.cpp.o
[ 20%] Linking CXX executable ../bin/test-c
[ 20%] Built target test-c
[ 21%] Linking CXX executable ../../bin/quantize
[ 22%] Linking CXX executable ../../bin/benchmark
[ 22%] Built target quantize
[ 22%] Built target benchmark
[ 23%] Linking CXX executable ../../bin/quantize-stats
[ 23%] Built target quantize-stats
[ 23%] Built target common
[ 25%] Building CXX object tests/CMakeFiles/test-quantize-fns.dir/test-quantize-fns.cpp.o
[ 25%] Building CXX object tests/CMakeFiles/test-quantize-perf.dir/test-quantize-perf.cpp.o
[ 26%] Building CXX object tests/CMakeFiles/test-sampling.dir/test-sampling.cpp.o
[ 28%] Building CXX object tests/CMakeFiles/test-tokenizer-0-llama.dir/test-tokenizer-0-llama.cpp.o
[ 29%] Building CXX object tests/CMakeFiles/test-tokenizer-0-falcon.dir/test-tokenizer-0-falcon.cpp.o
[ 30%] Building CXX object tests/CMakeFiles/test-tokenizer-1-llama.dir/test-tokenizer-1-llama.cpp.o
[ 31%] Building CXX object tests/CMakeFiles/test-grammar-parser.dir/test-grammar-parser.cpp.o
[ 32%] Building CXX object tests/CMakeFiles/test-tokenizer-1-bpe.dir/test-tokenizer-1-bpe.cpp.o
[ 33%] Building CXX object tests/CMakeFiles/test-grad0.dir/test-grad0.cpp.o
[ 34%] Building CXX object tests/CMakeFiles/test-rope.dir/test-rope.cpp.o
[ 35%] Building CXX object tests/CMakeFiles/test-llama-grammar.dir/test-llama-grammar.cpp.o
[ 37%] Building CXX object examples/main/CMakeFiles/main.dir/main.cpp.o
[ 38%] Building CXX object examples/perplexity/CMakeFiles/perplexity.dir/perplexity.cpp.o
[ 39%] Building CXX object examples/save-load-state/CMakeFiles/save-load-state.dir/save-load-state.cpp.o
[ 40%] Building CXX object examples/embedding/CMakeFiles/embedding.dir/embedding.cpp.o
[ 41%] Building CXX object examples/baby-llama/CMakeFiles/baby-llama.dir/baby-llama.cpp.o
[ 42%] Building CXX object examples/train-text-from-scratch/CMakeFiles/train-text-from-scratch.dir/train-text-from-scratch.cpp.o
[ 43%] Building CXX object examples/finetune/CMakeFiles/finetune.dir/finetune.cpp.o
[ 44%] Building CXX object examples/convert-llama2c-to-ggml/CMakeFiles/convert-llama2c-to-ggml.dir/convert-llama2c-to-ggml.cpp.o
[ 46%] Building CXX object examples/simple/CMakeFiles/simple.dir/simple.cpp.o
[ 47%] Building CXX object examples/batched/CMakeFiles/batched.dir/batched.cpp.o
[ 48%] Building CXX object examples/batched-bench/CMakeFiles/batched-bench.dir/batched-bench.cpp.o
[ 49%] Building CXX object examples/parallel/CMakeFiles/parallel.dir/parallel.cpp.o
[ 50%] Building CXX object examples/speculative/CMakeFiles/speculative.dir/speculative.cpp.o
[ 51%] Building CXX object examples/llava/CMakeFiles/clip.dir/clip.cpp.o
[ 52%] Building CXX object examples/embd-input/CMakeFiles/embdinput.dir/embd-input-lib.cpp.o
[ 53%] Building CXX object examples/llama-bench/CMakeFiles/llama-bench.dir/llama-bench.cpp.o
[ 55%] Building CXX object examples/beam-search/CMakeFiles/beam-search.dir/beam-search.cpp.o
[ 56%] Building CXX object examples/server/CMakeFiles/server.dir/server.cpp.o
[ 57%] Building CXX object examples/export-lora/CMakeFiles/export-lora.dir/export-lora.cpp.o
[ 58%] Building CXX object pocs/vdot/CMakeFiles/vdot.dir/vdot.cpp.o
[ 59%] Building CXX object pocs/vdot/CMakeFiles/q8dot.dir/q8dot.cpp.o
[ 60%] Linking CXX executable ../bin/test-grad0
[ 61%] Linking CXX executable ../bin/test-rope
[ 62%] Linking CXX executable ../bin/test-quantize-fns
[ 64%] Linking CXX executable ../bin/test-grammar-parser
[ 65%] Linking CXX executable ../bin/test-sampling
[ 65%] Built target test-grad0
[ 66%] Linking CXX executable ../../bin/baby-llama
[ 66%] Built target test-rope
[ 67%] Linking CXX executable ../../bin/q8dot
[ 67%] Built target test-grammar-parser
[ 67%] Built target test-quantize-fns
[ 68%] Linking CXX executable ../../bin/vdot
[ 69%] Linking CXX executable ../../bin/embedding
[ 70%] Linking CXX executable ../bin/test-tokenizer-0-falcon
[ 71%] Linking CXX executable ../../bin/simple
[ 73%] Linking CXX executable ../bin/test-tokenizer-0-llama
[ 74%] Linking CXX executable ../../bin/batched-bench
[ 75%] Linking CXX executable ../bin/test-quantize-perf
[ 75%] Built target test-sampling
[ 76%] Linking CXX executable ../../bin/save-load-state
[ 77%] Linking CXX executable ../../bin/batched
[ 78%] Linking CXX executable ../../bin/beam-search
[ 78%] Built target baby-llama
[ 79%] Linking CXX executable ../../bin/speculative
[ 79%] Built target q8dot
[ 80%] Linking CXX executable ../../bin/parallel
[ 82%] Linking CXX executable ../../bin/train-text-from-scratch
[ 83%] Linking CXX executable ../../bin/export-lora
[ 83%] Built target vdot
[ 83%] Built target embedding
[ 84%] Linking CXX static library libembdinput.a
[ 85%] Linking CXX executable ../../bin/convert-llama2c-to-ggml
[ 86%] Linking CXX executable ../../bin/perplexity
[ 86%] Built target test-tokenizer-0-falcon
[ 87%] Linking CXX executable ../../bin/finetune
[ 87%] Built target simple
[ 88%] Linking CXX executable ../../bin/main
[ 88%] Built target save-load-state
[ 88%] Built target test-tokenizer-0-llama
[ 88%] Built target beam-search
[ 88%] Built target embdinput
[ 88%] Built target test-quantize-perf
[ 89%] Building CXX object examples/embd-input/CMakeFiles/embd-input-test.dir/embd-input-test.cpp.o
[ 89%] Built target batched-bench
[ 89%] Built target batched
[ 89%] Built target parallel
[ 89%] Built target speculative
[ 91%] Linking CXX executable ../bin/test-tokenizer-1-llama
[ 91%] Built target train-text-from-scratch
[ 92%] Linking CXX executable ../bin/test-tokenizer-1-bpe
[ 92%] Built target export-lora
[ 92%] Built target convert-llama2c-to-ggml
[ 92%] Built target perplexity
[ 92%] Built target main
[ 92%] Built target finetune
[ 92%] Built target test-tokenizer-1-bpe
[ 93%] Linking CXX executable ../../bin/embd-input-test
[ 93%] Built target test-tokenizer-1-llama
[ 93%] Built target embd-input-test
[ 94%] Linking CXX static library libclip.a
[ 94%] Built target clip
[ 95%] Building CXX object examples/llava/CMakeFiles/llava.dir/llava.cpp.o
[ 96%] Linking CXX executable ../../bin/llama-bench
[ 96%] Built target llama-bench
[ 97%] Linking CXX executable ../../bin/llava
[ 97%] Built target llava
[ 98%] Linking CXX executable ../bin/test-llama-grammar
[ 98%] Built target test-llama-grammar
[100%] Linking CXX executable ../../bin/server
[100%] Built target server

real	0m35.980s
user	1m31.129s
sys	0m9.140s
+ tee -a /home/ggml/results/llama.cpp/ad/2727d09143ea3931d4ad271baa7a1831a96d82/ggml-4-x86-cuda-v100/ctest_debug-ctest.log
+ ctest --output-on-failure -E test-opt
Test project /home/ggml/work/llama.cpp/build-ci-debug
      Start  1: test-quantize-fns
 1/12 Test  #1: test-quantize-fns ................   Passed    0.04 sec
      Start  2: test-quantize-perf
 2/12 Test  #2: test-quantize-perf ...............   Passed    0.26 sec
      Start  3: test-sampling
 3/12 Test  #3: test-sampling ....................   Passed    0.00 sec
      Start  4: test-tokenizer-0-llama
 4/12 Test  #4: test-tokenizer-0-llama ...........   Passed    0.09 sec
      Start  5: test-tokenizer-0-falcon
 5/12 Test  #5: test-tokenizer-0-falcon ..........   Passed    0.83 sec
      Start  6: test-tokenizer-1-llama
 6/12 Test  #6: test-tokenizer-1-llama ...........   Passed   12.22 sec
      Start  7: test-tokenizer-1-falcon
 7/12 Test  #7: test-tokenizer-1-falcon ..........   Passed   10.58 sec
      Start  8: test-tokenizer-1-aquila
 8/12 Test  #8: test-tokenizer-1-aquila ..........   Passed   12.70 sec
      Start  9: test-grammar-parser
 9/12 Test  #9: test-grammar-parser ..............   Passed    0.00 sec
      Start 10: test-llama-grammar
10/12 Test #10: test-llama-grammar ...............   Passed    0.00 sec
      Start 11: test-grad0
11/12 Test #11: test-grad0 .......................   Passed    6.69 sec
      Start 12: test-rope
12/12 Test #12: test-rope ........................   Passed    0.08 sec

100% tests passed, 0 tests failed out of 12

Total Test time (real) =  43.50 sec

real	0m43.532s
user	0m44.083s
sys	0m7.184s
+ set +e
+ cur=0
+ echo 0
+ set +x
+ gg_run_ctest_release
+ tee /home/ggml/results/llama.cpp/ad/2727d09143ea3931d4ad271baa7a1831a96d82/ggml-4-x86-cuda-v100/ctest_release.log
+ cd /home/ggml/work/llama.cpp
+ rm -rf build-ci-release
+ mkdir build-ci-release
+ cd build-ci-release
+ set -e
+ tee -a /home/ggml/results/llama.cpp/ad/2727d09143ea3931d4ad271baa7a1831a96d82/ggml-4-x86-cuda-v100/ctest_release-cmake.log
+ cmake -DCMAKE_BUILD_TYPE=Release ..
-- The C compiler identification is GNU 11.4.0
-- The CXX compiler identification is GNU 11.4.0
-- Detecting C compiler ABI info
-- Detecting C compiler ABI info - done
-- Check for working C compiler: /usr/bin/cc - skipped
-- Detecting C compile features
-- Detecting C compile features - done
-- Detecting CXX compiler ABI info
-- Detecting CXX compiler ABI info - done
-- Check for working CXX compiler: /usr/bin/c++ - skipped
-- Detecting CXX compile features
-- Detecting CXX compile features - done
-- Found Git: /usr/bin/git (found version "2.34.1") 
-- Performing Test CMAKE_HAVE_LIBC_PTHREAD
-- Performing Test CMAKE_HAVE_LIBC_PTHREAD - Success
-- Found Threads: TRUE  
-- CMAKE_SYSTEM_PROCESSOR: x86_64
-- x86 detected
-- Configuring done (0.4s)
-- Generating done (0.1s)
-- Build files have been written to: /home/ggml/work/llama.cpp/build-ci-release

real	0m0.587s
user	0m0.433s
sys	0m0.159s
+ tee -a /home/ggml/results/llama.cpp/ad/2727d09143ea3931d4ad271baa7a1831a96d82/ggml-4-x86-cuda-v100/ctest_release-make.log
+ make -j
[  1%] Built target BUILD_INFO
[  2%] Building C object CMakeFiles/ggml.dir/ggml.c.o
[  3%] Building C object CMakeFiles/ggml.dir/ggml-alloc.c.o
[  4%] Building C object CMakeFiles/ggml.dir/ggml-backend.c.o
[  5%] Building C object CMakeFiles/ggml.dir/k_quants.c.o
[  5%] Built target ggml
[  6%] Linking C static library libggml_static.a
[  7%] Building CXX object CMakeFiles/llama.dir/llama.cpp.o
[  7%] Built target ggml_static
[  8%] Linking CXX static library libllama.a
[  8%] Built target llama
[ 10%] Building CXX object common/CMakeFiles/common.dir/common.cpp.o
[ 11%] Building C object tests/CMakeFiles/test-c.dir/test-c.c.o
[ 12%] Building CXX object examples/quantize/CMakeFiles/quantize.dir/quantize.cpp.o
[ 13%] Building CXX object examples/quantize-stats/CMakeFiles/quantize-stats.dir/quantize-stats.cpp.o
[ 15%] Building CXX object examples/benchmark/CMakeFiles/benchmark.dir/benchmark-matmult.cpp.o
[ 15%] Building CXX object common/CMakeFiles/common.dir/sampling.cpp.o
[ 16%] Building CXX object common/CMakeFiles/common.dir/grammar-parser.cpp.o
[ 17%] Building CXX object common/CMakeFiles/common.dir/console.cpp.o
[ 19%] Building CXX object common/CMakeFiles/common.dir/train.cpp.o
[ 20%] Linking CXX executable ../bin/test-c
[ 20%] Built target test-c
[ 21%] Linking CXX executable ../../bin/benchmark
[ 22%] Linking CXX executable ../../bin/quantize
[ 22%] Built target benchmark
[ 22%] Built target quantize
[ 23%] Linking CXX executable ../../bin/quantize-stats
[ 23%] Built target quantize-stats
[ 23%] Built target common
[ 24%] Building CXX object tests/CMakeFiles/test-quantize-fns.dir/test-quantize-fns.cpp.o
[ 25%] Building CXX object tests/CMakeFiles/test-quantize-perf.dir/test-quantize-perf.cpp.o
[ 26%] Building CXX object tests/CMakeFiles/test-tokenizer-0-llama.dir/test-tokenizer-0-llama.cpp.o
[ 28%] Building CXX object tests/CMakeFiles/test-sampling.dir/test-sampling.cpp.o
[ 29%] Building CXX object tests/CMakeFiles/test-tokenizer-0-falcon.dir/test-tokenizer-0-falcon.cpp.o
[ 30%] Building CXX object tests/CMakeFiles/test-tokenizer-1-llama.dir/test-tokenizer-1-llama.cpp.o
[ 31%] Building CXX object tests/CMakeFiles/test-grammar-parser.dir/test-grammar-parser.cpp.o
[ 32%] Building CXX object tests/CMakeFiles/test-llama-grammar.dir/test-llama-grammar.cpp.o
[ 33%] Building CXX object tests/CMakeFiles/test-tokenizer-1-bpe.dir/test-tokenizer-1-bpe.cpp.o
[ 34%] Building CXX object tests/CMakeFiles/test-grad0.dir/test-grad0.cpp.o
[ 35%] Building CXX object tests/CMakeFiles/test-rope.dir/test-rope.cpp.o
[ 37%] Building CXX object examples/main/CMakeFiles/main.dir/main.cpp.o
[ 38%] Building CXX object examples/perplexity/CMakeFiles/perplexity.dir/perplexity.cpp.o
[ 39%] Building CXX object examples/embedding/CMakeFiles/embedding.dir/embedding.cpp.o
[ 40%] Building CXX object examples/save-load-state/CMakeFiles/save-load-state.dir/save-load-state.cpp.o
[ 41%] Building CXX object examples/baby-llama/CMakeFiles/baby-llama.dir/baby-llama.cpp.o
[ 42%] Building CXX object examples/train-text-from-scratch/CMakeFiles/train-text-from-scratch.dir/train-text-from-scratch.cpp.o
[ 43%] Building CXX object examples/finetune/CMakeFiles/finetune.dir/finetune.cpp.o
[ 44%] Building CXX object examples/convert-llama2c-to-ggml/CMakeFiles/convert-llama2c-to-ggml.dir/convert-llama2c-to-ggml.cpp.o
[ 46%] Building CXX object examples/simple/CMakeFiles/simple.dir/simple.cpp.o
[ 47%] Building CXX object examples/batched-bench/CMakeFiles/batched-bench.dir/batched-bench.cpp.o
[ 48%] Building CXX object examples/batched/CMakeFiles/batched.dir/batched.cpp.o
[ 49%] Building CXX object examples/speculative/CMakeFiles/speculative.dir/speculative.cpp.o
[ 50%] Building CXX object examples/parallel/CMakeFiles/parallel.dir/parallel.cpp.o
[ 51%] Building CXX object examples/embd-input/CMakeFiles/embdinput.dir/embd-input-lib.cpp.o
[ 52%] Building CXX object examples/llava/CMakeFiles/clip.dir/clip.cpp.o
[ 53%] Building CXX object examples/llama-bench/CMakeFiles/llama-bench.dir/llama-bench.cpp.o
[ 55%] Building CXX object examples/beam-search/CMakeFiles/beam-search.dir/beam-search.cpp.o
[ 56%] Building CXX object examples/server/CMakeFiles/server.dir/server.cpp.o
[ 57%] Building CXX object examples/export-lora/CMakeFiles/export-lora.dir/export-lora.cpp.o
[ 58%] Building CXX object pocs/vdot/CMakeFiles/q8dot.dir/q8dot.cpp.o
[ 59%] Building CXX object pocs/vdot/CMakeFiles/vdot.dir/vdot.cpp.o
[ 60%] Linking CXX executable ../bin/test-rope
[ 61%] Linking CXX executable ../bin/test-quantize-fns
[ 61%] Built target test-rope
[ 61%] Built target test-quantize-fns
[ 62%] Linking CXX executable ../bin/test-sampling
[ 64%] Linking CXX executable ../bin/test-grammar-parser
[ 64%] Built target test-sampling
[ 65%] Linking CXX executable ../../bin/q8dot
[ 65%] Built target test-grammar-parser
[ 66%] Linking CXX executable ../../bin/baby-llama
[ 66%] Built target q8dot
[ 67%] Linking CXX executable ../../bin/vdot
[ 68%] Linking CXX executable ../../bin/embedding
[ 68%] Built target baby-llama
[ 69%] Linking CXX executable ../../bin/save-load-state
[ 69%] Built target embedding
[ 69%] Built target vdot
[ 70%] Linking CXX executable ../../bin/beam-search
[ 70%] Built target beam-search
[ 71%] Linking CXX executable ../bin/test-grad0
[ 71%] Built target save-load-state
[ 73%] Linking CXX executable ../../bin/batched-bench
[ 74%] Linking CXX executable ../../bin/batched
[ 75%] Linking CXX executable ../../bin/simple
[ 75%] Built target test-grad0
[ 76%] Linking CXX executable ../bin/test-quantize-perf
[ 77%] Linking CXX executable ../bin/test-tokenizer-1-llama
[ 77%] Built target simple
[ 77%] Built target batched-bench
[ 78%] Linking CXX executable ../bin/test-tokenizer-0-falcon
[ 78%] Built target batched
[ 79%] Linking CXX executable ../../bin/export-lora
[ 79%] Built target test-quantize-perf
[ 80%] Linking CXX executable ../bin/test-tokenizer-1-bpe
[ 80%] Built target test-tokenizer-1-llama
[ 82%] Linking CXX executable ../bin/test-tokenizer-0-llama
[ 82%] Built target test-tokenizer-0-falcon
[ 83%] Linking CXX static library libembdinput.a
[ 83%] Built target export-lora
[ 84%] Linking CXX executable ../../bin/parallel
[ 84%] Built target test-tokenizer-0-llama
[ 84%] Built target test-tokenizer-1-bpe
[ 84%] Built target embdinput
[ 84%] Built target parallel
[ 85%] Building CXX object examples/embd-input/CMakeFiles/embd-input-test.dir/embd-input-test.cpp.o
[ 86%] Linking CXX executable ../../bin/convert-llama2c-to-ggml
[ 87%] Linking CXX executable ../../bin/speculative
[ 88%] Linking CXX executable ../../bin/train-text-from-scratch
[ 88%] Built target speculative
[ 88%] Built target convert-llama2c-to-ggml
[ 88%] Built target train-text-from-scratch
[ 89%] Linking CXX executable ../../bin/perplexity
[ 89%] Built target perplexity
[ 91%] Linking CXX executable ../../bin/embd-input-test
[ 92%] Linking CXX executable ../../bin/finetune
[ 92%] Built target embd-input-test
[ 92%] Built target finetune
[ 93%] Linking CXX executable ../../bin/main
[ 93%] Built target main
[ 94%] Linking CXX executable ../../bin/llama-bench
[ 94%] Built target llama-bench
[ 95%] Linking CXX static library libclip.a
[ 95%] Built target clip
[ 96%] Building CXX object examples/llava/CMakeFiles/llava.dir/llava.cpp.o
[ 97%] Linking CXX executable ../../bin/llava
[ 97%] Built target llava
[ 98%] Linking CXX executable ../bin/test-llama-grammar
[ 98%] Built target test-llama-grammar
[100%] Linking CXX executable ../../bin/server
[100%] Built target server

real	0m56.245s
user	2m9.990s
sys	0m6.558s
+ '[' -z ']'
+ tee -a /home/ggml/results/llama.cpp/ad/2727d09143ea3931d4ad271baa7a1831a96d82/ggml-4-x86-cuda-v100/ctest_release-ctest.log
+ ctest --output-on-failure
Test project /home/ggml/work/llama.cpp/build-ci-release
      Start  1: test-quantize-fns
 1/12 Test  #1: test-quantize-fns ................   Passed    0.01 sec
      Start  2: test-quantize-perf
 2/12 Test  #2: test-quantize-perf ...............   Passed    0.05 sec
      Start  3: test-sampling
 3/12 Test  #3: test-sampling ....................   Passed    0.00 sec
      Start  4: test-tokenizer-0-llama
 4/12 Test  #4: test-tokenizer-0-llama ...........   Passed    0.03 sec
      Start  5: test-tokenizer-0-falcon
 5/12 Test  #5: test-tokenizer-0-falcon ..........   Passed    0.25 sec
      Start  6: test-tokenizer-1-llama
 6/12 Test  #6: test-tokenizer-1-llama ...........   Passed    3.16 sec
      Start  7: test-tokenizer-1-falcon
 7/12 Test  #7: test-tokenizer-1-falcon ..........   Passed    2.21 sec
      Start  8: test-tokenizer-1-aquila
 8/12 Test  #8: test-tokenizer-1-aquila ..........   Passed    2.91 sec
      Start  9: test-grammar-parser
 9/12 Test  #9: test-grammar-parser ..............   Passed    0.00 sec
      Start 10: test-llama-grammar
10/12 Test #10: test-llama-grammar ...............   Passed    0.00 sec
      Start 11: test-grad0
11/12 Test #11: test-grad0 .......................   Passed    6.58 sec
      Start 12: test-rope
12/12 Test #12: test-rope ........................   Passed    0.06 sec

100% tests passed, 0 tests failed out of 12

Total Test time (real) =  15.29 sec

real	0m15.320s
user	0m15.254s
sys	0m7.414s
+ set +e
+ cur=0
+ echo 0
+ set +x
+ gg_run_open_llama_7b_v2
+ tee /home/ggml/results/llama.cpp/ad/2727d09143ea3931d4ad271baa7a1831a96d82/ggml-4-x86-cuda-v100/open_llama_7b_v2.log
+ cd /home/ggml/work/llama.cpp
+ gg_wget models-mnt/open-llama/7B-v2/ https://huggingface.co/openlm-research/open_llama_7b_v2/raw/main/config.json
+ local out=models-mnt/open-llama/7B-v2/
+ local url=https://huggingface.co/openlm-research/open_llama_7b_v2/raw/main/config.json
++ pwd
+ local cwd=/home/ggml/work/llama.cpp
+ mkdir -p models-mnt/open-llama/7B-v2/
+ cd models-mnt/open-llama/7B-v2/
+ wget -nv -N https://huggingface.co/openlm-research/open_llama_7b_v2/raw/main/config.json
Last-modified header missing -- time-stamps turned off.
2023-10-18 07:54:01 URL:https://huggingface.co/openlm-research/open_llama_7b_v2/raw/main/config.json [502/502] -> "config.json" [1]
+ cd /home/ggml/work/llama.cpp
+ gg_wget models-mnt/open-llama/7B-v2/ https://huggingface.co/openlm-research/open_llama_7b_v2/resolve/main/tokenizer.model
+ local out=models-mnt/open-llama/7B-v2/
+ local url=https://huggingface.co/openlm-research/open_llama_7b_v2/resolve/main/tokenizer.model
++ pwd
+ local cwd=/home/ggml/work/llama.cpp
+ mkdir -p models-mnt/open-llama/7B-v2/
+ cd models-mnt/open-llama/7B-v2/
+ wget -nv -N https://huggingface.co/openlm-research/open_llama_7b_v2/resolve/main/tokenizer.model
+ cd /home/ggml/work/llama.cpp
+ gg_wget models-mnt/open-llama/7B-v2/ https://huggingface.co/openlm-research/open_llama_7b_v2/raw/main/tokenizer_config.json
+ local out=models-mnt/open-llama/7B-v2/
+ local url=https://huggingface.co/openlm-research/open_llama_7b_v2/raw/main/tokenizer_config.json
++ pwd
+ local cwd=/home/ggml/work/llama.cpp
+ mkdir -p models-mnt/open-llama/7B-v2/
+ cd models-mnt/open-llama/7B-v2/
+ wget -nv -N https://huggingface.co/openlm-research/open_llama_7b_v2/raw/main/tokenizer_config.json
Last-modified header missing -- time-stamps turned off.
2023-10-18 07:54:02 URL:https://huggingface.co/openlm-research/open_llama_7b_v2/raw/main/tokenizer_config.json [593/593] -> "tokenizer_config.json" [1]
+ cd /home/ggml/work/llama.cpp
+ gg_wget models-mnt/open-llama/7B-v2/ https://huggingface.co/openlm-research/open_llama_7b_v2/raw/main/special_tokens_map.json
+ local out=models-mnt/open-llama/7B-v2/
+ local url=https://huggingface.co/openlm-research/open_llama_7b_v2/raw/main/special_tokens_map.json
++ pwd
+ local cwd=/home/ggml/work/llama.cpp
+ mkdir -p models-mnt/open-llama/7B-v2/
+ cd models-mnt/open-llama/7B-v2/
+ wget -nv -N https://huggingface.co/openlm-research/open_llama_7b_v2/raw/main/special_tokens_map.json
Last-modified header missing -- time-stamps turned off.
2023-10-18 07:54:02 URL:https://huggingface.co/openlm-research/open_llama_7b_v2/raw/main/special_tokens_map.json [330/330] -> "special_tokens_map.json" [1]
+ cd /home/ggml/work/llama.cpp
+ gg_wget models-mnt/open-llama/7B-v2/ https://huggingface.co/openlm-research/open_llama_7b_v2/raw/main/pytorch_model.bin.index.json
+ local out=models-mnt/open-llama/7B-v2/
+ local url=https://huggingface.co/openlm-research/open_llama_7b_v2/raw/main/pytorch_model.bin.index.json
++ pwd
+ local cwd=/home/ggml/work/llama.cpp
+ mkdir -p models-mnt/open-llama/7B-v2/
+ cd models-mnt/open-llama/7B-v2/
+ wget -nv -N https://huggingface.co/openlm-research/open_llama_7b_v2/raw/main/pytorch_model.bin.index.json
Last-modified header missing -- time-stamps turned off.
2023-10-18 07:54:02 URL:https://huggingface.co/openlm-research/open_llama_7b_v2/raw/main/pytorch_model.bin.index.json [26788/26788] -> "pytorch_model.bin.index.json" [1]
+ cd /home/ggml/work/llama.cpp
+ gg_wget models-mnt/open-llama/7B-v2/ https://huggingface.co/openlm-research/open_llama_7b_v2/resolve/main/pytorch_model-00001-of-00002.bin
+ local out=models-mnt/open-llama/7B-v2/
+ local url=https://huggingface.co/openlm-research/open_llama_7b_v2/resolve/main/pytorch_model-00001-of-00002.bin
++ pwd
+ local cwd=/home/ggml/work/llama.cpp
+ mkdir -p models-mnt/open-llama/7B-v2/
+ cd models-mnt/open-llama/7B-v2/
+ wget -nv -N https://huggingface.co/openlm-research/open_llama_7b_v2/resolve/main/pytorch_model-00001-of-00002.bin
+ cd /home/ggml/work/llama.cpp
+ gg_wget models-mnt/open-llama/7B-v2/ https://huggingface.co/openlm-research/open_llama_7b_v2/resolve/main/pytorch_model-00002-of-00002.bin
+ local out=models-mnt/open-llama/7B-v2/
+ local url=https://huggingface.co/openlm-research/open_llama_7b_v2/resolve/main/pytorch_model-00002-of-00002.bin
++ pwd
+ local cwd=/home/ggml/work/llama.cpp
+ mkdir -p models-mnt/open-llama/7B-v2/
+ cd models-mnt/open-llama/7B-v2/
+ wget -nv -N https://huggingface.co/openlm-research/open_llama_7b_v2/resolve/main/pytorch_model-00002-of-00002.bin
+ cd /home/ggml/work/llama.cpp
+ gg_wget models-mnt/open-llama/7B-v2/ https://huggingface.co/openlm-research/open_llama_7b_v2/raw/main/generation_config.json
+ local out=models-mnt/open-llama/7B-v2/
+ local url=https://huggingface.co/openlm-research/open_llama_7b_v2/raw/main/generation_config.json
++ pwd
+ local cwd=/home/ggml/work/llama.cpp
+ mkdir -p models-mnt/open-llama/7B-v2/
+ cd models-mnt/open-llama/7B-v2/
+ wget -nv -N https://huggingface.co/openlm-research/open_llama_7b_v2/raw/main/generation_config.json
Last-modified header missing -- time-stamps turned off.
2023-10-18 07:54:02 URL:https://huggingface.co/openlm-research/open_llama_7b_v2/raw/main/generation_config.json [132/132] -> "generation_config.json" [1]
+ cd /home/ggml/work/llama.cpp
+ gg_wget models-mnt/wikitext/ https://s3.amazonaws.com/research.metamind.io/wikitext/wikitext-2-raw-v1.zip
+ local out=models-mnt/wikitext/
+ local url=https://s3.amazonaws.com/research.metamind.io/wikitext/wikitext-2-raw-v1.zip
++ pwd
+ local cwd=/home/ggml/work/llama.cpp
+ mkdir -p models-mnt/wikitext/
+ cd models-mnt/wikitext/
+ wget -nv -N https://s3.amazonaws.com/research.metamind.io/wikitext/wikitext-2-raw-v1.zip
+ cd /home/ggml/work/llama.cpp
+ unzip -o models-mnt/wikitext/wikitext-2-raw-v1.zip -d models-mnt/wikitext/
Archive:  models-mnt/wikitext/wikitext-2-raw-v1.zip
  inflating: models-mnt/wikitext/wikitext-2-raw/wiki.test.raw  
  inflating: models-mnt/wikitext/wikitext-2-raw/wiki.valid.raw  
  inflating: models-mnt/wikitext/wikitext-2-raw/wiki.train.raw  
+ path_models=../models-mnt/open-llama/7B-v2
+ path_wiki=../models-mnt/wikitext/wikitext-2-raw
+ rm -rf build-ci-release
+ mkdir build-ci-release
+ cd build-ci-release
+ set -e
+ tee -a /home/ggml/results/llama.cpp/ad/2727d09143ea3931d4ad271baa7a1831a96d82/ggml-4-x86-cuda-v100/open_llama_7b_v2-cmake.log
+ cmake -DCMAKE_BUILD_TYPE=Release -DLLAMA_CUBLAS=1 ..
-- The C compiler identification is GNU 11.4.0
-- The CXX compiler identification is GNU 11.4.0
-- Detecting C compiler ABI info
-- Detecting C compiler ABI info - done
-- Check for working C compiler: /usr/bin/cc - skipped
-- Detecting C compile features
-- Detecting C compile features - done
-- Detecting CXX compiler ABI info
-- Detecting CXX compiler ABI info - done
-- Check for working CXX compiler: /usr/bin/c++ - skipped
-- Detecting CXX compile features
-- Detecting CXX compile features - done
-- Found Git: /usr/bin/git (found version "2.34.1") 
-- Performing Test CMAKE_HAVE_LIBC_PTHREAD
-- Performing Test CMAKE_HAVE_LIBC_PTHREAD - Success
-- Found Threads: TRUE  
-- Found CUDAToolkit: /usr/local/cuda-12.2/include (found version "12.2.91") 
-- cuBLAS found
-- The CUDA compiler identification is NVIDIA 12.2.91
-- Detecting CUDA compiler ABI info
-- Detecting CUDA compiler ABI info - done
-- Check for working CUDA compiler: /usr/local/cuda-12.2/bin/nvcc - skipped
