+ cmake -DCMAKE_BUILD_TYPE=Release ..
-- The C compiler identification is GNU 11.4.0
-- The CXX compiler identification is GNU 11.4.0
-- Detecting C compiler ABI info
-- Detecting C compiler ABI info - done
-- Check for working C compiler: /usr/bin/cc - skipped
-- Detecting C compile features
-- Detecting C compile features - done
-- Detecting CXX compiler ABI info
-- Detecting CXX compiler ABI info - done
-- Check for working CXX compiler: /usr/bin/c++ - skipped
-- Detecting CXX compile features
-- Detecting CXX compile features - done
-- Found Git: /usr/bin/git (found version "2.34.1") 
-- Looking for pthread.h
-- Looking for pthread.h - found
-- Performing Test CMAKE_HAVE_LIBC_PTHREAD
-- Performing Test CMAKE_HAVE_LIBC_PTHREAD - Success
-- Found Threads: TRUE  
-- CMAKE_SYSTEM_PROCESSOR: x86_64
-- x86 detected
-- Configuring done
-- Generating done
-- Build files have been written to: /home/ggml/work/llama.cpp/build-ci-release

real	0m0.411s
user	0m0.241s
sys	0m0.151s
+ make -j
[  1%] Building C object CMakeFiles/ggml.dir/ggml.c.o
[  5%] Building C object CMakeFiles/ggml.dir/k_quants.c.o
[  5%] Built target BUILD_INFO
[  6%] Building C object CMakeFiles/ggml.dir/ggml-alloc.c.o
[  6%] Built target ggml
[  8%] Linking C static library libggml_static.a
[ 10%] Building CXX object CMakeFiles/llama.dir/llama.cpp.o
[ 10%] Built target ggml_static
[ 12%] Linking CXX static library libllama.a
[ 12%] Built target llama
[ 13%] Building CXX object tests/CMakeFiles/test-tokenizer-0.dir/test-tokenizer-0.cpp.o
[ 17%] Building CXX object tests/CMakeFiles/test-quantize-perf.dir/test-quantize-perf.cpp.o
[ 17%] Building CXX object tests/CMakeFiles/test-quantize-fns.dir/test-quantize-fns.cpp.o
[ 18%] Building CXX object tests/CMakeFiles/test-grammar-parser.dir/test-grammar-parser.cpp.o
[ 20%] Building CXX object tests/CMakeFiles/test-grad0.dir/test-grad0.cpp.o
[ 22%] Building CXX object tests/CMakeFiles/test-sampling.dir/test-sampling.cpp.o
[ 24%] Building CXX object tests/CMakeFiles/test-llama-grammar.dir/test-llama-grammar.cpp.o
[ 25%] Building CXX object examples/quantize/CMakeFiles/quantize.dir/quantize.cpp.o
[ 27%] Building CXX object examples/CMakeFiles/common.dir/common.cpp.o
[ 29%] Building CXX object examples/quantize-stats/CMakeFiles/quantize-stats.dir/quantize-stats.cpp.o
[ 31%] Building CXX object examples/CMakeFiles/common.dir/console.cpp.o
[ 32%] Building CXX object examples/CMakeFiles/common.dir/grammar-parser.cpp.o
[ 34%] Linking CXX executable ../bin/test-quantize-fns
[ 36%] Linking CXX executable ../../bin/quantize
[ 36%] Built target test-quantize-fns
[ 36%] Built target quantize
[ 37%] Linking CXX executable ../bin/test-tokenizer-0
[ 39%] Linking CXX executable ../bin/test-sampling
[ 39%] Built target test-tokenizer-0
[ 39%] Built target test-sampling
[ 41%] Linking CXX executable ../bin/test-grad0
[ 41%] Built target test-grad0
[ 43%] Linking CXX executable ../bin/test-quantize-perf
[ 43%] Built target test-quantize-perf
[ 44%] Linking CXX executable ../bin/test-grammar-parser
[ 44%] Built target common
[ 44%] Built target test-grammar-parser
[ 46%] Building CXX object examples/main/CMakeFiles/main.dir/main.cpp.o
[ 48%] Building CXX object examples/perplexity/CMakeFiles/perplexity.dir/perplexity.cpp.o
[ 50%] Building CXX object examples/save-load-state/CMakeFiles/save-load-state.dir/save-load-state.cpp.o
[ 51%] Building CXX object examples/benchmark/CMakeFiles/benchmark.dir/benchmark-matmult.cpp.o
[ 53%] Building CXX object examples/baby-llama/CMakeFiles/baby-llama.dir/baby-llama.cpp.o
[ 55%] Building CXX object examples/embedding/CMakeFiles/embedding.dir/embedding.cpp.o
[ 56%] Building CXX object examples/convert-llama2c-to-ggml/CMakeFiles/convert-llama2c-to-ggml.dir/convert-llama2c-to-ggml.cpp.o
[ 58%] Building CXX object examples/train-text-from-scratch/CMakeFiles/train-text-from-scratch.dir/train-text-from-scratch.cpp.o
[ 60%] Building CXX object examples/simple/CMakeFiles/simple.dir/simple.cpp.o
[ 62%] Building CXX object examples/embd-input/CMakeFiles/embdinput.dir/embd-input-lib.cpp.o
[ 63%] Building CXX object examples/llama-bench/CMakeFiles/llama-bench.dir/llama-bench.cpp.o
[ 65%] Building CXX object examples/server/CMakeFiles/server.dir/server.cpp.o
[ 67%] Building CXX object pocs/vdot/CMakeFiles/vdot.dir/vdot.cpp.o
[ 68%] Building CXX object pocs/vdot/CMakeFiles/q8dot.dir/q8dot.cpp.o
/home/ggml/work/llama.cpp/examples/baby-llama/baby-llama.cpp: In function ‘int main(int, char**)’:
/home/ggml/work/llama.cpp/examples/baby-llama/baby-llama.cpp:1620:32: warning: variable ‘opt_params_adam’ set but not used [-Wunused-but-set-variable]
 1620 |         struct ggml_opt_params opt_params_adam = ggml_opt_default_params(GGML_OPT_ADAM);
      |                                ^~~~~~~~~~~~~~~
[ 70%] Linking CXX executable ../../bin/embedding
[ 72%] Linking CXX executable ../../bin/benchmark
[ 74%] Linking CXX executable ../../bin/save-load-state
[ 75%] Linking CXX executable ../../bin/q8dot
[ 75%] Built target embedding
[ 75%] Built target save-load-state
[ 75%] Built target benchmark
[ 77%] Linking CXX executable ../../bin/simple
[ 77%] Built target q8dot
[ 79%] Linking CXX executable ../../bin/vdot
[ 79%] Built target simple
[ 79%] Built target vdot
[ 81%] Linking CXX executable ../../bin/baby-llama
[ 82%] Linking CXX static library libembdinput.a
[ 82%] Built target baby-llama
[ 84%] Linking CXX executable ../../bin/convert-llama2c-to-ggml
[ 86%] Linking CXX executable ../../bin/perplexity
[ 86%] Built target embdinput
[ 87%] Building CXX object examples/embd-input/CMakeFiles/embd-input-test.dir/embd-input-test.cpp.o
[ 87%] Built target perplexity
[ 87%] Built target convert-llama2c-to-ggml
[ 89%] Linking CXX executable ../../bin/main
[ 89%] Built target main
[ 91%] Linking CXX executable ../../bin/embd-input-test
[ 91%] Built target embd-input-test
[ 93%] Linking CXX executable ../../bin/quantize-stats
[ 93%] Built target quantize-stats
[ 94%] Linking CXX executable ../../bin/train-text-from-scratch
[ 94%] Built target train-text-from-scratch
[ 96%] Linking CXX executable ../../bin/llama-bench
[ 96%] Built target llama-bench
[ 98%] Linking CXX executable ../bin/test-llama-grammar
[ 98%] Built target test-llama-grammar
[100%] Linking CXX executable ../../bin/server
[100%] Built target server

real	0m27.263s
user	1m6.907s
sys	0m3.308s
+ ctest --output-on-failure
Test project /home/ggml/work/llama.cpp/build-ci-release
    Start 1: test-quantize-fns
1/7 Test #1: test-quantize-fns ................   Passed    0.00 sec
    Start 2: test-quantize-perf
2/7 Test #2: test-quantize-perf ...............   Passed    0.01 sec
    Start 3: test-sampling
3/7 Test #3: test-sampling ....................   Passed    0.00 sec
    Start 4: test-tokenizer-0
4/7 Test #4: test-tokenizer-0 .................   Passed    0.01 sec
    Start 5: test-grammar-parser
5/7 Test #5: test-grammar-parser ..............   Passed    0.00 sec
    Start 6: test-llama-grammar
6/7 Test #6: test-llama-grammar ...............   Passed    0.00 sec
    Start 7: test-grad0
7/7 Test #7: test-grad0 .......................   Passed    2.64 sec

100% tests passed, 0 tests failed out of 7

Total Test time (real) =   2.67 sec

real	0m2.676s
user	0m2.578s
sys	0m3.437s
