+ ctest --output-on-failure
Test project /home/ggml/work/ggml/build-ci-debug
      Start  1: test-grad0
 1/11 Test  #1: test-grad0 .......................   Passed    4.43 sec
      Start  2: test-opt
 2/11 Test  #2: test-opt .........................   Passed  209.74 sec
      Start  3: test-quantize-fns
 3/11 Test  #3: test-quantize-fns ................   Passed    0.01 sec
      Start  4: test-quantize-perf
 4/11 Test  #4: test-quantize-perf ...............   Passed    0.01 sec
      Start  5: test-mul-mat0
 5/11 Test  #5: test-mul-mat0 ....................   Passed    0.54 sec
      Start  6: test-mul-mat2
 6/11 Test  #6: test-mul-mat2 ....................   Passed    6.59 sec
      Start  7: test0
 7/11 Test  #7: test0 ............................   Passed    0.00 sec
      Start  8: test1
 8/11 Test  #8: test1 ............................   Passed    0.01 sec
      Start  9: test2
 9/11 Test  #9: test2 ............................   Passed   20.01 sec
      Start 10: test3
10/11 Test #10: test3 ............................   Passed    1.11 sec
      Start 11: test-pool
11/11 Test #11: test-pool ........................   Passed    0.00 sec

100% tests passed, 0 tests failed out of 11

Total Test time (real) = 242.45 sec

real	4m2.456s
user	5m8.984s
sys	0m3.144s
