+ ctest --output-on-failure -E test-opt
Test project /Users/ggml/work/ggml/build-ci-debug
      Start  1: test-grad0
 1/15 Test  #1: test-grad0 .......................   Passed    1.21 sec
      Start  2: test-quantize-fns
 2/15 Test  #2: test-quantize-fns ................   Passed    0.21 sec
      Start  3: test-quantize-perf
 3/15 Test  #3: test-quantize-perf ...............   Passed    0.33 sec
      Start  4: test-mul-mat0
 4/15 Test  #4: test-mul-mat0 ....................   Passed    0.41 sec
      Start  5: test-blas0
 5/15 Test  #5: test-blas0 .......................   Passed    0.22 sec
      Start  6: test-mul-mat2
 6/15 Test  #6: test-mul-mat2 ....................   Passed    8.90 sec
      Start  7: test0
 7/15 Test  #7: test0 ............................   Passed    0.20 sec
      Start  8: test1
 8/15 Test  #8: test1 ............................   Passed    0.21 sec
      Start  9: test2
 9/15 Test  #9: test2 ............................   Passed    0.27 sec
      Start 10: test3
10/15 Test #10: test3 ............................   Passed    0.25 sec
      Start 11: test-pool
11/15 Test #11: test-pool ........................   Passed    0.20 sec
      Start 12: test-conv-transpose
12/15 Test #12: test-conv-transpose ..............   Passed    0.20 sec
      Start 13: test-rel-pos
13/15 Test #13: test-rel-pos .....................   Passed    0.20 sec
      Start 14: test-customop
14/15 Test #14: test-customop ....................   Passed    0.21 sec
      Start 15: test-xpos
15/15 Test #15: test-xpos ........................   Passed    0.20 sec

100% tests passed, 0 tests failed out of 15

Total Test time (real) =  13.22 sec

real	0m13.241s
user	0m9.288s
sys	0m1.054s
