+ gg_run_ctest_debug
+ cd /home/ggml/work/llama.cpp
+ rm -rf build-ci-debug
+ tee /home/ggml/results/llama.cpp/9a/590c82262dd518137f85406e65e452fdf2aca3/ggml-0-x86-cpu-low-perf/ctest_debug.log
+ mkdir build-ci-debug
+ cd build-ci-debug
+ set -e
+ tee -a /home/ggml/results/llama.cpp/9a/590c82262dd518137f85406e65e452fdf2aca3/ggml-0-x86-cpu-low-perf/ctest_debug-cmake.log
+ cmake -DCMAKE_BUILD_TYPE=Debug -DLLAMA_FATAL_WARNINGS=ON ..
-- The C compiler identification is GNU 11.4.0
-- The CXX compiler identification is GNU 11.4.0
-- Detecting C compiler ABI info
-- Detecting C compiler ABI info - done
-- Check for working C compiler: /usr/bin/cc - skipped
-- Detecting C compile features
-- Detecting C compile features - done
-- Detecting CXX compiler ABI info
-- Detecting CXX compiler ABI info - done
-- Check for working CXX compiler: /usr/bin/c++ - skipped
-- Detecting CXX compile features
-- Detecting CXX compile features - done
-- Found Git: /usr/bin/git (found version "2.34.1") 
-- Performing Test CMAKE_HAVE_LIBC_PTHREAD
-- Performing Test CMAKE_HAVE_LIBC_PTHREAD - Success
-- Found Threads: TRUE  
-- Found OpenMP_C: -fopenmp (found version "4.5") 
-- Found OpenMP_CXX: -fopenmp (found version "4.5") 
-- Found OpenMP: TRUE (found version "4.5")  
-- OpenMP found
-- ccache found, compilation results will be cached. Disable with LLAMA_CCACHE=OFF.
-- CMAKE_SYSTEM_PROCESSOR: x86_64
-- x86 detected
-- Configuring done (0.5s)
-- Generating done (0.1s)
-- Build files have been written to: /home/ggml/work/llama.cpp/build-ci-debug

real	0m0.667s
user	0m0.456s
sys	0m0.214s
+ tee -a /home/ggml/results/llama.cpp/9a/590c82262dd518137f85406e65e452fdf2aca3/ggml-0-x86-cpu-low-perf/ctest_debug-make.log
+ make -j
[  0%] Generating build details from Git
[  0%] Building C object CMakeFiles/ggml.dir/ggml.c.o
[  1%] Building C object CMakeFiles/ggml.dir/ggml-alloc.c.o
[  2%] Building C object CMakeFiles/ggml.dir/ggml-backend.c.o
[  3%] Building CXX object CMakeFiles/ggml.dir/sgemm.cpp.o
[  3%] Building C object CMakeFiles/ggml.dir/ggml-quants.c.o
-- Found Git: /usr/bin/git (found version "2.34.1") 
[  3%] Built target ggml
[  3%] Linking CXX static library libggml_static.a
[  4%] Building CXX object examples/gguf/CMakeFiles/llama-gguf.dir/gguf.cpp.o
[  5%] Building CXX object CMakeFiles/llama.dir/unicode.cpp.o
[  6%] Building CXX object CMakeFiles/llama.dir/llama.cpp.o
[  6%] Building CXX object CMakeFiles/llama.dir/unicode-data.cpp.o
[  7%] Building CXX object common/CMakeFiles/build_info.dir/build-info.cpp.o
[  7%] Linking CXX executable ../../bin/llama-gguf
[  7%] Built target ggml_static
[  7%] Built target build_info
[  8%] Linking CXX static library libllama.a
[  8%] Built target llama-gguf
[  8%] Built target llama
[  9%] Building CXX object examples/benchmark/CMakeFiles/llama-bench-matmult.dir/benchmark-matmult.cpp.o
[  9%] Building CXX object common/CMakeFiles/common.dir/grammar-parser.cpp.o
[  9%] Building CXX object common/CMakeFiles/common.dir/common.cpp.o
[ 10%] Building CXX object common/CMakeFiles/common.dir/sampling.cpp.o
[ 11%] Building CXX object common/CMakeFiles/common.dir/console.cpp.o
[ 12%] Building C object tests/CMakeFiles/test-c.dir/test-c.c.o
[ 13%] Building CXX object examples/quantize-stats/CMakeFiles/llama-quantize-stats.dir/quantize-stats.cpp.o
[ 14%] Building CXX object common/CMakeFiles/common.dir/json-schema-to-grammar.cpp.o
[ 15%] Building CXX object examples/llava/CMakeFiles/llava.dir/llava.cpp.o
[ 16%] Building CXX object examples/llava/CMakeFiles/llava.dir/clip.cpp.o
[ 16%] Linking CXX executable ../bin/test-c
[ 16%] Linking CXX executable ../../bin/llama-bench-matmult
[ 16%] Building CXX object common/CMakeFiles/common.dir/train.cpp.o
[ 17%] Building CXX object common/CMakeFiles/common.dir/ngram-cache.cpp.o
[ 17%] Linking CXX executable ../../bin/llama-quantize-stats
[ 17%] Built target llava
[ 17%] Linking CXX static library libllava_static.a
[ 18%] Linking CXX static library libcommon.a
[ 18%] Built target test-c
[ 18%] Built target llava_static
[ 18%] Built target llama-bench-matmult
[ 18%] Built target common
[ 18%] Building CXX object tests/CMakeFiles/test-tokenizer-0.dir/test-tokenizer-0.cpp.o
[ 19%] Building CXX object tests/CMakeFiles/test-tokenizer-1-bpe.dir/test-tokenizer-1-bpe.cpp.o
[ 20%] Building CXX object tests/CMakeFiles/test-quantize-perf.dir/test-quantize-perf.cpp.o
[ 21%] Building CXX object tests/CMakeFiles/test-tokenizer-1-spm.dir/test-tokenizer-1-spm.cpp.o
[ 21%] Building CXX object tests/CMakeFiles/test-quantize-perf.dir/get-model.cpp.o
[ 22%] Linking CXX executable ../bin/test-tokenizer-0
[ 24%] Building CXX object tests/CMakeFiles/test-quantize-fns.dir/test-quantize-fns.cpp.o
[ 24%] Building CXX object tests/CMakeFiles/test-sampling.dir/test-sampling.cpp.o
[ 25%] Building CXX object tests/CMakeFiles/test-chat-template.dir/test-chat-template.cpp.o
[ 25%] Building CXX object tests/CMakeFiles/test-sampling.dir/get-model.cpp.o
[ 26%] Building CXX object tests/CMakeFiles/test-quantize-fns.dir/get-model.cpp.o
[ 26%] Linking CXX executable ../bin/test-tokenizer-1-bpe
[ 27%] Building CXX object tests/CMakeFiles/test-chat-template.dir/get-model.cpp.o
[ 28%] Linking CXX executable ../bin/test-sampling
[ 28%] Building CXX object tests/CMakeFiles/test-grammar-parser.dir/test-grammar-parser.cpp.o
[ 28%] Building CXX object tests/CMakeFiles/test-llama-grammar.dir/test-llama-grammar.cpp.o
[ 28%] Linking CXX executable ../bin/test-chat-template
[ 29%] Linking CXX executable ../bin/test-tokenizer-1-spm
[ 29%] Building CXX object tests/CMakeFiles/test-backend-ops.dir/get-model.cpp.o
[ 30%] Linking CXX executable ../bin/test-quantize-perf
[ 31%] Building CXX object tests/CMakeFiles/test-backend-ops.dir/test-backend-ops.cpp.o
[ 32%] Building CXX object tests/CMakeFiles/test-llama-grammar.dir/get-model.cpp.o
[ 33%] Building CXX object tests/CMakeFiles/test-grad0.dir/test-grad0.cpp.o
[ 33%] Linking CXX executable ../bin/test-quantize-fns
[ 33%] Building CXX object tests/CMakeFiles/test-grad0.dir/get-model.cpp.o
[ 34%] Building CXX object tests/CMakeFiles/test-grammar-parser.dir/get-model.cpp.o
[ 35%] Building CXX object tests/CMakeFiles/test-rope.dir/test-rope.cpp.o
[ 35%] Building CXX object tests/CMakeFiles/test-rope.dir/get-model.cpp.o
[ 36%] Building CXX object tests/CMakeFiles/test-model-load-cancel.dir/test-model-load-cancel.cpp.o
[ 37%] Linking CXX executable ../bin/test-grammar-parser
[ 37%] Building CXX object tests/CMakeFiles/test-json-schema-to-grammar.dir/test-json-schema-to-grammar.cpp.o
[ 38%] Building CXX object tests/CMakeFiles/test-model-load-cancel.dir/get-model.cpp.o
[ 39%] Linking CXX executable ../bin/test-grad0
[ 40%] Linking CXX executable ../bin/test-backend-ops
[ 41%] Building CXX object tests/CMakeFiles/test-json-schema-to-grammar.dir/get-model.cpp.o
[ 42%] Building CXX object tests/CMakeFiles/test-autorelease.dir/test-autorelease.cpp.o
[ 43%] Building CXX object tests/CMakeFiles/test-autorelease.dir/get-model.cpp.o
[ 43%] Building CXX object tests/CMakeFiles/test-grammar-integration.dir/get-model.cpp.o
[ 44%] Building CXX object tests/CMakeFiles/test-grammar-integration.dir/test-grammar-integration.cpp.o
[ 45%] Linking CXX executable ../bin/test-rope
[ 45%] Building CXX object examples/cvector-generator/CMakeFiles/llama-cvector-generator.dir/cvector-generator.cpp.o
[ 46%] Building CXX object examples/baby-llama/CMakeFiles/llama-baby-llama.dir/baby-llama.cpp.o
[ 46%] Linking CXX executable ../bin/test-model-load-cancel
[ 47%] Building CXX object examples/batched-bench/CMakeFiles/llama-batched-bench.dir/batched-bench.cpp.o
[ 48%] Building CXX object examples/batched/CMakeFiles/llama-batched.dir/batched.cpp.o
[ 48%] Linking CXX executable ../bin/test-autorelease
[ 48%] Linking CXX executable ../../bin/llama-baby-llama
[ 49%] Linking CXX executable ../bin/test-json-schema-to-grammar
[ 50%] Building CXX object examples/convert-llama2c-to-ggml/CMakeFiles/llama-convert-llama2c-to-ggml.dir/convert-llama2c-to-ggml.cpp.o
[ 50%] Building CXX object examples/embedding/CMakeFiles/llama-embedding.dir/embedding.cpp.o
[ 51%] Linking CXX executable ../bin/test-grammar-integration
[ 52%] Linking CXX executable ../../bin/llama-batched-bench
[ 53%] Building CXX object examples/eval-callback/CMakeFiles/llama-eval-callback.dir/eval-callback.cpp.o
[ 54%] Linking CXX executable ../../bin/llama-embedding
[ 54%] Linking CXX executable ../../bin/llama-batched
[ 55%] Linking CXX executable ../../bin/llama-cvector-generator
[ 56%] Building CXX object examples/export-lora/CMakeFiles/llama-export-lora.dir/export-lora.cpp.o
[ 56%] Building CXX object examples/finetune/CMakeFiles/llama-finetune.dir/finetune.cpp.o
[ 56%] Building CXX object examples/gbnf-validator/CMakeFiles/llama-gbnf-validator.dir/gbnf-validator.cpp.o
[ 57%] Linking CXX executable ../../bin/llama-convert-llama2c-to-ggml
[ 57%] Linking CXX executable ../bin/test-llama-grammar
[ 57%] Linking CXX executable ../../bin/llama-eval-callback
[ 58%] Building CXX object examples/gguf-split/CMakeFiles/llama-gguf-split.dir/gguf-split.cpp.o
[ 59%] Linking CXX executable ../../bin/llama-export-lora
[ 59%] Building CXX object examples/gritlm/CMakeFiles/llama-gritlm.dir/gritlm.cpp.o
[ 59%] Building CXX object examples/imatrix/CMakeFiles/llama-imatrix.dir/imatrix.cpp.o
[ 60%] Linking CXX executable ../../bin/llama-gguf-split
[ 61%] Building CXX object examples/infill/CMakeFiles/llama-infill.dir/infill.cpp.o
[ 62%] Linking CXX executable ../../bin/llama-gbnf-validator
[ 63%] Linking CXX executable ../../bin/llama-finetune
[ 63%] Building CXX object examples/llama-bench/CMakeFiles/llama-bench.dir/llama-bench.cpp.o
[ 64%] Building CXX object examples/llava/CMakeFiles/llama-llava-cli.dir/llava-cli.cpp.o
[ 65%] Linking CXX executable ../../bin/llama-gritlm
[ 65%] Building CXX object examples/lookahead/CMakeFiles/llama-lookahead.dir/lookahead.cpp.o
[ 66%] Linking CXX executable ../../bin/llama-imatrix
[ 66%] Building CXX object examples/lookup/CMakeFiles/llama-lookup.dir/lookup.cpp.o
[ 67%] Building CXX object examples/lookup/CMakeFiles/llama-lookup-create.dir/lookup-create.cpp.o
[ 67%] Linking CXX executable ../../bin/llama-infill
[ 68%] Linking CXX executable ../../bin/llama-llava-cli
[ 68%] Built target test-grad0
[ 69%] Building CXX object examples/lookup/CMakeFiles/llama-lookup-merge.dir/lookup-merge.cpp.o
[ 70%] Building CXX object examples/lookup/CMakeFiles/llama-lookup-stats.dir/lookup-stats.cpp.o
[ 71%] Linking CXX executable ../../bin/llama-bench
[ 72%] Linking CXX executable ../../bin/llama-lookahead
[ 72%] Built target test-rope
[ 73%] Building CXX object examples/main/CMakeFiles/llama-cli.dir/main.cpp.o
[ 73%] Linking CXX executable ../../bin/llama-lookup-merge
[ 73%] Linking CXX executable ../../bin/llama-lookup-create
[ 73%] Building CXX object examples/parallel/CMakeFiles/llama-parallel.dir/parallel.cpp.o
[ 74%] Linking CXX executable ../../bin/llama-lookup
[ 75%] Linking CXX executable ../../bin/llama-lookup-stats
[ 76%] Building CXX object examples/passkey/CMakeFiles/llama-passkey.dir/passkey.cpp.o
[ 77%] Building CXX object examples/perplexity/CMakeFiles/llama-perplexity.dir/perplexity.cpp.o
[ 78%] Generating theme-snowstorm.css.hpp
[ 78%] Generating colorthemes.css.hpp
[ 78%] Generating completion.js.hpp
[ 78%] Linking CXX executable ../../bin/llama-cli
[ 78%] Built target test-quantize-perf
[ 78%] Building CXX object examples/quantize/CMakeFiles/llama-quantize.dir/quantize.cpp.o
[ 78%] Linking CXX executable ../../bin/llama-passkey
[ 79%] Building CXX object examples/retrieval/CMakeFiles/llama-retrieval.dir/retrieval.cpp.o
[ 80%] Linking CXX executable ../../bin/llama-parallel
[ 82%] Generating index-new.html.hpp
[ 82%] Building CXX object examples/save-load-state/CMakeFiles/llama-save-load-state.dir/save-load-state.cpp.o
[ 82%] Generating index.html.hpp
[ 83%] Building CXX object examples/simple/CMakeFiles/llama-simple.dir/simple.cpp.o
[ 84%] Generating index.js.hpp
[ 84%] Linking CXX executable ../../bin/llama-perplexity
[ 85%] Generating json-schema-to-grammar.mjs.hpp
[ 86%] Linking CXX executable ../../bin/llama-quantize
[ 86%] Linking CXX executable ../../bin/llama-retrieval
[ 86%] Generating prompt-formats.js.hpp
[ 87%] Linking CXX executable ../../bin/llama-save-load-state
[ 88%] Generating style.css.hpp
[ 89%] Building CXX object examples/speculative/CMakeFiles/llama-speculative.dir/speculative.cpp.o
[ 89%] Built target test-quantize-fns
[ 89%] Built target test-grammar-parser
[ 89%] Linking CXX executable ../../bin/llama-simple
[ 89%] Building CXX object examples/tokenize/CMakeFiles/llama-tokenize.dir/tokenize.cpp.o
[ 90%] Building CXX object examples/train-text-from-scratch/CMakeFiles/llama-train-text-from-scratch.dir/train-text-from-scratch.cpp.o
[ 91%] Building CXX object pocs/vdot/CMakeFiles/llama-vdot.dir/vdot.cpp.o
[ 92%] Building CXX object pocs/vdot/CMakeFiles/llama-q8dot.dir/q8dot.cpp.o
[ 93%] Generating system-prompts.js.hpp
[ 94%] Generating theme-beeninorder.css.hpp
[ 94%] Generating theme-ketivah.css.hpp
[ 95%] Linking CXX executable ../../bin/llama-speculative
[ 95%] Linking CXX executable ../../bin/llama-train-text-from-scratch
[ 96%] Linking CXX executable ../../bin/llama-tokenize
[ 96%] Linking CXX executable ../../bin/llama-vdot
[ 97%] Linking CXX executable ../../bin/llama-q8dot
[ 98%] Generating theme-mangotango.css.hpp
[ 98%] Generating theme-playground.css.hpp
[ 99%] Generating theme-polarnight.css.hpp
[ 99%] Built target test-backend-ops
[ 99%] Built target llama-export-lora
[ 99%] Built target llama-convert-llama2c-to-ggml
[100%] Building CXX object examples/server/CMakeFiles/llama-server.dir/server.cpp.o
[100%] Built target llama-lookup-merge
[100%] Built target llama-q8dot
[100%] Built target llama-vdot
[100%] Built target llama-quantize-stats
[100%] Built target test-json-schema-to-grammar
[100%] Linking CXX executable ../../bin/llama-server
[100%] Built target test-sampling
[100%] Built target test-chat-template
[100%] Built target test-autorelease
[100%] Built target test-model-load-cancel
[100%] Built target llama-gguf-split
[100%] Built target llama-gbnf-validator
[100%] Built target test-llama-grammar
[100%] Built target test-grammar-integration
[100%] Built target test-tokenizer-0
[100%] Built target llama-perplexity
[100%] Built target llama-batched-bench
[100%] Built target test-tokenizer-1-spm
[100%] Built target test-tokenizer-1-bpe
[100%] Built target llama-embedding
[100%] Built target llama-batched
[100%] Built target llama-eval-callback
[100%] Built target llama-baby-llama
[100%] Built target llama-cvector-generator
[100%] Built target llama-finetune
[100%] Built target llama-lookahead
[100%] Built target llama-gritlm
[100%] Built target llama-infill
[100%] Built target llama-imatrix
[100%] Built target llama-lookup-create
[100%] Built target llama-passkey
[100%] Built target llama-parallel
[100%] Built target llama-quantize
[100%] Built target llama-cli
[100%] Built target llama-retrieval
[100%] Built target llama-save-load-state
[100%] Built target llama-speculative
[100%] Built target llama-simple
[100%] Built target llama-lookup
[100%] Built target llama-tokenize
[100%] Built target llama-lookup-stats
[100%] Built target llama-bench
[100%] Built target llama-llava-cli
[100%] Built target llama-train-text-from-scratch
[100%] Built target llama-server

real	0m13.278s
user	0m44.823s
sys	0m5.909s
+ tee -a /home/ggml/results/llama.cpp/9a/590c82262dd518137f85406e65e452fdf2aca3/ggml-0-x86-cpu-low-perf/ctest_debug-ctest.log
+ ctest --output-on-failure -L main -E test-opt
Test project /home/ggml/work/llama.cpp/build-ci-debug
      Start  1: test-tokenizer-0-llama-spm
 1/22 Test  #1: test-tokenizer-0-llama-spm .......   Passed    0.13 sec
      Start  2: test-tokenizer-0-llama-bpe
 2/22 Test  #2: test-tokenizer-0-llama-bpe .......   Passed    2.00 sec
      Start  3: test-tokenizer-0-phi-3
 3/22 Test  #3: test-tokenizer-0-phi-3 ...........   Passed    0.13 sec
      Start  4: test-tokenizer-0-falcon
 4/22 Test  #4: test-tokenizer-0-falcon ..........   Passed    0.65 sec
      Start  5: test-tokenizer-0-bert-bge
 5/22 Test  #5: test-tokenizer-0-bert-bge ........   Passed    0.14 sec
      Start  6: test-tokenizer-0-starcoder
 6/22 Test  #6: test-tokenizer-0-starcoder .......   Passed    0.49 sec
      Start  7: test-tokenizer-0-gpt-2
 7/22 Test  #7: test-tokenizer-0-gpt-2 ...........   Passed    0.50 sec
      Start  8: test-tokenizer-0-refact
 8/22 Test  #8: test-tokenizer-0-refact ..........   Passed    0.50 sec
      Start  9: test-tokenizer-0-command-r
 9/22 Test  #9: test-tokenizer-0-command-r .......   Passed    3.03 sec
      Start 10: test-tokenizer-0-qwen2
10/22 Test #10: test-tokenizer-0-qwen2 ...........   Passed    1.68 sec
      Start 11: test-tokenizer-1-llama-spm
11/22 Test #11: test-tokenizer-1-llama-spm .......   Passed    5.34 sec
      Start 12: test-quantize-fns
12/22 Test #12: test-quantize-fns ................   Passed   31.39 sec
      Start 13: test-quantize-perf
13/22 Test #13: test-quantize-perf ...............   Passed    9.11 sec
      Start 14: test-sampling
14/22 Test #14: test-sampling ....................   Passed    0.03 sec
      Start 15: test-chat-template
15/22 Test #15: test-chat-template ...............   Passed    0.00 sec
      Start 16: test-grammar-parser
16/22 Test #16: test-grammar-parser ..............   Passed    0.00 sec
      Start 17: test-llama-grammar
17/22 Test #17: test-llama-grammar ...............   Passed    0.00 sec
      Start 18: test-grammar-integration
18/22 Test #18: test-grammar-integration .........   Passed    0.02 sec
      Start 19: test-grad0
19/22 Test #19: test-grad0 .......................   Passed    0.19 sec
      Start 20: test-backend-ops
20/22 Test #20: test-backend-ops .................   Passed    0.00 sec
      Start 21: test-rope
21/22 Test #21: test-rope ........................   Passed    0.06 sec
      Start 24: test-json-schema-to-grammar
22/22 Test #24: test-json-schema-to-grammar ......   Passed    0.03 sec

100% tests passed, 0 tests failed out of 22

Label Time Summary:
main    =  55.44 sec*proc (22 tests)

Total Test time (real) =  55.44 sec

real	0m55.468s
user	1m9.943s
sys	0m0.236s
+ set +e
+ cur=0
+ echo 0
+ set +x
+ gg_run_ctest_release
+ cd /home/ggml/work/llama.cpp
+ rm -rf build-ci-release
+ tee /home/ggml/results/llama.cpp/9a/590c82262dd518137f85406e65e452fdf2aca3/ggml-0-x86-cpu-low-perf/ctest_release.log
+ mkdir build-ci-release
+ cd build-ci-release
+ set -e
+ tee -a /home/ggml/results/llama.cpp/9a/590c82262dd518137f85406e65e452fdf2aca3/ggml-0-x86-cpu-low-perf/ctest_release-cmake.log
+ cmake -DCMAKE_BUILD_TYPE=Release -DLLAMA_FATAL_WARNINGS=ON ..
-- The C compiler identification is GNU 11.4.0
-- The CXX compiler identification is GNU 11.4.0
-- Detecting C compiler ABI info
-- Detecting C compiler ABI info - done
-- Check for working C compiler: /usr/bin/cc - skipped
-- Detecting C compile features
-- Detecting C compile features - done
-- Detecting CXX compiler ABI info
-- Detecting CXX compiler ABI info - done
-- Check for working CXX compiler: /usr/bin/c++ - skipped
-- Detecting CXX compile features
-- Detecting CXX compile features - done
-- Found Git: /usr/bin/git (found version "2.34.1") 
-- Performing Test CMAKE_HAVE_LIBC_PTHREAD
-- Performing Test CMAKE_HAVE_LIBC_PTHREAD - Success
-- Found Threads: TRUE  
-- Found OpenMP_C: -fopenmp (found version "4.5") 
-- Found OpenMP_CXX: -fopenmp (found version "4.5") 
-- Found OpenMP: TRUE (found version "4.5")  
-- OpenMP found
-- ccache found, compilation results will be cached. Disable with LLAMA_CCACHE=OFF.
-- CMAKE_SYSTEM_PROCESSOR: x86_64
-- x86 detected
-- Configuring done (0.5s)
-- Generating done (0.1s)
-- Build files have been written to: /home/ggml/work/llama.cpp/build-ci-release

real	0m0.680s
user	0m0.503s
sys	0m0.179s
+ tee -a /home/ggml/results/llama.cpp/9a/590c82262dd518137f85406e65e452fdf2aca3/ggml-0-x86-cpu-low-perf/ctest_release-make.log
+ make -j
[  1%] Building CXX object common/CMakeFiles/build_info.dir/build-info.cpp.o
[  1%] Building C object CMakeFiles/ggml.dir/ggml.c.o
[  2%] Building C object CMakeFiles/ggml.dir/ggml-alloc.c.o
[  3%] Building C object CMakeFiles/ggml.dir/ggml-backend.c.o
[  3%] Building C object CMakeFiles/ggml.dir/ggml-quants.c.o
[  4%] Building CXX object CMakeFiles/ggml.dir/sgemm.cpp.o
[  4%] Built target ggml
[  4%] Built target build_info
[  4%] Linking CXX static library libggml_static.a
[  5%] Building CXX object CMakeFiles/llama.dir/unicode.cpp.o
[  6%] Building CXX object examples/gguf/CMakeFiles/llama-gguf.dir/gguf.cpp.o
[  7%] Building CXX object CMakeFiles/llama.dir/llama.cpp.o
[  7%] Building CXX object CMakeFiles/llama.dir/unicode-data.cpp.o
[  7%] Linking CXX executable ../../bin/llama-gguf
[  8%] Linking CXX static library libllama.a
[  8%] Built target ggml_static
[  8%] Built target llama
[  9%] Building C object tests/CMakeFiles/test-c.dir/test-c.c.o
[ 10%] Building CXX object examples/quantize-stats/CMakeFiles/llama-quantize-stats.dir/quantize-stats.cpp.o
[ 11%] Building CXX object common/CMakeFiles/common.dir/console.cpp.o
[ 11%] Building CXX object common/CMakeFiles/common.dir/common.cpp.o
[ 12%] Building CXX object common/CMakeFiles/common.dir/sampling.cpp.o
[ 12%] Linking CXX executable ../bin/test-c
[ 12%] Building CXX object common/CMakeFiles/common.dir/train.cpp.o
[ 12%] Building CXX object common/CMakeFiles/common.dir/grammar-parser.cpp.o
[ 13%] Building CXX object common/CMakeFiles/common.dir/ngram-cache.cpp.o
[ 14%] Building CXX object common/CMakeFiles/common.dir/json-schema-to-grammar.cpp.o
[ 15%] Building CXX object examples/llava/CMakeFiles/llava.dir/llava.cpp.o
[ 16%] Building CXX object examples/benchmark/CMakeFiles/llama-bench-matmult.dir/benchmark-matmult.cpp.o
[ 16%] Built target llama-gguf
[ 17%] Building CXX object examples/llava/CMakeFiles/llava.dir/clip.cpp.o
[ 17%] Linking CXX executable ../../bin/llama-quantize-stats
[ 17%] Built target llava
[ 18%] Linking CXX static library libcommon.a
[ 18%] Linking CXX executable ../../bin/llama-bench-matmult
[ 18%] Linking CXX static library libllava_static.a
[ 18%] Built target test-c
[ 18%] Built target llava_static
[ 18%] Built target common
[ 19%] Building CXX object tests/CMakeFiles/test-tokenizer-1-bpe.dir/test-tokenizer-1-bpe.cpp.o
[ 19%] Building CXX object tests/CMakeFiles/test-tokenizer-0.dir/test-tokenizer-0.cpp.o
[ 20%] Building CXX object tests/CMakeFiles/test-tokenizer-1-spm.dir/test-tokenizer-1-spm.cpp.o
[ 20%] Linking CXX executable ../bin/test-tokenizer-1-bpe
[ 21%] Building CXX object tests/CMakeFiles/test-sampling.dir/test-sampling.cpp.o
[ 21%] Building CXX object tests/CMakeFiles/test-sampling.dir/get-model.cpp.o
[ 22%] Building CXX object tests/CMakeFiles/test-quantize-fns.dir/test-quantize-fns.cpp.o
[ 23%] Building CXX object tests/CMakeFiles/test-quantize-fns.dir/get-model.cpp.o
[ 24%] Building CXX object tests/CMakeFiles/test-quantize-perf.dir/test-quantize-perf.cpp.o
[ 25%] Linking CXX executable ../bin/test-tokenizer-0
[ 25%] Building CXX object tests/CMakeFiles/test-quantize-perf.dir/get-model.cpp.o
[ 26%] Linking CXX executable ../bin/test-tokenizer-1-spm
[ 27%] Building CXX object tests/CMakeFiles/test-chat-template.dir/test-chat-template.cpp.o
[ 28%] Building CXX object tests/CMakeFiles/test-chat-template.dir/get-model.cpp.o
[ 28%] Linking CXX executable ../bin/test-quantize-fns
[ 29%] Linking CXX executable ../bin/test-sampling
[ 29%] Built target llama-bench-matmult
[ 29%] Building CXX object tests/CMakeFiles/test-grammar-parser.dir/test-grammar-parser.cpp.o
[ 30%] Building CXX object tests/CMakeFiles/test-llama-grammar.dir/get-model.cpp.o
[ 31%] Building CXX object tests/CMakeFiles/test-grammar-parser.dir/get-model.cpp.o
[ 32%] Building CXX object tests/CMakeFiles/test-grammar-integration.dir/test-grammar-integration.cpp.o
[ 30%] Building CXX object tests/CMakeFiles/test-llama-grammar.dir/test-llama-grammar.cpp.o
[ 33%] Linking CXX executable ../bin/test-quantize-perf
[ 34%] Building CXX object tests/CMakeFiles/test-grad0.dir/test-grad0.cpp.o
[ 34%] Building CXX object tests/CMakeFiles/test-grammar-integration.dir/get-model.cpp.o
[ 34%] Linking CXX executable ../bin/test-chat-template
[ 35%] Building CXX object tests/CMakeFiles/test-backend-ops.dir/test-backend-ops.cpp.o
[ 35%] Building CXX object tests/CMakeFiles/test-grad0.dir/get-model.cpp.o
[ 35%] Building CXX object tests/CMakeFiles/test-backend-ops.dir/get-model.cpp.o
[ 36%] Linking CXX executable ../bin/test-grammar-parser
[ 36%] Built target llama-quantize-stats
[ 37%] Building CXX object tests/CMakeFiles/test-rope.dir/test-rope.cpp.o
[ 38%] Linking CXX executable ../bin/test-grammar-integration
[ 39%] Linking CXX executable ../bin/test-backend-ops
[ 40%] Building CXX object tests/CMakeFiles/test-model-load-cancel.dir/test-model-load-cancel.cpp.o
[ 40%] Linking CXX executable ../bin/test-llama-grammar
[ 41%] Building CXX object tests/CMakeFiles/test-autorelease.dir/get-model.cpp.o
[ 42%] Linking CXX executable ../bin/test-grad0
[ 42%] Building CXX object tests/CMakeFiles/test-json-schema-to-grammar.dir/test-json-schema-to-grammar.cpp.o
[ 42%] Building CXX object tests/CMakeFiles/test-rope.dir/get-model.cpp.o
[ 43%] Building CXX object tests/CMakeFiles/test-autorelease.dir/test-autorelease.cpp.o
[ 44%] Building CXX object tests/CMakeFiles/test-model-load-cancel.dir/get-model.cpp.o
[ 45%] Building CXX object tests/CMakeFiles/test-json-schema-to-grammar.dir/get-model.cpp.o
[ 46%] Linking CXX executable ../bin/test-rope
[ 46%] Building CXX object examples/cvector-generator/CMakeFiles/llama-cvector-generator.dir/cvector-generator.cpp.o
[ 46%] Linking CXX executable ../bin/test-autorelease
[ 47%] Building CXX object examples/batched-bench/CMakeFiles/llama-batched-bench.dir/batched-bench.cpp.o
[ 48%] Building CXX object examples/baby-llama/CMakeFiles/llama-baby-llama.dir/baby-llama.cpp.o
[ 48%] Linking CXX executable ../bin/test-model-load-cancel
[ 49%] Building CXX object examples/batched/CMakeFiles/llama-batched.dir/batched.cpp.o
[ 49%] Linking CXX executable ../../bin/llama-baby-llama
[ 50%] Linking CXX executable ../bin/test-json-schema-to-grammar
[ 51%] Building CXX object examples/convert-llama2c-to-ggml/CMakeFiles/llama-convert-llama2c-to-ggml.dir/convert-llama2c-to-ggml.cpp.o
[ 51%] Building CXX object examples/embedding/CMakeFiles/llama-embedding.dir/embedding.cpp.o
[ 52%] Linking CXX executable ../../bin/llama-batched-bench
[ 53%] Linking CXX executable ../../bin/llama-cvector-generator
[ 53%] Linking CXX executable ../../bin/llama-batched
[ 54%] Building CXX object examples/eval-callback/CMakeFiles/llama-eval-callback.dir/eval-callback.cpp.o
[ 55%] Linking CXX executable ../../bin/llama-convert-llama2c-to-ggml
[ 56%] Building CXX object examples/export-lora/CMakeFiles/llama-export-lora.dir/export-lora.cpp.o
[ 57%] Linking CXX executable ../../bin/llama-embedding
[ 57%] Linking CXX executable ../../bin/llama-eval-callback
[ 57%] Building CXX object examples/finetune/CMakeFiles/llama-finetune.dir/finetune.cpp.o
[ 57%] Building CXX object examples/gbnf-validator/CMakeFiles/llama-gbnf-validator.dir/gbnf-validator.cpp.o
[ 58%] Building CXX object examples/gguf-split/CMakeFiles/llama-gguf-split.dir/gguf-split.cpp.o
[ 59%] Linking CXX executable ../../bin/llama-export-lora
[ 59%] Building CXX object examples/gritlm/CMakeFiles/llama-gritlm.dir/gritlm.cpp.o
[ 60%] Linking CXX executable ../../bin/llama-finetune
[ 60%] Building CXX object examples/imatrix/CMakeFiles/llama-imatrix.dir/imatrix.cpp.o
[ 61%] Building CXX object examples/infill/CMakeFiles/llama-infill.dir/infill.cpp.o
[ 62%] Linking CXX executable ../../bin/llama-gbnf-validator
[ 62%] Built target test-quantize-fns
[ 62%] Building CXX object examples/llama-bench/CMakeFiles/llama-bench.dir/llama-bench.cpp.o
[ 63%] Linking CXX executable ../../bin/llama-gguf-split
[ 64%] Linking CXX executable ../../bin/llama-gritlm
[ 64%] Built target test-grad0
[ 65%] Linking CXX executable ../../bin/llama-imatrix
[ 66%] Building CXX object examples/llava/CMakeFiles/llama-llava-cli.dir/llava-cli.cpp.o
[ 66%] Linking CXX executable ../../bin/llama-infill
[ 66%] Building CXX object examples/lookahead/CMakeFiles/llama-lookahead.dir/lookahead.cpp.o
[ 66%] Building CXX object examples/lookup/CMakeFiles/llama-lookup.dir/lookup.cpp.o
[ 67%] Building CXX object examples/lookup/CMakeFiles/llama-lookup-create.dir/lookup-create.cpp.o
[ 68%] Linking CXX executable ../../bin/llama-bench
[ 68%] Built target test-grammar-parser
[ 69%] Linking CXX executable ../../bin/llama-lookup-create
[ 69%] Linking CXX executable ../../bin/llama-lookahead
[ 70%] Building CXX object examples/lookup/CMakeFiles/llama-lookup-merge.dir/lookup-merge.cpp.o
[ 71%] Building CXX object examples/lookup/CMakeFiles/llama-lookup-stats.dir/lookup-stats.cpp.o
[ 72%] Linking CXX executable ../../bin/llama-lookup
[ 73%] Linking CXX executable ../../bin/llama-llava-cli
[ 74%] Building CXX object examples/main/CMakeFiles/llama-cli.dir/main.cpp.o
[ 74%] Building CXX object examples/parallel/CMakeFiles/llama-parallel.dir/parallel.cpp.o
[ 74%] Built target test-quantize-perf
[ 75%] Building CXX object examples/passkey/CMakeFiles/llama-passkey.dir/passkey.cpp.o
[ 75%] Linking CXX executable ../../bin/llama-cli
[ 76%] Linking CXX executable ../../bin/llama-lookup-stats
[ 76%] Linking CXX executable ../../bin/llama-lookup-merge
[ 77%] Building CXX object examples/perplexity/CMakeFiles/llama-perplexity.dir/perplexity.cpp.o
[ 77%] Built target test-backend-ops
[ 78%] Linking CXX executable ../../bin/llama-parallel
[ 78%] Built target test-rope
[ 78%] Building CXX object examples/quantize/CMakeFiles/llama-quantize.dir/quantize.cpp.o
[ 78%] Built target test-sampling
[ 79%] Building CXX object examples/retrieval/CMakeFiles/llama-retrieval.dir/retrieval.cpp.o
[ 78%] Built target test-tokenizer-1-bpe
[ 79%] Built target test-autorelease
[ 79%] Linking CXX executable ../../bin/llama-passkey
[ 80%] Generating theme-snowstorm.css.hpp
[ 80%] Linking CXX executable ../../bin/llama-perplexity
[ 80%] Generating colorthemes.css.hpp
[ 80%] Generating completion.js.hpp
[ 81%] Linking CXX executable ../../bin/llama-quantize
[ 81%] Linking CXX executable ../../bin/llama-retrieval
[ 81%] Built target test-chat-template
[ 81%] Built target test-tokenizer-0
[ 82%] Generating index-new.html.hpp
[ 82%] Built target llama-convert-llama2c-to-ggml
[ 82%] Generating index.html.hpp
[ 83%] Generating index.js.hpp
[ 83%] Built target test-tokenizer-1-spm
[ 83%] Built target test-llama-grammar
[ 83%] Built target test-grammar-integration
[ 84%] Generating json-schema-to-grammar.mjs.hpp
[ 84%] Generating prompt-formats.js.hpp
[ 85%] Generating style.css.hpp
[ 86%] Building CXX object examples/save-load-state/CMakeFiles/llama-save-load-state.dir/save-load-state.cpp.o
[ 87%] Building CXX object examples/simple/CMakeFiles/llama-simple.dir/simple.cpp.o
[ 88%] Building CXX object examples/speculative/CMakeFiles/llama-speculative.dir/speculative.cpp.o
[ 88%] Built target test-json-schema-to-grammar
[ 89%] Generating system-prompts.js.hpp
[ 90%] Generating theme-beeninorder.css.hpp
[ 90%] Generating theme-ketivah.css.hpp
[ 90%] Built target test-model-load-cancel
[ 91%] Linking CXX executable ../../bin/llama-save-load-state
[ 91%] Building CXX object examples/tokenize/CMakeFiles/llama-tokenize.dir/tokenize.cpp.o
[ 91%] Linking CXX executable ../../bin/llama-simple
[ 92%] Generating theme-mangotango.css.hpp
[ 93%] Building CXX object examples/train-text-from-scratch/CMakeFiles/llama-train-text-from-scratch.dir/train-text-from-scratch.cpp.o
[ 93%] Generating theme-playground.css.hpp
[ 94%] Generating theme-polarnight.css.hpp
[ 95%] Linking CXX executable ../../bin/llama-speculative
[ 95%] Built target llama-export-lora
[ 96%] Building CXX object pocs/vdot/CMakeFiles/llama-vdot.dir/vdot.cpp.o
[ 97%] Building CXX object pocs/vdot/CMakeFiles/llama-q8dot.dir/q8dot.cpp.o
[ 97%] Linking CXX executable ../../bin/llama-train-text-from-scratch
[ 98%] Linking CXX executable ../../bin/llama-tokenize
[ 98%] Linking CXX executable ../../bin/llama-vdot
[ 99%] Linking CXX executable ../../bin/llama-q8dot
[ 99%] Built target llama-gbnf-validator
[ 99%] Built target llama-baby-llama
[ 99%] Built target llama-batched
[ 99%] Built target llama-batched-bench
[ 99%] Built target llama-cvector-generator
[ 99%] Built target llama-lookup-merge
[ 99%] Built target llama-eval-callback
[ 99%] Built target llama-embedding
[ 99%] Built target llama-gguf-split
[ 99%] Built target llama-lookup-create
[100%] Building CXX object examples/server/CMakeFiles/llama-server.dir/server.cpp.o
[100%] Built target llama-finetune
[100%] Built target llama-infill
[100%] Built target llama-gritlm
[100%] Built target llama-lookahead
[100%] Built target llama-imatrix
[100%] Built target llama-llava-cli
[100%] Built target llama-bench
[100%] Built target llama-lookup
[100%] Built target llama-lookup-stats
[100%] Built target llama-cli
[100%] Built target llama-save-load-state
[100%] Built target llama-quantize
[100%] Built target llama-perplexity
[100%] Built target llama-vdot
[100%] Built target llama-parallel
[100%] Built target llama-passkey
[100%] Built target llama-q8dot
[100%] Built target llama-retrieval
[100%] Built target llama-speculative
[100%] Built target llama-simple
[100%] Built target llama-tokenize
[100%] Built target llama-train-text-from-scratch
[100%] Linking CXX executable ../../bin/llama-server
[100%] Built target llama-server

real	0m2.947s
user	0m8.914s
sys	0m1.892s
+ '[' -z 1 ']'
+ tee -a /home/ggml/results/llama.cpp/9a/590c82262dd518137f85406e65e452fdf2aca3/ggml-0-x86-cpu-low-perf/ctest_release-ctest.log
+ ctest --output-on-failure -L main -E test-opt
Test project /home/ggml/work/llama.cpp/build-ci-release
      Start  1: test-tokenizer-0-llama-spm
 1/22 Test  #1: test-tokenizer-0-llama-spm .......   Passed    0.03 sec
      Start  2: test-tokenizer-0-llama-bpe
 2/22 Test  #2: test-tokenizer-0-llama-bpe .......   Passed    0.41 sec
      Start  3: test-tokenizer-0-phi-3
 3/22 Test  #3: test-tokenizer-0-phi-3 ...........   Passed    0.03 sec
      Start  4: test-tokenizer-0-falcon
 4/22 Test  #4: test-tokenizer-0-falcon ..........   Passed    0.12 sec
      Start  5: test-tokenizer-0-bert-bge
 5/22 Test  #5: test-tokenizer-0-bert-bge ........   Passed    0.02 sec
      Start  6: test-tokenizer-0-starcoder
 6/22 Test  #6: test-tokenizer-0-starcoder .......   Passed    0.09 sec
      Start  7: test-tokenizer-0-gpt-2
 7/22 Test  #7: test-tokenizer-0-gpt-2 ...........   Passed    0.09 sec
      Start  8: test-tokenizer-0-refact
 8/22 Test  #8: test-tokenizer-0-refact ..........   Passed    0.09 sec
      Start  9: test-tokenizer-0-command-r
 9/22 Test  #9: test-tokenizer-0-command-r .......   Passed    0.61 sec
      Start 10: test-tokenizer-0-qwen2
10/22 Test #10: test-tokenizer-0-qwen2 ...........   Passed    0.30 sec
      Start 11: test-tokenizer-1-llama-spm
11/22 Test #11: test-tokenizer-1-llama-spm .......   Passed    0.70 sec
      Start 12: test-quantize-fns
12/22 Test #12: test-quantize-fns ................   Passed   16.88 sec
      Start 13: test-quantize-perf
13/22 Test #13: test-quantize-perf ...............   Passed    4.63 sec
      Start 14: test-sampling
14/22 Test #14: test-sampling ....................   Passed    0.01 sec
      Start 15: test-chat-template
15/22 Test #15: test-chat-template ...............   Passed    0.00 sec
      Start 16: test-grammar-parser
16/22 Test #16: test-grammar-parser ..............   Passed    0.00 sec
      Start 17: test-llama-grammar
17/22 Test #17: test-llama-grammar ...............   Passed    0.00 sec
      Start 18: test-grammar-integration
18/22 Test #18: test-grammar-integration .........   Passed    0.00 sec
      Start 19: test-grad0
19/22 Test #19: test-grad0 .......................   Passed    0.14 sec
      Start 20: test-backend-ops
20/22 Test #20: test-backend-ops .................   Passed    0.00 sec
      Start 21: test-rope
21/22 Test #21: test-rope ........................   Passed    0.05 sec
      Start 24: test-json-schema-to-grammar
22/22 Test #24: test-json-schema-to-grammar ......   Passed    0.01 sec

100% tests passed, 0 tests failed out of 22

Label Time Summary:
main    =  24.21 sec*proc (22 tests)

Total Test time (real) =  24.22 sec

real	0m24.240s
user	0m26.294s
sys	0m0.211s
+ set +e
+ cur=0
+ echo 0
+ set +x
