+ gg_run_ctest_debug
+ cd /home/ggml/work/llama.cpp
+ rm -rf build-ci-debug
+ tee /home/ggml/results/llama.cpp/dd/a64fc17c97820ea9489eb0cc9ae8b8fdce4926/ggml-1-arm64-cpu-low-perf/ctest_debug.log
+ mkdir build-ci-debug
+ cd build-ci-debug
+ set -e
+ tee -a /home/ggml/results/llama.cpp/dd/a64fc17c97820ea9489eb0cc9ae8b8fdce4926/ggml-1-arm64-cpu-low-perf/ctest_debug-cmake.log
+ cmake -DCMAKE_BUILD_TYPE=Debug -DLLAMA_FATAL_WARNINGS=ON ..
-- The C compiler identification is GNU 11.4.0
-- The CXX compiler identification is GNU 11.4.0
-- Detecting C compiler ABI info
-- Detecting C compiler ABI info - done
-- Check for working C compiler: /usr/bin/cc - skipped
-- Detecting C compile features
-- Detecting C compile features - done
-- Detecting CXX compiler ABI info
-- Detecting CXX compiler ABI info - done
-- Check for working CXX compiler: /usr/bin/c++ - skipped
-- Detecting CXX compile features
-- Detecting CXX compile features - done
-- Found Git: /usr/bin/git (found version "2.34.1") 
-- Looking for pthread.h
-- Looking for pthread.h - found
-- Performing Test CMAKE_HAVE_LIBC_PTHREAD
-- Performing Test CMAKE_HAVE_LIBC_PTHREAD - Success
-- Found Threads: TRUE  
-- ccache found, compilation results will be cached. Disable with LLAMA_CCACHE=OFF.
-- CMAKE_SYSTEM_PROCESSOR: aarch64
-- ARM detected
-- Performing Test COMPILER_SUPPORTS_FP16_FORMAT_I3E
-- Performing Test COMPILER_SUPPORTS_FP16_FORMAT_I3E - Failed
-- Configuring done
-- Generating done
-- Build files have been written to: /home/ggml/work/llama.cpp/build-ci-debug

real	0m0.643s
user	0m0.426s
sys	0m0.219s
+ tee -a /home/ggml/results/llama.cpp/dd/a64fc17c97820ea9489eb0cc9ae8b8fdce4926/ggml-1-arm64-cpu-low-perf/ctest_debug-make.log
+ make -j
[  1%] Generating build details from Git
[  2%] Building C object CMakeFiles/ggml.dir/ggml-backend.c.o
[  2%] Building C object CMakeFiles/ggml.dir/ggml.c.o
[  3%] Building CXX object CMakeFiles/ggml.dir/sgemm.cpp.o
-- Found Git: /usr/bin/git (found version "2.34.1") 
[  4%] Building C object CMakeFiles/ggml.dir/ggml-alloc.c.o
[  4%] Building C object CMakeFiles/ggml.dir/ggml-quants.c.o
[  4%] Built target ggml
[  5%] Building CXX object common/CMakeFiles/build_info.dir/build-info.cpp.o
[  5%] Building CXX object CMakeFiles/llama.dir/llama.cpp.o
[  6%] Building CXX object examples/gguf/CMakeFiles/gguf.dir/gguf.cpp.o
[  7%] Linking CXX static library libggml_static.a
[  8%] Building CXX object CMakeFiles/llama.dir/unicode-data.cpp.o
[  9%] Building CXX object CMakeFiles/llama.dir/unicode.cpp.o
[  9%] Linking CXX executable ../../bin/gguf
[  9%] Built target build_info
[  9%] Built target ggml_static
[  9%] Linking CXX static library libllama.a
[  9%] Built target gguf
[  9%] Built target llama
[  9%] Building C object tests/CMakeFiles/test-c.dir/test-c.c.o
[  9%] Building CXX object common/CMakeFiles/common.dir/common.cpp.o
[  9%] Building CXX object examples/llava/CMakeFiles/llava.dir/llava.cpp.o
[ 10%] Building CXX object examples/benchmark/CMakeFiles/benchmark.dir/benchmark-matmult.cpp.o
[ 10%] Building CXX object common/CMakeFiles/common.dir/grammar-parser.cpp.o
[ 11%] Building CXX object examples/llava/CMakeFiles/llava.dir/clip.cpp.o
[ 12%] Building CXX object common/CMakeFiles/common.dir/sampling.cpp.o
[ 13%] Building CXX object common/CMakeFiles/common.dir/console.cpp.o
[ 14%] Building CXX object common/CMakeFiles/common.dir/train.cpp.o
[ 14%] Building CXX object common/CMakeFiles/common.dir/ngram-cache.cpp.o
[ 15%] Building CXX object common/CMakeFiles/common.dir/json-schema-to-grammar.cpp.o
[ 16%] Building CXX object examples/quantize-stats/CMakeFiles/quantize-stats.dir/quantize-stats.cpp.o
[ 17%] Linking CXX executable ../bin/test-c
[ 17%] Built target llava
[ 17%] Linking CXX executable ../../bin/benchmark
[ 17%] Linking CXX executable ../../bin/quantize-stats
[ 18%] Linking CXX static library libcommon.a
[ 19%] Linking CXX static library libllava_static.a
[ 19%] Built target test-c
[ 19%] Built target llava_static
[ 19%] Built target benchmark
[ 19%] Built target common
[ 20%] Building CXX object tests/CMakeFiles/test-quantize-perf.dir/get-model.cpp.o
[ 22%] Building CXX object tests/CMakeFiles/test-tokenizer-0.dir/test-tokenizer-0.cpp.o
[ 22%] Building CXX object tests/CMakeFiles/test-quantize-perf.dir/test-quantize-perf.cpp.o
[ 22%] Building CXX object tests/CMakeFiles/test-tokenizer-1-bpe.dir/test-tokenizer-1-bpe.cpp.o
[ 23%] Building CXX object tests/CMakeFiles/test-tokenizer-1-spm.dir/test-tokenizer-1-spm.cpp.o
[ 24%] Building CXX object tests/CMakeFiles/test-quantize-fns.dir/test-quantize-fns.cpp.o
[ 24%] Linking CXX executable ../bin/test-quantize-perf
[ 24%] Building CXX object tests/CMakeFiles/test-chat-template.dir/get-model.cpp.o
[ 25%] Building CXX object tests/CMakeFiles/test-sampling.dir/get-model.cpp.o
[ 27%] Building CXX object tests/CMakeFiles/test-chat-template.dir/test-chat-template.cpp.o
[ 27%] Building CXX object tests/CMakeFiles/test-sampling.dir/test-sampling.cpp.o
[ 28%] Building CXX object tests/CMakeFiles/test-quantize-fns.dir/get-model.cpp.o
[ 29%] Linking CXX executable ../bin/test-tokenizer-0
[ 30%] Building CXX object tests/CMakeFiles/test-grammar-integration.dir/get-model.cpp.o
[ 31%] Building CXX object tests/CMakeFiles/test-llama-grammar.dir/get-model.cpp.o
[ 32%] Building CXX object tests/CMakeFiles/test-grammar-integration.dir/test-grammar-integration.cpp.o
[ 32%] Linking CXX executable ../bin/test-tokenizer-1-spm
[ 32%] Building CXX object tests/CMakeFiles/test-backend-ops.dir/test-backend-ops.cpp.o
[ 34%] Building CXX object tests/CMakeFiles/test-backend-ops.dir/get-model.cpp.o
[ 35%] Building CXX object tests/CMakeFiles/test-llama-grammar.dir/test-llama-grammar.cpp.o
[ 36%] Building CXX object tests/CMakeFiles/test-rope.dir/get-model.cpp.o
[ 33%] Linking CXX executable ../bin/test-chat-template
[ 37%] Building CXX object tests/CMakeFiles/test-grad0.dir/test-grad0.cpp.o
[ 37%] Building CXX object tests/CMakeFiles/test-grad0.dir/get-model.cpp.o
[ 38%] Linking CXX executable ../bin/test-tokenizer-1-bpe
[ 39%] Building CXX object tests/CMakeFiles/test-grammar-parser.dir/test-grammar-parser.cpp.o
[ 40%] Building CXX object tests/CMakeFiles/test-model-load-cancel.dir/test-model-load-cancel.cpp.o
[ 41%] Building CXX object tests/CMakeFiles/test-grammar-parser.dir/get-model.cpp.o
[ 41%] Linking CXX executable ../bin/test-quantize-fns
[ 42%] Building CXX object tests/CMakeFiles/test-rope.dir/test-rope.cpp.o
[ 42%] Linking CXX executable ../bin/test-grammar-integration
[ 43%] Building CXX object tests/CMakeFiles/test-model-load-cancel.dir/get-model.cpp.o
[ 43%] Building CXX object tests/CMakeFiles/test-autorelease.dir/test-autorelease.cpp.o
[ 44%] Linking CXX executable ../bin/test-sampling
[ 45%] Linking CXX executable ../bin/test-grad0
[ 46%] Building CXX object tests/CMakeFiles/test-autorelease.dir/get-model.cpp.o
[ 44%] Building CXX object tests/CMakeFiles/test-json-schema-to-grammar.dir/test-json-schema-to-grammar.cpp.o
[ 47%] Building CXX object tests/CMakeFiles/test-json-schema-to-grammar.dir/get-model.cpp.o
[ 48%] Linking CXX executable ../bin/test-backend-ops
[ 48%] Linking CXX executable ../bin/test-rope
[ 49%] Building CXX object examples/batched/CMakeFiles/batched.dir/batched.cpp.o
[ 49%] Linking CXX executable ../bin/test-model-load-cancel
[ 49%] Building CXX object examples/baby-llama/CMakeFiles/baby-llama.dir/baby-llama.cpp.o
[ 51%] Building CXX object examples/batched-bench/CMakeFiles/batched-bench.dir/batched-bench.cpp.o
[ 52%] Building CXX object examples/convert-llama2c-to-ggml/CMakeFiles/convert-llama2c-to-ggml.dir/convert-llama2c-to-ggml.cpp.o
[ 52%] Linking CXX executable ../bin/test-autorelease
[ 52%] Linking CXX executable ../bin/test-grammar-parser
[ 53%] Building CXX object examples/embedding/CMakeFiles/embedding.dir/embedding.cpp.o
[ 53%] Building CXX object examples/beam-search/CMakeFiles/beam-search.dir/beam-search.cpp.o
[ 53%] Linking CXX executable ../bin/test-llama-grammar
[ 53%] Building CXX object examples/eval-callback/CMakeFiles/eval-callback.dir/eval-callback.cpp.o
[ 54%] Building CXX object examples/finetune/CMakeFiles/finetune.dir/finetune.cpp.o
[ 54%] Linking CXX executable ../bin/test-json-schema-to-grammar
[ 55%] Linking CXX executable ../../bin/baby-llama
[ 55%] Linking CXX executable ../../bin/batched
[ 55%] Building CXX object examples/gritlm/CMakeFiles/gritlm.dir/gritlm.cpp.o
[ 56%] Linking CXX executable ../../bin/eval-callback
[ 57%] Linking CXX executable ../../bin/embedding
[ 58%] Linking CXX executable ../../bin/finetune
[ 59%] Building CXX object examples/llava/CMakeFiles/llava-cli.dir/llava-cli.cpp.o
[ 60%] Linking CXX executable ../../bin/batched-bench
[ 60%] Linking CXX executable ../../bin/convert-llama2c-to-ggml
[ 61%] Building CXX object examples/llama-bench/CMakeFiles/llama-bench.dir/llama-bench.cpp.o
[ 62%] Building CXX object examples/gguf-split/CMakeFiles/gguf-split.dir/gguf-split.cpp.o
[ 63%] Building CXX object examples/infill/CMakeFiles/infill.dir/infill.cpp.o
[ 64%] Linking CXX executable ../../bin/beam-search
[ 65%] Building CXX object examples/parallel/CMakeFiles/parallel.dir/parallel.cpp.o
[ 65%] Building CXX object examples/main/CMakeFiles/main.dir/main.cpp.o
[ 66%] Building CXX object examples/tokenize/CMakeFiles/tokenize.dir/tokenize.cpp.o
[ 67%] Linking CXX executable ../../bin/gritlm
[ 67%] Linking CXX executable ../../bin/llava-cli
[ 68%] Linking CXX executable ../../bin/infill
[ 68%] Linking CXX executable ../../bin/parallel
[ 69%] Building CXX object examples/perplexity/CMakeFiles/perplexity.dir/perplexity.cpp.o
[ 69%] Building CXX object examples/quantize/CMakeFiles/quantize.dir/quantize.cpp.o
[ 70%] Linking CXX executable ../../bin/llama-bench
[ 70%] Building CXX object examples/save-load-state/CMakeFiles/save-load-state.dir/save-load-state.cpp.o
[ 71%] Linking CXX executable ../../bin/gguf-split
[ 72%] Building CXX object examples/retrieval/CMakeFiles/retrieval.dir/retrieval.cpp.o
[ 73%] Building CXX object examples/simple/CMakeFiles/simple.dir/simple.cpp.o
[ 74%] Linking CXX executable ../../bin/tokenize
[ 75%] Linking CXX executable ../../bin/main
[ 75%] Built target test-grad0
[ 76%] Building CXX object examples/passkey/CMakeFiles/passkey.dir/passkey.cpp.o
[ 77%] Building CXX object examples/lookahead/CMakeFiles/lookahead.dir/lookahead.cpp.o
[ 77%] Built target test-quantize-perf
[ 79%] Linking CXX executable ../../bin/quantize
[ 78%] Building CXX object examples/speculative/CMakeFiles/speculative.dir/speculative.cpp.o
[ 80%] Linking CXX executable ../../bin/save-load-state
[ 80%] Linking CXX executable ../../bin/perplexity
[ 81%] Generating json-schema-to-grammar.mjs.hpp
[ 82%] Linking CXX executable ../../bin/retrieval
[ 82%] Linking CXX executable ../../bin/simple
[ 84%] Building CXX object examples/lookup/CMakeFiles/lookup.dir/lookup.cpp.o
[ 83%] Generating completion.js.hpp
[ 85%] Generating index.html.hpp
[ 85%] Built target test-rope
[ 85%] Building CXX object examples/lookup/CMakeFiles/lookup-create.dir/lookup-create.cpp.o
[ 85%] Generating index.js.hpp
[ 85%] Linking CXX executable ../../bin/lookahead
[ 86%] Building CXX object examples/lookup/CMakeFiles/lookup-merge.dir/lookup-merge.cpp.o
[ 87%] Linking CXX executable ../../bin/passkey
[ 88%] Building CXX object examples/lookup/CMakeFiles/lookup-stats.dir/lookup-stats.cpp.o
[ 88%] Building CXX object examples/train-text-from-scratch/CMakeFiles/train-text-from-scratch.dir/train-text-from-scratch.cpp.o
[ 89%] Building CXX object examples/imatrix/CMakeFiles/imatrix.dir/imatrix.cpp.o
[ 90%] Linking CXX executable ../../bin/speculative
[ 91%] Building CXX object examples/export-lora/CMakeFiles/export-lora.dir/export-lora.cpp.o
[ 92%] Linking CXX executable ../../bin/lookup
[ 92%] Built target test-quantize-fns
[ 93%] Building CXX object pocs/vdot/CMakeFiles/vdot.dir/vdot.cpp.o
[ 93%] Linking CXX executable ../../bin/lookup-merge
[ 94%] Linking CXX executable ../../bin/lookup-create
[ 93%] Built target test-grammar-parser
[ 95%] Building CXX object pocs/vdot/CMakeFiles/q8dot.dir/q8dot.cpp.o
[ 96%] Linking CXX executable ../../bin/lookup-stats
[ 96%] Built target test-backend-ops
[ 97%] Linking CXX executable ../../bin/train-text-from-scratch
[ 97%] Linking CXX executable ../../bin/imatrix
[ 97%] Linking CXX executable ../../bin/export-lora
[ 98%] Linking CXX executable ../../bin/vdot
[ 99%] Linking CXX executable ../../bin/q8dot
[ 99%] Building CXX object examples/server/CMakeFiles/server.dir/server.cpp.o
[ 99%] Built target convert-llama2c-to-ggml
[100%] Linking CXX executable ../../bin/server
[100%] Built target export-lora
[100%] Built target vdot
[100%] Built target lookup-merge
[100%] Built target q8dot
[100%] Built target quantize-stats
[100%] Built target test-json-schema-to-grammar
[100%] Built target test-chat-template
[100%] Built target test-model-load-cancel
[100%] Built target test-sampling
[100%] Built target test-llama-grammar
[100%] Built target test-autorelease
[100%] Built target test-grammar-integration
[100%] Built target gguf-split
[100%] Built target test-tokenizer-0
[100%] Built target baby-llama
[100%] Built target batched-bench
[100%] Built target test-tokenizer-1-spm
[100%] Built target gritlm
[100%] Built target test-tokenizer-1-bpe
[100%] Built target batched
[100%] Built target embedding
[100%] Built target tokenize
[100%] Built target simple
[100%] Built target eval-callback
[100%] Built target perplexity
[100%] Built target beam-search
[100%] Built target llama-bench
[100%] Built target finetune
[100%] Built target main
[100%] Built target parallel
[100%] Built target infill
[100%] Built target save-load-state
[100%] Built target quantize
[100%] Built target retrieval
[100%] Built target passkey
[100%] Built target llava-cli
[100%] Built target lookup-stats
[100%] Built target train-text-from-scratch
[100%] Built target imatrix
[100%] Built target lookup-create
[100%] Built target speculative
[100%] Built target lookahead
[100%] Built target lookup
[100%] Built target server

real	0m12.780s
user	0m41.618s
sys	0m6.613s
+ tee -a /home/ggml/results/llama.cpp/dd/a64fc17c97820ea9489eb0cc9ae8b8fdce4926/ggml-1-arm64-cpu-low-perf/ctest_debug-ctest.log
+ ctest --output-on-failure -L main -E test-opt
Test project /home/ggml/work/llama.cpp/build-ci-debug
      Start  1: test-tokenizer-0-llama-spm
 1/22 Test  #1: test-tokenizer-0-llama-spm .......   Passed    0.18 sec
      Start  2: test-tokenizer-0-llama-bpe
 2/22 Test  #2: test-tokenizer-0-llama-bpe .......   Passed    2.73 sec
      Start  3: test-tokenizer-0-phi-3
 3/22 Test  #3: test-tokenizer-0-phi-3 ...........   Passed    0.18 sec
      Start  4: test-tokenizer-0-falcon
 4/22 Test  #4: test-tokenizer-0-falcon ..........   Passed    1.06 sec
      Start  5: test-tokenizer-0-bert-bge
 5/22 Test  #5: test-tokenizer-0-bert-bge ........   Passed    0.52 sec
      Start  6: test-tokenizer-0-starcoder
 6/22 Test  #6: test-tokenizer-0-starcoder .......   Passed    0.86 sec
      Start  7: test-tokenizer-0-gpt-2
 7/22 Test  #7: test-tokenizer-0-gpt-2 ...........   Passed    0.91 sec
      Start  8: test-tokenizer-0-refact
 8/22 Test  #8: test-tokenizer-0-refact ..........   Passed    0.86 sec
      Start  9: test-tokenizer-0-command-r
 9/22 Test  #9: test-tokenizer-0-command-r .......   Passed    3.80 sec
      Start 10: test-tokenizer-0-qwen2
10/22 Test #10: test-tokenizer-0-qwen2 ...........   Passed    2.25 sec
      Start 11: test-tokenizer-1-llama-spm
11/22 Test #11: test-tokenizer-1-llama-spm .......   Passed    4.63 sec
      Start 12: test-quantize-fns
12/22 Test #12: test-quantize-fns ................   Passed   35.07 sec
      Start 13: test-quantize-perf
13/22 Test #13: test-quantize-perf ...............   Passed   10.77 sec
      Start 14: test-sampling
14/22 Test #14: test-sampling ....................   Passed    0.03 sec
      Start 15: test-chat-template
15/22 Test #15: test-chat-template ...............   Passed    0.00 sec
      Start 16: test-grammar-parser
16/22 Test #16: test-grammar-parser ..............   Passed    0.00 sec
      Start 17: test-llama-grammar
17/22 Test #17: test-llama-grammar ...............   Passed    0.00 sec
      Start 18: test-grammar-integration
18/22 Test #18: test-grammar-integration .........   Passed    0.01 sec
      Start 19: test-grad0
19/22 Test #19: test-grad0 .......................   Passed    3.70 sec
      Start 20: test-backend-ops
20/22 Test #20: test-backend-ops .................   Passed    0.00 sec
      Start 21: test-rope
21/22 Test #21: test-rope ........................   Passed    0.07 sec
      Start 24: test-json-schema-to-grammar
22/22 Test #24: test-json-schema-to-grammar ......   Passed    0.04 sec

100% tests passed, 0 tests failed out of 22

Label Time Summary:
main    =  67.69 sec*proc (22 tests)

Total Test time (real) =  67.70 sec

real	1m7.708s
user	1m17.782s
sys	0m2.130s
+ set +e
+ cur=0
+ echo 0
+ set +x
+ gg_run_ctest_release
+ cd /home/ggml/work/llama.cpp
+ tee /home/ggml/results/llama.cpp/dd/a64fc17c97820ea9489eb0cc9ae8b8fdce4926/ggml-1-arm64-cpu-low-perf/ctest_release.log
+ rm -rf build-ci-release
+ mkdir build-ci-release
+ cd build-ci-release
+ set -e
+ tee -a /home/ggml/results/llama.cpp/dd/a64fc17c97820ea9489eb0cc9ae8b8fdce4926/ggml-1-arm64-cpu-low-perf/ctest_release-cmake.log
+ cmake -DCMAKE_BUILD_TYPE=Release -DLLAMA_FATAL_WARNINGS=ON ..
-- The C compiler identification is GNU 11.4.0
-- The CXX compiler identification is GNU 11.4.0
-- Detecting C compiler ABI info
-- Detecting C compiler ABI info - done
-- Check for working C compiler: /usr/bin/cc - skipped
-- Detecting C compile features
-- Detecting C compile features - done
-- Detecting CXX compiler ABI info
-- Detecting CXX compiler ABI info - done
-- Check for working CXX compiler: /usr/bin/c++ - skipped
-- Detecting CXX compile features
-- Detecting CXX compile features - done
-- Found Git: /usr/bin/git (found version "2.34.1") 
-- Looking for pthread.h
-- Looking for pthread.h - found
-- Performing Test CMAKE_HAVE_LIBC_PTHREAD
-- Performing Test CMAKE_HAVE_LIBC_PTHREAD - Success
-- Found Threads: TRUE  
-- ccache found, compilation results will be cached. Disable with LLAMA_CCACHE=OFF.
-- CMAKE_SYSTEM_PROCESSOR: aarch64
-- ARM detected
-- Performing Test COMPILER_SUPPORTS_FP16_FORMAT_I3E
-- Performing Test COMPILER_SUPPORTS_FP16_FORMAT_I3E - Failed
-- Configuring done
-- Generating done
-- Build files have been written to: /home/ggml/work/llama.cpp/build-ci-release

real	0m0.646s
user	0m0.426s
sys	0m0.222s
+ tee -a /home/ggml/results/llama.cpp/dd/a64fc17c97820ea9489eb0cc9ae8b8fdce4926/ggml-1-arm64-cpu-low-perf/ctest_release-make.log
+ make -j
[  2%] Building CXX object common/CMakeFiles/build_info.dir/build-info.cpp.o
[  2%] Building C object CMakeFiles/ggml.dir/ggml.c.o
[  2%] Building C object CMakeFiles/ggml.dir/ggml-alloc.c.o
[  2%] Building C object CMakeFiles/ggml.dir/ggml-quants.c.o
[  3%] Building C object CMakeFiles/ggml.dir/ggml-backend.c.o
[  4%] Building CXX object CMakeFiles/ggml.dir/sgemm.cpp.o
[  4%] Built target ggml
[  6%] Linking CXX static library libggml_static.a
[  6%] Building CXX object examples/gguf/CMakeFiles/gguf.dir/gguf.cpp.o
[  6%] Building CXX object CMakeFiles/llama.dir/llama.cpp.o
[  7%] Building CXX object CMakeFiles/llama.dir/unicode.cpp.o
[  8%] Building CXX object CMakeFiles/llama.dir/unicode-data.cpp.o
[  9%] Built target build_info
[  9%] Linking CXX executable ../../bin/gguf
[  9%] Linking CXX static library libllama.a
[  9%] Built target ggml_static
[  9%] Built target llama
[  9%] Built target gguf
[ 10%] Building CXX object common/CMakeFiles/common.dir/sampling.cpp.o
[ 10%] Building CXX object common/CMakeFiles/common.dir/common.cpp.o
[ 11%] Building CXX object examples/quantize-stats/CMakeFiles/quantize-stats.dir/quantize-stats.cpp.o
[ 11%] Building C object tests/CMakeFiles/test-c.dir/test-c.c.o
[ 12%] Building CXX object common/CMakeFiles/common.dir/json-schema-to-grammar.cpp.o
[ 12%] Building CXX object common/CMakeFiles/common.dir/grammar-parser.cpp.o
[ 13%] Building CXX object examples/benchmark/CMakeFiles/benchmark.dir/benchmark-matmult.cpp.o
[ 14%] Building CXX object common/CMakeFiles/common.dir/console.cpp.o
[ 14%] Building CXX object examples/llava/CMakeFiles/llava.dir/llava.cpp.o
[ 15%] Building CXX object examples/llava/CMakeFiles/llava.dir/clip.cpp.o
[ 15%] Linking CXX executable ../../bin/benchmark
[ 16%] Linking CXX executable ../bin/test-c
[ 17%] Building CXX object common/CMakeFiles/common.dir/train.cpp.o
[ 17%] Built target llava
[ 17%] Linking CXX executable ../../bin/quantize-stats
[ 17%] Building CXX object common/CMakeFiles/common.dir/ngram-cache.cpp.o
[ 18%] Linking CXX static library libllava_static.a
[ 18%] Built target test-c
[ 19%] Linking CXX static library libcommon.a
[ 19%] Built target llava_static
[ 19%] Built target benchmark
[ 19%] Built target common
[ 20%] Building CXX object tests/CMakeFiles/test-chat-template.dir/test-chat-template.cpp.o
[ 21%] Building CXX object tests/CMakeFiles/test-tokenizer-0.dir/test-tokenizer-0.cpp.o
[ 22%] Building CXX object tests/CMakeFiles/test-quantize-fns.dir/get-model.cpp.o
[ 23%] Building CXX object tests/CMakeFiles/test-tokenizer-1-spm.dir/test-tokenizer-1-spm.cpp.o
[ 23%] Building CXX object tests/CMakeFiles/test-tokenizer-1-bpe.dir/test-tokenizer-1-bpe.cpp.o
[ 24%] Building CXX object tests/CMakeFiles/test-sampling.dir/test-sampling.cpp.o
[ 25%] Building CXX object tests/CMakeFiles/test-quantize-fns.dir/test-quantize-fns.cpp.o
[ 26%] Building CXX object tests/CMakeFiles/test-quantize-perf.dir/test-quantize-perf.cpp.o
[ 27%] Building CXX object tests/CMakeFiles/test-chat-template.dir/get-model.cpp.o
[ 27%] Building CXX object tests/CMakeFiles/test-quantize-perf.dir/get-model.cpp.o
[ 28%] Building CXX object tests/CMakeFiles/test-grammar-parser.dir/test-grammar-parser.cpp.o
[ 29%] Building CXX object tests/CMakeFiles/test-sampling.dir/get-model.cpp.o
[ 29%] Built target quantize-stats
[ 30%] Building CXX object tests/CMakeFiles/test-grammar-parser.dir/get-model.cpp.o
[ 31%] Building CXX object tests/CMakeFiles/test-llama-grammar.dir/test-llama-grammar.cpp.o
[ 31%] Linking CXX executable ../bin/test-tokenizer-1-spm
[ 32%] Building CXX object tests/CMakeFiles/test-llama-grammar.dir/get-model.cpp.o
[ 32%] Linking CXX executable ../bin/test-quantize-fns
[ 33%] Linking CXX executable ../bin/test-tokenizer-0
[ 34%] Building CXX object tests/CMakeFiles/test-grammar-integration.dir/test-grammar-integration.cpp.o
[ 35%] Building CXX object tests/CMakeFiles/test-grammar-integration.dir/get-model.cpp.o
[ 35%] Linking CXX executable ../bin/test-quantize-perf
[ 36%] Linking CXX executable ../bin/test-tokenizer-1-bpe
[ 37%] Linking CXX executable ../bin/test-chat-template
[ 37%] Linking CXX executable ../bin/test-sampling
[ 37%] Linking CXX executable ../bin/test-grammar-parser
[ 38%] Building CXX object tests/CMakeFiles/test-grad0.dir/test-grad0.cpp.o
[ 38%] Building CXX object tests/CMakeFiles/test-grad0.dir/get-model.cpp.o
[ 38%] Building CXX object tests/CMakeFiles/test-backend-ops.dir/test-backend-ops.cpp.o
[ 39%] Building CXX object tests/CMakeFiles/test-model-load-cancel.dir/test-model-load-cancel.cpp.o
[ 40%] Building CXX object tests/CMakeFiles/test-backend-ops.dir/get-model.cpp.o
[ 41%] Building CXX object tests/CMakeFiles/test-rope.dir/get-model.cpp.o
[ 42%] Building CXX object tests/CMakeFiles/test-rope.dir/test-rope.cpp.o
[ 43%] Building CXX object tests/CMakeFiles/test-model-load-cancel.dir/get-model.cpp.o
[ 43%] Building CXX object tests/CMakeFiles/test-autorelease.dir/test-autorelease.cpp.o
[ 44%] Building CXX object tests/CMakeFiles/test-autorelease.dir/get-model.cpp.o
[ 45%] Building CXX object tests/CMakeFiles/test-json-schema-to-grammar.dir/test-json-schema-to-grammar.cpp.o
[ 45%] Linking CXX executable ../bin/test-grammar-integration
[ 45%] Building CXX object examples/baby-llama/CMakeFiles/baby-llama.dir/baby-llama.cpp.o
[ 46%] Linking CXX executable ../bin/test-grad0
[ 44%] Linking CXX executable ../bin/test-llama-grammar
[ 47%] Building CXX object tests/CMakeFiles/test-json-schema-to-grammar.dir/get-model.cpp.o
[ 48%] Linking CXX executable ../bin/test-backend-ops
[ 49%] Building CXX object examples/batched/CMakeFiles/batched.dir/batched.cpp.o
[ 49%] Linking CXX executable ../bin/test-rope
[ 49%] Linking CXX executable ../bin/test-model-load-cancel
[ 50%] Building CXX object examples/batched-bench/CMakeFiles/batched-bench.dir/batched-bench.cpp.o
[ 51%] Linking CXX executable ../../bin/baby-llama
[ 52%] Linking CXX executable ../bin/test-autorelease
[ 52%] Building CXX object examples/beam-search/CMakeFiles/beam-search.dir/beam-search.cpp.o
[ 53%] Building CXX object examples/convert-llama2c-to-ggml/CMakeFiles/convert-llama2c-to-ggml.dir/convert-llama2c-to-ggml.cpp.o
[ 53%] Building CXX object examples/eval-callback/CMakeFiles/eval-callback.dir/eval-callback.cpp.o
[ 53%] Linking CXX executable ../bin/test-json-schema-to-grammar
[ 54%] Building CXX object examples/embedding/CMakeFiles/embedding.dir/embedding.cpp.o
[ 55%] Building CXX object examples/finetune/CMakeFiles/finetune.dir/finetune.cpp.o
[ 55%] Linking CXX executable ../../bin/batched
[ 55%] Building CXX object examples/gritlm/CMakeFiles/gritlm.dir/gritlm.cpp.o
[ 56%] Linking CXX executable ../../bin/batched-bench
[ 56%] Linking CXX executable ../../bin/convert-llama2c-to-ggml
[ 57%] Linking CXX executable ../../bin/beam-search
[ 58%] Building CXX object examples/gguf-split/CMakeFiles/gguf-split.dir/gguf-split.cpp.o
[ 59%] Building CXX object examples/infill/CMakeFiles/infill.dir/infill.cpp.o
[ 60%] Linking CXX executable ../../bin/embedding
[ 61%] Linking CXX executable ../../bin/eval-callback
[ 62%] Building CXX object examples/llama-bench/CMakeFiles/llama-bench.dir/llama-bench.cpp.o
[ 63%] Building CXX object examples/llava/CMakeFiles/llava-cli.dir/llava-cli.cpp.o
[ 64%] Linking CXX executable ../../bin/gritlm
[ 64%] Building CXX object examples/main/CMakeFiles/main.dir/main.cpp.o
[ 65%] Linking CXX executable ../../bin/finetune
[ 66%] Building CXX object examples/tokenize/CMakeFiles/tokenize.dir/tokenize.cpp.o
[ 67%] Building CXX object examples/parallel/CMakeFiles/parallel.dir/parallel.cpp.o
[ 68%] Building CXX object examples/perplexity/CMakeFiles/perplexity.dir/perplexity.cpp.o
[ 67%] Built target test-grad0
[ 68%] Built target test-quantize-fns
[ 68%] Built target test-grammar-parser
[ 68%] Building CXX object examples/quantize/CMakeFiles/quantize.dir/quantize.cpp.o
[ 69%] Linking CXX executable ../../bin/infill
[ 70%] Linking CXX executable ../../bin/gguf-split
[ 70%] Built target test-quantize-perf
[ 71%] Linking CXX executable ../../bin/llama-bench
[ 71%] Linking CXX executable ../../bin/llava-cli
[ 72%] Linking CXX executable ../../bin/tokenize
[ 72%] Linking CXX executable ../../bin/perplexity
[ 72%] Linking CXX executable ../../bin/parallel
[ 73%] Linking CXX executable ../../bin/quantize
[ 74%] Linking CXX executable ../../bin/main
[ 75%] Building CXX object examples/retrieval/CMakeFiles/retrieval.dir/retrieval.cpp.o
[ 75%] Building CXX object examples/save-load-state/CMakeFiles/save-load-state.dir/save-load-state.cpp.o
[ 76%] Building CXX object examples/passkey/CMakeFiles/passkey.dir/passkey.cpp.o
[ 77%] Building CXX object examples/simple/CMakeFiles/simple.dir/simple.cpp.o
[ 78%] Building CXX object examples/lookahead/CMakeFiles/lookahead.dir/lookahead.cpp.o
[ 78%] Built target test-rope
[ 79%] Building CXX object examples/speculative/CMakeFiles/speculative.dir/speculative.cpp.o
[ 80%] Linking CXX executable ../../bin/save-load-state
[ 81%] Building CXX object examples/lookup/CMakeFiles/lookup-create.dir/lookup-create.cpp.o
[ 82%] Linking CXX executable ../../bin/retrieval
[ 79%] Built target test-backend-ops
[ 82%] Building CXX object examples/lookup/CMakeFiles/lookup.dir/lookup.cpp.o
[ 83%] Building CXX object examples/lookup/CMakeFiles/lookup-merge.dir/lookup-merge.cpp.o
[ 84%] Building CXX object examples/lookup/CMakeFiles/lookup-stats.dir/lookup-stats.cpp.o
[ 84%] Linking CXX executable ../../bin/simple
[ 84%] Built target test-chat-template
[ 85%] Linking CXX executable ../../bin/passkey
[ 85%] Built target test-sampling
[ 87%] Linking CXX executable ../../bin/speculative
[ 87%] Generating index.js.hpp
[ 86%] Generating json-schema-to-grammar.mjs.hpp
[ 85%] Built target test-tokenizer-1-bpe
[ 88%] Generating completion.js.hpp
[ 89%] Generating index.html.hpp
[ 89%] Linking CXX executable ../../bin/lookahead
[ 89%] Linking CXX executable ../../bin/lookup-merge
[ 90%] Building CXX object examples/imatrix/CMakeFiles/imatrix.dir/imatrix.cpp.o
[ 90%] Built target test-llama-grammar
[ 91%] Linking CXX executable ../../bin/lookup-create
[ 91%] Building CXX object examples/train-text-from-scratch/CMakeFiles/train-text-from-scratch.dir/train-text-from-scratch.cpp.o
[ 91%] Built target test-tokenizer-0
[ 91%] Built target test-tokenizer-1-spm
[ 92%] Building CXX object pocs/vdot/CMakeFiles/vdot.dir/vdot.cpp.o
[ 92%] Built target quantize
[ 93%] Linking CXX executable ../../bin/lookup
[ 93%] Built target test-grammar-integration
[ 94%] Linking CXX executable ../../bin/lookup-stats
[ 95%] Building CXX object examples/export-lora/CMakeFiles/export-lora.dir/export-lora.cpp.o
[ 96%] Building CXX object pocs/vdot/CMakeFiles/q8dot.dir/q8dot.cpp.o
[ 96%] Built target test-model-load-cancel
[ 96%] Linking CXX executable ../../bin/export-lora
[ 97%] Linking CXX executable ../../bin/train-text-from-scratch
[ 97%] Built target test-json-schema-to-grammar
[ 97%] Built target test-autorelease
[ 97%] Built target baby-llama
[ 98%] Linking CXX executable ../../bin/vdot
[ 97%] Built target convert-llama2c-to-ggml
[ 98%] Linking CXX executable ../../bin/imatrix
[ 99%] Linking CXX executable ../../bin/q8dot
[ 99%] Building CXX object examples/server/CMakeFiles/server.dir/server.cpp.o
[ 99%] Built target batched-bench
[ 99%] Built target batched
[ 99%] Built target embedding
[ 99%] Built target beam-search
[ 99%] Built target lookup
[ 99%] Built target gguf-split
[ 99%] Built target gritlm
[ 99%] Built target eval-callback
[ 99%] Built target perplexity
[ 99%] Built target parallel
[ 99%] Built target export-lora
[ 99%] Built target retrieval
[ 99%] Built target lookup-merge
[ 99%] Built target tokenize
[ 99%] Built target finetune
[ 99%] Built target vdot
[ 99%] Built target infill
[ 99%] Built target main
[ 99%] Built target llama-bench
[ 99%] Built target llava-cli
[ 99%] Built target simple
[ 99%] Built target q8dot
[ 99%] Built target lookahead
[ 99%] Built target save-load-state
[ 99%] Built target train-text-from-scratch
[ 99%] Built target speculative
[ 99%] Built target lookup-stats
[ 99%] Built target passkey
[ 99%] Built target lookup-create
[ 99%] Built target imatrix
[100%] Linking CXX executable ../../bin/server
[100%] Built target server

real	0m3.234s
user	0m8.239s
sys	0m3.224s
+ '[' -z 1 ']'
+ tee -a /home/ggml/results/llama.cpp/dd/a64fc17c97820ea9489eb0cc9ae8b8fdce4926/ggml-1-arm64-cpu-low-perf/ctest_release-ctest.log
+ ctest --output-on-failure -L main -E test-opt
Test project /home/ggml/work/llama.cpp/build-ci-release
      Start  1: test-tokenizer-0-llama-spm
 1/22 Test  #1: test-tokenizer-0-llama-spm .......   Passed    0.05 sec
      Start  2: test-tokenizer-0-llama-bpe
 2/22 Test  #2: test-tokenizer-0-llama-bpe .......   Passed    0.76 sec
      Start  3: test-tokenizer-0-phi-3
 3/22 Test  #3: test-tokenizer-0-phi-3 ...........   Passed    0.05 sec
      Start  4: test-tokenizer-0-falcon
 4/22 Test  #4: test-tokenizer-0-falcon ..........   Passed    0.27 sec
      Start  5: test-tokenizer-0-bert-bge
 5/22 Test  #5: test-tokenizer-0-bert-bge ........   Passed    0.13 sec
      Start  6: test-tokenizer-0-starcoder
 6/22 Test  #6: test-tokenizer-0-starcoder .......   Passed    0.22 sec
      Start  7: test-tokenizer-0-gpt-2
 7/22 Test  #7: test-tokenizer-0-gpt-2 ...........   Passed    0.22 sec
      Start  8: test-tokenizer-0-refact
 8/22 Test  #8: test-tokenizer-0-refact ..........   Passed    0.22 sec
      Start  9: test-tokenizer-0-command-r
 9/22 Test  #9: test-tokenizer-0-command-r .......   Passed    1.19 sec
      Start 10: test-tokenizer-0-qwen2
10/22 Test #10: test-tokenizer-0-qwen2 ...........   Passed    0.61 sec
      Start 11: test-tokenizer-1-llama-spm
11/22 Test #11: test-tokenizer-1-llama-spm .......   Passed    0.65 sec
      Start 12: test-quantize-fns
12/22 Test #12: test-quantize-fns ................   Passed   19.72 sec
      Start 13: test-quantize-perf
13/22 Test #13: test-quantize-perf ...............   Passed    5.78 sec
      Start 14: test-sampling
14/22 Test #14: test-sampling ....................   Passed    0.01 sec
      Start 15: test-chat-template
15/22 Test #15: test-chat-template ...............   Passed    0.00 sec
      Start 16: test-grammar-parser
16/22 Test #16: test-grammar-parser ..............   Passed    0.00 sec
      Start 17: test-llama-grammar
17/22 Test #17: test-llama-grammar ...............   Passed    0.00 sec
      Start 18: test-grammar-integration
18/22 Test #18: test-grammar-integration .........   Passed    0.00 sec
      Start 19: test-grad0
19/22 Test #19: test-grad0 .......................   Passed    3.27 sec
      Start 20: test-backend-ops
20/22 Test #20: test-backend-ops .................   Passed    0.00 sec
      Start 21: test-rope
21/22 Test #21: test-rope ........................   Passed    0.05 sec
      Start 24: test-json-schema-to-grammar
22/22 Test #24: test-json-schema-to-grammar ......   Passed    0.01 sec

100% tests passed, 0 tests failed out of 22

Label Time Summary:
main    =  33.24 sec*proc (22 tests)

Total Test time (real) =  33.25 sec

real	0m33.261s
user	0m32.932s
sys	0m2.168s
+ set +e
+ cur=0
+ echo 0
+ set +x
