+ cmake -DCMAKE_BUILD_TYPE=Debug -DLLAMA_FATAL_WARNINGS=ON -DLLAMA_METAL_SHADER_DEBUG=ON ..
-- The C compiler identification is AppleClang 15.0.0.15000100
-- The CXX compiler identification is AppleClang 15.0.0.15000100
-- Detecting C compiler ABI info
-- Detecting C compiler ABI info - done
-- Check for working C compiler: /Applications/Xcode.app/Contents/Developer/Toolchains/XcodeDefault.xctoolchain/usr/bin/cc - skipped
-- Detecting C compile features
-- Detecting C compile features - done
-- Detecting CXX compiler ABI info
-- Detecting CXX compiler ABI info - done
-- Check for working CXX compiler: /Applications/Xcode.app/Contents/Developer/Toolchains/XcodeDefault.xctoolchain/usr/bin/c++ - skipped
-- Detecting CXX compile features
-- Detecting CXX compile features - done
-- Found Git: /usr/bin/git (found version "2.39.3 (Apple Git-145)") 
-- Performing Test CMAKE_HAVE_LIBC_PTHREAD
-- Performing Test CMAKE_HAVE_LIBC_PTHREAD - Success
-- Found Threads: TRUE  
-- Accelerate framework found
-- Metal framework found
-- ccache found, compilation results will be cached. Disable with LLAMA_CCACHE=OFF.
-- CMAKE_SYSTEM_PROCESSOR: arm64
-- ARM detected
-- Performing Test COMPILER_SUPPORTS_FP16_FORMAT_I3E
-- Performing Test COMPILER_SUPPORTS_FP16_FORMAT_I3E - Failed
-- Configuring done (0.6s)
-- Generating done (0.2s)
-- Build files have been written to: /Users/ggml/work/llama.cpp/build-ci-debug

real	0m0.801s
user	0m0.389s
sys	0m0.392s
+ make -j
[  1%] Generating build details from Git
[  1%] Building C object CMakeFiles/ggml.dir/ggml-backend.c.o
[  2%] Building C object CMakeFiles/ggml.dir/ggml-quants.c.o
[  3%] Building C object CMakeFiles/ggml.dir/ggml-alloc.c.o
[  4%] Building C object CMakeFiles/ggml.dir/ggml-metal.m.o
[  5%] Building C object CMakeFiles/ggml.dir/ggml.c.o
[  6%] Compiling Metal kernels
-- Found Git: /usr/bin/git (found version "2.39.3 (Apple Git-145)") 
[  6%] Built target ggml
[  6%] Linking C static library libggml_static.a
[  7%] Building CXX object examples/gguf/CMakeFiles/gguf.dir/gguf.cpp.o
[  8%] Building CXX object CMakeFiles/llama.dir/llama.cpp.o
[  9%] Building CXX object common/CMakeFiles/build_info.dir/build-info.cpp.o
[  9%] Built target ggml_static
[ 10%] Linking CXX executable ../../bin/gguf
[ 11%] Linking CXX static library libllama.a
[ 11%] Built target build_info
[ 11%] Built target gguf
[ 11%] Built target llama
[ 12%] Building CXX object examples/quantize/CMakeFiles/quantize.dir/quantize.cpp.o
[ 13%] Building C object tests/CMakeFiles/test-c.dir/test-c.c.o
[ 14%] Building CXX object examples/benchmark/CMakeFiles/benchmark.dir/benchmark-matmult.cpp.o
[ 15%] Building CXX object common/CMakeFiles/common.dir/train.cpp.o
[ 16%] Building CXX object common/CMakeFiles/common.dir/sampling.cpp.o
[ 16%] Building CXX object common/CMakeFiles/common.dir/console.cpp.o
[ 17%] Building CXX object common/CMakeFiles/common.dir/grammar-parser.cpp.o
[ 18%] Building CXX object common/CMakeFiles/common.dir/common.cpp.o
[ 19%] Building CXX object examples/llava/CMakeFiles/llava.dir/llava.cpp.o
[ 20%] Building CXX object examples/quantize-stats/CMakeFiles/quantize-stats.dir/quantize-stats.cpp.o
[ 21%] Building CXX object examples/llava/CMakeFiles/llava.dir/clip.cpp.o
[ 22%] Linking CXX executable ../bin/test-c
[ 22%] Linking CXX executable ../../bin/benchmark
[ 23%] Linking CXX executable ../../bin/quantize
[ 24%] Linking CXX static library libcommon.a
[ 24%] Linking CXX executable ../../bin/quantize-stats
[ 24%] Built target llava
[ 24%] Linking CXX static library libllava_static.a
[ 24%] Built target common
[ 24%] Built target llava_static
[ 24%] Built target test-c
[ 25%] Building CXX object tests/CMakeFiles/test-tokenizer-1-llama.dir/test-tokenizer-1-llama.cpp.o
[ 26%] Building CXX object tests/CMakeFiles/test-tokenizer-1-llama.dir/get-model.cpp.o
[ 27%] Building CXX object tests/CMakeFiles/test-grad0.dir/test-grad0.cpp.o
[ 28%] Building CXX object tests/CMakeFiles/test-grad0.dir/get-model.cpp.o
[ 29%] Building CXX object tests/CMakeFiles/test-model-load-cancel.dir/get-model.cpp.o
[ 31%] Building CXX object tests/CMakeFiles/test-backend-ops.dir/test-backend-ops.cpp.o
[ 32%] Building CXX object tests/CMakeFiles/test-llama-grammar.dir/test-llama-grammar.cpp.o
[ 32%] Building CXX object tests/CMakeFiles/test-grammar-parser.dir/get-model.cpp.o
[ 31%] Building CXX object tests/CMakeFiles/test-backend-ops.dir/get-model.cpp.o
[ 33%] Building CXX object tests/CMakeFiles/test-grammar-parser.dir/test-grammar-parser.cpp.o
[ 33%] Building CXX object tests/CMakeFiles/test-rope.dir/test-rope.cpp.o
[ 35%] Building CXX object tests/CMakeFiles/test-rope.dir/get-model.cpp.o
[ 35%] Building CXX object tests/CMakeFiles/test-autorelease.dir/get-model.cpp.o
[ 35%] Building CXX object tests/CMakeFiles/test-autorelease.dir/test-autorelease.cpp.o
[ 36%] Building CXX object tests/CMakeFiles/test-tokenizer-0-falcon.dir/get-model.cpp.o
[ 36%] Building CXX object examples/baby-llama/CMakeFiles/baby-llama.dir/baby-llama.cpp.o
[ 37%] Building CXX object examples/beam-search/CMakeFiles/beam-search.dir/beam-search.cpp.o
[ 37%] Building CXX object tests/CMakeFiles/test-model-load-cancel.dir/test-model-load-cancel.cpp.o
[ 39%] Building CXX object tests/CMakeFiles/test-tokenizer-1-bpe.dir/test-tokenizer-1-bpe.cpp.o
[ 39%] Building CXX object examples/embedding/CMakeFiles/embedding.dir/embedding.cpp.o
[ 40%] Building CXX object tests/CMakeFiles/test-chat-template.dir/get-model.cpp.o
[ 41%] Building CXX object tests/CMakeFiles/test-tokenizer-1-bpe.dir/get-model.cpp.o
[ 42%] Building CXX object tests/CMakeFiles/test-llama-grammar.dir/get-model.cpp.o
[ 43%] Building CXX object examples/batched-bench/CMakeFiles/batched-bench.dir/batched-bench.cpp.o
[ 43%] Building CXX object tests/CMakeFiles/test-quantize-perf.dir/get-model.cpp.o
[ 44%] Building CXX object tests/CMakeFiles/test-quantize-perf.dir/test-quantize-perf.cpp.o
[ 45%] Building CXX object tests/CMakeFiles/test-sampling.dir/test-sampling.cpp.o
[ 46%] Building CXX object tests/CMakeFiles/test-quantize-fns.dir/test-quantize-fns.cpp.o
[ 46%] Building CXX object tests/CMakeFiles/test-tokenizer-0-llama.dir/test-tokenizer-0-llama.cpp.o
[ 47%] Building CXX object tests/CMakeFiles/test-tokenizer-0-llama.dir/get-model.cpp.o
[ 48%] Building CXX object examples/batched/CMakeFiles/batched.dir/batched.cpp.o
[ 49%] Building CXX object tests/CMakeFiles/test-chat-template.dir/test-chat-template.cpp.o
[ 49%] Built target benchmark
[ 49%] Building CXX object tests/CMakeFiles/test-quantize-fns.dir/get-model.cpp.o
[ 50%] Building CXX object tests/CMakeFiles/test-sampling.dir/get-model.cpp.o
[ 50%] Built target quantize-stats
[ 51%] Building CXX object tests/CMakeFiles/test-tokenizer-0-falcon.dir/test-tokenizer-0-falcon.cpp.o
[ 51%] Built target quantize
[ 52%] Linking CXX executable ../bin/test-grad0
[ 53%] Linking CXX executable ../bin/test-grammar-parser
[ 53%] Building CXX object examples/convert-llama2c-to-ggml/CMakeFiles/convert-llama2c-to-ggml.dir/convert-llama2c-to-ggml.cpp.o
[ 54%] Linking CXX executable ../bin/test-rope
[ 55%] Building CXX object examples/finetune/CMakeFiles/finetune.dir/finetune.cpp.o
[ 55%] Building CXX object examples/infill/CMakeFiles/infill.dir/infill.cpp.o
[ 56%] Linking CXX executable ../bin/test-autorelease
[ 57%] Linking CXX executable ../bin/test-model-load-cancel
[ 58%] Linking CXX executable ../bin/test-tokenizer-1-llama
[ 59%] Linking CXX executable ../../bin/baby-llama
[ 60%] Building CXX object examples/perplexity/CMakeFiles/perplexity.dir/perplexity.cpp.o
[ 61%] Building CXX object examples/llava/CMakeFiles/llava-cli.dir/llava-cli.cpp.o
[ 62%] Building CXX object examples/save-load-state/CMakeFiles/save-load-state.dir/save-load-state.cpp.o
[ 63%] Building CXX object examples/llama-bench/CMakeFiles/llama-bench.dir/llama-bench.cpp.o
[ 64%] Building CXX object examples/tokenize/CMakeFiles/tokenize.dir/tokenize.cpp.o
[ 64%] Linking CXX executable ../bin/test-backend-ops
[ 65%] Building CXX object examples/speculative/CMakeFiles/speculative.dir/speculative.cpp.o
[ 66%] Building CXX object examples/parallel/CMakeFiles/parallel.dir/parallel.cpp.o
[ 66%] Linking CXX executable ../bin/test-sampling
[ 67%] Linking CXX executable ../../bin/batched-bench
[ 68%] Linking CXX executable ../../bin/embedding
[ 69%] Building CXX object examples/main/CMakeFiles/main.dir/main.cpp.o
[ 70%] Building CXX object examples/lookahead/CMakeFiles/lookahead.dir/lookahead.cpp.o
[ 71%] Linking CXX executable ../bin/test-quantize-fns
[ 71%] Linking CXX executable ../bin/test-chat-template
[ 71%] Linking CXX executable ../bin/test-tokenizer-1-bpe
[ 72%] Linking CXX executable ../../bin/batched
[ 74%] Linking CXX executable ../bin/test-tokenizer-0-llama
[ 74%] Building CXX object examples/lookup/CMakeFiles/lookup.dir/lookup.cpp.o
[ 75%] Building CXX object examples/export-lora/CMakeFiles/export-lora.dir/export-lora.cpp.o
[ 76%] Linking CXX executable ../../bin/beam-search
[ 77%] Linking CXX executable ../../bin/convert-llama2c-to-ggml
[ 77%] Building CXX object examples/simple/CMakeFiles/simple.dir/simple.cpp.o
[ 78%] Linking CXX executable ../bin/test-llama-grammar
[ 79%] Linking CXX executable ../../bin/finetune
[ 80%] Building CXX object examples/imatrix/CMakeFiles/imatrix.dir/imatrix.cpp.o
[ 81%] Linking CXX executable ../bin/test-tokenizer-0-falcon
[ 82%] Linking CXX executable ../../bin/infill
[ 83%] Building CXX object examples/train-text-from-scratch/CMakeFiles/train-text-from-scratch.dir/train-text-from-scratch.cpp.o
[ 84%] Building CXX object examples/server/CMakeFiles/server.dir/server.cpp.o
[ 84%] Building CXX object examples/passkey/CMakeFiles/passkey.dir/passkey.cpp.o
[ 85%] Linking CXX executable ../../bin/speculative
[ 86%] Linking CXX executable ../../bin/parallel
[ 87%] Linking CXX executable ../bin/test-quantize-perf
[ 87%] Linking CXX executable ../../bin/lookup
[ 87%] Linking CXX executable ../../bin/llama-bench
[ 88%] Building CXX object pocs/vdot/CMakeFiles/q8dot.dir/q8dot.cpp.o
[ 89%] Linking CXX executable ../../bin/llava-cli
[ 90%] Building CXX object pocs/vdot/CMakeFiles/vdot.dir/vdot.cpp.o
[ 91%] Linking CXX executable ../../bin/save-load-state
[ 92%] Linking CXX executable ../../bin/lookahead
[ 93%] Linking CXX executable ../../bin/train-text-from-scratch
[ 94%] Linking CXX executable ../../bin/perplexity
[ 95%] Linking CXX executable ../../bin/simple
[ 95%] Linking CXX executable ../../bin/tokenize
[ 96%] Linking CXX executable ../../bin/main
[ 96%] Linking CXX executable ../../bin/export-lora
[ 97%] Linking CXX executable ../../bin/passkey
[ 99%] Linking CXX executable ../../bin/imatrix
[ 99%] Linking CXX executable ../../bin/vdot
[ 99%] Linking CXX executable ../../bin/q8dot
[100%] Linking CXX executable ../../bin/server
[100%] Built target test-grammar-parser
[100%] Built target test-rope
[100%] Built target batched-bench
[100%] Built target test-backend-ops
[100%] Built target test-grad0
[100%] Built target test-tokenizer-0-llama
[100%] Built target test-model-load-cancel
[100%] Built target infill
[100%] Built target test-quantize-fns
[100%] Built target embedding
[100%] Built target baby-llama
[100%] Built target test-autorelease
[100%] Built target parallel
[100%] Built target test-llama-grammar
[100%] Built target test-quantize-perf
[100%] Built target llama-bench
[100%] Built target test-sampling
[100%] Built target lookup
[100%] Built target export-lora
[100%] Built target finetune
[100%] Built target vdot
[100%] Built target test-chat-template
[100%] Built target batched
[100%] Built target speculative
[100%] Built target imatrix
[100%] Built target convert-llama2c-to-ggml
[100%] Built target beam-search
[100%] Built target test-tokenizer-1-llama
[100%] Built target llava-cli
[100%] Built target train-text-from-scratch
[100%] Built target perplexity
[100%] Built target main
[100%] Built target lookahead
[100%] Built target simple
[100%] Built target test-tokenizer-1-bpe
[100%] Built target save-load-state
[100%] Built target passkey
[100%] Built target tokenize
[100%] Built target server
[100%] Built target q8dot
[100%] Built target test-tokenizer-0-falcon
[100%] Built target ggml-metal

real	0m3.346s
user	0m12.403s
sys	0m3.983s
+ ctest --output-on-failure -L main -E test-opt
Test project /Users/ggml/work/llama.cpp/build-ci-debug
      Start  1: test-quantize-fns
 1/21 Test  #1: test-quantize-fns ...................   Passed   14.33 sec
      Start  2: test-quantize-perf
 2/21 Test  #2: test-quantize-perf ..................   Passed   10.36 sec
      Start  3: test-sampling
 3/21 Test  #3: test-sampling .......................   Passed    0.23 sec
      Start  4: test-chat-template
 4/21 Test  #4: test-chat-template ..................   Passed    0.20 sec
      Start  5: test-tokenizer-0-llama
 5/21 Test  #5: test-tokenizer-0-llama ..............   Passed    0.35 sec
      Start  6: test-tokenizer-0-falcon
 6/21 Test  #6: test-tokenizer-0-falcon .............   Passed    1.00 sec
      Start  7: test-tokenizer-1-llama
 7/21 Test  #7: test-tokenizer-1-llama ..............   Passed    3.20 sec
      Start  8: test-tokenizer-1-baichuan
 8/21 Test  #8: test-tokenizer-1-baichuan ...........   Passed    3.29 sec
      Start  9: test-tokenizer-1-falcon
 9/21 Test  #9: test-tokenizer-1-falcon .............   Passed    6.15 sec
      Start 10: test-tokenizer-1-aquila
10/21 Test #10: test-tokenizer-1-aquila .............   Passed    8.57 sec
      Start 11: test-tokenizer-1-mpt
11/21 Test #11: test-tokenizer-1-mpt ................   Passed    4.95 sec
      Start 12: test-tokenizer-1-stablelm-3b-4e1t
12/21 Test #12: test-tokenizer-1-stablelm-3b-4e1t ...   Passed    4.93 sec
      Start 13: test-tokenizer-1-gpt-neox
13/21 Test #13: test-tokenizer-1-gpt-neox ...........   Passed    4.95 sec
      Start 14: test-tokenizer-1-refact
14/21 Test #14: test-tokenizer-1-refact .............   Passed    4.73 sec
      Start 15: test-tokenizer-1-starcoder
15/21 Test #15: test-tokenizer-1-starcoder ..........   Passed    4.73 sec
      Start 16: test-tokenizer-1-gpt2
16/21 Test #16: test-tokenizer-1-gpt2 ...............   Passed    4.98 sec
      Start 17: test-grammar-parser
17/21 Test #17: test-grammar-parser .................   Passed    0.18 sec
      Start 18: test-llama-grammar
18/21 Test #18: test-llama-grammar ..................   Passed    0.21 sec
      Start 19: test-grad0
19/21 Test #19: test-grad0 ..........................   Passed    0.84 sec
      Start 20: test-backend-ops
20/21 Test #20: test-backend-ops ....................   Passed  155.11 sec
      Start 21: test-rope
21/21 Test #21: test-rope ...........................   Passed    0.37 sec

100% tests passed, 0 tests failed out of 21

Label Time Summary:
main    = 233.67 sec*proc (21 tests)

Total Test time (real) = 233.68 sec

real	3m53.696s
user	6m11.774s
sys	0m8.203s
