+ cmake -DCMAKE_BUILD_TYPE=Debug ..
-- The C compiler identification is GNU 11.3.0
-- The CXX compiler identification is GNU 11.3.0
-- Detecting C compiler ABI info
-- Detecting C compiler ABI info - done
-- Check for working C compiler: /usr/bin/cc - skipped
-- Detecting C compile features
-- Detecting C compile features - done
-- Detecting CXX compiler ABI info
-- Detecting CXX compiler ABI info - done
-- Check for working CXX compiler: /usr/bin/c++ - skipped
-- Detecting CXX compile features
-- Detecting CXX compile features - done
-- Found Git: /usr/bin/git (found version "2.34.1") 
-- Looking for pthread.h
-- Looking for pthread.h - found
-- Performing Test CMAKE_HAVE_LIBC_PTHREAD
-- Performing Test CMAKE_HAVE_LIBC_PTHREAD - Success
-- Found Threads: TRUE  
-- CMAKE_SYSTEM_PROCESSOR: x86_64
-- x86 detected
-- Configuring done
-- Generating done
-- Build files have been written to: /home/ggml/work/llama.cpp/build-ci-debug

real	0m0.387s
user	0m0.268s
sys	0m0.099s
+ make -j
[  2%] Built target BUILD_INFO
[  6%] Building C object CMakeFiles/ggml.dir/ggml.c.o
[  6%] Building C object CMakeFiles/ggml.dir/k_quants.c.o
[  6%] Built target ggml
[ 10%] Building CXX object CMakeFiles/llama.dir/llama.cpp.o
[ 10%] Linking C static library libggml_static.a
[ 10%] Built target ggml_static
[ 12%] Linking CXX static library libllama.a
[ 12%] Built target llama
[ 14%] Building CXX object tests/CMakeFiles/test-quantize-fns.dir/test-quantize-fns.cpp.o
[ 19%] Building CXX object tests/CMakeFiles/test-tokenizer-0.dir/test-tokenizer-0.cpp.o
[ 19%] Building CXX object tests/CMakeFiles/test-quantize-perf.dir/test-quantize-perf.cpp.o
[ 21%] Building CXX object tests/CMakeFiles/test-sampling.dir/test-sampling.cpp.o
[ 23%] Building C object tests/CMakeFiles/test-grad0.dir/test-grad0.c.o
[ 27%] Building CXX object examples/CMakeFiles/common.dir/common.cpp.o
[ 27%] Building CXX object examples/quantize/CMakeFiles/quantize.dir/quantize.cpp.o
[ 29%] Building CXX object examples/quantize-stats/CMakeFiles/quantize-stats.dir/quantize-stats.cpp.o
[ 31%] Linking CXX executable ../bin/test-grad0
[ 31%] Built target test-grad0
[ 34%] Linking CXX executable ../../bin/quantize
[ 36%] Linking CXX executable ../bin/test-quantize-fns
[ 36%] Built target test-quantize-fns
[ 36%] Built target quantize
[ 38%] Linking CXX executable ../bin/test-tokenizer-0
[ 40%] Linking CXX executable ../bin/test-sampling
[ 40%] Built target test-sampling
[ 40%] Built target test-tokenizer-0
[ 42%] Linking CXX executable ../bin/test-quantize-perf
[ 42%] Built target test-quantize-perf
[ 42%] Built target common
[ 44%] Building CXX object examples/main/CMakeFiles/main.dir/main.cpp.o
[ 46%] Building CXX object examples/perplexity/CMakeFiles/perplexity.dir/perplexity.cpp.o
[ 48%] Building CXX object examples/embedding/CMakeFiles/embedding.dir/embedding.cpp.o
[ 51%] Building CXX object examples/save-load-state/CMakeFiles/save-load-state.dir/save-load-state.cpp.o
[ 53%] Building CXX object examples/benchmark/CMakeFiles/benchmark.dir/benchmark-matmult.cpp.o
[ 55%] Building CXX object examples/baby-llama/CMakeFiles/baby-llama.dir/baby-llama.cpp.o
[ 57%] Building CXX object examples/train-text-from-scratch/CMakeFiles/train-text-from-scratch.dir/train-text-from-scratch.cpp.o
[ 59%] Building CXX object examples/simple/CMakeFiles/simple.dir/simple.cpp.o
[ 61%] Building CXX object examples/embd-input/CMakeFiles/embdinput.dir/embd-input-lib.cpp.o
[ 63%] Building CXX object examples/server/CMakeFiles/server.dir/server.cpp.o
[ 65%] Building CXX object pocs/vdot/CMakeFiles/vdot.dir/vdot.cpp.o
[ 68%] Building CXX object pocs/vdot/CMakeFiles/q8dot.dir/q8dot.cpp.o
/home/ggml/work/llama.cpp/examples/baby-llama/baby-llama.cpp: In function ‘int main(int, char**)’:
/home/ggml/work/llama.cpp/examples/baby-llama/baby-llama.cpp:1614:32: warning: variable ‘opt_params_adam’ set but not used [-Wunused-but-set-variable]
 1614 |         struct ggml_opt_params opt_params_adam = ggml_opt_default_params(GGML_OPT_ADAM);
      |                                ^~~~~~~~~~~~~~~
[ 70%] Linking CXX executable ../../bin/embedding
[ 72%] Linking CXX executable ../../bin/baby-llama
[ 74%] Linking CXX executable ../../bin/save-load-state
[ 76%] Linking CXX executable ../../bin/perplexity
[ 78%] Linking CXX executable ../../bin/q8dot
[ 80%] Linking CXX executable ../../bin/benchmark
[ 82%] Linking CXX executable ../../bin/vdot
[ 85%] Built target save-load-state
[ 85%] Linking CXX executable ../../bin/simple
[ 85%] Built target embedding
[ 85%] Built target baby-llama
[ 87%] Linking CXX static library libembdinput.a
[ 87%] Built target q8dot
[ 87%] Built target perplexity
[ 87%] Built target benchmark
[ 87%] Built target embdinput
[ 89%] Linking CXX executable ../../bin/main
[ 91%] Building CXX object examples/embd-input/CMakeFiles/embd-input-test.dir/embd-input-test.cpp.o
[ 91%] Built target vdot
[ 91%] Built target simple
[ 91%] Built target main
[ 93%] Linking CXX executable ../../bin/embd-input-test
[ 95%] Linking CXX executable ../../bin/train-text-from-scratch
[ 97%] Linking CXX executable ../../bin/quantize-stats
In file included from /usr/include/c++/11/cassert:44,
                 from /home/ggml/work/llama.cpp/examples/server/json.hpp:2541,
                 from /home/ggml/work/llama.cpp/examples/server/server.cpp:11:
/home/ggml/work/llama.cpp/examples/server/server.cpp: In function ‘json format_timings(llama_server_context&)’:
/home/ggml/work/llama.cpp/examples/server/server.cpp:932:27: warning: comparison of integer expressions of different signedness: ‘const int32_t’ {aka ‘const int’} and ‘size_t’ {aka ‘long unsigned int’} [-Wsign-compare]
  932 |     assert(timings.n_eval == llama.num_tokens_predicted);
      |            ~~~~~~~~~~~~~~~^~~~~~~~~~~~~~~~~~~~~~~~~~~~~
[ 97%] Built target embd-input-test
[ 97%] Built target train-text-from-scratch
[ 97%] Built target quantize-stats
[100%] Linking CXX executable ../../bin/server
[100%] Built target server

real	0m14.650s
user	0m29.855s
sys	0m2.682s
+ ctest --output-on-failure -E test-opt
Test project /home/ggml/work/llama.cpp/build-ci-debug
    Start 1: test-quantize-fns
1/5 Test #1: test-quantize-fns ................   Passed    0.01 sec
    Start 2: test-quantize-perf
2/5 Test #2: test-quantize-perf ...............   Passed    0.04 sec
    Start 3: test-sampling
3/5 Test #3: test-sampling ....................   Passed    0.00 sec
    Start 4: test-tokenizer-0
4/5 Test #4: test-tokenizer-0 .................   Passed    0.02 sec
    Start 5: test-grad0
5/5 Test #5: test-grad0 .......................   Passed    2.80 sec

100% tests passed, 0 tests failed out of 5

Total Test time (real) =   2.88 sec

real	0m2.885s
user	0m3.275s
sys	0m3.352s
