+ cmake -DCMAKE_BUILD_TYPE=Release ..
CMake Deprecation Warning at CMakeLists.txt:1 (cmake_minimum_required):
  Compatibility with CMake < 3.5 will be removed from a future version of
  CMake.

  Update the VERSION argument <min> value or use a ...<max> suffix to tell
  CMake that the project does not need compatibility with older versions.


-- The C compiler identification is GNU 11.4.0
-- The CXX compiler identification is GNU 11.4.0
-- Detecting C compiler ABI info
-- Detecting C compiler ABI info - done
-- Check for working C compiler: /usr/bin/cc - skipped
-- Detecting C compile features
-- Detecting C compile features - done
-- Detecting CXX compiler ABI info
-- Detecting CXX compiler ABI info - done
-- Check for working CXX compiler: /usr/bin/c++ - skipped
-- Detecting CXX compile features
-- Detecting CXX compile features - done
-- Found Git: /usr/bin/git (found version "2.34.1") 
-- Performing Test CMAKE_HAVE_LIBC_PTHREAD
-- Performing Test CMAKE_HAVE_LIBC_PTHREAD - Success
-- Found Threads: TRUE  
-- CMAKE_SYSTEM_PROCESSOR: x86_64
-- x86 detected
-- Linux detected
-- x86 detected
-- Linux detected
-- Configuring done (0.4s)
-- Generating done (0.1s)
-- Build files have been written to: /home/ggml/work/ggml/build-ci-release

real	0m0.540s
user	0m0.389s
sys	0m0.156s
+ make -j
[  1%] Building C object src/CMakeFiles/ggml.dir/ggml.c.o
[  2%] Building CXX object examples/CMakeFiles/common.dir/common.cpp.o
In file included from /usr/include/string.h:535,
                 from /home/ggml/work/ggml/src/ggml.c:21:
In function ‘memcpy’,
    inlined from ‘ggml_set_op_params’ at /home/ggml/work/ggml/src/ggml.c:4642:5,
    inlined from ‘ggml_conv_1d’ at /home/ggml/work/ggml/src/ggml.c:6883:5:
/usr/include/x86_64-linux-gnu/bits/string_fortified.h:29:10: warning: ‘__builtin_memcpy’ offset [0, 11] is out of the bounds [0, 0] [-Warray-bounds]
   29 |   return __builtin___memcpy_chk (__dest, __src, __len,
      |          ^~~~~~~~~~~~~~~~~~~~~~~~~~~~~~~~~~~~~~~~~~~~~
   30 |                                  __glibc_objsize0 (__dest));
      |                                  ~~~~~~~~~~~~~~~~~~~~~~~~~~
In function ‘memcpy’,
    inlined from ‘ggml_set_op_params’ at /home/ggml/work/ggml/src/ggml.c:4642:5,
    inlined from ‘ggml_conv_2d’ at /home/ggml/work/ggml/src/ggml.c:6923:5:
/usr/include/x86_64-linux-gnu/bits/string_fortified.h:29:10: warning: ‘__builtin_memcpy’ offset [0, 23] is out of the bounds [0, 0] [-Warray-bounds]
   29 |   return __builtin___memcpy_chk (__dest, __src, __len,
      |          ^~~~~~~~~~~~~~~~~~~~~~~~~~~~~~~~~~~~~~~~~~~~~
   30 |                                  __glibc_objsize0 (__dest));
      |                                  ~~~~~~~~~~~~~~~~~~~~~~~~~~
In function ‘memcpy’,
    inlined from ‘ggml_set_op_params’ at /home/ggml/work/ggml/src/ggml.c:4642:5,
    inlined from ‘ggml_conv_1d’ at /home/ggml/work/ggml/src/ggml.c:6883:5,
    inlined from ‘ggml_conv_1d_ph’ at /home/ggml/work/ggml/src/ggml.c:6942:12:
/usr/include/x86_64-linux-gnu/bits/string_fortified.h:29:10: warning: ‘__builtin_memcpy’ offset [0, 11] is out of the bounds [0, 0] [-Warray-bounds]
   29 |   return __builtin___memcpy_chk (__dest, __src, __len,
      |          ^~~~~~~~~~~~~~~~~~~~~~~~~~~~~~~~~~~~~~~~~~~~~
   30 |                                  __glibc_objsize0 (__dest));
      |                                  ~~~~~~~~~~~~~~~~~~~~~~~~~~
In function ‘memcpy’,
    inlined from ‘ggml_set_op_params’ at /home/ggml/work/ggml/src/ggml.c:4642:5,
    inlined from ‘ggml_pool_2d’ at /home/ggml/work/ggml/src/ggml.c:7015:5:
/usr/include/x86_64-linux-gnu/bits/string_fortified.h:29:10: warning: ‘__builtin_memcpy’ offset [0, 27] is out of the bounds [0, 0] [-Warray-bounds]
   29 |   return __builtin___memcpy_chk (__dest, __src, __len,
      |          ^~~~~~~~~~~~~~~~~~~~~~~~~~~~~~~~~~~~~~~~~~~~~
   30 |                                  __glibc_objsize0 (__dest));
      |                                  ~~~~~~~~~~~~~~~~~~~~~~~~~~
In function ‘memcpy’,
    inlined from ‘ggml_set_op_params’ at /home/ggml/work/ggml/src/ggml.c:4642:5,
    inlined from ‘ggml_win_part’ at /home/ggml/work/ggml/src/ggml.c:7183:5:
/usr/include/x86_64-linux-gnu/bits/string_fortified.h:29:10: warning: ‘__builtin_memcpy’ offset [0, 11] is out of the bounds [0, 0] [-Warray-bounds]
   29 |   return __builtin___memcpy_chk (__dest, __src, __len,
      |          ^~~~~~~~~~~~~~~~~~~~~~~~~~~~~~~~~~~~~~~~~~~~~
   30 |                                  __glibc_objsize0 (__dest));
      |                                  ~~~~~~~~~~~~~~~~~~~~~~~~~~
[  4%] Linking CXX static library libcommon.a
[  4%] Built target common
[  5%] Linking C static library libggml.a
[  5%] Built target ggml
[  6%] Building C object tests/CMakeFiles/test-vec0.dir/test-vec0.c.o
[  8%] Building C object tests/CMakeFiles/test-vec1.dir/test-vec1.c.o
[  9%] Building C object tests/CMakeFiles/test-grad0.dir/test-grad0.c.o
[ 10%] Building C object tests/CMakeFiles/test-opt.dir/test-opt.c.o
[ 12%] Building CXX object tests/CMakeFiles/test-quantize-fns.dir/test-quantize-fns.cpp.o
[ 13%] Building CXX object tests/CMakeFiles/test-quantize-perf.dir/test-quantize-perf.cpp.o
[ 14%] Building C object tests/CMakeFiles/test-mul-mat0.dir/test-mul-mat0.c.o
[ 16%] Building C object tests/CMakeFiles/test-mul-mat2.dir/test-mul-mat2.c.o
[ 17%] Building C object tests/CMakeFiles/test0.dir/test0.c.o
[ 18%] Building C object tests/CMakeFiles/test1.dir/test1.c.o
[ 20%] Building C object tests/CMakeFiles/test2.dir/test2.c.o
[ 21%] Linking C executable ../bin/test-vec0
[ 22%] Linking C executable ../bin/test-opt
[ 24%] Building C object tests/CMakeFiles/test-customop.dir/test-customop.c.o
[ 25%] Building C object tests/CMakeFiles/test3.dir/test3.c.o
[ 27%] Building CXX object examples/CMakeFiles/common-ggml.dir/common-ggml.cpp.o
[ 28%] Building C object tests/CMakeFiles/test-pool.dir/test-pool.c.o
[ 29%] Building CXX object examples/whisper/CMakeFiles/whisper-cpp.dir/whisper.cpp.o
[ 31%] Linking C executable ../bin/test0
[ 32%] Building CXX object examples/mnist/CMakeFiles/mnist-cpu.dir/main-cpu.cpp.o
[ 32%] Built target test-vec0
[ 33%] Building CXX object examples/mnist/CMakeFiles/mnist.dir/main.cpp.o
[ 33%] Built target test-opt
[ 35%] Linking C executable ../bin/test2
[ 36%] Linking C executable ../bin/test3
[ 36%] Built target test0
[ 37%] Linking C executable ../bin/test1
[ 39%] Linking C executable ../bin/test-mul-mat0
[ 40%] Linking C executable ../bin/test-pool
[ 40%] Built target test2
[ 40%] Built target test3
[ 41%] Linking C executable ../bin/test-customop
[ 41%] Built target test1
[ 41%] Built target test-pool
[ 41%] Built target test-mul-mat0
[ 41%] Built target test-customop
[ 43%] Linking CXX executable ../../bin/mnist-cpu
[ 44%] Linking CXX executable ../bin/test-quantize-fns
[ 44%] Built target mnist-cpu
[ 45%] Linking C executable ../bin/test-vec1
[ 47%] Linking C executable ../bin/test-grad0
[ 47%] Built target test-vec1
[ 47%] Built target test-quantize-fns
[ 47%] Built target test-grad0
[ 48%] Linking C executable ../bin/test-mul-mat2
[ 48%] Built target test-mul-mat2
[ 50%] Linking CXX executable ../../bin/mnist
[ 50%] Built target mnist
[ 51%] Linking CXX executable ../bin/test-quantize-perf
[ 51%] Built target test-quantize-perf
[ 52%] Linking CXX static library libcommon-ggml.a
[ 52%] Built target common-ggml
[ 54%] Building CXX object examples/gpt-2/CMakeFiles/gpt-2.dir/main.cpp.o
[ 55%] Building CXX object examples/gpt-2/CMakeFiles/gpt-2-quantize.dir/quantize.cpp.o
[ 56%] Building CXX object examples/gpt-j/CMakeFiles/gpt-j.dir/main.cpp.o
[ 58%] Building CXX object examples/whisper/CMakeFiles/whisper-quantize.dir/quantize.cpp.o
[ 59%] Building CXX object examples/gpt-neox/CMakeFiles/gpt-neox.dir/main.cpp.o
[ 60%] Building CXX object examples/gpt-j/CMakeFiles/gpt-j-quantize.dir/quantize.cpp.o
[ 62%] Building CXX object examples/gpt-neox/CMakeFiles/gpt-neox-quantize.dir/quantize.cpp.o
[ 63%] Building CXX object examples/dolly-v2/CMakeFiles/dollyv2.dir/main.cpp.o
[ 64%] Building CXX object examples/dolly-v2/CMakeFiles/dollyv2-quantize.dir/quantize.cpp.o
[ 66%] Building CXX object examples/replit/CMakeFiles/replit.dir/main.cpp.o
[ 67%] Building CXX object examples/replit/CMakeFiles/replit-quantize.dir/quantize.cpp.o
[ 68%] Building CXX object examples/mpt/CMakeFiles/mpt.dir/main.cpp.o
[ 71%] Building CXX object examples/mpt/CMakeFiles/mpt-quantize.dir/quantize.cpp.o
[ 71%] Building CXX object examples/starcoder/CMakeFiles/starcoder.dir/main.cpp.o
[ 72%] Building CXX object examples/starcoder/CMakeFiles/starcoder-mmap.dir/starcoder-mmap.cpp.o
[ 74%] Building CXX object examples/starcoder/CMakeFiles/starcoder-quantize.dir/quantize.cpp.o
[ 75%] Linking CXX executable ../../bin/gpt-2-quantize
[ 77%] Linking CXX executable ../../bin/replit-quantize
[ 77%] Built target gpt-2-quantize
[ 78%] Linking CXX executable ../../bin/mpt-quantize
[ 78%] Built target replit-quantize
[ 79%] Linking CXX executable ../../bin/whisper-quantize
[ 81%] Linking CXX executable ../../bin/gpt-j-quantize
[ 82%] Linking CXX executable ../../bin/gpt-neox-quantize
[ 83%] Linking CXX executable ../../bin/starcoder-quantize
[ 83%] Built target mpt-quantize
[ 85%] Linking CXX executable ../../bin/dollyv2-quantize
[ 85%] Built target whisper-quantize
[ 85%] Built target gpt-j-quantize
[ 85%] Built target gpt-neox-quantize
[ 85%] Built target starcoder-quantize
[ 85%] Built target dollyv2-quantize
[ 86%] Linking CXX executable ../../bin/gpt-j
[ 86%] Built target gpt-j
[ 87%] Linking CXX executable ../../bin/starcoder-mmap
[ 89%] Linking CXX executable ../../bin/gpt-neox
[ 90%] Linking CXX executable ../../bin/dollyv2
[ 90%] Built target starcoder-mmap
[ 91%] Linking CXX executable ../../bin/starcoder
[ 91%] Built target gpt-neox
[ 91%] Built target dollyv2
[ 93%] Linking CXX executable ../../bin/gpt-2
[ 93%] Built target starcoder
[ 93%] Built target gpt-2
[ 94%] Linking CXX executable ../../bin/replit
[ 94%] Built target replit
[ 95%] Linking CXX executable ../../bin/mpt
[ 95%] Built target mpt
[ 97%] Linking CXX static library libwhisper-cpp.a
[ 97%] Built target whisper-cpp
[ 98%] Building CXX object examples/whisper/CMakeFiles/whisper.dir/main.cpp.o
[100%] Linking CXX executable ../../bin/whisper
[100%] Built target whisper

real	0m23.990s
user	1m2.817s
sys	0m3.610s
+ ctest --output-on-failure
Test project /home/ggml/work/ggml/build-ci-release
      Start  1: test-grad0
 1/12 Test  #1: test-grad0 .......................   Passed    4.59 sec
      Start  2: test-opt
 2/12 Test  #2: test-opt .........................   Passed    1.97 sec
      Start  3: test-quantize-fns
 3/12 Test  #3: test-quantize-fns ................   Passed    0.00 sec
      Start  4: test-quantize-perf
 4/12 Test  #4: test-quantize-perf ...............   Passed    0.01 sec
      Start  5: test-mul-mat0
 5/12 Test  #5: test-mul-mat0 ....................   Passed    0.54 sec
      Start  6: test-mul-mat2
 6/12 Test  #6: test-mul-mat2 ....................   Passed    2.74 sec
      Start  7: test0
 7/12 Test  #7: test0 ............................   Passed    0.00 sec
      Start  8: test1
 8/12 Test  #8: test1 ............................   Passed    0.01 sec
      Start  9: test2
 9/12 Test  #9: test2 ............................   Passed   16.48 sec
      Start 10: test3
10/12 Test #10: test3 ............................   Passed    0.90 sec
      Start 11: test-pool
11/12 Test #11: test-pool ........................   Passed    0.01 sec
      Start 12: test-customop
12/12 Test #12: test-customop ....................   Passed    0.00 sec

100% tests passed, 0 tests failed out of 12

Total Test time (real) =  27.26 sec

real	0m27.296s
user	1m52.934s
sys	0m5.584s
