mkdir: cannot create directory ‘/mnt/llama.cpp’: Permission denied
rm: cannot remove '/home/ggml/results/llama.cpp/1f/c2f265ff9377a37fd2c61eae9cd813a3491bea/ggml-1-arm64-cpu-low-perf/*.log': No such file or directory
rm: cannot remove '/home/ggml/results/llama.cpp/1f/c2f265ff9377a37fd2c61eae9cd813a3491bea/ggml-1-arm64-cpu-low-perf/*.exit': No such file or directory
rm: cannot remove '/home/ggml/results/llama.cpp/1f/c2f265ff9377a37fd2c61eae9cd813a3491bea/ggml-1-arm64-cpu-low-perf/*.md': No such file or directory
+ gg_run_ctest_debug
+ cd /home/ggml/work/llama.cpp
+ rm -rf build-ci-debug
+ tee /home/ggml/results/llama.cpp/1f/c2f265ff9377a37fd2c61eae9cd813a3491bea/ggml-1-arm64-cpu-low-perf/ctest_debug.log
+ mkdir build-ci-debug
+ cd build-ci-debug
+ set -e
+ tee -a /home/ggml/results/llama.cpp/1f/c2f265ff9377a37fd2c61eae9cd813a3491bea/ggml-1-arm64-cpu-low-perf/ctest_debug-cmake.log
+ cmake -DCMAKE_BUILD_TYPE=Debug ..
-- The C compiler identification is GNU 11.4.0
-- The CXX compiler identification is GNU 11.4.0
-- Detecting C compiler ABI info
-- Detecting C compiler ABI info - done
-- Check for working C compiler: /usr/bin/cc - skipped
-- Detecting C compile features
-- Detecting C compile features - done
-- Detecting CXX compiler ABI info
-- Detecting CXX compiler ABI info - done
-- Check for working CXX compiler: /usr/bin/c++ - skipped
-- Detecting CXX compile features
-- Detecting CXX compile features - done
-- Found Git: /usr/bin/git (found version "2.34.1") 
-- Looking for pthread.h
-- Looking for pthread.h - found
-- Performing Test CMAKE_HAVE_LIBC_PTHREAD
-- Performing Test CMAKE_HAVE_LIBC_PTHREAD - Success
-- Found Threads: TRUE  
-- CMAKE_SYSTEM_PROCESSOR: aarch64
-- ARM detected
-- Performing Test COMPILER_SUPPORTS_FP16_FORMAT_I3E
-- Performing Test COMPILER_SUPPORTS_FP16_FORMAT_I3E - Failed
-- Configuring done
-- Generating done
-- Build files have been written to: /home/ggml/work/llama.cpp/build-ci-debug

real	0m0.777s
user	0m0.408s
sys	0m0.372s
+ tee -a /home/ggml/results/llama.cpp/1f/c2f265ff9377a37fd2c61eae9cd813a3491bea/ggml-1-arm64-cpu-low-perf/ctest_debug-make.log
+ make -j
[  1%] Generating build details from Git
[  2%] Building C object CMakeFiles/ggml.dir/ggml-alloc.c.o
[  3%] Building C object CMakeFiles/ggml.dir/ggml.c.o
[  4%] Building C object CMakeFiles/ggml.dir/ggml-backend.c.o
-- Found Git: /usr/bin/git (found version "2.34.1") 
[  5%] Building C object CMakeFiles/ggml.dir/ggml-quants.c.o
[  6%] Building CXX object common/CMakeFiles/build_info.dir/build-info.cpp.o
[  6%] Built target build_info
[  6%] Built target ggml
[  8%] Linking C static library libggml_static.a
[  8%] Building CXX object CMakeFiles/llama.dir/llama.cpp.o
[  8%] Built target ggml_static
[  9%] Linking CXX static library libllama.a
[  9%] Built target llama
[ 10%] Building CXX object examples/quantize-stats/CMakeFiles/quantize-stats.dir/quantize-stats.cpp.o
[ 12%] Building CXX object examples/benchmark/CMakeFiles/benchmark.dir/benchmark-matmult.cpp.o
[ 12%] Building CXX object common/CMakeFiles/common.dir/common.cpp.o
[ 13%] Building CXX object common/CMakeFiles/common.dir/sampling.cpp.o
[ 14%] Building C object tests/CMakeFiles/test-c.dir/test-c.c.o
[ 15%] Building CXX object common/CMakeFiles/common.dir/console.cpp.o
[ 16%] Building CXX object examples/llava/CMakeFiles/llava.dir/llava.cpp.o
[ 18%] Building CXX object examples/quantize/CMakeFiles/quantize.dir/quantize.cpp.o
[ 18%] Building CXX object common/CMakeFiles/common.dir/grammar-parser.cpp.o
[ 19%] Building CXX object common/CMakeFiles/common.dir/train.cpp.o
[ 20%] Building CXX object examples/llava/CMakeFiles/llava.dir/clip.cpp.o
[ 21%] Linking CXX executable ../bin/test-c
[ 21%] Built target test-c
[ 22%] Linking CXX executable ../../bin/benchmark
[ 23%] Linking CXX executable ../../bin/quantize
[ 23%] Built target benchmark
[ 23%] Built target quantize
[ 24%] Linking CXX executable ../../bin/quantize-stats
[ 24%] Built target llava
[ 25%] Linking CXX static library libllava_static.a
[ 25%] Built target llava_static
[ 25%] Built target quantize-stats
[ 26%] Linking CXX static library libcommon.a
[ 26%] Built target common
[ 27%] Building CXX object tests/CMakeFiles/test-sampling.dir/test-sampling.cpp.o
[ 29%] Building CXX object tests/CMakeFiles/test-tokenizer-1-bpe.dir/test-tokenizer-1-bpe.cpp.o
[ 29%] Building CXX object tests/CMakeFiles/test-quantize-fns.dir/test-quantize-fns.cpp.o
[ 30%] Building CXX object tests/CMakeFiles/test-tokenizer-1-llama.dir/test-tokenizer-1-llama.cpp.o
[ 31%] Building CXX object tests/CMakeFiles/test-quantize-perf.dir/test-quantize-perf.cpp.o
[ 33%] Building CXX object tests/CMakeFiles/test-tokenizer-0-llama.dir/test-tokenizer-0-llama.cpp.o
[ 32%] Building CXX object tests/CMakeFiles/test-tokenizer-0-falcon.dir/test-tokenizer-0-falcon.cpp.o
[ 34%] Building CXX object tests/CMakeFiles/test-grammar-parser.dir/test-grammar-parser.cpp.o
[ 35%] Building CXX object tests/CMakeFiles/test-grad0.dir/test-grad0.cpp.o
[ 36%] Building CXX object tests/CMakeFiles/test-llama-grammar.dir/test-llama-grammar.cpp.o
[ 37%] Building CXX object tests/CMakeFiles/test-backend-ops.dir/test-backend-ops.cpp.o
[ 38%] Building CXX object examples/baby-llama/CMakeFiles/baby-llama.dir/baby-llama.cpp.o
[ 39%] Building CXX object tests/CMakeFiles/test-rope.dir/test-rope.cpp.o
[ 40%] Building CXX object examples/batched/CMakeFiles/batched.dir/batched.cpp.o
[ 41%] Building CXX object examples/convert-llama2c-to-ggml/CMakeFiles/convert-llama2c-to-ggml.dir/convert-llama2c-to-ggml.cpp.o
[ 42%] Building CXX object examples/batched-bench/CMakeFiles/batched-bench.dir/batched-bench.cpp.o
[ 43%] Building CXX object examples/embedding/CMakeFiles/embedding.dir/embedding.cpp.o
[ 44%] Building CXX object examples/beam-search/CMakeFiles/beam-search.dir/beam-search.cpp.o
[ 45%] Building CXX object examples/finetune/CMakeFiles/finetune.dir/finetune.cpp.o
[ 46%] Building CXX object examples/infill/CMakeFiles/infill.dir/infill.cpp.o
[ 47%] Building CXX object examples/llama-bench/CMakeFiles/llama-bench.dir/llama-bench.cpp.o
[ 48%] Building CXX object examples/llava/CMakeFiles/llava-cli.dir/llava-cli.cpp.o
[ 49%] Building CXX object examples/main/CMakeFiles/main.dir/main.cpp.o
[ 50%] Building CXX object examples/tokenize/CMakeFiles/tokenize.dir/tokenize.cpp.o
[ 51%] Building CXX object examples/parallel/CMakeFiles/parallel.dir/parallel.cpp.o
[ 52%] Building CXX object examples/save-load-state/CMakeFiles/save-load-state.dir/save-load-state.cpp.o
[ 53%] Building CXX object examples/simple/CMakeFiles/simple.dir/simple.cpp.o
[ 54%] Building CXX object examples/perplexity/CMakeFiles/perplexity.dir/perplexity.cpp.o
[ 55%] Building CXX object examples/passkey/CMakeFiles/passkey.dir/passkey.cpp.o
[ 57%] Building CXX object examples/speculative/CMakeFiles/speculative.dir/speculative.cpp.o
[ 56%] Building CXX object examples/lookahead/CMakeFiles/lookahead.dir/lookahead.cpp.o
[ 58%] Building CXX object examples/server/CMakeFiles/server.dir/server.cpp.o
[ 59%] Building CXX object examples/lookup/CMakeFiles/lookup.dir/lookup.cpp.o
[ 60%] Building CXX object examples/train-text-from-scratch/CMakeFiles/train-text-from-scratch.dir/train-text-from-scratch.cpp.o
[ 61%] Building CXX object pocs/vdot/CMakeFiles/vdot.dir/vdot.cpp.o
[ 62%] Building CXX object examples/export-lora/CMakeFiles/export-lora.dir/export-lora.cpp.o
[ 63%] Building CXX object pocs/vdot/CMakeFiles/q8dot.dir/q8dot.cpp.o
[ 64%] Linking CXX executable ../bin/test-grad0
[ 65%] Linking CXX executable ../bin/test-rope
[ 66%] Linking CXX executable ../bin/test-sampling
[ 66%] Built target test-grad0
[ 67%] Linking CXX executable ../bin/test-quantize-fns
[ 67%] Built target test-rope
[ 67%] Built target test-quantize-fns
[ 68%] Linking CXX executable ../bin/test-grammar-parser
[ 69%] Linking CXX executable ../../bin/baby-llama
[ 70%] Linking CXX executable ../../bin/q8dot
[ 70%] Built target test-sampling
[ 70%] Built target test-grammar-parser
[ 71%] Linking CXX executable ../bin/test-quantize-perf
[ 72%] Linking CXX executable ../../bin/tokenize
[ 72%] Built target q8dot
[ 73%] Linking CXX executable ../../bin/vdot
[ 73%] Built target test-quantize-perf
[ 74%] Linking CXX executable ../bin/test-tokenizer-0-llama
[ 75%] Linking CXX executable ../../bin/embedding
[ 75%] Built target vdot
[ 76%] Linking CXX executable ../../bin/beam-search
[ 77%] Linking CXX executable ../../bin/batched
[ 78%] Linking CXX executable ../../bin/simple
[ 79%] Linking CXX executable ../../bin/save-load-state
[ 80%] Linking CXX executable ../../bin/batched-bench
[ 81%] Linking CXX executable ../bin/test-tokenizer-0-falcon
[ 82%] Linking CXX executable ../../bin/llava-cli
[ 83%] Linking CXX executable ../../bin/passkey
[ 84%] Linking CXX executable ../../bin/lookup
[ 84%] Built target baby-llama
[ 85%] Linking CXX executable ../../bin/parallel
[ 87%] Linking CXX executable ../../bin/lookahead
[ 86%] Linking CXX executable ../../bin/export-lora
[ 88%] Linking CXX executable ../../bin/speculative
[ 88%] Built target tokenize
[ 89%] Linking CXX executable ../../bin/convert-llama2c-to-ggml
[ 90%] Linking CXX executable ../../bin/train-text-from-scratch
[ 91%] Linking CXX executable ../../bin/finetune
[ 91%] Built target export-lora
[ 92%] Linking CXX executable ../../bin/infill
[ 92%] Built target test-tokenizer-0-llama
[ 92%] Built target embedding
[ 92%] Built target convert-llama2c-to-ggml
[ 93%] Linking CXX executable ../../bin/perplexity
[ 93%] Built target save-load-state
[ 93%] Built target batched
[ 93%] Built target beam-search
[ 93%] Built target simple
[ 93%] Built target test-tokenizer-0-falcon
[ 93%] Built target batched-bench
[ 94%] Linking CXX executable ../../bin/main
[ 94%] Built target passkey
[ 95%] Linking CXX executable ../bin/test-tokenizer-1-llama
[ 95%] Built target llava-cli
[ 95%] Built target lookup
[ 96%] Linking CXX executable ../bin/test-tokenizer-1-bpe
[ 96%] Built target parallel
[ 97%] Linking CXX executable ../bin/test-backend-ops
[ 97%] Built target lookahead
[ 97%] Built target train-text-from-scratch
[ 97%] Built target speculative
[ 97%] Built target test-backend-ops
[ 97%] Built target finetune
[ 97%] Built target infill
[ 97%] Built target test-tokenizer-1-bpe
[ 97%] Built target perplexity
[ 97%] Built target main
[ 97%] Built target test-tokenizer-1-llama
[ 98%] Linking CXX executable ../../bin/llama-bench
[ 98%] Built target llama-bench
[ 99%] Linking CXX executable ../bin/test-llama-grammar
[ 99%] Built target test-llama-grammar
[100%] Linking CXX executable ../../bin/server
[100%] Built target server

real	0m44.514s
user	1m37.954s
sys	0m10.828s
+ tee -a /home/ggml/results/llama.cpp/1f/c2f265ff9377a37fd2c61eae9cd813a3491bea/ggml-1-arm64-cpu-low-perf/ctest_debug-ctest.log
+ ctest --output-on-failure -E test-opt
Test project /home/ggml/work/llama.cpp/build-ci-debug
      Start  1: test-quantize-fns
 1/20 Test  #1: test-quantize-fns ...................   Passed    0.04 sec
      Start  2: test-quantize-perf
 2/20 Test  #2: test-quantize-perf ..................   Passed    0.29 sec
      Start  3: test-sampling
 3/20 Test  #3: test-sampling .......................   Passed    0.00 sec
      Start  4: test-tokenizer-0-llama
 4/20 Test  #4: test-tokenizer-0-llama ..............   Passed    0.17 sec
      Start  5: test-tokenizer-0-falcon
 5/20 Test  #5: test-tokenizer-0-falcon .............   Passed    1.07 sec
      Start  6: test-tokenizer-1-llama
 6/20 Test  #6: test-tokenizer-1-llama ..............   Passed   16.98 sec
      Start  7: test-tokenizer-1-baichuan
 7/20 Test  #7: test-tokenizer-1-baichuan ...........   Passed   17.32 sec
      Start  8: test-tokenizer-1-falcon
 8/20 Test  #8: test-tokenizer-1-falcon .............   Passed   13.68 sec
      Start  9: test-tokenizer-1-aquila
 9/20 Test  #9: test-tokenizer-1-aquila .............   Passed   16.64 sec
      Start 10: test-tokenizer-1-mpt
10/20 Test #10: test-tokenizer-1-mpt ................   Passed   12.42 sec
      Start 11: test-tokenizer-1-stablelm-3b-4e1t
11/20 Test #11: test-tokenizer-1-stablelm-3b-4e1t ...   Passed   12.41 sec
      Start 12: test-tokenizer-1-gpt-neox
12/20 Test #12: test-tokenizer-1-gpt-neox ...........   Passed   12.43 sec
      Start 13: test-tokenizer-1-refact
13/20 Test #13: test-tokenizer-1-refact .............   Passed   12.27 sec
      Start 14: test-tokenizer-1-starcoder
14/20 Test #14: test-tokenizer-1-starcoder ..........   Passed   12.26 sec
      Start 15: test-tokenizer-1-gpt2
15/20 Test #15: test-tokenizer-1-gpt2 ...............   Passed   12.43 sec
      Start 16: test-grammar-parser
16/20 Test #16: test-grammar-parser .................   Passed    0.00 sec
      Start 17: test-llama-grammar
17/20 Test #17: test-llama-grammar ..................   Passed    0.00 sec
      Start 18: test-grad0
18/20 Test #18: test-grad0 ..........................   Passed    5.00 sec
      Start 19: test-backend-ops
19/20 Test #19: test-backend-ops ....................   Passed   44.19 sec
      Start 20: test-rope
20/20 Test #20: test-rope ...........................   Passed    0.08 sec

100% tests passed, 0 tests failed out of 20

Total Test time (real) = 189.69 sec

real	3m9.704s
user	4m5.907s
sys	0m18.565s
+ set +e
+ cur=0
+ echo 0
+ set +x
+ gg_run_ctest_release
+ tee /home/ggml/results/llama.cpp/1f/c2f265ff9377a37fd2c61eae9cd813a3491bea/ggml-1-arm64-cpu-low-perf/ctest_release.log
+ cd /home/ggml/work/llama.cpp
+ rm -rf build-ci-release
+ mkdir build-ci-release
+ cd build-ci-release
+ set -e
+ tee -a /home/ggml/results/llama.cpp/1f/c2f265ff9377a37fd2c61eae9cd813a3491bea/ggml-1-arm64-cpu-low-perf/ctest_release-cmake.log
+ cmake -DCMAKE_BUILD_TYPE=Release ..
-- The C compiler identification is GNU 11.4.0
-- The CXX compiler identification is GNU 11.4.0
-- Detecting C compiler ABI info
-- Detecting C compiler ABI info - done
-- Check for working C compiler: /usr/bin/cc - skipped
-- Detecting C compile features
-- Detecting C compile features - done
-- Detecting CXX compiler ABI info
-- Detecting CXX compiler ABI info - done
-- Check for working CXX compiler: /usr/bin/c++ - skipped
-- Detecting CXX compile features
-- Detecting CXX compile features - done
-- Found Git: /usr/bin/git (found version "2.34.1") 
-- Looking for pthread.h
-- Looking for pthread.h - found
-- Performing Test CMAKE_HAVE_LIBC_PTHREAD
-- Performing Test CMAKE_HAVE_LIBC_PTHREAD - Success
-- Found Threads: TRUE  
-- CMAKE_SYSTEM_PROCESSOR: aarch64
-- ARM detected
-- Performing Test COMPILER_SUPPORTS_FP16_FORMAT_I3E
-- Performing Test COMPILER_SUPPORTS_FP16_FORMAT_I3E - Failed
-- Configuring done
-- Generating done
-- Build files have been written to: /home/ggml/work/llama.cpp/build-ci-release

real	0m0.770s
user	0m0.428s
sys	0m0.346s
+ tee -a /home/ggml/results/llama.cpp/1f/c2f265ff9377a37fd2c61eae9cd813a3491bea/ggml-1-arm64-cpu-low-perf/ctest_release-make.log
+ make -j
[  1%] Building C object CMakeFiles/ggml.dir/ggml.c.o
[  2%] Building C object CMakeFiles/ggml.dir/ggml-alloc.c.o
[  3%] Building C object CMakeFiles/ggml.dir/ggml-quants.c.o
[  4%] Building C object CMakeFiles/ggml.dir/ggml-backend.c.o
[  5%] Building CXX object common/CMakeFiles/build_info.dir/build-info.cpp.o
[  6%] Built target build_info
[  6%] Built target ggml
[  7%] Linking C static library libggml_static.a
[  8%] Building CXX object CMakeFiles/llama.dir/llama.cpp.o
[  8%] Built target ggml_static
[  9%] Linking CXX static library libllama.a
[  9%] Built target llama
[ 10%] Building C object tests/CMakeFiles/test-c.dir/test-c.c.o
[ 11%] Building CXX object common/CMakeFiles/common.dir/common.cpp.o
[ 12%] Building CXX object examples/quantize/CMakeFiles/quantize.dir/quantize.cpp.o
[ 13%] Building CXX object common/CMakeFiles/common.dir/sampling.cpp.o
[ 14%] Building CXX object common/CMakeFiles/common.dir/train.cpp.o
[ 15%] Building CXX object examples/llava/CMakeFiles/llava.dir/llava.cpp.o
[ 16%] Building CXX object examples/llava/CMakeFiles/llava.dir/clip.cpp.o
[ 17%] Building CXX object common/CMakeFiles/common.dir/grammar-parser.cpp.o
[ 18%] Building CXX object common/CMakeFiles/common.dir/console.cpp.o
[ 19%] Building CXX object examples/benchmark/CMakeFiles/benchmark.dir/benchmark-matmult.cpp.o
[ 20%] Building CXX object examples/quantize-stats/CMakeFiles/quantize-stats.dir/quantize-stats.cpp.o
[ 21%] Linking CXX executable ../bin/test-c
[ 21%] Built target test-c
[ 22%] Linking CXX executable ../../bin/quantize
[ 23%] Linking CXX executable ../../bin/benchmark
[ 23%] Built target quantize
[ 23%] Built target benchmark
[ 24%] Linking CXX executable ../../bin/quantize-stats
[ 24%] Built target quantize-stats
[ 25%] Linking CXX static library libcommon.a
[ 25%] Built target common
[ 26%] Building CXX object tests/CMakeFiles/test-quantize-perf.dir/test-quantize-perf.cpp.o
[ 27%] Building CXX object tests/CMakeFiles/test-quantize-fns.dir/test-quantize-fns.cpp.o
[ 28%] Building CXX object tests/CMakeFiles/test-tokenizer-0-falcon.dir/test-tokenizer-0-falcon.cpp.o
[ 29%] Building CXX object tests/CMakeFiles/test-sampling.dir/test-sampling.cpp.o
[ 30%] Building CXX object tests/CMakeFiles/test-tokenizer-1-bpe.dir/test-tokenizer-1-bpe.cpp.o
[ 31%] Building CXX object tests/CMakeFiles/test-grammar-parser.dir/test-grammar-parser.cpp.o
[ 32%] Building CXX object tests/CMakeFiles/test-tokenizer-0-llama.dir/test-tokenizer-0-llama.cpp.o
[ 33%] Building CXX object tests/CMakeFiles/test-tokenizer-1-llama.dir/test-tokenizer-1-llama.cpp.o
[ 34%] Building CXX object tests/CMakeFiles/test-llama-grammar.dir/test-llama-grammar.cpp.o
[ 35%] Building CXX object tests/CMakeFiles/test-grad0.dir/test-grad0.cpp.o
[ 36%] Building CXX object tests/CMakeFiles/test-rope.dir/test-rope.cpp.o
[ 37%] Building CXX object tests/CMakeFiles/test-backend-ops.dir/test-backend-ops.cpp.o
[ 38%] Building CXX object examples/baby-llama/CMakeFiles/baby-llama.dir/baby-llama.cpp.o
[ 39%] Building CXX object examples/batched/CMakeFiles/batched.dir/batched.cpp.o
[ 40%] Building CXX object examples/batched-bench/CMakeFiles/batched-bench.dir/batched-bench.cpp.o
[ 41%] Building CXX object examples/convert-llama2c-to-ggml/CMakeFiles/convert-llama2c-to-ggml.dir/convert-llama2c-to-ggml.cpp.o
[ 42%] Building CXX object examples/beam-search/CMakeFiles/beam-search.dir/beam-search.cpp.o
[ 43%] Building CXX object examples/embedding/CMakeFiles/embedding.dir/embedding.cpp.o
[ 44%] Building CXX object examples/finetune/CMakeFiles/finetune.dir/finetune.cpp.o
[ 45%] Building CXX object examples/infill/CMakeFiles/infill.dir/infill.cpp.o
[ 47%] Building CXX object examples/main/CMakeFiles/main.dir/main.cpp.o
[ 46%] Building CXX object examples/llama-bench/CMakeFiles/llama-bench.dir/llama-bench.cpp.o
[ 48%] Building CXX object examples/tokenize/CMakeFiles/tokenize.dir/tokenize.cpp.o
[ 49%] Building CXX object examples/perplexity/CMakeFiles/perplexity.dir/perplexity.cpp.o
[ 50%] Building CXX object examples/parallel/CMakeFiles/parallel.dir/parallel.cpp.o
[ 51%] Building CXX object examples/save-load-state/CMakeFiles/save-load-state.dir/save-load-state.cpp.o
[ 53%] Building CXX object examples/passkey/CMakeFiles/passkey.dir/passkey.cpp.o
[ 52%] Building CXX object examples/simple/CMakeFiles/simple.dir/simple.cpp.o
[ 54%] Building CXX object examples/speculative/CMakeFiles/speculative.dir/speculative.cpp.o
[ 55%] Building CXX object examples/lookahead/CMakeFiles/lookahead.dir/lookahead.cpp.o
[ 56%] Building CXX object examples/lookup/CMakeFiles/lookup.dir/lookup.cpp.o
[ 57%] Building CXX object examples/train-text-from-scratch/CMakeFiles/train-text-from-scratch.dir/train-text-from-scratch.cpp.o
[ 58%] Building CXX object pocs/vdot/CMakeFiles/vdot.dir/vdot.cpp.o
[ 59%] Building CXX object examples/export-lora/CMakeFiles/export-lora.dir/export-lora.cpp.o
[ 60%] Building CXX object pocs/vdot/CMakeFiles/q8dot.dir/q8dot.cpp.o
[ 61%] Linking CXX executable ../bin/test-rope
[ 62%] Linking CXX executable ../bin/test-quantize-fns
[ 62%] Built target test-rope
[ 62%] Built target test-quantize-fns
[ 63%] Linking CXX executable ../bin/test-sampling
[ 64%] Linking CXX executable ../bin/test-grammar-parser
[ 64%] Built target test-sampling
[ 64%] Built target test-grammar-parser
[ 65%] Linking CXX executable ../../bin/tokenize
[ 66%] Linking CXX executable ../../bin/q8dot
[ 67%] Linking CXX executable ../../bin/vdot
[ 68%] Linking CXX executable ../bin/test-quantize-perf
[ 68%] Built target tokenize
[ 68%] Built target q8dot
[ 69%] Linking CXX executable ../../bin/embedding
[ 70%] Linking CXX executable ../../bin/baby-llama
[ 71%] Linking CXX executable ../../bin/beam-search
[ 71%] Built target vdot
[ 71%] Built target test-quantize-perf
[ 71%] Built target embedding
[ 71%] Built target baby-llama
[ 72%] Linking CXX executable ../../bin/save-load-state
[ 72%] Built target beam-search
[ 72%] Built target save-load-state
[ 73%] Linking CXX executable ../../bin/simple
[ 74%] Linking CXX executable ../bin/test-tokenizer-1-llama
[ 75%] Linking CXX executable ../../bin/batched
[ 76%] Linking CXX executable ../../bin/batched-bench
[ 77%] Linking CXX executable ../bin/test-tokenizer-1-bpe
[ 78%] Linking CXX executable ../bin/test-grad0
[ 78%] Built target simple
[ 78%] Built target test-tokenizer-1-llama
[ 78%] Built target test-grad0
[ 78%] Built target batched
[ 78%] Built target test-tokenizer-1-bpe
[ 78%] Built target batched-bench
[ 79%] Linking CXX executable ../../bin/passkey
[ 80%] Linking CXX executable ../bin/test-tokenizer-0-falcon
[ 81%] Linking CXX executable ../bin/test-tokenizer-0-llama
[ 82%] Linking CXX executable ../../bin/export-lora
[ 83%] Linking CXX executable ../../bin/lookup
[ 83%] Built target test-tokenizer-0-falcon
[ 83%] Built target test-tokenizer-0-llama
[ 83%] Built target passkey
[ 83%] Built target export-lora
[ 83%] Built target lookup
[ 84%] Linking CXX executable ../../bin/convert-llama2c-to-ggml
[ 85%] Linking CXX executable ../../bin/lookahead
[ 86%] Linking CXX executable ../../bin/parallel
[ 87%] Linking CXX executable ../../bin/speculative
[ 87%] Built target convert-llama2c-to-ggml
[ 87%] Built target speculative
[ 87%] Built target parallel
[ 87%] Built target lookahead
[ 88%] Linking CXX executable ../../bin/perplexity
[ 89%] Linking CXX executable ../../bin/train-text-from-scratch
[ 89%] Built target perplexity
[ 89%] Built target train-text-from-scratch
[ 90%] Linking CXX executable ../../bin/infill
[ 91%] Linking CXX executable ../../bin/finetune
[ 91%] Built target infill
[ 91%] Built target finetune
[ 91%] Built target llava
[ 92%] Linking CXX static library libllava_static.a
[ 93%] Building CXX object examples/llava/CMakeFiles/llava-cli.dir/llava-cli.cpp.o
[ 94%] Building CXX object examples/server/CMakeFiles/server.dir/server.cpp.o
[ 94%] Built target llava_static
[ 95%] Linking CXX executable ../../bin/main
[ 95%] Built target main
[ 96%] Linking CXX executable ../bin/test-backend-ops
[ 96%] Built target test-backend-ops
[ 97%] Linking CXX executable ../../bin/llava-cli
[ 97%] Built target llava-cli
[ 98%] Linking CXX executable ../../bin/llama-bench
[ 98%] Built target llama-bench
[ 99%] Linking CXX executable ../bin/test-llama-grammar
[ 99%] Built target test-llama-grammar
[100%] Linking CXX executable ../../bin/server
[100%] Built target server

real	1m16.112s
user	2m33.358s
sys	0m8.634s
+ '[' -z 1 ']'
+ tee -a /home/ggml/results/llama.cpp/1f/c2f265ff9377a37fd2c61eae9cd813a3491bea/ggml-1-arm64-cpu-low-perf/ctest_release-ctest.log
+ ctest --output-on-failure -E test-opt
Test project /home/ggml/work/llama.cpp/build-ci-release
      Start  1: test-quantize-fns
 1/20 Test  #1: test-quantize-fns ...................   Passed    0.01 sec
      Start  2: test-quantize-perf
 2/20 Test  #2: test-quantize-perf ..................   Passed    0.05 sec
      Start  3: test-sampling
 3/20 Test  #3: test-sampling .......................   Passed    0.00 sec
      Start  4: test-tokenizer-0-llama
 4/20 Test  #4: test-tokenizer-0-llama ..............   Passed    0.05 sec
      Start  5: test-tokenizer-0-falcon
 5/20 Test  #5: test-tokenizer-0-falcon .............   Passed    0.29 sec
      Start  6: test-tokenizer-1-llama
 6/20 Test  #6: test-tokenizer-1-llama ..............   Passed    2.27 sec
      Start  7: test-tokenizer-1-baichuan
 7/20 Test  #7: test-tokenizer-1-baichuan ...........   Passed    2.50 sec
      Start  8: test-tokenizer-1-falcon
 8/20 Test  #8: test-tokenizer-1-falcon .............   Passed    1.90 sec
      Start  9: test-tokenizer-1-aquila
 9/20 Test  #9: test-tokenizer-1-aquila .............   Passed    2.50 sec
      Start 10: test-tokenizer-1-mpt
10/20 Test #10: test-tokenizer-1-mpt ................   Passed    1.65 sec
      Start 11: test-tokenizer-1-stablelm-3b-4e1t
11/20 Test #11: test-tokenizer-1-stablelm-3b-4e1t ...   Passed    1.65 sec
      Start 12: test-tokenizer-1-gpt-neox
12/20 Test #12: test-tokenizer-1-gpt-neox ...........   Passed    1.65 sec
      Start 13: test-tokenizer-1-refact
13/20 Test #13: test-tokenizer-1-refact .............   Passed    1.64 sec
      Start 14: test-tokenizer-1-starcoder
14/20 Test #14: test-tokenizer-1-starcoder ..........   Passed    1.69 sec
      Start 15: test-tokenizer-1-gpt2
15/20 Test #15: test-tokenizer-1-gpt2 ...............   Passed    1.64 sec
      Start 16: test-grammar-parser
16/20 Test #16: test-grammar-parser .................   Passed    0.00 sec
      Start 17: test-llama-grammar
17/20 Test #17: test-llama-grammar ..................   Passed    0.00 sec
      Start 18: test-grad0
18/20 Test #18: test-grad0 ..........................   Passed    4.74 sec
      Start 19: test-backend-ops
19/20 Test #19: test-backend-ops ....................   Passed    9.86 sec
      Start 20: test-rope
20/20 Test #20: test-rope ...........................   Passed    0.06 sec

100% tests passed, 0 tests failed out of 20

Total Test time (real) =  34.18 sec

real	0m34.196s
user	0m31.334s
sys	0m16.157s
+ set +e
+ cur=0
+ echo 0
+ set +x
