Looking in indexes: https://pypi.org/simple, https://download.pytorch.org/whl/cpu, https://download.pytorch.org/whl/cpu, https://download.pytorch.org/whl/cpu, https://download.pytorch.org/whl/cpu
Requirement already satisfied: numpy~=1.26.4 in /mnt/llama.cpp/venv/lib/python3.10/site-packages (from -r /home/ggml/work/llama.cpp/./requirements/requirements-convert_legacy_llama.txt (line 1)) (1.26.4)
Requirement already satisfied: sentencepiece~=0.2.0 in /mnt/llama.cpp/venv/lib/python3.10/site-packages (from -r /home/ggml/work/llama.cpp/./requirements/requirements-convert_legacy_llama.txt (line 2)) (0.2.0)
Requirement already satisfied: transformers<5.0.0,>=4.45.1 in /mnt/llama.cpp/venv/lib/python3.10/site-packages (from -r /home/ggml/work/llama.cpp/./requirements/requirements-convert_legacy_llama.txt (line 3)) (4.45.1)
Requirement already satisfied: gguf>=0.1.0 in /mnt/llama.cpp/venv/lib/python3.10/site-packages (from -r /home/ggml/work/llama.cpp/./requirements/requirements-convert_legacy_llama.txt (line 4)) (0.10.0)
Requirement already satisfied: protobuf<5.0.0,>=4.21.0 in /mnt/llama.cpp/venv/lib/python3.10/site-packages (from -r /home/ggml/work/llama.cpp/./requirements/requirements-convert_legacy_llama.txt (line 5)) (4.25.3)
Requirement already satisfied: torch~=2.2.1 in /mnt/llama.cpp/venv/lib/python3.10/site-packages (from -r /home/ggml/work/llama.cpp/./requirements/requirements-convert_hf_to_gguf.txt (line 3)) (2.2.2)
Requirement already satisfied: regex!=2019.12.17 in /mnt/llama.cpp/venv/lib/python3.10/site-packages (from transformers<5.0.0,>=4.45.1->-r /home/ggml/work/llama.cpp/./requirements/requirements-convert_legacy_llama.txt (line 3)) (2024.5.10)
Requirement already satisfied: pyyaml>=5.1 in /mnt/llama.cpp/venv/lib/python3.10/site-packages (from transformers<5.0.0,>=4.45.1->-r /home/ggml/work/llama.cpp/./requirements/requirements-convert_legacy_llama.txt (line 3)) (6.0.1)
Requirement already satisfied: tokenizers<0.21,>=0.20 in /mnt/llama.cpp/venv/lib/python3.10/site-packages (from transformers<5.0.0,>=4.45.1->-r /home/ggml/work/llama.cpp/./requirements/requirements-convert_legacy_llama.txt (line 3)) (0.20.0)
Requirement already satisfied: requests in /mnt/llama.cpp/venv/lib/python3.10/site-packages (from transformers<5.0.0,>=4.45.1->-r /home/ggml/work/llama.cpp/./requirements/requirements-convert_legacy_llama.txt (line 3)) (2.31.0)
Requirement already satisfied: huggingface-hub<1.0,>=0.23.2 in /mnt/llama.cpp/venv/lib/python3.10/site-packages (from transformers<5.0.0,>=4.45.1->-r /home/ggml/work/llama.cpp/./requirements/requirements-convert_legacy_llama.txt (line 3)) (0.25.1)
Requirement already satisfied: safetensors>=0.4.1 in /mnt/llama.cpp/venv/lib/python3.10/site-packages (from transformers<5.0.0,>=4.45.1->-r /home/ggml/work/llama.cpp/./requirements/requirements-convert_legacy_llama.txt (line 3)) (0.4.3)
Requirement already satisfied: packaging>=20.0 in /mnt/llama.cpp/venv/lib/python3.10/site-packages (from transformers<5.0.0,>=4.45.1->-r /home/ggml/work/llama.cpp/./requirements/requirements-convert_legacy_llama.txt (line 3)) (24.0)
Requirement already satisfied: filelock in /mnt/llama.cpp/venv/lib/python3.10/site-packages (from transformers<5.0.0,>=4.45.1->-r /home/ggml/work/llama.cpp/./requirements/requirements-convert_legacy_llama.txt (line 3)) (3.14.0)
Requirement already satisfied: tqdm>=4.27 in /mnt/llama.cpp/venv/lib/python3.10/site-packages (from transformers<5.0.0,>=4.45.1->-r /home/ggml/work/llama.cpp/./requirements/requirements-convert_legacy_llama.txt (line 3)) (4.66.4)
Requirement already satisfied: jinja2 in /mnt/llama.cpp/venv/lib/python3.10/site-packages (from torch~=2.2.1->-r /home/ggml/work/llama.cpp/./requirements/requirements-convert_hf_to_gguf.txt (line 3)) (3.1.4)
Requirement already satisfied: sympy in /mnt/llama.cpp/venv/lib/python3.10/site-packages (from torch~=2.2.1->-r /home/ggml/work/llama.cpp/./requirements/requirements-convert_hf_to_gguf.txt (line 3)) (1.12)
Requirement already satisfied: typing-extensions>=4.8.0 in /mnt/llama.cpp/venv/lib/python3.10/site-packages (from torch~=2.2.1->-r /home/ggml/work/llama.cpp/./requirements/requirements-convert_hf_to_gguf.txt (line 3)) (4.11.0)
Requirement already satisfied: fsspec in /mnt/llama.cpp/venv/lib/python3.10/site-packages (from torch~=2.2.1->-r /home/ggml/work/llama.cpp/./requirements/requirements-convert_hf_to_gguf.txt (line 3)) (2024.3.1)
Requirement already satisfied: networkx in /mnt/llama.cpp/venv/lib/python3.10/site-packages (from torch~=2.2.1->-r /home/ggml/work/llama.cpp/./requirements/requirements-convert_hf_to_gguf.txt (line 3)) (3.3)
Requirement already satisfied: MarkupSafe>=2.0 in /mnt/llama.cpp/venv/lib/python3.10/site-packages (from jinja2->torch~=2.2.1->-r /home/ggml/work/llama.cpp/./requirements/requirements-convert_hf_to_gguf.txt (line 3)) (2.1.5)
Requirement already satisfied: idna<4,>=2.5 in /mnt/llama.cpp/venv/lib/python3.10/site-packages (from requests->transformers<5.0.0,>=4.45.1->-r /home/ggml/work/llama.cpp/./requirements/requirements-convert_legacy_llama.txt (line 3)) (3.7)
Requirement already satisfied: urllib3<3,>=1.21.1 in /mnt/llama.cpp/venv/lib/python3.10/site-packages (from requests->transformers<5.0.0,>=4.45.1->-r /home/ggml/work/llama.cpp/./requirements/requirements-convert_legacy_llama.txt (line 3)) (2.2.1)
Requirement already satisfied: charset-normalizer<4,>=2 in /mnt/llama.cpp/venv/lib/python3.10/site-packages (from requests->transformers<5.0.0,>=4.45.1->-r /home/ggml/work/llama.cpp/./requirements/requirements-convert_legacy_llama.txt (line 3)) (3.3.2)
Requirement already satisfied: certifi>=2017.4.17 in /mnt/llama.cpp/venv/lib/python3.10/site-packages (from requests->transformers<5.0.0,>=4.45.1->-r /home/ggml/work/llama.cpp/./requirements/requirements-convert_legacy_llama.txt (line 3)) (2024.2.2)
Requirement already satisfied: mpmath>=0.19 in /mnt/llama.cpp/venv/lib/python3.10/site-packages (from sympy->torch~=2.2.1->-r /home/ggml/work/llama.cpp/./requirements/requirements-convert_hf_to_gguf.txt (line 3)) (1.3.0)
Obtaining file:///home/ggml/work/llama.cpp/gguf-py
  Installing build dependencies: started
  Installing build dependencies: finished with status 'done'
  Checking if build backend supports build_editable: started
  Checking if build backend supports build_editable: finished with status 'done'
  Getting requirements to build editable: started
  Getting requirements to build editable: finished with status 'done'
  Preparing editable metadata (pyproject.toml): started
  Preparing editable metadata (pyproject.toml): finished with status 'done'
Requirement already satisfied: pyyaml>=5.1 in /mnt/llama.cpp/venv/lib/python3.10/site-packages (from gguf==0.10.0) (6.0.1)
Requirement already satisfied: numpy>=1.17 in /mnt/llama.cpp/venv/lib/python3.10/site-packages (from gguf==0.10.0) (1.26.4)
Requirement already satisfied: tqdm>=4.27 in /mnt/llama.cpp/venv/lib/python3.10/site-packages (from gguf==0.10.0) (4.66.4)
Requirement already satisfied: sentencepiece<=0.2.0,>=0.1.98 in /mnt/llama.cpp/venv/lib/python3.10/site-packages (from gguf==0.10.0) (0.2.0)
Building wheels for collected packages: gguf
  Building editable for gguf (pyproject.toml): started
  Building editable for gguf (pyproject.toml): finished with status 'done'
  Created wheel for gguf: filename=gguf-0.10.0-py3-none-any.whl size=3392 sha256=f4071d478eb6306f859cf6bc7d6c80844fb0458194dca98571766b758355bf49
  Stored in directory: /tmp/pip-ephem-wheel-cache-_w5370s5/wheels/a3/4c/52/c5934ad001d1a70ca5434f11ddc622cad9c0a484e9bf6feda3
Successfully built gguf
Installing collected packages: gguf
  Attempting uninstall: gguf
    Found existing installation: gguf 0.10.0
    Uninstalling gguf-0.10.0:
      Successfully uninstalled gguf-0.10.0
Successfully installed gguf-0.10.0
+ gg_run_ctest_debug
+ cd /home/ggml/work/llama.cpp
+ rm -rf build-ci-debug
+ tee /home/ggml/results/llama.cpp/52/d537b56da6e7e16ab9cb0ab46590943cb942d5/ggml-3-arm64-cpu/ctest_debug.log
+ mkdir build-ci-debug
+ cd build-ci-debug
+ set -e
+ gg_check_build_requirements
+ command -v cmake
+ command -v make
+ command -v ctest
+ tee -a /home/ggml/results/llama.cpp/52/d537b56da6e7e16ab9cb0ab46590943cb942d5/ggml-3-arm64-cpu/ctest_debug-cmake.log
+ cmake -DCMAKE_BUILD_TYPE=Debug -DLLAMA_FATAL_WARNINGS=ON ..
-- The C compiler identification is GNU 11.4.0
-- The CXX compiler identification is GNU 11.4.0
-- Detecting C compiler ABI info
-- Detecting C compiler ABI info - done
-- Check for working C compiler: /usr/bin/cc - skipped
-- Detecting C compile features
-- Detecting C compile features - done
-- Detecting CXX compiler ABI info
-- Detecting CXX compiler ABI info - done
-- Check for working CXX compiler: /usr/bin/c++ - skipped
-- Detecting CXX compile features
-- Detecting CXX compile features - done
-- Found Git: /usr/bin/git (found version "2.34.1") 
-- Looking for pthread.h
-- Looking for pthread.h - found
-- Performing Test CMAKE_HAVE_LIBC_PTHREAD
-- Performing Test CMAKE_HAVE_LIBC_PTHREAD - Success
-- Found Threads: TRUE  
-- Found OpenMP_C: -fopenmp (found version "4.5") 
-- Found OpenMP_CXX: -fopenmp (found version "4.5") 
-- Found OpenMP: TRUE (found version "4.5")  
-- OpenMP found
-- Using llamafile
-- Using AMX
-- ccache found, compilation results will be cached. Disable with GGML_CCACHE=OFF.
-- CMAKE_SYSTEM_PROCESSOR: aarch64
-- ARM detected
-- Performing Test COMPILER_SUPPORTS_FP16_FORMAT_I3E
-- Performing Test COMPILER_SUPPORTS_FP16_FORMAT_I3E - Failed
-- Configuring done
-- Generating done
-- Build files have been written to: /home/ggml/work/llama.cpp/build-ci-debug

real	0m1.006s
user	0m0.700s
sys	0m0.309s
+ tee -a /home/ggml/results/llama.cpp/52/d537b56da6e7e16ab9cb0ab46590943cb942d5/ggml-3-arm64-cpu/ctest_debug-make.log
++ nproc
+ make -j8
[  0%] Generating build details from Git
[  1%] Building C object examples/gguf-hash/CMakeFiles/xxhash.dir/deps/xxhash/xxhash.c.o
[  1%] Building C object ggml/src/CMakeFiles/ggml.dir/ggml.c.o
[  2%] Building C object ggml/src/CMakeFiles/ggml.dir/ggml-alloc.c.o
[  3%] Building C object ggml/src/CMakeFiles/ggml.dir/ggml-quants.c.o
[  3%] Building C object examples/gguf-hash/CMakeFiles/sha256.dir/deps/sha256/sha256.c.o
[  3%] Building CXX object ggml/src/CMakeFiles/ggml.dir/ggml-backend.cpp.o
-- Found Git: /usr/bin/git (found version "2.34.1") 
[  4%] Building C object examples/gguf-hash/CMakeFiles/sha1.dir/deps/sha1/sha1.c.o
[  4%] Built target sha256
[  4%] Building CXX object ggml/src/CMakeFiles/ggml.dir/llamafile/sgemm.cpp.o
[  4%] Built target sha1
[  4%] Built target xxhash
[  5%] Building CXX object ggml/src/CMakeFiles/ggml.dir/ggml-amx/mmq.cpp.o
[  5%] Building CXX object ggml/src/CMakeFiles/ggml.dir/ggml-amx.cpp.o
[  6%] Building C object ggml/src/CMakeFiles/ggml.dir/ggml-aarch64.c.o
[  7%] Building CXX object common/CMakeFiles/build_info.dir/build-info.cpp.o
[  7%] Linking CXX shared library libggml.so
[  7%] Built target build_info
[  7%] Built target ggml
[ 11%] Building CXX object src/CMakeFiles/llama.dir/llama-sampling.cpp.o
[ 11%] Building CXX object src/CMakeFiles/llama.dir/llama-grammar.cpp.o
[ 11%] Building CXX object src/CMakeFiles/llama.dir/llama-vocab.cpp.o
[ 11%] Building CXX object src/CMakeFiles/llama.dir/llama.cpp.o
[ 11%] Building CXX object examples/gguf-hash/CMakeFiles/llama-gguf-hash.dir/gguf-hash.cpp.o
[ 11%] Building CXX object examples/gguf/CMakeFiles/llama-gguf.dir/gguf.cpp.o
[ 11%] Building CXX object src/CMakeFiles/llama.dir/unicode.cpp.o
[ 12%] Building CXX object src/CMakeFiles/llama.dir/unicode-data.cpp.o
[ 13%] Linking CXX executable ../../bin/llama-gguf
[ 14%] Linking CXX executable ../../bin/llama-gguf-hash
[ 14%] Built target llama-gguf-hash
[ 14%] Built target llama-gguf
[ 14%] Linking CXX shared library libllama.so
[ 14%] Built target llama
[ 17%] Building CXX object examples/llava/CMakeFiles/llava.dir/llava.cpp.o
[ 17%] Building CXX object examples/llava/CMakeFiles/llava.dir/clip.cpp.o
[ 18%] Building CXX object examples/simple/CMakeFiles/llama-simple.dir/simple.cpp.o
[ 18%] Building CXX object examples/quantize-stats/CMakeFiles/llama-quantize-stats.dir/quantize-stats.cpp.o
[ 17%] Building CXX object common/CMakeFiles/common.dir/arg.cpp.o
[ 18%] Building CXX object common/CMakeFiles/common.dir/common.cpp.o
[ 17%] Building C object tests/CMakeFiles/test-c.dir/test-c.c.o
[ 19%] Building CXX object examples/simple-chat/CMakeFiles/llama-simple-chat.dir/simple-chat.cpp.o
[ 20%] Linking C executable ../bin/test-c
[ 20%] Linking CXX executable ../../bin/llama-simple
[ 20%] Building CXX object common/CMakeFiles/common.dir/console.cpp.o
[ 21%] Linking CXX executable ../../bin/llama-simple-chat
[ 21%] Built target llava
[ 22%] Building CXX object common/CMakeFiles/common.dir/json-schema-to-grammar.cpp.o
[ 22%] Linking CXX static library libllava_static.a
[ 22%] Built target test-c
[ 22%] Building CXX object common/CMakeFiles/common.dir/log.cpp.o
[ 23%] Linking CXX shared library libllava_shared.so
[ 24%] Building CXX object common/CMakeFiles/common.dir/ngram-cache.cpp.o
[ 24%] Built target llava_static
[ 24%] Building CXX object common/CMakeFiles/common.dir/sampling.cpp.o
[ 24%] Built target llama-simple-chat
[ 24%] Built target llama-simple
[ 25%] Building CXX object common/CMakeFiles/common.dir/train.cpp.o
[ 25%] Built target llava_shared
[ 25%] Linking CXX executable ../../bin/llama-quantize-stats
[ 25%] Built target llama-quantize-stats
[ 26%] Linking CXX static library libcommon.a
[ 26%] Built target common
[ 27%] Building CXX object tests/CMakeFiles/test-tokenizer-1-bpe.dir/test-tokenizer-1-bpe.cpp.o
[ 27%] Building CXX object tests/CMakeFiles/test-tokenizer-1-spm.dir/test-tokenizer-1-spm.cpp.o
[ 27%] Building CXX object tests/CMakeFiles/test-arg-parser.dir/test-arg-parser.cpp.o
[ 27%] Building CXX object tests/CMakeFiles/test-log.dir/test-log.cpp.o
[ 28%] Building CXX object tests/CMakeFiles/test-tokenizer-0.dir/test-tokenizer-0.cpp.o
[ 28%] Building CXX object tests/CMakeFiles/test-quantize-fns.dir/test-quantize-fns.cpp.o
[ 28%] Building CXX object tests/CMakeFiles/test-quantize-perf.dir/test-quantize-perf.cpp.o
[ 29%] Building CXX object tests/CMakeFiles/test-sampling.dir/test-sampling.cpp.o
[ 30%] Building CXX object tests/CMakeFiles/test-log.dir/get-model.cpp.o
[ 31%] Building CXX object tests/CMakeFiles/test-quantize-perf.dir/get-model.cpp.o
[ 31%] Building CXX object tests/CMakeFiles/test-quantize-fns.dir/get-model.cpp.o
[ 31%] Linking CXX executable ../bin/test-log
[ 31%] Building CXX object tests/CMakeFiles/test-sampling.dir/get-model.cpp.o
[ 31%] Linking CXX executable ../bin/test-quantize-perf
[ 32%] Linking CXX executable ../bin/test-quantize-fns
[ 33%] Linking CXX executable ../bin/test-sampling
[ 33%] Built target test-log
[ 33%] Built target test-quantize-perf
[ 33%] Built target test-quantize-fns
[ 33%] Building CXX object tests/CMakeFiles/test-chat-template.dir/test-chat-template.cpp.o
[ 34%] Building CXX object tests/CMakeFiles/test-llama-grammar.dir/test-llama-grammar.cpp.o
[ 34%] Building CXX object tests/CMakeFiles/test-grammar-parser.dir/test-grammar-parser.cpp.o
[ 34%] Built target test-sampling
[ 35%] Building CXX object tests/CMakeFiles/test-grammar-parser.dir/get-model.cpp.o
[ 35%] Building CXX object tests/CMakeFiles/test-llama-grammar.dir/get-model.cpp.o
[ 35%] Linking CXX executable ../bin/test-grammar-parser
[ 36%] Linking CXX executable ../bin/test-llama-grammar
[ 37%] Building CXX object tests/CMakeFiles/test-grammar-integration.dir/test-grammar-integration.cpp.o
[ 37%] Building CXX object tests/CMakeFiles/test-grammar-integration.dir/get-model.cpp.o
[ 38%] Linking CXX executable ../bin/test-grammar-integration
[ 38%] Built target test-grammar-parser
[ 38%] Built target test-llama-grammar
[ 38%] Building CXX object tests/CMakeFiles/test-grad0.dir/test-grad0.cpp.o
[ 39%] Building CXX object tests/CMakeFiles/test-barrier.dir/test-barrier.cpp.o
[ 40%] Building CXX object tests/CMakeFiles/test-grad0.dir/get-model.cpp.o
[ 40%] Building CXX object tests/CMakeFiles/test-barrier.dir/get-model.cpp.o
[ 40%] Linking CXX executable ../bin/test-grad0
[ 41%] Linking CXX executable ../bin/test-barrier
[ 41%] Built target test-grad0
[ 41%] Built target test-barrier
[ 42%] Building CXX object tests/CMakeFiles/test-backend-ops.dir/test-backend-ops.cpp.o
[ 43%] Building CXX object tests/CMakeFiles/test-rope.dir/test-rope.cpp.o
[ 44%] Building CXX object tests/CMakeFiles/test-backend-ops.dir/get-model.cpp.o
[ 44%] Building CXX object tests/CMakeFiles/test-rope.dir/get-model.cpp.o
[ 45%] Linking CXX executable ../bin/test-backend-ops
[ 45%] Linking CXX executable ../bin/test-rope
[ 45%] Built target test-rope
[ 45%] Built target test-grammar-integration
[ 46%] Building CXX object tests/CMakeFiles/test-autorelease.dir/test-autorelease.cpp.o
[ 46%] Building CXX object tests/CMakeFiles/test-model-load-cancel.dir/test-model-load-cancel.cpp.o
[ 47%] Building CXX object tests/CMakeFiles/test-model-load-cancel.dir/get-model.cpp.o
[ 48%] Building CXX object tests/CMakeFiles/test-autorelease.dir/get-model.cpp.o
[ 48%] Linking CXX executable ../bin/test-model-load-cancel
[ 48%] Linking CXX executable ../bin/test-autorelease
[ 48%] Built target test-backend-ops
[ 49%] Building CXX object tests/CMakeFiles/test-json-schema-to-grammar.dir/test-json-schema-to-grammar.cpp.o
[ 50%] Building CXX object tests/CMakeFiles/test-json-schema-to-grammar.dir/get-model.cpp.o
[ 50%] Linking CXX executable ../bin/test-json-schema-to-grammar
[ 51%] Building CXX object tests/CMakeFiles/test-chat-template.dir/get-model.cpp.o
[ 52%] Linking CXX executable ../bin/test-tokenizer-1-bpe
[ 53%] Linking CXX executable ../bin/test-chat-template
[ 54%] Linking CXX executable ../bin/test-tokenizer-1-spm
[ 54%] Built target test-model-load-cancel
[ 54%] Built target test-autorelease
[ 54%] Building CXX object examples/cvector-generator/CMakeFiles/llama-cvector-generator.dir/cvector-generator.cpp.o
[ 55%] Building CXX object examples/baby-llama/CMakeFiles/llama-baby-llama.dir/baby-llama.cpp.o
[ 55%] Linking CXX executable ../../bin/llama-baby-llama
[ 56%] Linking CXX executable ../bin/test-tokenizer-0
[ 56%] Building CXX object tests/CMakeFiles/test-arg-parser.dir/get-model.cpp.o
[ 57%] Linking CXX executable ../bin/test-arg-parser
[ 57%] Built target test-chat-template
[ 57%] Built target test-tokenizer-1-spm
[ 57%] Built target test-tokenizer-1-bpe
[ 57%] Building CXX object examples/batched-bench/CMakeFiles/llama-batched-bench.dir/batched-bench.cpp.o
[ 58%] Building CXX object examples/batched/CMakeFiles/llama-batched.dir/batched.cpp.o
[ 58%] Building CXX object examples/convert-llama2c-to-ggml/CMakeFiles/llama-convert-llama2c-to-ggml.dir/convert-llama2c-to-ggml.cpp.o
[ 58%] Built target llama-baby-llama
[ 59%] Building CXX object examples/embedding/CMakeFiles/llama-embedding.dir/embedding.cpp.o
[ 59%] Built target test-json-schema-to-grammar
[ 60%] Building CXX object examples/eval-callback/CMakeFiles/llama-eval-callback.dir/eval-callback.cpp.o
[ 60%] Built target test-tokenizer-0
[ 61%] Building CXX object examples/export-lora/CMakeFiles/llama-export-lora.dir/export-lora.cpp.o
[ 61%] Built target test-arg-parser
[ 62%] Building CXX object examples/gbnf-validator/CMakeFiles/llama-gbnf-validator.dir/gbnf-validator.cpp.o
[ 62%] Linking CXX executable ../../bin/llama-gbnf-validator
[ 62%] Built target llama-gbnf-validator
[ 62%] Building CXX object examples/gguf-split/CMakeFiles/llama-gguf-split.dir/gguf-split.cpp.o
[ 63%] Linking CXX executable ../../bin/llama-batched-bench
[ 63%] Linking CXX executable ../../bin/llama-eval-callback
[ 64%] Linking CXX executable ../../bin/llama-batched
[ 64%] Linking CXX executable ../../bin/llama-embedding
[ 65%] Linking CXX executable ../../bin/llama-cvector-generator
[ 66%] Linking CXX executable ../../bin/llama-convert-llama2c-to-ggml
[ 66%] Linking CXX executable ../../bin/llama-export-lora
[ 66%] Built target llama-batched-bench
[ 66%] Building CXX object examples/gritlm/CMakeFiles/llama-gritlm.dir/gritlm.cpp.o
[ 66%] Built target llama-eval-callback
[ 66%] Building CXX object examples/imatrix/CMakeFiles/llama-imatrix.dir/imatrix.cpp.o
[ 66%] Built target llama-batched
[ 66%] Built target llama-embedding
[ 66%] Building CXX object examples/infill/CMakeFiles/llama-infill.dir/infill.cpp.o
[ 66%] Building CXX object examples/llama-bench/CMakeFiles/llama-bench.dir/llama-bench.cpp.o
[ 66%] Built target llama-convert-llama2c-to-ggml
[ 67%] Building CXX object examples/llava/CMakeFiles/llama-llava-cli.dir/llava-cli.cpp.o
[ 68%] Linking CXX executable ../../bin/llama-gguf-split
[ 68%] Built target llama-gguf-split
[ 68%] Building CXX object examples/llava/CMakeFiles/llama-minicpmv-cli.dir/minicpmv-cli.cpp.o
[ 68%] Built target llama-cvector-generator
[ 69%] Building CXX object examples/lookahead/CMakeFiles/llama-lookahead.dir/lookahead.cpp.o
[ 69%] Built target llama-export-lora
[ 70%] Building CXX object examples/lookup/CMakeFiles/llama-lookup.dir/lookup.cpp.o
[ 71%] Linking CXX executable ../../bin/llama-gritlm
[ 71%] Linking CXX executable ../../bin/llama-llava-cli
[ 72%] Linking CXX executable ../../bin/llama-infill
[ 73%] Linking CXX executable ../../bin/llama-minicpmv-cli
[ 73%] Linking CXX executable ../../bin/llama-lookahead
[ 73%] Built target llama-gritlm
[ 74%] Building CXX object examples/lookup/CMakeFiles/llama-lookup-create.dir/lookup-create.cpp.o
[ 74%] Linking CXX executable ../../bin/llama-lookup
[ 74%] Built target llama-llava-cli
[ 75%] Building CXX object examples/lookup/CMakeFiles/llama-lookup-merge.dir/lookup-merge.cpp.o
[ 75%] Built target llama-infill
[ 75%] Building CXX object examples/lookup/CMakeFiles/llama-lookup-stats.dir/lookup-stats.cpp.o
[ 75%] Built target llama-lookahead
[ 75%] Building CXX object examples/main/CMakeFiles/llama-cli.dir/main.cpp.o
[ 75%] Built target llama-minicpmv-cli
[ 75%] Building CXX object examples/parallel/CMakeFiles/llama-parallel.dir/parallel.cpp.o
[ 76%] Linking CXX executable ../../bin/llama-imatrix
[ 76%] Built target llama-lookup
[ 76%] Building CXX object examples/passkey/CMakeFiles/llama-passkey.dir/passkey.cpp.o
[ 76%] Linking CXX executable ../../bin/llama-lookup-create
[ 77%] Linking CXX executable ../../bin/llama-lookup-merge
[ 77%] Built target llama-lookup-merge
[ 77%] Building CXX object examples/perplexity/CMakeFiles/llama-perplexity.dir/perplexity.cpp.o
[ 78%] Linking CXX executable ../../bin/llama-lookup-stats
[ 78%] Built target llama-imatrix
[ 79%] Building CXX object examples/quantize/CMakeFiles/llama-quantize.dir/quantize.cpp.o
[ 79%] Built target llama-lookup-create
[ 81%] Building CXX object examples/retrieval/CMakeFiles/llama-retrieval.dir/retrieval.cpp.o
[ 81%] Linking CXX executable ../../bin/llama-parallel
[ 82%] Linking CXX executable ../../bin/llama-passkey
[ 83%] Linking CXX executable ../../bin/llama-cli
[ 83%] Built target llama-lookup-stats
[ 84%] Generating theme-snowstorm.css.hpp
[ 84%] Generating colorthemes.css.hpp
[ 84%] Generating completion.js.hpp
[ 85%] Generating index-new.html.hpp
[ 85%] Generating index.html.hpp
[ 85%] Built target llama-parallel
[ 86%] Generating index.js.hpp
[ 87%] Building CXX object examples/save-load-state/CMakeFiles/llama-save-load-state.dir/save-load-state.cpp.o
[ 87%] Built target llama-passkey
[ 88%] Generating json-schema-to-grammar.mjs.hpp
[ 88%] Building CXX object examples/speculative/CMakeFiles/llama-speculative.dir/speculative.cpp.o
[ 88%] Generating loading.html.hpp
[ 88%] Built target llama-cli
[ 88%] Generating prompt-formats.js.hpp
[ 88%] Building CXX object examples/tokenize/CMakeFiles/llama-tokenize.dir/tokenize.cpp.o
[ 89%] Generating style.css.hpp
[ 90%] Generating system-prompts.js.hpp
[ 90%] Generating theme-beeninorder.css.hpp
[ 91%] Generating theme-ketivah.css.hpp
[ 91%] Generating theme-mangotango.css.hpp
[ 92%] Generating theme-playground.css.hpp
[ 92%] Generating theme-polarnight.css.hpp
[ 92%] Linking CXX executable ../../bin/llama-quantize
[ 93%] Building CXX object examples/server/CMakeFiles/llama-server.dir/server.cpp.o
[ 93%] Linking CXX executable ../../bin/llama-retrieval
[ 93%] Built target llama-quantize
[ 93%] Building CXX object pocs/vdot/CMakeFiles/llama-vdot.dir/vdot.cpp.o
[ 94%] Linking CXX executable ../../bin/llama-vdot
[ 95%] Linking CXX executable ../../bin/llama-tokenize
[ 95%] Built target llama-vdot
[ 96%] Linking CXX executable ../../bin/llama-save-load-state
[ 97%] Building CXX object pocs/vdot/CMakeFiles/llama-q8dot.dir/q8dot.cpp.o
[ 97%] Linking CXX executable ../../bin/llama-q8dot
[ 97%] Built target llama-q8dot
[ 97%] Built target llama-tokenize
[ 98%] Linking CXX executable ../../bin/llama-bench
/home/ggml/work/llama.cpp/examples/perplexity/perplexity.cpp: In lambda function:
/home/ggml/work/llama.cpp/examples/perplexity/perplexity.cpp:1768:41: note: parameter passing for argument of type ‘std::pair<double, double>’ when C++17 is enabled changed to match C++14 in GCC 10.1
 1768 |             return std::make_pair(0., 0.);
      |                                         ^
[ 99%] Linking CXX executable ../../bin/llama-perplexity
[ 99%] Built target llama-retrieval
[ 99%] Built target llama-save-load-state
[ 99%] Built target llama-bench
[100%] Linking CXX executable ../../bin/llama-speculative
[100%] Built target llama-perplexity
[100%] Built target llama-speculative
[100%] Linking CXX executable ../../bin/llama-server
[100%] Built target llama-server

real	0m44.105s
user	1m41.773s
sys	0m12.558s
+ tee -a /home/ggml/results/llama.cpp/52/d537b56da6e7e16ab9cb0ab46590943cb942d5/ggml-3-arm64-cpu/ctest_debug-ctest.log
+ ctest --output-on-failure -L main -E test-opt
Test project /home/ggml/work/llama.cpp/build-ci-debug
      Start  1: test-tokenizer-0-bert-bge
 1/28 Test  #1: test-tokenizer-0-bert-bge .........   Passed    0.13 sec
      Start  2: test-tokenizer-0-command-r
 2/28 Test  #2: test-tokenizer-0-command-r ........   Passed    3.08 sec
      Start  3: test-tokenizer-0-deepseek-coder
 3/28 Test  #3: test-tokenizer-0-deepseek-coder ...   Passed    0.38 sec
      Start  4: test-tokenizer-0-deepseek-llm
 4/28 Test  #4: test-tokenizer-0-deepseek-llm .....   Passed    1.13 sec
      Start  5: test-tokenizer-0-falcon
 5/28 Test  #5: test-tokenizer-0-falcon ...........   Passed    0.69 sec
      Start  6: test-tokenizer-0-gpt-2
 6/28 Test  #6: test-tokenizer-0-gpt-2 ............   Passed    0.52 sec
      Start  7: test-tokenizer-0-llama-bpe
 7/28 Test  #7: test-tokenizer-0-llama-bpe ........   Passed    2.12 sec
      Start  8: test-tokenizer-0-llama-spm
 8/28 Test  #8: test-tokenizer-0-llama-spm ........   Passed    0.14 sec
      Start  9: test-tokenizer-0-mpt
 9/28 Test  #9: test-tokenizer-0-mpt ..............   Passed    0.52 sec
      Start 10: test-tokenizer-0-phi-3
10/28 Test #10: test-tokenizer-0-phi-3 ............   Passed    0.13 sec
      Start 11: test-tokenizer-0-qwen2
11/28 Test #11: test-tokenizer-0-qwen2 ............   Passed    1.75 sec
      Start 12: test-tokenizer-0-refact
12/28 Test #12: test-tokenizer-0-refact ...........   Passed    0.53 sec
      Start 13: test-tokenizer-0-starcoder
13/28 Test #13: test-tokenizer-0-starcoder ........   Passed    0.53 sec
      Start 14: test-tokenizer-1-llama-spm
14/28 Test #14: test-tokenizer-1-llama-spm ........   Passed    1.54 sec
      Start 15: test-log
15/28 Test #15: test-log ..........................   Passed    0.02 sec
      Start 16: test-arg-parser
16/28 Test #16: test-arg-parser ...................   Passed    0.02 sec
      Start 17: test-quantize-fns
17/28 Test #17: test-quantize-fns .................   Passed   32.71 sec
      Start 18: test-quantize-perf
18/28 Test #18: test-quantize-perf ................   Passed    9.94 sec
      Start 19: test-sampling
19/28 Test #19: test-sampling .....................   Passed    6.44 sec
      Start 20: test-chat-template
20/28 Test #20: test-chat-template ................   Passed    0.00 sec
      Start 21: test-grammar-parser
21/28 Test #21: test-grammar-parser ...............   Passed    0.00 sec
      Start 22: test-llama-grammar
22/28 Test #22: test-llama-grammar ................   Passed    0.00 sec
      Start 23: test-grammar-integration
23/28 Test #23: test-grammar-integration ..........   Passed    0.05 sec
      Start 24: test-grad0
24/28 Test #24: test-grad0 ........................   Passed    0.67 sec
      Start 25: test-barrier
25/28 Test #25: test-barrier ......................   Passed    1.73 sec
      Start 26: test-backend-ops
26/28 Test #26: test-backend-ops ..................   Passed    0.00 sec
      Start 27: test-rope
27/28 Test #27: test-rope .........................   Passed    0.07 sec
      Start 30: test-json-schema-to-grammar
28/28 Test #30: test-json-schema-to-grammar .......   Passed    2.45 sec

100% tests passed, 0 tests failed out of 28

Label Time Summary:
main    =  67.31 sec*proc (28 tests)

Total Test time (real) =  67.32 sec

real	1m7.332s
user	1m20.262s
sys	0m1.065s
+ set +e
+ cur=0
+ echo 0
+ set +x
+ gg_run_ctest_release
+ tee /home/ggml/results/llama.cpp/52/d537b56da6e7e16ab9cb0ab46590943cb942d5/ggml-3-arm64-cpu/ctest_release.log
+ cd /home/ggml/work/llama.cpp
+ rm -rf build-ci-release
+ mkdir build-ci-release
+ cd build-ci-release
+ set -e
+ gg_check_build_requirements
+ command -v cmake
+ command -v make
+ command -v ctest
+ tee -a /home/ggml/results/llama.cpp/52/d537b56da6e7e16ab9cb0ab46590943cb942d5/ggml-3-arm64-cpu/ctest_release-cmake.log
+ cmake -DCMAKE_BUILD_TYPE=Release -DLLAMA_FATAL_WARNINGS=ON ..
-- The C compiler identification is GNU 11.4.0
-- The CXX compiler identification is GNU 11.4.0
-- Detecting C compiler ABI info
-- Detecting C compiler ABI info - done
-- Check for working C compiler: /usr/bin/cc - skipped
-- Detecting C compile features
-- Detecting C compile features - done
-- Detecting CXX compiler ABI info
-- Detecting CXX compiler ABI info - done
-- Check for working CXX compiler: /usr/bin/c++ - skipped
-- Detecting CXX compile features
-- Detecting CXX compile features - done
-- Found Git: /usr/bin/git (found version "2.34.1") 
-- Looking for pthread.h
-- Looking for pthread.h - found
-- Performing Test CMAKE_HAVE_LIBC_PTHREAD
-- Performing Test CMAKE_HAVE_LIBC_PTHREAD - Success
-- Found Threads: TRUE  
-- Found OpenMP_C: -fopenmp (found version "4.5") 
-- Found OpenMP_CXX: -fopenmp (found version "4.5") 
-- Found OpenMP: TRUE (found version "4.5")  
-- OpenMP found
-- Using llamafile
-- Using AMX
-- ccache found, compilation results will be cached. Disable with GGML_CCACHE=OFF.
-- CMAKE_SYSTEM_PROCESSOR: aarch64
-- ARM detected
-- Performing Test COMPILER_SUPPORTS_FP16_FORMAT_I3E
-- Performing Test COMPILER_SUPPORTS_FP16_FORMAT_I3E - Failed
-- Configuring done
-- Generating done
-- Build files have been written to: /home/ggml/work/llama.cpp/build-ci-release

real	0m1.005s
user	0m0.673s
sys	0m0.334s
+ tee -a /home/ggml/results/llama.cpp/52/d537b56da6e7e16ab9cb0ab46590943cb942d5/ggml-3-arm64-cpu/ctest_release-make.log
++ nproc
+ make -j8
[  1%] Building C object examples/gguf-hash/CMakeFiles/sha256.dir/deps/sha256/sha256.c.o
[  1%] Building CXX object common/CMakeFiles/build_info.dir/build-info.cpp.o
[  2%] Building C object ggml/src/CMakeFiles/ggml.dir/ggml.c.o
[  2%] Building C object examples/gguf-hash/CMakeFiles/xxhash.dir/deps/xxhash/xxhash.c.o
[  3%] Building C object examples/gguf-hash/CMakeFiles/sha1.dir/deps/sha1/sha1.c.o
[  4%] Building C object ggml/src/CMakeFiles/ggml.dir/ggml-alloc.c.o
[  5%] Building C object ggml/src/CMakeFiles/ggml.dir/ggml-quants.c.o
[  5%] Building CXX object ggml/src/CMakeFiles/ggml.dir/ggml-backend.cpp.o
[  5%] Built target sha256
[  5%] Building CXX object ggml/src/CMakeFiles/ggml.dir/llamafile/sgemm.cpp.o
[  5%] Built target xxhash
[  6%] Building CXX object ggml/src/CMakeFiles/ggml.dir/ggml-amx/mmq.cpp.o
[  6%] Built target sha1
[  6%] Building CXX object ggml/src/CMakeFiles/ggml.dir/ggml-amx.cpp.o
[  7%] Building C object ggml/src/CMakeFiles/ggml.dir/ggml-aarch64.c.o
[  7%] Built target build_info
[  7%] Linking CXX shared library libggml.so
[  7%] Built target ggml
[  7%] Building CXX object examples/gguf-hash/CMakeFiles/llama-gguf-hash.dir/gguf-hash.cpp.o
[  9%] Building CXX object src/CMakeFiles/llama.dir/llama.cpp.o
[  9%] Building CXX object examples/gguf/CMakeFiles/llama-gguf.dir/gguf.cpp.o
[ 10%] Building CXX object src/CMakeFiles/llama.dir/llama-vocab.cpp.o
[ 10%] Building CXX object src/CMakeFiles/llama.dir/llama-grammar.cpp.o
[ 11%] Building CXX object src/CMakeFiles/llama.dir/llama-sampling.cpp.o
[ 11%] Building CXX object src/CMakeFiles/llama.dir/unicode.cpp.o
[ 12%] Building CXX object src/CMakeFiles/llama.dir/unicode-data.cpp.o
[ 13%] Linking CXX executable ../../bin/llama-gguf
[ 14%] Linking CXX executable ../../bin/llama-gguf-hash
[ 14%] Built target llama-gguf
[ 14%] Built target llama-gguf-hash
[ 14%] Linking CXX shared library libllama.so
[ 14%] Built target llama
[ 14%] Building CXX object common/CMakeFiles/common.dir/arg.cpp.o
[ 18%] Building CXX object examples/llava/CMakeFiles/llava.dir/clip.cpp.o
[ 18%] Building CXX object common/CMakeFiles/common.dir/common.cpp.o
[ 18%] Building C object tests/CMakeFiles/test-c.dir/test-c.c.o
[ 18%] Building CXX object examples/llava/CMakeFiles/llava.dir/llava.cpp.o
[ 18%] Building CXX object examples/simple/CMakeFiles/llama-simple.dir/simple.cpp.o
[ 18%] Building CXX object examples/simple-chat/CMakeFiles/llama-simple-chat.dir/simple-chat.cpp.o
[ 19%] Building CXX object examples/quantize-stats/CMakeFiles/llama-quantize-stats.dir/quantize-stats.cpp.o
[ 20%] Linking C executable ../bin/test-c
[ 20%] Linking CXX executable ../../bin/llama-simple
[ 21%] Linking CXX executable ../../bin/llama-simple-chat
[ 21%] Building CXX object common/CMakeFiles/common.dir/console.cpp.o
[ 22%] Building CXX object common/CMakeFiles/common.dir/json-schema-to-grammar.cpp.o
[ 22%] Built target test-c
[ 22%] Built target llava
[ 22%] Building CXX object common/CMakeFiles/common.dir/log.cpp.o
[ 23%] Building CXX object common/CMakeFiles/common.dir/ngram-cache.cpp.o
[ 23%] Linking CXX static library libllava_static.a
[ 23%] Building CXX object common/CMakeFiles/common.dir/sampling.cpp.o
[ 23%] Built target llama-simple
[ 23%] Built target llama-simple-chat
[ 24%] Building CXX object common/CMakeFiles/common.dir/train.cpp.o
[ 24%] Built target llava_static
[ 25%] Linking CXX shared library libllava_shared.so
[ 25%] Built target llava_shared
[ 25%] Linking CXX executable ../../bin/llama-quantize-stats
[ 25%] Built target llama-quantize-stats
[ 26%] Linking CXX static library libcommon.a
[ 26%] Built target common
[ 27%] Building CXX object tests/CMakeFiles/test-arg-parser.dir/test-arg-parser.cpp.o
[ 27%] Building CXX object tests/CMakeFiles/test-log.dir/test-log.cpp.o
[ 27%] Building CXX object tests/CMakeFiles/test-tokenizer-0.dir/test-tokenizer-0.cpp.o
[ 27%] Building CXX object tests/CMakeFiles/test-tokenizer-1-bpe.dir/test-tokenizer-1-bpe.cpp.o
[ 27%] Building CXX object tests/CMakeFiles/test-tokenizer-1-spm.dir/test-tokenizer-1-spm.cpp.o
[ 27%] Building CXX object tests/CMakeFiles/test-quantize-perf.dir/test-quantize-perf.cpp.o
[ 28%] Building CXX object tests/CMakeFiles/test-quantize-fns.dir/test-quantize-fns.cpp.o
[ 29%] Building CXX object tests/CMakeFiles/test-sampling.dir/test-sampling.cpp.o
[ 30%] Building CXX object tests/CMakeFiles/test-log.dir/get-model.cpp.o
[ 31%] Building CXX object tests/CMakeFiles/test-quantize-perf.dir/get-model.cpp.o
[ 31%] Linking CXX executable ../bin/test-log
[ 31%] Building CXX object tests/CMakeFiles/test-sampling.dir/get-model.cpp.o
[ 31%] Linking CXX executable ../bin/test-quantize-perf
[ 31%] Building CXX object tests/CMakeFiles/test-quantize-fns.dir/get-model.cpp.o
[ 32%] Linking CXX executable ../bin/test-sampling
[ 33%] Linking CXX executable ../bin/test-quantize-fns
[ 33%] Built target test-log
[ 33%] Built target test-quantize-perf
[ 33%] Building CXX object tests/CMakeFiles/test-chat-template.dir/test-chat-template.cpp.o
[ 33%] Built target test-sampling
[ 33%] Building CXX object tests/CMakeFiles/test-grammar-parser.dir/test-grammar-parser.cpp.o
[ 33%] Built target test-quantize-fns
[ 34%] Building CXX object tests/CMakeFiles/test-llama-grammar.dir/test-llama-grammar.cpp.o
[ 35%] Building CXX object tests/CMakeFiles/test-grammar-parser.dir/get-model.cpp.o
[ 36%] Building CXX object tests/CMakeFiles/test-grammar-integration.dir/test-grammar-integration.cpp.o
[ 36%] Building CXX object tests/CMakeFiles/test-llama-grammar.dir/get-model.cpp.o
[ 36%] Linking CXX executable ../bin/test-grammar-parser
[ 37%] Linking CXX executable ../bin/test-llama-grammar
[ 37%] Building CXX object tests/CMakeFiles/test-grammar-integration.dir/get-model.cpp.o
[ 38%] Linking CXX executable ../bin/test-grammar-integration
[ 38%] Built target test-grammar-parser
[ 38%] Building CXX object tests/CMakeFiles/test-grad0.dir/test-grad0.cpp.o
[ 38%] Built target test-llama-grammar
[ 39%] Building CXX object tests/CMakeFiles/test-grad0.dir/get-model.cpp.o
[ 40%] Building CXX object tests/CMakeFiles/test-barrier.dir/test-barrier.cpp.o
[ 40%] Linking CXX executable ../bin/test-grad0
[ 40%] Built target test-grammar-integration
[ 40%] Building CXX object tests/CMakeFiles/test-barrier.dir/get-model.cpp.o
[ 41%] Linking CXX executable ../bin/test-barrier
[ 42%] Building CXX object tests/CMakeFiles/test-backend-ops.dir/test-backend-ops.cpp.o
[ 43%] Building CXX object tests/CMakeFiles/test-backend-ops.dir/get-model.cpp.o
[ 43%] Linking CXX executable ../bin/test-backend-ops
[ 43%] Built target test-grad0
[ 44%] Building CXX object tests/CMakeFiles/test-rope.dir/test-rope.cpp.o
[ 44%] Built target test-barrier
[ 44%] Building CXX object tests/CMakeFiles/test-rope.dir/get-model.cpp.o
[ 45%] Building CXX object tests/CMakeFiles/test-model-load-cancel.dir/test-model-load-cancel.cpp.o
[ 46%] Linking CXX executable ../bin/test-rope
[ 47%] Building CXX object tests/CMakeFiles/test-model-load-cancel.dir/get-model.cpp.o
[ 47%] Linking CXX executable ../bin/test-model-load-cancel
[ 47%] Built target test-backend-ops
[ 47%] Building CXX object tests/CMakeFiles/test-autorelease.dir/test-autorelease.cpp.o
[ 47%] Built target test-rope
[ 48%] Building CXX object tests/CMakeFiles/test-json-schema-to-grammar.dir/test-json-schema-to-grammar.cpp.o
[ 49%] Building CXX object tests/CMakeFiles/test-autorelease.dir/get-model.cpp.o
[ 49%] Built target test-model-load-cancel
[ 49%] Linking CXX executable ../bin/test-autorelease
[ 50%] Building CXX object tests/CMakeFiles/test-json-schema-to-grammar.dir/get-model.cpp.o
[ 50%] Building CXX object examples/cvector-generator/CMakeFiles/llama-cvector-generator.dir/cvector-generator.cpp.o
[ 50%] Linking CXX executable ../bin/test-json-schema-to-grammar
[ 50%] Built target test-autorelease
[ 51%] Building CXX object examples/baby-llama/CMakeFiles/llama-baby-llama.dir/baby-llama.cpp.o
[ 51%] Linking CXX executable ../../bin/llama-baby-llama
[ 51%] Built target test-json-schema-to-grammar
[ 51%] Building CXX object examples/batched-bench/CMakeFiles/llama-batched-bench.dir/batched-bench.cpp.o
[ 52%] Linking CXX executable ../bin/test-tokenizer-1-spm
[ 52%] Built target llama-baby-llama
[ 53%] Building CXX object examples/batched/CMakeFiles/llama-batched.dir/batched.cpp.o
[ 54%] Linking CXX executable ../bin/test-tokenizer-1-bpe
[ 54%] Built target test-tokenizer-1-spm
[ 54%] Building CXX object examples/convert-llama2c-to-ggml/CMakeFiles/llama-convert-llama2c-to-ggml.dir/convert-llama2c-to-ggml.cpp.o
[ 54%] Built target test-tokenizer-1-bpe
[ 55%] Building CXX object tests/CMakeFiles/test-chat-template.dir/get-model.cpp.o
[ 56%] Linking CXX executable ../bin/test-chat-template
[ 57%] Building CXX object examples/embedding/CMakeFiles/llama-embedding.dir/embedding.cpp.o
[ 57%] Built target test-chat-template
[ 58%] Building CXX object examples/eval-callback/CMakeFiles/llama-eval-callback.dir/eval-callback.cpp.o
[ 59%] Linking CXX executable ../bin/test-tokenizer-0
[ 59%] Building CXX object tests/CMakeFiles/test-arg-parser.dir/get-model.cpp.o
[ 59%] Built target test-tokenizer-0
[ 60%] Linking CXX executable ../bin/test-arg-parser
[ 61%] Building CXX object examples/export-lora/CMakeFiles/llama-export-lora.dir/export-lora.cpp.o
[ 61%] Built target test-arg-parser
[ 62%] Building CXX object examples/gbnf-validator/CMakeFiles/llama-gbnf-validator.dir/gbnf-validator.cpp.o
[ 62%] Linking CXX executable ../../bin/llama-gbnf-validator
[ 62%] Built target llama-gbnf-validator
[ 62%] Building CXX object examples/gguf-split/CMakeFiles/llama-gguf-split.dir/gguf-split.cpp.o
[ 63%] Linking CXX executable ../../bin/llama-batched-bench
[ 64%] Linking CXX executable ../../bin/llama-batched
[ 64%] Built target llama-batched-bench
[ 64%] Building CXX object examples/gritlm/CMakeFiles/llama-gritlm.dir/gritlm.cpp.o
[ 64%] Linking CXX executable ../../bin/llama-eval-callback
[ 64%] Built target llama-batched
[ 64%] Building CXX object examples/imatrix/CMakeFiles/llama-imatrix.dir/imatrix.cpp.o
[ 64%] Built target llama-eval-callback
[ 64%] Linking CXX executable ../../bin/llama-embedding
[ 64%] Building CXX object examples/infill/CMakeFiles/llama-infill.dir/infill.cpp.o
[ 64%] Built target llama-embedding
[ 64%] Building CXX object examples/llama-bench/CMakeFiles/llama-bench.dir/llama-bench.cpp.o
[ 65%] Linking CXX executable ../../bin/llama-convert-llama2c-to-ggml
[ 65%] Built target llama-convert-llama2c-to-ggml
[ 66%] Building CXX object examples/llava/CMakeFiles/llama-llava-cli.dir/llava-cli.cpp.o
[ 67%] Linking CXX executable ../../bin/llama-gguf-split
[ 67%] Built target llama-gguf-split
[ 68%] Linking CXX executable ../../bin/llama-cvector-generator
[ 68%] Building CXX object examples/llava/CMakeFiles/llama-minicpmv-cli.dir/minicpmv-cli.cpp.o
[ 68%] Built target llama-cvector-generator
[ 69%] Building CXX object examples/lookahead/CMakeFiles/llama-lookahead.dir/lookahead.cpp.o
[ 70%] Linking CXX executable ../../bin/llama-gritlm
[ 70%] Built target llama-gritlm
[ 71%] Building CXX object examples/lookup/CMakeFiles/llama-lookup.dir/lookup.cpp.o
[ 71%] Linking CXX executable ../../bin/llama-export-lora
[ 71%] Built target llama-export-lora
[ 72%] Building CXX object examples/lookup/CMakeFiles/llama-lookup-create.dir/lookup-create.cpp.o
[ 73%] Linking CXX executable ../../bin/llama-infill
[ 73%] Linking CXX executable ../../bin/llama-llava-cli
[ 73%] Built target llama-infill
[ 74%] Building CXX object examples/lookup/CMakeFiles/llama-lookup-merge.dir/lookup-merge.cpp.o
[ 74%] Built target llama-llava-cli
[ 74%] Building CXX object examples/lookup/CMakeFiles/llama-lookup-stats.dir/lookup-stats.cpp.o
[ 75%] Linking CXX executable ../../bin/llama-minicpmv-cli
[ 75%] Built target llama-minicpmv-cli
[ 75%] Building CXX object examples/main/CMakeFiles/llama-cli.dir/main.cpp.o
[ 75%] Linking CXX executable ../../bin/llama-lookahead
[ 75%] Linking CXX executable ../../bin/llama-lookup
[ 75%] Built target llama-lookahead
[ 75%] Building CXX object examples/parallel/CMakeFiles/llama-parallel.dir/parallel.cpp.o
[ 75%] Linking CXX executable ../../bin/llama-lookup-create
[ 76%] Linking CXX executable ../../bin/llama-lookup-merge
[ 76%] Built target llama-lookup
[ 76%] Building CXX object examples/passkey/CMakeFiles/llama-passkey.dir/passkey.cpp.o
[ 76%] Built target llama-lookup-merge
[ 76%] Building CXX object examples/perplexity/CMakeFiles/llama-perplexity.dir/perplexity.cpp.o
[ 76%] Built target llama-lookup-create
[ 77%] Building CXX object examples/quantize/CMakeFiles/llama-quantize.dir/quantize.cpp.o
[ 78%] Linking CXX executable ../../bin/llama-imatrix
[ 78%] Built target llama-imatrix
[ 79%] Building CXX object examples/retrieval/CMakeFiles/llama-retrieval.dir/retrieval.cpp.o
[ 80%] Linking CXX executable ../../bin/llama-lookup-stats
[ 80%] Built target llama-lookup-stats
[ 81%] Generating theme-snowstorm.css.hpp
[ 81%] Generating colorthemes.css.hpp
[ 81%] Generating completion.js.hpp
[ 82%] Generating index-new.html.hpp
[ 82%] Generating index.html.hpp
[ 83%] Generating index.js.hpp
[ 84%] Generating json-schema-to-grammar.mjs.hpp
[ 84%] Generating loading.html.hpp
[ 84%] Generating prompt-formats.js.hpp
[ 85%] Generating style.css.hpp
[ 86%] Linking CXX executable ../../bin/llama-passkey
[ 87%] Generating system-prompts.js.hpp
[ 87%] Generating theme-beeninorder.css.hpp
[ 88%] Generating theme-ketivah.css.hpp
[ 88%] Built target llama-passkey
[ 88%] Generating theme-mangotango.css.hpp
[ 89%] Building CXX object examples/save-load-state/CMakeFiles/llama-save-load-state.dir/save-load-state.cpp.o
[ 90%] Generating theme-playground.css.hpp
[ 91%] Linking CXX executable ../../bin/llama-parallel
[ 91%] Generating theme-polarnight.css.hpp
[ 92%] Building CXX object examples/server/CMakeFiles/llama-server.dir/server.cpp.o
[ 92%] Built target llama-parallel
[ 92%] Building CXX object examples/speculative/CMakeFiles/llama-speculative.dir/speculative.cpp.o
[ 92%] Linking CXX executable ../../bin/llama-quantize
[ 92%] Built target llama-quantize
[ 92%] Building CXX object examples/tokenize/CMakeFiles/llama-tokenize.dir/tokenize.cpp.o
[ 93%] Linking CXX executable ../../bin/llama-cli
[ 93%] Built target llama-cli
[ 93%] Building CXX object pocs/vdot/CMakeFiles/llama-vdot.dir/vdot.cpp.o
[ 94%] Linking CXX executable ../../bin/llama-vdot
[ 94%] Built target llama-vdot
[ 95%] Building CXX object pocs/vdot/CMakeFiles/llama-q8dot.dir/q8dot.cpp.o
[ 95%] Linking CXX executable ../../bin/llama-q8dot
[ 95%] Built target llama-q8dot
[ 96%] Linking CXX executable ../../bin/llama-save-load-state
[ 97%] Linking CXX executable ../../bin/llama-tokenize
[ 97%] Linking CXX executable ../../bin/llama-retrieval
[ 97%] Built target llama-tokenize
[ 97%] Built target llama-save-load-state
[ 97%] Built target llama-retrieval
[ 98%] Linking CXX executable ../../bin/llama-speculative
[ 98%] Built target llama-speculative
/home/ggml/work/llama.cpp/examples/perplexity/perplexity.cpp: In lambda function:
/home/ggml/work/llama.cpp/examples/perplexity/perplexity.cpp:1768:41: note: parameter passing for argument of type ‘std::pair<double, double>’ when C++17 is enabled changed to match C++14 in GCC 10.1
 1768 |             return std::make_pair(0., 0.);
      |                                         ^
[ 99%] Linking CXX executable ../../bin/llama-perplexity
[ 99%] Built target llama-perplexity
[100%] Linking CXX executable ../../bin/llama-bench
[100%] Built target llama-bench
[100%] Linking CXX executable ../../bin/llama-server
[100%] Built target llama-server

real	1m17.544s
user	2m24.747s
sys	0m8.951s
+ '[' -z ']'
+ tee -a /home/ggml/results/llama.cpp/52/d537b56da6e7e16ab9cb0ab46590943cb942d5/ggml-3-arm64-cpu/ctest_release-ctest.log
+ ctest --output-on-failure -L main
Test project /home/ggml/work/llama.cpp/build-ci-release
      Start  1: test-tokenizer-0-bert-bge
 1/28 Test  #1: test-tokenizer-0-bert-bge .........   Passed    0.04 sec
      Start  2: test-tokenizer-0-command-r
 2/28 Test  #2: test-tokenizer-0-command-r ........   Passed    0.96 sec
      Start  3: test-tokenizer-0-deepseek-coder
 3/28 Test  #3: test-tokenizer-0-deepseek-coder ...   Passed    0.09 sec
      Start  4: test-tokenizer-0-deepseek-llm
 4/28 Test  #4: test-tokenizer-0-deepseek-llm .....   Passed    0.32 sec
      Start  5: test-tokenizer-0-falcon
 5/28 Test  #5: test-tokenizer-0-falcon ...........   Passed    0.18 sec
      Start  6: test-tokenizer-0-gpt-2
 6/28 Test  #6: test-tokenizer-0-gpt-2 ............   Passed    0.14 sec
      Start  7: test-tokenizer-0-llama-bpe
 7/28 Test  #7: test-tokenizer-0-llama-bpe ........   Passed    0.65 sec
      Start  8: test-tokenizer-0-llama-spm
 8/28 Test  #8: test-tokenizer-0-llama-spm ........   Passed    0.06 sec
      Start  9: test-tokenizer-0-mpt
 9/28 Test  #9: test-tokenizer-0-mpt ..............   Passed    0.14 sec
      Start 10: test-tokenizer-0-phi-3
10/28 Test #10: test-tokenizer-0-phi-3 ............   Passed    0.06 sec
      Start 11: test-tokenizer-0-qwen2
11/28 Test #11: test-tokenizer-0-qwen2 ............   Passed    0.49 sec
      Start 12: test-tokenizer-0-refact
12/28 Test #12: test-tokenizer-0-refact ...........   Passed    0.15 sec
      Start 13: test-tokenizer-0-starcoder
13/28 Test #13: test-tokenizer-0-starcoder ........   Passed    0.15 sec
      Start 14: test-tokenizer-1-llama-spm
14/28 Test #14: test-tokenizer-1-llama-spm ........   Passed    0.25 sec
      Start 15: test-log
15/28 Test #15: test-log ..........................   Passed    0.02 sec
      Start 16: test-arg-parser
16/28 Test #16: test-arg-parser ...................   Passed    0.01 sec
      Start 17: test-quantize-fns
17/28 Test #17: test-quantize-fns .................   Passed   16.94 sec
      Start 18: test-quantize-perf
18/28 Test #18: test-quantize-perf ................   Passed    4.78 sec
      Start 19: test-sampling
19/28 Test #19: test-sampling .....................   Passed    1.31 sec
      Start 20: test-chat-template
20/28 Test #20: test-chat-template ................   Passed    0.00 sec
      Start 21: test-grammar-parser
21/28 Test #21: test-grammar-parser ...............   Passed    0.00 sec
      Start 22: test-llama-grammar
22/28 Test #22: test-llama-grammar ................   Passed    0.00 sec
      Start 23: test-grammar-integration
23/28 Test #23: test-grammar-integration ..........   Passed    0.01 sec
      Start 24: test-grad0
24/28 Test #24: test-grad0 ........................   Passed    0.35 sec
      Start 25: test-barrier
25/28 Test #25: test-barrier ......................   Passed    0.35 sec
      Start 26: test-backend-ops
26/28 Test #26: test-backend-ops ..................   Passed    0.00 sec
      Start 27: test-rope
27/28 Test #27: test-rope .........................   Passed    0.05 sec
      Start 30: test-json-schema-to-grammar
28/28 Test #30: test-json-schema-to-grammar .......   Passed    2.42 sec

100% tests passed, 0 tests failed out of 28

Label Time Summary:
main    =  29.93 sec*proc (28 tests)

Total Test time (real) =  29.94 sec

real	0m29.952s
user	0m31.931s
sys	0m0.994s
+ set +e
+ cur=0
+ echo 0
+ set +x
+ gg_run_embd_bge_small
+ cd /home/ggml/work/llama.cpp
+ tee /home/ggml/results/llama.cpp/52/d537b56da6e7e16ab9cb0ab46590943cb942d5/ggml-3-arm64-cpu/embd_bge_small.log
+ gg_wget models-mnt/bge-small/ https://huggingface.co/BAAI/bge-small-en-v1.5/raw/main/config.json
+ local out=models-mnt/bge-small/
+ local url=https://huggingface.co/BAAI/bge-small-en-v1.5/raw/main/config.json
++ pwd
+ local cwd=/home/ggml/work/llama.cpp
+ mkdir -p models-mnt/bge-small/
+ cd models-mnt/bge-small/
+ wget -nv -N https://huggingface.co/BAAI/bge-small-en-v1.5/raw/main/config.json
Last-modified header missing -- time-stamps turned off.
2024-11-02 10:40:20 URL:https://huggingface.co/BAAI/bge-small-en-v1.5/raw/main/config.json [743/743] -> "config.json" [1]
+ cd /home/ggml/work/llama.cpp
+ gg_wget models-mnt/bge-small/ https://huggingface.co/BAAI/bge-small-en-v1.5/raw/main/tokenizer.json
+ local out=models-mnt/bge-small/
+ local url=https://huggingface.co/BAAI/bge-small-en-v1.5/raw/main/tokenizer.json
++ pwd
+ local cwd=/home/ggml/work/llama.cpp
+ mkdir -p models-mnt/bge-small/
+ cd models-mnt/bge-small/
+ wget -nv -N https://huggingface.co/BAAI/bge-small-en-v1.5/raw/main/tokenizer.json
Last-modified header missing -- time-stamps turned off.
2024-11-02 10:40:21 URL:https://huggingface.co/BAAI/bge-small-en-v1.5/raw/main/tokenizer.json [711396/711396] -> "tokenizer.json" [1]
+ cd /home/ggml/work/llama.cpp
+ gg_wget models-mnt/bge-small/ https://huggingface.co/BAAI/bge-small-en-v1.5/raw/main/tokenizer_config.json
+ local out=models-mnt/bge-small/
+ local url=https://huggingface.co/BAAI/bge-small-en-v1.5/raw/main/tokenizer_config.json
++ pwd
+ local cwd=/home/ggml/work/llama.cpp
+ mkdir -p models-mnt/bge-small/
+ cd models-mnt/bge-small/
+ wget -nv -N https://huggingface.co/BAAI/bge-small-en-v1.5/raw/main/tokenizer_config.json
Last-modified header missing -- time-stamps turned off.
2024-11-02 10:40:21 URL:https://huggingface.co/BAAI/bge-small-en-v1.5/raw/main/tokenizer_config.json [366/366] -> "tokenizer_config.json" [1]
+ cd /home/ggml/work/llama.cpp
+ gg_wget models-mnt/bge-small/ https://huggingface.co/BAAI/bge-small-en-v1.5/raw/main/special_tokens_map.json
+ local out=models-mnt/bge-small/
+ local url=https://huggingface.co/BAAI/bge-small-en-v1.5/raw/main/special_tokens_map.json
++ pwd
+ local cwd=/home/ggml/work/llama.cpp
+ mkdir -p models-mnt/bge-small/
+ cd models-mnt/bge-small/
+ wget -nv -N https://huggingface.co/BAAI/bge-small-en-v1.5/raw/main/special_tokens_map.json
Last-modified header missing -- time-stamps turned off.
2024-11-02 10:40:21 URL:https://huggingface.co/BAAI/bge-small-en-v1.5/raw/main/special_tokens_map.json [125/125] -> "special_tokens_map.json" [1]
+ cd /home/ggml/work/llama.cpp
+ gg_wget models-mnt/bge-small/ https://huggingface.co/BAAI/bge-small-en-v1.5/resolve/main/pytorch_model.bin
+ local out=models-mnt/bge-small/
+ local url=https://huggingface.co/BAAI/bge-small-en-v1.5/resolve/main/pytorch_model.bin
++ pwd
+ local cwd=/home/ggml/work/llama.cpp
+ mkdir -p models-mnt/bge-small/
+ cd models-mnt/bge-small/
+ wget -nv -N https://huggingface.co/BAAI/bge-small-en-v1.5/resolve/main/pytorch_model.bin
+ cd /home/ggml/work/llama.cpp
+ gg_wget models-mnt/bge-small/ https://huggingface.co/BAAI/bge-small-en-v1.5/raw/main/sentence_bert_config.json
+ local out=models-mnt/bge-small/
+ local url=https://huggingface.co/BAAI/bge-small-en-v1.5/raw/main/sentence_bert_config.json
++ pwd
+ local cwd=/home/ggml/work/llama.cpp
+ mkdir -p models-mnt/bge-small/
+ cd models-mnt/bge-small/
+ wget -nv -N https://huggingface.co/BAAI/bge-small-en-v1.5/raw/main/sentence_bert_config.json
Last-modified header missing -- time-stamps turned off.
2024-11-02 10:40:21 URL:https://huggingface.co/BAAI/bge-small-en-v1.5/raw/main/sentence_bert_config.json [52/52] -> "sentence_bert_config.json" [1]
+ cd /home/ggml/work/llama.cpp
+ gg_wget models-mnt/bge-small/ https://huggingface.co/BAAI/bge-small-en-v1.5/raw/main/vocab.txt
+ local out=models-mnt/bge-small/
+ local url=https://huggingface.co/BAAI/bge-small-en-v1.5/raw/main/vocab.txt
++ pwd
+ local cwd=/home/ggml/work/llama.cpp
+ mkdir -p models-mnt/bge-small/
+ cd models-mnt/bge-small/
+ wget -nv -N https://huggingface.co/BAAI/bge-small-en-v1.5/raw/main/vocab.txt
Last-modified header missing -- time-stamps turned off.
2024-11-02 10:40:21 URL:https://huggingface.co/BAAI/bge-small-en-v1.5/raw/main/vocab.txt [231508/231508] -> "vocab.txt" [1]
+ cd /home/ggml/work/llama.cpp
+ gg_wget models-mnt/bge-small/ https://huggingface.co/BAAI/bge-small-en-v1.5/raw/main/modules.json
+ local out=models-mnt/bge-small/
+ local url=https://huggingface.co/BAAI/bge-small-en-v1.5/raw/main/modules.json
++ pwd
+ local cwd=/home/ggml/work/llama.cpp
+ mkdir -p models-mnt/bge-small/
+ cd models-mnt/bge-small/
+ wget -nv -N https://huggingface.co/BAAI/bge-small-en-v1.5/raw/main/modules.json
Last-modified header missing -- time-stamps turned off.
2024-11-02 10:40:21 URL:https://huggingface.co/BAAI/bge-small-en-v1.5/raw/main/modules.json [349/349] -> "modules.json" [1]
+ cd /home/ggml/work/llama.cpp
+ gg_wget models-mnt/bge-small/ https://huggingface.co/BAAI/bge-small-en-v1.5/raw/main/config.json
+ local out=models-mnt/bge-small/
+ local url=https://huggingface.co/BAAI/bge-small-en-v1.5/raw/main/config.json
++ pwd
+ local cwd=/home/ggml/work/llama.cpp
+ mkdir -p models-mnt/bge-small/
+ cd models-mnt/bge-small/
+ wget -nv -N https://huggingface.co/BAAI/bge-small-en-v1.5/raw/main/config.json
Last-modified header missing -- time-stamps turned off.
2024-11-02 10:40:21 URL:https://huggingface.co/BAAI/bge-small-en-v1.5/raw/main/config.json [743/743] -> "config.json" [1]
+ cd /home/ggml/work/llama.cpp
+ gg_wget models-mnt/bge-small/1_Pooling https://huggingface.co/BAAI/bge-small-en-v1.5/raw/main/1_Pooling/config.json
+ local out=models-mnt/bge-small/1_Pooling
+ local url=https://huggingface.co/BAAI/bge-small-en-v1.5/raw/main/1_Pooling/config.json
++ pwd
+ local cwd=/home/ggml/work/llama.cpp
+ mkdir -p models-mnt/bge-small/1_Pooling
+ cd models-mnt/bge-small/1_Pooling
+ wget -nv -N https://huggingface.co/BAAI/bge-small-en-v1.5/raw/main/1_Pooling/config.json
Last-modified header missing -- time-stamps turned off.
2024-11-02 10:40:21 URL:https://huggingface.co/BAAI/bge-small-en-v1.5/raw/main/1_Pooling/config.json [190/190] -> "config.json" [1]
+ cd /home/ggml/work/llama.cpp
+ path_models=../models-mnt/bge-small
+ rm -rf build-ci-release
+ mkdir build-ci-release
+ cd build-ci-release
+ set -e
+ tee -a /home/ggml/results/llama.cpp/52/d537b56da6e7e16ab9cb0ab46590943cb942d5/ggml-3-arm64-cpu/embd_bge_small-cmake.log
+ cmake -DCMAKE_BUILD_TYPE=Release -DLLAMA_FATAL_WARNINGS=ON ..
-- The C compiler identification is GNU 11.4.0
-- The CXX compiler identification is GNU 11.4.0
-- Detecting C compiler ABI info
-- Detecting C compiler ABI info - done
-- Check for working C compiler: /usr/bin/cc - skipped
-- Detecting C compile features
-- Detecting C compile features - done
-- Detecting CXX compiler ABI info
-- Detecting CXX compiler ABI info - done
-- Check for working CXX compiler: /usr/bin/c++ - skipped
-- Detecting CXX compile features
-- Detecting CXX compile features - done
-- Found Git: /usr/bin/git (found version "2.34.1") 
-- Looking for pthread.h
-- Looking for pthread.h - found
-- Performing Test CMAKE_HAVE_LIBC_PTHREAD
-- Performing Test CMAKE_HAVE_LIBC_PTHREAD - Success
-- Found Threads: TRUE  
-- Found OpenMP_C: -fopenmp (found version "4.5") 
-- Found OpenMP_CXX: -fopenmp (found version "4.5") 
-- Found OpenMP: TRUE (found version "4.5")  
-- OpenMP found
-- Using llamafile
-- Using AMX
-- ccache found, compilation results will be cached. Disable with GGML_CCACHE=OFF.
-- CMAKE_SYSTEM_PROCESSOR: aarch64
-- ARM detected
-- Performing Test COMPILER_SUPPORTS_FP16_FORMAT_I3E
-- Performing Test COMPILER_SUPPORTS_FP16_FORMAT_I3E - Failed
-- Configuring done
-- Generating done
-- Build files have been written to: /home/ggml/work/llama.cpp/build-ci-release

real	0m1.015s
user	0m0.658s
sys	0m0.361s
+ tee -a /home/ggml/results/llama.cpp/52/d537b56da6e7e16ab9cb0ab46590943cb942d5/ggml-3-arm64-cpu/embd_bge_small-make.log
++ nproc
+ make -j8
[  4%] Building C object examples/gguf-hash/CMakeFiles/xxhash.dir/deps/xxhash/xxhash.c.o
[  4%] Building CXX object ggml/src/CMakeFiles/ggml.dir/ggml-backend.cpp.o
[  4%] Building C object ggml/src/CMakeFiles/ggml.dir/ggml-quants.c.o
[  4%] Building C object ggml/src/CMakeFiles/ggml.dir/ggml.c.o
[  4%] Building CXX object common/CMakeFiles/build_info.dir/build-info.cpp.o
[  4%] Building C object examples/gguf-hash/CMakeFiles/sha1.dir/deps/sha1/sha1.c.o
[  5%] Building C object ggml/src/CMakeFiles/ggml.dir/ggml-alloc.c.o
[  5%] Building C object examples/gguf-hash/CMakeFiles/sha256.dir/deps/sha256/sha256.c.o
[  5%] Building CXX object ggml/src/CMakeFiles/ggml.dir/llamafile/sgemm.cpp.o
[  5%] Built target build_info
[  5%] Built target sha1
[  5%] Built target xxhash
[  5%] Built target sha256
[  6%] Building CXX object ggml/src/CMakeFiles/ggml.dir/ggml-amx/mmq.cpp.o
[  6%] Building CXX object ggml/src/CMakeFiles/ggml.dir/ggml-amx.cpp.o
[  7%] Building C object ggml/src/CMakeFiles/ggml.dir/ggml-aarch64.c.o
[  7%] Linking CXX shared library libggml.so
[  7%] Built target ggml
[ 10%] Building CXX object examples/gguf/CMakeFiles/llama-gguf.dir/gguf.cpp.o
[ 10%] Building CXX object examples/gguf-hash/CMakeFiles/llama-gguf-hash.dir/gguf-hash.cpp.o
[ 10%] Building CXX object src/CMakeFiles/llama.dir/unicode.cpp.o
[ 10%] Building CXX object src/CMakeFiles/llama.dir/llama-grammar.cpp.o
[ 11%] Building CXX object src/CMakeFiles/llama.dir/llama-sampling.cpp.o
[ 11%] Building CXX object src/CMakeFiles/llama.dir/llama.cpp.o
[ 10%] Building CXX object src/CMakeFiles/llama.dir/llama-vocab.cpp.o
[ 12%] Building CXX object src/CMakeFiles/llama.dir/unicode-data.cpp.o
[ 13%] Linking CXX executable ../../bin/llama-gguf
[ 14%] Linking CXX executable ../../bin/llama-gguf-hash
[ 14%] Linking CXX shared library libllama.so
[ 14%] Built target llama-gguf
[ 14%] Built target llama-gguf-hash
[ 14%] Built target llama
[ 15%] Building CXX object examples/simple-chat/CMakeFiles/llama-simple-chat.dir/simple-chat.cpp.o
[ 18%] Building CXX object examples/llava/CMakeFiles/llava.dir/clip.cpp.o
[ 19%] Building CXX object examples/simple/CMakeFiles/llama-simple.dir/simple.cpp.o
[ 15%] Building CXX object examples/llava/CMakeFiles/llava.dir/llava.cpp.o
[ 15%] Building CXX object common/CMakeFiles/common.dir/arg.cpp.o
[ 19%] Building CXX object common/CMakeFiles/common.dir/common.cpp.o
[ 19%] Building CXX object examples/quantize-stats/CMakeFiles/llama-quantize-stats.dir/quantize-stats.cpp.o
[ 19%] Building C object tests/CMakeFiles/test-c.dir/test-c.c.o
[ 19%] Building CXX object common/CMakeFiles/common.dir/console.cpp.o
[ 20%] Linking CXX executable ../../bin/llama-simple-chat
[ 20%] Linking CXX executable ../../bin/llama-simple
[ 21%] Linking C executable ../bin/test-c
[ 21%] Linking CXX executable ../../bin/llama-quantize-stats
[ 21%] Built target llava
[ 22%] Building CXX object common/CMakeFiles/common.dir/json-schema-to-grammar.cpp.o
[ 22%] Building CXX object common/CMakeFiles/common.dir/log.cpp.o
[ 23%] Building CXX object common/CMakeFiles/common.dir/ngram-cache.cpp.o
[ 23%] Building CXX object common/CMakeFiles/common.dir/sampling.cpp.o
[ 23%] Built target test-c
[ 24%] Linking CXX static library libllava_static.a
[ 24%] Building CXX object common/CMakeFiles/common.dir/train.cpp.o
[ 25%] Linking CXX shared library libllava_shared.so
[ 26%] Linking CXX static library libcommon.a
[ 26%] Built target llama-simple
[ 26%] Built target llava_static
[ 26%] Built target llama-simple-chat
[ 26%] Built target llama-quantize-stats
[ 26%] Built target common
[ 26%] Built target llava_shared
[ 27%] Building CXX object tests/CMakeFiles/test-tokenizer-0.dir/test-tokenizer-0.cpp.o
[ 27%] Building CXX object tests/CMakeFiles/test-arg-parser.dir/test-arg-parser.cpp.o
[ 27%] Building CXX object tests/CMakeFiles/test-tokenizer-1-bpe.dir/test-tokenizer-1-bpe.cpp.o
[ 27%] Building CXX object tests/CMakeFiles/test-log.dir/test-log.cpp.o
[ 27%] Building CXX object tests/CMakeFiles/test-tokenizer-1-spm.dir/test-tokenizer-1-spm.cpp.o
[ 28%] Building CXX object tests/CMakeFiles/test-quantize-fns.dir/test-quantize-fns.cpp.o
[ 28%] Building CXX object tests/CMakeFiles/test-quantize-perf.dir/test-quantize-perf.cpp.o
[ 29%] Building CXX object tests/CMakeFiles/test-log.dir/get-model.cpp.o
[ 29%] Building CXX object tests/CMakeFiles/test-quantize-fns.dir/get-model.cpp.o
[ 31%] Linking CXX executable ../bin/test-tokenizer-1-bpe
[ 31%] Building CXX object tests/CMakeFiles/test-sampling.dir/test-sampling.cpp.o
[ 32%] Linking CXX executable ../bin/test-tokenizer-1-spm
[ 32%] Building CXX object tests/CMakeFiles/test-arg-parser.dir/get-model.cpp.o
[ 33%] Building CXX object tests/CMakeFiles/test-quantize-perf.dir/get-model.cpp.o
[ 34%] Linking CXX executable ../bin/test-tokenizer-0
[ 34%] Linking CXX executable ../bin/test-log
[ 35%] Linking CXX executable ../bin/test-quantize-fns
[ 36%] Linking CXX executable ../bin/test-arg-parser
[ 36%] Linking CXX executable ../bin/test-quantize-perf
[ 36%] Building CXX object tests/CMakeFiles/test-sampling.dir/get-model.cpp.o
[ 37%] Linking CXX executable ../bin/test-sampling
[ 37%] Built target test-log
[ 37%] Built target test-quantize-perf
[ 37%] Built target test-quantize-fns
[ 37%] Built target test-tokenizer-1-bpe
[ 37%] Built target test-tokenizer-1-spm
[ 37%] Built target test-tokenizer-0
[ 37%] Building CXX object tests/CMakeFiles/test-chat-template.dir/test-chat-template.cpp.o
[ 37%] Built target test-sampling
[ 38%] Building CXX object tests/CMakeFiles/test-llama-grammar.dir/test-llama-grammar.cpp.o
[ 38%] Building CXX object tests/CMakeFiles/test-grammar-parser.dir/test-grammar-parser.cpp.o
[ 38%] Building CXX object tests/CMakeFiles/test-grad0.dir/test-grad0.cpp.o
[ 39%] Building CXX object tests/CMakeFiles/test-grammar-integration.dir/test-grammar-integration.cpp.o
[ 40%] Building CXX object tests/CMakeFiles/test-barrier.dir/test-barrier.cpp.o
[ 41%] Building CXX object tests/CMakeFiles/test-chat-template.dir/get-model.cpp.o
[ 41%] Built target test-arg-parser
[ 41%] Building CXX object tests/CMakeFiles/test-llama-grammar.dir/get-model.cpp.o
[ 42%] Building CXX object tests/CMakeFiles/test-grad0.dir/get-model.cpp.o
[ 43%] Building CXX object tests/CMakeFiles/test-grammar-parser.dir/get-model.cpp.o
[ 44%] Building CXX object tests/CMakeFiles/test-backend-ops.dir/test-backend-ops.cpp.o
[ 44%] Building CXX object tests/CMakeFiles/test-grammar-integration.dir/get-model.cpp.o
[ 45%] Building CXX object tests/CMakeFiles/test-backend-ops.dir/get-model.cpp.o
[ 46%] Linking CXX executable ../bin/test-chat-template
[ 46%] Linking CXX executable ../bin/test-grammar-parser
[ 46%] Linking CXX executable ../bin/test-grad0
[ 46%] Building CXX object tests/CMakeFiles/test-barrier.dir/get-model.cpp.o
[ 47%] Linking CXX executable ../bin/test-llama-grammar
[ 48%] Linking CXX executable ../bin/test-grammar-integration
[ 49%] Linking CXX executable ../bin/test-barrier
[ 49%] Linking CXX executable ../bin/test-backend-ops
[ 50%] Building CXX object tests/CMakeFiles/test-rope.dir/test-rope.cpp.o
[ 50%] Building CXX object tests/CMakeFiles/test-rope.dir/get-model.cpp.o
[ 51%] Linking CXX executable ../bin/test-rope
[ 51%] Built target test-grad0
[ 51%] Built target test-llama-grammar
[ 51%] Built target test-chat-template
[ 52%] Building CXX object tests/CMakeFiles/test-model-load-cancel.dir/test-model-load-cancel.cpp.o
[ 52%] Building CXX object tests/CMakeFiles/test-autorelease.dir/test-autorelease.cpp.o
[ 52%] Built target test-grammar-parser
[ 52%] Built target test-barrier
[ 53%] Building CXX object tests/CMakeFiles/test-model-load-cancel.dir/get-model.cpp.o
[ 54%] Building CXX object tests/CMakeFiles/test-json-schema-to-grammar.dir/test-json-schema-to-grammar.cpp.o
[ 55%] Building CXX object tests/CMakeFiles/test-autorelease.dir/get-model.cpp.o
[ 55%] Built target test-backend-ops
[ 55%] Building CXX object examples/cvector-generator/CMakeFiles/llama-cvector-generator.dir/cvector-generator.cpp.o
[ 55%] Linking CXX executable ../bin/test-model-load-cancel
[ 55%] Built target test-grammar-integration
[ 55%] Built target test-rope
[ 55%] Linking CXX executable ../bin/test-autorelease
[ 56%] Building CXX object examples/baby-llama/CMakeFiles/llama-baby-llama.dir/baby-llama.cpp.o
[ 56%] Building CXX object examples/batched-bench/CMakeFiles/llama-batched-bench.dir/batched-bench.cpp.o
[ 57%] Building CXX object tests/CMakeFiles/test-json-schema-to-grammar.dir/get-model.cpp.o
[ 58%] Linking CXX executable ../../bin/llama-cvector-generator
[ 58%] Linking CXX executable ../../bin/llama-baby-llama
[ 59%] Building CXX object examples/batched/CMakeFiles/llama-batched.dir/batched.cpp.o
[ 59%] Building CXX object examples/convert-llama2c-to-ggml/CMakeFiles/llama-convert-llama2c-to-ggml.dir/convert-llama2c-to-ggml.cpp.o
[ 59%] Linking CXX executable ../bin/test-json-schema-to-grammar
[ 60%] Linking CXX executable ../../bin/llama-batched-bench
[ 61%] Linking CXX executable ../../bin/llama-batched
[ 62%] Linking CXX executable ../../bin/llama-convert-llama2c-to-ggml
[ 62%] Built target test-model-load-cancel
[ 62%] Built target test-autorelease
[ 63%] Building CXX object examples/embedding/CMakeFiles/llama-embedding.dir/embedding.cpp.o
[ 64%] Building CXX object examples/eval-callback/CMakeFiles/llama-eval-callback.dir/eval-callback.cpp.o
[ 64%] Linking CXX executable ../../bin/llama-embedding
[ 64%] Built target llama-baby-llama
[ 64%] Linking CXX executable ../../bin/llama-eval-callback
[ 64%] Built target test-json-schema-to-grammar
[ 64%] Built target llama-cvector-generator
[ 65%] Building CXX object examples/export-lora/CMakeFiles/llama-export-lora.dir/export-lora.cpp.o
[ 65%] Built target llama-batched-bench
[ 65%] Building CXX object examples/gguf-split/CMakeFiles/llama-gguf-split.dir/gguf-split.cpp.o
[ 66%] Building CXX object examples/gbnf-validator/CMakeFiles/llama-gbnf-validator.dir/gbnf-validator.cpp.o
[ 66%] Linking CXX executable ../../bin/llama-export-lora
[ 66%] Built target llama-convert-llama2c-to-ggml
[ 66%] Built target llama-batched
[ 66%] Building CXX object examples/gritlm/CMakeFiles/llama-gritlm.dir/gritlm.cpp.o
[ 66%] Linking CXX executable ../../bin/llama-gbnf-validator
[ 67%] Linking CXX executable ../../bin/llama-gguf-split
[ 67%] Building CXX object examples/imatrix/CMakeFiles/llama-imatrix.dir/imatrix.cpp.o
[ 67%] Building CXX object examples/infill/CMakeFiles/llama-infill.dir/infill.cpp.o
[ 68%] Linking CXX executable ../../bin/llama-gritlm
[ 69%] Linking CXX executable ../../bin/llama-imatrix
[ 70%] Linking CXX executable ../../bin/llama-infill
[ 70%] Built target llama-eval-callback
[ 70%] Built target llama-embedding
[ 70%] Built target llama-gguf-split
[ 70%] Built target llama-gbnf-validator
[ 70%] Building CXX object examples/llama-bench/CMakeFiles/llama-bench.dir/llama-bench.cpp.o
[ 71%] Building CXX object examples/llava/CMakeFiles/llama-llava-cli.dir/llava-cli.cpp.o
[ 71%] Built target llama-export-lora
[ 71%] Building CXX object examples/llava/CMakeFiles/llama-minicpmv-cli.dir/minicpmv-cli.cpp.o
[ 72%] Linking CXX executable ../../bin/llama-bench
[ 72%] Linking CXX executable ../../bin/llama-llava-cli
[ 73%] Building CXX object examples/lookahead/CMakeFiles/llama-lookahead.dir/lookahead.cpp.o
[ 74%] Building CXX object examples/lookup/CMakeFiles/llama-lookup.dir/lookup.cpp.o
[ 75%] Linking CXX executable ../../bin/llama-minicpmv-cli
[ 75%] Linking CXX executable ../../bin/llama-lookahead
[ 75%] Linking CXX executable ../../bin/llama-lookup
[ 75%] Built target llama-gritlm
[ 75%] Built target llama-imatrix
[ 75%] Built target llama-infill
[ 76%] Building CXX object examples/lookup/CMakeFiles/llama-lookup-create.dir/lookup-create.cpp.o
[ 77%] Building CXX object examples/lookup/CMakeFiles/llama-lookup-merge.dir/lookup-merge.cpp.o
[ 77%] Building CXX object examples/lookup/CMakeFiles/llama-lookup-stats.dir/lookup-stats.cpp.o
[ 77%] Linking CXX executable ../../bin/llama-lookup-create
[ 78%] Linking CXX executable ../../bin/llama-lookup-merge
[ 79%] Linking CXX executable ../../bin/llama-lookup-stats
[ 79%] Built target llama-bench
[ 79%] Building CXX object examples/main/CMakeFiles/llama-cli.dir/main.cpp.o
[ 79%] Built target llama-llava-cli
[ 80%] Linking CXX executable ../../bin/llama-cli
[ 80%] Built target llama-lookahead
[ 80%] Building CXX object examples/parallel/CMakeFiles/llama-parallel.dir/parallel.cpp.o
[ 80%] Built target llama-minicpmv-cli
[ 80%] Built target llama-lookup
[ 80%] Built target llama-lookup-merge
[ 80%] Building CXX object examples/passkey/CMakeFiles/llama-passkey.dir/passkey.cpp.o
[ 81%] Linking CXX executable ../../bin/llama-parallel
[ 81%] Building CXX object examples/perplexity/CMakeFiles/llama-perplexity.dir/perplexity.cpp.o
[ 83%] Building CXX object examples/quantize/CMakeFiles/llama-quantize.dir/quantize.cpp.o
[ 83%] Building CXX object examples/retrieval/CMakeFiles/llama-retrieval.dir/retrieval.cpp.o
/home/ggml/work/llama.cpp/examples/perplexity/perplexity.cpp: In lambda function:
/home/ggml/work/llama.cpp/examples/perplexity/perplexity.cpp:1768:41: note: parameter passing for argument of type ‘std::pair<double, double>’ when C++17 is enabled changed to match C++14 in GCC 10.1
 1768 |             return std::make_pair(0., 0.);
      |                                         ^
[ 84%] Linking CXX executable ../../bin/llama-passkey
[ 85%] Linking CXX executable ../../bin/llama-perplexity
[ 85%] Built target llama-lookup-create
[ 85%] Linking CXX executable ../../bin/llama-quantize
[ 85%] Linking CXX executable ../../bin/llama-retrieval
[ 85%] Built target llama-lookup-stats
[ 86%] Generating theme-snowstorm.css.hpp
[ 86%] Generating colorthemes.css.hpp
[ 87%] Building CXX object examples/save-load-state/CMakeFiles/llama-save-load-state.dir/save-load-state.cpp.o
[ 87%] Generating completion.js.hpp
[ 88%] Linking CXX executable ../../bin/llama-save-load-state
[ 88%] Built target llama-cli
[ 88%] Building CXX object examples/speculative/CMakeFiles/llama-speculative.dir/speculative.cpp.o
[ 89%] Generating index-new.html.hpp
[ 89%] Built target llama-parallel
[ 89%] Built target llama-quantize
[ 89%] Building CXX object examples/tokenize/CMakeFiles/llama-tokenize.dir/tokenize.cpp.o
[ 90%] Linking CXX executable ../../bin/llama-speculative
[ 90%] Building CXX object pocs/vdot/CMakeFiles/llama-vdot.dir/vdot.cpp.o
[ 90%] Built target llama-passkey
[ 90%] Built target llama-perplexity
[ 90%] Built target llama-retrieval
[ 91%] Linking CXX executable ../../bin/llama-tokenize
[ 91%] Generating index.html.hpp
[ 92%] Generating index.js.hpp
[ 93%] Linking CXX executable ../../bin/llama-vdot
[ 94%] Building CXX object pocs/vdot/CMakeFiles/llama-q8dot.dir/q8dot.cpp.o
[ 94%] Linking CXX executable ../../bin/llama-q8dot
[ 95%] Generating json-schema-to-grammar.mjs.hpp
[ 95%] Generating loading.html.hpp
[ 95%] Built target llama-save-load-state
[ 95%] Generating prompt-formats.js.hpp
[ 96%] Generating style.css.hpp
[ 97%] Generating system-prompts.js.hpp
[ 97%] Built target llama-vdot
[ 97%] Generating theme-beeninorder.css.hpp
[ 98%] Generating theme-ketivah.css.hpp
[ 98%] Built target llama-tokenize
[ 98%] Generating theme-mangotango.css.hpp
[ 98%] Built target llama-speculative
[ 99%] Generating theme-playground.css.hpp
[ 99%] Built target llama-q8dot
[ 99%] Generating theme-polarnight.css.hpp
[100%] Building CXX object examples/server/CMakeFiles/llama-server.dir/server.cpp.o
[100%] Linking CXX executable ../../bin/llama-server
[100%] Built target llama-server

real	0m2.147s
user	0m7.705s
sys	0m3.445s
+ python3 ../convert_hf_to_gguf.py ../models-mnt/bge-small --outfile ../models-mnt/bge-small/ggml-model-f16.gguf
INFO:hf-to-gguf:Loading model: bge-small
INFO:gguf.gguf_writer:gguf: This GGUF file is for Little Endian only
INFO:hf-to-gguf:Exporting model...
INFO:hf-to-gguf:gguf: loading model part 'pytorch_model.bin'
INFO:hf-to-gguf:token_embd.weight,               torch.float32 --> F16, shape = {384, 30522}
INFO:hf-to-gguf:position_embd.weight,            torch.float32 --> F32, shape = {384, 512}
INFO:hf-to-gguf:token_types.weight,              torch.float32 --> F32, shape = {384, 2}
INFO:hf-to-gguf:token_embd_norm.weight,          torch.float32 --> F32, shape = {384}
INFO:hf-to-gguf:token_embd_norm.bias,            torch.float32 --> F32, shape = {384}
INFO:hf-to-gguf:blk.0.attn_q.weight,             torch.float32 --> F16, shape = {384, 384}
INFO:hf-to-gguf:blk.0.attn_q.bias,               torch.float32 --> F32, shape = {384}
INFO:hf-to-gguf:blk.0.attn_k.weight,             torch.float32 --> F16, shape = {384, 384}
INFO:hf-to-gguf:blk.0.attn_k.bias,               torch.float32 --> F32, shape = {384}
INFO:hf-to-gguf:blk.0.attn_v.weight,             torch.float32 --> F16, shape = {384, 384}
INFO:hf-to-gguf:blk.0.attn_v.bias,               torch.float32 --> F32, shape = {384}
INFO:hf-to-gguf:blk.0.attn_output.weight,        torch.float32 --> F16, shape = {384, 384}
INFO:hf-to-gguf:blk.0.attn_output.bias,          torch.float32 --> F32, shape = {384}
INFO:hf-to-gguf:blk.0.attn_output_norm.weight,   torch.float32 --> F32, shape = {384}
INFO:hf-to-gguf:blk.0.attn_output_norm.bias,     torch.float32 --> F32, shape = {384}
INFO:hf-to-gguf:blk.0.ffn_up.weight,             torch.float32 --> F16, shape = {384, 1536}
INFO:hf-to-gguf:blk.0.ffn_up.bias,               torch.float32 --> F32, shape = {1536}
INFO:hf-to-gguf:blk.0.ffn_down.weight,           torch.float32 --> F16, shape = {1536, 384}
INFO:hf-to-gguf:blk.0.ffn_down.bias,             torch.float32 --> F32, shape = {384}
INFO:hf-to-gguf:blk.0.layer_output_norm.weight,  torch.float32 --> F32, shape = {384}
INFO:hf-to-gguf:blk.0.layer_output_norm.bias,    torch.float32 --> F32, shape = {384}
INFO:hf-to-gguf:blk.1.attn_q.weight,             torch.float32 --> F16, shape = {384, 384}
INFO:hf-to-gguf:blk.1.attn_q.bias,               torch.float32 --> F32, shape = {384}
INFO:hf-to-gguf:blk.1.attn_k.weight,             torch.float32 --> F16, shape = {384, 384}
INFO:hf-to-gguf:blk.1.attn_k.bias,               torch.float32 --> F32, shape = {384}
INFO:hf-to-gguf:blk.1.attn_v.weight,             torch.float32 --> F16, shape = {384, 384}
INFO:hf-to-gguf:blk.1.attn_v.bias,               torch.float32 --> F32, shape = {384}
INFO:hf-to-gguf:blk.1.attn_output.weight,        torch.float32 --> F16, shape = {384, 384}
INFO:hf-to-gguf:blk.1.attn_output.bias,          torch.float32 --> F32, shape = {384}
INFO:hf-to-gguf:blk.1.attn_output_norm.weight,   torch.float32 --> F32, shape = {384}
INFO:hf-to-gguf:blk.1.attn_output_norm.bias,     torch.float32 --> F32, shape = {384}
INFO:hf-to-gguf:blk.1.ffn_up.weight,             torch.float32 --> F16, shape = {384, 1536}
INFO:hf-to-gguf:blk.1.ffn_up.bias,               torch.float32 --> F32, shape = {1536}
INFO:hf-to-gguf:blk.1.ffn_down.weight,           torch.float32 --> F16, shape = {1536, 384}
INFO:hf-to-gguf:blk.1.ffn_down.bias,             torch.float32 --> F32, shape = {384}
INFO:hf-to-gguf:blk.1.layer_output_norm.weight,  torch.float32 --> F32, shape = {384}
INFO:hf-to-gguf:blk.1.layer_output_norm.bias,    torch.float32 --> F32, shape = {384}
INFO:hf-to-gguf:blk.2.attn_q.weight,             torch.float32 --> F16, shape = {384, 384}
INFO:hf-to-gguf:blk.2.attn_q.bias,               torch.float32 --> F32, shape = {384}
INFO:hf-to-gguf:blk.2.attn_k.weight,             torch.float32 --> F16, shape = {384, 384}
INFO:hf-to-gguf:blk.2.attn_k.bias,               torch.float32 --> F32, shape = {384}
INFO:hf-to-gguf:blk.2.attn_v.weight,             torch.float32 --> F16, shape = {384, 384}
INFO:hf-to-gguf:blk.2.attn_v.bias,               torch.float32 --> F32, shape = {384}
INFO:hf-to-gguf:blk.2.attn_output.weight,        torch.float32 --> F16, shape = {384, 384}
INFO:hf-to-gguf:blk.2.attn_output.bias,          torch.float32 --> F32, shape = {384}
INFO:hf-to-gguf:blk.2.attn_output_norm.weight,   torch.float32 --> F32, shape = {384}
INFO:hf-to-gguf:blk.2.attn_output_norm.bias,     torch.float32 --> F32, shape = {384}
INFO:hf-to-gguf:blk.2.ffn_up.weight,             torch.float32 --> F16, shape = {384, 1536}
INFO:hf-to-gguf:blk.2.ffn_up.bias,               torch.float32 --> F32, shape = {1536}
INFO:hf-to-gguf:blk.2.ffn_down.weight,           torch.float32 --> F16, shape = {1536, 384}
INFO:hf-to-gguf:blk.2.ffn_down.bias,             torch.float32 --> F32, shape = {384}
INFO:hf-to-gguf:blk.2.layer_output_norm.weight,  torch.float32 --> F32, shape = {384}
INFO:hf-to-gguf:blk.2.layer_output_norm.bias,    torch.float32 --> F32, shape = {384}
INFO:hf-to-gguf:blk.3.attn_q.weight,             torch.float32 --> F16, shape = {384, 384}
INFO:hf-to-gguf:blk.3.attn_q.bias,               torch.float32 --> F32, shape = {384}
INFO:hf-to-gguf:blk.3.attn_k.weight,             torch.float32 --> F16, shape = {384, 384}
INFO:hf-to-gguf:blk.3.attn_k.bias,               torch.float32 --> F32, shape = {384}
INFO:hf-to-gguf:blk.3.attn_v.weight,             torch.float32 --> F16, shape = {384, 384}
INFO:hf-to-gguf:blk.3.attn_v.bias,               torch.float32 --> F32, shape = {384}
INFO:hf-to-gguf:blk.3.attn_output.weight,        torch.float32 --> F16, shape = {384, 384}
INFO:hf-to-gguf:blk.3.attn_output.bias,          torch.float32 --> F32, shape = {384}
INFO:hf-to-gguf:blk.3.attn_output_norm.weight,   torch.float32 --> F32, shape = {384}
INFO:hf-to-gguf:blk.3.attn_output_norm.bias,     torch.float32 --> F32, shape = {384}
INFO:hf-to-gguf:blk.3.ffn_up.weight,             torch.float32 --> F16, shape = {384, 1536}
INFO:hf-to-gguf:blk.3.ffn_up.bias,               torch.float32 --> F32, shape = {1536}
INFO:hf-to-gguf:blk.3.ffn_down.weight,           torch.float32 --> F16, shape = {1536, 384}
INFO:hf-to-gguf:blk.3.ffn_down.bias,             torch.float32 --> F32, shape = {384}
INFO:hf-to-gguf:blk.3.layer_output_norm.weight,  torch.float32 --> F32, shape = {384}
INFO:hf-to-gguf:blk.3.layer_output_norm.bias,    torch.float32 --> F32, shape = {384}
INFO:hf-to-gguf:blk.4.attn_q.weight,             torch.float32 --> F16, shape = {384, 384}
INFO:hf-to-gguf:blk.4.attn_q.bias,               torch.float32 --> F32, shape = {384}
INFO:hf-to-gguf:blk.4.attn_k.weight,             torch.float32 --> F16, shape = {384, 384}
INFO:hf-to-gguf:blk.4.attn_k.bias,               torch.float32 --> F32, shape = {384}
INFO:hf-to-gguf:blk.4.attn_v.weight,             torch.float32 --> F16, shape = {384, 384}
INFO:hf-to-gguf:blk.4.attn_v.bias,               torch.float32 --> F32, shape = {384}
INFO:hf-to-gguf:blk.4.attn_output.weight,        torch.float32 --> F16, shape = {384, 384}
INFO:hf-to-gguf:blk.4.attn_output.bias,          torch.float32 --> F32, shape = {384}
INFO:hf-to-gguf:blk.4.attn_output_norm.weight,   torch.float32 --> F32, shape = {384}
INFO:hf-to-gguf:blk.4.attn_output_norm.bias,     torch.float32 --> F32, shape = {384}
INFO:hf-to-gguf:blk.4.ffn_up.weight,             torch.float32 --> F16, shape = {384, 1536}
INFO:hf-to-gguf:blk.4.ffn_up.bias,               torch.float32 --> F32, shape = {1536}
INFO:hf-to-gguf:blk.4.ffn_down.weight,           torch.float32 --> F16, shape = {1536, 384}
INFO:hf-to-gguf:blk.4.ffn_down.bias,             torch.float32 --> F32, shape = {384}
INFO:hf-to-gguf:blk.4.layer_output_norm.weight,  torch.float32 --> F32, shape = {384}
INFO:hf-to-gguf:blk.4.layer_output_norm.bias,    torch.float32 --> F32, shape = {384}
INFO:hf-to-gguf:blk.5.attn_q.weight,             torch.float32 --> F16, shape = {384, 384}
INFO:hf-to-gguf:blk.5.attn_q.bias,               torch.float32 --> F32, shape = {384}
INFO:hf-to-gguf:blk.5.attn_k.weight,             torch.float32 --> F16, shape = {384, 384}
INFO:hf-to-gguf:blk.5.attn_k.bias,               torch.float32 --> F32, shape = {384}
INFO:hf-to-gguf:blk.5.attn_v.weight,             torch.float32 --> F16, shape = {384, 384}
INFO:hf-to-gguf:blk.5.attn_v.bias,               torch.float32 --> F32, shape = {384}
INFO:hf-to-gguf:blk.5.attn_output.weight,        torch.float32 --> F16, shape = {384, 384}
INFO:hf-to-gguf:blk.5.attn_output.bias,          torch.float32 --> F32, shape = {384}
INFO:hf-to-gguf:blk.5.attn_output_norm.weight,   torch.float32 --> F32, shape = {384}
INFO:hf-to-gguf:blk.5.attn_output_norm.bias,     torch.float32 --> F32, shape = {384}
INFO:hf-to-gguf:blk.5.ffn_up.weight,             torch.float32 --> F16, shape = {384, 1536}
INFO:hf-to-gguf:blk.5.ffn_up.bias,               torch.float32 --> F32, shape = {1536}
INFO:hf-to-gguf:blk.5.ffn_down.weight,           torch.float32 --> F16, shape = {1536, 384}
INFO:hf-to-gguf:blk.5.ffn_down.bias,             torch.float32 --> F32, shape = {384}
INFO:hf-to-gguf:blk.5.layer_output_norm.weight,  torch.float32 --> F32, shape = {384}
INFO:hf-to-gguf:blk.5.layer_output_norm.bias,    torch.float32 --> F32, shape = {384}
INFO:hf-to-gguf:blk.6.attn_q.weight,             torch.float32 --> F16, shape = {384, 384}
INFO:hf-to-gguf:blk.6.attn_q.bias,               torch.float32 --> F32, shape = {384}
INFO:hf-to-gguf:blk.6.attn_k.weight,             torch.float32 --> F16, shape = {384, 384}
INFO:hf-to-gguf:blk.6.attn_k.bias,               torch.float32 --> F32, shape = {384}
INFO:hf-to-gguf:blk.6.attn_v.weight,             torch.float32 --> F16, shape = {384, 384}
INFO:hf-to-gguf:blk.6.attn_v.bias,               torch.float32 --> F32, shape = {384}
INFO:hf-to-gguf:blk.6.attn_output.weight,        torch.float32 --> F16, shape = {384, 384}
INFO:hf-to-gguf:blk.6.attn_output.bias,          torch.float32 --> F32, shape = {384}
INFO:hf-to-gguf:blk.6.attn_output_norm.weight,   torch.float32 --> F32, shape = {384}
INFO:hf-to-gguf:blk.6.attn_output_norm.bias,     torch.float32 --> F32, shape = {384}
INFO:hf-to-gguf:blk.6.ffn_up.weight,             torch.float32 --> F16, shape = {384, 1536}
INFO:hf-to-gguf:blk.6.ffn_up.bias,               torch.float32 --> F32, shape = {1536}
INFO:hf-to-gguf:blk.6.ffn_down.weight,           torch.float32 --> F16, shape = {1536, 384}
INFO:hf-to-gguf:blk.6.ffn_down.bias,             torch.float32 --> F32, shape = {384}
INFO:hf-to-gguf:blk.6.layer_output_norm.weight,  torch.float32 --> F32, shape = {384}
INFO:hf-to-gguf:blk.6.layer_output_norm.bias,    torch.float32 --> F32, shape = {384}
INFO:hf-to-gguf:blk.7.attn_q.weight,             torch.float32 --> F16, shape = {384, 384}
INFO:hf-to-gguf:blk.7.attn_q.bias,               torch.float32 --> F32, shape = {384}
INFO:hf-to-gguf:blk.7.attn_k.weight,             torch.float32 --> F16, shape = {384, 384}
INFO:hf-to-gguf:blk.7.attn_k.bias,               torch.float32 --> F32, shape = {384}
INFO:hf-to-gguf:blk.7.attn_v.weight,             torch.float32 --> F16, shape = {384, 384}
INFO:hf-to-gguf:blk.7.attn_v.bias,               torch.float32 --> F32, shape = {384}
INFO:hf-to-gguf:blk.7.attn_output.weight,        torch.float32 --> F16, shape = {384, 384}
INFO:hf-to-gguf:blk.7.attn_output.bias,          torch.float32 --> F32, shape = {384}
INFO:hf-to-gguf:blk.7.attn_output_norm.weight,   torch.float32 --> F32, shape = {384}
INFO:hf-to-gguf:blk.7.attn_output_norm.bias,     torch.float32 --> F32, shape = {384}
INFO:hf-to-gguf:blk.7.ffn_up.weight,             torch.float32 --> F16, shape = {384, 1536}
INFO:hf-to-gguf:blk.7.ffn_up.bias,               torch.float32 --> F32, shape = {1536}
INFO:hf-to-gguf:blk.7.ffn_down.weight,           torch.float32 --> F16, shape = {1536, 384}
INFO:hf-to-gguf:blk.7.ffn_down.bias,             torch.float32 --> F32, shape = {384}
INFO:hf-to-gguf:blk.7.layer_output_norm.weight,  torch.float32 --> F32, shape = {384}
INFO:hf-to-gguf:blk.7.layer_output_norm.bias,    torch.float32 --> F32, shape = {384}
INFO:hf-to-gguf:blk.8.attn_q.weight,             torch.float32 --> F16, shape = {384, 384}
INFO:hf-to-gguf:blk.8.attn_q.bias,               torch.float32 --> F32, shape = {384}
INFO:hf-to-gguf:blk.8.attn_k.weight,             torch.float32 --> F16, shape = {384, 384}
INFO:hf-to-gguf:blk.8.attn_k.bias,               torch.float32 --> F32, shape = {384}
INFO:hf-to-gguf:blk.8.attn_v.weight,             torch.float32 --> F16, shape = {384, 384}
INFO:hf-to-gguf:blk.8.attn_v.bias,               torch.float32 --> F32, shape = {384}
INFO:hf-to-gguf:blk.8.attn_output.weight,        torch.float32 --> F16, shape = {384, 384}
INFO:hf-to-gguf:blk.8.attn_output.bias,          torch.float32 --> F32, shape = {384}
INFO:hf-to-gguf:blk.8.attn_output_norm.weight,   torch.float32 --> F32, shape = {384}
INFO:hf-to-gguf:blk.8.attn_output_norm.bias,     torch.float32 --> F32, shape = {384}
INFO:hf-to-gguf:blk.8.ffn_up.weight,             torch.float32 --> F16, shape = {384, 1536}
INFO:hf-to-gguf:blk.8.ffn_up.bias,               torch.float32 --> F32, shape = {1536}
INFO:hf-to-gguf:blk.8.ffn_down.weight,           torch.float32 --> F16, shape = {1536, 384}
INFO:hf-to-gguf:blk.8.ffn_down.bias,             torch.float32 --> F32, shape = {384}
INFO:hf-to-gguf:blk.8.layer_output_norm.weight,  torch.float32 --> F32, shape = {384}
INFO:hf-to-gguf:blk.8.layer_output_norm.bias,    torch.float32 --> F32, shape = {384}
INFO:hf-to-gguf:blk.9.attn_q.weight,             torch.float32 --> F16, shape = {384, 384}
INFO:hf-to-gguf:blk.9.attn_q.bias,               torch.float32 --> F32, shape = {384}
INFO:hf-to-gguf:blk.9.attn_k.weight,             torch.float32 --> F16, shape = {384, 384}
INFO:hf-to-gguf:blk.9.attn_k.bias,               torch.float32 --> F32, shape = {384}
INFO:hf-to-gguf:blk.9.attn_v.weight,             torch.float32 --> F16, shape = {384, 384}
INFO:hf-to-gguf:blk.9.attn_v.bias,               torch.float32 --> F32, shape = {384}
INFO:hf-to-gguf:blk.9.attn_output.weight,        torch.float32 --> F16, shape = {384, 384}
INFO:hf-to-gguf:blk.9.attn_output.bias,          torch.float32 --> F32, shape = {384}
INFO:hf-to-gguf:blk.9.attn_output_norm.weight,   torch.float32 --> F32, shape = {384}
INFO:hf-to-gguf:blk.9.attn_output_norm.bias,     torch.float32 --> F32, shape = {384}
INFO:hf-to-gguf:blk.9.ffn_up.weight,             torch.float32 --> F16, shape = {384, 1536}
INFO:hf-to-gguf:blk.9.ffn_up.bias,               torch.float32 --> F32, shape = {1536}
INFO:hf-to-gguf:blk.9.ffn_down.weight,           torch.float32 --> F16, shape = {1536, 384}
INFO:hf-to-gguf:blk.9.ffn_down.bias,             torch.float32 --> F32, shape = {384}
INFO:hf-to-gguf:blk.9.layer_output_norm.weight,  torch.float32 --> F32, shape = {384}
INFO:hf-to-gguf:blk.9.layer_output_norm.bias,    torch.float32 --> F32, shape = {384}
INFO:hf-to-gguf:blk.10.attn_q.weight,            torch.float32 --> F16, shape = {384, 384}
INFO:hf-to-gguf:blk.10.attn_q.bias,              torch.float32 --> F32, shape = {384}
INFO:hf-to-gguf:blk.10.attn_k.weight,            torch.float32 --> F16, shape = {384, 384}
INFO:hf-to-gguf:blk.10.attn_k.bias,              torch.float32 --> F32, shape = {384}
INFO:hf-to-gguf:blk.10.attn_v.weight,            torch.float32 --> F16, shape = {384, 384}
INFO:hf-to-gguf:blk.10.attn_v.bias,              torch.float32 --> F32, shape = {384}
INFO:hf-to-gguf:blk.10.attn_output.weight,       torch.float32 --> F16, shape = {384, 384}
INFO:hf-to-gguf:blk.10.attn_output.bias,         torch.float32 --> F32, shape = {384}
INFO:hf-to-gguf:blk.10.attn_output_norm.weight,  torch.float32 --> F32, shape = {384}
INFO:hf-to-gguf:blk.10.attn_output_norm.bias,    torch.float32 --> F32, shape = {384}
INFO:hf-to-gguf:blk.10.ffn_up.weight,            torch.float32 --> F16, shape = {384, 1536}
INFO:hf-to-gguf:blk.10.ffn_up.bias,              torch.float32 --> F32, shape = {1536}
INFO:hf-to-gguf:blk.10.ffn_down.weight,          torch.float32 --> F16, shape = {1536, 384}
INFO:hf-to-gguf:blk.10.ffn_down.bias,            torch.float32 --> F32, shape = {384}
INFO:hf-to-gguf:blk.10.layer_output_norm.weight, torch.float32 --> F32, shape = {384}
INFO:hf-to-gguf:blk.10.layer_output_norm.bias,   torch.float32 --> F32, shape = {384}
INFO:hf-to-gguf:blk.11.attn_q.weight,            torch.float32 --> F16, shape = {384, 384}
INFO:hf-to-gguf:blk.11.attn_q.bias,              torch.float32 --> F32, shape = {384}
INFO:hf-to-gguf:blk.11.attn_k.weight,            torch.float32 --> F16, shape = {384, 384}
INFO:hf-to-gguf:blk.11.attn_k.bias,              torch.float32 --> F32, shape = {384}
INFO:hf-to-gguf:blk.11.attn_v.weight,            torch.float32 --> F16, shape = {384, 384}
INFO:hf-to-gguf:blk.11.attn_v.bias,              torch.float32 --> F32, shape = {384}
INFO:hf-to-gguf:blk.11.attn_output.weight,       torch.float32 --> F16, shape = {384, 384}
INFO:hf-to-gguf:blk.11.attn_output.bias,         torch.float32 --> F32, shape = {384}
INFO:hf-to-gguf:blk.11.attn_output_norm.weight,  torch.float32 --> F32, shape = {384}
INFO:hf-to-gguf:blk.11.attn_output_norm.bias,    torch.float32 --> F32, shape = {384}
INFO:hf-to-gguf:blk.11.ffn_up.weight,            torch.float32 --> F16, shape = {384, 1536}
INFO:hf-to-gguf:blk.11.ffn_up.bias,              torch.float32 --> F32, shape = {1536}
INFO:hf-to-gguf:blk.11.ffn_down.weight,          torch.float32 --> F16, shape = {1536, 384}
INFO:hf-to-gguf:blk.11.ffn_down.bias,            torch.float32 --> F32, shape = {384}
INFO:hf-to-gguf:blk.11.layer_output_norm.weight, torch.float32 --> F32, shape = {384}
INFO:hf-to-gguf:blk.11.layer_output_norm.bias,   torch.float32 --> F32, shape = {384}
INFO:hf-to-gguf:Set meta model
INFO:hf-to-gguf:Set model parameters
INFO:hf-to-gguf:gguf: context length = 512
INFO:hf-to-gguf:gguf: embedding length = 384
INFO:hf-to-gguf:gguf: feed forward length = 1536
INFO:hf-to-gguf:gguf: head count = 12
INFO:hf-to-gguf:gguf: layer norm epsilon = 1e-12
INFO:hf-to-gguf:gguf: file type = 1
INFO:hf-to-gguf:Set model tokenizer
INFO:gguf.vocab:Setting special token type unk to 100
INFO:gguf.vocab:Setting special token type sep to 102
INFO:gguf.vocab:Setting special token type pad to 0
INFO:gguf.vocab:Setting special token type cls to 101
INFO:gguf.vocab:Setting special token type mask to 103
INFO:hf-to-gguf:Set model quantization version
INFO:gguf.gguf_writer:Writing the following files:
INFO:gguf.gguf_writer:../models-mnt/bge-small/ggml-model-f16.gguf: n_tensors = 197, total_size = 66.9M
Writing:   0%|          | 0.00/66.9M [00:00<?, ?byte/s]Writing:  52%|█████▏    | 34.9M/66.9M [00:00<00:00, 338Mbyte/s]Writing: 100%|██████████| 66.9M/66.9M [00:00<00:00, 320Mbyte/s]
INFO:hf-to-gguf:Model successfully exported to ../models-mnt/bge-small/ggml-model-f16.gguf
+ model_f16=../models-mnt/bge-small/ggml-model-f16.gguf
+ model_q8_0=../models-mnt/bge-small/ggml-model-q8_0.gguf
+ ./bin/llama-quantize ../models-mnt/bge-small/ggml-model-f16.gguf ../models-mnt/bge-small/ggml-model-q8_0.gguf q8_0
main: build = 4012 (52d537b5)
main: built with cc (Ubuntu 11.4.0-1ubuntu1~22.04) 11.4.0 for aarch64-linux-gnu
main: quantizing '../models-mnt/bge-small/ggml-model-f16.gguf' to '../models-mnt/bge-small/ggml-model-q8_0.gguf' as Q8_0
llama_model_loader: loaded meta data with 25 key-value pairs and 197 tensors from ../models-mnt/bge-small/ggml-model-f16.gguf (version GGUF V3 (latest))
llama_model_loader: Dumping metadata keys/values. Note: KV overrides do not apply in this output.
llama_model_loader: - kv   0:                       general.architecture str              = bert
llama_model_loader: - kv   1:                               general.type str              = model
llama_model_loader: - kv   2:                               general.name str              = Bge Small
llama_model_loader: - kv   3:                           general.basename str              = bge
llama_model_loader: - kv   4:                         general.size_label str              = small
llama_model_loader: - kv   5:                           bert.block_count u32              = 12
llama_model_loader: - kv   6:                        bert.context_length u32              = 512
llama_model_loader: - kv   7:                      bert.embedding_length u32              = 384
llama_model_loader: - kv   8:                   bert.feed_forward_length u32              = 1536
llama_model_loader: - kv   9:                  bert.attention.head_count u32              = 12
llama_model_loader: - kv  10:          bert.attention.layer_norm_epsilon f32              = 0.000000
llama_model_loader: - kv  11:                          general.file_type u32              = 1
llama_model_loader: - kv  12:                      bert.attention.causal bool             = false
llama_model_loader: - kv  13:                          bert.pooling_type u32              = 2
llama_model_loader: - kv  14:            tokenizer.ggml.token_type_count u32              = 2
llama_model_loader: - kv  15:                       tokenizer.ggml.model str              = bert
llama_model_loader: - kv  16:                         tokenizer.ggml.pre str              = jina-v2-en
llama_model_loader: - kv  17:                      tokenizer.ggml.tokens arr[str,30522]   = ["[PAD]", "[unused0]", "[unused1]", "...
llama_model_loader: - kv  18:                  tokenizer.ggml.token_type arr[i32,30522]   = [3, 1, 1, 1, 1, 1, 1, 1, 1, 1, 1, 1, ...
llama_model_loader: - kv  19:            tokenizer.ggml.unknown_token_id u32              = 100
llama_model_loader: - kv  20:          tokenizer.ggml.seperator_token_id u32              = 102
llama_model_loader: - kv  21:            tokenizer.ggml.padding_token_id u32              = 0
llama_model_loader: - kv  22:                tokenizer.ggml.cls_token_id u32              = 101
llama_model_loader: - kv  23:               tokenizer.ggml.mask_token_id u32              = 103
llama_model_loader: - kv  24:               general.quantization_version u32              = 2
llama_model_loader: - type  f32:  124 tensors
llama_model_loader: - type  f16:   73 tensors
[   1/ 197]                 position_embd.weight - [  384,   512,     1,     1], type =    f32, size =    0.750 MB
[   2/ 197]                    token_embd.weight - [  384, 30522,     1,     1], type =    f16, converting to q8_0 .. size =    22.35 MiB ->    11.88 MiB
[   3/ 197]                 token_embd_norm.bias - [  384,     1,     1,     1], type =    f32, size =    0.001 MB
[   4/ 197]               token_embd_norm.weight - [  384,     1,     1,     1], type =    f32, size =    0.001 MB
[   5/ 197]                   token_types.weight - [  384,     2,     1,     1], type =    f32, size =    0.003 MB
[   6/ 197]                    blk.0.attn_k.bias - [  384,     1,     1,     1], type =    f32, size =    0.001 MB
[   7/ 197]                  blk.0.attn_k.weight - [  384,   384,     1,     1], type =    f16, converting to q8_0 .. size =     0.28 MiB ->     0.15 MiB
[   8/ 197]               blk.0.attn_output.bias - [  384,     1,     1,     1], type =    f32, size =    0.001 MB
[   9/ 197]             blk.0.attn_output.weight - [  384,   384,     1,     1], type =    f16, converting to q8_0 .. size =     0.28 MiB ->     0.15 MiB
[  10/ 197]          blk.0.attn_output_norm.bias - [  384,     1,     1,     1], type =    f32, size =    0.001 MB
[  11/ 197]        blk.0.attn_output_norm.weight - [  384,     1,     1,     1], type =    f32, size =    0.001 MB
[  12/ 197]                    blk.0.attn_q.bias - [  384,     1,     1,     1], type =    f32, size =    0.001 MB
[  13/ 197]                  blk.0.attn_q.weight - [  384,   384,     1,     1], type =    f16, converting to q8_0 .. size =     0.28 MiB ->     0.15 MiB
[  14/ 197]                    blk.0.attn_v.bias - [  384,     1,     1,     1], type =    f32, size =    0.001 MB
[  15/ 197]                  blk.0.attn_v.weight - [  384,   384,     1,     1], type =    f16, converting to q8_0 .. size =     0.28 MiB ->     0.15 MiB
[  16/ 197]                  blk.0.ffn_down.bias - [  384,     1,     1,     1], type =    f32, size =    0.001 MB
[  17/ 197]                blk.0.ffn_down.weight - [ 1536,   384,     1,     1], type =    f16, converting to q8_0 .. size =     1.12 MiB ->     0.60 MiB
[  18/ 197]                    blk.0.ffn_up.bias - [ 1536,     1,     1,     1], type =    f32, size =    0.006 MB
[  19/ 197]                  blk.0.ffn_up.weight - [  384,  1536,     1,     1], type =    f16, converting to q8_0 .. size =     1.12 MiB ->     0.60 MiB
[  20/ 197]         blk.0.layer_output_norm.bias - [  384,     1,     1,     1], type =    f32, size =    0.001 MB
[  21/ 197]       blk.0.layer_output_norm.weight - [  384,     1,     1,     1], type =    f32, size =    0.001 MB
[  22/ 197]                    blk.1.attn_k.bias - [  384,     1,     1,     1], type =    f32, size =    0.001 MB
[  23/ 197]                  blk.1.attn_k.weight - [  384,   384,     1,     1], type =    f16, converting to q8_0 .. size =     0.28 MiB ->     0.15 MiB
[  24/ 197]               blk.1.attn_output.bias - [  384,     1,     1,     1], type =    f32, size =    0.001 MB
[  25/ 197]             blk.1.attn_output.weight - [  384,   384,     1,     1], type =    f16, converting to q8_0 .. size =     0.28 MiB ->     0.15 MiB
[  26/ 197]          blk.1.attn_output_norm.bias - [  384,     1,     1,     1], type =    f32, size =    0.001 MB
[  27/ 197]        blk.1.attn_output_norm.weight - [  384,     1,     1,     1], type =    f32, size =    0.001 MB
[  28/ 197]                    blk.1.attn_q.bias - [  384,     1,     1,     1], type =    f32, size =    0.001 MB
[  29/ 197]                  blk.1.attn_q.weight - [  384,   384,     1,     1], type =    f16, converting to q8_0 .. size =     0.28 MiB ->     0.15 MiB
[  30/ 197]                    blk.1.attn_v.bias - [  384,     1,     1,     1], type =    f32, size =    0.001 MB
[  31/ 197]                  blk.1.attn_v.weight - [  384,   384,     1,     1], type =    f16, converting to q8_0 .. size =     0.28 MiB ->     0.15 MiB
[  32/ 197]                  blk.1.ffn_down.bias - [  384,     1,     1,     1], type =    f32, size =    0.001 MB
[  33/ 197]                blk.1.ffn_down.weight - [ 1536,   384,     1,     1], type =    f16, converting to q8_0 .. size =     1.12 MiB ->     0.60 MiB
[  34/ 197]                    blk.1.ffn_up.bias - [ 1536,     1,     1,     1], type =    f32, size =    0.006 MB
[  35/ 197]                  blk.1.ffn_up.weight - [  384,  1536,     1,     1], type =    f16, converting to q8_0 .. size =     1.12 MiB ->     0.60 MiB
[  36/ 197]         blk.1.layer_output_norm.bias - [  384,     1,     1,     1], type =    f32, size =    0.001 MB
[  37/ 197]       blk.1.layer_output_norm.weight - [  384,     1,     1,     1], type =    f32, size =    0.001 MB
[  38/ 197]                    blk.2.attn_k.bias - [  384,     1,     1,     1], type =    f32, size =    0.001 MB
[  39/ 197]                  blk.2.attn_k.weight - [  384,   384,     1,     1], type =    f16, converting to q8_0 .. size =     0.28 MiB ->     0.15 MiB
[  40/ 197]               blk.2.attn_output.bias - [  384,     1,     1,     1], type =    f32, size =    0.001 MB
[  41/ 197]             blk.2.attn_output.weight - [  384,   384,     1,     1], type =    f16, converting to q8_0 .. size =     0.28 MiB ->     0.15 MiB
[  42/ 197]          blk.2.attn_output_norm.bias - [  384,     1,     1,     1], type =    f32, size =    0.001 MB
[  43/ 197]        blk.2.attn_output_norm.weight - [  384,     1,     1,     1], type =    f32, size =    0.001 MB
[  44/ 197]                    blk.2.attn_q.bias - [  384,     1,     1,     1], type =    f32, size =    0.001 MB
[  45/ 197]                  blk.2.attn_q.weight - [  384,   384,     1,     1], type =    f16, converting to q8_0 .. size =     0.28 MiB ->     0.15 MiB
[  46/ 197]                    blk.2.attn_v.bias - [  384,     1,     1,     1], type =    f32, size =    0.001 MB
[  47/ 197]                  blk.2.attn_v.weight - [  384,   384,     1,     1], type =    f16, converting to q8_0 .. size =     0.28 MiB ->     0.15 MiB
[  48/ 197]                  blk.2.ffn_down.bias - [  384,     1,     1,     1], type =    f32, size =    0.001 MB
[  49/ 197]                blk.2.ffn_down.weight - [ 1536,   384,     1,     1], type =    f16, converting to q8_0 .. size =     1.12 MiB ->     0.60 MiB
[  50/ 197]                    blk.2.ffn_up.bias - [ 1536,     1,     1,     1], type =    f32, size =    0.006 MB
[  51/ 197]                  blk.2.ffn_up.weight - [  384,  1536,     1,     1], type =    f16, converting to q8_0 .. size =     1.12 MiB ->     0.60 MiB
[  52/ 197]         blk.2.layer_output_norm.bias - [  384,     1,     1,     1], type =    f32, size =    0.001 MB
[  53/ 197]       blk.2.layer_output_norm.weight - [  384,     1,     1,     1], type =    f32, size =    0.001 MB
[  54/ 197]                    blk.3.attn_k.bias - [  384,     1,     1,     1], type =    f32, size =    0.001 MB
[  55/ 197]                  blk.3.attn_k.weight - [  384,   384,     1,     1], type =    f16, converting to q8_0 .. size =     0.28 MiB ->     0.15 MiB
[  56/ 197]               blk.3.attn_output.bias - [  384,     1,     1,     1], type =    f32, size =    0.001 MB
[  57/ 197]             blk.3.attn_output.weight - [  384,   384,     1,     1], type =    f16, converting to q8_0 .. size =     0.28 MiB ->     0.15 MiB
[  58/ 197]          blk.3.attn_output_norm.bias - [  384,     1,     1,     1], type =    f32, size =    0.001 MB
[  59/ 197]        blk.3.attn_output_norm.weight - [  384,     1,     1,     1], type =    f32, size =    0.001 MB
[  60/ 197]                    blk.3.attn_q.bias - [  384,     1,     1,     1], type =    f32, size =    0.001 MB
[  61/ 197]                  blk.3.attn_q.weight - [  384,   384,     1,     1], type =    f16, converting to q8_0 .. size =     0.28 MiB ->     0.15 MiB
[  62/ 197]                    blk.3.attn_v.bias - [  384,     1,     1,     1], type =    f32, size =    0.001 MB
[  63/ 197]                  blk.3.attn_v.weight - [  384,   384,     1,     1], type =    f16, converting to q8_0 .. size =     0.28 MiB ->     0.15 MiB
[  64/ 197]                  blk.3.ffn_down.bias - [  384,     1,     1,     1], type =    f32, size =    0.001 MB
[  65/ 197]                blk.3.ffn_down.weight - [ 1536,   384,     1,     1], type =    f16, converting to q8_0 .. size =     1.12 MiB ->     0.60 MiB
[  66/ 197]                    blk.3.ffn_up.bias - [ 1536,     1,     1,     1], type =    f32, size =    0.006 MB
[  67/ 197]                  blk.3.ffn_up.weight - [  384,  1536,     1,     1], type =    f16, converting to q8_0 .. size =     1.12 MiB ->     0.60 MiB
[  68/ 197]         blk.3.layer_output_norm.bias - [  384,     1,     1,     1], type =    f32, size =    0.001 MB
[  69/ 197]       blk.3.layer_output_norm.weight - [  384,     1,     1,     1], type =    f32, size =    0.001 MB
[  70/ 197]                    blk.4.attn_k.bias - [  384,     1,     1,     1], type =    f32, size =    0.001 MB
[  71/ 197]                  blk.4.attn_k.weight - [  384,   384,     1,     1], type =    f16, converting to q8_0 .. size =     0.28 MiB ->     0.15 MiB
[  72/ 197]               blk.4.attn_output.bias - [  384,     1,     1,     1], type =    f32, size =    0.001 MB
[  73/ 197]             blk.4.attn_output.weight - [  384,   384,     1,     1], type =    f16, converting to q8_0 .. size =     0.28 MiB ->     0.15 MiB
[  74/ 197]          blk.4.attn_output_norm.bias - [  384,     1,     1,     1], type =    f32, size =    0.001 MB
[  75/ 197]        blk.4.attn_output_norm.weight - [  384,     1,     1,     1], type =    f32, size =    0.001 MB
[  76/ 197]                    blk.4.attn_q.bias - [  384,     1,     1,     1], type =    f32, size =    0.001 MB
[  77/ 197]                  blk.4.attn_q.weight - [  384,   384,     1,     1], type =    f16, converting to q8_0 .. size =     0.28 MiB ->     0.15 MiB
[  78/ 197]                    blk.4.attn_v.bias - [  384,     1,     1,     1], type =    f32, size =    0.001 MB
[  79/ 197]                  blk.4.attn_v.weight - [  384,   384,     1,     1], type =    f16, converting to q8_0 .. size =     0.28 MiB ->     0.15 MiB
[  80/ 197]                  blk.4.ffn_down.bias - [  384,     1,     1,     1], type =    f32, size =    0.001 MB
[  81/ 197]                blk.4.ffn_down.weight - [ 1536,   384,     1,     1], type =    f16, converting to q8_0 .. size =     1.12 MiB ->     0.60 MiB
[  82/ 197]                    blk.4.ffn_up.bias - [ 1536,     1,     1,     1], type =    f32, size =    0.006 MB
[  83/ 197]                  blk.4.ffn_up.weight - [  384,  1536,     1,     1], type =    f16, converting to q8_0 .. size =     1.12 MiB ->     0.60 MiB
[  84/ 197]         blk.4.layer_output_norm.bias - [  384,     1,     1,     1], type =    f32, size =    0.001 MB
[  85/ 197]       blk.4.layer_output_norm.weight - [  384,     1,     1,     1], type =    f32, size =    0.001 MB
[  86/ 197]                    blk.5.attn_k.bias - [  384,     1,     1,     1], type =    f32, size =    0.001 MB
[  87/ 197]                  blk.5.attn_k.weight - [  384,   384,     1,     1], type =    f16, converting to q8_0 .. size =     0.28 MiB ->     0.15 MiB
[  88/ 197]               blk.5.attn_output.bias - [  384,     1,     1,     1], type =    f32, size =    0.001 MB
[  89/ 197]             blk.5.attn_output.weight - [  384,   384,     1,     1], type =    f16, converting to q8_0 .. size =     0.28 MiB ->     0.15 MiB
[  90/ 197]          blk.5.attn_output_norm.bias - [  384,     1,     1,     1], type =    f32, size =    0.001 MB
[  91/ 197]        blk.5.attn_output_norm.weight - [  384,     1,     1,     1], type =    f32, size =    0.001 MB
[  92/ 197]                    blk.5.attn_q.bias - [  384,     1,     1,     1], type =    f32, size =    0.001 MB
[  93/ 197]                  blk.5.attn_q.weight - [  384,   384,     1,     1], type =    f16, converting to q8_0 .. size =     0.28 MiB ->     0.15 MiB
[  94/ 197]                    blk.5.attn_v.bias - [  384,     1,     1,     1], type =    f32, size =    0.001 MB
[  95/ 197]                  blk.5.attn_v.weight - [  384,   384,     1,     1], type =    f16, converting to q8_0 .. size =     0.28 MiB ->     0.15 MiB
[  96/ 197]                  blk.5.ffn_down.bias - [  384,     1,     1,     1], type =    f32, size =    0.001 MB
[  97/ 197]                blk.5.ffn_down.weight - [ 1536,   384,     1,     1], type =    f16, converting to q8_0 .. size =     1.12 MiB ->     0.60 MiB
[  98/ 197]                    blk.5.ffn_up.bias - [ 1536,     1,     1,     1], type =    f32, size =    0.006 MB
[  99/ 197]                  blk.5.ffn_up.weight - [  384,  1536,     1,     1], type =    f16, converting to q8_0 .. size =     1.12 MiB ->     0.60 MiB
[ 100/ 197]         blk.5.layer_output_norm.bias - [  384,     1,     1,     1], type =    f32, size =    0.001 MB
[ 101/ 197]       blk.5.layer_output_norm.weight - [  384,     1,     1,     1], type =    f32, size =    0.001 MB
[ 102/ 197]                    blk.6.attn_k.bias - [  384,     1,     1,     1], type =    f32, size =    0.001 MB
[ 103/ 197]                  blk.6.attn_k.weight - [  384,   384,     1,     1], type =    f16, converting to q8_0 .. size =     0.28 MiB ->     0.15 MiB
[ 104/ 197]               blk.6.attn_output.bias - [  384,     1,     1,     1], type =    f32, size =    0.001 MB
[ 105/ 197]             blk.6.attn_output.weight - [  384,   384,     1,     1], type =    f16, converting to q8_0 .. size =     0.28 MiB ->     0.15 MiB
[ 106/ 197]          blk.6.attn_output_norm.bias - [  384,     1,     1,     1], type =    f32, size =    0.001 MB
[ 107/ 197]        blk.6.attn_output_norm.weight - [  384,     1,     1,     1], type =    f32, size =    0.001 MB
[ 108/ 197]                    blk.6.attn_q.bias - [  384,     1,     1,     1], type =    f32, size =    0.001 MB
[ 109/ 197]                  blk.6.attn_q.weight - [  384,   384,     1,     1], type =    f16, converting to q8_0 .. size =     0.28 MiB ->     0.15 MiB
[ 110/ 197]                    blk.6.attn_v.bias - [  384,     1,     1,     1], type =    f32, size =    0.001 MB
[ 111/ 197]                  blk.6.attn_v.weight - [  384,   384,     1,     1], type =    f16, converting to q8_0 .. size =     0.28 MiB ->     0.15 MiB
[ 112/ 197]                  blk.6.ffn_down.bias - [  384,     1,     1,     1], type =    f32, size =    0.001 MB
[ 113/ 197]                blk.6.ffn_down.weight - [ 1536,   384,     1,     1], type =    f16, converting to q8_0 .. size =     1.12 MiB ->     0.60 MiB
[ 114/ 197]                    blk.6.ffn_up.bias - [ 1536,     1,     1,     1], type =    f32, size =    0.006 MB
[ 115/ 197]                  blk.6.ffn_up.weight - [  384,  1536,     1,     1], type =    f16, converting to q8_0 .. size =     1.12 MiB ->     0.60 MiB
[ 116/ 197]         blk.6.layer_output_norm.bias - [  384,     1,     1,     1], type =    f32, size =    0.001 MB
[ 117/ 197]       blk.6.layer_output_norm.weight - [  384,     1,     1,     1], type =    f32, size =    0.001 MB
[ 118/ 197]                    blk.7.attn_k.bias - [  384,     1,     1,     1], type =    f32, size =    0.001 MB
[ 119/ 197]                  blk.7.attn_k.weight - [  384,   384,     1,     1], type =    f16, converting to q8_0 .. size =     0.28 MiB ->     0.15 MiB
[ 120/ 197]               blk.7.attn_output.bias - [  384,     1,     1,     1], type =    f32, size =    0.001 MB
[ 121/ 197]             blk.7.attn_output.weight - [  384,   384,     1,     1], type =    f16, converting to q8_0 .. size =     0.28 MiB ->     0.15 MiB
[ 122/ 197]          blk.7.attn_output_norm.bias - [  384,     1,     1,     1], type =    f32, size =    0.001 MB
[ 123/ 197]        blk.7.attn_output_norm.weight - [  384,     1,     1,     1], type =    f32, size =    0.001 MB
[ 124/ 197]                    blk.7.attn_q.bias - [  384,     1,     1,     1], type =    f32, size =    0.001 MB
[ 125/ 197]                  blk.7.attn_q.weight - [  384,   384,     1,     1], type =    f16, converting to q8_0 .. size =     0.28 MiB ->     0.15 MiB
[ 126/ 197]                    blk.7.attn_v.bias - [  384,     1,     1,     1], type =    f32, size =    0.001 MB
[ 127/ 197]                  blk.7.attn_v.weight - [  384,   384,     1,     1], type =    f16, converting to q8_0 .. size =     0.28 MiB ->     0.15 MiB
[ 128/ 197]                  blk.7.ffn_down.bias - [  384,     1,     1,     1], type =    f32, size =    0.001 MB
[ 129/ 197]                blk.7.ffn_down.weight - [ 1536,   384,     1,     1], type =    f16, converting to q8_0 .. size =     1.12 MiB ->     0.60 MiB
[ 130/ 197]                    blk.7.ffn_up.bias - [ 1536,     1,     1,     1], type =    f32, size =    0.006 MB
[ 131/ 197]                  blk.7.ffn_up.weight - [  384,  1536,     1,     1], type =    f16, converting to q8_0 .. size =     1.12 MiB ->     0.60 MiB
[ 132/ 197]         blk.7.layer_output_norm.bias - [  384,     1,     1,     1], type =    f32, size =    0.001 MB
[ 133/ 197]       blk.7.layer_output_norm.weight - [  384,     1,     1,     1], type =    f32, size =    0.001 MB
[ 134/ 197]                    blk.8.attn_k.bias - [  384,     1,     1,     1], type =    f32, size =    0.001 MB
[ 135/ 197]                  blk.8.attn_k.weight - [  384,   384,     1,     1], type =    f16, converting to q8_0 .. size =     0.28 MiB ->     0.15 MiB
[ 136/ 197]               blk.8.attn_output.bias - [  384,     1,     1,     1], type =    f32, size =    0.001 MB
[ 137/ 197]             blk.8.attn_output.weight - [  384,   384,     1,     1], type =    f16, converting to q8_0 .. size =     0.28 MiB ->     0.15 MiB
[ 138/ 197]          blk.8.attn_output_norm.bias - [  384,     1,     1,     1], type =    f32, size =    0.001 MB
[ 139/ 197]        blk.8.attn_output_norm.weight - [  384,     1,     1,     1], type =    f32, size =    0.001 MB
[ 140/ 197]                    blk.8.attn_q.bias - [  384,     1,     1,     1], type =    f32, size =    0.001 MB
[ 141/ 197]                  blk.8.attn_q.weight - [  384,   384,     1,     1], type =    f16, converting to q8_0 .. size =     0.28 MiB ->     0.15 MiB
[ 142/ 197]                    blk.8.attn_v.bias - [  384,     1,     1,     1], type =    f32, size =    0.001 MB
[ 143/ 197]                  blk.8.attn_v.weight - [  384,   384,     1,     1], type =    f16, converting to q8_0 .. size =     0.28 MiB ->     0.15 MiB
[ 144/ 197]                  blk.8.ffn_down.bias - [  384,     1,     1,     1], type =    f32, size =    0.001 MB
[ 145/ 197]                blk.8.ffn_down.weight - [ 1536,   384,     1,     1], type =    f16, converting to q8_0 .. size =     1.12 MiB ->     0.60 MiB
[ 146/ 197]                    blk.8.ffn_up.bias - [ 1536,     1,     1,     1], type =    f32, size =    0.006 MB
[ 147/ 197]                  blk.8.ffn_up.weight - [  384,  1536,     1,     1], type =    f16, converting to q8_0 .. size =     1.12 MiB ->     0.60 MiB
[ 148/ 197]         blk.8.layer_output_norm.bias - [  384,     1,     1,     1], type =    f32, size =    0.001 MB
[ 149/ 197]       blk.8.layer_output_norm.weight - [  384,     1,     1,     1], type =    f32, size =    0.001 MB
[ 150/ 197]                    blk.9.attn_k.bias - [  384,     1,     1,     1], type =    f32, size =    0.001 MB
[ 151/ 197]                  blk.9.attn_k.weight - [  384,   384,     1,     1], type =    f16, converting to q8_0 .. size =     0.28 MiB ->     0.15 MiB
[ 152/ 197]               blk.9.attn_output.bias - [  384,     1,     1,     1], type =    f32, size =    0.001 MB
[ 153/ 197]             blk.9.attn_output.weight - [  384,   384,     1,     1], type =    f16, converting to q8_0 .. size =     0.28 MiB ->     0.15 MiB
[ 154/ 197]          blk.9.attn_output_norm.bias - [  384,     1,     1,     1], type =    f32, size =    0.001 MB
[ 155/ 197]        blk.9.attn_output_norm.weight - [  384,     1,     1,     1], type =    f32, size =    0.001 MB
[ 156/ 197]                    blk.9.attn_q.bias - [  384,     1,     1,     1], type =    f32, size =    0.001 MB
[ 157/ 197]                  blk.9.attn_q.weight - [  384,   384,     1,     1], type =    f16, converting to q8_0 .. size =     0.28 MiB ->     0.15 MiB
[ 158/ 197]                    blk.9.attn_v.bias - [  384,     1,     1,     1], type =    f32, size =    0.001 MB
[ 159/ 197]                  blk.9.attn_v.weight - [  384,   384,     1,     1], type =    f16, converting to q8_0 .. size =     0.28 MiB ->     0.15 MiB
[ 160/ 197]                  blk.9.ffn_down.bias - [  384,     1,     1,     1], type =    f32, size =    0.001 MB
[ 161/ 197]                blk.9.ffn_down.weight - [ 1536,   384,     1,     1], type =    f16, converting to q8_0 .. size =     1.12 MiB ->     0.60 MiB
[ 162/ 197]                    blk.9.ffn_up.bias - [ 1536,     1,     1,     1], type =    f32, size =    0.006 MB
[ 163/ 197]                  blk.9.ffn_up.weight - [  384,  1536,     1,     1], type =    f16, converting to q8_0 .. size =     1.12 MiB ->     0.60 MiB
[ 164/ 197]         blk.9.layer_output_norm.bias - [  384,     1,     1,     1], type =    f32, size =    0.001 MB
[ 165/ 197]       blk.9.layer_output_norm.weight - [  384,     1,     1,     1], type =    f32, size =    0.001 MB
[ 166/ 197]                   blk.10.attn_k.bias - [  384,     1,     1,     1], type =    f32, size =    0.001 MB
[ 167/ 197]                 blk.10.attn_k.weight - [  384,   384,     1,     1], type =    f16, converting to q8_0 .. size =     0.28 MiB ->     0.15 MiB
[ 168/ 197]              blk.10.attn_output.bias - [  384,     1,     1,     1], type =    f32, size =    0.001 MB
[ 169/ 197]            blk.10.attn_output.weight - [  384,   384,     1,     1], type =    f16, converting to q8_0 .. size =     0.28 MiB ->     0.15 MiB
[ 170/ 197]         blk.10.attn_output_norm.bias - [  384,     1,     1,     1], type =    f32, size =    0.001 MB
[ 171/ 197]       blk.10.attn_output_norm.weight - [  384,     1,     1,     1], type =    f32, size =    0.001 MB
[ 172/ 197]                   blk.10.attn_q.bias - [  384,     1,     1,     1], type =    f32, size =    0.001 MB
[ 173/ 197]                 blk.10.attn_q.weight - [  384,   384,     1,     1], type =    f16, converting to q8_0 .. size =     0.28 MiB ->     0.15 MiB
[ 174/ 197]                   blk.10.attn_v.bias - [  384,     1,     1,     1], type =    f32, size =    0.001 MB
[ 175/ 197]                 blk.10.attn_v.weight - [  384,   384,     1,     1], type =    f16, converting to q8_0 .. size =     0.28 MiB ->     0.15 MiB
[ 176/ 197]                 blk.10.ffn_down.bias - [  384,     1,     1,     1], type =    f32, size =    0.001 MB
[ 177/ 197]               blk.10.ffn_down.weight - [ 1536,   384,     1,     1], type =    f16, converting to q8_0 .. size =     1.12 MiB ->     0.60 MiB
[ 178/ 197]                   blk.10.ffn_up.bias - [ 1536,     1,     1,     1], type =    f32, size =    0.006 MB
[ 179/ 197]                 blk.10.ffn_up.weight - [  384,  1536,     1,     1], type =    f16, converting to q8_0 .. size =     1.12 MiB ->     0.60 MiB
[ 180/ 197]        blk.10.layer_output_norm.bias - [  384,     1,     1,     1], type =    f32, size =    0.001 MB
[ 181/ 197]      blk.10.layer_output_norm.weight - [  384,     1,     1,     1], type =    f32, size =    0.001 MB
[ 182/ 197]                   blk.11.attn_k.bias - [  384,     1,     1,     1], type =    f32, size =    0.001 MB
[ 183/ 197]                 blk.11.attn_k.weight - [  384,   384,     1,     1], type =    f16, converting to q8_0 .. size =     0.28 MiB ->     0.15 MiB
[ 184/ 197]              blk.11.attn_output.bias - [  384,     1,     1,     1], type =    f32, size =    0.001 MB
[ 185/ 197]            blk.11.attn_output.weight - [  384,   384,     1,     1], type =    f16, converting to q8_0 .. size =     0.28 MiB ->     0.15 MiB
[ 186/ 197]         blk.11.attn_output_norm.bias - [  384,     1,     1,     1], type =    f32, size =    0.001 MB
[ 187/ 197]       blk.11.attn_output_norm.weight - [  384,     1,     1,     1], type =    f32, size =    0.001 MB
[ 188/ 197]                   blk.11.attn_q.bias - [  384,     1,     1,     1], type =    f32, size =    0.001 MB
[ 189/ 197]                 blk.11.attn_q.weight - [  384,   384,     1,     1], type =    f16, converting to q8_0 .. size =     0.28 MiB ->     0.15 MiB
[ 190/ 197]                   blk.11.attn_v.bias - [  384,     1,     1,     1], type =    f32, size =    0.001 MB
[ 191/ 197]                 blk.11.attn_v.weight - [  384,   384,     1,     1], type =    f16, converting to q8_0 .. size =     0.28 MiB ->     0.15 MiB
[ 192/ 197]                 blk.11.ffn_down.bias - [  384,     1,     1,     1], type =    f32, size =    0.001 MB
[ 193/ 197]               blk.11.ffn_down.weight - [ 1536,   384,     1,     1], type =    f16, converting to q8_0 .. size =     1.12 MiB ->     0.60 MiB
[ 194/ 197]                   blk.11.ffn_up.bias - [ 1536,     1,     1,     1], type =    f32, size =    0.006 MB
[ 195/ 197]                 blk.11.ffn_up.weight - [  384,  1536,     1,     1], type =    f16, converting to q8_0 .. size =     1.12 MiB ->     0.60 MiB
[ 196/ 197]        blk.11.layer_output_norm.bias - [  384,     1,     1,     1], type =    f32, size =    0.001 MB
[ 197/ 197]      blk.11.layer_output_norm.weight - [  384,     1,     1,     1], type =    f32, size =    0.001 MB
llama_model_quantize_internal: model size  =    63.84 MB
llama_model_quantize_internal: quant size  =    34.38 MB

main: quantize time =   139.79 ms
main:    total time =   139.79 ms
+ tee -a /home/ggml/results/llama.cpp/52/d537b56da6e7e16ab9cb0ab46590943cb942d5/ggml-3-arm64-cpu/embd_bge_small-tg-f16.log
+ ./bin/llama-embedding --model ../models-mnt/bge-small/ggml-model-f16.gguf -p 'I believe the meaning of life is'
0.00.000.233 I build: 4012 (52d537b5) with cc (Ubuntu 11.4.0-1ubuntu1~22.04) 11.4.0 for aarch64-linux-gnu
0.00.006.121 I llama_model_loader: loaded meta data with 25 key-value pairs and 197 tensors from ../models-mnt/bge-small/ggml-model-f16.gguf (version GGUF V3 (latest))
0.00.006.143 I llama_model_loader: Dumping metadata keys/values. Note: KV overrides do not apply in this output.
0.00.006.151 I llama_model_loader: - kv   0:                       general.architecture str              = bert
0.00.006.156 I llama_model_loader: - kv   1:                               general.type str              = model
0.00.006.157 I llama_model_loader: - kv   2:                               general.name str              = Bge Small
0.00.006.157 I llama_model_loader: - kv   3:                           general.basename str              = bge
0.00.006.158 I llama_model_loader: - kv   4:                         general.size_label str              = small
0.00.006.161 I llama_model_loader: - kv   5:                           bert.block_count u32              = 12
0.00.006.162 I llama_model_loader: - kv   6:                        bert.context_length u32              = 512
0.00.006.163 I llama_model_loader: - kv   7:                      bert.embedding_length u32              = 384
0.00.006.164 I llama_model_loader: - kv   8:                   bert.feed_forward_length u32              = 1536
0.00.006.164 I llama_model_loader: - kv   9:                  bert.attention.head_count u32              = 12
0.00.006.169 I llama_model_loader: - kv  10:          bert.attention.layer_norm_epsilon f32              = 0.000000
0.00.006.170 I llama_model_loader: - kv  11:                          general.file_type u32              = 1
0.00.006.171 I llama_model_loader: - kv  12:                      bert.attention.causal bool             = false
0.00.006.171 I llama_model_loader: - kv  13:                          bert.pooling_type u32              = 2
0.00.006.172 I llama_model_loader: - kv  14:            tokenizer.ggml.token_type_count u32              = 2
0.00.006.174 I llama_model_loader: - kv  15:                       tokenizer.ggml.model str              = bert
0.00.006.175 I llama_model_loader: - kv  16:                         tokenizer.ggml.pre str              = jina-v2-en
0.00.010.998 I llama_model_loader: - kv  17:                      tokenizer.ggml.tokens arr[str,30522]   = ["[PAD]", "[unused0]", "[unused1]", "...
0.00.012.263 I llama_model_loader: - kv  18:                  tokenizer.ggml.token_type arr[i32,30522]   = [3, 1, 1, 1, 1, 1, 1, 1, 1, 1, 1, 1, ...
0.00.012.271 I llama_model_loader: - kv  19:            tokenizer.ggml.unknown_token_id u32              = 100
0.00.012.272 I llama_model_loader: - kv  20:          tokenizer.ggml.seperator_token_id u32              = 102
0.00.012.273 I llama_model_loader: - kv  21:            tokenizer.ggml.padding_token_id u32              = 0
0.00.012.273 I llama_model_loader: - kv  22:                tokenizer.ggml.cls_token_id u32              = 101
0.00.012.274 I llama_model_loader: - kv  23:               tokenizer.ggml.mask_token_id u32              = 103
0.00.012.275 I llama_model_loader: - kv  24:               general.quantization_version u32              = 2
0.00.012.277 I llama_model_loader: - type  f32:  124 tensors
0.00.012.277 I llama_model_loader: - type  f16:   73 tensors
0.00.029.434 I llm_load_vocab: special tokens cache size = 5
0.00.033.769 I llm_load_vocab: token to piece cache size = 0.2032 MB
0.00.033.787 I llm_load_print_meta: format           = GGUF V3 (latest)
0.00.033.787 I llm_load_print_meta: arch             = bert
0.00.033.788 I llm_load_print_meta: vocab type       = WPM
0.00.033.788 I llm_load_print_meta: n_vocab          = 30522
0.00.033.789 I llm_load_print_meta: n_merges         = 0
0.00.033.789 I llm_load_print_meta: vocab_only       = 0
0.00.033.790 I llm_load_print_meta: n_ctx_train      = 512
0.00.033.790 I llm_load_print_meta: n_embd           = 384
0.00.033.791 I llm_load_print_meta: n_layer          = 12
0.00.033.803 I llm_load_print_meta: n_head           = 12
0.00.033.805 I llm_load_print_meta: n_head_kv        = 12
0.00.033.805 I llm_load_print_meta: n_rot            = 32
0.00.033.806 I llm_load_print_meta: n_swa            = 0
0.00.033.806 I llm_load_print_meta: n_embd_head_k    = 32
0.00.033.807 I llm_load_print_meta: n_embd_head_v    = 32
0.00.033.808 I llm_load_print_meta: n_gqa            = 1
0.00.033.809 I llm_load_print_meta: n_embd_k_gqa     = 384
0.00.033.810 I llm_load_print_meta: n_embd_v_gqa     = 384
0.00.033.812 I llm_load_print_meta: f_norm_eps       = 1.0e-12
0.00.033.813 I llm_load_print_meta: f_norm_rms_eps   = 0.0e+00
0.00.033.813 I llm_load_print_meta: f_clamp_kqv      = 0.0e+00
0.00.033.814 I llm_load_print_meta: f_max_alibi_bias = 0.0e+00
0.00.033.814 I llm_load_print_meta: f_logit_scale    = 0.0e+00
0.00.033.815 I llm_load_print_meta: n_ff             = 1536
0.00.033.816 I llm_load_print_meta: n_expert         = 0
0.00.033.816 I llm_load_print_meta: n_expert_used    = 0
0.00.033.817 I llm_load_print_meta: causal attn      = 0
0.00.033.817 I llm_load_print_meta: pooling type     = 2
0.00.033.817 I llm_load_print_meta: rope type        = 2
0.00.033.818 I llm_load_print_meta: rope scaling     = linear
0.00.033.820 I llm_load_print_meta: freq_base_train  = 10000.0
0.00.033.820 I llm_load_print_meta: freq_scale_train = 1
0.00.033.821 I llm_load_print_meta: n_ctx_orig_yarn  = 512
0.00.033.821 I llm_load_print_meta: rope_finetuned   = unknown
0.00.033.822 I llm_load_print_meta: ssm_d_conv       = 0
0.00.033.822 I llm_load_print_meta: ssm_d_inner      = 0
0.00.033.823 I llm_load_print_meta: ssm_d_state      = 0
0.00.033.823 I llm_load_print_meta: ssm_dt_rank      = 0
0.00.033.823 I llm_load_print_meta: ssm_dt_b_c_rms   = 0
0.00.033.824 I llm_load_print_meta: model type       = 33M
0.00.033.825 I llm_load_print_meta: model ftype      = F16
0.00.033.826 I llm_load_print_meta: model params     = 33.21 M
0.00.033.827 I llm_load_print_meta: model size       = 63.84 MiB (16.12 BPW) 
0.00.033.828 I llm_load_print_meta: general.name     = Bge Small
0.00.033.828 I llm_load_print_meta: UNK token        = 100 '[UNK]'
0.00.033.829 I llm_load_print_meta: SEP token        = 102 '[SEP]'
0.00.033.829 I llm_load_print_meta: PAD token        = 0 '[PAD]'
0.00.033.829 I llm_load_print_meta: CLS token        = 101 '[CLS]'
0.00.033.830 I llm_load_print_meta: MASK token       = 103 '[MASK]'
0.00.033.830 I llm_load_print_meta: LF token         = 0 '[PAD]'
0.00.033.831 I llm_load_print_meta: max token length = 21
0.00.039.622 I llm_load_tensors: CPU_Mapped model buffer size =    63.84 MiB
...............................................
0.00.041.081 I llama_new_context_with_model: n_seq_max     = 1
0.00.041.089 I llama_new_context_with_model: n_ctx         = 4096
0.00.041.089 I llama_new_context_with_model: n_ctx_per_seq = 4096
0.00.041.089 I llama_new_context_with_model: n_batch       = 2048
0.00.041.090 I llama_new_context_with_model: n_ubatch      = 2048
0.00.041.090 I llama_new_context_with_model: flash_attn    = 0
0.00.041.093 I llama_new_context_with_model: freq_base     = 10000.0
0.00.041.093 I llama_new_context_with_model: freq_scale    = 1
0.00.041.094 W llama_new_context_with_model: n_ctx_pre_seq (4096) > n_ctx_train (512) -- possible training context overflow
0.00.065.913 I llama_kv_cache_init:        CPU KV buffer size =    72.00 MiB
0.00.065.936 I llama_new_context_with_model: KV self size  =   72.00 MiB, K (f16):   36.00 MiB, V (f16):   36.00 MiB
0.00.065.944 I llama_new_context_with_model:        CPU  output buffer size =     0.00 MiB
0.00.067.837 I llama_new_context_with_model:        CPU compute buffer size =   220.02 MiB
0.00.067.853 I llama_new_context_with_model: graph nodes  = 429
0.00.067.853 I llama_new_context_with_model: graph splits = 1
0.00.067.855 W common_init_from_params: warming up the model with an empty run - please wait ... (--no-warmup to disable)
0.00.071.642 W main: warning: model was trained on only 512 context tokens (4096 specified)
0.00.071.654 I 
/home/ggml/work/llama.cpp/examples/embedding/embedding.cpp:133: GGML_ASSERT(params.n_batch >= params.n_ctx) failed
0.00.071.737 I system_info: n_threads = 8 (n_threads_batch = 8) / 8 | AVX = 0 | AVX_VNNI = 0 | AVX2 = 0 | AVX512 = 0 | AVX512_VBMI = 0 | AVX512_VNNI = 0 | AVX512_BF16 = 0 | AMX_INT8 = 0 | FMA = 0 | NEON = 1 | SVE = 0 | ARM_FMA = 1 | F16C = 0 | FP16_VA = 0 | RISCV_VECT = 0 | WASM_SIMD = 0 | BLAS = 0 | SSE3 = 0 | SSSE3 = 0 | VSX = 0 | MATMUL_INT8 = 0 | LLAMAFILE = 1 | 
