mkdir: cannot create directory ‘/mnt/llama.cpp’: Permission denied
+ gg_run_ctest_debug
+ cd /home/ggml/work/llama.cpp
+ rm -rf build-ci-debug
+ tee /home/ggml/results/llama.cpp/c7/80e75305dba1f67691a8dc0e8bc8425838a452/ggml-0-x86-cpu-low-perf/ctest_debug.log
+ mkdir build-ci-debug
+ cd build-ci-debug
+ set -e
+ tee -a /home/ggml/results/llama.cpp/c7/80e75305dba1f67691a8dc0e8bc8425838a452/ggml-0-x86-cpu-low-perf/ctest_debug-cmake.log
+ cmake -DCMAKE_BUILD_TYPE=Debug -DLLAMA_FATAL_WARNINGS=ON ..
-- The C compiler identification is GNU 11.4.0
-- The CXX compiler identification is GNU 11.4.0
-- Detecting C compiler ABI info
-- Detecting C compiler ABI info - done
-- Check for working C compiler: /usr/bin/cc - skipped
-- Detecting C compile features
-- Detecting C compile features - done
-- Detecting CXX compiler ABI info
-- Detecting CXX compiler ABI info - done
-- Check for working CXX compiler: /usr/bin/c++ - skipped
-- Detecting CXX compile features
-- Detecting CXX compile features - done
-- Found Git: /usr/bin/git (found version "2.34.1") 
-- Performing Test CMAKE_HAVE_LIBC_PTHREAD
-- Performing Test CMAKE_HAVE_LIBC_PTHREAD - Success
-- Found Threads: TRUE  
-- Warning: ccache not found - consider installing it for faster compilation or disable this warning with LLAMA_CCACHE=OFF
-- CMAKE_SYSTEM_PROCESSOR: x86_64
-- x86 detected
-- Configuring done (0.3s)
-- Generating done (0.1s)
-- Build files have been written to: /home/ggml/work/llama.cpp/build-ci-debug

real	0m0.453s
user	0m0.331s
sys	0m0.107s
+ tee -a /home/ggml/results/llama.cpp/c7/80e75305dba1f67691a8dc0e8bc8425838a452/ggml-0-x86-cpu-low-perf/ctest_debug-make.log
+ make -j
[  1%] Generating build details from Git
[  1%] Building C object CMakeFiles/ggml.dir/ggml.c.o
[  2%] Building C object CMakeFiles/ggml.dir/ggml-alloc.c.o
[  3%] Building C object CMakeFiles/ggml.dir/ggml-backend.c.o
-- Found Git: /usr/bin/git (found version "2.34.1") 
[  3%] Building C object CMakeFiles/ggml.dir/ggml-quants.c.o
[  4%] Building CXX object CMakeFiles/ggml.dir/sgemm.cpp.o
[  5%] Building CXX object common/CMakeFiles/build_info.dir/build-info.cpp.o
[  5%] Built target build_info
[  5%] Built target ggml
[  6%] Linking CXX static library libggml_static.a
[  6%] Building CXX object CMakeFiles/llama.dir/llama.cpp.o
[  7%] Building CXX object examples/gguf/CMakeFiles/gguf.dir/gguf.cpp.o
[  8%] Building CXX object CMakeFiles/llama.dir/unicode-data.cpp.o
[  9%] Building CXX object CMakeFiles/llama.dir/unicode.cpp.o
[  9%] Built target ggml_static
[  9%] Linking CXX executable ../../bin/gguf
[  9%] Built target gguf
[  9%] Linking CXX static library libllama.a
[  9%] Built target llama
[  9%] Building CXX object common/CMakeFiles/common.dir/common.cpp.o
[ 10%] Building CXX object common/CMakeFiles/common.dir/sampling.cpp.o
[ 10%] Building C object tests/CMakeFiles/test-c.dir/test-c.c.o
[ 11%] Building CXX object examples/benchmark/CMakeFiles/benchmark.dir/benchmark-matmult.cpp.o
[ 12%] Building CXX object examples/quantize-stats/CMakeFiles/quantize-stats.dir/quantize-stats.cpp.o
[ 13%] Building CXX object examples/llava/CMakeFiles/llava.dir/clip.cpp.o
[ 14%] Building CXX object examples/llava/CMakeFiles/llava.dir/llava.cpp.o
[ 14%] Building CXX object common/CMakeFiles/common.dir/console.cpp.o
[ 14%] Building CXX object common/CMakeFiles/common.dir/grammar-parser.cpp.o
[ 15%] Building CXX object common/CMakeFiles/common.dir/json-schema-to-grammar.cpp.o
[ 16%] Building CXX object common/CMakeFiles/common.dir/train.cpp.o
[ 16%] Building CXX object common/CMakeFiles/common.dir/ngram-cache.cpp.o
[ 17%] Linking CXX executable ../bin/test-c
[ 17%] Built target test-c
[ 17%] Linking CXX executable ../../bin/benchmark
[ 17%] Built target benchmark
[ 17%] Linking CXX executable ../../bin/quantize-stats
[ 17%] Built target quantize-stats
[ 17%] Built target llava
[ 18%] Linking CXX static library libllava_static.a
[ 18%] Built target llava_static
[ 19%] Linking CXX static library libcommon.a
[ 19%] Built target common
[ 20%] Building CXX object tests/CMakeFiles/test-tokenizer-0.dir/test-tokenizer-0.cpp.o
[ 21%] Building CXX object tests/CMakeFiles/test-tokenizer-1-spm.dir/test-tokenizer-1-spm.cpp.o
[ 21%] Building CXX object tests/CMakeFiles/test-tokenizer-1-bpe.dir/test-tokenizer-1-bpe.cpp.o
[ 22%] Building CXX object tests/CMakeFiles/test-quantize-fns.dir/test-quantize-fns.cpp.o
[ 23%] Building CXX object tests/CMakeFiles/test-quantize-fns.dir/get-model.cpp.o
[ 24%] Building CXX object tests/CMakeFiles/test-quantize-perf.dir/test-quantize-perf.cpp.o
[ 25%] Building CXX object tests/CMakeFiles/test-sampling.dir/get-model.cpp.o
[ 26%] Building CXX object tests/CMakeFiles/test-quantize-perf.dir/get-model.cpp.o
[ 27%] Building CXX object tests/CMakeFiles/test-sampling.dir/test-sampling.cpp.o
[ 28%] Building CXX object tests/CMakeFiles/test-chat-template.dir/test-chat-template.cpp.o
[ 29%] Building CXX object tests/CMakeFiles/test-grammar-parser.dir/test-grammar-parser.cpp.o
[ 29%] Building CXX object tests/CMakeFiles/test-chat-template.dir/get-model.cpp.o
[ 30%] Building CXX object tests/CMakeFiles/test-grammar-parser.dir/get-model.cpp.o
[ 31%] Building CXX object tests/CMakeFiles/test-llama-grammar.dir/test-llama-grammar.cpp.o
[ 33%] Building CXX object tests/CMakeFiles/test-llama-grammar.dir/get-model.cpp.o
[ 33%] Building CXX object tests/CMakeFiles/test-grammar-integration.dir/test-grammar-integration.cpp.o
[ 34%] Building CXX object tests/CMakeFiles/test-grammar-integration.dir/get-model.cpp.o
[ 35%] Building CXX object tests/CMakeFiles/test-grad0.dir/test-grad0.cpp.o
[ 35%] Building CXX object tests/CMakeFiles/test-backend-ops.dir/test-backend-ops.cpp.o
[ 35%] Building CXX object tests/CMakeFiles/test-grad0.dir/get-model.cpp.o
[ 36%] Building CXX object tests/CMakeFiles/test-rope.dir/test-rope.cpp.o
[ 37%] Building CXX object tests/CMakeFiles/test-backend-ops.dir/get-model.cpp.o
[ 38%] Building CXX object tests/CMakeFiles/test-rope.dir/get-model.cpp.o
[ 39%] Building CXX object tests/CMakeFiles/test-model-load-cancel.dir/test-model-load-cancel.cpp.o
[ 40%] Building CXX object tests/CMakeFiles/test-model-load-cancel.dir/get-model.cpp.o
[ 40%] Building CXX object tests/CMakeFiles/test-autorelease.dir/test-autorelease.cpp.o
[ 41%] Building CXX object tests/CMakeFiles/test-autorelease.dir/get-model.cpp.o
[ 42%] Building CXX object tests/CMakeFiles/test-json-schema-to-grammar.dir/test-json-schema-to-grammar.cpp.o
[ 42%] Building CXX object examples/baby-llama/CMakeFiles/baby-llama.dir/baby-llama.cpp.o
[ 43%] Building CXX object tests/CMakeFiles/test-json-schema-to-grammar.dir/get-model.cpp.o
[ 44%] Building CXX object examples/batched/CMakeFiles/batched.dir/batched.cpp.o
[ 45%] Building CXX object examples/batched-bench/CMakeFiles/batched-bench.dir/batched-bench.cpp.o
[ 45%] Building CXX object examples/beam-search/CMakeFiles/beam-search.dir/beam-search.cpp.o
[ 46%] Building CXX object examples/convert-llama2c-to-ggml/CMakeFiles/convert-llama2c-to-ggml.dir/convert-llama2c-to-ggml.cpp.o
[ 47%] Building CXX object examples/embedding/CMakeFiles/embedding.dir/embedding.cpp.o
[ 48%] Building CXX object examples/finetune/CMakeFiles/finetune.dir/finetune.cpp.o
[ 48%] Building CXX object examples/eval-callback/CMakeFiles/eval-callback.dir/eval-callback.cpp.o
[ 48%] Building CXX object examples/gritlm/CMakeFiles/gritlm.dir/gritlm.cpp.o
[ 48%] Linking CXX executable ../bin/test-model-load-cancel
[ 49%] Building CXX object examples/gguf-split/CMakeFiles/gguf-split.dir/gguf-split.cpp.o
[ 50%] Building CXX object examples/infill/CMakeFiles/infill.dir/infill.cpp.o
[ 51%] Building CXX object examples/llama-bench/CMakeFiles/llama-bench.dir/llama-bench.cpp.o
[ 52%] Building CXX object examples/llava/CMakeFiles/llava-cli.dir/llava-cli.cpp.o
[ 52%] Building CXX object examples/main/CMakeFiles/main.dir/main.cpp.o
[ 53%] Building CXX object examples/parallel/CMakeFiles/parallel.dir/parallel.cpp.o
[ 54%] Building CXX object examples/tokenize/CMakeFiles/tokenize.dir/tokenize.cpp.o
[ 55%] Building CXX object examples/perplexity/CMakeFiles/perplexity.dir/perplexity.cpp.o
[ 55%] Building CXX object examples/quantize/CMakeFiles/quantize.dir/quantize.cpp.o
[ 56%] Building CXX object examples/retrieval/CMakeFiles/retrieval.dir/retrieval.cpp.o
[ 56%] Building CXX object examples/save-load-state/CMakeFiles/save-load-state.dir/save-load-state.cpp.o
[ 58%] Building CXX object examples/simple/CMakeFiles/simple.dir/simple.cpp.o
[ 58%] Building CXX object examples/passkey/CMakeFiles/passkey.dir/passkey.cpp.o
[ 59%] Building CXX object examples/speculative/CMakeFiles/speculative.dir/speculative.cpp.o
[ 60%] Building CXX object examples/lookahead/CMakeFiles/lookahead.dir/lookahead.cpp.o
[ 61%] Building CXX object examples/lookup/CMakeFiles/lookup.dir/lookup.cpp.o
[ 61%] Building CXX object examples/lookup/CMakeFiles/lookup-create.dir/lookup-create.cpp.o
[ 62%] Building CXX object examples/lookup/CMakeFiles/lookup-merge.dir/lookup-merge.cpp.o
[ 63%] Building CXX object examples/lookup/CMakeFiles/lookup-stats.dir/lookup-stats.cpp.o
[ 63%] Building CXX object examples/train-text-from-scratch/CMakeFiles/train-text-from-scratch.dir/train-text-from-scratch.cpp.o
[ 64%] Generating json-schema-to-grammar.mjs.hpp
[ 65%] Generating completion.js.hpp
[ 66%] Generating index.html.hpp
[ 67%] Building CXX object examples/imatrix/CMakeFiles/imatrix.dir/imatrix.cpp.o
[ 67%] Generating index.js.hpp
[ 68%] Building CXX object examples/export-lora/CMakeFiles/export-lora.dir/export-lora.cpp.o
[ 69%] Building CXX object pocs/vdot/CMakeFiles/vdot.dir/vdot.cpp.o
[ 70%] Building CXX object pocs/vdot/CMakeFiles/q8dot.dir/q8dot.cpp.o
[ 71%] Linking CXX executable ../bin/test-grad0
[ 71%] Building CXX object examples/server/CMakeFiles/server.dir/server.cpp.o
[ 71%] Linking CXX executable ../bin/test-rope
[ 71%] Built target test-grad0
[ 72%] Linking CXX executable ../bin/test-autorelease
[ 72%] Built target test-rope
[ 72%] Linking CXX executable ../bin/test-quantize-fns
[ 73%] Linking CXX executable ../bin/test-chat-template
[ 73%] Built target test-quantize-fns
[ 73%] Linking CXX executable ../bin/test-sampling
[ 73%] Linking CXX executable ../bin/test-grammar-parser
[ 73%] Built target test-grammar-parser
[ 73%] Built target test-model-load-cancel
[ 74%] Linking CXX executable ../../bin/baby-llama
[ 75%] Linking CXX executable ../../bin/q8dot
[ 75%] Linking CXX executable ../bin/test-grammar-integration
[ 76%] Linking CXX executable ../../bin/tokenize
[ 77%] Linking CXX executable ../../bin/vdot
[ 77%] Linking CXX executable ../bin/test-tokenizer-1-spm
[ 77%] Built target q8dot
[ 78%] Linking CXX executable ../bin/test-tokenizer-1-bpe
[ 78%] Built target vdot
[ 78%] Built target test-autorelease
[ 78%] Linking CXX executable ../bin/test-quantize-perf
[ 79%] Linking CXX executable ../../bin/beam-search
[ 79%] Linking CXX executable ../../bin/lookup-merge
[ 80%] Linking CXX executable ../../bin/eval-callback
[ 80%] Built target test-chat-template
[ 81%] Linking CXX executable ../bin/test-tokenizer-0
[ 82%] Linking CXX executable ../../bin/batched-bench
[ 83%] Linking CXX executable ../../bin/gguf-split
[ 83%] Linking CXX executable ../../bin/batched
[ 83%] Built target test-quantize-perf
[ 83%] Built target test-sampling
[ 84%] Linking CXX executable ../../bin/save-load-state
[ 84%] Linking CXX executable ../../bin/simple
[ 85%] Linking CXX executable ../../bin/lookup-create
[ 86%] Linking CXX executable ../../bin/passkey
[ 86%] Built target lookup-merge
[ 87%] Linking CXX executable ../../bin/embedding
[ 88%] Linking CXX executable ../../bin/gritlm
[ 88%] Linking CXX executable ../../bin/llava-cli
[ 88%] Linking CXX executable ../../bin/parallel
[ 89%] Linking CXX executable ../../bin/lookup-stats
[ 89%] Linking CXX executable ../../bin/export-lora
[ 89%] Linking CXX executable ../../bin/lookahead
[ 90%] Linking CXX executable ../../bin/train-text-from-scratch
[ 91%] Linking CXX executable ../../bin/lookup
[ 92%] Linking CXX executable ../../bin/finetune
[ 92%] Built target test-grammar-integration
[ 92%] Built target export-lora
[ 93%] Linking CXX executable ../../bin/infill
[ 93%] Linking CXX executable ../../bin/convert-llama2c-to-ggml
[ 94%] Linking CXX executable ../../bin/quantize
[ 94%] Built target convert-llama2c-to-ggml
[ 95%] Linking CXX executable ../../bin/retrieval
[ 96%] Linking CXX executable ../../bin/main
[ 96%] Built target gguf-split
[ 96%] Built target baby-llama
[ 97%] Linking CXX executable ../bin/test-backend-ops
[ 98%] Linking CXX executable ../../bin/speculative
[ 98%] Built target tokenize
[ 98%] Built target test-tokenizer-1-spm
[ 98%] Built target test-tokenizer-1-bpe
[ 98%] Linking CXX executable ../../bin/imatrix
[ 98%] Built target test-backend-ops
[ 98%] Built target beam-search
[ 98%] Built target batched-bench
[ 98%] Built target eval-callback
[ 98%] Built target test-tokenizer-0
[ 98%] Built target batched
[ 98%] Built target save-load-state
[ 98%] Built target passkey
[ 98%] Built target simple
[ 98%] Built target lookup-create
[ 98%] Built target gritlm
[ 98%] Built target embedding
[ 98%] Built target train-text-from-scratch
[ 98%] Built target parallel
[ 98%] Built target lookup-stats
[ 98%] Built target llava-cli
[ 98%] Built target lookahead
[ 98%] Built target lookup
[ 98%] Built target finetune
[ 98%] Built target quantize
[ 98%] Linking CXX executable ../../bin/perplexity
[ 98%] Built target infill
[ 98%] Built target retrieval
[ 98%] Built target main
[ 98%] Built target speculative
[ 98%] Built target imatrix
[ 98%] Built target perplexity
[ 99%] Linking CXX executable ../../bin/llama-bench
[ 99%] Linking CXX executable ../bin/test-json-schema-to-grammar
[ 99%] Built target llama-bench
[ 99%] Built target test-json-schema-to-grammar
[ 99%] Linking CXX executable ../bin/test-llama-grammar
[ 99%] Built target test-llama-grammar
[100%] Linking CXX executable ../../bin/server
[100%] Built target server

real	0m58.215s
user	2m49.889s
sys	0m13.088s
+ tee -a /home/ggml/results/llama.cpp/c7/80e75305dba1f67691a8dc0e8bc8425838a452/ggml-0-x86-cpu-low-perf/ctest_debug-ctest.log
+ ctest --output-on-failure -L main -E test-opt
Test project /home/ggml/work/llama.cpp/build-ci-debug
      Start  1: test-tokenizer-0-llama-spm
 1/21 Test  #1: test-tokenizer-0-llama-spm .......   Passed    0.14 sec
      Start  2: test-tokenizer-0-llama-bpe
 2/21 Test  #2: test-tokenizer-0-llama-bpe .......   Passed    2.40 sec
      Start  3: test-tokenizer-0-phi-3
 3/21 Test  #3: test-tokenizer-0-phi-3 ...........   Passed    0.14 sec
      Start  4: test-tokenizer-0-falcon
 4/21 Test  #4: test-tokenizer-0-falcon ..........   Passed    0.92 sec
      Start  5: test-tokenizer-0-bert-bge
 5/21 Test  #5: test-tokenizer-0-bert-bge ........   Passed    0.46 sec
      Start  6: test-tokenizer-0-starcoder
 6/21 Test  #6: test-tokenizer-0-starcoder .......   Passed    0.76 sec
      Start  7: test-tokenizer-0-gpt-2
 7/21 Test  #7: test-tokenizer-0-gpt-2 ...........   Passed    0.78 sec
      Start  8: test-tokenizer-0-refact
 8/21 Test  #8: test-tokenizer-0-refact ..........   Passed    0.76 sec
      Start  9: test-tokenizer-0-command-r
 9/21 Test  #9: test-tokenizer-0-command-r .......   Passed    3.12 sec
      Start 10: test-tokenizer-1-llama-spm
10/21 Test #10: test-tokenizer-1-llama-spm .......   Passed    6.10 sec
      Start 11: test-quantize-fns
11/21 Test #11: test-quantize-fns ................   Passed   31.03 sec
      Start 12: test-quantize-perf
12/21 Test #12: test-quantize-perf ...............   Passed    9.25 sec
      Start 13: test-sampling
13/21 Test #13: test-sampling ....................   Passed    0.03 sec
      Start 14: test-chat-template
14/21 Test #14: test-chat-template ...............   Passed    0.00 sec
      Start 15: test-grammar-parser
15/21 Test #15: test-grammar-parser ..............   Passed    0.00 sec
      Start 16: test-llama-grammar
16/21 Test #16: test-llama-grammar ...............   Passed    0.00 sec
      Start 17: test-grammar-integration
17/21 Test #17: test-grammar-integration .........   Passed    0.01 sec
      Start 18: test-grad0
18/21 Test #18: test-grad0 .......................   Passed    3.77 sec
      Start 19: test-backend-ops
19/21 Test #19: test-backend-ops .................   Passed    0.00 sec
      Start 20: test-rope
20/21 Test #20: test-rope ........................   Passed    0.07 sec
      Start 23: test-json-schema-to-grammar
21/21 Test #23: test-json-schema-to-grammar ......   Passed    0.04 sec

100% tests passed, 0 tests failed out of 21

Label Time Summary:
main    =  59.78 sec*proc (21 tests)

Total Test time (real) =  59.79 sec

real	0m59.814s
user	1m18.990s
sys	0m2.878s
+ set +e
+ cur=0
+ echo 0
+ set +x
+ gg_run_ctest_release
+ tee /home/ggml/results/llama.cpp/c7/80e75305dba1f67691a8dc0e8bc8425838a452/ggml-0-x86-cpu-low-perf/ctest_release.log
+ cd /home/ggml/work/llama.cpp
+ rm -rf build-ci-release
+ mkdir build-ci-release
+ cd build-ci-release
+ set -e
+ tee -a /home/ggml/results/llama.cpp/c7/80e75305dba1f67691a8dc0e8bc8425838a452/ggml-0-x86-cpu-low-perf/ctest_release-cmake.log
+ cmake -DCMAKE_BUILD_TYPE=Release -DLLAMA_FATAL_WARNINGS=ON ..
-- The C compiler identification is GNU 11.4.0
-- The CXX compiler identification is GNU 11.4.0
-- Detecting C compiler ABI info
-- Detecting C compiler ABI info - done
-- Check for working C compiler: /usr/bin/cc - skipped
-- Detecting C compile features
-- Detecting C compile features - done
-- Detecting CXX compiler ABI info
-- Detecting CXX compiler ABI info - done
-- Check for working CXX compiler: /usr/bin/c++ - skipped
-- Detecting CXX compile features
-- Detecting CXX compile features - done
-- Found Git: /usr/bin/git (found version "2.34.1") 
-- Performing Test CMAKE_HAVE_LIBC_PTHREAD
-- Performing Test CMAKE_HAVE_LIBC_PTHREAD - Success
-- Found Threads: TRUE  
-- Warning: ccache not found - consider installing it for faster compilation or disable this warning with LLAMA_CCACHE=OFF
-- CMAKE_SYSTEM_PROCESSOR: x86_64
-- x86 detected
-- Configuring done (0.3s)
-- Generating done (0.1s)
-- Build files have been written to: /home/ggml/work/llama.cpp/build-ci-release

real	0m0.448s
user	0m0.313s
sys	0m0.120s
+ tee -a /home/ggml/results/llama.cpp/c7/80e75305dba1f67691a8dc0e8bc8425838a452/ggml-0-x86-cpu-low-perf/ctest_release-make.log
+ make -j
[  0%] Building C object CMakeFiles/ggml.dir/ggml.c.o
[  2%] Building C object CMakeFiles/ggml.dir/ggml-alloc.c.o
[  2%] Building CXX object common/CMakeFiles/build_info.dir/build-info.cpp.o
[  3%] Building C object CMakeFiles/ggml.dir/ggml-backend.c.o
[  3%] Building C object CMakeFiles/ggml.dir/ggml-quants.c.o
[  4%] Building CXX object CMakeFiles/ggml.dir/sgemm.cpp.o
[  5%] Built target build_info
[  5%] Built target ggml
[  6%] Linking CXX static library libggml_static.a
[  6%] Building CXX object CMakeFiles/llama.dir/llama.cpp.o
[  7%] Building CXX object examples/gguf/CMakeFiles/gguf.dir/gguf.cpp.o
[  8%] Building CXX object CMakeFiles/llama.dir/unicode.cpp.o
[  9%] Building CXX object CMakeFiles/llama.dir/unicode-data.cpp.o
[  9%] Built target ggml_static
[  9%] Linking CXX executable ../../bin/gguf
[  9%] Built target gguf
[  9%] Linking CXX static library libllama.a
[  9%] Built target llama
[  9%] Building C object tests/CMakeFiles/test-c.dir/test-c.c.o
[  9%] Building CXX object common/CMakeFiles/common.dir/common.cpp.o
[ 10%] Building CXX object common/CMakeFiles/common.dir/console.cpp.o
[ 11%] Building CXX object common/CMakeFiles/common.dir/train.cpp.o
[ 11%] Building CXX object common/CMakeFiles/common.dir/grammar-parser.cpp.o
[ 11%] Building CXX object common/CMakeFiles/common.dir/ngram-cache.cpp.o
[ 12%] Building CXX object common/CMakeFiles/common.dir/sampling.cpp.o
[ 12%] Building CXX object examples/llava/CMakeFiles/llava.dir/llava.cpp.o
[ 13%] Building CXX object common/CMakeFiles/common.dir/json-schema-to-grammar.cpp.o
[ 14%] Building CXX object examples/benchmark/CMakeFiles/benchmark.dir/benchmark-matmult.cpp.o
[ 15%] Building CXX object examples/llava/CMakeFiles/llava.dir/clip.cpp.o
[ 16%] Building CXX object examples/quantize-stats/CMakeFiles/quantize-stats.dir/quantize-stats.cpp.o
[ 17%] Linking CXX executable ../bin/test-c
[ 17%] Built target test-c
[ 17%] Linking CXX executable ../../bin/benchmark
[ 17%] Built target benchmark
[ 17%] Linking CXX executable ../../bin/quantize-stats
[ 17%] Built target quantize-stats
[ 18%] Linking CXX static library libcommon.a
[ 18%] Built target common
[ 19%] Building CXX object tests/CMakeFiles/test-tokenizer-0.dir/test-tokenizer-0.cpp.o
[ 19%] Building CXX object tests/CMakeFiles/test-tokenizer-1-bpe.dir/test-tokenizer-1-bpe.cpp.o
[ 20%] Building CXX object tests/CMakeFiles/test-tokenizer-1-spm.dir/test-tokenizer-1-spm.cpp.o
[ 21%] Building CXX object tests/CMakeFiles/test-quantize-perf.dir/test-quantize-perf.cpp.o
[ 22%] Building CXX object tests/CMakeFiles/test-quantize-perf.dir/get-model.cpp.o
[ 23%] Building CXX object tests/CMakeFiles/test-quantize-fns.dir/get-model.cpp.o
[ 24%] Building CXX object tests/CMakeFiles/test-quantize-fns.dir/test-quantize-fns.cpp.o
[ 25%] Building CXX object tests/CMakeFiles/test-sampling.dir/get-model.cpp.o
[ 26%] Building CXX object tests/CMakeFiles/test-grammar-parser.dir/test-grammar-parser.cpp.o
[ 27%] Building CXX object tests/CMakeFiles/test-grammar-parser.dir/get-model.cpp.o
[ 28%] Building CXX object tests/CMakeFiles/test-sampling.dir/test-sampling.cpp.o
[ 29%] Building CXX object tests/CMakeFiles/test-chat-template.dir/test-chat-template.cpp.o
[ 29%] Building CXX object tests/CMakeFiles/test-chat-template.dir/get-model.cpp.o
[ 30%] Building CXX object tests/CMakeFiles/test-llama-grammar.dir/test-llama-grammar.cpp.o
[ 31%] Building CXX object tests/CMakeFiles/test-llama-grammar.dir/get-model.cpp.o
[ 32%] Building CXX object tests/CMakeFiles/test-grammar-integration.dir/test-grammar-integration.cpp.o
[ 33%] Building CXX object tests/CMakeFiles/test-grammar-integration.dir/get-model.cpp.o
[ 34%] Building CXX object tests/CMakeFiles/test-grad0.dir/test-grad0.cpp.o
[ 35%] Building CXX object tests/CMakeFiles/test-rope.dir/test-rope.cpp.o
[ 35%] Building CXX object tests/CMakeFiles/test-backend-ops.dir/test-backend-ops.cpp.o
[ 36%] Building CXX object tests/CMakeFiles/test-backend-ops.dir/get-model.cpp.o
[ 36%] Building CXX object tests/CMakeFiles/test-grad0.dir/get-model.cpp.o
[ 37%] Building CXX object tests/CMakeFiles/test-rope.dir/get-model.cpp.o
[ 38%] Building CXX object tests/CMakeFiles/test-model-load-cancel.dir/test-model-load-cancel.cpp.o
[ 39%] Building CXX object tests/CMakeFiles/test-model-load-cancel.dir/get-model.cpp.o
[ 39%] Building CXX object tests/CMakeFiles/test-autorelease.dir/test-autorelease.cpp.o
[ 40%] Building CXX object tests/CMakeFiles/test-json-schema-to-grammar.dir/test-json-schema-to-grammar.cpp.o
[ 41%] Building CXX object tests/CMakeFiles/test-autorelease.dir/get-model.cpp.o
[ 41%] Building CXX object examples/baby-llama/CMakeFiles/baby-llama.dir/baby-llama.cpp.o
[ 42%] Building CXX object tests/CMakeFiles/test-json-schema-to-grammar.dir/get-model.cpp.o
[ 43%] Building CXX object examples/batched-bench/CMakeFiles/batched-bench.dir/batched-bench.cpp.o
[ 44%] Building CXX object examples/batched/CMakeFiles/batched.dir/batched.cpp.o
[ 44%] Building CXX object examples/beam-search/CMakeFiles/beam-search.dir/beam-search.cpp.o
[ 45%] Building CXX object examples/embedding/CMakeFiles/embedding.dir/embedding.cpp.o
[ 46%] Building CXX object examples/convert-llama2c-to-ggml/CMakeFiles/convert-llama2c-to-ggml.dir/convert-llama2c-to-ggml.cpp.o
[ 46%] Building CXX object examples/eval-callback/CMakeFiles/eval-callback.dir/eval-callback.cpp.o
[ 46%] Building CXX object examples/gritlm/CMakeFiles/gritlm.dir/gritlm.cpp.o
[ 47%] Building CXX object examples/finetune/CMakeFiles/finetune.dir/finetune.cpp.o
[ 48%] Building CXX object examples/gguf-split/CMakeFiles/gguf-split.dir/gguf-split.cpp.o
[ 49%] Building CXX object examples/infill/CMakeFiles/infill.dir/infill.cpp.o
[ 50%] Building CXX object examples/llama-bench/CMakeFiles/llama-bench.dir/llama-bench.cpp.o
[ 50%] Building CXX object examples/main/CMakeFiles/main.dir/main.cpp.o
[ 51%] Building CXX object examples/tokenize/CMakeFiles/tokenize.dir/tokenize.cpp.o
[ 52%] Building CXX object examples/parallel/CMakeFiles/parallel.dir/parallel.cpp.o
[ 53%] Building CXX object examples/perplexity/CMakeFiles/perplexity.dir/perplexity.cpp.o
[ 53%] Building CXX object examples/quantize/CMakeFiles/quantize.dir/quantize.cpp.o
[ 53%] Linking CXX executable ../bin/test-model-load-cancel
[ 54%] Building CXX object examples/retrieval/CMakeFiles/retrieval.dir/retrieval.cpp.o
[ 55%] Building CXX object examples/simple/CMakeFiles/simple.dir/simple.cpp.o
[ 55%] Building CXX object examples/save-load-state/CMakeFiles/save-load-state.dir/save-load-state.cpp.o
[ 56%] Building CXX object examples/passkey/CMakeFiles/passkey.dir/passkey.cpp.o
[ 57%] Building CXX object examples/speculative/CMakeFiles/speculative.dir/speculative.cpp.o
[ 58%] Building CXX object examples/lookahead/CMakeFiles/lookahead.dir/lookahead.cpp.o
[ 59%] Building CXX object examples/lookup/CMakeFiles/lookup.dir/lookup.cpp.o
[ 59%] Building CXX object examples/lookup/CMakeFiles/lookup-create.dir/lookup-create.cpp.o
[ 60%] Building CXX object examples/lookup/CMakeFiles/lookup-merge.dir/lookup-merge.cpp.o
[ 61%] Building CXX object examples/lookup/CMakeFiles/lookup-stats.dir/lookup-stats.cpp.o
[ 62%] Generating json-schema-to-grammar.mjs.hpp
[ 63%] Generating completion.js.hpp
[ 64%] Generating index.html.hpp
[ 64%] Building CXX object examples/train-text-from-scratch/CMakeFiles/train-text-from-scratch.dir/train-text-from-scratch.cpp.o
[ 65%] Building CXX object examples/imatrix/CMakeFiles/imatrix.dir/imatrix.cpp.o
[ 66%] Building CXX object examples/export-lora/CMakeFiles/export-lora.dir/export-lora.cpp.o
[ 66%] Generating index.js.hpp
[ 67%] Building CXX object pocs/vdot/CMakeFiles/vdot.dir/vdot.cpp.o
[ 68%] Building CXX object pocs/vdot/CMakeFiles/q8dot.dir/q8dot.cpp.o
[ 68%] Built target test-model-load-cancel
[ 68%] Building CXX object examples/server/CMakeFiles/server.dir/server.cpp.o
[ 68%] Linking CXX executable ../bin/test-rope
[ 69%] Linking CXX executable ../bin/test-autorelease
[ 69%] Linking CXX executable ../bin/test-quantize-fns
[ 69%] Built target test-rope
[ 69%] Built target test-autorelease
[ 69%] Built target test-quantize-fns
[ 70%] Linking CXX executable ../bin/test-chat-template
[ 70%] Linking CXX executable ../bin/test-grammar-parser
[ 70%] Built target test-chat-template
[ 70%] Built target test-grammar-parser
[ 71%] Linking CXX executable ../../bin/q8dot
[ 72%] Linking CXX executable ../../bin/tokenize
[ 72%] Linking CXX executable ../bin/test-tokenizer-1-spm
[ 72%] Linking CXX executable ../bin/test-sampling
[ 73%] Linking CXX executable ../bin/test-tokenizer-1-bpe
[ 74%] Linking CXX executable ../../bin/baby-llama
[ 74%] Built target q8dot
[ 75%] Linking CXX executable ../../bin/vdot
[ 75%] Linking CXX executable ../../bin/lookup-merge
[ 75%] Built target test-tokenizer-1-spm
[ 75%] Linking CXX executable ../bin/test-grammar-integration
[ 75%] Built target test-sampling
[ 75%] Built target tokenize
[ 75%] Built target test-tokenizer-1-bpe
[ 75%] Built target baby-llama
[ 75%] Built target vdot
[ 76%] Linking CXX executable ../../bin/eval-callback
[ 76%] Built target lookup-merge
[ 77%] Linking CXX executable ../../bin/lookup-create
[ 78%] Linking CXX executable ../../bin/beam-search
[ 78%] Built target test-grammar-integration
[ 79%] Linking CXX executable ../../bin/save-load-state
[ 80%] Linking CXX executable ../bin/test-grad0
[ 80%] Built target eval-callback
[ 81%] Linking CXX executable ../../bin/embedding
[ 81%] Built target lookup-create
[ 81%] Built target beam-search
[ 81%] Built target test-grad0
[ 82%] Linking CXX executable ../../bin/gguf-split
[ 82%] Linking CXX executable ../bin/test-quantize-perf
[ 82%] Linking CXX executable ../../bin/simple
[ 83%] Linking CXX executable ../../bin/gritlm
[ 83%] Built target save-load-state
[ 84%] Linking CXX executable ../../bin/batched-bench
[ 84%] Linking CXX executable ../../bin/batched
[ 84%] Built target test-quantize-perf
[ 84%] Built target embedding
[ 84%] Built target gguf-split
[ 85%] Linking CXX executable ../bin/test-tokenizer-0
[ 86%] Linking CXX executable ../../bin/lookup-stats
[ 86%] Built target simple
[ 86%] Built target gritlm
[ 86%] Built target batched-bench
[ 86%] Built target batched
[ 86%] Built target test-tokenizer-0
[ 86%] Built target lookup-stats
[ 87%] Linking CXX executable ../../bin/passkey
[ 87%] Linking CXX executable ../../bin/export-lora
[ 88%] Linking CXX executable ../../bin/lookup
[ 89%] Linking CXX executable ../../bin/quantize
[ 89%] Built target export-lora
[ 89%] Built target lookup
[ 89%] Built target passkey
[ 89%] Linking CXX executable ../../bin/parallel
[ 89%] Built target quantize
[ 89%] Linking CXX executable ../../bin/lookahead
[ 89%] Built target parallel
[ 90%] Linking CXX executable ../../bin/train-text-from-scratch
[ 90%] Linking CXX executable ../../bin/convert-llama2c-to-ggml
[ 90%] Built target lookahead
[ 91%] Linking CXX executable ../../bin/retrieval
[ 91%] Built target convert-llama2c-to-ggml
[ 91%] Built target train-text-from-scratch
[ 91%] Built target retrieval
[ 91%] Linking CXX executable ../../bin/imatrix
[ 91%] Built target llava
[ 92%] Linking CXX executable ../../bin/infill
[ 93%] Linking CXX executable ../../bin/finetune
[ 94%] Linking CXX static library libllava_static.a
[ 95%] Building CXX object examples/llava/CMakeFiles/llava-cli.dir/llava-cli.cpp.o
[ 95%] Built target llava_static
[ 95%] Built target infill
[ 95%] Built target imatrix
[ 95%] Built target finetune
[ 96%] Linking CXX executable ../../bin/speculative
[ 96%] Built target speculative
[ 97%] Linking CXX executable ../../bin/main
[ 97%] Built target main
[ 98%] Linking CXX executable ../bin/test-backend-ops
[ 98%] Linking CXX executable ../../bin/llava-cli
[ 98%] Linking CXX executable ../../bin/perplexity
[ 98%] Built target llava-cli
[ 98%] Built target test-backend-ops
[ 98%] Built target perplexity
[ 98%] Linking CXX executable ../bin/test-json-schema-to-grammar
[ 99%] Linking CXX executable ../../bin/llama-bench
[ 99%] Built target test-json-schema-to-grammar
[ 99%] Built target llama-bench
[ 99%] Linking CXX executable ../bin/test-llama-grammar
[ 99%] Built target test-llama-grammar
[100%] Linking CXX executable ../../bin/server
[100%] Built target server

real	1m23.468s
user	3m47.215s
sys	0m8.626s
+ '[' -z 1 ']'
+ tee -a /home/ggml/results/llama.cpp/c7/80e75305dba1f67691a8dc0e8bc8425838a452/ggml-0-x86-cpu-low-perf/ctest_release-ctest.log
+ ctest --output-on-failure -L main -E test-opt
Test project /home/ggml/work/llama.cpp/build-ci-release
      Start  1: test-tokenizer-0-llama-spm
 1/21 Test  #1: test-tokenizer-0-llama-spm .......   Passed    0.04 sec
      Start  2: test-tokenizer-0-llama-bpe
 2/21 Test  #2: test-tokenizer-0-llama-bpe .......   Passed    0.47 sec
      Start  3: test-tokenizer-0-phi-3
 3/21 Test  #3: test-tokenizer-0-phi-3 ...........   Passed    0.04 sec
      Start  4: test-tokenizer-0-falcon
 4/21 Test  #4: test-tokenizer-0-falcon ..........   Passed    0.17 sec
      Start  5: test-tokenizer-0-bert-bge
 5/21 Test  #5: test-tokenizer-0-bert-bge ........   Passed    0.08 sec
      Start  6: test-tokenizer-0-starcoder
 6/21 Test  #6: test-tokenizer-0-starcoder .......   Passed    0.14 sec
      Start  7: test-tokenizer-0-gpt-2
 7/21 Test  #7: test-tokenizer-0-gpt-2 ...........   Passed    0.15 sec
      Start  8: test-tokenizer-0-refact
 8/21 Test  #8: test-tokenizer-0-refact ..........   Passed    0.14 sec
      Start  9: test-tokenizer-0-command-r
 9/21 Test  #9: test-tokenizer-0-command-r .......   Passed    0.68 sec
      Start 10: test-tokenizer-1-llama-spm
10/21 Test #10: test-tokenizer-1-llama-spm .......   Passed    0.78 sec
      Start 11: test-quantize-fns
11/21 Test #11: test-quantize-fns ................   Passed   15.97 sec
      Start 12: test-quantize-perf
12/21 Test #12: test-quantize-perf ...............   Passed    4.53 sec
      Start 13: test-sampling
13/21 Test #13: test-sampling ....................   Passed    0.01 sec
      Start 14: test-chat-template
14/21 Test #14: test-chat-template ...............   Passed    0.00 sec
      Start 15: test-grammar-parser
15/21 Test #15: test-grammar-parser ..............   Passed    0.00 sec
      Start 16: test-llama-grammar
16/21 Test #16: test-llama-grammar ...............   Passed    0.00 sec
      Start 17: test-grammar-integration
17/21 Test #17: test-grammar-integration .........   Passed    0.00 sec
      Start 18: test-grad0
18/21 Test #18: test-grad0 .......................   Passed    3.71 sec
      Start 19: test-backend-ops
19/21 Test #19: test-backend-ops .................   Passed    0.00 sec
      Start 20: test-rope
20/21 Test #20: test-rope ........................   Passed    0.05 sec
      Start 23: test-json-schema-to-grammar
21/21 Test #23: test-json-schema-to-grammar ......   Passed    0.01 sec

100% tests passed, 0 tests failed out of 21

Label Time Summary:
main    =  26.98 sec*proc (21 tests)

Total Test time (real) =  26.99 sec

real	0m27.010s
user	0m31.728s
sys	0m3.062s
+ set +e
+ cur=0
+ echo 0
+ set +x
