+ cmake -DCMAKE_BUILD_TYPE=Release ..
-- The C compiler identification is GNU 11.4.0
-- The CXX compiler identification is GNU 11.4.0
-- Detecting C compiler ABI info
-- Detecting C compiler ABI info - done
-- Check for working C compiler: /usr/bin/cc - skipped
-- Detecting C compile features
-- Detecting C compile features - done
-- Detecting CXX compiler ABI info
-- Detecting CXX compiler ABI info - done
-- Check for working CXX compiler: /usr/bin/c++ - skipped
-- Detecting CXX compile features
-- Detecting CXX compile features - done
-- Looking for pthread.h
-- Looking for pthread.h - found
-- Performing Test CMAKE_HAVE_LIBC_PTHREAD
-- Performing Test CMAKE_HAVE_LIBC_PTHREAD - Success
-- Found Threads: TRUE  
-- Found OpenMP_C: -fopenmp (found version "4.5") 
-- Found OpenMP_CXX: -fopenmp (found version "4.5") 
-- Found OpenMP: TRUE (found version "4.5")  
-- OpenMP found
-- ccache found, compilation results will be cached. Disable with GGML_CCACHE=OFF.
-- CMAKE_SYSTEM_PROCESSOR: aarch64
-- ARM detected
-- Performing Test COMPILER_SUPPORTS_FP16_FORMAT_I3E
-- Performing Test COMPILER_SUPPORTS_FP16_FORMAT_I3E - Failed
-- ARM detected
-- Configuring done
-- Generating done
-- Build files have been written to: /home/ggml/work/ggml/build-ci-release

real	0m0.854s
user	0m0.552s
sys	0m0.306s
+ make -j
[  5%] Building C object src/CMakeFiles/ggml.dir/ggml.c.o
[  5%] Building C object src/CMakeFiles/ggml.dir/ggml-alloc.c.o
[  5%] Building CXX object examples/CMakeFiles/common.dir/common.cpp.o
[  5%] Building CXX object src/CMakeFiles/ggml.dir/ggml-backend.cpp.o
[  5%] Building C object src/CMakeFiles/ggml.dir/ggml-aarch64.c.o
[  6%] Building C object src/CMakeFiles/ggml.dir/ggml-quants.c.o
[  7%] Linking CXX shared library libggml.so
[  8%] Linking CXX static library libcommon.a
[  8%] Built target common
[  8%] Built target ggml
[  9%] Building C object tests/CMakeFiles/test-mul-mat0.dir/test-mul-mat0.c.o
[ 10%] Building CXX object tests/CMakeFiles/test-grad0.dir/test-grad0.cpp.o
[ 12%] Building CXX object tests/CMakeFiles/test-quantize-fns.dir/test-quantize-fns.cpp.o
[ 14%] Building C object tests/CMakeFiles/test0.dir/test0.c.o
[ 14%] Building C object tests/CMakeFiles/test-mul-mat2.dir/test-mul-mat2.c.o
[ 15%] Building C object tests/CMakeFiles/test1.dir/test1.c.o
[ 16%] Building CXX object tests/CMakeFiles/test-opt.dir/test-opt.cpp.o
[ 17%] Building C object tests/CMakeFiles/test-vec0.dir/test-vec0.c.o
[ 18%] Building C object tests/CMakeFiles/test2.dir/test2.c.o
[ 19%] Building C object tests/CMakeFiles/test3.dir/test3.c.o
[ 20%] Building CXX object tests/CMakeFiles/test-arange.dir/test-arange.cpp.o
[ 21%] Building CXX object tests/CMakeFiles/test-quantize-perf.dir/test-quantize-perf.cpp.o
[ 23%] Linking C executable ../bin/test-mul-mat0
[ 24%] Building CXX object tests/CMakeFiles/test-timestep_embedding.dir/test-timestep_embedding.cpp.o
[ 25%] Building C object tests/CMakeFiles/test-pool.dir/test-pool.c.o
[ 26%] Linking CXX executable ../bin/test-grad0
[ 27%] Linking CXX executable ../bin/test-quantize-fns
[ 29%] Linking C executable ../bin/test-vec0
[ 29%] Linking C executable ../bin/test0
[ 30%] Linking CXX executable ../bin/test-opt
[ 31%] Linking C executable ../bin/test-mul-mat2
[ 32%] Linking C executable ../bin/test1
[ 34%] Linking C executable ../bin/test-pool
[ 35%] Linking CXX executable ../bin/test-arange
[ 36%] Linking C executable ../bin/test3
[ 37%] Building C object tests/CMakeFiles/test-conv-transpose.dir/test-conv-transpose.c.o
[ 38%] Linking CXX executable ../bin/test-quantize-perf
[ 39%] Linking CXX executable ../bin/test-timestep_embedding
[ 40%] Building CXX object tests/CMakeFiles/test-conv-transpose-1d.dir/test-conv-transpose-1d.cpp.o
[ 41%] Linking C executable ../bin/test2
[ 42%] Building C object tests/CMakeFiles/test-dup.dir/test-dup.c.o
[ 45%] Building C object tests/CMakeFiles/test-customop.dir/test-customop.c.o
[ 45%] Building CXX object tests/CMakeFiles/test-conv1d.dir/test-conv1d.cpp.o
[ 45%] Built target test-vec0
[ 46%] Linking C executable ../bin/test-dup
[ 47%] Building CXX object tests/CMakeFiles/test-conv2d.dir/test-conv2d.cpp.o
[ 48%] Building C object tests/CMakeFiles/test-rel-pos.dir/test-rel-pos.c.o
[ 49%] Linking C executable ../bin/test-conv-transpose
[ 50%] Linking CXX executable ../bin/test-conv-transpose-1d
[ 51%] Building CXX object tests/CMakeFiles/test-mul-mat.dir/test-mul-mat.cpp.o
[ 52%] Linking C executable ../bin/test-customop
[ 53%] Linking CXX executable ../bin/test-conv1d
[ 54%] Building CXX object examples/CMakeFiles/common-ggml.dir/common-ggml.cpp.o
[ 56%] Linking CXX executable ../bin/test-conv2d
[ 57%] Linking C executable ../bin/test-rel-pos
[ 57%] Built target test-opt
[ 57%] Built target test-mul-mat0
[ 59%] Linking CXX executable ../bin/test-mul-mat
[ 59%] Building CXX object tests/CMakeFiles/test-backend-ops.dir/test-backend-ops.cpp.o
[ 59%] Built target test-mul-mat2
[ 60%] Building CXX object examples/mnist/CMakeFiles/mnist-common.dir/mnist-common.cpp.o
[ 61%] Linking CXX static library libcommon-ggml.a
[ 61%] Built target test-grad0
[ 61%] Built target test2
[ 61%] Built target test-arange
[ 62%] Building C object tests/CMakeFiles/test-cont.dir/test-cont.c.o
[ 63%] Building CXX object examples/yolo/CMakeFiles/yolov3-tiny.dir/yolo-image.cpp.o
[ 64%] Building CXX object examples/yolo/CMakeFiles/yolov3-tiny.dir/yolov3-tiny.cpp.o
[ 65%] Building CXX object examples/sam/CMakeFiles/sam.dir/main.cpp.o
[ 65%] Built target test-pool
[ 65%] Built target test-quantize-perf
[ 65%] Built target test3
[ 67%] Linking C executable ../bin/test-cont
[ 68%] Linking CXX executable ../../bin/yolov3-tiny
[ 69%] Linking CXX static library libmnist-common.a
[ 69%] Built target test1
[ 69%] Built target test-timestep_embedding
[ 70%] Building CXX object examples/simple/CMakeFiles/simple-backend.dir/simple-backend.cpp.o
[ 70%] Built target test-dup
[ 70%] Built target test0
[ 71%] Building CXX object examples/simple/CMakeFiles/simple-ctx.dir/simple-ctx.cpp.o
[ 72%] Linking CXX executable ../../bin/sam
[ 72%] Built target test-quantize-fns
[ 72%] Built target test-conv1d
[ 72%] Built target test-customop
[ 72%] Built target common-ggml
[ 72%] Built target test-rel-pos
[ 73%] Linking CXX executable ../../bin/simple-ctx
[ 73%] Built target test-conv-transpose
[ 73%] Built target test-conv-transpose-1d
[ 73%] Built target test-conv2d
[ 74%] Linking CXX executable ../../bin/simple-backend
[ 75%] Building CXX object examples/gpt-2/CMakeFiles/gpt-2-ctx.dir/main-ctx.cpp.o
[ 75%] Built target mnist-common
[ 76%] Linking CXX executable ../../bin/gpt-2-ctx
[ 78%] Building CXX object examples/gpt-2/CMakeFiles/gpt-2-backend.dir/main-backend.cpp.o
[ 78%] Built target test-mul-mat
[ 79%] Building CXX object examples/gpt-2/CMakeFiles/gpt-2-alloc.dir/main-alloc.cpp.o
[ 80%] Building CXX object examples/gpt-2/CMakeFiles/gpt-2-sched.dir/main-sched.cpp.o
[ 80%] Built target test-cont
[ 81%] Linking CXX executable ../../bin/gpt-2-backend
[ 82%] Linking CXX executable ../../bin/gpt-2-alloc
[ 82%] Built target yolov3-tiny
[ 83%] Building CXX object examples/gpt-2/CMakeFiles/gpt-2-quantize.dir/quantize.cpp.o
[ 84%] Building CXX object examples/gpt-2/CMakeFiles/gpt-2-batched.dir/main-batched.cpp.o
[ 85%] Linking CXX executable ../../bin/gpt-2-sched
[ 85%] Built target simple-ctx
[ 86%] Building CXX object examples/gpt-j/CMakeFiles/gpt-j.dir/main.cpp.o
[ 86%] Built target sam
[ 87%] Linking CXX executable ../../bin/gpt-2-batched
[ 89%] Building CXX object examples/gpt-j/CMakeFiles/gpt-j-quantize.dir/quantize.cpp.o
[ 90%] Linking CXX executable ../../bin/gpt-2-quantize
[ 91%] Building CXX object examples/mnist/CMakeFiles/mnist-eval.dir/mnist-eval.cpp.o
[ 91%] Built target simple-backend
[ 92%] Building CXX object examples/mnist/CMakeFiles/mnist-train.dir/mnist-train.cpp.o
[ 93%] Linking CXX executable ../../bin/gpt-j
[ 94%] Linking CXX executable ../../bin/gpt-j-quantize
[ 95%] Linking CXX executable ../../bin/mnist-train
[ 96%] Linking CXX executable ../../bin/mnist-eval
[ 96%] Built target gpt-2-ctx
[ 97%] Building CXX object examples/magika/CMakeFiles/magika.dir/main.cpp.o
[ 97%] Built target gpt-2-backend
[ 97%] Built target gpt-2-alloc
[ 98%] Linking CXX executable ../../bin/magika
[ 98%] Built target gpt-2-quantize
[ 98%] Built target mnist-train
[ 98%] Built target mnist-eval
[ 98%] Built target gpt-2-sched
[ 98%] Built target gpt-j
[ 98%] Built target gpt-2-batched
[ 98%] Built target gpt-j-quantize
[ 98%] Built target magika
[100%] Linking CXX executable ../bin/test-backend-ops
[100%] Built target test-backend-ops

real	0m6.919s
user	0m9.546s
sys	0m1.844s
+ ctest --output-on-failure
Test project /home/ggml/work/ggml/build-ci-release
      Start  1: test-grad0
 1/23 Test  #1: test-grad0 .......................   Passed    0.32 sec
      Start  2: test-opt
 2/23 Test  #2: test-opt .........................   Passed    2.21 sec
      Start  3: test-quantize-fns
 3/23 Test  #3: test-quantize-fns ................   Passed   17.35 sec
      Start  4: test-quantize-perf
 4/23 Test  #4: test-quantize-perf ...............   Passed    4.90 sec
      Start  5: test-mul-mat0
 5/23 Test  #5: test-mul-mat0 ....................   Passed    0.54 sec
      Start  6: test-mul-mat2
 6/23 Test  #6: test-mul-mat2 ....................   Passed    1.77 sec
      Start  7: test0
 7/23 Test  #7: test0 ............................   Passed    0.00 sec
      Start  8: test1
 8/23 Test  #8: test1 ............................   Passed    0.00 sec
      Start  9: test2
 9/23 Test  #9: test2 ............................   Passed    0.01 sec
      Start 10: test3
10/23 Test #10: test3 ............................   Passed    0.03 sec
      Start 11: test-pool
11/23 Test #11: test-pool ........................   Passed    0.00 sec
      Start 12: test-arange
12/23 Test #12: test-arange ......................   Passed    0.00 sec
      Start 13: test-timestep_embedding
13/23 Test #13: test-timestep_embedding ..........   Passed    0.00 sec
      Start 14: test-conv-transpose
14/23 Test #14: test-conv-transpose ..............   Passed    0.00 sec
      Start 15: test-conv-transpose-1d
15/23 Test #15: test-conv-transpose-1d ...........   Passed    0.01 sec
      Start 16: test-dup
16/23 Test #16: test-dup .........................   Passed    0.00 sec
      Start 17: test-rel-pos
17/23 Test #17: test-rel-pos .....................   Passed    0.00 sec
      Start 18: test-customop
18/23 Test #18: test-customop ....................   Passed    0.00 sec
      Start 19: test-conv1d
19/23 Test #19: test-conv1d ......................   Passed    0.00 sec
      Start 20: test-conv2d
20/23 Test #20: test-conv2d ......................   Passed    0.00 sec
      Start 21: test-mul-mat
21/23 Test #21: test-mul-mat .....................   Passed    0.00 sec
      Start 22: test-backend-ops
22/23 Test #22: test-backend-ops .................   Passed    0.00 sec
      Start 23: test-cont
23/23 Test #23: test-cont ........................   Passed    0.00 sec

100% tests passed, 0 tests failed out of 23

Total Test time (real) =  27.18 sec

real	0m27.188s
user	0m27.436s
sys	0m0.324s
