rm: cannot remove '/home/ggml/results/llama.cpp/6b/bc598a632560cb45dd2c51ad403bda8723b629/ggml-4-x86-cuda-v100/*.log': No such file or directory
rm: cannot remove '/home/ggml/results/llama.cpp/6b/bc598a632560cb45dd2c51ad403bda8723b629/ggml-4-x86-cuda-v100/*.exit': No such file or directory
rm: cannot remove '/home/ggml/results/llama.cpp/6b/bc598a632560cb45dd2c51ad403bda8723b629/ggml-4-x86-cuda-v100/*.md': No such file or directory
Defaulting to user installation because normal site-packages is not writeable
Requirement already satisfied: numpy==1.24 in /home/ggml/.local/lib/python3.10/site-packages (from -r /home/ggml/work/llama.cpp/requirements.txt (line 1)) (1.24.0)
Requirement already satisfied: sentencepiece==0.1.98 in /home/ggml/.local/lib/python3.10/site-packages (from -r /home/ggml/work/llama.cpp/requirements.txt (line 2)) (0.1.98)
Requirement already satisfied: gguf>=0.1.0 in /home/ggml/.local/lib/python3.10/site-packages (from -r /home/ggml/work/llama.cpp/requirements.txt (line 3)) (0.2.0)
+ gg_run_ctest_debug
+ cd /home/ggml/work/llama.cpp
+ rm -rf build-ci-debug
+ tee /home/ggml/results/llama.cpp/6b/bc598a632560cb45dd2c51ad403bda8723b629/ggml-4-x86-cuda-v100/ctest_debug.log
+ mkdir build-ci-debug
+ cd build-ci-debug
+ set -e
+ tee -a /home/ggml/results/llama.cpp/6b/bc598a632560cb45dd2c51ad403bda8723b629/ggml-4-x86-cuda-v100/ctest_debug-cmake.log
+ cmake -DCMAKE_BUILD_TYPE=Debug ..
-- The C compiler identification is GNU 11.4.0
-- The CXX compiler identification is GNU 11.4.0
-- Detecting C compiler ABI info
-- Detecting C compiler ABI info - done
-- Check for working C compiler: /usr/bin/cc - skipped
-- Detecting C compile features
-- Detecting C compile features - done
-- Detecting CXX compiler ABI info
-- Detecting CXX compiler ABI info - done
-- Check for working CXX compiler: /usr/bin/c++ - skipped
-- Detecting CXX compile features
-- Detecting CXX compile features - done
-- Found Git: /usr/bin/git (found version "2.34.1") 
-- Performing Test CMAKE_HAVE_LIBC_PTHREAD
-- Performing Test CMAKE_HAVE_LIBC_PTHREAD - Success
-- Found Threads: TRUE  
-- CMAKE_SYSTEM_PROCESSOR: x86_64
-- x86 detected
-- Configuring done (0.4s)
-- Generating done (0.1s)
-- Build files have been written to: /home/ggml/work/llama.cpp/build-ci-debug

real	0m0.546s
user	0m0.385s
sys	0m0.166s
+ tee -a /home/ggml/results/llama.cpp/6b/bc598a632560cb45dd2c51ad403bda8723b629/ggml-4-x86-cuda-v100/ctest_debug-make.log
+ make -j
[  1%] Built target BUILD_INFO
[  3%] Building C object CMakeFiles/ggml.dir/ggml.c.o
[  5%] Building C object CMakeFiles/ggml.dir/ggml-alloc.c.o
[  6%] Building C object CMakeFiles/ggml.dir/k_quants.c.o
/home/ggml/work/llama.cpp/k_quants.c:182:14: warning: ‘make_qkx1_quants’ defined but not used [-Wunused-function]
  182 | static float make_qkx1_quants(int n, int nmax, const float * restrict x, uint8_t * restrict L, float * restrict the_min,
      |              ^~~~~~~~~~~~~~~~
[  6%] Built target ggml
[  8%] Linking C static library libggml_static.a
[ 10%] Building CXX object CMakeFiles/llama.dir/llama.cpp.o
[ 10%] Built target ggml_static
[ 11%] Linking CXX static library libllama.a
[ 11%] Built target llama
[ 13%] Building CXX object common/CMakeFiles/common.dir/common.cpp.o
[ 15%] Building CXX object examples/quantize/CMakeFiles/quantize.dir/quantize.cpp.o
[ 16%] Building CXX object common/CMakeFiles/common.dir/console.cpp.o
[ 18%] Building CXX object examples/quantize-stats/CMakeFiles/quantize-stats.dir/quantize-stats.cpp.o
[ 20%] Building CXX object common/CMakeFiles/common.dir/grammar-parser.cpp.o
[ 21%] Linking CXX executable ../../bin/quantize
[ 21%] Built target quantize
[ 21%] Built target common
[ 23%] Building CXX object tests/CMakeFiles/test-quantize-perf.dir/test-quantize-perf.cpp.o
[ 25%] Building CXX object tests/CMakeFiles/test-sampling.dir/test-sampling.cpp.o
[ 26%] Building CXX object tests/CMakeFiles/test-quantize-fns.dir/test-quantize-fns.cpp.o
[ 28%] Building CXX object tests/CMakeFiles/test-tokenizer-0.dir/test-tokenizer-0.cpp.o
[ 30%] Building CXX object tests/CMakeFiles/test-tokenizer-1.dir/test-tokenizer-1.cpp.o
[ 31%] Building CXX object tests/CMakeFiles/test-grammar-parser.dir/test-grammar-parser.cpp.o
[ 33%] Building CXX object tests/CMakeFiles/test-llama-grammar.dir/test-llama-grammar.cpp.o
[ 35%] Building CXX object tests/CMakeFiles/test-grad0.dir/test-grad0.cpp.o
[ 36%] Building CXX object examples/main/CMakeFiles/main.dir/main.cpp.o
[ 38%] Building CXX object examples/perplexity/CMakeFiles/perplexity.dir/perplexity.cpp.o
[ 40%] Building CXX object examples/embedding/CMakeFiles/embedding.dir/embedding.cpp.o
[ 41%] Building CXX object examples/save-load-state/CMakeFiles/save-load-state.dir/save-load-state.cpp.o
[ 43%] Building CXX object examples/benchmark/CMakeFiles/benchmark.dir/benchmark-matmult.cpp.o
[ 45%] Building CXX object examples/baby-llama/CMakeFiles/baby-llama.dir/baby-llama.cpp.o
[ 46%] Building CXX object examples/train-text-from-scratch/CMakeFiles/train-text-from-scratch.dir/train-text-from-scratch.cpp.o
[ 48%] Building CXX object examples/convert-llama2c-to-ggml/CMakeFiles/convert-llama2c-to-ggml.dir/convert-llama2c-to-ggml.cpp.o
[ 50%] Building CXX object examples/simple/CMakeFiles/simple.dir/simple.cpp.o
[ 51%] Building CXX object examples/embd-input/CMakeFiles/embdinput.dir/embd-input-lib.cpp.o
[ 53%] Building CXX object examples/llama-bench/CMakeFiles/llama-bench.dir/llama-bench.cpp.o
[ 55%] Building CXX object examples/server/CMakeFiles/server.dir/server.cpp.o
[ 56%] Building CXX object pocs/vdot/CMakeFiles/vdot.dir/vdot.cpp.o
[ 58%] Building CXX object pocs/vdot/CMakeFiles/q8dot.dir/q8dot.cpp.o
[ 60%] Linking CXX executable ../bin/test-grad0
[ 61%] Linking CXX executable ../bin/test-quantize-fns
/home/ggml/work/llama.cpp/examples/baby-llama/baby-llama.cpp: In function ‘int main(int, char**)’:
/home/ggml/work/llama.cpp/examples/baby-llama/baby-llama.cpp:1620:32: warning: variable ‘opt_params_adam’ set but not used [-Wunused-but-set-variable]
 1620 |         struct ggml_opt_params opt_params_adam = ggml_opt_default_params(GGML_OPT_ADAM);
      |                                ^~~~~~~~~~~~~~~
[ 63%] Linking CXX executable ../bin/test-sampling
[ 65%] Linking CXX executable ../bin/test-grammar-parser
/home/ggml/work/llama.cpp/examples/convert-llama2c-to-ggml/convert-llama2c-to-ggml.cpp: In function ‘void load_vocab(const char*, Config*, llama_vocab*)’:
/home/ggml/work/llama.cpp/examples/convert-llama2c-to-ggml/convert-llama2c-to-ggml.cpp:540:64: note: ‘#pragma message: TODO: implement reading vocabulary using gguf’
  540 | #pragma message("TODO: implement reading vocabulary using gguf")
      |                                                                ^
/home/ggml/work/llama.cpp/examples/convert-llama2c-to-ggml/convert-llama2c-to-ggml.cpp:573:47: warning: format ‘%hhX’ expects argument of type ‘unsigned char*’, but argument 3 has type ‘char*’ [-Wformat=]
  573 |             if (sscanf(text.c_str(), "<0x%02hhX>", &byte_val) == 1) {
      |                                          ~~~~~^    ~~~~~~~~~
      |                                               |    |
      |                                               |    char*
      |                                               unsigned char*
      |                                          %02hhX
/home/ggml/work/llama.cpp/examples/convert-llama2c-to-ggml/convert-llama2c-to-ggml.cpp: In function ‘void save_as_llama_model(llama_vocab*, my_llama_model*, TransformerWeights*, const char*)’:
/home/ggml/work/llama.cpp/examples/convert-llama2c-to-ggml/convert-llama2c-to-ggml.cpp:627:57: note: ‘#pragma message: TODO: implement file saving using gguf’
  627 | #pragma message("TODO: implement file saving using gguf")
      |                                                         ^
[ 65%] Built target test-grad0
/home/ggml/work/llama.cpp/examples/train-text-from-scratch/train-text-from-scratch.cpp: In function ‘void save_as_llama_model(llama_vocab*, my_llama_model*, const char*)’:
/home/ggml/work/llama.cpp/examples/train-text-from-scratch/train-text-from-scratch.cpp:2617:57: note: ‘#pragma message: TODO: implement file saving using gguf’
 2617 | #pragma message("TODO: implement file saving using gguf")
      |                                                         ^
[ 65%] Built target test-quantize-fns
[ 66%] Linking CXX executable ../bin/test-tokenizer-1
[ 68%] Linking CXX executable ../../bin/embedding
[ 70%] Linking CXX executable ../../bin/benchmark
[ 71%] Linking CXX executable ../../bin/q8dot
[ 73%] Linking CXX executable ../bin/test-tokenizer-0
[ 75%] Linking CXX executable ../../bin/simple
[ 76%] Linking CXX executable ../../bin/baby-llama
[ 78%] Linking CXX executable ../../bin/vdot
[ 80%] Linking CXX executable ../../bin/save-load-state
[ 81%] Linking CXX executable ../../bin/convert-llama2c-to-ggml
[ 81%] Built target test-grammar-parser
[ 81%] Built target test-sampling
[ 81%] Built target embedding
[ 81%] Built target test-tokenizer-1
[ 83%] Linking CXX executable ../bin/test-quantize-perf
[ 83%] Built target benchmark
[ 85%] Linking CXX executable ../../bin/perplexity
[ 86%] Linking CXX static library libembdinput.a
[ 86%] Built target q8dot
[ 86%] Built target vdot
[ 86%] Built target convert-llama2c-to-ggml
[ 86%] Built target simple
[ 86%] Built target test-tokenizer-0
[ 86%] Built target save-load-state
[ 86%] Built target embdinput
[ 86%] Built target baby-llama
[ 88%] Building CXX object examples/embd-input/CMakeFiles/embd-input-test.dir/embd-input-test.cpp.o
[ 90%] Linking CXX executable ../../bin/main
[ 90%] Built target perplexity
[ 91%] Linking CXX executable ../../bin/quantize-stats
[ 91%] Built target test-quantize-perf
[ 91%] Built target main
[ 93%] Linking CXX executable ../../bin/embd-input-test
[ 95%] Linking CXX executable ../../bin/train-text-from-scratch
[ 95%] Built target quantize-stats
In file included from /usr/include/c++/11/cassert:44,
                 from /home/ggml/work/llama.cpp/examples/server/json.hpp:2541,
                 from /home/ggml/work/llama.cpp/examples/server/server.cpp:12:
/home/ggml/work/llama.cpp/examples/server/server.cpp: In function ‘json format_timings(llama_server_context&)’:
/home/ggml/work/llama.cpp/examples/server/server.cpp:1042:27: warning: comparison of integer expressions of different signedness: ‘const int32_t’ {aka ‘const int’} and ‘size_t’ {aka ‘long unsigned int’} [-Wsign-compare]
 1042 |     assert(timings.n_eval == llama.num_tokens_predicted);
      |            ~~~~~~~~~~~~~~~^~~~~~~~~~~~~~~~~~~~~~~~~~~~~
[ 95%] Built target embd-input-test
[ 95%] Built target train-text-from-scratch
[ 96%] Linking CXX executable ../../bin/llama-bench
[ 96%] Built target llama-bench
[ 98%] Linking CXX executable ../bin/test-llama-grammar
[ 98%] Built target test-llama-grammar
[100%] Linking CXX executable ../../bin/server
[100%] Built target server

real	0m28.442s
user	1m0.726s
sys	0m5.762s
+ tee -a /home/ggml/results/llama.cpp/6b/bc598a632560cb45dd2c51ad403bda8723b629/ggml-4-x86-cuda-v100/ctest_debug-ctest.log
+ ctest --output-on-failure -E test-opt
Test project /home/ggml/work/llama.cpp/build-ci-debug
    Start 1: test-quantize-fns
1/7 Test #1: test-quantize-fns ................   Passed    0.05 sec
    Start 2: test-quantize-perf
2/7 Test #2: test-quantize-perf ...............   Passed    0.26 sec
    Start 3: test-sampling
3/7 Test #3: test-sampling ....................   Passed    0.00 sec
    Start 4: test-tokenizer-0.llama
4/7 Test #4: test-tokenizer-0.llama ...........   Passed    0.03 sec
    Start 5: test-grammar-parser
5/7 Test #5: test-grammar-parser ..............   Passed    0.00 sec
    Start 6: test-llama-grammar
6/7 Test #6: test-llama-grammar ...............   Passed    0.00 sec
    Start 7: test-grad0
7/7 Test #7: test-grad0 .......................   Passed    4.60 sec

100% tests passed, 0 tests failed out of 7

Total Test time (real) =   4.94 sec

real	0m4.975s
user	0m5.693s
sys	0m5.164s
+ set +e
+ cur=0
+ echo 0
+ set +x
+ gg_run_ctest_release
+ cd /home/ggml/work/llama.cpp
+ rm -rf build-ci-release
+ tee /home/ggml/results/llama.cpp/6b/bc598a632560cb45dd2c51ad403bda8723b629/ggml-4-x86-cuda-v100/ctest_release.log
+ mkdir build-ci-release
+ cd build-ci-release
+ set -e
+ tee -a /home/ggml/results/llama.cpp/6b/bc598a632560cb45dd2c51ad403bda8723b629/ggml-4-x86-cuda-v100/ctest_release-cmake.log
+ cmake -DCMAKE_BUILD_TYPE=Release ..
-- The C compiler identification is GNU 11.4.0
-- The CXX compiler identification is GNU 11.4.0
-- Detecting C compiler ABI info
-- Detecting C compiler ABI info - done
-- Check for working C compiler: /usr/bin/cc - skipped
-- Detecting C compile features
-- Detecting C compile features - done
-- Detecting CXX compiler ABI info
-- Detecting CXX compiler ABI info - done
-- Check for working CXX compiler: /usr/bin/c++ - skipped
-- Detecting CXX compile features
-- Detecting CXX compile features - done
-- Found Git: /usr/bin/git (found version "2.34.1") 
-- Performing Test CMAKE_HAVE_LIBC_PTHREAD
-- Performing Test CMAKE_HAVE_LIBC_PTHREAD - Success
-- Found Threads: TRUE  
-- CMAKE_SYSTEM_PROCESSOR: x86_64
-- x86 detected
-- Configuring done (0.4s)
-- Generating done (0.1s)
-- Build files have been written to: /home/ggml/work/llama.cpp/build-ci-release

real	0m0.552s
user	0m0.391s
sys	0m0.165s
+ tee -a /home/ggml/results/llama.cpp/6b/bc598a632560cb45dd2c51ad403bda8723b629/ggml-4-x86-cuda-v100/ctest_release-make.log
+ make -j
[  1%] Built target BUILD_INFO
[  3%] Building C object CMakeFiles/ggml.dir/ggml.c.o
[  5%] Building C object CMakeFiles/ggml.dir/ggml-alloc.c.o
[  6%] Building C object CMakeFiles/ggml.dir/k_quants.c.o
/home/ggml/work/llama.cpp/k_quants.c:182:14: warning: ‘make_qkx1_quants’ defined but not used [-Wunused-function]
  182 | static float make_qkx1_quants(int n, int nmax, const float * restrict x, uint8_t * restrict L, float * restrict the_min,
      |              ^~~~~~~~~~~~~~~~
[  6%] Built target ggml
[  8%] Linking C static library libggml_static.a
[ 10%] Building CXX object CMakeFiles/llama.dir/llama.cpp.o
[ 10%] Built target ggml_static
[ 11%] Linking CXX static library libllama.a
[ 11%] Built target llama
[ 13%] Building CXX object common/CMakeFiles/common.dir/common.cpp.o
[ 15%] Building CXX object examples/quantize/CMakeFiles/quantize.dir/quantize.cpp.o
[ 16%] Building CXX object common/CMakeFiles/common.dir/console.cpp.o
[ 18%] Building CXX object examples/quantize-stats/CMakeFiles/quantize-stats.dir/quantize-stats.cpp.o
[ 20%] Building CXX object common/CMakeFiles/common.dir/grammar-parser.cpp.o
[ 21%] Linking CXX executable ../../bin/quantize
[ 21%] Built target quantize
[ 21%] Built target common
[ 23%] Building CXX object tests/CMakeFiles/test-quantize-fns.dir/test-quantize-fns.cpp.o
[ 25%] Building CXX object tests/CMakeFiles/test-quantize-perf.dir/test-quantize-perf.cpp.o
[ 28%] Building CXX object tests/CMakeFiles/test-sampling.dir/test-sampling.cpp.o
[ 28%] Building CXX object tests/CMakeFiles/test-tokenizer-0.dir/test-tokenizer-0.cpp.o
[ 30%] Building CXX object tests/CMakeFiles/test-tokenizer-1.dir/test-tokenizer-1.cpp.o
[ 31%] Building CXX object tests/CMakeFiles/test-grammar-parser.dir/test-grammar-parser.cpp.o
[ 33%] Building CXX object tests/CMakeFiles/test-grad0.dir/test-grad0.cpp.o
[ 35%] Building CXX object tests/CMakeFiles/test-llama-grammar.dir/test-llama-grammar.cpp.o
[ 36%] Building CXX object examples/perplexity/CMakeFiles/perplexity.dir/perplexity.cpp.o
[ 38%] Building CXX object examples/save-load-state/CMakeFiles/save-load-state.dir/save-load-state.cpp.o
[ 40%] Building CXX object examples/embedding/CMakeFiles/embedding.dir/embedding.cpp.o
[ 41%] Building CXX object examples/benchmark/CMakeFiles/benchmark.dir/benchmark-matmult.cpp.o
[ 43%] Building CXX object examples/main/CMakeFiles/main.dir/main.cpp.o
[ 45%] Building CXX object examples/baby-llama/CMakeFiles/baby-llama.dir/baby-llama.cpp.o
[ 46%] Building CXX object examples/train-text-from-scratch/CMakeFiles/train-text-from-scratch.dir/train-text-from-scratch.cpp.o
[ 48%] Building CXX object examples/convert-llama2c-to-ggml/CMakeFiles/convert-llama2c-to-ggml.dir/convert-llama2c-to-ggml.cpp.o
[ 50%] Building CXX object examples/simple/CMakeFiles/simple.dir/simple.cpp.o
[ 51%] Building CXX object examples/embd-input/CMakeFiles/embdinput.dir/embd-input-lib.cpp.o
[ 53%] Building CXX object examples/llama-bench/CMakeFiles/llama-bench.dir/llama-bench.cpp.o
[ 55%] Building CXX object pocs/vdot/CMakeFiles/vdot.dir/vdot.cpp.o
[ 56%] Building CXX object examples/server/CMakeFiles/server.dir/server.cpp.o
[ 58%] Building CXX object pocs/vdot/CMakeFiles/q8dot.dir/q8dot.cpp.o
/home/ggml/work/llama.cpp/examples/baby-llama/baby-llama.cpp: In function ‘int main(int, char**)’:
/home/ggml/work/llama.cpp/examples/baby-llama/baby-llama.cpp:1620:32: warning: variable ‘opt_params_adam’ set but not used [-Wunused-but-set-variable]
 1620 |         struct ggml_opt_params opt_params_adam = ggml_opt_default_params(GGML_OPT_ADAM);
      |                                ^~~~~~~~~~~~~~~
[ 60%] Linking CXX executable ../bin/test-quantize-fns
/home/ggml/work/llama.cpp/examples/convert-llama2c-to-ggml/convert-llama2c-to-ggml.cpp: In function ‘void load_vocab(const char*, Config*, llama_vocab*)’:
/home/ggml/work/llama.cpp/examples/convert-llama2c-to-ggml/convert-llama2c-to-ggml.cpp:540:64: note: ‘#pragma message: TODO: implement reading vocabulary using gguf’
  540 | #pragma message("TODO: implement reading vocabulary using gguf")
      |                                                                ^
/home/ggml/work/llama.cpp/examples/convert-llama2c-to-ggml/convert-llama2c-to-ggml.cpp:573:47: warning: format ‘%hhX’ expects argument of type ‘unsigned char*’, but argument 3 has type ‘char*’ [-Wformat=]
  573 |             if (sscanf(text.c_str(), "<0x%02hhX>", &byte_val) == 1) {
      |                                          ~~~~~^    ~~~~~~~~~
      |                                               |    |
      |                                               |    char*
      |                                               unsigned char*
      |                                          %02hhX
/home/ggml/work/llama.cpp/examples/convert-llama2c-to-ggml/convert-llama2c-to-ggml.cpp: In function ‘void save_as_llama_model(llama_vocab*, my_llama_model*, TransformerWeights*, const char*)’:
/home/ggml/work/llama.cpp/examples/convert-llama2c-to-ggml/convert-llama2c-to-ggml.cpp:627:57: note: ‘#pragma message: TODO: implement file saving using gguf’
  627 | #pragma message("TODO: implement file saving using gguf")
      |                                                         ^
[ 60%] Built target test-quantize-fns
[ 61%] Linking CXX executable ../bin/test-grammar-parser
/home/ggml/work/llama.cpp/examples/train-text-from-scratch/train-text-from-scratch.cpp: In function ‘void save_as_llama_model(llama_vocab*, my_llama_model*, const char*)’:
/home/ggml/work/llama.cpp/examples/train-text-from-scratch/train-text-from-scratch.cpp:2617:57: note: ‘#pragma message: TODO: implement file saving using gguf’
 2617 | #pragma message("TODO: implement file saving using gguf")
      |                                                         ^
[ 63%] Linking CXX executable ../bin/test-tokenizer-1
[ 65%] Linking CXX executable ../bin/test-sampling
[ 66%] Linking CXX executable ../../bin/embedding
[ 68%] Linking CXX executable ../../bin/simple
[ 70%] Linking CXX executable ../../bin/q8dot
[ 70%] Built target test-grammar-parser
[ 71%] Linking CXX executable ../../bin/benchmark
[ 71%] Built target test-tokenizer-1
[ 73%] Linking CXX executable ../../bin/save-load-state
[ 73%] Built target test-sampling
[ 73%] Built target simple
[ 75%] Linking CXX executable ../../bin/vdot
[ 75%] Built target q8dot
[ 75%] Built target embedding
[ 76%] Linking CXX executable ../bin/test-grad0
[ 76%] Built target benchmark
[ 76%] Built target save-load-state
[ 76%] Built target vdot
[ 78%] Linking CXX executable ../bin/test-tokenizer-0
[ 78%] Built target test-grad0
[ 78%] Built target test-tokenizer-0
[ 80%] Linking CXX executable ../../bin/perplexity
[ 81%] Linking CXX executable ../../bin/convert-llama2c-to-ggml
[ 83%] Linking CXX executable ../../bin/baby-llama
[ 83%] Built target perplexity
[ 83%] Built target convert-llama2c-to-ggml
[ 83%] Built target baby-llama
[ 85%] Linking CXX static library libembdinput.a
[ 85%] Built target embdinput
[ 86%] Building CXX object examples/embd-input/CMakeFiles/embd-input-test.dir/embd-input-test.cpp.o
[ 88%] Linking CXX executable ../../bin/main
[ 90%] Linking CXX executable ../bin/test-quantize-perf
[ 90%] Built target test-quantize-perf
[ 90%] Built target main
[ 91%] Linking CXX executable ../../bin/embd-input-test
[ 91%] Built target embd-input-test
[ 93%] Linking CXX executable ../../bin/quantize-stats
[ 93%] Built target quantize-stats
[ 95%] Linking CXX executable ../../bin/train-text-from-scratch
[ 95%] Built target train-text-from-scratch
[ 96%] Linking CXX executable ../../bin/llama-bench
[ 96%] Built target llama-bench
[ 98%] Linking CXX executable ../bin/test-llama-grammar
[ 98%] Built target test-llama-grammar
[100%] Linking CXX executable ../../bin/server
[100%] Built target server

real	0m45.892s
user	1m30.411s
sys	0m4.279s
+ '[' -z ']'
+ tee -a /home/ggml/results/llama.cpp/6b/bc598a632560cb45dd2c51ad403bda8723b629/ggml-4-x86-cuda-v100/ctest_release-ctest.log
+ ctest --output-on-failure
Test project /home/ggml/work/llama.cpp/build-ci-release
    Start 1: test-quantize-fns
1/7 Test #1: test-quantize-fns ................   Passed    0.01 sec
    Start 2: test-quantize-perf
2/7 Test #2: test-quantize-perf ...............   Passed    0.05 sec
    Start 3: test-sampling
3/7 Test #3: test-sampling ....................   Passed    0.00 sec
    Start 4: test-tokenizer-0.llama
4/7 Test #4: test-tokenizer-0.llama ...........   Passed    0.02 sec
    Start 5: test-grammar-parser
5/7 Test #5: test-grammar-parser ..............   Passed    0.00 sec
    Start 6: test-llama-grammar
6/7 Test #6: test-llama-grammar ...............   Passed    0.00 sec
    Start 7: test-grad0
7/7 Test #7: test-grad0 .......................   Passed    4.51 sec

100% tests passed, 0 tests failed out of 7

Total Test time (real) =   4.60 sec

real	0m4.630s
user	0m5.073s
sys	0m5.249s
+ set +e
+ cur=0
+ echo 0
+ set +x
+ gg_run_open_llama_7b_v2
+ tee /home/ggml/results/llama.cpp/6b/bc598a632560cb45dd2c51ad403bda8723b629/ggml-4-x86-cuda-v100/open_llama_7b_v2.log
+ cd /home/ggml/work/llama.cpp
+ gg_wget models-mnt/open-llama/7B-v2/ https://huggingface.co/openlm-research/open_llama_7b_v2/raw/main/config.json
+ local out=models-mnt/open-llama/7B-v2/
+ local url=https://huggingface.co/openlm-research/open_llama_7b_v2/raw/main/config.json
++ pwd
+ local cwd=/home/ggml/work/llama.cpp
+ mkdir -p models-mnt/open-llama/7B-v2/
+ cd models-mnt/open-llama/7B-v2/
+ wget -nv -N https://huggingface.co/openlm-research/open_llama_7b_v2/raw/main/config.json
Last-modified header missing -- time-stamps turned off.
2023-08-25 09:11:22 URL:https://huggingface.co/openlm-research/open_llama_7b_v2/raw/main/config.json [502/502] -> "config.json" [1]
+ cd /home/ggml/work/llama.cpp
+ gg_wget models-mnt/open-llama/7B-v2/ https://huggingface.co/openlm-research/open_llama_7b_v2/resolve/main/tokenizer.model
+ local out=models-mnt/open-llama/7B-v2/
+ local url=https://huggingface.co/openlm-research/open_llama_7b_v2/resolve/main/tokenizer.model
++ pwd
+ local cwd=/home/ggml/work/llama.cpp
+ mkdir -p models-mnt/open-llama/7B-v2/
+ cd models-mnt/open-llama/7B-v2/
+ wget -nv -N https://huggingface.co/openlm-research/open_llama_7b_v2/resolve/main/tokenizer.model
+ cd /home/ggml/work/llama.cpp
+ gg_wget models-mnt/open-llama/7B-v2/ https://huggingface.co/openlm-research/open_llama_7b_v2/raw/main/tokenizer_config.json
+ local out=models-mnt/open-llama/7B-v2/
+ local url=https://huggingface.co/openlm-research/open_llama_7b_v2/raw/main/tokenizer_config.json
++ pwd
+ local cwd=/home/ggml/work/llama.cpp
+ mkdir -p models-mnt/open-llama/7B-v2/
+ cd models-mnt/open-llama/7B-v2/
+ wget -nv -N https://huggingface.co/openlm-research/open_llama_7b_v2/raw/main/tokenizer_config.json
Last-modified header missing -- time-stamps turned off.
2023-08-25 09:11:23 URL:https://huggingface.co/openlm-research/open_llama_7b_v2/raw/main/tokenizer_config.json [593/593] -> "tokenizer_config.json" [1]
+ cd /home/ggml/work/llama.cpp
+ gg_wget models-mnt/open-llama/7B-v2/ https://huggingface.co/openlm-research/open_llama_7b_v2/raw/main/special_tokens_map.json
+ local out=models-mnt/open-llama/7B-v2/
+ local url=https://huggingface.co/openlm-research/open_llama_7b_v2/raw/main/special_tokens_map.json
++ pwd
+ local cwd=/home/ggml/work/llama.cpp
+ mkdir -p models-mnt/open-llama/7B-v2/
+ cd models-mnt/open-llama/7B-v2/
+ wget -nv -N https://huggingface.co/openlm-research/open_llama_7b_v2/raw/main/special_tokens_map.json
Last-modified header missing -- time-stamps turned off.
2023-08-25 09:11:24 URL:https://huggingface.co/openlm-research/open_llama_7b_v2/raw/main/special_tokens_map.json [330/330] -> "special_tokens_map.json" [1]
+ cd /home/ggml/work/llama.cpp
+ gg_wget models-mnt/open-llama/7B-v2/ https://huggingface.co/openlm-research/open_llama_7b_v2/raw/main/pytorch_model.bin.index.json
+ local out=models-mnt/open-llama/7B-v2/
+ local url=https://huggingface.co/openlm-research/open_llama_7b_v2/raw/main/pytorch_model.bin.index.json
++ pwd
+ local cwd=/home/ggml/work/llama.cpp
+ mkdir -p models-mnt/open-llama/7B-v2/
+ cd models-mnt/open-llama/7B-v2/
+ wget -nv -N https://huggingface.co/openlm-research/open_llama_7b_v2/raw/main/pytorch_model.bin.index.json
Last-modified header missing -- time-stamps turned off.
2023-08-25 09:11:24 URL:https://huggingface.co/openlm-research/open_llama_7b_v2/raw/main/pytorch_model.bin.index.json [26788/26788] -> "pytorch_model.bin.index.json" [1]
+ cd /home/ggml/work/llama.cpp
+ gg_wget models-mnt/open-llama/7B-v2/ https://huggingface.co/openlm-research/open_llama_7b_v2/resolve/main/pytorch_model-00001-of-00002.bin
+ local out=models-mnt/open-llama/7B-v2/
+ local url=https://huggingface.co/openlm-research/open_llama_7b_v2/resolve/main/pytorch_model-00001-of-00002.bin
++ pwd
+ local cwd=/home/ggml/work/llama.cpp
+ mkdir -p models-mnt/open-llama/7B-v2/
+ cd models-mnt/open-llama/7B-v2/
+ wget -nv -N https://huggingface.co/openlm-research/open_llama_7b_v2/resolve/main/pytorch_model-00001-of-00002.bin
+ cd /home/ggml/work/llama.cpp
+ gg_wget models-mnt/open-llama/7B-v2/ https://huggingface.co/openlm-research/open_llama_7b_v2/resolve/main/pytorch_model-00002-of-00002.bin
+ local out=models-mnt/open-llama/7B-v2/
+ local url=https://huggingface.co/openlm-research/open_llama_7b_v2/resolve/main/pytorch_model-00002-of-00002.bin
++ pwd
+ local cwd=/home/ggml/work/llama.cpp
+ mkdir -p models-mnt/open-llama/7B-v2/
+ cd models-mnt/open-llama/7B-v2/
+ wget -nv -N https://huggingface.co/openlm-research/open_llama_7b_v2/resolve/main/pytorch_model-00002-of-00002.bin
+ cd /home/ggml/work/llama.cpp
+ gg_wget models-mnt/open-llama/7B-v2/ https://huggingface.co/openlm-research/open_llama_7b_v2/raw/main/generation_config.json
+ local out=models-mnt/open-llama/7B-v2/
+ local url=https://huggingface.co/openlm-research/open_llama_7b_v2/raw/main/generation_config.json
++ pwd
+ local cwd=/home/ggml/work/llama.cpp
+ mkdir -p models-mnt/open-llama/7B-v2/
+ cd models-mnt/open-llama/7B-v2/
+ wget -nv -N https://huggingface.co/openlm-research/open_llama_7b_v2/raw/main/generation_config.json
Last-modified header missing -- time-stamps turned off.
2023-08-25 09:11:25 URL:https://huggingface.co/openlm-research/open_llama_7b_v2/raw/main/generation_config.json [132/132] -> "generation_config.json" [1]
+ cd /home/ggml/work/llama.cpp
+ gg_wget models-mnt/wikitext/ https://s3.amazonaws.com/research.metamind.io/wikitext/wikitext-2-raw-v1.zip
+ local out=models-mnt/wikitext/
+ local url=https://s3.amazonaws.com/research.metamind.io/wikitext/wikitext-2-raw-v1.zip
++ pwd
+ local cwd=/home/ggml/work/llama.cpp
+ mkdir -p models-mnt/wikitext/
+ cd models-mnt/wikitext/
+ wget -nv -N https://s3.amazonaws.com/research.metamind.io/wikitext/wikitext-2-raw-v1.zip
+ cd /home/ggml/work/llama.cpp
+ unzip -o models-mnt/wikitext/wikitext-2-raw-v1.zip -d models-mnt/wikitext/
Archive:  models-mnt/wikitext/wikitext-2-raw-v1.zip
  inflating: models-mnt/wikitext/wikitext-2-raw/wiki.test.raw  
  inflating: models-mnt/wikitext/wikitext-2-raw/wiki.valid.raw  
  inflating: models-mnt/wikitext/wikitext-2-raw/wiki.train.raw  
+ path_models=../models-mnt/open-llama/7B-v2
+ path_wiki=../models-mnt/wikitext/wikitext-2-raw
+ rm -rf build-ci-release
+ mkdir build-ci-release
+ cd build-ci-release
+ set -e
+ tee -a /home/ggml/results/llama.cpp/6b/bc598a632560cb45dd2c51ad403bda8723b629/ggml-4-x86-cuda-v100/open_llama_7b_v2-cmake.log
+ cmake -DCMAKE_BUILD_TYPE=Release -DLLAMA_CUBLAS=1 ..
-- The C compiler identification is GNU 11.4.0
-- The CXX compiler identification is GNU 11.4.0
-- Detecting C compiler ABI info
-- Detecting C compiler ABI info - done
-- Check for working C compiler: /usr/bin/cc - skipped
-- Detecting C compile features
-- Detecting C compile features - done
-- Detecting CXX compiler ABI info
-- Detecting CXX compiler ABI info - done
-- Check for working CXX compiler: /usr/bin/c++ - skipped
-- Detecting CXX compile features
-- Detecting CXX compile features - done
-- Found Git: /usr/bin/git (found version "2.34.1") 
-- Performing Test CMAKE_HAVE_LIBC_PTHREAD
-- Performing Test CMAKE_HAVE_LIBC_PTHREAD - Success
-- Found Threads: TRUE  
-- Found CUDAToolkit: /usr/local/cuda-12.2/include (found version "12.2.91") 
-- cuBLAS found
-- The CUDA compiler identification is NVIDIA 12.2.91
-- Detecting CUDA compiler ABI info
-- Detecting CUDA compiler ABI info - done
-- Check for working CUDA compiler: /usr/local/cuda-12.2/bin/nvcc - skipped
-- Detecting CUDA compile features
-- Detecting CUDA compile features - done
-- Using CUDA architectures: 52;61;70
-- CMAKE_SYSTEM_PROCESSOR: x86_64
-- x86 detected
-- Configuring done (4.6s)
-- Generating done (0.1s)
-- Build files have been written to: /home/ggml/work/llama.cpp/build-ci-release

real	0m4.726s
user	0m2.340s
sys	0m2.333s
+ tee -a /home/ggml/results/llama.cpp/6b/bc598a632560cb45dd2c51ad403bda8723b629/ggml-4-x86-cuda-v100/open_llama_7b_v2-make.log
+ make -j
[  1%] Built target BUILD_INFO
[  3%] Building C object CMakeFiles/ggml.dir/ggml.c.o
[  4%] Building C object CMakeFiles/ggml.dir/ggml-alloc.c.o
[  6%] Building CUDA object CMakeFiles/ggml.dir/ggml-cuda.cu.o
[  8%] Building C object CMakeFiles/ggml.dir/k_quants.c.o
/home/ggml/work/llama.cpp/k_quants.c:182:14: warning: ‘make_qkx1_quants’ defined but not used [-Wunused-function]
  182 | static float make_qkx1_quants(int n, int nmax, const float * restrict x, uint8_t * restrict L, float * restrict the_min,
      |              ^~~~~~~~~~~~~~~~
[  8%] Built target ggml
[  9%] Linking CUDA static library libggml_static.a
[ 11%] Building CXX object CMakeFiles/llama.dir/llama.cpp.o
[ 11%] Built target ggml_static
[ 13%] Linking CXX static library libllama.a
[ 13%] Built target llama
[ 14%] Building CXX object common/CMakeFiles/common.dir/common.cpp.o
[ 16%] Building CXX object common/CMakeFiles/common.dir/console.cpp.o
[ 18%] Building CXX object examples/quantize/CMakeFiles/quantize.dir/quantize.cpp.o
[ 19%] Building CXX object examples/quantize-stats/CMakeFiles/quantize-stats.dir/quantize-stats.cpp.o
[ 21%] Building CXX object common/CMakeFiles/common.dir/grammar-parser.cpp.o
[ 22%] Linking CXX executable ../../bin/quantize
[ 22%] Built target quantize
[ 24%] Linking CXX executable ../../bin/quantize-stats
[ 24%] Built target quantize-stats
[ 24%] Built target common
[ 26%] Building CXX object tests/CMakeFiles/test-quantize-fns.dir/test-quantize-fns.cpp.o
[ 27%] Building CXX object tests/CMakeFiles/test-sampling.dir/test-sampling.cpp.o
[ 29%] Building CXX object tests/CMakeFiles/test-quantize-perf.dir/test-quantize-perf.cpp.o
[ 31%] Building CXX object tests/CMakeFiles/test-tokenizer-0.dir/test-tokenizer-0.cpp.o
[ 32%] Building CXX object tests/CMakeFiles/test-tokenizer-1.dir/test-tokenizer-1.cpp.o
[ 34%] Building CXX object tests/CMakeFiles/test-grammar-parser.dir/test-grammar-parser.cpp.o
[ 36%] Building CXX object tests/CMakeFiles/test-llama-grammar.dir/test-llama-grammar.cpp.o
[ 37%] Building CXX object tests/CMakeFiles/test-grad0.dir/test-grad0.cpp.o
[ 39%] Building CXX object examples/main/CMakeFiles/main.dir/main.cpp.o
[ 40%] Building CXX object examples/embedding/CMakeFiles/embedding.dir/embedding.cpp.o
[ 42%] Building CXX object examples/perplexity/CMakeFiles/perplexity.dir/perplexity.cpp.o
[ 44%] Building CXX object examples/save-load-state/CMakeFiles/save-load-state.dir/save-load-state.cpp.o
[ 45%] Building CXX object examples/benchmark/CMakeFiles/benchmark.dir/benchmark-matmult.cpp.o
[ 47%] Building CXX object examples/baby-llama/CMakeFiles/baby-llama.dir/baby-llama.cpp.o
[ 49%] Building CXX object examples/train-text-from-scratch/CMakeFiles/train-text-from-scratch.dir/train-text-from-scratch.cpp.o
[ 50%] Building CXX object examples/convert-llama2c-to-ggml/CMakeFiles/convert-llama2c-to-ggml.dir/convert-llama2c-to-ggml.cpp.o
[ 52%] Building CXX object examples/simple/CMakeFiles/simple.dir/simple.cpp.o
[ 54%] Building CXX object examples/llama-bench/CMakeFiles/llama-bench.dir/llama-bench.cpp.o
[ 55%] Building CXX object examples/embd-input/CMakeFiles/embdinput.dir/embd-input-lib.cpp.o
[ 57%] Building CXX object examples/server/CMakeFiles/server.dir/server.cpp.o
[ 59%] Building CXX object pocs/vdot/CMakeFiles/q8dot.dir/q8dot.cpp.o
[ 60%] Building CXX object pocs/vdot/CMakeFiles/vdot.dir/vdot.cpp.o
[ 62%] Linking CXX executable ../bin/test-quantize-fns
/home/ggml/work/llama.cpp/examples/baby-llama/baby-llama.cpp: In function ‘int main(int, char**)’:
/home/ggml/work/llama.cpp/examples/baby-llama/baby-llama.cpp:1620:32: warning: variable ‘opt_params_adam’ set but not used [-Wunused-but-set-variable]
 1620 |         struct ggml_opt_params opt_params_adam = ggml_opt_default_params(GGML_OPT_ADAM);
      |                                ^~~~~~~~~~~~~~~
/home/ggml/work/llama.cpp/examples/convert-llama2c-to-ggml/convert-llama2c-to-ggml.cpp: In function ‘void load_vocab(const char*, Config*, llama_vocab*)’:
/home/ggml/work/llama.cpp/examples/convert-llama2c-to-ggml/convert-llama2c-to-ggml.cpp:540:64: note: ‘#pragma message: TODO: implement reading vocabulary using gguf’
  540 | #pragma message("TODO: implement reading vocabulary using gguf")
      |                                                                ^
/home/ggml/work/llama.cpp/examples/convert-llama2c-to-ggml/convert-llama2c-to-ggml.cpp:573:47: warning: format ‘%hhX’ expects argument of type ‘unsigned char*’, but argument 3 has type ‘char*’ [-Wformat=]
  573 |             if (sscanf(text.c_str(), "<0x%02hhX>", &byte_val) == 1) {
      |                                          ~~~~~^    ~~~~~~~~~
      |                                               |    |
      |                                               |    char*
      |                                               unsigned char*
      |                                          %02hhX
/home/ggml/work/llama.cpp/examples/convert-llama2c-to-ggml/convert-llama2c-to-ggml.cpp: In function ‘void save_as_llama_model(llama_vocab*, my_llama_model*, TransformerWeights*, const char*)’:
/home/ggml/work/llama.cpp/examples/convert-llama2c-to-ggml/convert-llama2c-to-ggml.cpp:627:57: note: ‘#pragma message: TODO: implement file saving using gguf’
  627 | #pragma message("TODO: implement file saving using gguf")
      |                                                         ^
[ 62%] Built target test-quantize-fns
/home/ggml/work/llama.cpp/examples/train-text-from-scratch/train-text-from-scratch.cpp: In function ‘void save_as_llama_model(llama_vocab*, my_llama_model*, const char*)’:
/home/ggml/work/llama.cpp/examples/train-text-from-scratch/train-text-from-scratch.cpp:2617:57: note: ‘#pragma message: TODO: implement file saving using gguf’
 2617 | #pragma message("TODO: implement file saving using gguf")
      |                                                         ^
[ 63%] Linking CXX executable ../bin/test-grammar-parser
[ 65%] Linking CXX executable ../bin/test-sampling
[ 67%] Linking CXX executable ../../bin/q8dot
[ 68%] Linking CXX executable ../bin/test-tokenizer-1
[ 70%] Linking CXX executable ../../bin/embedding
[ 72%] Linking CXX executable ../../bin/benchmark
[ 73%] Linking CXX executable ../../bin/simple
[ 73%] Built target test-grammar-parser
[ 75%] Linking CXX executable ../../bin/save-load-state
[ 75%] Built target test-sampling
[ 77%] Linking CXX executable ../../bin/vdot
[ 77%] Built target q8dot
[ 77%] Built target embedding
[ 77%] Built target test-tokenizer-1
[ 77%] Built target benchmark
[ 77%] Built target simple
[ 77%] Built target save-load-state
[ 78%] Linking CXX executable ../bin/test-grad0
[ 80%] Linking CXX executable ../bin/test-tokenizer-0
[ 80%] Built target vdot
[ 81%] Linking CXX executable ../../bin/baby-llama
[ 81%] Built target test-grad0
[ 81%] Built target baby-llama
[ 81%] Built target test-tokenizer-0
[ 83%] Linking CXX executable ../../bin/main
[ 85%] Linking CXX static library libembdinput.a
[ 86%] Linking CXX executable ../../bin/perplexity
[ 86%] Built target embdinput
[ 88%] Linking CXX executable ../bin/test-quantize-perf
[ 90%] Linking CXX executable ../../bin/convert-llama2c-to-ggml
[ 90%] Built target main
[ 91%] Building CXX object examples/embd-input/CMakeFiles/embd-input-test.dir/embd-input-test.cpp.o
[ 91%] Built target perplexity
[ 91%] Built target convert-llama2c-to-ggml
[ 91%] Built target test-quantize-perf
[ 93%] Linking CXX executable ../../bin/embd-input-test
[ 93%] Built target embd-input-test
[ 95%] Linking CXX executable ../../bin/train-text-from-scratch
[ 95%] Built target train-text-from-scratch
[ 96%] Linking CXX executable ../../bin/llama-bench
[ 96%] Built target llama-bench
[ 98%] Linking CXX executable ../bin/test-llama-grammar
[ 98%] Built target test-llama-grammar
[100%] Linking CXX executable ../../bin/server
[100%] Built target server

real	1m35.915s
user	2m28.930s
sys	0m5.389s
+ python3 ../convert.py ../models-mnt/open-llama/7B-v2
Traceback (most recent call last):
  File "/home/ggml/work/llama.cpp/build-ci-release/../convert.py", line 37, in <module>
    ARCH=gguf.MODEL_ARCH.LLAMA
AttributeError: module 'gguf' has no attribute 'MODEL_ARCH'
+ cur=1
+ echo 1
+ set +x
cat: /home/ggml/results/llama.cpp/6b/bc598a632560cb45dd2c51ad403bda8723b629/ggml-4-x86-cuda-v100/open_llama_7b_v2-ppl.log: No such file or directory
cat: /home/ggml/results/llama.cpp/6b/bc598a632560cb45dd2c51ad403bda8723b629/ggml-4-x86-cuda-v100/open_llama_7b_v2-tg-f16.log: No such file or directory
cat: /home/ggml/results/llama.cpp/6b/bc598a632560cb45dd2c51ad403bda8723b629/ggml-4-x86-cuda-v100/open_llama_7b_v2-tg-q8_0.log: No such file or directory
cat: /home/ggml/results/llama.cpp/6b/bc598a632560cb45dd2c51ad403bda8723b629/ggml-4-x86-cuda-v100/open_llama_7b_v2-tg-q4_0.log: No such file or directory
cat: /home/ggml/results/llama.cpp/6b/bc598a632560cb45dd2c51ad403bda8723b629/ggml-4-x86-cuda-v100/open_llama_7b_v2-tg-q4_1.log: No such file or directory
cat: /home/ggml/results/llama.cpp/6b/bc598a632560cb45dd2c51ad403bda8723b629/ggml-4-x86-cuda-v100/open_llama_7b_v2-tg-q5_0.log: No such file or directory
cat: /home/ggml/results/llama.cpp/6b/bc598a632560cb45dd2c51ad403bda8723b629/ggml-4-x86-cuda-v100/open_llama_7b_v2-tg-q5_1.log: No such file or directory
cat: /home/ggml/results/llama.cpp/6b/bc598a632560cb45dd2c51ad403bda8723b629/ggml-4-x86-cuda-v100/open_llama_7b_v2-tg-q2_k.log: No such file or directory
cat: /home/ggml/results/llama.cpp/6b/bc598a632560cb45dd2c51ad403bda8723b629/ggml-4-x86-cuda-v100/open_llama_7b_v2-tg-q3_k.log: No such file or directory
cat: /home/ggml/results/llama.cpp/6b/bc598a632560cb45dd2c51ad403bda8723b629/ggml-4-x86-cuda-v100/open_llama_7b_v2-tg-q4_k.log: No such file or directory
cat: /home/ggml/results/llama.cpp/6b/bc598a632560cb45dd2c51ad403bda8723b629/ggml-4-x86-cuda-v100/open_llama_7b_v2-tg-q5_k.log: No such file or directory
cat: /home/ggml/results/llama.cpp/6b/bc598a632560cb45dd2c51ad403bda8723b629/ggml-4-x86-cuda-v100/open_llama_7b_v2-tg-q6_k.log: No such file or directory
