+ ctest --output-on-failure -E test-opt
Test project /home/ggml/work/ggml/build-ci-release
      Start  1: test-grad0
 1/17 Test  #1: test-grad0 .......................   Passed    5.19 sec
      Start  2: test-quantize-fns
 2/17 Test  #2: test-quantize-fns ................   Passed    0.01 sec
      Start  3: test-quantize-perf
 3/17 Test  #3: test-quantize-perf ...............   Passed    0.05 sec
      Start  4: test-mul-mat0
 4/17 Test  #4: test-mul-mat0 ....................   Passed    0.56 sec
      Start  5: test-mul-mat2
 5/17 Test  #5: test-mul-mat2 ....................   Passed    1.77 sec
      Start  6: test0
 6/17 Test  #6: test0 ............................   Passed    0.00 sec
      Start  7: test1
 7/17 Test  #7: test1 ............................   Passed    0.01 sec
      Start  8: test2
 8/17 Test  #8: test2 ............................   Passed    9.00 sec
      Start  9: test3
 9/17 Test  #9: test3 ............................   Passed    0.49 sec
      Start 10: test-pool
10/17 Test #10: test-pool ........................   Passed    0.01 sec
      Start 11: test-conv-transpose
11/17 Test #11: test-conv-transpose ..............   Passed    0.00 sec
      Start 12: test-rel-pos
12/17 Test #12: test-rel-pos .....................   Passed    0.00 sec
      Start 13: test-customop
13/17 Test #13: test-customop ....................   Passed    0.00 sec
      Start 14: test-xpos
14/17 Test #14: test-xpos ........................   Passed    0.00 sec
      Start 15: test-conv1d
15/17 Test #15: test-conv1d ......................   Passed    0.01 sec
      Start 16: test-conv2d
16/17 Test #16: test-conv2d ......................   Passed    0.01 sec
      Start 17: test-mul-mat
17/17 Test #17: test-mul-mat .....................   Passed    0.01 sec

100% tests passed, 0 tests failed out of 17

Total Test time (real) =  17.12 sec

real	0m17.138s
user	0m47.115s
sys	0m5.214s
