rm: cannot remove '/home/ggml/results/ggml/10/e83a412717c20d57ba19f025248e18e43addf3/ggml-4-x86-cuda-v100/*.log': No such file or directory
rm: cannot remove '/home/ggml/results/ggml/10/e83a412717c20d57ba19f025248e18e43addf3/ggml-4-x86-cuda-v100/*.exit': No such file or directory
rm: cannot remove '/home/ggml/results/ggml/10/e83a412717c20d57ba19f025248e18e43addf3/ggml-4-x86-cuda-v100/*.md': No such file or directory
Defaulting to user installation because normal site-packages is not writeable
Looking in indexes: https://pypi.org/simple, https://download.pytorch.org/whl/cpu
Requirement already satisfied: accelerate==0.19.0 in /home/ggml/.local/lib/python3.10/site-packages (from -r /home/ggml/work/ggml/requirements.txt (line 1)) (0.19.0)
Requirement already satisfied: numpy>=1.24.4 in /home/ggml/.local/lib/python3.10/site-packages (from -r /home/ggml/work/ggml/requirements.txt (line 2)) (1.24.4)
Requirement already satisfied: sentencepiece~=0.1.98 in /home/ggml/.local/lib/python3.10/site-packages (from -r /home/ggml/work/ggml/requirements.txt (line 3)) (0.1.98)
Requirement already satisfied: torchvision>=0.15.2 in /home/ggml/.local/lib/python3.10/site-packages (from -r /home/ggml/work/ggml/requirements.txt (line 4)) (0.17.2+cpu)
Requirement already satisfied: transformers<5.0.0,>=4.35.2 in /home/ggml/.local/lib/python3.10/site-packages (from -r /home/ggml/work/ggml/requirements.txt (line 5)) (4.37.1)
Requirement already satisfied: gguf>=0.1.0 in /home/ggml/.local/lib/python3.10/site-packages (from -r /home/ggml/work/ggml/requirements.txt (line 6)) (0.7.0)
Requirement already satisfied: keras==2.15.0 in /home/ggml/.local/lib/python3.10/site-packages (from -r /home/ggml/work/ggml/requirements.txt (line 7)) (2.15.0)
Requirement already satisfied: tensorflow==2.15.0 in /home/ggml/.local/lib/python3.10/site-packages (from -r /home/ggml/work/ggml/requirements.txt (line 8)) (2.15.0)
Requirement already satisfied: torch~=2.2.1 in /home/ggml/.local/lib/python3.10/site-packages (from -r /home/ggml/work/ggml/requirements.txt (line 11)) (2.2.2+cpu)
Requirement already satisfied: pyyaml in /usr/lib/python3/dist-packages (from accelerate==0.19.0->-r /home/ggml/work/ggml/requirements.txt (line 1)) (5.4.1)
Requirement already satisfied: psutil in /home/ggml/.local/lib/python3.10/site-packages (from accelerate==0.19.0->-r /home/ggml/work/ggml/requirements.txt (line 1)) (5.9.5)
Requirement already satisfied: packaging>=20.0 in /home/ggml/.local/lib/python3.10/site-packages (from accelerate==0.19.0->-r /home/ggml/work/ggml/requirements.txt (line 1)) (23.1)
Requirement already satisfied: flatbuffers>=23.5.26 in /home/ggml/.local/lib/python3.10/site-packages (from tensorflow==2.15.0->-r /home/ggml/work/ggml/requirements.txt (line 8)) (23.5.26)
Requirement already satisfied: h5py>=2.9.0 in /home/ggml/.local/lib/python3.10/site-packages (from tensorflow==2.15.0->-r /home/ggml/work/ggml/requirements.txt (line 8)) (3.10.0)
Requirement already satisfied: wrapt<1.15,>=1.11.0 in /home/ggml/.local/lib/python3.10/site-packages (from tensorflow==2.15.0->-r /home/ggml/work/ggml/requirements.txt (line 8)) (1.14.1)
Requirement already satisfied: six>=1.12.0 in /usr/lib/python3/dist-packages (from tensorflow==2.15.0->-r /home/ggml/work/ggml/requirements.txt (line 8)) (1.16.0)
Requirement already satisfied: grpcio<2.0,>=1.24.3 in /home/ggml/.local/lib/python3.10/site-packages (from tensorflow==2.15.0->-r /home/ggml/work/ggml/requirements.txt (line 8)) (1.60.0)
Requirement already satisfied: google-pasta>=0.1.1 in /home/ggml/.local/lib/python3.10/site-packages (from tensorflow==2.15.0->-r /home/ggml/work/ggml/requirements.txt (line 8)) (0.2.0)
Requirement already satisfied: tensorboard<2.16,>=2.15 in /home/ggml/.local/lib/python3.10/site-packages (from tensorflow==2.15.0->-r /home/ggml/work/ggml/requirements.txt (line 8)) (2.15.1)
Requirement already satisfied: ml-dtypes~=0.2.0 in /home/ggml/.local/lib/python3.10/site-packages (from tensorflow==2.15.0->-r /home/ggml/work/ggml/requirements.txt (line 8)) (0.2.0)
Requirement already satisfied: tensorflow-io-gcs-filesystem>=0.23.1 in /home/ggml/.local/lib/python3.10/site-packages (from tensorflow==2.15.0->-r /home/ggml/work/ggml/requirements.txt (line 8)) (0.35.0)
Requirement already satisfied: gast!=0.5.0,!=0.5.1,!=0.5.2,>=0.2.1 in /home/ggml/.local/lib/python3.10/site-packages (from tensorflow==2.15.0->-r /home/ggml/work/ggml/requirements.txt (line 8)) (0.5.4)
Requirement already satisfied: libclang>=13.0.0 in /home/ggml/.local/lib/python3.10/site-packages (from tensorflow==2.15.0->-r /home/ggml/work/ggml/requirements.txt (line 8)) (16.0.6)
Requirement already satisfied: typing-extensions>=3.6.6 in /home/ggml/.local/lib/python3.10/site-packages (from tensorflow==2.15.0->-r /home/ggml/work/ggml/requirements.txt (line 8)) (4.12.2)
Requirement already satisfied: protobuf!=4.21.0,!=4.21.1,!=4.21.2,!=4.21.3,!=4.21.4,!=4.21.5,<5.0.0dev,>=3.20.3 in /home/ggml/.local/lib/python3.10/site-packages (from tensorflow==2.15.0->-r /home/ggml/work/ggml/requirements.txt (line 8)) (4.23.4)
Requirement already satisfied: absl-py>=1.0.0 in /home/ggml/.local/lib/python3.10/site-packages (from tensorflow==2.15.0->-r /home/ggml/work/ggml/requirements.txt (line 8)) (2.1.0)
Requirement already satisfied: opt-einsum>=2.3.2 in /home/ggml/.local/lib/python3.10/site-packages (from tensorflow==2.15.0->-r /home/ggml/work/ggml/requirements.txt (line 8)) (3.3.0)
Requirement already satisfied: astunparse>=1.6.0 in /home/ggml/.local/lib/python3.10/site-packages (from tensorflow==2.15.0->-r /home/ggml/work/ggml/requirements.txt (line 8)) (1.6.3)
Requirement already satisfied: termcolor>=1.1.0 in /home/ggml/.local/lib/python3.10/site-packages (from tensorflow==2.15.0->-r /home/ggml/work/ggml/requirements.txt (line 8)) (2.4.0)
Requirement already satisfied: setuptools in /usr/lib/python3/dist-packages (from tensorflow==2.15.0->-r /home/ggml/work/ggml/requirements.txt (line 8)) (59.6.0)
Requirement already satisfied: tensorflow-estimator<2.16,>=2.15.0 in /home/ggml/.local/lib/python3.10/site-packages (from tensorflow==2.15.0->-r /home/ggml/work/ggml/requirements.txt (line 8)) (2.15.0)
Requirement already satisfied: pillow!=8.3.*,>=5.3.0 in /home/ggml/.local/lib/python3.10/site-packages (from torchvision>=0.15.2->-r /home/ggml/work/ggml/requirements.txt (line 4)) (10.0.0)
Requirement already satisfied: jinja2 in /usr/lib/python3/dist-packages (from torch~=2.2.1->-r /home/ggml/work/ggml/requirements.txt (line 11)) (3.0.3)
Requirement already satisfied: networkx in /home/ggml/.local/lib/python3.10/site-packages (from torch~=2.2.1->-r /home/ggml/work/ggml/requirements.txt (line 11)) (3.1)
Requirement already satisfied: sympy in /home/ggml/.local/lib/python3.10/site-packages (from torch~=2.2.1->-r /home/ggml/work/ggml/requirements.txt (line 11)) (1.12)
Requirement already satisfied: fsspec in /home/ggml/.local/lib/python3.10/site-packages (from torch~=2.2.1->-r /home/ggml/work/ggml/requirements.txt (line 11)) (2023.6.0)
Requirement already satisfied: filelock in /home/ggml/.local/lib/python3.10/site-packages (from torch~=2.2.1->-r /home/ggml/work/ggml/requirements.txt (line 11)) (3.12.2)
Requirement already satisfied: tqdm>=4.27 in /home/ggml/.local/lib/python3.10/site-packages (from transformers<5.0.0,>=4.35.2->-r /home/ggml/work/ggml/requirements.txt (line 5)) (4.65.0)
Requirement already satisfied: huggingface-hub<1.0,>=0.19.3 in /home/ggml/.local/lib/python3.10/site-packages (from transformers<5.0.0,>=4.35.2->-r /home/ggml/work/ggml/requirements.txt (line 5)) (0.20.3)
Requirement already satisfied: tokenizers<0.19,>=0.14 in /home/ggml/.local/lib/python3.10/site-packages (from transformers<5.0.0,>=4.35.2->-r /home/ggml/work/ggml/requirements.txt (line 5)) (0.15.1)
Requirement already satisfied: safetensors>=0.3.1 in /home/ggml/.local/lib/python3.10/site-packages (from transformers<5.0.0,>=4.35.2->-r /home/ggml/work/ggml/requirements.txt (line 5)) (0.4.1)
Requirement already satisfied: requests in /home/ggml/.local/lib/python3.10/site-packages (from transformers<5.0.0,>=4.35.2->-r /home/ggml/work/ggml/requirements.txt (line 5)) (2.31.0)
Requirement already satisfied: regex!=2019.12.17 in /home/ggml/.local/lib/python3.10/site-packages (from transformers<5.0.0,>=4.35.2->-r /home/ggml/work/ggml/requirements.txt (line 5)) (2023.6.3)
Requirement already satisfied: wheel<1.0,>=0.23.0 in /usr/lib/python3/dist-packages (from astunparse>=1.6.0->tensorflow==2.15.0->-r /home/ggml/work/ggml/requirements.txt (line 8)) (0.37.1)
Requirement already satisfied: werkzeug>=1.0.1 in /home/ggml/.local/lib/python3.10/site-packages (from tensorboard<2.16,>=2.15->tensorflow==2.15.0->-r /home/ggml/work/ggml/requirements.txt (line 8)) (3.0.1)
Requirement already satisfied: google-auth<3,>=1.6.3 in /home/ggml/.local/lib/python3.10/site-packages (from tensorboard<2.16,>=2.15->tensorflow==2.15.0->-r /home/ggml/work/ggml/requirements.txt (line 8)) (2.26.2)
Requirement already satisfied: tensorboard-data-server<0.8.0,>=0.7.0 in /home/ggml/.local/lib/python3.10/site-packages (from tensorboard<2.16,>=2.15->tensorflow==2.15.0->-r /home/ggml/work/ggml/requirements.txt (line 8)) (0.7.2)
Requirement already satisfied: google-auth-oauthlib<2,>=0.5 in /home/ggml/.local/lib/python3.10/site-packages (from tensorboard<2.16,>=2.15->tensorflow==2.15.0->-r /home/ggml/work/ggml/requirements.txt (line 8)) (1.2.0)
Requirement already satisfied: markdown>=2.6.8 in /home/ggml/.local/lib/python3.10/site-packages (from tensorboard<2.16,>=2.15->tensorflow==2.15.0->-r /home/ggml/work/ggml/requirements.txt (line 8)) (3.5.2)
Requirement already satisfied: idna<4,>=2.5 in /usr/lib/python3/dist-packages (from requests->transformers<5.0.0,>=4.35.2->-r /home/ggml/work/ggml/requirements.txt (line 5)) (3.3)
Requirement already satisfied: charset-normalizer<4,>=2 in /home/ggml/.local/lib/python3.10/site-packages (from requests->transformers<5.0.0,>=4.35.2->-r /home/ggml/work/ggml/requirements.txt (line 5)) (3.3.2)
Requirement already satisfied: urllib3<3,>=1.21.1 in /home/ggml/.local/lib/python3.10/site-packages (from requests->transformers<5.0.0,>=4.35.2->-r /home/ggml/work/ggml/requirements.txt (line 5)) (2.1.0)
Requirement already satisfied: certifi>=2017.4.17 in /usr/lib/python3/dist-packages (from requests->transformers<5.0.0,>=4.35.2->-r /home/ggml/work/ggml/requirements.txt (line 5)) (2020.6.20)
Requirement already satisfied: mpmath>=0.19 in /home/ggml/.local/lib/python3.10/site-packages (from sympy->torch~=2.2.1->-r /home/ggml/work/ggml/requirements.txt (line 11)) (1.3.0)
Requirement already satisfied: rsa<5,>=3.1.4 in /home/ggml/.local/lib/python3.10/site-packages (from google-auth<3,>=1.6.3->tensorboard<2.16,>=2.15->tensorflow==2.15.0->-r /home/ggml/work/ggml/requirements.txt (line 8)) (4.9)
Requirement already satisfied: cachetools<6.0,>=2.0.0 in /home/ggml/.local/lib/python3.10/site-packages (from google-auth<3,>=1.6.3->tensorboard<2.16,>=2.15->tensorflow==2.15.0->-r /home/ggml/work/ggml/requirements.txt (line 8)) (5.3.2)
Requirement already satisfied: pyasn1-modules>=0.2.1 in /usr/lib/python3/dist-packages (from google-auth<3,>=1.6.3->tensorboard<2.16,>=2.15->tensorflow==2.15.0->-r /home/ggml/work/ggml/requirements.txt (line 8)) (0.2.1)
Requirement already satisfied: requests-oauthlib>=0.7.0 in /home/ggml/.local/lib/python3.10/site-packages (from google-auth-oauthlib<2,>=0.5->tensorboard<2.16,>=2.15->tensorflow==2.15.0->-r /home/ggml/work/ggml/requirements.txt (line 8)) (1.3.1)
Requirement already satisfied: MarkupSafe>=2.1.1 in /home/ggml/.local/lib/python3.10/site-packages (from werkzeug>=1.0.1->tensorboard<2.16,>=2.15->tensorflow==2.15.0->-r /home/ggml/work/ggml/requirements.txt (line 8)) (2.1.4)
Requirement already satisfied: oauthlib>=3.0.0 in /usr/lib/python3/dist-packages (from requests-oauthlib>=0.7.0->google-auth-oauthlib<2,>=0.5->tensorboard<2.16,>=2.15->tensorflow==2.15.0->-r /home/ggml/work/ggml/requirements.txt (line 8)) (3.2.0)
Requirement already satisfied: pyasn1>=0.1.3 in /usr/lib/python3/dist-packages (from rsa<5,>=3.1.4->google-auth<3,>=1.6.3->tensorboard<2.16,>=2.15->tensorflow==2.15.0->-r /home/ggml/work/ggml/requirements.txt (line 8)) (0.4.8)
+ gg_run_ctest_debug
+ cd /home/ggml/work/ggml
+ rm -rf build-ci-debug
+ tee /home/ggml/results/ggml/10/e83a412717c20d57ba19f025248e18e43addf3/ggml-4-x86-cuda-v100/ctest_debug.log
+ mkdir build-ci-debug
+ cd build-ci-debug
+ set -e
+ tee -a /home/ggml/results/ggml/10/e83a412717c20d57ba19f025248e18e43addf3/ggml-4-x86-cuda-v100/ctest_debug-cmake.log
+ cmake -DCMAKE_BUILD_TYPE=Debug -DGGML_CUDA=ON ..
-- The C compiler identification is GNU 11.4.0
-- The CXX compiler identification is GNU 11.4.0
-- Detecting C compiler ABI info
-- Detecting C compiler ABI info - done
-- Check for working C compiler: /usr/bin/cc - skipped
-- Detecting C compile features
-- Detecting C compile features - done
-- Detecting CXX compiler ABI info
-- Detecting CXX compiler ABI info - done
-- Check for working CXX compiler: /usr/bin/c++ - skipped
-- Detecting CXX compile features
-- Detecting CXX compile features - done
-- Performing Test CMAKE_HAVE_LIBC_PTHREAD
-- Performing Test CMAKE_HAVE_LIBC_PTHREAD - Success
-- Found Threads: TRUE  
-- Found OpenMP_C: -fopenmp (found version "4.5") 
-- Found OpenMP_CXX: -fopenmp (found version "4.5") 
-- Found OpenMP: TRUE (found version "4.5")  
-- OpenMP found
-- Found CUDAToolkit: /usr/local/cuda-12.2/include (found version "12.2.140") 
-- CUDA found
-- Using CUDA architectures: 52;61;70;75
-- The CUDA compiler identification is NVIDIA 12.2.140
-- Detecting CUDA compiler ABI info
-- Detecting CUDA compiler ABI info - done
-- Check for working CUDA compiler: /usr/local/cuda-12.2/bin/nvcc - skipped
-- Detecting CUDA compile features
-- Detecting CUDA compile features - done
-- CUDA host compiler is GNU 11.4.0

-- ccache found, compilation results will be cached. Disable with GGML_CCACHE=OFF.
-- CMAKE_SYSTEM_PROCESSOR: x86_64
-- x86 detected
-- x86 detected
-- Linux detected
-- Configuring done (4.8s)
-- Generating done (0.1s)
-- Build files have been written to: /home/ggml/work/ggml/build-ci-debug

real	0m4.974s
user	0m3.782s
sys	0m1.203s
+ tee -a /home/ggml/results/ggml/10/e83a412717c20d57ba19f025248e18e43addf3/ggml-4-x86-cuda-v100/ctest_debug-make.log
+ make -j
[  0%] Building CXX object examples/CMakeFiles/common.dir/common.cpp.o
[  1%] Building C object src/CMakeFiles/ggml.dir/ggml.c.o
[  1%] Building C object src/CMakeFiles/ggml.dir/ggml-alloc.c.o
[  2%] Building C object src/CMakeFiles/ggml.dir/ggml-backend.c.o
[  3%] Building C object src/CMakeFiles/ggml.dir/ggml-quants.c.o
[  3%] Building CUDA object src/CMakeFiles/ggml.dir/ggml-cuda/acc.cu.o
[  4%] Building CUDA object src/CMakeFiles/ggml.dir/ggml-cuda/arange.cu.o
[  4%] Building CUDA object src/CMakeFiles/ggml.dir/ggml-cuda/argsort.cu.o
[  5%] Building CUDA object src/CMakeFiles/ggml.dir/ggml-cuda/binbcast.cu.o
[  5%] Building CUDA object src/CMakeFiles/ggml.dir/ggml-cuda/concat.cu.o
[  6%] Building CUDA object src/CMakeFiles/ggml.dir/ggml-cuda/clamp.cu.o
[  7%] Building CUDA object src/CMakeFiles/ggml.dir/ggml-cuda/conv-transpose-1d.cu.o
[  8%] Linking CXX static library libcommon.a
[  9%] Building CUDA object src/CMakeFiles/ggml.dir/ggml-cuda/convert.cu.o
[  9%] Building CUDA object src/CMakeFiles/ggml.dir/ggml-cuda/cpy.cu.o
[ 10%] Building CUDA object src/CMakeFiles/ggml.dir/ggml-cuda/cross-entropy-loss.cu.o
[ 11%] Building CUDA object src/CMakeFiles/ggml.dir/ggml-cuda/dmmv.cu.o
[ 11%] Building CUDA object src/CMakeFiles/ggml.dir/ggml-cuda/diagmask.cu.o
[ 12%] Building CUDA object src/CMakeFiles/ggml.dir/ggml-cuda/fattn-tile-f16.cu.o
[ 12%] Building CUDA object src/CMakeFiles/ggml.dir/ggml-cuda/fattn-tile-f32.cu.o
[ 13%] Building CUDA object src/CMakeFiles/ggml.dir/ggml-cuda/mmq.cu.o
[ 14%] Building CUDA object src/CMakeFiles/ggml.dir/ggml-cuda/getrows.cu.o
[ 15%] Building CUDA object src/CMakeFiles/ggml.dir/ggml-cuda/fattn.cu.o
[ 15%] Building CUDA object src/CMakeFiles/ggml.dir/ggml-cuda/im2col.cu.o
[ 16%] Building CUDA object src/CMakeFiles/ggml.dir/ggml-cuda/norm.cu.o
[ 16%] Building CUDA object src/CMakeFiles/ggml.dir/ggml-cuda/mmvq.cu.o
[ 17%] Building CUDA object src/CMakeFiles/ggml.dir/ggml-cuda/pad.cu.o
[ 17%] Building CUDA object src/CMakeFiles/ggml.dir/ggml-cuda/pool2d.cu.o
[ 18%] Building CUDA object src/CMakeFiles/ggml.dir/ggml-cuda/rope.cu.o
[ 19%] Building CUDA object src/CMakeFiles/ggml.dir/ggml-cuda/quantize.cu.o
[ 19%] Building CUDA object src/CMakeFiles/ggml.dir/ggml-cuda/scale.cu.o
[ 19%] Built target common
[ 20%] Building CUDA object src/CMakeFiles/ggml.dir/ggml-cuda/softmax.cu.o
[ 20%] Building CUDA object src/CMakeFiles/ggml.dir/ggml-cuda/sum.cu.o
[ 21%] Building CUDA object src/CMakeFiles/ggml.dir/ggml-cuda/sumrows.cu.o
[ 22%] Building CUDA object src/CMakeFiles/ggml.dir/ggml-cuda/tsembd.cu.o
[ 22%] Building CUDA object src/CMakeFiles/ggml.dir/ggml-cuda/unary.cu.o
[ 23%] Building CUDA object src/CMakeFiles/ggml.dir/ggml-cuda/upscale.cu.o
[ 24%] Building CUDA object src/CMakeFiles/ggml.dir/ggml-cuda.cu.o
[ 24%] Building CUDA object src/CMakeFiles/ggml.dir/ggml-cuda/template-instances/fattn-wmma-f16-instance-kqfloat-cpb16.cu.o
[ 25%] Building CUDA object src/CMakeFiles/ggml.dir/ggml-cuda/template-instances/fattn-wmma-f16-instance-kqfloat-cpb32.cu.o
[ 25%] Building CUDA object src/CMakeFiles/ggml.dir/ggml-cuda/template-instances/fattn-wmma-f16-instance-kqhalf-cpb16.cu.o
[ 26%] Building CUDA object src/CMakeFiles/ggml.dir/ggml-cuda/template-instances/fattn-wmma-f16-instance-kqhalf-cpb32.cu.o
/home/ggml/work/ggml/src/ggml-cuda.cu(2444): warning #177-D: function "set_ggml_graph_node_properties" was declared but never referenced
  static void set_ggml_graph_node_properties(ggml_tensor * node, ggml_graph_node_properties * graph_node_properties) {
              ^

Remark: The warnings can be suppressed with "-diag-suppress <warning-number>"

/home/ggml/work/ggml/src/ggml-cuda.cu(2456): warning #177-D: function "ggml_graph_node_has_matching_properties" was declared but never referenced
  static bool ggml_graph_node_has_matching_properties(ggml_tensor * node, ggml_graph_node_properties * graph_node_properties) {
              ^

/home/ggml/work/ggml/src/ggml-cuda.cu(2444): warning #177-D: function "set_ggml_graph_node_properties" was declared but never referenced
  static void set_ggml_graph_node_properties(ggml_tensor * node, ggml_graph_node_properties * graph_node_properties) {
              ^

Remark: The warnings can be suppressed with "-diag-suppress <warning-number>"

/home/ggml/work/ggml/src/ggml-cuda.cu(2456): warning #177-D: function "ggml_graph_node_has_matching_properties" was declared but never referenced
  static bool ggml_graph_node_has_matching_properties(ggml_tensor * node, ggml_graph_node_properties * graph_node_properties) {
              ^

/home/ggml/work/ggml/src/ggml-cuda.cu(2444): warning #177-D: function "set_ggml_graph_node_properties" was declared but never referenced
  static void set_ggml_graph_node_properties(ggml_tensor * node, ggml_graph_node_properties * graph_node_properties) {
              ^

Remark: The warnings can be suppressed with "-diag-suppress <warning-number>"

/home/ggml/work/ggml/src/ggml-cuda.cu(2456): warning #177-D: function "ggml_graph_node_has_matching_properties" was declared but never referenced
  static bool ggml_graph_node_has_matching_properties(ggml_tensor * node, ggml_graph_node_properties * graph_node_properties) {
              ^

/home/ggml/work/ggml/src/ggml-cuda.cu(2444): warning #177-D: function "set_ggml_graph_node_properties" was declared but never referenced
  static void set_ggml_graph_node_properties(ggml_tensor * node, ggml_graph_node_properties * graph_node_properties) {
              ^

Remark: The warnings can be suppressed with "-diag-suppress <warning-number>"

/home/ggml/work/ggml/src/ggml-cuda.cu(2456): warning #177-D: function "ggml_graph_node_has_matching_properties" was declared but never referenced
  static bool ggml_graph_node_has_matching_properties(ggml_tensor * node, ggml_graph_node_properties * graph_node_properties) {
              ^

[ 27%] Building CUDA object src/CMakeFiles/ggml.dir/ggml-cuda/template-instances/fattn-wmma-f16-instance-kqhalf-cpb8.cu.o
[ 27%] Building CUDA object src/CMakeFiles/ggml.dir/ggml-cuda/template-instances/mmq-instance-iq1_s.cu.o
[ 28%] Building CUDA object src/CMakeFiles/ggml.dir/ggml-cuda/template-instances/mmq-instance-iq2_xs.cu.o
[ 29%] Building CUDA object src/CMakeFiles/ggml.dir/ggml-cuda/template-instances/mmq-instance-iq2_s.cu.o
[ 29%] Building CUDA object src/CMakeFiles/ggml.dir/ggml-cuda/template-instances/mmq-instance-iq2_xxs.cu.o
[ 30%] Building CUDA object src/CMakeFiles/ggml.dir/ggml-cuda/template-instances/mmq-instance-iq3_s.cu.o
[ 31%] Building CUDA object src/CMakeFiles/ggml.dir/ggml-cuda/template-instances/mmq-instance-iq4_nl.cu.o
[ 31%] Building CUDA object src/CMakeFiles/ggml.dir/ggml-cuda/template-instances/mmq-instance-iq3_xxs.cu.o
[ 31%] Building CUDA object src/CMakeFiles/ggml.dir/ggml-cuda/template-instances/mmq-instance-q2_k.cu.o
[ 32%] Building CUDA object src/CMakeFiles/ggml.dir/ggml-cuda/template-instances/mmq-instance-iq4_xs.cu.o
[ 33%] Building CUDA object src/CMakeFiles/ggml.dir/ggml-cuda/template-instances/mmq-instance-q3_k.cu.o
[ 34%] Building CUDA object src/CMakeFiles/ggml.dir/ggml-cuda/template-instances/mmq-instance-q4_0.cu.o
[ 34%] Building CUDA object src/CMakeFiles/ggml.dir/ggml-cuda/template-instances/mmq-instance-q4_1.cu.o
[ 34%] Building CUDA object src/CMakeFiles/ggml.dir/ggml-cuda/template-instances/mmq-instance-q5_0.cu.o
[ 35%] Building CUDA object src/CMakeFiles/ggml.dir/ggml-cuda/template-instances/mmq-instance-q4_k.cu.o
[ 36%] Building CUDA object src/CMakeFiles/ggml.dir/ggml-cuda/template-instances/mmq-instance-q5_1.cu.o
[ 37%] Building CUDA object src/CMakeFiles/ggml.dir/ggml-cuda/template-instances/mmq-instance-q5_k.cu.o
[ 37%] Building CUDA object src/CMakeFiles/ggml.dir/ggml-cuda/template-instances/mmq-instance-q6_k.cu.o
[ 38%] Building CUDA object src/CMakeFiles/ggml.dir/ggml-cuda/template-instances/mmq-instance-q8_0.cu.o
[ 39%] Building CUDA object src/CMakeFiles/ggml.dir/ggml-cuda/template-instances/fattn-vec-f16-instance-hs128-q4_0-q4_0.cu.o
[ 40%] Building CUDA object src/CMakeFiles/ggml.dir/ggml-cuda/template-instances/fattn-vec-f16-instance-hs128-q8_0-q8_0.cu.o
[ 40%] Building CUDA object src/CMakeFiles/ggml.dir/ggml-cuda/template-instances/fattn-vec-f32-instance-hs128-q4_0-q4_0.cu.o
[ 40%] Building CUDA object src/CMakeFiles/ggml.dir/ggml-cuda/template-instances/fattn-vec-f32-instance-hs128-q8_0-q8_0.cu.o
[ 41%] Building CUDA object src/CMakeFiles/ggml.dir/ggml-cuda/template-instances/fattn-vec-f16-instance-hs128-f16-f16.cu.o
[ 42%] Building CUDA object src/CMakeFiles/ggml.dir/ggml-cuda/template-instances/fattn-vec-f16-instance-hs256-f16-f16.cu.o
[ 43%] Building CUDA object src/CMakeFiles/ggml.dir/ggml-cuda/template-instances/fattn-vec-f32-instance-hs256-f16-f16.cu.o
[ 43%] Building CUDA object src/CMakeFiles/ggml.dir/ggml-cuda/template-instances/fattn-vec-f32-instance-hs64-f16-f16.cu.o
[ 43%] Building CUDA object src/CMakeFiles/ggml.dir/ggml-cuda/template-instances/fattn-vec-f16-instance-hs64-f16-f16.cu.o
[ 44%] Building C object src/CMakeFiles/ggml.dir/ggml-aarch64.c.o
[ 45%] Building CUDA object src/CMakeFiles/ggml.dir/ggml-cuda/template-instances/fattn-vec-f32-instance-hs128-f16-f16.cu.o
[ 45%] Linking CUDA shared library libggml.so
[ 45%] Built target ggml
[ 46%] Building C object tests/CMakeFiles/test-vec0.dir/test-vec0.c.o
[ 46%] Building CXX object tests/CMakeFiles/test-grad0.dir/test-grad0.cpp.o
[ 46%] Building CXX object tests/CMakeFiles/test-opt.dir/test-opt.cpp.o
[ 47%] Building CXX object tests/CMakeFiles/test-quantize-fns.dir/test-quantize-fns.cpp.o
[ 48%] Building C object tests/CMakeFiles/test-vec1.dir/test-vec1.c.o
[ 49%] Building CXX object tests/CMakeFiles/test-quantize-perf.dir/test-quantize-perf.cpp.o
[ 49%] Building C object tests/CMakeFiles/test0.dir/test0.c.o
[ 50%] Building C object tests/CMakeFiles/test-mul-mat0.dir/test-mul-mat0.c.o
[ 50%] Linking C executable ../bin/test-vec0
[ 51%] Building C object tests/CMakeFiles/test-mul-mat2.dir/test-mul-mat2.c.o
[ 52%] Linking CXX executable ../bin/test-opt
[ 53%] Building C object tests/CMakeFiles/test1.dir/test1.c.o
[ 53%] Linking C executable ../bin/test-mul-mat0
[ 54%] Building C object tests/CMakeFiles/test2.dir/test2.c.o
[ 55%] Linking CXX executable ../bin/test-quantize-perf
[ 56%] Linking C executable ../bin/test0
[ 57%] Linking C executable ../bin/test-vec1
[ 58%] Linking C executable ../bin/test-mul-mat2
[ 58%] Linking CXX executable ../bin/test-quantize-fns
[ 59%] Linking CXX executable ../bin/test-grad0
[ 60%] Building CXX object tests/CMakeFiles/test-arange.dir/test-arange.cpp.o
[ 61%] Building C object tests/CMakeFiles/test-pool.dir/test-pool.c.o
[ 62%] Building CXX object tests/CMakeFiles/test-timestep_embedding.dir/test-timestep_embedding.cpp.o
[ 62%] Linking C executable ../bin/test2
[ 63%] Building C object tests/CMakeFiles/test3.dir/test3.c.o
[ 63%] Linking C executable ../bin/test1
[ 63%] Linking C executable ../bin/test-pool
[ 63%] Built target test-vec0
[ 63%] Linking CXX executable ../bin/test-arange
[ 64%] Linking C executable ../bin/test3
[ 64%] Linking CXX executable ../bin/test-timestep_embedding
[ 65%] Building C object tests/CMakeFiles/test-conv-transpose.dir/test-conv-transpose.c.o
[ 67%] Building C object tests/CMakeFiles/test-dup.dir/test-dup.c.o
[ 67%] Building CXX object tests/CMakeFiles/test-conv-transpose-1d.dir/test-conv-transpose-1d.cpp.o
[ 67%] Building C object tests/CMakeFiles/test-rel-pos.dir/test-rel-pos.c.o
[ 67%] Built target test-vec1
[ 68%] Building C object tests/CMakeFiles/test-customop.dir/test-customop.c.o
[ 68%] Linking C executable ../bin/test-conv-transpose
[ 68%] Built target test-mul-mat0
[ 69%] Linking C executable ../bin/test-dup
[ 69%] Linking C executable ../bin/test-customop
[ 70%] Linking C executable ../bin/test-rel-pos
[ 71%] Building CXX object tests/CMakeFiles/test-conv2d.dir/test-conv2d.cpp.o
[ 72%] Linking CXX executable ../bin/test-conv-transpose-1d
[ 72%] Built target test-arange
[ 73%] Building CXX object tests/CMakeFiles/test-mul-mat.dir/test-mul-mat.cpp.o
[ 73%] Building CXX object tests/CMakeFiles/test-conv1d.dir/test-conv1d.cpp.o
[ 73%] Linking CXX executable ../bin/test-conv2d
[ 74%] Building CXX object tests/CMakeFiles/test-backend-buffer.dir/test-backend-buffer.cpp.o
[ 74%] Built target test-opt
[ 74%] Built target test-pool
[ 74%] Built target test1
[ 74%] Building CXX object tests/CMakeFiles/test-backend-ops.dir/test-backend-ops.cpp.o
[ 74%] Linking CXX executable ../bin/test-mul-mat
[ 74%] Built target test0
[ 75%] Linking CXX executable ../bin/test-backend-buffer
[ 76%] Linking CXX executable ../bin/test-conv1d
[ 76%] Built target test-quantize-perf
[ 76%] Built target test-rel-pos
[ 76%] Built target test-grad0
[ 76%] Built target test2
[ 76%] Built target test-mul-mat2
[ 76%] Built target test3
[ 76%] Built target test-conv-transpose
[ 76%] Building CXX object examples/CMakeFiles/common-ggml.dir/common-ggml.cpp.o
[ 76%] Built target test-quantize-fns
[ 77%] Building C object tests/CMakeFiles/test-cont.dir/test-cont.c.o
[ 78%] Linking CXX executable ../bin/test-backend-ops
[ 79%] Building CXX object examples/sam/CMakeFiles/sam.dir/main.cpp.o
[ 79%] Building CXX object examples/mnist/CMakeFiles/mnist-common.dir/mnist-common.cpp.o
[ 79%] Built target test-timestep_embedding
[ 80%] Building CXX object examples/yolo/CMakeFiles/yolov3-tiny.dir/yolo-image.cpp.o
[ 80%] Building CXX object examples/yolo/CMakeFiles/yolov3-tiny.dir/yolov3-tiny.cpp.o
[ 80%] Linking C executable ../bin/test-cont
[ 80%] Built target test-customop
[ 81%] Linking CXX static library libcommon-ggml.a
[ 82%] Building CXX object examples/simple/CMakeFiles/simple-ctx.dir/simple-ctx.cpp.o
[ 82%] Building CXX object examples/simple/CMakeFiles/simple-backend.dir/simple-backend.cpp.o
[ 83%] Linking CXX shared library libmnist-common.so
[ 83%] Built target test-dup
[ 84%] Linking CXX executable ../../bin/sam
[ 85%] Linking CXX executable ../../bin/yolov3-tiny
[ 85%] Built target test-conv-transpose-1d
[ 85%] Linking CXX executable ../../bin/simple-ctx
[ 85%] Built target test-backend-buffer
[ 86%] Linking CXX executable ../../bin/simple-backend
[ 86%] Built target test-conv2d
[ 86%] Built target test-conv1d
[ 86%] Built target test-mul-mat
[ 86%] Built target common-ggml
[ 86%] Built target test-cont
[ 86%] Building CXX object examples/gpt-2/CMakeFiles/gpt-2-backend.dir/main-backend.cpp.o
[ 87%] Building CXX object examples/gpt-2/CMakeFiles/gpt-2-ctx.dir/main-ctx.cpp.o
[ 88%] Building CXX object examples/gpt-2/CMakeFiles/gpt-2-alloc.dir/main-alloc.cpp.o
[ 88%] Built target test-backend-ops
[ 88%] Building CXX object examples/gpt-2/CMakeFiles/gpt-2-sched.dir/main-sched.cpp.o
[ 88%] Linking CXX executable ../../bin/gpt-2-ctx
[ 89%] Building CXX object examples/gpt-2/CMakeFiles/gpt-2-quantize.dir/quantize.cpp.o
[ 89%] Built target simple-ctx
[ 89%] Built target mnist-common
[ 90%] Linking CXX executable ../../bin/gpt-2-backend
[ 91%] Building CXX object examples/gpt-2/CMakeFiles/gpt-2-batched.dir/main-batched.cpp.o
[ 92%] Linking CXX executable ../../bin/gpt-2-alloc
[ 92%] Built target sam
[ 93%] Linking CXX executable ../../bin/gpt-2-sched
[ 94%] Building CXX object examples/gpt-j/CMakeFiles/gpt-j.dir/main.cpp.o
[ 94%] Linking CXX executable ../../bin/gpt-2-batched
[ 95%] Linking CXX executable ../../bin/gpt-2-quantize
[ 96%] Building CXX object examples/gpt-j/CMakeFiles/gpt-j-quantize.dir/quantize.cpp.o
[ 96%] Built target simple-backend
[ 96%] Linking CXX executable ../../bin/gpt-j
[ 97%] Building CXX object examples/magika/CMakeFiles/magika.dir/main.cpp.o
[ 97%] Built target yolov3-tiny
[ 99%] Building CXX object examples/mnist/CMakeFiles/mnist-train.dir/mnist-train.cpp.o
[ 99%] Linking CXX executable ../../bin/magika
[ 99%] Linking CXX executable ../../bin/gpt-j-quantize
[100%] Building CXX object examples/mnist/CMakeFiles/mnist-eval.dir/mnist-eval.cpp.o
[100%] Linking CXX executable ../../bin/mnist-eval
[100%] Linking CXX executable ../../bin/mnist-train
[100%] Built target gpt-2-quantize
[100%] Built target mnist-train
[100%] Built target gpt-2-backend
[100%] Built target gpt-2-batched
[100%] Built target magika
[100%] Built target mnist-eval
[100%] Built target gpt-2-ctx
[100%] Built target gpt-2-alloc
[100%] Built target gpt-j
[100%] Built target gpt-j-quantize
[100%] Built target gpt-2-sched

real	0m2.932s
user	0m7.103s
sys	0m2.612s
+ '[' '!' -z ']'
+ tee -a /home/ggml/results/ggml/10/e83a412717c20d57ba19f025248e18e43addf3/ggml-4-x86-cuda-v100/ctest_debug-ctest.log
+ ctest --output-on-failure -E test-opt
Test project /home/ggml/work/ggml/build-ci-debug
      Start  1: test-grad0
 1/23 Test  #1: test-grad0 .......................   Passed    0.78 sec
      Start  2: test-quantize-fns
 2/23 Test  #2: test-quantize-fns ................   Passed   35.87 sec
      Start  3: test-quantize-perf
 3/23 Test  #3: test-quantize-perf ...............   Passed   10.85 sec
      Start  4: test-mul-mat0
 4/23 Test  #4: test-mul-mat0 ....................   Passed    0.61 sec
      Start  5: test-mul-mat2
 5/23 Test  #5: test-mul-mat2 ....................   Passed    7.42 sec
      Start  6: test0
 6/23 Test  #6: test0 ............................   Passed    0.04 sec
      Start  7: test1
 7/23 Test  #7: test1 ............................   Passed    0.04 sec
      Start  8: test2
 8/23 Test  #8: test2 ............................   Passed    0.10 sec
      Start  9: test3
 9/23 Test  #9: test3 ............................   Passed    0.08 sec
      Start 10: test-pool
10/23 Test #10: test-pool ........................   Passed    0.04 sec
      Start 11: test-arange
11/23 Test #11: test-arange ......................   Passed    0.56 sec
      Start 12: test-timestep_embedding
12/23 Test #12: test-timestep_embedding ..........   Passed    0.53 sec
      Start 13: test-conv-transpose
13/23 Test #13: test-conv-transpose ..............   Passed    0.04 sec
      Start 14: test-conv-transpose-1d
14/23 Test #14: test-conv-transpose-1d ...........   Passed    0.52 sec
      Start 15: test-dup
15/23 Test #15: test-dup .........................   Passed    0.04 sec
      Start 16: test-rel-pos
16/23 Test #16: test-rel-pos .....................   Passed    0.04 sec
      Start 17: test-customop
17/23 Test #17: test-customop ....................   Passed    0.04 sec
      Start 18: test-conv1d
18/23 Test #18: test-conv1d ......................   Passed    0.57 sec
      Start 19: test-conv2d
19/23 Test #19: test-conv2d ......................   Passed    0.58 sec
      Start 20: test-mul-mat
20/23 Test #20: test-mul-mat .....................   Passed    0.56 sec
      Start 21: test-backend-buffer
21/23 Test #21: test-backend-buffer ..............   Passed    0.52 sec
      Start 22: test-backend-ops
22/23 Test #22: test-backend-ops .................   Passed  274.27 sec
      Start 23: test-cont
23/23 Test #23: test-cont ........................   Passed    0.52 sec

100% tests passed, 0 tests failed out of 23

Total Test time (real) = 334.64 sec

real	5m34.670s
user	13m17.449s
sys	0m9.793s
+ set +e
+ cur=0
+ echo 0
+ set +x
+ gg_run_ctest_release
+ cd /home/ggml/work/ggml
+ rm -rf build-ci-release
+ tee /home/ggml/results/ggml/10/e83a412717c20d57ba19f025248e18e43addf3/ggml-4-x86-cuda-v100/ctest_release.log
+ mkdir build-ci-release
+ cd build-ci-release
+ set -e
+ tee -a /home/ggml/results/ggml/10/e83a412717c20d57ba19f025248e18e43addf3/ggml-4-x86-cuda-v100/ctest_release-cmake.log
+ cmake -DCMAKE_BUILD_TYPE=Release -DGGML_CUDA=ON ..
-- The C compiler identification is GNU 11.4.0
-- The CXX compiler identification is GNU 11.4.0
-- Detecting C compiler ABI info
-- Detecting C compiler ABI info - done
-- Check for working C compiler: /usr/bin/cc - skipped
-- Detecting C compile features
-- Detecting C compile features - done
-- Detecting CXX compiler ABI info
-- Detecting CXX compiler ABI info - done
-- Check for working CXX compiler: /usr/bin/c++ - skipped
-- Detecting CXX compile features
-- Detecting CXX compile features - done
-- Performing Test CMAKE_HAVE_LIBC_PTHREAD
-- Performing Test CMAKE_HAVE_LIBC_PTHREAD - Success
-- Found Threads: TRUE  
-- Found OpenMP_C: -fopenmp (found version "4.5") 
-- Found OpenMP_CXX: -fopenmp (found version "4.5") 
-- Found OpenMP: TRUE (found version "4.5")  
-- OpenMP found
-- Found CUDAToolkit: /usr/local/cuda-12.2/include (found version "12.2.140") 
-- CUDA found
-- Using CUDA architectures: 52;61;70;75
-- The CUDA compiler identification is NVIDIA 12.2.140
-- Detecting CUDA compiler ABI info
-- Detecting CUDA compiler ABI info - done
-- Check for working CUDA compiler: /usr/local/cuda-12.2/bin/nvcc - skipped
-- Detecting CUDA compile features
-- Detecting CUDA compile features - done
-- CUDA host compiler is GNU 11.4.0

-- ccache found, compilation results will be cached. Disable with GGML_CCACHE=OFF.
-- CMAKE_SYSTEM_PROCESSOR: x86_64
-- x86 detected
-- x86 detected
-- Linux detected
-- Configuring done (4.7s)
-- Generating done (0.1s)
-- Build files have been written to: /home/ggml/work/ggml/build-ci-release

real	0m4.847s
user	0m3.752s
sys	0m1.096s
+ tee -a /home/ggml/results/ggml/10/e83a412717c20d57ba19f025248e18e43addf3/ggml-4-x86-cuda-v100/ctest_release-make.log
+ make -j
[  0%] Building CXX object examples/CMakeFiles/common.dir/common.cpp.o
[  1%] Building C object src/CMakeFiles/ggml.dir/ggml.c.o
[  1%] Building C object src/CMakeFiles/ggml.dir/ggml-alloc.c.o
[  2%] Building C object src/CMakeFiles/ggml.dir/ggml-backend.c.o
[  2%] Building CUDA object src/CMakeFiles/ggml.dir/ggml-cuda/acc.cu.o
[  3%] Building C object src/CMakeFiles/ggml.dir/ggml-quants.c.o
[  4%] Building CUDA object src/CMakeFiles/ggml.dir/ggml-cuda/arange.cu.o
[  4%] Building CUDA object src/CMakeFiles/ggml.dir/ggml-cuda/argsort.cu.o
[  5%] Building CUDA object src/CMakeFiles/ggml.dir/ggml-cuda/binbcast.cu.o
[  6%] Building CUDA object src/CMakeFiles/ggml.dir/ggml-cuda/clamp.cu.o
[  6%] Building CUDA object src/CMakeFiles/ggml.dir/ggml-cuda/concat.cu.o
[  7%] Building CUDA object src/CMakeFiles/ggml.dir/ggml-cuda/conv-transpose-1d.cu.o
[  8%] Building CUDA object src/CMakeFiles/ggml.dir/ggml-cuda/cpy.cu.o
[  8%] Building CUDA object src/CMakeFiles/ggml.dir/ggml-cuda/cross-entropy-loss.cu.o
[  9%] Linking CXX static library libcommon.a
[  9%] Building CUDA object src/CMakeFiles/ggml.dir/ggml-cuda/diagmask.cu.o
[ 10%] Building CUDA object src/CMakeFiles/ggml.dir/ggml-cuda/convert.cu.o
[ 11%] Building CUDA object src/CMakeFiles/ggml.dir/ggml-cuda/dmmv.cu.o
[ 12%] Building CUDA object src/CMakeFiles/ggml.dir/ggml-cuda/fattn-tile-f16.cu.o
[ 12%] Building CUDA object src/CMakeFiles/ggml.dir/ggml-cuda/fattn-tile-f32.cu.o
[ 13%] Building CUDA object src/CMakeFiles/ggml.dir/ggml-cuda/getrows.cu.o
[ 13%] Building CUDA object src/CMakeFiles/ggml.dir/ggml-cuda/im2col.cu.o
[ 13%] Built target common
[ 14%] Building CUDA object src/CMakeFiles/ggml.dir/ggml-cuda/mmq.cu.o
[ 15%] Building CUDA object src/CMakeFiles/ggml.dir/ggml-cuda/fattn.cu.o
[ 15%] Building CUDA object src/CMakeFiles/ggml.dir/ggml-cuda/mmvq.cu.o
[ 16%] Building CUDA object src/CMakeFiles/ggml.dir/ggml-cuda/norm.cu.o
[ 17%] Building CUDA object src/CMakeFiles/ggml.dir/ggml-cuda/pad.cu.o
[ 18%] Building CUDA object src/CMakeFiles/ggml.dir/ggml-cuda/pool2d.cu.o
[ 18%] Building CUDA object src/CMakeFiles/ggml.dir/ggml-cuda/quantize.cu.o
[ 19%] Building CUDA object src/CMakeFiles/ggml.dir/ggml-cuda/softmax.cu.o
[ 19%] Building CUDA object src/CMakeFiles/ggml.dir/ggml-cuda/scale.cu.o
[ 20%] Building CUDA object src/CMakeFiles/ggml.dir/ggml-cuda/rope.cu.o
[ 20%] Building CUDA object src/CMakeFiles/ggml.dir/ggml-cuda/sum.cu.o
[ 21%] Building CUDA object src/CMakeFiles/ggml.dir/ggml-cuda/sumrows.cu.o
[ 22%] Building CUDA object src/CMakeFiles/ggml.dir/ggml-cuda/tsembd.cu.o
[ 22%] Building CUDA object src/CMakeFiles/ggml.dir/ggml-cuda/unary.cu.o
[ 23%] Building CUDA object src/CMakeFiles/ggml.dir/ggml-cuda/upscale.cu.o
[ 24%] Building CUDA object src/CMakeFiles/ggml.dir/ggml-cuda.cu.o
[ 24%] Building CUDA object src/CMakeFiles/ggml.dir/ggml-cuda/template-instances/fattn-wmma-f16-instance-kqfloat-cpb16.cu.o
[ 25%] Building CUDA object src/CMakeFiles/ggml.dir/ggml-cuda/template-instances/fattn-wmma-f16-instance-kqfloat-cpb32.cu.o
[ 25%] Building CUDA object src/CMakeFiles/ggml.dir/ggml-cuda/template-instances/fattn-wmma-f16-instance-kqhalf-cpb16.cu.o
[ 26%] Building CUDA object src/CMakeFiles/ggml.dir/ggml-cuda/template-instances/fattn-wmma-f16-instance-kqhalf-cpb32.cu.o
[ 27%] Building CUDA object src/CMakeFiles/ggml.dir/ggml-cuda/template-instances/fattn-wmma-f16-instance-kqhalf-cpb8.cu.o
[ 27%] Building CUDA object src/CMakeFiles/ggml.dir/ggml-cuda/template-instances/mmq-instance-iq1_s.cu.o
/home/ggml/work/ggml/src/ggml-cuda.cu(2444): warning #177-D: function "set_ggml_graph_node_properties" was declared but never referenced
  static void set_ggml_graph_node_properties(ggml_tensor * node, ggml_graph_node_properties * graph_node_properties) {
              ^

Remark: The warnings can be suppressed with "-diag-suppress <warning-number>"

/home/ggml/work/ggml/src/ggml-cuda.cu(2456): warning #177-D: function "ggml_graph_node_has_matching_properties" was declared but never referenced
  static bool ggml_graph_node_has_matching_properties(ggml_tensor * node, ggml_graph_node_properties * graph_node_properties) {
              ^

/home/ggml/work/ggml/src/ggml-cuda.cu(2444): warning #177-D: function "set_ggml_graph_node_properties" was declared but never referenced
  static void set_ggml_graph_node_properties(ggml_tensor * node, ggml_graph_node_properties * graph_node_properties) {
              ^

Remark: The warnings can be suppressed with "-diag-suppress <warning-number>"

/home/ggml/work/ggml/src/ggml-cuda.cu(2456): warning #177-D: function "ggml_graph_node_has_matching_properties" was declared but never referenced
  static bool ggml_graph_node_has_matching_properties(ggml_tensor * node, ggml_graph_node_properties * graph_node_properties) {
              ^

/home/ggml/work/ggml/src/ggml-cuda.cu(2444): warning #177-D: function "set_ggml_graph_node_properties" was declared but never referenced
  static void set_ggml_graph_node_properties(ggml_tensor * node, ggml_graph_node_properties * graph_node_properties) {
              ^

Remark: The warnings can be suppressed with "-diag-suppress <warning-number>"

/home/ggml/work/ggml/src/ggml-cuda.cu(2456): warning #177-D: function "ggml_graph_node_has_matching_properties" was declared but never referenced
  static bool ggml_graph_node_has_matching_properties(ggml_tensor * node, ggml_graph_node_properties * graph_node_properties) {
              ^

/home/ggml/work/ggml/src/ggml-cuda.cu(2444): warning #177-D: function "set_ggml_graph_node_properties" was declared but never referenced
  static void set_ggml_graph_node_properties(ggml_tensor * node, ggml_graph_node_properties * graph_node_properties) {
              ^

Remark: The warnings can be suppressed with "-diag-suppress <warning-number>"

/home/ggml/work/ggml/src/ggml-cuda.cu(2456): warning #177-D: function "ggml_graph_node_has_matching_properties" was declared but never referenced
  static bool ggml_graph_node_has_matching_properties(ggml_tensor * node, ggml_graph_node_properties * graph_node_properties) {
              ^

[ 28%] Building CUDA object src/CMakeFiles/ggml.dir/ggml-cuda/template-instances/mmq-instance-iq2_s.cu.o
[ 28%] Building CUDA object src/CMakeFiles/ggml.dir/ggml-cuda/template-instances/mmq-instance-iq2_xxs.cu.o
[ 29%] Building CUDA object src/CMakeFiles/ggml.dir/ggml-cuda/template-instances/mmq-instance-iq3_s.cu.o
[ 29%] Building CUDA object src/CMakeFiles/ggml.dir/ggml-cuda/template-instances/mmq-instance-iq3_xxs.cu.o
[ 30%] Building CUDA object src/CMakeFiles/ggml.dir/ggml-cuda/template-instances/mmq-instance-iq2_xs.cu.o
[ 31%] Building CUDA object src/CMakeFiles/ggml.dir/ggml-cuda/template-instances/mmq-instance-iq4_nl.cu.o
[ 32%] Building CUDA object src/CMakeFiles/ggml.dir/ggml-cuda/template-instances/mmq-instance-iq4_xs.cu.o
[ 32%] Building CUDA object src/CMakeFiles/ggml.dir/ggml-cuda/template-instances/mmq-instance-q2_k.cu.o
[ 33%] Building CUDA object src/CMakeFiles/ggml.dir/ggml-cuda/template-instances/mmq-instance-q3_k.cu.o
[ 34%] Building CUDA object src/CMakeFiles/ggml.dir/ggml-cuda/template-instances/mmq-instance-q4_0.cu.o
[ 34%] Building CUDA object src/CMakeFiles/ggml.dir/ggml-cuda/template-instances/mmq-instance-q4_1.cu.o
[ 35%] Building CUDA object src/CMakeFiles/ggml.dir/ggml-cuda/template-instances/mmq-instance-q4_k.cu.o
[ 35%] Building CUDA object src/CMakeFiles/ggml.dir/ggml-cuda/template-instances/mmq-instance-q5_0.cu.o
[ 36%] Building CUDA object src/CMakeFiles/ggml.dir/ggml-cuda/template-instances/mmq-instance-q5_1.cu.o
[ 37%] Building CUDA object src/CMakeFiles/ggml.dir/ggml-cuda/template-instances/mmq-instance-q5_k.cu.o
[ 37%] Building CUDA object src/CMakeFiles/ggml.dir/ggml-cuda/template-instances/mmq-instance-q6_k.cu.o
[ 38%] Building CUDA object src/CMakeFiles/ggml.dir/ggml-cuda/template-instances/mmq-instance-q8_0.cu.o
[ 39%] Building CUDA object src/CMakeFiles/ggml.dir/ggml-cuda/template-instances/fattn-vec-f16-instance-hs128-q4_0-q4_0.cu.o
[ 40%] Building CUDA object src/CMakeFiles/ggml.dir/ggml-cuda/template-instances/fattn-vec-f16-instance-hs128-q8_0-q8_0.cu.o
[ 40%] Building CUDA object src/CMakeFiles/ggml.dir/ggml-cuda/template-instances/fattn-vec-f32-instance-hs128-q8_0-q8_0.cu.o
[ 41%] Building CUDA object src/CMakeFiles/ggml.dir/ggml-cuda/template-instances/fattn-vec-f16-instance-hs128-f16-f16.cu.o
[ 42%] Building CUDA object src/CMakeFiles/ggml.dir/ggml-cuda/template-instances/fattn-vec-f16-instance-hs256-f16-f16.cu.o
[ 42%] Building CUDA object src/CMakeFiles/ggml.dir/ggml-cuda/template-instances/fattn-vec-f32-instance-hs128-q4_0-q4_0.cu.o
[ 42%] Building CUDA object src/CMakeFiles/ggml.dir/ggml-cuda/template-instances/fattn-vec-f16-instance-hs64-f16-f16.cu.o
[ 43%] Building CUDA object src/CMakeFiles/ggml.dir/ggml-cuda/template-instances/fattn-vec-f32-instance-hs128-f16-f16.cu.o
[ 44%] Building CUDA object src/CMakeFiles/ggml.dir/ggml-cuda/template-instances/fattn-vec-f32-instance-hs256-f16-f16.cu.o
[ 44%] Building CUDA object src/CMakeFiles/ggml.dir/ggml-cuda/template-instances/fattn-vec-f32-instance-hs64-f16-f16.cu.o
[ 45%] Building C object src/CMakeFiles/ggml.dir/ggml-aarch64.c.o
[ 45%] Linking CUDA shared library libggml.so
[ 45%] Built target ggml
[ 46%] Building C object tests/CMakeFiles/test-vec1.dir/test-vec1.c.o
[ 47%] Building C object tests/CMakeFiles/test-vec0.dir/test-vec0.c.o
[ 47%] Building CXX object tests/CMakeFiles/test-grad0.dir/test-grad0.cpp.o
[ 48%] Building CXX object tests/CMakeFiles/test-quantize-fns.dir/test-quantize-fns.cpp.o
[ 48%] Building CXX object tests/CMakeFiles/test-opt.dir/test-opt.cpp.o
[ 48%] Linking C executable ../bin/test-vec0
[ 49%] Building C object tests/CMakeFiles/test-mul-mat0.dir/test-mul-mat0.c.o
[ 50%] Building CXX object tests/CMakeFiles/test-quantize-perf.dir/test-quantize-perf.cpp.o
[ 51%] Building C object tests/CMakeFiles/test-mul-mat2.dir/test-mul-mat2.c.o
[ 51%] Building C object tests/CMakeFiles/test0.dir/test0.c.o
[ 52%] Linking CXX executable ../bin/test-grad0
[ 53%] Linking CXX executable ../bin/test-opt
[ 54%] Linking C executable ../bin/test-vec1
[ 54%] Linking CXX executable ../bin/test-quantize-fns
[ 55%] Building C object tests/CMakeFiles/test1.dir/test1.c.o
[ 55%] Linking C executable ../bin/test-mul-mat0
[ 56%] Linking C executable ../bin/test0
[ 57%] Building C object tests/CMakeFiles/test2.dir/test2.c.o
[ 58%] Building C object tests/CMakeFiles/test3.dir/test3.c.o
[ 59%] Building C object tests/CMakeFiles/test-pool.dir/test-pool.c.o
[ 60%] Linking C executable ../bin/test-mul-mat2
[ 60%] Linking C executable ../bin/test1
[ 61%] Linking C executable ../bin/test3
[ 61%] Linking C executable ../bin/test2
[ 62%] Linking CXX executable ../bin/test-quantize-perf
[ 62%] Linking C executable ../bin/test-pool
[ 63%] Building CXX object tests/CMakeFiles/test-arange.dir/test-arange.cpp.o
[ 64%] Building CXX object tests/CMakeFiles/test-timestep_embedding.dir/test-timestep_embedding.cpp.o
[ 64%] Linking CXX executable ../bin/test-timestep_embedding
[ 65%] Building C object tests/CMakeFiles/test-conv-transpose.dir/test-conv-transpose.c.o
[ 65%] Linking CXX executable ../bin/test-arange
[ 65%] Built target test-vec0
[ 65%] Built target test-vec1
[ 66%] Building CXX object tests/CMakeFiles/test-conv-transpose-1d.dir/test-conv-transpose-1d.cpp.o
[ 66%] Linking C executable ../bin/test-conv-transpose
[ 67%] Building C object tests/CMakeFiles/test-dup.dir/test-dup.c.o
[ 67%] Building C object tests/CMakeFiles/test-rel-pos.dir/test-rel-pos.c.o
[ 68%] Building C object tests/CMakeFiles/test-customop.dir/test-customop.c.o
[ 68%] Building CXX object tests/CMakeFiles/test-conv1d.dir/test-conv1d.cpp.o
[ 69%] Building CXX object tests/CMakeFiles/test-mul-mat.dir/test-mul-mat.cpp.o
[ 70%] Linking C executable ../bin/test-dup
[ 71%] Building CXX object tests/CMakeFiles/test-conv2d.dir/test-conv2d.cpp.o
[ 72%] Linking CXX executable ../bin/test-conv-transpose-1d
[ 73%] Building CXX object tests/CMakeFiles/test-backend-buffer.dir/test-backend-buffer.cpp.o
[ 74%] Linking C executable ../bin/test-rel-pos
[ 74%] Linking C executable ../bin/test-customop
[ 75%] Linking CXX executable ../bin/test-conv1d
[ 75%] Built target test-mul-mat2
[ 76%] Linking CXX executable ../bin/test-backend-buffer
[ 76%] Built target test-mul-mat0
[ 76%] Built target test-grad0
[ 76%] Linking CXX executable ../bin/test-mul-mat
[ 76%] Built target test1
[ 76%] Built target test0
[ 76%] Built target test-pool
[ 76%] Linking CXX executable ../bin/test-conv2d
[ 76%] Built target test-quantize-fns
[ 76%] Built target test2
[ 76%] Built target test-opt
[ 76%] Built target test3
[ 76%] Built target test-dup
[ 76%] Building CXX object tests/CMakeFiles/test-backend-ops.dir/test-backend-ops.cpp.o
[ 77%] Linking CXX executable ../bin/test-backend-ops
[ 77%] Building CXX object examples/CMakeFiles/common-ggml.dir/common-ggml.cpp.o
[ 77%] Built target test-conv-transpose-1d
[ 77%] Building CXX object examples/yolo/CMakeFiles/yolov3-tiny.dir/yolov3-tiny.cpp.o
[ 78%] Building CXX object examples/sam/CMakeFiles/sam.dir/main.cpp.o
[ 78%] Building CXX object examples/mnist/CMakeFiles/mnist-common.dir/mnist-common.cpp.o
[ 78%] Building CXX object examples/simple/CMakeFiles/simple-backend.dir/simple-backend.cpp.o
[ 78%] Built target test-customop
[ 79%] Building CXX object examples/yolo/CMakeFiles/yolov3-tiny.dir/yolo-image.cpp.o
[ 80%] Building CXX object examples/simple/CMakeFiles/simple-ctx.dir/simple-ctx.cpp.o
[ 81%] Linking CXX static library libcommon-ggml.a
[ 82%] Building C object tests/CMakeFiles/test-cont.dir/test-cont.c.o
[ 82%] Built target test-backend-buffer
[ 83%] Linking CXX shared library libmnist-common.so
[ 83%] Linking C executable ../bin/test-cont
[ 84%] Linking CXX executable ../../bin/simple-backend
[ 85%] Linking CXX executable ../../bin/yolov3-tiny
[ 85%] Linking CXX executable ../../bin/simple-ctx
[ 85%] Built target test-timestep_embedding
[ 85%] Built target test-quantize-perf
[ 85%] Built target test-conv-transpose
[ 86%] Linking CXX executable ../../bin/sam
[ 86%] Built target common-ggml
[ 86%] Built target test-arange
[ 86%] Built target test-rel-pos
[ 86%] Built target test-mul-mat
[ 86%] Built target test-conv1d
[ 86%] Built target test-cont
[ 87%] Building CXX object examples/gpt-2/CMakeFiles/gpt-2-ctx.dir/main-ctx.cpp.o
[ 88%] Building CXX object examples/gpt-2/CMakeFiles/gpt-2-alloc.dir/main-alloc.cpp.o
[ 88%] Built target test-conv2d
[ 88%] Linking CXX executable ../../bin/gpt-2-ctx
[ 89%] Linking CXX executable ../../bin/gpt-2-alloc
[ 89%] Building CXX object examples/gpt-2/CMakeFiles/gpt-2-backend.dir/main-backend.cpp.o
[ 89%] Building CXX object examples/gpt-2/CMakeFiles/gpt-2-sched.dir/main-sched.cpp.o
[ 89%] Built target simple-ctx
[ 89%] Built target test-backend-ops
[ 90%] Building CXX object examples/gpt-2/CMakeFiles/gpt-2-batched.dir/main-batched.cpp.o
[ 91%] Building CXX object examples/gpt-j/CMakeFiles/gpt-j.dir/main.cpp.o
[ 92%] Building CXX object examples/gpt-2/CMakeFiles/gpt-2-quantize.dir/quantize.cpp.o
[ 93%] Linking CXX executable ../../bin/gpt-2-backend
[ 94%] Linking CXX executable ../../bin/gpt-2-sched
[ 94%] Built target mnist-common
[ 95%] Building CXX object examples/gpt-j/CMakeFiles/gpt-j-quantize.dir/quantize.cpp.o
[ 96%] Linking CXX executable ../../bin/gpt-2-quantize
[ 96%] Built target yolov3-tiny
[ 96%] Linking CXX executable ../../bin/gpt-2-batched
[ 97%] Building CXX object examples/magika/CMakeFiles/magika.dir/main.cpp.o
[ 97%] Linking CXX executable ../../bin/gpt-j-quantize
[ 97%] Linking CXX executable ../../bin/gpt-j
[ 97%] Built target simple-backend
[ 98%] Building CXX object examples/mnist/CMakeFiles/mnist-eval.dir/mnist-eval.cpp.o
[ 99%] Linking CXX executable ../../bin/magika
[ 99%] Built target sam
[100%] Building CXX object examples/mnist/CMakeFiles/mnist-train.dir/mnist-train.cpp.o
[100%] Built target gpt-2-alloc
[100%] Linking CXX executable ../../bin/mnist-train
[100%] Built target gpt-2-ctx
[100%] Linking CXX executable ../../bin/mnist-eval
[100%] Built target gpt-2-quantize
[100%] Built target gpt-2-sched
[100%] Built target gpt-2-batched
[100%] Built target gpt-2-backend
[100%] Built target magika
[100%] Built target gpt-j
[100%] Built target mnist-train
[100%] Built target gpt-j-quantize
[100%] Built target mnist-eval

real	0m2.611s
user	0m5.871s
sys	0m2.573s
+ '[' '!' -z ']'
+ '[' -z ']'
+ tee -a /home/ggml/results/ggml/10/e83a412717c20d57ba19f025248e18e43addf3/ggml-4-x86-cuda-v100/ctest_release-ctest.log
+ ctest --output-on-failure
Test project /home/ggml/work/ggml/build-ci-release
      Start  1: test-grad0
 1/24 Test  #1: test-grad0 .......................   Passed    0.57 sec
      Start  2: test-opt
 2/24 Test  #2: test-opt .........................   Passed    3.94 sec
      Start  3: test-quantize-fns
 3/24 Test  #3: test-quantize-fns ................   Passed   20.18 sec
      Start  4: test-quantize-perf
 4/24 Test  #4: test-quantize-perf ...............   Passed    5.77 sec
      Start  5: test-mul-mat0
 5/24 Test  #5: test-mul-mat0 ....................   Passed    0.58 sec
      Start  6: test-mul-mat2
 6/24 Test  #6: test-mul-mat2 ....................   Passed    2.83 sec
      Start  7: test0
 7/24 Test  #7: test0 ............................   Passed    0.04 sec
      Start  8: test1
 8/24 Test  #8: test1 ............................   Passed    0.04 sec
      Start  9: test2
 9/24 Test  #9: test2 ............................   Passed    0.08 sec
      Start 10: test3
10/24 Test #10: test3 ............................   Passed    0.07 sec
      Start 11: test-pool
11/24 Test #11: test-pool ........................   Passed    0.04 sec
      Start 12: test-arange
12/24 Test #12: test-arange ......................   Passed    0.55 sec
      Start 13: test-timestep_embedding
13/24 Test #13: test-timestep_embedding ..........   Passed    0.53 sec
      Start 14: test-conv-transpose
14/24 Test #14: test-conv-transpose ..............   Passed    0.04 sec
      Start 15: test-conv-transpose-1d
15/24 Test #15: test-conv-transpose-1d ...........   Passed    0.52 sec
      Start 16: test-dup
16/24 Test #16: test-dup .........................   Passed    0.04 sec
      Start 17: test-rel-pos
17/24 Test #17: test-rel-pos .....................   Passed    0.04 sec
      Start 18: test-customop
18/24 Test #18: test-customop ....................   Passed    0.04 sec
      Start 19: test-conv1d
19/24 Test #19: test-conv1d ......................   Passed    0.57 sec
      Start 20: test-conv2d
20/24 Test #20: test-conv2d ......................   Passed    0.58 sec
      Start 21: test-mul-mat
21/24 Test #21: test-mul-mat .....................   Passed    0.55 sec
      Start 22: test-backend-buffer
22/24 Test #22: test-backend-buffer ..............   Passed    0.53 sec
      Start 23: test-backend-ops
23/24 Test #23: test-backend-ops .................   Passed   52.01 sec
      Start 24: test-cont
24/24 Test #24: test-cont ........................   Passed    0.52 sec

100% tests passed, 0 tests failed out of 24

Total Test time (real) =  90.67 sec

real	1m30.705s
user	1m31.623s
sys	0m7.946s
+ set +e
+ cur=0
+ echo 0
+ set +x
+ gg_run_gpt_2
+ cd /home/ggml/work/ggml
+ gg_wget models-mnt/gpt-2 https://huggingface.co/ggerganov/ggml/resolve/main/ggml-model-gpt-2-117M.bin
+ tee /home/ggml/results/ggml/10/e83a412717c20d57ba19f025248e18e43addf3/ggml-4-x86-cuda-v100/gpt_2.log
+ local out=models-mnt/gpt-2
+ local url=https://huggingface.co/ggerganov/ggml/resolve/main/ggml-model-gpt-2-117M.bin
++ pwd
+ local cwd=/home/ggml/work/ggml
+ mkdir -p models-mnt/gpt-2
+ cd models-mnt/gpt-2
+ wget -nv -N https://huggingface.co/ggerganov/ggml/resolve/main/ggml-model-gpt-2-117M.bin
+ cd /home/ggml/work/ggml
+ cd build-ci-release
+ set -e
+ model=../models-mnt/gpt-2/ggml-model-gpt-2-117M.bin
+ prompts=../examples/prompts/gpt-2.txt
+ tee -a /home/ggml/results/ggml/10/e83a412717c20d57ba19f025248e18e43addf3/ggml-4-x86-cuda-v100/gpt_2-tg.log
+ ./bin/gpt-2-backend --model ../models-mnt/gpt-2/ggml-model-gpt-2-117M.bin -s 1234 -n 64 -tt ../examples/prompts/gpt-2.txt
gpt2_model_load: using CPU backend
test_gpt_tokenizer : failed test: 'I l0ve t0 tr@vel @r0und the w0rld.'
test_gpt_tokenizer : tokens in hf:   I(40),  l(300), 0(15), ve(303),  t(256), 0(15),  tr(491), @(31), vel(626),  @(2488), r(81), 0(15), und(917),  the(262),  w(266), 0(15), r(81), ld(335), .(13), 
test_gpt_tokenizer : tokens in ggml: I(40),  l(300), 0(15), ve(303),  t(256), 0(15),  tr(491), @(31), vel(626),  @(2488), r(81), 0(15), und(917),  the(262),  w(266), 0(15), rl(45895), d(67), .(13), 
test_gpt_tokenizer : failed test: 'She danced gracefully on the stage.'
test_gpt_tokenizer : tokens in hf:   She(3347),  danced(39480),  grace(11542), fully(2759),  on(319),  the(262),  stage(3800), .(13), 
test_gpt_tokenizer : tokens in ggml: She(3347),  danced(39480),  graceful(44363), ly(306),  on(319),  the(262),  stage(3800), .(13), 
test_gpt_tokenizer : failed test: 'She dances gracefully to the music.'
test_gpt_tokenizer : tokens in hf:   She(3347),  dances(38207),  grace(11542), fully(2759),  to(284),  the(262),  music(2647), .(13), 
test_gpt_tokenizer : tokens in ggml: She(3347),  dances(38207),  graceful(44363), ly(306),  to(284),  the(262),  music(2647), .(13), 
test_gpt_tokenizer : failed test: 'The birds are chirping in the trees.'
test_gpt_tokenizer : tokens in hf:   The(464),  birds(10087),  are(389),  ch(442), ir(343), ping(13886),  in(287),  the(262),  trees(7150), .(13), 
test_gpt_tokenizer : tokens in ggml: The(464),  birds(10087),  are(389),  chi(33166), r(81), ping(13886),  in(287),  the(262),  trees(7150), .(13), 
test_gpt_tokenizer : failed test: 'The flowers are blooming in the garden.'
test_gpt_tokenizer : tokens in hf:   The(464),  flowers(12734),  are(389),  blo(24924), oming(3383),  in(287),  the(262),  garden(11376), .(13), 
test_gpt_tokenizer : tokens in ggml: The(464),  flowers(12734),  are(389),  bloom(29955), ing(278),  in(287),  the(262),  garden(11376), .(13), 
test_gpt_tokenizer : failed test: 'The flowers in the garden are blooming.'
test_gpt_tokenizer : tokens in hf:   The(464),  flowers(12734),  in(287),  the(262),  garden(11376),  are(389),  blo(24924), oming(3383), .(13), 
test_gpt_tokenizer : tokens in ggml: The(464),  flowers(12734),  in(287),  the(262),  garden(11376),  are(389),  bloom(29955), ing(278), .(13), 
test_gpt_tokenizer : failed test: 'Wh@t's y0ur f@v0rite m0vie?'
test_gpt_tokenizer : tokens in hf:   Wh(1199), @(31), t(83), 's(338),  y(331), 0(15), ur(333),  f(277), @(31), v(85), 0(15), rite(6525),  m(285), 0(15), v(85), ie(494), ?(30), 
test_gpt_tokenizer : tokens in ggml: Wh(1199), @(31), t(83), 's(338),  y(331), 0(15), ur(333),  f(277), @(31), v(85), 0(15), rite(6525),  m(285), 0(15), vi(8903), e(68), ?(30), 
test_gpt_tokenizer : 7 tests failed out of 100 tests.
main: compute buffer size: 9.47 MB
main: seed = 1234
gpt2_model_load: loading model from '../models-mnt/gpt-2/ggml-model-gpt-2-117M.bin'
gpt2_model_load: n_vocab = 50257
gpt2_model_load: n_ctx   = 1024
gpt2_model_load: n_embd  = 768
gpt2_model_load: n_head  = 12
gpt2_model_load: n_layer = 12
gpt2_model_load: ftype   = 1
gpt2_model_load: qntvr   = 0
gpt2_model_load: ggml tensor size    = 336 bytes
gpt2_model_load: backend buffer size = 312.70 MB
gpt2_model_load: memory size =   144.00 MB, n_mem = 24576
gpt2_model_load: model size  =   239.08 MB
main: prompt: 'If'
main: number of tokens in prompt = 1, first 8 tokens: 1532 

If we look at what we're talking about and then look at the evidence and the evidence of the United States, what we're dealing with, we've got a huge problem in the world of terrorism."

Asked about the possibility that ISIS may have used the United States as a vehicle to recruit followers and commit violence in

main:     load time =   162.20 ms
main:   sample time =    34.61 ms
main:  predict time =   591.12 ms / 9.24 ms per token
main:    total time =   810.12 ms

real	0m0.859s
user	0m2.527s
sys	0m0.189s
+ tee -a /home/ggml/results/ggml/10/e83a412717c20d57ba19f025248e18e43addf3/ggml-4-x86-cuda-v100/gpt_2-tg.log
+ ./bin/gpt-2-backend --model ../models-mnt/gpt-2/ggml-model-gpt-2-117M.bin -s 1234 -n 64 -p 'I believe the meaning of life is'
gpt2_model_load: using CPU backend
extract_tests_from_file : No test file found.
test_gpt_tokenizer : 0 tests failed out of 0 tests.
main: compute buffer size: 9.47 MB
main: seed = 1234
gpt2_model_load: loading model from '../models-mnt/gpt-2/ggml-model-gpt-2-117M.bin'
gpt2_model_load: n_vocab = 50257
gpt2_model_load: n_ctx   = 1024
gpt2_model_load: n_embd  = 768
gpt2_model_load: n_head  = 12
gpt2_model_load: n_layer = 12
gpt2_model_load: ftype   = 1
gpt2_model_load: qntvr   = 0
gpt2_model_load: ggml tensor size    = 336 bytes
gpt2_model_load: backend buffer size = 312.70 MB
gpt2_model_load: memory size =   144.00 MB, n_mem = 24576
gpt2_model_load: model size  =   239.08 MB
main: prompt: 'I believe the meaning of life is'
main: number of tokens in prompt = 7, first 8 tokens: 40 1975 262 3616 286 1204 318 

I believe the meaning of life is not one that you must be able to answer for.

If you do not believe in God, then why does his word make you feel better? Why do he make you feel better? It's because I don't think the gospel is true. It's because it's not true.

The gospel tells

main:     load time =   156.05 ms
main:   sample time =    35.04 ms
main:  predict time =   596.44 ms / 8.52 ms per token
main:    total time =   791.04 ms

real	0m0.841s
user	0m2.549s
sys	0m0.189s
+ tee -a /home/ggml/results/ggml/10/e83a412717c20d57ba19f025248e18e43addf3/ggml-4-x86-cuda-v100/gpt_2-tg.log
+ ./bin/gpt-2-sched --model ../models-mnt/gpt-2/ggml-model-gpt-2-117M.bin -s 1234 -n 64 -p 'I believe the meaning of life is'
extract_tests_from_file : No test file found.
test_gpt_tokenizer : 0 tests failed out of 0 tests.
main: seed = 1234
gpt2_model_load: loading model from '../models-mnt/gpt-2/ggml-model-gpt-2-117M.bin'
gpt2_model_load: n_vocab = 50257
gpt2_model_load: n_ctx   = 1024
gpt2_model_load: n_embd  = 768
gpt2_model_load: n_head  = 12
gpt2_model_load: n_layer = 12
gpt2_model_load: ftype   = 1
gpt2_model_load: qntvr   = 0
gpt2_model_load:      CPU buffer size =   312.77 MB
gpt2_model_load: memory size =    72.00 MB, n_mem = 12288
gpt2_model_load: backend_kv = CPU
gpt2_model_load: model size  =   312.70 MB
gpt2_model_load: backend_in = CPU (8192 bytes)
main:      CPU compute buffer size =     6.32 MB
main: total compute buffer size: 6.32 MB
main: prompt: 'I believe the meaning of life is'
main: number of tokens in prompt = 7, first 8 tokens: 40 1975 262 3616 286 1204 318 

I believe the meaning of life is not one that you must be able to answer for.

If you do not believe in God, then why does his word make you feel better? Why do he make you feel better? It's because I don't think the gospel is true. It's because it's not true.

The gospel tells

main:     load time =   184.98 ms
main:   sample time =    35.66 ms
main:  predict time =   635.70 ms / 9.08 ms per token
main:    total time =   860.77 ms

real	0m0.910s
user	0m2.685s
sys	0m0.193s
+ tee -a /home/ggml/results/ggml/10/e83a412717c20d57ba19f025248e18e43addf3/ggml-4-x86-cuda-v100/gpt_2-tg.log
+ ./bin/gpt-2-batched --model ../models-mnt/gpt-2/ggml-model-gpt-2-117M.bin -s 1234 -n 64 -np 8 -p 'I believe the meaning of life is'
gpt2_model_load: using CPU backend
extract_tests_from_file : No test file found.
test_gpt_tokenizer : 0 tests failed out of 0 tests.
main: compute buffer size: 6.93 MB
main: seed = 1234
gpt2_model_load: loading model from '../models-mnt/gpt-2/ggml-model-gpt-2-117M.bin'
gpt2_model_load: n_vocab = 50257
gpt2_model_load: n_ctx   = 1024
gpt2_model_load: n_embd  = 768
gpt2_model_load: n_head  = 12
gpt2_model_load: n_layer = 12
gpt2_model_load: ftype   = 1
gpt2_model_load: qntvr   = 0
gpt2_model_load: ggml tensor size    = 336 bytes
gpt2_model_load: backend buffer size = 312.82 MB
gpt2_model_load: memory size =   144.00 MB, n_mem = 24576
gpt2_model_load: model size  =   239.08 MB


main: generating 8 sequences ...
main: prompt: 'I believe the meaning of life is'
main: number of tokens in prompt = 7, first 8 tokens: 40 1975 262 3616 286 1204 318 


main: stream 0 finished at n_cur = 70
main: stream 1 finished at n_cur = 70
main: stream 2 finished at n_cur = 70
main: stream 3 finished at n_cur = 70
main: stream 4 finished at n_cur = 70
main: stream 5 finished at n_cur = 70
main: stream 6 finished at n_cur = 70
main: stream 7 finished at n_cur = 70
sequence 0:

I believe the meaning of life is not to be confused with life. It is to be understood as a system of thought. It is to be understood as the "truth." And if there is not a system of thought, then there is not a whole system of thought. There is only the totality of one consciousness, and that is the totality of

sequence 1:

I believe the meaning of life is a matter of personal satisfaction.

A great philosopher, who was a well-known philosopher of science, has said,

"It is in our nature, or our nature as the very substance of our mind, to live in a world of pleasure and pain and death. It is in our nature,

sequence 2:

I believe the meaning of life is that it is not a complete mystery. The key is the understanding that life is not just a "simple idea" or "futile" concept. It is not, in fact, an "unreal world" or "mystery" that does not exist.

In the context of the universe,

sequence 3:

I believe the meaning of life is in the way we are created and that we can evolve as a species into the kind of people we are today. That's why I'm so proud of the group I have found myself in. And that's why I'm working very hard to help them realize that they are the kind of people that we are today

sequence 4:

I believe the meaning of life is one of love. We don't know who is happy or unhappy with what we live for. That's why we don't have a definition of happiness in our lives."

He added: "I'm a good person with an honest heart. I'm a good woman. I'm a good man. I

sequence 5:

I believe the meaning of life is to die and die and die, and we must learn how to live. That is what we all need to do."

HuffPost: Is it possible that this was a message that the world had to learn from, that we need to learn from all of these people that live for so long and can

sequence 6:

I believe the meaning of life is to live without fear, so that you may be free from all thoughts, fears, thoughts, and passions. This is an essential principle of the Buddhist philosophy." In the early 19th century, an English psychiatrist named Edward S. Wightman proposed that life was a necessary condition for the survival of all beings,

sequence 7:

I believe the meaning of life is a gift for life." In a recent interview with The New York Times, I spoke to the author of a book on the subject, Michael Fassbender, about his belief in a "transcendental life." He said he was intrigued by his sense of meaning: "It is a very, very real possibility



main:     n_decoded =      504
main:     load time =   156.22 ms
main:   sample time =   245.84 ms
main:  predict time =  2373.84 ms
main:    total time =  2821.38 ms

real	0m2.870s
user	0m10.022s
sys	0m0.241s
+ set +e
+ cur=0
+ echo 0
+ set +x
+ gg_run_sam
+ cd /home/ggml/work/ggml
+ gg_wget models-mnt/sam/ https://dl.fbaipublicfiles.com/segment_anything/sam_vit_b_01ec64.pth
+ local out=models-mnt/sam/
+ tee /home/ggml/results/ggml/10/e83a412717c20d57ba19f025248e18e43addf3/ggml-4-x86-cuda-v100/sam.log
+ local url=https://dl.fbaipublicfiles.com/segment_anything/sam_vit_b_01ec64.pth
++ pwd
+ local cwd=/home/ggml/work/ggml
+ mkdir -p models-mnt/sam/
+ cd models-mnt/sam/
+ wget -nv -N https://dl.fbaipublicfiles.com/segment_anything/sam_vit_b_01ec64.pth
+ cd /home/ggml/work/ggml
+ gg_wget models-mnt/sam/ https://raw.githubusercontent.com/YavorGIvanov/sam.cpp/ceafb7467bff7ec98e0c4f952e58a9eb8fd0238b/img.jpg
+ local out=models-mnt/sam/
+ local url=https://raw.githubusercontent.com/YavorGIvanov/sam.cpp/ceafb7467bff7ec98e0c4f952e58a9eb8fd0238b/img.jpg
++ pwd
+ local cwd=/home/ggml/work/ggml
+ mkdir -p models-mnt/sam/
+ cd models-mnt/sam/
+ wget -nv -N https://raw.githubusercontent.com/YavorGIvanov/sam.cpp/ceafb7467bff7ec98e0c4f952e58a9eb8fd0238b/img.jpg
Last-modified header missing -- time-stamps turned off.
2024-09-06 12:50:06 URL:https://raw.githubusercontent.com/YavorGIvanov/sam.cpp/ceafb7467bff7ec98e0c4f952e58a9eb8fd0238b/img.jpg [79236/79236] -> "img.jpg" [1]
+ cd /home/ggml/work/ggml
+ cd build-ci-release
+ set -e
+ path_models=../models-mnt/sam/
+ model_f16=../models-mnt/sam//ggml-model-f16.bin
+ img_0=../models-mnt/sam//img.jpg
+ python3 ../examples/sam/convert-pth-to-ggml.py ../models-mnt/sam//sam_vit_b_01ec64.pth ../models-mnt/sam// 1
image_encoder.neck.0.weight torch.Size([256, 768, 1, 1])
image_encoder.neck.1.weight torch.Size([256])
image_encoder.neck.1.bias torch.Size([256])
image_encoder.neck.2.weight torch.Size([256, 256, 3, 3])
image_encoder.neck.3.weight torch.Size([256])
image_encoder.neck.3.bias torch.Size([256])
image_encoder.patch_embed.proj.weight torch.Size([768, 3, 16, 16])
image_encoder.patch_embed.proj.bias torch.Size([768])
image_encoder.blocks.0.norm1.weight torch.Size([768])
image_encoder.blocks.0.norm1.bias torch.Size([768])
image_encoder.blocks.0.attn.rel_pos_h torch.Size([27, 64])
image_encoder.blocks.0.attn.rel_pos_w torch.Size([27, 64])
image_encoder.blocks.0.attn.qkv.weight torch.Size([2304, 768])
image_encoder.blocks.0.attn.qkv.bias torch.Size([2304])
image_encoder.blocks.0.attn.proj.weight torch.Size([768, 768])
image_encoder.blocks.0.attn.proj.bias torch.Size([768])
image_encoder.blocks.0.norm2.weight torch.Size([768])
image_encoder.blocks.0.norm2.bias torch.Size([768])
image_encoder.blocks.0.mlp.lin1.weight torch.Size([3072, 768])
image_encoder.blocks.0.mlp.lin1.bias torch.Size([3072])
image_encoder.blocks.0.mlp.lin2.weight torch.Size([768, 3072])
image_encoder.blocks.0.mlp.lin2.bias torch.Size([768])
image_encoder.blocks.1.norm1.weight torch.Size([768])
image_encoder.blocks.1.norm1.bias torch.Size([768])
image_encoder.blocks.1.attn.rel_pos_h torch.Size([27, 64])
image_encoder.blocks.1.attn.rel_pos_w torch.Size([27, 64])
image_encoder.blocks.1.attn.qkv.weight torch.Size([2304, 768])
image_encoder.blocks.1.attn.qkv.bias torch.Size([2304])
image_encoder.blocks.1.attn.proj.weight torch.Size([768, 768])
image_encoder.blocks.1.attn.proj.bias torch.Size([768])
image_encoder.blocks.1.norm2.weight torch.Size([768])
image_encoder.blocks.1.norm2.bias torch.Size([768])
image_encoder.blocks.1.mlp.lin1.weight torch.Size([3072, 768])
image_encoder.blocks.1.mlp.lin1.bias torch.Size([3072])
image_encoder.blocks.1.mlp.lin2.weight torch.Size([768, 3072])
image_encoder.blocks.1.mlp.lin2.bias torch.Size([768])
image_encoder.blocks.2.norm1.weight torch.Size([768])
image_encoder.blocks.2.norm1.bias torch.Size([768])
image_encoder.blocks.2.attn.rel_pos_h torch.Size([127, 64])
image_encoder.blocks.2.attn.rel_pos_w torch.Size([127, 64])
image_encoder.blocks.2.attn.qkv.weight torch.Size([2304, 768])
image_encoder.blocks.2.attn.qkv.bias torch.Size([2304])
image_encoder.blocks.2.attn.proj.weight torch.Size([768, 768])
image_encoder.blocks.2.attn.proj.bias torch.Size([768])
image_encoder.blocks.2.norm2.weight torch.Size([768])
image_encoder.blocks.2.norm2.bias torch.Size([768])
image_encoder.blocks.2.mlp.lin1.weight torch.Size([3072, 768])
image_encoder.blocks.2.mlp.lin1.bias torch.Size([3072])
image_encoder.blocks.2.mlp.lin2.weight torch.Size([768, 3072])
image_encoder.blocks.2.mlp.lin2.bias torch.Size([768])
image_encoder.blocks.3.norm1.weight torch.Size([768])
image_encoder.blocks.3.norm1.bias torch.Size([768])
image_encoder.blocks.3.attn.rel_pos_h torch.Size([27, 64])
image_encoder.blocks.3.attn.rel_pos_w torch.Size([27, 64])
image_encoder.blocks.3.attn.qkv.weight torch.Size([2304, 768])
image_encoder.blocks.3.attn.qkv.bias torch.Size([2304])
image_encoder.blocks.3.attn.proj.weight torch.Size([768, 768])
image_encoder.blocks.3.attn.proj.bias torch.Size([768])
image_encoder.blocks.3.norm2.weight torch.Size([768])
image_encoder.blocks.3.norm2.bias torch.Size([768])
image_encoder.blocks.3.mlp.lin1.weight torch.Size([3072, 768])
image_encoder.blocks.3.mlp.lin1.bias torch.Size([3072])
image_encoder.blocks.3.mlp.lin2.weight torch.Size([768, 3072])
image_encoder.blocks.3.mlp.lin2.bias torch.Size([768])
image_encoder.blocks.4.norm1.weight torch.Size([768])
image_encoder.blocks.4.norm1.bias torch.Size([768])
image_encoder.blocks.4.attn.rel_pos_h torch.Size([27, 64])
image_encoder.blocks.4.attn.rel_pos_w torch.Size([27, 64])
image_encoder.blocks.4.attn.qkv.weight torch.Size([2304, 768])
image_encoder.blocks.4.attn.qkv.bias torch.Size([2304])
image_encoder.blocks.4.attn.proj.weight torch.Size([768, 768])
image_encoder.blocks.4.attn.proj.bias torch.Size([768])
image_encoder.blocks.4.norm2.weight torch.Size([768])
image_encoder.blocks.4.norm2.bias torch.Size([768])
image_encoder.blocks.4.mlp.lin1.weight torch.Size([3072, 768])
image_encoder.blocks.4.mlp.lin1.bias torch.Size([3072])
image_encoder.blocks.4.mlp.lin2.weight torch.Size([768, 3072])
image_encoder.blocks.4.mlp.lin2.bias torch.Size([768])
image_encoder.blocks.5.norm1.weight torch.Size([768])
image_encoder.blocks.5.norm1.bias torch.Size([768])
image_encoder.blocks.5.attn.rel_pos_h torch.Size([127, 64])
image_encoder.blocks.5.attn.rel_pos_w torch.Size([127, 64])
image_encoder.blocks.5.attn.qkv.weight torch.Size([2304, 768])
image_encoder.blocks.5.attn.qkv.bias torch.Size([2304])
image_encoder.blocks.5.attn.proj.weight torch.Size([768, 768])
image_encoder.blocks.5.attn.proj.bias torch.Size([768])
image_encoder.blocks.5.norm2.weight torch.Size([768])
image_encoder.blocks.5.norm2.bias torch.Size([768])
image_encoder.blocks.5.mlp.lin1.weight torch.Size([3072, 768])
image_encoder.blocks.5.mlp.lin1.bias torch.Size([3072])
image_encoder.blocks.5.mlp.lin2.weight torch.Size([768, 3072])
image_encoder.blocks.5.mlp.lin2.bias torch.Size([768])
image_encoder.blocks.6.norm1.weight torch.Size([768])
image_encoder.blocks.6.norm1.bias torch.Size([768])
image_encoder.blocks.6.attn.rel_pos_h torch.Size([27, 64])
image_encoder.blocks.6.attn.rel_pos_w torch.Size([27, 64])
image_encoder.blocks.6.attn.qkv.weight torch.Size([2304, 768])
image_encoder.blocks.6.attn.qkv.bias torch.Size([2304])
image_encoder.blocks.6.attn.proj.weight torch.Size([768, 768])
image_encoder.blocks.6.attn.proj.bias torch.Size([768])
image_encoder.blocks.6.norm2.weight torch.Size([768])
image_encoder.blocks.6.norm2.bias torch.Size([768])
image_encoder.blocks.6.mlp.lin1.weight torch.Size([3072, 768])
image_encoder.blocks.6.mlp.lin1.bias torch.Size([3072])
image_encoder.blocks.6.mlp.lin2.weight torch.Size([768, 3072])
image_encoder.blocks.6.mlp.lin2.bias torch.Size([768])
image_encoder.blocks.7.norm1.weight torch.Size([768])
image_encoder.blocks.7.norm1.bias torch.Size([768])
image_encoder.blocks.7.attn.rel_pos_h torch.Size([27, 64])
image_encoder.blocks.7.attn.rel_pos_w torch.Size([27, 64])
image_encoder.blocks.7.attn.qkv.weight torch.Size([2304, 768])
image_encoder.blocks.7.attn.qkv.bias torch.Size([2304])
image_encoder.blocks.7.attn.proj.weight torch.Size([768, 768])
image_encoder.blocks.7.attn.proj.bias torch.Size([768])
image_encoder.blocks.7.norm2.weight torch.Size([768])
image_encoder.blocks.7.norm2.bias torch.Size([768])
image_encoder.blocks.7.mlp.lin1.weight torch.Size([3072, 768])
image_encoder.blocks.7.mlp.lin1.bias torch.Size([3072])
image_encoder.blocks.7.mlp.lin2.weight torch.Size([768, 3072])
image_encoder.blocks.7.mlp.lin2.bias torch.Size([768])
image_encoder.blocks.8.norm1.weight torch.Size([768])
image_encoder.blocks.8.norm1.bias torch.Size([768])
image_encoder.blocks.8.attn.rel_pos_h torch.Size([127, 64])
image_encoder.blocks.8.attn.rel_pos_w torch.Size([127, 64])
image_encoder.blocks.8.attn.qkv.weight torch.Size([2304, 768])
image_encoder.blocks.8.attn.qkv.bias torch.Size([2304])
image_encoder.blocks.8.attn.proj.weight torch.Size([768, 768])
image_encoder.blocks.8.attn.proj.bias torch.Size([768])
image_encoder.blocks.8.norm2.weight torch.Size([768])
image_encoder.blocks.8.norm2.bias torch.Size([768])
image_encoder.blocks.8.mlp.lin1.weight torch.Size([3072, 768])
image_encoder.blocks.8.mlp.lin1.bias torch.Size([3072])
image_encoder.blocks.8.mlp.lin2.weight torch.Size([768, 3072])
image_encoder.blocks.8.mlp.lin2.bias torch.Size([768])
image_encoder.blocks.9.norm1.weight torch.Size([768])
image_encoder.blocks.9.norm1.bias torch.Size([768])
image_encoder.blocks.9.attn.rel_pos_h torch.Size([27, 64])
image_encoder.blocks.9.attn.rel_pos_w torch.Size([27, 64])
image_encoder.blocks.9.attn.qkv.weight torch.Size([2304, 768])
image_encoder.blocks.9.attn.qkv.bias torch.Size([2304])
image_encoder.blocks.9.attn.proj.weight torch.Size([768, 768])
image_encoder.blocks.9.attn.proj.bias torch.Size([768])
image_encoder.blocks.9.norm2.weight torch.Size([768])
image_encoder.blocks.9.norm2.bias torch.Size([768])
image_encoder.blocks.9.mlp.lin1.weight torch.Size([3072, 768])
image_encoder.blocks.9.mlp.lin1.bias torch.Size([3072])
image_encoder.blocks.9.mlp.lin2.weight torch.Size([768, 3072])
image_encoder.blocks.9.mlp.lin2.bias torch.Size([768])
image_encoder.blocks.10.norm1.weight torch.Size([768])
image_encoder.blocks.10.norm1.bias torch.Size([768])
image_encoder.blocks.10.attn.rel_pos_h torch.Size([27, 64])
image_encoder.blocks.10.attn.rel_pos_w torch.Size([27, 64])
image_encoder.blocks.10.attn.qkv.weight torch.Size([2304, 768])
image_encoder.blocks.10.attn.qkv.bias torch.Size([2304])
image_encoder.blocks.10.attn.proj.weight torch.Size([768, 768])
image_encoder.blocks.10.attn.proj.bias torch.Size([768])
image_encoder.blocks.10.norm2.weight torch.Size([768])
image_encoder.blocks.10.norm2.bias torch.Size([768])
image_encoder.blocks.10.mlp.lin1.weight torch.Size([3072, 768])
image_encoder.blocks.10.mlp.lin1.bias torch.Size([3072])
image_encoder.blocks.10.mlp.lin2.weight torch.Size([768, 3072])
image_encoder.blocks.10.mlp.lin2.bias torch.Size([768])
image_encoder.blocks.11.norm1.weight torch.Size([768])
image_encoder.blocks.11.norm1.bias torch.Size([768])
image_encoder.blocks.11.attn.rel_pos_h torch.Size([127, 64])
image_encoder.blocks.11.attn.rel_pos_w torch.Size([127, 64])
image_encoder.blocks.11.attn.qkv.weight torch.Size([2304, 768])
image_encoder.blocks.11.attn.qkv.bias torch.Size([2304])
image_encoder.blocks.11.attn.proj.weight torch.Size([768, 768])
image_encoder.blocks.11.attn.proj.bias torch.Size([768])
image_encoder.blocks.11.norm2.weight torch.Size([768])
image_encoder.blocks.11.norm2.bias torch.Size([768])
image_encoder.blocks.11.mlp.lin1.weight torch.Size([3072, 768])
image_encoder.blocks.11.mlp.lin1.bias torch.Size([3072])
image_encoder.blocks.11.mlp.lin2.weight torch.Size([768, 3072])
image_encoder.blocks.11.mlp.lin2.bias torch.Size([768])
prompt_encoder.pe_layer.positional_encoding_gaussian_matrix torch.Size([2, 128])
mask_decoder.transformer.layers.0.self_attn.q_proj.weight torch.Size([256, 256])
mask_decoder.transformer.layers.0.self_attn.q_proj.bias torch.Size([256])
mask_decoder.transformer.layers.0.self_attn.k_proj.weight torch.Size([256, 256])
mask_decoder.transformer.layers.0.self_attn.k_proj.bias torch.Size([256])
mask_decoder.transformer.layers.0.self_attn.v_proj.weight torch.Size([256, 256])
mask_decoder.transformer.layers.0.self_attn.v_proj.bias torch.Size([256])
mask_decoder.transformer.layers.0.self_attn.out_proj.weight torch.Size([256, 256])
mask_decoder.transformer.layers.0.self_attn.out_proj.bias torch.Size([256])
mask_decoder.transformer.layers.0.norm1.weight torch.Size([256])
mask_decoder.transformer.layers.0.norm1.bias torch.Size([256])
mask_decoder.transformer.layers.0.cross_attn_token_to_image.q_proj.weight torch.Size([128, 256])
mask_decoder.transformer.layers.0.cross_attn_token_to_image.q_proj.bias torch.Size([128])
mask_decoder.transformer.layers.0.cross_attn_token_to_image.k_proj.weight torch.Size([128, 256])
mask_decoder.transformer.layers.0.cross_attn_token_to_image.k_proj.bias torch.Size([128])
mask_decoder.transformer.layers.0.cross_attn_token_to_image.v_proj.weight torch.Size([128, 256])
mask_decoder.transformer.layers.0.cross_attn_token_to_image.v_proj.bias torch.Size([128])
mask_decoder.transformer.layers.0.cross_attn_token_to_image.out_proj.weight torch.Size([256, 128])
mask_decoder.transformer.layers.0.cross_attn_token_to_image.out_proj.bias torch.Size([256])
mask_decoder.transformer.layers.0.norm2.weight torch.Size([256])
mask_decoder.transformer.layers.0.norm2.bias torch.Size([256])
mask_decoder.transformer.layers.0.mlp.lin1.weight torch.Size([2048, 256])
mask_decoder.transformer.layers.0.mlp.lin1.bias torch.Size([2048])
mask_decoder.transformer.layers.0.mlp.lin2.weight torch.Size([256, 2048])
mask_decoder.transformer.layers.0.mlp.lin2.bias torch.Size([256])
mask_decoder.transformer.layers.0.norm3.weight torch.Size([256])
mask_decoder.transformer.layers.0.norm3.bias torch.Size([256])
mask_decoder.transformer.layers.0.norm4.weight torch.Size([256])
mask_decoder.transformer.layers.0.norm4.bias torch.Size([256])
mask_decoder.transformer.layers.0.cross_attn_image_to_token.q_proj.weight torch.Size([128, 256])
mask_decoder.transformer.layers.0.cross_attn_image_to_token.q_proj.bias torch.Size([128])
mask_decoder.transformer.layers.0.cross_attn_image_to_token.k_proj.weight torch.Size([128, 256])
mask_decoder.transformer.layers.0.cross_attn_image_to_token.k_proj.bias torch.Size([128])
mask_decoder.transformer.layers.0.cross_attn_image_to_token.v_proj.weight torch.Size([128, 256])
mask_decoder.transformer.layers.0.cross_attn_image_to_token.v_proj.bias torch.Size([128])
mask_decoder.transformer.layers.0.cross_attn_image_to_token.out_proj.weight torch.Size([256, 128])
mask_decoder.transformer.layers.0.cross_attn_image_to_token.out_proj.bias torch.Size([256])
mask_decoder.transformer.layers.1.self_attn.q_proj.weight torch.Size([256, 256])
mask_decoder.transformer.layers.1.self_attn.q_proj.bias torch.Size([256])
mask_decoder.transformer.layers.1.self_attn.k_proj.weight torch.Size([256, 256])
mask_decoder.transformer.layers.1.self_attn.k_proj.bias torch.Size([256])
mask_decoder.transformer.layers.1.self_attn.v_proj.weight torch.Size([256, 256])
mask_decoder.transformer.layers.1.self_attn.v_proj.bias torch.Size([256])
mask_decoder.transformer.layers.1.self_attn.out_proj.weight torch.Size([256, 256])
mask_decoder.transformer.layers.1.self_attn.out_proj.bias torch.Size([256])
mask_decoder.transformer.layers.1.norm1.weight torch.Size([256])
mask_decoder.transformer.layers.1.norm1.bias torch.Size([256])
mask_decoder.transformer.layers.1.cross_attn_token_to_image.q_proj.weight torch.Size([128, 256])
mask_decoder.transformer.layers.1.cross_attn_token_to_image.q_proj.bias torch.Size([128])
mask_decoder.transformer.layers.1.cross_attn_token_to_image.k_proj.weight torch.Size([128, 256])
mask_decoder.transformer.layers.1.cross_attn_token_to_image.k_proj.bias torch.Size([128])
mask_decoder.transformer.layers.1.cross_attn_token_to_image.v_proj.weight torch.Size([128, 256])
mask_decoder.transformer.layers.1.cross_attn_token_to_image.v_proj.bias torch.Size([128])
mask_decoder.transformer.layers.1.cross_attn_token_to_image.out_proj.weight torch.Size([256, 128])
mask_decoder.transformer.layers.1.cross_attn_token_to_image.out_proj.bias torch.Size([256])
mask_decoder.transformer.layers.1.norm2.weight torch.Size([256])
mask_decoder.transformer.layers.1.norm2.bias torch.Size([256])
mask_decoder.transformer.layers.1.mlp.lin1.weight torch.Size([2048, 256])
mask_decoder.transformer.layers.1.mlp.lin1.bias torch.Size([2048])
mask_decoder.transformer.layers.1.mlp.lin2.weight torch.Size([256, 2048])
mask_decoder.transformer.layers.1.mlp.lin2.bias torch.Size([256])
mask_decoder.transformer.layers.1.norm3.weight torch.Size([256])
mask_decoder.transformer.layers.1.norm3.bias torch.Size([256])
mask_decoder.transformer.layers.1.norm4.weight torch.Size([256])
mask_decoder.transformer.layers.1.norm4.bias torch.Size([256])
mask_decoder.transformer.layers.1.cross_attn_image_to_token.q_proj.weight torch.Size([128, 256])
mask_decoder.transformer.layers.1.cross_attn_image_to_token.q_proj.bias torch.Size([128])
mask_decoder.transformer.layers.1.cross_attn_image_to_token.k_proj.weight torch.Size([128, 256])
mask_decoder.transformer.layers.1.cross_attn_image_to_token.k_proj.bias torch.Size([128])
mask_decoder.transformer.layers.1.cross_attn_image_to_token.v_proj.weight torch.Size([128, 256])
mask_decoder.transformer.layers.1.cross_attn_image_to_token.v_proj.bias torch.Size([128])
mask_decoder.transformer.layers.1.cross_attn_image_to_token.out_proj.weight torch.Size([256, 128])
mask_decoder.transformer.layers.1.cross_attn_image_to_token.out_proj.bias torch.Size([256])
mask_decoder.transformer.final_attn_token_to_image.q_proj.weight torch.Size([128, 256])
mask_decoder.transformer.final_attn_token_to_image.q_proj.bias torch.Size([128])
mask_decoder.transformer.final_attn_token_to_image.k_proj.weight torch.Size([128, 256])
mask_decoder.transformer.final_attn_token_to_image.k_proj.bias torch.Size([128])
mask_decoder.transformer.final_attn_token_to_image.v_proj.weight torch.Size([128, 256])
mask_decoder.transformer.final_attn_token_to_image.v_proj.bias torch.Size([128])
mask_decoder.transformer.final_attn_token_to_image.out_proj.weight torch.Size([256, 128])
mask_decoder.transformer.final_attn_token_to_image.out_proj.bias torch.Size([256])
mask_decoder.transformer.norm_final_attn.weight torch.Size([256])
mask_decoder.transformer.norm_final_attn.bias torch.Size([256])
prompt_encoder.point_embeddings.0.weight torch.Size([1, 256])
prompt_encoder.point_embeddings.1.weight torch.Size([1, 256])
prompt_encoder.point_embeddings.2.weight torch.Size([1, 256])
prompt_encoder.point_embeddings.3.weight torch.Size([1, 256])
prompt_encoder.not_a_point_embed.weight torch.Size([1, 256])
mask_decoder.output_upscaling.0.weight torch.Size([256, 64, 2, 2])
mask_decoder.output_upscaling.0.bias torch.Size([64])
mask_decoder.output_upscaling.1.weight torch.Size([64])
mask_decoder.output_upscaling.1.bias torch.Size([64])
mask_decoder.output_upscaling.3.weight torch.Size([64, 32, 2, 2])
mask_decoder.output_upscaling.3.bias torch.Size([32])
mask_decoder.output_hypernetworks_mlps.0.layers.0.weight torch.Size([256, 256])
mask_decoder.output_hypernetworks_mlps.0.layers.0.bias torch.Size([256])
mask_decoder.output_hypernetworks_mlps.0.layers.1.weight torch.Size([256, 256])
mask_decoder.output_hypernetworks_mlps.0.layers.1.bias torch.Size([256])
mask_decoder.output_hypernetworks_mlps.0.layers.2.weight torch.Size([32, 256])
mask_decoder.output_hypernetworks_mlps.0.layers.2.bias torch.Size([32])
mask_decoder.output_hypernetworks_mlps.1.layers.0.weight torch.Size([256, 256])
mask_decoder.output_hypernetworks_mlps.1.layers.0.bias torch.Size([256])
mask_decoder.output_hypernetworks_mlps.1.layers.1.weight torch.Size([256, 256])
mask_decoder.output_hypernetworks_mlps.1.layers.1.bias torch.Size([256])
mask_decoder.output_hypernetworks_mlps.1.layers.2.weight torch.Size([32, 256])
mask_decoder.output_hypernetworks_mlps.1.layers.2.bias torch.Size([32])
mask_decoder.output_hypernetworks_mlps.2.layers.0.weight torch.Size([256, 256])
mask_decoder.output_hypernetworks_mlps.2.layers.0.bias torch.Size([256])
mask_decoder.output_hypernetworks_mlps.2.layers.1.weight torch.Size([256, 256])
mask_decoder.output_hypernetworks_mlps.2.layers.1.bias torch.Size([256])
mask_decoder.output_hypernetworks_mlps.2.layers.2.weight torch.Size([32, 256])
mask_decoder.output_hypernetworks_mlps.2.layers.2.bias torch.Size([32])
mask_decoder.output_hypernetworks_mlps.3.layers.0.weight torch.Size([256, 256])
mask_decoder.output_hypernetworks_mlps.3.layers.0.bias torch.Size([256])
mask_decoder.output_hypernetworks_mlps.3.layers.1.weight torch.Size([256, 256])
mask_decoder.output_hypernetworks_mlps.3.layers.1.bias torch.Size([256])
mask_decoder.output_hypernetworks_mlps.3.layers.2.weight torch.Size([32, 256])
mask_decoder.output_hypernetworks_mlps.3.layers.2.bias torch.Size([32])
prompt_encoder.mask_downscaling.0.weight torch.Size([4, 1, 2, 2])
prompt_encoder.mask_downscaling.0.bias torch.Size([4])
prompt_encoder.mask_downscaling.1.weight torch.Size([4])
prompt_encoder.mask_downscaling.1.bias torch.Size([4])
prompt_encoder.mask_downscaling.3.weight torch.Size([16, 4, 2, 2])
prompt_encoder.mask_downscaling.3.bias torch.Size([16])
prompt_encoder.mask_downscaling.4.weight torch.Size([16])
prompt_encoder.mask_downscaling.4.bias torch.Size([16])
prompt_encoder.mask_downscaling.6.weight torch.Size([256, 16, 1, 1])
prompt_encoder.mask_downscaling.6.bias torch.Size([256])
prompt_encoder.no_mask_embed.weight torch.Size([1, 256])
mask_decoder.iou_prediction_head.layers.0.weight torch.Size([256, 256])
mask_decoder.iou_prediction_head.layers.0.bias torch.Size([256])
mask_decoder.iou_prediction_head.layers.1.weight torch.Size([256, 256])
mask_decoder.iou_prediction_head.layers.1.bias torch.Size([256])
mask_decoder.iou_prediction_head.layers.2.weight torch.Size([4, 256])
mask_decoder.iou_prediction_head.layers.2.bias torch.Size([4])
mask_decoder.iou_token.weight torch.Size([1, 256])
mask_decoder.mask_tokens.weight torch.Size([4, 256])
image_encoder.pos_embed torch.Size([1, 64, 64, 768])
{'n_enc_state': 768, 'n_enc_layers': 12, 'n_enc_heads': 12, 'n_enc_out_chans': 256, 'n_pt_embd': 4}
image_encoder.neck.0.weight torch.Size([256, 768, 1, 1])
image_encoder.neck.1.weight torch.Size([256])
image_encoder.neck.1.bias torch.Size([256])
image_encoder.neck.2.weight torch.Size([256, 256, 3, 3])
image_encoder.neck.3.weight torch.Size([256])
image_encoder.neck.3.bias torch.Size([256])
image_encoder.patch_embed.proj.weight torch.Size([768, 3, 16, 16])
image_encoder.patch_embed.proj.bias torch.Size([768])
image_encoder.blocks.0.norm1.weight torch.Size([768])
image_encoder.blocks.0.norm1.bias torch.Size([768])
image_encoder.blocks.0.attn.rel_pos_h torch.Size([27, 64])
image_encoder.blocks.0.attn.rel_pos_w torch.Size([27, 64])
image_encoder.blocks.0.attn.qkv.weight torch.Size([2304, 768])
image_encoder.blocks.0.attn.qkv.bias torch.Size([2304])
image_encoder.blocks.0.attn.proj.weight torch.Size([768, 768])
image_encoder.blocks.0.attn.proj.bias torch.Size([768])
image_encoder.blocks.0.norm2.weight torch.Size([768])
image_encoder.blocks.0.norm2.bias torch.Size([768])
image_encoder.blocks.0.mlp.lin1.weight torch.Size([3072, 768])
image_encoder.blocks.0.mlp.lin1.bias torch.Size([3072])
image_encoder.blocks.0.mlp.lin2.weight torch.Size([768, 3072])
image_encoder.blocks.0.mlp.lin2.bias torch.Size([768])
image_encoder.blocks.1.norm1.weight torch.Size([768])
image_encoder.blocks.1.norm1.bias torch.Size([768])
image_encoder.blocks.1.attn.rel_pos_h torch.Size([27, 64])
image_encoder.blocks.1.attn.rel_pos_w torch.Size([27, 64])
image_encoder.blocks.1.attn.qkv.weight torch.Size([2304, 768])
image_encoder.blocks.1.attn.qkv.bias torch.Size([2304])
image_encoder.blocks.1.attn.proj.weight torch.Size([768, 768])
image_encoder.blocks.1.attn.proj.bias torch.Size([768])
image_encoder.blocks.1.norm2.weight torch.Size([768])
image_encoder.blocks.1.norm2.bias torch.Size([768])
image_encoder.blocks.1.mlp.lin1.weight torch.Size([3072, 768])
image_encoder.blocks.1.mlp.lin1.bias torch.Size([3072])
image_encoder.blocks.1.mlp.lin2.weight torch.Size([768, 3072])
image_encoder.blocks.1.mlp.lin2.bias torch.Size([768])
image_encoder.blocks.2.norm1.weight torch.Size([768])
image_encoder.blocks.2.norm1.bias torch.Size([768])
image_encoder.blocks.2.attn.rel_pos_h torch.Size([127, 64])
image_encoder.blocks.2.attn.rel_pos_w torch.Size([127, 64])
image_encoder.blocks.2.attn.qkv.weight torch.Size([2304, 768])
image_encoder.blocks.2.attn.qkv.bias torch.Size([2304])
image_encoder.blocks.2.attn.proj.weight torch.Size([768, 768])
image_encoder.blocks.2.attn.proj.bias torch.Size([768])
image_encoder.blocks.2.norm2.weight torch.Size([768])
image_encoder.blocks.2.norm2.bias torch.Size([768])
image_encoder.blocks.2.mlp.lin1.weight torch.Size([3072, 768])
image_encoder.blocks.2.mlp.lin1.bias torch.Size([3072])
image_encoder.blocks.2.mlp.lin2.weight torch.Size([768, 3072])
image_encoder.blocks.2.mlp.lin2.bias torch.Size([768])
image_encoder.blocks.3.norm1.weight torch.Size([768])
image_encoder.blocks.3.norm1.bias torch.Size([768])
image_encoder.blocks.3.attn.rel_pos_h torch.Size([27, 64])
image_encoder.blocks.3.attn.rel_pos_w torch.Size([27, 64])
image_encoder.blocks.3.attn.qkv.weight torch.Size([2304, 768])
image_encoder.blocks.3.attn.qkv.bias torch.Size([2304])
image_encoder.blocks.3.attn.proj.weight torch.Size([768, 768])
image_encoder.blocks.3.attn.proj.bias torch.Size([768])
image_encoder.blocks.3.norm2.weight torch.Size([768])
image_encoder.blocks.3.norm2.bias torch.Size([768])
image_encoder.blocks.3.mlp.lin1.weight torch.Size([3072, 768])
image_encoder.blocks.3.mlp.lin1.bias torch.Size([3072])
image_encoder.blocks.3.mlp.lin2.weight torch.Size([768, 3072])
image_encoder.blocks.3.mlp.lin2.bias torch.Size([768])
image_encoder.blocks.4.norm1.weight torch.Size([768])
image_encoder.blocks.4.norm1.bias torch.Size([768])
image_encoder.blocks.4.attn.rel_pos_h torch.Size([27, 64])
image_encoder.blocks.4.attn.rel_pos_w torch.Size([27, 64])
image_encoder.blocks.4.attn.qkv.weight torch.Size([2304, 768])
image_encoder.blocks.4.attn.qkv.bias torch.Size([2304])
image_encoder.blocks.4.attn.proj.weight torch.Size([768, 768])
image_encoder.blocks.4.attn.proj.bias torch.Size([768])
image_encoder.blocks.4.norm2.weight torch.Size([768])
image_encoder.blocks.4.norm2.bias torch.Size([768])
image_encoder.blocks.4.mlp.lin1.weight torch.Size([3072, 768])
image_encoder.blocks.4.mlp.lin1.bias torch.Size([3072])
image_encoder.blocks.4.mlp.lin2.weight torch.Size([768, 3072])
image_encoder.blocks.4.mlp.lin2.bias torch.Size([768])
image_encoder.blocks.5.norm1.weight torch.Size([768])
image_encoder.blocks.5.norm1.bias torch.Size([768])
image_encoder.blocks.5.attn.rel_pos_h torch.Size([127, 64])
image_encoder.blocks.5.attn.rel_pos_w torch.Size([127, 64])
image_encoder.blocks.5.attn.qkv.weight torch.Size([2304, 768])
image_encoder.blocks.5.attn.qkv.bias torch.Size([2304])
image_encoder.blocks.5.attn.proj.weight torch.Size([768, 768])
image_encoder.blocks.5.attn.proj.bias torch.Size([768])
image_encoder.blocks.5.norm2.weight torch.Size([768])
image_encoder.blocks.5.norm2.bias torch.Size([768])
image_encoder.blocks.5.mlp.lin1.weight torch.Size([3072, 768])
image_encoder.blocks.5.mlp.lin1.bias torch.Size([3072])
image_encoder.blocks.5.mlp.lin2.weight torch.Size([768, 3072])
image_encoder.blocks.5.mlp.lin2.bias torch.Size([768])
image_encoder.blocks.6.norm1.weight torch.Size([768])
image_encoder.blocks.6.norm1.bias torch.Size([768])
image_encoder.blocks.6.attn.rel_pos_h torch.Size([27, 64])
image_encoder.blocks.6.attn.rel_pos_w torch.Size([27, 64])
image_encoder.blocks.6.attn.qkv.weight torch.Size([2304, 768])
image_encoder.blocks.6.attn.qkv.bias torch.Size([2304])
image_encoder.blocks.6.attn.proj.weight torch.Size([768, 768])
image_encoder.blocks.6.attn.proj.bias torch.Size([768])
image_encoder.blocks.6.norm2.weight torch.Size([768])
image_encoder.blocks.6.norm2.bias torch.Size([768])
image_encoder.blocks.6.mlp.lin1.weight torch.Size([3072, 768])
image_encoder.blocks.6.mlp.lin1.bias torch.Size([3072])
image_encoder.blocks.6.mlp.lin2.weight torch.Size([768, 3072])
image_encoder.blocks.6.mlp.lin2.bias torch.Size([768])
image_encoder.blocks.7.norm1.weight torch.Size([768])
image_encoder.blocks.7.norm1.bias torch.Size([768])
image_encoder.blocks.7.attn.rel_pos_h torch.Size([27, 64])
image_encoder.blocks.7.attn.rel_pos_w torch.Size([27, 64])
image_encoder.blocks.7.attn.qkv.weight torch.Size([2304, 768])
image_encoder.blocks.7.attn.qkv.bias torch.Size([2304])
image_encoder.blocks.7.attn.proj.weight torch.Size([768, 768])
image_encoder.blocks.7.attn.proj.bias torch.Size([768])
image_encoder.blocks.7.norm2.weight torch.Size([768])
image_encoder.blocks.7.norm2.bias torch.Size([768])
image_encoder.blocks.7.mlp.lin1.weight torch.Size([3072, 768])
image_encoder.blocks.7.mlp.lin1.bias torch.Size([3072])
image_encoder.blocks.7.mlp.lin2.weight torch.Size([768, 3072])
image_encoder.blocks.7.mlp.lin2.bias torch.Size([768])
image_encoder.blocks.8.norm1.weight torch.Size([768])
image_encoder.blocks.8.norm1.bias torch.Size([768])
image_encoder.blocks.8.attn.rel_pos_h torch.Size([127, 64])
image_encoder.blocks.8.attn.rel_pos_w torch.Size([127, 64])
image_encoder.blocks.8.attn.qkv.weight torch.Size([2304, 768])
image_encoder.blocks.8.attn.qkv.bias torch.Size([2304])
image_encoder.blocks.8.attn.proj.weight torch.Size([768, 768])
image_encoder.blocks.8.attn.proj.bias torch.Size([768])
image_encoder.blocks.8.norm2.weight torch.Size([768])
image_encoder.blocks.8.norm2.bias torch.Size([768])
image_encoder.blocks.8.mlp.lin1.weight torch.Size([3072, 768])
image_encoder.blocks.8.mlp.lin1.bias torch.Size([3072])
image_encoder.blocks.8.mlp.lin2.weight torch.Size([768, 3072])
image_encoder.blocks.8.mlp.lin2.bias torch.Size([768])
image_encoder.blocks.9.norm1.weight torch.Size([768])
image_encoder.blocks.9.norm1.bias torch.Size([768])
image_encoder.blocks.9.attn.rel_pos_h torch.Size([27, 64])
image_encoder.blocks.9.attn.rel_pos_w torch.Size([27, 64])
image_encoder.blocks.9.attn.qkv.weight torch.Size([2304, 768])
image_encoder.blocks.9.attn.qkv.bias torch.Size([2304])
image_encoder.blocks.9.attn.proj.weight torch.Size([768, 768])
image_encoder.blocks.9.attn.proj.bias torch.Size([768])
image_encoder.blocks.9.norm2.weight torch.Size([768])
image_encoder.blocks.9.norm2.bias torch.Size([768])
image_encoder.blocks.9.mlp.lin1.weight torch.Size([3072, 768])
image_encoder.blocks.9.mlp.lin1.bias torch.Size([3072])
image_encoder.blocks.9.mlp.lin2.weight torch.Size([768, 3072])
image_encoder.blocks.9.mlp.lin2.bias torch.Size([768])
image_encoder.blocks.10.norm1.weight torch.Size([768])
image_encoder.blocks.10.norm1.bias torch.Size([768])
image_encoder.blocks.10.attn.rel_pos_h torch.Size([27, 64])
image_encoder.blocks.10.attn.rel_pos_w torch.Size([27, 64])
image_encoder.blocks.10.attn.qkv.weight torch.Size([2304, 768])
image_encoder.blocks.10.attn.qkv.bias torch.Size([2304])
image_encoder.blocks.10.attn.proj.weight torch.Size([768, 768])
image_encoder.blocks.10.attn.proj.bias torch.Size([768])
image_encoder.blocks.10.norm2.weight torch.Size([768])
image_encoder.blocks.10.norm2.bias torch.Size([768])
image_encoder.blocks.10.mlp.lin1.weight torch.Size([3072, 768])
image_encoder.blocks.10.mlp.lin1.bias torch.Size([3072])
image_encoder.blocks.10.mlp.lin2.weight torch.Size([768, 3072])
image_encoder.blocks.10.mlp.lin2.bias torch.Size([768])
image_encoder.blocks.11.norm1.weight torch.Size([768])
image_encoder.blocks.11.norm1.bias torch.Size([768])
image_encoder.blocks.11.attn.rel_pos_h torch.Size([127, 64])
image_encoder.blocks.11.attn.rel_pos_w torch.Size([127, 64])
image_encoder.blocks.11.attn.qkv.weight torch.Size([2304, 768])
image_encoder.blocks.11.attn.qkv.bias torch.Size([2304])
image_encoder.blocks.11.attn.proj.weight torch.Size([768, 768])
image_encoder.blocks.11.attn.proj.bias torch.Size([768])
image_encoder.blocks.11.norm2.weight torch.Size([768])
image_encoder.blocks.11.norm2.bias torch.Size([768])
image_encoder.blocks.11.mlp.lin1.weight torch.Size([3072, 768])
image_encoder.blocks.11.mlp.lin1.bias torch.Size([3072])
image_encoder.blocks.11.mlp.lin2.weight torch.Size([768, 3072])
image_encoder.blocks.11.mlp.lin2.bias torch.Size([768])
prompt_encoder.pe_layer.positional_encoding_gaussian_matrix torch.Size([2, 128])
mask_decoder.transformer.layers.0.self_attn.q_proj.weight torch.Size([256, 256])
mask_decoder.transformer.layers.0.self_attn.q_proj.bias torch.Size([256])
mask_decoder.transformer.layers.0.self_attn.k_proj.weight torch.Size([256, 256])
mask_decoder.transformer.layers.0.self_attn.k_proj.bias torch.Size([256])
mask_decoder.transformer.layers.0.self_attn.v_proj.weight torch.Size([256, 256])
mask_decoder.transformer.layers.0.self_attn.v_proj.bias torch.Size([256])
mask_decoder.transformer.layers.0.self_attn.out_proj.weight torch.Size([256, 256])
mask_decoder.transformer.layers.0.self_attn.out_proj.bias torch.Size([256])
mask_decoder.transformer.layers.0.norm1.weight torch.Size([256])
mask_decoder.transformer.layers.0.norm1.bias torch.Size([256])
mask_decoder.transformer.layers.0.cross_attn_token_to_image.q_proj.weight torch.Size([128, 256])
mask_decoder.transformer.layers.0.cross_attn_token_to_image.q_proj.bias torch.Size([128])
mask_decoder.transformer.layers.0.cross_attn_token_to_image.k_proj.weight torch.Size([128, 256])
mask_decoder.transformer.layers.0.cross_attn_token_to_image.k_proj.bias torch.Size([128])
mask_decoder.transformer.layers.0.cross_attn_token_to_image.v_proj.weight torch.Size([128, 256])
mask_decoder.transformer.layers.0.cross_attn_token_to_image.v_proj.bias torch.Size([128])
mask_decoder.transformer.layers.0.cross_attn_token_to_image.out_proj.weight torch.Size([256, 128])
mask_decoder.transformer.layers.0.cross_attn_token_to_image.out_proj.bias torch.Size([256])
mask_decoder.transformer.layers.0.norm2.weight torch.Size([256])
mask_decoder.transformer.layers.0.norm2.bias torch.Size([256])
mask_decoder.transformer.layers.0.mlp.lin1.weight torch.Size([2048, 256])
mask_decoder.transformer.layers.0.mlp.lin1.bias torch.Size([2048])
mask_decoder.transformer.layers.0.mlp.lin2.weight torch.Size([256, 2048])
mask_decoder.transformer.layers.0.mlp.lin2.bias torch.Size([256])
mask_decoder.transformer.layers.0.norm3.weight torch.Size([256])
mask_decoder.transformer.layers.0.norm3.bias torch.Size([256])
mask_decoder.transformer.layers.0.norm4.weight torch.Size([256])
mask_decoder.transformer.layers.0.norm4.bias torch.Size([256])
mask_decoder.transformer.layers.0.cross_attn_image_to_token.q_proj.weight torch.Size([128, 256])
mask_decoder.transformer.layers.0.cross_attn_image_to_token.q_proj.bias torch.Size([128])
mask_decoder.transformer.layers.0.cross_attn_image_to_token.k_proj.weight torch.Size([128, 256])
mask_decoder.transformer.layers.0.cross_attn_image_to_token.k_proj.bias torch.Size([128])
mask_decoder.transformer.layers.0.cross_attn_image_to_token.v_proj.weight torch.Size([128, 256])
mask_decoder.transformer.layers.0.cross_attn_image_to_token.v_proj.bias torch.Size([128])
mask_decoder.transformer.layers.0.cross_attn_image_to_token.out_proj.weight torch.Size([256, 128])
mask_decoder.transformer.layers.0.cross_attn_image_to_token.out_proj.bias torch.Size([256])
mask_decoder.transformer.layers.1.self_attn.q_proj.weight torch.Size([256, 256])
mask_decoder.transformer.layers.1.self_attn.q_proj.bias torch.Size([256])
mask_decoder.transformer.layers.1.self_attn.k_proj.weight torch.Size([256, 256])
mask_decoder.transformer.layers.1.self_attn.k_proj.bias torch.Size([256])
mask_decoder.transformer.layers.1.self_attn.v_proj.weight torch.Size([256, 256])
mask_decoder.transformer.layers.1.self_attn.v_proj.bias torch.Size([256])
mask_decoder.transformer.layers.1.self_attn.out_proj.weight torch.Size([256, 256])
mask_decoder.transformer.layers.1.self_attn.out_proj.bias torch.Size([256])
mask_decoder.transformer.layers.1.norm1.weight torch.Size([256])
mask_decoder.transformer.layers.1.norm1.bias torch.Size([256])
mask_decoder.transformer.layers.1.cross_attn_token_to_image.q_proj.weight torch.Size([128, 256])
mask_decoder.transformer.layers.1.cross_attn_token_to_image.q_proj.bias torch.Size([128])
mask_decoder.transformer.layers.1.cross_attn_token_to_image.k_proj.weight torch.Size([128, 256])
mask_decoder.transformer.layers.1.cross_attn_token_to_image.k_proj.bias torch.Size([128])
mask_decoder.transformer.layers.1.cross_attn_token_to_image.v_proj.weight torch.Size([128, 256])
mask_decoder.transformer.layers.1.cross_attn_token_to_image.v_proj.bias torch.Size([128])
mask_decoder.transformer.layers.1.cross_attn_token_to_image.out_proj.weight torch.Size([256, 128])
mask_decoder.transformer.layers.1.cross_attn_token_to_image.out_proj.bias torch.Size([256])
mask_decoder.transformer.layers.1.norm2.weight torch.Size([256])
mask_decoder.transformer.layers.1.norm2.bias torch.Size([256])
mask_decoder.transformer.layers.1.mlp.lin1.weight torch.Size([2048, 256])
mask_decoder.transformer.layers.1.mlp.lin1.bias torch.Size([2048])
mask_decoder.transformer.layers.1.mlp.lin2.weight torch.Size([256, 2048])
mask_decoder.transformer.layers.1.mlp.lin2.bias torch.Size([256])
mask_decoder.transformer.layers.1.norm3.weight torch.Size([256])
mask_decoder.transformer.layers.1.norm3.bias torch.Size([256])
mask_decoder.transformer.layers.1.norm4.weight torch.Size([256])
mask_decoder.transformer.layers.1.norm4.bias torch.Size([256])
mask_decoder.transformer.layers.1.cross_attn_image_to_token.q_proj.weight torch.Size([128, 256])
mask_decoder.transformer.layers.1.cross_attn_image_to_token.q_proj.bias torch.Size([128])
mask_decoder.transformer.layers.1.cross_attn_image_to_token.k_proj.weight torch.Size([128, 256])
mask_decoder.transformer.layers.1.cross_attn_image_to_token.k_proj.bias torch.Size([128])
mask_decoder.transformer.layers.1.cross_attn_image_to_token.v_proj.weight torch.Size([128, 256])
mask_decoder.transformer.layers.1.cross_attn_image_to_token.v_proj.bias torch.Size([128])
mask_decoder.transformer.layers.1.cross_attn_image_to_token.out_proj.weight torch.Size([256, 128])
mask_decoder.transformer.layers.1.cross_attn_image_to_token.out_proj.bias torch.Size([256])
mask_decoder.transformer.final_attn_token_to_image.q_proj.weight torch.Size([128, 256])
mask_decoder.transformer.final_attn_token_to_image.q_proj.bias torch.Size([128])
mask_decoder.transformer.final_attn_token_to_image.k_proj.weight torch.Size([128, 256])
mask_decoder.transformer.final_attn_token_to_image.k_proj.bias torch.Size([128])
mask_decoder.transformer.final_attn_token_to_image.v_proj.weight torch.Size([128, 256])
mask_decoder.transformer.final_attn_token_to_image.v_proj.bias torch.Size([128])
mask_decoder.transformer.final_attn_token_to_image.out_proj.weight torch.Size([256, 128])
mask_decoder.transformer.final_attn_token_to_image.out_proj.bias torch.Size([256])
mask_decoder.transformer.norm_final_attn.weight torch.Size([256])
mask_decoder.transformer.norm_final_attn.bias torch.Size([256])
prompt_encoder.point_embeddings.0.weight torch.Size([1, 256])
prompt_encoder.point_embeddings.1.weight torch.Size([1, 256])
prompt_encoder.point_embeddings.2.weight torch.Size([1, 256])
prompt_encoder.point_embeddings.3.weight torch.Size([1, 256])
prompt_encoder.not_a_point_embed.weight torch.Size([1, 256])
mask_decoder.output_upscaling.0.weight torch.Size([256, 64, 2, 2])
mask_decoder.output_upscaling.0.bias torch.Size([64])
mask_decoder.output_upscaling.1.weight torch.Size([64])
mask_decoder.output_upscaling.1.bias torch.Size([64])
mask_decoder.output_upscaling.3.weight torch.Size([64, 32, 2, 2])
mask_decoder.output_upscaling.3.bias torch.Size([32])
mask_decoder.output_hypernetworks_mlps.0.layers.0.weight torch.Size([256, 256])
mask_decoder.output_hypernetworks_mlps.0.layers.0.bias torch.Size([256])
mask_decoder.output_hypernetworks_mlps.0.layers.1.weight torch.Size([256, 256])
mask_decoder.output_hypernetworks_mlps.0.layers.1.bias torch.Size([256])
mask_decoder.output_hypernetworks_mlps.0.layers.2.weight torch.Size([32, 256])
mask_decoder.output_hypernetworks_mlps.0.layers.2.bias torch.Size([32])
mask_decoder.output_hypernetworks_mlps.1.layers.0.weight torch.Size([256, 256])
mask_decoder.output_hypernetworks_mlps.1.layers.0.bias torch.Size([256])
mask_decoder.output_hypernetworks_mlps.1.layers.1.weight torch.Size([256, 256])
mask_decoder.output_hypernetworks_mlps.1.layers.1.bias torch.Size([256])
mask_decoder.output_hypernetworks_mlps.1.layers.2.weight torch.Size([32, 256])
mask_decoder.output_hypernetworks_mlps.1.layers.2.bias torch.Size([32])
mask_decoder.output_hypernetworks_mlps.2.layers.0.weight torch.Size([256, 256])
mask_decoder.output_hypernetworks_mlps.2.layers.0.bias torch.Size([256])
mask_decoder.output_hypernetworks_mlps.2.layers.1.weight torch.Size([256, 256])
mask_decoder.output_hypernetworks_mlps.2.layers.1.bias torch.Size([256])
mask_decoder.output_hypernetworks_mlps.2.layers.2.weight torch.Size([32, 256])
mask_decoder.output_hypernetworks_mlps.2.layers.2.bias torch.Size([32])
mask_decoder.output_hypernetworks_mlps.3.layers.0.weight torch.Size([256, 256])
mask_decoder.output_hypernetworks_mlps.3.layers.0.bias torch.Size([256])
mask_decoder.output_hypernetworks_mlps.3.layers.1.weight torch.Size([256, 256])
mask_decoder.output_hypernetworks_mlps.3.layers.1.bias torch.Size([256])
mask_decoder.output_hypernetworks_mlps.3.layers.2.weight torch.Size([32, 256])
mask_decoder.output_hypernetworks_mlps.3.layers.2.bias torch.Size([32])
prompt_encoder.mask_downscaling.0.weight torch.Size([4, 1, 2, 2])
prompt_encoder.mask_downscaling.0.bias torch.Size([4])
prompt_encoder.mask_downscaling.1.weight torch.Size([4])
prompt_encoder.mask_downscaling.1.bias torch.Size([4])
prompt_encoder.mask_downscaling.3.weight torch.Size([16, 4, 2, 2])
prompt_encoder.mask_downscaling.3.bias torch.Size([16])
prompt_encoder.mask_downscaling.4.weight torch.Size([16])
prompt_encoder.mask_downscaling.4.bias torch.Size([16])
prompt_encoder.mask_downscaling.6.weight torch.Size([256, 16, 1, 1])
prompt_encoder.mask_downscaling.6.bias torch.Size([256])
prompt_encoder.no_mask_embed.weight torch.Size([1, 256])
mask_decoder.iou_prediction_head.layers.0.weight torch.Size([256, 256])
mask_decoder.iou_prediction_head.layers.0.bias torch.Size([256])
mask_decoder.iou_prediction_head.layers.1.weight torch.Size([256, 256])
mask_decoder.iou_prediction_head.layers.1.bias torch.Size([256])
mask_decoder.iou_prediction_head.layers.2.weight torch.Size([4, 256])
mask_decoder.iou_prediction_head.layers.2.bias torch.Size([4])
mask_decoder.iou_token.weight torch.Size([1, 256])
mask_decoder.mask_tokens.weight torch.Size([4, 256])
image_encoder.pos_embed torch.Size([1, 64, 64, 768])
Processing variable: image_encoder.neck.0.weight with shape:  torch.Size([256, 768, 1, 1])  and type:  torch.float32
  Converting to float16
  New shape:  (256, 768, 1, 1)
Processing variable: image_encoder.neck.1.weight with shape:  torch.Size([256])  and type:  torch.float32
  Converting to float32
  New shape:  (256,)
Processing variable: image_encoder.neck.1.bias with shape:  torch.Size([256])  and type:  torch.float32
  Converting to float32
  New shape:  (256,)
Processing variable: image_encoder.neck.2.weight with shape:  torch.Size([256, 256, 3, 3])  and type:  torch.float32
  Converting to float16
  New shape:  (256, 256, 3, 3)
Processing variable: image_encoder.neck.3.weight with shape:  torch.Size([256])  and type:  torch.float32
  Converting to float32
  New shape:  (256,)
Processing variable: image_encoder.neck.3.bias with shape:  torch.Size([256])  and type:  torch.float32
  Converting to float32
  New shape:  (256,)
Processing variable: image_encoder.patch_embed.proj.weight with shape:  torch.Size([768, 3, 16, 16])  and type:  torch.float32
  Converting to float16
  New shape:  (768, 3, 16, 16)
Processing variable: image_encoder.patch_embed.proj.bias with shape:  torch.Size([768])  and type:  torch.float32
  Converting to float32
  New shape:  (1, 768, 1, 1)
Processing variable: image_encoder.blocks.0.norm1.weight with shape:  torch.Size([768])  and type:  torch.float32
  Converting to float32
  New shape:  (768,)
Processing variable: image_encoder.blocks.0.norm1.bias with shape:  torch.Size([768])  and type:  torch.float32
  Converting to float32
  New shape:  (768,)
Processing variable: image_encoder.blocks.0.attn.rel_pos_h with shape:  torch.Size([27, 64])  and type:  torch.float32
  Converting to float16
  New shape:  (27, 64)
Processing variable: image_encoder.blocks.0.attn.rel_pos_w with shape:  torch.Size([27, 64])  and type:  torch.float32
  Converting to float16
  New shape:  (27, 64)
Processing variable: image_encoder.blocks.0.attn.qkv.weight with shape:  torch.Size([2304, 768])  and type:  torch.float32
  Converting to float16
  New shape:  (2304, 768)
Processing variable: image_encoder.blocks.0.attn.qkv.bias with shape:  torch.Size([2304])  and type:  torch.float32
  Converting to float32
  New shape:  (2304,)
Processing variable: image_encoder.blocks.0.attn.proj.weight with shape:  torch.Size([768, 768])  and type:  torch.float32
  Converting to float16
  New shape:  (768, 768)
Processing variable: image_encoder.blocks.0.attn.proj.bias with shape:  torch.Size([768])  and type:  torch.float32
  Converting to float32
  New shape:  (768,)
Processing variable: image_encoder.blocks.0.norm2.weight with shape:  torch.Size([768])  and type:  torch.float32
  Converting to float32
  New shape:  (768,)
Processing variable: image_encoder.blocks.0.norm2.bias with shape:  torch.Size([768])  and type:  torch.float32
  Converting to float32
  New shape:  (768,)
Processing variable: image_encoder.blocks.0.mlp.lin1.weight with shape:  torch.Size([3072, 768])  and type:  torch.float32
  Converting to float16
  New shape:  (3072, 768)
Processing variable: image_encoder.blocks.0.mlp.lin1.bias with shape:  torch.Size([3072])  and type:  torch.float32
  Converting to float32
  New shape:  (3072,)
Processing variable: image_encoder.blocks.0.mlp.lin2.weight with shape:  torch.Size([768, 3072])  and type:  torch.float32
  Converting to float16
  New shape:  (768, 3072)
Processing variable: image_encoder.blocks.0.mlp.lin2.bias with shape:  torch.Size([768])  and type:  torch.float32
  Converting to float32
  New shape:  (768,)
Processing variable: image_encoder.blocks.1.norm1.weight with shape:  torch.Size([768])  and type:  torch.float32
  Converting to float32
  New shape:  (768,)
Processing variable: image_encoder.blocks.1.norm1.bias with shape:  torch.Size([768])  and type:  torch.float32
  Converting to float32
  New shape:  (768,)
Processing variable: image_encoder.blocks.1.attn.rel_pos_h with shape:  torch.Size([27, 64])  and type:  torch.float32
  Converting to float16
  New shape:  (27, 64)
Processing variable: image_encoder.blocks.1.attn.rel_pos_w with shape:  torch.Size([27, 64])  and type:  torch.float32
  Converting to float16
  New shape:  (27, 64)
Processing variable: image_encoder.blocks.1.attn.qkv.weight with shape:  torch.Size([2304, 768])  and type:  torch.float32
  Converting to float16
  New shape:  (2304, 768)
Processing variable: image_encoder.blocks.1.attn.qkv.bias with shape:  torch.Size([2304])  and type:  torch.float32
  Converting to float32
  New shape:  (2304,)
Processing variable: image_encoder.blocks.1.attn.proj.weight with shape:  torch.Size([768, 768])  and type:  torch.float32
  Converting to float16
  New shape:  (768, 768)
Processing variable: image_encoder.blocks.1.attn.proj.bias with shape:  torch.Size([768])  and type:  torch.float32
  Converting to float32
  New shape:  (768,)
Processing variable: image_encoder.blocks.1.norm2.weight with shape:  torch.Size([768])  and type:  torch.float32
  Converting to float32
  New shape:  (768,)
Processing variable: image_encoder.blocks.1.norm2.bias with shape:  torch.Size([768])  and type:  torch.float32
  Converting to float32
  New shape:  (768,)
Processing variable: image_encoder.blocks.1.mlp.lin1.weight with shape:  torch.Size([3072, 768])  and type:  torch.float32
  Converting to float16
  New shape:  (3072, 768)
Processing variable: image_encoder.blocks.1.mlp.lin1.bias with shape:  torch.Size([3072])  and type:  torch.float32
  Converting to float32
  New shape:  (3072,)
Processing variable: image_encoder.blocks.1.mlp.lin2.weight with shape:  torch.Size([768, 3072])  and type:  torch.float32
  Converting to float16
  New shape:  (768, 3072)
Processing variable: image_encoder.blocks.1.mlp.lin2.bias with shape:  torch.Size([768])  and type:  torch.float32
  Converting to float32
  New shape:  (768,)
Processing variable: image_encoder.blocks.2.norm1.weight with shape:  torch.Size([768])  and type:  torch.float32
  Converting to float32
  New shape:  (768,)
Processing variable: image_encoder.blocks.2.norm1.bias with shape:  torch.Size([768])  and type:  torch.float32
  Converting to float32
  New shape:  (768,)
Processing variable: image_encoder.blocks.2.attn.rel_pos_h with shape:  torch.Size([127, 64])  and type:  torch.float32
  Converting to float16
  New shape:  (127, 64)
Processing variable: image_encoder.blocks.2.attn.rel_pos_w with shape:  torch.Size([127, 64])  and type:  torch.float32
  Converting to float16
  New shape:  (127, 64)
Processing variable: image_encoder.blocks.2.attn.qkv.weight with shape:  torch.Size([2304, 768])  and type:  torch.float32
  Converting to float16
  New shape:  (2304, 768)
Processing variable: image_encoder.blocks.2.attn.qkv.bias with shape:  torch.Size([2304])  and type:  torch.float32
  Converting to float32
  New shape:  (2304,)
Processing variable: image_encoder.blocks.2.attn.proj.weight with shape:  torch.Size([768, 768])  and type:  torch.float32
  Converting to float16
  New shape:  (768, 768)
Processing variable: image_encoder.blocks.2.attn.proj.bias with shape:  torch.Size([768])  and type:  torch.float32
  Converting to float32
  New shape:  (768,)
Processing variable: image_encoder.blocks.2.norm2.weight with shape:  torch.Size([768])  and type:  torch.float32
  Converting to float32
  New shape:  (768,)
Processing variable: image_encoder.blocks.2.norm2.bias with shape:  torch.Size([768])  and type:  torch.float32
  Converting to float32
  New shape:  (768,)
Processing variable: image_encoder.blocks.2.mlp.lin1.weight with shape:  torch.Size([3072, 768])  and type:  torch.float32
  Converting to float16
  New shape:  (3072, 768)
Processing variable: image_encoder.blocks.2.mlp.lin1.bias with shape:  torch.Size([3072])  and type:  torch.float32
  Converting to float32
  New shape:  (3072,)
Processing variable: image_encoder.blocks.2.mlp.lin2.weight with shape:  torch.Size([768, 3072])  and type:  torch.float32
  Converting to float16
  New shape:  (768, 3072)
Processing variable: image_encoder.blocks.2.mlp.lin2.bias with shape:  torch.Size([768])  and type:  torch.float32
  Converting to float32
  New shape:  (768,)
Processing variable: image_encoder.blocks.3.norm1.weight with shape:  torch.Size([768])  and type:  torch.float32
  Converting to float32
  New shape:  (768,)
Processing variable: image_encoder.blocks.3.norm1.bias with shape:  torch.Size([768])  and type:  torch.float32
  Converting to float32
  New shape:  (768,)
Processing variable: image_encoder.blocks.3.attn.rel_pos_h with shape:  torch.Size([27, 64])  and type:  torch.float32
  Converting to float16
  New shape:  (27, 64)
Processing variable: image_encoder.blocks.3.attn.rel_pos_w with shape:  torch.Size([27, 64])  and type:  torch.float32
  Converting to float16
  New shape:  (27, 64)
Processing variable: image_encoder.blocks.3.attn.qkv.weight with shape:  torch.Size([2304, 768])  and type:  torch.float32
  Converting to float16
  New shape:  (2304, 768)
Processing variable: image_encoder.blocks.3.attn.qkv.bias with shape:  torch.Size([2304])  and type:  torch.float32
  Converting to float32
  New shape:  (2304,)
Processing variable: image_encoder.blocks.3.attn.proj.weight with shape:  torch.Size([768, 768])  and type:  torch.float32
  Converting to float16
  New shape:  (768, 768)
Processing variable: image_encoder.blocks.3.attn.proj.bias with shape:  torch.Size([768])  and type:  torch.float32
  Converting to float32
  New shape:  (768,)
Processing variable: image_encoder.blocks.3.norm2.weight with shape:  torch.Size([768])  and type:  torch.float32
  Converting to float32
  New shape:  (768,)
Processing variable: image_encoder.blocks.3.norm2.bias with shape:  torch.Size([768])  and type:  torch.float32
  Converting to float32
  New shape:  (768,)
Processing variable: image_encoder.blocks.3.mlp.lin1.weight with shape:  torch.Size([3072, 768])  and type:  torch.float32
  Converting to float16
  New shape:  (3072, 768)
Processing variable: image_encoder.blocks.3.mlp.lin1.bias with shape:  torch.Size([3072])  and type:  torch.float32
  Converting to float32
  New shape:  (3072,)
Processing variable: image_encoder.blocks.3.mlp.lin2.weight with shape:  torch.Size([768, 3072])  and type:  torch.float32
  Converting to float16
  New shape:  (768, 3072)
Processing variable: image_encoder.blocks.3.mlp.lin2.bias with shape:  torch.Size([768])  and type:  torch.float32
  Converting to float32
  New shape:  (768,)
Processing variable: image_encoder.blocks.4.norm1.weight with shape:  torch.Size([768])  and type:  torch.float32
  Converting to float32
  New shape:  (768,)
Processing variable: image_encoder.blocks.4.norm1.bias with shape:  torch.Size([768])  and type:  torch.float32
  Converting to float32
  New shape:  (768,)
Processing variable: image_encoder.blocks.4.attn.rel_pos_h with shape:  torch.Size([27, 64])  and type:  torch.float32
  Converting to float16
  New shape:  (27, 64)
Processing variable: image_encoder.blocks.4.attn.rel_pos_w with shape:  torch.Size([27, 64])  and type:  torch.float32
  Converting to float16
  New shape:  (27, 64)
Processing variable: image_encoder.blocks.4.attn.qkv.weight with shape:  torch.Size([2304, 768])  and type:  torch.float32
  Converting to float16
  New shape:  (2304, 768)
Processing variable: image_encoder.blocks.4.attn.qkv.bias with shape:  torch.Size([2304])  and type:  torch.float32
  Converting to float32
  New shape:  (2304,)
Processing variable: image_encoder.blocks.4.attn.proj.weight with shape:  torch.Size([768, 768])  and type:  torch.float32
  Converting to float16
  New shape:  (768, 768)
Processing variable: image_encoder.blocks.4.attn.proj.bias with shape:  torch.Size([768])  and type:  torch.float32
  Converting to float32
  New shape:  (768,)
Processing variable: image_encoder.blocks.4.norm2.weight with shape:  torch.Size([768])  and type:  torch.float32
  Converting to float32
  New shape:  (768,)
Processing variable: image_encoder.blocks.4.norm2.bias with shape:  torch.Size([768])  and type:  torch.float32
  Converting to float32
  New shape:  (768,)
Processing variable: image_encoder.blocks.4.mlp.lin1.weight with shape:  torch.Size([3072, 768])  and type:  torch.float32
  Converting to float16
  New shape:  (3072, 768)
Processing variable: image_encoder.blocks.4.mlp.lin1.bias with shape:  torch.Size([3072])  and type:  torch.float32
  Converting to float32
  New shape:  (3072,)
Processing variable: image_encoder.blocks.4.mlp.lin2.weight with shape:  torch.Size([768, 3072])  and type:  torch.float32
  Converting to float16
  New shape:  (768, 3072)
Processing variable: image_encoder.blocks.4.mlp.lin2.bias with shape:  torch.Size([768])  and type:  torch.float32
  Converting to float32
  New shape:  (768,)
Processing variable: image_encoder.blocks.5.norm1.weight with shape:  torch.Size([768])  and type:  torch.float32
  Converting to float32
  New shape:  (768,)
Processing variable: image_encoder.blocks.5.norm1.bias with shape:  torch.Size([768])  and type:  torch.float32
  Converting to float32
  New shape:  (768,)
Processing variable: image_encoder.blocks.5.attn.rel_pos_h with shape:  torch.Size([127, 64])  and type:  torch.float32
  Converting to float16
  New shape:  (127, 64)
Processing variable: image_encoder.blocks.5.attn.rel_pos_w with shape:  torch.Size([127, 64])  and type:  torch.float32
  Converting to float16
  New shape:  (127, 64)
Processing variable: image_encoder.blocks.5.attn.qkv.weight with shape:  torch.Size([2304, 768])  and type:  torch.float32
  Converting to float16
  New shape:  (2304, 768)
Processing variable: image_encoder.blocks.5.attn.qkv.bias with shape:  torch.Size([2304])  and type:  torch.float32
  Converting to float32
  New shape:  (2304,)
Processing variable: image_encoder.blocks.5.attn.proj.weight with shape:  torch.Size([768, 768])  and type:  torch.float32
  Converting to float16
  New shape:  (768, 768)
Processing variable: image_encoder.blocks.5.attn.proj.bias with shape:  torch.Size([768])  and type:  torch.float32
  Converting to float32
  New shape:  (768,)
Processing variable: image_encoder.blocks.5.norm2.weight with shape:  torch.Size([768])  and type:  torch.float32
  Converting to float32
  New shape:  (768,)
Processing variable: image_encoder.blocks.5.norm2.bias with shape:  torch.Size([768])  and type:  torch.float32
  Converting to float32
  New shape:  (768,)
Processing variable: image_encoder.blocks.5.mlp.lin1.weight with shape:  torch.Size([3072, 768])  and type:  torch.float32
  Converting to float16
  New shape:  (3072, 768)
Processing variable: image_encoder.blocks.5.mlp.lin1.bias with shape:  torch.Size([3072])  and type:  torch.float32
  Converting to float32
  New shape:  (3072,)
Processing variable: image_encoder.blocks.5.mlp.lin2.weight with shape:  torch.Size([768, 3072])  and type:  torch.float32
  Converting to float16
  New shape:  (768, 3072)
Processing variable: image_encoder.blocks.5.mlp.lin2.bias with shape:  torch.Size([768])  and type:  torch.float32
  Converting to float32
  New shape:  (768,)
Processing variable: image_encoder.blocks.6.norm1.weight with shape:  torch.Size([768])  and type:  torch.float32
  Converting to float32
  New shape:  (768,)
Processing variable: image_encoder.blocks.6.norm1.bias with shape:  torch.Size([768])  and type:  torch.float32
  Converting to float32
  New shape:  (768,)
Processing variable: image_encoder.blocks.6.attn.rel_pos_h with shape:  torch.Size([27, 64])  and type:  torch.float32
  Converting to float16
  New shape:  (27, 64)
Processing variable: image_encoder.blocks.6.attn.rel_pos_w with shape:  torch.Size([27, 64])  and type:  torch.float32
  Converting to float16
  New shape:  (27, 64)
Processing variable: image_encoder.blocks.6.attn.qkv.weight with shape:  torch.Size([2304, 768])  and type:  torch.float32
  Converting to float16
  New shape:  (2304, 768)
Processing variable: image_encoder.blocks.6.attn.qkv.bias with shape:  torch.Size([2304])  and type:  torch.float32
  Converting to float32
  New shape:  (2304,)
Processing variable: image_encoder.blocks.6.attn.proj.weight with shape:  torch.Size([768, 768])  and type:  torch.float32
  Converting to float16
  New shape:  (768, 768)
Processing variable: image_encoder.blocks.6.attn.proj.bias with shape:  torch.Size([768])  and type:  torch.float32
  Converting to float32
  New shape:  (768,)
Processing variable: image_encoder.blocks.6.norm2.weight with shape:  torch.Size([768])  and type:  torch.float32
  Converting to float32
  New shape:  (768,)
Processing variable: image_encoder.blocks.6.norm2.bias with shape:  torch.Size([768])  and type:  torch.float32
  Converting to float32
  New shape:  (768,)
Processing variable: image_encoder.blocks.6.mlp.lin1.weight with shape:  torch.Size([3072, 768])  and type:  torch.float32
  Converting to float16
  New shape:  (3072, 768)
Processing variable: image_encoder.blocks.6.mlp.lin1.bias with shape:  torch.Size([3072])  and type:  torch.float32
  Converting to float32
  New shape:  (3072,)
Processing variable: image_encoder.blocks.6.mlp.lin2.weight with shape:  torch.Size([768, 3072])  and type:  torch.float32
  Converting to float16
  New shape:  (768, 3072)
Processing variable: image_encoder.blocks.6.mlp.lin2.bias with shape:  torch.Size([768])  and type:  torch.float32
  Converting to float32
  New shape:  (768,)
Processing variable: image_encoder.blocks.7.norm1.weight with shape:  torch.Size([768])  and type:  torch.float32
  Converting to float32
  New shape:  (768,)
Processing variable: image_encoder.blocks.7.norm1.bias with shape:  torch.Size([768])  and type:  torch.float32
  Converting to float32
  New shape:  (768,)
Processing variable: image_encoder.blocks.7.attn.rel_pos_h with shape:  torch.Size([27, 64])  and type:  torch.float32
  Converting to float16
  New shape:  (27, 64)
Processing variable: image_encoder.blocks.7.attn.rel_pos_w with shape:  torch.Size([27, 64])  and type:  torch.float32
  Converting to float16
  New shape:  (27, 64)
Processing variable: image_encoder.blocks.7.attn.qkv.weight with shape:  torch.Size([2304, 768])  and type:  torch.float32
  Converting to float16
  New shape:  (2304, 768)
Processing variable: image_encoder.blocks.7.attn.qkv.bias with shape:  torch.Size([2304])  and type:  torch.float32
  Converting to float32
  New shape:  (2304,)
Processing variable: image_encoder.blocks.7.attn.proj.weight with shape:  torch.Size([768, 768])  and type:  torch.float32
  Converting to float16
  New shape:  (768, 768)
Processing variable: image_encoder.blocks.7.attn.proj.bias with shape:  torch.Size([768])  and type:  torch.float32
  Converting to float32
  New shape:  (768,)
Processing variable: image_encoder.blocks.7.norm2.weight with shape:  torch.Size([768])  and type:  torch.float32
  Converting to float32
  New shape:  (768,)
Processing variable: image_encoder.blocks.7.norm2.bias with shape:  torch.Size([768])  and type:  torch.float32
  Converting to float32
  New shape:  (768,)
Processing variable: image_encoder.blocks.7.mlp.lin1.weight with shape:  torch.Size([3072, 768])  and type:  torch.float32
  Converting to float16
  New shape:  (3072, 768)
Processing variable: image_encoder.blocks.7.mlp.lin1.bias with shape:  torch.Size([3072])  and type:  torch.float32
  Converting to float32
  New shape:  (3072,)
Processing variable: image_encoder.blocks.7.mlp.lin2.weight with shape:  torch.Size([768, 3072])  and type:  torch.float32
  Converting to float16
  New shape:  (768, 3072)
Processing variable: image_encoder.blocks.7.mlp.lin2.bias with shape:  torch.Size([768])  and type:  torch.float32
  Converting to float32
  New shape:  (768,)
Processing variable: image_encoder.blocks.8.norm1.weight with shape:  torch.Size([768])  and type:  torch.float32
  Converting to float32
  New shape:  (768,)
Processing variable: image_encoder.blocks.8.norm1.bias with shape:  torch.Size([768])  and type:  torch.float32
  Converting to float32
  New shape:  (768,)
Processing variable: image_encoder.blocks.8.attn.rel_pos_h with shape:  torch.Size([127, 64])  and type:  torch.float32
  Converting to float16
  New shape:  (127, 64)
Processing variable: image_encoder.blocks.8.attn.rel_pos_w with shape:  torch.Size([127, 64])  and type:  torch.float32
  Converting to float16
  New shape:  (127, 64)
Processing variable: image_encoder.blocks.8.attn.qkv.weight with shape:  torch.Size([2304, 768])  and type:  torch.float32
  Converting to float16
  New shape:  (2304, 768)
Processing variable: image_encoder.blocks.8.attn.qkv.bias with shape:  torch.Size([2304])  and type:  torch.float32
  Converting to float32
  New shape:  (2304,)
Processing variable: image_encoder.blocks.8.attn.proj.weight with shape:  torch.Size([768, 768])  and type:  torch.float32
  Converting to float16
  New shape:  (768, 768)
Processing variable: image_encoder.blocks.8.attn.proj.bias with shape:  torch.Size([768])  and type:  torch.float32
  Converting to float32
  New shape:  (768,)
Processing variable: image_encoder.blocks.8.norm2.weight with shape:  torch.Size([768])  and type:  torch.float32
  Converting to float32
  New shape:  (768,)
Processing variable: image_encoder.blocks.8.norm2.bias with shape:  torch.Size([768])  and type:  torch.float32
  Converting to float32
  New shape:  (768,)
Processing variable: image_encoder.blocks.8.mlp.lin1.weight with shape:  torch.Size([3072, 768])  and type:  torch.float32
  Converting to float16
  New shape:  (3072, 768)
Processing variable: image_encoder.blocks.8.mlp.lin1.bias with shape:  torch.Size([3072])  and type:  torch.float32
  Converting to float32
  New shape:  (3072,)
Processing variable: image_encoder.blocks.8.mlp.lin2.weight with shape:  torch.Size([768, 3072])  and type:  torch.float32
  Converting to float16
  New shape:  (768, 3072)
Processing variable: image_encoder.blocks.8.mlp.lin2.bias with shape:  torch.Size([768])  and type:  torch.float32
  Converting to float32
  New shape:  (768,)
Processing variable: image_encoder.blocks.9.norm1.weight with shape:  torch.Size([768])  and type:  torch.float32
  Converting to float32
  New shape:  (768,)
Processing variable: image_encoder.blocks.9.norm1.bias with shape:  torch.Size([768])  and type:  torch.float32
  Converting to float32
  New shape:  (768,)
Processing variable: image_encoder.blocks.9.attn.rel_pos_h with shape:  torch.Size([27, 64])  and type:  torch.float32
  Converting to float16
  New shape:  (27, 64)
Processing variable: image_encoder.blocks.9.attn.rel_pos_w with shape:  torch.Size([27, 64])  and type:  torch.float32
  Converting to float16
  New shape:  (27, 64)
Processing variable: image_encoder.blocks.9.attn.qkv.weight with shape:  torch.Size([2304, 768])  and type:  torch.float32
  Converting to float16
  New shape:  (2304, 768)
Processing variable: image_encoder.blocks.9.attn.qkv.bias with shape:  torch.Size([2304])  and type:  torch.float32
  Converting to float32
  New shape:  (2304,)
Processing variable: image_encoder.blocks.9.attn.proj.weight with shape:  torch.Size([768, 768])  and type:  torch.float32
  Converting to float16
  New shape:  (768, 768)
Processing variable: image_encoder.blocks.9.attn.proj.bias with shape:  torch.Size([768])  and type:  torch.float32
  Converting to float32
  New shape:  (768,)
Processing variable: image_encoder.blocks.9.norm2.weight with shape:  torch.Size([768])  and type:  torch.float32
  Converting to float32
  New shape:  (768,)
Processing variable: image_encoder.blocks.9.norm2.bias with shape:  torch.Size([768])  and type:  torch.float32
  Converting to float32
  New shape:  (768,)
Processing variable: image_encoder.blocks.9.mlp.lin1.weight with shape:  torch.Size([3072, 768])  and type:  torch.float32
  Converting to float16
  New shape:  (3072, 768)
Processing variable: image_encoder.blocks.9.mlp.lin1.bias with shape:  torch.Size([3072])  and type:  torch.float32
  Converting to float32
  New shape:  (3072,)
Processing variable: image_encoder.blocks.9.mlp.lin2.weight with shape:  torch.Size([768, 3072])  and type:  torch.float32
  Converting to float16
  New shape:  (768, 3072)
Processing variable: image_encoder.blocks.9.mlp.lin2.bias with shape:  torch.Size([768])  and type:  torch.float32
  Converting to float32
  New shape:  (768,)
Processing variable: image_encoder.blocks.10.norm1.weight with shape:  torch.Size([768])  and type:  torch.float32
  Converting to float32
  New shape:  (768,)
Processing variable: image_encoder.blocks.10.norm1.bias with shape:  torch.Size([768])  and type:  torch.float32
  Converting to float32
  New shape:  (768,)
Processing variable: image_encoder.blocks.10.attn.rel_pos_h with shape:  torch.Size([27, 64])  and type:  torch.float32
  Converting to float16
  New shape:  (27, 64)
Processing variable: image_encoder.blocks.10.attn.rel_pos_w with shape:  torch.Size([27, 64])  and type:  torch.float32
  Converting to float16
  New shape:  (27, 64)
Processing variable: image_encoder.blocks.10.attn.qkv.weight with shape:  torch.Size([2304, 768])  and type:  torch.float32
  Converting to float16
  New shape:  (2304, 768)
Processing variable: image_encoder.blocks.10.attn.qkv.bias with shape:  torch.Size([2304])  and type:  torch.float32
  Converting to float32
  New shape:  (2304,)
Processing variable: image_encoder.blocks.10.attn.proj.weight with shape:  torch.Size([768, 768])  and type:  torch.float32
  Converting to float16
  New shape:  (768, 768)
Processing variable: image_encoder.blocks.10.attn.proj.bias with shape:  torch.Size([768])  and type:  torch.float32
  Converting to float32
  New shape:  (768,)
Processing variable: image_encoder.blocks.10.norm2.weight with shape:  torch.Size([768])  and type:  torch.float32
  Converting to float32
  New shape:  (768,)
Processing variable: image_encoder.blocks.10.norm2.bias with shape:  torch.Size([768])  and type:  torch.float32
  Converting to float32
  New shape:  (768,)
Processing variable: image_encoder.blocks.10.mlp.lin1.weight with shape:  torch.Size([3072, 768])  and type:  torch.float32
  Converting to float16
  New shape:  (3072, 768)
Processing variable: image_encoder.blocks.10.mlp.lin1.bias with shape:  torch.Size([3072])  and type:  torch.float32
  Converting to float32
  New shape:  (3072,)
Processing variable: image_encoder.blocks.10.mlp.lin2.weight with shape:  torch.Size([768, 3072])  and type:  torch.float32
  Converting to float16
  New shape:  (768, 3072)
Processing variable: image_encoder.blocks.10.mlp.lin2.bias with shape:  torch.Size([768])  and type:  torch.float32
  Converting to float32
  New shape:  (768,)
Processing variable: image_encoder.blocks.11.norm1.weight with shape:  torch.Size([768])  and type:  torch.float32
  Converting to float32
  New shape:  (768,)
Processing variable: image_encoder.blocks.11.norm1.bias with shape:  torch.Size([768])  and type:  torch.float32
  Converting to float32
  New shape:  (768,)
Processing variable: image_encoder.blocks.11.attn.rel_pos_h with shape:  torch.Size([127, 64])  and type:  torch.float32
  Converting to float16
  New shape:  (127, 64)
Processing variable: image_encoder.blocks.11.attn.rel_pos_w with shape:  torch.Size([127, 64])  and type:  torch.float32
  Converting to float16
  New shape:  (127, 64)
Processing variable: image_encoder.blocks.11.attn.qkv.weight with shape:  torch.Size([2304, 768])  and type:  torch.float32
  Converting to float16
  New shape:  (2304, 768)
Processing variable: image_encoder.blocks.11.attn.qkv.bias with shape:  torch.Size([2304])  and type:  torch.float32
  Converting to float32
  New shape:  (2304,)
Processing variable: image_encoder.blocks.11.attn.proj.weight with shape:  torch.Size([768, 768])  and type:  torch.float32
  Converting to float16
  New shape:  (768, 768)
Processing variable: image_encoder.blocks.11.attn.proj.bias with shape:  torch.Size([768])  and type:  torch.float32
  Converting to float32
  New shape:  (768,)
Processing variable: image_encoder.blocks.11.norm2.weight with shape:  torch.Size([768])  and type:  torch.float32
  Converting to float32
  New shape:  (768,)
Processing variable: image_encoder.blocks.11.norm2.bias with shape:  torch.Size([768])  and type:  torch.float32
  Converting to float32
  New shape:  (768,)
Processing variable: image_encoder.blocks.11.mlp.lin1.weight with shape:  torch.Size([3072, 768])  and type:  torch.float32
  Converting to float16
  New shape:  (3072, 768)
Processing variable: image_encoder.blocks.11.mlp.lin1.bias with shape:  torch.Size([3072])  and type:  torch.float32
  Converting to float32
  New shape:  (3072,)
Processing variable: image_encoder.blocks.11.mlp.lin2.weight with shape:  torch.Size([768, 3072])  and type:  torch.float32
  Converting to float16
  New shape:  (768, 3072)
Processing variable: image_encoder.blocks.11.mlp.lin2.bias with shape:  torch.Size([768])  and type:  torch.float32
  Converting to float32
  New shape:  (768,)
Processing variable: prompt_encoder.pe_layer.positional_encoding_gaussian_matrix with shape:  torch.Size([2, 128])  and type:  torch.float32
  Converting to float32
  New shape:  (2, 128)
Processing variable: mask_decoder.transformer.layers.0.self_attn.q_proj.weight with shape:  torch.Size([256, 256])  and type:  torch.float32
  Converting to float16
  New shape:  (256, 256)
Processing variable: mask_decoder.transformer.layers.0.self_attn.q_proj.bias with shape:  torch.Size([256])  and type:  torch.float32
  Converting to float32
  New shape:  (256,)
Processing variable: mask_decoder.transformer.layers.0.self_attn.k_proj.weight with shape:  torch.Size([256, 256])  and type:  torch.float32
  Converting to float16
  New shape:  (256, 256)
Processing variable: mask_decoder.transformer.layers.0.self_attn.k_proj.bias with shape:  torch.Size([256])  and type:  torch.float32
  Converting to float32
  New shape:  (256,)
Processing variable: mask_decoder.transformer.layers.0.self_attn.v_proj.weight with shape:  torch.Size([256, 256])  and type:  torch.float32
  Converting to float16
  New shape:  (256, 256)
Processing variable: mask_decoder.transformer.layers.0.self_attn.v_proj.bias with shape:  torch.Size([256])  and type:  torch.float32
  Converting to float32
  New shape:  (256,)
Processing variable: mask_decoder.transformer.layers.0.self_attn.out_proj.weight with shape:  torch.Size([256, 256])  and type:  torch.float32
  Converting to float16
  New shape:  (256, 256)
Processing variable: mask_decoder.transformer.layers.0.self_attn.out_proj.bias with shape:  torch.Size([256])  and type:  torch.float32
  Converting to float32
  New shape:  (256,)
Processing variable: mask_decoder.transformer.layers.0.norm1.weight with shape:  torch.Size([256])  and type:  torch.float32
  Converting to float32
  New shape:  (256,)
Processing variable: mask_decoder.transformer.layers.0.norm1.bias with shape:  torch.Size([256])  and type:  torch.float32
  Converting to float32
  New shape:  (256,)
Processing variable: mask_decoder.transformer.layers.0.cross_attn_token_to_image.q_proj.weight with shape:  torch.Size([128, 256])  and type:  torch.float32
  Converting to float16
  New shape:  (128, 256)
Processing variable: mask_decoder.transformer.layers.0.cross_attn_token_to_image.q_proj.bias with shape:  torch.Size([128])  and type:  torch.float32
  Converting to float32
  New shape:  (128,)
Processing variable: mask_decoder.transformer.layers.0.cross_attn_token_to_image.k_proj.weight with shape:  torch.Size([128, 256])  and type:  torch.float32
  Converting to float16
  New shape:  (128, 256)
Processing variable: mask_decoder.transformer.layers.0.cross_attn_token_to_image.k_proj.bias with shape:  torch.Size([128])  and type:  torch.float32
  Converting to float32
  New shape:  (128,)
Processing variable: mask_decoder.transformer.layers.0.cross_attn_token_to_image.v_proj.weight with shape:  torch.Size([128, 256])  and type:  torch.float32
  Converting to float16
  New shape:  (128, 256)
Processing variable: mask_decoder.transformer.layers.0.cross_attn_token_to_image.v_proj.bias with shape:  torch.Size([128])  and type:  torch.float32
  Converting to float32
  New shape:  (128,)
Processing variable: mask_decoder.transformer.layers.0.cross_attn_token_to_image.out_proj.weight with shape:  torch.Size([256, 128])  and type:  torch.float32
  Converting to float16
  New shape:  (256, 128)
Processing variable: mask_decoder.transformer.layers.0.cross_attn_token_to_image.out_proj.bias with shape:  torch.Size([256])  and type:  torch.float32
  Converting to float32
  New shape:  (256,)
Processing variable: mask_decoder.transformer.layers.0.norm2.weight with shape:  torch.Size([256])  and type:  torch.float32
  Converting to float32
  New shape:  (256,)
Processing variable: mask_decoder.transformer.layers.0.norm2.bias with shape:  torch.Size([256])  and type:  torch.float32
  Converting to float32
  New shape:  (256,)
Processing variable: mask_decoder.transformer.layers.0.mlp.lin1.weight with shape:  torch.Size([2048, 256])  and type:  torch.float32
  Converting to float16
  New shape:  (2048, 256)
Processing variable: mask_decoder.transformer.layers.0.mlp.lin1.bias with shape:  torch.Size([2048])  and type:  torch.float32
  Converting to float32
  New shape:  (2048,)
Processing variable: mask_decoder.transformer.layers.0.mlp.lin2.weight with shape:  torch.Size([256, 2048])  and type:  torch.float32
  Converting to float16
  New shape:  (256, 2048)
Processing variable: mask_decoder.transformer.layers.0.mlp.lin2.bias with shape:  torch.Size([256])  and type:  torch.float32
  Converting to float32
  New shape:  (256,)
Processing variable: mask_decoder.transformer.layers.0.norm3.weight with shape:  torch.Size([256])  and type:  torch.float32
  Converting to float32
  New shape:  (256,)
Processing variable: mask_decoder.transformer.layers.0.norm3.bias with shape:  torch.Size([256])  and type:  torch.float32
  Converting to float32
  New shape:  (256,)
Processing variable: mask_decoder.transformer.layers.0.norm4.weight with shape:  torch.Size([256])  and type:  torch.float32
  Converting to float32
  New shape:  (256,)
Processing variable: mask_decoder.transformer.layers.0.norm4.bias with shape:  torch.Size([256])  and type:  torch.float32
  Converting to float32
  New shape:  (256,)
Processing variable: mask_decoder.transformer.layers.0.cross_attn_image_to_token.q_proj.weight with shape:  torch.Size([128, 256])  and type:  torch.float32
  Converting to float16
  New shape:  (128, 256)
Processing variable: mask_decoder.transformer.layers.0.cross_attn_image_to_token.q_proj.bias with shape:  torch.Size([128])  and type:  torch.float32
  Converting to float32
  New shape:  (128,)
Processing variable: mask_decoder.transformer.layers.0.cross_attn_image_to_token.k_proj.weight with shape:  torch.Size([128, 256])  and type:  torch.float32
  Converting to float16
  New shape:  (128, 256)
Processing variable: mask_decoder.transformer.layers.0.cross_attn_image_to_token.k_proj.bias with shape:  torch.Size([128])  and type:  torch.float32
  Converting to float32
  New shape:  (128,)
Processing variable: mask_decoder.transformer.layers.0.cross_attn_image_to_token.v_proj.weight with shape:  torch.Size([128, 256])  and type:  torch.float32
  Converting to float16
  New shape:  (128, 256)
Processing variable: mask_decoder.transformer.layers.0.cross_attn_image_to_token.v_proj.bias with shape:  torch.Size([128])  and type:  torch.float32
  Converting to float32
  New shape:  (128,)
Processing variable: mask_decoder.transformer.layers.0.cross_attn_image_to_token.out_proj.weight with shape:  torch.Size([256, 128])  and type:  torch.float32
  Converting to float16
  New shape:  (256, 128)
Processing variable: mask_decoder.transformer.layers.0.cross_attn_image_to_token.out_proj.bias with shape:  torch.Size([256])  and type:  torch.float32
  Converting to float32
  New shape:  (256,)
Processing variable: mask_decoder.transformer.layers.1.self_attn.q_proj.weight with shape:  torch.Size([256, 256])  and type:  torch.float32
  Converting to float16
  New shape:  (256, 256)
Processing variable: mask_decoder.transformer.layers.1.self_attn.q_proj.bias with shape:  torch.Size([256])  and type:  torch.float32
  Converting to float32
  New shape:  (256,)
Processing variable: mask_decoder.transformer.layers.1.self_attn.k_proj.weight with shape:  torch.Size([256, 256])  and type:  torch.float32
  Converting to float16
  New shape:  (256, 256)
Processing variable: mask_decoder.transformer.layers.1.self_attn.k_proj.bias with shape:  torch.Size([256])  and type:  torch.float32
  Converting to float32
  New shape:  (256,)
Processing variable: mask_decoder.transformer.layers.1.self_attn.v_proj.weight with shape:  torch.Size([256, 256])  and type:  torch.float32
  Converting to float16
  New shape:  (256, 256)
Processing variable: mask_decoder.transformer.layers.1.self_attn.v_proj.bias with shape:  torch.Size([256])  and type:  torch.float32
  Converting to float32
  New shape:  (256,)
Processing variable: mask_decoder.transformer.layers.1.self_attn.out_proj.weight with shape:  torch.Size([256, 256])  and type:  torch.float32
  Converting to float16
  New shape:  (256, 256)
Processing variable: mask_decoder.transformer.layers.1.self_attn.out_proj.bias with shape:  torch.Size([256])  and type:  torch.float32
  Converting to float32
  New shape:  (256,)
Processing variable: mask_decoder.transformer.layers.1.norm1.weight with shape:  torch.Size([256])  and type:  torch.float32
  Converting to float32
  New shape:  (256,)
Processing variable: mask_decoder.transformer.layers.1.norm1.bias with shape:  torch.Size([256])  and type:  torch.float32
  Converting to float32
  New shape:  (256,)
Processing variable: mask_decoder.transformer.layers.1.cross_attn_token_to_image.q_proj.weight with shape:  torch.Size([128, 256])  and type:  torch.float32
  Converting to float16
  New shape:  (128, 256)
Processing variable: mask_decoder.transformer.layers.1.cross_attn_token_to_image.q_proj.bias with shape:  torch.Size([128])  and type:  torch.float32
  Converting to float32
  New shape:  (128,)
Processing variable: mask_decoder.transformer.layers.1.cross_attn_token_to_image.k_proj.weight with shape:  torch.Size([128, 256])  and type:  torch.float32
  Converting to float16
  New shape:  (128, 256)
Processing variable: mask_decoder.transformer.layers.1.cross_attn_token_to_image.k_proj.bias with shape:  torch.Size([128])  and type:  torch.float32
  Converting to float32
  New shape:  (128,)
Processing variable: mask_decoder.transformer.layers.1.cross_attn_token_to_image.v_proj.weight with shape:  torch.Size([128, 256])  and type:  torch.float32
  Converting to float16
  New shape:  (128, 256)
Processing variable: mask_decoder.transformer.layers.1.cross_attn_token_to_image.v_proj.bias with shape:  torch.Size([128])  and type:  torch.float32
  Converting to float32
  New shape:  (128,)
Processing variable: mask_decoder.transformer.layers.1.cross_attn_token_to_image.out_proj.weight with shape:  torch.Size([256, 128])  and type:  torch.float32
  Converting to float16
  New shape:  (256, 128)
Processing variable: mask_decoder.transformer.layers.1.cross_attn_token_to_image.out_proj.bias with shape:  torch.Size([256])  and type:  torch.float32
  Converting to float32
  New shape:  (256,)
Processing variable: mask_decoder.transformer.layers.1.norm2.weight with shape:  torch.Size([256])  and type:  torch.float32
  Converting to float32
  New shape:  (256,)
Processing variable: mask_decoder.transformer.layers.1.norm2.bias with shape:  torch.Size([256])  and type:  torch.float32
  Converting to float32
  New shape:  (256,)
Processing variable: mask_decoder.transformer.layers.1.mlp.lin1.weight with shape:  torch.Size([2048, 256])  and type:  torch.float32
  Converting to float16
  New shape:  (2048, 256)
Processing variable: mask_decoder.transformer.layers.1.mlp.lin1.bias with shape:  torch.Size([2048])  and type:  torch.float32
  Converting to float32
  New shape:  (2048,)
Processing variable: mask_decoder.transformer.layers.1.mlp.lin2.weight with shape:  torch.Size([256, 2048])  and type:  torch.float32
  Converting to float16
  New shape:  (256, 2048)
Processing variable: mask_decoder.transformer.layers.1.mlp.lin2.bias with shape:  torch.Size([256])  and type:  torch.float32
  Converting to float32
  New shape:  (256,)
Processing variable: mask_decoder.transformer.layers.1.norm3.weight with shape:  torch.Size([256])  and type:  torch.float32
  Converting to float32
  New shape:  (256,)
Processing variable: mask_decoder.transformer.layers.1.norm3.bias with shape:  torch.Size([256])  and type:  torch.float32
  Converting to float32
  New shape:  (256,)
Processing variable: mask_decoder.transformer.layers.1.norm4.weight with shape:  torch.Size([256])  and type:  torch.float32
  Converting to float32
  New shape:  (256,)
Processing variable: mask_decoder.transformer.layers.1.norm4.bias with shape:  torch.Size([256])  and type:  torch.float32
  Converting to float32
  New shape:  (256,)
Processing variable: mask_decoder.transformer.layers.1.cross_attn_image_to_token.q_proj.weight with shape:  torch.Size([128, 256])  and type:  torch.float32
  Converting to float16
  New shape:  (128, 256)
Processing variable: mask_decoder.transformer.layers.1.cross_attn_image_to_token.q_proj.bias with shape:  torch.Size([128])  and type:  torch.float32
  Converting to float32
  New shape:  (128,)
Processing variable: mask_decoder.transformer.layers.1.cross_attn_image_to_token.k_proj.weight with shape:  torch.Size([128, 256])  and type:  torch.float32
  Converting to float16
  New shape:  (128, 256)
Processing variable: mask_decoder.transformer.layers.1.cross_attn_image_to_token.k_proj.bias with shape:  torch.Size([128])  and type:  torch.float32
  Converting to float32
  New shape:  (128,)
Processing variable: mask_decoder.transformer.layers.1.cross_attn_image_to_token.v_proj.weight with shape:  torch.Size([128, 256])  and type:  torch.float32
  Converting to float16
  New shape:  (128, 256)
Processing variable: mask_decoder.transformer.layers.1.cross_attn_image_to_token.v_proj.bias with shape:  torch.Size([128])  and type:  torch.float32
  Converting to float32
  New shape:  (128,)
Processing variable: mask_decoder.transformer.layers.1.cross_attn_image_to_token.out_proj.weight with shape:  torch.Size([256, 128])  and type:  torch.float32
  Converting to float16
  New shape:  (256, 128)
Processing variable: mask_decoder.transformer.layers.1.cross_attn_image_to_token.out_proj.bias with shape:  torch.Size([256])  and type:  torch.float32
  Converting to float32
  New shape:  (256,)
Processing variable: mask_decoder.transformer.final_attn_token_to_image.q_proj.weight with shape:  torch.Size([128, 256])  and type:  torch.float32
  Converting to float16
  New shape:  (128, 256)
Processing variable: mask_decoder.transformer.final_attn_token_to_image.q_proj.bias with shape:  torch.Size([128])  and type:  torch.float32
  Converting to float32
  New shape:  (128,)
Processing variable: mask_decoder.transformer.final_attn_token_to_image.k_proj.weight with shape:  torch.Size([128, 256])  and type:  torch.float32
  Converting to float16
  New shape:  (128, 256)
Processing variable: mask_decoder.transformer.final_attn_token_to_image.k_proj.bias with shape:  torch.Size([128])  and type:  torch.float32
  Converting to float32
  New shape:  (128,)
Processing variable: mask_decoder.transformer.final_attn_token_to_image.v_proj.weight with shape:  torch.Size([128, 256])  and type:  torch.float32
  Converting to float16
  New shape:  (128, 256)
Processing variable: mask_decoder.transformer.final_attn_token_to_image.v_proj.bias with shape:  torch.Size([128])  and type:  torch.float32
  Converting to float32
  New shape:  (128,)
Processing variable: mask_decoder.transformer.final_attn_token_to_image.out_proj.weight with shape:  torch.Size([256, 128])  and type:  torch.float32
  Converting to float16
  New shape:  (256, 128)
Processing variable: mask_decoder.transformer.final_attn_token_to_image.out_proj.bias with shape:  torch.Size([256])  and type:  torch.float32
  Converting to float32
  New shape:  (256,)
Processing variable: mask_decoder.transformer.norm_final_attn.weight with shape:  torch.Size([256])  and type:  torch.float32
  Converting to float32
  New shape:  (256,)
Processing variable: mask_decoder.transformer.norm_final_attn.bias with shape:  torch.Size([256])  and type:  torch.float32
  Converting to float32
  New shape:  (256,)
Processing variable: prompt_encoder.point_embeddings.0.weight with shape:  torch.Size([1, 256])  and type:  torch.float32
  Converting to float32
  New shape:  (1, 256)
Processing variable: prompt_encoder.point_embeddings.1.weight with shape:  torch.Size([1, 256])  and type:  torch.float32
  Converting to float32
  New shape:  (1, 256)
Processing variable: prompt_encoder.point_embeddings.2.weight with shape:  torch.Size([1, 256])  and type:  torch.float32
  Converting to float32
  New shape:  (1, 256)
Processing variable: prompt_encoder.point_embeddings.3.weight with shape:  torch.Size([1, 256])  and type:  torch.float32
  Converting to float32
  New shape:  (1, 256)
Processing variable: prompt_encoder.not_a_point_embed.weight with shape:  torch.Size([1, 256])  and type:  torch.float32
  Converting to float32
  New shape:  (1, 256)
Processing variable: mask_decoder.output_upscaling.0.weight with shape:  torch.Size([256, 64, 2, 2])  and type:  torch.float32
  Converting to float16
  New shape:  (256, 64, 2, 2)
Processing variable: mask_decoder.output_upscaling.0.bias with shape:  torch.Size([64])  and type:  torch.float32
  Converting to float32
  New shape:  (64,)
Processing variable: mask_decoder.output_upscaling.1.weight with shape:  torch.Size([64])  and type:  torch.float32
  Converting to float32
  New shape:  (64,)
Processing variable: mask_decoder.output_upscaling.1.bias with shape:  torch.Size([64])  and type:  torch.float32
  Converting to float32
  New shape:  (64,)
Processing variable: mask_decoder.output_upscaling.3.weight with shape:  torch.Size([64, 32, 2, 2])  and type:  torch.float32
  Converting to float16
  New shape:  (64, 32, 2, 2)
Processing variable: mask_decoder.output_upscaling.3.bias with shape:  torch.Size([32])  and type:  torch.float32
  Converting to float32
  New shape:  (32,)
Processing variable: mask_decoder.output_hypernetworks_mlps.0.layers.0.weight with shape:  torch.Size([256, 256])  and type:  torch.float32
  Converting to float16
  New shape:  (256, 256)
Processing variable: mask_decoder.output_hypernetworks_mlps.0.layers.0.bias with shape:  torch.Size([256])  and type:  torch.float32
  Converting to float32
  New shape:  (256,)
Processing variable: mask_decoder.output_hypernetworks_mlps.0.layers.1.weight with shape:  torch.Size([256, 256])  and type:  torch.float32
  Converting to float16
  New shape:  (256, 256)
Processing variable: mask_decoder.output_hypernetworks_mlps.0.layers.1.bias with shape:  torch.Size([256])  and type:  torch.float32
  Converting to float32
  New shape:  (256,)
Processing variable: mask_decoder.output_hypernetworks_mlps.0.layers.2.weight with shape:  torch.Size([32, 256])  and type:  torch.float32
  Converting to float16
  New shape:  (32, 256)
Processing variable: mask_decoder.output_hypernetworks_mlps.0.layers.2.bias with shape:  torch.Size([32])  and type:  torch.float32
  Converting to float32
  New shape:  (32,)
Processing variable: mask_decoder.output_hypernetworks_mlps.1.layers.0.weight with shape:  torch.Size([256, 256])  and type:  torch.float32
  Converting to float16
  New shape:  (256, 256)
Processing variable: mask_decoder.output_hypernetworks_mlps.1.layers.0.bias with shape:  torch.Size([256])  and type:  torch.float32
  Converting to float32
  New shape:  (256,)
Processing variable: mask_decoder.output_hypernetworks_mlps.1.layers.1.weight with shape:  torch.Size([256, 256])  and type:  torch.float32
  Converting to float16
  New shape:  (256, 256)
Processing variable: mask_decoder.output_hypernetworks_mlps.1.layers.1.bias with shape:  torch.Size([256])  and type:  torch.float32
  Converting to float32
  New shape:  (256,)
Processing variable: mask_decoder.output_hypernetworks_mlps.1.layers.2.weight with shape:  torch.Size([32, 256])  and type:  torch.float32
  Converting to float16
  New shape:  (32, 256)
Processing variable: mask_decoder.output_hypernetworks_mlps.1.layers.2.bias with shape:  torch.Size([32])  and type:  torch.float32
  Converting to float32
  New shape:  (32,)
Processing variable: mask_decoder.output_hypernetworks_mlps.2.layers.0.weight with shape:  torch.Size([256, 256])  and type:  torch.float32
  Converting to float16
  New shape:  (256, 256)
Processing variable: mask_decoder.output_hypernetworks_mlps.2.layers.0.bias with shape:  torch.Size([256])  and type:  torch.float32
  Converting to float32
  New shape:  (256,)
Processing variable: mask_decoder.output_hypernetworks_mlps.2.layers.1.weight with shape:  torch.Size([256, 256])  and type:  torch.float32
  Converting to float16
  New shape:  (256, 256)
Processing variable: mask_decoder.output_hypernetworks_mlps.2.layers.1.bias with shape:  torch.Size([256])  and type:  torch.float32
  Converting to float32
  New shape:  (256,)
Processing variable: mask_decoder.output_hypernetworks_mlps.2.layers.2.weight with shape:  torch.Size([32, 256])  and type:  torch.float32
  Converting to float16
  New shape:  (32, 256)
Processing variable: mask_decoder.output_hypernetworks_mlps.2.layers.2.bias with shape:  torch.Size([32])  and type:  torch.float32
  Converting to float32
  New shape:  (32,)
Processing variable: mask_decoder.output_hypernetworks_mlps.3.layers.0.weight with shape:  torch.Size([256, 256])  and type:  torch.float32
  Converting to float16
  New shape:  (256, 256)
Processing variable: mask_decoder.output_hypernetworks_mlps.3.layers.0.bias with shape:  torch.Size([256])  and type:  torch.float32
  Converting to float32
  New shape:  (256,)
Processing variable: mask_decoder.output_hypernetworks_mlps.3.layers.1.weight with shape:  torch.Size([256, 256])  and type:  torch.float32
  Converting to float16
  New shape:  (256, 256)
Processing variable: mask_decoder.output_hypernetworks_mlps.3.layers.1.bias with shape:  torch.Size([256])  and type:  torch.float32
  Converting to float32
  New shape:  (256,)
Processing variable: mask_decoder.output_hypernetworks_mlps.3.layers.2.weight with shape:  torch.Size([32, 256])  and type:  torch.float32
  Converting to float16
  New shape:  (32, 256)
Processing variable: mask_decoder.output_hypernetworks_mlps.3.layers.2.bias with shape:  torch.Size([32])  and type:  torch.float32
  Converting to float32
  New shape:  (32,)
Processing variable: prompt_encoder.no_mask_embed.weight with shape:  torch.Size([1, 256])  and type:  torch.float32
  Converting to float32
  New shape:  (1, 256)
Processing variable: mask_decoder.iou_prediction_head.layers.0.weight with shape:  torch.Size([256, 256])  and type:  torch.float32
  Converting to float16
  New shape:  (256, 256)
Processing variable: mask_decoder.iou_prediction_head.layers.0.bias with shape:  torch.Size([256])  and type:  torch.float32
  Converting to float32
  New shape:  (256,)
Processing variable: mask_decoder.iou_prediction_head.layers.1.weight with shape:  torch.Size([256, 256])  and type:  torch.float32
  Converting to float16
  New shape:  (256, 256)
Processing variable: mask_decoder.iou_prediction_head.layers.1.bias with shape:  torch.Size([256])  and type:  torch.float32
  Converting to float32
  New shape:  (256,)
Processing variable: mask_decoder.iou_prediction_head.layers.2.weight with shape:  torch.Size([4, 256])  and type:  torch.float32
  Converting to float16
  New shape:  (4, 256)
Processing variable: mask_decoder.iou_prediction_head.layers.2.bias with shape:  torch.Size([4])  and type:  torch.float32
  Converting to float32
  New shape:  (4,)
Processing variable: mask_decoder.iou_token.weight with shape:  torch.Size([1, 256])  and type:  torch.float32
  Converting to float32
  New shape:  (1, 256)
Processing variable: mask_decoder.mask_tokens.weight with shape:  torch.Size([4, 256])  and type:  torch.float32
  Converting to float32
  New shape:  (4, 256)
Processing variable: image_encoder.pos_embed with shape:  torch.Size([1, 64, 64, 768])  and type:  torch.float32
  Converting to float32
  New shape:  (1, 64, 64, 768)
Done. Output file: ../models-mnt/sam///ggml-model-f16.bin

+ tee -a /home/ggml/results/ggml/10/e83a412717c20d57ba19f025248e18e43addf3/ggml-4-x86-cuda-v100/sam-main.log
+ ./bin/sam -m ../models-mnt/sam//ggml-model-f16.bin -i ../models-mnt/sam//img.jpg
main: seed = 1725627009
main: loaded image '../models-mnt/sam//img.jpg' (680 x 453)
sam_image_preprocess: scale = 0.664062
main: preprocessed image (1024 x 1024)
sam_model_load: loading model from '../models-mnt/sam//ggml-model-f16.bin' - please wait ...
operator(): ggml ctx size = 202.33 MB
sam_model_load: .sam_model_load: n_enc_state      = 768
sam_model_load: n_enc_layer      = 12
sam_model_load: n_enc_head       = 12
sam_model_load: n_enc_out_chans  = 256
sam_model_load: n_pt_embd        = 4
sam_model_load: ftype            = 1
sam_model_load: qntvr            = 0
..................................... done
sam_model_load: model size =   185.05 MB / num tensors = 304
prompt: (414.375000, 162.796875)


main:     load time =   122.33 ms
main:    total time = 16334.34 ms
embd_img
dims:  64  64  256  1 f32
First & Last 10 elements:
-0.05102 -0.06347 -0.07116 -0.06839 -0.06826 -0.06971 -0.07147 -0.07087 -0.06774 -0.05427 
0.01573 0.01771 0.02243 0.01668 0.01753 0.01666 0.01794 0.02045 0.02100 0.03389 
sum:  12757.176208

Skipping mask 0 with iou 0.706147 below threshold 0.880000
Skipping mask 1 with iou 0.762448 below threshold 0.880000
Mask 2: iou = 0.947083, stability_score = 0.956250, bbox (371, 436), (144, 168)

real	0m16.377s
user	1m3.877s
sys	0m0.710s
+ grep -q 'bbox (371, 436), (144, 168)' /home/ggml/results/ggml/10/e83a412717c20d57ba19f025248e18e43addf3/ggml-4-x86-cuda-v100/sam-main.log
+ set +e
+ cur=0
+ echo 0
+ set +x
+ gg_run_yolo
+ cd /home/ggml/work/ggml
+ gg_wget models-mnt/yolo/ https://huggingface.co/ggml-org/models/resolve/main/yolo/yolov3-tiny.weights
+ local out=models-mnt/yolo/
+ local url=https://huggingface.co/ggml-org/models/resolve/main/yolo/yolov3-tiny.weights
+ tee /home/ggml/results/ggml/10/e83a412717c20d57ba19f025248e18e43addf3/ggml-4-x86-cuda-v100/yolo.log
++ pwd
+ local cwd=/home/ggml/work/ggml
+ mkdir -p models-mnt/yolo/
+ cd models-mnt/yolo/
+ wget -nv -N https://huggingface.co/ggml-org/models/resolve/main/yolo/yolov3-tiny.weights
+ cd /home/ggml/work/ggml
+ gg_wget models-mnt/yolo/ https://huggingface.co/ggml-org/models/resolve/main/yolo/dog.jpg
+ local out=models-mnt/yolo/
+ local url=https://huggingface.co/ggml-org/models/resolve/main/yolo/dog.jpg
++ pwd
+ local cwd=/home/ggml/work/ggml
+ mkdir -p models-mnt/yolo/
+ cd models-mnt/yolo/
+ wget -nv -N https://huggingface.co/ggml-org/models/resolve/main/yolo/dog.jpg
Last-modified header missing -- time-stamps turned off.
2024-09-06 12:50:25 URL:https://huggingface.co/ggml-org/models/resolve/main/yolo/dog.jpg [163759/163759] -> "dog.jpg" [1]
+ cd /home/ggml/work/ggml
+ cd build-ci-release
+ cp -r ../examples/yolo/data .
+ set -e
+ path_models=../models-mnt/yolo/
+ python3 ../examples/yolo/convert-yolov3-tiny.py ../models-mnt/yolo//yolov3-tiny.weights
../models-mnt/yolo//yolov3-tiny.weights converted to yolov3-tiny.gguf
+ tee -a /home/ggml/results/ggml/10/e83a412717c20d57ba19f025248e18e43addf3/ggml-4-x86-cuda-v100/yolo-main.log
+ ./bin/yolov3-tiny -m yolov3-tiny.gguf -i ../models-mnt/yolo//dog.jpg
load_model: using CUDA backend
ggml_cuda_init: GGML_CUDA_FORCE_MMQ:    no
ggml_cuda_init: GGML_CUDA_FORCE_CUBLAS: no
ggml_cuda_init: found 1 CUDA devices:
  Device 0: Tesla V100-PCIE-16GB, compute capability 7.0, VMM: yes
Layer  0 output shape:  416 x 416 x   16 x   1
Layer  1 output shape:  208 x 208 x   16 x   1
Layer  2 output shape:  208 x 208 x   32 x   1
Layer  3 output shape:  104 x 104 x   32 x   1
Layer  4 output shape:  104 x 104 x   64 x   1
Layer  5 output shape:   52 x  52 x   64 x   1
Layer  6 output shape:   52 x  52 x  128 x   1
Layer  7 output shape:   26 x  26 x  128 x   1
Layer  8 output shape:   26 x  26 x  256 x   1
Layer  9 output shape:   13 x  13 x  256 x   1
Layer 10 output shape:   13 x  13 x  512 x   1
Layer 11 output shape:   13 x  13 x  512 x   1
Layer 12 output shape:   13 x  13 x 1024 x   1
Layer 13 output shape:   13 x  13 x  256 x   1
Layer 14 output shape:   13 x  13 x  512 x   1
Layer 15 output shape:   13 x  13 x  255 x   1
Layer 18 output shape:   13 x  13 x  128 x   1
Layer 19 output shape:   26 x  26 x  128 x   1
Layer 20 output shape:   26 x  26 x  384 x   1
Layer 21 output shape:   26 x  26 x  256 x   1
Layer 22 output shape:   26 x  26 x  255 x   1
dog: 57%
car: 52%
truck: 55%
car: 62%
bicycle: 59%
Detected objects saved in 'predictions.jpg' (time: 0.059000 sec.)

real	0m0.683s
user	0m0.130s
sys	0m0.536s
+ grep -qE 'dog: (55|56|57|58|59)%' /home/ggml/results/ggml/10/e83a412717c20d57ba19f025248e18e43addf3/ggml-4-x86-cuda-v100/yolo-main.log
+ grep -qE 'car: (50|51|52|53|54)%' /home/ggml/results/ggml/10/e83a412717c20d57ba19f025248e18e43addf3/ggml-4-x86-cuda-v100/yolo-main.log
+ grep -qE 'truck: (54|55|56|57|58)%' /home/ggml/results/ggml/10/e83a412717c20d57ba19f025248e18e43addf3/ggml-4-x86-cuda-v100/yolo-main.log
+ grep -qE 'bicycle: (57|58|59|60|61)%' /home/ggml/results/ggml/10/e83a412717c20d57ba19f025248e18e43addf3/ggml-4-x86-cuda-v100/yolo-main.log
+ set +e
+ cur=0
+ echo 0
+ set +x
Fri Sep  6 12:50:26 UTC 2024
