+ cmake -DCMAKE_BUILD_TYPE=Release ..
-- The C compiler identification is GNU 11.4.0
-- The CXX compiler identification is GNU 11.4.0
-- Detecting C compiler ABI info
-- Detecting C compiler ABI info - done
-- Check for working C compiler: /usr/bin/cc - skipped
-- Detecting C compile features
-- Detecting C compile features - done
-- Detecting CXX compiler ABI info
-- Detecting CXX compiler ABI info - done
-- Check for working CXX compiler: /usr/bin/c++ - skipped
-- Detecting CXX compile features
-- Detecting CXX compile features - done
-- Looking for pthread.h
-- Looking for pthread.h - found
-- Performing Test CMAKE_HAVE_LIBC_PTHREAD
-- Performing Test CMAKE_HAVE_LIBC_PTHREAD - Success
-- Found Threads: TRUE  
-- Found OpenMP_C: -fopenmp (found version "4.5") 
-- Found OpenMP_CXX: -fopenmp (found version "4.5") 
-- Found OpenMP: TRUE (found version "4.5")  
-- OpenMP found
-- ccache found, compilation results will be cached. Disable with GGML_CCACHE=OFF.
-- CMAKE_SYSTEM_PROCESSOR: x86_64
-- x86 detected
-- x86 detected
-- Linux detected
-- Configuring done
-- Generating done
-- Build files have been written to: /home/ggml/work/ggml/build-ci-release

real	0m0.602s
user	0m0.417s
sys	0m0.188s
+ make -j
[  1%] Building CXX object examples/CMakeFiles/common.dir/common.cpp.o
[  2%] Building C object src/CMakeFiles/ggml.dir/ggml-quants.c.o
[  3%] Building C object src/CMakeFiles/ggml.dir/ggml.c.o
[  4%] Building C object src/CMakeFiles/ggml.dir/ggml-alloc.c.o
[  5%] Building C object src/CMakeFiles/ggml.dir/ggml-backend.c.o
[  6%] Building C object src/CMakeFiles/ggml.dir/ggml-aarch64.c.o
[  7%] Linking C shared library libggml.so
[  8%] Linking CXX static library libcommon.a
[  8%] Built target common
[  8%] Built target ggml
[  9%] Building C object tests/CMakeFiles/test-vec1.dir/test-vec1.c.o
[ 10%] Building CXX object tests/CMakeFiles/test-grad0.dir/test-grad0.cpp.o
[ 11%] Building C object tests/CMakeFiles/test-vec0.dir/test-vec0.c.o
[ 12%] Building CXX object tests/CMakeFiles/test-quantize-fns.dir/test-quantize-fns.cpp.o
[ 13%] Building CXX object tests/CMakeFiles/test-opt.dir/test-opt.cpp.o
[ 14%] Building CXX object tests/CMakeFiles/test-quantize-perf.dir/test-quantize-perf.cpp.o
[ 15%] Building C object tests/CMakeFiles/test-mul-mat0.dir/test-mul-mat0.c.o
[ 16%] Building C object tests/CMakeFiles/test-mul-mat2.dir/test-mul-mat2.c.o
[ 18%] Building C object tests/CMakeFiles/test0.dir/test0.c.o
[ 18%] Linking CXX executable ../bin/test-grad0
[ 20%] Linking C executable ../bin/test-vec1
[ 21%] Linking C executable ../bin/test-vec0
[ 22%] Building C object tests/CMakeFiles/test-pool.dir/test-pool.c.o
[ 23%] Building C object tests/CMakeFiles/test3.dir/test3.c.o
[ 24%] Building C object tests/CMakeFiles/test1.dir/test1.c.o
[ 25%] Linking CXX executable ../bin/test-opt
[ 26%] Linking CXX executable ../bin/test-quantize-fns
[ 27%] Linking C executable ../bin/test0
[ 28%] Building C object tests/CMakeFiles/test2.dir/test2.c.o
[ 29%] Linking C executable ../bin/test-mul-mat0
[ 30%] Linking CXX executable ../bin/test-quantize-perf
[ 31%] Linking C executable ../bin/test-pool
[ 32%] Building CXX object tests/CMakeFiles/test-arange.dir/test-arange.cpp.o
[ 33%] Linking C executable ../bin/test3
[ 34%] Building C object tests/CMakeFiles/test-conv-transpose.dir/test-conv-transpose.c.o
[ 35%] Building CXX object tests/CMakeFiles/test-conv1d.dir/test-conv1d.cpp.o
[ 36%] Building CXX object tests/CMakeFiles/test-timestep_embedding.dir/test-timestep_embedding.cpp.o
[ 36%] Built target test-vec0
[ 37%] Linking C executable ../bin/test1
[ 37%] Built target test-vec1
[ 38%] Building CXX object tests/CMakeFiles/test-conv-transpose-1d.dir/test-conv-transpose-1d.cpp.o
[ 40%] Linking C executable ../bin/test2
[ 41%] Linking C executable ../bin/test-mul-mat2
[ 42%] Building C object tests/CMakeFiles/test-customop.dir/test-customop.c.o
[ 43%] Linking CXX executable ../bin/test-conv-transpose-1d
[ 44%] Linking CXX executable ../bin/test-conv1d
[ 45%] Building C object tests/CMakeFiles/test-dup.dir/test-dup.c.o
[ 45%] Built target test-mul-mat0
[ 46%] Linking CXX executable ../bin/test-arange
[ 47%] Building C object tests/CMakeFiles/test-rel-pos.dir/test-rel-pos.c.o
[ 48%] Linking CXX executable ../bin/test-timestep_embedding
[ 49%] Linking C executable ../bin/test-customop
[ 50%] Building CXX object tests/CMakeFiles/test-conv2d.dir/test-conv2d.cpp.o
[ 50%] Built target test0
[ 50%] Built target test-pool
[ 50%] Built target test-quantize-fns
[ 51%] Building CXX object tests/CMakeFiles/test-mul-mat.dir/test-mul-mat.cpp.o
[ 52%] Linking C executable ../bin/test-conv-transpose
[ 52%] Built target test3
[ 52%] Built target test1
[ 52%] Built target test-opt
[ 53%] Linking C executable ../bin/test-dup
[ 53%] Built target test-quantize-perf
[ 53%] Built target test-grad0
[ 54%] Linking C executable ../bin/test-rel-pos
[ 54%] Built target test-mul-mat2
[ 55%] Linking CXX executable ../bin/test-conv2d
[ 56%] Linking CXX executable ../bin/test-mul-mat
[ 56%] Built target test2
[ 57%] Building CXX object tests/CMakeFiles/test-backend-buffer.dir/test-backend-buffer.cpp.o
[ 58%] Building C object tests/CMakeFiles/test-cont.dir/test-cont.c.o
[ 58%] Built target test-customop
[ 60%] Linking CXX executable ../bin/test-backend-buffer
[ 61%] Building CXX object examples/CMakeFiles/common-ggml.dir/common-ggml.cpp.o
[ 62%] Building CXX object tests/CMakeFiles/test-backend-ops.dir/test-backend-ops.cpp.o
[ 63%] Building CXX object examples/mnist/CMakeFiles/mnist-common.dir/mnist-common.cpp.o
[ 63%] Built target test-conv1d
[ 64%] Linking CXX shared library libmnist-common.so
[ 64%] Built target test-conv-transpose
[ 64%] Built target test-arange
[ 65%] Linking CXX static library libcommon-ggml.a
[ 65%] Built target test-conv-transpose-1d
[ 65%] Built target test-dup
[ 66%] Building CXX object examples/sam/CMakeFiles/sam.dir/main.cpp.o
[ 66%] Built target test-rel-pos
[ 67%] Linking CXX executable ../bin/test-backend-ops
[ 68%] Building CXX object examples/yolo/CMakeFiles/yolov3-tiny.dir/yolov3-tiny.cpp.o
[ 69%] Building CXX object examples/yolo/CMakeFiles/yolov3-tiny.dir/yolo-image.cpp.o
[ 70%] Building CXX object examples/simple/CMakeFiles/simple-ctx.dir/simple-ctx.cpp.o
[ 71%] Linking CXX executable ../../bin/sam
[ 71%] Built target test-timestep_embedding
[ 72%] Linking CXX executable ../../bin/yolov3-tiny
[ 73%] Building CXX object examples/simple/CMakeFiles/simple-backend.dir/simple-backend.cpp.o
[ 73%] Built target test-conv2d
[ 74%] Linking CXX executable ../../bin/simple-ctx
[ 74%] Built target test-mul-mat
[ 75%] Linking CXX executable ../../bin/simple-backend
[ 75%] Built target common-ggml
[ 75%] Built target test-backend-buffer
[ 76%] Building CXX object examples/gpt-2/CMakeFiles/gpt-2-ctx.dir/main-ctx.cpp.o
[ 77%] Linking C executable ../bin/test-cont
[ 77%] Built target mnist-common
[ 78%] Building CXX object examples/gpt-2/CMakeFiles/gpt-2-backend.dir/main-backend.cpp.o
[ 80%] Building CXX object examples/gpt-2/CMakeFiles/gpt-2-alloc.dir/main-alloc.cpp.o
[ 81%] Building CXX object examples/gpt-2/CMakeFiles/gpt-2-sched.dir/main-sched.cpp.o
[ 82%] Linking CXX executable ../../bin/gpt-2-ctx
[ 83%] Building CXX object examples/gpt-2/CMakeFiles/gpt-2-quantize.dir/quantize.cpp.o
[ 83%] Built target test-backend-ops
[ 84%] Linking CXX executable ../../bin/gpt-2-backend
[ 85%] Linking CXX executable ../../bin/gpt-2-sched
[ 85%] Built target yolov3-tiny
[ 86%] Linking CXX executable ../../bin/gpt-2-quantize
[ 87%] Linking CXX executable ../../bin/gpt-2-alloc
[ 87%] Built target sam
[ 87%] Built target simple-backend
[ 87%] Built target simple-ctx
[ 88%] Building CXX object examples/gpt-j/CMakeFiles/gpt-j.dir/main.cpp.o
[ 89%] Building CXX object examples/gpt-2/CMakeFiles/gpt-2-batched.dir/main-batched.cpp.o
[ 90%] Building CXX object examples/gpt-j/CMakeFiles/gpt-j-quantize.dir/quantize.cpp.o
[ 90%] Built target test-cont
[ 91%] Linking CXX executable ../../bin/gpt-j
[ 92%] Building CXX object examples/mnist/CMakeFiles/mnist-eval.dir/mnist-eval.cpp.o
[ 93%] Building CXX object examples/mnist/CMakeFiles/mnist-train.dir/mnist-train.cpp.o
[ 94%] Building CXX object examples/magika/CMakeFiles/magika.dir/main.cpp.o
[ 95%] Linking CXX executable ../../bin/gpt-j-quantize
[ 96%] Linking CXX executable ../../bin/gpt-2-batched
[ 97%] Linking CXX executable ../../bin/mnist-eval
[ 98%] Linking CXX executable ../../bin/mnist-train
[100%] Linking CXX executable ../../bin/magika
[100%] Built target gpt-2-ctx
[100%] Built target gpt-2-sched
[100%] Built target gpt-2-backend
[100%] Built target gpt-2-alloc
[100%] Built target gpt-2-quantize
[100%] Built target gpt-2-batched
[100%] Built target gpt-j-quantize
[100%] Built target magika
[100%] Built target gpt-j
[100%] Built target mnist-train
[100%] Built target mnist-eval

real	0m0.651s
user	0m3.008s
sys	0m1.466s
+ ctest --output-on-failure
Test project /home/ggml/work/ggml/build-ci-release
      Start  1: test-grad0
 1/24 Test  #1: test-grad0 .......................   Passed    0.39 sec
      Start  2: test-opt
 2/24 Test  #2: test-opt .........................   Passed    1.50 sec
      Start  3: test-quantize-fns
 3/24 Test  #3: test-quantize-fns ................   Passed   14.68 sec
      Start  4: test-quantize-perf
 4/24 Test  #4: test-quantize-perf ...............   Passed    4.11 sec
      Start  5: test-mul-mat0
 5/24 Test  #5: test-mul-mat0 ....................   Passed    0.52 sec
      Start  6: test-mul-mat2
 6/24 Test  #6: test-mul-mat2 ....................   Passed    1.33 sec
      Start  7: test0
 7/24 Test  #7: test0 ............................   Passed    0.00 sec
      Start  8: test1
 8/24 Test  #8: test1 ............................   Passed    0.01 sec
      Start  9: test2
 9/24 Test  #9: test2 ............................   Passed    0.01 sec
      Start 10: test3
10/24 Test #10: test3 ............................   Passed    0.02 sec
      Start 11: test-pool
11/24 Test #11: test-pool ........................   Passed    0.00 sec
      Start 12: test-arange
12/24 Test #12: test-arange ......................   Passed    0.00 sec
      Start 13: test-timestep_embedding
13/24 Test #13: test-timestep_embedding ..........   Passed    0.00 sec
      Start 14: test-conv-transpose
14/24 Test #14: test-conv-transpose ..............   Passed    0.00 sec
      Start 15: test-conv-transpose-1d
15/24 Test #15: test-conv-transpose-1d ...........   Passed    0.00 sec
      Start 16: test-dup
16/24 Test #16: test-dup .........................   Passed    0.00 sec
      Start 17: test-rel-pos
17/24 Test #17: test-rel-pos .....................   Passed    0.00 sec
      Start 18: test-customop
18/24 Test #18: test-customop ....................   Passed    0.00 sec
      Start 19: test-conv1d
19/24 Test #19: test-conv1d ......................   Passed    0.00 sec
      Start 20: test-conv2d
20/24 Test #20: test-conv2d ......................   Passed    0.00 sec
      Start 21: test-mul-mat
21/24 Test #21: test-mul-mat .....................   Passed    0.00 sec
      Start 22: test-backend-buffer
22/24 Test #22: test-backend-buffer ..............   Passed    0.00 sec
      Start 23: test-backend-ops
23/24 Test #23: test-backend-ops .................   Passed    0.00 sec
      Start 24: test-cont
24/24 Test #24: test-cont ........................   Passed    0.00 sec

100% tests passed, 0 tests failed out of 24

Total Test time (real) =  22.61 sec

real	0m22.615s
user	0m23.204s
sys	0m0.173s
