+ cmake -DCMAKE_BUILD_TYPE=Release ..
-- The C compiler identification is GNU 11.4.0
-- The CXX compiler identification is GNU 11.4.0
-- Detecting C compiler ABI info
-- Detecting C compiler ABI info - done
-- Check for working C compiler: /usr/bin/cc - skipped
-- Detecting C compile features
-- Detecting C compile features - done
-- Detecting CXX compiler ABI info
-- Detecting CXX compiler ABI info - done
-- Check for working CXX compiler: /usr/bin/c++ - skipped
-- Detecting CXX compile features
-- Detecting CXX compile features - done
-- Performing Test CMAKE_HAVE_LIBC_PTHREAD
-- Performing Test CMAKE_HAVE_LIBC_PTHREAD - Success
-- Found Threads: TRUE  
-- ccache found, compilation results will be cached. Disable with GGML_CCACHE=OFF.
-- CMAKE_SYSTEM_PROCESSOR: x86_64
-- Found OpenMP_C: -fopenmp (found version "4.5") 
-- Found OpenMP_CXX: -fopenmp (found version "4.5") 
-- Found OpenMP: TRUE (found version "4.5")  
-- OpenMP found
-- x86 detected
-- Using runtime weight conversion of Q4_0 to Q4_0_x_x to enable optimized GEMM/GEMV kernels
-- Including CPU backend
-- x86 detected
-- Linux detected
-- Configuring done (0.5s)
-- Generating done (0.0s)
-- Build files have been written to: /home/ggml/work/ggml/build-ci-release

real	0m0.595s
user	0m0.436s
sys	0m0.162s
+ make -j
[  1%] Building CXX object examples/CMakeFiles/common.dir/common.cpp.o
[  3%] Building C object src/CMakeFiles/ggml-base.dir/ggml-alloc.c.o
[  3%] Building C object src/CMakeFiles/ggml-base.dir/ggml.c.o
[  4%] Building CXX object src/CMakeFiles/ggml-base.dir/ggml-backend.cpp.o
[  5%] Building CXX object src/CMakeFiles/ggml-base.dir/ggml-opt.cpp.o
[  6%] Building C object src/CMakeFiles/ggml-base.dir/ggml-aarch64.c.o
[  7%] Building C object src/CMakeFiles/ggml-base.dir/ggml-quants.c.o
[  8%] Building CXX object src/CMakeFiles/ggml-base.dir/ggml-threading.cpp.o
[  9%] Linking CXX static library libcommon.a
[ 10%] Linking CXX shared library libggml-base.so
[ 10%] Built target common
[ 10%] Built target ggml-base
[ 11%] Building C object src/ggml-cpu/CMakeFiles/ggml-cpu.dir/ggml-cpu.c.o
[ 12%] Building CXX object src/ggml-cpu/CMakeFiles/ggml-cpu.dir/ggml-cpu.cpp.o
[ 13%] Building C object src/ggml-cpu/CMakeFiles/ggml-cpu.dir/ggml-cpu-aarch64.c.o
[ 14%] Building C object src/ggml-cpu/CMakeFiles/ggml-cpu.dir/ggml-cpu-quants.c.o
[ 15%] Linking CXX shared library libggml-cpu.so
[ 15%] Built target ggml-cpu
[ 17%] Building CXX object src/CMakeFiles/ggml.dir/ggml-backend-reg.cpp.o
[ 18%] Linking CXX shared library libggml.so
[ 18%] Built target ggml
[ 19%] Building C object tests/CMakeFiles/test-vec0.dir/test-vec0.c.o
[ 20%] Building C object tests/CMakeFiles/test-vec1.dir/test-vec1.c.o
[ 21%] Building CXX object tests/CMakeFiles/test-opt.dir/test-opt.cpp.o
[ 22%] Building CXX object tests/CMakeFiles/test-quantize-fns.dir/test-quantize-fns.cpp.o
[ 23%] Linking C executable ../bin/test-vec0
[ 24%] Building C object tests/CMakeFiles/test-mul-mat0.dir/test-mul-mat0.c.o
[ 25%] Building CXX object tests/CMakeFiles/test-quantize-perf.dir/test-quantize-perf.cpp.o
[ 26%] Linking C executable ../bin/test-vec1
[ 27%] Linking C executable ../bin/test-mul-mat0
[ 28%] Linking CXX executable ../bin/test-quantize-fns
[ 29%] Building C object tests/CMakeFiles/test-mul-mat2.dir/test-mul-mat2.c.o
[ 30%] Linking CXX executable ../bin/test-opt
[ 32%] Building C object tests/CMakeFiles/test-pool.dir/test-pool.c.o
[ 32%] Building C object tests/CMakeFiles/test0.dir/test0.c.o
[ 34%] Building CXX object tests/CMakeFiles/test-arange.dir/test-arange.cpp.o
[ 35%] Building CXX object tests/CMakeFiles/test-timestep_embedding.dir/test-timestep_embedding.cpp.o
[ 35%] Built target test-vec0
[ 37%] Linking CXX executable ../bin/test-arange
[ 36%] Linking CXX executable ../bin/test-quantize-perf
[ 38%] Linking C executable ../bin/test-pool
[ 39%] Building C object tests/CMakeFiles/test-conv-transpose.dir/test-conv-transpose.c.o
[ 40%] Linking C executable ../bin/test0
[ 41%] Building CXX object tests/CMakeFiles/test-conv-transpose-1d.dir/test-conv-transpose-1d.cpp.o
[ 42%] Linking CXX executable ../bin/test-timestep_embedding
[ 43%] Linking C executable ../bin/test-mul-mat2
[ 44%] Linking C executable ../bin/test-conv-transpose
[ 45%] Building C object tests/CMakeFiles/test-dup.dir/test-dup.c.o
[ 46%] Linking CXX executable ../bin/test-conv-transpose-1d
[ 47%] Building C object tests/CMakeFiles/test-rel-pos.dir/test-rel-pos.c.o
[ 47%] Built target test-vec1
[ 48%] Building C object tests/CMakeFiles/test-customop.dir/test-customop.c.o
[ 50%] Building CXX object tests/CMakeFiles/test-conv1d.dir/test-conv1d.cpp.o
[ 51%] Building CXX object tests/CMakeFiles/test-conv2d.dir/test-conv2d.cpp.o
[ 51%] Built target test-mul-mat0
[ 52%] Linking C executable ../bin/test-dup
[ 53%] Linking C executable ../bin/test-rel-pos
[ 54%] Building CXX object tests/CMakeFiles/test-mul-mat.dir/test-mul-mat.cpp.o
[ 55%] Building CXX object tests/CMakeFiles/test-backend-ops.dir/test-backend-ops.cpp.o
[ 57%] Linking CXX executable ../bin/test-conv2d
[ 57%] Linking C executable ../bin/test-customop
[ 58%] Building C object tests/CMakeFiles/test-cont.dir/test-cont.c.o
[ 59%] Linking CXX executable ../bin/test-conv1d
[ 57%] Built target test-pool
[ 60%] Building CXX object examples/CMakeFiles/common-ggml.dir/common-ggml.cpp.o
[ 61%] Linking CXX executable ../bin/test-mul-mat
[ 62%] Building CXX object examples/mnist/CMakeFiles/mnist-common.dir/mnist-common.cpp.o
[ 63%] Building CXX object examples/sam/CMakeFiles/sam.dir/main.cpp.o
[ 63%] Built target test0
[ 64%] Linking C executable ../bin/test-cont
[ 64%] Built target test-opt
[ 64%] Built target test-quantize-fns
[ 65%] Building CXX object examples/yolo/CMakeFiles/yolov3-tiny.dir/yolov3-tiny.cpp.o
[ 65%] Built target test-mul-mat2
[ 67%] Linking CXX executable ../bin/test-backend-ops
[ 68%] Building CXX object examples/yolo/CMakeFiles/yolov3-tiny.dir/yolo-image.cpp.o
[ 69%] Linking CXX static library libcommon-ggml.a
[ 69%] Built target test-conv-transpose
[ 70%] Building CXX object examples/simple/CMakeFiles/simple-ctx.dir/simple-ctx.cpp.o
[ 71%] Linking CXX executable ../../bin/sam
[ 72%] Linking CXX static library libmnist-common.a
[ 72%] Built target test-timestep_embedding
[ 73%] Building CXX object examples/simple/CMakeFiles/simple-backend.dir/simple-backend.cpp.o
[ 74%] Linking CXX executable ../../bin/simple-ctx
[ 74%] Built target test-arange
[ 75%] Linking CXX executable ../../bin/yolov3-tiny
[ 76%] Linking CXX executable ../../bin/simple-backend
[ 76%] Built target mnist-common
[ 76%] Built target test-dup
[ 76%] Built target common-ggml
[ 76%] Built target test-conv-transpose-1d
[ 76%] Built target test-quantize-perf
[ 76%] Built target test-customop
[ 76%] Built target test-cont
[ 76%] Built target test-conv2d
[ 77%] Building CXX object examples/mnist/CMakeFiles/mnist-eval.dir/mnist-eval.cpp.o
[ 77%] Built target test-mul-mat
[ 77%] Built target test-rel-pos
[ 78%] Building CXX object examples/mnist/CMakeFiles/mnist-train.dir/mnist-train.cpp.o
[ 78%] Built target simple-ctx
[ 79%] Linking CXX executable ../../bin/mnist-train
[ 79%] Built target test-backend-ops
[ 80%] Building CXX object examples/magika/CMakeFiles/magika.dir/main.cpp.o
[ 81%] Linking CXX executable ../../bin/mnist-eval
[ 82%] Building CXX object examples/gpt-2/CMakeFiles/gpt-2-ctx.dir/main-ctx.cpp.o
[ 82%] Built target test-conv1d
[ 84%] Linking CXX executable ../../bin/magika
[ 84%] Built target yolov3-tiny
[ 84%] Built target sam
[ 85%] Building CXX object examples/gpt-2/CMakeFiles/gpt-2-alloc.dir/main-alloc.cpp.o
[ 86%] Building CXX object examples/gpt-2/CMakeFiles/gpt-2-backend.dir/main-backend.cpp.o
[ 87%] Linking CXX executable ../../bin/gpt-2-ctx
[ 87%] Built target simple-backend
[ 88%] Linking CXX executable ../../bin/gpt-2-alloc
[ 89%] Building CXX object examples/gpt-2/CMakeFiles/gpt-2-sched.dir/main-sched.cpp.o
[ 90%] Building CXX object examples/gpt-2/CMakeFiles/gpt-2-batched.dir/main-batched.cpp.o
[ 91%] Building CXX object examples/gpt-2/CMakeFiles/gpt-2-quantize.dir/quantize.cpp.o
[ 92%] Linking CXX executable ../../bin/gpt-2-sched
[ 93%] Linking CXX executable ../../bin/gpt-2-backend
[ 94%] Building CXX object examples/gpt-j/CMakeFiles/gpt-j.dir/main.cpp.o
[ 95%] Building CXX object examples/gpt-j/CMakeFiles/gpt-j-quantize.dir/quantize.cpp.o
[ 96%] Linking CXX executable ../../bin/gpt-2-batched
[ 97%] Linking CXX executable ../../bin/gpt-2-quantize
[ 98%] Linking CXX executable ../../bin/gpt-j-quantize
[100%] Linking CXX executable ../../bin/gpt-j
[100%] Built target mnist-train
[100%] Built target mnist-eval
[100%] Built target magika
[100%] Built target gpt-2-ctx
[100%] Built target gpt-2-quantize
[100%] Built target gpt-2-batched
[100%] Built target gpt-2-alloc
[100%] Built target gpt-2-backend
[100%] Built target gpt-2-sched
[100%] Built target gpt-j-quantize
[100%] Built target gpt-j

real	0m1.146s
user	0m3.194s
sys	0m0.729s
+ ctest --output-on-failure -E test-opt
Test project /home/ggml/work/ggml/build-ci-release
      Start  1: test-quantize-fns
 1/18 Test  #1: test-quantize-fns ................   Passed   16.57 sec
      Start  2: test-quantize-perf
 2/18 Test  #2: test-quantize-perf ...............   Passed    0.08 sec
      Start  3: test-mul-mat0
 3/18 Test  #3: test-mul-mat0 ....................   Passed    0.53 sec
      Start  4: test-mul-mat2
 4/18 Test  #4: test-mul-mat2 ....................   Passed    2.81 sec
      Start  5: test0
 5/18 Test  #5: test0 ............................   Passed    0.00 sec
      Start  6: test-pool
 6/18 Test  #6: test-pool ........................   Passed    0.00 sec
      Start  7: test-arange
 7/18 Test  #7: test-arange ......................   Passed    0.00 sec
      Start  8: test-timestep_embedding
 8/18 Test  #8: test-timestep_embedding ..........   Passed    0.00 sec
      Start  9: test-conv-transpose
 9/18 Test  #9: test-conv-transpose ..............   Passed    0.00 sec
      Start 10: test-conv-transpose-1d
10/18 Test #10: test-conv-transpose-1d ...........   Passed    0.01 sec
      Start 11: test-dup
11/18 Test #11: test-dup .........................   Passed    0.00 sec
      Start 12: test-rel-pos
12/18 Test #12: test-rel-pos .....................   Passed    0.00 sec
      Start 13: test-customop
13/18 Test #13: test-customop ....................   Passed    0.00 sec
      Start 14: test-conv1d
14/18 Test #14: test-conv1d ......................   Passed    0.00 sec
      Start 15: test-conv2d
15/18 Test #15: test-conv2d ......................   Passed    0.00 sec
      Start 16: test-mul-mat
16/18 Test #16: test-mul-mat .....................   Passed    0.00 sec
      Start 17: test-backend-ops
17/18 Test #17: test-backend-ops .................   Passed    0.00 sec
      Start 18: test-cont
18/18 Test #18: test-cont ........................   Passed    0.00 sec

100% tests passed, 0 tests failed out of 18

Total Test time (real) =  20.05 sec

real	0m20.070s
user	0m19.574s
sys	0m0.206s
