Requirement already satisfied: numpy~=1.24.4 in /mnt/llama.cpp/venv/lib/python3.10/site-packages (from -r /home/ggml/work/llama.cpp/./requirements/requirements-convert.txt (line 1)) (1.24.4)
Requirement already satisfied: sentencepiece~=0.1.98 in /mnt/llama.cpp/venv/lib/python3.10/site-packages (from -r /home/ggml/work/llama.cpp/./requirements/requirements-convert.txt (line 2)) (0.1.99)
Requirement already satisfied: transformers<5.0.0,>=4.35.2 in /mnt/llama.cpp/venv/lib/python3.10/site-packages (from -r /home/ggml/work/llama.cpp/./requirements/requirements-convert.txt (line 3)) (4.38.1)
Requirement already satisfied: gguf>=0.1.0 in /mnt/llama.cpp/venv/lib/python3.10/site-packages (from -r /home/ggml/work/llama.cpp/./requirements/requirements-convert.txt (line 4)) (0.7.0)
Requirement already satisfied: protobuf<5.0.0,>=4.21.0 in /mnt/llama.cpp/venv/lib/python3.10/site-packages (from -r /home/ggml/work/llama.cpp/./requirements/requirements-convert.txt (line 5)) (4.25.3)
Requirement already satisfied: torch~=2.1.1 in /mnt/llama.cpp/venv/lib/python3.10/site-packages (from -r /home/ggml/work/llama.cpp/./requirements/requirements-convert-hf-to-gguf.txt (line 2)) (2.1.2)
Requirement already satisfied: einops~=0.7.0 in /mnt/llama.cpp/venv/lib/python3.10/site-packages (from -r /home/ggml/work/llama.cpp/./requirements/requirements-convert-hf-to-gguf.txt (line 3)) (0.7.0)
Requirement already satisfied: pyyaml>=5.1 in /mnt/llama.cpp/venv/lib/python3.10/site-packages (from transformers<5.0.0,>=4.35.2->-r /home/ggml/work/llama.cpp/./requirements/requirements-convert.txt (line 3)) (6.0.1)
Requirement already satisfied: safetensors>=0.4.1 in /mnt/llama.cpp/venv/lib/python3.10/site-packages (from transformers<5.0.0,>=4.35.2->-r /home/ggml/work/llama.cpp/./requirements/requirements-convert.txt (line 3)) (0.4.2)
Requirement already satisfied: requests in /mnt/llama.cpp/venv/lib/python3.10/site-packages (from transformers<5.0.0,>=4.35.2->-r /home/ggml/work/llama.cpp/./requirements/requirements-convert.txt (line 3)) (2.31.0)
Requirement already satisfied: regex!=2019.12.17 in /mnt/llama.cpp/venv/lib/python3.10/site-packages (from transformers<5.0.0,>=4.35.2->-r /home/ggml/work/llama.cpp/./requirements/requirements-convert.txt (line 3)) (2023.12.25)
Requirement already satisfied: filelock in /mnt/llama.cpp/venv/lib/python3.10/site-packages (from transformers<5.0.0,>=4.35.2->-r /home/ggml/work/llama.cpp/./requirements/requirements-convert.txt (line 3)) (3.13.1)
Requirement already satisfied: tqdm>=4.27 in /mnt/llama.cpp/venv/lib/python3.10/site-packages (from transformers<5.0.0,>=4.35.2->-r /home/ggml/work/llama.cpp/./requirements/requirements-convert.txt (line 3)) (4.66.2)
Requirement already satisfied: tokenizers<0.19,>=0.14 in /mnt/llama.cpp/venv/lib/python3.10/site-packages (from transformers<5.0.0,>=4.35.2->-r /home/ggml/work/llama.cpp/./requirements/requirements-convert.txt (line 3)) (0.15.2)
Requirement already satisfied: packaging>=20.0 in /mnt/llama.cpp/venv/lib/python3.10/site-packages (from transformers<5.0.0,>=4.35.2->-r /home/ggml/work/llama.cpp/./requirements/requirements-convert.txt (line 3)) (23.2)
Requirement already satisfied: huggingface-hub<1.0,>=0.19.3 in /mnt/llama.cpp/venv/lib/python3.10/site-packages (from transformers<5.0.0,>=4.35.2->-r /home/ggml/work/llama.cpp/./requirements/requirements-convert.txt (line 3)) (0.20.3)
Requirement already satisfied: fsspec in /mnt/llama.cpp/venv/lib/python3.10/site-packages (from torch~=2.1.1->-r /home/ggml/work/llama.cpp/./requirements/requirements-convert-hf-to-gguf.txt (line 2)) (2024.2.0)
Requirement already satisfied: typing-extensions in /mnt/llama.cpp/venv/lib/python3.10/site-packages (from torch~=2.1.1->-r /home/ggml/work/llama.cpp/./requirements/requirements-convert-hf-to-gguf.txt (line 2)) (4.9.0)
Requirement already satisfied: nvidia-cublas-cu12==12.1.3.1 in /mnt/llama.cpp/venv/lib/python3.10/site-packages (from torch~=2.1.1->-r /home/ggml/work/llama.cpp/./requirements/requirements-convert-hf-to-gguf.txt (line 2)) (12.1.3.1)
Requirement already satisfied: nvidia-curand-cu12==10.3.2.106 in /mnt/llama.cpp/venv/lib/python3.10/site-packages (from torch~=2.1.1->-r /home/ggml/work/llama.cpp/./requirements/requirements-convert-hf-to-gguf.txt (line 2)) (10.3.2.106)
Requirement already satisfied: nvidia-nccl-cu12==2.18.1 in /mnt/llama.cpp/venv/lib/python3.10/site-packages (from torch~=2.1.1->-r /home/ggml/work/llama.cpp/./requirements/requirements-convert-hf-to-gguf.txt (line 2)) (2.18.1)
Requirement already satisfied: nvidia-cufft-cu12==11.0.2.54 in /mnt/llama.cpp/venv/lib/python3.10/site-packages (from torch~=2.1.1->-r /home/ggml/work/llama.cpp/./requirements/requirements-convert-hf-to-gguf.txt (line 2)) (11.0.2.54)
Requirement already satisfied: sympy in /mnt/llama.cpp/venv/lib/python3.10/site-packages (from torch~=2.1.1->-r /home/ggml/work/llama.cpp/./requirements/requirements-convert-hf-to-gguf.txt (line 2)) (1.12)
Requirement already satisfied: networkx in /mnt/llama.cpp/venv/lib/python3.10/site-packages (from torch~=2.1.1->-r /home/ggml/work/llama.cpp/./requirements/requirements-convert-hf-to-gguf.txt (line 2)) (3.2.1)
Requirement already satisfied: nvidia-cuda-cupti-cu12==12.1.105 in /mnt/llama.cpp/venv/lib/python3.10/site-packages (from torch~=2.1.1->-r /home/ggml/work/llama.cpp/./requirements/requirements-convert-hf-to-gguf.txt (line 2)) (12.1.105)
Requirement already satisfied: nvidia-cudnn-cu12==8.9.2.26 in /mnt/llama.cpp/venv/lib/python3.10/site-packages (from torch~=2.1.1->-r /home/ggml/work/llama.cpp/./requirements/requirements-convert-hf-to-gguf.txt (line 2)) (8.9.2.26)
Requirement already satisfied: nvidia-cusparse-cu12==12.1.0.106 in /mnt/llama.cpp/venv/lib/python3.10/site-packages (from torch~=2.1.1->-r /home/ggml/work/llama.cpp/./requirements/requirements-convert-hf-to-gguf.txt (line 2)) (12.1.0.106)
Requirement already satisfied: nvidia-cuda-nvrtc-cu12==12.1.105 in /mnt/llama.cpp/venv/lib/python3.10/site-packages (from torch~=2.1.1->-r /home/ggml/work/llama.cpp/./requirements/requirements-convert-hf-to-gguf.txt (line 2)) (12.1.105)
Requirement already satisfied: nvidia-cuda-runtime-cu12==12.1.105 in /mnt/llama.cpp/venv/lib/python3.10/site-packages (from torch~=2.1.1->-r /home/ggml/work/llama.cpp/./requirements/requirements-convert-hf-to-gguf.txt (line 2)) (12.1.105)
Requirement already satisfied: triton==2.1.0 in /mnt/llama.cpp/venv/lib/python3.10/site-packages (from torch~=2.1.1->-r /home/ggml/work/llama.cpp/./requirements/requirements-convert-hf-to-gguf.txt (line 2)) (2.1.0)
Requirement already satisfied: nvidia-cusolver-cu12==11.4.5.107 in /mnt/llama.cpp/venv/lib/python3.10/site-packages (from torch~=2.1.1->-r /home/ggml/work/llama.cpp/./requirements/requirements-convert-hf-to-gguf.txt (line 2)) (11.4.5.107)
Requirement already satisfied: nvidia-nvtx-cu12==12.1.105 in /mnt/llama.cpp/venv/lib/python3.10/site-packages (from torch~=2.1.1->-r /home/ggml/work/llama.cpp/./requirements/requirements-convert-hf-to-gguf.txt (line 2)) (12.1.105)
Requirement already satisfied: jinja2 in /mnt/llama.cpp/venv/lib/python3.10/site-packages (from torch~=2.1.1->-r /home/ggml/work/llama.cpp/./requirements/requirements-convert-hf-to-gguf.txt (line 2)) (3.1.3)
Requirement already satisfied: nvidia-nvjitlink-cu12 in /mnt/llama.cpp/venv/lib/python3.10/site-packages (from nvidia-cusolver-cu12==11.4.5.107->torch~=2.1.1->-r /home/ggml/work/llama.cpp/./requirements/requirements-convert-hf-to-gguf.txt (line 2)) (12.3.101)
Requirement already satisfied: MarkupSafe>=2.0 in /mnt/llama.cpp/venv/lib/python3.10/site-packages (from jinja2->torch~=2.1.1->-r /home/ggml/work/llama.cpp/./requirements/requirements-convert-hf-to-gguf.txt (line 2)) (2.1.5)
Requirement already satisfied: charset-normalizer<4,>=2 in /mnt/llama.cpp/venv/lib/python3.10/site-packages (from requests->transformers<5.0.0,>=4.35.2->-r /home/ggml/work/llama.cpp/./requirements/requirements-convert.txt (line 3)) (3.3.2)
Requirement already satisfied: urllib3<3,>=1.21.1 in /mnt/llama.cpp/venv/lib/python3.10/site-packages (from requests->transformers<5.0.0,>=4.35.2->-r /home/ggml/work/llama.cpp/./requirements/requirements-convert.txt (line 3)) (2.2.1)
Requirement already satisfied: certifi>=2017.4.17 in /mnt/llama.cpp/venv/lib/python3.10/site-packages (from requests->transformers<5.0.0,>=4.35.2->-r /home/ggml/work/llama.cpp/./requirements/requirements-convert.txt (line 3)) (2024.2.2)
Requirement already satisfied: idna<4,>=2.5 in /mnt/llama.cpp/venv/lib/python3.10/site-packages (from requests->transformers<5.0.0,>=4.35.2->-r /home/ggml/work/llama.cpp/./requirements/requirements-convert.txt (line 3)) (3.6)
Requirement already satisfied: mpmath>=0.19 in /mnt/llama.cpp/venv/lib/python3.10/site-packages (from sympy->torch~=2.1.1->-r /home/ggml/work/llama.cpp/./requirements/requirements-convert-hf-to-gguf.txt (line 2)) (1.3.0)
Obtaining file:///home/ggml/work/llama.cpp/gguf-py
  Installing build dependencies: started
  Installing build dependencies: finished with status 'done'
  Checking if build backend supports build_editable: started
  Checking if build backend supports build_editable: finished with status 'done'
  Getting requirements to build editable: started
  Getting requirements to build editable: finished with status 'done'
  Preparing editable metadata (pyproject.toml): started
  Preparing editable metadata (pyproject.toml): finished with status 'done'
Requirement already satisfied: numpy>=1.17 in /mnt/llama.cpp/venv/lib/python3.10/site-packages (from gguf==0.7.0) (1.24.4)
Building wheels for collected packages: gguf
  Building editable for gguf (pyproject.toml): started
  Building editable for gguf (pyproject.toml): finished with status 'done'
  Created wheel for gguf: filename=gguf-0.7.0-py3-none-any.whl size=3229 sha256=e77d3489e0beea138863799a05abb421092af60b67ffc67b376508ee3f0720bf
  Stored in directory: /tmp/pip-ephem-wheel-cache-rgpo8nzy/wheels/a3/4c/52/c5934ad001d1a70ca5434f11ddc622cad9c0a484e9bf6feda3
Successfully built gguf
Installing collected packages: gguf
  Attempting uninstall: gguf
    Found existing installation: gguf 0.7.0
    Uninstalling gguf-0.7.0:
      Successfully uninstalled gguf-0.7.0
Successfully installed gguf-0.7.0
+ gg_run_ctest_debug
+ cd /home/ggml/work/llama.cpp
+ rm -rf build-ci-debug
+ tee /home/ggml/results/llama.cpp/3c/a23481dd309bd51cc31c73a4cc34f922cc372f/ggml-2-x86-cpu/ctest_debug.log
+ mkdir build-ci-debug
+ cd build-ci-debug
+ set -e
+ tee -a /home/ggml/results/llama.cpp/3c/a23481dd309bd51cc31c73a4cc34f922cc372f/ggml-2-x86-cpu/ctest_debug-cmake.log
+ cmake -DCMAKE_BUILD_TYPE=Debug -DLLAMA_FATAL_WARNINGS=ON ..
-- The C compiler identification is GNU 11.4.0
-- The CXX compiler identification is GNU 11.4.0
-- Detecting C compiler ABI info
-- Detecting C compiler ABI info - done
-- Check for working C compiler: /usr/bin/cc - skipped
-- Detecting C compile features
-- Detecting C compile features - done
-- Detecting CXX compiler ABI info
-- Detecting CXX compiler ABI info - done
-- Check for working CXX compiler: /usr/bin/c++ - skipped
-- Detecting CXX compile features
-- Detecting CXX compile features - done
-- Found Git: /usr/bin/git (found version "2.34.1") 
-- Performing Test CMAKE_HAVE_LIBC_PTHREAD
-- Performing Test CMAKE_HAVE_LIBC_PTHREAD - Success
-- Found Threads: TRUE  
-- ccache found, compilation results will be cached. Disable with LLAMA_CCACHE=OFF.
-- CMAKE_SYSTEM_PROCESSOR: x86_64
-- x86 detected
-- Configuring done (0.3s)
-- Generating done (0.1s)
-- Build files have been written to: /home/ggml/work/llama.cpp/build-ci-debug

real	0m0.421s
user	0m0.292s
sys	0m0.115s
+ tee -a /home/ggml/results/llama.cpp/3c/a23481dd309bd51cc31c73a4cc34f922cc372f/ggml-2-x86-cpu/ctest_debug-make.log
+ make -j
[  1%] Generating build details from Git
[  2%] Building C object CMakeFiles/ggml.dir/ggml.c.o
[  2%] Building C object CMakeFiles/ggml.dir/ggml-alloc.c.o
[  3%] Building C object CMakeFiles/ggml.dir/ggml-backend.c.o
[  4%] Building C object CMakeFiles/ggml.dir/ggml-quants.c.o
-- Found Git: /usr/bin/git (found version "2.34.1") 
[  5%] Building CXX object common/CMakeFiles/build_info.dir/build-info.cpp.o
[  5%] Built target build_info
[  5%] Built target ggml
[  6%] Linking C static library libggml_static.a
[  8%] Building CXX object examples/gguf/CMakeFiles/gguf.dir/gguf.cpp.o
[  8%] Building CXX object CMakeFiles/llama.dir/llama.cpp.o
[  9%] Building CXX object CMakeFiles/llama.dir/unicode.cpp.o
[  9%] Built target ggml_static
[  9%] Linking CXX executable ../../bin/gguf
[  9%] Built target gguf
[  9%] Linking CXX static library libllama.a
[  9%] Built target llama
[ 10%] Building C object tests/CMakeFiles/test-c.dir/test-c.c.o
[ 11%] Building CXX object examples/benchmark/CMakeFiles/benchmark.dir/benchmark-matmult.cpp.o
[ 12%] Building CXX object common/CMakeFiles/common.dir/common.cpp.o
[ 12%] Building CXX object common/CMakeFiles/common.dir/sampling.cpp.o
[ 13%] Building CXX object examples/llava/CMakeFiles/llava.dir/llava.cpp.o
[ 14%] Building CXX object examples/quantize/CMakeFiles/quantize.dir/quantize.cpp.o
[ 14%] Building CXX object examples/llava/CMakeFiles/llava.dir/clip.cpp.o
[ 16%] Building CXX object common/CMakeFiles/common.dir/grammar-parser.cpp.o
[ 16%] Building CXX object examples/quantize-stats/CMakeFiles/quantize-stats.dir/quantize-stats.cpp.o
[ 18%] Building CXX object common/CMakeFiles/common.dir/console.cpp.o
[ 18%] Building CXX object common/CMakeFiles/common.dir/train.cpp.o
[ 18%] Linking CXX executable ../bin/test-c
[ 18%] Built target test-c
[ 18%] Linking CXX executable ../../bin/benchmark
[ 18%] Built target benchmark
[ 18%] Linking CXX executable ../../bin/quantize
[ 18%] Built target quantize
[ 19%] Linking CXX executable ../../bin/quantize-stats
[ 19%] Built target quantize-stats
[ 19%] Built target llava
[ 20%] Linking CXX static library libllava_static.a
[ 20%] Built target llava_static
[ 21%] Linking CXX static library libcommon.a
[ 21%] Built target common
[ 23%] Building CXX object tests/CMakeFiles/test-quantize-perf.dir/test-quantize-perf.cpp.o
[ 23%] Building CXX object tests/CMakeFiles/test-quantize-fns.dir/test-quantize-fns.cpp.o
[ 24%] Building CXX object tests/CMakeFiles/test-quantize-fns.dir/get-model.cpp.o
[ 25%] Building CXX object tests/CMakeFiles/test-quantize-perf.dir/get-model.cpp.o
[ 26%] Building CXX object tests/CMakeFiles/test-sampling.dir/test-sampling.cpp.o
[ 27%] Building CXX object tests/CMakeFiles/test-chat-template.dir/test-chat-template.cpp.o
[ 28%] Building CXX object tests/CMakeFiles/test-tokenizer-0-llama.dir/get-model.cpp.o
[ 28%] Building CXX object tests/CMakeFiles/test-chat-template.dir/get-model.cpp.o
[ 29%] Building CXX object tests/CMakeFiles/test-sampling.dir/get-model.cpp.o
[ 30%] Building CXX object tests/CMakeFiles/test-tokenizer-0-falcon.dir/get-model.cpp.o
[ 31%] Building CXX object tests/CMakeFiles/test-tokenizer-0-falcon.dir/test-tokenizer-0-falcon.cpp.o
[ 32%] Building CXX object tests/CMakeFiles/test-tokenizer-0-llama.dir/test-tokenizer-0-llama.cpp.o
[ 33%] Building CXX object tests/CMakeFiles/test-tokenizer-1-llama.dir/test-tokenizer-1-llama.cpp.o
[ 34%] Building CXX object tests/CMakeFiles/test-tokenizer-1-bpe.dir/test-tokenizer-1-bpe.cpp.o
[ 35%] Building CXX object tests/CMakeFiles/test-tokenizer-1-llama.dir/get-model.cpp.o
[ 36%] Building CXX object tests/CMakeFiles/test-grammar-parser.dir/test-grammar-parser.cpp.o
[ 37%] Building CXX object tests/CMakeFiles/test-tokenizer-1-bpe.dir/get-model.cpp.o
[ 38%] Building CXX object tests/CMakeFiles/test-llama-grammar.dir/test-llama-grammar.cpp.o
[ 39%] Building CXX object tests/CMakeFiles/test-grammar-parser.dir/get-model.cpp.o
[ 40%] Building CXX object tests/CMakeFiles/test-llama-grammar.dir/get-model.cpp.o
[ 41%] Building CXX object tests/CMakeFiles/test-grad0.dir/get-model.cpp.o
[ 41%] Building CXX object tests/CMakeFiles/test-grad0.dir/test-grad0.cpp.o
[ 42%] Building CXX object tests/CMakeFiles/test-rope.dir/test-rope.cpp.o
[ 43%] Building CXX object tests/CMakeFiles/test-backend-ops.dir/test-backend-ops.cpp.o
[ 43%] Building CXX object tests/CMakeFiles/test-rope.dir/get-model.cpp.o
[ 44%] Building CXX object tests/CMakeFiles/test-backend-ops.dir/get-model.cpp.o
[ 44%] Building CXX object examples/baby-llama/CMakeFiles/baby-llama.dir/baby-llama.cpp.o
[ 45%] Building CXX object tests/CMakeFiles/test-model-load-cancel.dir/test-model-load-cancel.cpp.o
[ 45%] Building CXX object tests/CMakeFiles/test-model-load-cancel.dir/get-model.cpp.o
[ 46%] Building CXX object tests/CMakeFiles/test-autorelease.dir/test-autorelease.cpp.o
[ 46%] Building CXX object examples/batched-bench/CMakeFiles/batched-bench.dir/batched-bench.cpp.o
[ 47%] Building CXX object tests/CMakeFiles/test-autorelease.dir/get-model.cpp.o
[ 48%] Building CXX object examples/batched/CMakeFiles/batched.dir/batched.cpp.o
[ 49%] Building CXX object examples/beam-search/CMakeFiles/beam-search.dir/beam-search.cpp.o
[ 49%] Building CXX object examples/convert-llama2c-to-ggml/CMakeFiles/convert-llama2c-to-ggml.dir/convert-llama2c-to-ggml.cpp.o
[ 50%] Building CXX object examples/embedding/CMakeFiles/embedding.dir/embedding.cpp.o
[ 51%] Building CXX object examples/gritlm/CMakeFiles/gritlm.dir/gritlm.cpp.o
[ 52%] Building CXX object examples/finetune/CMakeFiles/finetune.dir/finetune.cpp.o
[ 53%] Building CXX object examples/llama-bench/CMakeFiles/llama-bench.dir/llama-bench.cpp.o
[ 55%] Building CXX object examples/infill/CMakeFiles/infill.dir/infill.cpp.o
[ 55%] Building CXX object examples/llava/CMakeFiles/llava-cli.dir/llava-cli.cpp.o
[ 56%] Linking CXX executable ../bin/test-model-load-cancel
[ 57%] Building CXX object examples/main/CMakeFiles/main.dir/main.cpp.o
[ 58%] Building CXX object examples/tokenize/CMakeFiles/tokenize.dir/tokenize.cpp.o
[ 59%] Building CXX object examples/parallel/CMakeFiles/parallel.dir/parallel.cpp.o
[ 59%] Building CXX object examples/perplexity/CMakeFiles/perplexity.dir/perplexity.cpp.o
[ 60%] Building CXX object examples/save-load-state/CMakeFiles/save-load-state.dir/save-load-state.cpp.o
[ 61%] Building CXX object examples/passkey/CMakeFiles/passkey.dir/passkey.cpp.o
[ 62%] Building CXX object examples/simple/CMakeFiles/simple.dir/simple.cpp.o
[ 62%] Building CXX object examples/speculative/CMakeFiles/speculative.dir/speculative.cpp.o
[ 63%] Building CXX object examples/lookahead/CMakeFiles/lookahead.dir/lookahead.cpp.o
[ 64%] Building CXX object examples/lookup/CMakeFiles/lookup.dir/lookup.cpp.o
[ 65%] Building CXX object examples/train-text-from-scratch/CMakeFiles/train-text-from-scratch.dir/train-text-from-scratch.cpp.o
[ 66%] Building CXX object examples/imatrix/CMakeFiles/imatrix.dir/imatrix.cpp.o
[ 67%] Building CXX object examples/server/CMakeFiles/server.dir/server.cpp.o
[ 67%] Building CXX object examples/export-lora/CMakeFiles/export-lora.dir/export-lora.cpp.o
[ 68%] Building CXX object pocs/vdot/CMakeFiles/vdot.dir/vdot.cpp.o
[ 69%] Building CXX object pocs/vdot/CMakeFiles/q8dot.dir/q8dot.cpp.o
[ 69%] Linking CXX executable ../bin/test-quantize-fns
[ 70%] Linking CXX executable ../bin/test-grad0
[ 70%] Built target test-grad0
[ 71%] Linking CXX executable ../bin/test-rope
[ 71%] Built target test-quantize-fns
[ 71%] Linking CXX executable ../bin/test-autorelease
[ 71%] Built target test-rope
[ 72%] Linking CXX executable ../bin/test-chat-template
[ 72%] Built target test-model-load-cancel
[ 72%] Linking CXX executable ../bin/test-grammar-parser
[ 72%] Linking CXX executable ../bin/test-sampling
[ 72%] Built target test-grammar-parser
[ 73%] Linking CXX executable ../../bin/baby-llama
[ 73%] Built target test-autorelease
[ 73%] Built target test-chat-template
[ 74%] Linking CXX executable ../../bin/q8dot
[ 74%] Linking CXX executable ../bin/test-tokenizer-1-bpe
[ 74%] Linking CXX executable ../../bin/tokenize
[ 75%] Linking CXX executable ../bin/test-tokenizer-1-llama
[ 75%] Built target test-sampling
[ 76%] Linking CXX executable ../../bin/vdot
[ 76%] Built target q8dot
[ 77%] Linking CXX executable ../bin/test-tokenizer-0-falcon
[ 77%] Built target vdot
[ 78%] Linking CXX executable ../bin/test-quantize-perf
[ 79%] Linking CXX executable ../../bin/batched
[ 80%] Linking CXX executable ../bin/test-tokenizer-0-llama
[ 81%] Linking CXX executable ../../bin/batched-bench
[ 82%] Linking CXX executable ../../bin/beam-search
[ 83%] Linking CXX executable ../../bin/gritlm
[ 83%] Built target test-quantize-perf
[ 83%] Linking CXX executable ../../bin/save-load-state
[ 84%] Linking CXX executable ../../bin/embedding
[ 84%] Built target baby-llama
[ 85%] Linking CXX executable ../../bin/llava-cli
[ 86%] Linking CXX executable ../../bin/simple
[ 87%] Linking CXX executable ../../bin/parallel
[ 88%] Linking CXX executable ../../bin/passkey
[ 88%] Built target test-tokenizer-1-bpe
[ 88%] Built target tokenize
[ 88%] Built target test-tokenizer-1-llama
[ 89%] Linking CXX executable ../../bin/lookup
[ 90%] Linking CXX executable ../../bin/convert-llama2c-to-ggml
[ 91%] Linking CXX executable ../../bin/export-lora
[ 91%] Linking CXX executable ../../bin/lookahead
[ 92%] Linking CXX executable ../../bin/train-text-from-scratch
[ 92%] Built target batched-bench
[ 92%] Built target test-tokenizer-0-falcon
[ 93%] Linking CXX executable ../../bin/finetune
[ 93%] Built target convert-llama2c-to-ggml
[ 93%] Built target beam-search
[ 94%] Linking CXX executable ../../bin/infill
[ 94%] Built target export-lora
[ 94%] Built target save-load-state
[ 94%] Built target test-tokenizer-0-llama
[ 94%] Built target batched
[ 94%] Built target gritlm
[ 94%] Built target embedding
[ 94%] Built target parallel
[ 94%] Built target simple
[ 94%] Linking CXX executable ../../bin/main
[ 94%] Built target llava-cli
[ 94%] Built target passkey
[ 95%] Linking CXX executable ../../bin/speculative
[ 95%] Linking CXX executable ../../bin/imatrix
[ 96%] Linking CXX executable ../bin/test-backend-ops
[ 96%] Built target train-text-from-scratch
[ 96%] Built target infill
[ 96%] Built target test-backend-ops
[ 96%] Built target lookup
[ 96%] Built target finetune
[ 96%] Built target lookahead
[ 96%] Built target main
[ 96%] Built target imatrix
[ 96%] Built target speculative
[ 97%] Linking CXX executable ../../bin/perplexity
[ 97%] Built target perplexity
[ 98%] Linking CXX executable ../../bin/llama-bench
[ 98%] Built target llama-bench
[ 99%] Linking CXX executable ../bin/test-llama-grammar
[ 99%] Built target test-llama-grammar
[100%] Linking CXX executable ../../bin/server
[100%] Built target server

real	0m32.813s
user	1m49.871s
sys	0m9.859s
+ tee -a /home/ggml/results/llama.cpp/3c/a23481dd309bd51cc31c73a4cc34f922cc372f/ggml-2-x86-cpu/ctest_debug-ctest.log
+ ctest --output-on-failure -L main -E test-opt
Test project /home/ggml/work/llama.cpp/build-ci-debug
      Start  1: test-quantize-fns
 1/21 Test  #1: test-quantize-fns ...................   Passed   24.48 sec
      Start  2: test-quantize-perf
 2/21 Test  #2: test-quantize-perf ..................   Passed    8.92 sec
      Start  3: test-sampling
 3/21 Test  #3: test-sampling .......................   Passed    0.03 sec
      Start  4: test-chat-template
 4/21 Test  #4: test-chat-template ..................   Passed    0.00 sec
      Start  5: test-tokenizer-0-llama
 5/21 Test  #5: test-tokenizer-0-llama ..............   Passed    0.13 sec
      Start  6: test-tokenizer-0-falcon
 6/21 Test  #6: test-tokenizer-0-falcon .............   Passed    0.88 sec
      Start  7: test-tokenizer-1-llama
 7/21 Test  #7: test-tokenizer-1-llama ..............   Passed    3.37 sec
      Start  8: test-tokenizer-1-baichuan
 8/21 Test  #8: test-tokenizer-1-baichuan ...........   Passed    3.61 sec
      Start  9: test-tokenizer-1-falcon
 9/21 Test  #9: test-tokenizer-1-falcon .............   Passed    6.04 sec
      Start 10: test-tokenizer-1-aquila
10/21 Test #10: test-tokenizer-1-aquila .............   Passed    8.55 sec
      Start 11: test-tokenizer-1-mpt
11/21 Test #11: test-tokenizer-1-mpt ................   Passed    5.01 sec
      Start 12: test-tokenizer-1-stablelm-3b-4e1t
12/21 Test #12: test-tokenizer-1-stablelm-3b-4e1t ...   Passed    5.02 sec
      Start 13: test-tokenizer-1-gpt-neox
13/21 Test #13: test-tokenizer-1-gpt-neox ...........   Passed    5.02 sec
      Start 14: test-tokenizer-1-refact
14/21 Test #14: test-tokenizer-1-refact .............   Passed    4.82 sec
      Start 15: test-tokenizer-1-starcoder
15/21 Test #15: test-tokenizer-1-starcoder ..........   Passed    4.80 sec
      Start 16: test-tokenizer-1-gpt2
16/21 Test #16: test-tokenizer-1-gpt2 ...............   Passed    5.07 sec
      Start 17: test-grammar-parser
17/21 Test #17: test-grammar-parser .................   Passed    0.00 sec
      Start 18: test-llama-grammar
18/21 Test #18: test-llama-grammar ..................   Passed    0.00 sec
      Start 19: test-grad0
19/21 Test #19: test-grad0 ..........................   Passed    2.44 sec
      Start 20: test-backend-ops
20/21 Test #20: test-backend-ops ....................   Passed    0.00 sec
      Start 21: test-rope
21/21 Test #21: test-rope ...........................   Passed    0.06 sec

100% tests passed, 0 tests failed out of 21

Label Time Summary:
main    =  88.24 sec*proc (21 tests)

Total Test time (real) =  88.25 sec

real	1m28.269s
user	3m24.057s
sys	0m3.404s
+ set +e
+ cur=0
+ echo 0
+ set +x
+ gg_run_ctest_release
+ tee /home/ggml/results/llama.cpp/3c/a23481dd309bd51cc31c73a4cc34f922cc372f/ggml-2-x86-cpu/ctest_release.log
+ cd /home/ggml/work/llama.cpp
+ rm -rf build-ci-release
+ mkdir build-ci-release
+ cd build-ci-release
+ set -e
+ tee -a /home/ggml/results/llama.cpp/3c/a23481dd309bd51cc31c73a4cc34f922cc372f/ggml-2-x86-cpu/ctest_release-cmake.log
+ cmake -DCMAKE_BUILD_TYPE=Release -DLLAMA_FATAL_WARNINGS=ON ..
-- The C compiler identification is GNU 11.4.0
-- The CXX compiler identification is GNU 11.4.0
-- Detecting C compiler ABI info
-- Detecting C compiler ABI info - done
-- Check for working C compiler: /usr/bin/cc - skipped
-- Detecting C compile features
-- Detecting C compile features - done
-- Detecting CXX compiler ABI info
-- Detecting CXX compiler ABI info - done
-- Check for working CXX compiler: /usr/bin/c++ - skipped
-- Detecting CXX compile features
-- Detecting CXX compile features - done
-- Found Git: /usr/bin/git (found version "2.34.1") 
-- Performing Test CMAKE_HAVE_LIBC_PTHREAD
-- Performing Test CMAKE_HAVE_LIBC_PTHREAD - Success
-- Found Threads: TRUE  
-- ccache found, compilation results will be cached. Disable with LLAMA_CCACHE=OFF.
-- CMAKE_SYSTEM_PROCESSOR: x86_64
-- x86 detected
-- Configuring done (0.3s)
-- Generating done (0.1s)
-- Build files have been written to: /home/ggml/work/llama.cpp/build-ci-release

real	0m0.421s
user	0m0.325s
sys	0m0.079s
+ tee -a /home/ggml/results/llama.cpp/3c/a23481dd309bd51cc31c73a4cc34f922cc372f/ggml-2-x86-cpu/ctest_release-make.log
+ make -j
[  1%] Building C object CMakeFiles/ggml.dir/ggml-alloc.c.o
[  1%] Building C object CMakeFiles/ggml.dir/ggml.c.o
[  2%] Building CXX object common/CMakeFiles/build_info.dir/build-info.cpp.o
[  3%] Building C object CMakeFiles/ggml.dir/ggml-quants.c.o
[  4%] Building C object CMakeFiles/ggml.dir/ggml-backend.c.o
[  5%] Built target build_info
[  5%] Built target ggml
[  6%] Linking C static library libggml_static.a
[  7%] Building CXX object examples/gguf/CMakeFiles/gguf.dir/gguf.cpp.o
[  8%] Building CXX object CMakeFiles/llama.dir/llama.cpp.o
[  9%] Building CXX object CMakeFiles/llama.dir/unicode.cpp.o
[  9%] Built target ggml_static
[  9%] Linking CXX executable ../../bin/gguf
[  9%] Built target gguf
[  9%] Linking CXX static library libllama.a
[  9%] Built target llama
[ 10%] Building CXX object examples/benchmark/CMakeFiles/benchmark.dir/benchmark-matmult.cpp.o
[ 11%] Building C object tests/CMakeFiles/test-c.dir/test-c.c.o
[ 12%] Building CXX object common/CMakeFiles/common.dir/common.cpp.o
[ 13%] Building CXX object examples/llava/CMakeFiles/llava.dir/llava.cpp.o
[ 13%] Building CXX object common/CMakeFiles/common.dir/sampling.cpp.o
[ 14%] Building CXX object examples/quantize/CMakeFiles/quantize.dir/quantize.cpp.o
[ 15%] Building CXX object examples/quantize-stats/CMakeFiles/quantize-stats.dir/quantize-stats.cpp.o
[ 16%] Building CXX object common/CMakeFiles/common.dir/grammar-parser.cpp.o
[ 17%] Building CXX object common/CMakeFiles/common.dir/console.cpp.o
[ 17%] Building CXX object examples/llava/CMakeFiles/llava.dir/clip.cpp.o
[ 18%] Building CXX object common/CMakeFiles/common.dir/train.cpp.o
[ 18%] Linking CXX executable ../bin/test-c
[ 18%] Built target test-c
[ 18%] Linking CXX executable ../../bin/benchmark
[ 18%] Built target benchmark
[ 18%] Linking CXX executable ../../bin/quantize
[ 18%] Built target quantize
[ 19%] Linking CXX executable ../../bin/quantize-stats
[ 19%] Built target quantize-stats
[ 20%] Linking CXX static library libcommon.a
[ 20%] Built target common
[ 21%] Building CXX object tests/CMakeFiles/test-quantize-fns.dir/test-quantize-fns.cpp.o
[ 22%] Building CXX object tests/CMakeFiles/test-quantize-perf.dir/test-quantize-perf.cpp.o
[ 23%] Building CXX object tests/CMakeFiles/test-sampling.dir/test-sampling.cpp.o
[ 24%] Building CXX object tests/CMakeFiles/test-quantize-perf.dir/get-model.cpp.o
[ 25%] Building CXX object tests/CMakeFiles/test-tokenizer-0-llama.dir/test-tokenizer-0-llama.cpp.o
[ 26%] Building CXX object tests/CMakeFiles/test-quantize-fns.dir/get-model.cpp.o
[ 27%] Building CXX object tests/CMakeFiles/test-chat-template.dir/test-chat-template.cpp.o
[ 28%] Building CXX object tests/CMakeFiles/test-sampling.dir/get-model.cpp.o
[ 29%] Building CXX object tests/CMakeFiles/test-tokenizer-0-falcon.dir/test-tokenizer-0-falcon.cpp.o
[ 30%] Building CXX object tests/CMakeFiles/test-chat-template.dir/get-model.cpp.o
[ 30%] Building CXX object tests/CMakeFiles/test-tokenizer-0-llama.dir/get-model.cpp.o
[ 31%] Building CXX object tests/CMakeFiles/test-tokenizer-1-llama.dir/test-tokenizer-1-llama.cpp.o
[ 33%] Building CXX object tests/CMakeFiles/test-tokenizer-1-bpe.dir/get-model.cpp.o
[ 32%] Building CXX object tests/CMakeFiles/test-tokenizer-0-falcon.dir/get-model.cpp.o
[ 35%] Building CXX object tests/CMakeFiles/test-tokenizer-1-llama.dir/get-model.cpp.o
[ 37%] Building CXX object tests/CMakeFiles/test-backend-ops.dir/get-model.cpp.o
[ 39%] Building CXX object tests/CMakeFiles/test-llama-grammar.dir/test-llama-grammar.cpp.o
[ 39%] Building CXX object tests/CMakeFiles/test-backend-ops.dir/test-backend-ops.cpp.o
[ 39%] Building CXX object tests/CMakeFiles/test-grammar-parser.dir/test-grammar-parser.cpp.o
[ 40%] Building CXX object tests/CMakeFiles/test-grammar-parser.dir/get-model.cpp.o
[ 41%] Building CXX object tests/CMakeFiles/test-tokenizer-1-bpe.dir/test-tokenizer-1-bpe.cpp.o
[ 41%] Building CXX object tests/CMakeFiles/test-grad0.dir/test-grad0.cpp.o
[ 41%] Building CXX object tests/CMakeFiles/test-llama-grammar.dir/get-model.cpp.o
[ 42%] Building CXX object tests/CMakeFiles/test-grad0.dir/get-model.cpp.o
[ 43%] Building CXX object tests/CMakeFiles/test-rope.dir/test-rope.cpp.o
[ 44%] Building CXX object tests/CMakeFiles/test-model-load-cancel.dir/test-model-load-cancel.cpp.o
[ 44%] Building CXX object tests/CMakeFiles/test-rope.dir/get-model.cpp.o
[ 44%] Building CXX object tests/CMakeFiles/test-model-load-cancel.dir/get-model.cpp.o
[ 45%] Building CXX object tests/CMakeFiles/test-autorelease.dir/test-autorelease.cpp.o
[ 46%] Building CXX object tests/CMakeFiles/test-autorelease.dir/get-model.cpp.o
[ 46%] Building CXX object examples/baby-llama/CMakeFiles/baby-llama.dir/baby-llama.cpp.o
[ 47%] Building CXX object examples/beam-search/CMakeFiles/beam-search.dir/beam-search.cpp.o
[ 47%] Building CXX object examples/batched-bench/CMakeFiles/batched-bench.dir/batched-bench.cpp.o
[ 48%] Building CXX object examples/batched/CMakeFiles/batched.dir/batched.cpp.o
[ 48%] Building CXX object examples/convert-llama2c-to-ggml/CMakeFiles/convert-llama2c-to-ggml.dir/convert-llama2c-to-ggml.cpp.o
[ 49%] Building CXX object examples/embedding/CMakeFiles/embedding.dir/embedding.cpp.o
[ 50%] Building CXX object examples/finetune/CMakeFiles/finetune.dir/finetune.cpp.o
[ 51%] Building CXX object examples/gritlm/CMakeFiles/gritlm.dir/gritlm.cpp.o
[ 52%] Building CXX object examples/infill/CMakeFiles/infill.dir/infill.cpp.o
[ 53%] Building CXX object examples/llama-bench/CMakeFiles/llama-bench.dir/llama-bench.cpp.o
[ 54%] Building CXX object examples/main/CMakeFiles/main.dir/main.cpp.o
[ 55%] Building CXX object examples/tokenize/CMakeFiles/tokenize.dir/tokenize.cpp.o
[ 56%] Building CXX object examples/parallel/CMakeFiles/parallel.dir/parallel.cpp.o
[ 56%] Building CXX object examples/perplexity/CMakeFiles/perplexity.dir/perplexity.cpp.o
[ 57%] Building CXX object examples/simple/CMakeFiles/simple.dir/simple.cpp.o
[ 58%] Linking CXX executable ../bin/test-model-load-cancel
[ 59%] Building CXX object examples/save-load-state/CMakeFiles/save-load-state.dir/save-load-state.cpp.o
[ 60%] Building CXX object examples/passkey/CMakeFiles/passkey.dir/passkey.cpp.o
[ 61%] Building CXX object examples/lookahead/CMakeFiles/lookahead.dir/lookahead.cpp.o
[ 61%] Building CXX object examples/speculative/CMakeFiles/speculative.dir/speculative.cpp.o
[ 62%] Building CXX object examples/lookup/CMakeFiles/lookup.dir/lookup.cpp.o
[ 63%] Building CXX object examples/train-text-from-scratch/CMakeFiles/train-text-from-scratch.dir/train-text-from-scratch.cpp.o
[ 64%] Building CXX object examples/imatrix/CMakeFiles/imatrix.dir/imatrix.cpp.o
[ 65%] Building CXX object examples/server/CMakeFiles/server.dir/server.cpp.o
[ 65%] Building CXX object examples/export-lora/CMakeFiles/export-lora.dir/export-lora.cpp.o
[ 66%] Building CXX object pocs/vdot/CMakeFiles/vdot.dir/vdot.cpp.o
[ 67%] Building CXX object pocs/vdot/CMakeFiles/q8dot.dir/q8dot.cpp.o
[ 67%] Built target test-model-load-cancel
[ 68%] Linking CXX executable ../bin/test-rope
[ 68%] Linking CXX executable ../bin/test-quantize-fns
[ 69%] Linking CXX executable ../bin/test-chat-template
[ 69%] Linking CXX executable ../bin/test-autorelease
[ 69%] Built target test-rope
[ 69%] Built target test-quantize-fns
[ 69%] Built target test-chat-template
[ 69%] Built target test-autorelease
[ 69%] Linking CXX executable ../bin/test-grammar-parser
[ 69%] Built target test-grammar-parser
[ 69%] Linking CXX executable ../bin/test-sampling
[ 69%] Linking CXX executable ../bin/test-tokenizer-1-bpe
[ 70%] Linking CXX executable ../../bin/q8dot
[ 70%] Linking CXX executable ../../bin/tokenize
[ 71%] Linking CXX executable ../../bin/baby-llama
[ 71%] Built target test-sampling
[ 72%] Linking CXX executable ../bin/test-tokenizer-1-llama
[ 72%] Built target test-tokenizer-1-bpe
[ 72%] Built target q8dot
[ 73%] Linking CXX executable ../../bin/vdot
[ 73%] Built target tokenize
[ 73%] Built target baby-llama
[ 74%] Linking CXX executable ../../bin/beam-search
[ 74%] Built target test-tokenizer-1-llama
[ 74%] Built target vdot
[ 74%] Linking CXX executable ../../bin/save-load-state
[ 75%] Linking CXX executable ../bin/test-grad0
[ 75%] Built target beam-search
[ 75%] Built target test-grad0
[ 75%] Built target save-load-state
[ 76%] Linking CXX executable ../bin/test-quantize-perf
[ 77%] Linking CXX executable ../../bin/embedding
[ 78%] Linking CXX executable ../../bin/gritlm
[ 78%] Built target test-quantize-perf
[ 79%] Linking CXX executable ../../bin/simple
[ 80%] Linking CXX executable ../../bin/batched-bench
[ 81%] Linking CXX executable ../bin/test-tokenizer-0-llama
[ 81%] Built target gritlm
[ 81%] Built target embedding
[ 82%] Linking CXX executable ../../bin/batched
[ 82%] Built target batched-bench
[ 83%] Linking CXX executable ../bin/test-tokenizer-0-falcon
[ 84%] Linking CXX executable ../../bin/passkey
[ 84%] Built target simple
[ 84%] Built target test-tokenizer-0-llama
[ 85%] Linking CXX executable ../../bin/export-lora
[ 85%] Built target batched
[ 85%] Built target test-tokenizer-0-falcon
[ 85%] Built target passkey
[ 85%] Linking CXX executable ../../bin/lookahead
[ 85%] Built target export-lora
[ 86%] Linking CXX executable ../../bin/lookup
[ 86%] Built target lookahead
[ 87%] Linking CXX executable ../../bin/convert-llama2c-to-ggml
[ 87%] Built target convert-llama2c-to-ggml
[ 88%] Linking CXX executable ../../bin/parallel
[ 88%] Built target lookup
[ 89%] Linking CXX executable ../../bin/train-text-from-scratch
[ 90%] Linking CXX executable ../../bin/infill
[ 90%] Built target parallel
[ 90%] Linking CXX executable ../../bin/imatrix
[ 90%] Built target infill
[ 90%] Built target train-text-from-scratch
[ 90%] Built target imatrix
[ 91%] Linking CXX executable ../../bin/finetune
[ 92%] Linking CXX executable ../../bin/speculative
[ 92%] Built target finetune
[ 92%] Built target speculative
[ 92%] Linking CXX executable ../../bin/main
[ 92%] Built target main
[ 93%] Linking CXX executable ../../bin/perplexity
[ 93%] Built target perplexity
[ 94%] Linking CXX executable ../bin/test-backend-ops
[ 94%] Built target test-backend-ops
[ 94%] Built target llava
[ 95%] Linking CXX static library libllava_static.a
[ 96%] Building CXX object examples/llava/CMakeFiles/llava-cli.dir/llava-cli.cpp.o
[ 96%] Built target llava_static
[ 97%] Linking CXX executable ../../bin/llava-cli
[ 97%] Built target llava-cli
[ 98%] Linking CXX executable ../../bin/llama-bench
[ 98%] Built target llama-bench
[ 99%] Linking CXX executable ../bin/test-llama-grammar
[ 99%] Built target test-llama-grammar
[100%] Linking CXX executable ../../bin/server
[100%] Built target server

real	0m54.914s
user	2m38.297s
sys	0m7.748s
+ '[' -z ']'
+ tee -a /home/ggml/results/llama.cpp/3c/a23481dd309bd51cc31c73a4cc34f922cc372f/ggml-2-x86-cpu/ctest_release-ctest.log
+ ctest --output-on-failure -L main
Test project /home/ggml/work/llama.cpp/build-ci-release
      Start  1: test-quantize-fns
 1/21 Test  #1: test-quantize-fns ...................   Passed   13.07 sec
      Start  2: test-quantize-perf
 2/21 Test  #2: test-quantize-perf ..................   Passed    4.46 sec
      Start  3: test-sampling
 3/21 Test  #3: test-sampling .......................   Passed    0.01 sec
      Start  4: test-chat-template
 4/21 Test  #4: test-chat-template ..................   Passed    0.00 sec
      Start  5: test-tokenizer-0-llama
 5/21 Test  #5: test-tokenizer-0-llama ..............   Passed    0.03 sec
      Start  6: test-tokenizer-0-falcon
 6/21 Test  #6: test-tokenizer-0-falcon .............   Passed    0.18 sec
      Start  7: test-tokenizer-1-llama
 7/21 Test  #7: test-tokenizer-1-llama ..............   Passed    0.45 sec
      Start  8: test-tokenizer-1-baichuan
 8/21 Test  #8: test-tokenizer-1-baichuan ...........   Passed    0.48 sec
      Start  9: test-tokenizer-1-falcon
 9/21 Test  #9: test-tokenizer-1-falcon .............   Passed    0.76 sec
      Start 10: test-tokenizer-1-aquila
10/21 Test #10: test-tokenizer-1-aquila .............   Passed    1.13 sec
      Start 11: test-tokenizer-1-mpt
11/21 Test #11: test-tokenizer-1-mpt ................   Passed    0.61 sec
      Start 12: test-tokenizer-1-stablelm-3b-4e1t
12/21 Test #12: test-tokenizer-1-stablelm-3b-4e1t ...   Passed    0.62 sec
      Start 13: test-tokenizer-1-gpt-neox
13/21 Test #13: test-tokenizer-1-gpt-neox ...........   Passed    0.62 sec
      Start 14: test-tokenizer-1-refact
14/21 Test #14: test-tokenizer-1-refact .............   Passed    0.61 sec
      Start 15: test-tokenizer-1-starcoder
15/21 Test #15: test-tokenizer-1-starcoder ..........   Passed    0.60 sec
      Start 16: test-tokenizer-1-gpt2
16/21 Test #16: test-tokenizer-1-gpt2 ...............   Passed    0.62 sec
      Start 17: test-grammar-parser
17/21 Test #17: test-grammar-parser .................   Passed    0.00 sec
      Start 18: test-llama-grammar
18/21 Test #18: test-llama-grammar ..................   Passed    0.00 sec
      Start 19: test-grad0
19/21 Test #19: test-grad0 ..........................   Passed    2.31 sec
      Start 20: test-backend-ops
20/21 Test #20: test-backend-ops ....................   Passed    0.00 sec
      Start 21: test-rope
21/21 Test #21: test-rope ...........................   Passed    0.05 sec

100% tests passed, 0 tests failed out of 21

Label Time Summary:
main    =  26.60 sec*proc (21 tests)

Total Test time (real) =  26.61 sec

real	0m26.635s
user	0m40.024s
sys	0m3.240s
+ set +e
+ cur=0
+ echo 0
+ set +x
+ gg_run_embd_bge_small
+ tee /home/ggml/results/llama.cpp/3c/a23481dd309bd51cc31c73a4cc34f922cc372f/ggml-2-x86-cpu/embd_bge_small.log
+ cd /home/ggml/work/llama.cpp
+ gg_wget models-mnt/bge-small/ https://huggingface.co/BAAI/bge-small-en-v1.5/raw/main/config.json
+ local out=models-mnt/bge-small/
+ local url=https://huggingface.co/BAAI/bge-small-en-v1.5/raw/main/config.json
++ pwd
+ local cwd=/home/ggml/work/llama.cpp
+ mkdir -p models-mnt/bge-small/
+ cd models-mnt/bge-small/
+ wget -nv -N https://huggingface.co/BAAI/bge-small-en-v1.5/raw/main/config.json
Last-modified header missing -- time-stamps turned off.
2024-03-14 10:51:27 URL:https://huggingface.co/BAAI/bge-small-en-v1.5/raw/main/config.json [743/743] -> "config.json" [1]
+ cd /home/ggml/work/llama.cpp
+ gg_wget models-mnt/bge-small/ https://huggingface.co/BAAI/bge-small-en-v1.5/resolve/main/tokenizer.model
+ local out=models-mnt/bge-small/
+ local url=https://huggingface.co/BAAI/bge-small-en-v1.5/resolve/main/tokenizer.model
++ pwd
+ local cwd=/home/ggml/work/llama.cpp
+ mkdir -p models-mnt/bge-small/
+ cd models-mnt/bge-small/
+ wget -nv -N https://huggingface.co/BAAI/bge-small-en-v1.5/resolve/main/tokenizer.model
https://huggingface.co/BAAI/bge-small-en-v1.5/resolve/main/tokenizer.model:
2024-03-14 10:51:27 ERROR 404: Not Found.
+ cd /home/ggml/work/llama.cpp
+ gg_wget models-mnt/bge-small/ https://huggingface.co/BAAI/bge-small-en-v1.5/raw/main/tokenizer_config.json
+ local out=models-mnt/bge-small/
+ local url=https://huggingface.co/BAAI/bge-small-en-v1.5/raw/main/tokenizer_config.json
++ pwd
+ local cwd=/home/ggml/work/llama.cpp
+ mkdir -p models-mnt/bge-small/
+ cd models-mnt/bge-small/
+ wget -nv -N https://huggingface.co/BAAI/bge-small-en-v1.5/raw/main/tokenizer_config.json
Last-modified header missing -- time-stamps turned off.
2024-03-14 10:51:27 URL:https://huggingface.co/BAAI/bge-small-en-v1.5/raw/main/tokenizer_config.json [366/366] -> "tokenizer_config.json" [1]
+ cd /home/ggml/work/llama.cpp
+ gg_wget models-mnt/bge-small/ https://huggingface.co/BAAI/bge-small-en-v1.5/raw/main/special_tokens_map.json
+ local out=models-mnt/bge-small/
+ local url=https://huggingface.co/BAAI/bge-small-en-v1.5/raw/main/special_tokens_map.json
++ pwd
+ local cwd=/home/ggml/work/llama.cpp
+ mkdir -p models-mnt/bge-small/
+ cd models-mnt/bge-small/
+ wget -nv -N https://huggingface.co/BAAI/bge-small-en-v1.5/raw/main/special_tokens_map.json
Last-modified header missing -- time-stamps turned off.
2024-03-14 10:51:27 URL:https://huggingface.co/BAAI/bge-small-en-v1.5/raw/main/special_tokens_map.json [125/125] -> "special_tokens_map.json" [1]
+ cd /home/ggml/work/llama.cpp
+ gg_wget models-mnt/bge-small/ https://huggingface.co/BAAI/bge-small-en-v1.5/resolve/main/pytorch_model.bin
+ local out=models-mnt/bge-small/
+ local url=https://huggingface.co/BAAI/bge-small-en-v1.5/resolve/main/pytorch_model.bin
++ pwd
+ local cwd=/home/ggml/work/llama.cpp
+ mkdir -p models-mnt/bge-small/
+ cd models-mnt/bge-small/
+ wget -nv -N https://huggingface.co/BAAI/bge-small-en-v1.5/resolve/main/pytorch_model.bin
+ cd /home/ggml/work/llama.cpp
+ gg_wget models-mnt/bge-small/ https://huggingface.co/BAAI/bge-small-en-v1.5/raw/main/sentence_bert_config.json
+ local out=models-mnt/bge-small/
+ local url=https://huggingface.co/BAAI/bge-small-en-v1.5/raw/main/sentence_bert_config.json
++ pwd
+ local cwd=/home/ggml/work/llama.cpp
+ mkdir -p models-mnt/bge-small/
+ cd models-mnt/bge-small/
+ wget -nv -N https://huggingface.co/BAAI/bge-small-en-v1.5/raw/main/sentence_bert_config.json
Last-modified header missing -- time-stamps turned off.
2024-03-14 10:51:27 URL:https://huggingface.co/BAAI/bge-small-en-v1.5/raw/main/sentence_bert_config.json [52/52] -> "sentence_bert_config.json" [1]
+ cd /home/ggml/work/llama.cpp
+ gg_wget models-mnt/bge-small/ https://huggingface.co/BAAI/bge-small-en-v1.5/raw/main/vocab.txt
+ local out=models-mnt/bge-small/
+ local url=https://huggingface.co/BAAI/bge-small-en-v1.5/raw/main/vocab.txt
++ pwd
+ local cwd=/home/ggml/work/llama.cpp
+ mkdir -p models-mnt/bge-small/
+ cd models-mnt/bge-small/
+ wget -nv -N https://huggingface.co/BAAI/bge-small-en-v1.5/raw/main/vocab.txt
Last-modified header missing -- time-stamps turned off.
2024-03-14 10:51:27 URL:https://huggingface.co/BAAI/bge-small-en-v1.5/raw/main/vocab.txt [231508/231508] -> "vocab.txt" [1]
+ cd /home/ggml/work/llama.cpp
+ gg_wget models-mnt/bge-small/ https://huggingface.co/BAAI/bge-small-en-v1.5/raw/main/modules.json
+ local out=models-mnt/bge-small/
+ local url=https://huggingface.co/BAAI/bge-small-en-v1.5/raw/main/modules.json
++ pwd
+ local cwd=/home/ggml/work/llama.cpp
+ mkdir -p models-mnt/bge-small/
+ cd models-mnt/bge-small/
+ wget -nv -N https://huggingface.co/BAAI/bge-small-en-v1.5/raw/main/modules.json
Last-modified header missing -- time-stamps turned off.
2024-03-14 10:51:27 URL:https://huggingface.co/BAAI/bge-small-en-v1.5/raw/main/modules.json [349/349] -> "modules.json" [1]
+ cd /home/ggml/work/llama.cpp
+ gg_wget models-mnt/bge-small/ https://huggingface.co/BAAI/bge-small-en-v1.5/raw/main/config.json
+ local out=models-mnt/bge-small/
+ local url=https://huggingface.co/BAAI/bge-small-en-v1.5/raw/main/config.json
++ pwd
+ local cwd=/home/ggml/work/llama.cpp
+ mkdir -p models-mnt/bge-small/
+ cd models-mnt/bge-small/
+ wget -nv -N https://huggingface.co/BAAI/bge-small-en-v1.5/raw/main/config.json
Last-modified header missing -- time-stamps turned off.
2024-03-14 10:51:27 URL:https://huggingface.co/BAAI/bge-small-en-v1.5/raw/main/config.json [743/743] -> "config.json" [1]
+ cd /home/ggml/work/llama.cpp
+ gg_wget models-mnt/bge-small/1_Pooling https://huggingface.co/BAAI/bge-small-en-v1.5/raw/main/1_Pooling/config.json
+ local out=models-mnt/bge-small/1_Pooling
+ local url=https://huggingface.co/BAAI/bge-small-en-v1.5/raw/main/1_Pooling/config.json
++ pwd
+ local cwd=/home/ggml/work/llama.cpp
+ mkdir -p models-mnt/bge-small/1_Pooling
+ cd models-mnt/bge-small/1_Pooling
+ wget -nv -N https://huggingface.co/BAAI/bge-small-en-v1.5/raw/main/1_Pooling/config.json
Last-modified header missing -- time-stamps turned off.
2024-03-14 10:51:27 URL:https://huggingface.co/BAAI/bge-small-en-v1.5/raw/main/1_Pooling/config.json [190/190] -> "config.json" [1]
+ cd /home/ggml/work/llama.cpp
+ path_models=../models-mnt/bge-small
+ rm -rf build-ci-release
+ mkdir build-ci-release
+ cd build-ci-release
+ set -e
+ tee -a /home/ggml/results/llama.cpp/3c/a23481dd309bd51cc31c73a4cc34f922cc372f/ggml-2-x86-cpu/embd_bge_small-cmake.log
+ cmake -DCMAKE_BUILD_TYPE=Release -DLLAMA_FATAL_WARNINGS=ON ..
-- The C compiler identification is GNU 11.4.0
-- The CXX compiler identification is GNU 11.4.0
-- Detecting C compiler ABI info
-- Detecting C compiler ABI info - done
-- Check for working C compiler: /usr/bin/cc - skipped
-- Detecting C compile features
-- Detecting C compile features - done
-- Detecting CXX compiler ABI info
-- Detecting CXX compiler ABI info - done
-- Check for working CXX compiler: /usr/bin/c++ - skipped
-- Detecting CXX compile features
-- Detecting CXX compile features - done
-- Found Git: /usr/bin/git (found version "2.34.1") 
-- Performing Test CMAKE_HAVE_LIBC_PTHREAD
-- Performing Test CMAKE_HAVE_LIBC_PTHREAD - Success
-- Found Threads: TRUE  
-- ccache found, compilation results will be cached. Disable with LLAMA_CCACHE=OFF.
-- CMAKE_SYSTEM_PROCESSOR: x86_64
-- x86 detected
-- Configuring done (0.3s)
-- Generating done (0.1s)
-- Build files have been written to: /home/ggml/work/llama.cpp/build-ci-release

real	0m0.428s
user	0m0.311s
sys	0m0.099s
+ tee -a /home/ggml/results/llama.cpp/3c/a23481dd309bd51cc31c73a4cc34f922cc372f/ggml-2-x86-cpu/embd_bge_small-make.log
+ make -j
[  2%] Building CXX object common/CMakeFiles/build_info.dir/build-info.cpp.o
[  2%] Building C object CMakeFiles/ggml.dir/ggml.c.o
[  2%] Building C object CMakeFiles/ggml.dir/ggml-alloc.c.o
[  3%] Building C object CMakeFiles/ggml.dir/ggml-backend.c.o
[  4%] Building C object CMakeFiles/ggml.dir/ggml-quants.c.o
[  5%] Built target build_info
[  5%] Built target ggml
[  6%] Linking C static library libggml_static.a
[  8%] Building CXX object CMakeFiles/llama.dir/llama.cpp.o
[  8%] Building CXX object examples/gguf/CMakeFiles/gguf.dir/gguf.cpp.o
[  9%] Building CXX object CMakeFiles/llama.dir/unicode.cpp.o
[  9%] Linking CXX executable ../../bin/gguf
[  9%] Linking CXX static library libllama.a
[  9%] Built target ggml_static
[  9%] Built target llama
[ 10%] Building C object tests/CMakeFiles/test-c.dir/test-c.c.o
[ 11%] Building CXX object examples/benchmark/CMakeFiles/benchmark.dir/benchmark-matmult.cpp.o
[ 13%] Building CXX object common/CMakeFiles/common.dir/common.cpp.o
[ 14%] Building CXX object examples/quantize/CMakeFiles/quantize.dir/quantize.cpp.o
[ 14%] Building CXX object common/CMakeFiles/common.dir/sampling.cpp.o
[ 13%] Building CXX object examples/llava/CMakeFiles/llava.dir/llava.cpp.o
[ 15%] Building CXX object common/CMakeFiles/common.dir/grammar-parser.cpp.o
[ 16%] Building CXX object common/CMakeFiles/common.dir/console.cpp.o
[ 17%] Building CXX object common/CMakeFiles/common.dir/train.cpp.o
[ 17%] Building CXX object examples/llava/CMakeFiles/llava.dir/clip.cpp.o
[ 18%] Building CXX object examples/quantize-stats/CMakeFiles/quantize-stats.dir/quantize-stats.cpp.o
[ 18%] Linking CXX executable ../bin/test-c
[ 18%] Linking CXX executable ../../bin/quantize
[ 18%] Linking CXX executable ../../bin/benchmark
[ 18%] Built target llava
[ 19%] Linking CXX static library libcommon.a
[ 20%] Linking CXX executable ../../bin/quantize-stats
[ 21%] Linking CXX static library libllava_static.a
[ 21%] Built target gguf
[ 21%] Built target llava_static
[ 21%] Built target common
[ 22%] Building CXX object tests/CMakeFiles/test-quantize-perf.dir/test-quantize-perf.cpp.o
[ 23%] Building CXX object tests/CMakeFiles/test-quantize-fns.dir/test-quantize-fns.cpp.o
[ 24%] Building CXX object tests/CMakeFiles/test-quantize-perf.dir/get-model.cpp.o
[ 25%] Building CXX object tests/CMakeFiles/test-quantize-fns.dir/get-model.cpp.o
[ 26%] Building CXX object tests/CMakeFiles/test-sampling.dir/test-sampling.cpp.o
[ 27%] Building CXX object tests/CMakeFiles/test-tokenizer-0-falcon.dir/get-model.cpp.o
[ 28%] Building CXX object tests/CMakeFiles/test-sampling.dir/get-model.cpp.o
[ 28%] Built target test-c
[ 29%] Linking CXX executable ../bin/test-quantize-perf
[ 30%] Building CXX object tests/CMakeFiles/test-chat-template.dir/test-chat-template.cpp.o
[ 30%] Linking CXX executable ../bin/test-quantize-fns
[ 31%] Building CXX object tests/CMakeFiles/test-tokenizer-0-falcon.dir/test-tokenizer-0-falcon.cpp.o
[ 31%] Building CXX object tests/CMakeFiles/test-tokenizer-0-llama.dir/get-model.cpp.o
[ 32%] Building CXX object tests/CMakeFiles/test-tokenizer-0-llama.dir/test-tokenizer-0-llama.cpp.o
[ 33%] Building CXX object tests/CMakeFiles/test-tokenizer-1-llama.dir/test-tokenizer-1-llama.cpp.o
[ 34%] Building CXX object tests/CMakeFiles/test-chat-template.dir/get-model.cpp.o
[ 34%] Linking CXX executable ../bin/test-sampling
[ 35%] Building CXX object tests/CMakeFiles/test-tokenizer-1-llama.dir/get-model.cpp.o
[ 36%] Building CXX object tests/CMakeFiles/test-rope.dir/test-rope.cpp.o
[ 37%] Building CXX object tests/CMakeFiles/test-grammar-parser.dir/get-model.cpp.o
[ 38%] Linking CXX executable ../bin/test-tokenizer-0-llama
[ 39%] Building CXX object tests/CMakeFiles/test-tokenizer-1-bpe.dir/test-tokenizer-1-bpe.cpp.o
[ 40%] Building CXX object tests/CMakeFiles/test-grammar-parser.dir/test-grammar-parser.cpp.o
[ 41%] Building CXX object tests/CMakeFiles/test-autorelease.dir/test-autorelease.cpp.o
[ 41%] Building CXX object examples/baby-llama/CMakeFiles/baby-llama.dir/baby-llama.cpp.o
[ 42%] Building CXX object tests/CMakeFiles/test-autorelease.dir/get-model.cpp.o
[ 43%] Linking CXX executable ../bin/test-chat-template
[ 44%] Building CXX object tests/CMakeFiles/test-backend-ops.dir/test-backend-ops.cpp.o
[ 45%] Linking CXX executable ../bin/test-tokenizer-0-falcon
[ 46%] Building CXX object tests/CMakeFiles/test-tokenizer-1-bpe.dir/get-model.cpp.o
[ 47%] Building CXX object tests/CMakeFiles/test-model-load-cancel.dir/test-model-load-cancel.cpp.o
[ 48%] Building CXX object examples/batched/CMakeFiles/batched.dir/batched.cpp.o
[ 48%] Building CXX object tests/CMakeFiles/test-rope.dir/get-model.cpp.o
[ 50%] Linking CXX executable ../bin/test-tokenizer-1-llama
[ 49%] Building CXX object tests/CMakeFiles/test-backend-ops.dir/get-model.cpp.o
[ 50%] Building CXX object tests/CMakeFiles/test-grad0.dir/test-grad0.cpp.o
[ 50%] Linking CXX executable ../bin/test-grammar-parser
[ 51%] Building CXX object tests/CMakeFiles/test-llama-grammar.dir/test-llama-grammar.cpp.o
[ 51%] Built target benchmark
[ 52%] Building CXX object tests/CMakeFiles/test-grad0.dir/get-model.cpp.o
[ 52%] Linking CXX executable ../bin/test-tokenizer-1-bpe
[ 52%] Linking CXX executable ../bin/test-autorelease
[ 53%] Building CXX object tests/CMakeFiles/test-llama-grammar.dir/get-model.cpp.o
[ 53%] Building CXX object tests/CMakeFiles/test-model-load-cancel.dir/get-model.cpp.o
[ 54%] Linking CXX executable ../bin/test-backend-ops
[ 54%] Built target quantize
[ 55%] Linking CXX executable ../bin/test-rope
[ 56%] Linking CXX executable ../../bin/baby-llama
[ 57%] Linking CXX executable ../../bin/batched
[ 57%] Built target quantize-stats
[ 58%] Linking CXX executable ../bin/test-grad0
[ 58%] Building CXX object examples/batched-bench/CMakeFiles/batched-bench.dir/batched-bench.cpp.o
[ 59%] Linking CXX executable ../bin/test-model-load-cancel
[ 60%] Building CXX object examples/beam-search/CMakeFiles/beam-search.dir/beam-search.cpp.o
[ 61%] Linking CXX executable ../bin/test-llama-grammar
[ 61%] Built target test-quantize-perf
[ 62%] Building CXX object examples/embedding/CMakeFiles/embedding.dir/embedding.cpp.o
[ 62%] Building CXX object examples/convert-llama2c-to-ggml/CMakeFiles/convert-llama2c-to-ggml.dir/convert-llama2c-to-ggml.cpp.o
[ 62%] Built target test-quantize-fns
[ 63%] Linking CXX executable ../../bin/batched-bench
[ 64%] Building CXX object examples/finetune/CMakeFiles/finetune.dir/finetune.cpp.o
[ 65%] Building CXX object examples/gritlm/CMakeFiles/gritlm.dir/gritlm.cpp.o
[ 66%] Linking CXX executable ../../bin/beam-search
[ 67%] Linking CXX executable ../../bin/convert-llama2c-to-ggml
[ 68%] Linking CXX executable ../../bin/embedding
[ 68%] Built target test-backend-ops
[ 69%] Linking CXX executable ../../bin/finetune
[ 70%] Linking CXX executable ../../bin/gritlm
[ 71%] Building CXX object examples/infill/CMakeFiles/infill.dir/infill.cpp.o
[ 71%] Built target test-chat-template
[ 71%] Built target test-tokenizer-0-llama
[ 71%] Built target test-tokenizer-1-llama
[ 72%] Linking CXX executable ../../bin/infill
[ 72%] Built target test-sampling
[ 72%] Built target test-grammar-parser
[ 72%] Built target test-tokenizer-1-bpe
[ 72%] Built target test-rope
[ 72%] Built target baby-llama
[ 72%] Built target batched
[ 72%] Built target test-autorelease
[ 72%] Built target test-tokenizer-0-falcon
[ 72%] Built target test-grad0
[ 73%] Building CXX object examples/llama-bench/CMakeFiles/llama-bench.dir/llama-bench.cpp.o
[ 73%] Built target test-model-load-cancel
[ 74%] Building CXX object examples/llava/CMakeFiles/llava-cli.dir/llava-cli.cpp.o
[ 75%] Linking CXX executable ../../bin/llama-bench
[ 75%] Built target test-llama-grammar
[ 76%] Linking CXX executable ../../bin/llava-cli
[ 76%] Built target convert-llama2c-to-ggml
[ 76%] Built target batched-bench
[ 77%] Building CXX object examples/main/CMakeFiles/main.dir/main.cpp.o
[ 78%] Building CXX object examples/save-load-state/CMakeFiles/save-load-state.dir/save-load-state.cpp.o
[ 79%] Building CXX object examples/tokenize/CMakeFiles/tokenize.dir/tokenize.cpp.o
[ 79%] Built target beam-search
[ 79%] Linking CXX executable ../../bin/main
[ 79%] Building CXX object examples/perplexity/CMakeFiles/perplexity.dir/perplexity.cpp.o
[ 80%] Building CXX object examples/parallel/CMakeFiles/parallel.dir/parallel.cpp.o
[ 80%] Linking CXX executable ../../bin/save-load-state
[ 81%] Building CXX object examples/passkey/CMakeFiles/passkey.dir/passkey.cpp.o
[ 82%] Linking CXX executable ../../bin/perplexity
[ 83%] Building CXX object examples/simple/CMakeFiles/simple.dir/simple.cpp.o
[ 83%] Built target finetune
[ 83%] Building CXX object examples/speculative/CMakeFiles/speculative.dir/speculative.cpp.o
[ 83%] Built target embedding
[ 84%] Linking CXX executable ../../bin/parallel
[ 84%] Linking CXX executable ../../bin/tokenize
[ 85%] Linking CXX executable ../../bin/simple
[ 86%] Linking CXX executable ../../bin/passkey
[ 87%] Linking CXX executable ../../bin/speculative
[ 88%] Building CXX object examples/lookahead/CMakeFiles/lookahead.dir/lookahead.cpp.o
[ 88%] Built target infill
[ 89%] Building CXX object examples/lookup/CMakeFiles/lookup.dir/lookup.cpp.o
[ 89%] Built target gritlm
[ 90%] Building CXX object examples/train-text-from-scratch/CMakeFiles/train-text-from-scratch.dir/train-text-from-scratch.cpp.o
[ 91%] Building CXX object examples/imatrix/CMakeFiles/imatrix.dir/imatrix.cpp.o
[ 90%] Built target llama-bench
[ 91%] Built target llava-cli
[ 91%] Linking CXX executable ../../bin/lookahead
[ 92%] Linking CXX executable ../../bin/lookup
[ 92%] Linking CXX executable ../../bin/imatrix
[ 92%] Built target main
[ 93%] Building CXX object examples/server/CMakeFiles/server.dir/server.cpp.o
[ 94%] Linking CXX executable ../../bin/train-text-from-scratch
[ 94%] Built target perplexity
[ 94%] Building CXX object examples/export-lora/CMakeFiles/export-lora.dir/export-lora.cpp.o
[ 94%] Built target tokenize
[ 95%] Building CXX object pocs/vdot/CMakeFiles/vdot.dir/vdot.cpp.o
[ 96%] Building CXX object pocs/vdot/CMakeFiles/q8dot.dir/q8dot.cpp.o
[ 96%] Built target parallel
[ 97%] Linking CXX executable ../../bin/server
[ 97%] Built target save-load-state
[ 98%] Linking CXX executable ../../bin/q8dot
[ 98%] Built target simple
[ 99%] Linking CXX executable ../../bin/export-lora
[ 99%] Built target passkey
[100%] Linking CXX executable ../../bin/vdot
[100%] Built target speculative
[100%] Built target lookahead
[100%] Built target q8dot
[100%] Built target export-lora
[100%] Built target lookup
[100%] Built target imatrix
[100%] Built target train-text-from-scratch
[100%] Built target vdot
[100%] Built target server

real	0m0.844s
user	0m4.702s
sys	0m1.326s
+ python3 ../convert-hf-to-gguf.py ../models-mnt/bge-small
/mnt/llama.cpp/venv/lib/python3.10/site-packages/torch/_utils.py:831: UserWarning: TypedStorage is deprecated. It will be removed in the future and UntypedStorage will be the only storage class. This should only matter to you if you are using storages directly.  To access UntypedStorage directly, use tensor.untyped_storage() instead of tensor.storage()
  return self.fget.__get__(instance, owner)()
Traceback (most recent call last):
  File "/home/ggml/work/llama.cpp/build-ci-release/../convert-hf-to-gguf.py", line 2056, in <module>
Loading model: bge-small
gguf: This GGUF file is for Little Endian only
Set model parameters
Set model tokenizer
fname_tokenizer: ../models-mnt/bge-small
gguf: Setting special token type pad to 0
Exporting model to '../models-mnt/bge-small/ggml-model-f16.gguf'
gguf: loading model part 'pytorch_model.bin'
token_embd.weight, n_dims = 2, torch.float32 --> <class 'numpy.float16'>
position_embd.weight, n_dims = 2, torch.float32 --> <class 'numpy.float16'>
token_types.weight, n_dims = 2, torch.float32 --> <class 'numpy.float32'>
    main()
  File "/home/ggml/work/llama.cpp/build-ci-release/../convert-hf-to-gguf.py", line 2050, in main
    model_instance.write()
  File "/home/ggml/work/llama.cpp/build-ci-release/../convert-hf-to-gguf.py", line 164, in write
    self.write_tensors()
  File "/home/ggml/work/llama.cpp/build-ci-release/../convert-hf-to-gguf.py", line 1743, in write_tensors
    self.gguf_writer.add_tensor(new_name, data)
  File "/home/ggml/work/llama.cpp/build-ci-release/../gguf-py/gguf/gguf_writer.py", line 238, in add_tensor
    self.add_tensor_info(name, shape, tensor.dtype, tensor.nbytes, raw_dtype = raw_dtype)
  File "/home/ggml/work/llama.cpp/build-ci-release/../gguf-py/gguf/gguf_writer.py", line 218, in add_tensor_info
    raise ValueError("Only F32, F16, I8, I16, I32 tensors are supported for now")
ValueError: Only F32, F16, I8, I16, I32 tensors are supported for now
+ cur=1
+ echo 1
+ set +x
cat: /home/ggml/results/llama.cpp/3c/a23481dd309bd51cc31c73a4cc34f922cc372f/ggml-2-x86-cpu/embd_bge_small-tg-f16.log: No such file or directory
cat: /home/ggml/results/llama.cpp/3c/a23481dd309bd51cc31c73a4cc34f922cc372f/ggml-2-x86-cpu/embd_bge_small-tg-q8_0.log: No such file or directory
