+ cmake -DCMAKE_BUILD_TYPE=Release -DLLAMA_FATAL_WARNINGS=ON -DLLAMA_CUDA=1 ..
-- The C compiler identification is GNU 11.4.0
-- The CXX compiler identification is GNU 11.4.0
-- Detecting C compiler ABI info
-- Detecting C compiler ABI info - done
-- Check for working C compiler: /usr/bin/cc - skipped
-- Detecting C compile features
-- Detecting C compile features - done
-- Detecting CXX compiler ABI info
-- Detecting CXX compiler ABI info - done
-- Check for working CXX compiler: /usr/bin/c++ - skipped
-- Detecting CXX compile features
-- Detecting CXX compile features - done
-- Found Git: /usr/bin/git (found version "2.34.1") 
-- Performing Test CMAKE_HAVE_LIBC_PTHREAD
-- Performing Test CMAKE_HAVE_LIBC_PTHREAD - Success
-- Found Threads: TRUE  
-- Found CUDAToolkit: /usr/local/cuda-12.2/include (found version "12.2.140") 
-- CUDA found
-- The CUDA compiler identification is NVIDIA 12.2.140
-- Detecting CUDA compiler ABI info
-- Detecting CUDA compiler ABI info - done
-- Check for working CUDA compiler: /usr/local/cuda-12.2/bin/nvcc - skipped
-- Detecting CUDA compile features
-- Detecting CUDA compile features - done
-- Using CUDA architectures: 52;61;70
-- CUDA host compiler is GNU 11.4.0

-- ccache found, compilation results will be cached. Disable with LLAMA_CCACHE=OFF.
-- CMAKE_SYSTEM_PROCESSOR: x86_64
-- x86 detected
-- Configuring done (3.2s)
-- Generating done (0.2s)
-- Build files have been written to: /home/ggml/work/llama.cpp/build-ci-release

real	0m3.469s
user	0m2.618s
sys	0m0.849s
+ make -j
[  1%] Building CXX object common/CMakeFiles/build_info.dir/build-info.cpp.o
[  2%] Building CXX object common/CMakeFiles/json-schema-to-grammar.dir/json-schema-to-grammar.cpp.o
[  3%] Building C object CMakeFiles/ggml.dir/ggml-backend.c.o
[  4%] Building C object CMakeFiles/ggml.dir/ggml.c.o
[  4%] Building C object CMakeFiles/ggml.dir/ggml-alloc.c.o
[  4%] Building C object CMakeFiles/ggml.dir/ggml-quants.c.o
[  4%] Building CUDA object CMakeFiles/ggml.dir/ggml-cuda/arange.cu.o
[  5%] Building CUDA object CMakeFiles/ggml.dir/ggml-cuda/alibi.cu.o
[  6%] Building CUDA object CMakeFiles/ggml.dir/ggml-cuda/acc.cu.o
[  7%] Building CUDA object CMakeFiles/ggml.dir/ggml-cuda/argsort.cu.o
[  7%] Building CUDA object CMakeFiles/ggml.dir/ggml-cuda/binbcast.cu.o
[  8%] Building CUDA object CMakeFiles/ggml.dir/ggml-cuda/clamp.cu.o
[  9%] Building CUDA object CMakeFiles/ggml.dir/ggml-cuda/convert.cu.o
[  9%] Building CUDA object CMakeFiles/ggml.dir/ggml-cuda/concat.cu.o
[  9%] Building CUDA object CMakeFiles/ggml.dir/ggml-cuda/cpy.cu.o
[ 10%] Building CUDA object CMakeFiles/ggml.dir/ggml-cuda/diagmask.cu.o
[ 10%] Building CUDA object CMakeFiles/ggml.dir/ggml-cuda/im2col.cu.o
[ 11%] Building CUDA object CMakeFiles/ggml.dir/ggml-cuda/getrows.cu.o
[ 11%] Building CUDA object CMakeFiles/ggml.dir/ggml-cuda/dmmv.cu.o
[ 11%] Built target build_info
[ 12%] Building CUDA object CMakeFiles/ggml.dir/ggml-cuda/mmq.cu.o
[ 13%] Building CUDA object CMakeFiles/ggml.dir/ggml-cuda/norm.cu.o
[ 14%] Building CUDA object CMakeFiles/ggml.dir/ggml-cuda/pool2d.cu.o
[ 14%] Building CUDA object CMakeFiles/ggml.dir/ggml-cuda/quantize.cu.o
[ 14%] Building CUDA object CMakeFiles/ggml.dir/ggml-cuda/pad.cu.o
[ 11%] Building CUDA object CMakeFiles/ggml.dir/ggml-cuda/mmvq.cu.o
[ 15%] Building CUDA object CMakeFiles/ggml.dir/ggml-cuda/rope.cu.o
[ 15%] Building CUDA object CMakeFiles/ggml.dir/ggml-cuda/scale.cu.o
[ 16%] Building CUDA object CMakeFiles/ggml.dir/ggml-cuda/softmax.cu.o
[ 16%] Building CUDA object CMakeFiles/ggml.dir/ggml-cuda/sumrows.cu.o
[ 17%] Building CUDA object CMakeFiles/ggml.dir/ggml-cuda/tsembd.cu.o
[ 17%] Building CUDA object CMakeFiles/ggml.dir/ggml-cuda/unary.cu.o
[ 18%] Building CUDA object CMakeFiles/ggml.dir/ggml-cuda/upscale.cu.o
[ 18%] Building CUDA object CMakeFiles/ggml.dir/ggml-cuda.cu.o
[ 18%] Built target json-schema-to-grammar
[ 18%] Built target ggml
[ 19%] Linking CUDA static library libggml_static.a
[ 19%] Building CXX object CMakeFiles/llama.dir/llama.cpp.o
[ 20%] Building CXX object CMakeFiles/llama.dir/unicode.cpp.o
[ 20%] Building CXX object examples/gguf/CMakeFiles/gguf.dir/gguf.cpp.o
[ 20%] Built target ggml_static
[ 21%] Linking CXX executable ../../bin/gguf
[ 21%] Built target gguf
[ 21%] Linking CXX static library libllama.a
[ 21%] Built target llama
[ 22%] Building C object tests/CMakeFiles/test-c.dir/test-c.c.o
[ 22%] Building CXX object common/CMakeFiles/common.dir/common.cpp.o
[ 23%] Building CXX object examples/quantize/CMakeFiles/quantize.dir/quantize.cpp.o
[ 23%] Building CXX object common/CMakeFiles/common.dir/console.cpp.o
[ 23%] Building CXX object examples/benchmark/CMakeFiles/benchmark.dir/benchmark-matmult.cpp.o
[ 24%] Building CXX object common/CMakeFiles/common.dir/sampling.cpp.o
[ 25%] Building CXX object examples/quantize-stats/CMakeFiles/quantize-stats.dir/quantize-stats.cpp.o
[ 26%] Building CXX object examples/llava/CMakeFiles/llava.dir/llava.cpp.o
[ 26%] Building CXX object examples/llava/CMakeFiles/llava.dir/clip.cpp.o
[ 27%] Building CXX object common/CMakeFiles/common.dir/grammar-parser.cpp.o
[ 27%] Building CXX object common/CMakeFiles/common.dir/train.cpp.o
[ 28%] Building CXX object common/CMakeFiles/common.dir/ngram-cache.cpp.o
[ 28%] Linking CXX executable ../bin/test-c
[ 28%] Built target test-c
[ 29%] Linking CXX executable ../../bin/benchmark
[ 29%] Built target benchmark
[ 29%] Linking CXX executable ../../bin/quantize
[ 29%] Built target quantize
[ 29%] Linking CXX executable ../../bin/quantize-stats
[ 29%] Built target quantize-stats
[ 29%] Linking CXX static library libcommon.a
[ 29%] Built target common
[ 29%] Building CXX object tests/CMakeFiles/test-quantize-fns.dir/test-quantize-fns.cpp.o
[ 30%] Building CXX object tests/CMakeFiles/test-quantize-fns.dir/get-model.cpp.o
[ 30%] Building CXX object tests/CMakeFiles/test-quantize-perf.dir/get-model.cpp.o
[ 31%] Building CXX object tests/CMakeFiles/test-quantize-perf.dir/test-quantize-perf.cpp.o
[ 32%] Building CXX object tests/CMakeFiles/test-chat-template.dir/test-chat-template.cpp.o
[ 33%] Building CXX object tests/CMakeFiles/test-sampling.dir/test-sampling.cpp.o
[ 34%] Building CXX object tests/CMakeFiles/test-tokenizer-0-llama.dir/test-tokenizer-0-llama.cpp.o
[ 34%] Building CXX object tests/CMakeFiles/test-chat-template.dir/get-model.cpp.o
[ 34%] Building CXX object tests/CMakeFiles/test-tokenizer-0-llama.dir/get-model.cpp.o
[ 34%] Building CXX object tests/CMakeFiles/test-tokenizer-0-falcon.dir/test-tokenizer-0-falcon.cpp.o
[ 34%] Building CXX object tests/CMakeFiles/test-sampling.dir/get-model.cpp.o
[ 34%] Building CXX object tests/CMakeFiles/test-tokenizer-1-llama.dir/test-tokenizer-1-llama.cpp.o
[ 35%] Building CXX object tests/CMakeFiles/test-tokenizer-0-falcon.dir/get-model.cpp.o
[ 36%] Building CXX object tests/CMakeFiles/test-tokenizer-1-baichuan.dir/get-model.cpp.o
[ 37%] Building CXX object tests/CMakeFiles/test-tokenizer-1-baichuan.dir/test-tokenizer-1-llama.cpp.o
[ 38%] Building CXX object tests/CMakeFiles/test-tokenizer-1-llama.dir/get-model.cpp.o
[ 39%] Building CXX object tests/CMakeFiles/test-tokenizer-1-falcon.dir/test-tokenizer-1-bpe.cpp.o
[ 39%] Building CXX object tests/CMakeFiles/test-tokenizer-1-aquila.dir/test-tokenizer-1-bpe.cpp.o
[ 41%] Building CXX object tests/CMakeFiles/test-tokenizer-1-aquila.dir/get-model.cpp.o
[ 41%] Building CXX object tests/CMakeFiles/test-tokenizer-1-mpt.dir/test-tokenizer-1-bpe.cpp.o
[ 41%] Building CXX object tests/CMakeFiles/test-tokenizer-1-falcon.dir/get-model.cpp.o
[ 41%] Building CXX object tests/CMakeFiles/test-tokenizer-1-mpt.dir/get-model.cpp.o
[ 42%] Building CXX object tests/CMakeFiles/test-tokenizer-1-stablelm-3b-4e1t.dir/test-tokenizer-1-bpe.cpp.o
[ 42%] Building CXX object tests/CMakeFiles/test-tokenizer-1-gpt-neox.dir/test-tokenizer-1-bpe.cpp.o
[ 42%] Building CXX object tests/CMakeFiles/test-tokenizer-1-stablelm-3b-4e1t.dir/get-model.cpp.o
[ 42%] Building CXX object tests/CMakeFiles/test-tokenizer-1-refact.dir/test-tokenizer-1-bpe.cpp.o
[ 43%] Building CXX object tests/CMakeFiles/test-tokenizer-1-gpt-neox.dir/get-model.cpp.o
[ 44%] Building CXX object tests/CMakeFiles/test-tokenizer-1-refact.dir/get-model.cpp.o
[ 44%] Building CXX object tests/CMakeFiles/test-tokenizer-1-starcoder.dir/test-tokenizer-1-bpe.cpp.o
[ 45%] Building CXX object tests/CMakeFiles/test-tokenizer-1-gpt2.dir/test-tokenizer-1-bpe.cpp.o
[ 46%] Building CXX object tests/CMakeFiles/test-tokenizer-1-starcoder.dir/get-model.cpp.o
[ 46%] Building CXX object tests/CMakeFiles/test-tokenizer-1-gpt2.dir/get-model.cpp.o
[ 47%] Building CXX object tests/CMakeFiles/test-grammar-parser.dir/test-grammar-parser.cpp.o
[ 48%] Building CXX object tests/CMakeFiles/test-grammar-parser.dir/get-model.cpp.o
[ 49%] Building CXX object tests/CMakeFiles/test-grad0.dir/get-model.cpp.o
[ 49%] Building CXX object tests/CMakeFiles/test-grad0.dir/test-grad0.cpp.o
[ 49%] Building CXX object tests/CMakeFiles/test-llama-grammar.dir/test-llama-grammar.cpp.o
[ 49%] Building CXX object tests/CMakeFiles/test-rope.dir/test-rope.cpp.o
[ 50%] Building CXX object tests/CMakeFiles/test-llama-grammar.dir/get-model.cpp.o
[ 50%] Building CXX object tests/CMakeFiles/test-backend-ops.dir/test-backend-ops.cpp.o
[ 51%] Building CXX object tests/CMakeFiles/test-rope.dir/get-model.cpp.o
[ 52%] Building CXX object tests/CMakeFiles/test-backend-ops.dir/get-model.cpp.o
[ 53%] Building CXX object tests/CMakeFiles/test-model-load-cancel.dir/test-model-load-cancel.cpp.o
[ 53%] Building CXX object tests/CMakeFiles/test-model-load-cancel.dir/get-model.cpp.o
[ 53%] Building CXX object tests/CMakeFiles/test-autorelease.dir/get-model.cpp.o
[ 54%] Building CXX object tests/CMakeFiles/test-autorelease.dir/test-autorelease.cpp.o
[ 54%] Building CXX object tests/CMakeFiles/test-json-schema-to-grammar.dir/get-model.cpp.o
[ 55%] Building CXX object tests/CMakeFiles/test-json-schema-to-grammar.dir/test-json-schema-to-grammar.cpp.o
[ 55%] Building CXX object examples/batched/CMakeFiles/batched.dir/batched.cpp.o
[ 55%] Building CXX object examples/batched-bench/CMakeFiles/batched-bench.dir/batched-bench.cpp.o
[ 55%] Building CXX object examples/baby-llama/CMakeFiles/baby-llama.dir/baby-llama.cpp.o
[ 55%] Building CXX object examples/beam-search/CMakeFiles/beam-search.dir/beam-search.cpp.o
[ 56%] Building CXX object examples/convert-llama2c-to-ggml/CMakeFiles/convert-llama2c-to-ggml.dir/convert-llama2c-to-ggml.cpp.o
[ 57%] Building CXX object examples/embedding/CMakeFiles/embedding.dir/embedding.cpp.o
[ 58%] Building CXX object examples/finetune/CMakeFiles/finetune.dir/finetune.cpp.o
[ 58%] Building CXX object examples/gritlm/CMakeFiles/gritlm.dir/gritlm.cpp.o
[ 59%] Building CXX object examples/llama-bench/CMakeFiles/llama-bench.dir/llama-bench.cpp.o
[ 60%] Building CXX object examples/infill/CMakeFiles/infill.dir/infill.cpp.o
[ 60%] Building CXX object examples/gguf-split/CMakeFiles/gguf-split.dir/gguf-split.cpp.o
[ 60%] Building CXX object examples/main/CMakeFiles/main.dir/main.cpp.o
[ 61%] Building CXX object examples/tokenize/CMakeFiles/tokenize.dir/tokenize.cpp.o
[ 61%] Building CXX object examples/parallel/CMakeFiles/parallel.dir/parallel.cpp.o
[ 62%] Linking CXX executable ../bin/test-model-load-cancel
[ 63%] Building CXX object examples/perplexity/CMakeFiles/perplexity.dir/perplexity.cpp.o
[ 64%] Building CXX object examples/retrieval/CMakeFiles/retrieval.dir/retrieval.cpp.o
[ 65%] Building CXX object examples/save-load-state/CMakeFiles/save-load-state.dir/save-load-state.cpp.o
[ 66%] Building CXX object examples/simple/CMakeFiles/simple.dir/simple.cpp.o
[ 66%] Building CXX object examples/passkey/CMakeFiles/passkey.dir/passkey.cpp.o
[ 67%] Building CXX object examples/lookahead/CMakeFiles/lookahead.dir/lookahead.cpp.o
[ 67%] Building CXX object examples/speculative/CMakeFiles/speculative.dir/speculative.cpp.o
[ 67%] Building CXX object examples/lookup/CMakeFiles/lookup.dir/lookup.cpp.o
[ 67%] Building CXX object examples/lookup/CMakeFiles/lookup-create.dir/lookup-create.cpp.o
[ 67%] Building CXX object examples/lookup/CMakeFiles/lookup-merge.dir/lookup-merge.cpp.o
[ 67%] Building CXX object examples/lookup/CMakeFiles/lookup-stats.dir/lookup-stats.cpp.o
[ 68%] Building CXX object examples/train-text-from-scratch/CMakeFiles/train-text-from-scratch.dir/train-text-from-scratch.cpp.o
[ 69%] Building CXX object examples/imatrix/CMakeFiles/imatrix.dir/imatrix.cpp.o
[ 70%] Building CXX object examples/server/CMakeFiles/server.dir/server.cpp.o
[ 71%] Building CXX object pocs/vdot/CMakeFiles/vdot.dir/vdot.cpp.o
[ 72%] Building CXX object examples/export-lora/CMakeFiles/export-lora.dir/export-lora.cpp.o
[ 73%] Building CXX object pocs/vdot/CMakeFiles/q8dot.dir/q8dot.cpp.o
[ 73%] Linking CXX executable ../bin/test-rope
[ 73%] Linking CXX executable ../bin/test-quantize-fns
[ 73%] Built target test-model-load-cancel
[ 74%] Linking CXX executable ../bin/test-autorelease
[ 74%] Built target test-quantize-fns
[ 74%] Built target test-rope
[ 75%] Linking CXX executable ../bin/test-chat-template
[ 75%] Built target test-autorelease
[ 75%] Linking CXX executable ../bin/test-grammar-parser
[ 75%] Built target test-chat-template
[ 75%] Linking CXX executable ../bin/test-tokenizer-1-llama
[ 75%] Built target test-grammar-parser
[ 75%] Linking CXX executable ../bin/test-tokenizer-1-baichuan
[ 76%] Linking CXX executable ../../bin/baby-llama
[ 76%] Linking CXX executable ../../bin/q8dot
[ 77%] Linking CXX executable ../bin/test-sampling
[ 77%] Linking CXX executable ../../bin/tokenize
[ 77%] Linking CXX executable ../bin/test-tokenizer-1-refact
[ 78%] Linking CXX executable ../bin/test-tokenizer-1-falcon
[ 78%] Built target baby-llama
[ 78%] Linking CXX executable ../bin/test-tokenizer-1-aquila
[ 78%] Built target q8dot
[ 78%] Linking CXX executable ../bin/test-tokenizer-1-gpt-neox
[ 79%] Linking CXX executable ../bin/test-tokenizer-1-mpt
[ 79%] Built target test-tokenizer-1-llama
[ 80%] Linking CXX executable ../../bin/vdot
[ 81%] Linking CXX executable ../bin/test-tokenizer-1-gpt2
[ 81%] Linking CXX executable ../bin/test-tokenizer-1-starcoder
[ 81%] Built target test-tokenizer-1-baichuan
[ 82%] Linking CXX executable ../bin/test-tokenizer-1-stablelm-3b-4e1t
[ 83%] Linking CXX executable ../../bin/lookup-merge
[ 83%] Built target test-sampling
[ 83%] Built target vdot
[ 83%] Built target lookup-merge
[ 83%] Built target tokenize
[ 83%] Linking CXX executable ../bin/test-grad0
[ 83%] Built target test-tokenizer-1-refact
[ 84%] Linking CXX executable ../../bin/beam-search
[ 84%] Built target test-tokenizer-1-falcon
[ 85%] Linking CXX executable ../../bin/lookup-create
[ 86%] Linking CXX executable ../../bin/batched-bench
[ 86%] Linking CXX executable ../../bin/save-load-state
[ 86%] Built target test-tokenizer-1-gpt-neox
[ 86%] Built target test-tokenizer-1-aquila
[ 86%] Built target test-tokenizer-1-mpt
[ 86%] Built target test-tokenizer-1-gpt2
[ 86%] Built target test-tokenizer-1-starcoder
[ 86%] Built target test-tokenizer-1-stablelm-3b-4e1t
[ 86%] Built target test-grad0
[ 87%] Linking CXX executable ../../bin/gguf-split
[ 88%] Linking CXX executable ../bin/test-quantize-perf
[ 88%] Linking CXX executable ../../bin/embedding
[ 88%] Linking CXX executable ../../bin/simple
[ 89%] Linking CXX executable ../../bin/gritlm
[ 89%] Built target batched-bench
[ 89%] Built target lookup-create
[ 90%] Linking CXX executable ../../bin/lookup-stats
[ 90%] Built target beam-search
[ 90%] Built target save-load-state
[ 91%] Linking CXX executable ../../bin/batched
[ 91%] Built target test-quantize-perf
[ 91%] Linking CXX executable ../bin/test-tokenizer-0-falcon
[ 92%] Linking CXX executable ../bin/test-tokenizer-0-llama
[ 92%] Built target gguf-split
[ 92%] Built target gritlm
[ 92%] Built target lookup-stats
[ 92%] Built target batched
[ 93%] Linking CXX executable ../../bin/parallel
[ 93%] Linking CXX executable ../../bin/export-lora
[ 93%] Built target embedding
[ 93%] Built target simple
[ 94%] Linking CXX executable ../../bin/lookup
[ 95%] Linking CXX executable ../../bin/passkey
[ 95%] Built target test-tokenizer-0-falcon
[ 95%] Built target export-lora
[ 95%] Built target test-tokenizer-0-llama
[ 95%] Built target parallel
[ 95%] Built target passkey
[ 96%] Linking CXX executable ../../bin/lookahead
[ 96%] Built target lookup
[ 96%] Linking CXX executable ../../bin/convert-llama2c-to-ggml
[ 96%] Linking CXX executable ../../bin/retrieval
[ 96%] Linking CXX executable ../../bin/train-text-from-scratch
[ 96%] Built target convert-llama2c-to-ggml
[ 96%] Built target lookahead
[ 96%] Linking CXX executable ../../bin/imatrix
[ 96%] Built target train-text-from-scratch
[ 96%] Built target retrieval
[ 96%] Linking CXX executable ../../bin/infill
[ 96%] Built target imatrix
[ 96%] Linking CXX executable ../../bin/finetune
[ 96%] Built target infill
[ 96%] Linking CXX executable ../../bin/speculative
[ 96%] Built target finetune
[ 96%] Built target speculative
[ 97%] Linking CXX executable ../../bin/main
[ 97%] Built target llava
[ 98%] Linking CXX static library libllava_static.a
[ 99%] Building CXX object examples/llava/CMakeFiles/llava-cli.dir/llava-cli.cpp.o
[ 99%] Built target llava_static
[ 99%] Built target main
[ 99%] Linking CXX executable ../bin/test-backend-ops
[ 99%] Linking CXX executable ../../bin/perplexity
[ 99%] Built target test-backend-ops
[ 99%] Built target perplexity
[ 99%] Linking CXX executable ../../bin/llava-cli
[ 99%] Built target llava-cli
[100%] Linking CXX executable ../bin/test-json-schema-to-grammar
[100%] Built target test-json-schema-to-grammar
[100%] Linking CXX executable ../../bin/llama-bench
[100%] Built target llama-bench
[100%] Linking CXX executable ../bin/test-llama-grammar
[100%] Built target test-llama-grammar
[100%] Linking CXX executable ../../bin/server
[100%] Built target server

real	2m52.403s
user	7m15.971s
sys	0m34.297s
+ ctest --output-on-failure -L main
Test project /home/ggml/work/llama.cpp/build-ci-release
      Start  1: test-quantize-fns
 1/22 Test  #1: test-quantize-fns ...................   Passed   16.89 sec
      Start  2: test-quantize-perf
 2/22 Test  #2: test-quantize-perf ..................   Passed    5.71 sec
      Start  3: test-sampling
 3/22 Test  #3: test-sampling .......................   Passed    0.05 sec
      Start  4: test-chat-template
 4/22 Test  #4: test-chat-template ..................   Passed    0.04 sec
      Start  5: test-tokenizer-0-llama
 5/22 Test  #5: test-tokenizer-0-llama ..............   Passed    0.09 sec
      Start  6: test-tokenizer-0-falcon
 6/22 Test  #6: test-tokenizer-0-falcon .............   Passed    0.35 sec
      Start  7: test-tokenizer-1-llama
 7/22 Test  #7: test-tokenizer-1-llama ..............   Passed    0.56 sec
      Start  8: test-tokenizer-1-baichuan
 8/22 Test  #8: test-tokenizer-1-baichuan ...........   Passed    0.66 sec
      Start  9: test-tokenizer-1-falcon
 9/22 Test  #9: test-tokenizer-1-falcon .............   Passed    1.17 sec
      Start 10: test-tokenizer-1-aquila
10/22 Test #10: test-tokenizer-1-aquila .............   Passed    1.89 sec
      Start 11: test-tokenizer-1-mpt
11/22 Test #11: test-tokenizer-1-mpt ................   Passed    0.91 sec
      Start 12: test-tokenizer-1-stablelm-3b-4e1t
12/22 Test #12: test-tokenizer-1-stablelm-3b-4e1t ...   Passed    0.91 sec
      Start 13: test-tokenizer-1-gpt-neox
13/22 Test #13: test-tokenizer-1-gpt-neox ...........   Passed    1.02 sec
      Start 14: test-tokenizer-1-refact
14/22 Test #14: test-tokenizer-1-refact .............   Passed    0.96 sec
      Start 15: test-tokenizer-1-starcoder
15/22 Test #15: test-tokenizer-1-starcoder ..........   Passed    0.90 sec
      Start 16: test-tokenizer-1-gpt2
16/22 Test #16: test-tokenizer-1-gpt2 ...............   Passed    1.00 sec
      Start 17: test-grammar-parser
17/22 Test #17: test-grammar-parser .................   Passed    0.00 sec
      Start 18: test-llama-grammar
18/22 Test #18: test-llama-grammar ..................   Passed    0.04 sec
      Start 19: test-grad0
19/22 Test #19: test-grad0 ..........................   Passed    4.06 sec
      Start 20: test-backend-ops
20/22 Test #20: test-backend-ops ....................   Passed   36.91 sec
      Start 21: test-rope
21/22 Test #21: test-rope ...........................   Passed    0.07 sec
      Start 24: test-json-schema-to-grammar
22/22 Test #24: test-json-schema-to-grammar .........   Passed    1.45 sec

100% tests passed, 0 tests failed out of 22

Label Time Summary:
main    =  75.62 sec*proc (22 tests)

Total Test time (real) =  75.63 sec

real	1m15.667s
user	1m17.423s
sys	0m7.601s
