+ cmake -DCMAKE_BUILD_TYPE=Release ..
-- The C compiler identification is GNU 11.4.0
-- The CXX compiler identification is GNU 11.4.0
-- Detecting C compiler ABI info
-- Detecting C compiler ABI info - done
-- Check for working C compiler: /usr/bin/cc - skipped
-- Detecting C compile features
-- Detecting C compile features - done
-- Detecting CXX compiler ABI info
-- Detecting CXX compiler ABI info - done
-- Check for working CXX compiler: /usr/bin/c++ - skipped
-- Detecting CXX compile features
-- Detecting CXX compile features - done
-- Performing Test CMAKE_HAVE_LIBC_PTHREAD
-- Performing Test CMAKE_HAVE_LIBC_PTHREAD - Success
-- Found Threads: TRUE  
-- Found OpenMP_C: -fopenmp (found version "4.5") 
-- Found OpenMP_CXX: -fopenmp (found version "4.5") 
-- Found OpenMP: TRUE (found version "4.5")  
-- OpenMP found
-- ccache found, compilation results will be cached. Disable with GGML_CCACHE=OFF.
-- CMAKE_SYSTEM_PROCESSOR: x86_64
-- x86 detected
-- x86 detected
-- Linux detected
-- Configuring done (0.5s)
-- Generating done (0.0s)
-- Build files have been written to: /home/ggml/work/ggml/build-ci-release

real	0m0.585s
user	0m0.407s
sys	0m0.180s
+ make -j
[  1%] Building CXX object examples/CMakeFiles/common.dir/common.cpp.o
[  2%] Building C object src/CMakeFiles/ggml.dir/ggml.c.o
[  3%] Building C object src/CMakeFiles/ggml.dir/ggml-alloc.c.o
[  4%] Building C object src/CMakeFiles/ggml.dir/ggml-aarch64.c.o
[  5%] Building C object src/CMakeFiles/ggml.dir/ggml-backend.c.o
[  6%] Building C object src/CMakeFiles/ggml.dir/ggml-quants.c.o
[  7%] Linking CXX static library libcommon.a
[  8%] Linking C shared library libggml.so
[  8%] Built target common
[  8%] Built target ggml
[  9%] Building C object tests/CMakeFiles/test-vec0.dir/test-vec0.c.o
[ 10%] Building CXX object tests/CMakeFiles/test-grad0.dir/test-grad0.cpp.o
[ 11%] Building CXX object tests/CMakeFiles/test-opt.dir/test-opt.cpp.o
[ 12%] Building C object tests/CMakeFiles/test-vec1.dir/test-vec1.c.o
[ 13%] Building CXX object tests/CMakeFiles/test-quantize-fns.dir/test-quantize-fns.cpp.o
[ 15%] Linking C executable ../bin/test-vec0
[ 17%] Building CXX object tests/CMakeFiles/test-quantize-perf.dir/test-quantize-perf.cpp.o
[ 16%] Linking CXX executable ../bin/test-opt
[ 18%] Linking C executable ../bin/test-vec1
[ 20%] Linking CXX executable ../bin/test-grad0
[ 19%] Building C object tests/CMakeFiles/test-mul-mat0.dir/test-mul-mat0.c.o
[ 21%] Building C object tests/CMakeFiles/test-mul-mat2.dir/test-mul-mat2.c.o
[ 22%] Linking CXX executable ../bin/test-quantize-fns
[ 23%] Building C object tests/CMakeFiles/test0.dir/test0.c.o
[ 24%] Building C object tests/CMakeFiles/test1.dir/test1.c.o
[ 26%] Building C object tests/CMakeFiles/test3.dir/test3.c.o
[ 26%] Building C object tests/CMakeFiles/test2.dir/test2.c.o
[ 27%] Linking C executable ../bin/test-mul-mat0
[ 29%] Building C object tests/CMakeFiles/test-pool.dir/test-pool.c.o
[ 30%] Linking CXX executable ../bin/test-quantize-perf
[ 31%] Building CXX object tests/CMakeFiles/test-arange.dir/test-arange.cpp.o
[ 32%] Building CXX object tests/CMakeFiles/test-timestep_embedding.dir/test-timestep_embedding.cpp.o
[ 33%] Linking C executable ../bin/test2
[ 34%] Linking C executable ../bin/test1
[ 35%] Linking C executable ../bin/test-pool
[ 36%] Linking C executable ../bin/test3
[ 37%] Linking C executable ../bin/test-mul-mat2
[ 38%] Linking C executable ../bin/test0
[ 39%] Linking CXX executable ../bin/test-timestep_embedding
[ 40%] Linking CXX executable ../bin/test-arange
[ 40%] Built target test-vec0
[ 41%] Building CXX object tests/CMakeFiles/test-conv-transpose-1d.dir/test-conv-transpose-1d.cpp.o
[ 43%] Building C object tests/CMakeFiles/test-dup.dir/test-dup.c.o
[ 44%] Building C object tests/CMakeFiles/test-conv-transpose.dir/test-conv-transpose.c.o
[ 45%] Building C object tests/CMakeFiles/test-rel-pos.dir/test-rel-pos.c.o
[ 46%] Building CXX object tests/CMakeFiles/test-conv1d.dir/test-conv1d.cpp.o
[ 47%] Building C object tests/CMakeFiles/test-customop.dir/test-customop.c.o
[ 48%] Linking CXX executable ../bin/test-conv-transpose-1d
[ 49%] Linking C executable ../bin/test-dup
[ 50%] Linking C executable ../bin/test-conv-transpose
[ 50%] Built target test-vec1
[ 51%] Linking C executable ../bin/test-rel-pos
[ 52%] Linking C executable ../bin/test-customop
[ 53%] Linking CXX executable ../bin/test-conv1d
[ 54%] Building CXX object tests/CMakeFiles/test-backend-buffer.dir/test-backend-buffer.cpp.o
[ 54%] Built target test-opt
[ 55%] Building CXX object tests/CMakeFiles/test-conv2d.dir/test-conv2d.cpp.o
[ 56%] Building CXX object tests/CMakeFiles/test-mul-mat.dir/test-mul-mat.cpp.o
[ 58%] Building CXX object tests/CMakeFiles/test-backend-ops.dir/test-backend-ops.cpp.o
[ 59%] Linking CXX executable ../bin/test-backend-buffer
[ 60%] Building CXX object examples/CMakeFiles/common-ggml.dir/common-ggml.cpp.o
[ 60%] Built target test-grad0
[ 61%] Building CXX object examples/mnist/CMakeFiles/mnist.dir/main.cpp.o
[ 61%] Built target test-pool
[ 61%] Built target test-mul-mat0
[ 61%] Built target test2
[ 62%] Linking CXX executable ../bin/test-mul-mat
[ 63%] Linking CXX executable ../bin/test-conv2d
[ 64%] Building CXX object examples/mnist/CMakeFiles/mnist-cnn.dir/main-cnn.cpp.o
[ 64%] Built target test-mul-mat2
[ 64%] Built target test1
[ 65%] Linking CXX static library libcommon-ggml.a
[ 65%] Built target test3
[ 66%] Linking CXX executable ../../bin/mnist
[ 66%] Built target test0
[ 67%] Linking CXX executable ../bin/test-backend-ops
[ 67%] Built target test-arange
[ 67%] Built target test-dup
[ 67%] Built target test-conv-transpose
[ 68%] Linking CXX executable ../../bin/mnist-cnn
[ 68%] Built target test-rel-pos
[ 68%] Built target test-customop
[ 68%] Built target test-quantize-perf
[ 69%] Building CXX object examples/mnist/CMakeFiles/mnist-cpu.dir/main-cpu.cpp.o
[ 69%] Built target test-quantize-fns
[ 69%] Built target test-conv-transpose-1d
[ 69%] Built target test-conv1d
[ 69%] Built target test-timestep_embedding
[ 70%] Linking CXX executable ../../bin/mnist-cpu
[ 70%] Built target test-backend-buffer
[ 70%] Built target common-ggml
[ 72%] Building CXX object examples/yolo/CMakeFiles/yolov3-tiny.dir/yolov3-tiny.cpp.o
[ 73%] Building CXX object examples/sam/CMakeFiles/sam.dir/main.cpp.o
[ 73%] Built target test-conv2d
[ 73%] Built target test-backend-ops
[ 74%] Building CXX object examples/yolo/CMakeFiles/yolov3-tiny.dir/yolo-image.cpp.o
[ 75%] Building CXX object examples/simple/CMakeFiles/simple-ctx.dir/simple-ctx.cpp.o
[ 76%] Linking CXX executable ../../bin/sam
[ 77%] Building CXX object examples/gpt-2/CMakeFiles/gpt-2-backend.dir/main-backend.cpp.o
[ 77%] Built target mnist-cnn
[ 78%] Building CXX object examples/simple/CMakeFiles/simple-backend.dir/simple-backend.cpp.o
[ 79%] Building CXX object examples/gpt-2/CMakeFiles/gpt-2-alloc.dir/main-alloc.cpp.o
[ 80%] Building CXX object examples/gpt-2/CMakeFiles/gpt-2-sched.dir/main-sched.cpp.o
[ 81%] Linking CXX executable ../../bin/simple-ctx
[ 82%] Linking CXX executable ../../bin/yolov3-tiny
[ 83%] Building CXX object examples/gpt-2/CMakeFiles/gpt-2-ctx.dir/main-ctx.cpp.o
[ 84%] Linking CXX executable ../../bin/gpt-2-backend
[ 84%] Built target test-mul-mat
[ 86%] Linking CXX executable ../../bin/simple-backend
[ 87%] Building CXX object examples/gpt-2/CMakeFiles/gpt-2-batched.dir/main-batched.cpp.o
[ 88%] Linking CXX executable ../../bin/gpt-2-sched
[ 89%] Building CXX object examples/gpt-j/CMakeFiles/gpt-j.dir/main.cpp.o
[ 90%] Linking CXX executable ../../bin/gpt-2-ctx
[ 91%] Linking CXX executable ../../bin/gpt-2-alloc
[ 92%] Built target mnist
[ 92%] Building CXX object examples/gpt-2/CMakeFiles/gpt-2-quantize.dir/quantize.cpp.o
[ 93%] Building CXX object examples/gpt-j/CMakeFiles/gpt-j-quantize.dir/quantize.cpp.o
[ 94%] Linking CXX executable ../../bin/gpt-2-batched
[ 95%] Building CXX object examples/magika/CMakeFiles/magika.dir/main.cpp.o
[ 96%] Linking CXX executable ../../bin/gpt-j
[ 97%] Linking CXX executable ../../bin/gpt-2-quantize
[ 98%] Linking CXX executable ../../bin/magika
[ 98%] Built target simple-ctx
[100%] Linking CXX executable ../../bin/gpt-j-quantize
[100%] Built target mnist-cpu
[100%] Built target sam
[100%] Built target gpt-2-batched
[100%] Built target yolov3-tiny
[100%] Built target simple-backend
[100%] Built target magika
[100%] Built target gpt-2-ctx
[100%] Built target gpt-j
[100%] Built target gpt-2-backend
[100%] Built target gpt-2-sched
[100%] Built target gpt-2-quantize
[100%] Built target gpt-2-alloc
[100%] Built target gpt-j-quantize

real	0m0.970s
user	0m2.892s
sys	0m0.730s
+ ctest --output-on-failure -E test-opt
Test project /home/ggml/work/ggml/build-ci-release
      Start  1: test-grad0
 1/22 Test  #1: test-grad0 .......................   Passed    0.14 sec
      Start  2: test-quantize-fns
 2/22 Test  #2: test-quantize-fns ................   Passed   16.21 sec
      Start  3: test-quantize-perf
 3/22 Test  #3: test-quantize-perf ...............   Passed    4.50 sec
      Start  4: test-mul-mat0
 4/22 Test  #4: test-mul-mat0 ....................   Passed    0.53 sec
      Start  5: test-mul-mat2
 5/22 Test  #5: test-mul-mat2 ....................   Passed    2.81 sec
      Start  6: test0
 6/22 Test  #6: test0 ............................   Passed    0.00 sec
      Start  7: test1
 7/22 Test  #7: test1 ............................   Passed    0.00 sec
      Start  8: test2
 8/22 Test  #8: test2 ............................   Passed    0.03 sec
      Start  9: test3
 9/22 Test  #9: test3 ............................   Passed    0.02 sec
      Start 10: test-pool
10/22 Test #10: test-pool ........................   Passed    0.00 sec
      Start 11: test-arange
11/22 Test #11: test-arange ......................   Passed    0.00 sec
      Start 12: test-timestep_embedding
12/22 Test #12: test-timestep_embedding ..........   Passed    0.00 sec
      Start 13: test-conv-transpose
13/22 Test #13: test-conv-transpose ..............   Passed    0.00 sec
      Start 14: test-conv-transpose-1d
14/22 Test #14: test-conv-transpose-1d ...........   Passed    0.01 sec
      Start 15: test-dup
15/22 Test #15: test-dup .........................   Passed    0.00 sec
      Start 16: test-rel-pos
16/22 Test #16: test-rel-pos .....................   Passed    0.00 sec
      Start 17: test-customop
17/22 Test #17: test-customop ....................   Passed    0.00 sec
      Start 18: test-conv1d
18/22 Test #18: test-conv1d ......................   Passed    0.00 sec
      Start 19: test-conv2d
19/22 Test #19: test-conv2d ......................   Passed    0.00 sec
      Start 20: test-mul-mat
20/22 Test #20: test-mul-mat .....................   Passed    0.00 sec
      Start 21: test-backend-buffer
21/22 Test #21: test-backend-buffer ..............   Passed    0.00 sec
      Start 22: test-backend-ops
22/22 Test #22: test-backend-ops .................   Passed    0.00 sec

100% tests passed, 0 tests failed out of 22

Total Test time (real) =  24.29 sec

real	0m24.312s
user	0m24.209s
sys	0m0.222s
