+ ctest --output-on-failure -L main -E test-opt
Test project /home/ggml/work/llama.cpp/build-ci-release
      Start  1: test-quantize-fns
 1/20 Test  #1: test-quantize-fns ...................   Passed    2.69 sec
      Start  2: test-quantize-perf
 2/20 Test  #2: test-quantize-perf ..................   Passed    0.21 sec
      Start  3: test-sampling
 3/20 Test  #3: test-sampling .......................   Passed    0.01 sec
      Start  4: test-tokenizer-0-llama
 4/20 Test  #4: test-tokenizer-0-llama ..............   Passed    0.05 sec
      Start  5: test-tokenizer-0-falcon
 5/20 Test  #5: test-tokenizer-0-falcon .............   Passed    0.28 sec
      Start  6: test-tokenizer-1-llama
 6/20 Test  #6: test-tokenizer-1-llama ..............   Passed    0.64 sec
      Start  7: test-tokenizer-1-baichuan
 7/20 Test  #7: test-tokenizer-1-baichuan ...........   Passed    0.72 sec
      Start  8: test-tokenizer-1-falcon
 8/20 Test  #8: test-tokenizer-1-falcon .............   Passed    1.11 sec
      Start  9: test-tokenizer-1-aquila
 9/20 Test  #9: test-tokenizer-1-aquila .............   Passed    1.68 sec
      Start 10: test-tokenizer-1-mpt
10/20 Test #10: test-tokenizer-1-mpt ................   Passed    0.90 sec
      Start 11: test-tokenizer-1-stablelm-3b-4e1t
11/20 Test #11: test-tokenizer-1-stablelm-3b-4e1t ...   Passed    0.92 sec
      Start 12: test-tokenizer-1-gpt-neox
12/20 Test #12: test-tokenizer-1-gpt-neox ...........   Passed    0.90 sec
      Start 13: test-tokenizer-1-refact
13/20 Test #13: test-tokenizer-1-refact .............   Passed    0.87 sec
      Start 14: test-tokenizer-1-starcoder
14/20 Test #14: test-tokenizer-1-starcoder ..........   Passed    0.87 sec
      Start 15: test-tokenizer-1-gpt2
15/20 Test #15: test-tokenizer-1-gpt2 ...............   Passed    0.89 sec
      Start 16: test-grammar-parser
16/20 Test #16: test-grammar-parser .................   Passed    0.00 sec
      Start 17: test-llama-grammar
17/20 Test #17: test-llama-grammar ..................   Passed    0.00 sec
      Start 18: test-grad0
18/20 Test #18: test-grad0 ..........................   Passed    4.21 sec
      Start 19: test-backend-ops
19/20 Test #19: test-backend-ops ....................   Passed   20.43 sec
      Start 20: test-rope
20/20 Test #20: test-rope ...........................   Passed    0.05 sec

100% tests passed, 0 tests failed out of 20

Label Time Summary:
main    =  37.44 sec*proc (20 tests)

Total Test time (real) =  37.45 sec

real	0m37.463s
user	0m49.616s
sys	0m6.181s
