+ cmake -DCMAKE_BUILD_TYPE=Release ..
-- The C compiler identification is GNU 11.4.0
-- The CXX compiler identification is GNU 11.4.0
-- Detecting C compiler ABI info
-- Detecting C compiler ABI info - done
-- Check for working C compiler: /usr/bin/cc - skipped
-- Detecting C compile features
-- Detecting C compile features - done
-- Detecting CXX compiler ABI info
-- Detecting CXX compiler ABI info - done
-- Check for working CXX compiler: /usr/bin/c++ - skipped
-- Detecting CXX compile features
-- Detecting CXX compile features - done
-- Looking for pthread.h
-- Looking for pthread.h - found
-- Performing Test CMAKE_HAVE_LIBC_PTHREAD
-- Performing Test CMAKE_HAVE_LIBC_PTHREAD - Success
-- Found Threads: TRUE  
-- Found OpenMP_C: -fopenmp (found version "4.5") 
-- Found OpenMP_CXX: -fopenmp (found version "4.5") 
-- Found OpenMP: TRUE (found version "4.5")  
-- OpenMP found
-- ccache found, compilation results will be cached. Disable with GGML_CCACHE=OFF.
-- CMAKE_SYSTEM_PROCESSOR: aarch64
-- ARM detected
-- Performing Test COMPILER_SUPPORTS_FP16_FORMAT_I3E
-- Performing Test COMPILER_SUPPORTS_FP16_FORMAT_I3E - Failed
-- ARM detected
-- Configuring done
-- Generating done
-- Build files have been written to: /home/ggml/work/ggml/build-ci-release

real	0m0.828s
user	0m0.557s
sys	0m0.275s
+ make -j
[  1%] Building C object src/CMakeFiles/ggml.dir/ggml.c.o
[  2%] Building C object src/CMakeFiles/ggml.dir/ggml-backend.c.o
[  3%] Building C object src/CMakeFiles/ggml.dir/ggml-alloc.c.o
[  5%] Building CXX object examples/CMakeFiles/common.dir/common.cpp.o
[  5%] Building C object src/CMakeFiles/ggml.dir/ggml-quants.c.o
[  6%] Linking CXX static library libcommon.a
[  6%] Built target common
[  7%] Linking C shared library libggml.so
[  7%] Built target ggml
[  9%] Building C object tests/CMakeFiles/test-vec0.dir/test-vec0.c.o
[ 10%] Building CXX object tests/CMakeFiles/test-grad0.dir/test-grad0.cpp.o
[ 11%] Building CXX object tests/CMakeFiles/test-opt.dir/test-opt.cpp.o
[ 12%] Building CXX object tests/CMakeFiles/test-quantize-fns.dir/test-quantize-fns.cpp.o
[ 13%] Building CXX object tests/CMakeFiles/test-quantize-perf.dir/test-quantize-perf.cpp.o
[ 14%] Building C object tests/CMakeFiles/test-mul-mat0.dir/test-mul-mat0.c.o
[ 15%] Building C object tests/CMakeFiles/test-mul-mat2.dir/test-mul-mat2.c.o
[ 17%] Building C object tests/CMakeFiles/test1.dir/test1.c.o
[ 19%] Linking CXX executable ../bin/test-grad0
[ 20%] Building C object tests/CMakeFiles/test0.dir/test0.c.o
[ 20%] Building C object tests/CMakeFiles/test2.dir/test2.c.o
[ 21%] Linking C executable ../bin/test-vec0
[ 23%] Building C object tests/CMakeFiles/test3.dir/test3.c.o
[ 23%] Linking CXX executable ../bin/test-opt
[ 25%] Linking CXX executable ../bin/test-quantize-perf
[ 27%] Linking C executable ../bin/test-mul-mat2
[ 28%] Linking CXX executable ../bin/test-quantize-fns
[ 28%] Linking C executable ../bin/test-mul-mat0
[ 29%] Linking C executable ../bin/test0
[ 30%] Building C object tests/CMakeFiles/test-pool.dir/test-pool.c.o
[ 31%] Building C object tests/CMakeFiles/test-dup.dir/test-dup.c.o
[ 32%] Linking C executable ../bin/test1
[ 34%] Linking C executable ../bin/test2
[ 35%] Building C object tests/CMakeFiles/test-rel-pos.dir/test-rel-pos.c.o
[ 36%] Building C object tests/CMakeFiles/test-customop.dir/test-customop.c.o
[ 37%] Linking C executable ../bin/test3
[ 38%] Building CXX object tests/CMakeFiles/test-arange.dir/test-arange.cpp.o
[ 39%] Building C object tests/CMakeFiles/test-conv-transpose.dir/test-conv-transpose.c.o
[ 40%] Linking C executable ../bin/test-pool
[ 42%] Building CXX object tests/CMakeFiles/test-timestep_embedding.dir/test-timestep_embedding.cpp.o
[ 43%] Linking C executable ../bin/test-customop
[ 44%] Linking C executable ../bin/test-conv-transpose
[ 45%] Linking C executable ../bin/test-dup
[ 46%] Linking CXX executable ../bin/test-timestep_embedding
[ 47%] Building CXX object tests/CMakeFiles/test-conv2d.dir/test-conv2d.cpp.o
[ 48%] Linking C executable ../bin/test-rel-pos
[ 50%] Building CXX object tests/CMakeFiles/test-conv1d.dir/test-conv1d.cpp.o
[ 51%] Linking CXX executable ../bin/test-arange
[ 51%] Built target test-vec0
[ 51%] Built target test-grad0
[ 52%] Linking CXX executable ../bin/test-conv1d
[ 52%] Built target test-opt
[ 52%] Built target test-mul-mat0
[ 52%] Built target test-mul-mat2
[ 52%] Built target test1
[ 53%] Linking CXX executable ../bin/test-conv2d
[ 53%] Built target test0
[ 53%] Built target test3
[ 53%] Built target test2
[ 53%] Built target test-customop
[ 53%] Built target test-dup
[ 53%] Built target test-conv-transpose
[ 54%] Building CXX object examples/CMakeFiles/common-ggml.dir/common-ggml.cpp.o
[ 55%] Building CXX object tests/CMakeFiles/test-mul-mat.dir/test-mul-mat.cpp.o
[ 56%] Building CXX object tests/CMakeFiles/test-backend-buffer.dir/test-backend-buffer.cpp.o
[ 56%] Built target test-rel-pos
[ 57%] Building CXX object tests/CMakeFiles/test-backend-ops.dir/test-backend-ops.cpp.o
[ 60%] Building CXX object examples/mnist/CMakeFiles/mnist.dir/main.cpp.o
[ 60%] Linking CXX static library libcommon-ggml.a
[ 61%] Building CXX object examples/mnist/CMakeFiles/mnist-cnn.dir/main-cnn.cpp.o
[ 61%] Built target test-pool
[ 62%] Linking CXX executable ../bin/test-mul-mat
[ 63%] Building CXX object examples/mnist/CMakeFiles/mnist-cpu.dir/main-cpu.cpp.o
[ 64%] Linking CXX executable ../bin/test-backend-ops
[ 64%] Built target test-quantize-fns
[ 65%] Linking CXX executable ../bin/test-backend-buffer
[ 67%] Linking CXX executable ../../bin/mnist-cnn
[ 67%] Built target test-quantize-perf
[ 68%] Linking CXX executable ../../bin/mnist
[ 68%] Built target test-arange
[ 68%] Built target test-timestep_embedding
[ 68%] Built target test-conv1d
[ 69%] Linking CXX executable ../../bin/mnist-cpu
[ 70%] Building CXX object examples/yolo/CMakeFiles/yolov3-tiny.dir/yolov3-tiny.cpp.o
[ 71%] Building CXX object examples/yolo/CMakeFiles/yolov3-tiny.dir/yolo-image.cpp.o
[ 71%] Built target common-ggml
[ 72%] Building CXX object examples/sam/CMakeFiles/sam.dir/main.cpp.o
[ 73%] Building CXX object examples/simple/CMakeFiles/simple-ctx.dir/simple-ctx.cpp.o
[ 75%] Linking CXX executable ../../bin/yolov3-tiny
[ 75%] Built target test-conv2d
[ 76%] Linking CXX executable ../../bin/sam
[ 76%] Built target test-backend-buffer
[ 77%] Building CXX object examples/simple/CMakeFiles/simple-backend.dir/simple-backend.cpp.o
[ 78%] Linking CXX executable ../../bin/simple-ctx
[ 79%] Building CXX object examples/gpt-2/CMakeFiles/gpt-2-ctx.dir/main-ctx.cpp.o
[ 80%] Building CXX object examples/gpt-2/CMakeFiles/gpt-2-alloc.dir/main-alloc.cpp.o
[ 80%] Built target mnist-cnn
[ 80%] Built target test-mul-mat
[ 81%] Building CXX object examples/gpt-2/CMakeFiles/gpt-2-backend.dir/main-backend.cpp.o
[ 84%] Linking CXX executable ../../bin/simple-backend
[ 84%] Linking CXX executable ../../bin/gpt-2-alloc
[ 84%] Built target test-backend-ops
[ 85%] Linking CXX executable ../../bin/gpt-2-ctx
[ 85%] Built target mnist
[ 85%] Built target mnist-cpu
[ 86%] Building CXX object examples/gpt-2/CMakeFiles/gpt-2-sched.dir/main-sched.cpp.o
[ 87%] Building CXX object examples/gpt-2/CMakeFiles/gpt-2-batched.dir/main-batched.cpp.o
[ 88%] Building CXX object examples/gpt-j/CMakeFiles/gpt-j.dir/main.cpp.o
[ 89%] Building CXX object examples/gpt-2/CMakeFiles/gpt-2-quantize.dir/quantize.cpp.o
[ 90%] Linking CXX executable ../../bin/gpt-2-backend
[ 92%] Building CXX object examples/gpt-j/CMakeFiles/gpt-j-quantize.dir/quantize.cpp.o
[ 93%] Linking CXX executable ../../bin/gpt-2-batched
[ 94%] Linking CXX executable ../../bin/gpt-2-sched
[ 95%] Linking CXX executable ../../bin/gpt-2-quantize
[ 95%] Built target yolov3-tiny
[ 95%] Built target simple-ctx
[ 96%] Linking CXX executable ../../bin/gpt-j
[ 97%] Linking CXX executable ../../bin/gpt-j-quantize
[ 98%] Building CXX object examples/magika/CMakeFiles/magika.dir/main.cpp.o
[ 98%] Built target sam
[100%] Linking CXX executable ../../bin/magika
[100%] Built target gpt-2-alloc
[100%] Built target simple-backend
[100%] Built target gpt-2-ctx
[100%] Built target gpt-2-backend
[100%] Built target gpt-2-batched
[100%] Built target gpt-j
[100%] Built target gpt-2-sched
[100%] Built target gpt-2-quantize
[100%] Built target gpt-j-quantize
[100%] Built target magika

real	0m0.803s
user	0m3.121s
sys	0m1.667s
+ ctest --output-on-failure
Test project /home/ggml/work/ggml/build-ci-release
      Start  1: test-grad0
 1/22 Test  #1: test-grad0 .......................   Passed    0.18 sec
      Start  2: test-opt
 2/22 Test  #2: test-opt .........................   Passed    2.17 sec
      Start  3: test-quantize-fns
 3/22 Test  #3: test-quantize-fns ................   Passed   17.36 sec
      Start  4: test-quantize-perf
 4/22 Test  #4: test-quantize-perf ...............   Passed    4.89 sec
      Start  5: test-mul-mat0
 5/22 Test  #5: test-mul-mat0 ....................   Passed    0.55 sec
      Start  6: test-mul-mat2
 6/22 Test  #6: test-mul-mat2 ....................   Passed    1.76 sec
      Start  7: test0
 7/22 Test  #7: test0 ............................   Passed    0.00 sec
      Start  8: test1
 8/22 Test  #8: test1 ............................   Passed    0.00 sec
      Start  9: test2
 9/22 Test  #9: test2 ............................   Passed    0.01 sec
      Start 10: test3
10/22 Test #10: test3 ............................   Passed    0.03 sec
      Start 11: test-pool
11/22 Test #11: test-pool ........................   Passed    0.00 sec
      Start 12: test-arange
12/22 Test #12: test-arange ......................   Passed    0.00 sec
      Start 13: test-timestep_embedding
13/22 Test #13: test-timestep_embedding ..........   Passed    0.00 sec
      Start 14: test-conv-transpose
14/22 Test #14: test-conv-transpose ..............   Passed    0.00 sec
      Start 15: test-dup
15/22 Test #15: test-dup .........................   Passed    0.00 sec
      Start 16: test-rel-pos
16/22 Test #16: test-rel-pos .....................   Passed    0.00 sec
      Start 17: test-customop
17/22 Test #17: test-customop ....................   Passed    0.00 sec
      Start 18: test-conv1d
18/22 Test #18: test-conv1d ......................   Passed    0.00 sec
      Start 19: test-conv2d
19/22 Test #19: test-conv2d ......................   Passed    0.00 sec
      Start 20: test-mul-mat
20/22 Test #20: test-mul-mat .....................   Passed    0.00 sec
      Start 21: test-backend-buffer
21/22 Test #21: test-backend-buffer ..............   Passed    0.00 sec
      Start 22: test-backend-ops
22/22 Test #22: test-backend-ops .................   Passed    0.00 sec

100% tests passed, 0 tests failed out of 22

Total Test time (real) =  27.00 sec

real	0m27.008s
user	0m26.966s
sys	0m0.259s
