+ gg_run_ctest_debug
+ cd /home/ggml/work/llama.cpp
+ rm -rf build-ci-debug
+ tee /home/ggml/results/llama.cpp/b1/977975a4ab2dfaa6d0752584eb92579e368513/ggml-0-x86-cpu-low-perf/ctest_debug.log
+ mkdir build-ci-debug
+ cd build-ci-debug
+ set -e
+ gg_check_build_requirements
+ command -v cmake
+ command -v make
+ command -v ctest
+ tee -a /home/ggml/results/llama.cpp/b1/977975a4ab2dfaa6d0752584eb92579e368513/ggml-0-x86-cpu-low-perf/ctest_debug-cmake.log
+ cmake -DCMAKE_BUILD_TYPE=Debug -DLLAMA_FATAL_WARNINGS=ON ..
-- The C compiler identification is GNU 11.4.0
-- The CXX compiler identification is GNU 11.4.0
-- Detecting C compiler ABI info
-- Detecting C compiler ABI info - done
-- Check for working C compiler: /usr/bin/cc - skipped
-- Detecting C compile features
-- Detecting C compile features - done
-- Detecting CXX compiler ABI info
-- Detecting CXX compiler ABI info - done
-- Check for working CXX compiler: /usr/bin/c++ - skipped
-- Detecting CXX compile features
-- Detecting CXX compile features - done
-- Found Git: /usr/bin/git (found version "2.34.1") 
-- Performing Test CMAKE_HAVE_LIBC_PTHREAD
-- Performing Test CMAKE_HAVE_LIBC_PTHREAD - Success
-- Found Threads: TRUE  
-- ccache found, compilation results will be cached. Disable with GGML_CCACHE=OFF.
-- CMAKE_SYSTEM_PROCESSOR: x86_64
-- Including CPU backend
-- Found OpenMP_C: -fopenmp (found version "4.5") 
-- Found OpenMP_CXX: -fopenmp (found version "4.5") 
-- Found OpenMP: TRUE (found version "4.5")  
-- Adding CPU backend variant ggml-cpu: -march=native 
-- Configuring done (0.6s)
-- Generating done (0.1s)
-- Build files have been written to: /home/ggml/work/llama.cpp/build-ci-debug

real	0m0.727s
user	0m0.586s
sys	0m0.143s
+ tee -a /home/ggml/results/llama.cpp/b1/977975a4ab2dfaa6d0752584eb92579e368513/ggml-0-x86-cpu-low-perf/ctest_debug-make.log
++ nproc
+ make -j4
[  0%] Generating build details from Git
[  1%] Building C object examples/gguf-hash/CMakeFiles/xxhash.dir/deps/xxhash/xxhash.c.o
[  2%] Building C object ggml/src/CMakeFiles/ggml-base.dir/ggml.c.o
[  2%] Building C object examples/gguf-hash/CMakeFiles/sha256.dir/deps/sha256/sha256.c.o
-- Found Git: /usr/bin/git (found version "2.34.1") 
[  2%] Built target sha256
[  2%] Built target xxhash
[  3%] Building C object ggml/src/CMakeFiles/ggml-base.dir/ggml-alloc.c.o
[  3%] Building CXX object ggml/src/CMakeFiles/ggml-base.dir/ggml-backend.cpp.o
[  3%] Building C object examples/gguf-hash/CMakeFiles/sha1.dir/deps/sha1/sha1.c.o
[  4%] Building CXX object ggml/src/CMakeFiles/ggml-base.dir/ggml-opt.cpp.o
[  4%] Building CXX object ggml/src/CMakeFiles/ggml-base.dir/ggml-threading.cpp.o
[  4%] Built target sha1
[  5%] Building C object ggml/src/CMakeFiles/ggml-base.dir/ggml-quants.c.o
[  6%] Building CXX object common/CMakeFiles/build_info.dir/build-info.cpp.o
[  7%] Linking CXX shared library libggml-base.so
[  7%] Built target build_info
[  7%] Built target ggml-base
[  7%] Building C object ggml/src/CMakeFiles/ggml-cpu.dir/ggml-cpu/ggml-cpu.c.o
[  8%] Building CXX object ggml/src/CMakeFiles/ggml-cpu.dir/ggml-cpu/ggml-cpu.cpp.o
[  8%] Building CXX object ggml/src/CMakeFiles/ggml-cpu.dir/ggml-cpu/ggml-cpu-aarch64.cpp.o
[  9%] Building CXX object ggml/src/CMakeFiles/ggml-cpu.dir/ggml-cpu/ggml-cpu-hbm.cpp.o
[  9%] Building C object ggml/src/CMakeFiles/ggml-cpu.dir/ggml-cpu/ggml-cpu-quants.c.o
[  9%] Building CXX object ggml/src/CMakeFiles/ggml-cpu.dir/ggml-cpu/amx/amx.cpp.o
[ 10%] Building CXX object ggml/src/CMakeFiles/ggml-cpu.dir/ggml-cpu/ggml-cpu-traits.cpp.o
[ 11%] Building CXX object ggml/src/CMakeFiles/ggml-cpu.dir/ggml-cpu/amx/mmq.cpp.o
[ 12%] Building CXX object ggml/src/CMakeFiles/ggml-cpu.dir/ggml-cpu/llamafile/sgemm.cpp.o
[ 12%] Linking CXX shared library libggml-cpu.so
[ 12%] Built target ggml-cpu
[ 12%] Building CXX object ggml/src/CMakeFiles/ggml.dir/ggml-backend-reg.cpp.o
[ 13%] Linking CXX shared library libggml.so
[ 13%] Built target ggml
[ 14%] Building CXX object src/CMakeFiles/llama.dir/llama-vocab.cpp.o
[ 14%] Building CXX object src/CMakeFiles/llama.dir/llama.cpp.o
[ 16%] Building CXX object examples/gguf-hash/CMakeFiles/llama-gguf-hash.dir/gguf-hash.cpp.o
[ 16%] Building CXX object examples/gguf/CMakeFiles/llama-gguf.dir/gguf.cpp.o
[ 16%] Linking CXX executable ../../bin/llama-gguf
[ 16%] Linking CXX executable ../../bin/llama-gguf-hash
[ 17%] Building CXX object src/CMakeFiles/llama.dir/llama-grammar.cpp.o
[ 17%] Building CXX object src/CMakeFiles/llama.dir/llama-sampling.cpp.o
[ 18%] Building CXX object src/CMakeFiles/llama.dir/unicode.cpp.o
[ 18%] Building CXX object src/CMakeFiles/llama.dir/unicode-data.cpp.o
[ 19%] Linking CXX shared library libllama.so
[ 19%] Built target llama-gguf
[ 19%] Built target llama-gguf-hash
[ 19%] Built target llama
[ 19%] Building CXX object examples/simple/CMakeFiles/llama-simple.dir/simple.cpp.o
[ 19%] Building CXX object common/CMakeFiles/common.dir/arg.cpp.o
[ 20%] Building CXX object examples/simple-chat/CMakeFiles/llama-simple-chat.dir/simple-chat.cpp.o
[ 20%] Building C object tests/CMakeFiles/test-c.dir/test-c.c.o
[ 20%] Linking C executable ../bin/test-c
[ 21%] Linking CXX executable ../../bin/llama-simple
[ 22%] Linking CXX executable ../../bin/llama-simple-chat
[ 23%] Building CXX object common/CMakeFiles/common.dir/common.cpp.o
[ 23%] Built target test-c
[ 23%] Building CXX object common/CMakeFiles/common.dir/console.cpp.o
[ 24%] Building CXX object examples/quantize-stats/CMakeFiles/llama-quantize-stats.dir/quantize-stats.cpp.o
[ 25%] Building CXX object common/CMakeFiles/common.dir/json-schema-to-grammar.cpp.o
[ 25%] Linking CXX executable ../../bin/llama-quantize-stats
[ 25%] Building CXX object common/CMakeFiles/common.dir/log.cpp.o
[ 26%] Building CXX object common/CMakeFiles/common.dir/ngram-cache.cpp.o
[ 26%] Building CXX object common/CMakeFiles/common.dir/sampling.cpp.o
[ 27%] Building CXX object common/CMakeFiles/common.dir/speculative.cpp.o
[ 27%] Built target llama-simple
[ 27%] Built target llama-simple-chat
[ 28%] Linking CXX static library libcommon.a
[ 29%] Building CXX object examples/llava/CMakeFiles/llava.dir/llava.cpp.o
[ 29%] Building CXX object examples/llava/CMakeFiles/llava.dir/clip.cpp.o
[ 29%] Built target llava
[ 31%] Linking CXX static library libllava_static.a
[ 31%] Linking CXX shared library libllava_shared.so
[ 31%] Built target llava_static
[ 31%] Built target llama-quantize-stats
[ 31%] Built target common
[ 31%] Building CXX object tests/CMakeFiles/test-tokenizer-0.dir/test-tokenizer-0.cpp.o
[ 31%] Building CXX object tests/CMakeFiles/test-grammar-parser.dir/test-grammar-parser.cpp.o
[ 32%] Building CXX object tests/CMakeFiles/test-sampling.dir/test-sampling.cpp.o
[ 32%] Built target llava_shared
[ 32%] Building CXX object tests/CMakeFiles/test-sampling.dir/get-model.cpp.o
[ 34%] Linking CXX executable ../bin/test-tokenizer-0
[ 34%] Building CXX object tests/CMakeFiles/test-grammar-parser.dir/get-model.cpp.o
[ 35%] Linking CXX executable ../bin/test-sampling
[ 35%] Linking CXX executable ../bin/test-grammar-parser
[ 36%] Building CXX object tests/CMakeFiles/test-grammar-integration.dir/test-grammar-integration.cpp.o
[ 36%] Building CXX object tests/CMakeFiles/test-grammar-integration.dir/get-model.cpp.o
[ 37%] Linking CXX executable ../bin/test-grammar-integration
[ 37%] Built target test-grammar-parser
[ 37%] Built target test-sampling
[ 38%] Building CXX object tests/CMakeFiles/test-llama-grammar.dir/test-llama-grammar.cpp.o
[ 39%] Building CXX object tests/CMakeFiles/test-json-schema-to-grammar.dir/test-json-schema-to-grammar.cpp.o
[ 39%] Building CXX object tests/CMakeFiles/test-llama-grammar.dir/get-model.cpp.o
[ 40%] Linking CXX executable ../bin/test-llama-grammar
[ 40%] Building CXX object tests/CMakeFiles/test-json-schema-to-grammar.dir/get-model.cpp.o
[ 41%] Linking CXX executable ../bin/test-json-schema-to-grammar
[ 41%] Built target test-tokenizer-0
[ 41%] Building CXX object tests/CMakeFiles/test-tokenizer-1-bpe.dir/test-tokenizer-1-bpe.cpp.o
[ 42%] Linking CXX executable ../bin/test-tokenizer-1-bpe
[ 42%] Built target test-llama-grammar
[ 42%] Building CXX object tests/CMakeFiles/test-tokenizer-1-spm.dir/test-tokenizer-1-spm.cpp.o
[ 43%] Linking CXX executable ../bin/test-tokenizer-1-spm
[ 43%] Built target test-grammar-integration
[ 43%] Built target test-tokenizer-1-bpe
[ 43%] Building CXX object tests/CMakeFiles/test-log.dir/test-log.cpp.o
[ 43%] Building CXX object tests/CMakeFiles/test-arg-parser.dir/test-arg-parser.cpp.o
[ 44%] Building CXX object tests/CMakeFiles/test-log.dir/get-model.cpp.o
[ 44%] Linking CXX executable ../bin/test-log
[ 45%] Building CXX object tests/CMakeFiles/test-arg-parser.dir/get-model.cpp.o
[ 45%] Linking CXX executable ../bin/test-arg-parser
[ 45%] Built target test-tokenizer-1-spm
[ 46%] Building CXX object tests/CMakeFiles/test-chat-template.dir/test-chat-template.cpp.o
[ 46%] Built target test-log
[ 47%] Building CXX object tests/CMakeFiles/test-chat-template.dir/get-model.cpp.o
[ 47%] Linking CXX executable ../bin/test-chat-template
[ 48%] Building CXX object tests/CMakeFiles/test-backend-ops.dir/test-backend-ops.cpp.o
[ 48%] Building CXX object tests/CMakeFiles/test-backend-ops.dir/get-model.cpp.o
[ 49%] Linking CXX executable ../bin/test-backend-ops
[ 49%] Built target test-json-schema-to-grammar
[ 50%] Building CXX object tests/CMakeFiles/test-model-load-cancel.dir/test-model-load-cancel.cpp.o
[ 50%] Building CXX object tests/CMakeFiles/test-model-load-cancel.dir/get-model.cpp.o
[ 51%] Linking CXX executable ../bin/test-model-load-cancel
[ 51%] Built target test-backend-ops
[ 52%] Building CXX object tests/CMakeFiles/test-autorelease.dir/test-autorelease.cpp.o
[ 52%] Building CXX object tests/CMakeFiles/test-autorelease.dir/get-model.cpp.o
[ 53%] Linking CXX executable ../bin/test-autorelease
[ 53%] Built target test-chat-template
[ 53%] Building CXX object tests/CMakeFiles/test-barrier.dir/test-barrier.cpp.o
[ 54%] Building CXX object tests/CMakeFiles/test-barrier.dir/get-model.cpp.o
[ 54%] Built target test-model-load-cancel
[ 54%] Linking CXX executable ../bin/test-barrier
[ 55%] Building CXX object tests/CMakeFiles/test-quantize-fns.dir/test-quantize-fns.cpp.o
[ 55%] Building CXX object tests/CMakeFiles/test-quantize-fns.dir/get-model.cpp.o
[ 56%] Linking CXX executable ../bin/test-quantize-fns
[ 56%] Built target test-barrier
[ 56%] Built target test-autorelease
[ 57%] Building CXX object tests/CMakeFiles/test-quantize-perf.dir/test-quantize-perf.cpp.o
[ 57%] Building CXX object tests/CMakeFiles/test-rope.dir/test-rope.cpp.o
[ 57%] Building CXX object tests/CMakeFiles/test-rope.dir/get-model.cpp.o
[ 57%] Built target test-quantize-fns
[ 58%] Building CXX object tests/CMakeFiles/test-quantize-perf.dir/get-model.cpp.o
[ 59%] Linking CXX executable ../bin/test-rope
[ 59%] Linking CXX executable ../bin/test-quantize-perf
[ 60%] Building CXX object examples/batched-bench/CMakeFiles/llama-batched-bench.dir/batched-bench.cpp.o
[ 60%] Linking CXX executable ../../bin/llama-batched-bench
[ 60%] Built target test-rope
[ 60%] Building CXX object examples/batched/CMakeFiles/llama-batched.dir/batched.cpp.o
[ 60%] Built target test-quantize-perf
[ 61%] Linking CXX executable ../../bin/llama-batched
[ 61%] Building CXX object examples/embedding/CMakeFiles/llama-embedding.dir/embedding.cpp.o
[ 62%] Linking CXX executable ../../bin/llama-embedding
[ 62%] Built target test-arg-parser
[ 62%] Building CXX object examples/eval-callback/CMakeFiles/llama-eval-callback.dir/eval-callback.cpp.o
[ 63%] Linking CXX executable ../../bin/llama-eval-callback
[ 63%] Built target llama-batched-bench
[ 63%] Building CXX object examples/gbnf-validator/CMakeFiles/llama-gbnf-validator.dir/gbnf-validator.cpp.o
[ 64%] Linking CXX executable ../../bin/llama-gbnf-validator
[ 64%] Built target llama-batched
[ 65%] Building CXX object examples/gguf-split/CMakeFiles/llama-gguf-split.dir/gguf-split.cpp.o
[ 65%] Built target llama-embedding
[ 65%] Built target llama-gbnf-validator
[ 66%] Building CXX object examples/gritlm/CMakeFiles/llama-gritlm.dir/gritlm.cpp.o
[ 66%] Linking CXX executable ../../bin/llama-gguf-split
[ 66%] Building CXX object examples/imatrix/CMakeFiles/llama-imatrix.dir/imatrix.cpp.o
[ 67%] Linking CXX executable ../../bin/llama-gritlm
[ 67%] Built target llama-eval-callback
[ 68%] Linking CXX executable ../../bin/llama-imatrix
[ 68%] Building CXX object examples/infill/CMakeFiles/llama-infill.dir/infill.cpp.o
[ 69%] Linking CXX executable ../../bin/llama-infill
[ 69%] Built target llama-gguf-split
[ 70%] Building CXX object examples/llama-bench/CMakeFiles/llama-bench.dir/llama-bench.cpp.o
[ 70%] Linking CXX executable ../../bin/llama-bench
[ 70%] Built target llama-bench
[ 70%] Building CXX object examples/lookahead/CMakeFiles/llama-lookahead.dir/lookahead.cpp.o
[ 71%] Linking CXX executable ../../bin/llama-lookahead
[ 71%] Built target llama-gritlm
[ 71%] Building CXX object examples/lookup/CMakeFiles/llama-lookup.dir/lookup.cpp.o
[ 72%] Linking CXX executable ../../bin/llama-lookup
[ 72%] Built target llama-infill
[ 72%] Built target llama-imatrix
[ 73%] Building CXX object examples/lookup/CMakeFiles/llama-lookup-create.dir/lookup-create.cpp.o
[ 74%] Building CXX object examples/lookup/CMakeFiles/llama-lookup-merge.dir/lookup-merge.cpp.o
[ 74%] Linking CXX executable ../../bin/llama-lookup-create
[ 74%] Linking CXX executable ../../bin/llama-lookup-merge
[ 74%] Built target llama-lookup-merge
[ 75%] Building CXX object examples/lookup/CMakeFiles/llama-lookup-stats.dir/lookup-stats.cpp.o
[ 75%] Linking CXX executable ../../bin/llama-lookup-stats
[ 75%] Built target llama-lookahead
[ 76%] Building CXX object examples/main/CMakeFiles/llama-cli.dir/main.cpp.o
[ 76%] Linking CXX executable ../../bin/llama-cli
[ 76%] Built target llama-lookup
[ 77%] Building CXX object examples/parallel/CMakeFiles/llama-parallel.dir/parallel.cpp.o
[ 78%] Linking CXX executable ../../bin/llama-parallel
[ 78%] Built target llama-lookup-create
[ 78%] Building CXX object examples/passkey/CMakeFiles/llama-passkey.dir/passkey.cpp.o
[ 79%] Linking CXX executable ../../bin/llama-passkey
[ 79%] Built target llama-lookup-stats
[ 79%] Building CXX object examples/perplexity/CMakeFiles/llama-perplexity.dir/perplexity.cpp.o
[ 80%] Linking CXX executable ../../bin/llama-perplexity
[ 80%] Built target llama-cli
[ 80%] Building CXX object examples/quantize/CMakeFiles/llama-quantize.dir/quantize.cpp.o
[ 81%] Linking CXX executable ../../bin/llama-quantize
[ 81%] Built target llama-parallel
[ 82%] Building CXX object examples/retrieval/CMakeFiles/llama-retrieval.dir/retrieval.cpp.o
[ 82%] Linking CXX executable ../../bin/llama-retrieval
[ 82%] Built target llama-passkey
[ 83%] Generating loading.html.hpp
[ 83%] Generating index.html.gz.hpp
[ 83%] Built target llama-quantize
[ 84%] Building CXX object examples/save-load-state/CMakeFiles/llama-save-load-state.dir/save-load-state.cpp.o
[ 85%] Linking CXX executable ../../bin/llama-save-load-state
[ 85%] Built target llama-perplexity
[ 86%] Building CXX object examples/run/CMakeFiles/llama-run.dir/run.cpp.o
[ 86%] Linking CXX executable ../../bin/llama-run
[ 86%] Built target llama-run
[ 86%] Building CXX object examples/speculative/CMakeFiles/llama-speculative.dir/speculative.cpp.o
[ 87%] Linking CXX executable ../../bin/llama-speculative
[ 87%] Built target llama-retrieval
[ 88%] Building CXX object examples/speculative-simple/CMakeFiles/llama-speculative-simple.dir/speculative-simple.cpp.o
[ 88%] Linking CXX executable ../../bin/llama-speculative-simple
[ 88%] Built target llama-save-load-state
[ 89%] Building CXX object examples/tokenize/CMakeFiles/llama-tokenize.dir/tokenize.cpp.o
[ 89%] Linking CXX executable ../../bin/llama-tokenize
[ 89%] Built target llama-tokenize
[ 90%] Building CXX object examples/gen-docs/CMakeFiles/llama-gen-docs.dir/gen-docs.cpp.o
[ 90%] Linking CXX executable ../../bin/llama-gen-docs
[ 90%] Built target llama-speculative
[ 91%] Building CXX object examples/convert-llama2c-to-ggml/CMakeFiles/llama-convert-llama2c-to-ggml.dir/convert-llama2c-to-ggml.cpp.o
[ 91%] Linking CXX executable ../../bin/llama-convert-llama2c-to-ggml
[ 91%] Built target llama-speculative-simple
[ 92%] Building CXX object examples/cvector-generator/CMakeFiles/llama-cvector-generator.dir/cvector-generator.cpp.o
[ 93%] Linking CXX executable ../../bin/llama-cvector-generator
[ 93%] Built target llama-convert-llama2c-to-ggml
[ 93%] Building CXX object examples/export-lora/CMakeFiles/llama-export-lora.dir/export-lora.cpp.o
[ 94%] Linking CXX executable ../../bin/llama-export-lora
[ 94%] Built target llama-gen-docs
[ 94%] Building CXX object examples/llava/CMakeFiles/llama-llava-cli.dir/llava-cli.cpp.o
[ 95%] Linking CXX executable ../../bin/llama-llava-cli
[ 95%] Built target llama-cvector-generator
[ 96%] Building CXX object examples/llava/CMakeFiles/llama-minicpmv-cli.dir/minicpmv-cli.cpp.o
[ 96%] Linking CXX executable ../../bin/llama-minicpmv-cli
[ 96%] Built target llama-export-lora
[ 97%] Building CXX object examples/llava/CMakeFiles/llama-qwen2vl-cli.dir/qwen2vl-cli.cpp.o
[ 97%] Linking CXX executable ../../bin/llama-qwen2vl-cli
[ 97%] Built target llama-llava-cli
[ 98%] Building CXX object pocs/vdot/CMakeFiles/llama-vdot.dir/vdot.cpp.o
[ 98%] Linking CXX executable ../../bin/llama-vdot
[ 98%] Built target llama-vdot
[ 98%] Building CXX object pocs/vdot/CMakeFiles/llama-q8dot.dir/q8dot.cpp.o
[ 99%] Linking CXX executable ../../bin/llama-q8dot
[ 99%] Built target llama-q8dot
[ 99%] Built target llama-minicpmv-cli
[ 99%] Building CXX object examples/server/CMakeFiles/llama-server.dir/server.cpp.o
[ 99%] Built target llama-qwen2vl-cli
[100%] Linking CXX executable ../../bin/llama-server
[100%] Built target llama-server

real	0m21.195s
user	0m36.009s
sys	0m4.882s
+ tee -a /home/ggml/results/llama.cpp/b1/977975a4ab2dfaa6d0752584eb92579e368513/ggml-0-x86-cpu-low-perf/ctest_debug-ctest.log
+ ctest --output-on-failure -L main -E test-opt
Test project /home/ggml/work/llama.cpp/build-ci-debug
      Start  1: test-tokenizer-0-bert-bge
 1/27 Test  #1: test-tokenizer-0-bert-bge .........   Passed    0.11 sec
      Start  2: test-tokenizer-0-command-r
 2/27 Test  #2: test-tokenizer-0-command-r ........   Passed    2.60 sec
      Start  3: test-tokenizer-0-deepseek-coder
 3/27 Test  #3: test-tokenizer-0-deepseek-coder ...   Passed    0.39 sec
      Start  4: test-tokenizer-0-deepseek-llm
 4/27 Test  #4: test-tokenizer-0-deepseek-llm .....   Passed    1.02 sec
      Start  5: test-tokenizer-0-falcon
 5/27 Test  #5: test-tokenizer-0-falcon ...........   Passed    0.60 sec
      Start  6: test-tokenizer-0-gpt-2
 6/27 Test  #6: test-tokenizer-0-gpt-2 ............   Passed    0.45 sec
      Start  7: test-tokenizer-0-llama-bpe
 7/27 Test  #7: test-tokenizer-0-llama-bpe ........   Passed    1.85 sec
      Start  8: test-tokenizer-0-llama-spm
 8/27 Test  #8: test-tokenizer-0-llama-spm ........   Passed    0.12 sec
      Start  9: test-tokenizer-0-mpt
 9/27 Test  #9: test-tokenizer-0-mpt ..............   Passed    0.47 sec
      Start 10: test-tokenizer-0-phi-3
10/27 Test #10: test-tokenizer-0-phi-3 ............   Passed    0.12 sec
      Start 11: test-tokenizer-0-qwen2
11/27 Test #11: test-tokenizer-0-qwen2 ............   Passed    1.74 sec
      Start 12: test-tokenizer-0-refact
12/27 Test #12: test-tokenizer-0-refact ...........   Passed    0.47 sec
      Start 13: test-tokenizer-0-starcoder
13/27 Test #13: test-tokenizer-0-starcoder ........   Passed    0.48 sec
      Start 14: test-sampling
14/27 Test #14: test-sampling .....................   Passed    6.37 sec
      Start 15: test-grammar-parser
15/27 Test #15: test-grammar-parser ...............   Passed    0.00 sec
      Start 16: test-grammar-integration
16/27 Test #16: test-grammar-integration ..........   Passed    0.04 sec
      Start 17: test-llama-grammar
17/27 Test #17: test-llama-grammar ................   Passed    0.00 sec
      Start 18: test-json-schema-to-grammar
18/27 Test #18: test-json-schema-to-grammar .......   Passed    0.05 sec
      Start 19: test-tokenizer-1-llama-spm
19/27 Test #19: test-tokenizer-1-llama-spm ........   Passed    2.84 sec
      Start 20: test-log
20/27 Test #20: test-log ..........................   Passed    0.02 sec
      Start 21: test-arg-parser
21/27 Test #21: test-arg-parser ...................   Passed    0.07 sec
      Start 22: test-chat-template
22/27 Test #22: test-chat-template ................   Passed    0.00 sec
      Start 23: test-backend-ops
23/27 Test #23: test-backend-ops ..................   Passed    0.01 sec
      Start 26: test-barrier
24/27 Test #26: test-barrier ......................   Passed    2.16 sec
      Start 27: test-quantize-fns
25/27 Test #27: test-quantize-fns .................   Passed   31.60 sec
      Start 28: test-quantize-perf
26/27 Test #28: test-quantize-perf ................   Passed    0.62 sec
      Start 29: test-rope
27/27 Test #29: test-rope .........................   Passed    0.11 sec

100% tests passed, 0 tests failed out of 27

Label Time Summary:
main    =  54.33 sec*proc (27 tests)

Total Test time (real) =  54.34 sec

real	0m54.364s
user	1m8.988s
sys	0m0.409s
+ set +e
+ cur=0
+ echo 0
+ set +x
+ gg_run_ctest_release
+ cd /home/ggml/work/llama.cpp
+ rm -rf build-ci-release
+ tee /home/ggml/results/llama.cpp/b1/977975a4ab2dfaa6d0752584eb92579e368513/ggml-0-x86-cpu-low-perf/ctest_release.log
+ mkdir build-ci-release
+ cd build-ci-release
+ set -e
+ gg_check_build_requirements
+ command -v cmake
+ command -v make
+ command -v ctest
+ tee -a /home/ggml/results/llama.cpp/b1/977975a4ab2dfaa6d0752584eb92579e368513/ggml-0-x86-cpu-low-perf/ctest_release-cmake.log
+ cmake -DCMAKE_BUILD_TYPE=Release -DLLAMA_FATAL_WARNINGS=ON ..
-- The C compiler identification is GNU 11.4.0
-- The CXX compiler identification is GNU 11.4.0
-- Detecting C compiler ABI info
-- Detecting C compiler ABI info - done
-- Check for working C compiler: /usr/bin/cc - skipped
-- Detecting C compile features
-- Detecting C compile features - done
-- Detecting CXX compiler ABI info
-- Detecting CXX compiler ABI info - done
-- Check for working CXX compiler: /usr/bin/c++ - skipped
-- Detecting CXX compile features
-- Detecting CXX compile features - done
-- Found Git: /usr/bin/git (found version "2.34.1") 
-- Performing Test CMAKE_HAVE_LIBC_PTHREAD
-- Performing Test CMAKE_HAVE_LIBC_PTHREAD - Success
-- Found Threads: TRUE  
-- ccache found, compilation results will be cached. Disable with GGML_CCACHE=OFF.
-- CMAKE_SYSTEM_PROCESSOR: x86_64
-- Including CPU backend
-- Found OpenMP_C: -fopenmp (found version "4.5") 
-- Found OpenMP_CXX: -fopenmp (found version "4.5") 
-- Found OpenMP: TRUE (found version "4.5")  
-- Adding CPU backend variant ggml-cpu: -march=native 
-- Configuring done (0.6s)
-- Generating done (0.1s)
-- Build files have been written to: /home/ggml/work/llama.cpp/build-ci-release

real	0m0.719s
user	0m0.528s
sys	0m0.193s
+ tee -a /home/ggml/results/llama.cpp/b1/977975a4ab2dfaa6d0752584eb92579e368513/ggml-0-x86-cpu-low-perf/ctest_release-make.log
++ nproc
+ make -j4
[  1%] Building CXX object common/CMakeFiles/build_info.dir/build-info.cpp.o
[  2%] Building C object ggml/src/CMakeFiles/ggml-base.dir/ggml.c.o
[  2%] Building C object examples/gguf-hash/CMakeFiles/sha256.dir/deps/sha256/sha256.c.o
[  3%] Building C object examples/gguf-hash/CMakeFiles/xxhash.dir/deps/xxhash/xxhash.c.o
[  3%] Built target sha256
[  3%] Built target xxhash
[  4%] Building C object ggml/src/CMakeFiles/ggml-base.dir/ggml-alloc.c.o
[  4%] Building CXX object ggml/src/CMakeFiles/ggml-base.dir/ggml-backend.cpp.o
[  5%] Building C object examples/gguf-hash/CMakeFiles/sha1.dir/deps/sha1/sha1.c.o
[  5%] Building CXX object ggml/src/CMakeFiles/ggml-base.dir/ggml-opt.cpp.o
[  5%] Building CXX object ggml/src/CMakeFiles/ggml-base.dir/ggml-threading.cpp.o
[  5%] Built target sha1
[  6%] Building C object ggml/src/CMakeFiles/ggml-base.dir/ggml-quants.c.o
[  6%] Built target build_info
[  7%] Linking CXX shared library libggml-base.so
[  7%] Built target ggml-base
[  7%] Building C object ggml/src/CMakeFiles/ggml-cpu.dir/ggml-cpu/ggml-cpu.c.o
[  8%] Building CXX object ggml/src/CMakeFiles/ggml-cpu.dir/ggml-cpu/ggml-cpu.cpp.o
[  8%] Building CXX object ggml/src/CMakeFiles/ggml-cpu.dir/ggml-cpu/ggml-cpu-aarch64.cpp.o
[  9%] Building CXX object ggml/src/CMakeFiles/ggml-cpu.dir/ggml-cpu/ggml-cpu-hbm.cpp.o
[  9%] Building C object ggml/src/CMakeFiles/ggml-cpu.dir/ggml-cpu/ggml-cpu-quants.c.o
[ 10%] Building CXX object ggml/src/CMakeFiles/ggml-cpu.dir/ggml-cpu/amx/amx.cpp.o
[ 10%] Building CXX object ggml/src/CMakeFiles/ggml-cpu.dir/ggml-cpu/ggml-cpu-traits.cpp.o
[ 11%] Building CXX object ggml/src/CMakeFiles/ggml-cpu.dir/ggml-cpu/amx/mmq.cpp.o
[ 12%] Building CXX object ggml/src/CMakeFiles/ggml-cpu.dir/ggml-cpu/llamafile/sgemm.cpp.o
[ 12%] Linking CXX shared library libggml-cpu.so
[ 12%] Built target ggml-cpu
[ 12%] Building CXX object ggml/src/CMakeFiles/ggml.dir/ggml-backend-reg.cpp.o
[ 13%] Linking CXX shared library libggml.so
[ 13%] Built target ggml
[ 14%] Building CXX object src/CMakeFiles/llama.dir/llama-vocab.cpp.o
[ 14%] Building CXX object src/CMakeFiles/llama.dir/llama.cpp.o
[ 16%] Building CXX object examples/gguf-hash/CMakeFiles/llama-gguf-hash.dir/gguf-hash.cpp.o
[ 16%] Building CXX object examples/gguf/CMakeFiles/llama-gguf.dir/gguf.cpp.o
[ 16%] Linking CXX executable ../../bin/llama-gguf
[ 16%] Linking CXX executable ../../bin/llama-gguf-hash
[ 17%] Building CXX object src/CMakeFiles/llama.dir/llama-grammar.cpp.o
[ 17%] Building CXX object src/CMakeFiles/llama.dir/llama-sampling.cpp.o
[ 18%] Building CXX object src/CMakeFiles/llama.dir/unicode.cpp.o
[ 18%] Building CXX object src/CMakeFiles/llama.dir/unicode-data.cpp.o
[ 19%] Linking CXX shared library libllama.so
[ 19%] Built target llama-gguf
[ 19%] Built target llama-gguf-hash
[ 19%] Built target llama
[ 19%] Building CXX object examples/simple/CMakeFiles/llama-simple.dir/simple.cpp.o
[ 19%] Building CXX object common/CMakeFiles/common.dir/arg.cpp.o
[ 20%] Building CXX object examples/simple-chat/CMakeFiles/llama-simple-chat.dir/simple-chat.cpp.o
[ 20%] Building C object tests/CMakeFiles/test-c.dir/test-c.c.o
[ 20%] Linking C executable ../bin/test-c
[ 21%] Linking CXX executable ../../bin/llama-simple
[ 22%] Linking CXX executable ../../bin/llama-simple-chat
[ 23%] Building CXX object common/CMakeFiles/common.dir/common.cpp.o
[ 23%] Building CXX object common/CMakeFiles/common.dir/console.cpp.o
[ 23%] Built target test-c
[ 24%] Building CXX object common/CMakeFiles/common.dir/json-schema-to-grammar.cpp.o
[ 25%] Building CXX object examples/quantize-stats/CMakeFiles/llama-quantize-stats.dir/quantize-stats.cpp.o
[ 25%] Building CXX object common/CMakeFiles/common.dir/log.cpp.o
[ 25%] Linking CXX executable ../../bin/llama-quantize-stats
[ 26%] Building CXX object common/CMakeFiles/common.dir/ngram-cache.cpp.o
[ 26%] Built target llama-simple-chat
[ 26%] Built target llama-simple
[ 26%] Building CXX object common/CMakeFiles/common.dir/sampling.cpp.o
[ 27%] Building CXX object common/CMakeFiles/common.dir/speculative.cpp.o
[ 28%] Building CXX object examples/llava/CMakeFiles/llava.dir/llava.cpp.o
[ 28%] Building CXX object examples/llava/CMakeFiles/llava.dir/clip.cpp.o
[ 29%] Linking CXX static library libcommon.a
[ 29%] Built target llava
[ 30%] Linking CXX static library libllava_static.a
[ 31%] Linking CXX shared library libllava_shared.so
[ 31%] Built target common
[ 31%] Built target llama-quantize-stats
[ 31%] Built target llava_static
[ 31%] Building CXX object tests/CMakeFiles/test-tokenizer-0.dir/test-tokenizer-0.cpp.o
[ 32%] Building CXX object tests/CMakeFiles/test-sampling.dir/test-sampling.cpp.o
[ 32%] Building CXX object tests/CMakeFiles/test-grammar-parser.dir/test-grammar-parser.cpp.o
[ 33%] Linking CXX executable ../bin/test-tokenizer-0
[ 33%] Building CXX object tests/CMakeFiles/test-sampling.dir/get-model.cpp.o
[ 34%] Building CXX object tests/CMakeFiles/test-grammar-parser.dir/get-model.cpp.o
[ 35%] Linking CXX executable ../bin/test-sampling
[ 35%] Linking CXX executable ../bin/test-grammar-parser
[ 35%] Built target llava_shared
[ 36%] Building CXX object tests/CMakeFiles/test-grammar-integration.dir/test-grammar-integration.cpp.o
[ 36%] Building CXX object tests/CMakeFiles/test-grammar-integration.dir/get-model.cpp.o
[ 37%] Linking CXX executable ../bin/test-grammar-integration
[ 37%] Built target test-tokenizer-0
[ 37%] Built target test-grammar-parser
[ 37%] Built target test-sampling
[ 38%] Building CXX object tests/CMakeFiles/test-llama-grammar.dir/test-llama-grammar.cpp.o
[ 38%] Building CXX object tests/CMakeFiles/test-llama-grammar.dir/get-model.cpp.o
[ 39%] Building CXX object tests/CMakeFiles/test-json-schema-to-grammar.dir/test-json-schema-to-grammar.cpp.o
[ 39%] Building CXX object tests/CMakeFiles/test-json-schema-to-grammar.dir/get-model.cpp.o
[ 40%] Linking CXX executable ../bin/test-llama-grammar
[ 40%] Building CXX object tests/CMakeFiles/test-tokenizer-1-bpe.dir/test-tokenizer-1-bpe.cpp.o
[ 41%] Linking CXX executable ../bin/test-json-schema-to-grammar
[ 42%] Linking CXX executable ../bin/test-tokenizer-1-bpe
[ 42%] Built target test-llama-grammar
[ 42%] Built target test-grammar-integration
[ 42%] Building CXX object tests/CMakeFiles/test-tokenizer-1-spm.dir/test-tokenizer-1-spm.cpp.o
[ 42%] Building CXX object tests/CMakeFiles/test-log.dir/test-log.cpp.o
[ 43%] Building CXX object tests/CMakeFiles/test-log.dir/get-model.cpp.o
[ 44%] Linking CXX executable ../bin/test-tokenizer-1-spm
[ 44%] Linking CXX executable ../bin/test-log
[ 44%] Built target test-tokenizer-1-bpe
[ 44%] Building CXX object tests/CMakeFiles/test-arg-parser.dir/test-arg-parser.cpp.o
[ 44%] Built target test-json-schema-to-grammar
[ 45%] Building CXX object tests/CMakeFiles/test-arg-parser.dir/get-model.cpp.o
[ 46%] Building CXX object tests/CMakeFiles/test-chat-template.dir/test-chat-template.cpp.o
[ 46%] Linking CXX executable ../bin/test-arg-parser
[ 47%] Building CXX object tests/CMakeFiles/test-chat-template.dir/get-model.cpp.o
[ 47%] Linking CXX executable ../bin/test-chat-template
[ 47%] Built target test-log
[ 47%] Built target test-tokenizer-1-spm
[ 48%] Building CXX object tests/CMakeFiles/test-backend-ops.dir/test-backend-ops.cpp.o
[ 49%] Building CXX object tests/CMakeFiles/test-model-load-cancel.dir/test-model-load-cancel.cpp.o
[ 49%] Building CXX object tests/CMakeFiles/test-model-load-cancel.dir/get-model.cpp.o
[ 49%] Building CXX object tests/CMakeFiles/test-backend-ops.dir/get-model.cpp.o
[ 50%] Linking CXX executable ../bin/test-model-load-cancel
[ 51%] Linking CXX executable ../bin/test-backend-ops
[ 51%] Built target test-chat-template
[ 52%] Building CXX object tests/CMakeFiles/test-autorelease.dir/test-autorelease.cpp.o
[ 52%] Building CXX object tests/CMakeFiles/test-autorelease.dir/get-model.cpp.o
[ 52%] Built target test-arg-parser
[ 53%] Linking CXX executable ../bin/test-autorelease
[ 53%] Building CXX object tests/CMakeFiles/test-barrier.dir/test-barrier.cpp.o
[ 54%] Building CXX object tests/CMakeFiles/test-barrier.dir/get-model.cpp.o
[ 54%] Linking CXX executable ../bin/test-barrier
[ 54%] Built target test-model-load-cancel
[ 55%] Building CXX object tests/CMakeFiles/test-quantize-fns.dir/test-quantize-fns.cpp.o
[ 55%] Built target test-backend-ops
[ 55%] Building CXX object tests/CMakeFiles/test-quantize-fns.dir/get-model.cpp.o
[ 55%] Building CXX object tests/CMakeFiles/test-quantize-perf.dir/test-quantize-perf.cpp.o
[ 56%] Linking CXX executable ../bin/test-quantize-fns
[ 57%] Building CXX object tests/CMakeFiles/test-quantize-perf.dir/get-model.cpp.o
[ 57%] Linking CXX executable ../bin/test-quantize-perf
[ 57%] Built target test-autorelease
[ 58%] Building CXX object tests/CMakeFiles/test-rope.dir/test-rope.cpp.o
[ 58%] Building CXX object tests/CMakeFiles/test-rope.dir/get-model.cpp.o
[ 58%] Built target test-barrier
[ 59%] Linking CXX executable ../bin/test-rope
[ 60%] Building CXX object examples/batched-bench/CMakeFiles/llama-batched-bench.dir/batched-bench.cpp.o
[ 60%] Linking CXX executable ../../bin/llama-batched-bench
[ 60%] Built target test-quantize-fns
[ 60%] Building CXX object examples/batched/CMakeFiles/llama-batched.dir/batched.cpp.o
[ 60%] Built target test-quantize-perf
[ 61%] Building CXX object examples/embedding/CMakeFiles/llama-embedding.dir/embedding.cpp.o
[ 61%] Linking CXX executable ../../bin/llama-batched
[ 62%] Linking CXX executable ../../bin/llama-embedding
[ 62%] Built target test-rope
[ 62%] Building CXX object examples/eval-callback/CMakeFiles/llama-eval-callback.dir/eval-callback.cpp.o
[ 63%] Linking CXX executable ../../bin/llama-eval-callback
[ 63%] Built target llama-batched-bench
[ 63%] Building CXX object examples/gbnf-validator/CMakeFiles/llama-gbnf-validator.dir/gbnf-validator.cpp.o
[ 64%] Linking CXX executable ../../bin/llama-gbnf-validator
[ 64%] Built target llama-batched
[ 64%] Built target llama-embedding
[ 65%] Building CXX object examples/gguf-split/CMakeFiles/llama-gguf-split.dir/gguf-split.cpp.o
[ 66%] Building CXX object examples/gritlm/CMakeFiles/llama-gritlm.dir/gritlm.cpp.o
[ 66%] Linking CXX executable ../../bin/llama-gguf-split
[ 67%] Linking CXX executable ../../bin/llama-gritlm
[ 67%] Built target llama-eval-callback
[ 67%] Building CXX object examples/imatrix/CMakeFiles/llama-imatrix.dir/imatrix.cpp.o
[ 67%] Built target llama-gbnf-validator
[ 68%] Linking CXX executable ../../bin/llama-imatrix
[ 68%] Building CXX object examples/infill/CMakeFiles/llama-infill.dir/infill.cpp.o
[ 69%] Linking CXX executable ../../bin/llama-infill
[ 69%] Built target llama-gguf-split
[ 70%] Building CXX object examples/llama-bench/CMakeFiles/llama-bench.dir/llama-bench.cpp.o
[ 70%] Linking CXX executable ../../bin/llama-bench
[ 70%] Built target llama-gritlm
[ 70%] Building CXX object examples/lookahead/CMakeFiles/llama-lookahead.dir/lookahead.cpp.o
[ 71%] Linking CXX executable ../../bin/llama-lookahead
[ 71%] Built target llama-imatrix
[ 71%] Building CXX object examples/lookup/CMakeFiles/llama-lookup.dir/lookup.cpp.o
[ 71%] Built target llama-infill
[ 72%] Linking CXX executable ../../bin/llama-lookup
[ 73%] Building CXX object examples/lookup/CMakeFiles/llama-lookup-create.dir/lookup-create.cpp.o
[ 73%] Linking CXX executable ../../bin/llama-lookup-create
[ 73%] Built target llama-bench
[ 74%] Building CXX object examples/lookup/CMakeFiles/llama-lookup-merge.dir/lookup-merge.cpp.o
[ 74%] Linking CXX executable ../../bin/llama-lookup-merge
[ 74%] Built target llama-lookahead
[ 75%] Building CXX object examples/lookup/CMakeFiles/llama-lookup-stats.dir/lookup-stats.cpp.o
[ 75%] Linking CXX executable ../../bin/llama-lookup-stats
[ 75%] Built target llama-lookup
[ 75%] Built target llama-lookup-merge
[ 76%] Building CXX object examples/main/CMakeFiles/llama-cli.dir/main.cpp.o
[ 77%] Building CXX object examples/parallel/CMakeFiles/llama-parallel.dir/parallel.cpp.o
[ 77%] Built target llama-lookup-create
[ 77%] Linking CXX executable ../../bin/llama-cli
[ 77%] Building CXX object examples/passkey/CMakeFiles/llama-passkey.dir/passkey.cpp.o
[ 78%] Linking CXX executable ../../bin/llama-parallel
[ 79%] Linking CXX executable ../../bin/llama-passkey
[ 79%] Built target llama-lookup-stats
[ 79%] Building CXX object examples/perplexity/CMakeFiles/llama-perplexity.dir/perplexity.cpp.o
[ 80%] Linking CXX executable ../../bin/llama-perplexity
[ 80%] Built target llama-cli
[ 80%] Built target llama-parallel
[ 80%] Building CXX object examples/quantize/CMakeFiles/llama-quantize.dir/quantize.cpp.o
[ 81%] Building CXX object examples/retrieval/CMakeFiles/llama-retrieval.dir/retrieval.cpp.o
[ 81%] Built target llama-passkey
[ 82%] Generating loading.html.hpp
[ 83%] Linking CXX executable ../../bin/llama-quantize
[ 83%] Linking CXX executable ../../bin/llama-retrieval
[ 83%] Generating index.html.gz.hpp
[ 83%] Built target llama-quantize
[ 84%] Building CXX object examples/save-load-state/CMakeFiles/llama-save-load-state.dir/save-load-state.cpp.o
[ 84%] Built target llama-perplexity
[ 85%] Linking CXX executable ../../bin/llama-save-load-state
[ 86%] Building CXX object examples/run/CMakeFiles/llama-run.dir/run.cpp.o
[ 86%] Built target llama-retrieval
[ 86%] Linking CXX executable ../../bin/llama-run
[ 86%] Building CXX object examples/speculative/CMakeFiles/llama-speculative.dir/speculative.cpp.o
[ 87%] Linking CXX executable ../../bin/llama-speculative
[ 87%] Built target llama-run
[ 88%] Building CXX object examples/speculative-simple/CMakeFiles/llama-speculative-simple.dir/speculative-simple.cpp.o
[ 88%] Linking CXX executable ../../bin/llama-speculative-simple
[ 88%] Built target llama-save-load-state
[ 89%] Building CXX object examples/tokenize/CMakeFiles/llama-tokenize.dir/tokenize.cpp.o
[ 89%] Linking CXX executable ../../bin/llama-tokenize
[ 89%] Built target llama-speculative
[ 90%] Building CXX object examples/gen-docs/CMakeFiles/llama-gen-docs.dir/gen-docs.cpp.o
[ 90%] Linking CXX executable ../../bin/llama-gen-docs
[ 90%] Built target llama-tokenize
[ 91%] Building CXX object examples/convert-llama2c-to-ggml/CMakeFiles/llama-convert-llama2c-to-ggml.dir/convert-llama2c-to-ggml.cpp.o
[ 91%] Built target llama-speculative-simple
[ 91%] Linking CXX executable ../../bin/llama-convert-llama2c-to-ggml
[ 92%] Building CXX object examples/cvector-generator/CMakeFiles/llama-cvector-generator.dir/cvector-generator.cpp.o
[ 93%] Linking CXX executable ../../bin/llama-cvector-generator
[ 93%] Built target llama-gen-docs
[ 93%] Building CXX object examples/export-lora/CMakeFiles/llama-export-lora.dir/export-lora.cpp.o
[ 94%] Linking CXX executable ../../bin/llama-export-lora
[ 94%] Built target llama-convert-llama2c-to-ggml
[ 94%] Building CXX object examples/llava/CMakeFiles/llama-llava-cli.dir/llava-cli.cpp.o
[ 95%] Linking CXX executable ../../bin/llama-llava-cli
[ 95%] Built target llama-cvector-generator
[ 96%] Building CXX object examples/llava/CMakeFiles/llama-minicpmv-cli.dir/minicpmv-cli.cpp.o
[ 96%] Linking CXX executable ../../bin/llama-minicpmv-cli
[ 96%] Built target llama-export-lora
[ 97%] Building CXX object examples/llava/CMakeFiles/llama-qwen2vl-cli.dir/qwen2vl-cli.cpp.o
[ 97%] Linking CXX executable ../../bin/llama-qwen2vl-cli
[ 97%] Built target llama-llava-cli
[ 98%] Building CXX object pocs/vdot/CMakeFiles/llama-vdot.dir/vdot.cpp.o
[ 98%] Linking CXX executable ../../bin/llama-vdot
[ 98%] Built target llama-minicpmv-cli
[ 98%] Building CXX object pocs/vdot/CMakeFiles/llama-q8dot.dir/q8dot.cpp.o
[ 99%] Linking CXX executable ../../bin/llama-q8dot
[ 99%] Built target llama-vdot
[ 99%] Built target llama-qwen2vl-cli
[ 99%] Built target llama-q8dot
[ 99%] Building CXX object examples/server/CMakeFiles/llama-server.dir/server.cpp.o
[100%] Linking CXX executable ../../bin/llama-server
[100%] Built target llama-server

real	0m25.077s
user	0m28.698s
sys	0m2.288s
+ '[' -z 1 ']'
+ tee -a /home/ggml/results/llama.cpp/b1/977975a4ab2dfaa6d0752584eb92579e368513/ggml-0-x86-cpu-low-perf/ctest_release-ctest.log
+ ctest --output-on-failure -L main -E test-opt
Test project /home/ggml/work/llama.cpp/build-ci-release
      Start  1: test-tokenizer-0-bert-bge
 1/27 Test  #1: test-tokenizer-0-bert-bge .........   Passed    0.03 sec
      Start  2: test-tokenizer-0-command-r
 2/27 Test  #2: test-tokenizer-0-command-r ........   Passed    0.63 sec
      Start  3: test-tokenizer-0-deepseek-coder
 3/27 Test  #3: test-tokenizer-0-deepseek-coder ...   Passed    0.07 sec
      Start  4: test-tokenizer-0-deepseek-llm
 4/27 Test  #4: test-tokenizer-0-deepseek-llm .....   Passed    0.22 sec
      Start  5: test-tokenizer-0-falcon
 5/27 Test  #5: test-tokenizer-0-falcon ...........   Passed    0.13 sec
      Start  6: test-tokenizer-0-gpt-2
 6/27 Test  #6: test-tokenizer-0-gpt-2 ............   Passed    0.09 sec
      Start  7: test-tokenizer-0-llama-bpe
 7/27 Test  #7: test-tokenizer-0-llama-bpe ........   Passed    0.41 sec
      Start  8: test-tokenizer-0-llama-spm
 8/27 Test  #8: test-tokenizer-0-llama-spm ........   Passed    0.04 sec
      Start  9: test-tokenizer-0-mpt
 9/27 Test  #9: test-tokenizer-0-mpt ..............   Passed    0.10 sec
      Start 10: test-tokenizer-0-phi-3
10/27 Test #10: test-tokenizer-0-phi-3 ............   Passed    0.04 sec
      Start 11: test-tokenizer-0-qwen2
11/27 Test #11: test-tokenizer-0-qwen2 ............   Passed    0.34 sec
      Start 12: test-tokenizer-0-refact
12/27 Test #12: test-tokenizer-0-refact ...........   Passed    0.10 sec
      Start 13: test-tokenizer-0-starcoder
13/27 Test #13: test-tokenizer-0-starcoder ........   Passed    0.10 sec
      Start 14: test-sampling
14/27 Test #14: test-sampling .....................   Passed    1.27 sec
      Start 15: test-grammar-parser
15/27 Test #15: test-grammar-parser ...............   Passed    0.00 sec
      Start 16: test-grammar-integration
16/27 Test #16: test-grammar-integration ..........   Passed    0.01 sec
      Start 17: test-llama-grammar
17/27 Test #17: test-llama-grammar ................   Passed    0.00 sec
      Start 18: test-json-schema-to-grammar
18/27 Test #18: test-json-schema-to-grammar .......   Passed    0.01 sec
      Start 19: test-tokenizer-1-llama-spm
19/27 Test #19: test-tokenizer-1-llama-spm ........   Passed    0.36 sec
      Start 20: test-log
20/27 Test #20: test-log ..........................   Passed    0.01 sec
      Start 21: test-arg-parser
21/27 Test #21: test-arg-parser ...................   Passed    0.03 sec
      Start 22: test-chat-template
22/27 Test #22: test-chat-template ................   Passed    0.00 sec
      Start 23: test-backend-ops
23/27 Test #23: test-backend-ops ..................   Passed    0.00 sec
      Start 26: test-barrier
24/27 Test #26: test-barrier ......................   Passed    0.30 sec
      Start 27: test-quantize-fns
25/27 Test #27: test-quantize-fns .................   Passed   16.48 sec
      Start 28: test-quantize-perf
26/27 Test #28: test-quantize-perf ................   Passed    0.08 sec
      Start 29: test-rope
27/27 Test #29: test-rope .........................   Passed    0.08 sec

100% tests passed, 0 tests failed out of 27

Label Time Summary:
main    =  20.92 sec*proc (27 tests)

Total Test time (real) =  20.93 sec

real	0m20.952s
user	0m22.512s
sys	0m0.355s
+ set +e
+ cur=0
+ echo 0
+ set +x
