+ cmake -DCMAKE_BUILD_TYPE=Debug ..
-- The C compiler identification is GNU 11.4.0
-- The CXX compiler identification is GNU 11.4.0
-- Detecting C compiler ABI info
-- Detecting C compiler ABI info - done
-- Check for working C compiler: /usr/bin/cc - skipped
-- Detecting C compile features
-- Detecting C compile features - done
-- Detecting CXX compiler ABI info
-- Detecting CXX compiler ABI info - done
-- Check for working CXX compiler: /usr/bin/c++ - skipped
-- Detecting CXX compile features
-- Detecting CXX compile features - done
-- Found Git: /usr/bin/git (found version "2.34.1") 
-- Looking for pthread.h
-- Looking for pthread.h - found
-- Performing Test CMAKE_HAVE_LIBC_PTHREAD
-- Performing Test CMAKE_HAVE_LIBC_PTHREAD - Success
-- Found Threads: TRUE  
-- CMAKE_SYSTEM_PROCESSOR: aarch64
-- ARM detected
-- Performing Test COMPILER_SUPPORTS_FP16_FORMAT_I3E
-- Performing Test COMPILER_SUPPORTS_FP16_FORMAT_I3E - Failed
-- Configuring done
-- Generating done
-- Build files have been written to: /home/ggml/work/llama.cpp/build-ci-debug

real	0m0.767s
user	0m0.426s
sys	0m0.345s
+ make -j
[  1%] Generating build details from Git
[  2%] Building C object CMakeFiles/ggml.dir/ggml.c.o
[  3%] Building C object CMakeFiles/ggml.dir/ggml-alloc.c.o
[  4%] Building C object CMakeFiles/ggml.dir/ggml-quants.c.o
[  5%] Building C object CMakeFiles/ggml.dir/ggml-backend.c.o
-- Found Git: /usr/bin/git (found version "2.34.1") 
[  6%] Building CXX object common/CMakeFiles/build_info.dir/build-info.cpp.o
/home/ggml/work/llama.cpp/ggml-quants.c: In function ‘ggml_vec_dot_q2_K_q8_K’:
/home/ggml/work/llama.cpp/ggml-quants.c:3680:41: warning: missing braces around initializer [-Wmissing-braces]
 3680 |         const ggml_int16x8x2_t mins16 = {vreinterpretq_s16_u16(vmovl_u8(vget_low_u8(mins))), vreinterpretq_s16_u16(vmovl_u8(vget_high_u8(mins)))};
      |                                         ^
      |                                          {                                                                                                      }
/home/ggml/work/llama.cpp/ggml-quants.c: In function ‘ggml_vec_dot_q6_K_q8_K’:
/home/ggml/work/llama.cpp/ggml-quants.c:6629:43: warning: missing braces around initializer [-Wmissing-braces]
 6629 |         const ggml_int16x8x2_t q6scales = {vmovl_s8(vget_low_s8(scales)), vmovl_s8(vget_high_s8(scales))};
      |                                           ^
      |                                            {                                                            }
[  6%] Built target build_info
[  6%] Built target ggml
[  7%] Building CXX object CMakeFiles/llama.dir/llama.cpp.o
[  8%] Linking C static library libggml_static.a
[  8%] Built target ggml_static
[  9%] Linking CXX static library libllama.a
[  9%] Built target llama
[ 10%] Building CXX object examples/quantize-stats/CMakeFiles/quantize-stats.dir/quantize-stats.cpp.o
[ 12%] Building CXX object common/CMakeFiles/common.dir/common.cpp.o
[ 13%] Building CXX object examples/llava/CMakeFiles/llava.dir/llava.cpp.o
[ 11%] Building C object tests/CMakeFiles/test-c.dir/test-c.c.o
[ 14%] Building CXX object common/CMakeFiles/common.dir/console.cpp.o
[ 15%] Building CXX object common/CMakeFiles/common.dir/grammar-parser.cpp.o
[ 16%] Building CXX object common/CMakeFiles/common.dir/sampling.cpp.o
[ 17%] Building CXX object common/CMakeFiles/common.dir/train.cpp.o
[ 18%] Building CXX object examples/llava/CMakeFiles/llava.dir/clip.cpp.o
[ 19%] Building CXX object examples/benchmark/CMakeFiles/benchmark.dir/benchmark-matmult.cpp.o
[ 20%] Building CXX object examples/quantize/CMakeFiles/quantize.dir/quantize.cpp.o
[ 21%] Linking CXX executable ../bin/test-c
[ 21%] Built target test-c
[ 22%] Linking CXX executable ../../bin/quantize
[ 23%] Linking CXX executable ../../bin/benchmark
[ 23%] Built target benchmark
[ 23%] Built target quantize
[ 25%] Linking CXX executable ../../bin/quantize-stats
[ 25%] Built target quantize-stats
[ 25%] Built target llava
[ 26%] Linking CXX static library libllava_static.a
[ 26%] Built target llava_static
[ 27%] Linking CXX static library libcommon.a
[ 27%] Built target common
[ 28%] Building CXX object tests/CMakeFiles/test-quantize-fns.dir/test-quantize-fns.cpp.o
[ 29%] Building CXX object tests/CMakeFiles/test-quantize-perf.dir/test-quantize-perf.cpp.o
[ 30%] Building CXX object tests/CMakeFiles/test-sampling.dir/test-sampling.cpp.o
[ 31%] Building CXX object tests/CMakeFiles/test-tokenizer-1-llama.dir/test-tokenizer-1-llama.cpp.o
[ 32%] Building CXX object tests/CMakeFiles/test-tokenizer-0-llama.dir/test-tokenizer-0-llama.cpp.o
[ 33%] Building CXX object tests/CMakeFiles/test-tokenizer-0-falcon.dir/test-tokenizer-0-falcon.cpp.o
[ 34%] Building CXX object tests/CMakeFiles/test-tokenizer-1-bpe.dir/test-tokenizer-1-bpe.cpp.o
[ 35%] Building CXX object tests/CMakeFiles/test-grammar-parser.dir/test-grammar-parser.cpp.o
[ 36%] Building CXX object tests/CMakeFiles/test-llama-grammar.dir/test-llama-grammar.cpp.o
[ 37%] Building CXX object tests/CMakeFiles/test-grad0.dir/test-grad0.cpp.o
[ 38%] Building CXX object tests/CMakeFiles/test-rope.dir/test-rope.cpp.o
[ 39%] Building CXX object tests/CMakeFiles/test-backend-ops.dir/test-backend-ops.cpp.o
[ 40%] Building CXX object examples/batched-bench/CMakeFiles/batched-bench.dir/batched-bench.cpp.o
[ 41%] Building CXX object examples/baby-llama/CMakeFiles/baby-llama.dir/baby-llama.cpp.o
[ 42%] Building CXX object examples/batched/CMakeFiles/batched.dir/batched.cpp.o
[ 43%] Building CXX object examples/beam-search/CMakeFiles/beam-search.dir/beam-search.cpp.o
[ 44%] Building CXX object examples/embedding/CMakeFiles/embedding.dir/embedding.cpp.o
[ 45%] Building CXX object examples/convert-llama2c-to-ggml/CMakeFiles/convert-llama2c-to-ggml.dir/convert-llama2c-to-ggml.cpp.o
[ 46%] Building CXX object examples/finetune/CMakeFiles/finetune.dir/finetune.cpp.o
[ 47%] Building CXX object examples/infill/CMakeFiles/infill.dir/infill.cpp.o
[ 48%] Building CXX object examples/llama-bench/CMakeFiles/llama-bench.dir/llama-bench.cpp.o
[ 50%] Building CXX object examples/llava/CMakeFiles/llava-cli.dir/llava-cli.cpp.o
[ 51%] Building CXX object examples/parallel/CMakeFiles/parallel.dir/parallel.cpp.o
[ 52%] Building CXX object examples/main/CMakeFiles/main.dir/main.cpp.o
[ 53%] Building CXX object examples/perplexity/CMakeFiles/perplexity.dir/perplexity.cpp.o
[ 54%] Building CXX object examples/tokenize/CMakeFiles/tokenize.dir/tokenize.cpp.o
[ 55%] Building CXX object examples/save-load-state/CMakeFiles/save-load-state.dir/save-load-state.cpp.o
[ 56%] Building CXX object examples/simple/CMakeFiles/simple.dir/simple.cpp.o
/home/ggml/work/llama.cpp/tests/test-grad0.cpp: In function ‘int main(int, const char**)’:
/home/ggml/work/llama.cpp/tests/test-grad0.cpp:886:21: warning: variable ‘ne2’ set but not used [-Wunused-but-set-variable]
  886 |             int64_t ne2[4];
      |                     ^~~
[ 57%] Building CXX object examples/speculative/CMakeFiles/speculative.dir/speculative.cpp.o
[ 58%] Building CXX object examples/train-text-from-scratch/CMakeFiles/train-text-from-scratch.dir/train-text-from-scratch.cpp.o
[ 59%] Building CXX object examples/lookahead/CMakeFiles/lookahead.dir/lookahead.cpp.o
[ 60%] Building CXX object examples/server/CMakeFiles/server.dir/server.cpp.o
[ 61%] Building CXX object examples/export-lora/CMakeFiles/export-lora.dir/export-lora.cpp.o
[ 62%] Building CXX object pocs/vdot/CMakeFiles/vdot.dir/vdot.cpp.o
[ 63%] Building CXX object pocs/vdot/CMakeFiles/q8dot.dir/q8dot.cpp.o
[ 64%] Linking CXX executable ../bin/test-grad0
[ 65%] Linking CXX executable ../bin/test-rope
[ 66%] Linking CXX executable ../bin/test-quantize-fns
[ 67%] Linking CXX executable ../bin/test-sampling
[ 67%] Built target test-grad0
[ 67%] Built target test-rope
[ 67%] Built target test-quantize-fns
[ 68%] Linking CXX executable ../bin/test-grammar-parser
[ 69%] Linking CXX executable ../../bin/baby-llama
[ 70%] Built target test-grammar-parser
[ 70%] Linking CXX executable ../../bin/q8dot
[ 71%] Linking CXX executable ../bin/test-quantize-perf
[ 70%] Built target test-sampling
[ 72%] Linking CXX executable ../../bin/tokenize
[ 73%] Linking CXX executable ../../bin/vdot
[ 73%] Built target q8dot
[ 73%] Built target test-quantize-perf
[ 75%] Linking CXX executable ../../bin/embedding
[ 75%] Built target vdot
[ 76%] Linking CXX executable ../../bin/beam-search
[ 77%] Linking CXX executable ../../bin/batched-bench
[ 78%] Linking CXX executable ../bin/test-tokenizer-0-falcon
[ 79%] Linking CXX executable ../bin/test-tokenizer-0-llama
[ 80%] Linking CXX executable ../../bin/save-load-state
[ 81%] Linking CXX executable ../../bin/simple
[ 82%] Linking CXX executable ../../bin/batched
[ 83%] Linking CXX executable ../../bin/llava-cli
[ 83%] Built target baby-llama
[ 84%] Linking CXX executable ../../bin/export-lora
[ 85%] Linking CXX executable ../../bin/parallel
[ 86%] Linking CXX executable ../../bin/lookahead
[ 87%] Linking CXX executable ../../bin/train-text-from-scratch
[ 87%] Built target tokenize
[ 88%] Linking CXX executable ../../bin/speculative
[ 89%] Linking CXX executable ../../bin/convert-llama2c-to-ggml
[ 89%] Built target export-lora
[ 90%] Linking CXX executable ../../bin/infill
[ 91%] Linking CXX executable ../../bin/finetune
[ 91%] Built target embedding
[ 91%] Built target batched-bench
[ 91%] Built target test-tokenizer-0-falcon
[ 91%] Built target beam-search
[ 91%] Built target convert-llama2c-to-ggml
[ 91%] Built target test-tokenizer-0-llama
[ 92%] Linking CXX executable ../../bin/perplexity
[ 92%] Built target save-load-state
[ 93%] Linking CXX executable ../../bin/main
[ 93%] Built target simple
[ 93%] Built target batched
[ 94%] Linking CXX executable ../bin/test-tokenizer-1-llama
[ 95%] Linking CXX executable ../bin/test-tokenizer-1-bpe
[ 95%] Built target llava-cli
[ 95%] Built target speculative
[ 95%] Built target parallel
[ 95%] Built target train-text-from-scratch
[ 96%] Linking CXX executable ../bin/test-backend-ops
[ 96%] Built target lookahead
[ 96%] Built target finetune
[ 96%] Built target main
[ 96%] Built target test-backend-ops
[ 96%] Built target infill
[ 96%] Built target perplexity
[ 96%] Built target test-tokenizer-1-bpe
[ 96%] Built target test-tokenizer-1-llama
[ 97%] Linking CXX executable ../../bin/llama-bench
[ 97%] Built target llama-bench
[ 98%] Linking CXX executable ../bin/test-llama-grammar
[ 98%] Built target test-llama-grammar
[100%] Linking CXX executable ../../bin/server
[100%] Built target server

real	0m43.869s
user	1m35.520s
sys	0m10.637s
+ ctest --output-on-failure -E test-opt
Test project /home/ggml/work/llama.cpp/build-ci-debug
      Start  1: test-quantize-fns
 1/19 Test  #1: test-quantize-fns ...................   Passed    0.04 sec
      Start  2: test-quantize-perf
 2/19 Test  #2: test-quantize-perf ..................   Passed    0.29 sec
      Start  3: test-sampling
 3/19 Test  #3: test-sampling .......................   Passed    0.00 sec
      Start  4: test-tokenizer-0-llama
 4/19 Test  #4: test-tokenizer-0-llama ..............   Passed    0.18 sec
      Start  5: test-tokenizer-0-falcon
 5/19 Test  #5: test-tokenizer-0-falcon .............   Passed    1.07 sec
      Start  6: test-tokenizer-1-llama
 6/19 Test  #6: test-tokenizer-1-llama ..............   Passed   16.83 sec
      Start  7: test-tokenizer-1-baichuan
 7/19 Test  #7: test-tokenizer-1-baichuan ...........   Passed   17.15 sec
      Start  8: test-tokenizer-1-falcon
 8/19 Test  #8: test-tokenizer-1-falcon .............   Passed   13.68 sec
      Start  9: test-tokenizer-1-aquila
 9/19 Test  #9: test-tokenizer-1-aquila .............   Passed   16.68 sec
      Start 10: test-tokenizer-1-mpt
10/19 Test #10: test-tokenizer-1-mpt ................   Passed   12.42 sec
      Start 11: test-tokenizer-1-stablelm-3b-4e1t
11/19 Test #11: test-tokenizer-1-stablelm-3b-4e1t ...   Passed   12.41 sec
      Start 12: test-tokenizer-1-gpt-neox
12/19 Test #12: test-tokenizer-1-gpt-neox ...........   Passed   12.40 sec
      Start 13: test-tokenizer-1-refact
13/19 Test #13: test-tokenizer-1-refact .............   Passed   12.24 sec
      Start 14: test-tokenizer-1-starcoder
14/19 Test #14: test-tokenizer-1-starcoder ..........   Passed   12.23 sec
      Start 15: test-grammar-parser
15/19 Test #15: test-grammar-parser .................   Passed    0.00 sec
      Start 16: test-llama-grammar
16/19 Test #16: test-llama-grammar ..................   Passed    0.00 sec
      Start 17: test-grad0
17/19 Test #17: test-grad0 ..........................   Passed    5.11 sec
      Start 18: test-backend-ops
18/19 Test #18: test-backend-ops ....................   Passed   44.11 sec
      Start 19: test-rope
19/19 Test #19: test-rope ...........................   Passed    0.08 sec

100% tests passed, 0 tests failed out of 19

Total Test time (real) = 176.92 sec

real	2m56.933s
user	3m59.885s
sys	0m11.669s
