+ cmake -DCMAKE_BUILD_TYPE=Debug -DLLAMA_FATAL_WARNINGS=ON -DLLAMA_CUDA=1 ..
-- The C compiler identification is GNU 11.4.0
-- The CXX compiler identification is GNU 11.4.0
-- Detecting C compiler ABI info
-- Detecting C compiler ABI info - done
-- Check for working C compiler: /usr/bin/cc - skipped
-- Detecting C compile features
-- Detecting C compile features - done
-- Detecting CXX compiler ABI info
-- Detecting CXX compiler ABI info - done
-- Check for working CXX compiler: /usr/bin/c++ - skipped
-- Detecting CXX compile features
-- Detecting CXX compile features - done
-- Found Git: /usr/bin/git (found version "2.34.1") 
-- Performing Test CMAKE_HAVE_LIBC_PTHREAD
-- Performing Test CMAKE_HAVE_LIBC_PTHREAD - Success
-- Found Threads: TRUE  
-- Found CUDAToolkit: /usr/local/cuda-12.2/include (found version "12.2.140") 
-- CUDA found
-- The CUDA compiler identification is NVIDIA 12.2.140
-- Detecting CUDA compiler ABI info
-- Detecting CUDA compiler ABI info - done
-- Check for working CUDA compiler: /usr/local/cuda-12.2/bin/nvcc - skipped
-- Detecting CUDA compile features
-- Detecting CUDA compile features - done
-- Using CUDA architectures: 52;61;70
-- CUDA host compiler is GNU 11.4.0

-- ccache found, compilation results will be cached. Disable with LLAMA_CCACHE=OFF.
-- CMAKE_SYSTEM_PROCESSOR: x86_64
-- x86 detected
-- Configuring done (3.1s)
-- Generating done (0.2s)
-- Build files have been written to: /home/ggml/work/llama.cpp/build-ci-debug

real	0m3.377s
user	0m2.545s
sys	0m0.830s
+ make -j
[  0%] Generating build details from Git
[  0%] Building CXX object common/CMakeFiles/json-schema-to-grammar.dir/json-schema-to-grammar.cpp.o
[  1%] Building C object CMakeFiles/ggml.dir/ggml.c.o
[  1%] Building C object CMakeFiles/ggml.dir/ggml-alloc.c.o
-- Found Git: /usr/bin/git (found version "2.34.1") 
[  2%] Building C object CMakeFiles/ggml.dir/ggml-backend.c.o
[  2%] Building C object CMakeFiles/ggml.dir/ggml-quants.c.o
[  2%] Building CUDA object CMakeFiles/ggml.dir/ggml-cuda/alibi.cu.o
[  3%] Building CUDA object CMakeFiles/ggml.dir/ggml-cuda/acc.cu.o
[  4%] Building CUDA object CMakeFiles/ggml.dir/ggml-cuda/arange.cu.o
[  5%] Building CUDA object CMakeFiles/ggml.dir/ggml-cuda/binbcast.cu.o
[  5%] Building CUDA object CMakeFiles/ggml.dir/ggml-cuda/argsort.cu.o
[  5%] Building CUDA object CMakeFiles/ggml.dir/ggml-cuda/clamp.cu.o
[  6%] Building CUDA object CMakeFiles/ggml.dir/ggml-cuda/concat.cu.o
[  6%] Building CUDA object CMakeFiles/ggml.dir/ggml-cuda/cpy.cu.o
[  7%] Building CUDA object CMakeFiles/ggml.dir/ggml-cuda/convert.cu.o
[  8%] Building CUDA object CMakeFiles/ggml.dir/ggml-cuda/diagmask.cu.o
[  9%] Building CXX object common/CMakeFiles/build_info.dir/build-info.cpp.o
[  9%] Built target json-schema-to-grammar
[  9%] Building CUDA object CMakeFiles/ggml.dir/ggml-cuda/dmmv.cu.o
[  9%] Building CUDA object CMakeFiles/ggml.dir/ggml-cuda/im2col.cu.o
[ 10%] Building CUDA object CMakeFiles/ggml.dir/ggml-cuda/mmq.cu.o
[ 11%] Building CUDA object CMakeFiles/ggml.dir/ggml-cuda/getrows.cu.o
[ 11%] Building CUDA object CMakeFiles/ggml.dir/ggml-cuda/mmvq.cu.o
[ 12%] Building CUDA object CMakeFiles/ggml.dir/ggml-cuda/norm.cu.o
[ 12%] Building CUDA object CMakeFiles/ggml.dir/ggml-cuda/pad.cu.o
[ 13%] Building CUDA object CMakeFiles/ggml.dir/ggml-cuda/rope.cu.o
[ 13%] Built target build_info
[ 14%] Building CUDA object CMakeFiles/ggml.dir/ggml-cuda/pool2d.cu.o
[ 14%] Building CUDA object CMakeFiles/ggml.dir/ggml-cuda/quantize.cu.o
[ 14%] Building CUDA object CMakeFiles/ggml.dir/ggml-cuda/scale.cu.o
[ 15%] Building CUDA object CMakeFiles/ggml.dir/ggml-cuda/softmax.cu.o
[ 15%] Building CUDA object CMakeFiles/ggml.dir/ggml-cuda/sumrows.cu.o
[ 16%] Building CUDA object CMakeFiles/ggml.dir/ggml-cuda/tsembd.cu.o
[ 16%] Building CUDA object CMakeFiles/ggml.dir/ggml-cuda/unary.cu.o
[ 17%] Building CUDA object CMakeFiles/ggml.dir/ggml-cuda/upscale.cu.o
[ 17%] Building CUDA object CMakeFiles/ggml.dir/ggml-cuda.cu.o
[ 17%] Built target ggml
[ 18%] Building CXX object CMakeFiles/llama.dir/llama.cpp.o
[ 19%] Linking CUDA static library libggml_static.a
[ 20%] Building CXX object CMakeFiles/llama.dir/unicode-data.cpp.o
[ 20%] Building CXX object CMakeFiles/llama.dir/unicode.cpp.o
[ 20%] Building CXX object examples/gguf/CMakeFiles/gguf.dir/gguf.cpp.o
[ 21%] Linking CXX executable ../../bin/gguf
[ 21%] Linking CXX static library libllama.a
[ 21%] Built target gguf
[ 21%] Built target ggml_static
[ 21%] Built target llama
[ 21%] Building C object tests/CMakeFiles/test-c.dir/test-c.c.o
[ 21%] Building CXX object examples/benchmark/CMakeFiles/benchmark.dir/benchmark-matmult.cpp.o
[ 22%] Building CXX object examples/llava/CMakeFiles/llava.dir/llava.cpp.o
[ 22%] Building CXX object common/CMakeFiles/common.dir/common.cpp.o
[ 23%] Building CXX object examples/llava/CMakeFiles/llava.dir/clip.cpp.o
[ 24%] Building CXX object examples/quantize-stats/CMakeFiles/quantize-stats.dir/quantize-stats.cpp.o
[ 25%] Building CXX object examples/quantize/CMakeFiles/quantize.dir/quantize.cpp.o
[ 26%] Building CXX object common/CMakeFiles/common.dir/sampling.cpp.o
[ 26%] Building CXX object common/CMakeFiles/common.dir/console.cpp.o
[ 26%] Building CXX object common/CMakeFiles/common.dir/train.cpp.o
[ 27%] Building CXX object common/CMakeFiles/common.dir/grammar-parser.cpp.o
[ 28%] Linking CXX executable ../../bin/benchmark
[ 29%] Linking CXX executable ../bin/test-c
[ 30%] Building CXX object common/CMakeFiles/common.dir/ngram-cache.cpp.o
[ 30%] Linking CXX executable ../../bin/quantize
[ 30%] Linking CXX executable ../../bin/quantize-stats
[ 30%] Built target llava
[ 30%] Linking CXX static library libcommon.a
[ 30%] Built target test-c
[ 30%] Linking CXX static library libllava_static.a
[ 30%] Built target benchmark
[ 30%] Built target llava_static
[ 30%] Built target common
[ 30%] Building CXX object tests/CMakeFiles/test-quantize-fns.dir/test-quantize-fns.cpp.o
[ 31%] Building CXX object tests/CMakeFiles/test-quantize-fns.dir/get-model.cpp.o
[ 32%] Building CXX object tests/CMakeFiles/test-quantize-perf.dir/test-quantize-perf.cpp.o
[ 32%] Building CXX object tests/CMakeFiles/test-quantize-perf.dir/get-model.cpp.o
[ 33%] Building CXX object tests/CMakeFiles/test-sampling.dir/test-sampling.cpp.o
[ 33%] Building CXX object tests/CMakeFiles/test-sampling.dir/get-model.cpp.o
[ 33%] Building CXX object tests/CMakeFiles/test-chat-template.dir/test-chat-template.cpp.o
[ 34%] Building CXX object tests/CMakeFiles/test-chat-template.dir/get-model.cpp.o
[ 34%] Building CXX object tests/CMakeFiles/test-tokenizer-0-llama.dir/test-tokenizer-0-llama.cpp.o
[ 34%] Building CXX object tests/CMakeFiles/test-tokenizer-0-falcon.dir/test-tokenizer-0-falcon.cpp.o
[ 35%] Building CXX object tests/CMakeFiles/test-tokenizer-0-falcon.dir/get-model.cpp.o
[ 35%] Linking CXX executable ../bin/test-quantize-fns
[ 35%] Building CXX object tests/CMakeFiles/test-tokenizer-1-llama.dir/test-tokenizer-1-llama.cpp.o
[ 36%] Building CXX object tests/CMakeFiles/test-tokenizer-0-llama.dir/get-model.cpp.o
[ 37%] Building CXX object tests/CMakeFiles/test-tokenizer-1-llama.dir/get-model.cpp.o
[ 37%] Linking CXX executable ../bin/test-chat-template
[ 38%] Linking CXX executable ../bin/test-sampling
[ 39%] Linking CXX executable ../bin/test-tokenizer-0-falcon
[ 40%] Linking CXX executable ../bin/test-quantize-perf
[ 40%] Building CXX object tests/CMakeFiles/test-tokenizer-1-baichuan.dir/test-tokenizer-1-llama.cpp.o
[ 41%] Building CXX object tests/CMakeFiles/test-tokenizer-1-baichuan.dir/get-model.cpp.o
[ 41%] Linking CXX executable ../bin/test-tokenizer-0-llama
[ 42%] Building CXX object tests/CMakeFiles/test-tokenizer-1-aquila.dir/test-tokenizer-1-bpe.cpp.o
[ 43%] Building CXX object tests/CMakeFiles/test-tokenizer-1-mpt.dir/test-tokenizer-1-bpe.cpp.o
[ 43%] Linking CXX executable ../bin/test-tokenizer-1-llama
[ 44%] Building CXX object tests/CMakeFiles/test-tokenizer-1-falcon.dir/test-tokenizer-1-bpe.cpp.o
[ 44%] Building CXX object tests/CMakeFiles/test-tokenizer-1-mpt.dir/get-model.cpp.o
[ 44%] Linking CXX executable ../bin/test-tokenizer-1-baichuan
[ 45%] Building CXX object tests/CMakeFiles/test-tokenizer-1-stablelm-3b-4e1t.dir/test-tokenizer-1-bpe.cpp.o
[ 45%] Building CXX object tests/CMakeFiles/test-tokenizer-1-stablelm-3b-4e1t.dir/get-model.cpp.o
[ 45%] Building CXX object tests/CMakeFiles/test-tokenizer-1-refact.dir/test-tokenizer-1-bpe.cpp.o
[ 45%] Building CXX object tests/CMakeFiles/test-tokenizer-1-aquila.dir/get-model.cpp.o
[ 45%] Building CXX object tests/CMakeFiles/test-tokenizer-1-falcon.dir/get-model.cpp.o
[ 46%] Building CXX object tests/CMakeFiles/test-tokenizer-1-gpt-neox.dir/get-model.cpp.o
[ 46%] Building CXX object tests/CMakeFiles/test-tokenizer-1-gpt-neox.dir/test-tokenizer-1-bpe.cpp.o
[ 47%] Building CXX object tests/CMakeFiles/test-tokenizer-1-refact.dir/get-model.cpp.o
[ 47%] Building CXX object tests/CMakeFiles/test-tokenizer-1-starcoder.dir/test-tokenizer-1-bpe.cpp.o
[ 48%] Linking CXX executable ../bin/test-tokenizer-1-aquila
[ 49%] Linking CXX executable ../bin/test-tokenizer-1-mpt
[ 50%] Linking CXX executable ../bin/test-tokenizer-1-stablelm-3b-4e1t
[ 51%] Building CXX object tests/CMakeFiles/test-tokenizer-1-starcoder.dir/get-model.cpp.o
[ 52%] Linking CXX executable ../bin/test-tokenizer-1-falcon
[ 53%] Building CXX object tests/CMakeFiles/test-tokenizer-1-gpt2.dir/test-tokenizer-1-bpe.cpp.o
[ 53%] Building CXX object tests/CMakeFiles/test-tokenizer-1-gpt2.dir/get-model.cpp.o
[ 53%] Building CXX object tests/CMakeFiles/test-grammar-parser.dir/test-grammar-parser.cpp.o
[ 53%] Building CXX object tests/CMakeFiles/test-llama-grammar.dir/test-llama-grammar.cpp.o
[ 53%] Linking CXX executable ../bin/test-tokenizer-1-refact
[ 54%] Building CXX object tests/CMakeFiles/test-grammar-parser.dir/get-model.cpp.o
[ 54%] Linking CXX executable ../bin/test-tokenizer-1-gpt-neox
[ 55%] Building CXX object tests/CMakeFiles/test-llama-grammar.dir/get-model.cpp.o
[ 55%] Linking CXX executable ../bin/test-tokenizer-1-starcoder
[ 56%] Building CXX object tests/CMakeFiles/test-backend-ops.dir/test-backend-ops.cpp.o
[ 55%] Building CXX object tests/CMakeFiles/test-backend-ops.dir/get-model.cpp.o
[ 57%] Building CXX object tests/CMakeFiles/test-grad0.dir/test-grad0.cpp.o
[ 57%] Building CXX object tests/CMakeFiles/test-rope.dir/test-rope.cpp.o
[ 58%] Linking CXX executable ../bin/test-tokenizer-1-gpt2
[ 58%] Building CXX object tests/CMakeFiles/test-grad0.dir/get-model.cpp.o
[ 59%] Building CXX object tests/CMakeFiles/test-model-load-cancel.dir/test-model-load-cancel.cpp.o
[ 60%] Linking CXX executable ../bin/test-backend-ops
[ 61%] Building CXX object tests/CMakeFiles/test-rope.dir/get-model.cpp.o
[ 62%] Linking CXX executable ../bin/test-grad0
[ 62%] Building CXX object tests/CMakeFiles/test-model-load-cancel.dir/get-model.cpp.o
[ 63%] Building CXX object tests/CMakeFiles/test-autorelease.dir/test-autorelease.cpp.o
[ 63%] Building CXX object tests/CMakeFiles/test-json-schema-to-grammar.dir/get-model.cpp.o
[ 64%] Building CXX object tests/CMakeFiles/test-autorelease.dir/get-model.cpp.o
[ 64%] Building CXX object examples/baby-llama/CMakeFiles/baby-llama.dir/baby-llama.cpp.o
[ 65%] Building CXX object tests/CMakeFiles/test-json-schema-to-grammar.dir/test-json-schema-to-grammar.cpp.o
[ 65%] Building CXX object examples/batched/CMakeFiles/batched.dir/batched.cpp.o
[ 65%] Linking CXX executable ../bin/test-rope
[ 65%] Linking CXX executable ../bin/test-grammar-parser
[ 66%] Linking CXX executable ../bin/test-model-load-cancel
[ 66%] Linking CXX executable ../bin/test-llama-grammar
[ 66%] Building CXX object examples/beam-search/CMakeFiles/beam-search.dir/beam-search.cpp.o
[ 67%] Building CXX object examples/convert-llama2c-to-ggml/CMakeFiles/convert-llama2c-to-ggml.dir/convert-llama2c-to-ggml.cpp.o
[ 67%] Linking CXX executable ../bin/test-autorelease
[ 68%] Linking CXX executable ../bin/test-json-schema-to-grammar
[ 68%] Building CXX object examples/batched-bench/CMakeFiles/batched-bench.dir/batched-bench.cpp.o
[ 69%] Building CXX object examples/embedding/CMakeFiles/embedding.dir/embedding.cpp.o
[ 70%] Building CXX object examples/finetune/CMakeFiles/finetune.dir/finetune.cpp.o
[ 71%] Linking CXX executable ../../bin/baby-llama
[ 72%] Linking CXX executable ../../bin/batched
[ 72%] Built target quantize
[ 72%] Building CXX object examples/gritlm/CMakeFiles/gritlm.dir/gritlm.cpp.o
[ 73%] Linking CXX executable ../../bin/beam-search
[ 73%] Building CXX object examples/gguf-split/CMakeFiles/gguf-split.dir/gguf-split.cpp.o
[ 73%] Linking CXX executable ../../bin/convert-llama2c-to-ggml
[ 74%] Linking CXX executable ../../bin/batched-bench
[ 74%] Linking CXX executable ../../bin/finetune
[ 74%] Building CXX object examples/infill/CMakeFiles/infill.dir/infill.cpp.o
[ 74%] Linking CXX executable ../../bin/embedding
[ 74%] Building CXX object examples/llava/CMakeFiles/llava-cli.dir/llava-cli.cpp.o
[ 75%] Linking CXX executable ../../bin/gritlm
[ 76%] Building CXX object examples/llama-bench/CMakeFiles/llama-bench.dir/llama-bench.cpp.o
[ 77%] Linking CXX executable ../../bin/gguf-split
[ 78%] Building CXX object examples/main/CMakeFiles/main.dir/main.cpp.o
[ 79%] Building CXX object examples/tokenize/CMakeFiles/tokenize.dir/tokenize.cpp.o
[ 80%] Building CXX object examples/parallel/CMakeFiles/parallel.dir/parallel.cpp.o
[ 81%] Linking CXX executable ../../bin/infill
[ 82%] Linking CXX executable ../../bin/llava-cli
[ 83%] Building CXX object examples/perplexity/CMakeFiles/perplexity.dir/perplexity.cpp.o
[ 84%] Building CXX object examples/retrieval/CMakeFiles/retrieval.dir/retrieval.cpp.o
[ 85%] Building CXX object examples/save-load-state/CMakeFiles/save-load-state.dir/save-load-state.cpp.o
[ 85%] Built target quantize-stats
[ 85%] Linking CXX executable ../../bin/main
[ 85%] Linking CXX executable ../../bin/tokenize
[ 86%] Building CXX object examples/simple/CMakeFiles/simple.dir/simple.cpp.o
[ 87%] Building CXX object examples/passkey/CMakeFiles/passkey.dir/passkey.cpp.o
[ 87%] Linking CXX executable ../../bin/parallel
[ 87%] Linking CXX executable ../../bin/llama-bench
[ 87%] Linking CXX executable ../../bin/perplexity
[ 88%] Building CXX object examples/speculative/CMakeFiles/speculative.dir/speculative.cpp.o
[ 89%] Building CXX object examples/lookup/CMakeFiles/lookup.dir/lookup.cpp.o
[ 89%] Linking CXX executable ../../bin/retrieval
[ 89%] Linking CXX executable ../../bin/save-load-state
[ 89%] Linking CXX executable ../../bin/passkey
[ 90%] Building CXX object examples/lookahead/CMakeFiles/lookahead.dir/lookahead.cpp.o
[ 91%] Building CXX object examples/lookup/CMakeFiles/lookup-create.dir/lookup-create.cpp.o
[ 91%] Linking CXX executable ../../bin/simple
[ 92%] Building CXX object examples/lookup/CMakeFiles/lookup-merge.dir/lookup-merge.cpp.o
[ 93%] Building CXX object examples/lookup/CMakeFiles/lookup-stats.dir/lookup-stats.cpp.o
[ 94%] Building CXX object examples/train-text-from-scratch/CMakeFiles/train-text-from-scratch.dir/train-text-from-scratch.cpp.o
[ 94%] Linking CXX executable ../../bin/lookahead
[ 94%] Linking CXX executable ../../bin/speculative
[ 94%] Linking CXX executable ../../bin/lookup
[ 94%] Building CXX object examples/imatrix/CMakeFiles/imatrix.dir/imatrix.cpp.o
[ 95%] Building CXX object examples/server/CMakeFiles/server.dir/server.cpp.o
[ 95%] Linking CXX executable ../../bin/lookup-merge
[ 95%] Linking CXX executable ../../bin/lookup-create
[ 96%] Building CXX object examples/export-lora/CMakeFiles/export-lora.dir/export-lora.cpp.o
[ 96%] Linking CXX executable ../../bin/train-text-from-scratch
[ 97%] Building CXX object pocs/vdot/CMakeFiles/q8dot.dir/q8dot.cpp.o
[ 97%] Linking CXX executable ../../bin/lookup-stats
[ 98%] Linking CXX executable ../../bin/imatrix
[ 99%] Building CXX object pocs/vdot/CMakeFiles/vdot.dir/vdot.cpp.o
[ 99%] Linking CXX executable ../../bin/export-lora
[ 99%] Linking CXX executable ../../bin/q8dot
[100%] Linking CXX executable ../../bin/vdot
[100%] Built target convert-llama2c-to-ggml
[100%] Linking CXX executable ../../bin/server
[100%] Built target test-quantize-fns
[100%] Built target lookup-merge
[100%] Built target q8dot
[100%] Built target vdot
[100%] Built target test-quantize-perf
[100%] Built target test-grad0
[100%] Built target test-rope
[100%] Built target test-grammar-parser
[100%] Built target export-lora
[100%] Built target test-json-schema-to-grammar
[100%] Built target test-backend-ops
[100%] Built target test-chat-template
[100%] Built target gguf-split
[100%] Built target test-model-load-cancel
[100%] Built target test-sampling
[100%] Built target retrieval
[100%] Built target beam-search
[100%] Built target passkey
[100%] Built target embedding
[100%] Built target test-autorelease
[100%] Built target test-tokenizer-1-llama
[100%] Built target baby-llama
[100%] Built target save-load-state
[100%] Built target test-tokenizer-1-mpt
[100%] Built target batched
[100%] Built target simple
[100%] Built target infill
[100%] Built target finetune
[100%] Built target gritlm
[100%] Built target batched-bench
[100%] Built target lookup-create
[100%] Built target test-tokenizer-0-falcon
[100%] Built target tokenize
[100%] Built target test-tokenizer-0-llama
[100%] Built target perplexity
[100%] Built target test-tokenizer-1-refact
[100%] Built target test-tokenizer-1-baichuan
[100%] Built target imatrix
[100%] Built target lookup-stats
[100%] Built target test-llama-grammar
[100%] Built target test-tokenizer-1-gpt-neox
[100%] Built target main
[100%] Built target test-tokenizer-1-gpt2
[100%] Built target parallel
[100%] Built target test-tokenizer-1-starcoder
[100%] Built target llama-bench
[100%] Built target train-text-from-scratch
[100%] Built target lookup
[100%] Built target lookahead
[100%] Built target test-tokenizer-1-falcon
[100%] Built target test-tokenizer-1-aquila
[100%] Built target speculative
[100%] Built target llava-cli
[100%] Built target test-tokenizer-1-stablelm-3b-4e1t
[100%] Built target server

real	0m9.310s
user	0m40.153s
sys	0m8.814s
+ ctest --output-on-failure -L main -E test-opt
Test project /home/ggml/work/llama.cpp/build-ci-debug
      Start  1: test-quantize-fns
 1/22 Test  #1: test-quantize-fns ...................   Passed   37.10 sec
      Start  2: test-quantize-perf
 2/22 Test  #2: test-quantize-perf ..................   Passed   11.06 sec
      Start  3: test-sampling
 3/22 Test  #3: test-sampling .......................   Passed    0.09 sec
      Start  4: test-chat-template
 4/22 Test  #4: test-chat-template ..................   Passed    0.04 sec
      Start  5: test-tokenizer-0-llama
 5/22 Test  #5: test-tokenizer-0-llama ..............   Passed    0.22 sec
      Start  6: test-tokenizer-0-falcon
 6/22 Test  #6: test-tokenizer-0-falcon .............   Passed    1.39 sec
      Start  7: test-tokenizer-1-llama
 7/22 Test  #7: test-tokenizer-1-llama ..............   Passed    3.96 sec
      Start  8: test-tokenizer-1-baichuan
 8/22 Test  #8: test-tokenizer-1-baichuan ...........   Passed    4.12 sec
      Start  9: test-tokenizer-1-falcon
 9/22 Test  #9: test-tokenizer-1-falcon .............   Passed    7.90 sec
      Start 10: test-tokenizer-1-aquila
10/22 Test #10: test-tokenizer-1-aquila .............   Passed   12.84 sec
      Start 11: test-tokenizer-1-mpt
11/22 Test #11: test-tokenizer-1-mpt ................   Passed    6.46 sec
      Start 12: test-tokenizer-1-stablelm-3b-4e1t
12/22 Test #12: test-tokenizer-1-stablelm-3b-4e1t ...   Passed    6.42 sec
      Start 13: test-tokenizer-1-gpt-neox
13/22 Test #13: test-tokenizer-1-gpt-neox ...........   Passed    7.45 sec
      Start 14: test-tokenizer-1-refact
14/22 Test #14: test-tokenizer-1-refact .............   Passed    6.47 sec
      Start 15: test-tokenizer-1-starcoder
15/22 Test #15: test-tokenizer-1-starcoder ..........   Passed    6.27 sec
      Start 16: test-tokenizer-1-gpt2
16/22 Test #16: test-tokenizer-1-gpt2 ...............   Passed    6.64 sec
      Start 17: test-grammar-parser
17/22 Test #17: test-grammar-parser .................   Passed    0.00 sec
      Start 18: test-llama-grammar
18/22 Test #18: test-llama-grammar ..................   Passed    0.04 sec
      Start 19: test-grad0
19/22 Test #19: test-grad0 ..........................   Passed    4.78 sec
      Start 20: test-backend-ops
20/22 Test #20: test-backend-ops ....................   Passed  102.69 sec
      Start 21: test-rope
21/22 Test #21: test-rope ...........................   Passed    0.08 sec
      Start 24: test-json-schema-to-grammar
22/22 Test #24: test-json-schema-to-grammar .........   Passed    1.49 sec

100% tests passed, 0 tests failed out of 22

Label Time Summary:
main    = 227.52 sec*proc (22 tests)

Total Test time (real) = 227.54 sec

real	3m47.570s
user	5m47.630s
sys	0m10.656s
