+ cmake -DCMAKE_BUILD_TYPE=Release ..
-- The C compiler identification is GNU 11.4.0
-- The CXX compiler identification is GNU 11.4.0
-- Detecting C compiler ABI info
-- Detecting C compiler ABI info - done
-- Check for working C compiler: /usr/bin/cc - skipped
-- Detecting C compile features
-- Detecting C compile features - done
-- Detecting CXX compiler ABI info
-- Detecting CXX compiler ABI info - done
-- Check for working CXX compiler: /usr/bin/c++ - skipped
-- Detecting CXX compile features
-- Detecting CXX compile features - done
-- Found Git: /usr/bin/git (found version "2.34.1") 
-- Looking for pthread.h
-- Looking for pthread.h - found
-- Performing Test CMAKE_HAVE_LIBC_PTHREAD
-- Performing Test CMAKE_HAVE_LIBC_PTHREAD - Success
-- Found Threads: TRUE  
-- CMAKE_SYSTEM_PROCESSOR: aarch64
-- ARM detected
-- ARM detected
-- Configuring done
-- Generating done
-- Build files have been written to: /home/ggml/work/ggml/build-ci-release

real	0m0.670s
user	0m0.344s
sys	0m0.328s
+ make -j
[  2%] Building CXX object examples/CMakeFiles/common.dir/common.cpp.o
[  3%] Building C object src/CMakeFiles/ggml.dir/ggml-backend.c.o
[  3%] Building C object src/CMakeFiles/ggml.dir/ggml-alloc.c.o
[  4%] Building C object src/CMakeFiles/ggml.dir/ggml-quants.c.o
[  4%] Building C object src/CMakeFiles/ggml.dir/ggml.c.o
/home/ggml/work/ggml/src/ggml-quants.c: In function ‘ggml_vec_dot_q2_K_q8_K’:
/home/ggml/work/ggml/src/ggml-quants.c:3675:41: warning: missing braces around initializer [-Wmissing-braces]
 3675 |         const ggml_int16x8x2_t mins16 = {vreinterpretq_s16_u16(vmovl_u8(vget_low_u8(mins))), vreinterpretq_s16_u16(vmovl_u8(vget_high_u8(mins)))};
      |                                         ^
      |                                          {                                                                                                      }
/home/ggml/work/ggml/src/ggml-quants.c: In function ‘ggml_vec_dot_q6_K_q8_K’:
/home/ggml/work/ggml/src/ggml-quants.c:6624:43: warning: missing braces around initializer [-Wmissing-braces]
 6624 |         const ggml_int16x8x2_t q6scales = {vmovl_s8(vget_low_s8(scales)), vmovl_s8(vget_high_s8(scales))};
      |                                           ^
      |                                            {                                                            }
[  5%] Linking CXX static library libcommon.a
[  5%] Built target common
[  6%] Linking C shared library libggml.so
[  6%] Built target ggml
[  7%] Building CXX object tests/CMakeFiles/test-grad0.dir/test-grad0.cpp.o
[  8%] Building CXX object tests/CMakeFiles/test-quantize-perf.dir/test-quantize-perf.cpp.o
[  9%] Building CXX object tests/CMakeFiles/test-opt.dir/test-opt.cpp.o
[ 10%] Building CXX object tests/CMakeFiles/test-quantize-fns.dir/test-quantize-fns.cpp.o
[ 11%] Building C object tests/CMakeFiles/test-vec0.dir/test-vec0.c.o
[ 12%] Building C object tests/CMakeFiles/test-mul-mat0.dir/test-mul-mat0.c.o
[ 13%] Building C object tests/CMakeFiles/test0.dir/test0.c.o
[ 14%] Building C object tests/CMakeFiles/test-mul-mat2.dir/test-mul-mat2.c.o
[ 15%] Building C object tests/CMakeFiles/test-pool.dir/test-pool.c.o
[ 16%] Building C object tests/CMakeFiles/test1.dir/test1.c.o
[ 17%] Building C object tests/CMakeFiles/test3.dir/test3.c.o
[ 18%] Building C object tests/CMakeFiles/test2.dir/test2.c.o
[ 19%] Building C object tests/CMakeFiles/test-conv-transpose.dir/test-conv-transpose.c.o
[ 20%] Building C object tests/CMakeFiles/test-customop.dir/test-customop.c.o
[ 21%] Building C object tests/CMakeFiles/test-rel-pos.dir/test-rel-pos.c.o
[ 22%] Linking C executable ../bin/test-vec0
[ 23%] Building C object tests/CMakeFiles/test-xpos.dir/test-xpos.c.o
[ 24%] Building CXX object tests/CMakeFiles/test-conv2d.dir/test-conv2d.cpp.o
[ 25%] Building CXX object tests/CMakeFiles/test-mul-mat.dir/test-mul-mat.cpp.o
[ 26%] Building CXX object examples/CMakeFiles/common-ggml.dir/common-ggml.cpp.o
[ 27%] Building CXX object tests/CMakeFiles/test-conv1d.dir/test-conv1d.cpp.o
[ 28%] Linking C executable ../bin/test0
[ 28%] Built target test-vec0
[ 29%] Building CXX object examples/whisper/CMakeFiles/whisper-cpp.dir/whisper.cpp.o
[ 31%] Building CXX object examples/mnist/CMakeFiles/mnist-cpu.dir/main-cpu.cpp.o
[ 30%] Linking C executable ../bin/test-rel-pos
[ 32%] Building CXX object examples/mnist/CMakeFiles/mnist.dir/main.cpp.o
[ 33%] Building CXX object examples/mnist/CMakeFiles/mnist-cnn.dir/main-cnn.cpp.o
[ 34%] Linking C executable ../bin/test-pool
[ 35%] Building CXX object examples/yolo/CMakeFiles/yolov3-tiny.dir/yolov3-tiny.cpp.o
[ 36%] Building CXX object examples/sam/CMakeFiles/sam.dir/main.cpp.o
[ 37%] Building CXX object examples/yolo/CMakeFiles/yolov3-tiny.dir/yolo-image.cpp.o
[ 38%] Linking CXX executable ../bin/test-opt
[ 39%] Linking C executable ../bin/test3
[ 41%] Linking C executable ../bin/test-xpos
[ 42%] Linking C executable ../bin/test-customop
[ 40%] Linking C executable ../bin/test2
[ 42%] Built target test-rel-pos
[ 42%] Built target test0
[ 43%] Linking C executable ../bin/test1
[ 44%] Linking C executable ../bin/test-mul-mat0
[ 44%] Built target test-pool
[ 44%] Built target test-opt
[ 44%] Built target test3
[ 45%] Linking C executable ../bin/test-conv-transpose
[ 45%] Built target test2
[ 45%] Built target test-customop
[ 45%] Built target test-xpos
[ 46%] Linking CXX executable ../bin/test-quantize-fns
[ 46%] Built target test1
[ 46%] Built target test-mul-mat0
[ 46%] Built target test-conv-transpose
/home/ggml/work/ggml/tests/test-conv2d.cpp: In function ‘void load_model(test_model&, bool)’:
/home/ggml/work/ggml/tests/test-conv2d.cpp:39:26: warning: comparison of integer expressions of different signedness: ‘size_t’ {aka ‘long unsigned int’} and ‘int’ [-Wsign-compare]
   39 |     for (size_t i = 0; i < KW * KH * IC * OC; i++) {
      |                        ~~^~~~~~~~~~~~~~~~~~~
/home/ggml/work/ggml/tests/test-conv2d.cpp:49:26: warning: comparison of integer expressions of different signedness: ‘size_t’ {aka ‘long unsigned int’} and ‘int’ [-Wsign-compare]
   49 |     for (size_t i = 0; i < IW * IH * IC * N; i++) {
      |                        ~~^~~~~~~~~~~~~~~~~~
[ 46%] Built target test-quantize-fns
/home/ggml/work/ggml/tests/test-conv1d.cpp: In function ‘void load_model(test_model&, bool)’:
/home/ggml/work/ggml/tests/test-conv1d.cpp:39:26: warning: comparison of integer expressions of different signedness: ‘size_t’ {aka ‘long unsigned int’} and ‘int’ [-Wsign-compare]
   39 |     for (size_t i = 0; i < K * IC * OC; i++) {
      |                        ~~^~~~~~~~~~~~~
/home/ggml/work/ggml/tests/test-conv1d.cpp:49:26: warning: comparison of integer expressions of different signedness: ‘size_t’ {aka ‘long unsigned int’} and ‘int’ [-Wsign-compare]
   49 |     for (size_t i = 0; i < IL * IC * N; i++) {
      |                        ~~^~~~~~~~~~~~~
[ 47%] Linking CXX executable ../bin/test-conv2d
[ 48%] Linking C executable ../bin/test-mul-mat2
[ 49%] Linking CXX executable ../bin/test-mul-mat
[ 50%] Linking CXX executable ../bin/test-conv1d
[ 51%] Linking CXX executable ../../bin/mnist-cpu
[ 51%] Built target test-mul-mat
[ 51%] Built target test-mul-mat2
[ 51%] Built target test-conv1d
[ 51%] Built target test-conv2d
[ 51%] Built target mnist-cpu
[ 52%] Linking CXX executable ../../bin/mnist
[ 53%] Linking CXX executable ../../bin/mnist-cnn
[ 53%] Built target mnist
[ 54%] Linking CXX executable ../bin/test-quantize-perf
[ 54%] Built target mnist-cnn
[ 54%] Built target test-quantize-perf
[ 55%] Linking CXX executable ../bin/test-grad0
[ 55%] Built target test-grad0
[ 56%] Linking CXX static library libcommon-ggml.a
[ 56%] Built target common-ggml
[ 57%] Building CXX object examples/gpt-2/CMakeFiles/gpt-2-ctx.dir/main-ctx.cpp.o
[ 58%] Building CXX object examples/gpt-2/CMakeFiles/gpt-2-alloc.dir/main-alloc.cpp.o
[ 59%] Building CXX object examples/gpt-2/CMakeFiles/gpt-2-backend.dir/main-backend.cpp.o
[ 60%] Building CXX object examples/gpt-2/CMakeFiles/gpt-2-backend2.dir/main.cpp.o
[ 61%] Building CXX object examples/gpt-2/CMakeFiles/gpt-2-quantize.dir/quantize.cpp.o
[ 62%] Building CXX object examples/gpt-2/CMakeFiles/gpt-2-batched.dir/main-batched.cpp.o
[ 63%] Building CXX object examples/gpt-j/CMakeFiles/gpt-j.dir/main.cpp.o
[ 64%] Building CXX object examples/gpt-j/CMakeFiles/gpt-j-quantize.dir/quantize.cpp.o
[ 65%] Building CXX object examples/gpt-neox/CMakeFiles/gpt-neox.dir/main.cpp.o
[ 66%] Building CXX object examples/whisper/CMakeFiles/whisper-quantize.dir/quantize.cpp.o
[ 67%] Building CXX object examples/gpt-neox/CMakeFiles/gpt-neox-quantize.dir/quantize.cpp.o
[ 68%] Building CXX object examples/dolly-v2/CMakeFiles/dollyv2.dir/main.cpp.o
[ 69%] Building CXX object examples/dolly-v2/CMakeFiles/dollyv2-quantize.dir/quantize.cpp.o
[ 71%] Building CXX object examples/replit/CMakeFiles/replit.dir/main.cpp.o
[ 70%] Building CXX object examples/replit/CMakeFiles/replit-quantize.dir/quantize.cpp.o
[ 72%] Building CXX object examples/mpt/CMakeFiles/mpt.dir/main.cpp.o
[ 73%] Building CXX object examples/mpt/CMakeFiles/mpt-quantize.dir/quantize.cpp.o
[ 74%] Building CXX object examples/starcoder/CMakeFiles/starcoder.dir/main.cpp.o
[ 75%] Building CXX object examples/starcoder/CMakeFiles/starcoder-quantize.dir/quantize.cpp.o
[ 75%] Building CXX object examples/starcoder/CMakeFiles/starcoder-mmap.dir/starcoder-mmap.cpp.o
[ 76%] Linking CXX executable ../../bin/gpt-2-quantize
[ 77%] Linking CXX executable ../../bin/mpt-quantize
[ 78%] Linking CXX executable ../../bin/replit-quantize
[ 79%] Linking CXX executable ../../bin/gpt-j-quantize
[ 79%] Built target gpt-2-quantize
[ 79%] Built target mpt-quantize
[ 79%] Built target replit-quantize
[ 80%] Linking CXX executable ../../bin/gpt-neox-quantize
[ 80%] Built target gpt-j-quantize
[ 81%] Linking CXX executable ../../bin/starcoder-quantize
[ 81%] Built target starcoder-quantize
[ 81%] Built target gpt-neox-quantize
[ 82%] Linking CXX executable ../../bin/whisper-quantize
[ 83%] Linking CXX executable ../../bin/dollyv2-quantize
[ 83%] Built target whisper-quantize
[ 83%] Built target dollyv2-quantize
[ 84%] Linking CXX executable ../../bin/yolov3-tiny
[ 85%] Linking CXX executable ../../bin/gpt-j
[ 86%] Linking CXX executable ../../bin/gpt-2-alloc
[ 86%] Built target yolov3-tiny
[ 87%] Linking CXX executable ../../bin/gpt-2-ctx
[ 87%] Built target gpt-j
[ 88%] Linking CXX executable ../../bin/replit
[ 88%] Built target gpt-2-alloc
[ 88%] Built target gpt-2-ctx
[ 89%] Linking CXX executable ../../bin/gpt-2-backend
[ 89%] Built target replit
[ 90%] Linking CXX executable ../../bin/starcoder-mmap
[ 91%] Linking CXX executable ../../bin/starcoder
[ 92%] Linking CXX executable ../../bin/gpt-neox
[ 92%] Built target gpt-2-backend
[ 92%] Built target starcoder-mmap
[ 93%] Linking CXX executable ../../bin/mpt
[ 94%] Linking CXX executable ../../bin/dollyv2
[ 95%] Linking CXX executable ../../bin/gpt-2-backend2
[ 95%] Built target starcoder
[ 95%] Built target gpt-neox
[ 95%] Built target mpt
[ 95%] Built target dollyv2
[ 95%] Built target gpt-2-backend2
[ 96%] Linking CXX executable ../../bin/gpt-2-batched
[ 96%] Built target gpt-2-batched
[ 97%] Linking CXX executable ../../bin/sam
[ 97%] Built target sam
[ 98%] Linking CXX static library libwhisper-cpp.a
[ 98%] Built target whisper-cpp
[ 99%] Building CXX object examples/whisper/CMakeFiles/whisper.dir/main.cpp.o
[100%] Linking CXX executable ../../bin/whisper
[100%] Built target whisper

real	0m25.561s
user	1m31.183s
sys	0m7.351s
+ ctest --output-on-failure
Test project /home/ggml/work/ggml/build-ci-release
      Start  1: test-grad0
 1/18 Test  #1: test-grad0 .......................   Passed    4.05 sec
      Start  2: test-opt
 2/18 Test  #2: test-opt .........................   Passed    2.01 sec
      Start  3: test-quantize-fns
 3/18 Test  #3: test-quantize-fns ................   Passed    0.01 sec
      Start  4: test-quantize-perf
 4/18 Test  #4: test-quantize-perf ...............   Passed    0.05 sec
      Start  5: test-mul-mat0
 5/18 Test  #5: test-mul-mat0 ....................   Passed    0.52 sec
      Start  6: test-mul-mat2
 6/18 Test  #6: test-mul-mat2 ....................   Passed    1.77 sec
      Start  7: test0
 7/18 Test  #7: test0 ............................   Passed    0.00 sec
      Start  8: test1
 8/18 Test  #8: test1 ............................   Passed    0.01 sec
      Start  9: test2
 9/18 Test  #9: test2 ............................   Passed    0.02 sec
      Start 10: test3
10/18 Test #10: test3 ............................   Passed    0.03 sec
      Start 11: test-pool
11/18 Test #11: test-pool ........................   Passed    0.00 sec
      Start 12: test-conv-transpose
12/18 Test #12: test-conv-transpose ..............   Passed    0.00 sec
      Start 13: test-rel-pos
13/18 Test #13: test-rel-pos .....................   Passed    0.00 sec
      Start 14: test-customop
14/18 Test #14: test-customop ....................   Passed    0.00 sec
      Start 15: test-xpos
15/18 Test #15: test-xpos ........................   Passed    0.00 sec
      Start 16: test-conv1d
16/18 Test #16: test-conv1d ......................   Passed    0.01 sec
      Start 17: test-conv2d
17/18 Test #17: test-conv2d ......................   Passed    0.01 sec
      Start 18: test-mul-mat
18/18 Test #18: test-mul-mat .....................   Passed    0.01 sec

100% tests passed, 0 tests failed out of 18

Total Test time (real) =   8.52 sec

real	0m8.535s
user	0m7.996s
sys	0m5.459s
