+ cmake -DCMAKE_BUILD_TYPE=Release ..
-- The C compiler identification is GNU 11.4.0
-- The CXX compiler identification is GNU 11.4.0
-- Detecting C compiler ABI info
-- Detecting C compiler ABI info - done
-- Check for working C compiler: /usr/bin/cc - skipped
-- Detecting C compile features
-- Detecting C compile features - done
-- Detecting CXX compiler ABI info
-- Detecting CXX compiler ABI info - done
-- Check for working CXX compiler: /usr/bin/c++ - skipped
-- Detecting CXX compile features
-- Detecting CXX compile features - done
-- Performing Test CMAKE_HAVE_LIBC_PTHREAD
-- Performing Test CMAKE_HAVE_LIBC_PTHREAD - Success
-- Found Threads: TRUE
-- Found OpenMP_C: -fopenmp (found version "4.5")
-- Found OpenMP_CXX: -fopenmp (found version "4.5")
-- Found OpenMP: TRUE (found version "4.5")
-- OpenMP found
-- ccache found, compilation results will be cached. Disable with GGML_CCACHE=OFF.
-- CMAKE_SYSTEM_PROCESSOR: x86_64
-- x86 detected
-- x86 detected
-- Linux detected
-- Configuring done (0.5s)
-- Generating done (0.0s)
-- Build files have been written to: /home/ggml/work/ggml/build-ci-release

real	0m0.655s
user	0m0.498s
sys	0m0.161s
+ make -j
[  1%] Building CXX object examples/CMakeFiles/common.dir/common.cpp.o
[  2%] Building C object src/CMakeFiles/ggml.dir/ggml.c.o
[  3%] Building C object src/CMakeFiles/ggml.dir/ggml-alloc.c.o
[  4%] Building CXX object src/CMakeFiles/ggml.dir/ggml-backend.cpp.o
[  5%] Building C object src/CMakeFiles/ggml.dir/ggml-quants.c.o
[  6%] Building C object src/CMakeFiles/ggml.dir/ggml-aarch64.c.o
[  7%] Linking CXX static library libcommon.a
[  7%] Built target common
[  8%] Linking CXX shared library libggml.so
[  8%] Built target ggml
[ 10%] Building C object tests/CMakeFiles/test-vec0.dir/test-vec0.c.o
[ 11%] Building C object tests/CMakeFiles/test-vec1.dir/test-vec1.c.o
[ 12%] Building CXX object tests/CMakeFiles/test-opt.dir/test-opt.cpp.o
[ 11%] Building CXX object tests/CMakeFiles/test-grad0.dir/test-grad0.cpp.o
[ 13%] Building CXX object tests/CMakeFiles/test-quantize-fns.dir/test-quantize-fns.cpp.o
[ 15%] Building CXX object tests/CMakeFiles/test-quantize-perf.dir/test-quantize-perf.cpp.o
[ 16%] Building C object tests/CMakeFiles/test-mul-mat0.dir/test-mul-mat0.c.o
[ 17%] Building C object tests/CMakeFiles/test-mul-mat2.dir/test-mul-mat2.c.o
[ 18%] Building C object tests/CMakeFiles/test0.dir/test0.c.o
[ 19%] Building C object tests/CMakeFiles/test2.dir/test2.c.o
[ 20%] Linking C executable ../bin/test-vec0
[ 21%] Building C object tests/CMakeFiles/test1.dir/test1.c.o
[ 22%] Linking CXX executable ../bin/test-grad0
[ 23%] Linking C executable ../bin/test-vec1
[ 24%] Linking CXX executable ../bin/test-opt
[ 26%] Linking C executable ../bin/test2
[ 25%] Linking CXX executable ../bin/test-quantize-fns
[ 27%] Building C object tests/CMakeFiles/test3.dir/test3.c.o
[ 29%] Building CXX object tests/CMakeFiles/test-conv-transpose-1d.dir/test-conv-transpose-1d.cpp.o
[ 30%] Building CXX object tests/CMakeFiles/test-timestep_embedding.dir/test-timestep_embedding.cpp.o
[ 31%] Linking C executable ../bin/test-mul-mat0
[ 32%] Linking C executable ../bin/test0
[ 33%] Building C object tests/CMakeFiles/test-dup.dir/test-dup.c.o
[ 34%] Linking CXX executable ../bin/test-quantize-perf
[ 35%] Building C object tests/CMakeFiles/test-conv-transpose.dir/test-conv-transpose.c.o
[ 36%] Linking C executable ../bin/test1
[ 37%] Linking C executable ../bin/test-mul-mat2
[ 38%] Linking C executable ../bin/test-dup
[ 39%] Building CXX object tests/CMakeFiles/test-arange.dir/test-arange.cpp.o
[ 39%] Built target test-vec0
[ 40%] Building C object tests/CMakeFiles/test-pool.dir/test-pool.c.o
[ 41%] Linking CXX executable ../bin/test-timestep_embedding
[ 43%] Linking C executable ../bin/test3
[ 44%] Building C object tests/CMakeFiles/test-rel-pos.dir/test-rel-pos.c.o
[ 45%] Linking CXX executable ../bin/test-conv-transpose-1d
[ 46%] Linking C executable ../bin/test-conv-transpose
[ 46%] Built target test-vec1
[ 47%] Linking CXX executable ../bin/test-arange
[ 48%] Building C object tests/CMakeFiles/test-customop.dir/test-customop.c.o
[ 49%] Linking C executable ../bin/test-rel-pos
[ 50%] Linking C executable ../bin/test-pool
[ 51%] Building CXX object tests/CMakeFiles/test-conv1d.dir/test-conv1d.cpp.o
[ 52%] Building CXX object tests/CMakeFiles/test-conv2d.dir/test-conv2d.cpp.o
[ 53%] Building CXX object tests/CMakeFiles/test-mul-mat.dir/test-mul-mat.cpp.o
[ 53%] Built target test0
[ 53%] Built target test2
[ 53%] Built target test-grad0
[ 54%] Linking CXX executable ../bin/test-conv1d
[ 55%] Linking C executable ../bin/test-customop
[ 55%] Built target test3
[ 55%] Built target test-mul-mat0
[ 56%] Linking CXX executable ../bin/test-mul-mat
[ 58%] Linking CXX executable ../bin/test-conv2d
[ 59%] Building CXX object tests/CMakeFiles/test-backend-ops.dir/test-backend-ops.cpp.o
[ 59%] Built target test-quantize-fns
[ 59%] Built target test-quantize-perf
[ 59%] Built target test-opt
[ 59%] Built target test-timestep_embedding
[ 59%] Built target test-conv-transpose
[ 59%] Built target test-mul-mat2
[ 59%] Built target test-pool
[ 60%] Building CXX object examples/CMakeFiles/common-ggml.dir/common-ggml.cpp.o
[ 60%] Built target test-arange
[ 61%] Building CXX object examples/mnist/CMakeFiles/mnist-common.dir/mnist-common.cpp.o
[ 61%] Built target test-customop
[ 61%] Built target test-conv-transpose-1d
[ 61%] Built target test-dup
[ 62%] Building C object tests/CMakeFiles/test-cont.dir/test-cont.c.o
[ 62%] Built target test1
[ 62%] Built target test-rel-pos
[ 63%] Linking C executable ../bin/test-cont
[ 64%] Linking CXX static library libcommon-ggml.a
[ 65%] Building CXX object examples/sam/CMakeFiles/sam.dir/main.cpp.o
[ 66%] Building CXX object examples/yolo/CMakeFiles/yolov3-tiny.dir/yolov3-tiny.cpp.o
[ 66%] Built target test-conv2d
[ 67%] Building CXX object examples/simple/CMakeFiles/simple-ctx.dir/simple-ctx.cpp.o
[ 68%] Building CXX object examples/simple/CMakeFiles/simple-backend.dir/simple-backend.cpp.o
[ 69%] Linking CXX static library libmnist-common.a
[ 70%] Building CXX object examples/yolo/CMakeFiles/yolov3-tiny.dir/yolo-image.cpp.o
[ 72%] Linking CXX executable ../../bin/sam
[ 73%] Linking CXX executable ../../bin/simple-backend
[ 74%] Linking CXX executable ../../bin/yolov3-tiny
[ 74%] Built target common-ggml
[ 75%] Linking CXX executable ../../bin/simple-ctx
[ 75%] Built target test-conv1d
[ 75%] Built target test-mul-mat
[ 75%] Built target mnist-common
[ 76%] Building CXX object examples/gpt-2/CMakeFiles/gpt-2-ctx.dir/main-ctx.cpp.o
[ 77%] Building CXX object examples/gpt-2/CMakeFiles/gpt-2-alloc.dir/main-alloc.cpp.o
[ 78%] Building CXX object examples/gpt-2/CMakeFiles/gpt-2-backend.dir/main-backend.cpp.o
[ 79%] Linking CXX executable ../../bin/gpt-2-ctx
[ 80%] Linking CXX executable ../../bin/gpt-2-alloc
[ 81%] Linking CXX executable ../../bin/gpt-2-backend
[ 81%] Built target test-cont
[ 82%] Building CXX object examples/gpt-2/CMakeFiles/gpt-2-sched.dir/main-sched.cpp.o
[ 82%] Built target sam
[ 83%] Linking CXX executable ../../bin/gpt-2-sched
[ 83%] Built target simple-backend
[ 84%] Building CXX object examples/gpt-2/CMakeFiles/gpt-2-batched.dir/main-batched.cpp.o
[ 84%] Built target yolov3-tiny
[ 86%] Building CXX object examples/gpt-j/CMakeFiles/gpt-j.dir/main.cpp.o
[ 87%] Linking CXX executable ../../bin/gpt-2-batched
[ 88%] Building CXX object examples/gpt-2/CMakeFiles/gpt-2-quantize.dir/quantize.cpp.o
[ 89%] Linking CXX executable ../../bin/gpt-j
[ 89%] Built target simple-ctx
[ 90%] Linking CXX executable ../../bin/gpt-2-quantize
[ 91%] Building CXX object examples/gpt-j/CMakeFiles/gpt-j-quantize.dir/quantize.cpp.o
[ 92%] Linking CXX executable ../../bin/gpt-j-quantize
[ 93%] Building CXX object examples/mnist/CMakeFiles/mnist-train.dir/mnist-train.cpp.o
[ 93%] Built target gpt-2-alloc
[ 94%] Building CXX object examples/mnist/CMakeFiles/mnist-eval.dir/mnist-eval.cpp.o
[ 94%] Built target gpt-2-backend
[ 95%] Building CXX object examples/magika/CMakeFiles/magika.dir/main.cpp.o
[ 96%] Linking CXX executable ../../bin/mnist-train
[ 96%] Built target gpt-2-ctx
[ 97%] Linking CXX executable ../../bin/mnist-eval
[ 97%] Built target gpt-2-sched
[ 98%] Linking CXX executable ../../bin/magika
[ 98%] Built target gpt-j
[ 98%] Built target gpt-2-batched
[ 98%] Built target mnist-train
[ 98%] Built target gpt-j-quantize
[ 98%] Built target gpt-2-quantize
[ 98%] Built target mnist-eval
[ 98%] Built target magika
[100%] Linking CXX executable ../bin/test-backend-ops
[100%] Built target test-backend-ops

real	0m5.758s
user	0m8.289s
sys	0m1.039s
+ ctest --output-on-failure
Test project /home/ggml/work/ggml/build-ci-release
      Start  1: test-grad0
 1/23 Test  #1: test-grad0 .......................   Passed    0.34 sec
      Start  2: test-opt
 2/23 Test  #2: test-opt .........................   Passed    3.50 sec
      Start  3: test-quantize-fns
 3/23 Test  #3: test-quantize-fns ................   Passed   15.94 sec
      Start  4: test-quantize-perf
 4/23 Test  #4: test-quantize-perf ...............   Passed    4.47 sec
      Start  5: test-mul-mat0
 5/23 Test  #5: test-mul-mat0 ....................   Passed    0.56 sec
      Start  6: test-mul-mat2
 6/23 Test  #6: test-mul-mat2 ....................   Passed    2.81 sec
      Start  7: test0
 7/23 Test  #7: test0 ............................   Passed    0.00 sec
      Start  8: test1
 8/23 Test  #8: test1 ............................   Passed    0.00 sec
      Start  9: test2
 9/23 Test  #9: test2 ............................   Passed    0.01 sec
      Start 10: test3
10/23 Test #10: test3 ............................   Passed    0.02 sec
      Start 11: test-pool
11/23 Test #11: test-pool ........................   Passed    0.00 sec
      Start 12: test-arange
12/23 Test #12: test-arange ......................   Passed    0.00 sec
      Start 13: test-timestep_embedding
13/23 Test #13: test-timestep_embedding ..........   Passed    0.00 sec
      Start 14: test-conv-transpose
14/23 Test #14: test-conv-transpose ..............   Passed    0.00 sec
      Start 15: test-conv-transpose-1d
15/23 Test #15: test-conv-transpose-1d ...........   Passed    0.01 sec
      Start 16: test-dup
16/23 Test #16: test-dup .........................   Passed    0.00 sec
      Start 17: test-rel-pos
17/23 Test #17: test-rel-pos .....................   Passed    0.00 sec
      Start 18: test-customop
18/23 Test #18: test-customop ....................   Passed    0.00 sec
      Start 19: test-conv1d
19/23 Test #19: test-conv1d ......................   Passed    0.00 sec
      Start 20: test-conv2d
20/23 Test #20: test-conv2d ......................   Passed    0.00 sec
      Start 21: test-mul-mat
21/23 Test #21: test-mul-mat .....................   Passed    0.00 sec
      Start 22: test-backend-ops
22/23 Test #22: test-backend-ops .................   Passed    0.00 sec
      Start 23: test-cont
23/23 Test #23: test-cont ........................   Passed    0.00 sec

100% tests passed, 0 tests failed out of 23

Total Test time (real) =  27.71 sec

real	0m27.774s
user	0m28.195s
sys	0m0.245s
