+ ctest --output-on-failure -E test-opt
Test project /Users/ggml/work/ggml/build-ci-debug
      Start  1: test-grad0
 1/21 Test  #1: test-grad0 .......................   Passed    1.19 sec
      Start  2: test-quantize-fns
 2/21 Test  #2: test-quantize-fns ................   Passed   14.07 sec
      Start  3: test-quantize-perf
 3/21 Test  #3: test-quantize-perf ...............   Passed   10.36 sec
      Start  4: test-mul-mat0
 4/21 Test  #4: test-mul-mat0 ....................   Passed    0.40 sec
      Start  5: test-blas0
 5/21 Test  #5: test-blas0 .......................   Passed    0.25 sec
      Start  6: test-mul-mat2
 6/21 Test  #6: test-mul-mat2 ....................   Passed    8.89 sec
      Start  7: test0
 7/21 Test  #7: test0 ............................   Passed    0.24 sec
      Start  8: test1
 8/21 Test  #8: test1 ............................   Passed    0.20 sec
      Start  9: test2
 9/21 Test  #9: test2 ............................   Passed    0.23 sec
      Start 10: test3
10/21 Test #10: test3 ............................   Passed    0.23 sec
      Start 11: test-pool
11/21 Test #11: test-pool ........................   Passed    0.20 sec
      Start 12: test-conv-transpose
12/21 Test #12: test-conv-transpose ..............   Passed    0.20 sec
      Start 13: test-dup
13/21 Test #13: test-dup .........................   Passed    0.21 sec
      Start 14: test-rel-pos
14/21 Test #14: test-rel-pos .....................   Passed    0.20 sec
      Start 15: test-customop
15/21 Test #15: test-customop ....................   Passed    0.20 sec
      Start 16: test-xpos
16/21 Test #16: test-xpos ........................   Passed    0.20 sec
      Start 17: test-conv1d
17/21 Test #17: test-conv1d ......................   Passed    1.49 sec
      Start 18: test-conv2d
18/21 Test #18: test-conv2d ......................   Passed    0.28 sec
      Start 19: test-mul-mat
19/21 Test #19: test-mul-mat .....................   Passed    0.28 sec
      Start 20: test-backend-buffer
20/21 Test #20: test-backend-buffer ..............   Passed    0.27 sec
      Start 21: test-backend-ops
21/21 Test #21: test-backend-ops .................   Passed  152.91 sec

100% tests passed, 0 tests failed out of 21

Total Test time (real) = 192.50 sec

real	3m12.503s
user	3m26.882s
sys	0m8.210s
