+ cmake -DCMAKE_BUILD_TYPE=Release -DLLAMA_FATAL_WARNINGS=ON ..
-- The C compiler identification is GNU 11.4.0
-- The CXX compiler identification is GNU 11.4.0
-- Detecting C compiler ABI info
-- Detecting C compiler ABI info - done
-- Check for working C compiler: /usr/bin/cc - skipped
-- Detecting C compile features
-- Detecting C compile features - done
-- Detecting CXX compiler ABI info
-- Detecting CXX compiler ABI info - done
-- Check for working CXX compiler: /usr/bin/c++ - skipped
-- Detecting CXX compile features
-- Detecting CXX compile features - done
-- Found Git: /usr/bin/git (found version "2.34.1") 
-- Looking for pthread.h
-- Looking for pthread.h - found
-- Performing Test CMAKE_HAVE_LIBC_PTHREAD
-- Performing Test CMAKE_HAVE_LIBC_PTHREAD - Success
-- Found Threads: TRUE  
-- ccache found, compilation results will be cached. Disable with GGML_CCACHE=OFF.
-- CMAKE_SYSTEM_PROCESSOR: aarch64
-- Including CPU backend
-- Found OpenMP_C: -fopenmp (found version "4.5") 
-- Found OpenMP_CXX: -fopenmp (found version "4.5") 
-- Found OpenMP: TRUE (found version "4.5")  
-- ARM detected
-- Performing Test COMPILER_SUPPORTS_FP16_FORMAT_I3E
-- Performing Test COMPILER_SUPPORTS_FP16_FORMAT_I3E - Failed
-- Adding CPU backend variant ggml-cpu:  
-- Configuring done
-- Generating done
-- Build files have been written to: /home/ggml/work/llama.cpp/build-ci-release

real	0m0.989s
user	0m0.635s
sys	0m0.353s
++ nproc
+ make -j8
[  0%] Building C object examples/gguf-hash/CMakeFiles/sha1.dir/deps/sha1/sha1.c.o
[  3%] Building CXX object ggml/src/CMakeFiles/ggml-base.dir/ggml-backend.cpp.o
[  3%] Building C object ggml/src/CMakeFiles/ggml-base.dir/ggml.c.o
[  3%] Building CXX object common/CMakeFiles/build_info.dir/build-info.cpp.o
[  4%] Building C object ggml/src/CMakeFiles/ggml-base.dir/ggml-alloc.c.o
[  4%] Building C object examples/gguf-hash/CMakeFiles/sha256.dir/deps/sha256/sha256.c.o
[  5%] Building CXX object ggml/src/CMakeFiles/ggml-base.dir/ggml-opt.cpp.o
[  5%] Building C object examples/gguf-hash/CMakeFiles/xxhash.dir/deps/xxhash/xxhash.c.o
[  5%] Built target sha1
[  5%] Built target sha256
[  5%] Built target xxhash
[  6%] Building CXX object ggml/src/CMakeFiles/ggml-base.dir/ggml-threading.cpp.o
[  6%] Building C object ggml/src/CMakeFiles/ggml-base.dir/ggml-quants.c.o
[  7%] Linking CXX shared library libggml-base.so
[  7%] Built target build_info
[  7%] Built target ggml-base
[  7%] Building C object ggml/src/CMakeFiles/ggml-cpu.dir/ggml-cpu/ggml-cpu.c.o
[  8%] Building CXX object ggml/src/CMakeFiles/ggml-cpu.dir/ggml-cpu/ggml-cpu.cpp.o
[  8%] Building CXX object ggml/src/CMakeFiles/ggml-cpu.dir/ggml-cpu/ggml-cpu-aarch64.cpp.o
[ 10%] Building C object ggml/src/CMakeFiles/ggml-cpu.dir/ggml-cpu/ggml-cpu-quants.c.o
[ 10%] Building CXX object ggml/src/CMakeFiles/ggml-cpu.dir/ggml-cpu/ggml-cpu-hbm.cpp.o
[ 11%] Building CXX object ggml/src/CMakeFiles/ggml-cpu.dir/ggml-cpu/amx/amx.cpp.o
[ 11%] Building CXX object ggml/src/CMakeFiles/ggml-cpu.dir/ggml-cpu/ggml-cpu-traits.cpp.o
[ 11%] Building CXX object ggml/src/CMakeFiles/ggml-cpu.dir/ggml-cpu/amx/mmq.cpp.o
[ 12%] Building CXX object ggml/src/CMakeFiles/ggml-cpu.dir/ggml-cpu/llamafile/sgemm.cpp.o
[ 12%] Linking CXX shared library libggml-cpu.so
[ 12%] Built target ggml-cpu
[ 12%] Building CXX object ggml/src/CMakeFiles/ggml.dir/ggml-backend-reg.cpp.o
[ 13%] Linking CXX shared library libggml.so
[ 13%] Built target ggml
[ 13%] Building CXX object examples/gguf-hash/CMakeFiles/llama-gguf-hash.dir/gguf-hash.cpp.o
[ 14%] Building CXX object examples/gguf/CMakeFiles/llama-gguf.dir/gguf.cpp.o
[ 14%] Building CXX object src/CMakeFiles/llama.dir/llama.cpp.o
[ 15%] Building CXX object src/CMakeFiles/llama.dir/llama-vocab.cpp.o
[ 16%] Building CXX object src/CMakeFiles/llama.dir/llama-sampling.cpp.o
[ 16%] Building CXX object src/CMakeFiles/llama.dir/unicode.cpp.o
[ 16%] Building CXX object src/CMakeFiles/llama.dir/llama-grammar.cpp.o
[ 17%] Building CXX object src/CMakeFiles/llama.dir/unicode-data.cpp.o
[ 18%] Linking CXX executable ../../bin/llama-gguf
[ 19%] Linking CXX executable ../../bin/llama-gguf-hash
[ 19%] Linking CXX shared library libllama.so
[ 19%] Built target llama-gguf
[ 19%] Built target llama-gguf-hash
[ 19%] Built target llama
[ 22%] Building CXX object examples/quantize-stats/CMakeFiles/llama-quantize-stats.dir/quantize-stats.cpp.o
[ 22%] Building CXX object common/CMakeFiles/common.dir/arg.cpp.o
[ 22%] Building C object tests/CMakeFiles/test-c.dir/test-c.c.o
[ 22%] Building CXX object common/CMakeFiles/common.dir/common.cpp.o
[ 22%] Building CXX object examples/run/CMakeFiles/llama-run.dir/run.cpp.o
[ 23%] Building CXX object examples/simple-chat/CMakeFiles/llama-simple-chat.dir/simple-chat.cpp.o
[ 23%] Building CXX object examples/llava/CMakeFiles/llava.dir/llava.cpp.o
[ 23%] Building CXX object examples/simple/CMakeFiles/llama-simple.dir/simple.cpp.o
[ 24%] Linking C executable ../bin/test-c
[ 25%] Linking CXX executable ../../bin/llama-simple
[ 26%] Building CXX object examples/llava/CMakeFiles/llava.dir/clip.cpp.o
[ 26%] Linking CXX executable ../../bin/llama-simple-chat
[ 26%] Linking CXX executable ../../bin/llama-run
[ 26%] Linking CXX executable ../../bin/llama-quantize-stats
[ 27%] Building CXX object common/CMakeFiles/common.dir/json-schema-to-grammar.cpp.o
[ 27%] Building CXX object common/CMakeFiles/common.dir/console.cpp.o
[ 27%] Building CXX object common/CMakeFiles/common.dir/log.cpp.o
[ 27%] Built target test-c
[ 28%] Built target llava
[ 28%] Building CXX object common/CMakeFiles/common.dir/ngram-cache.cpp.o
[ 29%] Building CXX object common/CMakeFiles/common.dir/sampling.cpp.o
[ 29%] Building CXX object common/CMakeFiles/common.dir/speculative.cpp.o
[ 30%] Linking CXX static library libllava_static.a
[ 31%] Linking CXX static library libcommon.a
[ 31%] Linking CXX shared library libllava_shared.so
[ 31%] Built target llama-simple
[ 31%] Built target llama-simple-chat
[ 31%] Built target llama-run
[ 31%] Built target llava_static
[ 31%] Built target llama-quantize-stats
[ 31%] Built target common
[ 31%] Building CXX object tests/CMakeFiles/test-tokenizer-1-bpe.dir/test-tokenizer-1-bpe.cpp.o
[ 32%] Building CXX object tests/CMakeFiles/test-sampling.dir/test-sampling.cpp.o
[ 32%] Building CXX object tests/CMakeFiles/test-tokenizer-0.dir/test-tokenizer-0.cpp.o
[ 32%] Building CXX object tests/CMakeFiles/test-arg-parser.dir/test-arg-parser.cpp.o
[ 33%] Building CXX object tests/CMakeFiles/test-log.dir/test-log.cpp.o
[ 33%] Building CXX object tests/CMakeFiles/test-tokenizer-1-spm.dir/test-tokenizer-1-spm.cpp.o
[ 33%] Building CXX object tests/CMakeFiles/test-chat-template.dir/test-chat-template.cpp.o
[ 33%] Built target llava_shared
[ 34%] Building CXX object tests/CMakeFiles/test-log.dir/get-model.cpp.o
[ 35%] Building CXX object tests/CMakeFiles/test-chat-template.dir/get-model.cpp.o
[ 36%] Building CXX object tests/CMakeFiles/test-arg-parser.dir/get-model.cpp.o
[ 36%] Linking CXX executable ../bin/test-tokenizer-1-bpe
[ 37%] Building CXX object tests/CMakeFiles/test-sampling.dir/get-model.cpp.o
[ 38%] Linking CXX executable ../bin/test-tokenizer-0
[ 39%] Linking CXX executable ../bin/test-tokenizer-1-spm
[ 39%] Linking CXX executable ../bin/test-log
[ 40%] Linking CXX executable ../bin/test-chat-template
[ 41%] Linking CXX executable ../bin/test-arg-parser
[ 42%] Linking CXX executable ../bin/test-sampling
[ 43%] Building CXX object tests/CMakeFiles/test-grammar-parser.dir/test-grammar-parser.cpp.o
[ 43%] Building CXX object tests/CMakeFiles/test-grammar-parser.dir/get-model.cpp.o
[ 44%] Linking CXX executable ../bin/test-grammar-parser
[ 44%] Built target test-tokenizer-1-bpe
[ 44%] Built target test-log
[ 44%] Built target test-tokenizer-0
[ 44%] Built target test-tokenizer-1-spm
[ 44%] Built target test-sampling
[ 44%] Built target test-chat-template
[ 44%] Building CXX object tests/CMakeFiles/test-grammar-integration.dir/test-grammar-integration.cpp.o
[ 44%] Building CXX object tests/CMakeFiles/test-llama-grammar.dir/test-llama-grammar.cpp.o
[ 45%] Building CXX object tests/CMakeFiles/test-backend-ops.dir/test-backend-ops.cpp.o
[ 46%] Building CXX object tests/CMakeFiles/test-model-load-cancel.dir/test-model-load-cancel.cpp.o
[ 46%] Building CXX object tests/CMakeFiles/test-autorelease.dir/test-autorelease.cpp.o
[ 46%] Built target test-grammar-parser
[ 46%] Building CXX object tests/CMakeFiles/test-model-load-cancel.dir/get-model.cpp.o
[ 47%] Built target test-arg-parser
[ 47%] Building CXX object tests/CMakeFiles/test-barrier.dir/test-barrier.cpp.o
[ 48%] Building CXX object tests/CMakeFiles/test-llama-grammar.dir/get-model.cpp.o
[ 49%] Building CXX object tests/CMakeFiles/test-grammar-integration.dir/get-model.cpp.o
[ 50%] Building CXX object tests/CMakeFiles/test-autorelease.dir/get-model.cpp.o
[ 51%] Linking CXX executable ../bin/test-model-load-cancel
[ 52%] Building CXX object tests/CMakeFiles/test-backend-ops.dir/get-model.cpp.o
[ 52%] Building CXX object tests/CMakeFiles/test-quantize-fns.dir/test-quantize-fns.cpp.o
[ 52%] Linking CXX executable ../bin/test-grammar-integration
[ 52%] Linking CXX executable ../bin/test-llama-grammar
[ 52%] Linking CXX executable ../bin/test-autorelease
[ 52%] Building CXX object tests/CMakeFiles/test-barrier.dir/get-model.cpp.o
[ 53%] Building CXX object tests/CMakeFiles/test-quantize-perf.dir/test-quantize-perf.cpp.o
[ 53%] Linking CXX executable ../bin/test-backend-ops
[ 54%] Building CXX object tests/CMakeFiles/test-quantize-fns.dir/get-model.cpp.o
[ 55%] Linking CXX executable ../bin/test-barrier
[ 56%] Building CXX object tests/CMakeFiles/test-quantize-perf.dir/get-model.cpp.o
[ 56%] Linking CXX executable ../bin/test-quantize-fns
[ 56%] Linking CXX executable ../bin/test-quantize-perf
[ 56%] Built target test-model-load-cancel
[ 56%] Built target test-llama-grammar
[ 56%] Built target test-autorelease
[ 56%] Built target test-barrier
[ 57%] Building CXX object tests/CMakeFiles/test-rope.dir/test-rope.cpp.o
[ 58%] Building CXX object examples/batched-bench/CMakeFiles/llama-batched-bench.dir/batched-bench.cpp.o
[ 58%] Building CXX object tests/CMakeFiles/test-json-schema-to-grammar.dir/test-json-schema-to-grammar.cpp.o
[ 58%] Built target test-grammar-integration
[ 58%] Built target test-quantize-fns
[ 58%] Built target test-backend-ops
[ 58%] Building CXX object tests/CMakeFiles/test-rope.dir/get-model.cpp.o
[ 59%] Building CXX object examples/batched/CMakeFiles/llama-batched.dir/batched.cpp.o
[ 59%] Built target test-quantize-perf
[ 59%] Building CXX object tests/CMakeFiles/test-json-schema-to-grammar.dir/get-model.cpp.o
[ 60%] Linking CXX executable ../bin/test-rope
[ 61%] Linking CXX executable ../../bin/llama-batched-bench
[ 62%] Building CXX object examples/embedding/CMakeFiles/llama-embedding.dir/embedding.cpp.o
[ 63%] Building CXX object examples/eval-callback/CMakeFiles/llama-eval-callback.dir/eval-callback.cpp.o
[ 65%] Linking CXX executable ../../bin/llama-batched
[ 65%] Linking CXX executable ../bin/test-json-schema-to-grammar
[ 65%] Building CXX object examples/gbnf-validator/CMakeFiles/llama-gbnf-validator.dir/gbnf-validator.cpp.o
[ 66%] Building CXX object examples/gguf-split/CMakeFiles/llama-gguf-split.dir/gguf-split.cpp.o
[ 66%] Linking CXX executable ../../bin/llama-embedding
[ 66%] Linking CXX executable ../../bin/llama-eval-callback
[ 67%] Linking CXX executable ../../bin/llama-gbnf-validator
[ 67%] Linking CXX executable ../../bin/llama-gguf-split
[ 67%] Built target test-rope
[ 68%] Building CXX object examples/gritlm/CMakeFiles/llama-gritlm.dir/gritlm.cpp.o
[ 68%] Built target llama-gbnf-validator
[ 68%] Linking CXX executable ../../bin/llama-gritlm
[ 68%] Built target llama-gguf-split
[ 68%] Built target llama-batched-bench
[ 68%] Built target test-json-schema-to-grammar
[ 69%] Building CXX object examples/imatrix/CMakeFiles/llama-imatrix.dir/imatrix.cpp.o
[ 69%] Built target llama-batched
[ 70%] Building CXX object examples/infill/CMakeFiles/llama-infill.dir/infill.cpp.o
[ 70%] Building CXX object examples/llama-bench/CMakeFiles/llama-bench.dir/llama-bench.cpp.o
[ 70%] Built target llama-eval-callback
[ 70%] Built target llama-embedding
[ 70%] Building CXX object examples/lookahead/CMakeFiles/llama-lookahead.dir/lookahead.cpp.o
[ 70%] Linking CXX executable ../../bin/llama-imatrix
[ 70%] Building CXX object examples/lookup/CMakeFiles/llama-lookup.dir/lookup.cpp.o
[ 70%] Linking CXX executable ../../bin/llama-infill
[ 71%] Linking CXX executable ../../bin/llama-bench
[ 72%] Linking CXX executable ../../bin/llama-lookahead
[ 72%] Building CXX object examples/lookup/CMakeFiles/llama-lookup-create.dir/lookup-create.cpp.o
[ 73%] Linking CXX executable ../../bin/llama-lookup
[ 74%] Building CXX object examples/lookup/CMakeFiles/llama-lookup-merge.dir/lookup-merge.cpp.o
[ 74%] Linking CXX executable ../../bin/llama-lookup-merge
[ 75%] Linking CXX executable ../../bin/llama-lookup-create
[ 75%] Built target llama-gritlm
[ 76%] Building CXX object examples/lookup/CMakeFiles/llama-lookup-stats.dir/lookup-stats.cpp.o
[ 76%] Built target llama-bench
[ 76%] Built target llama-imatrix
[ 76%] Linking CXX executable ../../bin/llama-lookup-stats
[ 76%] Built target llama-lookup-merge
[ 76%] Building CXX object examples/main/CMakeFiles/llama-cli.dir/main.cpp.o
[ 76%] Built target llama-infill
[ 77%] Building CXX object examples/parallel/CMakeFiles/llama-parallel.dir/parallel.cpp.o
[ 77%] Built target llama-lookahead
[ 77%] Building CXX object examples/passkey/CMakeFiles/llama-passkey.dir/passkey.cpp.o
[ 77%] Built target llama-lookup
[ 78%] Linking CXX executable ../../bin/llama-cli
[ 79%] Linking CXX executable ../../bin/llama-parallel
[ 79%] Building CXX object examples/quantize/CMakeFiles/llama-quantize.dir/quantize.cpp.o
[ 81%] Linking CXX executable ../../bin/llama-passkey
[ 81%] Building CXX object examples/retrieval/CMakeFiles/llama-retrieval.dir/retrieval.cpp.o
[ 81%] Building CXX object examples/perplexity/CMakeFiles/llama-perplexity.dir/perplexity.cpp.o
[ 82%] Linking CXX executable ../../bin/llama-quantize
[ 82%] Built target llama-lookup-create
/home/ggml/work/llama.cpp/examples/perplexity/perplexity.cpp: In lambda function:
/home/ggml/work/llama.cpp/examples/perplexity/perplexity.cpp:1719:41: note: parameter passing for argument of type ‘std::pair<double, double>’ when C++17 is enabled changed to match C++14 in GCC 10.1
 1719 |             return std::make_pair(0., 0.);
      |                                         ^
[ 82%] Linking CXX executable ../../bin/llama-retrieval
[ 84%] Linking CXX executable ../../bin/llama-perplexity
[ 84%] Generating loading.html.hpp
[ 84%] Generating index.html.hpp
[ 84%] Built target llama-lookup-stats
[ 85%] Building CXX object examples/save-load-state/CMakeFiles/llama-save-load-state.dir/save-load-state.cpp.o
[ 85%] Built target llama-cli
[ 86%] Linking CXX executable ../../bin/llama-save-load-state
[ 86%] Built target llama-parallel
[ 86%] Built target llama-quantize
[ 86%] Built target llama-passkey
[ 87%] Building CXX object examples/speculative-simple/CMakeFiles/llama-speculative-simple.dir/speculative-simple.cpp.o
[ 88%] Building CXX object examples/speculative/CMakeFiles/llama-speculative.dir/speculative.cpp.o
[ 89%] Building CXX object examples/tokenize/CMakeFiles/llama-tokenize.dir/tokenize.cpp.o
[ 89%] Built target llama-retrieval
[ 89%] Built target llama-perplexity
[ 89%] Building CXX object examples/convert-llama2c-to-ggml/CMakeFiles/llama-convert-llama2c-to-ggml.dir/convert-llama2c-to-ggml.cpp.o
[ 89%] Linking CXX executable ../../bin/llama-tokenize
[ 89%] Linking CXX executable ../../bin/llama-speculative-simple
[ 90%] Building CXX object examples/cvector-generator/CMakeFiles/llama-cvector-generator.dir/cvector-generator.cpp.o
[ 90%] Linking CXX executable ../../bin/llama-speculative
[ 92%] Building CXX object examples/export-lora/CMakeFiles/llama-export-lora.dir/export-lora.cpp.o
[ 92%] Linking CXX executable ../../bin/llama-convert-llama2c-to-ggml
[ 92%] Linking CXX executable ../../bin/llama-cvector-generator
[ 93%] Linking CXX executable ../../bin/llama-export-lora
[ 93%] Built target llama-save-load-state
[ 93%] Built target llama-tokenize
[ 94%] Building CXX object examples/llava/CMakeFiles/llama-llava-cli.dir/llava-cli.cpp.o
[ 94%] Built target llama-convert-llama2c-to-ggml
[ 95%] Building CXX object examples/llava/CMakeFiles/llama-minicpmv-cli.dir/minicpmv-cli.cpp.o
[ 96%] Linking CXX executable ../../bin/llama-llava-cli
[ 96%] Built target llama-speculative-simple
[ 96%] Built target llama-speculative
[ 96%] Linking CXX executable ../../bin/llama-minicpmv-cli
[ 97%] Building CXX object pocs/vdot/CMakeFiles/llama-vdot.dir/vdot.cpp.o
[ 97%] Building CXX object pocs/vdot/CMakeFiles/llama-q8dot.dir/q8dot.cpp.o
[ 97%] Built target llama-cvector-generator
[ 98%] Linking CXX executable ../../bin/llama-vdot
[ 99%] Built target llama-export-lora
[ 99%] Linking CXX executable ../../bin/llama-q8dot
[ 99%] Built target llama-vdot
[ 99%] Built target llama-q8dot
[ 99%] Built target llama-llava-cli
[ 99%] Built target llama-minicpmv-cli
[ 99%] Building CXX object examples/server/CMakeFiles/llama-server.dir/server.cpp.o
[100%] Linking CXX executable ../../bin/llama-server
[100%] Built target llama-server

real	0m31.904s
user	0m36.188s
sys	0m3.960s
+ ctest --output-on-failure -L main
Test project /home/ggml/work/llama.cpp/build-ci-release
      Start  1: test-tokenizer-0-bert-bge
 1/27 Test  #1: test-tokenizer-0-bert-bge .........   Passed    0.04 sec
      Start  2: test-tokenizer-0-command-r
 2/27 Test  #2: test-tokenizer-0-command-r ........   Passed    0.89 sec
      Start  3: test-tokenizer-0-deepseek-coder
 3/27 Test  #3: test-tokenizer-0-deepseek-coder ...   Passed    0.09 sec
      Start  4: test-tokenizer-0-deepseek-llm
 4/27 Test  #4: test-tokenizer-0-deepseek-llm .....   Passed    0.29 sec
      Start  5: test-tokenizer-0-falcon
 5/27 Test  #5: test-tokenizer-0-falcon ...........   Passed    0.17 sec
      Start  6: test-tokenizer-0-gpt-2
 6/27 Test  #6: test-tokenizer-0-gpt-2 ............   Passed    0.13 sec
      Start  7: test-tokenizer-0-llama-bpe
 7/27 Test  #7: test-tokenizer-0-llama-bpe ........   Passed    0.58 sec
      Start  8: test-tokenizer-0-llama-spm
 8/27 Test  #8: test-tokenizer-0-llama-spm ........   Passed    0.05 sec
      Start  9: test-tokenizer-0-mpt
 9/27 Test  #9: test-tokenizer-0-mpt ..............   Passed    0.14 sec
      Start 10: test-tokenizer-0-phi-3
10/27 Test #10: test-tokenizer-0-phi-3 ............   Passed    0.05 sec
      Start 11: test-tokenizer-0-qwen2
11/27 Test #11: test-tokenizer-0-qwen2 ............   Passed    0.45 sec
      Start 12: test-tokenizer-0-refact
12/27 Test #12: test-tokenizer-0-refact ...........   Passed    0.13 sec
      Start 13: test-tokenizer-0-starcoder
13/27 Test #13: test-tokenizer-0-starcoder ........   Passed    0.13 sec
      Start 14: test-tokenizer-1-llama-spm
14/27 Test #14: test-tokenizer-1-llama-spm ........   Passed    0.23 sec
      Start 15: test-log
15/27 Test #15: test-log ..........................   Passed    0.02 sec
      Start 16: test-arg-parser
16/27 Test #16: test-arg-parser ...................   Passed    0.04 sec
      Start 17: test-sampling
17/27 Test #17: test-sampling .....................   Passed    1.28 sec
      Start 18: test-chat-template
18/27 Test #18: test-chat-template ................   Passed    0.00 sec
      Start 19: test-grammar-parser
19/27 Test #19: test-grammar-parser ...............   Passed    0.00 sec
      Start 20: test-grammar-integration
20/27 Test #20: test-grammar-integration ..........   Passed    0.01 sec
      Start 21: test-llama-grammar
21/27 Test #21: test-llama-grammar ................   Passed    0.00 sec
      Start 22: test-backend-ops
22/27 Test #22: test-backend-ops ..................   Passed    0.01 sec
      Start 25: test-barrier
23/27 Test #25: test-barrier ......................   Passed    0.34 sec
      Start 26: test-quantize-fns
24/27 Test #26: test-quantize-fns .................   Passed   16.89 sec
      Start 27: test-quantize-perf
25/27 Test #27: test-quantize-perf ................   Passed    0.08 sec
      Start 28: test-rope
26/27 Test #28: test-rope .........................   Passed    0.05 sec
      Start 29: test-json-schema-to-grammar
27/27 Test #29: test-json-schema-to-grammar .......   Passed    2.37 sec

100% tests passed, 0 tests failed out of 27

Label Time Summary:
main    =  24.46 sec*proc (27 tests)

Total Test time (real) =  24.47 sec

real	0m24.478s
user	0m25.505s
sys	0m0.945s
