+ cmake -DCMAKE_BUILD_TYPE=Debug -DLLAMA_FATAL_WARNINGS=ON ..
-- The C compiler identification is GNU 11.4.0
-- The CXX compiler identification is GNU 11.4.0
-- Detecting C compiler ABI info
-- Detecting C compiler ABI info - done
-- Check for working C compiler: /usr/bin/cc - skipped
-- Detecting C compile features
-- Detecting C compile features - done
-- Detecting CXX compiler ABI info
-- Detecting CXX compiler ABI info - done
-- Check for working CXX compiler: /usr/bin/c++ - skipped
-- Detecting CXX compile features
-- Detecting CXX compile features - done
-- Found Git: /usr/bin/git (found version "2.34.1") 
-- Looking for pthread.h
-- Looking for pthread.h - found
-- Performing Test CMAKE_HAVE_LIBC_PTHREAD
-- Performing Test CMAKE_HAVE_LIBC_PTHREAD - Success
-- Found Threads: TRUE  
-- Found OpenMP_C: -fopenmp (found version "4.5") 
-- Found OpenMP_CXX: -fopenmp (found version "4.5") 
-- Found OpenMP: TRUE (found version "4.5")  
-- OpenMP found
-- Using llamafile
-- ccache found, compilation results will be cached. Disable with GGML_CCACHE=OFF.
-- CMAKE_SYSTEM_PROCESSOR: aarch64
-- ARM detected
-- Performing Test COMPILER_SUPPORTS_FP16_FORMAT_I3E
-- Performing Test COMPILER_SUPPORTS_FP16_FORMAT_I3E - Failed
-- Configuring done
-- Generating done
-- Build files have been written to: /home/ggml/work/llama.cpp/build-ci-debug

real	0m1.022s
user	0m0.625s
sys	0m0.400s
+ make -j
[  0%] Generating build details from Git
[  1%] Building C object examples/gguf-hash/CMakeFiles/xxhash.dir/deps/xxhash/xxhash.c.o
-- Found Git: /usr/bin/git (found version "2.34.1") 
[  2%] Building C object ggml/src/CMakeFiles/ggml.dir/ggml-quants.c.o
[  3%] Building C object examples/gguf-hash/CMakeFiles/sha256.dir/deps/sha256/sha256.c.o
[  4%] Building C object ggml/src/CMakeFiles/ggml.dir/ggml-alloc.c.o
[  5%] Building C object ggml/src/CMakeFiles/ggml.dir/ggml.c.o
[  5%] Building C object ggml/src/CMakeFiles/ggml.dir/ggml-backend.c.o
[  5%] Building C object examples/gguf-hash/CMakeFiles/sha1.dir/deps/sha1/sha1.c.o
[  5%] Building CXX object ggml/src/CMakeFiles/ggml.dir/llamafile/sgemm.cpp.o
[  5%] Built target xxhash
[  5%] Built target sha256
[  5%] Built target sha1
[  6%] Building C object ggml/src/CMakeFiles/ggml.dir/ggml-aarch64.c.o
[  7%] Building CXX object common/CMakeFiles/build_info.dir/build-info.cpp.o
[  7%] Built target build_info
[  8%] Linking CXX shared library libggml.so
[  8%] Built target ggml
[ 10%] Building CXX object examples/gguf-hash/CMakeFiles/llama-gguf-hash.dir/gguf-hash.cpp.o
[ 10%] Building CXX object src/CMakeFiles/llama.dir/llama-vocab.cpp.o
[ 11%] Building CXX object examples/gguf/CMakeFiles/llama-gguf.dir/gguf.cpp.o
[ 11%] Building CXX object src/CMakeFiles/llama.dir/llama-grammar.cpp.o
[ 12%] Building CXX object src/CMakeFiles/llama.dir/llama-sampling.cpp.o
[ 12%] Building CXX object src/CMakeFiles/llama.dir/llama.cpp.o
[ 13%] Building CXX object src/CMakeFiles/llama.dir/unicode.cpp.o
[ 13%] Building CXX object src/CMakeFiles/llama.dir/unicode-data.cpp.o
[ 13%] Linking CXX executable ../../bin/llama-gguf
[ 13%] Built target llama-gguf
[ 14%] Linking CXX executable ../../bin/llama-gguf-hash
[ 14%] Built target llama-gguf-hash
[ 15%] Linking CXX shared library libllama.so
[ 15%] Built target llama
[ 15%] Building CXX object common/CMakeFiles/common.dir/common.cpp.o
[ 15%] Building CXX object common/CMakeFiles/common.dir/console.cpp.o
[ 16%] Building CXX object examples/llava/CMakeFiles/llava.dir/llava.cpp.o
[ 16%] Building CXX object examples/quantize-stats/CMakeFiles/llama-quantize-stats.dir/quantize-stats.cpp.o
[ 17%] Building CXX object common/CMakeFiles/common.dir/sampling.cpp.o
[ 17%] Building CXX object examples/llava/CMakeFiles/llava.dir/clip.cpp.o
[ 18%] Building C object tests/CMakeFiles/test-c.dir/test-c.c.o
[ 19%] Building CXX object common/CMakeFiles/common.dir/grammar-parser.cpp.o
[ 19%] Building CXX object examples/benchmark/CMakeFiles/llama-bench-matmult.dir/benchmark-matmult.cpp.o
[ 20%] Building CXX object common/CMakeFiles/common.dir/json-schema-to-grammar.cpp.o
[ 20%] Building CXX object common/CMakeFiles/common.dir/train.cpp.o
[ 21%] Building CXX object common/CMakeFiles/common.dir/ngram-cache.cpp.o
[ 22%] Linking C executable ../bin/test-c
[ 22%] Built target test-c
[ 23%] Linking CXX executable ../../bin/llama-bench-matmult
[ 23%] Built target llama-bench-matmult
[ 24%] Linking CXX executable ../../bin/llama-quantize-stats
[ 24%] Built target llama-quantize-stats
[ 24%] Built target llava
[ 26%] Linking CXX static library libllava_static.a
[ 26%] Linking CXX shared library libllava_shared.so
[ 26%] Built target llava_static
[ 26%] Built target llava_shared
[ 26%] Linking CXX static library libcommon.a
[ 26%] Built target common
[ 27%] Building CXX object tests/CMakeFiles/test-tokenizer-0.dir/test-tokenizer-0.cpp.o
[ 27%] Building CXX object tests/CMakeFiles/test-tokenizer-1-bpe.dir/test-tokenizer-1-bpe.cpp.o
[ 27%] Building CXX object tests/CMakeFiles/test-tokenizer-1-spm.dir/test-tokenizer-1-spm.cpp.o
[ 27%] Building CXX object tests/CMakeFiles/test-sampling.dir/test-sampling.cpp.o
[ 28%] Building CXX object tests/CMakeFiles/test-quantize-fns.dir/test-quantize-fns.cpp.o
[ 28%] Building CXX object tests/CMakeFiles/test-quantize-fns.dir/get-model.cpp.o
[ 29%] Building CXX object tests/CMakeFiles/test-sampling.dir/get-model.cpp.o
[ 30%] Building CXX object tests/CMakeFiles/test-quantize-perf.dir/test-quantize-perf.cpp.o
[ 30%] Building CXX object tests/CMakeFiles/test-chat-template.dir/test-chat-template.cpp.o
[ 31%] Building CXX object tests/CMakeFiles/test-chat-template.dir/get-model.cpp.o
[ 31%] Building CXX object tests/CMakeFiles/test-quantize-perf.dir/get-model.cpp.o
[ 31%] Building CXX object tests/CMakeFiles/test-llama-grammar.dir/test-llama-grammar.cpp.o
[ 32%] Building CXX object tests/CMakeFiles/test-grammar-integration.dir/test-grammar-integration.cpp.o
[ 33%] Building CXX object tests/CMakeFiles/test-llama-grammar.dir/get-model.cpp.o
[ 34%] Building CXX object tests/CMakeFiles/test-grammar-parser.dir/test-grammar-parser.cpp.o
[ 34%] Building CXX object tests/CMakeFiles/test-grammar-integration.dir/get-model.cpp.o
[ 34%] Building CXX object tests/CMakeFiles/test-grammar-parser.dir/get-model.cpp.o
[ 34%] Building CXX object tests/CMakeFiles/test-backend-ops.dir/test-backend-ops.cpp.o
[ 35%] Building CXX object tests/CMakeFiles/test-grad0.dir/test-grad0.cpp.o
[ 36%] Building CXX object tests/CMakeFiles/test-grad0.dir/get-model.cpp.o
[ 37%] Building CXX object tests/CMakeFiles/test-backend-ops.dir/get-model.cpp.o
[ 37%] Building CXX object tests/CMakeFiles/test-rope.dir/test-rope.cpp.o
[ 38%] Building CXX object tests/CMakeFiles/test-rope.dir/get-model.cpp.o
[ 39%] Building CXX object tests/CMakeFiles/test-model-load-cancel.dir/test-model-load-cancel.cpp.o
[ 40%] Building CXX object tests/CMakeFiles/test-autorelease.dir/test-autorelease.cpp.o
[ 40%] Building CXX object tests/CMakeFiles/test-model-load-cancel.dir/get-model.cpp.o
[ 41%] Building CXX object tests/CMakeFiles/test-autorelease.dir/get-model.cpp.o
[ 41%] Building CXX object tests/CMakeFiles/test-json-schema-to-grammar.dir/test-json-schema-to-grammar.cpp.o
[ 42%] Building CXX object tests/CMakeFiles/test-json-schema-to-grammar.dir/get-model.cpp.o
[ 43%] Building CXX object examples/cvector-generator/CMakeFiles/llama-cvector-generator.dir/cvector-generator.cpp.o
[ 43%] Building CXX object examples/baby-llama/CMakeFiles/llama-baby-llama.dir/baby-llama.cpp.o
[ 44%] Building CXX object examples/convert-llama2c-to-ggml/CMakeFiles/llama-convert-llama2c-to-ggml.dir/convert-llama2c-to-ggml.cpp.o
[ 45%] Building CXX object examples/batched-bench/CMakeFiles/llama-batched-bench.dir/batched-bench.cpp.o
[ 46%] Building CXX object examples/batched/CMakeFiles/llama-batched.dir/batched.cpp.o
[ 47%] Building CXX object examples/embedding/CMakeFiles/llama-embedding.dir/embedding.cpp.o
[ 47%] Building CXX object examples/eval-callback/CMakeFiles/llama-eval-callback.dir/eval-callback.cpp.o
[ 48%] Building CXX object examples/gbnf-validator/CMakeFiles/llama-gbnf-validator.dir/gbnf-validator.cpp.o
[ 48%] Building CXX object examples/export-lora/CMakeFiles/llama-export-lora.dir/export-lora.cpp.o
[ 48%] Building CXX object examples/gritlm/CMakeFiles/llama-gritlm.dir/gritlm.cpp.o
[ 48%] Building CXX object examples/gguf-split/CMakeFiles/llama-gguf-split.dir/gguf-split.cpp.o
[ 49%] Building CXX object examples/imatrix/CMakeFiles/llama-imatrix.dir/imatrix.cpp.o
[ 50%] Building CXX object examples/infill/CMakeFiles/llama-infill.dir/infill.cpp.o
[ 51%] Building CXX object examples/llama-bench/CMakeFiles/llama-bench.dir/llama-bench.cpp.o
[ 52%] Building CXX object examples/llava/CMakeFiles/llama-llava-cli.dir/llava-cli.cpp.o
[ 52%] Building CXX object examples/lookahead/CMakeFiles/llama-lookahead.dir/lookahead.cpp.o
[ 52%] Building CXX object examples/lookup/CMakeFiles/llama-lookup.dir/lookup.cpp.o
[ 52%] Linking CXX executable ../bin/test-model-load-cancel
[ 53%] Building CXX object examples/lookup/CMakeFiles/llama-lookup-merge.dir/lookup-merge.cpp.o
[ 54%] Building CXX object examples/lookup/CMakeFiles/llama-lookup-create.dir/lookup-create.cpp.o
[ 55%] Building CXX object examples/lookup/CMakeFiles/llama-lookup-stats.dir/lookup-stats.cpp.o
[ 55%] Building CXX object examples/parallel/CMakeFiles/llama-parallel.dir/parallel.cpp.o
[ 55%] Building CXX object examples/main/CMakeFiles/llama-cli.dir/main.cpp.o
[ 55%] Building CXX object examples/passkey/CMakeFiles/llama-passkey.dir/passkey.cpp.o
[ 56%] Generating theme-snowstorm.css.hpp
[ 57%] Generating colorthemes.css.hpp
[ 58%] Building CXX object examples/perplexity/CMakeFiles/llama-perplexity.dir/perplexity.cpp.o
[ 59%] Building CXX object examples/quantize/CMakeFiles/llama-quantize.dir/quantize.cpp.o
[ 59%] Generating completion.js.hpp
[ 59%] Generating index-new.html.hpp
[ 59%] Building CXX object examples/retrieval/CMakeFiles/llama-retrieval.dir/retrieval.cpp.o
[ 60%] Generating index.html.hpp
[ 61%] Generating index.js.hpp
[ 62%] Building CXX object examples/save-load-state/CMakeFiles/llama-save-load-state.dir/save-load-state.cpp.o
[ 63%] Building CXX object examples/simple/CMakeFiles/llama-simple.dir/simple.cpp.o
[ 63%] Building CXX object examples/speculative/CMakeFiles/llama-speculative.dir/speculative.cpp.o
[ 64%] Building CXX object pocs/vdot/CMakeFiles/llama-vdot.dir/vdot.cpp.o
[ 65%] Building CXX object pocs/vdot/CMakeFiles/llama-q8dot.dir/q8dot.cpp.o
[ 64%] Generating json-schema-to-grammar.mjs.hpp
[ 65%] Building CXX object examples/tokenize/CMakeFiles/llama-tokenize.dir/tokenize.cpp.o
[ 65%] Generating style.css.hpp
[ 66%] Generating prompt-formats.js.hpp
[ 67%] Generating system-prompts.js.hpp
[ 68%] Generating theme-beeninorder.css.hpp
[ 69%] Generating theme-ketivah.css.hpp
[ 69%] Generating theme-mangotango.css.hpp
[ 70%] Generating theme-playground.css.hpp
[ 70%] Generating theme-polarnight.css.hpp
[ 70%] Built target test-model-load-cancel
[ 71%] Building CXX object examples/server/CMakeFiles/llama-server.dir/server.cpp.o
[ 71%] Linking CXX executable ../bin/test-grad0
[ 72%] Linking CXX executable ../bin/test-rope
[ 73%] Linking CXX executable ../bin/test-autorelease
[ 73%] Built target test-grad0
[ 73%] Built target test-rope
[ 74%] Linking CXX executable ../bin/test-quantize-fns
[ 74%] Built target test-autorelease
[ 74%] Built target test-quantize-fns
[ 75%] Linking CXX executable ../bin/test-grammar-parser
[ 75%] Linking CXX executable ../bin/test-sampling
[ 76%] Linking CXX executable ../../bin/llama-baby-llama
[ 76%] Linking CXX executable ../../bin/llama-q8dot
[ 77%] Linking CXX executable ../bin/test-quantize-perf
[ 77%] Built target test-grammar-parser
[ 77%] Linking CXX executable ../../bin/llama-vdot
[ 77%] Built target test-sampling
[ 77%] Built target llama-q8dot
[ 77%] Linking CXX executable ../../bin/llama-gbnf-validator
[ 77%] Built target test-quantize-perf
[ 77%] Built target llama-vdot
/home/ggml/work/llama.cpp/tests/test-chat-template.cpp: In lambda function:
/home/ggml/work/llama.cpp/tests/test-chat-template.cpp:149:16: warning: too many arguments for format [-Wformat-extra-args]
  149 |         printf("-------------------------\n", output.c_str());
      |                ^~~~~~~~~~~~~~~~~~~~~~~~~~~~~
/home/ggml/work/llama.cpp/tests/test-chat-template.cpp: In lambda function:
/home/ggml/work/llama.cpp/tests/test-chat-template.cpp:168:16: warning: too many arguments for format [-Wformat-extra-args]
  168 |         printf("-------------------------\n", output.c_str());
      |                ^~~~~~~~~~~~~~~~~~~~~~~~~~~~~
[ 77%] Linking CXX executable ../bin/test-chat-template
[ 78%] Linking CXX executable ../bin/test-tokenizer-1-bpe
[ 79%] Linking CXX executable ../bin/test-tokenizer-1-spm
[ 79%] Linking CXX executable ../bin/test-llama-grammar
[ 79%] Built target llama-gbnf-validator
[ 79%] Linking CXX executable ../../bin/llama-lookup-merge
[ 80%] Linking CXX executable ../../bin/llama-tokenize
[ 80%] Linking CXX executable ../../bin/llama-batched-bench
[ 81%] Linking CXX executable ../bin/test-tokenizer-0
[ 82%] Linking CXX executable ../../bin/llama-eval-callback
[ 83%] Linking CXX executable ../../bin/llama-gguf-split
[ 83%] Built target llama-lookup-merge
[ 83%] Built target test-llama-grammar
[ 83%] Linking CXX executable ../../bin/llama-lookup-create
[ 84%] Linking CXX executable ../../bin/llama-simple
[ 84%] Linking CXX executable ../../bin/llama-batched
[ 85%] Linking CXX executable ../../bin/llama-embedding
[ 85%] Linking CXX executable ../../bin/llama-save-load-state
[ 85%] Built target llama-baby-llama
[ 86%] Linking CXX executable ../../bin/llama-gritlm
[ 86%] Built target llama-gguf-split
[ 87%] Linking CXX executable ../../bin/llama-passkey
[ 88%] Linking CXX executable ../../bin/llama-llava-cli
[ 89%] Linking CXX executable ../../bin/llama-lookup-stats
[ 90%] Linking CXX executable ../../bin/llama-parallel
[ 91%] Linking CXX executable ../../bin/llama-lookahead
[ 92%] Linking CXX executable ../../bin/llama-lookup
[ 92%] Linking CXX executable ../../bin/llama-infill
[ 92%] Linking CXX executable ../../bin/llama-convert-llama2c-to-ggml
[ 93%] Linking CXX executable ../../bin/llama-export-lora
[ 94%] Linking CXX executable ../../bin/llama-quantize
[ 94%] Built target test-chat-template
[ 94%] Linking CXX executable ../../bin/llama-cvector-generator
[ 94%] Built target test-tokenizer-1-spm
[ 94%] Built target test-tokenizer-1-bpe
[ 94%] Built target llama-convert-llama2c-to-ggml
[ 95%] Linking CXX executable ../../bin/llama-retrieval
[ 95%] Built target llama-tokenize
[ 95%] Built target test-tokenizer-0
[ 95%] Built target llama-batched-bench
[ 95%] Built target llama-eval-callback
[ 96%] Linking CXX executable ../../bin/llama-speculative
[ 96%] Built target llama-batched
[ 96%] Built target llama-simple
[ 96%] Built target llama-lookup-create
[ 97%] Linking CXX executable ../../bin/llama-cli
[ 97%] Built target llama-save-load-state
[ 97%] Built target llama-embedding
[ 97%] Built target llama-gritlm
[ 97%] Built target llama-passkey
[ 97%] Linking CXX executable ../bin/test-backend-ops
[ 97%] Built target llama-parallel
[ 97%] Built target llama-lookahead
[ 97%] Built target llama-llava-cli
[ 97%] Built target llama-lookup-stats
[ 97%] Built target llama-infill
[ 97%] Linking CXX executable ../../bin/llama-imatrix
[ 97%] Built target llama-export-lora
[ 97%] Built target llama-lookup
[ 97%] Built target test-backend-ops
[ 97%] Built target llama-quantize
[ 97%] Built target llama-cvector-generator
[ 97%] Built target llama-retrieval
[ 97%] Built target llama-speculative
[ 97%] Built target llama-cli
/home/ggml/work/llama.cpp/examples/perplexity/perplexity.cpp: In lambda function:
/home/ggml/work/llama.cpp/examples/perplexity/perplexity.cpp:1751:41: note: parameter passing for argument of type ‘std::pair<double, double>’ when C++17 is enabled changed to match C++14 in GCC 10.1
 1751 |             return std::make_pair(0., 0.);
      |                                         ^
[ 97%] Linking CXX executable ../../bin/llama-perplexity
[ 97%] Built target llama-imatrix
[ 97%] Built target llama-perplexity
[ 98%] Linking CXX executable ../bin/test-grammar-integration
[ 98%] Built target test-grammar-integration
[ 99%] Linking CXX executable ../../bin/llama-bench
[ 99%] Built target llama-bench
[100%] Linking CXX executable ../bin/test-json-schema-to-grammar
[100%] Built target test-json-schema-to-grammar
[100%] Linking CXX executable ../../bin/llama-server
[100%] Built target llama-server

real	1m4.226s
user	2m37.252s
sys	0m15.752s
+ ctest --output-on-failure -L main -E test-opt
Test project /home/ggml/work/llama.cpp/build-ci-debug
      Start  1: test-tokenizer-0-bert-bge
 1/25 Test  #1: test-tokenizer-0-bert-bge .........   Passed    0.12 sec
      Start  2: test-tokenizer-0-command-r
 2/25 Test  #2: test-tokenizer-0-command-r ........   Passed    2.80 sec
      Start  3: test-tokenizer-0-deepseek-coder
 3/25 Test  #3: test-tokenizer-0-deepseek-coder ...   Passed    0.34 sec
      Start  4: test-tokenizer-0-deepseek-llm
 4/25 Test  #4: test-tokenizer-0-deepseek-llm .....   Passed    1.02 sec
      Start  5: test-tokenizer-0-falcon
 5/25 Test  #5: test-tokenizer-0-falcon ...........   Passed    0.62 sec
      Start  6: test-tokenizer-0-gpt-2
 6/25 Test  #6: test-tokenizer-0-gpt-2 ............   Passed    0.46 sec
      Start  7: test-tokenizer-0-llama-bpe
 7/25 Test  #7: test-tokenizer-0-llama-bpe ........   Passed    1.88 sec
      Start  8: test-tokenizer-0-llama-spm
 8/25 Test  #8: test-tokenizer-0-llama-spm ........   Passed    0.12 sec
      Start  9: test-tokenizer-0-mpt
 9/25 Test  #9: test-tokenizer-0-mpt ..............   Passed    0.48 sec
      Start 10: test-tokenizer-0-phi-3
10/25 Test #10: test-tokenizer-0-phi-3 ............   Passed    0.12 sec
      Start 11: test-tokenizer-0-qwen2
11/25 Test #11: test-tokenizer-0-qwen2 ............   Passed    1.55 sec
      Start 12: test-tokenizer-0-refact
12/25 Test #12: test-tokenizer-0-refact ...........   Passed    0.47 sec
      Start 13: test-tokenizer-0-starcoder
13/25 Test #13: test-tokenizer-0-starcoder ........   Passed    0.47 sec
      Start 14: test-tokenizer-1-llama-spm
14/25 Test #14: test-tokenizer-1-llama-spm ........   Passed    2.02 sec
      Start 15: test-quantize-fns
15/25 Test #15: test-quantize-fns .................   Passed   32.67 sec
      Start 16: test-quantize-perf
16/25 Test #16: test-quantize-perf ................   Passed    9.91 sec
      Start 17: test-sampling
17/25 Test #17: test-sampling .....................   Passed    0.04 sec
      Start 18: test-chat-template
18/25 Test #18: test-chat-template ................   Passed    0.01 sec
      Start 19: test-grammar-parser
19/25 Test #19: test-grammar-parser ...............   Passed    0.00 sec
      Start 20: test-llama-grammar
20/25 Test #20: test-llama-grammar ................   Passed    0.01 sec
      Start 21: test-grammar-integration
21/25 Test #21: test-grammar-integration ..........   Passed    0.04 sec
      Start 22: test-grad0
22/25 Test #22: test-grad0 ........................   Passed    0.21 sec
      Start 23: test-backend-ops
23/25 Test #23: test-backend-ops ..................   Passed    0.00 sec
      Start 24: test-rope
24/25 Test #24: test-rope .........................   Passed    0.07 sec
      Start 27: test-json-schema-to-grammar
25/25 Test #27: test-json-schema-to-grammar .......   Passed    0.05 sec

100% tests passed, 0 tests failed out of 25

Label Time Summary:
main    =  55.49 sec*proc (25 tests)

Total Test time (real) =  55.50 sec

real	0m55.507s
user	0m59.516s
sys	0m0.473s
