+ cmake -DCMAKE_BUILD_TYPE=Release -DLLAMA_FATAL_WARNINGS=ON ..
-- The C compiler identification is GNU 11.4.0
-- The CXX compiler identification is GNU 11.4.0
-- Detecting C compiler ABI info
-- Detecting C compiler ABI info - done
-- Check for working C compiler: /usr/bin/cc - skipped
-- Detecting C compile features
-- Detecting C compile features - done
-- Detecting CXX compiler ABI info
-- Detecting CXX compiler ABI info - done
-- Check for working CXX compiler: /usr/bin/c++ - skipped
-- Detecting CXX compile features
-- Detecting CXX compile features - done
-- Found Git: /usr/bin/git (found version "2.34.1") 
-- Looking for pthread.h
-- Looking for pthread.h - found
-- Performing Test CMAKE_HAVE_LIBC_PTHREAD
-- Performing Test CMAKE_HAVE_LIBC_PTHREAD - Success
-- Found Threads: TRUE  
-- ccache found, compilation results will be cached. Disable with LLAMA_CCACHE=OFF.
-- CMAKE_SYSTEM_PROCESSOR: aarch64
-- ARM detected
-- Performing Test COMPILER_SUPPORTS_FP16_FORMAT_I3E
-- Performing Test COMPILER_SUPPORTS_FP16_FORMAT_I3E - Failed
-- Configuring done
-- Generating done
-- Build files have been written to: /home/ggml/work/llama.cpp/build-ci-release

real	0m0.802s
user	0m0.387s
sys	0m0.419s
+ make -j
[  1%] Building C object CMakeFiles/ggml.dir/ggml.c.o
[  1%] Building C object CMakeFiles/ggml.dir/ggml-backend.c.o
[  1%] Building C object CMakeFiles/ggml.dir/ggml-quants.c.o
[  2%] Building C object CMakeFiles/ggml.dir/ggml-alloc.c.o
[  3%] Building CXX object common/CMakeFiles/build_info.dir/build-info.cpp.o
[  4%] Building CXX object CMakeFiles/ggml.dir/sgemm.cpp.o
[  4%] Built target ggml
[  5%] Built target build_info
[  7%] Building CXX object CMakeFiles/llama.dir/unicode-data.cpp.o
[  7%] Building CXX object examples/gguf/CMakeFiles/gguf.dir/gguf.cpp.o
[  7%] Building CXX object CMakeFiles/llama.dir/llama.cpp.o
[  8%] Linking CXX static library libggml_static.a
[  9%] Building CXX object CMakeFiles/llama.dir/unicode.cpp.o
[  9%] Linking CXX executable ../../bin/gguf
[  9%] Linking CXX static library libllama.a
[  9%] Built target ggml_static
[  9%] Built target llama
[  9%] Built target gguf
[  9%] Building CXX object examples/llava/CMakeFiles/llava.dir/llava.cpp.o
[ 10%] Building CXX object examples/quantize-stats/CMakeFiles/quantize-stats.dir/quantize-stats.cpp.o
[ 10%] Building C object tests/CMakeFiles/test-c.dir/test-c.c.o
[ 12%] Building CXX object examples/benchmark/CMakeFiles/benchmark.dir/benchmark-matmult.cpp.o
[ 13%] Building CXX object examples/llava/CMakeFiles/llava.dir/clip.cpp.o
[ 13%] Building CXX object common/CMakeFiles/common.dir/grammar-parser.cpp.o
[ 13%] Building CXX object common/CMakeFiles/common.dir/sampling.cpp.o
[ 13%] Building CXX object common/CMakeFiles/common.dir/common.cpp.o
[ 13%] Building CXX object common/CMakeFiles/common.dir/ngram-cache.cpp.o
[ 14%] Building CXX object common/CMakeFiles/common.dir/console.cpp.o
[ 15%] Building CXX object common/CMakeFiles/common.dir/json-schema-to-grammar.cpp.o
[ 16%] Building CXX object common/CMakeFiles/common.dir/train.cpp.o
[ 17%] Linking CXX executable ../bin/test-c
[ 17%] Linking CXX executable ../../bin/quantize-stats
[ 17%] Linking CXX executable ../../bin/benchmark
[ 17%] Built target llava
[ 18%] Linking CXX static library libcommon.a
[ 19%] Linking CXX static library libllava_static.a
[ 19%] Built target test-c
[ 19%] Built target common
[ 19%] Built target llava_static
[ 19%] Built target benchmark
[ 19%] Building CXX object tests/CMakeFiles/test-tokenizer-1-bpe.dir/test-tokenizer-1-bpe.cpp.o
[ 20%] Building CXX object tests/CMakeFiles/test-tokenizer-0.dir/test-tokenizer-0.cpp.o
[ 21%] Building CXX object tests/CMakeFiles/test-quantize-fns.dir/test-quantize-fns.cpp.o
[ 22%] Building CXX object tests/CMakeFiles/test-tokenizer-1-spm.dir/test-tokenizer-1-spm.cpp.o
[ 23%] Building CXX object tests/CMakeFiles/test-quantize-fns.dir/get-model.cpp.o
[ 24%] Building CXX object tests/CMakeFiles/test-grammar-parser.dir/test-grammar-parser.cpp.o
[ 25%] Building CXX object tests/CMakeFiles/test-chat-template.dir/test-chat-template.cpp.o
[ 26%] Building CXX object tests/CMakeFiles/test-grammar-parser.dir/get-model.cpp.o
[ 26%] Built target quantize-stats
[ 27%] Building CXX object tests/CMakeFiles/test-quantize-perf.dir/test-quantize-perf.cpp.o
[ 28%] Building CXX object tests/CMakeFiles/test-quantize-perf.dir/get-model.cpp.o
[ 29%] Building CXX object tests/CMakeFiles/test-sampling.dir/test-sampling.cpp.o
[ 29%] Building CXX object tests/CMakeFiles/test-chat-template.dir/get-model.cpp.o
[ 30%] Building CXX object tests/CMakeFiles/test-sampling.dir/get-model.cpp.o
[ 31%] Building CXX object tests/CMakeFiles/test-llama-grammar.dir/get-model.cpp.o
[ 32%] Building CXX object tests/CMakeFiles/test-llama-grammar.dir/test-llama-grammar.cpp.o
[ 33%] Building CXX object tests/CMakeFiles/test-grammar-integration.dir/test-grammar-integration.cpp.o
[ 34%] Building CXX object tests/CMakeFiles/test-grammar-integration.dir/get-model.cpp.o
[ 35%] Linking CXX executable ../bin/test-tokenizer-1-bpe
[ 36%] Building CXX object tests/CMakeFiles/test-grad0.dir/test-grad0.cpp.o
[ 36%] Linking CXX executable ../bin/test-quantize-fns
[ 36%] Building CXX object tests/CMakeFiles/test-grad0.dir/get-model.cpp.o
[ 36%] Linking CXX executable ../bin/test-tokenizer-1-spm
[ 36%] Linking CXX executable ../bin/test-grammar-parser
[ 36%] Linking CXX executable ../bin/test-sampling
[ 37%] Linking CXX executable ../bin/test-tokenizer-0
[ 37%] Linking CXX executable ../bin/test-quantize-perf
[ 38%] Linking CXX executable ../bin/test-chat-template
[ 39%] Building CXX object tests/CMakeFiles/test-rope.dir/get-model.cpp.o
[ 39%] Building CXX object tests/CMakeFiles/test-backend-ops.dir/test-backend-ops.cpp.o
[ 40%] Building CXX object tests/CMakeFiles/test-rope.dir/test-rope.cpp.o
[ 40%] Linking CXX executable ../bin/test-grammar-integration
[ 41%] Linking CXX executable ../bin/test-grad0
[ 42%] Building CXX object tests/CMakeFiles/test-backend-ops.dir/get-model.cpp.o
[ 42%] Building CXX object tests/CMakeFiles/test-autorelease.dir/test-autorelease.cpp.o
[ 42%] Linking CXX executable ../bin/test-llama-grammar
[ 43%] Building CXX object tests/CMakeFiles/test-json-schema-to-grammar.dir/test-json-schema-to-grammar.cpp.o
[ 44%] Building CXX object tests/CMakeFiles/test-json-schema-to-grammar.dir/get-model.cpp.o
[ 44%] Building CXX object examples/baby-llama/CMakeFiles/baby-llama.dir/baby-llama.cpp.o
[ 45%] Building CXX object tests/CMakeFiles/test-autorelease.dir/get-model.cpp.o
[ 46%] Building CXX object tests/CMakeFiles/test-model-load-cancel.dir/test-model-load-cancel.cpp.o
[ 47%] Building CXX object examples/batched-bench/CMakeFiles/batched-bench.dir/batched-bench.cpp.o
[ 48%] Building CXX object tests/CMakeFiles/test-model-load-cancel.dir/get-model.cpp.o
[ 49%] Linking CXX executable ../bin/test-backend-ops
[ 49%] Linking CXX executable ../bin/test-rope
[ 50%] Building CXX object examples/batched/CMakeFiles/batched.dir/batched.cpp.o
[ 51%] Linking CXX executable ../../bin/baby-llama
[ 52%] Linking CXX executable ../bin/test-autorelease
[ 53%] Building CXX object examples/convert-llama2c-to-ggml/CMakeFiles/convert-llama2c-to-ggml.dir/convert-llama2c-to-ggml.cpp.o
[ 54%] Building CXX object examples/embedding/CMakeFiles/embedding.dir/embedding.cpp.o
[ 54%] Linking CXX executable ../bin/test-json-schema-to-grammar
[ 54%] Building CXX object examples/beam-search/CMakeFiles/beam-search.dir/beam-search.cpp.o
[ 54%] Linking CXX executable ../bin/test-model-load-cancel
[ 54%] Building CXX object examples/eval-callback/CMakeFiles/eval-callback.dir/eval-callback.cpp.o
[ 54%] Built target test-quantize-perf
[ 54%] Linking CXX executable ../../bin/convert-llama2c-to-ggml
[ 55%] Building CXX object examples/finetune/CMakeFiles/finetune.dir/finetune.cpp.o
[ 57%] Building CXX object examples/gguf-split/CMakeFiles/gguf-split.dir/gguf-split.cpp.o
[ 57%] Linking CXX executable ../../bin/batched-bench
[ 58%] Linking CXX executable ../../bin/eval-callback
[ 58%] Building CXX object examples/gritlm/CMakeFiles/gritlm.dir/gritlm.cpp.o
[ 58%] Built target test-grad0
[ 59%] Building CXX object examples/infill/CMakeFiles/infill.dir/infill.cpp.o
[ 60%] Building CXX object examples/llama-bench/CMakeFiles/llama-bench.dir/llama-bench.cpp.o
[ 61%] Linking CXX executable ../../bin/embedding
[ 61%] Linking CXX executable ../../bin/batched
[ 62%] Linking CXX executable ../../bin/finetune
[ 61%] Built target test-grammar-parser
[ 63%] Linking CXX executable ../../bin/beam-search
[ 63%] Building CXX object examples/main/CMakeFiles/main.dir/main.cpp.o
[ 65%] Linking CXX executable ../../bin/gguf-split
[ 66%] Building CXX object examples/llava/CMakeFiles/llava-cli.dir/llava-cli.cpp.o
[ 66%] Building CXX object examples/tokenize/CMakeFiles/tokenize.dir/tokenize.cpp.o
[ 66%] Built target test-quantize-fns
[ 67%] Linking CXX executable ../../bin/infill
[ 68%] Building CXX object examples/parallel/CMakeFiles/parallel.dir/parallel.cpp.o
[ 69%] Linking CXX executable ../../bin/gritlm
[ 69%] Built target test-tokenizer-0
[ 69%] Built target test-tokenizer-1-bpe
[ 70%] Linking CXX executable ../../bin/llama-bench
[ 69%] Built target test-chat-template
[ 70%] Built target test-sampling
[ 70%] Building CXX object examples/quantize/CMakeFiles/quantize.dir/quantize.cpp.o
[ 71%] Building CXX object examples/perplexity/CMakeFiles/perplexity.dir/perplexity.cpp.o
[ 71%] Built target test-tokenizer-1-spm
[ 72%] Building CXX object examples/retrieval/CMakeFiles/retrieval.dir/retrieval.cpp.o
[ 72%] Linking CXX executable ../../bin/llava-cli
[ 72%] Building CXX object examples/save-load-state/CMakeFiles/save-load-state.dir/save-load-state.cpp.o
[ 73%] Linking CXX executable ../../bin/main
[ 73%] Built target test-grammar-integration
[ 73%] Linking CXX executable ../../bin/parallel
[ 73%] Built target test-backend-ops
[ 73%] Built target test-model-load-cancel
[ 74%] Linking CXX executable ../../bin/tokenize
[ 75%] Linking CXX executable ../../bin/retrieval
[ 75%] Linking CXX executable ../../bin/perplexity
[ 76%] Linking CXX executable ../../bin/save-load-state
[ 76%] Built target test-autorelease
[ 76%] Built target test-rope
[ 76%] Built target test-json-schema-to-grammar
[ 76%] Built target finetune
[ 76%] Built target convert-llama2c-to-ggml
[ 77%] Linking CXX executable ../../bin/quantize
[ 78%] Building CXX object examples/simple/CMakeFiles/simple.dir/simple.cpp.o
[ 79%] Building CXX object examples/passkey/CMakeFiles/passkey.dir/passkey.cpp.o
[ 80%] Building CXX object examples/speculative/CMakeFiles/speculative.dir/speculative.cpp.o
[ 80%] Built target test-llama-grammar
[ 80%] Linking CXX executable ../../bin/simple
[ 81%] Building CXX object examples/lookahead/CMakeFiles/lookahead.dir/lookahead.cpp.o
[ 81%] Built target embedding
[ 81%] Built target eval-callback
[ 82%] Linking CXX executable ../../bin/speculative
[ 82%] Linking CXX executable ../../bin/lookahead
[ 83%] Building CXX object examples/lookup/CMakeFiles/lookup.dir/lookup.cpp.o
[ 84%] Linking CXX executable ../../bin/passkey
[ 84%] Building CXX object examples/lookup/CMakeFiles/lookup-create.dir/lookup-create.cpp.o
[ 85%] Building CXX object examples/lookup/CMakeFiles/lookup-merge.dir/lookup-merge.cpp.o
[ 86%] Generating json-schema-to-grammar.mjs.hpp
[ 86%] Built target baby-llama
[ 86%] Generating index.js.hpp
[ 86%] Built target batched
[ 87%] Linking CXX executable ../../bin/lookup
[ 88%] Generating index.html.hpp
[ 88%] Built target llava-cli
[ 88%] Built target batched-bench
[ 89%] Built target beam-search
[ 89%] Built target gguf-split
[ 89%] Generating completion.js.hpp
[ 90%] Linking CXX executable ../../bin/lookup-create
[ 90%] Built target llama-bench
[ 90%] Built target gritlm
[ 90%] Linking CXX executable ../../bin/lookup-merge
[ 90%] Building CXX object examples/train-text-from-scratch/CMakeFiles/train-text-from-scratch.dir/train-text-from-scratch.cpp.o
[ 91%] Building CXX object examples/lookup/CMakeFiles/lookup-stats.dir/lookup-stats.cpp.o
[ 91%] Built target parallel
[ 92%] Building CXX object examples/export-lora/CMakeFiles/export-lora.dir/export-lora.cpp.o
[ 92%] Built target save-load-state
[ 92%] Built target infill
[ 93%] Building CXX object examples/imatrix/CMakeFiles/imatrix.dir/imatrix.cpp.o
[ 93%] Built target main
[ 93%] Built target tokenize
[ 94%] Linking CXX executable ../../bin/train-text-from-scratch
[ 94%] Built target retrieval
[ 94%] Built target simple
[ 94%] Building CXX object examples/server/CMakeFiles/server.dir/server.cpp.o
[ 95%] Linking CXX executable ../../bin/lookup-stats
[ 95%] Linking CXX executable ../../bin/export-lora
[ 95%] Built target passkey
[ 95%] Linking CXX executable ../../bin/imatrix
[ 95%] Built target lookup-merge
[ 95%] Built target perplexity
[ 95%] Built target quantize
[ 96%] Building CXX object pocs/vdot/CMakeFiles/vdot.dir/vdot.cpp.o
[ 96%] Built target speculative
[ 96%] Built target lookahead
[ 96%] Built target lookup
[ 97%] Building CXX object pocs/vdot/CMakeFiles/q8dot.dir/q8dot.cpp.o
[ 98%] Linking CXX executable ../../bin/server
[ 98%] Built target lookup-create
[ 99%] Linking CXX executable ../../bin/vdot
[100%] Linking CXX executable ../../bin/q8dot
[100%] Built target export-lora
[100%] Built target train-text-from-scratch
[100%] Built target vdot
[100%] Built target q8dot
[100%] Built target imatrix
[100%] Built target lookup-stats
[100%] Built target server

real	0m2.040s
user	0m7.929s
sys	0m5.835s
+ ctest --output-on-failure -L main
Test project /home/ggml/work/llama.cpp/build-ci-release
      Start  1: test-tokenizer-0-llama-spm
 1/20 Test  #1: test-tokenizer-0-llama-spm .......   Passed    0.06 sec
      Start  2: test-tokenizer-0-llama-bpe
 2/20 Test  #2: test-tokenizer-0-llama-bpe .......   Passed    0.78 sec
      Start  3: test-tokenizer-0-phi-3
 3/20 Test  #3: test-tokenizer-0-phi-3 ...........   Passed    0.06 sec
      Start  4: test-tokenizer-0-falcon
 4/20 Test  #4: test-tokenizer-0-falcon ..........   Passed    0.28 sec
      Start  5: test-tokenizer-0-bert-bge
 5/20 Test  #5: test-tokenizer-0-bert-bge ........   Passed    0.13 sec
      Start  6: test-tokenizer-0-starcoder
 6/20 Test  #6: test-tokenizer-0-starcoder .......   Passed    0.23 sec
      Start  7: test-tokenizer-0-gpt-2
 7/20 Test  #7: test-tokenizer-0-gpt-2 ...........   Passed    0.23 sec
      Start  8: test-tokenizer-0-refact
 8/20 Test  #8: test-tokenizer-0-refact ..........   Passed    0.23 sec
      Start  9: test-tokenizer-1-llama-spm
 9/20 Test  #9: test-tokenizer-1-llama-spm .......   Passed    0.41 sec
      Start 10: test-quantize-fns
10/20 Test #10: test-quantize-fns ................   Passed   20.49 sec
      Start 11: test-quantize-perf
11/20 Test #11: test-quantize-perf ...............   Passed    5.54 sec
      Start 12: test-sampling
12/20 Test #12: test-sampling ....................   Passed    0.01 sec
      Start 13: test-chat-template
13/20 Test #13: test-chat-template ...............   Passed    0.00 sec
      Start 14: test-grammar-parser
14/20 Test #14: test-grammar-parser ..............   Passed    0.00 sec
      Start 15: test-llama-grammar
15/20 Test #15: test-llama-grammar ...............   Passed    0.00 sec
      Start 16: test-grammar-integration
16/20 Test #16: test-grammar-integration .........   Passed    0.01 sec
      Start 17: test-grad0
17/20 Test #17: test-grad0 .......................   Passed    3.04 sec
      Start 18: test-backend-ops
18/20 Test #18: test-backend-ops .................   Passed    0.00 sec
      Start 19: test-rope
19/20 Test #19: test-rope ........................   Passed    0.05 sec
      Start 22: test-json-schema-to-grammar
20/20 Test #22: test-json-schema-to-grammar ......   Passed    1.53 sec

100% tests passed, 0 tests failed out of 20

Label Time Summary:
main    =  33.09 sec*proc (20 tests)

Total Test time (real) =  33.10 sec

real	0m33.117s
user	0m34.339s
sys	0m4.515s
