+ ctest --output-on-failure -L main -E test-opt
Test project /Users/ggml/work/llama.cpp/build-ci-debug
      Start  1: test-quantize-fns
 1/21 Test  #1: test-quantize-fns ...................   Passed    4.84 sec
      Start  2: test-quantize-perf
 2/21 Test  #2: test-quantize-perf ..................   Passed    0.73 sec
      Start  3: test-sampling
 3/21 Test  #3: test-sampling .......................   Passed    0.22 sec
      Start  4: test-chat-template
 4/21 Test  #4: test-chat-template ..................   Passed    0.20 sec
      Start  5: test-tokenizer-0-llama
 5/21 Test  #5: test-tokenizer-0-llama ..............   Passed    0.35 sec
      Start  6: test-tokenizer-0-falcon
 6/21 Test  #6: test-tokenizer-0-falcon .............   Passed    1.01 sec
      Start  7: test-tokenizer-1-llama
 7/21 Test  #7: test-tokenizer-1-llama ..............   Passed    3.17 sec
      Start  8: test-tokenizer-1-baichuan
 8/21 Test  #8: test-tokenizer-1-baichuan ...........   Passed    3.22 sec
      Start  9: test-tokenizer-1-falcon
 9/21 Test  #9: test-tokenizer-1-falcon .............   Passed    6.22 sec
      Start 10: test-tokenizer-1-aquila
10/21 Test #10: test-tokenizer-1-aquila .............   Passed    8.61 sec
      Start 11: test-tokenizer-1-mpt
11/21 Test #11: test-tokenizer-1-mpt ................   Passed    4.98 sec
      Start 12: test-tokenizer-1-stablelm-3b-4e1t
12/21 Test #12: test-tokenizer-1-stablelm-3b-4e1t ...   Passed    5.01 sec
      Start 13: test-tokenizer-1-gpt-neox
13/21 Test #13: test-tokenizer-1-gpt-neox ...........   Passed    4.99 sec
      Start 14: test-tokenizer-1-refact
14/21 Test #14: test-tokenizer-1-refact .............   Passed    4.79 sec
      Start 15: test-tokenizer-1-starcoder
15/21 Test #15: test-tokenizer-1-starcoder ..........   Passed    4.80 sec
      Start 16: test-tokenizer-1-gpt2
16/21 Test #16: test-tokenizer-1-gpt2 ...............   Passed    5.03 sec
      Start 17: test-grammar-parser
17/21 Test #17: test-grammar-parser .................   Passed    0.18 sec
      Start 18: test-llama-grammar
18/21 Test #18: test-llama-grammar ..................   Passed    0.20 sec
      Start 19: test-grad0
19/21 Test #19: test-grad0 ..........................   Passed    0.84 sec
      Start 20: test-backend-ops
20/21 Test #20: test-backend-ops ....................Subprocess aborted***Exception:  11.48 sec
ggml_backend_register: registered backend CPU
ggml_backend_register: registered backend Metal
Testing 2 backends

Backend 1/2 (CPU)
  Backend name: CPU
  ABS(type=f32,ne=[128,10,10,10]): [1;32mOK[0m
  SGN(type=f32,ne=[128,10,10,10]): [1;32mOK[0m
  NEG(type=f32,ne=[128,10,10,10]): [1;32mOK[0m
  STEP(type=f32,ne=[128,10,10,10]): [1;32mOK[0m
  TANH(type=f32,ne=[128,10,10,10]): [1;32mOK[0m
  ELU(type=f32,ne=[128,10,10,10]): [1;32mOK[0m
  RELU(type=f32,ne=[128,10,10,10]): [1;32mOK[0m
  GELU(type=f32,ne=[128,10,10,10]): [1;32mOK[0m
  GELU_QUICK(type=f32,ne=[128,10,10,10]): [1;32mOK[0m
  SILU(type=f32,ne=[128,10,10,10]): [1;32mOK[0m
  HARDSWISH(type=f32,ne=[128,10,10,10]): [1;32mOK[0m
  HARDSIGMOID(type=f32,ne=[128,10,10,10]): [1;32mOK[0m
  GET_ROWS(type=f32,n=1,m=8,r=2,b=1,v=0): [1;32mOK[0m
  GET_ROWS(type=f32,n=256,m=5,r=4,b=1,v=0): [1;32mOK[0m
  GET_ROWS(type=f32,n=256,m=5,r=4,b=1,v=1): [1;32mOK[0m
  GET_ROWS(type=f32,n=256,m=5,r=4,b=7,v=0): [1;32mOK[0m
  GET_ROWS(type=f32,n=256,m=5,r=4,b=7,v=1): [1;32mOK[0m
  GET_ROWS(type=f16,n=256,m=5,r=4,b=1,v=0): [1;32mOK[0m
  GET_ROWS(type=f16,n=256,m=5,r=4,b=1,v=1): [1;32mOK[0m
  GET_ROWS(type=f16,n=256,m=5,r=4,b=7,v=0): [1;32mOK[0m
  GET_ROWS(type=f16,n=256,m=5,r=4,b=7,v=1): [1;32mOK[0m
  GET_ROWS(type=q4_0,n=256,m=5,r=4,b=1,v=0): [1;32mOK[0m
  GET_ROWS(type=q4_0,n=256,m=5,r=4,b=1,v=1): [1;32mOK[0m
  GET_ROWS(type=q4_0,n=256,m=5,r=4,b=7,v=0): [1;32mOK[0m
  GET_ROWS(type=q4_0,n=256,m=5,r=4,b=7,v=1): [1;32mOK[0m
  GET_ROWS(type=q4_1,n=256,m=5,r=4,b=1,v=0): [1;32mOK[0m
  GET_ROWS(type=q4_1,n=256,m=5,r=4,b=1,v=1): [1;32mOK[0m
  GET_ROWS(type=q4_1,n=256,m=5,r=4,b=7,v=0): [1;32mOK[0m
  GET_ROWS(type=q4_1,n=256,m=5,r=4,b=7,v=1): [1;32mOK[0m
  GET_ROWS(type=q5_0,n=256,m=5,r=4,b=1,v=0): [1;32mOK[0m
  GET_ROWS(type=q5_0,n=256,m=5,r=4,b=1,v=1): [1;32mOK[0m
  GET_ROWS(type=q5_0,n=256,m=5,r=4,b=7,v=0): [1;32mOK[0m
  GET_ROWS(type=q5_0,n=256,m=5,r=4,b=7,v=1): [1;32mOK[0m
  GET_ROWS(type=q5_1,n=256,m=5,r=4,b=1,v=0): [1;32mOK[0m
  GET_ROWS(type=q5_1,n=256,m=5,r=4,b=1,v=1): [1;32mOK[0m
  GET_ROWS(type=q5_1,n=256,m=5,r=4,b=7,v=0): [1;32mOK[0m
  GET_ROWS(type=q5_1,n=256,m=5,r=4,b=7,v=1): [1;32mOK[0m
  GET_ROWS(type=q8_0,n=256,m=5,r=4,b=1,v=0): [1;32mOK[0m
  GET_ROWS(type=q8_0,n=256,m=5,r=4,b=1,v=1): [1;32mOK[0m
  GET_ROWS(type=q8_0,n=256,m=5,r=4,b=7,v=0): [1;32mOK[0m
  GET_ROWS(type=q8_0,n=256,m=5,r=4,b=7,v=1): [1;32mOK[0m
  GET_ROWS(type=q2_K,n=256,m=5,r=4,b=1,v=0): [1;32mOK[0m
  GET_ROWS(type=q2_K,n=256,m=5,r=4,b=1,v=1): [1;32mOK[0m
  GET_ROWS(type=q2_K,n=256,m=5,r=4,b=7,v=0): [1;32mOK[0m
  GET_ROWS(type=q2_K,n=256,m=5,r=4,b=7,v=1): [1;32mOK[0m
  GET_ROWS(type=q3_K,n=256,m=5,r=4,b=1,v=0): [1;32mOK[0m
  GET_ROWS(type=q3_K,n=256,m=5,r=4,b=1,v=1): [1;32mOK[0m
  GET_ROWS(type=q3_K,n=256,m=5,r=4,b=7,v=0): [1;32mOK[0m
  GET_ROWS(type=q3_K,n=256,m=5,r=4,b=7,v=1): [1;32mOK[0m
  GET_ROWS(type=q4_K,n=256,m=5,r=4,b=1,v=0): [1;32mOK[0m
  GET_ROWS(type=q4_K,n=256,m=5,r=4,b=1,v=1): [1;32mOK[0m
  GET_ROWS(type=q4_K,n=256,m=5,r=4,b=7,v=0): [1;32mOK[0m
  GET_ROWS(type=q4_K,n=256,m=5,r=4,b=7,v=1): [1;32mOK[0m
  GET_ROWS(type=q5_K,n=256,m=5,r=4,b=1,v=0): [1;32mOK[0m
  GET_ROWS(type=q5_K,n=256,m=5,r=4,b=1,v=1): [1;32mOK[0m
  GET_ROWS(type=q5_K,n=256,m=5,r=4,b=7,v=0): [1;32mOK[0m
  GET_ROWS(type=q5_K,n=256,m=5,r=4,b=7,v=1): [1;32mOK[0m
  GET_ROWS(type=q6_K,n=256,m=5,r=4,b=1,v=0): [1;32mOK[0m
  GET_ROWS(type=q6_K,n=256,m=5,r=4,b=1,v=1): [1;32mOK[0m
  GET_ROWS(type=q6_K,n=256,m=5,r=4,b=7,v=0): [1;32mOK[0m
  GET_ROWS(type=q6_K,n=256,m=5,r=4,b=7,v=1): [1;32mOK[0m
  GET_ROWS(type=iq2_xxs,n=256,m=5,r=4,b=1,v=0): ================================================================= iq2xs_init_impl(grid_size = 256)
iq2xs_init_impl: 373964 neighbours in total
[1;32mOK[0m
  GET_ROWS(type=iq2_xxs,n=256,m=5,r=4,b=1,v=1): [1;32mOK[0m
  GET_ROWS(type=iq2_xxs,n=256,m=5,r=4,b=7,v=0): [1;32mOK[0m
  GET_ROWS(type=iq2_xxs,n=256,m=5,r=4,b=7,v=1): [1;32mOK[0m
  GET_ROWS(type=iq2_xs,n=256,m=5,r=4,b=1,v=0): ================================================================= iq2xs_init_impl(grid_size = 512)
iq2xs_init_impl: 508542 neighbours in total
[1;32mOK[0m
  GET_ROWS(type=iq2_xs,n=256,m=5,r=4,b=1,v=1): [1;32mOK[0m
  GET_ROWS(type=iq2_xs,n=256,m=5,r=4,b=7,v=0): [1;32mOK[0m
  GET_ROWS(type=iq2_xs,n=256,m=5,r=4,b=7,v=1): [1;32mOK[0m
  GET_ROWS(type=iq3_xxs,n=256,m=5,r=4,b=1,v=0): ================================================================= iq3xs_init_impl(grid_size = 256)
iq3xs_init_impl: 18985 neighbours in total
[1;32mOK[0m
  GET_ROWS(type=iq3_xxs,n=256,m=5,r=4,b=1,v=1): [1;32mOK[0m
  GET_ROWS(type=iq3_xxs,n=256,m=5,r=4,b=7,v=0): [1;32mOK[0m
  GET_ROWS(type=iq3_xxs,n=256,m=5,r=4,b=7,v=1): [1;32mOK[0m
  GET_ROWS(type=iq1_s,n=256,m=5,r=4,b=1,v=0): ================================================================= iq2xs_init_impl(grid_size = 512)
iq2xs_init_impl: 534045 neighbours in total
[1;32mOK[0m
  GET_ROWS(type=iq1_s,n=256,m=5,r=4,b=1,v=1): [1;32mOK[0m
  GET_ROWS(type=iq1_s,n=256,m=5,r=4,b=7,v=0): [1;32mOK[0m
  GET_ROWS(type=iq1_s,n=256,m=5,r=4,b=7,v=1): [1;32mOK[0m
  GET_ROWS(type=iq4_nl,n=256,m=5,r=4,b=1,v=0): GGML_ASSERT: /Users/ggml/work/llama.cpp/ggml.c:11440: false

      Start 21: test-rope
21/21 Test #21: test-rope ...........................   Passed    0.28 sec

95% tests passed, 1 tests failed out of 21

Label Time Summary:
main    =  71.14 sec*proc (21 tests)

Total Test time (real) =  71.15 sec

The following tests FAILED:
	 20 - test-backend-ops (Subprocess aborted)
Errors while running CTest
