+ cmake -DCMAKE_BUILD_TYPE=Debug ..
-- The C compiler identification is GNU 8.3.0
-- The CXX compiler identification is GNU 8.3.0
-- Detecting C compiler ABI info
-- Detecting C compiler ABI info - done
-- Check for working C compiler: /usr/bin/cc - skipped
-- Detecting C compile features
-- Detecting C compile features - done
-- Detecting CXX compiler ABI info
-- Detecting CXX compiler ABI info - done
-- Check for working CXX compiler: /usr/bin/c++ - skipped
-- Detecting CXX compile features
-- Detecting CXX compile features - done
-- Found Git: /usr/bin/git (found version "2.20.1") 
-- Performing Test CMAKE_HAVE_LIBC_PTHREAD
-- Performing Test CMAKE_HAVE_LIBC_PTHREAD - Failed
-- Looking for pthread_create in pthreads
-- Looking for pthread_create in pthreads - not found
-- Looking for pthread_create in pthread
-- Looking for pthread_create in pthread - found
-- Found Threads: TRUE  
-- CMAKE_SYSTEM_PROCESSOR: loongarch64
GNU ld (GNU Binutils for Loongnix) 2.31.1-system.20190122
-- x86 detected
-- Linux detected
-- x86 detected
-- Linux detected
-- Configuring done (0.8s)
-- Generating done (0.1s)
-- Build files have been written to: /home/loongson/work/ggml/build-ci-debug

real	0m0.972s
user	0m0.769s
sys	0m0.213s
+ make -j
[  2%] Building C object src/CMakeFiles/ggml.dir/ggml.c.o
[  2%] Building C object src/CMakeFiles/ggml.dir/ggml-backend.c.o
[  5%] Building C object src/CMakeFiles/ggml.dir/ggml-quants.c.o
[  5%] Building C object src/CMakeFiles/ggml.dir/ggml-alloc.c.o
[  5%] Building CXX object examples/CMakeFiles/common.dir/common.cpp.o
[  6%] Linking C shared library libggml.so
[  6%] Built target ggml
[  7%] Building C object tests/CMakeFiles/test-vec0.dir/test-vec0.c.o
[  8%] Building CXX object tests/CMakeFiles/test-opt.dir/test-opt.cpp.o
[  9%] Building C object tests/CMakeFiles/test-mul-mat0.dir/test-mul-mat0.c.o
[ 10%] Building C object tests/CMakeFiles/test0.dir/test0.c.o
[ 12%] Building CXX object tests/CMakeFiles/test-grad0.dir/test-grad0.cpp.o
[ 12%] Building CXX object tests/CMakeFiles/test-quantize-fns.dir/test-quantize-fns.cpp.o
[ 14%] Building C object tests/CMakeFiles/test-rel-pos.dir/test-rel-pos.c.o
[ 14%] Building C object tests/CMakeFiles/test-dup.dir/test-dup.c.o
[ 15%] Building CXX object tests/CMakeFiles/test-timestep_embedding.dir/test-timestep_embedding.cpp.o
[ 16%] Building C object tests/CMakeFiles/test2.dir/test2.c.o
[ 20%] Building CXX object tests/CMakeFiles/test-conv2d.dir/test-conv2d.cpp.o
[ 20%] Building CXX object tests/CMakeFiles/test-backend-buffer.dir/test-backend-buffer.cpp.o
[ 20%] Building CXX object tests/CMakeFiles/test-quantize-perf.dir/test-quantize-perf.cpp.o
[ 21%] Building CXX object tests/CMakeFiles/test-mul-mat.dir/test-mul-mat.cpp.o
[ 22%] Building C object tests/CMakeFiles/test-conv-transpose.dir/test-conv-transpose.c.o
[ 23%] Building C object tests/CMakeFiles/test-pool.dir/test-pool.c.o
[ 24%] Building CXX object tests/CMakeFiles/test-arange.dir/test-arange.cpp.o
[ 25%] Building C object tests/CMakeFiles/test1.dir/test1.c.o
[ 26%] Building C object tests/CMakeFiles/test3.dir/test3.c.o
[ 27%] Building C object tests/CMakeFiles/test-mul-mat2.dir/test-mul-mat2.c.o
[ 28%] Building C object tests/CMakeFiles/test-customop.dir/test-customop.c.o
[ 29%] Building CXX object tests/CMakeFiles/test-conv1d.dir/test-conv1d.cpp.o
[ 30%] Building CXX object examples/simple/CMakeFiles/simple-ctx.dir/simple-ctx.cpp.o
[ 31%] Building CXX object tests/CMakeFiles/test-backend-ops.dir/test-backend-ops.cpp.o
[ 32%] Building CXX object examples/CMakeFiles/common-ggml.dir/common-ggml.cpp.o
[ 33%] Building CXX object examples/simple/CMakeFiles/simple-backend.dir/simple-backend.cpp.o
[ 34%] Building CXX object examples/mnist/CMakeFiles/mnist-cpu.dir/main-cpu.cpp.o
[ 35%] Building CXX object examples/whisper/CMakeFiles/whisper-cpp.dir/whisper.cpp.o
[ 36%] Linking C executable ../bin/test-vec0
[ 37%] Linking C executable ../bin/test0
[ 38%] Linking C executable ../bin/test-rel-pos
[ 40%] Linking C executable ../bin/test-dup
[ 41%] Linking CXX executable ../bin/test-arange
[ 42%] Linking C executable ../bin/test-conv-transpose
[ 43%] Linking CXX executable ../bin/test-backend-buffer
[ 45%] Linking C executable ../bin/test-pool
[ 45%] Linking C executable ../bin/test-customop
[ 46%] Linking C executable ../bin/test2
[ 47%] Linking C executable ../bin/test3
[ 47%] Built target test0
[ 47%] Built target test-vec0
[ 48%] Linking C executable ../bin/test-mul-mat0
[ 48%] Built target test-dup
[ 49%] Linking C executable ../bin/test1
[ 49%] Built target test-rel-pos
[ 50%] Linking CXX executable ../bin/test-opt
[ 50%] Built target test-pool
[ 50%] Built target test-conv-transpose
[ 50%] Built target test-customop
[ 50%] Built target test2
[ 50%] Built target test3
[ 50%] Built target test-mul-mat0
[ 50%] Built target test-backend-buffer
[ 50%] Built target test-arange
[ 50%] Built target test1
[ 51%] Linking C executable ../bin/test-mul-mat2
[ 51%] Built target test-opt
[ 51%] Built target test-mul-mat2
[ 52%] Linking CXX executable ../bin/test-grad0
[ 53%] Linking CXX executable ../bin/test-timestep_embedding
[ 53%] Built target test-grad0
[ 53%] Built target test-timestep_embedding
[ 54%] Linking CXX executable ../bin/test-quantize-fns
[ 54%] Built target test-quantize-fns
/home/loongson/work/ggml/tests/test-conv2d.cpp:24:13: warning: ‘void ggml_log_callback_default(ggml_log_level, const char*, void*)’ defined but not used [-Wunused-function]
 static void ggml_log_callback_default(ggml_log_level level, const char * text, void * user_data) {
             ^~~~~~~~~~~~~~~~~~~~~~~~~
/home/loongson/work/ggml/tests/test-conv1d.cpp:24:13: warning: ‘void ggml_log_callback_default(ggml_log_level, const char*, void*)’ defined but not used [-Wunused-function]
 static void ggml_log_callback_default(ggml_log_level level, const char * text, void * user_data) {
             ^~~~~~~~~~~~~~~~~~~~~~~~~
[ 55%] Linking CXX executable ../../bin/simple-ctx
[ 56%] Linking CXX executable ../bin/test-mul-mat
[ 57%] Linking CXX executable ../../bin/simple-backend
[ 58%] Linking CXX executable ../bin/test-conv2d
[ 60%] Linking CXX executable ../bin/test-conv1d
[ 60%] Built target simple-ctx
[ 61%] Linking CXX executable ../../bin/mnist-cpu
[ 61%] Built target simple-backend
[ 61%] Built target test-mul-mat
[ 61%] Built target test-conv2d
[ 61%] Built target test-conv1d
[ 61%] Built target mnist-cpu
[ 62%] Linking CXX executable ../bin/test-quantize-perf
[ 62%] Built target test-quantize-perf
[ 63%] Linking CXX executable ../bin/test-backend-ops
[ 63%] Built target test-backend-ops
[ 64%] Linking CXX static library libcommon.a
[ 64%] Built target common
[ 65%] Building CXX object examples/mnist/CMakeFiles/mnist-cnn.dir/main-cnn.cpp.o
[ 67%] Building CXX object examples/mnist/CMakeFiles/mnist.dir/main.cpp.o
[ 67%] Building CXX object examples/sam/CMakeFiles/sam.dir/main.cpp.o
[ 68%] Building CXX object examples/yolo/CMakeFiles/yolov3-tiny.dir/yolo-image.cpp.o
[ 69%] Building CXX object examples/yolo/CMakeFiles/yolov3-tiny.dir/yolov3-tiny.cpp.o
[ 70%] Linking CXX static library libcommon-ggml.a
[ 70%] Built target common-ggml
[ 72%] Building CXX object examples/gpt-2/CMakeFiles/gpt-2-batched.dir/main-batched.cpp.o
[ 72%] Building CXX object examples/gpt-2/CMakeFiles/gpt-2-alloc.dir/main-alloc.cpp.o
[ 73%] Building CXX object examples/gpt-2/CMakeFiles/gpt-2-sched.dir/main-sched.cpp.o
[ 74%] Building CXX object examples/gpt-2/CMakeFiles/gpt-2-ctx.dir/main-ctx.cpp.o
[ 75%] Building CXX object examples/whisper/CMakeFiles/whisper-quantize.dir/quantize.cpp.o
[ 77%] Building CXX object examples/gpt-2/CMakeFiles/gpt-2-quantize.dir/quantize.cpp.o
[ 77%] Building CXX object examples/magika/CMakeFiles/magika.dir/main.cpp.o
[ 81%] Building CXX object examples/gpt-j/CMakeFiles/gpt-j-quantize.dir/quantize.cpp.o
[ 81%] Building CXX object examples/gpt-2/CMakeFiles/gpt-2-backend.dir/main-backend.cpp.o
[ 81%] Building CXX object examples/gpt-j/CMakeFiles/gpt-j.dir/main.cpp.o
[ 82%] Linking CXX executable ../../bin/magika
[ 82%] Built target magika
[ 83%] Linking CXX executable ../../bin/mnist-cnn
[ 84%] Linking CXX executable ../../bin/mnist
[ 84%] Built target mnist-cnn
[ 84%] Built target mnist
[ 85%] Linking CXX executable ../../bin/yolov3-tiny
[ 85%] Built target yolov3-tiny
[ 86%] Linking CXX executable ../../bin/whisper-quantize
[ 87%] Linking CXX executable ../../bin/gpt-2-quantize
[ 88%] Linking CXX executable ../../bin/gpt-j-quantize
[ 89%] Linking CXX executable ../../bin/gpt-2-ctx
[ 90%] Linking CXX executable ../../bin/gpt-2-backend
[ 91%] Linking CXX executable ../../bin/gpt-j
[ 91%] Built target whisper-quantize
[ 91%] Built target gpt-2-quantize
[ 91%] Built target gpt-j-quantize
[ 92%] Linking CXX executable ../../bin/gpt-2-alloc
[ 92%] Built target gpt-j
[ 92%] Built target gpt-2-backend
[ 93%] Linking CXX executable ../../bin/gpt-2-batched
[ 93%] Built target gpt-2-ctx
[ 93%] Built target gpt-2-alloc
[ 94%] Linking CXX executable ../../bin/gpt-2-sched
[ 94%] Built target gpt-2-batched
[ 94%] Built target gpt-2-sched
[ 95%] Linking CXX executable ../../bin/sam
[ 95%] Built target sam
[ 96%] Linking CXX static library libwhisper-cpp.a
[ 96%] Built target whisper-cpp
[ 98%] Building CXX object examples/whisper/CMakeFiles/whisper.dir/main.cpp.o
[ 98%] Building CXX object examples/whisper/CMakeFiles/whisper.dir/grammar-parser.cpp.o
[100%] Linking CXX executable ../../bin/whisper
[100%] Built target whisper

real	0m17.721s
user	1m15.613s
sys	0m4.853s
+ ctest --output-on-failure -E test-opt
Test project /home/loongson/work/ggml/build-ci-debug
      Start  1: test-grad0
 1/21 Test  #1: test-grad0 .......................   Passed  145.01 sec
      Start  2: test-quantize-fns
 2/21 Test  #2: test-quantize-fns ................   Passed  103.53 sec
      Start  3: test-quantize-perf
 3/21 Test  #3: test-quantize-perf ...............   Passed   31.01 sec
      Start  4: test-mul-mat0
 4/21 Test  #4: test-mul-mat0 ....................   Passed    0.57 sec
      Start  5: test-mul-mat2
 5/21 Test  #5: test-mul-mat2 ....................   Passed   17.10 sec
      Start  6: test0
 6/21 Test  #6: test0 ............................   Passed    0.02 sec
      Start  7: test1
 7/21 Test  #7: test1 ............................   Passed    0.04 sec
      Start  8: test2
 8/21 Test  #8: test2 ............................   Passed    1.11 sec
      Start  9: test3
 9/21 Test  #9: test3 ............................   Passed    0.17 sec
      Start 10: test-pool
10/21 Test #10: test-pool ........................   Passed    0.02 sec
      Start 11: test-arange
11/21 Test #11: test-arange ......................   Passed    0.02 sec
      Start 12: test-timestep_embedding
12/21 Test #12: test-timestep_embedding ..........   Passed    0.02 sec
      Start 13: test-conv-transpose
13/21 Test #13: test-conv-transpose ..............   Passed    0.02 sec
      Start 14: test-dup
14/21 Test #14: test-dup .........................   Passed    0.02 sec
      Start 15: test-rel-pos
15/21 Test #15: test-rel-pos .....................   Passed    0.02 sec
      Start 16: test-customop
16/21 Test #16: test-customop ....................   Passed    0.02 sec
      Start 17: test-conv1d
17/21 Test #17: test-conv1d ......................   Passed    0.02 sec
      Start 18: test-conv2d
18/21 Test #18: test-conv2d ......................   Passed    0.02 sec
      Start 19: test-mul-mat
19/21 Test #19: test-mul-mat .....................   Passed    0.02 sec
      Start 20: test-backend-buffer
20/21 Test #20: test-backend-buffer ..............   Passed    0.02 sec
      Start 21: test-backend-ops
21/21 Test #21: test-backend-ops .................   Passed    0.00 sec

100% tests passed, 0 tests failed out of 21

Total Test time (real) = 298.81 sec

real	4m58.817s
user	7m45.210s
sys	0m0.643s
