+ cmake -DCMAKE_BUILD_TYPE=Release ..
-- The C compiler identification is GNU 11.4.0
-- The CXX compiler identification is GNU 11.4.0
-- Detecting C compiler ABI info
-- Detecting C compiler ABI info - done
-- Check for working C compiler: /usr/bin/cc - skipped
-- Detecting C compile features
-- Detecting C compile features - done
-- Detecting CXX compiler ABI info
-- Detecting CXX compiler ABI info - done
-- Check for working CXX compiler: /usr/bin/c++ - skipped
-- Detecting CXX compile features
-- Detecting CXX compile features - done
-- Performing Test CMAKE_HAVE_LIBC_PTHREAD
-- Performing Test CMAKE_HAVE_LIBC_PTHREAD - Success
-- Found Threads: TRUE
-- Found OpenMP_C: -fopenmp (found version "4.5")
-- Found OpenMP_CXX: -fopenmp (found version "4.5")
-- Found OpenMP: TRUE (found version "4.5")
-- OpenMP found
-- ccache found, compilation results will be cached. Disable with GGML_CCACHE=OFF.
-- CMAKE_SYSTEM_PROCESSOR: x86_64
-- x86 detected
-- x86 detected
-- Linux detected
-- Configuring done (0.5s)
-- Generating done (0.0s)
-- Build files have been written to: /home/ggml/work/ggml/build-ci-release

real	0m0.647s
user	0m0.502s
sys	0m0.149s
+ make -j
[  1%] Building C object src/CMakeFiles/ggml.dir/ggml.c.o
[  2%] Building C object src/CMakeFiles/ggml.dir/ggml-alloc.c.o
[  5%] Building C object src/CMakeFiles/ggml.dir/ggml-aarch64.c.o
[  5%] Building C object src/CMakeFiles/ggml.dir/ggml-backend.c.o
[  5%] Building CXX object examples/CMakeFiles/common.dir/common.cpp.o
[  6%] Building C object src/CMakeFiles/ggml.dir/ggml-quants.c.o
[  7%] Linking CXX static library libcommon.a
[  8%] Linking C shared library libggml.so
[  8%] Built target common
[  8%] Built target ggml
[  9%] Building C object tests/CMakeFiles/test-vec0.dir/test-vec0.c.o
[ 10%] Building C object tests/CMakeFiles/test-vec1.dir/test-vec1.c.o
[ 12%] Building CXX object tests/CMakeFiles/test-quantize-fns.dir/test-quantize-fns.cpp.o
[ 12%] Building CXX object tests/CMakeFiles/test-opt.dir/test-opt.cpp.o
[ 13%] Building CXX object tests/CMakeFiles/test-grad0.dir/test-grad0.cpp.o
[ 15%] Building CXX object tests/CMakeFiles/test-quantize-perf.dir/test-quantize-perf.cpp.o
[ 16%] Building C object tests/CMakeFiles/test-mul-mat0.dir/test-mul-mat0.c.o
[ 17%] Building C object tests/CMakeFiles/test-mul-mat2.dir/test-mul-mat2.c.o
[ 18%] Building C object tests/CMakeFiles/test0.dir/test0.c.o
[ 19%] Linking C executable ../bin/test-vec0
[ 20%] Linking CXX executable ../bin/test-opt
[ 21%] Linking C executable ../bin/test-mul-mat0
[ 22%] Linking C executable ../bin/test-vec1
[ 23%] Building C object tests/CMakeFiles/test1.dir/test1.c.o
[ 24%] Building C object tests/CMakeFiles/test2.dir/test2.c.o
[ 25%] Linking CXX executable ../bin/test-grad0
[ 26%] Building C object tests/CMakeFiles/test3.dir/test3.c.o
[ 27%] Linking CXX executable ../bin/test-quantize-perf
[ 29%] Linking CXX executable ../bin/test-quantize-fns
[ 30%] Linking C executable ../bin/test0
[ 31%] Linking C executable ../bin/test1
[ 32%] Linking C executable ../bin/test-mul-mat2
[ 33%] Building C object tests/CMakeFiles/test-pool.dir/test-pool.c.o
[ 34%] Linking C executable ../bin/test3
[ 35%] Building CXX object tests/CMakeFiles/test-arange.dir/test-arange.cpp.o
[ 36%] Building CXX object tests/CMakeFiles/test-conv-transpose-1d.dir/test-conv-transpose-1d.cpp.o
[ 37%] Linking C executable ../bin/test2
[ 38%] Building C object tests/CMakeFiles/test-rel-pos.dir/test-rel-pos.c.o
[ 39%] Building C object tests/CMakeFiles/test-conv-transpose.dir/test-conv-transpose.c.o
[ 40%] Building CXX object tests/CMakeFiles/test-conv1d.dir/test-conv1d.cpp.o
[ 41%] Building CXX object tests/CMakeFiles/test-timestep_embedding.dir/test-timestep_embedding.cpp.o
[ 43%] Building C object tests/CMakeFiles/test-customop.dir/test-customop.c.o
[ 44%] Linking C executable ../bin/test-rel-pos
[ 45%] Linking CXX executable ../bin/test-conv1d
[ 46%] Linking CXX executable ../bin/test-conv-transpose-1d
[ 47%] Linking C executable ../bin/test-pool
[ 48%] Linking CXX executable ../bin/test-arange
[ 48%] Built target test-vec0
[ 49%] Linking CXX executable ../bin/test-timestep_embedding
[ 50%] Linking C executable ../bin/test-customop
[ 50%] Built target test-mul-mat0
[ 50%] Built target test-vec1
[ 51%] Building C object tests/CMakeFiles/test-dup.dir/test-dup.c.o
[ 51%] Built target test3
[ 51%] Built target test0
[ 52%] Linking C executable ../bin/test-dup
[ 53%] Linking C executable ../bin/test-conv-transpose
[ 53%] Built target test-opt
[ 54%] Building CXX object tests/CMakeFiles/test-conv2d.dir/test-conv2d.cpp.o
[ 55%] Building CXX object tests/CMakeFiles/test-mul-mat.dir/test-mul-mat.cpp.o
[ 56%] Linking CXX executable ../bin/test-conv2d
[ 56%] Built target test2
[ 58%] Building CXX object tests/CMakeFiles/test-backend-buffer.dir/test-backend-buffer.cpp.o
[ 58%] Built target test-quantize-perf
[ 59%] Linking CXX executable ../bin/test-mul-mat
[ 59%] Built target test-quantize-fns
[ 59%] Built target test1
[ 59%] Built target test-mul-mat2
[ 59%] Built target test-customop
[ 59%] Built target test-rel-pos
[ 59%] Built target test-pool
[ 59%] Built target test-grad0
[ 60%] Building CXX object tests/CMakeFiles/test-backend-ops.dir/test-backend-ops.cpp.o
[ 60%] Built target test-conv-transpose
[ 60%] Built target test-conv1d
[ 61%] Building CXX object examples/mnist/CMakeFiles/mnist-common.dir/mnist-common.cpp.o
[ 62%] Linking CXX executable ../bin/test-backend-buffer
[ 63%] Building CXX object examples/CMakeFiles/common-ggml.dir/common-ggml.cpp.o
[ 62%] Built target test-dup
[ 64%] Building CXX object examples/sam/CMakeFiles/sam.dir/main.cpp.o
[ 65%] Linking CXX executable ../bin/test-backend-ops
[ 65%] Built target test-conv-transpose-1d
[ 66%] Linking CXX static library libcommon-ggml.a
[ 67%] Linking CXX shared library libmnist-common.so
[ 68%] Building CXX object examples/yolo/CMakeFiles/yolov3-tiny.dir/yolo-image.cpp.o
[ 69%] Building CXX object examples/simple/CMakeFiles/simple-backend.dir/simple-backend.cpp.o
[ 70%] Building CXX object examples/yolo/CMakeFiles/yolov3-tiny.dir/yolov3-tiny.cpp.o
[ 72%] Linking CXX executable ../../bin/sam
[ 72%] Built target test-timestep_embedding
[ 72%] Built target test-arange
[ 73%] Linking CXX executable ../../bin/simple-backend
[ 74%] Linking CXX executable ../../bin/yolov3-tiny
[ 74%] Built target test-backend-buffer
[ 75%] Building CXX object examples/simple/CMakeFiles/simple-ctx.dir/simple-ctx.cpp.o
[ 75%] Built target common-ggml
[ 76%] Linking CXX executable ../../bin/simple-ctx
[ 77%] Building CXX object examples/gpt-2/CMakeFiles/gpt-2-alloc.dir/main-alloc.cpp.o
[ 78%] Building CXX object examples/gpt-2/CMakeFiles/gpt-2-ctx.dir/main-ctx.cpp.o
[ 79%] Building CXX object examples/gpt-2/CMakeFiles/gpt-2-backend.dir/main-backend.cpp.o
[ 79%] Built target test-mul-mat
[ 79%] Built target test-conv2d
[ 80%] Linking CXX executable ../../bin/gpt-2-backend
[ 81%] Building CXX object examples/gpt-2/CMakeFiles/gpt-2-quantize.dir/quantize.cpp.o
[ 82%] Building CXX object examples/gpt-2/CMakeFiles/gpt-2-batched.dir/main-batched.cpp.o
[ 83%] Building CXX object examples/gpt-j/CMakeFiles/gpt-j.dir/main.cpp.o
[ 84%] Linking CXX executable ../../bin/gpt-2-alloc
[ 86%] Linking CXX executable ../../bin/gpt-j
[ 87%] Linking CXX executable ../../bin/gpt-2-ctx
[ 88%] Building CXX object examples/gpt-2/CMakeFiles/gpt-2-sched.dir/main-sched.cpp.o
[ 88%] Built target simple-backend
[ 89%] Linking CXX executable ../../bin/gpt-2-batched
[ 89%] Built target test-backend-ops
[ 89%] Built target mnist-common
[ 90%] Linking CXX executable ../../bin/gpt-2-sched
[ 91%] Linking CXX executable ../../bin/gpt-2-quantize
[ 91%] Built target sam
[ 92%] Building CXX object examples/magika/CMakeFiles/magika.dir/main.cpp.o
[ 92%] Built target yolov3-tiny
[ 93%] Building CXX object examples/gpt-j/CMakeFiles/gpt-j-quantize.dir/quantize.cpp.o
[ 94%] Linking CXX executable ../../bin/magika
[ 96%] Building CXX object examples/mnist/CMakeFiles/mnist-eval.dir/mnist-eval.cpp.o
[ 96%] Linking CXX executable ../../bin/gpt-j-quantize
[ 96%] Built target simple-ctx
[ 97%] Building CXX object examples/mnist/CMakeFiles/mnist-train.dir/mnist-train.cpp.o
[ 97%] Built target gpt-2-backend
[ 98%] Linking CXX executable ../../bin/mnist-eval
[100%] Linking CXX executable ../../bin/mnist-train
[100%] Built target gpt-2-alloc
[100%] Built target gpt-2-ctx
[100%] Built target gpt-j
[100%] Built target gpt-2-quantize
[100%] Built target magika
[100%] Built target gpt-2-batched
[100%] Built target gpt-2-sched
[100%] Built target gpt-j-quantize
[100%] Built target mnist-eval
[100%] Built target mnist-train

real	0m0.526s
user	0m2.763s
sys	0m0.829s
+ ctest --output-on-failure
Test project /home/ggml/work/ggml/build-ci-release
      Start  1: test-grad0
 1/23 Test  #1: test-grad0 .......................   Passed    0.30 sec
      Start  2: test-opt
 2/23 Test  #2: test-opt .........................   Passed    3.48 sec
      Start  3: test-quantize-fns
 3/23 Test  #3: test-quantize-fns ................   Passed   15.94 sec
      Start  4: test-quantize-perf
 4/23 Test  #4: test-quantize-perf ...............   Passed    4.44 sec
      Start  5: test-mul-mat0
 5/23 Test  #5: test-mul-mat0 ....................   Passed    0.54 sec
      Start  6: test-mul-mat2
 6/23 Test  #6: test-mul-mat2 ....................   Passed    2.81 sec
      Start  7: test0
 7/23 Test  #7: test0 ............................   Passed    0.00 sec
      Start  8: test1
 8/23 Test  #8: test1 ............................   Passed    0.00 sec
      Start  9: test2
 9/23 Test  #9: test2 ............................   Passed    0.00 sec
      Start 10: test3
10/23 Test #10: test3 ............................   Passed    0.02 sec
      Start 11: test-pool
11/23 Test #11: test-pool ........................   Passed    0.00 sec
      Start 12: test-arange
12/23 Test #12: test-arange ......................   Passed    0.00 sec
      Start 13: test-timestep_embedding
13/23 Test #13: test-timestep_embedding ..........   Passed    0.00 sec
      Start 14: test-conv-transpose
14/23 Test #14: test-conv-transpose ..............   Passed    0.00 sec
      Start 15: test-conv-transpose-1d
15/23 Test #15: test-conv-transpose-1d ...........   Passed    0.01 sec
      Start 16: test-dup
16/23 Test #16: test-dup .........................   Passed    0.00 sec
      Start 17: test-rel-pos
17/23 Test #17: test-rel-pos .....................   Passed    0.00 sec
      Start 18: test-customop
18/23 Test #18: test-customop ....................   Passed    0.00 sec
      Start 19: test-conv1d
19/23 Test #19: test-conv1d ......................   Passed    0.00 sec
      Start 20: test-conv2d
20/23 Test #20: test-conv2d ......................   Passed    0.00 sec
      Start 21: test-mul-mat
21/23 Test #21: test-mul-mat .....................   Passed    0.00 sec
      Start 22: test-backend-buffer
22/23 Test #22: test-backend-buffer ..............   Passed    0.00 sec
      Start 23: test-backend-ops
23/23 Test #23: test-backend-ops .................   Passed    0.00 sec

100% tests passed, 0 tests failed out of 23

Total Test time (real) =  27.60 sec

real	0m27.663s
user	0m27.968s
sys	0m0.163s
