mkdir: cannot create directory ‘/mnt/llama.cpp’: Permission denied
+ gg_run_ctest_debug
+ tee /home/ggml/results/llama.cpp/cb/aadc92942c50aab599a9e4c163afc1f44f7c26/ggml-1-arm64-cpu-low-perf/ctest_debug.log
+ cd /home/ggml/work/llama.cpp
+ rm -rf build-ci-debug
+ mkdir build-ci-debug
+ cd build-ci-debug
+ set -e
+ tee -a /home/ggml/results/llama.cpp/cb/aadc92942c50aab599a9e4c163afc1f44f7c26/ggml-1-arm64-cpu-low-perf/ctest_debug-cmake.log
+ cmake -DCMAKE_BUILD_TYPE=Debug -DLLAMA_FATAL_WARNINGS=ON ..
-- The C compiler identification is GNU 11.4.0
-- The CXX compiler identification is GNU 11.4.0
-- Detecting C compiler ABI info
-- Detecting C compiler ABI info - done
-- Check for working C compiler: /usr/bin/cc - skipped
-- Detecting C compile features
-- Detecting C compile features - done
-- Detecting CXX compiler ABI info
-- Detecting CXX compiler ABI info - done
-- Check for working CXX compiler: /usr/bin/c++ - skipped
-- Detecting CXX compile features
-- Detecting CXX compile features - done
-- Found Git: /usr/bin/git (found version "2.34.1") 
-- Looking for pthread.h
-- Looking for pthread.h - found
-- Performing Test CMAKE_HAVE_LIBC_PTHREAD
-- Performing Test CMAKE_HAVE_LIBC_PTHREAD - Success
-- Found Threads: TRUE  
-- ccache found, compilation results will be cached. Disable with LLAMA_CCACHE=OFF.
-- CMAKE_SYSTEM_PROCESSOR: aarch64
-- ARM detected
-- Performing Test COMPILER_SUPPORTS_FP16_FORMAT_I3E
-- Performing Test COMPILER_SUPPORTS_FP16_FORMAT_I3E - Failed
-- Configuring done
-- Generating done
-- Build files have been written to: /home/ggml/work/llama.cpp/build-ci-debug

real	0m0.783s
user	0m0.404s
sys	0m0.382s
+ tee -a /home/ggml/results/llama.cpp/cb/aadc92942c50aab599a9e4c163afc1f44f7c26/ggml-1-arm64-cpu-low-perf/ctest_debug-make.log
+ make -j
[  1%] Generating build details from Git
[  2%] Building C object CMakeFiles/ggml.dir/ggml.c.o
[  3%] Building CXX object common/CMakeFiles/json-schema-to-grammar.dir/json-schema-to-grammar.cpp.o
[  3%] Building C object CMakeFiles/ggml.dir/ggml-alloc.c.o
[  4%] Building C object CMakeFiles/ggml.dir/ggml-backend.c.o
-- Found Git: /usr/bin/git (found version "2.34.1") 
[  5%] Building C object CMakeFiles/ggml.dir/ggml-quants.c.o
[  5%] Built target ggml
[  5%] Built target json-schema-to-grammar
[  5%] Building CXX object CMakeFiles/llama.dir/llama.cpp.o
[  5%] Linking C static library libggml_static.a
[  6%] Building CXX object CMakeFiles/llama.dir/unicode.cpp.o
[  6%] Building CXX object common/CMakeFiles/build_info.dir/build-info.cpp.o
[  6%] Building CXX object CMakeFiles/llama.dir/unicode-data.cpp.o
[  7%] Building CXX object examples/gguf/CMakeFiles/gguf.dir/gguf.cpp.o
[  7%] Linking CXX executable ../../bin/gguf
[  7%] Built target ggml_static
[  7%] Built target build_info
[  7%] Built target gguf
[  8%] Linking CXX static library libllama.a
[  8%] Built target llama
[  9%] Building CXX object common/CMakeFiles/common.dir/common.cpp.o
[ 10%] Building CXX object common/CMakeFiles/common.dir/sampling.cpp.o
[ 11%] Building C object tests/CMakeFiles/test-c.dir/test-c.c.o
[ 11%] Building CXX object common/CMakeFiles/common.dir/console.cpp.o
[ 12%] Building CXX object common/CMakeFiles/common.dir/grammar-parser.cpp.o
[ 13%] Building CXX object examples/benchmark/CMakeFiles/benchmark.dir/benchmark-matmult.cpp.o
[ 13%] Building CXX object common/CMakeFiles/common.dir/train.cpp.o
[ 13%] Building CXX object examples/quantize-stats/CMakeFiles/quantize-stats.dir/quantize-stats.cpp.o
[ 14%] Building CXX object examples/llava/CMakeFiles/llava.dir/llava.cpp.o
[ 14%] Building CXX object examples/llava/CMakeFiles/llava.dir/clip.cpp.o
[ 15%] Building CXX object common/CMakeFiles/common.dir/ngram-cache.cpp.o
[ 16%] Building CXX object examples/quantize/CMakeFiles/quantize.dir/quantize.cpp.o
[ 16%] Linking CXX executable ../bin/test-c
[ 16%] Linking CXX executable ../../bin/benchmark
[ 16%] Built target test-c
[ 17%] Linking CXX executable ../../bin/quantize
[ 17%] Built target llava
[ 17%] Linking CXX static library libcommon.a
[ 18%] Linking CXX static library libllava_static.a
[ 18%] Built target benchmark
[ 18%] Built target common
[ 18%] Built target llava_static
[ 19%] Building CXX object tests/CMakeFiles/test-sampling.dir/get-model.cpp.o
[ 20%] Building CXX object tests/CMakeFiles/test-quantize-fns.dir/test-quantize-fns.cpp.o
[ 21%] Building CXX object tests/CMakeFiles/test-sampling.dir/test-sampling.cpp.o
[ 22%] Building CXX object tests/CMakeFiles/test-quantize-perf.dir/test-quantize-perf.cpp.o
[ 21%] Building CXX object tests/CMakeFiles/test-quantize-fns.dir/get-model.cpp.o
[ 22%] Building CXX object tests/CMakeFiles/test-quantize-perf.dir/get-model.cpp.o
[ 23%] Building CXX object tests/CMakeFiles/test-tokenizer-0-llama.dir/test-tokenizer-0-llama.cpp.o
[ 24%] Building CXX object tests/CMakeFiles/test-tokenizer-0-falcon.dir/test-tokenizer-0-falcon.cpp.o
[ 24%] Building CXX object tests/CMakeFiles/test-chat-template.dir/get-model.cpp.o
[ 24%] Building CXX object tests/CMakeFiles/test-tokenizer-0-llama.dir/get-model.cpp.o
[ 25%] Building CXX object tests/CMakeFiles/test-chat-template.dir/test-chat-template.cpp.o
[ 25%] Building CXX object tests/CMakeFiles/test-tokenizer-0-falcon.dir/get-model.cpp.o
[ 26%] Linking CXX executable ../bin/test-quantize-fns
[ 27%] Building CXX object tests/CMakeFiles/test-tokenizer-1-llama.dir/test-tokenizer-1-llama.cpp.o
[ 28%] Linking CXX executable ../bin/test-quantize-perf
[ 28%] Building CXX object tests/CMakeFiles/test-tokenizer-1-falcon.dir/get-model.cpp.o
[ 28%] Building CXX object tests/CMakeFiles/test-tokenizer-1-stablelm-3b-4e1t.dir/test-tokenizer-1-bpe.cpp.o
[ 29%] Building CXX object tests/CMakeFiles/test-tokenizer-1-mpt.dir/test-tokenizer-1-bpe.cpp.o
[ 30%] Building CXX object tests/CMakeFiles/test-tokenizer-1-mpt.dir/get-model.cpp.o
[ 31%] Building CXX object tests/CMakeFiles/test-tokenizer-1-falcon.dir/test-tokenizer-1-bpe.cpp.o
[ 32%] Building CXX object tests/CMakeFiles/test-tokenizer-1-llama.dir/get-model.cpp.o
[ 32%] Building CXX object tests/CMakeFiles/test-tokenizer-1-refact.dir/test-tokenizer-1-bpe.cpp.o
[ 30%] Building CXX object tests/CMakeFiles/test-tokenizer-1-stablelm-3b-4e1t.dir/get-model.cpp.o
[ 33%] Building CXX object tests/CMakeFiles/test-tokenizer-1-baichuan.dir/get-model.cpp.o
[ 34%] Building CXX object tests/CMakeFiles/test-tokenizer-1-starcoder.dir/test-tokenizer-1-bpe.cpp.o
[ 35%] Building CXX object tests/CMakeFiles/test-tokenizer-1-refact.dir/get-model.cpp.o
[ 36%] Building CXX object tests/CMakeFiles/test-tokenizer-1-gpt-neox.dir/test-tokenizer-1-bpe.cpp.o
[ 37%] Building CXX object tests/CMakeFiles/test-tokenizer-1-aquila.dir/get-model.cpp.o
[ 36%] Building CXX object tests/CMakeFiles/test-tokenizer-1-starcoder.dir/get-model.cpp.o
[ 38%] Building CXX object tests/CMakeFiles/test-tokenizer-1-baichuan.dir/test-tokenizer-1-llama.cpp.o
[ 38%] Building CXX object tests/CMakeFiles/test-tokenizer-1-aquila.dir/test-tokenizer-1-bpe.cpp.o
[ 36%] Building CXX object tests/CMakeFiles/test-tokenizer-1-gpt-neox.dir/get-model.cpp.o
[ 38%] Building CXX object tests/CMakeFiles/test-tokenizer-1-gpt2.dir/test-tokenizer-1-bpe.cpp.o
[ 39%] Building CXX object tests/CMakeFiles/test-grammar-parser.dir/test-grammar-parser.cpp.o
[ 41%] Building CXX object tests/CMakeFiles/test-tokenizer-1-gpt2.dir/get-model.cpp.o
[ 41%] Building CXX object tests/CMakeFiles/test-llama-grammar.dir/test-llama-grammar.cpp.o
[ 40%] Building CXX object tests/CMakeFiles/test-grammar-parser.dir/get-model.cpp.o
[ 42%] Building CXX object tests/CMakeFiles/test-llama-grammar.dir/get-model.cpp.o
[ 42%] Building CXX object tests/CMakeFiles/test-grammar-integration.dir/test-grammar-integration.cpp.o
[ 43%] Building CXX object tests/CMakeFiles/test-grammar-integration.dir/get-model.cpp.o
[ 43%] Building CXX object tests/CMakeFiles/test-grad0.dir/test-grad0.cpp.o
[ 45%] Building CXX object tests/CMakeFiles/test-backend-ops.dir/test-backend-ops.cpp.o
[ 45%] Building CXX object tests/CMakeFiles/test-grad0.dir/get-model.cpp.o
[ 45%] Building CXX object tests/CMakeFiles/test-rope.dir/test-rope.cpp.o
[ 45%] Building CXX object tests/CMakeFiles/test-backend-ops.dir/get-model.cpp.o
[ 45%] Building CXX object tests/CMakeFiles/test-model-load-cancel.dir/test-model-load-cancel.cpp.o
[ 46%] Building CXX object tests/CMakeFiles/test-model-load-cancel.dir/get-model.cpp.o
[ 47%] Building CXX object tests/CMakeFiles/test-rope.dir/get-model.cpp.o
[ 48%] Linking CXX executable ../bin/test-chat-template
[ 48%] Building CXX object tests/CMakeFiles/test-autorelease.dir/test-autorelease.cpp.o
[ 49%] Building CXX object tests/CMakeFiles/test-autorelease.dir/get-model.cpp.o
[ 49%] Linking CXX executable ../bin/test-sampling
[ 50%] Building CXX object tests/CMakeFiles/test-json-schema-to-grammar.dir/test-json-schema-to-grammar.cpp.o
[ 51%] Linking CXX executable ../bin/test-grad0
[ 51%] Building CXX object tests/CMakeFiles/test-json-schema-to-grammar.dir/get-model.cpp.o
[ 51%] Building CXX object examples/batched/CMakeFiles/batched.dir/batched.cpp.o
[ 51%] Building CXX object examples/baby-llama/CMakeFiles/baby-llama.dir/baby-llama.cpp.o
[ 51%] Linking CXX executable ../bin/test-rope
[ 52%] Linking CXX executable ../bin/test-backend-ops
[ 52%] Building CXX object examples/batched-bench/CMakeFiles/batched-bench.dir/batched-bench.cpp.o
[ 53%] Building CXX object examples/beam-search/CMakeFiles/beam-search.dir/beam-search.cpp.o
[ 54%] Building CXX object examples/convert-llama2c-to-ggml/CMakeFiles/convert-llama2c-to-ggml.dir/convert-llama2c-to-ggml.cpp.o
[ 54%] Building CXX object examples/embedding/CMakeFiles/embedding.dir/embedding.cpp.o
[ 54%] Building CXX object examples/eval-callback/CMakeFiles/eval-callback.dir/eval-callback.cpp.o
[ 54%] Linking CXX executable ../bin/test-model-load-cancel
[ 55%] Building CXX object examples/finetune/CMakeFiles/finetune.dir/finetune.cpp.o
[ 55%] Linking CXX executable ../bin/test-grammar-parser
[ 56%] Building CXX object examples/gritlm/CMakeFiles/gritlm.dir/gritlm.cpp.o
[ 57%] Building CXX object examples/gguf-split/CMakeFiles/gguf-split.dir/gguf-split.cpp.o
[ 57%] Building CXX object examples/infill/CMakeFiles/infill.dir/infill.cpp.o
[ 58%] Linking CXX executable ../bin/test-tokenizer-0-llama
[ 58%] Building CXX object examples/llama-bench/CMakeFiles/llama-bench.dir/llama-bench.cpp.o
[ 59%] Building CXX object examples/llava/CMakeFiles/llava-cli.dir/llava-cli.cpp.o
[ 59%] Building CXX object examples/main/CMakeFiles/main.dir/main.cpp.o
[ 60%] Building CXX object examples/tokenize/CMakeFiles/tokenize.dir/tokenize.cpp.o
[ 60%] Building CXX object examples/parallel/CMakeFiles/parallel.dir/parallel.cpp.o
[ 60%] Linking CXX executable ../bin/test-autorelease
[ 61%] Linking CXX executable ../bin/test-tokenizer-0-falcon
[ 62%] Building CXX object examples/perplexity/CMakeFiles/perplexity.dir/perplexity.cpp.o
[ 62%] Building CXX object examples/retrieval/CMakeFiles/retrieval.dir/retrieval.cpp.o
[ 62%] Building CXX object examples/save-load-state/CMakeFiles/save-load-state.dir/save-load-state.cpp.o
[ 62%] Linking CXX executable ../bin/test-tokenizer-1-llama
[ 63%] Linking CXX executable ../bin/test-tokenizer-1-gpt-neox
[ 64%] Building CXX object examples/simple/CMakeFiles/simple.dir/simple.cpp.o
[ 64%] Linking CXX executable ../bin/test-tokenizer-1-stablelm-3b-4e1t
[ 65%] Linking CXX executable ../bin/test-tokenizer-1-refact
[ 66%] Linking CXX executable ../bin/test-tokenizer-1-mpt
[ 67%] Building CXX object examples/speculative/CMakeFiles/speculative.dir/speculative.cpp.o
[ 68%] Building CXX object examples/passkey/CMakeFiles/passkey.dir/passkey.cpp.o
[ 69%] Linking CXX executable ../bin/test-tokenizer-1-starcoder
[ 69%] Linking CXX executable ../bin/test-tokenizer-1-baichuan
[ 70%] Linking CXX executable ../bin/test-tokenizer-1-falcon
[ 70%] Built target quantize
[ 70%] Linking CXX executable ../bin/test-tokenizer-1-aquila
[ 71%] Linking CXX executable ../../bin/baby-llama
[ 71%] Building CXX object examples/lookahead/CMakeFiles/lookahead.dir/lookahead.cpp.o
[ 73%] Building CXX object examples/lookup/CMakeFiles/lookup.dir/lookup.cpp.o
[ 72%] Building CXX object examples/lookup/CMakeFiles/lookup-create.dir/lookup-create.cpp.o
[ 74%] Building CXX object examples/lookup/CMakeFiles/lookup-merge.dir/lookup-merge.cpp.o
[ 75%] Building CXX object examples/lookup/CMakeFiles/lookup-stats.dir/lookup-stats.cpp.o
[ 75%] Building CXX object examples/imatrix/CMakeFiles/imatrix.dir/imatrix.cpp.o
[ 76%] Building CXX object examples/train-text-from-scratch/CMakeFiles/train-text-from-scratch.dir/train-text-from-scratch.cpp.o
[ 76%] Linking CXX executable ../bin/test-tokenizer-1-gpt2
[ 77%] Building CXX object examples/server/CMakeFiles/server.dir/server.cpp.o
[ 78%] Building CXX object examples/export-lora/CMakeFiles/export-lora.dir/export-lora.cpp.o
[ 79%] Building CXX object pocs/vdot/CMakeFiles/vdot.dir/vdot.cpp.o
[ 80%] Building CXX object pocs/vdot/CMakeFiles/q8dot.dir/q8dot.cpp.o
[ 81%] Linking CXX executable ../../bin/batched
[ 82%] Linking CXX executable ../../bin/convert-llama2c-to-ggml
[ 83%] Linking CXX executable ../../bin/embedding
[ 84%] Linking CXX executable ../../bin/vdot
[ 84%] Linking CXX executable ../../bin/beam-search
[ 85%] Linking CXX executable ../../bin/batched-bench
[ 85%] Linking CXX executable ../../bin/q8dot
[ 86%] Linking CXX executable ../../bin/eval-callback
[ 87%] Linking CXX executable ../../bin/gritlm
[ 87%] Linking CXX executable ../../bin/finetune
[ 87%] Linking CXX executable ../../bin/llava-cli
[ 87%] Linking CXX executable ../../bin/tokenize
[ 87%] Linking CXX executable ../../bin/gguf-split
[ 88%] Linking CXX executable ../../bin/parallel
[ 89%] Linking CXX executable ../bin/test-json-schema-to-grammar
[ 90%] Linking CXX executable ../../bin/main
[ 91%] Linking CXX executable ../../bin/infill
[ 92%] Linking CXX executable ../../bin/llama-bench
[ 93%] Linking CXX executable ../../bin/retrieval
[ 93%] Linking CXX executable ../../bin/simple
[ 94%] Linking CXX executable ../../bin/save-load-state
[ 94%] Linking CXX executable ../../bin/passkey
[ 95%] Linking CXX executable ../../bin/perplexity
[ 95%] Linking CXX executable ../../bin/speculative
[ 95%] Built target test-quantize-fns
[ 95%] Built target test-quantize-perf
[ 95%] Linking CXX executable ../../bin/train-text-from-scratch
[ 96%] Linking CXX executable ../../bin/lookahead
[ 97%] Linking CXX executable ../../bin/imatrix
[ 97%] Linking CXX executable ../../bin/lookup
[ 97%] Linking CXX executable ../../bin/lookup-merge
[ 97%] Linking CXX executable ../../bin/lookup-create
[ 98%] Linking CXX executable ../../bin/lookup-stats
[ 98%] Linking CXX executable ../../bin/export-lora
[ 98%] Built target vdot
[ 98%] Built target q8dot
[ 98%] Built target convert-llama2c-to-ggml
[ 98%] Built target test-grad0
[ 98%] Built target test-rope
[ 98%] Built target test-backend-ops
[ 98%] Built target test-grammar-parser
[ 98%] Built target export-lora
[ 98%] Built target lookup-merge
[ 98%] Linking CXX executable ../../bin/server
[ 98%] Built target gguf-split
[ 98%] Built target test-chat-template
[ 98%] Linking CXX executable ../bin/test-grammar-integration
[ 98%] Built target test-sampling
[ 98%] Built target test-model-load-cancel
[ 98%] Built target test-json-schema-to-grammar
[ 98%] Built target test-autorelease
[ 98%] Built target baby-llama
[ 98%] Built target tokenize
[ 98%] Built target batched
[ 98%] Built target embedding
[ 98%] Built target beam-search
[ 98%] Built target eval-callback
[ 98%] Built target batched-bench
[ 98%] Built target save-load-state
[ 98%] Built target gritlm
[ 98%] Built target passkey
[ 98%] Built target finetune
[ 98%] Built target retrieval
[ 98%] Built target simple
[ 98%] Built target test-tokenizer-1-starcoder
[ 98%] Built target train-text-from-scratch
[ 98%] Built target perplexity
[ 98%] Built target imatrix
[ 98%] Built target parallel
[ 98%] Built target test-tokenizer-0-llama
[ 98%] Built target lookup-create
[ 98%] Built target test-tokenizer-1-stablelm-3b-4e1t
[ 98%] Built target test-tokenizer-0-falcon
[ 98%] Built target infill
[ 98%] Built target test-tokenizer-1-gpt-neox
[ 98%] Built target test-tokenizer-1-refact
[ 98%] Built target test-tokenizer-1-llama
[ 98%] Built target test-tokenizer-1-mpt
[ 98%] Built target main
[ 98%] Built target test-tokenizer-1-baichuan
[ 98%] Built target test-tokenizer-1-falcon
[ 98%] Built target test-tokenizer-1-aquila
[ 98%] Built target test-tokenizer-1-gpt2
[ 98%] Built target speculative
[ 98%] Built target lookup-stats
[ 98%] Built target lookup
[ 98%] Built target lookahead
[ 98%] Built target llama-bench
[ 98%] Built target llava-cli
[ 98%] Built target test-grammar-integration
[ 98%] Built target server
[ 99%] Linking CXX executable ../../bin/quantize-stats
[ 99%] Built target quantize-stats
[100%] Linking CXX executable ../bin/test-llama-grammar
[100%] Built target test-llama-grammar

real	0m32.797s
user	1m2.130s
sys	0m10.543s
+ tee -a /home/ggml/results/llama.cpp/cb/aadc92942c50aab599a9e4c163afc1f44f7c26/ggml-1-arm64-cpu-low-perf/ctest_debug-ctest.log
+ ctest --output-on-failure -L main -E test-opt
Test project /home/ggml/work/llama.cpp/build-ci-debug
      Start  1: test-quantize-fns
 1/23 Test  #1: test-quantize-fns ...................   Passed   35.34 sec
      Start  2: test-quantize-perf
 2/23 Test  #2: test-quantize-perf ..................   Passed   10.53 sec
      Start  3: test-sampling
 3/23 Test  #3: test-sampling .......................   Passed    0.03 sec
      Start  4: test-chat-template
 4/23 Test  #4: test-chat-template ..................   Passed    0.01 sec
      Start  5: test-tokenizer-0-llama
 5/23 Test  #5: test-tokenizer-0-llama ..............   Passed    0.18 sec
      Start  6: test-tokenizer-0-falcon
 6/23 Test  #6: test-tokenizer-0-falcon .............   Passed    1.06 sec
      Start  7: test-tokenizer-1-llama
 7/23 Test  #7: test-tokenizer-1-llama ..............   Passed    4.73 sec
      Start  8: test-tokenizer-1-baichuan
 8/23 Test  #8: test-tokenizer-1-baichuan ...........   Passed    5.06 sec
      Start  9: test-tokenizer-1-falcon
 9/23 Test  #9: test-tokenizer-1-falcon .............   Passed    7.30 sec
      Start 10: test-tokenizer-1-aquila
10/23 Test #10: test-tokenizer-1-aquila .............   Passed   10.29 sec
      Start 11: test-tokenizer-1-mpt
11/23 Test #11: test-tokenizer-1-mpt ................   Passed    6.28 sec
      Start 12: test-tokenizer-1-stablelm-3b-4e1t
12/23 Test #12: test-tokenizer-1-stablelm-3b-4e1t ...   Passed    6.17 sec
      Start 13: test-tokenizer-1-gpt-neox
13/23 Test #13: test-tokenizer-1-gpt-neox ...........   Passed    6.15 sec
      Start 14: test-tokenizer-1-refact
14/23 Test #14: test-tokenizer-1-refact .............   Passed    5.90 sec
      Start 15: test-tokenizer-1-starcoder
15/23 Test #15: test-tokenizer-1-starcoder ..........   Passed    5.90 sec
      Start 16: test-tokenizer-1-gpt2
16/23 Test #16: test-tokenizer-1-gpt2 ...............   Passed    6.22 sec
      Start 17: test-grammar-parser
17/23 Test #17: test-grammar-parser .................   Passed    0.00 sec
      Start 18: test-llama-grammar
18/23 Test #18: test-llama-grammar ..................   Passed    0.01 sec
      Start 19: test-grammar-integration
19/23 Test #19: test-grammar-integration ............   Passed    0.01 sec
      Start 20: test-grad0
20/23 Test #20: test-grad0 ..........................   Passed    3.48 sec
      Start 21: test-backend-ops
21/23 Test #21: test-backend-ops ....................   Passed    0.00 sec
      Start 22: test-rope
22/23 Test #22: test-rope ...........................   Passed    0.08 sec
      Start 25: test-json-schema-to-grammar
23/23 Test #25: test-json-schema-to-grammar .........   Passed    0.04 sec

100% tests passed, 0 tests failed out of 23

Label Time Summary:
main    = 114.77 sec*proc (23 tests)

Total Test time (real) = 114.78 sec

real	1m54.797s
user	3m9.207s
sys	0m4.055s
+ set +e
+ cur=0
+ echo 0
+ set +x
+ gg_run_ctest_release
+ tee /home/ggml/results/llama.cpp/cb/aadc92942c50aab599a9e4c163afc1f44f7c26/ggml-1-arm64-cpu-low-perf/ctest_release.log
+ cd /home/ggml/work/llama.cpp
+ rm -rf build-ci-release
+ mkdir build-ci-release
+ cd build-ci-release
+ set -e
+ tee -a /home/ggml/results/llama.cpp/cb/aadc92942c50aab599a9e4c163afc1f44f7c26/ggml-1-arm64-cpu-low-perf/ctest_release-cmake.log
+ cmake -DCMAKE_BUILD_TYPE=Release -DLLAMA_FATAL_WARNINGS=ON ..
-- The C compiler identification is GNU 11.4.0
-- The CXX compiler identification is GNU 11.4.0
-- Detecting C compiler ABI info
-- Detecting C compiler ABI info - done
-- Check for working C compiler: /usr/bin/cc - skipped
-- Detecting C compile features
-- Detecting C compile features - done
-- Detecting CXX compiler ABI info
-- Detecting CXX compiler ABI info - done
-- Check for working CXX compiler: /usr/bin/c++ - skipped
-- Detecting CXX compile features
-- Detecting CXX compile features - done
-- Found Git: /usr/bin/git (found version "2.34.1") 
-- Looking for pthread.h
-- Looking for pthread.h - found
-- Performing Test CMAKE_HAVE_LIBC_PTHREAD
-- Performing Test CMAKE_HAVE_LIBC_PTHREAD - Success
-- Found Threads: TRUE  
-- ccache found, compilation results will be cached. Disable with LLAMA_CCACHE=OFF.
-- CMAKE_SYSTEM_PROCESSOR: aarch64
-- ARM detected
-- Performing Test COMPILER_SUPPORTS_FP16_FORMAT_I3E
-- Performing Test COMPILER_SUPPORTS_FP16_FORMAT_I3E - Failed
-- Configuring done
-- Generating done
-- Build files have been written to: /home/ggml/work/llama.cpp/build-ci-release

real	0m0.800s
user	0m0.457s
sys	0m0.347s
+ tee -a /home/ggml/results/llama.cpp/cb/aadc92942c50aab599a9e4c163afc1f44f7c26/ggml-1-arm64-cpu-low-perf/ctest_release-make.log
+ make -j
[  1%] Building CXX object common/CMakeFiles/json-schema-to-grammar.dir/json-schema-to-grammar.cpp.o
[  1%] Building CXX object common/CMakeFiles/build_info.dir/build-info.cpp.o
[  2%] Building C object CMakeFiles/ggml.dir/ggml-backend.c.o
[  3%] Building C object CMakeFiles/ggml.dir/ggml.c.o
[  3%] Building C object CMakeFiles/ggml.dir/ggml-alloc.c.o
[  4%] Building C object CMakeFiles/ggml.dir/ggml-quants.c.o
[  4%] Built target json-schema-to-grammar
[  4%] Built target ggml
[  5%] Built target build_info
[  5%] Building CXX object CMakeFiles/llama.dir/llama.cpp.o
[  6%] Building CXX object CMakeFiles/llama.dir/unicode.cpp.o
[  6%] Linking C static library libggml_static.a
[  6%] Building CXX object CMakeFiles/llama.dir/unicode-data.cpp.o
[  7%] Building CXX object examples/gguf/CMakeFiles/gguf.dir/gguf.cpp.o
[  7%] Linking CXX executable ../../bin/gguf
[  7%] Built target ggml_static
[  7%] Built target gguf
[  8%] Linking CXX static library libllama.a
[  8%] Built target llama
[  9%] Building C object tests/CMakeFiles/test-c.dir/test-c.c.o
[ 10%] Building CXX object common/CMakeFiles/common.dir/common.cpp.o
[ 11%] Building CXX object common/CMakeFiles/common.dir/sampling.cpp.o
[ 11%] Building CXX object common/CMakeFiles/common.dir/train.cpp.o
[ 11%] Building CXX object common/CMakeFiles/common.dir/console.cpp.o
[ 12%] Building CXX object examples/benchmark/CMakeFiles/benchmark.dir/benchmark-matmult.cpp.o
[ 13%] Building CXX object common/CMakeFiles/common.dir/grammar-parser.cpp.o
[ 11%] Building CXX object examples/quantize-stats/CMakeFiles/quantize-stats.dir/quantize-stats.cpp.o
[ 14%] Building CXX object examples/llava/CMakeFiles/llava.dir/llava.cpp.o
[ 15%] Building CXX object common/CMakeFiles/common.dir/ngram-cache.cpp.o
[ 16%] Building CXX object examples/quantize/CMakeFiles/quantize.dir/quantize.cpp.o
[ 16%] Building CXX object examples/llava/CMakeFiles/llava.dir/clip.cpp.o
[ 16%] Linking CXX executable ../bin/test-c
[ 17%] Linking CXX executable ../../bin/quantize
[ 17%] Built target test-c
[ 17%] Linking CXX executable ../../bin/benchmark
[ 17%] Built target llava
[ 17%] Built target quantize
[ 17%] Linking CXX static library libcommon.a
[ 18%] Linking CXX static library libllava_static.a
[ 18%] Built target benchmark
[ 18%] Built target llava_static
[ 18%] Built target common
[ 19%] Building CXX object tests/CMakeFiles/test-quantize-fns.dir/test-quantize-fns.cpp.o
[ 19%] Building CXX object tests/CMakeFiles/test-tokenizer-0-llama.dir/get-model.cpp.o
[ 19%] Building CXX object tests/CMakeFiles/test-quantize-fns.dir/get-model.cpp.o
[ 20%] Building CXX object tests/CMakeFiles/test-quantize-perf.dir/test-quantize-perf.cpp.o
[ 20%] Building CXX object tests/CMakeFiles/test-quantize-perf.dir/get-model.cpp.o
[ 21%] Building CXX object tests/CMakeFiles/test-tokenizer-0-llama.dir/test-tokenizer-0-llama.cpp.o
[ 22%] Building CXX object tests/CMakeFiles/test-tokenizer-1-llama.dir/test-tokenizer-1-llama.cpp.o
[ 23%] Building CXX object tests/CMakeFiles/test-sampling.dir/get-model.cpp.o
[ 24%] Building CXX object tests/CMakeFiles/test-sampling.dir/test-sampling.cpp.o
[ 25%] Linking CXX executable ../bin/test-quantize-fns
[ 25%] Building CXX object tests/CMakeFiles/test-tokenizer-0-falcon.dir/get-model.cpp.o
[ 26%] Building CXX object tests/CMakeFiles/test-chat-template.dir/test-chat-template.cpp.o
[ 26%] Building CXX object tests/CMakeFiles/test-chat-template.dir/get-model.cpp.o
[ 27%] Building CXX object tests/CMakeFiles/test-tokenizer-1-llama.dir/get-model.cpp.o
[ 28%] Building CXX object tests/CMakeFiles/test-tokenizer-0-falcon.dir/test-tokenizer-0-falcon.cpp.o
[ 30%] Linking CXX executable ../bin/test-quantize-perf
[ 29%] Building CXX object tests/CMakeFiles/test-tokenizer-1-baichuan.dir/test-tokenizer-1-llama.cpp.o
[ 31%] Building CXX object tests/CMakeFiles/test-tokenizer-1-baichuan.dir/get-model.cpp.o
[ 31%] Building CXX object tests/CMakeFiles/test-tokenizer-1-aquila.dir/test-tokenizer-1-bpe.cpp.o
[ 32%] Building CXX object tests/CMakeFiles/test-tokenizer-1-aquila.dir/get-model.cpp.o
[ 33%] Building CXX object tests/CMakeFiles/test-tokenizer-1-falcon.dir/test-tokenizer-1-bpe.cpp.o
[ 33%] Building CXX object tests/CMakeFiles/test-tokenizer-1-falcon.dir/get-model.cpp.o
[ 34%] Building CXX object tests/CMakeFiles/test-tokenizer-1-mpt.dir/test-tokenizer-1-bpe.cpp.o
[ 34%] Building CXX object tests/CMakeFiles/test-tokenizer-1-mpt.dir/get-model.cpp.o
[ 34%] Building CXX object tests/CMakeFiles/test-tokenizer-1-stablelm-3b-4e1t.dir/test-tokenizer-1-bpe.cpp.o
[ 35%] Building CXX object tests/CMakeFiles/test-tokenizer-1-stablelm-3b-4e1t.dir/get-model.cpp.o
[ 35%] Building CXX object tests/CMakeFiles/test-tokenizer-1-refact.dir/test-tokenizer-1-bpe.cpp.o
[ 35%] Building CXX object tests/CMakeFiles/test-tokenizer-1-gpt-neox.dir/test-tokenizer-1-bpe.cpp.o
[ 37%] Building CXX object tests/CMakeFiles/test-tokenizer-1-gpt-neox.dir/get-model.cpp.o
[ 37%] Building CXX object tests/CMakeFiles/test-tokenizer-1-starcoder.dir/get-model.cpp.o
[ 38%] Building CXX object tests/CMakeFiles/test-grammar-parser.dir/test-grammar-parser.cpp.o
[ 36%] Building CXX object tests/CMakeFiles/test-tokenizer-1-refact.dir/get-model.cpp.o
[ 38%] Building CXX object tests/CMakeFiles/test-tokenizer-1-gpt2.dir/test-tokenizer-1-bpe.cpp.o
[ 41%] Building CXX object tests/CMakeFiles/test-tokenizer-1-starcoder.dir/test-tokenizer-1-bpe.cpp.o
[ 42%] Building CXX object tests/CMakeFiles/test-grammar-parser.dir/get-model.cpp.o
[ 42%] Building CXX object tests/CMakeFiles/test-llama-grammar.dir/test-llama-grammar.cpp.o
[ 39%] Building CXX object tests/CMakeFiles/test-llama-grammar.dir/get-model.cpp.o
[ 40%] Building CXX object tests/CMakeFiles/test-tokenizer-1-gpt2.dir/get-model.cpp.o
[ 42%] Building CXX object tests/CMakeFiles/test-grammar-integration.dir/test-grammar-integration.cpp.o
[ 43%] Building CXX object tests/CMakeFiles/test-grammar-integration.dir/get-model.cpp.o
[ 44%] Building CXX object tests/CMakeFiles/test-grad0.dir/get-model.cpp.o
[ 44%] Building CXX object tests/CMakeFiles/test-rope.dir/test-rope.cpp.o
[ 44%] Building CXX object tests/CMakeFiles/test-model-load-cancel.dir/test-model-load-cancel.cpp.o
[ 44%] Building CXX object tests/CMakeFiles/test-grad0.dir/test-grad0.cpp.o
[ 45%] Building CXX object tests/CMakeFiles/test-backend-ops.dir/test-backend-ops.cpp.o
[ 45%] Building CXX object tests/CMakeFiles/test-backend-ops.dir/get-model.cpp.o
[ 46%] Building CXX object tests/CMakeFiles/test-rope.dir/get-model.cpp.o
[ 47%] Building CXX object tests/CMakeFiles/test-model-load-cancel.dir/get-model.cpp.o
[ 48%] Building CXX object tests/CMakeFiles/test-autorelease.dir/get-model.cpp.o
[ 48%] Building CXX object tests/CMakeFiles/test-autorelease.dir/test-autorelease.cpp.o
[ 48%] Building CXX object tests/CMakeFiles/test-json-schema-to-grammar.dir/get-model.cpp.o
[ 48%] Building CXX object examples/baby-llama/CMakeFiles/baby-llama.dir/baby-llama.cpp.o
[ 49%] Building CXX object tests/CMakeFiles/test-json-schema-to-grammar.dir/test-json-schema-to-grammar.cpp.o
[ 48%] Building CXX object examples/batched/CMakeFiles/batched.dir/batched.cpp.o
[ 50%] Linking CXX executable ../bin/test-chat-template
[ 50%] Built target test-quantize-fns
[ 50%] Building CXX object examples/batched-bench/CMakeFiles/batched-bench.dir/batched-bench.cpp.o
[ 51%] Building CXX object examples/convert-llama2c-to-ggml/CMakeFiles/convert-llama2c-to-ggml.dir/convert-llama2c-to-ggml.cpp.o
[ 53%] Building CXX object examples/beam-search/CMakeFiles/beam-search.dir/beam-search.cpp.o
[ 53%] Building CXX object examples/eval-callback/CMakeFiles/eval-callback.dir/eval-callback.cpp.o
[ 52%] Linking CXX executable ../bin/test-grad0
[ 53%] Linking CXX executable ../bin/test-rope
[ 53%] Linking CXX executable ../bin/test-sampling
[ 54%] Linking CXX executable ../bin/test-backend-ops
[ 56%] Building CXX object examples/finetune/CMakeFiles/finetune.dir/finetune.cpp.o
[ 55%] Building CXX object examples/gguf-split/CMakeFiles/gguf-split.dir/gguf-split.cpp.o
[ 56%] Building CXX object examples/embedding/CMakeFiles/embedding.dir/embedding.cpp.o
[ 56%] Linking CXX executable ../bin/test-autorelease
[ 56%] Linking CXX executable ../bin/test-model-load-cancel
[ 57%] Building CXX object examples/gritlm/CMakeFiles/gritlm.dir/gritlm.cpp.o
[ 57%] Building CXX object examples/llama-bench/CMakeFiles/llama-bench.dir/llama-bench.cpp.o
[ 58%] Linking CXX executable ../bin/test-tokenizer-0-llama
[ 57%] Building CXX object examples/infill/CMakeFiles/infill.dir/infill.cpp.o
[ 59%] Building CXX object examples/llava/CMakeFiles/llava-cli.dir/llava-cli.cpp.o
[ 59%] Building CXX object examples/main/CMakeFiles/main.dir/main.cpp.o
[ 59%] Linking CXX executable ../bin/test-grammar-parser
[ 60%] Building CXX object examples/tokenize/CMakeFiles/tokenize.dir/tokenize.cpp.o
[ 60%] Built target test-quantize-perf
[ 60%] Linking CXX executable ../bin/test-tokenizer-1-llama
[ 60%] Building CXX object examples/parallel/CMakeFiles/parallel.dir/parallel.cpp.o
[ 61%] Building CXX object examples/perplexity/CMakeFiles/perplexity.dir/perplexity.cpp.o
[ 61%] Building CXX object examples/save-load-state/CMakeFiles/save-load-state.dir/save-load-state.cpp.o
[ 61%] Building CXX object examples/retrieval/CMakeFiles/retrieval.dir/retrieval.cpp.o
[ 62%] Building CXX object examples/passkey/CMakeFiles/passkey.dir/passkey.cpp.o
[ 63%] Linking CXX executable ../bin/test-tokenizer-0-falcon
[ 63%] Linking CXX executable ../bin/test-tokenizer-1-baichuan
[ 64%] Building CXX object examples/simple/CMakeFiles/simple.dir/simple.cpp.o
[ 65%] Building CXX object examples/speculative/CMakeFiles/speculative.dir/speculative.cpp.o
[ 65%] Building CXX object examples/lookahead/CMakeFiles/lookahead.dir/lookahead.cpp.o
[ 66%] Linking CXX executable ../bin/test-tokenizer-1-falcon
[ 66%] Linking CXX executable ../bin/test-tokenizer-1-aquila
[ 67%] Building CXX object examples/lookup/CMakeFiles/lookup.dir/lookup.cpp.o
[ 68%] Building CXX object examples/lookup/CMakeFiles/lookup-create.dir/lookup-create.cpp.o
[ 69%] Linking CXX executable ../bin/test-tokenizer-1-stablelm-3b-4e1t
[ 69%] Building CXX object examples/lookup/CMakeFiles/lookup-merge.dir/lookup-merge.cpp.o
[ 70%] Linking CXX executable ../bin/test-tokenizer-1-gpt-neox
[ 71%] Building CXX object examples/lookup/CMakeFiles/lookup-stats.dir/lookup-stats.cpp.o
[ 72%] Building CXX object examples/train-text-from-scratch/CMakeFiles/train-text-from-scratch.dir/train-text-from-scratch.cpp.o
[ 73%] Linking CXX executable ../bin/test-tokenizer-1-mpt
[ 74%] Linking CXX executable ../../bin/baby-llama
[ 74%] Linking CXX executable ../bin/test-tokenizer-1-gpt2
[ 74%] Building CXX object examples/imatrix/CMakeFiles/imatrix.dir/imatrix.cpp.o
[ 75%] Building CXX object examples/server/CMakeFiles/server.dir/server.cpp.o
[ 76%] Linking CXX executable ../bin/test-tokenizer-1-refact
[ 77%] Linking CXX executable ../bin/test-tokenizer-1-starcoder
[ 78%] Building CXX object examples/export-lora/CMakeFiles/export-lora.dir/export-lora.cpp.o
[ 79%] Building CXX object pocs/vdot/CMakeFiles/q8dot.dir/q8dot.cpp.o
[ 80%] Building CXX object pocs/vdot/CMakeFiles/vdot.dir/vdot.cpp.o
[ 80%] Built target test-rope
[ 80%] Built target test-grad0
[ 81%] Linking CXX executable ../../bin/batched
[ 82%] Linking CXX executable ../../bin/batched-bench
[ 82%] Built target test-chat-template
[ 82%] Linking CXX executable ../../bin/q8dot
[ 83%] Linking CXX executable ../../bin/vdot
[ 84%] Linking CXX executable ../../bin/eval-callback
[ 84%] Built target test-backend-ops
[ 84%] Linking CXX executable ../../bin/beam-search
[ 84%] Built target test-sampling
[ 84%] Built target test-autorelease
[ 85%] Linking CXX executable ../../bin/convert-llama2c-to-ggml
[ 85%] Built target test-grammar-parser
[ 85%] Built target test-model-load-cancel
[ 86%] Linking CXX executable ../../bin/embedding
[ 87%] Linking CXX executable ../bin/test-json-schema-to-grammar
[ 87%] Linking CXX executable ../../bin/finetune
[ 87%] Linking CXX executable ../../bin/gguf-split
[ 87%] Built target test-tokenizer-0-llama
[ 87%] Linking CXX executable ../../bin/llava-cli
[ 88%] Linking CXX executable ../../bin/llama-bench
[ 89%] Linking CXX executable ../../bin/gritlm
[ 90%] Linking CXX executable ../../bin/tokenize
[ 90%] Linking CXX executable ../../bin/infill
[ 91%] Linking CXX executable ../../bin/main
[ 91%] Linking CXX executable ../../bin/simple
[ 91%] Built target test-tokenizer-1-llama
[ 92%] Linking CXX executable ../../bin/parallel
[ 92%] Linking CXX executable ../../bin/passkey
[ 92%] Linking CXX executable ../../bin/perplexity
[ 93%] Linking CXX executable ../../bin/speculative
[ 93%] Built target test-tokenizer-1-baichuan
[ 94%] Linking CXX executable ../../bin/retrieval
[ 92%] Built target test-tokenizer-0-falcon
[ 95%] Linking CXX executable ../../bin/save-load-state
[ 96%] Linking CXX executable ../../bin/lookahead
[ 96%] Built target test-tokenizer-1-aquila
[ 96%] Built target test-tokenizer-1-falcon
[ 96%] Built target q8dot
[ 97%] Linking CXX executable ../../bin/lookup-stats
[ 96%] Built target test-tokenizer-1-mpt
[ 97%] Linking CXX executable ../../bin/lookup-create
[ 97%] Linking CXX executable ../../bin/lookup
[ 97%] Built target test-tokenizer-1-stablelm-3b-4e1t
[ 97%] Built target test-tokenizer-1-gpt-neox
[ 97%] Linking CXX executable ../../bin/train-text-from-scratch
[ 97%] Built target test-tokenizer-1-gpt2
[ 97%] Linking CXX executable ../../bin/lookup-merge
[ 97%] Built target vdot
[ 97%] Built target baby-llama
[ 97%] Built target test-tokenizer-1-refact
[ 97%] Linking CXX executable ../../bin/export-lora
[ 97%] Built target test-tokenizer-1-starcoder
[ 98%] Linking CXX executable ../../bin/imatrix
[ 98%] Built target batched
[ 98%] Built target convert-llama2c-to-ggml
[ 98%] Built target eval-callback
[ 98%] Built target batched-bench
[ 98%] Built target embedding
[ 98%] Built target beam-search
[ 98%] Built target test-json-schema-to-grammar
[ 98%] Built target gguf-split
[ 98%] Built target finetune
[ 98%] Built target tokenize
[ 98%] Built target gritlm
[ 98%] Built target infill
[ 98%] Built target llava-cli
[ 98%] Built target llama-bench
[ 98%] Built target speculative
[ 98%] Built target simple
[ 98%] Built target lookahead
[ 98%] Built target main
[ 98%] Built target passkey
[ 98%] Built target parallel
[ 98%] Built target retrieval
[ 98%] Built target perplexity
[ 98%] Built target lookup-stats
[ 98%] Built target lookup-merge
[ 98%] Built target lookup
[ 98%] Built target export-lora
[ 98%] Built target save-load-state
[ 98%] Built target lookup-create
[ 98%] Built target train-text-from-scratch
[ 98%] Built target imatrix
[ 98%] Linking CXX executable ../../bin/server
[ 98%] Built target server
[ 98%] Linking CXX executable ../bin/test-grammar-integration
[ 98%] Built target test-grammar-integration
[ 99%] Linking CXX executable ../../bin/quantize-stats
[ 99%] Built target quantize-stats
[100%] Linking CXX executable ../bin/test-llama-grammar
[100%] Built target test-llama-grammar

real	1m3.320s
user	1m16.262s
sys	0m7.592s
+ '[' -z 1 ']'
+ tee -a /home/ggml/results/llama.cpp/cb/aadc92942c50aab599a9e4c163afc1f44f7c26/ggml-1-arm64-cpu-low-perf/ctest_release-ctest.log
+ ctest --output-on-failure -L main -E test-opt
Test project /home/ggml/work/llama.cpp/build-ci-release
      Start  1: test-quantize-fns
 1/23 Test  #1: test-quantize-fns ...................   Passed   20.48 sec
      Start  2: test-quantize-perf
 2/23 Test  #2: test-quantize-perf ..................   Passed    5.77 sec
      Start  3: test-sampling
 3/23 Test  #3: test-sampling .......................   Passed    0.01 sec
      Start  4: test-chat-template
 4/23 Test  #4: test-chat-template ..................   Passed    0.00 sec
      Start  5: test-tokenizer-0-llama
 5/23 Test  #5: test-tokenizer-0-llama ..............   Passed    0.05 sec
      Start  6: test-tokenizer-0-falcon
 6/23 Test  #6: test-tokenizer-0-falcon .............   Passed    0.27 sec
      Start  7: test-tokenizer-1-llama
 7/23 Test  #7: test-tokenizer-1-llama ..............   Passed    0.63 sec
      Start  8: test-tokenizer-1-baichuan
 8/23 Test  #8: test-tokenizer-1-baichuan ...........   Passed    0.72 sec
      Start  9: test-tokenizer-1-falcon
 9/23 Test  #9: test-tokenizer-1-falcon .............   Passed    1.11 sec
      Start 10: test-tokenizer-1-aquila
10/23 Test #10: test-tokenizer-1-aquila .............   Passed    1.68 sec
      Start 11: test-tokenizer-1-mpt
11/23 Test #11: test-tokenizer-1-mpt ................   Passed    0.89 sec
      Start 12: test-tokenizer-1-stablelm-3b-4e1t
12/23 Test #12: test-tokenizer-1-stablelm-3b-4e1t ...   Passed    0.89 sec
      Start 13: test-tokenizer-1-gpt-neox
13/23 Test #13: test-tokenizer-1-gpt-neox ...........   Passed    0.89 sec
      Start 14: test-tokenizer-1-refact
14/23 Test #14: test-tokenizer-1-refact .............   Passed    0.87 sec
      Start 15: test-tokenizer-1-starcoder
15/23 Test #15: test-tokenizer-1-starcoder ..........   Passed    0.87 sec
      Start 16: test-tokenizer-1-gpt2
16/23 Test #16: test-tokenizer-1-gpt2 ...............   Passed    0.90 sec
      Start 17: test-grammar-parser
17/23 Test #17: test-grammar-parser .................   Passed    0.00 sec
      Start 18: test-llama-grammar
18/23 Test #18: test-llama-grammar ..................   Passed    0.00 sec
      Start 19: test-grammar-integration
19/23 Test #19: test-grammar-integration ............   Passed    0.00 sec
      Start 20: test-grad0
20/23 Test #20: test-grad0 ..........................   Passed    3.34 sec
      Start 21: test-backend-ops
21/23 Test #21: test-backend-ops ....................   Passed    0.00 sec
      Start 22: test-rope
22/23 Test #22: test-rope ...........................   Passed    0.05 sec
      Start 25: test-json-schema-to-grammar
23/23 Test #25: test-json-schema-to-grammar .........   Passed    0.01 sec

100% tests passed, 0 tests failed out of 23

Label Time Summary:
main    =  39.44 sec*proc (23 tests)

Total Test time (real) =  39.45 sec

real	0m39.468s
user	0m48.823s
sys	0m3.701s
+ set +e
+ cur=0
+ echo 0
+ set +x
