+ cmake -DCMAKE_BUILD_TYPE=Debug -DLLAMA_FATAL_WARNINGS=ON ..
-- The C compiler identification is GNU 11.4.0
-- The CXX compiler identification is GNU 11.4.0
-- Detecting C compiler ABI info
-- Detecting C compiler ABI info - done
-- Check for working C compiler: /usr/bin/cc - skipped
-- Detecting C compile features
-- Detecting C compile features - done
-- Detecting CXX compiler ABI info
-- Detecting CXX compiler ABI info - done
-- Check for working CXX compiler: /usr/bin/c++ - skipped
-- Detecting CXX compile features
-- Detecting CXX compile features - done
-- Found Git: /usr/bin/git (found version "2.34.1") 
-- Looking for pthread.h
-- Looking for pthread.h - found
-- Performing Test CMAKE_HAVE_LIBC_PTHREAD
-- Performing Test CMAKE_HAVE_LIBC_PTHREAD - Success
-- Found Threads: TRUE  
-- ccache found, compilation results will be cached. Disable with LLAMA_CCACHE=OFF.
-- CMAKE_SYSTEM_PROCESSOR: aarch64
-- ARM detected
-- Performing Test COMPILER_SUPPORTS_FP16_FORMAT_I3E
-- Performing Test COMPILER_SUPPORTS_FP16_FORMAT_I3E - Failed
-- Configuring done
-- Generating done
-- Build files have been written to: /home/ggml/work/llama.cpp/build-ci-debug

real	0m0.611s
user	0m0.445s
sys	0m0.169s
+ make -j
[  0%] Generating build details from Git
[  1%] Building C object CMakeFiles/ggml.dir/ggml.c.o
[  1%] Building C object CMakeFiles/ggml.dir/ggml-backend.c.o
[  2%] Building C object CMakeFiles/ggml.dir/ggml-quants.c.o
-- Found Git: /usr/bin/git (found version "2.34.1") 
[  3%] Building C object CMakeFiles/ggml.dir/ggml-alloc.c.o
[  4%] Building CXX object CMakeFiles/ggml.dir/sgemm.cpp.o
[  5%] Building CXX object common/CMakeFiles/build_info.dir/build-info.cpp.o
[  5%] Built target build_info
[  5%] Built target ggml
[  6%] Building CXX object examples/gguf/CMakeFiles/gguf.dir/gguf.cpp.o
[  6%] Linking CXX static library libggml_static.a
[  7%] Building CXX object CMakeFiles/llama.dir/llama.cpp.o
[  8%] Building CXX object CMakeFiles/llama.dir/unicode.cpp.o
[  8%] Building CXX object CMakeFiles/llama.dir/unicode-data.cpp.o
[  8%] Linking CXX executable ../../bin/gguf
[  8%] Built target ggml_static
[  8%] Built target gguf
[  9%] Linking CXX static library libllama.a
[  9%] Built target llama
[ 10%] Building C object tests/CMakeFiles/test-c.dir/test-c.c.o
[ 10%] Building CXX object examples/llava/CMakeFiles/llava.dir/clip.cpp.o
[ 11%] Building CXX object common/CMakeFiles/common.dir/common.cpp.o
[ 12%] Building CXX object examples/llava/CMakeFiles/llava.dir/llava.cpp.o
[ 12%] Building CXX object examples/benchmark/CMakeFiles/benchmark.dir/benchmark-matmult.cpp.o
[ 12%] Building CXX object common/CMakeFiles/common.dir/sampling.cpp.o
[ 13%] Building CXX object common/CMakeFiles/common.dir/grammar-parser.cpp.o
[ 13%] Building CXX object common/CMakeFiles/common.dir/json-schema-to-grammar.cpp.o
[ 14%] Building CXX object common/CMakeFiles/common.dir/console.cpp.o
[ 15%] Building CXX object examples/quantize-stats/CMakeFiles/quantize-stats.dir/quantize-stats.cpp.o
[ 15%] Linking CXX executable ../bin/test-c
[ 15%] Building CXX object common/CMakeFiles/common.dir/ngram-cache.cpp.o
[ 16%] Building CXX object common/CMakeFiles/common.dir/train.cpp.o
[ 16%] Built target test-c
[ 16%] Built target llava
[ 16%] Linking CXX static library libllava_static.a
[ 17%] Linking CXX executable ../../bin/benchmark
[ 17%] Linking CXX executable ../../bin/quantize-stats
[ 17%] Built target llava_static
[ 18%] Linking CXX static library libcommon.a
[ 18%] Built target benchmark
[ 18%] Built target common
[ 19%] Building CXX object tests/CMakeFiles/test-tokenizer-1-bpe.dir/test-tokenizer-1-bpe.cpp.o
[ 20%] Building CXX object tests/CMakeFiles/test-tokenizer-0.dir/test-tokenizer-0.cpp.o
[ 21%] Building CXX object tests/CMakeFiles/test-quantize-perf.dir/test-quantize-perf.cpp.o
[ 22%] Building CXX object tests/CMakeFiles/test-tokenizer-1-spm.dir/test-tokenizer-1-spm.cpp.o
[ 23%] Building CXX object tests/CMakeFiles/test-sampling.dir/test-sampling.cpp.o
[ 23%] Building CXX object tests/CMakeFiles/test-sampling.dir/get-model.cpp.o
[ 24%] Building CXX object tests/CMakeFiles/test-quantize-perf.dir/get-model.cpp.o
[ 25%] Building CXX object tests/CMakeFiles/test-quantize-fns.dir/get-model.cpp.o
[ 26%] Building CXX object tests/CMakeFiles/test-quantize-fns.dir/test-quantize-fns.cpp.o
[ 26%] Building CXX object tests/CMakeFiles/test-chat-template.dir/get-model.cpp.o
[ 27%] Building CXX object tests/CMakeFiles/test-chat-template.dir/test-chat-template.cpp.o
[ 27%] Building CXX object tests/CMakeFiles/test-grad0.dir/get-model.cpp.o
[ 27%] Building CXX object tests/CMakeFiles/test-grammar-parser.dir/test-grammar-parser.cpp.o
[ 27%] Building CXX object tests/CMakeFiles/test-llama-grammar.dir/test-llama-grammar.cpp.o
[ 29%] Building CXX object tests/CMakeFiles/test-llama-grammar.dir/get-model.cpp.o
[ 28%] Building CXX object tests/CMakeFiles/test-grammar-integration.dir/test-grammar-integration.cpp.o
[ 30%] Building CXX object tests/CMakeFiles/test-grammar-parser.dir/get-model.cpp.o
[ 31%] Building CXX object tests/CMakeFiles/test-grad0.dir/test-grad0.cpp.o
[ 31%] Linking CXX executable ../bin/test-quantize-perf
[ 31%] Building CXX object tests/CMakeFiles/test-grammar-integration.dir/get-model.cpp.o
[ 31%] Linking CXX executable ../bin/test-quantize-fns
[ 32%] Building CXX object tests/CMakeFiles/test-backend-ops.dir/test-backend-ops.cpp.o
[ 32%] Building CXX object tests/CMakeFiles/test-backend-ops.dir/get-model.cpp.o
[ 33%] Building CXX object tests/CMakeFiles/test-rope.dir/test-rope.cpp.o
[ 34%] Linking CXX executable ../bin/test-grad0
[ 34%] Building CXX object tests/CMakeFiles/test-model-load-cancel.dir/test-model-load-cancel.cpp.o
[ 34%] Building CXX object tests/CMakeFiles/test-rope.dir/get-model.cpp.o
[ 35%] Building CXX object tests/CMakeFiles/test-json-schema-to-grammar.dir/get-model.cpp.o
[ 36%] Building CXX object tests/CMakeFiles/test-model-load-cancel.dir/get-model.cpp.o
[ 36%] Building CXX object examples/baby-llama/CMakeFiles/baby-llama.dir/baby-llama.cpp.o
[ 36%] Building CXX object tests/CMakeFiles/test-json-schema-to-grammar.dir/test-json-schema-to-grammar.cpp.o
[ 37%] Building CXX object tests/CMakeFiles/test-autorelease.dir/test-autorelease.cpp.o
[ 37%] Building CXX object examples/batched/CMakeFiles/batched.dir/batched.cpp.o
[ 37%] Building CXX object tests/CMakeFiles/test-autorelease.dir/get-model.cpp.o
[ 38%] Building CXX object examples/batched-bench/CMakeFiles/batched-bench.dir/batched-bench.cpp.o
[ 40%] Linking CXX executable ../bin/test-rope
[ 39%] Building CXX object examples/beam-search/CMakeFiles/beam-search.dir/beam-search.cpp.o
[ 41%] Building CXX object examples/convert-llama2c-to-ggml/CMakeFiles/convert-llama2c-to-ggml.dir/convert-llama2c-to-ggml.cpp.o
[ 42%] Building CXX object examples/embedding/CMakeFiles/embedding.dir/embedding.cpp.o
[ 43%] Linking CXX executable ../bin/test-chat-template
[ 43%] Building CXX object examples/eval-callback/CMakeFiles/eval-callback.dir/eval-callback.cpp.o
[ 43%] Building CXX object examples/gritlm/CMakeFiles/gritlm.dir/gritlm.cpp.o
[ 45%] Building CXX object examples/finetune/CMakeFiles/finetune.dir/finetune.cpp.o
[ 45%] Linking CXX executable ../bin/test-sampling
[ 45%] Linking CXX executable ../bin/test-model-load-cancel
[ 46%] Linking CXX executable ../bin/test-grammar-parser
[ 47%] Building CXX object examples/gguf-split/CMakeFiles/gguf-split.dir/gguf-split.cpp.o
[ 48%] Building CXX object examples/llama-bench/CMakeFiles/llama-bench.dir/llama-bench.cpp.o
[ 49%] Building CXX object examples/infill/CMakeFiles/infill.dir/infill.cpp.o
[ 50%] Linking CXX executable ../bin/test-grammar-integration
[ 50%] Building CXX object examples/tokenize/CMakeFiles/tokenize.dir/tokenize.cpp.o
[ 51%] Building CXX object examples/llava/CMakeFiles/llava-cli.dir/llava-cli.cpp.o
[ 52%] Building CXX object examples/parallel/CMakeFiles/parallel.dir/parallel.cpp.o
[ 52%] Building CXX object examples/main/CMakeFiles/main.dir/main.cpp.o
[ 53%] Building CXX object examples/perplexity/CMakeFiles/perplexity.dir/perplexity.cpp.o
[ 54%] Linking CXX executable ../bin/test-tokenizer-1-spm
[ 55%] Building CXX object examples/quantize/CMakeFiles/quantize.dir/quantize.cpp.o
[ 56%] Building CXX object examples/retrieval/CMakeFiles/retrieval.dir/retrieval.cpp.o
[ 56%] Built target test-grad0
[ 57%] Linking CXX executable ../bin/test-autorelease
[ 57%] Linking CXX executable ../bin/test-tokenizer-1-bpe
[ 57%] Linking CXX executable ../bin/test-tokenizer-0
[ 57%] Building CXX object examples/save-load-state/CMakeFiles/save-load-state.dir/save-load-state.cpp.o
[ 58%] Building CXX object examples/passkey/CMakeFiles/passkey.dir/passkey.cpp.o
[ 58%] Building CXX object examples/simple/CMakeFiles/simple.dir/simple.cpp.o
[ 59%] Building CXX object examples/lookahead/CMakeFiles/lookahead.dir/lookahead.cpp.o
[ 60%] Building CXX object examples/speculative/CMakeFiles/speculative.dir/speculative.cpp.o
[ 60%] Built target test-quantize-perf
[ 61%] Linking CXX executable ../../bin/baby-llama
[ 61%] Built target test-quantize-fns
[ 61%] Building CXX object examples/lookup/CMakeFiles/lookup.dir/lookup.cpp.o
[ 61%] Building CXX object examples/lookup/CMakeFiles/lookup-create.dir/lookup-create.cpp.o
[ 62%] Building CXX object examples/lookup/CMakeFiles/lookup-stats.dir/lookup-stats.cpp.o
[ 63%] Building CXX object examples/lookup/CMakeFiles/lookup-merge.dir/lookup-merge.cpp.o
[ 64%] Generating theme-snowstorm.css.hpp
[ 65%] Generating colorthemes.css.hpp
[ 66%] Generating completion.js.hpp
[ 67%] Building CXX object examples/train-text-from-scratch/CMakeFiles/train-text-from-scratch.dir/train-text-from-scratch.cpp.o
[ 67%] Generating index-new.html.hpp
[ 68%] Building CXX object examples/imatrix/CMakeFiles/imatrix.dir/imatrix.cpp.o
[ 69%] Linking CXX executable ../../bin/batched
[ 70%] Generating index.html.hpp
[ 71%] Building CXX object pocs/vdot/CMakeFiles/vdot.dir/vdot.cpp.o
[ 71%] Built target test-rope
[ 71%] Linking CXX executable ../../bin/batched-bench
[ 72%] Generating index.js.hpp
[ 72%] Building CXX object examples/export-lora/CMakeFiles/export-lora.dir/export-lora.cpp.o
[ 72%] Building CXX object pocs/vdot/CMakeFiles/q8dot.dir/q8dot.cpp.o
[ 72%] Generating json-schema-to-grammar.mjs.hpp
[ 73%] Generating prompt-formats.js.hpp
[ 73%] Generating style.css.hpp
[ 73%] Generating system-prompts.js.hpp
[ 73%] Linking CXX executable ../../bin/convert-llama2c-to-ggml
[ 74%] Linking CXX executable ../../bin/gritlm
[ 75%] Linking CXX executable ../../bin/q8dot
[ 76%] Generating theme-beeninorder.css.hpp
[ 77%] Linking CXX executable ../../bin/vdot
[ 78%] Linking CXX executable ../../bin/beam-search
[ 78%] Generating theme-ketivah.css.hpp
[ 79%] Linking CXX executable ../../bin/eval-callback
[ 80%] Linking CXX executable ../../bin/embedding
[ 80%] Built target test-grammar-parser
[ 81%] Generating theme-mangotango.css.hpp
[ 82%] Generating theme-playground.css.hpp
[ 82%] Linking CXX executable ../../bin/finetune
[ 82%] Generating theme-polarnight.css.hpp
[ 83%] Linking CXX executable ../../bin/gguf-split
[ 83%] Linking CXX executable ../../bin/infill
[ 84%] Linking CXX executable ../../bin/llava-cli
[ 85%] Linking CXX executable ../../bin/tokenize
[ 85%] Linking CXX executable ../../bin/quantize
[ 86%] Linking CXX executable ../../bin/main
[ 87%] Linking CXX executable ../../bin/perplexity
[ 88%] Linking CXX executable ../bin/test-json-schema-to-grammar
[ 88%] Linking CXX executable ../../bin/parallel
[ 88%] Linking CXX executable ../../bin/passkey
[ 88%] Linking CXX executable ../../bin/llama-bench
[ 89%] Linking CXX executable ../../bin/lookahead
[ 90%] Linking CXX executable ../../bin/retrieval
[ 90%] Linking CXX executable ../../bin/speculative
[ 91%] Building CXX object examples/server/CMakeFiles/server.dir/server.cpp.o
[ 92%] Linking CXX executable ../../bin/simple
[ 93%] Linking CXX executable ../../bin/save-load-state
[ 94%] Linking CXX executable ../../bin/lookup-create
[ 95%] Linking CXX executable ../../bin/lookup
[ 95%] Linking CXX executable ../../bin/lookup-merge
[ 95%] Linking CXX executable ../../bin/train-text-from-scratch
[ 96%] Linking CXX executable ../../bin/lookup-stats
[ 96%] Built target vdot
[ 96%] Built target quantize-stats
[ 96%] Built target q8dot
[ 97%] Linking CXX executable ../../bin/export-lora
[ 97%] Linking CXX executable ../../bin/imatrix
[ 97%] Built target convert-llama2c-to-ggml
[ 97%] Built target lookup-merge
[ 97%] Built target export-lora
[ 97%] Built target test-model-load-cancel
[ 97%] Built target test-chat-template
[ 97%] Built target test-sampling
[ 97%] Built target test-json-schema-to-grammar
[ 97%] Built target test-grammar-integration
[ 97%] Built target test-autorelease
[ 97%] Built target gguf-split
[ 97%] Built target test-tokenizer-1-bpe
[ 97%] Built target baby-llama
[ 97%] Built target eval-callback
[ 97%] Built target test-tokenizer-1-spm
[ 97%] Built target test-tokenizer-0
[ 97%] Built target batched-bench
[ 97%] Built target tokenize
[ 97%] Built target batched
[ 97%] Built target finetune
[ 97%] Built target main
[ 97%] Built target infill
[ 97%] Built target passkey
[ 97%] Built target beam-search
[ 97%] Built target gritlm
[ 97%] Built target embedding
[ 97%] Built target parallel
[ 97%] Built target perplexity
[ 97%] Built target quantize
[ 97%] Built target lookahead
[ 97%] Built target retrieval
[ 97%] Built target save-load-state
[ 97%] Built target llama-bench
[ 97%] Built target lookup-create
[ 97%] Built target lookup
[ 97%] Built target train-text-from-scratch
[ 97%] Built target speculative
[ 97%] Built target simple
[ 97%] Built target llava-cli
[ 97%] Built target lookup-stats
[ 97%] Built target imatrix
[ 98%] Linking CXX executable ../bin/test-backend-ops
[ 98%] Built target test-backend-ops
[ 99%] Linking CXX executable ../bin/test-llama-grammar
[ 99%] Built target test-llama-grammar
[100%] Linking CXX executable ../../bin/server
[100%] Built target server

real	0m43.916s
user	1m27.495s
sys	0m10.078s
+ ctest --output-on-failure -L main -E test-opt
Test project /home/ggml/work/llama.cpp/build-ci-debug
      Start  1: test-tokenizer-0-llama-spm
 1/22 Test  #1: test-tokenizer-0-llama-spm .......   Passed    0.21 sec
      Start  2: test-tokenizer-0-llama-bpe
 2/22 Test  #2: test-tokenizer-0-llama-bpe .......   Passed    3.27 sec
      Start  3: test-tokenizer-0-phi-3
 3/22 Test  #3: test-tokenizer-0-phi-3 ...........   Passed    0.21 sec
      Start  4: test-tokenizer-0-falcon
 4/22 Test  #4: test-tokenizer-0-falcon ..........   Passed    1.17 sec
      Start  5: test-tokenizer-0-bert-bge
 5/22 Test  #5: test-tokenizer-0-bert-bge ........   Passed    0.22 sec
      Start  6: test-tokenizer-0-starcoder
 6/22 Test  #6: test-tokenizer-0-starcoder .......   Passed    0.88 sec
      Start  7: test-tokenizer-0-gpt-2
 7/22 Test  #7: test-tokenizer-0-gpt-2 ...........   Passed    0.91 sec
      Start  8: test-tokenizer-0-refact
 8/22 Test  #8: test-tokenizer-0-refact ..........   Passed    0.87 sec
      Start  9: test-tokenizer-0-command-r
 9/22 Test  #9: test-tokenizer-0-command-r .......   Passed    5.65 sec
      Start 10: test-tokenizer-0-qwen2
10/22 Test #10: test-tokenizer-0-qwen2 ...........   Passed    2.96 sec
      Start 11: test-tokenizer-1-llama-spm
11/22 Test #11: test-tokenizer-1-llama-spm .......   Passed    4.26 sec
      Start 12: test-quantize-fns
12/22 Test #12: test-quantize-fns ................   Passed   34.97 sec
      Start 13: test-quantize-perf
13/22 Test #13: test-quantize-perf ...............   Passed   10.77 sec
      Start 14: test-sampling
14/22 Test #14: test-sampling ....................   Passed    0.03 sec
      Start 15: test-chat-template
15/22 Test #15: test-chat-template ...............   Passed    0.00 sec
      Start 16: test-grammar-parser
16/22 Test #16: test-grammar-parser ..............   Passed    0.00 sec
      Start 17: test-llama-grammar
17/22 Test #17: test-llama-grammar ...............   Passed    0.00 sec
      Start 18: test-grammar-integration
18/22 Test #18: test-grammar-integration .........   Passed    0.01 sec
      Start 19: test-grad0
19/22 Test #19: test-grad0 .......................   Passed    2.33 sec
      Start 20: test-backend-ops
20/22 Test #20: test-backend-ops .................   Passed    0.00 sec
      Start 21: test-rope
21/22 Test #21: test-rope ........................   Passed    0.07 sec
      Start 24: test-json-schema-to-grammar
22/22 Test #24: test-json-schema-to-grammar ......   Passed    0.04 sec

100% tests passed, 0 tests failed out of 22

Label Time Summary:
main    =  68.84 sec*proc (22 tests)

Total Test time (real) =  68.84 sec

real	1m8.853s
user	1m17.648s
sys	0m1.391s
