+ cmake -DCMAKE_BUILD_TYPE=Release ..
-- The C compiler identification is GNU 13.3.0
-- The CXX compiler identification is GNU 13.3.0
-- Detecting C compiler ABI info
-- Detecting C compiler ABI info - done
-- Check for working C compiler: /usr/bin/cc - skipped
-- Detecting C compile features
-- Detecting C compile features - done
-- Detecting CXX compiler ABI info
-- Detecting CXX compiler ABI info - done
-- Check for working CXX compiler: /usr/bin/c++ - skipped
-- Detecting CXX compile features
-- Detecting CXX compile features - done
-- Performing Test CMAKE_HAVE_LIBC_PTHREAD
-- Performing Test CMAKE_HAVE_LIBC_PTHREAD - Success
-- Found Threads: TRUE  
-- ccache found, compilation results will be cached. Disable with GGML_CCACHE=OFF.
-- CMAKE_SYSTEM_PROCESSOR: x86_64
-- Including CPU backend
-- Found OpenMP_C: -fopenmp (found version "4.5") 
-- Found OpenMP_CXX: -fopenmp (found version "4.5") 
-- Found OpenMP: TRUE (found version "4.5")  
-- x86 detected
-- Adding CPU backend variant ggml-cpu: -march=native 
-- x86 detected
-- Linux detected
-- Configuring done (0.9s)
-- Generating done (0.1s)
-- Build files have been written to: /home/ggml/work/ggml/build-ci-release

real	0m0.970s
user	0m0.498s
sys	0m0.473s
+ make -j
[  1%] Building CXX object src/CMakeFiles/ggml-base.dir/ggml-backend.cpp.o
[  2%] Building CXX object examples/CMakeFiles/common.dir/common.cpp.o
[  4%] Building C object src/CMakeFiles/ggml-base.dir/ggml.c.o
[  4%] Building C object src/CMakeFiles/ggml-base.dir/ggml-alloc.c.o
[  5%] Building CXX object src/CMakeFiles/ggml-base.dir/ggml-opt.cpp.o
[  6%] Building C object src/CMakeFiles/ggml-base.dir/ggml-quants.c.o
[  7%] Building CXX object src/CMakeFiles/ggml-base.dir/gguf.cpp.o
[  8%] Building CXX object src/CMakeFiles/ggml-base.dir/ggml-threading.cpp.o
[  9%] Linking CXX static library libcommon.a
[ 10%] Linking CXX shared library libggml-base.so
[ 10%] Built target common
[ 10%] Built target ggml-base
[ 11%] Building CXX object src/CMakeFiles/ggml-cpu.dir/ggml-cpu/ggml-cpu-hbm.cpp.o
[ 12%] Building C object src/CMakeFiles/ggml-cpu.dir/ggml-cpu/ggml-cpu.c.o
[ 13%] Building CXX object src/CMakeFiles/ggml-cpu.dir/ggml-cpu/ggml-cpu-aarch64.cpp.o
[ 14%] Building CXX object src/CMakeFiles/ggml-cpu.dir/ggml-cpu/ggml-cpu.cpp.o
[ 15%] Building C object src/CMakeFiles/ggml-cpu.dir/ggml-cpu/ggml-cpu-quants.c.o
[ 16%] Building CXX object src/CMakeFiles/ggml-cpu.dir/ggml-cpu/ggml-cpu-traits.cpp.o
[ 17%] Building CXX object src/CMakeFiles/ggml-cpu.dir/ggml-cpu/amx/mmq.cpp.o
[ 18%] Building CXX object src/CMakeFiles/ggml-cpu.dir/ggml-cpu/amx/amx.cpp.o
[ 19%] Linking CXX shared library libggml-cpu.so
[ 19%] Built target ggml-cpu
[ 20%] Building CXX object src/CMakeFiles/ggml.dir/ggml-backend-reg.cpp.o
[ 21%] Linking CXX shared library libggml.so
[ 21%] Built target ggml
[ 22%] Building C object tests/CMakeFiles/test-vec0.dir/test-vec0.c.o
[ 23%] Building C object tests/CMakeFiles/test-vec1.dir/test-vec1.c.o
[ 24%] Building CXX object tests/CMakeFiles/test-arange.dir/test-arange.cpp.o
[ 25%] Building CXX object tests/CMakeFiles/test-quantize-fns.dir/test-quantize-fns.cpp.o
[ 26%] Building C object tests/CMakeFiles/test-mul-mat2.dir/test-mul-mat2.c.o
[ 27%] Building CXX object tests/CMakeFiles/test-pad-reflect-1d.dir/test-pad-reflect-1d.cpp.o
[ 28%] Building C object tests/CMakeFiles/test-pool.dir/test-pool.c.o
[ 29%] Building CXX object tests/CMakeFiles/test-opt.dir/test-opt.cpp.o
[ 30%] Building C object tests/CMakeFiles/test-mul-mat0.dir/test-mul-mat0.c.o
[ 31%] Building C object tests/CMakeFiles/test0.dir/test0.c.o
[ 32%] Building CXX object tests/CMakeFiles/test-quantize-perf.dir/test-quantize-perf.cpp.o
[ 33%] Building CXX object tests/CMakeFiles/test-timestep_embedding.dir/test-timestep_embedding.cpp.o
[ 34%] Linking CXX executable ../bin/test-arange
[ 35%] Building C object tests/CMakeFiles/test-conv-transpose.dir/test-conv-transpose.c.o
[ 36%] Linking C executable ../bin/test-vec0
[ 37%] Linking C executable ../bin/test-vec1
[ 38%] Building C object tests/CMakeFiles/test-rel-pos.dir/test-rel-pos.c.o
[ 39%] Linking CXX executable ../bin/test-pad-reflect-1d
[ 40%] Linking C executable ../bin/test-pool
[ 41%] Building C object tests/CMakeFiles/test-customop.dir/test-customop.c.o
[ 42%] Linking CXX executable ../bin/test-quantize-fns
[ 43%] Linking C executable ../bin/test-mul-mat0
[ 44%] Linking C executable ../bin/test-mul-mat2
[ 45%] Linking CXX executable ../bin/test-opt
[ 46%] Building CXX object tests/CMakeFiles/test-conv-transpose-1d.dir/test-conv-transpose-1d.cpp.o
[ 47%] Building C object tests/CMakeFiles/test-dup.dir/test-dup.c.o
[ 48%] Linking C executable ../bin/test0
[ 49%] Building CXX object tests/CMakeFiles/test-conv1d.dir/test-conv1d.cpp.o
[ 50%] Linking CXX executable ../bin/test-quantize-perf
[ 51%] Building CXX object examples/sam/CMakeFiles/sam.dir/main.cpp.o
[ 52%] Building CXX object tests/CMakeFiles/test-mul-mat.dir/test-mul-mat.cpp.o
[ 53%] Building CXX object tests/CMakeFiles/test-conv2d.dir/test-conv2d.cpp.o
[ 54%] Building CXX object examples/simple/CMakeFiles/simple-backend.dir/simple-backend.cpp.o
[ 55%] Building C object tests/CMakeFiles/test-cont.dir/test-cont.c.o
[ 56%] Linking CXX executable ../bin/test-timestep_embedding
[ 57%] Building CXX object tests/CMakeFiles/test-backend-ops.dir/test-backend-ops.cpp.o
[ 58%] Building CXX object examples/yolo/CMakeFiles/yolov3-tiny.dir/yolov3-tiny.cpp.o
[ 59%] Linking C executable ../bin/test-conv-transpose
[ 60%] Building CXX object examples/CMakeFiles/common-ggml.dir/common-ggml.cpp.o
[ 61%] Building CXX object examples/yolo/CMakeFiles/yolov3-tiny.dir/yolo-image.cpp.o
[ 62%] Building CXX object examples/simple/CMakeFiles/simple-ctx.dir/simple-ctx.cpp.o
[ 63%] Linking C executable ../bin/test-rel-pos
[ 64%] Linking C executable ../bin/test-customop
[ 65%] Building CXX object examples/mnist/CMakeFiles/mnist-common.dir/mnist-common.cpp.o
[ 67%] Linking CXX executable ../bin/test-conv-transpose-1d
[ 66%] Linking C executable ../bin/test-dup
[ 68%] Linking CXX executable ../bin/test-conv1d
[ 69%] Linking CXX executable ../../bin/sam
[ 70%] Linking C executable ../bin/test-cont
[ 71%] Linking CXX executable ../../bin/yolov3-tiny
[ 72%] Linking CXX executable ../bin/test-conv2d
[ 73%] Linking CXX executable ../bin/test-backend-ops
[ 74%] Linking CXX executable ../../bin/simple-backend
[ 75%] Built target test-vec1
[ 75%] Linking CXX static library libmnist-common.a
[ 76%] Linking CXX executable ../bin/test-mul-mat
[ 76%] Built target test-vec0
[ 77%] Linking CXX static library libcommon-ggml.a
[ 78%] Linking CXX executable ../../bin/simple-ctx
[ 78%] Built target test-mul-mat0
[ 78%] Built target mnist-common
[ 78%] Built target common-ggml
[ 78%] Built target test-pool
[ 78%] Built target test0
[ 78%] Built target test-pad-reflect-1d
[ 78%] Built target test-mul-mat2
[ 78%] Built target test-conv-transpose
[ 78%] Built target test-quantize-fns
[ 78%] Built target test-timestep_embedding
[ 78%] Built target test-rel-pos
[ 79%] Building CXX object examples/mnist/CMakeFiles/mnist-train.dir/mnist-train.cpp.o
[ 80%] Building CXX object examples/mnist/CMakeFiles/mnist-eval.dir/mnist-eval.cpp.o
[ 80%] Built target test-arange
[ 80%] Built target test-customop
[ 80%] Built target test-quantize-perf
[ 81%] Building CXX object examples/gpt-2/CMakeFiles/gpt-2-alloc.dir/main-alloc.cpp.o
[ 82%] Building CXX object examples/gpt-2/CMakeFiles/gpt-2-ctx.dir/main-ctx.cpp.o
[ 82%] Built target test-dup
[ 83%] Building CXX object examples/gpt-2/CMakeFiles/gpt-2-backend.dir/main-backend.cpp.o
[ 84%] Building CXX object examples/gpt-2/CMakeFiles/gpt-2-quantize.dir/quantize.cpp.o
[ 82%] Built target test-opt
[ 85%] Building CXX object examples/gpt-2/CMakeFiles/gpt-2-sched.dir/main-sched.cpp.o
[ 85%] Built target simple-ctx
[ 85%] Built target test-conv2d
[ 85%] Built target test-cont
[ 86%] Linking CXX executable ../../bin/mnist-train
[ 88%] Building CXX object examples/gpt-2/CMakeFiles/gpt-2-batched.dir/main-batched.cpp.o
[ 89%] Building CXX object examples/gpt-j/CMakeFiles/gpt-j.dir/main.cpp.o
[ 90%] Linking CXX executable ../../bin/mnist-eval
[ 87%] Building CXX object examples/gpt-j/CMakeFiles/gpt-j-quantize.dir/quantize.cpp.o
[ 91%] Built target test-conv1d
[ 92%] Linking CXX executable ../../bin/gpt-2-alloc
[ 92%] Building CXX object examples/magika/CMakeFiles/magika.dir/main.cpp.o
[ 93%] Linking CXX executable ../../bin/gpt-2-ctx
[ 94%] Linking CXX executable ../../bin/gpt-2-backend
[ 95%] Linking CXX executable ../../bin/gpt-2-quantize
[ 95%] Built target yolov3-tiny
[ 95%] Built target sam
[ 95%] Built target test-conv-transpose-1d
[ 96%] Linking CXX executable ../../bin/gpt-j-quantize
[ 97%] Linking CXX executable ../../bin/magika
[ 98%] Linking CXX executable ../../bin/gpt-2-sched
[ 99%] Linking CXX executable ../../bin/gpt-j
[ 99%] Built target test-mul-mat
[100%] Linking CXX executable ../../bin/gpt-2-batched
[100%] Built target simple-backend
[100%] Built target test-backend-ops
[100%] Built target mnist-eval
[100%] Built target gpt-2-backend
[100%] Built target gpt-2-ctx
[100%] Built target gpt-2-alloc
[100%] Built target gpt-2-quantize
[100%] Built target mnist-train
[100%] Built target gpt-j-quantize
[100%] Built target magika
[100%] Built target gpt-j
[100%] Built target gpt-2-sched
[100%] Built target gpt-2-batched

real	0m7.362s
user	0m9.227s
sys	0m2.512s
+ ctest --output-on-failure
Test project /home/ggml/work/ggml/build-ci-release
      Start  1: test-opt
 1/20 Test  #1: test-opt .........................   Passed    0.01 sec
      Start  2: test-quantize-fns
 2/20 Test  #2: test-quantize-fns ................   Passed   19.20 sec
      Start  3: test-quantize-perf
 3/20 Test  #3: test-quantize-perf ...............   Passed    0.08 sec
      Start  4: test-mul-mat0
 4/20 Test  #4: test-mul-mat0 ....................   Passed    0.49 sec
      Start  5: test-mul-mat2
 5/20 Test  #5: test-mul-mat2 ....................   Passed    2.39 sec
      Start  6: test0
 6/20 Test  #6: test0 ............................   Passed    0.00 sec
      Start  7: test-pool
 7/20 Test  #7: test-pool ........................   Passed    0.00 sec
      Start  8: test-arange
 8/20 Test  #8: test-arange ......................   Passed    0.00 sec
      Start  9: test-timestep_embedding
 9/20 Test  #9: test-timestep_embedding ..........   Passed    0.00 sec
      Start 10: test-pad-reflect-1d
10/20 Test #10: test-pad-reflect-1d ..............   Passed    0.00 sec
      Start 11: test-conv-transpose
11/20 Test #11: test-conv-transpose ..............   Passed    0.00 sec
      Start 12: test-conv-transpose-1d
12/20 Test #12: test-conv-transpose-1d ...........   Passed    0.01 sec
      Start 13: test-dup
13/20 Test #13: test-dup .........................   Passed    0.01 sec
      Start 14: test-rel-pos
14/20 Test #14: test-rel-pos .....................   Passed    0.00 sec
      Start 15: test-customop
15/20 Test #15: test-customop ....................   Passed    0.00 sec
      Start 16: test-conv1d
16/20 Test #16: test-conv1d ......................   Passed    0.00 sec
      Start 17: test-conv2d
17/20 Test #17: test-conv2d ......................   Passed    0.00 sec
      Start 18: test-mul-mat
18/20 Test #18: test-mul-mat .....................   Passed    0.00 sec
      Start 19: test-backend-ops
19/20 Test #19: test-backend-ops .................   Passed    0.01 sec
      Start 20: test-cont
20/20 Test #20: test-cont ........................   Passed    0.00 sec

100% tests passed, 0 tests failed out of 20

Total Test time (real) =  22.25 sec

real	0m22.260s
user	0m21.798s
sys	0m0.270s
