+ cmake -DCMAKE_BUILD_TYPE=Debug -DLLAMA_FATAL_WARNINGS=ON ..
-- The C compiler identification is GNU 11.4.0
-- The CXX compiler identification is GNU 11.4.0
-- Detecting C compiler ABI info
-- Detecting C compiler ABI info - done
-- Check for working C compiler: /usr/bin/cc - skipped
-- Detecting C compile features
-- Detecting C compile features - done
-- Detecting CXX compiler ABI info
-- Detecting CXX compiler ABI info - done
-- Check for working CXX compiler: /usr/bin/c++ - skipped
-- Detecting CXX compile features
-- Detecting CXX compile features - done
-- Found Git: /usr/bin/git (found version "2.34.1") 
-- Looking for pthread.h
-- Looking for pthread.h - found
-- Performing Test CMAKE_HAVE_LIBC_PTHREAD
-- Performing Test CMAKE_HAVE_LIBC_PTHREAD - Success
-- Found Threads: TRUE  
-- Found OpenMP_C: -fopenmp (found version "4.5") 
-- Found OpenMP_CXX: -fopenmp (found version "4.5") 
-- Found OpenMP: TRUE (found version "4.5")  
-- OpenMP found
-- Using llamafile
-- ccache found, compilation results will be cached. Disable with GGML_CCACHE=OFF.
-- CMAKE_SYSTEM_PROCESSOR: aarch64
-- ARM detected
-- Performing Test COMPILER_SUPPORTS_FP16_FORMAT_I3E
-- Performing Test COMPILER_SUPPORTS_FP16_FORMAT_I3E - Failed
-- Configuring done
-- Generating done
-- Build files have been written to: /home/ggml/work/llama.cpp/build-ci-debug

real	0m1.031s
user	0m0.638s
sys	0m0.397s
+ make -j
[  0%] Generating build details from Git
[  2%] Building C object examples/gguf-hash/CMakeFiles/sha256.dir/deps/sha256/sha256.c.o
[  2%] Building C object examples/gguf-hash/CMakeFiles/xxhash.dir/deps/xxhash/xxhash.c.o
[  2%] Building C object examples/gguf-hash/CMakeFiles/sha1.dir/deps/sha1/sha1.c.o
-- Found Git: /usr/bin/git (found version "2.34.1") 
[  2%] Building C object ggml/src/CMakeFiles/ggml.dir/ggml-backend.c.o
[  3%] Building C object ggml/src/CMakeFiles/ggml.dir/ggml.c.o
[  3%] Built target xxhash
[  3%] Built target sha1
[  4%] Building C object ggml/src/CMakeFiles/ggml.dir/ggml-aarch64.c.o
[  5%] Building C object ggml/src/CMakeFiles/ggml.dir/ggml-alloc.c.o
[  6%] Building C object ggml/src/CMakeFiles/ggml.dir/ggml-quants.c.o
[  3%] Built target sha256
[  6%] Building CXX object ggml/src/CMakeFiles/ggml.dir/llamafile/sgemm.cpp.o
[  8%] Linking CXX shared library libggml.so
[  8%] Building CXX object common/CMakeFiles/build_info.dir/build-info.cpp.o
[  8%] Built target build_info
[  8%] Built target ggml
[  9%] Building CXX object examples/gguf-hash/CMakeFiles/llama-gguf-hash.dir/gguf-hash.cpp.o
[  9%] Building CXX object examples/gguf/CMakeFiles/llama-gguf.dir/gguf.cpp.o
[  9%] Building CXX object src/CMakeFiles/llama.dir/llama.cpp.o
[ 10%] Building CXX object src/CMakeFiles/llama.dir/unicode.cpp.o
[ 10%] Building CXX object src/CMakeFiles/llama.dir/unicode-data.cpp.o
[ 11%] Linking CXX executable ../../bin/llama-gguf
[ 12%] Linking CXX executable ../../bin/llama-gguf-hash
[ 13%] Linking CXX shared library libllama.so
[ 13%] Built target llama-gguf
[ 13%] Built target llama-gguf-hash
[ 13%] Built target llama
[ 15%] Building CXX object common/CMakeFiles/common.dir/sampling.cpp.o
[ 15%] Building CXX object common/CMakeFiles/common.dir/common.cpp.o
[ 16%] Building CXX object examples/llava/CMakeFiles/llava.dir/clip.cpp.o
[ 16%] Building CXX object examples/llava/CMakeFiles/llava.dir/llava.cpp.o
[ 17%] Building CXX object common/CMakeFiles/common.dir/grammar-parser.cpp.o
[ 17%] Building CXX object examples/benchmark/CMakeFiles/llama-bench-matmult.dir/benchmark-matmult.cpp.o
[ 17%] Building C object tests/CMakeFiles/test-c.dir/test-c.c.o
[ 17%] Building CXX object common/CMakeFiles/common.dir/console.cpp.o
[ 17%] Building CXX object examples/quantize-stats/CMakeFiles/llama-quantize-stats.dir/quantize-stats.cpp.o
[ 17%] Building CXX object common/CMakeFiles/common.dir/train.cpp.o
[ 18%] Building CXX object common/CMakeFiles/common.dir/json-schema-to-grammar.cpp.o
[ 19%] Linking C executable ../bin/test-c
[ 20%] Building CXX object common/CMakeFiles/common.dir/ngram-cache.cpp.o
[ 21%] Linking CXX executable ../../bin/llama-bench-matmult
[ 21%] Built target llava
[ 22%] Linking CXX executable ../../bin/llama-quantize-stats
[ 22%] Linking CXX shared library libllava_shared.so
[ 22%] Linking CXX static library libcommon.a
[ 23%] Linking CXX static library libllava_static.a
[ 23%] Built target test-c
[ 23%] Built target llama-bench-matmult
[ 23%] Built target llava_static
[ 23%] Built target llama-quantize-stats
[ 23%] Built target common
[ 23%] Built target llava_shared
[ 23%] Building CXX object tests/CMakeFiles/test-tokenizer-1-spm.dir/test-tokenizer-1-spm.cpp.o
[ 24%] Building CXX object tests/CMakeFiles/test-tokenizer-0.dir/test-tokenizer-0.cpp.o
[ 24%] Building CXX object tests/CMakeFiles/test-tokenizer-1-bpe.dir/test-tokenizer-1-bpe.cpp.o
[ 25%] Building CXX object tests/CMakeFiles/test-quantize-fns.dir/test-quantize-fns.cpp.o
[ 25%] Building CXX object tests/CMakeFiles/test-sampling.dir/test-sampling.cpp.o
[ 25%] Building CXX object tests/CMakeFiles/test-quantize-fns.dir/get-model.cpp.o
[ 26%] Building CXX object tests/CMakeFiles/test-quantize-perf.dir/test-quantize-perf.cpp.o
[ 26%] Building CXX object tests/CMakeFiles/test-chat-template.dir/test-chat-template.cpp.o
[ 26%] Building CXX object tests/CMakeFiles/test-quantize-perf.dir/get-model.cpp.o
[ 27%] Building CXX object tests/CMakeFiles/test-sampling.dir/get-model.cpp.o
[ 28%] Building CXX object tests/CMakeFiles/test-chat-template.dir/get-model.cpp.o
[ 28%] Building CXX object tests/CMakeFiles/test-grammar-parser.dir/get-model.cpp.o
[ 29%] Building CXX object tests/CMakeFiles/test-grammar-parser.dir/test-grammar-parser.cpp.o
[ 30%] Building CXX object tests/CMakeFiles/test-grammar-integration.dir/test-grammar-integration.cpp.o
[ 31%] Linking CXX executable ../bin/test-tokenizer-1-bpe
[ 33%] Linking CXX executable ../bin/test-tokenizer-0
[ 34%] Building CXX object tests/CMakeFiles/test-grad0.dir/test-grad0.cpp.o
[ 34%] Building CXX object tests/CMakeFiles/test-llama-grammar.dir/test-llama-grammar.cpp.o
[ 32%] Linking CXX executable ../bin/test-tokenizer-1-spm
[ 34%] Building CXX object tests/CMakeFiles/test-grammar-integration.dir/get-model.cpp.o
[ 34%] Linking CXX executable ../bin/test-sampling
[ 35%] Building CXX object tests/CMakeFiles/test-llama-grammar.dir/get-model.cpp.o
[ 36%] Linking CXX executable ../bin/test-quantize-perf
[ 37%] Linking CXX executable ../bin/test-quantize-fns
[ 38%] Building CXX object tests/CMakeFiles/test-grad0.dir/get-model.cpp.o
[ 38%] Linking CXX executable ../bin/test-chat-template
[ 38%] Building CXX object tests/CMakeFiles/test-rope.dir/test-rope.cpp.o
[ 39%] Building CXX object tests/CMakeFiles/test-rope.dir/get-model.cpp.o
[ 40%] Building CXX object tests/CMakeFiles/test-model-load-cancel.dir/get-model.cpp.o
[ 41%] Building CXX object tests/CMakeFiles/test-model-load-cancel.dir/test-model-load-cancel.cpp.o
[ 41%] Building CXX object tests/CMakeFiles/test-backend-ops.dir/test-backend-ops.cpp.o
[ 42%] Linking CXX executable ../bin/test-grammar-parser
[ 43%] Building CXX object tests/CMakeFiles/test-backend-ops.dir/get-model.cpp.o
[ 43%] Building CXX object tests/CMakeFiles/test-autorelease.dir/get-model.cpp.o
[ 44%] Building CXX object tests/CMakeFiles/test-autorelease.dir/test-autorelease.cpp.o
[ 44%] Linking CXX executable ../bin/test-grad0
[ 45%] Building CXX object examples/cvector-generator/CMakeFiles/llama-cvector-generator.dir/cvector-generator.cpp.o
[ 46%] Linking CXX executable ../bin/test-grammar-integration
[ 47%] Linking CXX executable ../bin/test-rope
[ 48%] Building CXX object examples/baby-llama/CMakeFiles/llama-baby-llama.dir/baby-llama.cpp.o
[ 48%] Building CXX object tests/CMakeFiles/test-json-schema-to-grammar.dir/test-json-schema-to-grammar.cpp.o
[ 48%] Linking CXX executable ../bin/test-model-load-cancel
[ 49%] Building CXX object examples/batched/CMakeFiles/llama-batched.dir/batched.cpp.o
[ 50%] Building CXX object examples/batched-bench/CMakeFiles/llama-batched-bench.dir/batched-bench.cpp.o
[ 51%] Linking CXX executable ../bin/test-autorelease
[ 52%] Linking CXX executable ../bin/test-backend-ops
[ 53%] Building CXX object tests/CMakeFiles/test-json-schema-to-grammar.dir/get-model.cpp.o
[ 55%] Linking CXX executable ../../bin/llama-cvector-generator
[ 54%] Building CXX object examples/convert-llama2c-to-ggml/CMakeFiles/llama-convert-llama2c-to-ggml.dir/convert-llama2c-to-ggml.cpp.o
[ 55%] Linking CXX executable ../bin/test-llama-grammar
[ 55%] Building CXX object examples/embedding/CMakeFiles/llama-embedding.dir/embedding.cpp.o
[ 55%] Building CXX object examples/eval-callback/CMakeFiles/llama-eval-callback.dir/eval-callback.cpp.o
[ 56%] Building CXX object examples/gbnf-validator/CMakeFiles/llama-gbnf-validator.dir/gbnf-validator.cpp.o
[ 55%] Linking CXX executable ../../bin/llama-baby-llama
[ 57%] Building CXX object examples/export-lora/CMakeFiles/llama-export-lora.dir/export-lora.cpp.o
[ 57%] Linking CXX executable ../../bin/llama-batched
[ 58%] Building CXX object examples/finetune/CMakeFiles/llama-finetune.dir/finetune.cpp.o
[ 59%] Linking CXX executable ../../bin/llama-batched-bench
[ 60%] Linking CXX executable ../bin/test-json-schema-to-grammar
[ 60%] Building CXX object examples/gguf-split/CMakeFiles/llama-gguf-split.dir/gguf-split.cpp.o
[ 61%] Building CXX object examples/gritlm/CMakeFiles/llama-gritlm.dir/gritlm.cpp.o
[ 62%] Building CXX object examples/imatrix/CMakeFiles/llama-imatrix.dir/imatrix.cpp.o
[ 62%] Linking CXX executable ../../bin/llama-convert-llama2c-to-ggml
[ 62%] Linking CXX executable ../../bin/llama-gbnf-validator
[ 63%] Linking CXX executable ../../bin/llama-eval-callback
[ 63%] Building CXX object examples/llava/CMakeFiles/llama-llava-cli.dir/llava-cli.cpp.o
[ 64%] Building CXX object examples/infill/CMakeFiles/llama-infill.dir/infill.cpp.o
[ 64%] Building CXX object examples/llama-bench/CMakeFiles/llama-bench.dir/llama-bench.cpp.o
[ 65%] Building CXX object examples/lookup/CMakeFiles/llama-lookup.dir/lookup.cpp.o
[ 65%] Linking CXX executable ../../bin/llama-export-lora
[ 67%] Linking CXX executable ../../bin/llama-gguf-split
[ 67%] Building CXX object examples/lookahead/CMakeFiles/llama-lookahead.dir/lookahead.cpp.o
[ 67%] Linking CXX executable ../../bin/llama-finetune
[ 66%] Linking CXX executable ../../bin/llama-embedding
[ 68%] Building CXX object examples/lookup/CMakeFiles/llama-lookup-create.dir/lookup-create.cpp.o
[ 68%] Linking CXX executable ../../bin/llama-gritlm
[ 69%] Building CXX object examples/lookup/CMakeFiles/llama-lookup-merge.dir/lookup-merge.cpp.o
[ 70%] Building CXX object examples/main/CMakeFiles/llama-cli.dir/main.cpp.o
[ 69%] Built target test-grad0
[ 70%] Linking CXX executable ../../bin/llama-lookup
[ 70%] Building CXX object examples/parallel/CMakeFiles/llama-parallel.dir/parallel.cpp.o
[ 70%] Building CXX object examples/lookup/CMakeFiles/llama-lookup-stats.dir/lookup-stats.cpp.o
[ 71%] Linking CXX executable ../../bin/llama-imatrix
[ 72%] Linking CXX executable ../../bin/llama-llava-cli
[ 71%] Building CXX object examples/passkey/CMakeFiles/llama-passkey.dir/passkey.cpp.o
[ 73%] Linking CXX executable ../../bin/llama-bench
[ 74%] Building CXX object examples/perplexity/CMakeFiles/llama-perplexity.dir/perplexity.cpp.o
[ 75%] Linking CXX executable ../../bin/llama-lookahead
[ 75%] Built target test-quantize-fns
[ 77%] Linking CXX executable ../../bin/llama-infill
[ 77%] Generating theme-snowstorm.css.hpp
[ 75%] Linking CXX executable ../../bin/llama-lookup-create
[ 78%] Generating colorthemes.css.hpp
[ 78%] Generating completion.js.hpp
[ 79%] Linking CXX executable ../../bin/llama-lookup-merge
[ 79%] Building CXX object examples/quantize/CMakeFiles/llama-quantize.dir/quantize.cpp.o
[ 80%] Generating index.html.hpp
[ 80%] Linking CXX executable ../../bin/llama-cli
[ 80%] Generating index-new.html.hpp
/home/ggml/work/llama.cpp/examples/perplexity/perplexity.cpp: In lambda function:
/home/ggml/work/llama.cpp/examples/perplexity/perplexity.cpp:1751:41: note: parameter passing for argument of type ‘std::pair<double, double>’ when C++17 is enabled changed to match C++14 in GCC 10.1
 1751 |             return std::make_pair(0., 0.);
      |                                         ^
[ 81%] Generating index.js.hpp
[ 80%] Built target test-quantize-perf
[ 82%] Linking CXX executable ../../bin/llama-lookup-stats
[ 83%] Building CXX object examples/retrieval/CMakeFiles/llama-retrieval.dir/retrieval.cpp.o
[ 85%] Linking CXX executable ../../bin/llama-parallel
[ 86%] Building CXX object examples/simple/CMakeFiles/llama-simple.dir/simple.cpp.o
[ 84%] Building CXX object examples/save-load-state/CMakeFiles/llama-save-load-state.dir/save-load-state.cpp.o
[ 86%] Linking CXX executable ../../bin/llama-passkey
[ 86%] Linking CXX executable ../../bin/llama-perplexity
[ 86%] Building CXX object examples/speculative/CMakeFiles/llama-speculative.dir/speculative.cpp.o
[ 86%] Building CXX object examples/tokenize/CMakeFiles/llama-tokenize.dir/tokenize.cpp.o
[ 86%] Built target test-model-load-cancel
[ 87%] Generating prompt-formats.js.hpp
[ 87%] Generating json-schema-to-grammar.mjs.hpp
[ 87%] Generating style.css.hpp
[ 88%] Built target test-rope
[ 90%] Linking CXX executable ../../bin/llama-quantize
[ 90%] Building CXX object examples/train-text-from-scratch/CMakeFiles/llama-train-text-from-scratch.dir/train-text-from-scratch.cpp.o
[ 88%] Generating system-prompts.js.hpp
[ 91%] Generating theme-beeninorder.css.hpp
[ 92%] Generating theme-ketivah.css.hpp
[ 90%] Built target test-sampling
[ 93%] Building CXX object pocs/vdot/CMakeFiles/llama-vdot.dir/vdot.cpp.o
[ 93%] Generating theme-mangotango.css.hpp
[ 94%] Building CXX object pocs/vdot/CMakeFiles/llama-q8dot.dir/q8dot.cpp.o
[ 94%] Linking CXX executable ../../bin/llama-save-load-state
[ 95%] Linking CXX executable ../../bin/llama-simple
[ 96%] Linking CXX executable ../../bin/llama-tokenize
[ 94%] Built target test-grammar-parser
[ 96%] Linking CXX executable ../../bin/llama-retrieval
[ 97%] Linking CXX executable ../../bin/llama-speculative
[ 98%] Generating theme-playground.css.hpp
[ 98%] Generating theme-polarnight.css.hpp
[ 98%] Linking CXX executable ../../bin/llama-vdot
[ 98%] Linking CXX executable ../../bin/llama-train-text-from-scratch
[ 99%] Linking CXX executable ../../bin/llama-q8dot
[ 99%] Built target llama-convert-llama2c-to-ggml
[ 99%] Built target test-autorelease
[ 99%] Built target test-backend-ops
[ 99%] Built target llama-export-lora
[ 99%] Built target llama-gguf-split
[100%] Building CXX object examples/server/CMakeFiles/llama-server.dir/server.cpp.o
[ 99%] Built target llama-q8dot
[100%] Built target llama-gbnf-validator
[100%] Built target llama-lookup-merge
[100%] Built target llama-vdot
[100%] Linking CXX executable ../../bin/llama-server
[100%] Built target llama-batched
[100%] Built target test-grammar-integration
[100%] Built target test-json-schema-to-grammar
[100%] Built target test-llama-grammar
[100%] Built target test-tokenizer-1-bpe
[100%] Built target test-tokenizer-1-spm
[100%] Built target test-tokenizer-0
[100%] Built target test-chat-template
[100%] Built target llama-cvector-generator
[100%] Built target llama-batched-bench
[100%] Built target llama-infill
[100%] Built target llama-gritlm
[100%] Built target llama-embedding
[100%] Built target llama-baby-llama
[100%] Built target llama-eval-callback
[100%] Built target llama-lookahead
[100%] Built target llama-cli
[100%] Built target llama-passkey
[100%] Built target llama-parallel
[100%] Built target llama-speculative
[100%] Built target llama-finetune
[100%] Built target llama-lookup
[100%] Built target llama-retrieval
[100%] Built target llama-lookup-create
[100%] Built target llama-imatrix
[100%] Built target llama-save-load-state
[100%] Built target llama-lookup-stats
[100%] Built target llama-simple
[100%] Built target llama-quantize
[100%] Built target llama-tokenize
[100%] Built target llama-llava-cli
[100%] Built target llama-perplexity
[100%] Built target llama-bench
[100%] Built target llama-train-text-from-scratch
[100%] Built target llama-server

real	0m8.684s
user	0m25.628s
sys	0m5.399s
+ ctest --output-on-failure -L main -E test-opt
Test project /home/ggml/work/llama.cpp/build-ci-debug
      Start  1: test-tokenizer-0-llama-spm
 1/22 Test  #1: test-tokenizer-0-llama-spm .......   Passed    0.12 sec
      Start  2: test-tokenizer-0-llama-bpe
 2/22 Test  #2: test-tokenizer-0-llama-bpe .......   Passed    1.94 sec
      Start  3: test-tokenizer-0-phi-3
 3/22 Test  #3: test-tokenizer-0-phi-3 ...........   Passed    0.12 sec
      Start  4: test-tokenizer-0-falcon
 4/22 Test  #4: test-tokenizer-0-falcon ..........   Passed    0.63 sec
      Start  5: test-tokenizer-0-bert-bge
 5/22 Test  #5: test-tokenizer-0-bert-bge ........   Passed    0.12 sec
      Start  6: test-tokenizer-0-starcoder
 6/22 Test  #6: test-tokenizer-0-starcoder .......   Passed    0.47 sec
      Start  7: test-tokenizer-0-gpt-2
 7/22 Test  #7: test-tokenizer-0-gpt-2 ...........   Passed    0.48 sec
      Start  8: test-tokenizer-0-refact
 8/22 Test  #8: test-tokenizer-0-refact ..........   Passed    0.47 sec
      Start  9: test-tokenizer-0-command-r
 9/22 Test  #9: test-tokenizer-0-command-r .......   Passed    2.77 sec
      Start 10: test-tokenizer-0-qwen2
10/22 Test #10: test-tokenizer-0-qwen2 ...........   Passed    1.58 sec
      Start 11: test-tokenizer-1-llama-spm
11/22 Test #11: test-tokenizer-1-llama-spm .......   Passed    2.11 sec
      Start 12: test-quantize-fns
12/22 Test #12: test-quantize-fns ................   Passed   32.62 sec
      Start 13: test-quantize-perf
13/22 Test #13: test-quantize-perf ...............   Passed    9.93 sec
      Start 14: test-sampling
14/22 Test #14: test-sampling ....................   Passed    0.04 sec
      Start 15: test-chat-template
15/22 Test #15: test-chat-template ...............   Passed    0.01 sec
      Start 16: test-grammar-parser
16/22 Test #16: test-grammar-parser ..............   Passed    0.00 sec
      Start 17: test-llama-grammar
17/22 Test #17: test-llama-grammar ...............   Passed    0.01 sec
      Start 18: test-grammar-integration
18/22 Test #18: test-grammar-integration .........   Passed    0.04 sec
      Start 19: test-grad0
19/22 Test #19: test-grad0 .......................   Passed    0.22 sec
      Start 20: test-backend-ops
20/22 Test #20: test-backend-ops .................   Passed    0.00 sec
      Start 21: test-rope
21/22 Test #21: test-rope ........................   Passed    0.07 sec
      Start 24: test-json-schema-to-grammar
22/22 Test #24: test-json-schema-to-grammar ......   Passed    0.05 sec

100% tests passed, 0 tests failed out of 22

Label Time Summary:
main    =  53.80 sec*proc (22 tests)

Total Test time (real) =  53.81 sec

real	0m53.819s
user	0m57.954s
sys	0m0.404s
