+ ctest --output-on-failure -E test-opt
Test project /Users/ggml/work/ggml/build-ci-debug
      Start  1: test-quantize-fns
 1/20 Test  #1: test-quantize-fns ................   Passed   26.70 sec
      Start  2: test-quantize-perf
 2/20 Test  #2: test-quantize-perf ...............   Passed    0.32 sec
      Start  3: test-mul-mat0
 3/20 Test  #3: test-mul-mat0 ....................   Passed    0.43 sec
      Start  4: test-blas0
 4/20 Test  #4: test-blas0 .......................   Passed    0.18 sec
      Start  5: test-mul-mat2
 5/20 Test  #5: test-mul-mat2 ....................   Passed    3.14 sec
      Start  6: test0
 6/20 Test  #6: test0 ............................   Passed    0.17 sec
      Start  7: test-pool
 7/20 Test  #7: test-pool ........................   Passed    0.17 sec
      Start  8: test-arange
 8/20 Test  #8: test-arange ......................   Passed    0.30 sec
      Start  9: test-timestep_embedding
 9/20 Test  #9: test-timestep_embedding ..........   Passed    0.21 sec
      Start 10: test-pad-reflect-1d
10/20 Test #10: test-pad-reflect-1d ..............   Passed    0.19 sec
      Start 11: test-conv-transpose
11/20 Test #11: test-conv-transpose ..............   Passed    0.17 sec
      Start 12: test-conv-transpose-1d
12/20 Test #12: test-conv-transpose-1d ...........   Passed    0.39 sec
      Start 13: test-dup
13/20 Test #13: test-dup .........................   Passed    0.17 sec
      Start 14: test-rel-pos
14/20 Test #14: test-rel-pos .....................   Passed    0.18 sec
      Start 15: test-customop
15/20 Test #15: test-customop ....................   Passed    0.17 sec
      Start 16: test-conv1d
16/20 Test #16: test-conv1d ......................   Passed    0.23 sec
      Start 17: test-conv2d
17/20 Test #17: test-conv2d ......................   Passed    0.22 sec
      Start 18: test-mul-mat
18/20 Test #18: test-mul-mat .....................   Passed    0.21 sec
      Start 19: test-backend-ops
19/20 Test #19: test-backend-ops .................   Passed  147.65 sec
      Start 20: test-cont
20/20 Test #20: test-cont ........................   Passed    0.29 sec

100% tests passed, 0 tests failed out of 20

Total Test time (real) = 181.49 sec

real	3m1.529s
user	5m59.744s
sys	0m4.889s
