+ cmake -DCMAKE_BUILD_TYPE=Release ..
-- The C compiler identification is GNU 11.4.0
-- The CXX compiler identification is GNU 11.4.0
-- Detecting C compiler ABI info
-- Detecting C compiler ABI info - done
-- Check for working C compiler: /usr/bin/cc - skipped
-- Detecting C compile features
-- Detecting C compile features - done
-- Detecting CXX compiler ABI info
-- Detecting CXX compiler ABI info - done
-- Check for working CXX compiler: /usr/bin/c++ - skipped
-- Detecting CXX compile features
-- Detecting CXX compile features - done
-- Found Git: /usr/bin/git (found version "2.34.1") 
-- Looking for pthread.h
-- Looking for pthread.h - found
-- Performing Test CMAKE_HAVE_LIBC_PTHREAD
-- Performing Test CMAKE_HAVE_LIBC_PTHREAD - Success
-- Found Threads: TRUE  
-- ccache found, compilation results will be cached. Disable with LLAMA_CCACHE=OFF.
-- CMAKE_SYSTEM_PROCESSOR: aarch64
-- ARM detected
-- Performing Test COMPILER_SUPPORTS_FP16_FORMAT_I3E
-- Performing Test COMPILER_SUPPORTS_FP16_FORMAT_I3E - Failed
-- Configuring done
-- Generating done
-- Build files have been written to: /home/ggml/work/llama.cpp/build-ci-release

real	0m0.749s
user	0m0.383s
sys	0m0.370s
+ make -j
[  5%] Building CXX object common/CMakeFiles/build_info.dir/build-info.cpp.o
[  5%] Building C object CMakeFiles/ggml.dir/ggml-backend.c.o
[  5%] Building C object CMakeFiles/ggml.dir/ggml-alloc.c.o
[  5%] Building C object CMakeFiles/ggml.dir/ggml-quants.c.o
[  5%] Building C object CMakeFiles/ggml.dir/ggml.c.o
[  5%] Built target ggml
[  6%] Built target build_info
[  7%] Linking C static library libggml_static.a
[  7%] Building CXX object CMakeFiles/llama.dir/llama.cpp.o
[  7%] Built target ggml_static
[  7%] Linking CXX static library libllama.a
[  7%] Built target llama
[  8%] Building CXX object examples/llava/CMakeFiles/llava.dir/llava.cpp.o
[  8%] Building CXX object common/CMakeFiles/common.dir/common.cpp.o
[  8%] Building CXX object examples/quantize-stats/CMakeFiles/quantize-stats.dir/quantize-stats.cpp.o
[  9%] Building CXX object common/CMakeFiles/common.dir/console.cpp.o
[ 10%] Building CXX object examples/benchmark/CMakeFiles/benchmark.dir/benchmark-matmult.cpp.o
[ 12%] Building C object tests/CMakeFiles/test-c.dir/test-c.c.o
[ 12%] Building CXX object examples/llava/CMakeFiles/llava.dir/clip.cpp.o
[ 13%] Building CXX object common/CMakeFiles/common.dir/sampling.cpp.o
[ 14%] Building CXX object examples/quantize/CMakeFiles/quantize.dir/quantize.cpp.o
[ 15%] Building CXX object common/CMakeFiles/common.dir/grammar-parser.cpp.o
[ 16%] Building CXX object common/CMakeFiles/common.dir/train.cpp.o
[ 18%] Linking CXX executable ../bin/test-c
[ 18%] Linking CXX executable ../../bin/benchmark
[ 18%] Built target llava
[ 19%] Linking CXX executable ../../bin/quantize
[ 20%] Linking CXX executable ../../bin/quantize-stats
[ 21%] Linking CXX static library libcommon.a
[ 22%] Linking CXX static library libllava_static.a
[ 22%] Built target test-c
[ 22%] Built target common
[ 22%] Built target benchmark
[ 22%] Built target llava_static
[ 22%] Building CXX object tests/CMakeFiles/test-quantize-fns.dir/test-quantize-fns.cpp.o
[ 23%] Building CXX object tests/CMakeFiles/test-tokenizer-0-llama.dir/test-tokenizer-0-llama.cpp.o
[ 24%] Building CXX object tests/CMakeFiles/test-quantize-perf.dir/get-model.cpp.o
[ 24%] Building CXX object tests/CMakeFiles/test-tokenizer-0-falcon.dir/test-tokenizer-0-falcon.cpp.o
[ 25%] Building CXX object tests/CMakeFiles/test-quantize-perf.dir/test-quantize-perf.cpp.o
[ 25%] Built target quantize-stats
[ 26%] Building CXX object tests/CMakeFiles/test-quantize-fns.dir/get-model.cpp.o
[ 26%] Built target quantize
[ 27%] Building CXX object tests/CMakeFiles/test-tokenizer-0-llama.dir/get-model.cpp.o
[ 28%] Building CXX object tests/CMakeFiles/test-tokenizer-0-falcon.dir/get-model.cpp.o
[ 28%] Building CXX object tests/CMakeFiles/test-tokenizer-1-bpe.dir/test-tokenizer-1-bpe.cpp.o
[ 29%] Building CXX object tests/CMakeFiles/test-sampling.dir/get-model.cpp.o
[ 30%] Building CXX object tests/CMakeFiles/test-sampling.dir/test-sampling.cpp.o
[ 30%] Building CXX object tests/CMakeFiles/test-grad0.dir/test-grad0.cpp.o
[ 31%] Building CXX object tests/CMakeFiles/test-grammar-parser.dir/test-grammar-parser.cpp.o
[ 33%] Building CXX object tests/CMakeFiles/test-grad0.dir/get-model.cpp.o
[ 32%] Building CXX object tests/CMakeFiles/test-llama-grammar.dir/get-model.cpp.o
[ 34%] Building CXX object tests/CMakeFiles/test-tokenizer-1-bpe.dir/get-model.cpp.o
[ 36%] Building CXX object tests/CMakeFiles/test-tokenizer-1-llama.dir/get-model.cpp.o
[ 36%] Building CXX object tests/CMakeFiles/test-tokenizer-1-llama.dir/test-tokenizer-1-llama.cpp.o
[ 38%] Linking CXX executable ../bin/test-quantize-fns
[ 39%] Building CXX object tests/CMakeFiles/test-backend-ops.dir/test-backend-ops.cpp.o
[ 37%] Building CXX object tests/CMakeFiles/test-grammar-parser.dir/get-model.cpp.o
[ 34%] Building CXX object tests/CMakeFiles/test-llama-grammar.dir/test-llama-grammar.cpp.o
[ 39%] Building CXX object tests/CMakeFiles/test-rope.dir/test-rope.cpp.o
[ 40%] Linking CXX executable ../bin/test-tokenizer-0-falcon
[ 41%] Linking CXX executable ../bin/test-tokenizer-0-llama
[ 42%] Building CXX object tests/CMakeFiles/test-backend-ops.dir/get-model.cpp.o
[ 43%] Linking CXX executable ../bin/test-quantize-perf
[ 44%] Linking CXX executable ../bin/test-sampling
[ 45%] Building CXX object tests/CMakeFiles/test-rope.dir/get-model.cpp.o
[ 46%] Linking CXX executable ../bin/test-tokenizer-1-bpe
[ 47%] Building CXX object tests/CMakeFiles/test-model-load-cancel.dir/test-model-load-cancel.cpp.o
[ 48%] Linking CXX executable ../bin/test-grad0
[ 49%] Building CXX object tests/CMakeFiles/test-model-load-cancel.dir/get-model.cpp.o
[ 50%] Linking CXX executable ../bin/test-grammar-parser
[ 52%] Linking CXX executable ../bin/test-tokenizer-1-llama
[ 51%] Building CXX object tests/CMakeFiles/test-autorelease.dir/test-autorelease.cpp.o
[ 52%] Building CXX object examples/baby-llama/CMakeFiles/baby-llama.dir/baby-llama.cpp.o
[ 53%] Linking CXX executable ../bin/test-backend-ops
[ 54%] Building CXX object tests/CMakeFiles/test-autorelease.dir/get-model.cpp.o
[ 56%] Building CXX object examples/batched/CMakeFiles/batched.dir/batched.cpp.o
[ 57%] Linking CXX executable ../bin/test-rope
[ 58%] Linking CXX executable ../bin/test-model-load-cancel
[ 58%] Building CXX object examples/batched-bench/CMakeFiles/batched-bench.dir/batched-bench.cpp.o
[ 58%] Building CXX object examples/beam-search/CMakeFiles/beam-search.dir/beam-search.cpp.o
[ 58%] Building CXX object examples/convert-llama2c-to-ggml/CMakeFiles/convert-llama2c-to-ggml.dir/convert-llama2c-to-ggml.cpp.o
[ 59%] Linking CXX executable ../../bin/baby-llama
[ 59%] Building CXX object examples/finetune/CMakeFiles/finetune.dir/finetune.cpp.o
[ 60%] Linking CXX executable ../bin/test-autorelease
[ 61%] Linking CXX executable ../../bin/batched
[ 62%] Building CXX object examples/infill/CMakeFiles/infill.dir/infill.cpp.o
[ 60%] Building CXX object examples/llama-bench/CMakeFiles/llama-bench.dir/llama-bench.cpp.o
[ 62%] Built target test-tokenizer-0-llama
[ 63%] Linking CXX executable ../../bin/beam-search
[ 63%] Built target test-grad0
[ 64%] Building CXX object examples/embedding/CMakeFiles/embedding.dir/embedding.cpp.o
[ 65%] Linking CXX executable ../../bin/batched-bench
[ 65%] Built target test-quantize-perf
[ 66%] Linking CXX executable ../../bin/convert-llama2c-to-ggml
[ 66%] Built target test-quantize-fns
[ 67%] Building CXX object examples/llava/CMakeFiles/llava-cli.dir/llava-cli.cpp.o
[ 68%] Linking CXX executable ../../bin/infill
[ 68%] Building CXX object examples/tokenize/CMakeFiles/tokenize.dir/tokenize.cpp.o
[ 68%] Building CXX object examples/main/CMakeFiles/main.dir/main.cpp.o
[ 68%] Built target test-tokenizer-1-bpe
[ 68%] Linking CXX executable ../../bin/llava-cli
[ 69%] Linking CXX executable ../../bin/llama-bench
[ 69%] Built target test-rope
[ 69%] Building CXX object examples/perplexity/CMakeFiles/perplexity.dir/perplexity.cpp.o
[ 70%] Building CXX object examples/parallel/CMakeFiles/parallel.dir/parallel.cpp.o
[ 71%] Linking CXX executable ../../bin/embedding
[ 72%] Linking CXX executable ../../bin/tokenize
[ 73%] Building CXX object examples/save-load-state/CMakeFiles/save-load-state.dir/save-load-state.cpp.o
[ 73%] Built target test-tokenizer-0-falcon
[ 73%] Built target test-grammar-parser
[ 74%] Linking CXX executable ../../bin/main
[ 74%] Built target test-sampling
[ 75%] Linking CXX executable ../../bin/perplexity
[ 75%] Building CXX object examples/simple/CMakeFiles/simple.dir/simple.cpp.o
[ 76%] Linking CXX executable ../../bin/parallel
[ 77%] Building CXX object examples/passkey/CMakeFiles/passkey.dir/passkey.cpp.o
[ 77%] Built target test-backend-ops
[ 78%] Building CXX object examples/speculative/CMakeFiles/speculative.dir/speculative.cpp.o
[ 79%] Linking CXX executable ../../bin/save-load-state
[ 80%] Linking CXX executable ../../bin/simple
[ 81%] Building CXX object examples/lookahead/CMakeFiles/lookahead.dir/lookahead.cpp.o
[ 82%] Linking CXX executable ../../bin/passkey
[ 82%] Built target test-tokenizer-1-llama
[ 82%] Built target beam-search
[ 82%] Built target batched-bench
[ 82%] Built target baby-llama
[ 82%] Built target test-model-load-cancel
[ 82%] Built target batched
[ 82%] Built target convert-llama2c-to-ggml
[ 83%] Linking CXX executable ../../bin/lookahead
[ 84%] Building CXX object examples/lookup/CMakeFiles/lookup.dir/lookup.cpp.o
[ 85%] Building CXX object examples/train-text-from-scratch/CMakeFiles/train-text-from-scratch.dir/train-text-from-scratch.cpp.o
[ 85%] Built target test-autorelease
[ 86%] Linking CXX executable ../../bin/speculative
[ 87%] Building CXX object examples/imatrix/CMakeFiles/imatrix.dir/imatrix.cpp.o
[ 88%] Building CXX object examples/server/CMakeFiles/server.dir/server.cpp.o
[ 88%] Built target llama-bench
[ 88%] Built target infill
[ 89%] Linking CXX executable ../../bin/lookup
[ 90%] Linking CXX executable ../../bin/imatrix
[ 91%] Building CXX object pocs/vdot/CMakeFiles/vdot.dir/vdot.cpp.o
[ 88%] Built target tokenize
[ 92%] Building CXX object examples/export-lora/CMakeFiles/export-lora.dir/export-lora.cpp.o
[ 93%] Building CXX object pocs/vdot/CMakeFiles/q8dot.dir/q8dot.cpp.o
[ 93%] Built target parallel
[ 93%] Built target embedding
[ 93%] Built target llava-cli
[ 94%] Linking CXX executable ../../bin/server
[ 95%] Linking CXX executable ../../bin/export-lora
[ 95%] Built target main
[ 95%] Built target perplexity
[ 96%] Linking CXX executable ../../bin/vdot
[ 97%] Linking CXX executable ../../bin/q8dot
[ 96%] Built target save-load-state
[ 97%] Built target lookahead
[ 97%] Built target passkey
[ 97%] Built target speculative
[ 97%] Built target simple
[ 97%] Built target imatrix
[ 97%] Built target export-lora
[ 97%] Built target q8dot
[ 97%] Built target lookup
[ 97%] Built target vdot
[ 97%] Built target server
[ 98%] Linking CXX executable ../../bin/train-text-from-scratch
[ 98%] Built target train-text-from-scratch
[ 99%] Linking CXX executable ../../bin/finetune
[ 99%] Built target finetune
[100%] Linking CXX executable ../bin/test-llama-grammar
[100%] Built target test-llama-grammar

real	0m46.298s
user	0m53.107s
sys	0m5.427s
+ ctest --output-on-failure -L main
Test project /home/ggml/work/llama.cpp/build-ci-release
      Start  1: test-quantize-fns
 1/20 Test  #1: test-quantize-fns ...................   Passed    0.13 sec
      Start  2: test-quantize-perf
 2/20 Test  #2: test-quantize-perf ..................   Passed    0.21 sec
      Start  3: test-sampling
 3/20 Test  #3: test-sampling .......................   Passed    0.01 sec
      Start  4: test-tokenizer-0-llama
 4/20 Test  #4: test-tokenizer-0-llama ..............   Passed    0.05 sec
      Start  5: test-tokenizer-0-falcon
 5/20 Test  #5: test-tokenizer-0-falcon .............   Passed    0.27 sec
      Start  6: test-tokenizer-1-llama
 6/20 Test  #6: test-tokenizer-1-llama ..............   Passed    0.40 sec
      Start  7: test-tokenizer-1-baichuan
 7/20 Test  #7: test-tokenizer-1-baichuan ...........   Passed    0.46 sec
      Start  8: test-tokenizer-1-falcon
 8/20 Test  #8: test-tokenizer-1-falcon .............   Passed    1.00 sec
      Start  9: test-tokenizer-1-aquila
 9/20 Test  #9: test-tokenizer-1-aquila .............   Passed    1.61 sec
      Start 10: test-tokenizer-1-mpt
10/20 Test #10: test-tokenizer-1-mpt ................   Passed    0.78 sec
      Start 11: test-tokenizer-1-stablelm-3b-4e1t
11/20 Test #11: test-tokenizer-1-stablelm-3b-4e1t ...   Passed    0.79 sec
      Start 12: test-tokenizer-1-gpt-neox
12/20 Test #12: test-tokenizer-1-gpt-neox ...........   Passed    0.79 sec
      Start 13: test-tokenizer-1-refact
13/20 Test #13: test-tokenizer-1-refact .............   Passed    0.76 sec
      Start 14: test-tokenizer-1-starcoder
14/20 Test #14: test-tokenizer-1-starcoder ..........   Passed    0.76 sec
      Start 15: test-tokenizer-1-gpt2
15/20 Test #15: test-tokenizer-1-gpt2 ...............   Passed    0.79 sec
      Start 16: test-grammar-parser
16/20 Test #16: test-grammar-parser .................   Passed    0.00 sec
      Start 17: test-llama-grammar
17/20 Test #17: test-llama-grammar ..................   Passed    0.00 sec
      Start 18: test-grad0
18/20 Test #18: test-grad0 ..........................   Passed    2.90 sec
      Start 19: test-backend-ops
19/20 Test #19: test-backend-ops ....................   Passed   18.81 sec
      Start 20: test-rope
20/20 Test #20: test-rope ...........................   Passed    0.05 sec

100% tests passed, 0 tests failed out of 20

Label Time Summary:
main    =  30.59 sec*proc (20 tests)

Total Test time (real) =  30.60 sec

real	0m30.615s
user	0m39.788s
sys	0m9.034s
