+ gg_run_ctest_debug
+ cd /home/ggml/work/llama.cpp
+ rm -rf build-ci-debug
+ tee /home/ggml/results/llama.cpp/7e/a8d80d53364f2cdcd7bbc0f031106f529b1fe3/ggml-0-x86-cpu-low-perf/ctest_debug.log
+ mkdir build-ci-debug
+ cd build-ci-debug
+ set -e
+ gg_check_build_requirements
+ command -v cmake
+ command -v make
+ command -v ctest
+ tee -a /home/ggml/results/llama.cpp/7e/a8d80d53364f2cdcd7bbc0f031106f529b1fe3/ggml-0-x86-cpu-low-perf/ctest_debug-cmake.log
+ cmake -DCMAKE_BUILD_TYPE=Debug -DLLAMA_FATAL_WARNINGS=ON ..
-- The C compiler identification is GNU 11.4.0
-- The CXX compiler identification is GNU 11.4.0
-- Detecting C compiler ABI info
-- Detecting C compiler ABI info - done
-- Check for working C compiler: /usr/bin/cc - skipped
-- Detecting C compile features
-- Detecting C compile features - done
-- Detecting CXX compiler ABI info
-- Detecting CXX compiler ABI info - done
-- Check for working CXX compiler: /usr/bin/c++ - skipped
-- Detecting CXX compile features
-- Detecting CXX compile features - done
-- Found Git: /usr/bin/git (found version "2.34.1") 
-- Performing Test CMAKE_HAVE_LIBC_PTHREAD
-- Performing Test CMAKE_HAVE_LIBC_PTHREAD - Success
-- Found Threads: TRUE  
-- Found OpenMP_C: -fopenmp (found version "4.5") 
-- Found OpenMP_CXX: -fopenmp (found version "4.5") 
-- Found OpenMP: TRUE (found version "4.5")  
-- OpenMP found
-- Using llamafile
-- ccache found, compilation results will be cached. Disable with GGML_CCACHE=OFF.
-- CMAKE_SYSTEM_PROCESSOR: x86_64
-- x86 detected
-- Configuring done (0.6s)
-- Generating done (0.1s)
-- Build files have been written to: /home/ggml/work/llama.cpp/build-ci-debug

real	0m0.698s
user	0m0.545s
sys	0m0.157s
+ tee -a /home/ggml/results/llama.cpp/7e/a8d80d53364f2cdcd7bbc0f031106f529b1fe3/ggml-0-x86-cpu-low-perf/ctest_debug-make.log
++ nproc
+ make -j4
[  0%] Generating build details from Git
[  2%] Building C object examples/gguf-hash/CMakeFiles/xxhash.dir/deps/xxhash/xxhash.c.o
[  2%] Building C object ggml/src/CMakeFiles/ggml.dir/ggml.c.o
[  2%] Building C object examples/gguf-hash/CMakeFiles/sha256.dir/deps/sha256/sha256.c.o
-- Found Git: /usr/bin/git (found version "2.34.1") 
[  2%] Built target sha256
[  2%] Built target xxhash
[  3%] Building C object ggml/src/CMakeFiles/ggml.dir/ggml-alloc.c.o
[  3%] Building C object ggml/src/CMakeFiles/ggml.dir/ggml-backend.c.o
[  4%] Building C object examples/gguf-hash/CMakeFiles/sha1.dir/deps/sha1/sha1.c.o
[  5%] Building C object ggml/src/CMakeFiles/ggml.dir/ggml-quants.c.o
[  6%] Building CXX object common/CMakeFiles/build_info.dir/build-info.cpp.o
[  6%] Built target sha1
[  6%] Building CXX object ggml/src/CMakeFiles/ggml.dir/llamafile/sgemm.cpp.o
[  7%] Building C object ggml/src/CMakeFiles/ggml.dir/ggml-aarch64.c.o
[  8%] Linking CXX shared library libggml.so
[  8%] Built target build_info
[  8%] Built target ggml
[  8%] Building CXX object src/CMakeFiles/llama.dir/llama.cpp.o
[ 10%] Building CXX object src/CMakeFiles/llama.dir/llama-vocab.cpp.o
[ 10%] Building CXX object examples/gguf-hash/CMakeFiles/llama-gguf-hash.dir/gguf-hash.cpp.o
[ 10%] Building CXX object examples/gguf/CMakeFiles/llama-gguf.dir/gguf.cpp.o
[ 11%] Linking CXX executable ../../bin/llama-gguf
[ 11%] Linking CXX executable ../../bin/llama-gguf-hash
[ 11%] Building CXX object src/CMakeFiles/llama.dir/llama-grammar.cpp.o
[ 12%] Building CXX object src/CMakeFiles/llama.dir/llama-sampling.cpp.o
[ 13%] Building CXX object src/CMakeFiles/llama.dir/unicode.cpp.o
[ 13%] Building CXX object src/CMakeFiles/llama.dir/unicode-data.cpp.o
[ 14%] Linking CXX shared library libllama.so
[ 14%] Built target llama-gguf-hash
[ 14%] Built target llama-gguf
[ 14%] Built target llama
[ 14%] Building CXX object common/CMakeFiles/common.dir/common.cpp.o
[ 15%] Building CXX object examples/llava/CMakeFiles/llava.dir/llava.cpp.o
[ 15%] Building C object tests/CMakeFiles/test-c.dir/test-c.c.o
[ 15%] Building CXX object examples/benchmark/CMakeFiles/llama-bench-matmult.dir/benchmark-matmult.cpp.o
[ 16%] Linking C executable ../bin/test-c
[ 17%] Linking CXX executable ../../bin/llama-bench-matmult
[ 18%] Building CXX object examples/llava/CMakeFiles/llava.dir/clip.cpp.o
[ 19%] Building CXX object common/CMakeFiles/common.dir/sampling.cpp.o
[ 19%] Built target test-c
[ 19%] Building CXX object common/CMakeFiles/common.dir/console.cpp.o
[ 20%] Building CXX object examples/quantize-stats/CMakeFiles/llama-quantize-stats.dir/quantize-stats.cpp.o
[ 21%] Building CXX object common/CMakeFiles/common.dir/grammar-parser.cpp.o
[ 22%] Building CXX object common/CMakeFiles/common.dir/json-schema-to-grammar.cpp.o
[ 22%] Linking CXX executable ../../bin/llama-quantize-stats
[ 22%] Built target llama-bench-matmult
[ 22%] Building CXX object common/CMakeFiles/common.dir/train.cpp.o
[ 23%] Building CXX object common/CMakeFiles/common.dir/ngram-cache.cpp.o
[ 23%] Linking CXX static library libcommon.a
[ 23%] Built target llama-quantize-stats
[ 23%] Built target common
[ 24%] Building CXX object tests/CMakeFiles/test-tokenizer-1-spm.dir/test-tokenizer-1-spm.cpp.o
[ 24%] Building CXX object tests/CMakeFiles/test-tokenizer-0.dir/test-tokenizer-0.cpp.o
[ 24%] Building CXX object tests/CMakeFiles/test-tokenizer-1-bpe.dir/test-tokenizer-1-bpe.cpp.o
[ 26%] Linking CXX executable ../bin/test-tokenizer-0
[ 25%] Linking CXX executable ../bin/test-tokenizer-1-spm
[ 27%] Linking CXX executable ../bin/test-tokenizer-1-bpe
[ 27%] Built target test-tokenizer-1-bpe
[ 28%] Building CXX object tests/CMakeFiles/test-quantize-fns.dir/test-quantize-fns.cpp.o
[ 28%] Building CXX object tests/CMakeFiles/test-quantize-fns.dir/get-model.cpp.o
[ 29%] Linking CXX executable ../bin/test-quantize-fns
[ 29%] Built target test-tokenizer-1-spm
[ 29%] Built target test-tokenizer-0
[ 30%] Building CXX object tests/CMakeFiles/test-sampling.dir/test-sampling.cpp.o
[ 30%] Building CXX object tests/CMakeFiles/test-quantize-perf.dir/test-quantize-perf.cpp.o
[ 31%] Building CXX object tests/CMakeFiles/test-sampling.dir/get-model.cpp.o
[ 31%] Building CXX object tests/CMakeFiles/test-quantize-perf.dir/get-model.cpp.o
[ 31%] Linking CXX executable ../bin/test-sampling
[ 32%] Linking CXX executable ../bin/test-quantize-perf
[ 32%] Built target test-quantize-fns
[ 32%] Building CXX object tests/CMakeFiles/test-chat-template.dir/test-chat-template.cpp.o
[ 33%] Building CXX object tests/CMakeFiles/test-chat-template.dir/get-model.cpp.o
[ 34%] Linking CXX executable ../bin/test-chat-template
[ 34%] Built target test-quantize-perf
[ 35%] Building CXX object tests/CMakeFiles/test-grammar-parser.dir/test-grammar-parser.cpp.o
[ 35%] Building CXX object tests/CMakeFiles/test-grammar-parser.dir/get-model.cpp.o
[ 36%] Linking CXX executable ../bin/test-grammar-parser
[ 36%] Built target test-sampling
[ 36%] Building CXX object tests/CMakeFiles/test-llama-grammar.dir/test-llama-grammar.cpp.o
[ 37%] Building CXX object tests/CMakeFiles/test-llama-grammar.dir/get-model.cpp.o
[ 37%] Linking CXX executable ../bin/test-llama-grammar
[ 37%] Built target test-grammar-parser
[ 38%] Building CXX object tests/CMakeFiles/test-grammar-integration.dir/test-grammar-integration.cpp.o
[ 39%] Building CXX object tests/CMakeFiles/test-grammar-integration.dir/get-model.cpp.o
[ 39%] Linking CXX executable ../bin/test-grammar-integration
[ 39%] Built target test-llama-grammar
[ 39%] Building CXX object tests/CMakeFiles/test-grad0.dir/test-grad0.cpp.o
[ 40%] Building CXX object tests/CMakeFiles/test-grad0.dir/get-model.cpp.o
[ 40%] Linking CXX executable ../bin/test-grad0
[ 40%] Built target test-grad0
[ 40%] Building CXX object tests/CMakeFiles/test-backend-ops.dir/test-backend-ops.cpp.o
[ 41%] Building CXX object tests/CMakeFiles/test-backend-ops.dir/get-model.cpp.o
[ 42%] Linking CXX executable ../bin/test-backend-ops
[ 42%] Built target test-backend-ops
[ 42%] Building CXX object tests/CMakeFiles/test-rope.dir/test-rope.cpp.o
[ 43%] Building CXX object tests/CMakeFiles/test-rope.dir/get-model.cpp.o
[ 44%] Linking CXX executable ../bin/test-rope
[ 44%] Built target test-chat-template
[ 45%] Building CXX object tests/CMakeFiles/test-model-load-cancel.dir/test-model-load-cancel.cpp.o
[ 46%] Building CXX object tests/CMakeFiles/test-model-load-cancel.dir/get-model.cpp.o
[ 46%] Linking CXX executable ../bin/test-model-load-cancel
[ 46%] Built target test-grammar-integration
[ 47%] Building CXX object tests/CMakeFiles/test-autorelease.dir/test-autorelease.cpp.o
[ 47%] Built target test-rope
[ 47%] Building CXX object tests/CMakeFiles/test-autorelease.dir/get-model.cpp.o
[ 49%] Linking CXX executable ../bin/test-autorelease
[ 49%] Building CXX object tests/CMakeFiles/test-json-schema-to-grammar.dir/test-json-schema-to-grammar.cpp.o
[ 49%] Building CXX object tests/CMakeFiles/test-json-schema-to-grammar.dir/get-model.cpp.o
[ 50%] Linking CXX executable ../bin/test-json-schema-to-grammar
[ 50%] Built target test-model-load-cancel
[ 51%] Building CXX object examples/cvector-generator/CMakeFiles/llama-cvector-generator.dir/cvector-generator.cpp.o
[ 51%] Linking CXX executable ../../bin/llama-cvector-generator
[ 51%] Built target test-autorelease
[ 51%] Building CXX object examples/baby-llama/CMakeFiles/llama-baby-llama.dir/baby-llama.cpp.o
[ 52%] Linking CXX executable ../../bin/llama-baby-llama
[ 52%] Built target test-json-schema-to-grammar
[ 53%] Building CXX object examples/batched-bench/CMakeFiles/llama-batched-bench.dir/batched-bench.cpp.o
[ 53%] Linking CXX executable ../../bin/llama-batched-bench
[ 53%] Built target llama-cvector-generator
[ 53%] Building CXX object examples/batched/CMakeFiles/llama-batched.dir/batched.cpp.o
[ 54%] Linking CXX executable ../../bin/llama-batched
[ 54%] Built target llama-baby-llama
[ 54%] Building CXX object examples/convert-llama2c-to-ggml/CMakeFiles/llama-convert-llama2c-to-ggml.dir/convert-llama2c-to-ggml.cpp.o
[ 55%] Linking CXX executable ../../bin/llama-convert-llama2c-to-ggml
[ 55%] Built target llama-convert-llama2c-to-ggml
[ 56%] Building CXX object examples/embedding/CMakeFiles/llama-embedding.dir/embedding.cpp.o
[ 56%] Linking CXX executable ../../bin/llama-embedding
[ 56%] Built target llama-batched-bench
[ 57%] Building CXX object examples/eval-callback/CMakeFiles/llama-eval-callback.dir/eval-callback.cpp.o
[ 58%] Linking CXX executable ../../bin/llama-eval-callback
[ 58%] Built target llama-batched
[ 58%] Building CXX object examples/export-lora/CMakeFiles/llama-export-lora.dir/export-lora.cpp.o
[ 59%] Linking CXX executable ../../bin/llama-export-lora
[ 59%] Built target llama-embedding
[ 59%] Building CXX object examples/gbnf-validator/CMakeFiles/llama-gbnf-validator.dir/gbnf-validator.cpp.o
[ 60%] Linking CXX executable ../../bin/llama-gbnf-validator
[ 60%] Built target llama-gbnf-validator
[ 61%] Building CXX object examples/gguf-split/CMakeFiles/llama-gguf-split.dir/gguf-split.cpp.o
[ 61%] Linking CXX executable ../../bin/llama-gguf-split
[ 61%] Built target llama-eval-callback
[ 62%] Building CXX object examples/gritlm/CMakeFiles/llama-gritlm.dir/gritlm.cpp.o
[ 63%] Linking CXX executable ../../bin/llama-gritlm
[ 63%] Built target llama-gguf-split
[ 63%] Building CXX object examples/imatrix/CMakeFiles/llama-imatrix.dir/imatrix.cpp.o
[ 64%] Linking CXX executable ../../bin/llama-imatrix
[ 64%] Built target llama-export-lora
[ 64%] Building CXX object examples/infill/CMakeFiles/llama-infill.dir/infill.cpp.o
[ 65%] Linking CXX executable ../../bin/llama-infill
[ 65%] Built target llama-gritlm
[ 66%] Building CXX object examples/llama-bench/CMakeFiles/llama-bench.dir/llama-bench.cpp.o
[ 66%] Linking CXX executable ../../bin/llama-bench
[ 66%] Built target llama-imatrix
[ 67%] Building CXX object examples/lookahead/CMakeFiles/llama-lookahead.dir/lookahead.cpp.o
[ 67%] Linking CXX executable ../../bin/llama-lookahead
[ 67%] Built target llama-infill
[ 68%] Building CXX object examples/lookup/CMakeFiles/llama-lookup.dir/lookup.cpp.o
[ 69%] Linking CXX executable ../../bin/llama-lookup
[ 69%] Built target llama-bench
[ 69%] Building CXX object examples/lookup/CMakeFiles/llama-lookup-create.dir/lookup-create.cpp.o
[ 70%] Linking CXX executable ../../bin/llama-lookup-create
[ 70%] Built target llama-lookahead
[ 70%] Building CXX object examples/lookup/CMakeFiles/llama-lookup-merge.dir/lookup-merge.cpp.o
[ 71%] Linking CXX executable ../../bin/llama-lookup-merge
[ 71%] Built target llama-lookup
[ 71%] Built target llama-lookup-merge
[ 72%] Building CXX object examples/lookup/CMakeFiles/llama-lookup-stats.dir/lookup-stats.cpp.o
[ 72%] Building CXX object examples/main/CMakeFiles/llama-cli.dir/main.cpp.o
[ 72%] Linking CXX executable ../../bin/llama-lookup-stats
[ 73%] Linking CXX executable ../../bin/llama-cli
[ 73%] Built target llava
[ 74%] Building CXX object examples/parallel/CMakeFiles/llama-parallel.dir/parallel.cpp.o
[ 74%] Linking CXX executable ../../bin/llama-parallel
[ 74%] Built target llama-lookup-create
[ 75%] Building CXX object examples/passkey/CMakeFiles/llama-passkey.dir/passkey.cpp.o
[ 76%] Linking CXX executable ../../bin/llama-passkey
[ 76%] Built target llama-cli
[ 76%] Building CXX object examples/perplexity/CMakeFiles/llama-perplexity.dir/perplexity.cpp.o
[ 76%] Built target llama-lookup-stats
[ 77%] Linking CXX executable ../../bin/llama-perplexity
[ 78%] Building CXX object examples/quantize/CMakeFiles/llama-quantize.dir/quantize.cpp.o
[ 78%] Linking CXX executable ../../bin/llama-quantize
[ 78%] Built target llama-parallel
[ 79%] Building CXX object examples/retrieval/CMakeFiles/llama-retrieval.dir/retrieval.cpp.o
[ 80%] Linking CXX executable ../../bin/llama-retrieval
[ 80%] Built target llama-passkey
[ 80%] Generating theme-snowstorm.css.hpp
[ 80%] Generating colorthemes.css.hpp
[ 81%] Generating completion.js.hpp
[ 82%] Generating index-new.html.hpp
[ 83%] Generating index.html.hpp
[ 83%] Built target llama-perplexity
[ 83%] Built target llama-quantize
[ 83%] Building CXX object examples/simple/CMakeFiles/llama-simple.dir/simple.cpp.o
[ 83%] Building CXX object examples/save-load-state/CMakeFiles/llama-save-load-state.dir/save-load-state.cpp.o
[ 85%] Linking CXX executable ../../bin/llama-save-load-state
[ 85%] Linking CXX executable ../../bin/llama-simple
[ 85%] Generating index.js.hpp
[ 86%] Generating json-schema-to-grammar.mjs.hpp
[ 87%] Generating prompt-formats.js.hpp
[ 88%] Generating style.css.hpp
[ 88%] Generating system-prompts.js.hpp
[ 89%] Generating theme-beeninorder.css.hpp
[ 89%] Generating theme-ketivah.css.hpp
[ 90%] Generating theme-mangotango.css.hpp
[ 90%] Generating theme-playground.css.hpp
[ 91%] Generating theme-polarnight.css.hpp
[ 91%] Built target llama-retrieval
[ 92%] Building CXX object examples/speculative/CMakeFiles/llama-speculative.dir/speculative.cpp.o
[ 92%] Building CXX object examples/server/CMakeFiles/llama-server.dir/server.cpp.o
[ 92%] Linking CXX executable ../../bin/llama-speculative
[ 92%] Built target llama-simple
[ 92%] Built target llama-save-load-state
[ 93%] Building CXX object examples/tokenize/CMakeFiles/llama-tokenize.dir/tokenize.cpp.o
[ 94%] Building CXX object pocs/vdot/CMakeFiles/llama-vdot.dir/vdot.cpp.o
[ 94%] Linking CXX executable ../../bin/llama-tokenize
[ 95%] Linking CXX executable ../../bin/llama-vdot
[ 95%] Built target llama-vdot
[ 95%] Building CXX object pocs/vdot/CMakeFiles/llama-q8dot.dir/q8dot.cpp.o
[ 96%] Linking CXX executable ../../bin/llama-q8dot
[ 97%] Linking CXX executable ../../bin/llama-server
[ 97%] Built target llama-q8dot
[ 98%] Linking CXX static library libllava_static.a
[ 98%] Built target llava_static
[ 98%] Linking CXX shared library libllava_shared.so
[ 98%] Built target llama-speculative
[ 99%] Building CXX object examples/llava/CMakeFiles/llama-llava-cli.dir/llava-cli.cpp.o
[ 99%] Linking CXX executable ../../bin/llama-llava-cli
[ 99%] Built target llava_shared
[100%] Building CXX object examples/llava/CMakeFiles/llama-minicpmv-cli.dir/minicpmv-cli.cpp.o
[100%] Built target llama-tokenize
[100%] Linking CXX executable ../../bin/llama-minicpmv-cli
[100%] Built target llama-llava-cli
[100%] Built target llama-server
[100%] Built target llama-minicpmv-cli

real	0m8.541s
user	0m27.239s
sys	0m4.328s
+ tee -a /home/ggml/results/llama.cpp/7e/a8d80d53364f2cdcd7bbc0f031106f529b1fe3/ggml-0-x86-cpu-low-perf/ctest_debug-ctest.log
+ ctest --output-on-failure -L main -E test-opt
Test project /home/ggml/work/llama.cpp/build-ci-debug
      Start  1: test-tokenizer-0-bert-bge
 1/25 Test  #1: test-tokenizer-0-bert-bge .........   Passed    0.08 sec
      Start  2: test-tokenizer-0-command-r
 2/25 Test  #2: test-tokenizer-0-command-r ........   Passed    1.82 sec
      Start  3: test-tokenizer-0-deepseek-coder
 3/25 Test  #3: test-tokenizer-0-deepseek-coder ...   Passed    0.23 sec
      Start  4: test-tokenizer-0-deepseek-llm
 4/25 Test  #4: test-tokenizer-0-deepseek-llm .....   Passed    0.68 sec
      Start  5: test-tokenizer-0-falcon
 5/25 Test  #5: test-tokenizer-0-falcon ...........   Passed    0.40 sec
      Start  6: test-tokenizer-0-gpt-2
 6/25 Test  #6: test-tokenizer-0-gpt-2 ............   Passed    0.30 sec
      Start  7: test-tokenizer-0-llama-bpe
 7/25 Test  #7: test-tokenizer-0-llama-bpe ........   Passed    1.24 sec
      Start  8: test-tokenizer-0-llama-spm
 8/25 Test  #8: test-tokenizer-0-llama-spm ........   Passed    0.08 sec
      Start  9: test-tokenizer-0-mpt
 9/25 Test  #9: test-tokenizer-0-mpt ..............   Passed    0.31 sec
      Start 10: test-tokenizer-0-phi-3
10/25 Test #10: test-tokenizer-0-phi-3 ............   Passed    0.08 sec
      Start 11: test-tokenizer-0-qwen2
11/25 Test #11: test-tokenizer-0-qwen2 ............   Passed    1.03 sec
      Start 12: test-tokenizer-0-refact
12/25 Test #12: test-tokenizer-0-refact ...........   Passed    0.31 sec
      Start 13: test-tokenizer-0-starcoder
13/25 Test #13: test-tokenizer-0-starcoder ........   Passed    0.31 sec
      Start 14: test-tokenizer-1-llama-spm
14/25 Test #14: test-tokenizer-1-llama-spm ........   Passed    2.12 sec
      Start 15: test-quantize-fns
15/25 Test #15: test-quantize-fns .................   Passed   31.04 sec
      Start 16: test-quantize-perf
16/25 Test #16: test-quantize-perf ................   Passed    9.14 sec
      Start 17: test-sampling
17/25 Test #17: test-sampling .....................   Passed    0.03 sec
      Start 18: test-chat-template
18/25 Test #18: test-chat-template ................   Passed    0.01 sec
      Start 19: test-grammar-parser
19/25 Test #19: test-grammar-parser ...............   Passed    0.00 sec
      Start 20: test-llama-grammar
20/25 Test #20: test-llama-grammar ................   Passed    0.00 sec
      Start 21: test-grammar-integration
21/25 Test #21: test-grammar-integration ..........   Passed    0.03 sec
      Start 22: test-grad0
22/25 Test #22: test-grad0 ........................   Passed    0.57 sec
      Start 23: test-backend-ops
23/25 Test #23: test-backend-ops ..................   Passed    0.00 sec
      Start 24: test-rope
24/25 Test #24: test-rope .........................   Passed    0.06 sec
      Start 27: test-json-schema-to-grammar
25/25 Test #27: test-json-schema-to-grammar .......   Passed    0.04 sec

100% tests passed, 0 tests failed out of 25

Label Time Summary:
main    =  49.93 sec*proc (25 tests)

Total Test time (real) =  49.94 sec

real	0m49.967s
user	0m56.023s
sys	0m0.294s
+ set +e
+ cur=0
+ echo 0
+ set +x
+ gg_run_ctest_release
+ cd /home/ggml/work/llama.cpp
+ rm -rf build-ci-release
+ tee /home/ggml/results/llama.cpp/7e/a8d80d53364f2cdcd7bbc0f031106f529b1fe3/ggml-0-x86-cpu-low-perf/ctest_release.log
+ mkdir build-ci-release
+ cd build-ci-release
+ set -e
+ gg_check_build_requirements
+ command -v cmake
+ command -v make
+ command -v ctest
+ tee -a /home/ggml/results/llama.cpp/7e/a8d80d53364f2cdcd7bbc0f031106f529b1fe3/ggml-0-x86-cpu-low-perf/ctest_release-cmake.log
+ cmake -DCMAKE_BUILD_TYPE=Release -DLLAMA_FATAL_WARNINGS=ON ..
-- The C compiler identification is GNU 11.4.0
-- The CXX compiler identification is GNU 11.4.0
-- Detecting C compiler ABI info
-- Detecting C compiler ABI info - done
-- Check for working C compiler: /usr/bin/cc - skipped
-- Detecting C compile features
-- Detecting C compile features - done
-- Detecting CXX compiler ABI info
-- Detecting CXX compiler ABI info - done
-- Check for working CXX compiler: /usr/bin/c++ - skipped
-- Detecting CXX compile features
-- Detecting CXX compile features - done
-- Found Git: /usr/bin/git (found version "2.34.1") 
-- Performing Test CMAKE_HAVE_LIBC_PTHREAD
-- Performing Test CMAKE_HAVE_LIBC_PTHREAD - Success
-- Found Threads: TRUE  
-- Found OpenMP_C: -fopenmp (found version "4.5") 
-- Found OpenMP_CXX: -fopenmp (found version "4.5") 
-- Found OpenMP: TRUE (found version "4.5")  
-- OpenMP found
-- Using llamafile
-- ccache found, compilation results will be cached. Disable with GGML_CCACHE=OFF.
-- CMAKE_SYSTEM_PROCESSOR: x86_64
-- x86 detected
-- Configuring done (0.6s)
-- Generating done (0.1s)
-- Build files have been written to: /home/ggml/work/llama.cpp/build-ci-release

real	0m0.696s
user	0m0.490s
sys	0m0.208s
+ tee -a /home/ggml/results/llama.cpp/7e/a8d80d53364f2cdcd7bbc0f031106f529b1fe3/ggml-0-x86-cpu-low-perf/ctest_release-make.log
++ nproc
+ make -j4
[  1%] Building C object examples/gguf-hash/CMakeFiles/sha256.dir/deps/sha256/sha256.c.o
[  1%] Building CXX object common/CMakeFiles/build_info.dir/build-info.cpp.o
[  3%] Building C object ggml/src/CMakeFiles/ggml.dir/ggml.c.o
[  3%] Building C object examples/gguf-hash/CMakeFiles/xxhash.dir/deps/xxhash/xxhash.c.o
[  3%] Built target sha256
[  3%] Built target xxhash
[  4%] Building C object ggml/src/CMakeFiles/ggml.dir/ggml-alloc.c.o
[  4%] Building C object ggml/src/CMakeFiles/ggml.dir/ggml-backend.c.o
[  5%] Building C object examples/gguf-hash/CMakeFiles/sha1.dir/deps/sha1/sha1.c.o
[  6%] Building C object ggml/src/CMakeFiles/ggml.dir/ggml-quants.c.o
[  6%] Building CXX object ggml/src/CMakeFiles/ggml.dir/llamafile/sgemm.cpp.o
[  6%] Built target sha1
[  7%] Building C object ggml/src/CMakeFiles/ggml.dir/ggml-aarch64.c.o
[  7%] Built target build_info
[  8%] Linking CXX shared library libggml.so
[  8%] Built target ggml
[  8%] Building CXX object src/CMakeFiles/llama.dir/llama.cpp.o
[ 10%] Building CXX object examples/gguf/CMakeFiles/llama-gguf.dir/gguf.cpp.o
[ 10%] Building CXX object src/CMakeFiles/llama.dir/llama-vocab.cpp.o
[ 10%] Building CXX object examples/gguf-hash/CMakeFiles/llama-gguf-hash.dir/gguf-hash.cpp.o
[ 11%] Linking CXX executable ../../bin/llama-gguf
[ 11%] Linking CXX executable ../../bin/llama-gguf-hash
[ 11%] Building CXX object src/CMakeFiles/llama.dir/llama-grammar.cpp.o
[ 12%] Building CXX object src/CMakeFiles/llama.dir/llama-sampling.cpp.o
[ 13%] Building CXX object src/CMakeFiles/llama.dir/unicode.cpp.o
[ 13%] Building CXX object src/CMakeFiles/llama.dir/unicode-data.cpp.o
[ 14%] Linking CXX shared library libllama.so
[ 14%] Built target llama-gguf
[ 14%] Built target llama-gguf-hash
[ 14%] Built target llama
[ 14%] Building CXX object common/CMakeFiles/common.dir/common.cpp.o
[ 15%] Building CXX object examples/benchmark/CMakeFiles/llama-bench-matmult.dir/benchmark-matmult.cpp.o
[ 15%] Building C object tests/CMakeFiles/test-c.dir/test-c.c.o
[ 15%] Building CXX object examples/llava/CMakeFiles/llava.dir/llava.cpp.o
[ 16%] Linking C executable ../bin/test-c
[ 17%] Linking CXX executable ../../bin/llama-bench-matmult
[ 18%] Building CXX object examples/llava/CMakeFiles/llava.dir/clip.cpp.o
[ 19%] Building CXX object common/CMakeFiles/common.dir/sampling.cpp.o
[ 19%] Building CXX object common/CMakeFiles/common.dir/console.cpp.o
[ 19%] Built target test-c
[ 20%] Building CXX object common/CMakeFiles/common.dir/grammar-parser.cpp.o
[ 21%] Building CXX object examples/quantize-stats/CMakeFiles/llama-quantize-stats.dir/quantize-stats.cpp.o
[ 22%] Building CXX object common/CMakeFiles/common.dir/json-schema-to-grammar.cpp.o
[ 22%] Linking CXX executable ../../bin/llama-quantize-stats
[ 22%] Building CXX object common/CMakeFiles/common.dir/train.cpp.o
[ 23%] Building CXX object common/CMakeFiles/common.dir/ngram-cache.cpp.o
[ 23%] Built target llama-bench-matmult
[ 23%] Linking CXX static library libcommon.a
[ 23%] Built target common
[ 24%] Building CXX object tests/CMakeFiles/test-tokenizer-0.dir/test-tokenizer-0.cpp.o
[ 24%] Building CXX object tests/CMakeFiles/test-tokenizer-1-bpe.dir/test-tokenizer-1-bpe.cpp.o
[ 24%] Built target llama-quantize-stats
[ 25%] Linking CXX executable ../bin/test-tokenizer-1-bpe
[ 26%] Linking CXX executable ../bin/test-tokenizer-0
[ 26%] Building CXX object tests/CMakeFiles/test-tokenizer-1-spm.dir/test-tokenizer-1-spm.cpp.o
[ 27%] Linking CXX executable ../bin/test-tokenizer-1-spm
[ 27%] Built target test-tokenizer-1-bpe
[ 27%] Built target test-tokenizer-0
[ 28%] Building CXX object tests/CMakeFiles/test-quantize-fns.dir/test-quantize-fns.cpp.o
[ 29%] Building CXX object tests/CMakeFiles/test-quantize-perf.dir/test-quantize-perf.cpp.o
[ 29%] Built target test-tokenizer-1-spm
[ 29%] Building CXX object tests/CMakeFiles/test-quantize-fns.dir/get-model.cpp.o
[ 30%] Linking CXX executable ../bin/test-quantize-fns
[ 30%] Building CXX object tests/CMakeFiles/test-sampling.dir/test-sampling.cpp.o
[ 30%] Building CXX object tests/CMakeFiles/test-quantize-perf.dir/get-model.cpp.o
[ 31%] Linking CXX executable ../bin/test-quantize-perf
[ 32%] Building CXX object tests/CMakeFiles/test-sampling.dir/get-model.cpp.o
[ 32%] Linking CXX executable ../bin/test-sampling
[ 32%] Built target test-quantize-fns
[ 32%] Built target test-quantize-perf
[ 32%] Building CXX object tests/CMakeFiles/test-chat-template.dir/test-chat-template.cpp.o
[ 32%] Built target test-sampling
[ 33%] Building CXX object tests/CMakeFiles/test-grammar-parser.dir/test-grammar-parser.cpp.o
[ 34%] Building CXX object tests/CMakeFiles/test-chat-template.dir/get-model.cpp.o
[ 34%] Building CXX object tests/CMakeFiles/test-llama-grammar.dir/test-llama-grammar.cpp.o
[ 34%] Building CXX object tests/CMakeFiles/test-grammar-parser.dir/get-model.cpp.o
[ 35%] Linking CXX executable ../bin/test-chat-template
[ 36%] Linking CXX executable ../bin/test-grammar-parser
[ 37%] Building CXX object tests/CMakeFiles/test-llama-grammar.dir/get-model.cpp.o
[ 37%] Linking CXX executable ../bin/test-llama-grammar
[ 37%] Built target test-grammar-parser
[ 38%] Building CXX object tests/CMakeFiles/test-grammar-integration.dir/test-grammar-integration.cpp.o
[ 38%] Built target test-llama-grammar
[ 38%] Building CXX object tests/CMakeFiles/test-grad0.dir/test-grad0.cpp.o
[ 39%] Building CXX object tests/CMakeFiles/test-grammar-integration.dir/get-model.cpp.o
[ 39%] Linking CXX executable ../bin/test-grammar-integration
[ 40%] Building CXX object tests/CMakeFiles/test-grad0.dir/get-model.cpp.o
[ 40%] Linking CXX executable ../bin/test-grad0
[ 40%] Built target test-chat-template
[ 40%] Building CXX object tests/CMakeFiles/test-backend-ops.dir/test-backend-ops.cpp.o
[ 41%] Building CXX object tests/CMakeFiles/test-backend-ops.dir/get-model.cpp.o
[ 42%] Linking CXX executable ../bin/test-backend-ops
[ 42%] Built target test-grad0
[ 42%] Building CXX object tests/CMakeFiles/test-rope.dir/test-rope.cpp.o
[ 43%] Building CXX object tests/CMakeFiles/test-rope.dir/get-model.cpp.o
[ 43%] Built target test-grammar-integration
[ 44%] Linking CXX executable ../bin/test-rope
[ 45%] Building CXX object tests/CMakeFiles/test-model-load-cancel.dir/test-model-load-cancel.cpp.o
[ 46%] Building CXX object tests/CMakeFiles/test-model-load-cancel.dir/get-model.cpp.o
[ 46%] Built target test-backend-ops
[ 46%] Linking CXX executable ../bin/test-model-load-cancel
[ 47%] Building CXX object tests/CMakeFiles/test-autorelease.dir/test-autorelease.cpp.o
[ 47%] Building CXX object tests/CMakeFiles/test-autorelease.dir/get-model.cpp.o
[ 48%] Linking CXX executable ../bin/test-autorelease
[ 48%] Built target test-rope
[ 49%] Building CXX object tests/CMakeFiles/test-json-schema-to-grammar.dir/test-json-schema-to-grammar.cpp.o
[ 49%] Built target test-model-load-cancel
[ 49%] Building CXX object tests/CMakeFiles/test-json-schema-to-grammar.dir/get-model.cpp.o
[ 50%] Linking CXX executable ../bin/test-json-schema-to-grammar
[ 51%] Building CXX object examples/cvector-generator/CMakeFiles/llama-cvector-generator.dir/cvector-generator.cpp.o
[ 51%] Linking CXX executable ../../bin/llama-cvector-generator
[ 51%] Built target test-autorelease
[ 51%] Building CXX object examples/baby-llama/CMakeFiles/llama-baby-llama.dir/baby-llama.cpp.o
[ 52%] Linking CXX executable ../../bin/llama-baby-llama
[ 52%] Built target test-json-schema-to-grammar
[ 53%] Building CXX object examples/batched-bench/CMakeFiles/llama-batched-bench.dir/batched-bench.cpp.o
[ 53%] Linking CXX executable ../../bin/llama-batched-bench
[ 53%] Built target llama-cvector-generator
[ 53%] Building CXX object examples/batched/CMakeFiles/llama-batched.dir/batched.cpp.o
[ 54%] Linking CXX executable ../../bin/llama-batched
[ 54%] Built target llama-baby-llama
[ 54%] Building CXX object examples/convert-llama2c-to-ggml/CMakeFiles/llama-convert-llama2c-to-ggml.dir/convert-llama2c-to-ggml.cpp.o
[ 55%] Linking CXX executable ../../bin/llama-convert-llama2c-to-ggml
[ 55%] Built target llama-batched-bench
[ 56%] Built target llama-convert-llama2c-to-ggml
[ 56%] Building CXX object examples/embedding/CMakeFiles/llama-embedding.dir/embedding.cpp.o
[ 57%] Building CXX object examples/eval-callback/CMakeFiles/llama-eval-callback.dir/eval-callback.cpp.o
[ 57%] Built target llama-batched
[ 57%] Linking CXX executable ../../bin/llama-embedding
[ 57%] Building CXX object examples/export-lora/CMakeFiles/llama-export-lora.dir/export-lora.cpp.o
[ 58%] Linking CXX executable ../../bin/llama-eval-callback
[ 59%] Linking CXX executable ../../bin/llama-export-lora
[ 59%] Built target llama-embedding
[ 59%] Building CXX object examples/gbnf-validator/CMakeFiles/llama-gbnf-validator.dir/gbnf-validator.cpp.o
[ 59%] Built target llama-eval-callback
[ 60%] Linking CXX executable ../../bin/llama-gbnf-validator
[ 60%] Built target llama-export-lora
[ 61%] Building CXX object examples/gguf-split/CMakeFiles/llama-gguf-split.dir/gguf-split.cpp.o
[ 62%] Building CXX object examples/gritlm/CMakeFiles/llama-gritlm.dir/gritlm.cpp.o
[ 62%] Linking CXX executable ../../bin/llama-gguf-split
[ 63%] Linking CXX executable ../../bin/llama-gritlm
[ 63%] Built target llama-gbnf-validator
[ 63%] Building CXX object examples/imatrix/CMakeFiles/llama-imatrix.dir/imatrix.cpp.o
[ 63%] Built target llama-gguf-split
[ 64%] Linking CXX executable ../../bin/llama-imatrix
[ 64%] Building CXX object examples/infill/CMakeFiles/llama-infill.dir/infill.cpp.o
[ 65%] Linking CXX executable ../../bin/llama-infill
[ 65%] Built target llama-gritlm
[ 66%] Building CXX object examples/llama-bench/CMakeFiles/llama-bench.dir/llama-bench.cpp.o
[ 66%] Linking CXX executable ../../bin/llama-bench
[ 66%] Built target llama-imatrix
[ 67%] Building CXX object examples/lookahead/CMakeFiles/llama-lookahead.dir/lookahead.cpp.o
[ 67%] Built target llama-infill
[ 67%] Linking CXX executable ../../bin/llama-lookahead
[ 68%] Building CXX object examples/lookup/CMakeFiles/llama-lookup.dir/lookup.cpp.o
[ 69%] Linking CXX executable ../../bin/llama-lookup
[ 69%] Built target llama-bench
[ 69%] Building CXX object examples/lookup/CMakeFiles/llama-lookup-create.dir/lookup-create.cpp.o
[ 70%] Linking CXX executable ../../bin/llama-lookup-create
[ 70%] Built target llama-lookahead
[ 70%] Building CXX object examples/lookup/CMakeFiles/llama-lookup-merge.dir/lookup-merge.cpp.o
[ 70%] Built target llama-lookup
[ 71%] Linking CXX executable ../../bin/llama-lookup-merge
[ 72%] Building CXX object examples/lookup/CMakeFiles/llama-lookup-stats.dir/lookup-stats.cpp.o
[ 72%] Linking CXX executable ../../bin/llama-lookup-stats
[ 72%] Built target llama-lookup-create
[ 72%] Building CXX object examples/main/CMakeFiles/llama-cli.dir/main.cpp.o
[ 73%] Linking CXX executable ../../bin/llama-cli
[ 73%] Built target llama-lookup-merge
[ 74%] Building CXX object examples/parallel/CMakeFiles/llama-parallel.dir/parallel.cpp.o
[ 74%] Linking CXX executable ../../bin/llama-parallel
[ 74%] Built target llama-lookup-stats
[ 75%] Building CXX object examples/passkey/CMakeFiles/llama-passkey.dir/passkey.cpp.o
[ 76%] Linking CXX executable ../../bin/llama-passkey
[ 76%] Built target llama-cli
[ 76%] Building CXX object examples/perplexity/CMakeFiles/llama-perplexity.dir/perplexity.cpp.o
[ 77%] Linking CXX executable ../../bin/llama-perplexity
[ 77%] Built target llama-parallel
[ 78%] Building CXX object examples/quantize/CMakeFiles/llama-quantize.dir/quantize.cpp.o
[ 78%] Linking CXX executable ../../bin/llama-quantize
[ 78%] Built target llama-passkey
[ 79%] Building CXX object examples/retrieval/CMakeFiles/llama-retrieval.dir/retrieval.cpp.o
[ 80%] Linking CXX executable ../../bin/llama-retrieval
[ 80%] Built target llama-perplexity
[ 80%] Generating theme-snowstorm.css.hpp
[ 80%] Generating colorthemes.css.hpp
[ 80%] Built target llama-quantize
[ 80%] Building CXX object examples/save-load-state/CMakeFiles/llama-save-load-state.dir/save-load-state.cpp.o
[ 81%] Linking CXX executable ../../bin/llama-save-load-state
[ 82%] Generating completion.js.hpp
[ 83%] Generating index-new.html.hpp
[ 83%] Built target llama-retrieval
[ 83%] Building CXX object examples/simple/CMakeFiles/llama-simple.dir/simple.cpp.o
[ 84%] Linking CXX executable ../../bin/llama-simple
[ 84%] Built target llama-save-load-state
[ 85%] Building CXX object examples/speculative/CMakeFiles/llama-speculative.dir/speculative.cpp.o
[ 85%] Linking CXX executable ../../bin/llama-speculative
[ 86%] Generating index.html.hpp
[ 86%] Built target llama-simple
[ 87%] Building CXX object examples/tokenize/CMakeFiles/llama-tokenize.dir/tokenize.cpp.o
[ 87%] Linking CXX executable ../../bin/llama-tokenize
[ 87%] Generating index.js.hpp
[ 87%] Built target llama-speculative
[ 88%] Building CXX object pocs/vdot/CMakeFiles/llama-vdot.dir/vdot.cpp.o
[ 89%] Linking CXX executable ../../bin/llama-vdot
[ 90%] Generating json-schema-to-grammar.mjs.hpp
[ 90%] Built target llama-tokenize
[ 90%] Building CXX object pocs/vdot/CMakeFiles/llama-q8dot.dir/q8dot.cpp.o
[ 91%] Linking CXX executable ../../bin/llama-q8dot
[ 91%] Built target llama-vdot
[ 92%] Generating prompt-formats.js.hpp
[ 93%] Generating style.css.hpp
[ 93%] Generating system-prompts.js.hpp
[ 94%] Generating theme-beeninorder.css.hpp
[ 94%] Built target llama-q8dot
[ 94%] Generating theme-ketivah.css.hpp
[ 95%] Generating theme-mangotango.css.hpp
[ 95%] Generating theme-playground.css.hpp
[ 96%] Generating theme-polarnight.css.hpp
[ 96%] Building CXX object examples/server/CMakeFiles/llama-server.dir/server.cpp.o
[ 97%] Linking CXX executable ../../bin/llama-server
[ 97%] Built target llama-server
[ 97%] Built target llava
[ 97%] Linking CXX shared library libllava_shared.so
[ 99%] Linking CXX static library libllava_static.a
[ 99%] Building CXX object examples/llava/CMakeFiles/llama-minicpmv-cli.dir/minicpmv-cli.cpp.o
[100%] Building CXX object examples/llava/CMakeFiles/llama-llava-cli.dir/llava-cli.cpp.o
[100%] Linking CXX executable ../../bin/llama-llava-cli
[100%] Linking CXX executable ../../bin/llama-minicpmv-cli
[100%] Built target llava_static
[100%] Built target llava_shared
[100%] Built target llama-minicpmv-cli
[100%] Built target llama-llava-cli

real	0m9.727s
user	0m15.513s
sys	0m1.795s
+ '[' -z 1 ']'
+ tee -a /home/ggml/results/llama.cpp/7e/a8d80d53364f2cdcd7bbc0f031106f529b1fe3/ggml-0-x86-cpu-low-perf/ctest_release-ctest.log
+ ctest --output-on-failure -L main -E test-opt
Test project /home/ggml/work/llama.cpp/build-ci-release
      Start  1: test-tokenizer-0-bert-bge
 1/25 Test  #1: test-tokenizer-0-bert-bge .........   Passed    0.02 sec
      Start  2: test-tokenizer-0-command-r
 2/25 Test  #2: test-tokenizer-0-command-r ........   Passed    0.59 sec
      Start  3: test-tokenizer-0-deepseek-coder
 3/25 Test  #3: test-tokenizer-0-deepseek-coder ...   Passed    0.06 sec
      Start  4: test-tokenizer-0-deepseek-llm
 4/25 Test  #4: test-tokenizer-0-deepseek-llm .....   Passed    0.19 sec
      Start  5: test-tokenizer-0-falcon
 5/25 Test  #5: test-tokenizer-0-falcon ...........   Passed    0.11 sec
      Start  6: test-tokenizer-0-gpt-2
 6/25 Test  #6: test-tokenizer-0-gpt-2 ............   Passed    0.09 sec
      Start  7: test-tokenizer-0-llama-bpe
 7/25 Test  #7: test-tokenizer-0-llama-bpe ........   Passed    0.41 sec
      Start  8: test-tokenizer-0-llama-spm
 8/25 Test  #8: test-tokenizer-0-llama-spm ........   Passed    0.03 sec
      Start  9: test-tokenizer-0-mpt
 9/25 Test  #9: test-tokenizer-0-mpt ..............   Passed    0.09 sec
      Start 10: test-tokenizer-0-phi-3
10/25 Test #10: test-tokenizer-0-phi-3 ............   Passed    0.03 sec
      Start 11: test-tokenizer-0-qwen2
11/25 Test #11: test-tokenizer-0-qwen2 ............   Passed    0.29 sec
      Start 12: test-tokenizer-0-refact
12/25 Test #12: test-tokenizer-0-refact ...........   Passed    0.09 sec
      Start 13: test-tokenizer-0-starcoder
13/25 Test #13: test-tokenizer-0-starcoder ........   Passed    0.09 sec
      Start 14: test-tokenizer-1-llama-spm
14/25 Test #14: test-tokenizer-1-llama-spm ........   Passed    0.36 sec
      Start 15: test-quantize-fns
15/25 Test #15: test-quantize-fns .................   Passed   15.95 sec
      Start 16: test-quantize-perf
16/25 Test #16: test-quantize-perf ................   Passed    4.46 sec
      Start 17: test-sampling
17/25 Test #17: test-sampling .....................   Passed    0.01 sec
      Start 18: test-chat-template
18/25 Test #18: test-chat-template ................   Passed    0.00 sec
      Start 19: test-grammar-parser
19/25 Test #19: test-grammar-parser ...............   Passed    0.00 sec
      Start 20: test-llama-grammar
20/25 Test #20: test-llama-grammar ................   Passed    0.00 sec
      Start 21: test-grammar-integration
21/25 Test #21: test-grammar-integration ..........   Passed    0.01 sec
      Start 22: test-grad0
22/25 Test #22: test-grad0 ........................   Passed    0.30 sec
      Start 23: test-backend-ops
23/25 Test #23: test-backend-ops ..................   Passed    0.00 sec
      Start 24: test-rope
24/25 Test #24: test-rope .........................   Passed    0.05 sec
      Start 27: test-json-schema-to-grammar
25/25 Test #27: test-json-schema-to-grammar .......   Passed    0.01 sec

100% tests passed, 0 tests failed out of 25

Label Time Summary:
main    =  23.24 sec*proc (25 tests)

Total Test time (real) =  23.25 sec

real	0m23.270s
user	0m24.708s
sys	0m0.252s
+ set +e
+ cur=0
+ echo 0
+ set +x
