+ cmake -DCMAKE_BUILD_TYPE=Debug ..
-- The C compiler identification is GNU 11.4.0
-- The CXX compiler identification is GNU 11.4.0
-- Detecting C compiler ABI info
-- Detecting C compiler ABI info - done
-- Check for working C compiler: /usr/bin/cc - skipped
-- Detecting C compile features
-- Detecting C compile features - done
-- Detecting CXX compiler ABI info
-- Detecting CXX compiler ABI info - done
-- Check for working CXX compiler: /usr/bin/c++ - skipped
-- Detecting CXX compile features
-- Detecting CXX compile features - done
-- Found Git: /usr/bin/git (found version "2.34.1") 
-- Looking for pthread.h
-- Looking for pthread.h - found
-- Performing Test CMAKE_HAVE_LIBC_PTHREAD
-- Performing Test CMAKE_HAVE_LIBC_PTHREAD - Success
-- Found Threads: TRUE  
-- CMAKE_SYSTEM_PROCESSOR: aarch64
-- ARM detected
-- ARM detected
-- Configuring done
-- Generating done
-- Build files have been written to: /home/ggml/work/ggml/build-ci-debug

real	0m0.650s
user	0m0.371s
sys	0m0.282s
+ make -j
[  2%] Building CXX object examples/CMakeFiles/common.dir/common.cpp.o
[  2%] Building C object src/CMakeFiles/ggml.dir/ggml.c.o
[  3%] Building C object src/CMakeFiles/ggml.dir/ggml-alloc.c.o
[  4%] Linking C static library libggml.a
[  4%] Built target ggml
[  6%] Building C object tests/CMakeFiles/test-vec0.dir/test-vec0.c.o
[  7%] Building CXX object tests/CMakeFiles/test-quantize-perf.dir/test-quantize-perf.cpp.o
[  8%] Building CXX object tests/CMakeFiles/test-grad0.dir/test-grad0.cpp.o
[  9%] Building CXX object tests/CMakeFiles/test-quantize-fns.dir/test-quantize-fns.cpp.o
[ 10%] Building CXX object tests/CMakeFiles/test-opt.dir/test-opt.cpp.o
[ 12%] Building C object tests/CMakeFiles/test-mul-mat2.dir/test-mul-mat2.c.o
[ 13%] Building C object tests/CMakeFiles/test0.dir/test0.c.o
[ 14%] Building C object tests/CMakeFiles/test-mul-mat0.dir/test-mul-mat0.c.o
[ 15%] Building C object tests/CMakeFiles/test1.dir/test1.c.o
[ 16%] Building C object tests/CMakeFiles/test2.dir/test2.c.o
[ 18%] Building C object tests/CMakeFiles/test-pool.dir/test-pool.c.o
[ 19%] Linking C executable ../bin/test-vec0
[ 20%] Building C object tests/CMakeFiles/test-rel-pos.dir/test-rel-pos.c.o
[ 21%] Building C object tests/CMakeFiles/test3.dir/test3.c.o
[ 22%] Building C object tests/CMakeFiles/test-xpos.dir/test-xpos.c.o
[ 24%] Building C object tests/CMakeFiles/test-conv-transpose.dir/test-conv-transpose.c.o
[ 25%] Building C object tests/CMakeFiles/test-customop.dir/test-customop.c.o
[ 26%] Building CXX object examples/whisper/CMakeFiles/whisper-cpp.dir/whisper.cpp.o
[ 27%] Building CXX object examples/CMakeFiles/common-ggml.dir/common-ggml.cpp.o
[ 28%] Building CXX object examples/mnist/CMakeFiles/mnist-cpu.dir/main-cpu.cpp.o
[ 30%] Linking C executable ../bin/test0
/home/ggml/work/ggml/tests/test-grad0.cpp:211:13: warning: ‘void print_elements(const char*, const ggml_tensor*)’ defined but not used [-Wunused-function]
  211 | static void print_elements(const char* label, const struct ggml_tensor * t) {
      |             ^~~~~~~~~~~~~~
[ 30%] Built target test-vec0
[ 31%] Linking C executable ../bin/test-pool
[ 32%] Linking C executable ../bin/test1
[ 33%] Linking C executable ../bin/test2
[ 34%] Linking C executable ../bin/test-rel-pos
[ 36%] Linking C executable ../bin/test-conv-transpose
[ 37%] Linking C executable ../bin/test-xpos
[ 39%] Linking C executable ../bin/test-mul-mat0
[ 39%] Linking C executable ../bin/test-customop
[ 40%] Linking CXX executable ../bin/test-opt
[ 42%] Linking C executable ../bin/test3
[ 42%] Built target test2
[ 42%] Built target test0
[ 42%] Built target test-xpos
[ 42%] Built target test1
[ 42%] Built target test-mul-mat0
[ 42%] Built target test-opt
[ 42%] Built target test-rel-pos
[ 42%] Built target test-pool
[ 42%] Built target test-customop
[ 42%] Built target test-conv-transpose
[ 43%] Linking CXX executable ../bin/test-grad0
[ 43%] Built target test3
[ 44%] Linking C executable ../bin/test-mul-mat2
[ 44%] Built target test-grad0
[ 45%] Linking CXX executable ../bin/test-quantize-fns
[ 45%] Built target test-mul-mat2
[ 45%] Built target test-quantize-fns
[ 46%] Linking CXX executable ../../bin/mnist-cpu
[ 48%] Linking CXX executable ../bin/test-quantize-perf
[ 48%] Built target mnist-cpu
[ 48%] Built target test-quantize-perf
[ 49%] Linking CXX static library libcommon.a
[ 50%] Linking CXX static library libcommon-ggml.a
[ 50%] Built target common
[ 51%] Building CXX object examples/mnist/CMakeFiles/mnist.dir/main.cpp.o
[ 51%] Built target common-ggml
[ 53%] Building CXX object examples/sam/CMakeFiles/sam.dir/main.cpp.o
[ 54%] Building CXX object examples/mnist/CMakeFiles/mnist-cnn.dir/main-cnn.cpp.o
[ 55%] Building CXX object examples/gpt-2/CMakeFiles/gpt-2.dir/main.cpp.o
[ 56%] Building CXX object examples/gpt-2/CMakeFiles/gpt-2-quantize.dir/quantize.cpp.o
[ 57%] Building CXX object examples/gpt-j/CMakeFiles/gpt-j-quantize.dir/quantize.cpp.o
[ 59%] Building CXX object examples/gpt-neox/CMakeFiles/gpt-neox.dir/main.cpp.o
[ 60%] Building CXX object examples/gpt-j/CMakeFiles/gpt-j.dir/main.cpp.o
[ 61%] Building CXX object examples/whisper/CMakeFiles/whisper-quantize.dir/quantize.cpp.o
[ 62%] Building CXX object examples/gpt-neox/CMakeFiles/gpt-neox-quantize.dir/quantize.cpp.o
[ 65%] Building CXX object examples/dolly-v2/CMakeFiles/dollyv2.dir/main.cpp.o
[ 63%] Building CXX object examples/replit/CMakeFiles/replit.dir/main.cpp.o
[ 66%] Building CXX object examples/dolly-v2/CMakeFiles/dollyv2-quantize.dir/quantize.cpp.o
[ 67%] Building CXX object examples/mpt/CMakeFiles/mpt.dir/main.cpp.o
[ 68%] Building CXX object examples/replit/CMakeFiles/replit-quantize.dir/quantize.cpp.o
[ 69%] Building CXX object examples/starcoder/CMakeFiles/starcoder-mmap.dir/starcoder-mmap.cpp.o
[ 71%] Building CXX object examples/starcoder/CMakeFiles/starcoder-quantize.dir/quantize.cpp.o
[ 72%] Building CXX object examples/mpt/CMakeFiles/mpt-quantize.dir/quantize.cpp.o
[ 73%] Building CXX object examples/starcoder/CMakeFiles/starcoder.dir/main.cpp.o
[ 74%] Linking CXX executable ../../bin/mnist
[ 75%] Linking CXX executable ../../bin/mnist-cnn
[ 75%] Built target mnist
[ 75%] Built target mnist-cnn
[ 77%] Linking CXX executable ../../bin/mpt-quantize
[ 78%] Linking CXX executable ../../bin/replit-quantize
[ 79%] Linking CXX executable ../../bin/gpt-2-quantize
[ 80%] Linking CXX executable ../../bin/starcoder-quantize
[ 81%] Linking CXX executable ../../bin/dollyv2-quantize
[ 83%] Linking CXX executable ../../bin/gpt-neox-quantize
[ 84%] Linking CXX executable ../../bin/gpt-j-quantize
[ 85%] Linking CXX executable ../../bin/whisper-quantize
[ 85%] Built target mpt-quantize
[ 85%] Built target replit-quantize
[ 86%] Linking CXX executable ../../bin/gpt-j
[ 86%] Built target gpt-2-quantize
[ 86%] Built target gpt-neox-quantize
[ 87%] Linking CXX executable ../../bin/gpt-neox
[ 87%] Built target starcoder-quantize
[ 87%] Built target dollyv2-quantize
[ 89%] Linking CXX executable ../../bin/starcoder-mmap
[ 90%] Linking CXX executable ../../bin/dollyv2
[ 90%] Built target gpt-j-quantize
[ 91%] Linking CXX executable ../../bin/gpt-2
[ 92%] Linking CXX executable ../../bin/mpt
[ 93%] Linking CXX executable ../../bin/starcoder
[ 93%] Built target whisper-quantize
[ 93%] Built target gpt-j
[ 93%] Built target gpt-neox
[ 93%] Built target starcoder-mmap
[ 95%] Linking CXX executable ../../bin/replit
[ 95%] Built target dollyv2
[ 95%] Built target mpt
[ 95%] Built target starcoder
[ 95%] Built target gpt-2
[ 95%] Built target replit
[ 96%] Linking CXX executable ../../bin/sam
[ 96%] Built target sam
[ 97%] Linking CXX static library libwhisper-cpp.a
[ 97%] Built target whisper-cpp
[ 98%] Building CXX object examples/whisper/CMakeFiles/whisper.dir/main.cpp.o
[100%] Linking CXX executable ../../bin/whisper
[100%] Built target whisper

real	0m14.903s
user	0m39.855s
sys	0m5.998s
+ ctest --output-on-failure -E test-opt
Test project /home/ggml/work/ggml/build-ci-debug
      Start  1: test-grad0
 1/14 Test  #1: test-grad0 .......................   Passed    3.31 sec
      Start  2: test-quantize-fns
 2/14 Test  #2: test-quantize-fns ................   Passed    0.01 sec
      Start  3: test-quantize-perf
 3/14 Test  #3: test-quantize-perf ...............   Passed    0.02 sec
      Start  4: test-mul-mat0
 4/14 Test  #4: test-mul-mat0 ....................   Passed    0.53 sec
      Start  5: test-mul-mat2
 5/14 Test  #5: test-mul-mat2 ....................   Passed    8.59 sec
      Start  6: test0
 6/14 Test  #6: test0 ............................   Passed    0.01 sec
      Start  7: test1
 7/14 Test  #7: test1 ............................   Passed    0.01 sec
      Start  8: test2
 8/14 Test  #8: test2 ............................   Passed   17.45 sec
      Start  9: test3
 9/14 Test  #9: test3 ............................   Passed    0.96 sec
      Start 10: test-pool
10/14 Test #10: test-pool ........................   Passed    0.01 sec
      Start 11: test-conv-transpose
11/14 Test #11: test-conv-transpose ..............   Passed    0.01 sec
      Start 12: test-rel-pos
12/14 Test #12: test-rel-pos .....................   Passed    0.01 sec
      Start 13: test-customop
13/14 Test #13: test-customop ....................   Passed    0.01 sec
      Start 14: test-xpos
14/14 Test #14: test-xpos ........................   Passed    0.01 sec

100% tests passed, 0 tests failed out of 14

Total Test time (real) =  30.92 sec

real	0m30.930s
user	1m26.804s
sys	0m3.241s
