+ cmake -DCMAKE_BUILD_TYPE=Release -DLLAMA_FATAL_WARNINGS=ON ..
-- The C compiler identification is GNU 11.4.0
-- The CXX compiler identification is GNU 11.4.0
-- Detecting C compiler ABI info
-- Detecting C compiler ABI info - done
-- Check for working C compiler: /usr/bin/cc - skipped
-- Detecting C compile features
-- Detecting C compile features - done
-- Detecting CXX compiler ABI info
-- Detecting CXX compiler ABI info - done
-- Check for working CXX compiler: /usr/bin/c++ - skipped
-- Detecting CXX compile features
-- Detecting CXX compile features - done
-- Found Git: /usr/bin/git (found version "2.34.1") 
-- Performing Test CMAKE_HAVE_LIBC_PTHREAD
-- Performing Test CMAKE_HAVE_LIBC_PTHREAD - Success
-- Found Threads: TRUE  
-- ccache found, compilation results will be cached. Disable with LLAMA_CCACHE=OFF.
-- CMAKE_SYSTEM_PROCESSOR: x86_64
-- x86 detected
-- Configuring done (0.3s)
-- Generating done (0.1s)
-- Build files have been written to: /home/ggml/work/llama.cpp/build-ci-release

real	0m0.422s
user	0m0.313s
sys	0m0.094s
+ make -j
[  0%] Building CXX object common/CMakeFiles/build_info.dir/build-info.cpp.o
[  1%] Building C object CMakeFiles/ggml.dir/ggml-backend.c.o
[  2%] Building C object CMakeFiles/ggml.dir/ggml.c.o
[  2%] Building C object CMakeFiles/ggml.dir/ggml-alloc.c.o
[  3%] Building C object CMakeFiles/ggml.dir/ggml-quants.c.o
[  3%] Built target ggml
[  4%] Linking C static library libggml_static.a
[  5%] Building CXX object CMakeFiles/llama.dir/llama.cpp.o
[  6%] Building CXX object examples/gguf/CMakeFiles/gguf.dir/gguf.cpp.o
[  7%] Built target build_info
[  8%] Linking CXX executable ../../bin/gguf
[  8%] Linking CXX static library libllama.a
[  8%] Built target ggml_static
[  8%] Built target llama
[  9%] Building C object tests/CMakeFiles/test-c.dir/test-c.c.o
[ 11%] Building CXX object common/CMakeFiles/common.dir/common.cpp.o
[ 11%] Building CXX object examples/llava/CMakeFiles/llava.dir/llava.cpp.o
[ 12%] Building CXX object examples/llava/CMakeFiles/llava.dir/clip.cpp.o
[ 14%] Building CXX object examples/quantize/CMakeFiles/quantize.dir/quantize.cpp.o
[ 14%] Building CXX object examples/benchmark/CMakeFiles/benchmark.dir/benchmark-matmult.cpp.o
[ 15%] Building CXX object examples/quantize-stats/CMakeFiles/quantize-stats.dir/quantize-stats.cpp.o
[ 16%] Building CXX object common/CMakeFiles/common.dir/console.cpp.o
[ 17%] Building CXX object common/CMakeFiles/common.dir/sampling.cpp.o
[ 17%] Building CXX object common/CMakeFiles/common.dir/train.cpp.o
[ 18%] Linking CXX executable ../bin/test-c
[ 19%] Building CXX object common/CMakeFiles/common.dir/grammar-parser.cpp.o
[ 19%] Linking CXX executable ../../bin/quantize
[ 20%] Linking CXX executable ../../bin/benchmark
[ 21%] Linking CXX executable ../../bin/quantize-stats
[ 22%] Linking CXX static library libcommon.a
[ 22%] Built target llava
[ 23%] Linking CXX static library libllava_static.a
[ 23%] Built target gguf
[ 23%] Built target common
[ 23%] Built target test-c
[ 23%] Built target llava_static
[ 24%] Building CXX object tests/CMakeFiles/test-quantize-fns.dir/test-quantize-fns.cpp.o
[ 25%] Building CXX object tests/CMakeFiles/test-quantize-fns.dir/get-model.cpp.o
[ 26%] Building CXX object tests/CMakeFiles/test-quantize-perf.dir/get-model.cpp.o
[ 27%] Building CXX object tests/CMakeFiles/test-quantize-perf.dir/test-quantize-perf.cpp.o
[ 28%] Building CXX object tests/CMakeFiles/test-sampling.dir/test-sampling.cpp.o
[ 29%] Building CXX object tests/CMakeFiles/test-tokenizer-0-llama.dir/get-model.cpp.o
[ 30%] Building CXX object tests/CMakeFiles/test-tokenizer-1-llama.dir/test-tokenizer-1-llama.cpp.o
[ 31%] Building CXX object tests/CMakeFiles/test-tokenizer-1-llama.dir/get-model.cpp.o
[ 32%] Building CXX object tests/CMakeFiles/test-tokenizer-1-bpe.dir/get-model.cpp.o
[ 32%] Building CXX object tests/CMakeFiles/test-tokenizer-1-bpe.dir/test-tokenizer-1-bpe.cpp.o
[ 32%] Linking CXX executable ../bin/test-quantize-fns
[ 33%] Building CXX object tests/CMakeFiles/test-sampling.dir/get-model.cpp.o
[ 34%] Building CXX object tests/CMakeFiles/test-tokenizer-0-falcon.dir/test-tokenizer-0-falcon.cpp.o
[ 35%] Linking CXX executable ../bin/test-quantize-perf
[ 36%] Building CXX object tests/CMakeFiles/test-tokenizer-0-llama.dir/test-tokenizer-0-llama.cpp.o
[ 36%] Building CXX object tests/CMakeFiles/test-tokenizer-0-falcon.dir/get-model.cpp.o
[ 37%] Linking CXX executable ../bin/test-tokenizer-1-bpe
[ 38%] Building CXX object tests/CMakeFiles/test-grad0.dir/test-grad0.cpp.o
[ 39%] Linking CXX executable ../bin/test-sampling
[ 39%] Building CXX object tests/CMakeFiles/test-grammar-parser.dir/test-grammar-parser.cpp.o
[ 40%] Linking CXX executable ../bin/test-tokenizer-0-llama
[ 41%] Building CXX object tests/CMakeFiles/test-grammar-parser.dir/get-model.cpp.o
[ 42%] Building CXX object tests/CMakeFiles/test-llama-grammar.dir/get-model.cpp.o
[ 43%] Building CXX object tests/CMakeFiles/test-grad0.dir/get-model.cpp.o
[ 44%] Building CXX object tests/CMakeFiles/test-llama-grammar.dir/test-llama-grammar.cpp.o
[ 45%] Linking CXX executable ../bin/test-tokenizer-0-falcon
[ 46%] Linking CXX executable ../bin/test-tokenizer-1-llama
[ 47%] Building CXX object tests/CMakeFiles/test-backend-ops.dir/test-backend-ops.cpp.o
[ 48%] Building CXX object tests/CMakeFiles/test-backend-ops.dir/get-model.cpp.o
[ 49%] Linking CXX executable ../bin/test-grad0
[ 50%] Linking CXX executable ../bin/test-grammar-parser
[ 51%] Building CXX object tests/CMakeFiles/test-rope.dir/test-rope.cpp.o
[ 52%] Building CXX object tests/CMakeFiles/test-model-load-cancel.dir/test-model-load-cancel.cpp.o
[ 52%] Building CXX object tests/CMakeFiles/test-rope.dir/get-model.cpp.o
[ 52%] Built target benchmark
[ 52%] Built target quantize-stats
[ 53%] Building CXX object tests/CMakeFiles/test-model-load-cancel.dir/get-model.cpp.o
[ 53%] Linking CXX executable ../bin/test-backend-ops
[ 53%] Linking CXX executable ../bin/test-llama-grammar
[ 53%] Built target quantize
[ 54%] Linking CXX executable ../bin/test-rope
[ 54%] Built target test-quantize-perf
[ 54%] Building CXX object examples/baby-llama/CMakeFiles/baby-llama.dir/baby-llama.cpp.o
[ 55%] Linking CXX executable ../bin/test-model-load-cancel
[ 55%] Building CXX object tests/CMakeFiles/test-autorelease.dir/test-autorelease.cpp.o
[ 56%] Building CXX object examples/batched/CMakeFiles/batched.dir/batched.cpp.o
[ 57%] Building CXX object examples/batched-bench/CMakeFiles/batched-bench.dir/batched-bench.cpp.o
[ 58%] Building CXX object tests/CMakeFiles/test-autorelease.dir/get-model.cpp.o
[ 58%] Built target test-quantize-fns
[ 58%] Built target test-sampling
[ 59%] Linking CXX executable ../../bin/batched
[ 59%] Built target test-grad0
[ 59%] Linking CXX executable ../../bin/batched-bench
[ 59%] Built target test-tokenizer-1-bpe
[ 59%] Built target test-tokenizer-0-llama
[ 60%] Linking CXX executable ../bin/test-autorelease
[ 61%] Linking CXX executable ../../bin/baby-llama
[ 61%] Built target test-grammar-parser
[ 61%] Built target test-tokenizer-0-falcon
[ 62%] Building CXX object examples/convert-llama2c-to-ggml/CMakeFiles/convert-llama2c-to-ggml.dir/convert-llama2c-to-ggml.cpp.o
[ 63%] Building CXX object examples/beam-search/CMakeFiles/beam-search.dir/beam-search.cpp.o
[ 63%] Built target test-rope
[ 63%] Built target test-tokenizer-1-llama
[ 64%] Linking CXX executable ../../bin/convert-llama2c-to-ggml
[ 64%] Built target test-backend-ops
[ 65%] Linking CXX executable ../../bin/beam-search
[ 66%] Building CXX object examples/embedding/CMakeFiles/embedding.dir/embedding.cpp.o
[ 66%] Built target test-llama-grammar
[ 67%] Building CXX object examples/llava/CMakeFiles/llava-cli.dir/llava-cli.cpp.o
[ 68%] Linking CXX executable ../../bin/embedding
[ 69%] Building CXX object examples/finetune/CMakeFiles/finetune.dir/finetune.cpp.o
[ 70%] Building CXX object examples/main/CMakeFiles/main.dir/main.cpp.o
[ 70%] Built target batched-bench
[ 71%] Building CXX object examples/infill/CMakeFiles/infill.dir/infill.cpp.o
[ 71%] Building CXX object examples/tokenize/CMakeFiles/tokenize.dir/tokenize.cpp.o
[ 72%] Linking CXX executable ../../bin/finetune
[ 73%] Building CXX object examples/llama-bench/CMakeFiles/llama-bench.dir/llama-bench.cpp.o
[ 74%] Linking CXX executable ../../bin/infill
[ 75%] Building CXX object examples/parallel/CMakeFiles/parallel.dir/parallel.cpp.o
[ 76%] Linking CXX executable ../../bin/main
[ 76%] Linking CXX executable ../../bin/llava-cli
[ 77%] Linking CXX executable ../../bin/tokenize
[ 78%] Linking CXX executable ../../bin/llama-bench
[ 78%] Built target test-model-load-cancel
[ 78%] Built target test-autorelease
[ 78%] Built target batched
[ 78%] Built target baby-llama
[ 79%] Building CXX object examples/perplexity/CMakeFiles/perplexity.dir/perplexity.cpp.o
[ 80%] Linking CXX executable ../../bin/parallel
[ 80%] Built target convert-llama2c-to-ggml
[ 81%] Building CXX object examples/save-load-state/CMakeFiles/save-load-state.dir/save-load-state.cpp.o
[ 82%] Building CXX object examples/speculative/CMakeFiles/speculative.dir/speculative.cpp.o
[ 83%] Building CXX object examples/simple/CMakeFiles/simple.dir/simple.cpp.o
[ 84%] Building CXX object examples/passkey/CMakeFiles/passkey.dir/passkey.cpp.o
[ 85%] Linking CXX executable ../../bin/perplexity
[ 86%] Building CXX object examples/lookup/CMakeFiles/lookup.dir/lookup.cpp.o
[ 87%] Building CXX object examples/lookahead/CMakeFiles/lookahead.dir/lookahead.cpp.o
[ 87%] Built target beam-search
[ 87%] Built target embedding
[ 87%] Built target infill
[ 87%] Linking CXX executable ../../bin/lookup
[ 88%] Linking CXX executable ../../bin/simple
[ 89%] Building CXX object examples/train-text-from-scratch/CMakeFiles/train-text-from-scratch.dir/train-text-from-scratch.cpp.o
[ 89%] Linking CXX executable ../../bin/passkey
[ 89%] Building CXX object examples/imatrix/CMakeFiles/imatrix.dir/imatrix.cpp.o
[ 90%] Linking CXX executable ../../bin/save-load-state
[ 90%] Built target finetune
[ 90%] Building CXX object examples/server/CMakeFiles/server.dir/server.cpp.o
[ 91%] Linking CXX executable ../../bin/speculative
[ 91%] Built target llama-bench
[ 92%] Linking CXX executable ../../bin/imatrix
[ 92%] Built target main
[ 93%] Linking CXX executable ../../bin/train-text-from-scratch
[ 93%] Built target tokenize
[ 94%] Linking CXX executable ../../bin/lookahead
[ 94%] Built target llava-cli
[ 95%] Linking CXX executable ../../bin/server
[ 96%] Building CXX object pocs/vdot/CMakeFiles/q8dot.dir/q8dot.cpp.o
[ 96%] Building CXX object examples/export-lora/CMakeFiles/export-lora.dir/export-lora.cpp.o
[ 97%] Building CXX object pocs/vdot/CMakeFiles/vdot.dir/vdot.cpp.o
[ 98%] Linking CXX executable ../../bin/q8dot
[ 99%] Linking CXX executable ../../bin/export-lora
[100%] Linking CXX executable ../../bin/vdot
[100%] Built target parallel
[100%] Built target lookup
[100%] Built target simple
[100%] Built target passkey
[100%] Built target perplexity
[100%] Built target speculative
[100%] Built target save-load-state
[100%] Built target server
[100%] Built target train-text-from-scratch
[100%] Built target lookahead
[100%] Built target imatrix
[100%] Built target vdot
[100%] Built target q8dot
[100%] Built target export-lora

real	0m0.790s
user	0m4.461s
sys	0m1.258s
+ ctest --output-on-failure -L main
Test project /home/ggml/work/llama.cpp/build-ci-release
      Start  1: test-quantize-fns
 1/20 Test  #1: test-quantize-fns ...................   Passed    2.27 sec
      Start  2: test-quantize-perf
 2/20 Test  #2: test-quantize-perf ..................   Passed    0.17 sec
      Start  3: test-sampling
 3/20 Test  #3: test-sampling .......................   Passed    0.01 sec
      Start  4: test-tokenizer-0-llama
 4/20 Test  #4: test-tokenizer-0-llama ..............   Passed    0.03 sec
      Start  5: test-tokenizer-0-falcon
 5/20 Test  #5: test-tokenizer-0-falcon .............   Passed    0.18 sec
      Start  6: test-tokenizer-1-llama
 6/20 Test  #6: test-tokenizer-1-llama ..............   Passed    0.44 sec
      Start  7: test-tokenizer-1-baichuan
 7/20 Test  #7: test-tokenizer-1-baichuan ...........   Passed    0.48 sec
      Start  8: test-tokenizer-1-falcon
 8/20 Test  #8: test-tokenizer-1-falcon .............   Passed    0.76 sec
      Start  9: test-tokenizer-1-aquila
 9/20 Test  #9: test-tokenizer-1-aquila .............   Passed    1.14 sec
      Start 10: test-tokenizer-1-mpt
10/20 Test #10: test-tokenizer-1-mpt ................   Passed    0.62 sec
      Start 11: test-tokenizer-1-stablelm-3b-4e1t
11/20 Test #11: test-tokenizer-1-stablelm-3b-4e1t ...   Passed    0.62 sec
      Start 12: test-tokenizer-1-gpt-neox
12/20 Test #12: test-tokenizer-1-gpt-neox ...........   Passed    0.62 sec
      Start 13: test-tokenizer-1-refact
13/20 Test #13: test-tokenizer-1-refact .............   Passed    0.61 sec
      Start 14: test-tokenizer-1-starcoder
14/20 Test #14: test-tokenizer-1-starcoder ..........   Passed    0.61 sec
      Start 15: test-tokenizer-1-gpt2
15/20 Test #15: test-tokenizer-1-gpt2 ...............   Passed    0.62 sec
      Start 16: test-grammar-parser
16/20 Test #16: test-grammar-parser .................   Passed    0.00 sec
      Start 17: test-llama-grammar
17/20 Test #17: test-llama-grammar ..................   Passed    0.00 sec
      Start 18: test-grad0
18/20 Test #18: test-grad0 ..........................   Passed    2.31 sec
      Start 19: test-backend-ops
19/20 Test #19: test-backend-ops ....................   Passed   17.91 sec
      Start 20: test-rope
20/20 Test #20: test-rope ...........................   Passed    0.05 sec

100% tests passed, 0 tests failed out of 20

Label Time Summary:
main    =  29.47 sec*proc (20 tests)

Total Test time (real) =  29.48 sec

real	0m29.505s
user	0m41.696s
sys	0m8.059s
