+ ctest --output-on-failure -E test-opt
Test project /Users/ggml/work/ggml/build-ci-debug
      Start  1: test-quantize-fns
 1/20 Test  #1: test-quantize-fns ................   Passed   25.19 sec
      Start  2: test-quantize-perf
 2/20 Test  #2: test-quantize-perf ...............   Passed    0.32 sec
      Start  3: test-mul-mat0
 3/20 Test  #3: test-mul-mat0 ....................   Passed    0.39 sec
      Start  4: test-blas0
 4/20 Test  #4: test-blas0 .......................   Passed    0.19 sec
      Start  5: test-mul-mat2
 5/20 Test  #5: test-mul-mat2 ....................   Passed    3.02 sec
      Start  6: test0
 6/20 Test  #6: test0 ............................   Passed    0.17 sec
      Start  7: test-pool
 7/20 Test  #7: test-pool ........................   Passed    0.18 sec
      Start  8: test-arange
 8/20 Test  #8: test-arange ......................   Passed    0.28 sec
      Start  9: test-timestep_embedding
 9/20 Test  #9: test-timestep_embedding ..........   Passed    0.25 sec
      Start 10: test-pad-reflect-1d
10/20 Test #10: test-pad-reflect-1d ..............   Passed    0.17 sec
      Start 11: test-conv-transpose
11/20 Test #11: test-conv-transpose ..............   Passed    0.17 sec
      Start 12: test-conv-transpose-1d
12/20 Test #12: test-conv-transpose-1d ...........   Passed    0.38 sec
      Start 13: test-dup
13/20 Test #13: test-dup .........................   Passed    0.17 sec
      Start 14: test-rel-pos
14/20 Test #14: test-rel-pos .....................   Passed    0.17 sec
      Start 15: test-customop
15/20 Test #15: test-customop ....................   Passed    0.17 sec
      Start 16: test-conv1d
16/20 Test #16: test-conv1d ......................   Passed    0.24 sec
      Start 17: test-conv2d
17/20 Test #17: test-conv2d ......................   Passed    0.21 sec
      Start 18: test-mul-mat
18/20 Test #18: test-mul-mat .....................   Passed    0.23 sec
      Start 19: test-backend-ops
19/20 Test #19: test-backend-ops .................Subprocess aborted***Exception:  28.34 sec
register_backend: registered backend Metal (1 devices)
register_device: registered device Metal (Apple M4)
register_backend: registered backend BLAS (1 devices)
register_device: registered device BLAS (Accelerate)
register_backend: registered backend CPU (1 devices)
register_device: registered device CPU (Apple M4)
ggml_metal_init: allocating
ggml_metal_init: found device: Apple M4
ggml_metal_init: picking default device: Apple M4
ggml_metal_init: using embedded metal library
ggml_metal_init: GPU name:   Apple M4
ggml_metal_init: GPU family: MTLGPUFamilyApple9  (1009)
ggml_metal_init: GPU family: MTLGPUFamilyCommon3 (3003)
ggml_metal_init: GPU family: MTLGPUFamilyMetal3  (5001)
ggml_metal_init: simdgroup reduction   = true
ggml_metal_init: simdgroup matrix mul. = true
ggml_metal_init: has residency sets    = true
ggml_metal_init: has bfloat            = true
ggml_metal_init: use bfloat            = false
ggml_metal_init: hasUnifiedMemory      = true
ggml_metal_init: recommendedMaxWorkingSetSize  = 11453.25 MB
ggml_metal_init: loaded kernel_add                                    0x127604a50 | th_max = 1024 | th_width =   32
ggml_metal_init: loaded kernel_add_row                                0x127605160 | th_max = 1024 | th_width =   32
ggml_metal_init: loaded kernel_sub                                    0x127605710 | th_max = 1024 | th_width =   32
ggml_metal_init: loaded kernel_sub_row                                0x127605cc0 | th_max = 1024 | th_width =   32
ggml_metal_init: loaded kernel_mul                                    0x127606270 | th_max = 1024 | th_width =   32
ggml_metal_init: loaded kernel_mul_row                                0x127606820 | th_max = 1024 | th_width =   32
ggml_metal_init: loaded kernel_div                                    0x127606dd0 | th_max = 1024 | th_width =   32
ggml_metal_init: loaded kernel_div_row                                0x127607380 | th_max = 1024 | th_width =   32
ggml_metal_init: loaded kernel_repeat_f32                             0x127607930 | th_max = 1024 | th_width =   32
ggml_metal_init: loaded kernel_repeat_f16                             0x127607e30 | th_max = 1024 | th_width =   32
ggml_metal_init: loaded kernel_repeat_i32                             0x127608330 | th_max = 1024 | th_width =   32
ggml_metal_init: loaded kernel_repeat_i16                             0x127608830 | th_max = 1024 | th_width =   32
ggml_metal_init: loaded kernel_scale                                  0x127609350 | th_max = 1024 | th_width =   32
ggml_metal_init: loaded kernel_scale_4                                0x127609b00 | th_max = 1024 | th_width =   32
ggml_metal_init: loaded kernel_clamp                                  0x12760a310 | th_max = 1024 | th_width =   32
ggml_metal_init: loaded kernel_tanh                                   0x12760aa30 | th_max = 1024 | th_width =   32
ggml_metal_init: loaded kernel_relu                                   0x12760b150 | th_max = 1024 | th_width =   32
ggml_metal_init: loaded kernel_sigmoid                                0x12760b870 | th_max = 1024 | th_width =   32
ggml_metal_init: loaded kernel_gelu                                   0x12760bf90 | th_max = 1024 | th_width =   32
ggml_metal_init: loaded kernel_gelu_4                                 0x12760c760 | th_max = 1024 | th_width =   32
ggml_metal_init: loaded kernel_gelu_quick                             0x12760ce80 | th_max = 1024 | th_width =   32
ggml_metal_init: loaded kernel_gelu_quick_4                           0x12760d5a0 | th_max = 1024 | th_width =   32
ggml_metal_init: loaded kernel_silu                                   0x12760dcc0 | th_max = 1024 | th_width =   32
ggml_metal_init: loaded kernel_silu_4                                 0x12760e560 | th_max = 1024 | th_width =   32
ggml_metal_init: loaded kernel_elu                                    0x12760ec80 | th_max = 1024 | th_width =   32
ggml_metal_init: loaded kernel_soft_max_f16                           0x12760ef40 | th_max = 1024 | th_width =   32
ggml_metal_init: loaded kernel_soft_max_f16_4                         0x12760f550 | th_max = 1024 | th_width =   32
ggml_metal_init: loaded kernel_soft_max_f32                           0x1276101c0 | th_max = 1024 | th_width =   32
ggml_metal_init: loaded kernel_soft_max_f32_4                         0x127610700 | th_max = 1024 | th_width =   32
ggml_metal_init: loaded kernel_diag_mask_inf                          0x1276109c0 | th_max = 1024 | th_width =   32
ggml_metal_init: loaded kernel_diag_mask_inf_8                        0x127610e60 | th_max = 1024 | th_width =   32
ggml_metal_init: loaded kernel_get_rows_f32                           0x127611120 | th_max = 1024 | th_width =   32
ggml_metal_init: loaded kernel_get_rows_f16                           0x1276119b0 | th_max = 1024 | th_width =   32
ggml_metal_init: skipping kernel_get_rows_bf16                     (not supported)
ggml_metal_init: loaded kernel_get_rows_q4_0                          0x127611c70 | th_max = 1024 | th_width =   32
ggml_metal_init: loaded kernel_get_rows_q4_1                          0x127612110 | th_max = 1024 | th_width =   32
ggml_metal_init: loaded kernel_get_rows_q5_0                          0x1276125b0 | th_max = 1024 | th_width =   32
ggml_metal_init: loaded kernel_get_rows_q5_1                          0x127612a50 | th_max = 1024 | th_width =   32
ggml_metal_init: loaded kernel_get_rows_q8_0                          0x127612ef0 | th_max = 1024 | th_width =   32
ggml_metal_init: loaded kernel_get_rows_q2_K                          0x127613390 | th_max = 1024 | th_width =   32
ggml_metal_init: loaded kernel_get_rows_q3_K                          0x127613830 | th_max = 1024 | th_width =   32
ggml_metal_init: loaded kernel_get_rows_q4_K                          0x127613cd0 | th_max = 1024 | th_width =   32
ggml_metal_init: loaded kernel_get_rows_q5_K                          0x127614170 | th_max = 1024 | th_width =   32
ggml_metal_init: loaded kernel_get_rows_q6_K                          0x127614610 | th_max = 1024 | th_width =   32
ggml_metal_init: loaded kernel_get_rows_iq2_xxs                       0x1276148d0 | th_max = 1024 | th_width =   32
ggml_metal_init: loaded kernel_get_rows_iq2_xs                        0x127614ee0 | th_max = 1024 | th_width =   32
ggml_metal_init: loaded kernel_get_rows_iq3_xxs                       0x1276154f0 | th_max = 1024 | th_width =   32
ggml_metal_init: loaded kernel_get_rows_iq3_s                         0x127615b00 | th_max = 1024 | th_width =   32
ggml_metal_init: loaded kernel_get_rows_iq2_s                         0x127616420 | th_max = 1024 | th_width =   32
ggml_metal_init: loaded kernel_get_rows_iq1_s                         0x127616a30 | th_max = 1024 | th_width =   32
ggml_metal_init: loaded kernel_get_rows_iq1_m                         0x127617040 | th_max = 1024 | th_width =   32
ggml_metal_init: loaded kernel_get_rows_iq4_nl                        0x127617650 | th_max = 1024 | th_width =   32
ggml_metal_init: loaded kernel_get_rows_iq4_xs                        0x127617c60 | th_max = 1024 | th_width =   32
ggml_metal_init: loaded kernel_get_rows_i32                           0x127618270 | th_max = 1024 | th_width =   32
ggml_metal_init: loaded kernel_rms_norm                               0x127618a60 | th_max = 1024 | th_width =   32
ggml_metal_init: loaded kernel_group_norm                             0x127618f00 | th_max = 1024 | th_width =   32
ggml_metal_init: loaded kernel_norm                                   0x1276193a0 | th_max = 1024 | th_width =   32
ggml_metal_init: loaded kernel_ssm_conv_f32                           0x127619660 | th_max = 1024 | th_width =   32
ggml_metal_init: loaded kernel_ssm_scan_f32                           0x127619c70 | th_max = 1024 | th_width =   32
ggml_metal_init: loaded kernel_mul_mv_f32_f32                         0x12761a460 | th_max = 1024 | th_width =   32
ggml_metal_init: skipping kernel_mul_mv_bf16_f32                   (not supported)
ggml_metal_init: skipping kernel_mul_mv_bf16_f32_1row              (not supported)
ggml_metal_init: skipping kernel_mul_mv_bf16_f32_l4                (not supported)
ggml_metal_init: skipping kernel_mul_mv_bf16_bf16                  (not supported)
ggml_metal_init: loaded kernel_mul_mv_f16_f32                         0x12761a900 | th_max = 1024 | th_width =   32
ggml_metal_init: loaded kernel_mul_mv_f16_f32_1row                    0x12761abc0 | th_max = 1024 | th_width =   32
ggml_metal_init: loaded kernel_mul_mv_f16_f32_l4                      0x12761b060 | th_max = 1024 | th_width =   32
ggml_metal_init: loaded kernel_mul_mv_f16_f16                         0x12761b500 | th_max = 1024 | th_width =   32
ggml_metal_init: loaded kernel_mul_mv_q4_0_f32                        0x12761b9a0 | th_max = 1024 | th_width =   32
ggml_metal_init: loaded kernel_mul_mv_q4_1_f32                        0x12761be40 | th_max = 1024 | th_width =   32
ggml_metal_init: loaded kernel_mul_mv_q5_0_f32                        0x12761c2e0 | th_max = 1024 | th_width =   32
ggml_metal_init: loaded kernel_mul_mv_q5_1_f32                        0x12761c780 | th_max = 1024 | th_width =   32
ggml_metal_init: loaded kernel_mul_mv_q8_0_f32                        0x12761cc20 | th_max = 1024 | th_width =   32
ggml_metal_init: loaded kernel_mul_mv_ext_f16_f32_r1_2                0x12761d170 | th_max = 1024 | th_width =   32
ggml_metal_init: loaded kernel_mul_mv_ext_f16_f32_r1_3                0x12761d6c0 | th_max = 1024 | th_width =   32
ggml_metal_init: loaded kernel_mul_mv_ext_f16_f32_r1_4                0x12761dc10 | th_max = 1024 | th_width =   32
ggml_metal_init: loaded kernel_mul_mv_ext_f16_f32_r1_5                0x12761e160 | th_max = 1024 | th_width =   32
ggml_metal_init: loaded kernel_mul_mv_ext_q4_0_f32_r1_2               0x12761e6b0 | th_max = 1024 | th_width =   32
ggml_metal_init: loaded kernel_mul_mv_ext_q4_0_f32_r1_3               0x12761ec00 | th_max = 1024 | th_width =   32
ggml_metal_init: loaded kernel_mul_mv_ext_q4_0_f32_r1_4               0x12761f150 | th_max = 1024 | th_width =   32
ggml_metal_init: loaded kernel_mul_mv_ext_q4_0_f32_r1_5               0x12761f6a0 | th_max = 1024 | th_width =   32
ggml_metal_init: loaded kernel_mul_mv_ext_q4_1_f32_r1_2               0x12761fbf0 | th_max = 1024 | th_width =   32
ggml_metal_init: loaded kernel_mul_mv_ext_q4_1_f32_r1_3               0x127620140 | th_max = 1024 | th_width =   32
ggml_metal_init: loaded kernel_mul_mv_ext_q4_1_f32_r1_4               0x127620690 | th_max = 1024 | th_width =   32
ggml_metal_init: loaded kernel_mul_mv_ext_q4_1_f32_r1_5               0x127620be0 | th_max = 1024 | th_width =   32
ggml_metal_init: loaded kernel_mul_mv_ext_q5_0_f32_r1_2               0x127621130 | th_max = 1024 | th_width =   32
ggml_metal_init: loaded kernel_mul_mv_ext_q5_0_f32_r1_3               0x127621680 | th_max = 1024 | th_width =   32
ggml_metal_init: loaded kernel_mul_mv_ext_q5_0_f32_r1_4               0x127621bd0 | th_max = 1024 | th_width =   32
ggml_metal_init: loaded kernel_mul_mv_ext_q5_0_f32_r1_5               0x127622120 | th_max = 1024 | th_width =   32
ggml_metal_init: loaded kernel_mul_mv_ext_q5_1_f32_r1_2               0x127622670 | th_max = 1024 | th_width =   32
ggml_metal_init: loaded kernel_mul_mv_ext_q5_1_f32_r1_3               0x127622bc0 | th_max = 1024 | th_width =   32
ggml_metal_init: loaded kernel_mul_mv_ext_q5_1_f32_r1_4               0x127623110 | th_max = 1024 | th_width =   32
ggml_metal_init: loaded kernel_mul_mv_ext_q5_1_f32_r1_5               0x127623660 | th_max = 1024 | th_width =   32
ggml_metal_init: loaded kernel_mul_mv_ext_q8_0_f32_r1_2               0x127623bb0 | th_max = 1024 | th_width =   32
ggml_metal_init: loaded kernel_mul_mv_ext_q8_0_f32_r1_3               0x127624100 | th_max = 1024 | th_width =   32
ggml_metal_init: loaded kernel_mul_mv_ext_q8_0_f32_r1_4               0x127624650 | th_max = 1024 | th_width =   32
ggml_metal_init: loaded kernel_mul_mv_ext_q8_0_f32_r1_5               0x127624ba0 | th_max = 1024 | th_width =   32
ggml_metal_init: loaded kernel_mul_mv_ext_q4_K_f32_r1_2               0x1276250f0 | th_max = 1024 | th_width =   32
ggml_metal_init: loaded kernel_mul_mv_ext_q4_K_f32_r1_3               0x127625640 | th_max = 1024 | th_width =   32
ggml_metal_init: loaded kernel_mul_mv_ext_q4_K_f32_r1_4               0x127625b90 | th_max = 1024 | th_width =   32
ggml_metal_init: loaded kernel_mul_mv_ext_q4_K_f32_r1_5               0x1276260e0 | th_max = 1024 | th_width =   32
ggml_metal_init: loaded kernel_mul_mv_ext_q5_K_f32_r1_2               0x127626630 | th_max = 1024 | th_width =   32
ggml_metal_init: loaded kernel_mul_mv_ext_q5_K_f32_r1_3               0x127616110 | th_max = 1024 | th_width =   32
ggml_metal_init: loaded kernel_mul_mv_ext_q5_K_f32_r1_4               0x127626aa0 | th_max = 1024 | th_width =   32
ggml_metal_init: loaded kernel_mul_mv_ext_q5_K_f32_r1_5               0x127627250 | th_max = 1024 | th_width =   32
ggml_metal_init: loaded kernel_mul_mv_ext_q6_K_f32_r1_2               0x1276277a0 | th_max = 1024 | th_width =   32
ggml_metal_init: loaded kernel_mul_mv_ext_q6_K_f32_r1_3               0x127627cf0 | th_max = 1024 | th_width =   32
ggml_metal_init: loaded kernel_mul_mv_ext_q6_K_f32_r1_4               0x127628240 | th_max = 1024 | th_width =   32
ggml_metal_init: loaded kernel_mul_mv_ext_q6_K_f32_r1_5               0x127628790 | th_max = 1024 | th_width =   32
ggml_metal_init: loaded kernel_mul_mv_ext_iq4_nl_f32_r1_2             0x127628ce0 | th_max = 1024 | th_width =   32
ggml_metal_init: loaded kernel_mul_mv_ext_iq4_nl_f32_r1_3             0x127629230 | th_max = 1024 | th_width =   32
ggml_metal_init: loaded kernel_mul_mv_ext_iq4_nl_f32_r1_4             0x127629780 | th_max = 1024 | th_width =   32
ggml_metal_init: loaded kernel_mul_mv_ext_iq4_nl_f32_r1_5             0x127629cd0 | th_max = 1024 | th_width =   32
ggml_metal_init: loaded kernel_mul_mv_q2_K_f32                        0x12762a170 | th_max = 1024 | th_width =   32
ggml_metal_init: loaded kernel_mul_mv_q3_K_f32                        0x12762a610 | th_max = 1024 | th_width =   32
ggml_metal_init: loaded kernel_mul_mv_q4_K_f32                        0x12762aab0 | th_max = 1024 | th_width =   32
ggml_metal_init: loaded kernel_mul_mv_q5_K_f32                        0x12762af50 | th_max = 1024 | th_width =   32
ggml_metal_init: loaded kernel_mul_mv_q6_K_f32                        0x12762b3f0 | th_max = 1024 | th_width =   32
ggml_metal_init: loaded kernel_mul_mv_iq2_xxs_f32                     0x12762b890 | th_max = 1024 | th_width =   32
ggml_metal_init: loaded kernel_mul_mv_iq2_xs_f32                      0x12762bd30 | th_max = 1024 | th_width =   32
ggml_metal_init: loaded kernel_mul_mv_iq3_xxs_f32                     0x12762c1d0 | th_max = 1024 | th_width =   32
ggml_metal_init: loaded kernel_mul_mv_iq3_s_f32                       0x12762c670 | th_max = 1024 | th_width =   32
ggml_metal_init: loaded kernel_mul_mv_iq2_s_f32                       0x12762cb10 | th_max = 1024 | th_width =   32
ggml_metal_init: loaded kernel_mul_mv_iq1_s_f32                       0x12762cfb0 | th_max = 1024 | th_width =   32
ggml_metal_init: loaded kernel_mul_mv_iq1_m_f32                       0x12762d450 | th_max = 1024 | th_width =   32
ggml_metal_init: loaded kernel_mul_mv_iq4_nl_f32                      0x12762d8f0 | th_max = 1024 | th_width =   32
ggml_metal_init: loaded kernel_mul_mv_iq4_xs_f32                      0x12762dd90 | th_max = 1024 | th_width =   32
ggml_metal_init: loaded kernel_mul_mv_id_f32_f32                      0x12762e230 | th_max = 1024 | th_width =   32
ggml_metal_init: loaded kernel_mul_mv_id_f16_f32                      0x12762e6d0 | th_max = 1024 | th_width =   32
ggml_metal_init: skipping kernel_mul_mv_id_bf16_f32                (not supported)
ggml_metal_init: loaded kernel_mul_mv_id_q4_0_f32                     0x12762eb70 | th_max = 1024 | th_width =   32
ggml_metal_init: loaded kernel_mul_mv_id_q4_1_f32                     0x12762f010 | th_max = 1024 | th_width =   32
ggml_metal_init: loaded kernel_mul_mv_id_q5_0_f32                     0x12762f4b0 | th_max = 1024 | th_width =   32
ggml_metal_init: loaded kernel_mul_mv_id_q5_1_f32                     0x12762f950 | th_max = 1024 | th_width =   32
ggml_metal_init: loaded kernel_mul_mv_id_q8_0_f32                     0x12762fdf0 | th_max = 1024 | th_width =   32
ggml_metal_init: loaded kernel_mul_mv_id_q2_K_f32                     0x127630290 | th_max = 1024 | th_width =   32
ggml_metal_init: loaded kernel_mul_mv_id_q3_K_f32                     0x127630730 | th_max = 1024 | th_width =   32
ggml_metal_init: loaded kernel_mul_mv_id_q4_K_f32                     0x127630bd0 | th_max = 1024 | th_width =   32
ggml_metal_init: loaded kernel_mul_mv_id_q5_K_f32                     0x127631070 | th_max = 1024 | th_width =   32
ggml_metal_init: loaded kernel_mul_mv_id_q6_K_f32                     0x127631510 | th_max = 1024 | th_width =   32
ggml_metal_init: loaded kernel_mul_mv_id_iq2_xxs_f32                  0x1276319b0 | th_max = 1024 | th_width =   32
ggml_metal_init: loaded kernel_mul_mv_id_iq2_xs_f32                   0x127631e50 | th_max = 1024 | th_width =   32
ggml_metal_init: loaded kernel_mul_mv_id_iq3_xxs_f32                  0x1276322f0 | th_max = 1024 | th_width =   32
ggml_metal_init: loaded kernel_mul_mv_id_iq3_s_f32                    0x127632790 | th_max = 1024 | th_width =   32
ggml_metal_init: loaded kernel_mul_mv_id_iq2_s_f32                    0x127632c30 | th_max = 1024 | th_width =   32
ggml_metal_init: loaded kernel_mul_mv_id_iq1_s_f32                    0x1276330d0 | th_max = 1024 | th_width =   32
ggml_metal_init: loaded kernel_mul_mv_id_iq1_m_f32                    0x127633570 | th_max = 1024 | th_width =   32
ggml_metal_init: loaded kernel_mul_mv_id_iq4_nl_f32                   0x127633a10 | th_max = 1024 | th_width =   32
ggml_metal_init: loaded kernel_mul_mv_id_iq4_xs_f32                   0x127633eb0 | th_max = 1024 | th_width =   32
ggml_metal_init: loaded kernel_mul_mm_f32_f32                         0x127634350 | th_max = 1024 | th_width =   32
ggml_metal_init: loaded kernel_mul_mm_f16_f32                         0x1276347f0 | th_max = 1024 | th_width =   32
ggml_metal_init: skipping kernel_mul_mm_bf16_f32                   (not supported)
ggml_metal_init: loaded kernel_mul_mm_q4_0_f32                        0x127634c90 | th_max = 1024 | th_width =   32
ggml_metal_init: loaded kernel_mul_mm_q4_1_f32                        0x127635130 | th_max = 1024 | th_width =   32
ggml_metal_init: loaded kernel_mul_mm_q5_0_f32                        0x1276355d0 | th_max = 1024 | th_width =   32
ggml_metal_init: loaded kernel_mul_mm_q5_1_f32                        0x127635a70 | th_max = 1024 | th_width =   32
ggml_metal_init: loaded kernel_mul_mm_q8_0_f32                        0x127635f10 | th_max = 1024 | th_width =   32
ggml_metal_init: loaded kernel_mul_mm_q2_K_f32                        0x1276363b0 | th_max = 1024 | th_width =   32
ggml_metal_init: loaded kernel_mul_mm_q3_K_f32                        0x127636850 | th_max = 1024 | th_width =   32
ggml_metal_init: loaded kernel_mul_mm_q4_K_f32                        0x127636cf0 | th_max = 1024 | th_width =   32
ggml_metal_init: loaded kernel_mul_mm_q5_K_f32                        0x127637190 | th_max = 1024 | th_width =   32
ggml_metal_init: loaded kernel_mul_mm_q6_K_f32                        0x127637630 | th_max = 1024 | th_width =   32
ggml_metal_init: loaded kernel_mul_mm_iq2_xxs_f32                     0x127637ad0 | th_max = 1024 | th_width =   32
ggml_metal_init: loaded kernel_mul_mm_iq2_xs_f32                      0x127637f70 | th_max = 1024 | th_width =   32
ggml_metal_init: loaded kernel_mul_mm_iq3_xxs_f32                     0x127638410 | th_max = 1024 | th_width =   32
ggml_metal_init: loaded kernel_mul_mm_iq3_s_f32                       0x1276388b0 | th_max = 1024 | th_width =   32
ggml_metal_init: loaded kernel_mul_mm_iq2_s_f32                       0x127638d50 | th_max = 1024 | th_width =   32
ggml_metal_init: loaded kernel_mul_mm_iq1_s_f32                       0x1276391f0 | th_max = 1024 | th_width =   32
ggml_metal_init: loaded kernel_mul_mm_iq1_m_f32                       0x127639690 | th_max = 1024 | th_width =   32
ggml_metal_init: loaded kernel_mul_mm_iq4_nl_f32                      0x127639b30 | th_max = 1024 | th_width =   32
ggml_metal_init: loaded kernel_mul_mm_iq4_xs_f32                      0x127639fd0 | th_max = 1024 | th_width =   32
ggml_metal_init: loaded kernel_mul_mm_id_f32_f32                      0x12763a470 | th_max = 1024 | th_width =   32
ggml_metal_init: loaded kernel_mul_mm_id_f16_f32                      0x12763a910 | th_max = 1024 | th_width =   32
ggml_metal_init: skipping kernel_mul_mm_id_bf16_f32                (not supported)
ggml_metal_init: loaded kernel_mul_mm_id_q4_0_f32                     0x12763adb0 | th_max = 1024 | th_width =   32
ggml_metal_init: loaded kernel_mul_mm_id_q4_1_f32                     0x12763b250 | th_max = 1024 | th_width =   32
ggml_metal_init: loaded kernel_mul_mm_id_q5_0_f32                     0x12763b6f0 | th_max = 1024 | th_width =   32
ggml_metal_init: loaded kernel_mul_mm_id_q5_1_f32                     0x12763bb90 | th_max = 1024 | th_width =   32
ggml_metal_init: loaded kernel_mul_mm_id_q8_0_f32                     0x12763c030 | th_max = 1024 | th_width =   32
ggml_metal_init: loaded kernel_mul_mm_id_q2_K_f32                     0x12763c4d0 | th_max = 1024 | th_width =   32
ggml_metal_init: loaded kernel_mul_mm_id_q3_K_f32                     0x12763c970 | th_max = 1024 | th_width =   32
ggml_metal_init: loaded kernel_mul_mm_id_q4_K_f32                     0x12763ce10 | th_max = 1024 | th_width =   32
ggml_metal_init: loaded kernel_mul_mm_id_q5_K_f32                     0x12763d2b0 | th_max = 1024 | th_width =   32
ggml_metal_init: loaded kernel_mul_mm_id_q6_K_f32                     0x12763d750 | th_max = 1024 | th_width =   32
ggml_metal_init: loaded kernel_mul_mm_id_iq2_xxs_f32                  0x12763dbf0 | th_max = 1024 | th_width =   32
ggml_metal_init: loaded kernel_mul_mm_id_iq2_xs_f32                   0x12763e090 | th_max = 1024 | th_width =   32
ggml_metal_init: loaded kernel_mul_mm_id_iq3_xxs_f32                  0x12763e530 | th_max = 1024 | th_width =   32
ggml_metal_init: loaded kernel_mul_mm_id_iq3_s_f32                    0x12763e9d0 | th_max = 1024 | th_width =   32
ggml_metal_init: loaded kernel_mul_mm_id_iq2_s_f32                    0x12763ee70 | th_max = 1024 | th_width =   32
ggml_metal_init: loaded kernel_mul_mm_id_iq1_s_f32                    0x12763f310 | th_max = 1024 | th_width =   32
ggml_metal_init: loaded kernel_mul_mm_id_iq1_m_f32                    0x12763f7b0 | th_max = 1024 | th_width =   32
ggml_metal_init: loaded kernel_mul_mm_id_iq4_nl_f32                   0x12763fc50 | th_max = 1024 | th_width =   32
ggml_metal_init: loaded kernel_mul_mm_id_iq4_xs_f32                   0x1276400f0 | th_max = 1024 | th_width =   32
ggml_metal_init: loaded kernel_rope_norm_f32                          0x127640640 | th_max = 1024 | th_width =   32
ggml_metal_init: loaded kernel_rope_norm_f16                          0x127640b90 | th_max = 1024 | th_width =   32
ggml_metal_init: loaded kernel_rope_neox_f32                          0x1276410e0 | th_max = 1024 | th_width =   32
ggml_metal_init: loaded kernel_rope_neox_f16                          0x127641630 | th_max = 1024 | th_width =   32
ggml_metal_init: loaded kernel_im2col_f16                             0x1276418f0 | th_max = 1024 | th_width =   32
ggml_metal_init: loaded kernel_im2col_f32                             0x127641f00 | th_max = 1024 | th_width =   32
ggml_metal_init: loaded kernel_im2col_ext_f16                         0x127642510 | th_max = 1024 | th_width =   32
ggml_metal_init: loaded kernel_im2col_ext_f32                         0x127642b20 | th_max = 1024 | th_width =   32
ggml_metal_init: loaded kernel_conv_transpose_1d_f32_f32              0x127643310 | th_max = 1024 | th_width =   32
ggml_metal_init: loaded kernel_conv_transpose_1d_f16_f32              0x1276437b0 | th_max = 1024 | th_width =   32
ggml_metal_init: loaded kernel_upscale_f32                            0x127643a70 | th_max = 1024 | th_width =   32
ggml_metal_init: loaded kernel_pad_f32                                0x127644080 | th_max = 1024 | th_width =   32
ggml_metal_init: loaded kernel_pad_reflect_1d_f32                     0x127644690 | th_max = 1024 | th_width =   32
ggml_metal_init: loaded kernel_timestep_embedding_f32                 0x127644e80 | th_max = 1024 | th_width =   32
ggml_metal_init: loaded kernel_arange_f32                             0x127645320 | th_max = 1024 | th_width =   32
ggml_metal_init: loaded kernel_argsort_f32_i32_asc                    0x1276457c0 | th_max = 1024 | th_width =   32
ggml_metal_init: loaded kernel_argsort_f32_i32_desc                   0x127645c60 | th_max = 1024 | th_width =   32
ggml_metal_init: loaded kernel_leaky_relu_f32                         0x127646410 | th_max = 1024 | th_width =   32
ggml_metal_init: loaded kernel_flash_attn_ext_f16_h64                 0x127646960 | th_max = 1024 | th_width =   32
ggml_metal_init: loaded kernel_flash_attn_ext_f16_h80                 0x127646eb0 | th_max = 1024 | th_width =   32
ggml_metal_init: loaded kernel_flash_attn_ext_f16_h96                 0x127647400 | th_max = 1024 | th_width =   32
ggml_metal_init: loaded kernel_flash_attn_ext_f16_h112                0x127647950 | th_max = 1024 | th_width =   32
ggml_metal_init: loaded kernel_flash_attn_ext_f16_h128                0x127647ea0 | th_max = 1024 | th_width =   32
ggml_metal_init: loaded kernel_flash_attn_ext_f16_h256                0x1276483f0 | th_max = 1024 | th_width =   32
ggml_metal_init: skipping kernel_flash_attn_ext_bf16_h64           (not supported)
ggml_metal_init: skipping kernel_flash_attn_ext_bf16_h80           (not supported)
ggml_metal_init: skipping kernel_flash_attn_ext_bf16_h96           (not supported)
ggml_metal_init: skipping kernel_flash_attn_ext_bf16_h112          (not supported)
ggml_metal_init: skipping kernel_flash_attn_ext_bf16_h128          (not supported)
ggml_metal_init: skipping kernel_flash_attn_ext_bf16_h256          (not supported)
ggml_metal_init: loaded kernel_flash_attn_ext_q4_0_h64                0x127648940 | th_max = 1024 | th_width =   32
ggml_metal_init: loaded kernel_flash_attn_ext_q4_0_h80                0x127648e90 | th_max = 1024 | th_width =   32
ggml_metal_init: loaded kernel_flash_attn_ext_q4_0_h96                0x1276493e0 | th_max = 1024 | th_width =   32
ggml_metal_init: loaded kernel_flash_attn_ext_q4_0_h112               0x127649930 | th_max = 1024 | th_width =   32
ggml_metal_init: loaded kernel_flash_attn_ext_q4_0_h128               0x127649e80 | th_max = 1024 | th_width =   32
ggml_metal_init: loaded kernel_flash_attn_ext_q4_0_h256               0x12764a3d0 | th_max = 1024 | th_width =   32
ggml_metal_init: loaded kernel_flash_attn_ext_q4_1_h64                0x12764a920 | th_max = 1024 | th_width =   32
ggml_metal_init: loaded kernel_flash_attn_ext_q4_1_h80                0x12764ae70 | th_max = 1024 | th_width =   32
ggml_metal_init: loaded kernel_flash_attn_ext_q4_1_h96                0x12764b3c0 | th_max = 1024 | th_width =   32
ggml_metal_init: loaded kernel_flash_attn_ext_q4_1_h112               0x12764b910 | th_max = 1024 | th_width =   32
ggml_metal_init: loaded kernel_flash_attn_ext_q4_1_h128               0x12764be60 | th_max = 1024 | th_width =   32
ggml_metal_init: loaded kernel_flash_attn_ext_q4_1_h256               0x12764c3b0 | th_max = 1024 | th_width =   32
ggml_metal_init: loaded kernel_flash_attn_ext_q5_0_h64                0x12764c900 | th_max = 1024 | th_width =   32
ggml_metal_init: loaded kernel_flash_attn_ext_q5_0_h80                0x12764ce50 | th_max = 1024 | th_width =   32
ggml_metal_init: loaded kernel_flash_attn_ext_q5_0_h96                0x12764d3a0 | th_max = 1024 | th_width =   32
ggml_metal_init: loaded kernel_flash_attn_ext_q5_0_h112               0x12764d8f0 | th_max = 1024 | th_width =   32
ggml_metal_init: loaded kernel_flash_attn_ext_q5_0_h128               0x12764de40 | th_max = 1024 | th_width =   32
ggml_metal_init: loaded kernel_flash_attn_ext_q5_0_h256               0x12764e390 | th_max = 1024 | th_width =   32
ggml_metal_init: loaded kernel_flash_attn_ext_q5_1_h64                0x12764e8e0 | th_max = 1024 | th_width =   32
ggml_metal_init: loaded kernel_flash_attn_ext_q5_1_h80                0x12764ee30 | th_max = 1024 | th_width =   32
ggml_metal_init: loaded kernel_flash_attn_ext_q5_1_h96                0x12764f380 | th_max = 1024 | th_width =   32
ggml_metal_init: loaded kernel_flash_attn_ext_q5_1_h112               0x12764f8d0 | th_max = 1024 | th_width =   32
ggml_metal_init: loaded kernel_flash_attn_ext_q5_1_h128               0x12764fe20 | th_max = 1024 | th_width =   32
ggml_metal_init: loaded kernel_flash_attn_ext_q5_1_h256               0x127650370 | th_max = 1024 | th_width =   32
ggml_metal_init: loaded kernel_flash_attn_ext_q8_0_h64                0x1276508c0 | th_max = 1024 | th_width =   32
ggml_metal_init: loaded kernel_flash_attn_ext_q8_0_h80                0x127650e10 | th_max = 1024 | th_width =   32
ggml_metal_init: loaded kernel_flash_attn_ext_q8_0_h96                0x127651360 | th_max = 1024 | th_width =   32
ggml_metal_init: loaded kernel_flash_attn_ext_q8_0_h112               0x1276518b0 | th_max = 1024 | th_width =   32
ggml_metal_init: loaded kernel_flash_attn_ext_q8_0_h128               0x127651e00 | th_max = 1024 | th_width =   32
ggml_metal_init: loaded kernel_flash_attn_ext_q8_0_h256               0x127652350 | th_max = 1024 | th_width =   32
ggml_metal_init: loaded kernel_flash_attn_ext_vec_f16_h128            0x1276528a0 | th_max = 1024 | th_width =   32
ggml_metal_init: skipping kernel_flash_attn_ext_vec_bf16_h128      (not supported)
ggml_metal_init: loaded kernel_flash_attn_ext_vec_q4_0_h128           0x127652df0 | th_max = 1024 | th_width =   32
ggml_metal_init: loaded kernel_flash_attn_ext_vec_q4_1_h128           0x127653340 | th_max = 1024 | th_width =   32
ggml_metal_init: loaded kernel_flash_attn_ext_vec_q5_0_h128           0x127653890 | th_max = 1024 | th_width =   32
ggml_metal_init: loaded kernel_flash_attn_ext_vec_q5_1_h128           0x127653de0 | th_max = 1024 | th_width =   32
ggml_metal_init: loaded kernel_flash_attn_ext_vec_q8_0_h128           0x127654330 | th_max = 1024 | th_width =   32
ggml_metal_init: loaded kernel_flash_attn_ext_vec_f16_h256            0x127654880 | th_max = 1024 | th_width =   32
ggml_metal_init: skipping kernel_flash_attn_ext_vec_bf16_h256      (not supported)
ggml_metal_init: loaded kernel_flash_attn_ext_vec_q4_0_h256           0x127654dd0 | th_max = 1024 | th_width =   32
ggml_metal_init: loaded kernel_flash_attn_ext_vec_q4_1_h256           0x127655320 | th_max = 1024 | th_width =   32
ggml_metal_init: loaded kernel_flash_attn_ext_vec_q5_0_h256           0x127655870 | th_max = 1024 | th_width =   32
ggml_metal_init: loaded kernel_flash_attn_ext_vec_q5_1_h256           0x127655dc0 | th_max = 1024 | th_width =   32
ggml_metal_init: loaded kernel_flash_attn_ext_vec_q8_0_h256           0x127656310 | th_max = 1024 | th_width =   32
ggml_metal_init: loaded kernel_set_f32                                0x1276567b0 | th_max = 1024 | th_width =   32
ggml_metal_init: loaded kernel_set_i32                                0x127656c50 | th_max = 1024 | th_width =   32
ggml_metal_init: loaded kernel_cpy_f32_f32                            0x1276570f0 | th_max = 1024 | th_width =   32
ggml_metal_init: loaded kernel_cpy_f32_f16                            0x127657590 | th_max = 1024 | th_width =   32
ggml_metal_init: skipping kernel_cpy_f32_bf16                      (not supported)
ggml_metal_init: loaded kernel_cpy_f16_f32                            0x127657a30 | th_max = 1024 | th_width =   32
ggml_metal_init: loaded kernel_cpy_f16_f16                            0x127657ed0 | th_max = 1024 | th_width =   32
ggml_metal_init: skipping kernel_cpy_bf16_f32                      (not supported)
ggml_metal_init: skipping kernel_cpy_bf16_bf16                     (not supported)
ggml_metal_init: loaded kernel_cpy_f32_q8_0                           0x127658370 | th_max = 1024 | th_width =   32
ggml_metal_init: loaded kernel_cpy_f32_q4_0                           0x127658810 | th_max = 1024 | th_width =   32
ggml_metal_init: loaded kernel_cpy_f32_q4_1                           0x127658cb0 | th_max = 1024 | th_width =   32
ggml_metal_init: loaded kernel_cpy_f32_q5_0                           0x127659150 | th_max = 1024 | th_width =   32
ggml_metal_init: loaded kernel_cpy_f32_q5_1                           0x1276595f0 | th_max = 1024 | th_width =   32
ggml_metal_init: loaded kernel_cpy_f32_iq4_nl                         0x127659a90 | th_max = 1024 | th_width =   32
ggml_metal_init: loaded kernel_cpy_q4_0_f32                           0x127659f30 | th_max = 1024 | th_width =   32
ggml_metal_init: loaded kernel_cpy_q4_0_f16                           0x12765a3d0 | th_max = 1024 | th_width =   32
ggml_metal_init: loaded kernel_cpy_q4_1_f32                           0x12765a870 | th_max = 1024 | th_width =   32
ggml_metal_init: loaded kernel_cpy_q4_1_f16                           0x12765ad10 | th_max = 1024 | th_width =   32
ggml_metal_init: loaded kernel_cpy_q5_0_f32                           0x12765b1b0 | th_max = 1024 | th_width =   32
ggml_metal_init: loaded kernel_cpy_q5_0_f16                           0x12765b650 | th_max = 1024 | th_width =   32
ggml_metal_init: loaded kernel_cpy_q5_1_f32                           0x12765baf0 | th_max = 1024 | th_width =   32
ggml_metal_init: loaded kernel_cpy_q5_1_f16                           0x12765bf90 | th_max = 1024 | th_width =   32
ggml_metal_init: loaded kernel_cpy_q8_0_f32                           0x12765c430 | th_max = 1024 | th_width =   32
ggml_metal_init: loaded kernel_cpy_q8_0_f16                           0x12765c8d0 | th_max = 1024 | th_width =   32
ggml_metal_init: loaded kernel_concat                                 0x12765ce20 | th_max = 1024 | th_width =   32
ggml_metal_init: loaded kernel_sqr                                    0x12765d540 | th_max = 1024 | th_width =   32
ggml_metal_init: loaded kernel_sqrt                                   0x12765dc60 | th_max = 1024 | th_width =   32
ggml_metal_init: loaded kernel_sin                                    0x12765e380 | th_max = 1024 | th_width =   32
ggml_metal_init: loaded kernel_cos                                    0x12765eaa0 | th_max = 1024 | th_width =   32
ggml_metal_init: loaded kernel_sum_rows                               0x12765ed60 | th_max = 1024 | th_width =   32
ggml_metal_init: loaded kernel_argmax                                 0x12765f550 | th_max = 1024 | th_width =   32
ggml_metal_init: loaded kernel_pool_2d_avg_f32                        0x12765f810 | th_max = 1024 | th_width =   32
ggml_metal_init: loaded kernel_pool_2d_max_f32                        0x12765fe20 | th_max = 1024 | th_width =   32
Testing 3 devices

Backend 1/3: Metal
  Device description: Apple M4
  Device memory: 10922 MB (10916 MB free)

  ABS(type=f32,ne_a=[128,2,2,2],v=0): not supported [Metal] 
  ABS(type=f32,ne_a=[5,7,11,13],v=0): not supported [Metal] 
  SGN(type=f32,ne_a=[128,2,2,2],v=0): not supported [Metal] 
  SGN(type=f32,ne_a=[5,7,11,13],v=0): not supported [Metal] 
  NEG(type=f32,ne_a=[128,2,2,2],v=0): not supported [Metal] 
  NEG(type=f32,ne_a=[5,7,11,13],v=0): not supported [Metal] 
  STEP(type=f32,ne_a=[128,2,2,2],v=0): not supported [Metal] 
  STEP(type=f32,ne_a=[5,7,11,13],v=0): not supported [Metal] 
  TANH(type=f32,ne_a=[128,2,2,2],v=0): [1;32mOK[0m
  TANH(type=f32,ne_a=[5,7,11,13],v=0): [1;32mOK[0m
  ELU(type=f32,ne_a=[128,2,2,2],v=0): [1;32mOK[0m
  ELU(type=f32,ne_a=[5,7,11,13],v=0): [1;32mOK[0m
  RELU(type=f32,ne_a=[128,2,2,2],v=0): [1;32mOK[0m
  RELU(type=f32,ne_a=[5,7,11,13],v=0): [1;32mOK[0m
  SIGMOID(type=f32,ne_a=[128,2,2,2],v=0): [1;32mOK[0m
  SIGMOID(type=f32,ne_a=[5,7,11,13],v=0): [1;32mOK[0m
  GELU(type=f32,ne_a=[128,2,2,2],v=0): [1;32mOK[0m
  GELU(type=f32,ne_a=[5,7,11,13],v=0): [1;32mOK[0m
  GELU_QUICK(type=f32,ne_a=[128,2,2,2],v=0): [1;32mOK[0m
  GELU_QUICK(type=f32,ne_a=[5,7,11,13],v=0): [1;32mOK[0m
  SILU(type=f32,ne_a=[128,2,2,2],v=0): [1;32mOK[0m
  SILU(type=f32,ne_a=[5,7,11,13],v=0): [1;32mOK[0m
  HARDSWISH(type=f32,ne_a=[128,2,2,2],v=0): not supported [Metal] 
  HARDSWISH(type=f32,ne_a=[5,7,11,13],v=0): not supported [Metal] 
  HARDSIGMOID(type=f32,ne_a=[128,2,2,2],v=0): not supported [Metal] 
  HARDSIGMOID(type=f32,ne_a=[5,7,11,13],v=0): not supported [Metal] 
  EXP(type=f32,ne_a=[128,2,2,2],v=0): not supported [Metal] 
  EXP(type=f32,ne_a=[5,7,11,13],v=0): not supported [Metal] 
  ABS(type=f32,ne_a=[128,2,2,2],v=1): not supported [Metal] 
  ABS(type=f32,ne_a=[5,7,11,13],v=1): not supported [Metal] 
  SGN(type=f32,ne_a=[128,2,2,2],v=1): not supported [Metal] 
  SGN(type=f32,ne_a=[5,7,11,13],v=1): not supported [Metal] 
  NEG(type=f32,ne_a=[128,2,2,2],v=1): not supported [Metal] 
  NEG(type=f32,ne_a=[5,7,11,13],v=1): not supported [Metal] 
  STEP(type=f32,ne_a=[128,2,2,2],v=1): not supported [Metal] 
  STEP(type=f32,ne_a=[5,7,11,13],v=1): not supported [Metal] 
  TANH(type=f32,ne_a=[128,2,2,2],v=1): not supported [Metal] 
  TANH(type=f32,ne_a=[5,7,11,13],v=1): not supported [Metal] 
  ELU(type=f32,ne_a=[128,2,2,2],v=1): not supported [Metal] 
  ELU(type=f32,ne_a=[5,7,11,13],v=1): not supported [Metal] 
  RELU(type=f32,ne_a=[128,2,2,2],v=1): not supported [Metal] 
  RELU(type=f32,ne_a=[5,7,11,13],v=1): not supported [Metal] 
  SIGMOID(type=f32,ne_a=[128,2,2,2],v=1): not supported [Metal] 
  SIGMOID(type=f32,ne_a=[5,7,11,13],v=1): not supported [Metal] 
  GELU(type=f32,ne_a=[128,2,2,2],v=1): not supported [Metal] 
  GELU(type=f32,ne_a=[5,7,11,13],v=1): not supported [Metal] 
  GELU_QUICK(type=f32,ne_a=[128,2,2,2],v=1): not supported [Metal] 
  GELU_QUICK(type=f32,ne_a=[5,7,11,13],v=1): not supported [Metal] 
  SILU(type=f32,ne_a=[128,2,2,2],v=1): not supported [Metal] 
  SILU(type=f32,ne_a=[5,7,11,13],v=1): not supported [Metal] 
  HARDSWISH(type=f32,ne_a=[128,2,2,2],v=1): not supported [Metal] 
  HARDSWISH(type=f32,ne_a=[5,7,11,13],v=1): not supported [Metal] 
  HARDSIGMOID(type=f32,ne_a=[128,2,2,2],v=1): not supported [Metal] 
  HARDSIGMOID(type=f32,ne_a=[5,7,11,13],v=1): not supported [Metal] 
  EXP(type=f32,ne_a=[128,2,2,2],v=1): not supported [Metal] 
  EXP(type=f32,ne_a=[5,7,11,13],v=1): not supported [Metal] 
  GET_ROWS(type=f32,n=1,m=8,r=2,b=1,v=0): [1;32mOK[0m
  GET_ROWS(type=f32,n=256,m=5,r=4,b=1,v=0): [1;32mOK[0m
  GET_ROWS(type=f32,n=256,m=5,r=4,b=1,v=1): [1;32mOK[0m
  GET_ROWS(type=f32,n=256,m=5,r=4,b=7,v=0): [1;32mOK[0m
  GET_ROWS(type=f32,n=256,m=5,r=4,b=7,v=1): [1;32mOK[0m
  GET_ROWS(type=f16,n=256,m=5,r=4,b=1,v=0): [1;32mOK[0m
  GET_ROWS(type=f16,n=256,m=5,r=4,b=1,v=1): [1;32mOK[0m
  GET_ROWS(type=f16,n=256,m=5,r=4,b=7,v=0): [1;32mOK[0m
  GET_ROWS(type=f16,n=256,m=5,r=4,b=7,v=1): [1;32mOK[0m
  GET_ROWS(type=bf16,n=256,m=5,r=4,b=1,v=0): not supported [Metal] 
  GET_ROWS(type=bf16,n=256,m=5,r=4,b=1,v=1): not supported [Metal] 
  GET_ROWS(type=bf16,n=256,m=5,r=4,b=7,v=0): not supported [Metal] 
  GET_ROWS(type=bf16,n=256,m=5,r=4,b=7,v=1): not supported [Metal] 
  GET_ROWS(type=q4_0,n=256,m=5,r=4,b=1,v=0): [1;32mOK[0m
  GET_ROWS(type=q4_0,n=256,m=5,r=4,b=1,v=1): [1;32mOK[0m
  GET_ROWS(type=q4_0,n=256,m=5,r=4,b=7,v=0): [1;32mOK[0m
  GET_ROWS(type=q4_0,n=256,m=5,r=4,b=7,v=1): [1;32mOK[0m
  GET_ROWS(type=q4_1,n=256,m=5,r=4,b=1,v=0): [1;32mOK[0m
  GET_ROWS(type=q4_1,n=256,m=5,r=4,b=1,v=1): [1;32mOK[0m
  GET_ROWS(type=q4_1,n=256,m=5,r=4,b=7,v=0): [1;32mOK[0m
  GET_ROWS(type=q4_1,n=256,m=5,r=4,b=7,v=1): [1;32mOK[0m
  GET_ROWS(type=q5_0,n=256,m=5,r=4,b=1,v=0): [1;32mOK[0m
  GET_ROWS(type=q5_0,n=256,m=5,r=4,b=1,v=1): [1;32mOK[0m
  GET_ROWS(type=q5_0,n=256,m=5,r=4,b=7,v=0): [1;32mOK[0m
  GET_ROWS(type=q5_0,n=256,m=5,r=4,b=7,v=1): [1;32mOK[0m
  GET_ROWS(type=q5_1,n=256,m=5,r=4,b=1,v=0): [1;32mOK[0m
  GET_ROWS(type=q5_1,n=256,m=5,r=4,b=1,v=1): [1;32mOK[0m
  GET_ROWS(type=q5_1,n=256,m=5,r=4,b=7,v=0): [1;32mOK[0m
  GET_ROWS(type=q5_1,n=256,m=5,r=4,b=7,v=1): [1;32mOK[0m
  GET_ROWS(type=q8_0,n=256,m=5,r=4,b=1,v=0): [1;32mOK[0m
  GET_ROWS(type=q8_0,n=256,m=5,r=4,b=1,v=1): [1;32mOK[0m
  GET_ROWS(type=q8_0,n=256,m=5,r=4,b=7,v=0): [1;32mOK[0m
  GET_ROWS(type=q8_0,n=256,m=5,r=4,b=7,v=1): [1;32mOK[0m
  GET_ROWS(type=q2_K,n=256,m=5,r=4,b=1,v=0): [1;32mOK[0m
  GET_ROWS(type=q2_K,n=256,m=5,r=4,b=1,v=1): [1;32mOK[0m
  GET_ROWS(type=q2_K,n=256,m=5,r=4,b=7,v=0): [1;32mOK[0m
  GET_ROWS(type=q2_K,n=256,m=5,r=4,b=7,v=1): [1;32mOK[0m
  GET_ROWS(type=q3_K,n=256,m=5,r=4,b=1,v=0): [1;32mOK[0m
  GET_ROWS(type=q3_K,n=256,m=5,r=4,b=1,v=1): [1;32mOK[0m
  GET_ROWS(type=q3_K,n=256,m=5,r=4,b=7,v=0): [1;32mOK[0m
  GET_ROWS(type=q3_K,n=256,m=5,r=4,b=7,v=1): [1;32mOK[0m
  GET_ROWS(type=q4_K,n=256,m=5,r=4,b=1,v=0): [1;32mOK[0m
  GET_ROWS(type=q4_K,n=256,m=5,r=4,b=1,v=1): [1;32mOK[0m
  GET_ROWS(type=q4_K,n=256,m=5,r=4,b=7,v=0): [1;32mOK[0m
  GET_ROWS(type=q4_K,n=256,m=5,r=4,b=7,v=1): [1;32mOK[0m
  GET_ROWS(type=q5_K,n=256,m=5,r=4,b=1,v=0): [1;32mOK[0m
  GET_ROWS(type=q5_K,n=256,m=5,r=4,b=1,v=1): [1;32mOK[0m
  GET_ROWS(type=q5_K,n=256,m=5,r=4,b=7,v=0): [1;32mOK[0m
  GET_ROWS(type=q5_K,n=256,m=5,r=4,b=7,v=1): [1;32mOK[0m
  GET_ROWS(type=q6_K,n=256,m=5,r=4,b=1,v=0): [1;32mOK[0m
  GET_ROWS(type=q6_K,n=256,m=5,r=4,b=1,v=1): [1;32mOK[0m
  GET_ROWS(type=q6_K,n=256,m=5,r=4,b=7,v=0): [1;32mOK[0m
  GET_ROWS(type=q6_K,n=256,m=5,r=4,b=7,v=1): [1;32mOK[0m
  GET_ROWS(type=iq2_xxs,n=256,m=5,r=4,b=1,v=0): [1;32mOK[0m
  GET_ROWS(type=iq2_xxs,n=256,m=5,r=4,b=1,v=1): [1;32mOK[0m
  GET_ROWS(type=iq2_xxs,n=256,m=5,r=4,b=7,v=0): [1;32mOK[0m
  GET_ROWS(type=iq2_xxs,n=256,m=5,r=4,b=7,v=1): [1;32mOK[0m
  GET_ROWS(type=iq2_xs,n=256,m=5,r=4,b=1,v=0): [1;32mOK[0m
  GET_ROWS(type=iq2_xs,n=256,m=5,r=4,b=1,v=1): [1;32mOK[0m
  GET_ROWS(type=iq2_xs,n=256,m=5,r=4,b=7,v=0): [1;32mOK[0m
  GET_ROWS(type=iq2_xs,n=256,m=5,r=4,b=7,v=1): [1;32mOK[0m
  GET_ROWS(type=iq2_s,n=256,m=5,r=4,b=1,v=0): [1;32mOK[0m
  GET_ROWS(type=iq2_s,n=256,m=5,r=4,b=1,v=1): [1;32mOK[0m
  GET_ROWS(type=iq2_s,n=256,m=5,r=4,b=7,v=0): [1;32mOK[0m
  GET_ROWS(type=iq2_s,n=256,m=5,r=4,b=7,v=1): [1;32mOK[0m
  GET_ROWS(type=iq3_xxs,n=256,m=5,r=4,b=1,v=0): [1;32mOK[0m
  GET_ROWS(type=iq3_xxs,n=256,m=5,r=4,b=1,v=1): [1;32mOK[0m
  GET_ROWS(type=iq3_xxs,n=256,m=5,r=4,b=7,v=0): [1;32mOK[0m
  GET_ROWS(type=iq3_xxs,n=256,m=5,r=4,b=7,v=1): [1;32mOK[0m
  GET_ROWS(type=iq1_s,n=256,m=5,r=4,b=1,v=0): [1;32mOK[0m
  GET_ROWS(type=iq1_s,n=256,m=5,r=4,b=1,v=1): [1;32mOK[0m
  GET_ROWS(type=iq1_s,n=256,m=5,r=4,b=7,v=0): [1;32mOK[0m
  GET_ROWS(type=iq1_s,n=256,m=5,r=4,b=7,v=1): [1;32mOK[0m
  GET_ROWS(type=iq1_m,n=256,m=5,r=4,b=1,v=0): [1;32mOK[0m
  GET_ROWS(type=iq1_m,n=256,m=5,r=4,b=1,v=1): [1;32mOK[0m
  GET_ROWS(type=iq1_m,n=256,m=5,r=4,b=7,v=0): [1;32mOK[0m
  GET_ROWS(type=iq1_m,n=256,m=5,r=4,b=7,v=1): [1;32mOK[0m
  GET_ROWS(type=iq4_nl,n=256,m=5,r=4,b=1,v=0): [1;32mOK[0m
  GET_ROWS(type=iq4_nl,n=256,m=5,r=4,b=1,v=1): [1;32mOK[0m
  GET_ROWS(type=iq4_nl,n=256,m=5,r=4,b=7,v=0): [1;32mOK[0m
  GET_ROWS(type=iq4_nl,n=256,m=5,r=4,b=7,v=1): [1;32mOK[0m
  GET_ROWS(type=iq3_s,n=256,m=5,r=4,b=1,v=0): [1;32mOK[0m
  GET_ROWS(type=iq3_s,n=256,m=5,r=4,b=1,v=1): [1;32mOK[0m
  GET_ROWS(type=iq3_s,n=256,m=5,r=4,b=7,v=0): [1;32mOK[0m
  GET_ROWS(type=iq3_s,n=256,m=5,r=4,b=7,v=1): [1;32mOK[0m
  GET_ROWS(type=iq4_xs,n=256,m=5,r=4,b=1,v=0): [1;32mOK[0m
  GET_ROWS(type=iq4_xs,n=256,m=5,r=4,b=1,v=1): [1;32mOK[0m
  GET_ROWS(type=iq4_xs,n=256,m=5,r=4,b=7,v=0): [1;32mOK[0m
  GET_ROWS(type=iq4_xs,n=256,m=5,r=4,b=7,v=1): [1;32mOK[0m
  GET_ROWS(type=i32,n=256,m=5,r=4,b=1,v=0): [1;32mOK[0m
  GET_ROWS(type=i32,n=256,m=5,r=4,b=1,v=1): [1;32mOK[0m
  GET_ROWS(type=i32,n=256,m=5,r=4,b=7,v=0): [1;32mOK[0m
  GET_ROWS(type=i32,n=256,m=5,r=4,b=7,v=1): [1;32mOK[0m
  GET_ROWS_BACK(type=f32,n=1,m=8,r=2,b=1,v=0): not supported [Metal] 
  GET_ROWS_BACK(type=f32,n=256,m=5,r=4,b=1,v=0): not supported [Metal] 
  GET_ROWS_BACK(type=f32,n=256,m=5,r=4,b=1,v=1): not supported [Metal] 
  GET_ROWS_BACK(type=f16,n=256,m=5,r=4,b=1,v=0): not supported [Metal] 
  GET_ROWS_BACK(type=f16,n=256,m=5,r=4,b=1,v=1): not supported [Metal] 
  GET_ROWS_BACK(type=bf16,n=256,m=5,r=4,b=1,v=0): not supported [Metal] 
  GET_ROWS_BACK(type=bf16,n=256,m=5,r=4,b=1,v=1): not supported [Metal] 
  GET_ROWS_BACK(type=q4_0,n=256,m=5,r=4,b=1,v=0): not supported [Metal] 
  GET_ROWS_BACK(type=q4_0,n=256,m=5,r=4,b=1,v=1): not supported [Metal] 
  GET_ROWS_BACK(type=q4_1,n=256,m=5,r=4,b=1,v=0): not supported [Metal] 
  GET_ROWS_BACK(type=q4_1,n=256,m=5,r=4,b=1,v=1): not supported [Metal] 
  GET_ROWS_BACK(type=q5_0,n=256,m=5,r=4,b=1,v=0): not supported [Metal] 
  GET_ROWS_BACK(type=q5_0,n=256,m=5,r=4,b=1,v=1): not supported [Metal] 
  GET_ROWS_BACK(type=q5_1,n=256,m=5,r=4,b=1,v=0): not supported [Metal] 
  GET_ROWS_BACK(type=q5_1,n=256,m=5,r=4,b=1,v=1): not supported [Metal] 
  GET_ROWS_BACK(type=q8_0,n=256,m=5,r=4,b=1,v=0): not supported [Metal] 
  GET_ROWS_BACK(type=q8_0,n=256,m=5,r=4,b=1,v=1): not supported [Metal] 
  GET_ROWS_BACK(type=q2_K,n=256,m=5,r=4,b=1,v=0): not supported [Metal] 
  GET_ROWS_BACK(type=q2_K,n=256,m=5,r=4,b=1,v=1): not supported [Metal] 
  GET_ROWS_BACK(type=q3_K,n=256,m=5,r=4,b=1,v=0): not supported [Metal] 
  GET_ROWS_BACK(type=q3_K,n=256,m=5,r=4,b=1,v=1): not supported [Metal] 
  GET_ROWS_BACK(type=q4_K,n=256,m=5,r=4,b=1,v=0): not supported [Metal] 
  GET_ROWS_BACK(type=q4_K,n=256,m=5,r=4,b=1,v=1): not supported [Metal] 
  GET_ROWS_BACK(type=q5_K,n=256,m=5,r=4,b=1,v=0): not supported [Metal] 
  GET_ROWS_BACK(type=q5_K,n=256,m=5,r=4,b=1,v=1): not supported [Metal] 
  GET_ROWS_BACK(type=q6_K,n=256,m=5,r=4,b=1,v=0): not supported [Metal] 
  GET_ROWS_BACK(type=q6_K,n=256,m=5,r=4,b=1,v=1): not supported [Metal] 
  GET_ROWS_BACK(type=iq2_xxs,n=256,m=5,r=4,b=1,v=0): not supported [Metal] 
  GET_ROWS_BACK(type=iq2_xxs,n=256,m=5,r=4,b=1,v=1): not supported [Metal] 
  GET_ROWS_BACK(type=iq2_xs,n=256,m=5,r=4,b=1,v=0): not supported [Metal] 
  GET_ROWS_BACK(type=iq2_xs,n=256,m=5,r=4,b=1,v=1): not supported [Metal] 
  GET_ROWS_BACK(type=iq2_s,n=256,m=5,r=4,b=1,v=0): not supported [Metal] 
  GET_ROWS_BACK(type=iq2_s,n=256,m=5,r=4,b=1,v=1): not supported [Metal] 
  GET_ROWS_BACK(type=iq3_xxs,n=256,m=5,r=4,b=1,v=0): not supported [Metal] 
  GET_ROWS_BACK(type=iq3_xxs,n=256,m=5,r=4,b=1,v=1): not supported [Metal] 
  GET_ROWS_BACK(type=iq1_s,n=256,m=5,r=4,b=1,v=0): not supported [Metal] 
  GET_ROWS_BACK(type=iq1_s,n=256,m=5,r=4,b=1,v=1): not supported [Metal] 
  GET_ROWS_BACK(type=iq1_m,n=256,m=5,r=4,b=1,v=0): not supported [Metal] 
  GET_ROWS_BACK(type=iq1_m,n=256,m=5,r=4,b=1,v=1): not supported [Metal] 
  GET_ROWS_BACK(type=iq4_nl,n=256,m=5,r=4,b=1,v=0): not supported [Metal] 
  GET_ROWS_BACK(type=iq4_nl,n=256,m=5,r=4,b=1,v=1): not supported [Metal] 
  GET_ROWS_BACK(type=iq3_s,n=256,m=5,r=4,b=1,v=0): not supported [Metal] 
  GET_ROWS_BACK(type=iq3_s,n=256,m=5,r=4,b=1,v=1): not supported [Metal] 
  GET_ROWS_BACK(type=iq4_xs,n=256,m=5,r=4,b=1,v=0): not supported [Metal] 
  GET_ROWS_BACK(type=iq4_xs,n=256,m=5,r=4,b=1,v=1): not supported [Metal] 
  GET_ROWS_BACK(type=i32,n=256,m=5,r=4,b=1,v=0): not supported [Metal] 
  GET_ROWS_BACK(type=i32,n=256,m=5,r=4,b=1,v=1): not supported [Metal] 
  POOL_2D(pool_type=avg,type_input=f32,ne_input=[10,10,3,1],k0=1,k1=1,s0=1,s1=1,p0=0,p1=0): [1;32mOK[0m
  POOL_2D(pool_type=avg,type_input=f32,ne_input=[10,10,3,1],k0=1,k1=1,s0=1,s1=1,p0=0,p1=1): [1;32mOK[0m
  POOL_2D(pool_type=avg,type_input=f32,ne_input=[10,10,3,1],k0=1,k1=1,s0=1,s1=1,p0=1,p1=0): [1;32mOK[0m
  POOL_2D(pool_type=avg,type_input=f32,ne_input=[10,10,3,1],k0=1,k1=1,s0=1,s1=1,p0=1,p1=1): [1;32mOK[0m
  POOL_2D(pool_type=avg,type_input=f32,ne_input=[10,10,3,1],k0=1,k1=1,s0=1,s1=2,p0=0,p1=0): [1;32mOK[0m
  POOL_2D(pool_type=avg,type_input=f32,ne_input=[10,10,3,1],k0=1,k1=1,s0=1,s1=2,p0=0,p1=1): [1;32mOK[0m
  POOL_2D(pool_type=avg,type_input=f32,ne_input=[10,10,3,1],k0=1,k1=1,s0=1,s1=2,p0=1,p1=0): [1;32mOK[0m
  POOL_2D(pool_type=avg,type_input=f32,ne_input=[10,10,3,1],k0=1,k1=1,s0=1,s1=2,p0=1,p1=1): [1;32mOK[0m
  POOL_2D(pool_type=avg,type_input=f32,ne_input=[10,10,3,1],k0=1,k1=1,s0=2,s1=1,p0=0,p1=0): [1;32mOK[0m
  POOL_2D(pool_type=avg,type_input=f32,ne_input=[10,10,3,1],k0=1,k1=1,s0=2,s1=1,p0=0,p1=1): [1;32mOK[0m
  POOL_2D(pool_type=avg,type_input=f32,ne_input=[10,10,3,1],k0=1,k1=1,s0=2,s1=1,p0=1,p1=0): [1;32mOK[0m
  POOL_2D(pool_type=avg,type_input=f32,ne_input=[10,10,3,1],k0=1,k1=1,s0=2,s1=1,p0=1,p1=1): [1;32mOK[0m
  POOL_2D(pool_type=avg,type_input=f32,ne_input=[10,10,3,1],k0=1,k1=1,s0=2,s1=2,p0=0,p1=0): [1;32mOK[0m
  POOL_2D(pool_type=avg,type_input=f32,ne_input=[10,10,3,1],k0=1,k1=1,s0=2,s1=2,p0=0,p1=1): [1;32mOK[0m
  POOL_2D(pool_type=avg,type_input=f32,ne_input=[10,10,3,1],k0=1,k1=1,s0=2,s1=2,p0=1,p1=0): [1;32mOK[0m
  POOL_2D(pool_type=avg,type_input=f32,ne_input=[10,10,3,1],k0=1,k1=1,s0=2,s1=2,p0=1,p1=1): [1;32mOK[0m
  POOL_2D(pool_type=avg,type_input=f32,ne_input=[10,10,3,1],k0=1,k1=3,s0=1,s1=1,p0=0,p1=0): [1;32mOK[0m
  POOL_2D(pool_type=avg,type_input=f32,ne_input=[10,10,3,1],k0=1,k1=3,s0=1,s1=1,p0=0,p1=1): [1;32mOK[0m
  POOL_2D(pool_type=avg,type_input=f32,ne_input=[10,10,3,1],k0=1,k1=3,s0=1,s1=1,p0=1,p1=0): [1;32mOK[0m
  POOL_2D(pool_type=avg,type_input=f32,ne_input=[10,10,3,1],k0=1,k1=3,s0=1,s1=1,p0=1,p1=1): [1;32mOK[0m
  POOL_2D(pool_type=avg,type_input=f32,ne_input=[10,10,3,1],k0=1,k1=3,s0=1,s1=2,p0=0,p1=0): [1;32mOK[0m
  POOL_2D(pool_type=avg,type_input=f32,ne_input=[10,10,3,1],k0=1,k1=3,s0=1,s1=2,p0=0,p1=1): [1;32mOK[0m
  POOL_2D(pool_type=avg,type_input=f32,ne_input=[10,10,3,1],k0=1,k1=3,s0=1,s1=2,p0=1,p1=0): [1;32mOK[0m
  POOL_2D(pool_type=avg,type_input=f32,ne_input=[10,10,3,1],k0=1,k1=3,s0=1,s1=2,p0=1,p1=1): [1;32mOK[0m
  POOL_2D(pool_type=avg,type_input=f32,ne_input=[10,10,3,1],k0=1,k1=3,s0=2,s1=1,p0=0,p1=0): [1;32mOK[0m
  POOL_2D(pool_type=avg,type_input=f32,ne_input=[10,10,3,1],k0=1,k1=3,s0=2,s1=1,p0=0,p1=1): [1;32mOK[0m
  POOL_2D(pool_type=avg,type_input=f32,ne_input=[10,10,3,1],k0=1,k1=3,s0=2,s1=1,p0=1,p1=0): [1;32mOK[0m
  POOL_2D(pool_type=avg,type_input=f32,ne_input=[10,10,3,1],k0=1,k1=3,s0=2,s1=1,p0=1,p1=1): [1;32mOK[0m
  POOL_2D(pool_type=avg,type_input=f32,ne_input=[10,10,3,1],k0=1,k1=3,s0=2,s1=2,p0=0,p1=0): [1;32mOK[0m
  POOL_2D(pool_type=avg,type_input=f32,ne_input=[10,10,3,1],k0=1,k1=3,s0=2,s1=2,p0=0,p1=1): [1;32mOK[0m
  POOL_2D(pool_type=avg,type_input=f32,ne_input=[10,10,3,1],k0=1,k1=3,s0=2,s1=2,p0=1,p1=0): [1;32mOK[0m
  POOL_2D(pool_type=avg,type_input=f32,ne_input=[10,10,3,1],k0=1,k1=3,s0=2,s1=2,p0=1,p1=1): [1;32mOK[0m
  POOL_2D(pool_type=avg,type_input=f32,ne_input=[10,10,3,1],k0=3,k1=1,s0=1,s1=1,p0=0,p1=0): [1;32mOK[0m
  POOL_2D(pool_type=avg,type_input=f32,ne_input=[10,10,3,1],k0=3,k1=1,s0=1,s1=1,p0=0,p1=1): [1;32mOK[0m
  POOL_2D(pool_type=avg,type_input=f32,ne_input=[10,10,3,1],k0=3,k1=1,s0=1,s1=1,p0=1,p1=0): [1;32mOK[0m
  POOL_2D(pool_type=avg,type_input=f32,ne_input=[10,10,3,1],k0=3,k1=1,s0=1,s1=1,p0=1,p1=1): [1;32mOK[0m
  POOL_2D(pool_type=avg,type_input=f32,ne_input=[10,10,3,1],k0=3,k1=1,s0=1,s1=2,p0=0,p1=0): [1;32mOK[0m
  POOL_2D(pool_type=avg,type_input=f32,ne_input=[10,10,3,1],k0=3,k1=1,s0=1,s1=2,p0=0,p1=1): [1;32mOK[0m
  POOL_2D(pool_type=avg,type_input=f32,ne_input=[10,10,3,1],k0=3,k1=1,s0=1,s1=2,p0=1,p1=0): [1;32mOK[0m
  POOL_2D(pool_type=avg,type_input=f32,ne_input=[10,10,3,1],k0=3,k1=1,s0=1,s1=2,p0=1,p1=1): [1;32mOK[0m
  POOL_2D(pool_type=avg,type_input=f32,ne_input=[10,10,3,1],k0=3,k1=1,s0=2,s1=1,p0=0,p1=0): [1;32mOK[0m
  POOL_2D(pool_type=avg,type_input=f32,ne_input=[10,10,3,1],k0=3,k1=1,s0=2,s1=1,p0=0,p1=1): [1;32mOK[0m
  POOL_2D(pool_type=avg,type_input=f32,ne_input=[10,10,3,1],k0=3,k1=1,s0=2,s1=1,p0=1,p1=0): [1;32mOK[0m
  POOL_2D(pool_type=avg,type_input=f32,ne_input=[10,10,3,1],k0=3,k1=1,s0=2,s1=1,p0=1,p1=1): [1;32mOK[0m
  POOL_2D(pool_type=avg,type_input=f32,ne_input=[10,10,3,1],k0=3,k1=1,s0=2,s1=2,p0=0,p1=0): [1;32mOK[0m
  POOL_2D(pool_type=avg,type_input=f32,ne_input=[10,10,3,1],k0=3,k1=1,s0=2,s1=2,p0=0,p1=1): [1;32mOK[0m
  POOL_2D(pool_type=avg,type_input=f32,ne_input=[10,10,3,1],k0=3,k1=1,s0=2,s1=2,p0=1,p1=0): [1;32mOK[0m
  POOL_2D(pool_type=avg,type_input=f32,ne_input=[10,10,3,1],k0=3,k1=1,s0=2,s1=2,p0=1,p1=1): [1;32mOK[0m
  POOL_2D(pool_type=avg,type_input=f32,ne_input=[10,10,3,1],k0=3,k1=3,s0=1,s1=1,p0=0,p1=0): [1;32mOK[0m
  POOL_2D(pool_type=avg,type_input=f32,ne_input=[10,10,3,1],k0=3,k1=3,s0=1,s1=1,p0=0,p1=1): [1;32mOK[0m
  POOL_2D(pool_type=avg,type_input=f32,ne_input=[10,10,3,1],k0=3,k1=3,s0=1,s1=1,p0=1,p1=0): [1;32mOK[0m
  POOL_2D(pool_type=avg,type_input=f32,ne_input=[10,10,3,1],k0=3,k1=3,s0=1,s1=1,p0=1,p1=1): [1;32mOK[0m
  POOL_2D(pool_type=avg,type_input=f32,ne_input=[10,10,3,1],k0=3,k1=3,s0=1,s1=2,p0=0,p1=0): [1;32mOK[0m
  POOL_2D(pool_type=avg,type_input=f32,ne_input=[10,10,3,1],k0=3,k1=3,s0=1,s1=2,p0=0,p1=1): [1;32mOK[0m
  POOL_2D(pool_type=avg,type_input=f32,ne_input=[10,10,3,1],k0=3,k1=3,s0=1,s1=2,p0=1,p1=0): [1;32mOK[0m
  POOL_2D(pool_type=avg,type_input=f32,ne_input=[10,10,3,1],k0=3,k1=3,s0=1,s1=2,p0=1,p1=1): [1;32mOK[0m
  POOL_2D(pool_type=avg,type_input=f32,ne_input=[10,10,3,1],k0=3,k1=3,s0=2,s1=1,p0=0,p1=0): [1;32mOK[0m
  POOL_2D(pool_type=avg,type_input=f32,ne_input=[10,10,3,1],k0=3,k1=3,s0=2,s1=1,p0=0,p1=1): [1;32mOK[0m
  POOL_2D(pool_type=avg,type_input=f32,ne_input=[10,10,3,1],k0=3,k1=3,s0=2,s1=1,p0=1,p1=0): [1;32mOK[0m
  POOL_2D(pool_type=avg,type_input=f32,ne_input=[10,10,3,1],k0=3,k1=3,s0=2,s1=1,p0=1,p1=1): [1;32mOK[0m
  POOL_2D(pool_type=avg,type_input=f32,ne_input=[10,10,3,1],k0=3,k1=3,s0=2,s1=2,p0=0,p1=0): [1;32mOK[0m
  POOL_2D(pool_type=avg,type_input=f32,ne_input=[10,10,3,1],k0=3,k1=3,s0=2,s1=2,p0=0,p1=1): [1;32mOK[0m
  POOL_2D(pool_type=avg,type_input=f32,ne_input=[10,10,3,1],k0=3,k1=3,s0=2,s1=2,p0=1,p1=0): [1;32mOK[0m
  POOL_2D(pool_type=avg,type_input=f32,ne_input=[10,10,3,1],k0=3,k1=3,s0=2,s1=2,p0=1,p1=1): [1;32mOK[0m
  POOL_2D(pool_type=max,type_input=f32,ne_input=[10,10,3,1],k0=1,k1=1,s0=1,s1=1,p0=0,p1=0): [1;32mOK[0m
  POOL_2D(pool_type=max,type_input=f32,ne_input=[10,10,3,1],k0=1,k1=1,s0=1,s1=1,p0=0,p1=1): [1;32mOK[0m
  POOL_2D(pool_type=max,type_input=f32,ne_input=[10,10,3,1],k0=1,k1=1,s0=1,s1=1,p0=1,p1=0): [1;32mOK[0m
  POOL_2D(pool_type=max,type_input=f32,ne_input=[10,10,3,1],k0=1,k1=1,s0=1,s1=1,p0=1,p1=1): [1;32mOK[0m
  POOL_2D(pool_type=max,type_input=f32,ne_input=[10,10,3,1],k0=1,k1=1,s0=1,s1=2,p0=0,p1=0): [1;32mOK[0m
  POOL_2D(pool_type=max,type_input=f32,ne_input=[10,10,3,1],k0=1,k1=1,s0=1,s1=2,p0=0,p1=1): [1;32mOK[0m
  POOL_2D(pool_type=max,type_input=f32,ne_input=[10,10,3,1],k0=1,k1=1,s0=1,s1=2,p0=1,p1=0): [1;32mOK[0m
  POOL_2D(pool_type=max,type_input=f32,ne_input=[10,10,3,1],k0=1,k1=1,s0=1,s1=2,p0=1,p1=1): [1;32mOK[0m
  POOL_2D(pool_type=max,type_input=f32,ne_input=[10,10,3,1],k0=1,k1=1,s0=2,s1=1,p0=0,p1=0): [1;32mOK[0m
  POOL_2D(pool_type=max,type_input=f32,ne_input=[10,10,3,1],k0=1,k1=1,s0=2,s1=1,p0=0,p1=1): [1;32mOK[0m
  POOL_2D(pool_type=max,type_input=f32,ne_input=[10,10,3,1],k0=1,k1=1,s0=2,s1=1,p0=1,p1=0): [1;32mOK[0m
  POOL_2D(pool_type=max,type_input=f32,ne_input=[10,10,3,1],k0=1,k1=1,s0=2,s1=1,p0=1,p1=1): [1;32mOK[0m
  POOL_2D(pool_type=max,type_input=f32,ne_input=[10,10,3,1],k0=1,k1=1,s0=2,s1=2,p0=0,p1=0): [1;32mOK[0m
  POOL_2D(pool_type=max,type_input=f32,ne_input=[10,10,3,1],k0=1,k1=1,s0=2,s1=2,p0=0,p1=1): [1;32mOK[0m
  POOL_2D(pool_type=max,type_input=f32,ne_input=[10,10,3,1],k0=1,k1=1,s0=2,s1=2,p0=1,p1=0): [1;32mOK[0m
  POOL_2D(pool_type=max,type_input=f32,ne_input=[10,10,3,1],k0=1,k1=1,s0=2,s1=2,p0=1,p1=1): [1;32mOK[0m
  POOL_2D(pool_type=max,type_input=f32,ne_input=[10,10,3,1],k0=1,k1=3,s0=1,s1=1,p0=0,p1=0): [1;32mOK[0m
  POOL_2D(pool_type=max,type_input=f32,ne_input=[10,10,3,1],k0=1,k1=3,s0=1,s1=1,p0=0,p1=1): [1;32mOK[0m
  POOL_2D(pool_type=max,type_input=f32,ne_input=[10,10,3,1],k0=1,k1=3,s0=1,s1=1,p0=1,p1=0): [1;32mOK[0m
  POOL_2D(pool_type=max,type_input=f32,ne_input=[10,10,3,1],k0=1,k1=3,s0=1,s1=1,p0=1,p1=1): [1;32mOK[0m
  POOL_2D(pool_type=max,type_input=f32,ne_input=[10,10,3,1],k0=1,k1=3,s0=1,s1=2,p0=0,p1=0): [1;32mOK[0m
  POOL_2D(pool_type=max,type_input=f32,ne_input=[10,10,3,1],k0=1,k1=3,s0=1,s1=2,p0=0,p1=1): [1;32mOK[0m
  POOL_2D(pool_type=max,type_input=f32,ne_input=[10,10,3,1],k0=1,k1=3,s0=1,s1=2,p0=1,p1=0): [1;32mOK[0m
  POOL_2D(pool_type=max,type_input=f32,ne_input=[10,10,3,1],k0=1,k1=3,s0=1,s1=2,p0=1,p1=1): [1;32mOK[0m
  POOL_2D(pool_type=max,type_input=f32,ne_input=[10,10,3,1],k0=1,k1=3,s0=2,s1=1,p0=0,p1=0): [1;32mOK[0m
  POOL_2D(pool_type=max,type_input=f32,ne_input=[10,10,3,1],k0=1,k1=3,s0=2,s1=1,p0=0,p1=1): [1;32mOK[0m
  POOL_2D(pool_type=max,type_input=f32,ne_input=[10,10,3,1],k0=1,k1=3,s0=2,s1=1,p0=1,p1=0): [1;32mOK[0m
  POOL_2D(pool_type=max,type_input=f32,ne_input=[10,10,3,1],k0=1,k1=3,s0=2,s1=1,p0=1,p1=1): [1;32mOK[0m
  POOL_2D(pool_type=max,type_input=f32,ne_input=[10,10,3,1],k0=1,k1=3,s0=2,s1=2,p0=0,p1=0): [1;32mOK[0m
  POOL_2D(pool_type=max,type_input=f32,ne_input=[10,10,3,1],k0=1,k1=3,s0=2,s1=2,p0=0,p1=1): [1;32mOK[0m
  POOL_2D(pool_type=max,type_input=f32,ne_input=[10,10,3,1],k0=1,k1=3,s0=2,s1=2,p0=1,p1=0): [1;32mOK[0m
  POOL_2D(pool_type=max,type_input=f32,ne_input=[10,10,3,1],k0=1,k1=3,s0=2,s1=2,p0=1,p1=1): [1;32mOK[0m
  POOL_2D(pool_type=max,type_input=f32,ne_input=[10,10,3,1],k0=3,k1=1,s0=1,s1=1,p0=0,p1=0): [1;32mOK[0m
  POOL_2D(pool_type=max,type_input=f32,ne_input=[10,10,3,1],k0=3,k1=1,s0=1,s1=1,p0=0,p1=1): [1;32mOK[0m
  POOL_2D(pool_type=max,type_input=f32,ne_input=[10,10,3,1],k0=3,k1=1,s0=1,s1=1,p0=1,p1=0): [1;32mOK[0m
  POOL_2D(pool_type=max,type_input=f32,ne_input=[10,10,3,1],k0=3,k1=1,s0=1,s1=1,p0=1,p1=1): [1;32mOK[0m
  POOL_2D(pool_type=max,type_input=f32,ne_input=[10,10,3,1],k0=3,k1=1,s0=1,s1=2,p0=0,p1=0): [1;32mOK[0m
  POOL_2D(pool_type=max,type_input=f32,ne_input=[10,10,3,1],k0=3,k1=1,s0=1,s1=2,p0=0,p1=1): [1;32mOK[0m
  POOL_2D(pool_type=max,type_input=f32,ne_input=[10,10,3,1],k0=3,k1=1,s0=1,s1=2,p0=1,p1=0): [1;32mOK[0m
  POOL_2D(pool_type=max,type_input=f32,ne_input=[10,10,3,1],k0=3,k1=1,s0=1,s1=2,p0=1,p1=1): [1;32mOK[0m
  POOL_2D(pool_type=max,type_input=f32,ne_input=[10,10,3,1],k0=3,k1=1,s0=2,s1=1,p0=0,p1=0): [1;32mOK[0m
  POOL_2D(pool_type=max,type_input=f32,ne_input=[10,10,3,1],k0=3,k1=1,s0=2,s1=1,p0=0,p1=1): [1;32mOK[0m
  POOL_2D(pool_type=max,type_input=f32,ne_input=[10,10,3,1],k0=3,k1=1,s0=2,s1=1,p0=1,p1=0): [1;32mOK[0m
  POOL_2D(pool_type=max,type_input=f32,ne_input=[10,10,3,1],k0=3,k1=1,s0=2,s1=1,p0=1,p1=1): [1;32mOK[0m
  POOL_2D(pool_type=max,type_input=f32,ne_input=[10,10,3,1],k0=3,k1=1,s0=2,s1=2,p0=0,p1=0): [1;32mOK[0m
  POOL_2D(pool_type=max,type_input=f32,ne_input=[10,10,3,1],k0=3,k1=1,s0=2,s1=2,p0=0,p1=1): [1;32mOK[0m
  POOL_2D(pool_type=max,type_input=f32,ne_input=[10,10,3,1],k0=3,k1=1,s0=2,s1=2,p0=1,p1=0): [1;32mOK[0m
  POOL_2D(pool_type=max,type_input=f32,ne_input=[10,10,3,1],k0=3,k1=1,s0=2,s1=2,p0=1,p1=1): [1;32mOK[0m
  POOL_2D(pool_type=max,type_input=f32,ne_input=[10,10,3,1],k0=3,k1=3,s0=1,s1=1,p0=0,p1=0): [1;32mOK[0m
  POOL_2D(pool_type=max,type_input=f32,ne_input=[10,10,3,1],k0=3,k1=3,s0=1,s1=1,p0=0,p1=1): [1;32mOK[0m
  POOL_2D(pool_type=max,type_input=f32,ne_input=[10,10,3,1],k0=3,k1=3,s0=1,s1=1,p0=1,p1=0): [1;32mOK[0m
  POOL_2D(pool_type=max,type_input=f32,ne_input=[10,10,3,1],k0=3,k1=3,s0=1,s1=1,p0=1,p1=1): [1;32mOK[0m
  POOL_2D(pool_type=max,type_input=f32,ne_input=[10,10,3,1],k0=3,k1=3,s0=1,s1=2,p0=0,p1=0): [1;32mOK[0m
  POOL_2D(pool_type=max,type_input=f32,ne_input=[10,10,3,1],k0=3,k1=3,s0=1,s1=2,p0=0,p1=1): [1;32mOK[0m
  POOL_2D(pool_type=max,type_input=f32,ne_input=[10,10,3,1],k0=3,k1=3,s0=1,s1=2,p0=1,p1=0): [1;32mOK[0m
  POOL_2D(pool_type=max,type_input=f32,ne_input=[10,10,3,1],k0=3,k1=3,s0=1,s1=2,p0=1,p1=1): [1;32mOK[0m
  POOL_2D(pool_type=max,type_input=f32,ne_input=[10,10,3,1],k0=3,k1=3,s0=2,s1=1,p0=0,p1=0): [1;32mOK[0m
  POOL_2D(pool_type=max,type_input=f32,ne_input=[10,10,3,1],k0=3,k1=3,s0=2,s1=1,p0=0,p1=1): [1;32mOK[0m
  POOL_2D(pool_type=max,type_input=f32,ne_input=[10,10,3,1],k0=3,k1=3,s0=2,s1=1,p0=1,p1=0): [1;32mOK[0m
  POOL_2D(pool_type=max,type_input=f32,ne_input=[10,10,3,1],k0=3,k1=3,s0=2,s1=1,p0=1,p1=1): [1;32mOK[0m
  POOL_2D(pool_type=max,type_input=f32,ne_input=[10,10,3,1],k0=3,k1=3,s0=2,s1=2,p0=0,p1=0): [1;32mOK[0m
  POOL_2D(pool_type=max,type_input=f32,ne_input=[10,10,3,1],k0=3,k1=3,s0=2,s1=2,p0=0,p1=1): [1;32mOK[0m
  POOL_2D(pool_type=max,type_input=f32,ne_input=[10,10,3,1],k0=3,k1=3,s0=2,s1=2,p0=1,p1=0): [1;32mOK[0m
  POOL_2D(pool_type=max,type_input=f32,ne_input=[10,10,3,1],k0=3,k1=3,s0=2,s1=2,p0=1,p1=1): [1;32mOK[0m
  IM2COL(type_input=f32,type_kernel=f32,dst_type=f32,ne_input=[3000,128,1,1],ne_kernel=[3,128,1280,1],s0=1,s1=0,p0=1,p1=0,d0=1,d1=0,is_2D=0): not supported [Metal] 
  IM2COL(type_input=f32,type_kernel=f16,dst_type=f32,ne_input=[3000,128,1,1],ne_kernel=[3,128,1280,1],s0=1,s1=0,p0=1,p1=0,d0=1,d1=0,is_2D=0): [1;32mOK[0m
  IM2COL(type_input=f32,type_kernel=f16,dst_type=f16,ne_input=[3000,128,1,1],ne_kernel=[3,128,1280,1],s0=1,s1=0,p0=1,p1=0,d0=1,d1=0,is_2D=0): [1;32mOK[0m
  IM2COL(type_input=f32,type_kernel=f32,dst_type=f32,ne_input=[20,2,2,1],ne_kernel=[3,2,2,1],s0=1,s1=0,p0=0,p1=0,d0=1,d1=0,is_2D=0): not supported [Metal] 
  IM2COL(type_input=f32,type_kernel=f32,dst_type=f32,ne_input=[20,2,2,1],ne_kernel=[3,2,2,1],s0=1,s1=0,p0=0,p1=0,d0=3,d1=0,is_2D=0): not supported [Metal] 
  IM2COL(type_input=f32,type_kernel=f32,dst_type=f32,ne_input=[20,2,2,1],ne_kernel=[3,2,2,1],s0=1,s1=0,p0=3,p1=0,d0=1,d1=0,is_2D=0): not supported [Metal] 
  IM2COL(type_input=f32,type_kernel=f32,dst_type=f32,ne_input=[20,2,2,1],ne_kernel=[3,2,2,1],s0=1,s1=0,p0=3,p1=0,d0=3,d1=0,is_2D=0): not supported [Metal] 
  IM2COL(type_input=f32,type_kernel=f32,dst_type=f32,ne_input=[20,2,2,1],ne_kernel=[3,2,2,1],s0=3,s1=0,p0=0,p1=0,d0=1,d1=0,is_2D=0): not supported [Metal] 
  IM2COL(type_input=f32,type_kernel=f32,dst_type=f32,ne_input=[20,2,2,1],ne_kernel=[3,2,2,1],s0=3,s1=0,p0=0,p1=0,d0=3,d1=0,is_2D=0): not supported [Metal] 
  IM2COL(type_input=f32,type_kernel=f32,dst_type=f32,ne_input=[20,2,2,1],ne_kernel=[3,2,2,1],s0=3,s1=0,p0=3,p1=0,d0=1,d1=0,is_2D=0): not supported [Metal] 
  IM2COL(type_input=f32,type_kernel=f32,dst_type=f32,ne_input=[20,2,2,1],ne_kernel=[3,2,2,1],s0=3,s1=0,p0=3,p1=0,d0=3,d1=0,is_2D=0): not supported [Metal] 
  IM2COL(type_input=f32,type_kernel=f32,dst_type=f32,ne_input=[10,10,3,1],ne_kernel=[3,3,3,1],s0=1,s1=1,p0=1,p1=1,d0=1,d1=1,is_2D=1): not supported [Metal] 
  IM2COL(type_input=f32,type_kernel=f16,dst_type=f32,ne_input=[10,10,3,1],ne_kernel=[3,3,3,1],s0=1,s1=1,p0=1,p1=1,d0=1,d1=1,is_2D=1): [1;32mOK[0m
  IM2COL(type_input=f32,type_kernel=f16,dst_type=f16,ne_input=[10,10,3,1],ne_kernel=[3,3,3,1],s0=1,s1=1,p0=1,p1=1,d0=1,d1=1,is_2D=1): [1;32mOK[0m
  IM2COL(type_input=f32,type_kernel=f32,dst_type=f32,ne_input=[20,20,2,2],ne_kernel=[3,3,2,2],s0=1,s1=1,p0=0,p1=0,d0=1,d1=1,is_2D=1): not supported [Metal] 
  IM2COL(type_input=f32,type_kernel=f32,dst_type=f32,ne_input=[20,20,2,2],ne_kernel=[3,3,2,2],s0=1,s1=1,p0=0,p1=0,d0=1,d1=3,is_2D=1): not supported [Metal] 
  IM2COL(type_input=f32,type_kernel=f32,dst_type=f32,ne_input=[20,20,2,2],ne_kernel=[3,3,2,2],s0=1,s1=1,p0=0,p1=0,d0=3,d1=1,is_2D=1): not supported [Metal] 
  IM2COL(type_input=f32,type_kernel=f32,dst_type=f32,ne_input=[20,20,2,2],ne_kernel=[3,3,2,2],s0=1,s1=1,p0=0,p1=0,d0=3,d1=3,is_2D=1): not supported [Metal] 
  IM2COL(type_input=f32,type_kernel=f32,dst_type=f32,ne_input=[20,20,2,2],ne_kernel=[3,3,2,2],s0=1,s1=1,p0=0,p1=3,d0=1,d1=1,is_2D=1): not supported [Metal] 
  IM2COL(type_input=f32,type_kernel=f32,dst_type=f32,ne_input=[20,20,2,2],ne_kernel=[3,3,2,2],s0=1,s1=1,p0=0,p1=3,d0=1,d1=3,is_2D=1): not supported [Metal] 
  IM2COL(type_input=f32,type_kernel=f32,dst_type=f32,ne_input=[20,20,2,2],ne_kernel=[3,3,2,2],s0=1,s1=1,p0=0,p1=3,d0=3,d1=1,is_2D=1): not supported [Metal] 
  IM2COL(type_input=f32,type_kernel=f32,dst_type=f32,ne_input=[20,20,2,2],ne_kernel=[3,3,2,2],s0=1,s1=1,p0=0,p1=3,d0=3,d1=3,is_2D=1): not supported [Metal] 
  IM2COL(type_input=f32,type_kernel=f32,dst_type=f32,ne_input=[20,20,2,2],ne_kernel=[3,3,2,2],s0=1,s1=1,p0=3,p1=0,d0=1,d1=1,is_2D=1): not supported [Metal] 
  IM2COL(type_input=f32,type_kernel=f32,dst_type=f32,ne_input=[20,20,2,2],ne_kernel=[3,3,2,2],s0=1,s1=1,p0=3,p1=0,d0=1,d1=3,is_2D=1): not supported [Metal] 
  IM2COL(type_input=f32,type_kernel=f32,dst_type=f32,ne_input=[20,20,2,2],ne_kernel=[3,3,2,2],s0=1,s1=1,p0=3,p1=0,d0=3,d1=1,is_2D=1): not supported [Metal] 
  IM2COL(type_input=f32,type_kernel=f32,dst_type=f32,ne_input=[20,20,2,2],ne_kernel=[3,3,2,2],s0=1,s1=1,p0=3,p1=0,d0=3,d1=3,is_2D=1): not supported [Metal] 
  IM2COL(type_input=f32,type_kernel=f32,dst_type=f32,ne_input=[20,20,2,2],ne_kernel=[3,3,2,2],s0=1,s1=1,p0=3,p1=3,d0=1,d1=1,is_2D=1): not supported [Metal] 
  IM2COL(type_input=f32,type_kernel=f32,dst_type=f32,ne_input=[20,20,2,2],ne_kernel=[3,3,2,2],s0=1,s1=1,p0=3,p1=3,d0=1,d1=3,is_2D=1): not supported [Metal] 
  IM2COL(type_input=f32,type_kernel=f32,dst_type=f32,ne_input=[20,20,2,2],ne_kernel=[3,3,2,2],s0=1,s1=1,p0=3,p1=3,d0=3,d1=1,is_2D=1): not supported [Metal] 
  IM2COL(type_input=f32,type_kernel=f32,dst_type=f32,ne_input=[20,20,2,2],ne_kernel=[3,3,2,2],s0=1,s1=1,p0=3,p1=3,d0=3,d1=3,is_2D=1): not supported [Metal] 
  IM2COL(type_input=f32,type_kernel=f32,dst_type=f32,ne_input=[20,20,2,2],ne_kernel=[3,3,2,2],s0=1,s1=3,p0=0,p1=0,d0=1,d1=1,is_2D=1): not supported [Metal] 
  IM2COL(type_input=f32,type_kernel=f32,dst_type=f32,ne_input=[20,20,2,2],ne_kernel=[3,3,2,2],s0=1,s1=3,p0=0,p1=0,d0=1,d1=3,is_2D=1): not supported [Metal] 
  IM2COL(type_input=f32,type_kernel=f32,dst_type=f32,ne_input=[20,20,2,2],ne_kernel=[3,3,2,2],s0=1,s1=3,p0=0,p1=0,d0=3,d1=1,is_2D=1): not supported [Metal] 
  IM2COL(type_input=f32,type_kernel=f32,dst_type=f32,ne_input=[20,20,2,2],ne_kernel=[3,3,2,2],s0=1,s1=3,p0=0,p1=0,d0=3,d1=3,is_2D=1): not supported [Metal] 
  IM2COL(type_input=f32,type_kernel=f32,dst_type=f32,ne_input=[20,20,2,2],ne_kernel=[3,3,2,2],s0=1,s1=3,p0=0,p1=3,d0=1,d1=1,is_2D=1): not supported [Metal] 
  IM2COL(type_input=f32,type_kernel=f32,dst_type=f32,ne_input=[20,20,2,2],ne_kernel=[3,3,2,2],s0=1,s1=3,p0=0,p1=3,d0=1,d1=3,is_2D=1): not supported [Metal] 
  IM2COL(type_input=f32,type_kernel=f32,dst_type=f32,ne_input=[20,20,2,2],ne_kernel=[3,3,2,2],s0=1,s1=3,p0=0,p1=3,d0=3,d1=1,is_2D=1): not supported [Metal] 
  IM2COL(type_input=f32,type_kernel=f32,dst_type=f32,ne_input=[20,20,2,2],ne_kernel=[3,3,2,2],s0=1,s1=3,p0=0,p1=3,d0=3,d1=3,is_2D=1): not supported [Metal] 
  IM2COL(type_input=f32,type_kernel=f32,dst_type=f32,ne_input=[20,20,2,2],ne_kernel=[3,3,2,2],s0=1,s1=3,p0=3,p1=0,d0=1,d1=1,is_2D=1): not supported [Metal] 
  IM2COL(type_input=f32,type_kernel=f32,dst_type=f32,ne_input=[20,20,2,2],ne_kernel=[3,3,2,2],s0=1,s1=3,p0=3,p1=0,d0=1,d1=3,is_2D=1): not supported [Metal] 
  IM2COL(type_input=f32,type_kernel=f32,dst_type=f32,ne_input=[20,20,2,2],ne_kernel=[3,3,2,2],s0=1,s1=3,p0=3,p1=0,d0=3,d1=1,is_2D=1): not supported [Metal] 
  IM2COL(type_input=f32,type_kernel=f32,dst_type=f32,ne_input=[20,20,2,2],ne_kernel=[3,3,2,2],s0=1,s1=3,p0=3,p1=0,d0=3,d1=3,is_2D=1): not supported [Metal] 
  IM2COL(type_input=f32,type_kernel=f32,dst_type=f32,ne_input=[20,20,2,2],ne_kernel=[3,3,2,2],s0=1,s1=3,p0=3,p1=3,d0=1,d1=1,is_2D=1): not supported [Metal] 
  IM2COL(type_input=f32,type_kernel=f32,dst_type=f32,ne_input=[20,20,2,2],ne_kernel=[3,3,2,2],s0=1,s1=3,p0=3,p1=3,d0=1,d1=3,is_2D=1): not supported [Metal] 
  IM2COL(type_input=f32,type_kernel=f32,dst_type=f32,ne_input=[20,20,2,2],ne_kernel=[3,3,2,2],s0=1,s1=3,p0=3,p1=3,d0=3,d1=1,is_2D=1): not supported [Metal] 
  IM2COL(type_input=f32,type_kernel=f32,dst_type=f32,ne_input=[20,20,2,2],ne_kernel=[3,3,2,2],s0=1,s1=3,p0=3,p1=3,d0=3,d1=3,is_2D=1): not supported [Metal] 
  IM2COL(type_input=f32,type_kernel=f32,dst_type=f32,ne_input=[20,20,2,2],ne_kernel=[3,3,2,2],s0=3,s1=1,p0=0,p1=0,d0=1,d1=1,is_2D=1): not supported [Metal] 
  IM2COL(type_input=f32,type_kernel=f32,dst_type=f32,ne_input=[20,20,2,2],ne_kernel=[3,3,2,2],s0=3,s1=1,p0=0,p1=0,d0=1,d1=3,is_2D=1): not supported [Metal] 
  IM2COL(type_input=f32,type_kernel=f32,dst_type=f32,ne_input=[20,20,2,2],ne_kernel=[3,3,2,2],s0=3,s1=1,p0=0,p1=0,d0=3,d1=1,is_2D=1): not supported [Metal] 
  IM2COL(type_input=f32,type_kernel=f32,dst_type=f32,ne_input=[20,20,2,2],ne_kernel=[3,3,2,2],s0=3,s1=1,p0=0,p1=0,d0=3,d1=3,is_2D=1): not supported [Metal] 
  IM2COL(type_input=f32,type_kernel=f32,dst_type=f32,ne_input=[20,20,2,2],ne_kernel=[3,3,2,2],s0=3,s1=1,p0=0,p1=3,d0=1,d1=1,is_2D=1): not supported [Metal] 
  IM2COL(type_input=f32,type_kernel=f32,dst_type=f32,ne_input=[20,20,2,2],ne_kernel=[3,3,2,2],s0=3,s1=1,p0=0,p1=3,d0=1,d1=3,is_2D=1): not supported [Metal] 
  IM2COL(type_input=f32,type_kernel=f32,dst_type=f32,ne_input=[20,20,2,2],ne_kernel=[3,3,2,2],s0=3,s1=1,p0=0,p1=3,d0=3,d1=1,is_2D=1): not supported [Metal] 
  IM2COL(type_input=f32,type_kernel=f32,dst_type=f32,ne_input=[20,20,2,2],ne_kernel=[3,3,2,2],s0=3,s1=1,p0=0,p1=3,d0=3,d1=3,is_2D=1): not supported [Metal] 
  IM2COL(type_input=f32,type_kernel=f32,dst_type=f32,ne_input=[20,20,2,2],ne_kernel=[3,3,2,2],s0=3,s1=1,p0=3,p1=0,d0=1,d1=1,is_2D=1): not supported [Metal] 
  IM2COL(type_input=f32,type_kernel=f32,dst_type=f32,ne_input=[20,20,2,2],ne_kernel=[3,3,2,2],s0=3,s1=1,p0=3,p1=0,d0=1,d1=3,is_2D=1): not supported [Metal] 
  IM2COL(type_input=f32,type_kernel=f32,dst_type=f32,ne_input=[20,20,2,2],ne_kernel=[3,3,2,2],s0=3,s1=1,p0=3,p1=0,d0=3,d1=1,is_2D=1): not supported [Metal] 
  IM2COL(type_input=f32,type_kernel=f32,dst_type=f32,ne_input=[20,20,2,2],ne_kernel=[3,3,2,2],s0=3,s1=1,p0=3,p1=0,d0=3,d1=3,is_2D=1): not supported [Metal] 
  IM2COL(type_input=f32,type_kernel=f32,dst_type=f32,ne_input=[20,20,2,2],ne_kernel=[3,3,2,2],s0=3,s1=1,p0=3,p1=3,d0=1,d1=1,is_2D=1): not supported [Metal] 
  IM2COL(type_input=f32,type_kernel=f32,dst_type=f32,ne_input=[20,20,2,2],ne_kernel=[3,3,2,2],s0=3,s1=1,p0=3,p1=3,d0=1,d1=3,is_2D=1): not supported [Metal] 
  IM2COL(type_input=f32,type_kernel=f32,dst_type=f32,ne_input=[20,20,2,2],ne_kernel=[3,3,2,2],s0=3,s1=1,p0=3,p1=3,d0=3,d1=1,is_2D=1): not supported [Metal] 
  IM2COL(type_input=f32,type_kernel=f32,dst_type=f32,ne_input=[20,20,2,2],ne_kernel=[3,3,2,2],s0=3,s1=1,p0=3,p1=3,d0=3,d1=3,is_2D=1): not supported [Metal] 
  IM2COL(type_input=f32,type_kernel=f32,dst_type=f32,ne_input=[20,20,2,2],ne_kernel=[3,3,2,2],s0=3,s1=3,p0=0,p1=0,d0=1,d1=1,is_2D=1): not supported [Metal] 
  IM2COL(type_input=f32,type_kernel=f32,dst_type=f32,ne_input=[20,20,2,2],ne_kernel=[3,3,2,2],s0=3,s1=3,p0=0,p1=0,d0=1,d1=3,is_2D=1): not supported [Metal] 
  IM2COL(type_input=f32,type_kernel=f32,dst_type=f32,ne_input=[20,20,2,2],ne_kernel=[3,3,2,2],s0=3,s1=3,p0=0,p1=0,d0=3,d1=1,is_2D=1): not supported [Metal] 
  IM2COL(type_input=f32,type_kernel=f32,dst_type=f32,ne_input=[20,20,2,2],ne_kernel=[3,3,2,2],s0=3,s1=3,p0=0,p1=0,d0=3,d1=3,is_2D=1): not supported [Metal] 
  IM2COL(type_input=f32,type_kernel=f32,dst_type=f32,ne_input=[20,20,2,2],ne_kernel=[3,3,2,2],s0=3,s1=3,p0=0,p1=3,d0=1,d1=1,is_2D=1): not supported [Metal] 
  IM2COL(type_input=f32,type_kernel=f32,dst_type=f32,ne_input=[20,20,2,2],ne_kernel=[3,3,2,2],s0=3,s1=3,p0=0,p1=3,d0=1,d1=3,is_2D=1): not supported [Metal] 
  IM2COL(type_input=f32,type_kernel=f32,dst_type=f32,ne_input=[20,20,2,2],ne_kernel=[3,3,2,2],s0=3,s1=3,p0=0,p1=3,d0=3,d1=1,is_2D=1): not supported [Metal] 
  IM2COL(type_input=f32,type_kernel=f32,dst_type=f32,ne_input=[20,20,2,2],ne_kernel=[3,3,2,2],s0=3,s1=3,p0=0,p1=3,d0=3,d1=3,is_2D=1): not supported [Metal] 
  IM2COL(type_input=f32,type_kernel=f32,dst_type=f32,ne_input=[20,20,2,2],ne_kernel=[3,3,2,2],s0=3,s1=3,p0=3,p1=0,d0=1,d1=1,is_2D=1): not supported [Metal] 
  IM2COL(type_input=f32,type_kernel=f32,dst_type=f32,ne_input=[20,20,2,2],ne_kernel=[3,3,2,2],s0=3,s1=3,p0=3,p1=0,d0=1,d1=3,is_2D=1): not supported [Metal] 
  IM2COL(type_input=f32,type_kernel=f32,dst_type=f32,ne_input=[20,20,2,2],ne_kernel=[3,3,2,2],s0=3,s1=3,p0=3,p1=0,d0=3,d1=1,is_2D=1): not supported [Metal] 
  IM2COL(type_input=f32,type_kernel=f32,dst_type=f32,ne_input=[20,20,2,2],ne_kernel=[3,3,2,2],s0=3,s1=3,p0=3,p1=0,d0=3,d1=3,is_2D=1): not supported [Metal] 
  IM2COL(type_input=f32,type_kernel=f32,dst_type=f32,ne_input=[20,20,2,2],ne_kernel=[3,3,2,2],s0=3,s1=3,p0=3,p1=3,d0=1,d1=1,is_2D=1): not supported [Metal] 
  IM2COL(type_input=f32,type_kernel=f32,dst_type=f32,ne_input=[20,20,2,2],ne_kernel=[3,3,2,2],s0=3,s1=3,p0=3,p1=3,d0=1,d1=3,is_2D=1): not supported [Metal] 
  IM2COL(type_input=f32,type_kernel=f32,dst_type=f32,ne_input=[20,20,2,2],ne_kernel=[3,3,2,2],s0=3,s1=3,p0=3,p1=3,d0=3,d1=1,is_2D=1): not supported [Metal] 
  IM2COL(type_input=f32,type_kernel=f32,dst_type=f32,ne_input=[20,20,2,2],ne_kernel=[3,3,2,2],s0=3,s1=3,p0=3,p1=3,d0=3,d1=3,is_2D=1): not supported [Metal] 
  IM2COL(type_input=f32,type_kernel=f16,dst_type=f16,ne_input=[12,12,1,32],ne_kernel=[3,3,1,32],s0=1,s1=1,p0=1,p1=1,d0=1,d1=1,is_2D=1): [1;32mOK[0m
  IM2COL(type_input=f32,type_kernel=f16,dst_type=f16,ne_input=[12,12,2,32],ne_kernel=[3,3,2,32],s0=1,s1=1,p0=1,p1=1,d0=1,d1=1,is_2D=1): [1;32mOK[0m
  IM2COL(type_input=f32,type_kernel=f16,dst_type=f16,ne_input=[12,12,1,1024],ne_kernel=[3,3,1,1024],s0=1,s1=1,p0=1,p1=1,d0=1,d1=1,is_2D=1): [1;32mOK[0m
  IM2COL(type_input=f32,type_kernel=f16,dst_type=f16,ne_input=[12,12,2,1024],ne_kernel=[3,3,2,1024],s0=1,s1=1,p0=1,p1=1,d0=1,d1=1,is_2D=1): [1;32mOK[0m
  IM2COL(type_input=f32,type_kernel=f16,dst_type=f16,ne_input=[12,12,1,2048],ne_kernel=[3,3,1,2048],s0=1,s1=1,p0=1,p1=1,d0=1,d1=1,is_2D=1): [1;32mOK[0m
  IM2COL(type_input=f32,type_kernel=f16,dst_type=f16,ne_input=[12,12,2,2048],ne_kernel=[3,3,2,2048],s0=1,s1=1,p0=1,p1=1,d0=1,d1=1,is_2D=1): [1;32mOK[0m
  IM2COL(type_input=f32,type_kernel=f16,dst_type=f16,ne_input=[12,12,1,2560],ne_kernel=[3,3,1,2560],s0=1,s1=1,p0=1,p1=1,d0=1,d1=1,is_2D=1): [1;32mOK[0m
  IM2COL(type_input=f32,type_kernel=f16,dst_type=f16,ne_input=[12,12,2,2560],ne_kernel=[3,3,2,2560],s0=1,s1=1,p0=1,p1=1,d0=1,d1=1,is_2D=1): [1;32mOK[0m
  CONV_TRANSPOSE_1D(ne_input=[197,32,1,1],ne_kernel=[16,32,32,1],s0=1,p0=0,d0=1): [1;32mOK[0m
  CONV_TRANSPOSE_1D(ne_input=[3,2,1,1],ne_kernel=[2,3,2,1],s0=3,p0=0,d0=1): [1;32mOK[0m
  CONV_TRANSPOSE_1D(ne_input=[3,2,1,1],ne_kernel=[2,3,2,1],s0=2,p0=0,d0=1): [1;32mOK[0m
  CONV_TRANSPOSE_1D(ne_input=[3,2,1,1],ne_kernel=[2,3,2,1],s0=1,p0=0,d0=1): [1;32mOK[0m
  CONV_TRANSPOSE_1D(ne_input=[3,2,1,1],ne_kernel=[3,2,2,1],s0=2,p0=0,d0=1): [1;32mOK[0m
  CONV_TRANSPOSE_1D(ne_input=[3,2,1,1],ne_kernel=[3,2,2,1],s0=1,p0=0,d0=1): [1;32mOK[0m
  CONV_TRANSPOSE_1D(ne_input=[3,2,1,1],ne_kernel=[3,1,2,1],s0=1,p0=0,d0=1): [1;32mOK[0m
  CONV_TRANSPOSE_1D(ne_input=[2,1,1,1],ne_kernel=[3,1,1,1],s0=1,p0=0,d0=1): [1;32mOK[0m
  COUNT_EQUAL(type=f32,ne=[4,500,1,1]): not supported [Metal] 
  COUNT_EQUAL(type=f32,ne=[4,5000,1,1]): not supported [Metal] 
  ARGMAX(type=f32,ne=[32,1,1,1]): [1;32mOK[0m
  ARGMAX(type=f32,ne=[100,10,1,1]): [1;32mOK[0m
  ARGMAX(type=f32,ne=[1024,10,1,1]): [1;32mOK[0m
  ARGMAX(type=f32,ne=[1024,12,1,1]): [1;32mOK[0m
  ARGMAX(type=f32,ne=[2000,10,1,1]): [1;32mOK[0m
  ARGMAX(type=f32,ne=[5438,3,1,1]): [1;32mOK[0m
  REPEAT(type=f32,ne=[10,5,4,1],nr=[1,1,1,1]): [1;32mOK[0m
  REPEAT(type=f32,ne=[10,5,4,1],nr=[2,1,1,1]): [1;32mOK[0m
  REPEAT(type=f32,ne=[10,5,4,1],nr=[1,2,1,1]): [1;32mOK[0m
  REPEAT(type=f32,ne=[10,5,4,1],nr=[1,1,2,1]): [1;32mOK[0m
  REPEAT(type=f32,ne=[10,5,4,1],nr=[1,1,1,2]): [1;32mOK[0m
  REPEAT(type=i32,ne=[10,5,4,1],nr=[2,1,1,1]): [1;32mOK[0m
  REPEAT(type=i16,ne=[10,5,4,1],nr=[1,1,1,2]): [1;32mOK[0m
  REPEAT(type=f32,ne=[10,5,4,3],nr=[1,1,1,1]): [1;32mOK[0m
  REPEAT(type=f32,ne=[10,5,4,3],nr=[2,1,1,1]): [1;32mOK[0m
  REPEAT(type=f32,ne=[10,5,4,3],nr=[1,2,1,1]): [1;32mOK[0m
  REPEAT(type=f32,ne=[10,5,4,3],nr=[1,1,2,1]): [1;32mOK[0m
  REPEAT(type=f32,ne=[10,5,4,3],nr=[1,1,1,2]): [1;32mOK[0m
  REPEAT(type=i32,ne=[10,5,4,3],nr=[2,1,1,1]): [1;32mOK[0m
  REPEAT(type=i16,ne=[10,5,4,3],nr=[1,1,1,2]): [1;32mOK[0m
  REPEAT_BACK(type=f32,ne=[8,6,4,2],nr=[1,1,1,1],v=0): not supported [Metal] 
  REPEAT_BACK(type=f32,ne=[8,6,4,2],nr=[2,1,1,1],v=0): not supported [Metal] 
  REPEAT_BACK(type=f32,ne=[8,6,4,2],nr=[1,2,1,1],v=0): not supported [Metal] 
  REPEAT_BACK(type=f32,ne=[8,6,4,2],nr=[1,1,2,1],v=0): not supported [Metal] 
  REPEAT_BACK(type=f32,ne=[8,6,4,2],nr=[1,1,1,2],v=0): not supported [Metal] 
  REPEAT_BACK(type=f32,ne=[8,6,4,2],nr=[1,1,1,1],v=1): not supported [Metal] 
  REPEAT_BACK(type=f32,ne=[8,6,4,2],nr=[2,1,1,1],v=1): not supported [Metal] 
  REPEAT_BACK(type=f32,ne=[8,6,4,2],nr=[1,2,1,1],v=1): not supported [Metal] 
  REPEAT_BACK(type=f32,ne=[8,6,4,2],nr=[1,1,2,1],v=1): not supported [Metal] 
  REPEAT_BACK(type=f32,ne=[8,6,4,2],nr=[1,1,1,2],v=1): not supported [Metal] 
  DUP(type=f32,ne=[10,10,20,1]): [1;32mOK[0m
  DUP(type=f16,ne=[10,10,20,1]): [1;32mOK[0m
  DUP(type=i32,ne=[10,10,20,1]): not supported [Metal] 
  DUP(type=i16,ne=[10,10,20,1]): not supported [Metal] 
  DUP(type=f32,ne=[10,10,5,1],permute=[0,2,1,3]): [1;32mOK[0m
  DUP(type=f16,ne=[10,10,5,1],permute=[0,2,1,3]): [1;32mOK[0m
  DUP(type=f32,ne=[10,10,5,1],permute=[1,0,2,3]): [1;32mOK[0m
  DUP(type=f16,ne=[10,10,5,1],permute=[1,0,2,3]): [1;32mOK[0m
  DUP(type=i16,ne=[10,8,3,1],permute=[0,2,1,3]): not supported [Metal] 
  DUP(type=i16,ne=[10,8,3,1],permute=[1,2,0,3]): not supported [Metal] 
  SET(type_src=f32,type_dst=f32,ne=[6,5,4,3],dim=1): [1;32mOK[0m
  SET(type_src=f32,type_dst=f32,ne=[6,5,4,3],dim=2): [1;32mOK[0m
  SET(type_src=f32,type_dst=f32,ne=[6,5,4,3],dim=3): [1;32mOK[0m
  SET(type_src=i32,type_dst=i32,ne=[6,5,4,3],dim=1): [1;32mOK[0m
  SET(type_src=i32,type_dst=i32,ne=[6,5,4,3],dim=2): [1;32mOK[0m
  SET(type_src=i32,type_dst=i32,ne=[6,5,4,3],dim=3): [1;32mOK[0m
  CPY(type_src=f16,type_dst=f32,ne=[256,4,4,4],permute=[0,0,0,0]): [1;32mOK[0m
  CPY(type_src=f16,type_dst=f32,ne=[256,2,3,4],permute=[0,2,1,3]): [1;32mOK[0m
  CPY(type_src=f16,type_dst=f16,ne=[256,4,4,4],permute=[0,0,0,0]): [1;32mOK[0m
  CPY(type_src=f16,type_dst=f16,ne=[256,2,3,4],permute=[0,2,1,3]): [1;32mOK[0m
  CPY(type_src=f16,type_dst=bf16,ne=[256,4,4,4],permute=[0,0,0,0]): not supported [Metal] 
  CPY(type_src=f16,type_dst=bf16,ne=[256,2,3,4],permute=[0,2,1,3]): not supported [Metal] 
  CPY(type_src=f16,type_dst=q4_0,ne=[256,4,4,4],permute=[0,0,0,0]): not supported [Metal] 
  CPY(type_src=f16,type_dst=q4_0,ne=[256,2,3,4],permute=[0,2,1,3]): not supported [Metal] 
  CPY(type_src=f16,type_dst=q4_1,ne=[256,4,4,4],permute=[0,0,0,0]): not supported [Metal] 
  CPY(type_src=f16,type_dst=q4_1,ne=[256,2,3,4],permute=[0,2,1,3]): not supported [Metal] 
  CPY(type_src=f16,type_dst=q5_0,ne=[256,4,4,4],permute=[0,0,0,0]): not supported [Metal] 
  CPY(type_src=f16,type_dst=q5_0,ne=[256,2,3,4],permute=[0,2,1,3]): not supported [Metal] 
  CPY(type_src=f16,type_dst=q5_1,ne=[256,4,4,4],permute=[0,0,0,0]): not supported [Metal] 
  CPY(type_src=f16,type_dst=q5_1,ne=[256,2,3,4],permute=[0,2,1,3]): not supported [Metal] 
  CPY(type_src=f16,type_dst=q8_0,ne=[256,4,4,4],permute=[0,0,0,0]): not supported [Metal] 
  CPY(type_src=f16,type_dst=q8_0,ne=[256,2,3,4],permute=[0,2,1,3]): not supported [Metal] 
  CPY(type_src=f16,type_dst=q2_K,ne=[256,4,4,4],permute=[0,0,0,0]): not supported [Metal] 
  CPY(type_src=f16,type_dst=q2_K,ne=[256,2,3,4],permute=[0,2,1,3]): not supported [Metal] 
  CPY(type_src=f16,type_dst=q3_K,ne=[256,4,4,4],permute=[0,0,0,0]): not supported [Metal] 
  CPY(type_src=f16,type_dst=q3_K,ne=[256,2,3,4],permute=[0,2,1,3]): not supported [Metal] 
  CPY(type_src=f16,type_dst=q4_K,ne=[256,4,4,4],permute=[0,0,0,0]): not supported [Metal] 
  CPY(type_src=f16,type_dst=q4_K,ne=[256,2,3,4],permute=[0,2,1,3]): not supported [Metal] 
  CPY(type_src=f16,type_dst=q5_K,ne=[256,4,4,4],permute=[0,0,0,0]): not supported [Metal] 
  CPY(type_src=f16,type_dst=q5_K,ne=[256,2,3,4],permute=[0,2,1,3]): not supported [Metal] 
  CPY(type_src=f16,type_dst=q6_K,ne=[256,4,4,4],permute=[0,0,0,0]): not supported [Metal] 
  CPY(type_src=f16,type_dst=q6_K,ne=[256,2,3,4],permute=[0,2,1,3]): not supported [Metal] 
  CPY(type_src=f16,type_dst=iq2_xxs,ne=[256,4,4,4],permute=[0,0,0,0]): not supported [Metal] not supported [CPU] 
  CPY(type_src=f16,type_dst=iq2_xxs,ne=[256,2,3,4],permute=[0,2,1,3]): not supported [Metal] not supported [CPU] 
  CPY(type_src=f16,type_dst=iq2_xs,ne=[256,4,4,4],permute=[0,0,0,0]): not supported [Metal] not supported [CPU] 
  CPY(type_src=f16,type_dst=iq2_xs,ne=[256,2,3,4],permute=[0,2,1,3]): not supported [Metal] not supported [CPU] 
  CPY(type_src=f16,type_dst=iq2_s,ne=[256,4,4,4],permute=[0,0,0,0]): not supported [Metal] not supported [CPU] 
  CPY(type_src=f16,type_dst=iq2_s,ne=[256,2,3,4],permute=[0,2,1,3]): not supported [Metal] not supported [CPU] 
  CPY(type_src=f16,type_dst=iq3_xxs,ne=[256,4,4,4],permute=[0,0,0,0]): not supported [Metal] not supported [CPU] 
  CPY(type_src=f16,type_dst=iq3_xxs,ne=[256,2,3,4],permute=[0,2,1,3]): not supported [Metal] not supported [CPU] 
  CPY(type_src=f16,type_dst=iq1_s,ne=[256,4,4,4],permute=[0,0,0,0]): not supported [Metal] not supported [CPU] 
  CPY(type_src=f16,type_dst=iq1_s,ne=[256,2,3,4],permute=[0,2,1,3]): not supported [Metal] not supported [CPU] 
  CPY(type_src=f16,type_dst=iq1_m,ne=[256,4,4,4],permute=[0,0,0,0]): not supported [Metal] not supported [CPU] 
  CPY(type_src=f16,type_dst=iq1_m,ne=[256,2,3,4],permute=[0,2,1,3]): not supported [Metal] not supported [CPU] 
  CPY(type_src=f16,type_dst=iq4_nl,ne=[256,4,4,4],permute=[0,0,0,0]): not supported [Metal] 
  CPY(type_src=f16,type_dst=iq4_nl,ne=[256,2,3,4],permute=[0,2,1,3]): not supported [Metal] 
  CPY(type_src=f16,type_dst=iq3_s,ne=[256,4,4,4],permute=[0,0,0,0]): not supported [Metal] not supported [CPU] 
  CPY(type_src=f16,type_dst=iq3_s,ne=[256,2,3,4],permute=[0,2,1,3]): not supported [Metal] not supported [CPU] 
  CPY(type_src=f16,type_dst=iq4_xs,ne=[256,4,4,4],permute=[0,0,0,0]): not supported [Metal] 
  CPY(type_src=f16,type_dst=iq4_xs,ne=[256,2,3,4],permute=[0,2,1,3]): not supported [Metal] 
  CPY(type_src=f32,type_dst=f32,ne=[256,4,4,4],permute=[0,0,0,0]): [1;32mOK[0m
  CPY(type_src=f32,type_dst=f32,ne=[256,2,3,4],permute=[0,2,1,3]): [1;32mOK[0m
  CPY(type_src=f32,type_dst=f16,ne=[256,4,4,4],permute=[0,0,0,0]): [1;32mOK[0m
  CPY(type_src=f32,type_dst=f16,ne=[256,2,3,4],permute=[0,2,1,3]): [1;32mOK[0m
  CPY(type_src=f32,type_dst=bf16,ne=[256,4,4,4],permute=[0,0,0,0]): not supported [Metal] 
  CPY(type_src=f32,type_dst=bf16,ne=[256,2,3,4],permute=[0,2,1,3]): not supported [Metal] 
  CPY(type_src=f32,type_dst=q4_0,ne=[256,4,4,4],permute=[0,0,0,0]): [1;32mOK[0m
  CPY(type_src=f32,type_dst=q4_0,ne=[256,2,3,4],permute=[0,2,1,3]): [1;32mOK[0m
  CPY(type_src=f32,type_dst=q4_1,ne=[256,4,4,4],permute=[0,0,0,0]): [1;32mOK[0m
  CPY(type_src=f32,type_dst=q4_1,ne=[256,2,3,4],permute=[0,2,1,3]): [1;32mOK[0m
  CPY(type_src=f32,type_dst=q5_0,ne=[256,4,4,4],permute=[0,0,0,0]): [1;32mOK[0m
  CPY(type_src=f32,type_dst=q5_0,ne=[256,2,3,4],permute=[0,2,1,3]): [1;32mOK[0m
  CPY(type_src=f32,type_dst=q5_1,ne=[256,4,4,4],permute=[0,0,0,0]): [1;32mOK[0m
  CPY(type_src=f32,type_dst=q5_1,ne=[256,2,3,4],permute=[0,2,1,3]): [1;32mOK[0m
  CPY(type_src=f32,type_dst=q8_0,ne=[256,4,4,4],permute=[0,0,0,0]): [1;32mOK[0m
  CPY(type_src=f32,type_dst=q8_0,ne=[256,2,3,4],permute=[0,2,1,3]): [1;32mOK[0m
  CPY(type_src=f32,type_dst=q2_K,ne=[256,4,4,4],permute=[0,0,0,0]): not supported [Metal] 
  CPY(type_src=f32,type_dst=q2_K,ne=[256,2,3,4],permute=[0,2,1,3]): not supported [Metal] 
  CPY(type_src=f32,type_dst=q3_K,ne=[256,4,4,4],permute=[0,0,0,0]): not supported [Metal] 
  CPY(type_src=f32,type_dst=q3_K,ne=[256,2,3,4],permute=[0,2,1,3]): not supported [Metal] 
  CPY(type_src=f32,type_dst=q4_K,ne=[256,4,4,4],permute=[0,0,0,0]): not supported [Metal] 
  CPY(type_src=f32,type_dst=q4_K,ne=[256,2,3,4],permute=[0,2,1,3]): not supported [Metal] 
  CPY(type_src=f32,type_dst=q5_K,ne=[256,4,4,4],permute=[0,0,0,0]): not supported [Metal] 
  CPY(type_src=f32,type_dst=q5_K,ne=[256,2,3,4],permute=[0,2,1,3]): not supported [Metal] 
  CPY(type_src=f32,type_dst=q6_K,ne=[256,4,4,4],permute=[0,0,0,0]): not supported [Metal] 
  CPY(type_src=f32,type_dst=q6_K,ne=[256,2,3,4],permute=[0,2,1,3]): not supported [Metal] 
  CPY(type_src=f32,type_dst=iq2_xxs,ne=[256,4,4,4],permute=[0,0,0,0]): not supported [Metal] not supported [CPU] 
  CPY(type_src=f32,type_dst=iq2_xxs,ne=[256,2,3,4],permute=[0,2,1,3]): not supported [Metal] not supported [CPU] 
  CPY(type_src=f32,type_dst=iq2_xs,ne=[256,4,4,4],permute=[0,0,0,0]): not supported [Metal] not supported [CPU] 
  CPY(type_src=f32,type_dst=iq2_xs,ne=[256,2,3,4],permute=[0,2,1,3]): not supported [Metal] not supported [CPU] 
  CPY(type_src=f32,type_dst=iq2_s,ne=[256,4,4,4],permute=[0,0,0,0]): not supported [Metal] not supported [CPU] 
  CPY(type_src=f32,type_dst=iq2_s,ne=[256,2,3,4],permute=[0,2,1,3]): not supported [Metal] not supported [CPU] 
  CPY(type_src=f32,type_dst=iq3_xxs,ne=[256,4,4,4],permute=[0,0,0,0]): not supported [Metal] not supported [CPU] 
  CPY(type_src=f32,type_dst=iq3_xxs,ne=[256,2,3,4],permute=[0,2,1,3]): not supported [Metal] not supported [CPU] 
  CPY(type_src=f32,type_dst=iq1_s,ne=[256,4,4,4],permute=[0,0,0,0]): not supported [Metal] not supported [CPU] 
  CPY(type_src=f32,type_dst=iq1_s,ne=[256,2,3,4],permute=[0,2,1,3]): not supported [Metal] not supported [CPU] 
  CPY(type_src=f32,type_dst=iq1_m,ne=[256,4,4,4],permute=[0,0,0,0]): not supported [Metal] not supported [CPU] 
  CPY(type_src=f32,type_dst=iq1_m,ne=[256,2,3,4],permute=[0,2,1,3]): not supported [Metal] not supported [CPU] 
  CPY(type_src=f32,type_dst=iq4_nl,ne=[256,4,4,4],permute=[0,0,0,0]): [1;32mOK[0m
  CPY(type_src=f32,type_dst=iq4_nl,ne=[256,2,3,4],permute=[0,2,1,3]): [1;32mOK[0m
  CPY(type_src=f32,type_dst=iq3_s,ne=[256,4,4,4],permute=[0,0,0,0]): not supported [Metal] not supported [CPU] 
  CPY(type_src=f32,type_dst=iq3_s,ne=[256,2,3,4],permute=[0,2,1,3]): not supported [Metal] not supported [CPU] 
  CPY(type_src=f32,type_dst=iq4_xs,ne=[256,4,4,4],permute=[0,0,0,0]): not supported [Metal] 
  CPY(type_src=f32,type_dst=iq4_xs,ne=[256,2,3,4],permute=[0,2,1,3]): not supported [Metal] 
  CPY(type_src=f32,type_dst=f32,ne=[256,4,4,4],permute=[0,0,0,0]): [1;32mOK[0m
  CPY(type_src=f32,type_dst=f32,ne=[256,2,3,4],permute=[0,2,1,3]): [1;32mOK[0m
  CPY(type_src=f16,type_dst=f32,ne=[256,4,4,4],permute=[0,0,0,0]): [1;32mOK[0m
  CPY(type_src=f16,type_dst=f32,ne=[256,2,3,4],permute=[0,2,1,3]): [1;32mOK[0m
  CPY(type_src=bf16,type_dst=f32,ne=[256,4,4,4],permute=[0,0,0,0]): not supported [Metal] 
  CPY(type_src=bf16,type_dst=f32,ne=[256,2,3,4],permute=[0,2,1,3]): not supported [Metal] 
  CPY(type_src=q4_0,type_dst=f32,ne=[256,4,4,4],permute=[0,0,0,0]): [1;32mOK[0m
  CPY(type_src=q4_0,type_dst=f32,ne=[256,2,3,4],permute=[0,2,1,3]): [1;32mOK[0m
  CPY(type_src=q4_1,type_dst=f32,ne=[256,4,4,4],permute=[0,0,0,0]): [1;32mOK[0m
  CPY(type_src=q4_1,type_dst=f32,ne=[256,2,3,4],permute=[0,2,1,3]): [1;32mOK[0m
  CPY(type_src=q5_0,type_dst=f32,ne=[256,4,4,4],permute=[0,0,0,0]): [1;32mOK[0m
  CPY(type_src=q5_0,type_dst=f32,ne=[256,2,3,4],permute=[0,2,1,3]): [1;32mOK[0m
  CPY(type_src=q5_1,type_dst=f32,ne=[256,4,4,4],permute=[0,0,0,0]): [1;32mOK[0m
  CPY(type_src=q5_1,type_dst=f32,ne=[256,2,3,4],permute=[0,2,1,3]): [1;32mOK[0m
  CPY(type_src=q8_0,type_dst=f32,ne=[256,4,4,4],permute=[0,0,0,0]): [1;32mOK[0m
  CPY(type_src=q8_0,type_dst=f32,ne=[256,2,3,4],permute=[0,2,1,3]): [1;32mOK[0m
  CPY(type_src=q2_K,type_dst=f32,ne=[256,4,4,4],permute=[0,0,0,0]): not supported [Metal] 
  CPY(type_src=q2_K,type_dst=f32,ne=[256,2,3,4],permute=[0,2,1,3]): not supported [Metal] 
  CPY(type_src=q3_K,type_dst=f32,ne=[256,4,4,4],permute=[0,0,0,0]): not supported [Metal] 
  CPY(type_src=q3_K,type_dst=f32,ne=[256,2,3,4],permute=[0,2,1,3]): not supported [Metal] 
  CPY(type_src=q4_K,type_dst=f32,ne=[256,4,4,4],permute=[0,0,0,0]): not supported [Metal] 
  CPY(type_src=q4_K,type_dst=f32,ne=[256,2,3,4],permute=[0,2,1,3]): not supported [Metal] 
  CPY(type_src=q5_K,type_dst=f32,ne=[256,4,4,4],permute=[0,0,0,0]): not supported [Metal] 
  CPY(type_src=q5_K,type_dst=f32,ne=[256,2,3,4],permute=[0,2,1,3]): not supported [Metal] 
  CPY(type_src=q6_K,type_dst=f32,ne=[256,4,4,4],permute=[0,0,0,0]): not supported [Metal] 
  CPY(type_src=q6_K,type_dst=f32,ne=[256,2,3,4],permute=[0,2,1,3]): not supported [Metal] 
  CPY(type_src=iq2_xxs,type_dst=f32,ne=[256,4,4,4],permute=[0,0,0,0]): not supported [Metal] 
  CPY(type_src=iq2_xxs,type_dst=f32,ne=[256,2,3,4],permute=[0,2,1,3]): not supported [Metal] 
  CPY(type_src=iq2_xs,type_dst=f32,ne=[256,4,4,4],permute=[0,0,0,0]): not supported [Metal] 
  CPY(type_src=iq2_xs,type_dst=f32,ne=[256,2,3,4],permute=[0,2,1,3]): not supported [Metal] 
  CPY(type_src=iq2_s,type_dst=f32,ne=[256,4,4,4],permute=[0,0,0,0]): not supported [Metal] 
  CPY(type_src=iq2_s,type_dst=f32,ne=[256,2,3,4],permute=[0,2,1,3]): not supported [Metal] 
  CPY(type_src=iq3_xxs,type_dst=f32,ne=[256,4,4,4],permute=[0,0,0,0]): not supported [Metal] 
  CPY(type_src=iq3_xxs,type_dst=f32,ne=[256,2,3,4],permute=[0,2,1,3]): not supported [Metal] 
  CPY(type_src=iq1_s,type_dst=f32,ne=[256,4,4,4],permute=[0,0,0,0]): not supported [Metal] 
  CPY(type_src=iq1_s,type_dst=f32,ne=[256,2,3,4],permute=[0,2,1,3]): not supported [Metal] 
  CPY(type_src=iq1_m,type_dst=f32,ne=[256,4,4,4],permute=[0,0,0,0]): not supported [Metal] 
  CPY(type_src=iq1_m,type_dst=f32,ne=[256,2,3,4],permute=[0,2,1,3]): not supported [Metal] 
  CPY(type_src=iq4_nl,type_dst=f32,ne=[256,4,4,4],permute=[0,0,0,0]): not supported [Metal] 
  CPY(type_src=iq4_nl,type_dst=f32,ne=[256,2,3,4],permute=[0,2,1,3]): not supported [Metal] 
  CPY(type_src=iq3_s,type_dst=f32,ne=[256,4,4,4],permute=[0,0,0,0]): not supported [Metal] 
  CPY(type_src=iq3_s,type_dst=f32,ne=[256,2,3,4],permute=[0,2,1,3]): not supported [Metal] 
  CPY(type_src=iq4_xs,type_dst=f32,ne=[256,4,4,4],permute=[0,0,0,0]): not supported [Metal] 
  CPY(type_src=iq4_xs,type_dst=f32,ne=[256,2,3,4],permute=[0,2,1,3]): not supported [Metal] 
  CPY(type_src=f16,type_dst=f16,ne=[256,2,3,4],permute=[1,0,2,3]): [1;32mOK[0m
  CPY(type_src=f16,type_dst=f32,ne=[256,2,3,4],permute=[1,0,2,3]): [1;32mOK[0m
  CPY(type_src=f32,type_dst=f16,ne=[256,2,3,4],permute=[1,0,2,3]): [1;32mOK[0m
  CPY(type_src=f32,type_dst=f32,ne=[256,2,3,4],permute=[1,0,2,3]): [1;32mOK[0m
  CONT(type=f32,ne=[10,10,10,1]): [1;32mOK[0m
  CONT(type=f32,ne=[2,1,1,1]): [1;32mOK[0m
  CONT(type=f32,ne=[2,1,3,5]): [1;32mOK[0m
  CONT(type=f32,ne=[2,3,5,7]): [1;32mOK[0m
  CONT(type=f16,ne=[2,1,1,1]): [1;32mOK[0m
  CONT(type=f16,ne=[2,1,3,5]): [1;32mOK[0m
  CONT(type=f16,ne=[2,3,5,7]): [1;32mOK[0m
  CONT(type=bf16,ne=[2,1,1,1]): not supported [Metal] 
  CONT(type=bf16,ne=[2,1,3,5]): not supported [Metal] 
  CONT(type=bf16,ne=[2,3,5,7]): not supported [Metal] 
  ADD(type=f16,ne=[1,1,8,1],nr=[1,1,1,1]): /Users/ggml/work/ggml/src/ggml-metal/ggml-metal.m:1509: GGML_ASSERT(src0t == GGML_TYPE_F32) failed

      Start 20: test-cont
20/20 Test #20: test-cont ........................   Passed    0.16 sec

95% tests passed, 1 tests failed out of 20

Total Test time (real) =  60.41 sec

The following tests FAILED:
	 19 - test-backend-ops (Subprocess aborted)
Errors while running CTest
