+ gg_run_ctest_debug
+ cd /home/ggml/work/llama.cpp
+ rm -rf build-ci-debug
+ tee /home/ggml/results/llama.cpp/00/49b1ac0bca0e966b14cc01f716bb83e8f71540/ggml-1-arm64-cpu-low-perf/ctest_debug.log
+ mkdir build-ci-debug
+ cd build-ci-debug
+ set -e
+ gg_check_build_requirements
+ command -v cmake
+ command -v make
+ command -v ctest
+ tee -a /home/ggml/results/llama.cpp/00/49b1ac0bca0e966b14cc01f716bb83e8f71540/ggml-1-arm64-cpu-low-perf/ctest_debug-cmake.log
+ cmake -DCMAKE_BUILD_TYPE=Debug -DLLAMA_FATAL_WARNINGS=ON ..
-- The C compiler identification is GNU 11.4.0
-- The CXX compiler identification is GNU 11.4.0
-- Detecting C compiler ABI info
-- Detecting C compiler ABI info - done
-- Check for working C compiler: /usr/bin/cc - skipped
-- Detecting C compile features
-- Detecting C compile features - done
-- Detecting CXX compiler ABI info
-- Detecting CXX compiler ABI info - done
-- Check for working CXX compiler: /usr/bin/c++ - skipped
-- Detecting CXX compile features
-- Detecting CXX compile features - done
-- Found Git: /usr/bin/git (found version "2.34.1") 
-- Looking for pthread.h
-- Looking for pthread.h - found
-- Performing Test CMAKE_HAVE_LIBC_PTHREAD
-- Performing Test CMAKE_HAVE_LIBC_PTHREAD - Success
-- Found Threads: TRUE  
-- Found OpenMP_C: -fopenmp (found version "4.5") 
-- Found OpenMP_CXX: -fopenmp (found version "4.5") 
-- Found OpenMP: TRUE (found version "4.5")  
-- OpenMP found
-- Using llamafile
-- ccache found, compilation results will be cached. Disable with GGML_CCACHE=OFF.
-- CMAKE_SYSTEM_PROCESSOR: aarch64
-- ARM detected
-- Performing Test COMPILER_SUPPORTS_FP16_FORMAT_I3E
-- Performing Test COMPILER_SUPPORTS_FP16_FORMAT_I3E - Failed
-- Configuring done
-- Generating done
-- Build files have been written to: /home/ggml/work/llama.cpp/build-ci-debug

real	0m1.086s
user	0m0.703s
sys	0m0.386s
+ tee -a /home/ggml/results/llama.cpp/00/49b1ac0bca0e966b14cc01f716bb83e8f71540/ggml-1-arm64-cpu-low-perf/ctest_debug-make.log
+ make -j
[  0%] Generating build details from Git
[  1%] Building C object examples/gguf-hash/CMakeFiles/xxhash.dir/deps/xxhash/xxhash.c.o
[  1%] Building C object examples/gguf-hash/CMakeFiles/sha256.dir/deps/sha256/sha256.c.o
[  2%] Building C object ggml/src/CMakeFiles/ggml.dir/ggml-alloc.c.o
-- Found Git: /usr/bin/git (found version "2.34.1") 
[  3%] Building C object examples/gguf-hash/CMakeFiles/sha1.dir/deps/sha1/sha1.c.o
[  4%] Building C object ggml/src/CMakeFiles/ggml.dir/ggml.c.o
[  4%] Building C object ggml/src/CMakeFiles/ggml.dir/ggml-backend.c.o
[  4%] Building CXX object ggml/src/CMakeFiles/ggml.dir/llamafile/sgemm.cpp.o
[  5%] Building C object ggml/src/CMakeFiles/ggml.dir/ggml-quants.c.o
[  5%] Built target sha1
[  6%] Building C object ggml/src/CMakeFiles/ggml.dir/ggml-aarch64.c.o
[  6%] Built target sha256
[  6%] Built target xxhash
[  6%] Linking CXX shared library libggml.so
[  7%] Building CXX object common/CMakeFiles/build_info.dir/build-info.cpp.o
[  7%] Built target build_info
[  7%] Built target ggml
[  7%] Building CXX object examples/gguf-hash/CMakeFiles/llama-gguf-hash.dir/gguf-hash.cpp.o
[  7%] Building CXX object examples/gguf/CMakeFiles/llama-gguf.dir/gguf.cpp.o
[  7%] Building CXX object src/CMakeFiles/llama.dir/llama-grammar.cpp.o
[  9%] Building CXX object src/CMakeFiles/llama.dir/llama.cpp.o
[  9%] Building CXX object src/CMakeFiles/llama.dir/llama-vocab.cpp.o
[  9%] Building CXX object src/CMakeFiles/llama.dir/unicode.cpp.o
[ 10%] Building CXX object src/CMakeFiles/llama.dir/llama-sampling.cpp.o
[ 11%] Building CXX object src/CMakeFiles/llama.dir/unicode-data.cpp.o
[ 12%] Linking CXX executable ../../bin/llama-gguf-hash
[ 13%] Linking CXX executable ../../bin/llama-gguf
[ 14%] Linking CXX shared library libllama.so
[ 14%] Built target llama-gguf-hash
[ 14%] Built target llama-gguf
[ 14%] Built target llama
[ 15%] Building C object tests/CMakeFiles/test-c.dir/test-c.c.o
[ 16%] Building CXX object common/CMakeFiles/common.dir/sampling.cpp.o
[ 16%] Building CXX object common/CMakeFiles/common.dir/common.cpp.o
[ 17%] Building CXX object examples/llava/CMakeFiles/llava.dir/llava.cpp.o
[ 18%] Building CXX object common/CMakeFiles/common.dir/grammar-parser.cpp.o
[ 18%] Building CXX object common/CMakeFiles/common.dir/console.cpp.o
[ 19%] Building CXX object examples/benchmark/CMakeFiles/llama-bench-matmult.dir/benchmark-matmult.cpp.o
[ 20%] Building CXX object common/CMakeFiles/common.dir/json-schema-to-grammar.cpp.o
[ 20%] Building CXX object examples/llava/CMakeFiles/llava.dir/clip.cpp.o
[ 20%] Building CXX object examples/quantize-stats/CMakeFiles/llama-quantize-stats.dir/quantize-stats.cpp.o
[ 20%] Linking C executable ../bin/test-c
[ 21%] Building CXX object common/CMakeFiles/common.dir/ngram-cache.cpp.o
[ 21%] Building CXX object common/CMakeFiles/common.dir/train.cpp.o
[ 21%] Linking CXX executable ../../bin/llama-bench-matmult
[ 21%] Built target llava
[ 22%] Linking CXX executable ../../bin/llama-quantize-stats
[ 22%] Linking CXX static library libcommon.a
[ 23%] Linking CXX shared library libllava_shared.so
[ 23%] Built target test-c
[ 23%] Linking CXX static library libllava_static.a
[ 23%] Built target llama-bench-matmult
[ 23%] Built target llava_static
[ 23%] Built target llama-quantize-stats
[ 23%] Built target common
[ 23%] Built target llava_shared
[ 24%] Building CXX object tests/CMakeFiles/test-tokenizer-0.dir/test-tokenizer-0.cpp.o
[ 24%] Building CXX object tests/CMakeFiles/test-tokenizer-1-bpe.dir/test-tokenizer-1-bpe.cpp.o
[ 24%] Building CXX object tests/CMakeFiles/test-tokenizer-1-spm.dir/test-tokenizer-1-spm.cpp.o
[ 25%] Building CXX object tests/CMakeFiles/test-quantize-perf.dir/test-quantize-perf.cpp.o
[ 26%] Building CXX object tests/CMakeFiles/test-quantize-fns.dir/get-model.cpp.o
[ 27%] Building CXX object tests/CMakeFiles/test-quantize-fns.dir/test-quantize-fns.cpp.o
[ 28%] Building CXX object tests/CMakeFiles/test-chat-template.dir/test-chat-template.cpp.o
[ 28%] Building CXX object tests/CMakeFiles/test-sampling.dir/test-sampling.cpp.o
[ 28%] Building CXX object tests/CMakeFiles/test-quantize-perf.dir/get-model.cpp.o
[ 29%] Building CXX object tests/CMakeFiles/test-llama-grammar.dir/get-model.cpp.o
[ 29%] Building CXX object tests/CMakeFiles/test-llama-grammar.dir/test-llama-grammar.cpp.o
[ 29%] Building CXX object tests/CMakeFiles/test-chat-template.dir/get-model.cpp.o
[ 30%] Building CXX object tests/CMakeFiles/test-grammar-parser.dir/test-grammar-parser.cpp.o
[ 31%] Building CXX object tests/CMakeFiles/test-sampling.dir/get-model.cpp.o
[ 32%] Building CXX object tests/CMakeFiles/test-grammar-parser.dir/get-model.cpp.o
[ 33%] Linking CXX executable ../bin/test-tokenizer-0
[ 33%] Building CXX object tests/CMakeFiles/test-model-load-cancel.dir/test-model-load-cancel.cpp.o
[ 34%] Building CXX object tests/CMakeFiles/test-grad0.dir/get-model.cpp.o
[ 34%] Building CXX object tests/CMakeFiles/test-grad0.dir/test-grad0.cpp.o
[ 35%] Building CXX object tests/CMakeFiles/test-model-load-cancel.dir/get-model.cpp.o
[ 36%] Linking CXX executable ../bin/test-tokenizer-1-spm
[ 37%] Linking CXX executable ../bin/test-tokenizer-1-bpe
[ 38%] Building CXX object tests/CMakeFiles/test-grammar-integration.dir/get-model.cpp.o
[ 39%] Linking CXX executable ../bin/test-quantize-perf
[ 39%] Linking CXX executable ../bin/test-quantize-fns
[ 39%] Building CXX object tests/CMakeFiles/test-grammar-integration.dir/test-grammar-integration.cpp.o
[ 39%] Linking CXX executable ../bin/test-grammar-parser
[ 40%] Linking CXX executable ../bin/test-chat-template
[ 40%] Linking CXX executable ../bin/test-sampling
[ 40%] Building CXX object tests/CMakeFiles/test-backend-ops.dir/get-model.cpp.o
[ 41%] Building CXX object tests/CMakeFiles/test-autorelease.dir/get-model.cpp.o
[ 42%] Building CXX object tests/CMakeFiles/test-backend-ops.dir/test-backend-ops.cpp.o
[ 43%] Linking CXX executable ../bin/test-grad0
[ 44%] Building CXX object tests/CMakeFiles/test-rope.dir/test-rope.cpp.o
[ 45%] Building CXX object tests/CMakeFiles/test-json-schema-to-grammar.dir/test-json-schema-to-grammar.cpp.o
[ 46%] Building CXX object tests/CMakeFiles/test-rope.dir/get-model.cpp.o
[ 46%] Building CXX object tests/CMakeFiles/test-json-schema-to-grammar.dir/get-model.cpp.o
[ 46%] Building CXX object examples/cvector-generator/CMakeFiles/llama-cvector-generator.dir/cvector-generator.cpp.o
[ 46%] Linking CXX executable ../bin/test-model-load-cancel
[ 44%] Building CXX object tests/CMakeFiles/test-autorelease.dir/test-autorelease.cpp.o
[ 46%] Building CXX object examples/baby-llama/CMakeFiles/llama-baby-llama.dir/baby-llama.cpp.o
[ 46%] Building CXX object examples/batched/CMakeFiles/llama-batched.dir/batched.cpp.o
[ 46%] Building CXX object examples/batched-bench/CMakeFiles/llama-batched-bench.dir/batched-bench.cpp.o
[ 46%] Building CXX object examples/convert-llama2c-to-ggml/CMakeFiles/llama-convert-llama2c-to-ggml.dir/convert-llama2c-to-ggml.cpp.o
[ 46%] Building CXX object examples/embedding/CMakeFiles/llama-embedding.dir/embedding.cpp.o
[ 47%] Linking CXX executable ../bin/test-rope
[ 47%] Linking CXX executable ../bin/test-grammar-integration
[ 48%] Building CXX object examples/export-lora/CMakeFiles/llama-export-lora.dir/export-lora.cpp.o
[ 49%] Building CXX object examples/eval-callback/CMakeFiles/llama-eval-callback.dir/eval-callback.cpp.o
[ 50%] Linking CXX executable ../bin/test-backend-ops
[ 50%] Linking CXX executable ../bin/test-autorelease
[ 51%] Linking CXX executable ../../bin/llama-cvector-generator
[ 52%] Linking CXX executable ../../bin/llama-baby-llama
[ 53%] Linking CXX executable ../../bin/llama-batched
[ 55%] Building CXX object examples/finetune/CMakeFiles/llama-finetune.dir/finetune.cpp.o
[ 55%] Linking CXX executable ../../bin/llama-batched-bench
[ 56%] Linking CXX executable ../bin/test-json-schema-to-grammar
[ 56%] Building CXX object examples/gbnf-validator/CMakeFiles/llama-gbnf-validator.dir/gbnf-validator.cpp.o
[ 57%] Linking CXX executable ../../bin/llama-embedding
[ 58%] Building CXX object examples/gguf-split/CMakeFiles/llama-gguf-split.dir/gguf-split.cpp.o
[ 59%] Building CXX object examples/gritlm/CMakeFiles/llama-gritlm.dir/gritlm.cpp.o
[ 60%] Building CXX object examples/imatrix/CMakeFiles/llama-imatrix.dir/imatrix.cpp.o
[ 61%] Linking CXX executable ../../bin/llama-convert-llama2c-to-ggml
[ 62%] Building CXX object examples/llama-bench/CMakeFiles/llama-bench.dir/llama-bench.cpp.o
[ 62%] Building CXX object examples/infill/CMakeFiles/llama-infill.dir/infill.cpp.o
[ 62%] Linking CXX executable ../../bin/llama-export-lora
[ 62%] Linking CXX executable ../../bin/llama-eval-callback
[ 62%] Building CXX object examples/llava/CMakeFiles/llama-llava-cli.dir/llava-cli.cpp.o
[ 63%] Building CXX object examples/lookahead/CMakeFiles/llama-lookahead.dir/lookahead.cpp.o
[ 64%] Linking CXX executable ../../bin/llama-finetune
[ 65%] Linking CXX executable ../../bin/llama-gbnf-validator
[ 66%] Linking CXX executable ../../bin/llama-imatrix
[ 67%] Building CXX object examples/lookup/CMakeFiles/llama-lookup-create.dir/lookup-create.cpp.o
[ 68%] Building CXX object examples/lookup/CMakeFiles/llama-lookup.dir/lookup.cpp.o
[ 68%] Linking CXX executable ../../bin/llama-gritlm
[ 68%] Building CXX object examples/lookup/CMakeFiles/llama-lookup-stats.dir/lookup-stats.cpp.o
[ 69%] Building CXX object examples/lookup/CMakeFiles/llama-lookup-merge.dir/lookup-merge.cpp.o
[ 69%] Linking CXX executable ../../bin/llama-gguf-split
[ 69%] Built target test-grad0
[ 70%] Linking CXX executable ../../bin/llama-llava-cli
[ 71%] Building CXX object examples/main/CMakeFiles/llama-cli.dir/main.cpp.o
[ 71%] Linking CXX executable ../../bin/llama-lookahead
[ 72%] Building CXX object examples/passkey/CMakeFiles/llama-passkey.dir/passkey.cpp.o
[ 72%] Linking CXX executable ../../bin/llama-bench
[ 72%] Building CXX object examples/parallel/CMakeFiles/llama-parallel.dir/parallel.cpp.o
[ 72%] Built target test-quantize-fns
[ 72%] Linking CXX executable ../../bin/llama-lookup
[ 72%] Linking CXX executable ../../bin/llama-lookup-create
[ 72%] Generating completion.js.hpp
[ 73%] Generating theme-snowstorm.css.hpp
[ 74%] Generating index-new.html.hpp
[ 75%] Generating colorthemes.css.hpp
[ 76%] Linking CXX executable ../../bin/llama-lookup-stats
[ 76%] Generating index.html.hpp
[ 78%] Linking CXX executable ../../bin/llama-lookup-merge
[ 79%] Linking CXX executable ../../bin/llama-infill
[ 80%] Building CXX object examples/perplexity/CMakeFiles/llama-perplexity.dir/perplexity.cpp.o
[ 81%] Generating index.js.hpp
[ 77%] Building CXX object examples/quantize/CMakeFiles/llama-quantize.dir/quantize.cpp.o
[ 82%] Linking CXX executable ../../bin/llama-cli
[ 82%] Building CXX object examples/retrieval/CMakeFiles/llama-retrieval.dir/retrieval.cpp.o
[ 83%] Generating json-schema-to-grammar.mjs.hpp
[ 81%] Generating prompt-formats.js.hpp
[ 83%] Built target test-quantize-perf
[ 84%] Building CXX object examples/save-load-state/CMakeFiles/llama-save-load-state.dir/save-load-state.cpp.o
[ 84%] Linking CXX executable ../../bin/llama-passkey
[ 85%] Building CXX object examples/simple/CMakeFiles/llama-simple.dir/simple.cpp.o
[ 86%] Building CXX object examples/speculative/CMakeFiles/llama-speculative.dir/speculative.cpp.o
[ 87%] Linking CXX executable ../../bin/llama-parallel
[ 88%] Building CXX object examples/tokenize/CMakeFiles/llama-tokenize.dir/tokenize.cpp.o
/home/ggml/work/llama.cpp/examples/perplexity/perplexity.cpp: In lambda function:
/home/ggml/work/llama.cpp/examples/perplexity/perplexity.cpp:1751:41: note: parameter passing for argument of type ‘std::pair<double, double>’ when C++17 is enabled changed to match C++14 in GCC 10.1
 1751 |             return std::make_pair(0., 0.);
      |                                         ^
[ 88%] Generating style.css.hpp
[ 89%] Generating system-prompts.js.hpp
[ 90%] Generating theme-beeninorder.css.hpp
[ 90%] Building CXX object examples/train-text-from-scratch/CMakeFiles/llama-train-text-from-scratch.dir/train-text-from-scratch.cpp.o
[ 90%] Generating theme-ketivah.css.hpp
[ 91%] Linking CXX executable ../../bin/llama-quantize
[ 92%] Generating theme-mangotango.css.hpp
[ 93%] Generating theme-playground.css.hpp
[ 94%] Linking CXX executable ../../bin/llama-retrieval
[ 94%] Building CXX object pocs/vdot/CMakeFiles/llama-vdot.dir/vdot.cpp.o
[ 94%] Linking CXX executable ../../bin/llama-save-load-state
[ 93%] Linking CXX executable ../../bin/llama-perplexity
[ 95%] Building CXX object pocs/vdot/CMakeFiles/llama-q8dot.dir/q8dot.cpp.o
[ 95%] Linking CXX executable ../../bin/llama-simple
[ 95%] Generating theme-polarnight.css.hpp
[ 95%] Built target test-grammar-parser
[ 95%] Linking CXX executable ../../bin/llama-speculative
[ 96%] Linking CXX executable ../../bin/llama-tokenize
[ 97%] Linking CXX executable ../../bin/llama-train-text-from-scratch
[ 97%] Built target test-rope
[ 98%] Linking CXX executable ../../bin/llama-vdot
[ 98%] Linking CXX executable ../../bin/llama-q8dot
[ 98%] Built target test-model-load-cancel
[ 98%] Built target test-sampling
[ 98%] Built target test-backend-ops
[ 98%] Built target llama-convert-llama2c-to-ggml
[ 98%] Built target llama-export-lora
[ 98%] Built target test-autorelease
[ 98%] Building CXX object examples/server/CMakeFiles/llama-server.dir/server.cpp.o
[ 98%] Built target llama-vdot
[ 99%] Linking CXX executable ../../bin/llama-server
[ 99%] Built target llama-lookup-merge
[ 99%] Built target llama-gguf-split
[ 99%] Built target llama-gbnf-validator
[ 99%] Built target llama-q8dot
[ 99%] Built target test-grammar-integration
[ 99%] Built target test-json-schema-to-grammar
[ 99%] Built target llama-batched-bench
[ 99%] Built target test-tokenizer-1-bpe
[ 99%] Built target test-tokenizer-1-spm
[ 99%] Built target test-chat-template
[ 99%] Built target test-tokenizer-0
[ 99%] Built target llama-baby-llama
[ 99%] Built target llama-embedding
[ 99%] Built target llama-finetune
[ 99%] Built target llama-cvector-generator
[ 99%] Built target llama-imatrix
[ 99%] Built target llama-batched
[ 99%] Built target llama-gritlm
[ 99%] Built target llama-eval-callback
[ 99%] Built target llama-lookahead
[ 99%] Built target llama-lookup-create
[ 99%] Built target llama-parallel
[ 99%] Built target llama-cli
[ 99%] Built target llama-infill
[ 99%] Built target llama-simple
[ 99%] Built target llama-lookup
[ 99%] Built target llama-passkey
[ 99%] Built target llama-tokenize
[ 99%] Built target llama-quantize
[ 99%] Built target llama-lookup-stats
[ 99%] Built target llama-retrieval
[ 99%] Built target llama-save-load-state
[ 99%] Built target llama-speculative
[ 99%] Built target llama-llava-cli
[ 99%] Built target llama-bench
[ 99%] Built target llama-perplexity
[ 99%] Built target llama-train-text-from-scratch
[100%] Linking CXX executable ../bin/test-llama-grammar
[100%] Built target llama-server
[100%] Built target test-llama-grammar

real	0m9.534s
user	0m28.629s
sys	0m5.605s
+ tee -a /home/ggml/results/llama.cpp/00/49b1ac0bca0e966b14cc01f716bb83e8f71540/ggml-1-arm64-cpu-low-perf/ctest_debug-ctest.log
+ ctest --output-on-failure -L main -E test-opt
Test project /home/ggml/work/llama.cpp/build-ci-debug
      Start  1: test-tokenizer-0-llama-spm
 1/22 Test  #1: test-tokenizer-0-llama-spm .......   Passed    0.13 sec
      Start  2: test-tokenizer-0-llama-bpe
 2/22 Test  #2: test-tokenizer-0-llama-bpe .......   Passed    1.96 sec
      Start  3: test-tokenizer-0-phi-3
 3/22 Test  #3: test-tokenizer-0-phi-3 ...........   Passed    0.12 sec
      Start  4: test-tokenizer-0-falcon
 4/22 Test  #4: test-tokenizer-0-falcon ..........   Passed    0.63 sec
      Start  5: test-tokenizer-0-bert-bge
 5/22 Test  #5: test-tokenizer-0-bert-bge ........   Passed    0.13 sec
      Start  6: test-tokenizer-0-starcoder
 6/22 Test  #6: test-tokenizer-0-starcoder .......   Passed    0.50 sec
      Start  7: test-tokenizer-0-gpt-2
 7/22 Test  #7: test-tokenizer-0-gpt-2 ...........   Passed    0.49 sec
      Start  8: test-tokenizer-0-refact
 8/22 Test  #8: test-tokenizer-0-refact ..........   Passed    0.50 sec
      Start  9: test-tokenizer-0-command-r
 9/22 Test  #9: test-tokenizer-0-command-r .......   Passed    2.93 sec
      Start 10: test-tokenizer-0-qwen2
10/22 Test #10: test-tokenizer-0-qwen2 ...........   Passed    1.61 sec
      Start 11: test-tokenizer-1-llama-spm
11/22 Test #11: test-tokenizer-1-llama-spm .......   Passed    2.35 sec
      Start 12: test-quantize-fns
12/22 Test #12: test-quantize-fns ................   Passed   32.67 sec
      Start 13: test-quantize-perf
13/22 Test #13: test-quantize-perf ...............   Passed    9.95 sec
      Start 14: test-sampling
14/22 Test #14: test-sampling ....................   Passed    0.04 sec
      Start 15: test-chat-template
15/22 Test #15: test-chat-template ...............   Passed    0.01 sec
      Start 16: test-grammar-parser
16/22 Test #16: test-grammar-parser ..............   Passed    0.00 sec
      Start 17: test-llama-grammar
17/22 Test #17: test-llama-grammar ...............   Passed    0.01 sec
      Start 18: test-grammar-integration
18/22 Test #18: test-grammar-integration .........   Passed    0.04 sec
      Start 19: test-grad0
19/22 Test #19: test-grad0 .......................   Passed    0.22 sec
      Start 20: test-backend-ops
20/22 Test #20: test-backend-ops .................   Passed    0.00 sec
      Start 21: test-rope
21/22 Test #21: test-rope ........................   Passed    0.07 sec
      Start 24: test-json-schema-to-grammar
22/22 Test #24: test-json-schema-to-grammar ......   Passed    0.05 sec

100% tests passed, 0 tests failed out of 22

Label Time Summary:
main    =  54.43 sec*proc (22 tests)

Total Test time (real) =  54.44 sec

real	0m54.447s
user	0m58.938s
sys	0m0.416s
+ set +e
+ cur=0
+ echo 0
+ set +x
+ gg_run_ctest_release
+ cd /home/ggml/work/llama.cpp
+ tee /home/ggml/results/llama.cpp/00/49b1ac0bca0e966b14cc01f716bb83e8f71540/ggml-1-arm64-cpu-low-perf/ctest_release.log
+ rm -rf build-ci-release
+ mkdir build-ci-release
+ cd build-ci-release
+ set -e
+ gg_check_build_requirements
+ command -v cmake
+ command -v make
+ command -v ctest
+ tee -a /home/ggml/results/llama.cpp/00/49b1ac0bca0e966b14cc01f716bb83e8f71540/ggml-1-arm64-cpu-low-perf/ctest_release-cmake.log
+ cmake -DCMAKE_BUILD_TYPE=Release -DLLAMA_FATAL_WARNINGS=ON ..
-- The C compiler identification is GNU 11.4.0
-- The CXX compiler identification is GNU 11.4.0
-- Detecting C compiler ABI info
-- Detecting C compiler ABI info - done
-- Check for working C compiler: /usr/bin/cc - skipped
-- Detecting C compile features
-- Detecting C compile features - done
-- Detecting CXX compiler ABI info
-- Detecting CXX compiler ABI info - done
-- Check for working CXX compiler: /usr/bin/c++ - skipped
-- Detecting CXX compile features
-- Detecting CXX compile features - done
-- Found Git: /usr/bin/git (found version "2.34.1") 
-- Looking for pthread.h
-- Looking for pthread.h - found
-- Performing Test CMAKE_HAVE_LIBC_PTHREAD
-- Performing Test CMAKE_HAVE_LIBC_PTHREAD - Success
-- Found Threads: TRUE  
-- Found OpenMP_C: -fopenmp (found version "4.5") 
-- Found OpenMP_CXX: -fopenmp (found version "4.5") 
-- Found OpenMP: TRUE (found version "4.5")  
-- OpenMP found
-- Using llamafile
-- ccache found, compilation results will be cached. Disable with GGML_CCACHE=OFF.
-- CMAKE_SYSTEM_PROCESSOR: aarch64
-- ARM detected
-- Performing Test COMPILER_SUPPORTS_FP16_FORMAT_I3E
-- Performing Test COMPILER_SUPPORTS_FP16_FORMAT_I3E - Failed
-- Configuring done
-- Generating done
-- Build files have been written to: /home/ggml/work/llama.cpp/build-ci-release

real	0m1.083s
user	0m0.699s
sys	0m0.387s
+ tee -a /home/ggml/results/llama.cpp/00/49b1ac0bca0e966b14cc01f716bb83e8f71540/ggml-1-arm64-cpu-low-perf/ctest_release-make.log
+ make -j
[  1%] Building C object examples/gguf-hash/CMakeFiles/sha1.dir/deps/sha1/sha1.c.o
[  2%] Building CXX object common/CMakeFiles/build_info.dir/build-info.cpp.o
[  4%] Building C object examples/gguf-hash/CMakeFiles/xxhash.dir/deps/xxhash/xxhash.c.o
[  4%] Building C object ggml/src/CMakeFiles/ggml.dir/ggml-alloc.c.o
[  5%] Building C object examples/gguf-hash/CMakeFiles/sha256.dir/deps/sha256/sha256.c.o
[  5%] Building C object ggml/src/CMakeFiles/ggml.dir/ggml.c.o
[  5%] Building CXX object ggml/src/CMakeFiles/ggml.dir/llamafile/sgemm.cpp.o
[  6%] Building C object ggml/src/CMakeFiles/ggml.dir/ggml-quants.c.o
[  6%] Building C object ggml/src/CMakeFiles/ggml.dir/ggml-backend.c.o
[  7%] Building C object ggml/src/CMakeFiles/ggml.dir/ggml-aarch64.c.o
[  7%] Built target xxhash
[  7%] Built target sha1
[  7%] Built target sha256
[  7%] Linking CXX shared library libggml.so
[  7%] Built target build_info
[  7%] Built target ggml
[  8%] Building CXX object src/CMakeFiles/llama.dir/llama-vocab.cpp.o
[  8%] Building CXX object examples/gguf-hash/CMakeFiles/llama-gguf-hash.dir/gguf-hash.cpp.o
[  8%] Building CXX object examples/gguf/CMakeFiles/llama-gguf.dir/gguf.cpp.o
[  9%] Building CXX object src/CMakeFiles/llama.dir/llama.cpp.o
[ 11%] Building CXX object src/CMakeFiles/llama.dir/unicode-data.cpp.o
[ 11%] Building CXX object src/CMakeFiles/llama.dir/llama-sampling.cpp.o
[ 11%] Building CXX object src/CMakeFiles/llama.dir/llama-grammar.cpp.o
[ 11%] Building CXX object src/CMakeFiles/llama.dir/unicode.cpp.o
[ 12%] Linking CXX executable ../../bin/llama-gguf
[ 13%] Linking CXX executable ../../bin/llama-gguf-hash
[ 13%] Built target llama-gguf
[ 13%] Built target llama-gguf-hash
[ 14%] Linking CXX shared library libllama.so
[ 14%] Built target llama
[ 14%] Building CXX object common/CMakeFiles/common.dir/common.cpp.o
[ 15%] Building C object tests/CMakeFiles/test-c.dir/test-c.c.o
[ 16%] Building CXX object examples/benchmark/CMakeFiles/llama-bench-matmult.dir/benchmark-matmult.cpp.o
[ 17%] Building CXX object common/CMakeFiles/common.dir/sampling.cpp.o
[ 17%] Building CXX object examples/llava/CMakeFiles/llava.dir/clip.cpp.o
[ 17%] Building CXX object common/CMakeFiles/common.dir/console.cpp.o
[ 18%] Building CXX object examples/llava/CMakeFiles/llava.dir/llava.cpp.o
[ 19%] Building CXX object common/CMakeFiles/common.dir/grammar-parser.cpp.o
[ 20%] Building CXX object common/CMakeFiles/common.dir/json-schema-to-grammar.cpp.o
[ 20%] Building CXX object examples/quantize-stats/CMakeFiles/llama-quantize-stats.dir/quantize-stats.cpp.o
[ 20%] Building CXX object common/CMakeFiles/common.dir/train.cpp.o
[ 21%] Building CXX object common/CMakeFiles/common.dir/ngram-cache.cpp.o
[ 21%] Linking C executable ../bin/test-c
[ 21%] Built target test-c
[ 21%] Linking CXX executable ../../bin/llama-bench-matmult
[ 21%] Built target llama-bench-matmult
[ 21%] Built target llava
[ 21%] Linking CXX static library libllava_static.a
[ 22%] Linking CXX shared library libllava_shared.so
[ 22%] Built target llava_static
[ 22%] Built target llava_shared
[ 23%] Linking CXX executable ../../bin/llama-quantize-stats
[ 23%] Built target llama-quantize-stats
[ 23%] Linking CXX static library libcommon.a
[ 23%] Built target common
[ 23%] Building CXX object tests/CMakeFiles/test-tokenizer-1-bpe.dir/test-tokenizer-1-bpe.cpp.o
[ 24%] Building CXX object tests/CMakeFiles/test-tokenizer-0.dir/test-tokenizer-0.cpp.o
[ 25%] Building CXX object tests/CMakeFiles/test-quantize-fns.dir/test-quantize-fns.cpp.o
[ 26%] Building CXX object tests/CMakeFiles/test-sampling.dir/get-model.cpp.o
[ 27%] Building CXX object tests/CMakeFiles/test-chat-template.dir/test-chat-template.cpp.o
[ 28%] Building CXX object tests/CMakeFiles/test-tokenizer-1-spm.dir/test-tokenizer-1-spm.cpp.o
[ 28%] Building CXX object tests/CMakeFiles/test-quantize-perf.dir/get-model.cpp.o
[ 29%] Building CXX object tests/CMakeFiles/test-quantize-perf.dir/test-quantize-perf.cpp.o
[ 27%] Building CXX object tests/CMakeFiles/test-sampling.dir/test-sampling.cpp.o
[ 29%] Building CXX object tests/CMakeFiles/test-quantize-fns.dir/get-model.cpp.o
[ 30%] Building CXX object tests/CMakeFiles/test-llama-grammar.dir/get-model.cpp.o
[ 31%] Building CXX object tests/CMakeFiles/test-grammar-parser.dir/test-grammar-parser.cpp.o
[ 32%] Building CXX object tests/CMakeFiles/test-grammar-parser.dir/get-model.cpp.o
[ 32%] Building CXX object tests/CMakeFiles/test-chat-template.dir/get-model.cpp.o
[ 32%] Building CXX object tests/CMakeFiles/test-grad0.dir/test-grad0.cpp.o
[ 32%] Building CXX object tests/CMakeFiles/test-llama-grammar.dir/test-llama-grammar.cpp.o
[ 33%] Building CXX object tests/CMakeFiles/test-grammar-integration.dir/test-grammar-integration.cpp.o
[ 34%] Building CXX object tests/CMakeFiles/test-grammar-integration.dir/get-model.cpp.o
[ 34%] Building CXX object tests/CMakeFiles/test-backend-ops.dir/get-model.cpp.o
[ 33%] Building CXX object tests/CMakeFiles/test-grad0.dir/get-model.cpp.o
[ 35%] Building CXX object tests/CMakeFiles/test-backend-ops.dir/test-backend-ops.cpp.o
[ 36%] Building CXX object tests/CMakeFiles/test-autorelease.dir/get-model.cpp.o
[ 36%] Linking CXX executable ../bin/test-quantize-fns
[ 37%] Building CXX object tests/CMakeFiles/test-rope.dir/get-model.cpp.o
[ 38%] Building CXX object tests/CMakeFiles/test-autorelease.dir/test-autorelease.cpp.o
[ 38%] Building CXX object tests/CMakeFiles/test-rope.dir/test-rope.cpp.o
[ 39%] Linking CXX executable ../bin/test-quantize-perf
[ 39%] Building CXX object examples/cvector-generator/CMakeFiles/llama-cvector-generator.dir/cvector-generator.cpp.o
[ 40%] Building CXX object tests/CMakeFiles/test-json-schema-to-grammar.dir/get-model.cpp.o
[ 39%] Building CXX object tests/CMakeFiles/test-model-load-cancel.dir/test-model-load-cancel.cpp.o
[ 40%] Building CXX object examples/baby-llama/CMakeFiles/llama-baby-llama.dir/baby-llama.cpp.o
[ 41%] Linking CXX executable ../bin/test-grad0
[ 40%] Building CXX object tests/CMakeFiles/test-json-schema-to-grammar.dir/test-json-schema-to-grammar.cpp.o
[ 42%] Building CXX object tests/CMakeFiles/test-model-load-cancel.dir/get-model.cpp.o
[ 42%] Building CXX object examples/batched-bench/CMakeFiles/llama-batched-bench.dir/batched-bench.cpp.o
[ 43%] Linking CXX executable ../bin/test-rope
[ 43%] Building CXX object examples/batched/CMakeFiles/llama-batched.dir/batched.cpp.o
[ 42%] Building CXX object examples/convert-llama2c-to-ggml/CMakeFiles/llama-convert-llama2c-to-ggml.dir/convert-llama2c-to-ggml.cpp.o
[ 44%] Building CXX object examples/eval-callback/CMakeFiles/llama-eval-callback.dir/eval-callback.cpp.o
[ 45%] Linking CXX executable ../bin/test-backend-ops
[ 45%] Building CXX object examples/embedding/CMakeFiles/llama-embedding.dir/embedding.cpp.o
[ 46%] Building CXX object examples/export-lora/CMakeFiles/llama-export-lora.dir/export-lora.cpp.o
[ 46%] Building CXX object examples/gbnf-validator/CMakeFiles/llama-gbnf-validator.dir/gbnf-validator.cpp.o
[ 47%] Building CXX object examples/finetune/CMakeFiles/llama-finetune.dir/finetune.cpp.o
[ 48%] Building CXX object examples/gguf-split/CMakeFiles/llama-gguf-split.dir/gguf-split.cpp.o
[ 49%] Building CXX object examples/gritlm/CMakeFiles/llama-gritlm.dir/gritlm.cpp.o
[ 50%] Building CXX object examples/imatrix/CMakeFiles/llama-imatrix.dir/imatrix.cpp.o
[ 50%] Building CXX object examples/infill/CMakeFiles/llama-infill.dir/infill.cpp.o
[ 50%] Building CXX object examples/llava/CMakeFiles/llama-llava-cli.dir/llava-cli.cpp.o
[ 51%] Building CXX object examples/llama-bench/CMakeFiles/llama-bench.dir/llama-bench.cpp.o
[ 52%] Building CXX object examples/lookahead/CMakeFiles/llama-lookahead.dir/lookahead.cpp.o
[ 53%] Building CXX object examples/lookup/CMakeFiles/llama-lookup.dir/lookup.cpp.o
[ 54%] Building CXX object examples/lookup/CMakeFiles/llama-lookup-create.dir/lookup-create.cpp.o
[ 55%] Building CXX object examples/lookup/CMakeFiles/llama-lookup-merge.dir/lookup-merge.cpp.o
[ 55%] Built target test-grad0
[ 56%] Building CXX object examples/main/CMakeFiles/llama-cli.dir/main.cpp.o
[ 56%] Building CXX object examples/lookup/CMakeFiles/llama-lookup-stats.dir/lookup-stats.cpp.o
[ 56%] Built target test-quantize-fns
[ 56%] Linking CXX executable ../bin/test-model-load-cancel
[ 56%] Building CXX object examples/parallel/CMakeFiles/llama-parallel.dir/parallel.cpp.o
[ 57%] Building CXX object examples/passkey/CMakeFiles/llama-passkey.dir/passkey.cpp.o
[ 58%] Generating theme-snowstorm.css.hpp
[ 59%] Generating colorthemes.css.hpp
[ 59%] Generating completion.js.hpp
[ 60%] Building CXX object examples/perplexity/CMakeFiles/llama-perplexity.dir/perplexity.cpp.o
[ 61%] Generating index-new.html.hpp
[ 61%] Built target test-rope
[ 61%] Generating index.html.hpp
[ 61%] Building CXX object examples/retrieval/CMakeFiles/llama-retrieval.dir/retrieval.cpp.o
[ 61%] Built target test-quantize-perf
[ 63%] Building CXX object examples/quantize/CMakeFiles/llama-quantize.dir/quantize.cpp.o
[ 63%] Building CXX object examples/save-load-state/CMakeFiles/llama-save-load-state.dir/save-load-state.cpp.o
[ 64%] Building CXX object examples/simple/CMakeFiles/llama-simple.dir/simple.cpp.o
[ 65%] Building CXX object examples/speculative/CMakeFiles/llama-speculative.dir/speculative.cpp.o
[ 66%] Generating index.js.hpp
[ 67%] Generating prompt-formats.js.hpp
[ 68%] Generating json-schema-to-grammar.mjs.hpp
[ 68%] Building CXX object examples/tokenize/CMakeFiles/llama-tokenize.dir/tokenize.cpp.o
[ 69%] Generating system-prompts.js.hpp
[ 69%] Generating style.css.hpp
[ 69%] Building CXX object examples/train-text-from-scratch/CMakeFiles/llama-train-text-from-scratch.dir/train-text-from-scratch.cpp.o
[ 70%] Generating theme-beeninorder.css.hpp
[ 70%] Generating theme-ketivah.css.hpp
[ 71%] Generating theme-mangotango.css.hpp
[ 72%] Building CXX object pocs/vdot/CMakeFiles/llama-q8dot.dir/q8dot.cpp.o
[ 72%] Building CXX object pocs/vdot/CMakeFiles/llama-vdot.dir/vdot.cpp.o
[ 72%] Built target test-backend-ops
[ 72%] Generating theme-polarnight.css.hpp
[ 73%] Generating theme-playground.css.hpp
[ 74%] Linking CXX executable ../../bin/llama-vdot
[ 74%] Linking CXX executable ../../bin/llama-q8dot
[ 74%] Building CXX object examples/server/CMakeFiles/llama-server.dir/server.cpp.o
[ 74%] Built target test-model-load-cancel
[ 74%] Built target llama-vdot
[ 74%] Built target llama-q8dot
[ 74%] Linking CXX executable ../bin/test-autorelease
[ 74%] Built target test-autorelease
[ 74%] Linking CXX executable ../bin/test-grammar-parser
[ 75%] Linking CXX executable ../../bin/llama-baby-llama
[ 76%] Linking CXX executable ../../bin/llama-gbnf-validator
[ 77%] Linking CXX executable ../../bin/llama-lookup-merge
[ 78%] Built target test-grammar-parser
[ 78%] Linking CXX executable ../bin/test-tokenizer-1-spm
[ 79%] Linking CXX executable ../bin/test-tokenizer-1-bpe
[ 79%] Built target llama-baby-llama
[ 79%] Built target llama-lookup-merge
[ 80%] Linking CXX executable ../bin/test-chat-template
[ 80%] Built target llama-gbnf-validator
[ 80%] Linking CXX executable ../bin/test-sampling
[ 80%] Built target test-tokenizer-1-spm
[ 80%] Built target test-tokenizer-1-bpe
[ 81%] Linking CXX executable ../../bin/llama-tokenize
[ 81%] Built target test-chat-template
[ 81%] Linking CXX executable ../../bin/llama-eval-callback
[ 81%] Built target test-sampling
[ 81%] Linking CXX executable ../../bin/llama-lookup-create
[ 81%] Linking CXX executable ../../bin/llama-gguf-split
[ 82%] Linking CXX executable ../bin/test-llama-grammar
[ 82%] Built target llama-tokenize
[ 82%] Built target llama-eval-callback
[ 82%] Built target llama-gguf-split
[ 82%] Built target test-llama-grammar
[ 82%] Built target llama-lookup-create
[ 83%] Linking CXX executable ../../bin/llama-batched-bench
[ 83%] Linking CXX executable ../../bin/llama-simple
[ 84%] Linking CXX executable ../../bin/llama-embedding
[ 84%] Linking CXX executable ../../bin/llama-save-load-state
[ 85%] Linking CXX executable ../bin/test-tokenizer-0
[ 85%] Linking CXX executable ../../bin/llama-gritlm
[ 85%] Linking CXX executable ../../bin/llama-export-lora
[ 85%] Built target llama-simple
[ 86%] Linking CXX executable ../../bin/llama-batched
[ 86%] Built target llama-batched-bench
[ 86%] Built target llama-embedding
[ 86%] Built target test-tokenizer-0
[ 86%] Built target llama-save-load-state
[ 86%] Built target llama-gritlm
[ 87%] Linking CXX executable ../../bin/llama-lookup-stats
[ 88%] Linking CXX executable ../../bin/llama-quantize
[ 88%] Built target llama-export-lora
[ 88%] Built target llama-batched
[ 88%] Built target llama-quantize
[ 88%] Built target llama-lookup-stats
[ 88%] Linking CXX executable ../../bin/llama-passkey
[ 88%] Linking CXX executable ../../bin/llama-lookup
[ 89%] Linking CXX executable ../../bin/llama-llava-cli
[ 90%] Linking CXX executable ../../bin/llama-train-text-from-scratch
[ 90%] Built target llama-passkey
[ 91%] Linking CXX executable ../../bin/llama-convert-llama2c-to-ggml
[ 91%] Built target llama-lookup
[ 91%] Linking CXX executable ../../bin/llama-lookahead
[ 91%] Built target llama-llava-cli
[ 92%] Linking CXX executable ../../bin/llama-parallel
[ 92%] Built target llama-train-text-from-scratch
[ 93%] Linking CXX executable ../../bin/llama-retrieval
[ 93%] Built target llama-convert-llama2c-to-ggml
[ 93%] Built target llama-parallel
[ 93%] Built target llama-lookahead
[ 94%] Linking CXX executable ../../bin/llama-cvector-generator
[ 94%] Built target llama-retrieval
[ 94%] Built target llama-cvector-generator
[ 95%] Linking CXX executable ../../bin/llama-infill
[ 96%] Linking CXX executable ../../bin/llama-finetune
[ 96%] Built target llama-infill
[ 96%] Linking CXX executable ../../bin/llama-speculative
[ 96%] Built target llama-finetune
[ 96%] Built target llama-speculative
[ 97%] Linking CXX executable ../../bin/llama-imatrix
[ 97%] Built target llama-imatrix
[ 98%] Linking CXX executable ../../bin/llama-cli
[ 98%] Built target llama-cli
/home/ggml/work/llama.cpp/examples/perplexity/perplexity.cpp: In lambda function:
/home/ggml/work/llama.cpp/examples/perplexity/perplexity.cpp:1751:41: note: parameter passing for argument of type ‘std::pair<double, double>’ when C++17 is enabled changed to match C++14 in GCC 10.1
 1751 |             return std::make_pair(0., 0.);
      |                                         ^
[ 98%] Linking CXX executable ../../bin/llama-perplexity
[ 98%] Built target llama-perplexity
[ 98%] Linking CXX executable ../bin/test-grammar-integration
[ 98%] Built target test-grammar-integration
[ 99%] Linking CXX executable ../bin/test-json-schema-to-grammar
[ 99%] Built target test-json-schema-to-grammar
[ 99%] Linking CXX executable ../../bin/llama-bench
[ 99%] Built target llama-bench
[100%] Linking CXX executable ../../bin/llama-server
[100%] Built target llama-server

real	2m16.968s
user	3m57.639s
sys	0m12.492s
+ '[' -z 1 ']'
+ tee -a /home/ggml/results/llama.cpp/00/49b1ac0bca0e966b14cc01f716bb83e8f71540/ggml-1-arm64-cpu-low-perf/ctest_release-ctest.log
+ ctest --output-on-failure -L main -E test-opt
Test project /home/ggml/work/llama.cpp/build-ci-release
      Start  1: test-tokenizer-0-llama-spm
 1/22 Test  #1: test-tokenizer-0-llama-spm .......   Passed    0.05 sec
      Start  2: test-tokenizer-0-llama-bpe
 2/22 Test  #2: test-tokenizer-0-llama-bpe .......   Passed    0.71 sec
      Start  3: test-tokenizer-0-phi-3
 3/22 Test  #3: test-tokenizer-0-phi-3 ...........   Passed    0.05 sec
      Start  4: test-tokenizer-0-falcon
 4/22 Test  #4: test-tokenizer-0-falcon ..........   Passed    0.19 sec
      Start  5: test-tokenizer-0-bert-bge
 5/22 Test  #5: test-tokenizer-0-bert-bge ........   Passed    0.04 sec
      Start  6: test-tokenizer-0-starcoder
 6/22 Test  #6: test-tokenizer-0-starcoder .......   Passed    0.15 sec
      Start  7: test-tokenizer-0-gpt-2
 7/22 Test  #7: test-tokenizer-0-gpt-2 ...........   Passed    0.14 sec
      Start  8: test-tokenizer-0-refact
 8/22 Test  #8: test-tokenizer-0-refact ..........   Passed    0.15 sec
      Start  9: test-tokenizer-0-command-r
 9/22 Test  #9: test-tokenizer-0-command-r .......   Passed    1.03 sec
      Start 10: test-tokenizer-0-qwen2
10/22 Test #10: test-tokenizer-0-qwen2 ...........   Passed    0.50 sec
      Start 11: test-tokenizer-1-llama-spm
11/22 Test #11: test-tokenizer-1-llama-spm .......   Passed    0.34 sec
      Start 12: test-quantize-fns
12/22 Test #12: test-quantize-fns ................   Passed   16.96 sec
      Start 13: test-quantize-perf
13/22 Test #13: test-quantize-perf ...............   Passed    4.79 sec
      Start 14: test-sampling
14/22 Test #14: test-sampling ....................   Passed    0.01 sec
      Start 15: test-chat-template
15/22 Test #15: test-chat-template ...............   Passed    0.00 sec
      Start 16: test-grammar-parser
16/22 Test #16: test-grammar-parser ..............   Passed    0.00 sec
      Start 17: test-llama-grammar
17/22 Test #17: test-llama-grammar ...............   Passed    0.00 sec
      Start 18: test-grammar-integration
18/22 Test #18: test-grammar-integration .........   Passed    0.01 sec
      Start 19: test-grad0
19/22 Test #19: test-grad0 .......................   Passed    0.16 sec
      Start 20: test-backend-ops
20/22 Test #20: test-backend-ops .................   Passed    0.00 sec
      Start 21: test-rope
21/22 Test #21: test-rope ........................   Passed    0.05 sec
      Start 24: test-json-schema-to-grammar
22/22 Test #24: test-json-schema-to-grammar ......   Passed    0.01 sec

100% tests passed, 0 tests failed out of 22

Label Time Summary:
main    =  25.35 sec*proc (22 tests)

Total Test time (real) =  25.36 sec

real	0m25.367s
user	0m26.049s
sys	0m0.330s
+ set +e
+ cur=0
+ echo 0
+ set +x
