+ cmake -DCMAKE_BUILD_TYPE=Release ..
-- The C compiler identification is GNU 11.4.0
-- The CXX compiler identification is GNU 11.4.0
-- Detecting C compiler ABI info
-- Detecting C compiler ABI info - done
-- Check for working C compiler: /usr/bin/cc - skipped
-- Detecting C compile features
-- Detecting C compile features - done
-- Detecting CXX compiler ABI info
-- Detecting CXX compiler ABI info - done
-- Check for working CXX compiler: /usr/bin/c++ - skipped
-- Detecting CXX compile features
-- Detecting CXX compile features - done
-- Performing Test CMAKE_HAVE_LIBC_PTHREAD
-- Performing Test CMAKE_HAVE_LIBC_PTHREAD - Success
-- Found Threads: TRUE
-- ccache found, compilation results will be cached. Disable with GGML_CCACHE=OFF.
-- CMAKE_SYSTEM_PROCESSOR: x86_64
-- Found OpenMP_C: -fopenmp (found version "4.5")
-- Found OpenMP_CXX: -fopenmp (found version "4.5")
-- Found OpenMP: TRUE (found version "4.5")
-- OpenMP found
-- x86 detected
-- Using runtime weight conversion of Q4_0 to Q4_0_x_x to enable optimized GEMM/GEMV kernels
-- Including CPU backend
-- x86 detected
-- Linux detected
-- Configuring done (0.5s)
-- Generating done (0.0s)
-- Build files have been written to: /home/ggml/work/ggml/build-ci-release

real	0m0.642s
user	0m0.482s
sys	0m0.165s
+ make -j
[  3%] Building C object src/CMakeFiles/ggml-base.dir/ggml-alloc.c.o
[  3%] Building CXX object examples/CMakeFiles/common.dir/common.cpp.o
[  3%] Building C object src/CMakeFiles/ggml-base.dir/ggml.c.o
[  4%] Building CXX object src/CMakeFiles/ggml-base.dir/ggml-backend.cpp.o
[  6%] Building CXX object src/CMakeFiles/ggml-base.dir/ggml-opt.cpp.o
[  6%] Building CXX object src/CMakeFiles/ggml-base.dir/ggml-threading.cpp.o
[  8%] Building C object src/CMakeFiles/ggml-base.dir/ggml-quants.c.o
[  8%] Building C object src/CMakeFiles/ggml-base.dir/ggml-aarch64.c.o
[  9%] Linking CXX shared library libggml-base.so
[ 10%] Linking CXX static library libcommon.a
[ 10%] Built target common
[ 10%] Built target ggml-base
[ 11%] Building CXX object src/ggml-cpu/CMakeFiles/ggml-cpu.dir/ggml-cpu.cpp.o
[ 12%] Building C object src/ggml-cpu/CMakeFiles/ggml-cpu.dir/ggml-cpu.c.o
[ 13%] Building C object src/ggml-cpu/CMakeFiles/ggml-cpu.dir/ggml-cpu-aarch64.c.o
[ 15%] Building C object src/ggml-cpu/CMakeFiles/ggml-cpu.dir/ggml-cpu-quants.c.o
[ 15%] Building CXX object src/ggml-cpu/CMakeFiles/ggml-cpu.dir/amx/amx.cpp.o
[ 16%] Building CXX object src/ggml-cpu/CMakeFiles/ggml-cpu.dir/amx/mmq.cpp.o
[ 17%] Building CXX object src/ggml-cpu/CMakeFiles/ggml-cpu.dir/cpu-feats-x86.cpp.o
[ 18%] Linking CXX shared library libggml-cpu.so
[ 18%] Built target ggml-cpu
[ 19%] Building CXX object src/CMakeFiles/ggml.dir/ggml-backend-reg.cpp.o
[ 20%] Linking CXX shared library libggml.so
[ 20%] Built target ggml
[ 21%] Building C object tests/CMakeFiles/test-vec0.dir/test-vec0.c.o
[ 23%] Building CXX object tests/CMakeFiles/test-opt.dir/test-opt.cpp.o
[ 23%] Building C object tests/CMakeFiles/test-vec1.dir/test-vec1.c.o
[ 24%] Building CXX object tests/CMakeFiles/test-quantize-fns.dir/test-quantize-fns.cpp.o
[ 25%] Building CXX object tests/CMakeFiles/test-quantize-perf.dir/test-quantize-perf.cpp.o
[ 26%] Building C object tests/CMakeFiles/test-mul-mat0.dir/test-mul-mat0.c.o
[ 27%] Building C object tests/CMakeFiles/test0.dir/test0.c.o
[ 28%] Building C object tests/CMakeFiles/test-mul-mat2.dir/test-mul-mat2.c.o
[ 29%] Building C object tests/CMakeFiles/test-pool.dir/test-pool.c.o
[ 30%] Building CXX object tests/CMakeFiles/test-arange.dir/test-arange.cpp.o
[ 31%] Linking CXX executable ../bin/test-opt
[ 32%] Linking C executable ../bin/test-vec0
[ 34%] Building CXX object tests/CMakeFiles/test-timestep_embedding.dir/test-timestep_embedding.cpp.o
[ 35%] Linking C executable ../bin/test-pool
[ 36%] Linking C executable ../bin/test-mul-mat0
[ 37%] Linking CXX executable ../bin/test-quantize-fns
[ 38%] Building C object tests/CMakeFiles/test-conv-transpose.dir/test-conv-transpose.c.o
[ 39%] Linking C executable ../bin/test0
[ 40%] Linking CXX executable ../bin/test-quantize-perf
[ 41%] Building CXX object tests/CMakeFiles/test-conv-transpose-1d.dir/test-conv-transpose-1d.cpp.o
[ 42%] Linking C executable ../bin/test-vec1
[ 43%] Linking C executable ../bin/test-conv-transpose
[ 44%] Linking C executable ../bin/test-mul-mat2
[ 45%] Building C object tests/CMakeFiles/test-rel-pos.dir/test-rel-pos.c.o
[ 46%] Building CXX object tests/CMakeFiles/test-conv1d.dir/test-conv1d.cpp.o
[ 47%] Building C object tests/CMakeFiles/test-dup.dir/test-dup.c.o
[ 48%] Linking CXX executable ../bin/test-timestep_embedding
[ 49%] Linking CXX executable ../bin/test-arange
[ 50%] Building CXX object tests/CMakeFiles/test-conv2d.dir/test-conv2d.cpp.o
[ 51%] Linking CXX executable ../bin/test-conv-transpose-1d
[ 52%] Linking CXX executable ../bin/test-conv1d
[ 53%] Building CXX object tests/CMakeFiles/test-mul-mat.dir/test-mul-mat.cpp.o
[ 54%] Linking C executable ../bin/test-dup
[ 55%] Linking C executable ../bin/test-rel-pos
[ 56%] Linking CXX executable ../bin/test-conv2d
[ 57%] Building C object tests/CMakeFiles/test-customop.dir/test-customop.c.o
[ 57%] Built target test-vec0
[ 58%] Linking CXX executable ../bin/test-mul-mat
[ 58%] Built target test-vec1
[ 60%] Building CXX object examples/CMakeFiles/common-ggml.dir/common-ggml.cpp.o
[ 60%] Building CXX object examples/mnist/CMakeFiles/mnist-common.dir/mnist-common.cpp.o
[ 60%] Built target test-mul-mat0
[ 61%] Building CXX object tests/CMakeFiles/test-backend-ops.dir/test-backend-ops.cpp.o
[ 61%] Built target test-pool
[ 62%] Building C object tests/CMakeFiles/test-cont.dir/test-cont.c.o
[ 63%] Linking C executable ../bin/test-customop
[ 64%] Linking CXX static library libmnist-common.a
[ 64%] Built target test-rel-pos
[ 65%] Building CXX object examples/yolo/CMakeFiles/yolov3-tiny.dir/yolov3-tiny.cpp.o
[ 67%] Building CXX object examples/yolo/CMakeFiles/yolov3-tiny.dir/yolo-image.cpp.o
[ 67%] Built target test0
[ 68%] Linking CXX static library libcommon-ggml.a
[ 69%] Linking CXX executable ../bin/test-backend-ops
[ 70%] Built target test-quantize-perf
[ 71%] Building CXX object examples/sam/CMakeFiles/sam.dir/main.cpp.o
[ 71%] Built target test-arange
[ 71%] Built target test-conv-transpose
[ 72%] Building CXX object examples/simple/CMakeFiles/simple-backend.dir/simple-backend.cpp.o
[ 72%] Built target test-conv1d
[ 72%] Linking C executable ../bin/test-cont
[ 72%] Built target test-dup
[ 73%] Linking CXX executable ../../bin/yolov3-tiny
[ 74%] Linking CXX executable ../../bin/simple-backend
[ 75%] Building CXX object examples/simple/CMakeFiles/simple-ctx.dir/simple-ctx.cpp.o
[ 75%] Built target test-opt
[ 76%] Linking CXX executable ../../bin/sam
[ 76%] Built target test-mul-mat2
[ 76%] Built target test-timestep_embedding
[ 76%] Built target common-ggml
[ 76%] Built target test-quantize-fns
[ 76%] Built target mnist-common
[ 76%] Built target test-conv2d
[ 76%] Built target test-conv-transpose-1d
[ 77%] Linking CXX executable ../../bin/simple-ctx
[ 77%] Built target test-customop
[ 78%] Building CXX object examples/gpt-2/CMakeFiles/gpt-2-ctx.dir/main-ctx.cpp.o
[ 78%] Built target test-mul-mat
[ 79%] Building CXX object examples/gpt-2/CMakeFiles/gpt-2-alloc.dir/main-alloc.cpp.o
[ 80%] Linking CXX executable ../../bin/gpt-2-ctx
[ 81%] Building CXX object examples/gpt-2/CMakeFiles/gpt-2-sched.dir/main-sched.cpp.o
[ 82%] Building CXX object examples/gpt-2/CMakeFiles/gpt-2-backend.dir/main-backend.cpp.o
[ 83%] Linking CXX executable ../../bin/gpt-2-sched
[ 84%] Building CXX object examples/gpt-2/CMakeFiles/gpt-2-quantize.dir/quantize.cpp.o
[ 85%] Linking CXX executable ../../bin/gpt-2-alloc
[ 86%] Linking CXX executable ../../bin/gpt-2-quantize
[ 87%] Linking CXX executable ../../bin/gpt-2-backend
[ 88%] Building CXX object examples/gpt-2/CMakeFiles/gpt-2-batched.dir/main-batched.cpp.o
[ 88%] Built target test-cont
[ 89%] Building CXX object examples/gpt-j/CMakeFiles/gpt-j.dir/main.cpp.o
[ 89%] Built target test-backend-ops
[ 89%] Built target yolov3-tiny
[ 90%] Linking CXX executable ../../bin/gpt-j
[ 90%] Built target simple-backend
[ 91%] Building CXX object examples/gpt-j/CMakeFiles/gpt-j-quantize.dir/quantize.cpp.o
[ 91%] Built target sam
[ 92%] Building CXX object examples/magika/CMakeFiles/magika.dir/main.cpp.o
[ 93%] Linking CXX executable ../../bin/gpt-2-batched
[ 94%] Building CXX object examples/mnist/CMakeFiles/mnist-train.dir/mnist-train.cpp.o
[ 94%] Built target simple-ctx
[ 95%] Building CXX object examples/mnist/CMakeFiles/mnist-eval.dir/mnist-eval.cpp.o
[ 96%] Linking CXX executable ../../bin/mnist-train
[ 97%] Linking CXX executable ../../bin/magika
[ 98%] Linking CXX executable ../../bin/mnist-eval
[100%] Linking CXX executable ../../bin/gpt-j-quantize
[100%] Built target gpt-2-ctx
[100%] Built target gpt-2-backend
[100%] Built target gpt-2-alloc
[100%] Built target gpt-2-sched
[100%] Built target gpt-2-quantize
[100%] Built target mnist-train
[100%] Built target mnist-eval
[100%] Built target gpt-2-batched
[100%] Built target gpt-j
[100%] Built target magika
[100%] Built target gpt-j-quantize

real	0m0.685s
user	0m2.923s
sys	0m0.936s
+ ctest --output-on-failure
Test project /home/ggml/work/ggml/build-ci-release
      Start  1: test-opt
 1/19 Test  #1: test-opt .........................   Passed    0.01 sec
      Start  2: test-quantize-fns
 2/19 Test  #2: test-quantize-fns ................   Passed   16.54 sec
      Start  3: test-quantize-perf
 3/19 Test  #3: test-quantize-perf ...............   Passed    0.08 sec
      Start  4: test-mul-mat0
 4/19 Test  #4: test-mul-mat0 ....................   Passed    0.53 sec
      Start  5: test-mul-mat2
 5/19 Test  #5: test-mul-mat2 ....................   Passed    2.81 sec
      Start  6: test0
 6/19 Test  #6: test0 ............................   Passed    0.00 sec
      Start  7: test-pool
 7/19 Test  #7: test-pool ........................   Passed    0.00 sec
      Start  8: test-arange
 8/19 Test  #8: test-arange ......................   Passed    0.00 sec
      Start  9: test-timestep_embedding
 9/19 Test  #9: test-timestep_embedding ..........   Passed    0.00 sec
      Start 10: test-conv-transpose
10/19 Test #10: test-conv-transpose ..............   Passed    0.00 sec
      Start 11: test-conv-transpose-1d
11/19 Test #11: test-conv-transpose-1d ...........   Passed    0.01 sec
      Start 12: test-dup
12/19 Test #12: test-dup .........................   Passed    0.00 sec
      Start 13: test-rel-pos
13/19 Test #13: test-rel-pos .....................   Passed    0.00 sec
      Start 14: test-customop
14/19 Test #14: test-customop ....................   Passed    0.00 sec
      Start 15: test-conv1d
15/19 Test #15: test-conv1d ......................   Passed    0.00 sec
      Start 16: test-conv2d
16/19 Test #16: test-conv2d ......................   Passed    0.00 sec
      Start 17: test-mul-mat
17/19 Test #17: test-mul-mat .....................   Passed    0.00 sec
      Start 18: test-backend-ops
18/19 Test #18: test-backend-ops .................   Passed    0.00 sec
      Start 19: test-cont
19/19 Test #19: test-cont ........................   Passed    0.00 sec

100% tests passed, 0 tests failed out of 19

Total Test time (real) =  20.03 sec

real	0m20.093s
user	0m19.598s
sys	0m0.196s
