+ cmake -DCMAKE_BUILD_TYPE=Release -DLLAMA_FATAL_WARNINGS=ON -DLLAMA_CUBLAS=1 ..
-- The C compiler identification is GNU 11.4.0
-- The CXX compiler identification is GNU 11.4.0
-- Detecting C compiler ABI info
-- Detecting C compiler ABI info - done
-- Check for working C compiler: /usr/bin/cc - skipped
-- Detecting C compile features
-- Detecting C compile features - done
-- Detecting CXX compiler ABI info
-- Detecting CXX compiler ABI info - done
-- Check for working CXX compiler: /usr/bin/c++ - skipped
-- Detecting CXX compile features
-- Detecting CXX compile features - done
-- Found Git: /usr/bin/git (found version "2.34.1") 
-- Performing Test CMAKE_HAVE_LIBC_PTHREAD
-- Performing Test CMAKE_HAVE_LIBC_PTHREAD - Success
-- Found Threads: TRUE  
-- Found CUDAToolkit: /usr/local/cuda-12.2/include (found version "12.2.140") 
-- cuBLAS found
-- The CUDA compiler identification is NVIDIA 12.2.140
-- Detecting CUDA compiler ABI info
-- Detecting CUDA compiler ABI info - done
-- Check for working CUDA compiler: /usr/local/cuda-12.2/bin/nvcc - skipped
-- Detecting CUDA compile features
-- Detecting CUDA compile features - done
-- Using CUDA architectures: 52;61;70
-- CUDA host compiler is GNU 11.4.0

-- ccache found, compilation results will be cached. Disable with LLAMA_CCACHE=OFF.
-- CMAKE_SYSTEM_PROCESSOR: x86_64
-- x86 detected
-- Configuring done (3.2s)
-- Generating done (0.2s)
-- Build files have been written to: /home/ggml/work/llama.cpp/build-ci-release

real	0m3.513s
user	0m2.651s
sys	0m0.864s
+ make -j
[  1%] Building CXX object common/CMakeFiles/build_info.dir/build-info.cpp.o
[  2%] Building CXX object common/CMakeFiles/json-schema-to-grammar.dir/json-schema-to-grammar.cpp.o
[  3%] Building C object CMakeFiles/ggml.dir/ggml-backend.c.o
[  2%] Building C object CMakeFiles/ggml.dir/ggml.c.o
[  3%] Building C object CMakeFiles/ggml.dir/ggml-quants.c.o
[  4%] Building C object CMakeFiles/ggml.dir/ggml-alloc.c.o
[  5%] Building CUDA object CMakeFiles/ggml.dir/ggml-cuda.cu.o
[  5%] Built target json-schema-to-grammar
[  5%] Built target build_info
[  5%] Built target ggml
[  5%] Building CXX object CMakeFiles/llama.dir/llama.cpp.o
[  6%] Linking CUDA static library libggml_static.a
[  7%] Building CXX object CMakeFiles/llama.dir/unicode.cpp.o
[  7%] Building CXX object examples/gguf/CMakeFiles/gguf.dir/gguf.cpp.o
[  8%] Linking CXX executable ../../bin/gguf
[  8%] Linking CXX static library libllama.a
[  8%] Built target ggml_static
[  8%] Built target llama
[  8%] Built target gguf
[  9%] Building CXX object examples/llava/CMakeFiles/llava.dir/clip.cpp.o
[  9%] Building CXX object examples/benchmark/CMakeFiles/benchmark.dir/benchmark-matmult.cpp.o
[  9%] Building CXX object examples/llava/CMakeFiles/llava.dir/llava.cpp.o
[ 10%] Building C object tests/CMakeFiles/test-c.dir/test-c.c.o
[ 11%] Building CXX object common/CMakeFiles/common.dir/common.cpp.o
[ 12%] Building CXX object common/CMakeFiles/common.dir/console.cpp.o
[ 12%] Building CXX object common/CMakeFiles/common.dir/sampling.cpp.o
[ 13%] Building CXX object examples/quantize-stats/CMakeFiles/quantize-stats.dir/quantize-stats.cpp.o
[ 14%] Building CXX object common/CMakeFiles/common.dir/grammar-parser.cpp.o
[ 14%] Building CXX object common/CMakeFiles/common.dir/train.cpp.o
[ 14%] Building CXX object examples/quantize/CMakeFiles/quantize.dir/quantize.cpp.o
[ 15%] Linking CXX executable ../../bin/benchmark
[ 15%] Linking CXX executable ../bin/test-c
[ 15%] Built target llava
[ 15%] Linking CXX executable ../../bin/quantize-stats
[ 16%] Linking CXX executable ../../bin/quantize
[ 17%] Linking CXX static library libcommon.a
[ 18%] Linking CXX static library libllava_static.a
[ 18%] Built target test-c
[ 18%] Built target benchmark
[ 18%] Built target common
[ 18%] Built target llava_static
[ 19%] Building CXX object tests/CMakeFiles/test-quantize-perf.dir/get-model.cpp.o
[ 19%] Building CXX object tests/CMakeFiles/test-quantize-fns.dir/test-quantize-fns.cpp.o
[ 20%] Building CXX object tests/CMakeFiles/test-sampling.dir/test-sampling.cpp.o
[ 21%] Building CXX object tests/CMakeFiles/test-quantize-perf.dir/test-quantize-perf.cpp.o
[ 21%] Building CXX object tests/CMakeFiles/test-sampling.dir/get-model.cpp.o
[ 22%] Building CXX object tests/CMakeFiles/test-quantize-fns.dir/get-model.cpp.o
[ 23%] Building CXX object tests/CMakeFiles/test-chat-template.dir/test-chat-template.cpp.o
[ 23%] Building CXX object tests/CMakeFiles/test-chat-template.dir/get-model.cpp.o
[ 23%] Building CXX object tests/CMakeFiles/test-tokenizer-0-llama.dir/get-model.cpp.o
[ 24%] Building CXX object tests/CMakeFiles/test-tokenizer-0-llama.dir/test-tokenizer-0-llama.cpp.o
[ 25%] Building CXX object tests/CMakeFiles/test-tokenizer-0-falcon.dir/test-tokenizer-0-falcon.cpp.o
[ 25%] Building CXX object tests/CMakeFiles/test-tokenizer-0-falcon.dir/get-model.cpp.o
[ 26%] Building CXX object tests/CMakeFiles/test-tokenizer-1-llama.dir/test-tokenizer-1-llama.cpp.o
[ 26%] Linking CXX executable ../bin/test-quantize-fns
[ 27%] Linking CXX executable ../bin/test-tokenizer-0-llama
[ 28%] Linking CXX executable ../bin/test-sampling
[ 29%] Linking CXX executable ../bin/test-tokenizer-0-falcon
[ 30%] Building CXX object tests/CMakeFiles/test-tokenizer-1-llama.dir/get-model.cpp.o
[ 31%] Linking CXX executable ../bin/test-chat-template
[ 31%] Building CXX object tests/CMakeFiles/test-tokenizer-1-aquila.dir/test-tokenizer-1-bpe.cpp.o
[ 31%] Linking CXX executable ../bin/test-quantize-perf
[ 32%] Building CXX object tests/CMakeFiles/test-tokenizer-1-falcon.dir/get-model.cpp.o
[ 32%] Building CXX object tests/CMakeFiles/test-tokenizer-1-falcon.dir/test-tokenizer-1-bpe.cpp.o
[ 32%] Building CXX object tests/CMakeFiles/test-tokenizer-1-baichuan.dir/test-tokenizer-1-llama.cpp.o
[ 32%] Built target quantize-stats
[ 33%] Building CXX object tests/CMakeFiles/test-tokenizer-1-baichuan.dir/get-model.cpp.o
[ 34%] Building CXX object tests/CMakeFiles/test-tokenizer-1-aquila.dir/get-model.cpp.o
[ 34%] Linking CXX executable ../bin/test-tokenizer-1-llama
[ 34%] Building CXX object tests/CMakeFiles/test-tokenizer-1-stablelm-3b-4e1t.dir/get-model.cpp.o
[ 34%] Building CXX object tests/CMakeFiles/test-tokenizer-1-gpt-neox.dir/test-tokenizer-1-bpe.cpp.o
[ 35%] Building CXX object tests/CMakeFiles/test-tokenizer-1-refact.dir/test-tokenizer-1-bpe.cpp.o
[ 36%] Building CXX object tests/CMakeFiles/test-tokenizer-1-stablelm-3b-4e1t.dir/test-tokenizer-1-bpe.cpp.o
[ 37%] Building CXX object tests/CMakeFiles/test-tokenizer-1-gpt-neox.dir/get-model.cpp.o
[ 38%] Building CXX object tests/CMakeFiles/test-tokenizer-1-mpt.dir/test-tokenizer-1-bpe.cpp.o
[ 38%] Building CXX object tests/CMakeFiles/test-tokenizer-1-mpt.dir/get-model.cpp.o
[ 39%] Linking CXX executable ../bin/test-tokenizer-1-falcon
[ 40%] Linking CXX executable ../bin/test-tokenizer-1-aquila
[ 41%] Linking CXX executable ../bin/test-tokenizer-1-baichuan
[ 41%] Building CXX object tests/CMakeFiles/test-tokenizer-1-refact.dir/get-model.cpp.o
[ 42%] Linking CXX executable ../bin/test-tokenizer-1-stablelm-3b-4e1t
[ 42%] Building CXX object tests/CMakeFiles/test-tokenizer-1-starcoder.dir/test-tokenizer-1-bpe.cpp.o
[ 42%] Built target quantize
[ 43%] Building CXX object tests/CMakeFiles/test-tokenizer-1-starcoder.dir/get-model.cpp.o
[ 44%] Linking CXX executable ../bin/test-tokenizer-1-mpt
[ 44%] Linking CXX executable ../bin/test-tokenizer-1-gpt-neox
[ 45%] Building CXX object tests/CMakeFiles/test-tokenizer-1-gpt2.dir/test-tokenizer-1-bpe.cpp.o
[ 46%] Building CXX object tests/CMakeFiles/test-tokenizer-1-gpt2.dir/get-model.cpp.o
[ 47%] Linking CXX executable ../bin/test-tokenizer-1-refact
[ 48%] Building CXX object tests/CMakeFiles/test-grammar-parser.dir/test-grammar-parser.cpp.o
[ 48%] Building CXX object tests/CMakeFiles/test-llama-grammar.dir/test-llama-grammar.cpp.o
[ 49%] Building CXX object tests/CMakeFiles/test-llama-grammar.dir/get-model.cpp.o
[ 49%] Linking CXX executable ../bin/test-tokenizer-1-gpt2
[ 50%] Building CXX object tests/CMakeFiles/test-grad0.dir/test-grad0.cpp.o
[ 50%] Building CXX object tests/CMakeFiles/test-grammar-parser.dir/get-model.cpp.o
[ 51%] Linking CXX executable ../bin/test-tokenizer-1-starcoder
[ 52%] Building CXX object tests/CMakeFiles/test-backend-ops.dir/test-backend-ops.cpp.o
[ 52%] Building CXX object tests/CMakeFiles/test-grad0.dir/get-model.cpp.o
[ 52%] Building CXX object tests/CMakeFiles/test-backend-ops.dir/get-model.cpp.o
[ 53%] Building CXX object tests/CMakeFiles/test-rope.dir/test-rope.cpp.o
[ 54%] Linking CXX executable ../bin/test-grad0
[ 54%] Building CXX object tests/CMakeFiles/test-model-load-cancel.dir/test-model-load-cancel.cpp.o
[ 54%] Built target test-quantize-fns
[ 55%] Building CXX object tests/CMakeFiles/test-rope.dir/get-model.cpp.o
[ 56%] Linking CXX executable ../bin/test-backend-ops
[ 57%] Linking CXX executable ../bin/test-grammar-parser
[ 58%] Building CXX object tests/CMakeFiles/test-json-schema-to-grammar.dir/test-json-schema-to-grammar.cpp.o
[ 59%] Building CXX object tests/CMakeFiles/test-model-load-cancel.dir/get-model.cpp.o
[ 60%] Linking CXX executable ../bin/test-llama-grammar
[ 61%] Building CXX object tests/CMakeFiles/test-autorelease.dir/test-autorelease.cpp.o
[ 61%] Building CXX object tests/CMakeFiles/test-json-schema-to-grammar.dir/get-model.cpp.o
[ 61%] Building CXX object examples/baby-llama/CMakeFiles/baby-llama.dir/baby-llama.cpp.o
[ 61%] Building CXX object tests/CMakeFiles/test-autorelease.dir/get-model.cpp.o
[ 61%] Linking CXX executable ../bin/test-rope
[ 61%] Building CXX object examples/batched/CMakeFiles/batched.dir/batched.cpp.o
[ 62%] Linking CXX executable ../bin/test-model-load-cancel
[ 63%] Linking CXX executable ../../bin/baby-llama
[ 64%] Building CXX object examples/batched-bench/CMakeFiles/batched-bench.dir/batched-bench.cpp.o
[ 65%] Building CXX object examples/beam-search/CMakeFiles/beam-search.dir/beam-search.cpp.o
[ 66%] Linking CXX executable ../bin/test-autorelease
[ 66%] Building CXX object examples/convert-llama2c-to-ggml/CMakeFiles/convert-llama2c-to-ggml.dir/convert-llama2c-to-ggml.cpp.o
[ 67%] Linking CXX executable ../bin/test-json-schema-to-grammar
[ 68%] Linking CXX executable ../../bin/batched
[ 68%] Linking CXX executable ../../bin/batched-bench
[ 68%] Building CXX object examples/finetune/CMakeFiles/finetune.dir/finetune.cpp.o
[ 69%] Building CXX object examples/embedding/CMakeFiles/embedding.dir/embedding.cpp.o
[ 70%] Linking CXX executable ../../bin/beam-search
[ 71%] Building CXX object examples/gritlm/CMakeFiles/gritlm.dir/gritlm.cpp.o
[ 72%] Building CXX object examples/gguf-split/CMakeFiles/gguf-split.dir/gguf-split.cpp.o
[ 72%] Building CXX object examples/infill/CMakeFiles/infill.dir/infill.cpp.o
[ 72%] Linking CXX executable ../../bin/embedding
[ 73%] Linking CXX executable ../../bin/finetune
[ 73%] Linking CXX executable ../../bin/gguf-split
[ 74%] Building CXX object examples/llama-bench/CMakeFiles/llama-bench.dir/llama-bench.cpp.o
[ 74%] Built target test-chat-template
[ 75%] Linking CXX executable ../../bin/infill
[ 76%] Building CXX object examples/llava/CMakeFiles/llava-cli.dir/llava-cli.cpp.o
[ 76%] Linking CXX executable ../../bin/gritlm
[ 77%] Building CXX object examples/main/CMakeFiles/main.dir/main.cpp.o
[ 77%] Building CXX object examples/tokenize/CMakeFiles/tokenize.dir/tokenize.cpp.o
[ 77%] Built target test-quantize-perf
[ 78%] Linking CXX executable ../../bin/llama-bench
[ 78%] Building CXX object examples/parallel/CMakeFiles/parallel.dir/parallel.cpp.o
[ 79%] Building CXX object examples/perplexity/CMakeFiles/perplexity.dir/perplexity.cpp.o
[ 80%] Linking CXX executable ../../bin/main
[ 80%] Linking CXX executable ../../bin/llava-cli
[ 80%] Built target test-tokenizer-1-falcon
[ 81%] Linking CXX executable ../../bin/tokenize
[ 81%] Building CXX object examples/simple/CMakeFiles/simple.dir/simple.cpp.o
[ 81%] Building CXX object examples/passkey/CMakeFiles/passkey.dir/passkey.cpp.o
[ 82%] Building CXX object examples/save-load-state/CMakeFiles/save-load-state.dir/save-load-state.cpp.o
[ 83%] Building CXX object examples/speculative/CMakeFiles/speculative.dir/speculative.cpp.o
[ 83%] Linking CXX executable ../../bin/perplexity
[ 84%] Linking CXX executable ../../bin/parallel
[ 85%] Linking CXX executable ../../bin/simple
[ 85%] Building CXX object examples/lookahead/CMakeFiles/lookahead.dir/lookahead.cpp.o
[ 85%] Built target test-tokenizer-1-llama
[ 86%] Building CXX object examples/lookup/CMakeFiles/lookup.dir/lookup.cpp.o
[ 86%] Linking CXX executable ../../bin/save-load-state
[ 87%] Linking CXX executable ../../bin/passkey
[ 88%] Building CXX object examples/train-text-from-scratch/CMakeFiles/train-text-from-scratch.dir/train-text-from-scratch.cpp.o
[ 89%] Building CXX object examples/imatrix/CMakeFiles/imatrix.dir/imatrix.cpp.o
[ 89%] Built target test-json-schema-to-grammar
[ 89%] Linking CXX executable ../../bin/speculative
[ 90%] Building CXX object examples/server/CMakeFiles/server.dir/server.cpp.o
[ 90%] Built target test-grad0
[ 91%] Linking CXX executable ../../bin/lookahead
[ 91%] Linking CXX executable ../../bin/lookup
[ 92%] Building CXX object examples/export-lora/CMakeFiles/export-lora.dir/export-lora.cpp.o
[ 90%] Built target test-grammar-parser
[ 92%] Built target test-tokenizer-0-falcon
[ 93%] Building CXX object pocs/vdot/CMakeFiles/vdot.dir/vdot.cpp.o
[ 94%] Building CXX object pocs/vdot/CMakeFiles/q8dot.dir/q8dot.cpp.o
[ 94%] Linking CXX executable ../../bin/train-text-from-scratch
[ 95%] Linking CXX executable ../../bin/imatrix
[ 96%] Linking CXX executable ../../bin/export-lora
[ 97%] Linking CXX executable ../../bin/q8dot
[ 98%] Linking CXX executable ../../bin/server
[ 98%] Built target gguf-split
[ 99%] Linking CXX executable ../../bin/vdot
[ 99%] Built target test-tokenizer-1-aquila
[ 99%] Built target test-llama-grammar
[ 99%] Built target test-sampling
[ 99%] Built target test-tokenizer-0-llama
[ 99%] Built target test-rope
[ 99%] Built target test-tokenizer-1-baichuan
[ 99%] Built target infill
[ 99%] Built target test-tokenizer-1-mpt
[ 99%] Built target test-tokenizer-1-stablelm-3b-4e1t
[ 99%] Built target test-tokenizer-1-starcoder
[ 99%] Built target test-backend-ops
[ 99%] Built target q8dot
[ 99%] Built target test-model-load-cancel
[ 99%] Built target test-tokenizer-1-gpt-neox
[ 99%] Built target beam-search
[ 99%] Built target test-tokenizer-1-refact
[ 99%] Built target test-autorelease
[ 99%] Built target embedding
[ 99%] Built target vdot
[ 99%] Built target batched-bench
[ 99%] Built target test-tokenizer-1-gpt2
[ 99%] Built target lookup
[ 99%] Built target llava-cli
[ 99%] Built target parallel
[ 99%] Built target main
[ 99%] Built target baby-llama
[ 99%] Built target tokenize
[ 99%] Built target speculative
[ 99%] Built target batched
[ 99%] Built target finetune
[ 99%] Built target perplexity
[ 99%] Built target simple
[ 99%] Built target llama-bench
[ 99%] Built target gritlm
[ 99%] Built target passkey
[ 99%] Built target lookahead
[ 99%] Built target export-lora
[ 99%] Built target save-load-state
[ 99%] Built target imatrix
[ 99%] Built target train-text-from-scratch
[ 99%] Built target server
[100%] Linking CXX executable ../../bin/convert-llama2c-to-ggml
[100%] Built target convert-llama2c-to-ggml

real	0m4.615s
user	0m12.578s
sys	0m3.932s
+ ctest --output-on-failure -L main
Test project /home/ggml/work/llama.cpp/build-ci-release
      Start  1: test-quantize-fns
 1/22 Test  #1: test-quantize-fns ...................   Passed   16.43 sec
      Start  2: test-quantize-perf
 2/22 Test  #2: test-quantize-perf ..................   Passed    6.42 sec
      Start  3: test-sampling
 3/22 Test  #3: test-sampling .......................   Passed    0.06 sec
      Start  4: test-chat-template
 4/22 Test  #4: test-chat-template ..................   Passed    0.04 sec
      Start  5: test-tokenizer-0-llama
 5/22 Test  #5: test-tokenizer-0-llama ..............   Passed    0.12 sec
      Start  6: test-tokenizer-0-falcon
 6/22 Test  #6: test-tokenizer-0-falcon .............   Passed    0.37 sec
      Start  7: test-tokenizer-1-llama
 7/22 Test  #7: test-tokenizer-1-llama ..............   Passed    0.63 sec
      Start  8: test-tokenizer-1-baichuan
 8/22 Test  #8: test-tokenizer-1-baichuan ...........   Passed    0.64 sec
      Start  9: test-tokenizer-1-falcon
 9/22 Test  #9: test-tokenizer-1-falcon .............   Passed    1.30 sec
      Start 10: test-tokenizer-1-aquila
10/22 Test #10: test-tokenizer-1-aquila .............   Passed    1.70 sec
      Start 11: test-tokenizer-1-mpt
11/22 Test #11: test-tokenizer-1-mpt ................   Passed    0.90 sec
      Start 12: test-tokenizer-1-stablelm-3b-4e1t
12/22 Test #12: test-tokenizer-1-stablelm-3b-4e1t ...   Passed    0.89 sec
      Start 13: test-tokenizer-1-gpt-neox
13/22 Test #13: test-tokenizer-1-gpt-neox ...........   Passed    0.90 sec
      Start 14: test-tokenizer-1-refact
14/22 Test #14: test-tokenizer-1-refact .............   Passed    0.90 sec
      Start 15: test-tokenizer-1-starcoder
15/22 Test #15: test-tokenizer-1-starcoder ..........   Passed    0.91 sec
      Start 16: test-tokenizer-1-gpt2
16/22 Test #16: test-tokenizer-1-gpt2 ...............   Passed    0.94 sec
      Start 17: test-grammar-parser
17/22 Test #17: test-grammar-parser .................   Passed    0.00 sec
      Start 18: test-llama-grammar
18/22 Test #18: test-llama-grammar ..................   Passed    0.04 sec
      Start 19: test-grad0
19/22 Test #19: test-grad0 ..........................   Passed    4.15 sec
      Start 20: test-backend-ops
20/22 Test #20: test-backend-ops ....................   Passed   37.36 sec
      Start 21: test-rope
21/22 Test #21: test-rope ...........................   Passed    0.06 sec
      Start 24: test-json-schema-to-grammar
22/22 Test #24: test-json-schema-to-grammar .........   Passed    1.44 sec

100% tests passed, 0 tests failed out of 22

Label Time Summary:
main    =  76.18 sec*proc (22 tests)

Total Test time (real) =  76.39 sec

real	1m16.428s
user	1m17.749s
sys	0m7.595s
