+ cmake -DCMAKE_BUILD_TYPE=Release -DGGML_CUBLAS=ON ..
-- The C compiler identification is GNU 11.4.0
-- The CXX compiler identification is GNU 11.4.0
-- Detecting C compiler ABI info
-- Detecting C compiler ABI info - done
-- Check for working C compiler: /usr/bin/cc - skipped
-- Detecting C compile features
-- Detecting C compile features - done
-- Detecting CXX compiler ABI info
-- Detecting CXX compiler ABI info - done
-- Check for working CXX compiler: /usr/bin/c++ - skipped
-- Detecting CXX compile features
-- Detecting CXX compile features - done
-- Found Git: /usr/bin/git (found version "2.34.1") 
-- Performing Test CMAKE_HAVE_LIBC_PTHREAD
-- Performing Test CMAKE_HAVE_LIBC_PTHREAD - Success
-- Found Threads: TRUE  
-- CMAKE_SYSTEM_PROCESSOR: x86_64
GNU ld (GNU Binutils for Ubuntu) 2.38
-- x86 detected
-- Linux detected
CMake Warning at src/CMakeLists.txt:181 (message):
  GGML_CUBLAS is deprecated and will be removed in the future.

  Use GGML_CUDA instead


-- Found CUDAToolkit: /usr/local/cuda-12.2/include (found version "12.2.140") 
-- CUDA found
-- Using CUDA architectures: 52;61;70
-- The CUDA compiler identification is NVIDIA 12.2.140
-- Detecting CUDA compiler ABI info
-- Detecting CUDA compiler ABI info - done
-- Check for working CUDA compiler: /usr/local/cuda-12.2/bin/nvcc - skipped
-- Detecting CUDA compile features
-- Detecting CUDA compile features - done
-- GGML CUDA sources found
-- x86 detected
-- Linux detected
-- Configuring done (3.9s)
-- Generating done (0.1s)
-- Build files have been written to: /home/ggml/work/ggml/build-ci-release

real	0m4.082s
user	0m3.139s
sys	0m0.951s
+ make -j
[  0%] Building CXX object examples/CMakeFiles/common.dir/common.cpp.o
[  1%] Building C object src/CMakeFiles/ggml.dir/ggml.c.o
[  1%] Building C object src/CMakeFiles/ggml.dir/ggml-alloc.c.o
[  2%] Building C object src/CMakeFiles/ggml.dir/ggml-backend.c.o
[  2%] Building CUDA object src/CMakeFiles/ggml.dir/ggml-cuda/acc.cu.o
[  3%] Building CUDA object src/CMakeFiles/ggml.dir/ggml-cuda/arange.cu.o
[  3%] Building CUDA object src/CMakeFiles/ggml.dir/ggml-cuda/binbcast.cu.o
[  4%] Building C object src/CMakeFiles/ggml.dir/ggml-quants.c.o
[  5%] Building CUDA object src/CMakeFiles/ggml.dir/ggml-cuda/argsort.cu.o
[  6%] Building CUDA object src/CMakeFiles/ggml.dir/ggml-cuda/concat.cu.o
[  7%] Building CUDA object src/CMakeFiles/ggml.dir/ggml-cuda/clamp.cu.o
[  7%] Building CUDA object src/CMakeFiles/ggml.dir/ggml-cuda/convert.cu.o
[  8%] Building CUDA object src/CMakeFiles/ggml.dir/ggml-cuda/diagmask.cu.o
[  9%] Building CUDA object src/CMakeFiles/ggml.dir/ggml-cuda/cpy.cu.o
[  9%] Building CUDA object src/CMakeFiles/ggml.dir/ggml-cuda/dmmv.cu.o
[ 10%] Building CUDA object src/CMakeFiles/ggml.dir/ggml-cuda/fattn-tile-f16.cu.o
[ 11%] Building CUDA object src/CMakeFiles/ggml.dir/ggml-cuda/fattn-tile-f32.cu.o
[ 11%] Building CUDA object src/CMakeFiles/ggml.dir/ggml-cuda/fattn.cu.o
[ 12%] Building CUDA object src/CMakeFiles/ggml.dir/ggml-cuda/getrows.cu.o
[ 13%] Building CUDA object src/CMakeFiles/ggml.dir/ggml-cuda/im2col.cu.o
[ 13%] Building CUDA object src/CMakeFiles/ggml.dir/ggml-cuda/mmq.cu.o
[ 14%] Building CUDA object src/CMakeFiles/ggml.dir/ggml-cuda/mmvq.cu.o
[ 15%] Building CUDA object src/CMakeFiles/ggml.dir/ggml-cuda/norm.cu.o
[ 15%] Building CUDA object src/CMakeFiles/ggml.dir/ggml-cuda/pad.cu.o
[ 16%] Building CUDA object src/CMakeFiles/ggml.dir/ggml-cuda/pool2d.cu.o
[ 17%] Building CUDA object src/CMakeFiles/ggml.dir/ggml-cuda/quantize.cu.o
[ 17%] Building CUDA object src/CMakeFiles/ggml.dir/ggml-cuda/rope.cu.o
[ 18%] Building CUDA object src/CMakeFiles/ggml.dir/ggml-cuda/scale.cu.o
[ 19%] Building CUDA object src/CMakeFiles/ggml.dir/ggml-cuda/softmax.cu.o
[ 20%] Building CUDA object src/CMakeFiles/ggml.dir/ggml-cuda/tsembd.cu.o
[ 20%] Building CUDA object src/CMakeFiles/ggml.dir/ggml-cuda/sumrows.cu.o
[ 21%] Building CUDA object src/CMakeFiles/ggml.dir/ggml-cuda/unary.cu.o
[ 21%] Building CUDA object src/CMakeFiles/ggml.dir/ggml-cuda/upscale.cu.o
[ 22%] Building CUDA object src/CMakeFiles/ggml.dir/ggml-cuda.cu.o
[ 23%] Building CUDA object src/CMakeFiles/ggml.dir/ggml-cuda/template-instances/fattn-wmma-f16-instance-kqfloat-cpb16.cu.o
[ 23%] Building CUDA object src/CMakeFiles/ggml.dir/ggml-cuda/template-instances/fattn-wmma-f16-instance-kqfloat-cpb32.cu.o
[ 24%] Building CUDA object src/CMakeFiles/ggml.dir/ggml-cuda/template-instances/fattn-wmma-f16-instance-kqhalf-cpb16.cu.o
[ 25%] Building CUDA object src/CMakeFiles/ggml.dir/ggml-cuda/template-instances/fattn-wmma-f16-instance-kqhalf-cpb32.cu.o
[ 25%] Building CUDA object src/CMakeFiles/ggml.dir/ggml-cuda/template-instances/fattn-wmma-f16-instance-kqhalf-cpb8.cu.o
[ 26%] Building CUDA object src/CMakeFiles/ggml.dir/ggml-cuda/template-instances/mmq-instance-q2_k.cu.o
[ 27%] Building CUDA object src/CMakeFiles/ggml.dir/ggml-cuda/template-instances/mmq-instance-q3_k.cu.o
[ 27%] Building CUDA object src/CMakeFiles/ggml.dir/ggml-cuda/template-instances/mmq-instance-q4_0.cu.o
[ 28%] Building CUDA object src/CMakeFiles/ggml.dir/ggml-cuda/template-instances/mmq-instance-q4_1.cu.o
[ 29%] Building CUDA object src/CMakeFiles/ggml.dir/ggml-cuda/template-instances/mmq-instance-q4_k.cu.o
[ 29%] Building CUDA object src/CMakeFiles/ggml.dir/ggml-cuda/template-instances/mmq-instance-q5_0.cu.o
[ 30%] Building CUDA object src/CMakeFiles/ggml.dir/ggml-cuda/template-instances/mmq-instance-q5_1.cu.o
[ 31%] Building CUDA object src/CMakeFiles/ggml.dir/ggml-cuda/template-instances/mmq-instance-q5_k.cu.o
[ 31%] Building CUDA object src/CMakeFiles/ggml.dir/ggml-cuda/template-instances/mmq-instance-q6_k.cu.o
[ 32%] Building CUDA object src/CMakeFiles/ggml.dir/ggml-cuda/template-instances/mmq-instance-q8_0.cu.o
[ 34%] Building CUDA object src/CMakeFiles/ggml.dir/ggml-cuda/template-instances/fattn-vec-f16-instance-hs128-q8_0-q8_0.cu.o
[ 35%] Building CUDA object src/CMakeFiles/ggml.dir/ggml-cuda/template-instances/fattn-vec-f32-instance-hs128-q8_0-q8_0.cu.o
[ 37%] Building CUDA object src/CMakeFiles/ggml.dir/ggml-cuda/template-instances/fattn-vec-f16-instance-hs256-f16-f16.cu.o
[ 37%] Building CUDA object src/CMakeFiles/ggml.dir/ggml-cuda/template-instances/fattn-vec-f16-instance-hs64-f16-f16.cu.o
[ 39%] Building CUDA object src/CMakeFiles/ggml.dir/ggml-cuda/template-instances/fattn-vec-f16-instance-hs128-q4_0-q4_0.cu.o
[ 33%] Building CUDA object src/CMakeFiles/ggml.dir/ggml-cuda/template-instances/fattn-vec-f16-instance-hs128-f16-f16.cu.o
[ 33%] Building CUDA object src/CMakeFiles/ggml.dir/ggml-cuda/template-instances/fattn-vec-f32-instance-hs128-q4_0-q4_0.cu.o
[ 39%] Building CUDA object src/CMakeFiles/ggml.dir/ggml-cuda/template-instances/fattn-vec-f32-instance-hs256-f16-f16.cu.o
[ 33%] Building CUDA object src/CMakeFiles/ggml.dir/ggml-cuda/template-instances/fattn-vec-f32-instance-hs128-f16-f16.cu.o
[ 39%] Building CUDA object src/CMakeFiles/ggml.dir/ggml-cuda/template-instances/fattn-vec-f32-instance-hs64-f16-f16.cu.o
/home/ggml/work/ggml/src/ggml-cuda.cu(2418): warning #177-D: function "set_ggml_graph_node_properties" was declared but never referenced
  static void set_ggml_graph_node_properties(ggml_tensor * node, ggml_graph_node_properties * graph_node_properties) {
              ^

Remark: The warnings can be suppressed with "-diag-suppress <warning-number>"

/home/ggml/work/ggml/src/ggml-cuda.cu(2430): warning #177-D: function "ggml_graph_node_has_matching_properties" was declared but never referenced
  static bool ggml_graph_node_has_matching_properties(ggml_tensor * node, ggml_graph_node_properties * graph_node_properties) {
              ^

/home/ggml/work/ggml/src/ggml-cuda.cu(2418): warning #177-D: function "set_ggml_graph_node_properties" was declared but never referenced
  static void set_ggml_graph_node_properties(ggml_tensor * node, ggml_graph_node_properties * graph_node_properties) {
              ^

Remark: The warnings can be suppressed with "-diag-suppress <warning-number>"

/home/ggml/work/ggml/src/ggml-cuda.cu(2430): warning #177-D: function "ggml_graph_node_has_matching_properties" was declared but never referenced
  static bool ggml_graph_node_has_matching_properties(ggml_tensor * node, ggml_graph_node_properties * graph_node_properties) {
              ^

/home/ggml/work/ggml/src/ggml-cuda.cu(2418): warning #177-D: function "set_ggml_graph_node_properties" was declared but never referenced
  static void set_ggml_graph_node_properties(ggml_tensor * node, ggml_graph_node_properties * graph_node_properties) {
              ^

Remark: The warnings can be suppressed with "-diag-suppress <warning-number>"

/home/ggml/work/ggml/src/ggml-cuda.cu(2430): warning #177-D: function "ggml_graph_node_has_matching_properties" was declared but never referenced
  static bool ggml_graph_node_has_matching_properties(ggml_tensor * node, ggml_graph_node_properties * graph_node_properties) {
              ^

[ 40%] Linking CXX static library libcommon.a
[ 40%] Built target common
[ 40%] Linking CUDA shared library libggml.so
[ 40%] Built target ggml
[ 41%] Building C object tests/CMakeFiles/test-vec0.dir/test-vec0.c.o
[ 41%] Building CXX object tests/CMakeFiles/test-grad0.dir/test-grad0.cpp.o
[ 42%] Building CXX object tests/CMakeFiles/test-opt.dir/test-opt.cpp.o
[ 42%] Building CXX object tests/CMakeFiles/test-quantize-fns.dir/test-quantize-fns.cpp.o
[ 43%] Building C object tests/CMakeFiles/test-vec1.dir/test-vec1.c.o
[ 44%] Building CXX object tests/CMakeFiles/test-quantize-perf.dir/test-quantize-perf.cpp.o
[ 44%] Building C object tests/CMakeFiles/test-mul-mat2.dir/test-mul-mat2.c.o
[ 44%] Building C object tests/CMakeFiles/test0.dir/test0.c.o
[ 45%] Building C object tests/CMakeFiles/test-mul-mat0.dir/test-mul-mat0.c.o
[ 45%] Building C object tests/CMakeFiles/test3.dir/test3.c.o
[ 46%] Building C object tests/CMakeFiles/test1.dir/test1.c.o
[ 47%] Building C object tests/CMakeFiles/test2.dir/test2.c.o
[ 48%] Linking C executable ../bin/test0
[ 49%] Building C object tests/CMakeFiles/test-pool.dir/test-pool.c.o
[ 50%] Building CXX object tests/CMakeFiles/test-arange.dir/test-arange.cpp.o
[ 50%] Building CXX object tests/CMakeFiles/test-timestep_embedding.dir/test-timestep_embedding.cpp.o
[ 50%] Linking C executable ../bin/test-vec0
[ 51%] Building C object tests/CMakeFiles/test-conv-transpose.dir/test-conv-transpose.c.o
[ 52%] Building C object tests/CMakeFiles/test-dup.dir/test-dup.c.o
[ 53%] Building C object tests/CMakeFiles/test-rel-pos.dir/test-rel-pos.c.o
[ 54%] Building C object tests/CMakeFiles/test-customop.dir/test-customop.c.o
[ 55%] Linking CXX executable ../bin/test-arange
[ 55%] Building CXX object tests/CMakeFiles/test-conv1d.dir/test-conv1d.cpp.o
[ 55%] Linking CXX executable ../bin/test-opt
[ 55%] Building CXX object tests/CMakeFiles/test-conv2d.dir/test-conv2d.cpp.o
[ 56%] Building CXX object tests/CMakeFiles/test-mul-mat.dir/test-mul-mat.cpp.o
[ 56%] Built target test-vec0
[ 57%] Building CXX object tests/CMakeFiles/test-backend-buffer.dir/test-backend-buffer.cpp.o
[ 57%] Building CXX object tests/CMakeFiles/test-backend-ops.dir/test-backend-ops.cpp.o
[ 57%] Building CXX object examples/CMakeFiles/common-ggml.dir/common-ggml.cpp.o
[ 58%] Building CXX object examples/whisper/CMakeFiles/whisper-cpp.dir/whisper.cpp.o
[ 59%] Linking C executable ../bin/test3
[ 60%] Linking C executable ../bin/test2
[ 61%] Building CXX object examples/mnist/CMakeFiles/mnist.dir/main.cpp.o
[ 62%] Building CXX object examples/mnist/CMakeFiles/mnist-cnn.dir/main-cnn.cpp.o
[ 63%] Linking C executable ../bin/test-mul-mat0
[ 63%] Building CXX object examples/mnist/CMakeFiles/mnist-cpu.dir/main-cpu.cpp.o
[ 63%] Building CXX object examples/yolo/CMakeFiles/yolov3-tiny.dir/yolov3-tiny.cpp.o
[ 64%] Building CXX object examples/yolo/CMakeFiles/yolov3-tiny.dir/yolo-image.cpp.o
[ 64%] Building CXX object examples/simple/CMakeFiles/simple-ctx.dir/simple-ctx.cpp.o
[ 65%] Building CXX object examples/sam/CMakeFiles/sam.dir/main.cpp.o
[ 66%] Linking C executable ../bin/test-rel-pos
[ 67%] Building CXX object examples/simple/CMakeFiles/simple-backend.dir/simple-backend.cpp.o
[ 68%] Linking C executable ../bin/test-dup
[ 68%] Built target test0
[ 69%] Linking C executable ../bin/test-pool
[ 69%] Built target test3
[ 69%] Built target test-arange
[ 69%] Built target test2
[ 69%] Built target test-rel-pos
[ 70%] Linking CXX executable ../bin/test-backend-buffer
[ 70%] Linking C executable ../bin/test1
[ 70%] Built target test-opt
[ 70%] Built target test-dup
[ 70%] Built target test-mul-mat0
[ 70%] Linking C executable ../bin/test-conv-transpose
[ 71%] Linking CXX executable ../bin/test-quantize-fns
[ 71%] Linking C executable ../bin/test-customop
[ 71%] Built target test-pool
[ 71%] Built target test-backend-buffer
[ 71%] Built target test1
[ 71%] Built target test-quantize-fns
[ 71%] Built target test-conv-transpose
[ 71%] Built target test-customop
[ 72%] Linking CXX executable ../bin/test-timestep_embedding
/home/ggml/work/ggml/tests/test-conv2d.cpp:24:13: warning: ‘void ggml_log_callback_default(ggml_log_level, const char*, void*)’ defined but not used [-Wunused-function]
   24 | static void ggml_log_callback_default(ggml_log_level level, const char * text, void * user_data) {
      |             ^~~~~~~~~~~~~~~~~~~~~~~~~
[ 73%] Linking CXX executable ../../bin/mnist-cpu
[ 73%] Built target test-timestep_embedding
[ 74%] Linking CXX executable ../bin/test-conv2d
[ 74%] Built target mnist-cpu
/home/ggml/work/ggml/tests/test-conv1d.cpp:24:13: warning: ‘void ggml_log_callback_default(ggml_log_level, const char*, void*)’ defined but not used [-Wunused-function]
   24 | static void ggml_log_callback_default(ggml_log_level level, const char * text, void * user_data) {
      |             ^~~~~~~~~~~~~~~~~~~~~~~~~
[ 75%] Linking CXX executable ../../bin/simple-backend
[ 76%] Linking C executable ../bin/test-vec1
[ 76%] Built target test-conv2d
[ 76%] Linking CXX executable ../bin/test-mul-mat
[ 77%] Linking CXX executable ../../bin/simple-ctx
[ 78%] Linking CXX executable ../bin/test-conv1d
[ 78%] Built target simple-backend
[ 78%] Built target test-vec1
[ 78%] Built target test-mul-mat
[ 78%] Built target simple-ctx
[ 78%] Built target test-conv1d
[ 79%] Linking CXX executable ../bin/test-grad0
[ 80%] Linking CXX executable ../../bin/mnist-cnn
[ 80%] Built target test-grad0
[ 81%] Linking C executable ../bin/test-mul-mat2
[ 81%] Linking CXX executable ../../bin/mnist
[ 81%] Built target mnist-cnn
[ 81%] Built target test-mul-mat2
[ 81%] Built target mnist
[ 81%] Linking CXX executable ../bin/test-quantize-perf
[ 81%] Built target test-quantize-perf
[ 82%] Linking CXX executable ../bin/test-backend-ops
[ 83%] Linking CXX static library libcommon-ggml.a
[ 83%] Built target common-ggml
[ 84%] Building CXX object examples/gpt-2/CMakeFiles/gpt-2-ctx.dir/main-ctx.cpp.o
[ 85%] Building CXX object examples/gpt-2/CMakeFiles/gpt-2-alloc.dir/main-alloc.cpp.o
[ 86%] Building CXX object examples/gpt-2/CMakeFiles/gpt-2-batched.dir/main-batched.cpp.o
[ 87%] Building CXX object examples/gpt-2/CMakeFiles/gpt-2-sched.dir/main-sched.cpp.o
[ 87%] Building CXX object examples/gpt-2/CMakeFiles/gpt-2-quantize.dir/quantize.cpp.o
[ 87%] Building CXX object examples/gpt-2/CMakeFiles/gpt-2-backend.dir/main-backend.cpp.o
[ 87%] Built target test-backend-ops
[ 89%] Building CXX object examples/gpt-j/CMakeFiles/gpt-j.dir/main.cpp.o
[ 88%] Building CXX object examples/gpt-j/CMakeFiles/gpt-j-quantize.dir/quantize.cpp.o
[ 90%] Building CXX object examples/whisper/CMakeFiles/whisper-quantize.dir/quantize.cpp.o
[ 90%] Building CXX object examples/magika/CMakeFiles/magika.dir/main.cpp.o
[ 91%] Linking CXX executable ../../bin/magika
[ 91%] Built target magika
[ 92%] Linking CXX executable ../../bin/gpt-2-quantize
[ 92%] Built target gpt-2-quantize
[ 93%] Linking CXX executable ../../bin/gpt-j-quantize
[ 94%] Linking CXX executable ../../bin/whisper-quantize
[ 94%] Built target gpt-j-quantize
[ 94%] Built target whisper-quantize
[ 95%] Linking CXX executable ../../bin/gpt-2-ctx
[ 96%] Linking CXX executable ../../bin/gpt-2-alloc
[ 97%] Linking CXX executable ../../bin/gpt-2-backend
[ 97%] Built target gpt-2-ctx
[ 97%] Built target gpt-2-backend
[ 97%] Linking CXX executable ../../bin/gpt-j
[ 97%] Built target gpt-2-alloc
[ 97%] Linking CXX executable ../../bin/gpt-2-batched
[ 97%] Built target gpt-j
[ 97%] Built target gpt-2-batched
[ 98%] Linking CXX executable ../../bin/yolov3-tiny
[ 98%] Built target yolov3-tiny
[ 98%] Linking CXX executable ../../bin/gpt-2-sched
[ 98%] Built target gpt-2-sched
[ 98%] Linking CXX executable ../../bin/sam
[ 98%] Built target sam
[ 98%] Linking CXX static library libwhisper-cpp.a
[ 98%] Built target whisper-cpp
[ 99%] Building CXX object examples/whisper/CMakeFiles/whisper.dir/main.cpp.o
[ 99%] Building CXX object examples/whisper/CMakeFiles/whisper.dir/grammar-parser.cpp.o
[100%] Linking CXX executable ../../bin/whisper
[100%] Built target whisper

real	3m57.768s
user	19m30.619s
sys	0m49.180s
+ ctest --output-on-failure
Test project /home/ggml/work/ggml/build-ci-release
      Start  1: test-grad0
 1/22 Test  #1: test-grad0 .......................   Passed    3.67 sec
      Start  2: test-opt
 2/22 Test  #2: test-opt .........................   Passed    3.16 sec
      Start  3: test-quantize-fns
 3/22 Test  #3: test-quantize-fns ................   Passed   20.29 sec
      Start  4: test-quantize-perf
 4/22 Test  #4: test-quantize-perf ...............   Passed    5.73 sec
      Start  5: test-mul-mat0
 5/22 Test  #5: test-mul-mat0 ....................   Passed    0.57 sec
      Start  6: test-mul-mat2
 6/22 Test  #6: test-mul-mat2 ....................   Passed    2.76 sec
      Start  7: test0
 7/22 Test  #7: test0 ............................   Passed    0.04 sec
      Start  8: test1
 8/22 Test  #8: test1 ............................   Passed    0.04 sec
      Start  9: test2
 9/22 Test  #9: test2 ............................   Passed   20.22 sec
      Start 10: test3
10/22 Test #10: test3 ............................   Passed    1.51 sec
      Start 11: test-pool
11/22 Test #11: test-pool ........................   Passed    0.04 sec
      Start 12: test-arange
12/22 Test #12: test-arange ......................   Passed    0.04 sec
      Start 13: test-timestep_embedding
13/22 Test #13: test-timestep_embedding ..........   Passed    0.04 sec
      Start 14: test-conv-transpose
14/22 Test #14: test-conv-transpose ..............   Passed    0.04 sec
      Start 15: test-dup
15/22 Test #15: test-dup .........................   Passed    0.04 sec
      Start 16: test-rel-pos
16/22 Test #16: test-rel-pos .....................   Passed    0.04 sec
      Start 17: test-customop
17/22 Test #17: test-customop ....................   Passed    0.04 sec
      Start 18: test-conv1d
18/22 Test #18: test-conv1d ......................   Passed    0.04 sec
      Start 19: test-conv2d
19/22 Test #19: test-conv2d ......................   Passed    0.04 sec
      Start 20: test-mul-mat
20/22 Test #20: test-mul-mat .....................   Passed    0.04 sec
      Start 21: test-backend-buffer
21/22 Test #21: test-backend-buffer ..............   Passed    0.52 sec
      Start 22: test-backend-ops
22/22 Test #22: test-backend-ops .................   Passed   43.27 sec

100% tests passed, 0 tests failed out of 22

Total Test time (real) = 102.18 sec

real	1m42.220s
user	3m26.172s
sys	0m5.454s
