+ gg_run_ctest_debug
+ cd /home/ggml/work/llama.cpp
+ rm -rf build-ci-debug
+ tee /home/ggml/results/llama.cpp/1c/d3df46bd49a0c1c78da8b68c956448a73b7476/ggml-1-arm64-cpu-low-perf/ctest_debug.log
+ mkdir build-ci-debug
+ cd build-ci-debug
+ set -e
+ gg_check_build_requirements
+ command -v cmake
+ command -v make
+ command -v ctest
+ tee -a /home/ggml/results/llama.cpp/1c/d3df46bd49a0c1c78da8b68c956448a73b7476/ggml-1-arm64-cpu-low-perf/ctest_debug-cmake.log
+ cmake -DCMAKE_BUILD_TYPE=Debug -DLLAMA_FATAL_WARNINGS=ON ..
-- The C compiler identification is GNU 11.4.0
-- The CXX compiler identification is GNU 11.4.0
-- Detecting C compiler ABI info
-- Detecting C compiler ABI info - done
-- Check for working C compiler: /usr/bin/cc - skipped
-- Detecting C compile features
-- Detecting C compile features - done
-- Detecting CXX compiler ABI info
-- Detecting CXX compiler ABI info - done
-- Check for working CXX compiler: /usr/bin/c++ - skipped
-- Detecting CXX compile features
-- Detecting CXX compile features - done
-- Found Git: /usr/bin/git (found version "2.34.1") 
-- Looking for pthread.h
-- Looking for pthread.h - found
-- Performing Test CMAKE_HAVE_LIBC_PTHREAD
-- Performing Test CMAKE_HAVE_LIBC_PTHREAD - Success
-- Found Threads: TRUE  
-- ccache found, compilation results will be cached. Disable with GGML_CCACHE=OFF.
-- CMAKE_SYSTEM_PROCESSOR: aarch64
-- Found OpenMP_C: -fopenmp (found version "4.5") 
-- Found OpenMP_CXX: -fopenmp (found version "4.5") 
-- Found OpenMP: TRUE (found version "4.5")  
-- OpenMP found
-- Using llamafile
-- ARM detected
-- Performing Test COMPILER_SUPPORTS_FP16_FORMAT_I3E
-- Performing Test COMPILER_SUPPORTS_FP16_FORMAT_I3E - Failed
-- Using runtime weight conversion of Q4_0 to Q4_0_x_x to enable optimized GEMM/GEMV kernels
-- Including CPU backend
-- Configuring done
-- Generating done
-- Build files have been written to: /home/ggml/work/llama.cpp/build-ci-debug

real	0m1.057s
user	0m0.708s
sys	0m0.353s
+ tee -a /home/ggml/results/llama.cpp/1c/d3df46bd49a0c1c78da8b68c956448a73b7476/ggml-1-arm64-cpu-low-perf/ctest_debug-make.log
++ nproc
+ make -j4
[  0%] Generating build details from Git
[  0%] Building C object ggml/src/CMakeFiles/ggml-base.dir/ggml.c.o
[  1%] Building C object examples/gguf-hash/CMakeFiles/sha256.dir/deps/sha256/sha256.c.o
-- Found Git: /usr/bin/git (found version "2.34.1") 
[  2%] Building C object examples/gguf-hash/CMakeFiles/xxhash.dir/deps/xxhash/xxhash.c.o
[  2%] Built target sha256
[  3%] Building C object ggml/src/CMakeFiles/ggml-base.dir/ggml-alloc.c.o
[  3%] Built target xxhash
[  3%] Building CXX object ggml/src/CMakeFiles/ggml-base.dir/ggml-backend.cpp.o
[  3%] Building C object examples/gguf-hash/CMakeFiles/sha1.dir/deps/sha1/sha1.c.o
[  4%] Building CXX object ggml/src/CMakeFiles/ggml-base.dir/ggml-opt.cpp.o
[  5%] Building CXX object common/CMakeFiles/build_info.dir/build-info.cpp.o
[  5%] Built target sha1
[  5%] Building CXX object ggml/src/CMakeFiles/ggml-base.dir/ggml-threading.cpp.o
[  6%] Building C object ggml/src/CMakeFiles/ggml-base.dir/ggml-quants.c.o
[  6%] Building C object ggml/src/CMakeFiles/ggml-base.dir/ggml-aarch64.c.o
[  7%] Linking CXX shared library libggml-base.so
[  7%] Built target build_info
[  7%] Built target ggml-base
[  9%] Building C object ggml/src/ggml-cpu/CMakeFiles/ggml-cpu.dir/ggml-cpu-quants.c.o
[  9%] Building CXX object ggml/src/ggml-cpu/CMakeFiles/ggml-cpu.dir/ggml-cpu.cpp.o
[  9%] Building C object ggml/src/ggml-cpu/CMakeFiles/ggml-cpu.dir/ggml-cpu-aarch64.c.o
[  9%] Building C object ggml/src/ggml-cpu/CMakeFiles/ggml-cpu.dir/ggml-cpu.c.o
[ 10%] Building CXX object ggml/src/ggml-cpu/CMakeFiles/ggml-cpu.dir/amx/amx.cpp.o
[ 10%] Building CXX object ggml/src/ggml-cpu/CMakeFiles/ggml-cpu.dir/amx/mmq.cpp.o
[ 11%] Building CXX object ggml/src/ggml-cpu/CMakeFiles/ggml-cpu.dir/llamafile/sgemm.cpp.o
[ 11%] Building CXX object ggml/src/ggml-cpu/CMakeFiles/ggml-cpu.dir/cpu-feats-x86.cpp.o
[ 12%] Linking CXX shared library libggml-cpu.so
[ 12%] Built target ggml-cpu
[ 12%] Building CXX object ggml/src/CMakeFiles/ggml.dir/ggml-backend-reg.cpp.o
[ 13%] Linking CXX shared library libggml.so
[ 13%] Built target ggml
[ 13%] Building CXX object src/CMakeFiles/llama.dir/llama-vocab.cpp.o
[ 14%] Building CXX object examples/gguf/CMakeFiles/llama-gguf.dir/gguf.cpp.o
[ 14%] Building CXX object examples/gguf-hash/CMakeFiles/llama-gguf-hash.dir/gguf-hash.cpp.o
[ 14%] Building CXX object src/CMakeFiles/llama.dir/llama.cpp.o
[ 15%] Linking CXX executable ../../bin/llama-gguf
[ 16%] Linking CXX executable ../../bin/llama-gguf-hash
[ 17%] Building CXX object src/CMakeFiles/llama.dir/llama-grammar.cpp.o
[ 18%] Building CXX object src/CMakeFiles/llama.dir/llama-sampling.cpp.o
[ 18%] Building CXX object src/CMakeFiles/llama.dir/unicode.cpp.o
[ 18%] Building CXX object src/CMakeFiles/llama.dir/unicode-data.cpp.o
[ 19%] Linking CXX shared library libllama.so
[ 19%] Built target llama-gguf-hash
[ 19%] Built target llama-gguf
[ 19%] Built target llama
[ 19%] Building CXX object common/CMakeFiles/common.dir/arg.cpp.o
[ 19%] Building CXX object examples/simple/CMakeFiles/llama-simple.dir/simple.cpp.o
[ 19%] Building CXX object examples/run/CMakeFiles/llama-run.dir/run.cpp.o
[ 20%] Building C object tests/CMakeFiles/test-c.dir/test-c.c.o
[ 21%] Linking C executable ../bin/test-c
[ 22%] Linking CXX executable ../../bin/llama-simple
[ 23%] Linking CXX executable ../../bin/llama-run
[ 24%] Building CXX object common/CMakeFiles/common.dir/common.cpp.o
[ 24%] Built target test-c
[ 24%] Building CXX object common/CMakeFiles/common.dir/console.cpp.o
[ 25%] Building CXX object examples/simple-chat/CMakeFiles/llama-simple-chat.dir/simple-chat.cpp.o
[ 26%] Building CXX object common/CMakeFiles/common.dir/json-schema-to-grammar.cpp.o
[ 26%] Linking CXX executable ../../bin/llama-simple-chat
[ 26%] Building CXX object common/CMakeFiles/common.dir/log.cpp.o
[ 27%] Building CXX object common/CMakeFiles/common.dir/ngram-cache.cpp.o
[ 27%] Built target llama-simple
[ 27%] Building CXX object common/CMakeFiles/common.dir/sampling.cpp.o
[ 27%] Building CXX object examples/quantize-stats/CMakeFiles/llama-quantize-stats.dir/quantize-stats.cpp.o
[ 27%] Built target llama-run
[ 28%] Building CXX object common/CMakeFiles/common.dir/speculative.cpp.o
[ 28%] Building CXX object examples/llava/CMakeFiles/llava.dir/llava.cpp.o
[ 29%] Linking CXX executable ../../bin/llama-quantize-stats
[ 30%] Linking CXX static library libcommon.a
[ 31%] Building CXX object examples/llava/CMakeFiles/llava.dir/clip.cpp.o
[ 31%] Built target llama-simple-chat
[ 31%] Built target llava
[ 32%] Linking CXX shared library libllava_shared.so
[ 32%] Linking CXX static library libllava_static.a
[ 32%] Built target llava_static
[ 32%] Built target llama-quantize-stats
[ 32%] Built target common
[ 32%] Building CXX object tests/CMakeFiles/test-tokenizer-1-bpe.dir/test-tokenizer-1-bpe.cpp.o
[ 32%] Building CXX object tests/CMakeFiles/test-tokenizer-1-spm.dir/test-tokenizer-1-spm.cpp.o
[ 32%] Building CXX object tests/CMakeFiles/test-tokenizer-0.dir/test-tokenizer-0.cpp.o
[ 33%] Linking CXX executable ../bin/test-tokenizer-1-bpe
[ 34%] Linking CXX executable ../bin/test-tokenizer-1-spm
[ 35%] Linking CXX executable ../bin/test-tokenizer-0
[ 35%] Built target llava_shared
[ 35%] Building CXX object tests/CMakeFiles/test-log.dir/test-log.cpp.o
[ 36%] Building CXX object tests/CMakeFiles/test-log.dir/get-model.cpp.o
[ 36%] Linking CXX executable ../bin/test-log
[ 36%] Built target test-log
[ 36%] Building CXX object tests/CMakeFiles/test-arg-parser.dir/test-arg-parser.cpp.o
[ 36%] Built target test-tokenizer-1-spm
[ 37%] Building CXX object tests/CMakeFiles/test-arg-parser.dir/get-model.cpp.o
[ 37%] Linking CXX executable ../bin/test-arg-parser
[ 38%] Building CXX object tests/CMakeFiles/test-sampling.dir/test-sampling.cpp.o
[ 38%] Built target test-tokenizer-0
[ 38%] Built target test-tokenizer-1-bpe
[ 38%] Building CXX object tests/CMakeFiles/test-sampling.dir/get-model.cpp.o
[ 38%] Building CXX object tests/CMakeFiles/test-chat-template.dir/test-chat-template.cpp.o
[ 38%] Building CXX object tests/CMakeFiles/test-grammar-parser.dir/test-grammar-parser.cpp.o
[ 39%] Linking CXX executable ../bin/test-sampling
[ 41%] Building CXX object tests/CMakeFiles/test-grammar-parser.dir/get-model.cpp.o
[ 41%] Building CXX object tests/CMakeFiles/test-chat-template.dir/get-model.cpp.o
[ 41%] Linking CXX executable ../bin/test-chat-template
[ 41%] Linking CXX executable ../bin/test-grammar-parser
[ 41%] Built target test-sampling
[ 41%] Built target test-grammar-parser
[ 42%] Building CXX object tests/CMakeFiles/test-grammar-integration.dir/test-grammar-integration.cpp.o
[ 43%] Building CXX object tests/CMakeFiles/test-llama-grammar.dir/test-llama-grammar.cpp.o
[ 43%] Building CXX object tests/CMakeFiles/test-grammar-integration.dir/get-model.cpp.o
[ 43%] Building CXX object tests/CMakeFiles/test-llama-grammar.dir/get-model.cpp.o
[ 44%] Linking CXX executable ../bin/test-grammar-integration
[ 45%] Linking CXX executable ../bin/test-llama-grammar
[ 45%] Built target test-chat-template
[ 46%] Building CXX object tests/CMakeFiles/test-backend-ops.dir/test-backend-ops.cpp.o
[ 46%] Building CXX object tests/CMakeFiles/test-backend-ops.dir/get-model.cpp.o
[ 47%] Linking CXX executable ../bin/test-backend-ops
[ 47%] Built target test-llama-grammar
[ 48%] Building CXX object tests/CMakeFiles/test-model-load-cancel.dir/test-model-load-cancel.cpp.o
[ 49%] Building CXX object tests/CMakeFiles/test-model-load-cancel.dir/get-model.cpp.o
[ 49%] Linking CXX executable ../bin/test-model-load-cancel
[ 49%] Built target test-backend-ops
[ 50%] Building CXX object tests/CMakeFiles/test-autorelease.dir/test-autorelease.cpp.o
[ 51%] Building CXX object tests/CMakeFiles/test-autorelease.dir/get-model.cpp.o
[ 51%] Linking CXX executable ../bin/test-autorelease
[ 51%] Built target test-model-load-cancel
[ 51%] Building CXX object tests/CMakeFiles/test-barrier.dir/test-barrier.cpp.o
[ 51%] Built target test-arg-parser
[ 52%] Building CXX object tests/CMakeFiles/test-barrier.dir/get-model.cpp.o
[ 53%] Building CXX object tests/CMakeFiles/test-quantize-fns.dir/test-quantize-fns.cpp.o
[ 53%] Linking CXX executable ../bin/test-barrier
[ 53%] Built target test-grammar-integration
[ 53%] Building CXX object tests/CMakeFiles/test-quantize-fns.dir/get-model.cpp.o
[ 53%] Built target test-autorelease
[ 53%] Building CXX object tests/CMakeFiles/test-quantize-perf.dir/test-quantize-perf.cpp.o
[ 54%] Linking CXX executable ../bin/test-quantize-fns
[ 55%] Building CXX object tests/CMakeFiles/test-rope.dir/test-rope.cpp.o
[ 55%] Building CXX object tests/CMakeFiles/test-rope.dir/get-model.cpp.o
[ 56%] Building CXX object tests/CMakeFiles/test-quantize-perf.dir/get-model.cpp.o
[ 57%] Linking CXX executable ../bin/test-quantize-perf
[ 57%] Linking CXX executable ../bin/test-rope
[ 57%] Built target test-barrier
[ 58%] Building CXX object tests/CMakeFiles/test-json-schema-to-grammar.dir/test-json-schema-to-grammar.cpp.o
[ 58%] Built target test-quantize-fns
[ 58%] Building CXX object examples/batched-bench/CMakeFiles/llama-batched-bench.dir/batched-bench.cpp.o
[ 59%] Built target test-rope
[ 59%] Building CXX object tests/CMakeFiles/test-json-schema-to-grammar.dir/get-model.cpp.o
[ 59%] Built target test-quantize-perf
[ 59%] Linking CXX executable ../bin/test-json-schema-to-grammar
[ 59%] Building CXX object examples/batched/CMakeFiles/llama-batched.dir/batched.cpp.o
[ 60%] Linking CXX executable ../../bin/llama-batched-bench
[ 61%] Building CXX object examples/embedding/CMakeFiles/llama-embedding.dir/embedding.cpp.o
[ 62%] Linking CXX executable ../../bin/llama-batched
[ 63%] Linking CXX executable ../../bin/llama-embedding
[ 63%] Built target test-json-schema-to-grammar
[ 63%] Building CXX object examples/eval-callback/CMakeFiles/llama-eval-callback.dir/eval-callback.cpp.o
[ 64%] Linking CXX executable ../../bin/llama-eval-callback
[ 64%] Built target llama-batched
[ 64%] Built target llama-batched-bench
[ 64%] Built target llama-embedding
[ 64%] Building CXX object examples/gbnf-validator/CMakeFiles/llama-gbnf-validator.dir/gbnf-validator.cpp.o
[ 65%] Building CXX object examples/gguf-split/CMakeFiles/llama-gguf-split.dir/gguf-split.cpp.o
[ 66%] Building CXX object examples/gritlm/CMakeFiles/llama-gritlm.dir/gritlm.cpp.o
[ 67%] Linking CXX executable ../../bin/llama-gbnf-validator
[ 67%] Linking CXX executable ../../bin/llama-gguf-split
[ 67%] Linking CXX executable ../../bin/llama-gritlm
[ 67%] Built target llama-gbnf-validator
[ 67%] Built target llama-gguf-split
[ 68%] Building CXX object examples/imatrix/CMakeFiles/llama-imatrix.dir/imatrix.cpp.o
[ 69%] Building CXX object examples/infill/CMakeFiles/llama-infill.dir/infill.cpp.o
[ 69%] Linking CXX executable ../../bin/llama-imatrix
[ 69%] Linking CXX executable ../../bin/llama-infill
[ 69%] Built target llama-eval-callback
[ 70%] Building CXX object examples/llama-bench/CMakeFiles/llama-bench.dir/llama-bench.cpp.o
[ 70%] Linking CXX executable ../../bin/llama-bench
[ 70%] Built target llama-gritlm
[ 70%] Building CXX object examples/lookahead/CMakeFiles/llama-lookahead.dir/lookahead.cpp.o
[ 71%] Linking CXX executable ../../bin/llama-lookahead
[ 71%] Built target llama-infill
[ 71%] Built target llama-bench
[ 71%] Built target llama-imatrix
[ 71%] Building CXX object examples/lookup/CMakeFiles/llama-lookup.dir/lookup.cpp.o
[ 71%] Building CXX object examples/lookup/CMakeFiles/llama-lookup-create.dir/lookup-create.cpp.o
[ 71%] Building CXX object examples/lookup/CMakeFiles/llama-lookup-merge.dir/lookup-merge.cpp.o
[ 72%] Linking CXX executable ../../bin/llama-lookup
[ 73%] Linking CXX executable ../../bin/llama-lookup-create
[ 74%] Linking CXX executable ../../bin/llama-lookup-merge
[ 74%] Built target llama-lookup-merge
[ 74%] Building CXX object examples/lookup/CMakeFiles/llama-lookup-stats.dir/lookup-stats.cpp.o
[ 75%] Linking CXX executable ../../bin/llama-lookup-stats
[ 75%] Built target llama-lookahead
[ 76%] Building CXX object examples/main/CMakeFiles/llama-cli.dir/main.cpp.o
[ 76%] Linking CXX executable ../../bin/llama-cli
[ 76%] Built target llama-lookup
[ 76%] Built target llama-lookup-create
[ 77%] Building CXX object examples/parallel/CMakeFiles/llama-parallel.dir/parallel.cpp.o
[ 78%] Building CXX object examples/passkey/CMakeFiles/llama-passkey.dir/passkey.cpp.o
[ 78%] Linking CXX executable ../../bin/llama-parallel
[ 78%] Linking CXX executable ../../bin/llama-passkey
[ 78%] Built target llama-lookup-stats
[ 79%] Building CXX object examples/perplexity/CMakeFiles/llama-perplexity.dir/perplexity.cpp.o
/home/ggml/work/llama.cpp/examples/perplexity/perplexity.cpp: In lambda function:
/home/ggml/work/llama.cpp/examples/perplexity/perplexity.cpp:1719:41: note: parameter passing for argument of type ‘std::pair<double, double>’ when C++17 is enabled changed to match C++14 in GCC 10.1
 1719 |             return std::make_pair(0., 0.);
      |                                         ^
[ 79%] Linking CXX executable ../../bin/llama-perplexity
[ 79%] Built target llama-cli
[ 79%] Building CXX object examples/quantize/CMakeFiles/llama-quantize.dir/quantize.cpp.o
[ 80%] Linking CXX executable ../../bin/llama-quantize
[ 80%] Built target llama-passkey
[ 80%] Built target llama-parallel
[ 81%] Generating loading.html.hpp
[ 81%] Building CXX object examples/retrieval/CMakeFiles/llama-retrieval.dir/retrieval.cpp.o
[ 81%] Generating completion.js.hpp
[ 81%] Built target llama-quantize
[ 82%] Linking CXX executable ../../bin/llama-retrieval
[ 82%] Generating deps_daisyui.min.css.hpp
[ 82%] Building CXX object examples/save-load-state/CMakeFiles/llama-save-load-state.dir/save-load-state.cpp.o
[ 83%] Linking CXX executable ../../bin/llama-save-load-state
[ 83%] Built target llama-perplexity
[ 84%] Building CXX object examples/speculative/CMakeFiles/llama-speculative.dir/speculative.cpp.o
[ 85%] Generating deps_markdown-it.js.hpp
[ 85%] Linking CXX executable ../../bin/llama-speculative
[ 85%] Built target llama-retrieval
[ 86%] Building CXX object examples/speculative-simple/CMakeFiles/llama-speculative-simple.dir/speculative-simple.cpp.o
[ 86%] Built target llama-save-load-state
[ 86%] Linking CXX executable ../../bin/llama-speculative-simple
[ 87%] Building CXX object examples/tokenize/CMakeFiles/llama-tokenize.dir/tokenize.cpp.o
[ 87%] Generating deps_tailwindcss.js.hpp
[ 87%] Linking CXX executable ../../bin/llama-tokenize
[ 87%] Built target llama-tokenize
[ 88%] Building CXX object examples/convert-llama2c-to-ggml/CMakeFiles/llama-convert-llama2c-to-ggml.dir/convert-llama2c-to-ggml.cpp.o
[ 88%] Linking CXX executable ../../bin/llama-convert-llama2c-to-ggml
[ 88%] Built target llama-speculative
[ 89%] Building CXX object examples/cvector-generator/CMakeFiles/llama-cvector-generator.dir/cvector-generator.cpp.o
[ 89%] Linking CXX executable ../../bin/llama-cvector-generator
[ 89%] Built target llama-convert-llama2c-to-ggml
[ 89%] Building CXX object examples/export-lora/CMakeFiles/llama-export-lora.dir/export-lora.cpp.o
[ 90%] Linking CXX executable ../../bin/llama-export-lora
[ 91%] Generating deps_vue.esm-browser.js.hpp
[ 91%] Built target llama-speculative-simple
[ 92%] Building CXX object examples/llava/CMakeFiles/llama-llava-cli.dir/llava-cli.cpp.o
[ 93%] Linking CXX executable ../../bin/llama-llava-cli
[ 93%] Built target llama-cvector-generator
[ 94%] Building CXX object examples/llava/CMakeFiles/llama-minicpmv-cli.dir/minicpmv-cli.cpp.o
[ 94%] Linking CXX executable ../../bin/llama-minicpmv-cli
[ 94%] Built target llama-export-lora
[ 95%] Building CXX object pocs/vdot/CMakeFiles/llama-vdot.dir/vdot.cpp.o
[ 96%] Linking CXX executable ../../bin/llama-vdot
[ 97%] Generating index.html.hpp
[ 97%] Built target llama-vdot
[ 98%] Building CXX object pocs/vdot/CMakeFiles/llama-q8dot.dir/q8dot.cpp.o
[ 99%] Linking CXX executable ../../bin/llama-q8dot
[ 99%] Built target llama-llava-cli
[ 99%] Building CXX object examples/server/CMakeFiles/llama-server.dir/server.cpp.o
[ 99%] Built target llama-q8dot
[ 99%] Built target llama-minicpmv-cli
[100%] Linking CXX executable ../../bin/llama-server
[100%] Built target llama-server

real	0m9.555s
user	0m24.132s
sys	0m6.128s
+ tee -a /home/ggml/results/llama.cpp/1c/d3df46bd49a0c1c78da8b68c956448a73b7476/ggml-1-arm64-cpu-low-perf/ctest_debug-ctest.log
+ ctest --output-on-failure -L main -E test-opt
Test project /home/ggml/work/llama.cpp/build-ci-debug
      Start  1: test-tokenizer-0-bert-bge
 1/27 Test  #1: test-tokenizer-0-bert-bge .........   Passed    0.16 sec
      Start  2: test-tokenizer-0-command-r
 2/27 Test  #2: test-tokenizer-0-command-r ........   Passed    3.83 sec
      Start  3: test-tokenizer-0-deepseek-coder
 3/27 Test  #3: test-tokenizer-0-deepseek-coder ...   Passed    0.51 sec
      Start  4: test-tokenizer-0-deepseek-llm
 4/27 Test  #4: test-tokenizer-0-deepseek-llm .....   Passed    1.45 sec
      Start  5: test-tokenizer-0-falcon
 5/27 Test  #5: test-tokenizer-0-falcon ...........   Passed    0.89 sec
      Start  6: test-tokenizer-0-gpt-2
 6/27 Test  #6: test-tokenizer-0-gpt-2 ............   Passed    0.65 sec
      Start  7: test-tokenizer-0-llama-bpe
 7/27 Test  #7: test-tokenizer-0-llama-bpe ........   Passed    2.65 sec
      Start  8: test-tokenizer-0-llama-spm
 8/27 Test  #8: test-tokenizer-0-llama-spm ........   Passed    0.18 sec
      Start  9: test-tokenizer-0-mpt
 9/27 Test  #9: test-tokenizer-0-mpt ..............   Passed    0.67 sec
      Start 10: test-tokenizer-0-phi-3
10/27 Test #10: test-tokenizer-0-phi-3 ............   Passed    0.17 sec
      Start 11: test-tokenizer-0-qwen2
11/27 Test #11: test-tokenizer-0-qwen2 ............   Passed    2.45 sec
      Start 12: test-tokenizer-0-refact
12/27 Test #12: test-tokenizer-0-refact ...........   Passed    0.67 sec
      Start 13: test-tokenizer-0-starcoder
13/27 Test #13: test-tokenizer-0-starcoder ........   Passed    0.67 sec
      Start 14: test-tokenizer-1-llama-spm
14/27 Test #14: test-tokenizer-1-llama-spm ........   Passed    2.63 sec
      Start 15: test-log
15/27 Test #15: test-log ..........................   Passed    0.02 sec
      Start 16: test-arg-parser
16/27 Test #16: test-arg-parser ...................   Passed    0.09 sec
      Start 17: test-sampling
17/27 Test #17: test-sampling .....................   Passed    6.49 sec
      Start 18: test-chat-template
18/27 Test #18: test-chat-template ................   Passed    0.01 sec
      Start 19: test-grammar-parser
19/27 Test #19: test-grammar-parser ...............   Passed    0.01 sec
      Start 20: test-grammar-integration
20/27 Test #20: test-grammar-integration ..........   Passed    0.05 sec
      Start 21: test-llama-grammar
21/27 Test #21: test-llama-grammar ................   Passed    0.01 sec
      Start 22: test-backend-ops
22/27 Test #22: test-backend-ops ..................   Passed    0.01 sec
      Start 25: test-barrier
23/27 Test #25: test-barrier ......................   Passed    1.74 sec
      Start 26: test-quantize-fns
24/27 Test #26: test-quantize-fns .................   Passed   32.69 sec
      Start 27: test-quantize-perf
25/27 Test #27: test-quantize-perf ................   Passed    0.38 sec
      Start 28: test-rope
26/27 Test #28: test-rope .........................   Passed    0.07 sec
      Start 29: test-json-schema-to-grammar
27/27 Test #29: test-json-schema-to-grammar .......   Passed    0.06 sec

100% tests passed, 0 tests failed out of 27

Label Time Summary:
main    =  59.20 sec*proc (27 tests)

Total Test time (real) =  59.21 sec

real	0m59.218s
user	1m10.497s
sys	0m0.569s
+ set +e
+ cur=0
+ echo 0
+ set +x
+ gg_run_ctest_release
+ tee /home/ggml/results/llama.cpp/1c/d3df46bd49a0c1c78da8b68c956448a73b7476/ggml-1-arm64-cpu-low-perf/ctest_release.log
+ cd /home/ggml/work/llama.cpp
+ rm -rf build-ci-release
+ mkdir build-ci-release
+ cd build-ci-release
+ set -e
+ gg_check_build_requirements
+ command -v cmake
+ command -v make
+ command -v ctest
+ tee -a /home/ggml/results/llama.cpp/1c/d3df46bd49a0c1c78da8b68c956448a73b7476/ggml-1-arm64-cpu-low-perf/ctest_release-cmake.log
+ cmake -DCMAKE_BUILD_TYPE=Release -DLLAMA_FATAL_WARNINGS=ON ..
-- The C compiler identification is GNU 11.4.0
-- The CXX compiler identification is GNU 11.4.0
-- Detecting C compiler ABI info
-- Detecting C compiler ABI info - done
-- Check for working C compiler: /usr/bin/cc - skipped
-- Detecting C compile features
-- Detecting C compile features - done
-- Detecting CXX compiler ABI info
-- Detecting CXX compiler ABI info - done
-- Check for working CXX compiler: /usr/bin/c++ - skipped
-- Detecting CXX compile features
-- Detecting CXX compile features - done
-- Found Git: /usr/bin/git (found version "2.34.1") 
-- Looking for pthread.h
-- Looking for pthread.h - found
-- Performing Test CMAKE_HAVE_LIBC_PTHREAD
-- Performing Test CMAKE_HAVE_LIBC_PTHREAD - Success
-- Found Threads: TRUE  
-- ccache found, compilation results will be cached. Disable with GGML_CCACHE=OFF.
-- CMAKE_SYSTEM_PROCESSOR: aarch64
-- Found OpenMP_C: -fopenmp (found version "4.5") 
-- Found OpenMP_CXX: -fopenmp (found version "4.5") 
-- Found OpenMP: TRUE (found version "4.5")  
-- OpenMP found
-- Using llamafile
-- ARM detected
-- Performing Test COMPILER_SUPPORTS_FP16_FORMAT_I3E
-- Performing Test COMPILER_SUPPORTS_FP16_FORMAT_I3E - Failed
-- Using runtime weight conversion of Q4_0 to Q4_0_x_x to enable optimized GEMM/GEMV kernels
-- Including CPU backend
-- Configuring done
-- Generating done
-- Build files have been written to: /home/ggml/work/llama.cpp/build-ci-release

real	0m1.047s
user	0m0.683s
sys	0m0.367s
+ tee -a /home/ggml/results/llama.cpp/1c/d3df46bd49a0c1c78da8b68c956448a73b7476/ggml-1-arm64-cpu-low-perf/ctest_release-make.log
++ nproc
+ make -j4
[  2%] Building C object examples/gguf-hash/CMakeFiles/xxhash.dir/deps/xxhash/xxhash.c.o
[  2%] Building C object ggml/src/CMakeFiles/ggml-base.dir/ggml.c.o
[  2%] Building CXX object common/CMakeFiles/build_info.dir/build-info.cpp.o
[  3%] Building C object examples/gguf-hash/CMakeFiles/sha256.dir/deps/sha256/sha256.c.o
[  3%] Built target sha256
[  3%] Built target xxhash
[  4%] Building C object ggml/src/CMakeFiles/ggml-base.dir/ggml-alloc.c.o
[  4%] Building CXX object ggml/src/CMakeFiles/ggml-base.dir/ggml-backend.cpp.o
[  4%] Building C object examples/gguf-hash/CMakeFiles/sha1.dir/deps/sha1/sha1.c.o
[  5%] Building CXX object ggml/src/CMakeFiles/ggml-base.dir/ggml-opt.cpp.o
[  5%] Built target build_info
[  5%] Building CXX object ggml/src/CMakeFiles/ggml-base.dir/ggml-threading.cpp.o
[  6%] Building C object ggml/src/CMakeFiles/ggml-base.dir/ggml-quants.c.o
[  6%] Built target sha1
[  6%] Building C object ggml/src/CMakeFiles/ggml-base.dir/ggml-aarch64.c.o
[  7%] Linking CXX shared library libggml-base.so
[  7%] Built target ggml-base
[  9%] Building C object ggml/src/ggml-cpu/CMakeFiles/ggml-cpu.dir/ggml-cpu.c.o
[  9%] Building C object ggml/src/ggml-cpu/CMakeFiles/ggml-cpu.dir/ggml-cpu-quants.c.o
[  9%] Building C object ggml/src/ggml-cpu/CMakeFiles/ggml-cpu.dir/ggml-cpu-aarch64.c.o
[  9%] Building CXX object ggml/src/ggml-cpu/CMakeFiles/ggml-cpu.dir/ggml-cpu.cpp.o
[ 10%] Building CXX object ggml/src/ggml-cpu/CMakeFiles/ggml-cpu.dir/amx/amx.cpp.o
[ 10%] Building CXX object ggml/src/ggml-cpu/CMakeFiles/ggml-cpu.dir/amx/mmq.cpp.o
[ 11%] Building CXX object ggml/src/ggml-cpu/CMakeFiles/ggml-cpu.dir/llamafile/sgemm.cpp.o
[ 11%] Building CXX object ggml/src/ggml-cpu/CMakeFiles/ggml-cpu.dir/cpu-feats-x86.cpp.o
[ 12%] Linking CXX shared library libggml-cpu.so
[ 12%] Built target ggml-cpu
[ 12%] Building CXX object ggml/src/CMakeFiles/ggml.dir/ggml-backend-reg.cpp.o
[ 13%] Linking CXX shared library libggml.so
[ 13%] Built target ggml
[ 14%] Building CXX object src/CMakeFiles/llama.dir/llama-vocab.cpp.o
[ 14%] Building CXX object src/CMakeFiles/llama.dir/llama.cpp.o
[ 14%] Building CXX object examples/gguf-hash/CMakeFiles/llama-gguf-hash.dir/gguf-hash.cpp.o
[ 14%] Building CXX object examples/gguf/CMakeFiles/llama-gguf.dir/gguf.cpp.o
[ 15%] Linking CXX executable ../../bin/llama-gguf
[ 16%] Linking CXX executable ../../bin/llama-gguf-hash
[ 17%] Building CXX object src/CMakeFiles/llama.dir/llama-grammar.cpp.o
[ 17%] Building CXX object src/CMakeFiles/llama.dir/llama-sampling.cpp.o
[ 18%] Building CXX object src/CMakeFiles/llama.dir/unicode.cpp.o
[ 18%] Building CXX object src/CMakeFiles/llama.dir/unicode-data.cpp.o
[ 19%] Linking CXX shared library libllama.so
[ 19%] Built target llama-gguf
[ 19%] Built target llama-gguf-hash
[ 19%] Built target llama
[ 20%] Building CXX object examples/run/CMakeFiles/llama-run.dir/run.cpp.o
[ 20%] Building CXX object common/CMakeFiles/common.dir/arg.cpp.o
[ 20%] Building C object tests/CMakeFiles/test-c.dir/test-c.c.o
[ 20%] Building CXX object examples/simple/CMakeFiles/llama-simple.dir/simple.cpp.o
[ 21%] Linking C executable ../bin/test-c
[ 22%] Linking CXX executable ../../bin/llama-simple
[ 23%] Linking CXX executable ../../bin/llama-run
[ 24%] Building CXX object common/CMakeFiles/common.dir/common.cpp.o
[ 24%] Built target test-c
[ 24%] Building CXX object common/CMakeFiles/common.dir/console.cpp.o
[ 25%] Building CXX object examples/simple-chat/CMakeFiles/llama-simple-chat.dir/simple-chat.cpp.o
[ 26%] Building CXX object common/CMakeFiles/common.dir/json-schema-to-grammar.cpp.o
[ 26%] Linking CXX executable ../../bin/llama-simple-chat
[ 26%] Built target llama-simple
[ 26%] Built target llama-run
[ 26%] Building CXX object common/CMakeFiles/common.dir/log.cpp.o
[ 26%] Building CXX object examples/quantize-stats/CMakeFiles/llama-quantize-stats.dir/quantize-stats.cpp.o
[ 26%] Building CXX object examples/llava/CMakeFiles/llava.dir/llava.cpp.o
[ 27%] Building CXX object common/CMakeFiles/common.dir/ngram-cache.cpp.o
[ 28%] Linking CXX executable ../../bin/llama-quantize-stats
[ 29%] Building CXX object examples/llava/CMakeFiles/llava.dir/clip.cpp.o
[ 29%] Building CXX object common/CMakeFiles/common.dir/sampling.cpp.o
[ 29%] Built target llama-simple-chat
[ 29%] Built target llava
[ 30%] Building CXX object common/CMakeFiles/common.dir/speculative.cpp.o
[ 31%] Linking CXX static library libllava_static.a
[ 31%] Linking CXX shared library libllava_shared.so
[ 32%] Linking CXX static library libcommon.a
[ 32%] Built target llava_static
[ 32%] Built target llama-quantize-stats
[ 32%] Built target common
[ 32%] Building CXX object tests/CMakeFiles/test-tokenizer-1-bpe.dir/test-tokenizer-1-bpe.cpp.o
[ 32%] Building CXX object tests/CMakeFiles/test-tokenizer-0.dir/test-tokenizer-0.cpp.o
[ 32%] Building CXX object tests/CMakeFiles/test-tokenizer-1-spm.dir/test-tokenizer-1-spm.cpp.o
[ 32%] Built target llava_shared
[ 35%] Linking CXX executable ../bin/test-tokenizer-1-bpe
[ 35%] Linking CXX executable ../bin/test-tokenizer-1-spm
[ 35%] Linking CXX executable ../bin/test-tokenizer-0
[ 35%] Building CXX object tests/CMakeFiles/test-log.dir/test-log.cpp.o
[ 36%] Building CXX object tests/CMakeFiles/test-log.dir/get-model.cpp.o
[ 36%] Linking CXX executable ../bin/test-log
[ 36%] Built target test-tokenizer-1-spm
[ 36%] Built target test-tokenizer-0
[ 36%] Built target test-tokenizer-1-bpe
[ 36%] Building CXX object tests/CMakeFiles/test-arg-parser.dir/test-arg-parser.cpp.o
[ 36%] Building CXX object tests/CMakeFiles/test-chat-template.dir/test-chat-template.cpp.o
[ 37%] Building CXX object tests/CMakeFiles/test-sampling.dir/test-sampling.cpp.o
[ 37%] Built target test-log
[ 39%] Building CXX object tests/CMakeFiles/test-chat-template.dir/get-model.cpp.o
[ 39%] Building CXX object tests/CMakeFiles/test-arg-parser.dir/get-model.cpp.o
[ 39%] Building CXX object tests/CMakeFiles/test-sampling.dir/get-model.cpp.o
[ 39%] Linking CXX executable ../bin/test-arg-parser
[ 39%] Building CXX object tests/CMakeFiles/test-grammar-parser.dir/test-grammar-parser.cpp.o
[ 39%] Linking CXX executable ../bin/test-chat-template
[ 40%] Linking CXX executable ../bin/test-sampling
[ 41%] Building CXX object tests/CMakeFiles/test-grammar-parser.dir/get-model.cpp.o
[ 41%] Linking CXX executable ../bin/test-grammar-parser
[ 41%] Built target test-chat-template
[ 41%] Built target test-sampling
[ 42%] Building CXX object tests/CMakeFiles/test-grammar-integration.dir/test-grammar-integration.cpp.o
[ 43%] Building CXX object tests/CMakeFiles/test-llama-grammar.dir/test-llama-grammar.cpp.o
[ 43%] Built target test-grammar-parser
[ 43%] Built target test-arg-parser
[ 43%] Building CXX object tests/CMakeFiles/test-grammar-integration.dir/get-model.cpp.o
[ 43%] Building CXX object tests/CMakeFiles/test-llama-grammar.dir/get-model.cpp.o
[ 44%] Building CXX object tests/CMakeFiles/test-backend-ops.dir/test-backend-ops.cpp.o
[ 45%] Linking CXX executable ../bin/test-grammar-integration
[ 46%] Linking CXX executable ../bin/test-llama-grammar
[ 47%] Building CXX object tests/CMakeFiles/test-model-load-cancel.dir/test-model-load-cancel.cpp.o
[ 48%] Building CXX object tests/CMakeFiles/test-model-load-cancel.dir/get-model.cpp.o
[ 48%] Building CXX object tests/CMakeFiles/test-backend-ops.dir/get-model.cpp.o
[ 48%] Linking CXX executable ../bin/test-model-load-cancel
[ 49%] Linking CXX executable ../bin/test-backend-ops
[ 49%] Built target test-llama-grammar
[ 49%] Built target test-grammar-integration
[ 50%] Building CXX object tests/CMakeFiles/test-autorelease.dir/test-autorelease.cpp.o
[ 50%] Built target test-model-load-cancel
[ 52%] Building CXX object tests/CMakeFiles/test-barrier.dir/test-barrier.cpp.o
[ 52%] Building CXX object tests/CMakeFiles/test-quantize-fns.dir/test-quantize-fns.cpp.o
[ 52%] Building CXX object tests/CMakeFiles/test-autorelease.dir/get-model.cpp.o
[ 52%] Built target test-backend-ops
[ 52%] Linking CXX executable ../bin/test-autorelease
[ 52%] Building CXX object tests/CMakeFiles/test-quantize-fns.dir/get-model.cpp.o
[ 53%] Building CXX object tests/CMakeFiles/test-barrier.dir/get-model.cpp.o
[ 53%] Building CXX object tests/CMakeFiles/test-quantize-perf.dir/test-quantize-perf.cpp.o
[ 54%] Linking CXX executable ../bin/test-barrier
[ 54%] Linking CXX executable ../bin/test-quantize-fns
[ 55%] Building CXX object tests/CMakeFiles/test-quantize-perf.dir/get-model.cpp.o
[ 55%] Linking CXX executable ../bin/test-quantize-perf
[ 55%] Built target test-autorelease
[ 55%] Built target test-barrier
[ 55%] Built target test-quantize-fns
[ 56%] Building CXX object tests/CMakeFiles/test-rope.dir/test-rope.cpp.o
[ 56%] Building CXX object examples/batched-bench/CMakeFiles/llama-batched-bench.dir/batched-bench.cpp.o
[ 57%] Building CXX object tests/CMakeFiles/test-json-schema-to-grammar.dir/test-json-schema-to-grammar.cpp.o
[ 57%] Building CXX object tests/CMakeFiles/test-rope.dir/get-model.cpp.o
[ 57%] Built target test-quantize-perf
[ 59%] Linking CXX executable ../../bin/llama-batched-bench
[ 59%] Linking CXX executable ../bin/test-rope
[ 60%] Building CXX object tests/CMakeFiles/test-json-schema-to-grammar.dir/get-model.cpp.o
[ 60%] Building CXX object examples/batched/CMakeFiles/llama-batched.dir/batched.cpp.o
[ 60%] Linking CXX executable ../bin/test-json-schema-to-grammar
[ 61%] Linking CXX executable ../../bin/llama-batched
[ 61%] Built target test-rope
[ 62%] Building CXX object examples/embedding/CMakeFiles/llama-embedding.dir/embedding.cpp.o
[ 63%] Linking CXX executable ../../bin/llama-embedding
[ 63%] Built target llama-batched-bench
[ 63%] Built target test-json-schema-to-grammar
[ 63%] Building CXX object examples/eval-callback/CMakeFiles/llama-eval-callback.dir/eval-callback.cpp.o
[ 63%] Built target llama-batched
[ 63%] Building CXX object examples/gbnf-validator/CMakeFiles/llama-gbnf-validator.dir/gbnf-validator.cpp.o
[ 64%] Linking CXX executable ../../bin/llama-eval-callback
[ 65%] Linking CXX executable ../../bin/llama-gbnf-validator
[ 66%] Building CXX object examples/gguf-split/CMakeFiles/llama-gguf-split.dir/gguf-split.cpp.o
[ 66%] Linking CXX executable ../../bin/llama-gguf-split
[ 66%] Built target llama-embedding
[ 66%] Built target llama-gbnf-validator
[ 67%] Building CXX object examples/gritlm/CMakeFiles/llama-gritlm.dir/gritlm.cpp.o
[ 68%] Building CXX object examples/imatrix/CMakeFiles/llama-imatrix.dir/imatrix.cpp.o
[ 68%] Linking CXX executable ../../bin/llama-gritlm
[ 68%] Built target llama-gguf-split
[ 68%] Built target llama-eval-callback
[ 68%] Linking CXX executable ../../bin/llama-imatrix
[ 69%] Building CXX object examples/infill/CMakeFiles/llama-infill.dir/infill.cpp.o
[ 70%] Building CXX object examples/llama-bench/CMakeFiles/llama-bench.dir/llama-bench.cpp.o
[ 70%] Linking CXX executable ../../bin/llama-infill
[ 70%] Linking CXX executable ../../bin/llama-bench
[ 70%] Built target llama-gritlm
[ 70%] Built target llama-imatrix
[ 70%] Building CXX object examples/lookahead/CMakeFiles/llama-lookahead.dir/lookahead.cpp.o
[ 70%] Building CXX object examples/lookup/CMakeFiles/llama-lookup.dir/lookup.cpp.o
[ 70%] Built target llama-bench
[ 71%] Linking CXX executable ../../bin/llama-lookahead
[ 71%] Built target llama-infill
[ 72%] Linking CXX executable ../../bin/llama-lookup
[ 72%] Building CXX object examples/lookup/CMakeFiles/llama-lookup-create.dir/lookup-create.cpp.o
[ 73%] Linking CXX executable ../../bin/llama-lookup-create
[ 73%] Building CXX object examples/lookup/CMakeFiles/llama-lookup-merge.dir/lookup-merge.cpp.o
[ 74%] Linking CXX executable ../../bin/llama-lookup-merge
[ 74%] Built target llama-lookahead
[ 74%] Built target llama-lookup
[ 74%] Building CXX object examples/lookup/CMakeFiles/llama-lookup-stats.dir/lookup-stats.cpp.o
[ 74%] Built target llama-lookup-merge
[ 76%] Building CXX object examples/main/CMakeFiles/llama-cli.dir/main.cpp.o
[ 76%] Linking CXX executable ../../bin/llama-lookup-stats
[ 76%] Built target llama-lookup-create
[ 77%] Building CXX object examples/parallel/CMakeFiles/llama-parallel.dir/parallel.cpp.o
[ 77%] Linking CXX executable ../../bin/llama-cli
[ 78%] Linking CXX executable ../../bin/llama-parallel
[ 78%] Building CXX object examples/passkey/CMakeFiles/llama-passkey.dir/passkey.cpp.o
[ 78%] Linking CXX executable ../../bin/llama-passkey
[ 78%] Built target llama-lookup-stats
[ 79%] Building CXX object examples/perplexity/CMakeFiles/llama-perplexity.dir/perplexity.cpp.o
[ 79%] Built target llama-parallel
[ 79%] Built target llama-cli
/home/ggml/work/llama.cpp/examples/perplexity/perplexity.cpp: In lambda function:
/home/ggml/work/llama.cpp/examples/perplexity/perplexity.cpp:1719:41: note: parameter passing for argument of type ‘std::pair<double, double>’ when C++17 is enabled changed to match C++14 in GCC 10.1
 1719 |             return std::make_pair(0., 0.);
      |                                         ^
[ 79%] Building CXX object examples/quantize/CMakeFiles/llama-quantize.dir/quantize.cpp.o
[ 79%] Building CXX object examples/retrieval/CMakeFiles/llama-retrieval.dir/retrieval.cpp.o
[ 79%] Linking CXX executable ../../bin/llama-perplexity
[ 79%] Built target llama-passkey
[ 80%] Generating loading.html.hpp
[ 81%] Linking CXX executable ../../bin/llama-quantize
[ 82%] Linking CXX executable ../../bin/llama-retrieval
[ 82%] Generating completion.js.hpp
[ 82%] Generating deps_daisyui.min.css.hpp
[ 82%] Built target llama-quantize
[ 82%] Building CXX object examples/save-load-state/CMakeFiles/llama-save-load-state.dir/save-load-state.cpp.o
[ 82%] Built target llama-perplexity
[ 83%] Linking CXX executable ../../bin/llama-save-load-state
[ 84%] Building CXX object examples/speculative/CMakeFiles/llama-speculative.dir/speculative.cpp.o
[ 84%] Built target llama-retrieval
[ 85%] Building CXX object examples/speculative-simple/CMakeFiles/llama-speculative-simple.dir/speculative-simple.cpp.o
[ 85%] Linking CXX executable ../../bin/llama-speculative
[ 85%] Linking CXX executable ../../bin/llama-speculative-simple
[ 85%] Built target llama-save-load-state
[ 86%] Building CXX object examples/tokenize/CMakeFiles/llama-tokenize.dir/tokenize.cpp.o
[ 86%] Built target llama-speculative
[ 86%] Linking CXX executable ../../bin/llama-tokenize
[ 86%] Built target llama-speculative-simple
[ 87%] Building CXX object examples/convert-llama2c-to-ggml/CMakeFiles/llama-convert-llama2c-to-ggml.dir/convert-llama2c-to-ggml.cpp.o
[ 88%] Building CXX object examples/cvector-generator/CMakeFiles/llama-cvector-generator.dir/cvector-generator.cpp.o
[ 88%] Linking CXX executable ../../bin/llama-convert-llama2c-to-ggml
[ 89%] Generating deps_markdown-it.js.hpp
[ 89%] Linking CXX executable ../../bin/llama-cvector-generator
[ 89%] Built target llama-tokenize
[ 89%] Building CXX object examples/export-lora/CMakeFiles/llama-export-lora.dir/export-lora.cpp.o
[ 90%] Linking CXX executable ../../bin/llama-export-lora
[ 90%] Built target llama-convert-llama2c-to-ggml
[ 91%] Building CXX object examples/llava/CMakeFiles/llama-llava-cli.dir/llava-cli.cpp.o
[ 92%] Linking CXX executable ../../bin/llama-llava-cli
[ 92%] Built target llama-cvector-generator
[ 93%] Building CXX object examples/llava/CMakeFiles/llama-minicpmv-cli.dir/minicpmv-cli.cpp.o
[ 93%] Linking CXX executable ../../bin/llama-minicpmv-cli
[ 93%] Built target llama-export-lora
[ 94%] Building CXX object pocs/vdot/CMakeFiles/llama-vdot.dir/vdot.cpp.o
[ 95%] Linking CXX executable ../../bin/llama-vdot
[ 95%] Built target llama-llava-cli
[ 96%] Building CXX object pocs/vdot/CMakeFiles/llama-q8dot.dir/q8dot.cpp.o
[ 97%] Linking CXX executable ../../bin/llama-q8dot
[ 97%] Built target llama-minicpmv-cli
[ 97%] Built target llama-vdot
[ 97%] Generating deps_tailwindcss.js.hpp
[ 98%] Generating deps_vue.esm-browser.js.hpp
[ 98%] Built target llama-q8dot
[ 99%] Generating index.html.hpp
[ 99%] Building CXX object examples/server/CMakeFiles/llama-server.dir/server.cpp.o
[100%] Linking CXX executable ../../bin/llama-server
[100%] Built target llama-server

real	0m4.397s
user	0m9.368s
sys	0m3.309s
+ '[' -z 1 ']'
+ tee -a /home/ggml/results/llama.cpp/1c/d3df46bd49a0c1c78da8b68c956448a73b7476/ggml-1-arm64-cpu-low-perf/ctest_release-ctest.log
+ ctest --output-on-failure -L main -E test-opt
Test project /home/ggml/work/llama.cpp/build-ci-release
      Start  1: test-tokenizer-0-bert-bge
 1/27 Test  #1: test-tokenizer-0-bert-bge .........   Passed    0.04 sec
      Start  2: test-tokenizer-0-command-r
 2/27 Test  #2: test-tokenizer-0-command-r ........   Passed    1.02 sec
      Start  3: test-tokenizer-0-deepseek-coder
 3/27 Test  #3: test-tokenizer-0-deepseek-coder ...   Passed    0.09 sec
      Start  4: test-tokenizer-0-deepseek-llm
 4/27 Test  #4: test-tokenizer-0-deepseek-llm .....   Passed    0.33 sec
      Start  5: test-tokenizer-0-falcon
 5/27 Test  #5: test-tokenizer-0-falcon ...........   Passed    0.19 sec
      Start  6: test-tokenizer-0-gpt-2
 6/27 Test  #6: test-tokenizer-0-gpt-2 ............   Passed    0.15 sec
      Start  7: test-tokenizer-0-llama-bpe
 7/27 Test  #7: test-tokenizer-0-llama-bpe ........   Passed    0.68 sec
      Start  8: test-tokenizer-0-llama-spm
 8/27 Test  #8: test-tokenizer-0-llama-spm ........   Passed    0.06 sec
      Start  9: test-tokenizer-0-mpt
 9/27 Test  #9: test-tokenizer-0-mpt ..............   Passed    0.15 sec
      Start 10: test-tokenizer-0-phi-3
10/27 Test #10: test-tokenizer-0-phi-3 ............   Passed    0.05 sec
      Start 11: test-tokenizer-0-qwen2
11/27 Test #11: test-tokenizer-0-qwen2 ............   Passed    0.51 sec
      Start 12: test-tokenizer-0-refact
12/27 Test #12: test-tokenizer-0-refact ...........   Passed    0.15 sec
      Start 13: test-tokenizer-0-starcoder
13/27 Test #13: test-tokenizer-0-starcoder ........   Passed    0.14 sec
      Start 14: test-tokenizer-1-llama-spm
14/27 Test #14: test-tokenizer-1-llama-spm ........   Passed    0.33 sec
      Start 15: test-log
15/27 Test #15: test-log ..........................   Passed    0.02 sec
      Start 16: test-arg-parser
16/27 Test #16: test-arg-parser ...................   Passed    0.04 sec
      Start 17: test-sampling
17/27 Test #17: test-sampling .....................   Passed    1.33 sec
      Start 18: test-chat-template
18/27 Test #18: test-chat-template ................   Passed    0.00 sec
      Start 19: test-grammar-parser
19/27 Test #19: test-grammar-parser ...............   Passed    0.00 sec
      Start 20: test-grammar-integration
20/27 Test #20: test-grammar-integration ..........   Passed    0.01 sec
      Start 21: test-llama-grammar
21/27 Test #21: test-llama-grammar ................   Passed    0.00 sec
      Start 22: test-backend-ops
22/27 Test #22: test-backend-ops ..................   Passed    0.01 sec
      Start 25: test-barrier
23/27 Test #25: test-barrier ......................   Passed    0.36 sec
      Start 26: test-quantize-fns
24/27 Test #26: test-quantize-fns .................   Passed   20.56 sec
      Start 27: test-quantize-perf
25/27 Test #27: test-quantize-perf ................   Passed    0.08 sec
      Start 28: test-rope
26/27 Test #28: test-rope .........................   Passed    0.05 sec
      Start 29: test-json-schema-to-grammar
27/27 Test #29: test-json-schema-to-grammar .......   Passed    0.01 sec

100% tests passed, 0 tests failed out of 27

Label Time Summary:
main    =  26.35 sec*proc (27 tests)

Total Test time (real) =  26.37 sec

real	0m26.376s
user	0m27.572s
sys	0m0.527s
+ set +e
+ cur=0
+ echo 0
+ set +x
