+ cmake -DCMAKE_BUILD_TYPE=Debug -DLLAMA_FATAL_WARNINGS=ON ..
-- The C compiler identification is GNU 11.4.0
-- The CXX compiler identification is GNU 11.4.0
-- Detecting C compiler ABI info
-- Detecting C compiler ABI info - done
-- Check for working C compiler: /usr/bin/cc - skipped
-- Detecting C compile features
-- Detecting C compile features - done
-- Detecting CXX compiler ABI info
-- Detecting CXX compiler ABI info - done
-- Check for working CXX compiler: /usr/bin/c++ - skipped
-- Detecting CXX compile features
-- Detecting CXX compile features - done
-- Found Git: /usr/bin/git (found version "2.34.1") 
-- Looking for pthread.h
-- Looking for pthread.h - found
-- Performing Test CMAKE_HAVE_LIBC_PTHREAD
-- Performing Test CMAKE_HAVE_LIBC_PTHREAD - Success
-- Found Threads: TRUE  
-- Found OpenMP_C: -fopenmp (found version "4.5") 
-- Found OpenMP_CXX: -fopenmp (found version "4.5") 
-- Found OpenMP: TRUE (found version "4.5")  
-- OpenMP found
-- ccache found, compilation results will be cached. Disable with LLAMA_CCACHE=OFF.
-- CMAKE_SYSTEM_PROCESSOR: aarch64
-- ARM detected
-- Performing Test COMPILER_SUPPORTS_FP16_FORMAT_I3E
-- Performing Test COMPILER_SUPPORTS_FP16_FORMAT_I3E - Failed
-- Configuring done
-- Generating done
-- Build files have been written to: /home/ggml/work/llama.cpp/build-ci-debug

real	0m0.974s
user	0m0.648s
sys	0m0.329s
+ make -j
[  0%] Generating build details from Git
[  1%] Building C object CMakeFiles/ggml.dir/ggml-alloc.c.o
[  1%] Building C object CMakeFiles/ggml.dir/ggml.c.o
[  2%] Building C object CMakeFiles/ggml.dir/ggml-backend.c.o
[  2%] Building C object CMakeFiles/ggml.dir/ggml-quants.c.o
[  3%] Building CXX object CMakeFiles/ggml.dir/sgemm.cpp.o
-- Found Git: /usr/bin/git (found version "2.34.1") 
[  3%] Built target ggml
[  4%] Building CXX object common/CMakeFiles/build_info.dir/build-info.cpp.o
[  4%] Building CXX object CMakeFiles/llama.dir/llama.cpp.o
[  6%] Building CXX object CMakeFiles/llama.dir/unicode-data.cpp.o
[  6%] Building CXX object examples/gguf/CMakeFiles/llama-gguf.dir/gguf.cpp.o
[  6%] Linking CXX static library libggml_static.a
[  7%] Building CXX object CMakeFiles/llama.dir/unicode.cpp.o
[  7%] Linking CXX executable ../../bin/llama-gguf
[  7%] Built target build_info
[  7%] Built target ggml_static
[  8%] Linking CXX static library libllama.a
[  8%] Built target llama-gguf
[  8%] Built target llama
[ 11%] Building CXX object examples/quantize-stats/CMakeFiles/llama-quantize-stats.dir/quantize-stats.cpp.o
[ 11%] Building CXX object examples/llava/CMakeFiles/llava.dir/clip.cpp.o
[ 11%] Building C object tests/CMakeFiles/test-c.dir/test-c.c.o
[ 11%] Building CXX object examples/benchmark/CMakeFiles/llama-bench-matmult.dir/benchmark-matmult.cpp.o
[ 11%] Building CXX object examples/llava/CMakeFiles/llava.dir/llava.cpp.o
[ 11%] Building CXX object common/CMakeFiles/common.dir/common.cpp.o
[ 12%] Building CXX object common/CMakeFiles/common.dir/console.cpp.o
[ 13%] Building CXX object common/CMakeFiles/common.dir/sampling.cpp.o
[ 13%] Building CXX object common/CMakeFiles/common.dir/grammar-parser.cpp.o
[ 14%] Building CXX object common/CMakeFiles/common.dir/json-schema-to-grammar.cpp.o
[ 15%] Building CXX object common/CMakeFiles/common.dir/train.cpp.o
[ 15%] Linking CXX executable ../../bin/llama-bench-matmult
[ 15%] Building CXX object common/CMakeFiles/common.dir/ngram-cache.cpp.o
[ 16%] Linking CXX executable ../bin/test-c
[ 17%] Linking CXX executable ../../bin/llama-quantize-stats
[ 17%] Built target llava
[ 18%] Linking CXX static library libllava_static.a
[ 19%] Linking CXX static library libcommon.a
[ 19%] Built target test-c
[ 19%] Built target llama-bench-matmult
[ 19%] Built target llava_static
[ 19%] Built target common
[ 20%] Building CXX object tests/CMakeFiles/test-tokenizer-1-bpe.dir/test-tokenizer-1-bpe.cpp.o
[ 20%] Building CXX object tests/CMakeFiles/test-tokenizer-0.dir/test-tokenizer-0.cpp.o
[ 21%] Building CXX object tests/CMakeFiles/test-tokenizer-1-spm.dir/test-tokenizer-1-spm.cpp.o
[ 22%] Building CXX object tests/CMakeFiles/test-quantize-fns.dir/test-quantize-fns.cpp.o
[ 22%] Building CXX object tests/CMakeFiles/test-quantize-fns.dir/get-model.cpp.o
[ 22%] Building CXX object tests/CMakeFiles/test-sampling.dir/test-sampling.cpp.o
[ 23%] Building CXX object tests/CMakeFiles/test-sampling.dir/get-model.cpp.o
[ 24%] Building CXX object tests/CMakeFiles/test-quantize-perf.dir/test-quantize-perf.cpp.o
[ 24%] Building CXX object tests/CMakeFiles/test-quantize-perf.dir/get-model.cpp.o
[ 25%] Building CXX object tests/CMakeFiles/test-chat-template.dir/test-chat-template.cpp.o
[ 25%] Building CXX object tests/CMakeFiles/test-grammar-parser.dir/test-grammar-parser.cpp.o
[ 26%] Building CXX object tests/CMakeFiles/test-llama-grammar.dir/get-model.cpp.o
[ 27%] Building CXX object tests/CMakeFiles/test-grammar-parser.dir/get-model.cpp.o
[ 28%] Building CXX object tests/CMakeFiles/test-grad0.dir/get-model.cpp.o
[ 29%] Linking CXX executable ../bin/test-tokenizer-0
[ 30%] Building CXX object tests/CMakeFiles/test-llama-grammar.dir/test-llama-grammar.cpp.o
[ 31%] Linking CXX executable ../bin/test-quantize-fns
[ 32%] Linking CXX executable ../bin/test-tokenizer-1-spm
[ 32%] Building CXX object tests/CMakeFiles/test-chat-template.dir/get-model.cpp.o
[ 33%] Building CXX object tests/CMakeFiles/test-backend-ops.dir/get-model.cpp.o
[ 33%] Building CXX object tests/CMakeFiles/test-grad0.dir/test-grad0.cpp.o
[ 33%] Linking CXX executable ../bin/test-tokenizer-1-bpe
[ 34%] Linking CXX executable ../bin/test-sampling
[ 34%] Building CXX object tests/CMakeFiles/test-grammar-integration.dir/test-grammar-integration.cpp.o
[ 35%] Building CXX object tests/CMakeFiles/test-grammar-integration.dir/get-model.cpp.o
[ 35%] Building CXX object tests/CMakeFiles/test-backend-ops.dir/test-backend-ops.cpp.o
[ 36%] Linking CXX executable ../bin/test-chat-template
[ 37%] Linking CXX executable ../bin/test-grad0
[ 38%] Linking CXX executable ../bin/test-quantize-perf
[ 39%] Linking CXX executable ../bin/test-grammar-parser
[ 39%] Building CXX object tests/CMakeFiles/test-json-schema-to-grammar.dir/test-json-schema-to-grammar.cpp.o
[ 40%] Building CXX object examples/baby-llama/CMakeFiles/llama-baby-llama.dir/baby-llama.cpp.o
[ 41%] Building CXX object tests/CMakeFiles/test-json-schema-to-grammar.dir/get-model.cpp.o
[ 42%] Linking CXX executable ../bin/test-grammar-integration
[ 43%] Linking CXX executable ../bin/test-backend-ops
[ 44%] Building CXX object tests/CMakeFiles/test-rope.dir/test-rope.cpp.o
[ 44%] Linking CXX executable ../../bin/llama-baby-llama
[ 45%] Building CXX object tests/CMakeFiles/test-autorelease.dir/test-autorelease.cpp.o
[ 45%] Building CXX object tests/CMakeFiles/test-rope.dir/get-model.cpp.o
[ 46%] Building CXX object tests/CMakeFiles/test-model-load-cancel.dir/test-model-load-cancel.cpp.o
[ 46%] Linking CXX executable ../bin/test-llama-grammar
[ 47%] Building CXX object tests/CMakeFiles/test-model-load-cancel.dir/get-model.cpp.o
[ 47%] Building CXX object examples/batched-bench/CMakeFiles/llama-batched-bench.dir/batched-bench.cpp.o
[ 47%] Building CXX object examples/convert-llama2c-to-ggml/CMakeFiles/llama-convert-llama2c-to-ggml.dir/convert-llama2c-to-ggml.cpp.o
[ 47%] Building CXX object tests/CMakeFiles/test-autorelease.dir/get-model.cpp.o
[ 47%] Linking CXX executable ../bin/test-json-schema-to-grammar
[ 47%] Linking CXX executable ../bin/test-model-load-cancel
[ 48%] Building CXX object examples/batched/CMakeFiles/llama-batched.dir/batched.cpp.o
[ 49%] Linking CXX executable ../bin/test-rope
[ 50%] Linking CXX executable ../bin/test-autorelease
[ 51%] Linking CXX executable ../../bin/llama-convert-llama2c-to-ggml
[ 52%] Building CXX object examples/embedding/CMakeFiles/llama-embedding.dir/embedding.cpp.o
[ 53%] Building CXX object examples/export-lora/CMakeFiles/llama-export-lora.dir/export-lora.cpp.o
[ 54%] Building CXX object examples/eval-callback/CMakeFiles/llama-eval-callback.dir/eval-callback.cpp.o
[ 55%] Linking CXX executable ../../bin/llama-batched-bench
[ 55%] Building CXX object examples/finetune/CMakeFiles/llama-finetune.dir/finetune.cpp.o
[ 57%] Linking CXX executable ../../bin/llama-batched
[ 58%] Building CXX object examples/gguf-split/CMakeFiles/llama-gguf-split.dir/gguf-split.cpp.o
[ 58%] Built target test-grad0
[ 57%] Building CXX object examples/gbnf-validator/CMakeFiles/llama-gbnf-validator.dir/gbnf-validator.cpp.o
[ 58%] Building CXX object examples/gritlm/CMakeFiles/llama-gritlm.dir/gritlm.cpp.o
[ 59%] Built target test-quantize-fns
[ 59%] Linking CXX executable ../../bin/llama-finetune
[ 59%] Linking CXX executable ../../bin/llama-embedding
[ 60%] Linking CXX executable ../../bin/llama-export-lora
[ 60%] Built target test-grammar-parser
[ 61%] Building CXX object examples/imatrix/CMakeFiles/llama-imatrix.dir/imatrix.cpp.o
[ 62%] Linking CXX executable ../../bin/llama-gritlm
[ 62%] Linking CXX executable ../../bin/llama-eval-callback
[ 63%] Building CXX object examples/infill/CMakeFiles/llama-infill.dir/infill.cpp.o
[ 64%] Linking CXX executable ../../bin/llama-gguf-split
[ 64%] Building CXX object examples/lookahead/CMakeFiles/llama-lookahead.dir/lookahead.cpp.o
[ 64%] Linking CXX executable ../../bin/llama-gbnf-validator
[ 64%] Building CXX object examples/llama-bench/CMakeFiles/llama-bench.dir/llama-bench.cpp.o
[ 65%] Building CXX object examples/lookup/CMakeFiles/llama-lookup.dir/lookup.cpp.o
[ 65%] Linking CXX executable ../../bin/llama-infill
[ 65%] Linking CXX executable ../../bin/llama-imatrix
[ 65%] Built target test-rope
[ 66%] Building CXX object examples/llava/CMakeFiles/llama-llava-cli.dir/llava-cli.cpp.o
[ 67%] Building CXX object examples/lookup/CMakeFiles/llama-lookup-create.dir/lookup-create.cpp.o
[ 68%] Linking CXX executable ../../bin/llama-lookahead
[ 69%] Building CXX object examples/lookup/CMakeFiles/llama-lookup-merge.dir/lookup-merge.cpp.o
[ 69%] Linking CXX executable ../../bin/llama-lookup
[ 69%] Built target test-quantize-perf
[ 70%] Linking CXX executable ../../bin/llama-llava-cli
[ 71%] Building CXX object examples/main/CMakeFiles/llama-cli.dir/main.cpp.o
[ 71%] Building CXX object examples/lookup/CMakeFiles/llama-lookup-stats.dir/lookup-stats.cpp.o
[ 72%] Linking CXX executable ../../bin/llama-lookup-merge
[ 73%] Building CXX object examples/parallel/CMakeFiles/llama-parallel.dir/parallel.cpp.o
[ 73%] Linking CXX executable ../../bin/llama-lookup-create
[ 73%] Building CXX object examples/perplexity/CMakeFiles/llama-perplexity.dir/perplexity.cpp.o
[ 74%] Building CXX object examples/passkey/CMakeFiles/llama-passkey.dir/passkey.cpp.o
[ 75%] Building CXX object examples/quantize/CMakeFiles/llama-quantize.dir/quantize.cpp.o
[ 75%] Building CXX object examples/retrieval/CMakeFiles/llama-retrieval.dir/retrieval.cpp.o
[ 76%] Generating theme-snowstorm.css.hpp
[ 77%] Built target llama-export-lora
[ 77%] Generating colorthemes.css.hpp
[ 77%] Built target test-backend-ops
[ 78%] Generating completion.js.hpp
[ 79%] Linking CXX executable ../../bin/llama-cli
[ 80%] Generating index-new.html.hpp
[ 81%] Generating index.html.hpp
[ 81%] Linking CXX executable ../../bin/llama-lookup-stats
[ 81%] Linking CXX executable ../../bin/llama-parallel
[ 81%] Building CXX object examples/save-load-state/CMakeFiles/llama-save-load-state.dir/save-load-state.cpp.o
[ 82%] Linking CXX executable ../../bin/llama-perplexity
[ 83%] Linking CXX executable ../../bin/llama-passkey
[ 83%] Built target llama-convert-llama2c-to-ggml
[ 83%] Linking CXX executable ../../bin/llama-quantize
[ 83%] Building CXX object examples/simple/CMakeFiles/llama-simple.dir/simple.cpp.o
[ 84%] Linking CXX executable ../../bin/llama-retrieval
[ 85%] Building CXX object examples/tokenize/CMakeFiles/llama-tokenize.dir/tokenize.cpp.o
[ 86%] Building CXX object examples/speculative/CMakeFiles/llama-speculative.dir/speculative.cpp.o
[ 87%] Generating index.js.hpp
[ 88%] Generating prompt-formats.js.hpp
[ 88%] Building CXX object examples/train-text-from-scratch/CMakeFiles/llama-train-text-from-scratch.dir/train-text-from-scratch.cpp.o
[ 89%] Generating json-schema-to-grammar.mjs.hpp
[ 89%] Building CXX object pocs/vdot/CMakeFiles/llama-vdot.dir/vdot.cpp.o
[ 89%] Building CXX object pocs/vdot/CMakeFiles/llama-q8dot.dir/q8dot.cpp.o
[ 89%] Generating style.css.hpp
[ 90%] Linking CXX executable ../../bin/llama-save-load-state
[ 90%] Generating system-prompts.js.hpp
[ 90%] Built target llama-quantize-stats
[ 92%] Linking CXX executable ../../bin/llama-speculative
[ 91%] Generating theme-beeninorder.css.hpp
[ 92%] Linking CXX executable ../../bin/llama-q8dot
[ 93%] Generating theme-ketivah.css.hpp
[ 94%] Linking CXX executable ../../bin/llama-vdot
[ 95%] Linking CXX executable ../../bin/llama-simple
[ 95%] Generating theme-mangotango.css.hpp
[ 96%] Linking CXX executable ../../bin/llama-tokenize
[ 97%] Linking CXX executable ../../bin/llama-train-text-from-scratch
[ 98%] Generating theme-playground.css.hpp
[ 98%] Generating theme-polarnight.css.hpp
[ 98%] Building CXX object examples/server/CMakeFiles/llama-server.dir/server.cpp.o
[ 98%] Built target llama-lookup-merge
[ 98%] Built target llama-vdot
[ 98%] Built target test-chat-template
[ 98%] Built target llama-q8dot
[ 99%] Linking CXX executable ../../bin/llama-server
[ 99%] Built target test-llama-grammar
[ 99%] Built target test-json-schema-to-grammar
[ 99%] Built target llama-gguf-split
[ 99%] Built target test-sampling
[ 99%] Built target test-model-load-cancel
[ 99%] Built target test-autorelease
[ 99%] Built target llama-gbnf-validator
[ 99%] Built target test-grammar-integration
[ 99%] Built target llama-batched-bench
[ 99%] Built target test-tokenizer-0
[ 99%] Built target llama-eval-callback
[ 99%] Built target test-tokenizer-1-spm
[ 99%] Built target test-tokenizer-1-bpe
[ 99%] Built target llama-baby-llama
[ 99%] Built target llama-save-load-state
[ 99%] Built target llama-infill
[ 99%] Built target llama-lookahead
[ 99%] Built target llama-gritlm
[ 99%] Built target llama-embedding
[ 99%] Built target llama-batched
[ 99%] Built target llama-lookup-stats
[ 99%] Built target llama-parallel
[ 99%] Built target llama-finetune
[ 99%] Built target llama-tokenize
[ 99%] Built target llama-lookup-create
[ 99%] Built target llama-llava-cli
[ 99%] Built target llama-cli
[ 99%] Built target llama-quantize
[ 99%] Built target llama-imatrix
[ 99%] Built target llama-retrieval
[ 99%] Built target llama-passkey
[ 99%] Built target llama-simple
[ 99%] Built target llama-lookup
[ 99%] Built target llama-perplexity
[ 99%] Built target llama-train-text-from-scratch
[ 99%] Built target llama-speculative
[ 99%] Built target llama-server
[100%] Linking CXX executable ../../bin/llama-bench
[100%] Built target llama-bench

real	0m11.216s
user	0m46.347s
sys	0m7.468s
+ ctest --output-on-failure -L main -E test-opt
Test project /home/ggml/work/llama.cpp/build-ci-debug
      Start  1: test-tokenizer-0-llama-spm
 1/22 Test  #1: test-tokenizer-0-llama-spm .......   Passed    0.17 sec
      Start  2: test-tokenizer-0-llama-bpe
 2/22 Test  #2: test-tokenizer-0-llama-bpe .......   Passed    2.75 sec
      Start  3: test-tokenizer-0-phi-3
 3/22 Test  #3: test-tokenizer-0-phi-3 ...........   Passed    0.17 sec
      Start  4: test-tokenizer-0-falcon
 4/22 Test  #4: test-tokenizer-0-falcon ..........   Passed    0.90 sec
      Start  5: test-tokenizer-0-bert-bge
 5/22 Test  #5: test-tokenizer-0-bert-bge ........   Passed    0.18 sec
      Start  6: test-tokenizer-0-starcoder
 6/22 Test  #6: test-tokenizer-0-starcoder .......   Passed    0.68 sec
      Start  7: test-tokenizer-0-gpt-2
 7/22 Test  #7: test-tokenizer-0-gpt-2 ...........   Passed    0.69 sec
      Start  8: test-tokenizer-0-refact
 8/22 Test  #8: test-tokenizer-0-refact ..........   Passed    0.68 sec
      Start  9: test-tokenizer-0-command-r
 9/22 Test  #9: test-tokenizer-0-command-r .......   Passed    4.18 sec
      Start 10: test-tokenizer-0-qwen2
10/22 Test #10: test-tokenizer-0-qwen2 ...........   Passed    2.29 sec
      Start 11: test-tokenizer-1-llama-spm
11/22 Test #11: test-tokenizer-1-llama-spm .......   Passed    2.45 sec
      Start 12: test-quantize-fns
12/22 Test #12: test-quantize-fns ................   Passed   35.04 sec
      Start 13: test-quantize-perf
13/22 Test #13: test-quantize-perf ...............   Passed   10.49 sec
      Start 14: test-sampling
14/22 Test #14: test-sampling ....................   Passed    0.03 sec
      Start 15: test-chat-template
15/22 Test #15: test-chat-template ...............   Passed    0.00 sec
      Start 16: test-grammar-parser
16/22 Test #16: test-grammar-parser ..............   Passed    0.00 sec
      Start 17: test-llama-grammar
17/22 Test #17: test-llama-grammar ...............   Passed    0.00 sec
      Start 18: test-grammar-integration
18/22 Test #18: test-grammar-integration .........   Passed    0.01 sec
      Start 19: test-grad0
19/22 Test #19: test-grad0 .......................   Passed    0.25 sec
      Start 20: test-backend-ops
20/22 Test #20: test-backend-ops .................   Passed    0.00 sec
      Start 21: test-rope
21/22 Test #21: test-rope ........................   Passed    0.07 sec
      Start 24: test-json-schema-to-grammar
22/22 Test #24: test-json-schema-to-grammar ......   Passed    1.45 sec

100% tests passed, 0 tests failed out of 22

Label Time Summary:
main    =  62.48 sec*proc (22 tests)

Total Test time (real) =  62.49 sec

real	1m2.497s
user	1m14.385s
sys	0m0.572s
