+ cmake -DCMAKE_BUILD_TYPE=Release -DGGML_CUDA=ON ..
-- The C compiler identification is GNU 11.4.0
-- The CXX compiler identification is GNU 11.4.0
-- Detecting C compiler ABI info
-- Detecting C compiler ABI info - done
-- Check for working C compiler: /usr/bin/cc - skipped
-- Detecting C compile features
-- Detecting C compile features - done
-- Detecting CXX compiler ABI info
-- Detecting CXX compiler ABI info - done
-- Check for working CXX compiler: /usr/bin/c++ - skipped
-- Detecting CXX compile features
-- Detecting CXX compile features - done
-- Performing Test CMAKE_HAVE_LIBC_PTHREAD
-- Performing Test CMAKE_HAVE_LIBC_PTHREAD - Success
-- Found Threads: TRUE  
-- ccache found, compilation results will be cached. Disable with GGML_CCACHE=OFF.
-- CMAKE_SYSTEM_PROCESSOR: x86_64
-- Found OpenMP_C: -fopenmp (found version "4.5") 
-- Found OpenMP_CXX: -fopenmp (found version "4.5") 
-- Found OpenMP: TRUE (found version "4.5")  
-- OpenMP found
-- x86 detected
-- Using runtime weight conversion of Q4_0 to Q4_0_x_x to enable optimized GEMM/GEMV kernels
-- Including CPU backend
-- Found CUDAToolkit: /usr/local/cuda-12.2/include (found version "12.2.140") 
-- CUDA Toolkit found
-- Using CUDA architectures: native
-- The CUDA compiler identification is NVIDIA 12.2.140
-- Detecting CUDA compiler ABI info
-- Detecting CUDA compiler ABI info - done
-- Check for working CUDA compiler: /usr/local/cuda-12.2/bin/nvcc - skipped
-- Detecting CUDA compile features
-- Detecting CUDA compile features - done
-- CUDA host compiler is GNU 11.4.0

-- Including CUDA backend
-- x86 detected
-- Linux detected
-- Configuring done (9.0s)
-- Generating done (0.1s)
-- Build files have been written to: /home/ggml/work/ggml/build-ci-release

real	0m9.191s
user	0m7.436s
sys	0m1.757s
+ make -j
[  0%] Building CXX object examples/CMakeFiles/common.dir/common.cpp.o
[  1%] Building CXX object src/CMakeFiles/ggml-base.dir/ggml-backend.cpp.o
[  1%] Building C object src/CMakeFiles/ggml-base.dir/ggml-alloc.c.o
[  2%] Building C object src/CMakeFiles/ggml-base.dir/ggml.c.o
[  3%] Building CXX object src/CMakeFiles/ggml-base.dir/ggml-opt.cpp.o
[  3%] Building CXX object src/CMakeFiles/ggml-base.dir/ggml-threading.cpp.o
[  4%] Building C object src/CMakeFiles/ggml-base.dir/ggml-quants.c.o
[  4%] Building C object src/CMakeFiles/ggml-base.dir/ggml-aarch64.c.o
[  5%] Linking CXX static library libcommon.a
[  6%] Linking CXX shared library libggml-base.so
[  6%] Built target common
[  6%] Built target ggml-base
[  7%] Building C object src/ggml-cpu/CMakeFiles/ggml-cpu.dir/ggml-cpu.c.o
[  7%] Building CXX object src/ggml-cpu/CMakeFiles/ggml-cpu.dir/ggml-cpu.cpp.o
[  8%] Building C object src/ggml-cpu/CMakeFiles/ggml-cpu.dir/ggml-cpu-aarch64.c.o
[  8%] Building C object src/ggml-cpu/CMakeFiles/ggml-cpu.dir/ggml-cpu-quants.c.o
[  9%] Building CUDA object src/ggml-cuda/CMakeFiles/ggml-cuda.dir/acc.cu.o
[ 10%] Building CUDA object src/ggml-cuda/CMakeFiles/ggml-cuda.dir/argmax.cu.o
[ 10%] Building CUDA object src/ggml-cuda/CMakeFiles/ggml-cuda.dir/argsort.cu.o
[ 10%] Building CUDA object src/ggml-cuda/CMakeFiles/ggml-cuda.dir/arange.cu.o
[ 10%] Building CUDA object src/ggml-cuda/CMakeFiles/ggml-cuda.dir/concat.cu.o
[ 11%] Building CUDA object src/ggml-cuda/CMakeFiles/ggml-cuda.dir/binbcast.cu.o
[ 12%] Building CUDA object src/ggml-cuda/CMakeFiles/ggml-cuda.dir/conv-transpose-1d.cu.o
[ 13%] Building CUDA object src/ggml-cuda/CMakeFiles/ggml-cuda.dir/clamp.cu.o
[ 14%] Linking CXX shared library libggml-cpu.so
[ 15%] Building CUDA object src/ggml-cuda/CMakeFiles/ggml-cuda.dir/count-equal.cu.o
[ 15%] Building CUDA object src/ggml-cuda/CMakeFiles/ggml-cuda.dir/convert.cu.o
[ 16%] Building CUDA object src/ggml-cuda/CMakeFiles/ggml-cuda.dir/cpy.cu.o
[ 16%] Building CUDA object src/ggml-cuda/CMakeFiles/ggml-cuda.dir/cross-entropy-loss.cu.o
[ 16%] Building CUDA object src/ggml-cuda/CMakeFiles/ggml-cuda.dir/dmmv.cu.o
[ 17%] Building CUDA object src/ggml-cuda/CMakeFiles/ggml-cuda.dir/diagmask.cu.o
[ 18%] Building CUDA object src/ggml-cuda/CMakeFiles/ggml-cuda.dir/fattn-tile-f16.cu.o
[ 19%] Building CUDA object src/ggml-cuda/CMakeFiles/ggml-cuda.dir/fattn-tile-f32.cu.o
[ 19%] Building CUDA object src/ggml-cuda/CMakeFiles/ggml-cuda.dir/fattn.cu.o
[ 20%] Building CUDA object src/ggml-cuda/CMakeFiles/ggml-cuda.dir/getrows.cu.o
[ 20%] Building CUDA object src/ggml-cuda/CMakeFiles/ggml-cuda.dir/ggml-cuda.cu.o
[ 21%] Building CUDA object src/ggml-cuda/CMakeFiles/ggml-cuda.dir/im2col.cu.o
[ 22%] Building CUDA object src/ggml-cuda/CMakeFiles/ggml-cuda.dir/mmv.cu.o
[ 22%] Building CUDA object src/ggml-cuda/CMakeFiles/ggml-cuda.dir/mmq.cu.o
[ 23%] Building CUDA object src/ggml-cuda/CMakeFiles/ggml-cuda.dir/mmvq.cu.o
[ 24%] Building CUDA object src/ggml-cuda/CMakeFiles/ggml-cuda.dir/opt-step-adamw.cu.o
[ 24%] Building CUDA object src/ggml-cuda/CMakeFiles/ggml-cuda.dir/norm.cu.o
[ 24%] Building CUDA object src/ggml-cuda/CMakeFiles/ggml-cuda.dir/pad.cu.o
[ 25%] Building CUDA object src/ggml-cuda/CMakeFiles/ggml-cuda.dir/out-prod.cu.o
[ 25%] Built target ggml-cpu
[ 26%] Building CUDA object src/ggml-cuda/CMakeFiles/ggml-cuda.dir/pool2d.cu.o
[ 26%] Building CUDA object src/ggml-cuda/CMakeFiles/ggml-cuda.dir/quantize.cu.o
[ 27%] Building CUDA object src/ggml-cuda/CMakeFiles/ggml-cuda.dir/rope.cu.o
[ 28%] Building CUDA object src/ggml-cuda/CMakeFiles/ggml-cuda.dir/scale.cu.o
[ 28%] Building CUDA object src/ggml-cuda/CMakeFiles/ggml-cuda.dir/softmax.cu.o
[ 29%] Building CUDA object src/ggml-cuda/CMakeFiles/ggml-cuda.dir/sum.cu.o
[ 29%] Building CUDA object src/ggml-cuda/CMakeFiles/ggml-cuda.dir/sumrows.cu.o
[ 30%] Building CUDA object src/ggml-cuda/CMakeFiles/ggml-cuda.dir/tsembd.cu.o
[ 31%] Building CUDA object src/ggml-cuda/CMakeFiles/ggml-cuda.dir/unary.cu.o
[ 31%] Building CUDA object src/ggml-cuda/CMakeFiles/ggml-cuda.dir/upscale.cu.o
[ 32%] Building CUDA object src/ggml-cuda/CMakeFiles/ggml-cuda.dir/wkv6.cu.o
[ 32%] Building CUDA object src/ggml-cuda/CMakeFiles/ggml-cuda.dir/template-instances/fattn-wmma-f16-instance-kqfloat-cpb16.cu.o
[ 33%] Building CUDA object src/ggml-cuda/CMakeFiles/ggml-cuda.dir/template-instances/fattn-wmma-f16-instance-kqfloat-cpb32.cu.o
[ 34%] Building CUDA object src/ggml-cuda/CMakeFiles/ggml-cuda.dir/template-instances/fattn-wmma-f16-instance-kqhalf-cpb16.cu.o
[ 34%] Building CUDA object src/ggml-cuda/CMakeFiles/ggml-cuda.dir/template-instances/fattn-wmma-f16-instance-kqhalf-cpb32.cu.o
[ 35%] Building CUDA object src/ggml-cuda/CMakeFiles/ggml-cuda.dir/template-instances/fattn-wmma-f16-instance-kqhalf-cpb8.cu.o
[ 35%] Building CUDA object src/ggml-cuda/CMakeFiles/ggml-cuda.dir/template-instances/mmq-instance-iq1_s.cu.o
[ 36%] Building CUDA object src/ggml-cuda/CMakeFiles/ggml-cuda.dir/template-instances/mmq-instance-iq2_xs.cu.o
[ 37%] Building CUDA object src/ggml-cuda/CMakeFiles/ggml-cuda.dir/template-instances/mmq-instance-iq2_s.cu.o
[ 37%] Building CUDA object src/ggml-cuda/CMakeFiles/ggml-cuda.dir/template-instances/mmq-instance-iq2_xxs.cu.o
[ 38%] Building CUDA object src/ggml-cuda/CMakeFiles/ggml-cuda.dir/template-instances/mmq-instance-iq3_s.cu.o
[ 38%] Building CUDA object src/ggml-cuda/CMakeFiles/ggml-cuda.dir/template-instances/mmq-instance-iq3_xxs.cu.o
[ 39%] Building CUDA object src/ggml-cuda/CMakeFiles/ggml-cuda.dir/template-instances/mmq-instance-iq4_nl.cu.o
[ 40%] Building CUDA object src/ggml-cuda/CMakeFiles/ggml-cuda.dir/template-instances/mmq-instance-iq4_xs.cu.o
[ 40%] Building CUDA object src/ggml-cuda/CMakeFiles/ggml-cuda.dir/template-instances/mmq-instance-q2_k.cu.o
[ 41%] Building CUDA object src/ggml-cuda/CMakeFiles/ggml-cuda.dir/template-instances/mmq-instance-q3_k.cu.o
[ 41%] Building CUDA object src/ggml-cuda/CMakeFiles/ggml-cuda.dir/template-instances/mmq-instance-q4_0.cu.o
[ 42%] Building CUDA object src/ggml-cuda/CMakeFiles/ggml-cuda.dir/template-instances/mmq-instance-q4_1.cu.o
[ 43%] Building CUDA object src/ggml-cuda/CMakeFiles/ggml-cuda.dir/template-instances/mmq-instance-q4_k.cu.o
[ 43%] Building CUDA object src/ggml-cuda/CMakeFiles/ggml-cuda.dir/template-instances/mmq-instance-q5_0.cu.o
[ 44%] Building CUDA object src/ggml-cuda/CMakeFiles/ggml-cuda.dir/template-instances/mmq-instance-q5_1.cu.o
[ 44%] Building CUDA object src/ggml-cuda/CMakeFiles/ggml-cuda.dir/template-instances/mmq-instance-q5_k.cu.o
[ 45%] Building CUDA object src/ggml-cuda/CMakeFiles/ggml-cuda.dir/template-instances/mmq-instance-q6_k.cu.o
[ 46%] Building CUDA object src/ggml-cuda/CMakeFiles/ggml-cuda.dir/template-instances/mmq-instance-q8_0.cu.o
[ 46%] Building CUDA object src/ggml-cuda/CMakeFiles/ggml-cuda.dir/template-instances/fattn-vec-f16-instance-hs128-q4_0-q4_0.cu.o
[ 47%] Building CUDA object src/ggml-cuda/CMakeFiles/ggml-cuda.dir/template-instances/fattn-vec-f32-instance-hs128-q4_0-q4_0.cu.o
[ 47%] Building CUDA object src/ggml-cuda/CMakeFiles/ggml-cuda.dir/template-instances/fattn-vec-f32-instance-hs128-q8_0-q8_0.cu.o
[ 48%] Building CUDA object src/ggml-cuda/CMakeFiles/ggml-cuda.dir/template-instances/fattn-vec-f16-instance-hs128-q8_0-q8_0.cu.o
[ 49%] Building CUDA object src/ggml-cuda/CMakeFiles/ggml-cuda.dir/template-instances/fattn-vec-f16-instance-hs128-f16-f16.cu.o
[ 49%] Building CUDA object src/ggml-cuda/CMakeFiles/ggml-cuda.dir/template-instances/fattn-vec-f16-instance-hs256-f16-f16.cu.o
[ 50%] Building CUDA object src/ggml-cuda/CMakeFiles/ggml-cuda.dir/template-instances/fattn-vec-f32-instance-hs128-f16-f16.cu.o
[ 50%] Building CUDA object src/ggml-cuda/CMakeFiles/ggml-cuda.dir/template-instances/fattn-vec-f32-instance-hs256-f16-f16.cu.o
[ 51%] Building CUDA object src/ggml-cuda/CMakeFiles/ggml-cuda.dir/template-instances/fattn-vec-f32-instance-hs64-f16-f16.cu.o
[ 52%] Building CUDA object src/ggml-cuda/CMakeFiles/ggml-cuda.dir/template-instances/fattn-vec-f16-instance-hs64-f16-f16.cu.o
[ 52%] Linking CUDA shared library libggml-cuda.so
[ 52%] Built target ggml-cuda
[ 53%] Building CXX object src/CMakeFiles/ggml.dir/ggml-backend-reg.cpp.o
[ 53%] Linking CXX shared library libggml.so
[ 53%] Built target ggml
[ 54%] Building C object tests/CMakeFiles/test-vec1.dir/test-vec1.c.o
[ 55%] Building C object tests/CMakeFiles/test-vec0.dir/test-vec0.c.o
[ 55%] Building CXX object tests/CMakeFiles/test-opt.dir/test-opt.cpp.o
[ 56%] Building CXX object tests/CMakeFiles/test-quantize-fns.dir/test-quantize-fns.cpp.o
[ 57%] Building CXX object tests/CMakeFiles/test-quantize-perf.dir/test-quantize-perf.cpp.o
[ 58%] Building C object tests/CMakeFiles/test-mul-mat0.dir/test-mul-mat0.c.o
[ 58%] Building C object tests/CMakeFiles/test-mul-mat2.dir/test-mul-mat2.c.o
[ 59%] Building C object tests/CMakeFiles/test0.dir/test0.c.o
[ 59%] Linking C executable ../bin/test-vec0
[ 60%] Linking CXX executable ../bin/test-opt
[ 61%] Linking C executable ../bin/test-mul-mat0
[ 61%] Linking C executable ../bin/test-vec1
[ 61%] Linking CXX executable ../bin/test-quantize-fns
[ 62%] Building C object tests/CMakeFiles/test-pool.dir/test-pool.c.o
[ 63%] Linking CXX executable ../bin/test-quantize-perf
[ 64%] Linking C executable ../bin/test-mul-mat2
[ 65%] Linking C executable ../bin/test0
[ 65%] Linking C executable ../bin/test-pool
[ 66%] Building C object tests/CMakeFiles/test-conv-transpose.dir/test-conv-transpose.c.o
[ 67%] Building CXX object tests/CMakeFiles/test-conv-transpose-1d.dir/test-conv-transpose-1d.cpp.o
[ 68%] Building CXX object tests/CMakeFiles/test-arange.dir/test-arange.cpp.o
[ 68%] Building CXX object tests/CMakeFiles/test-timestep_embedding.dir/test-timestep_embedding.cpp.o
[ 69%] Linking CXX executable ../bin/test-arange
[ 70%] Building C object tests/CMakeFiles/test-dup.dir/test-dup.c.o
[ 71%] Linking CXX executable ../bin/test-timestep_embedding
[ 72%] Building CXX object tests/CMakeFiles/test-conv1d.dir/test-conv1d.cpp.o
[ 72%] Linking C executable ../bin/test-conv-transpose
[ 72%] Built target test-vec0
[ 72%] Linking CXX executable ../bin/test-conv-transpose-1d
[ 72%] Built target test-vec1
[ 72%] Building C object tests/CMakeFiles/test-customop.dir/test-customop.c.o
[ 72%] Linking C executable ../bin/test-dup
[ 72%] Building C object tests/CMakeFiles/test-rel-pos.dir/test-rel-pos.c.o
[ 72%] Building CXX object tests/CMakeFiles/test-backend-ops.dir/test-backend-ops.cpp.o
[ 72%] Building C object tests/CMakeFiles/test-cont.dir/test-cont.c.o
[ 73%] Linking CXX executable ../bin/test-conv1d
[ 73%] Building CXX object tests/CMakeFiles/test-conv2d.dir/test-conv2d.cpp.o
[ 74%] Building CXX object tests/CMakeFiles/test-mul-mat.dir/test-mul-mat.cpp.o
[ 75%] Building CXX object examples/mnist/CMakeFiles/mnist-common.dir/mnist-common.cpp.o
[ 75%] Building CXX object examples/CMakeFiles/common-ggml.dir/common-ggml.cpp.o
[ 76%] Linking CXX executable ../bin/test-backend-ops
[ 76%] Building CXX object examples/sam/CMakeFiles/sam.dir/main.cpp.o
[ 77%] Linking C executable ../bin/test-customop
[ 78%] Linking C executable ../bin/test-cont
[ 79%] Building CXX object examples/simple/CMakeFiles/simple-backend.dir/simple-backend.cpp.o
[ 80%] Building CXX object examples/yolo/CMakeFiles/yolov3-tiny.dir/yolo-image.cpp.o
[ 81%] Building CXX object examples/simple/CMakeFiles/simple-ctx.dir/simple-ctx.cpp.o
[ 82%] Linking C executable ../bin/test-rel-pos
[ 82%] Building CXX object examples/yolo/CMakeFiles/yolov3-tiny.dir/yolov3-tiny.cpp.o
[ 83%] Linking CXX executable ../bin/test-conv2d
[ 83%] Linking CXX static library libmnist-common.a
[ 83%] Linking CXX executable ../bin/test-mul-mat
[ 84%] Linking CXX executable ../../bin/sam
[ 85%] Linking CXX static library libcommon-ggml.a
[ 85%] Built target test-mul-mat0
[ 85%] Linking CXX executable ../../bin/simple-backend
[ 85%] Linking CXX executable ../../bin/simple-ctx
[ 85%] Built target test-mul-mat2
[ 85%] Built target test-opt
[ 86%] Linking CXX executable ../../bin/yolov3-tiny
[ 86%] Built target test0
[ 86%] Built target test-dup
[ 86%] Built target test-pool
[ 86%] Built target test-conv-transpose
[ 86%] Built target mnist-common
[ 86%] Built target test-quantize-fns
[ 86%] Built target common-ggml
[ 86%] Built target test-rel-pos
[ 86%] Built target test-conv1d
[ 87%] Building CXX object examples/mnist/CMakeFiles/mnist-eval.dir/mnist-eval.cpp.o
[ 87%] Building CXX object examples/mnist/CMakeFiles/mnist-train.dir/mnist-train.cpp.o
[ 87%] Built target test-quantize-perf
[ 87%] Built target test-mul-mat
[ 88%] Linking CXX executable ../../bin/mnist-eval
[ 89%] Building CXX object examples/gpt-2/CMakeFiles/gpt-2-ctx.dir/main-ctx.cpp.o
[ 89%] Built target simple-backend
[ 89%] Built target test-timestep_embedding
[ 89%] Built target test-arange
[ 90%] Linking CXX executable ../../bin/mnist-train
[ 90%] Linking CXX executable ../../bin/gpt-2-ctx
[ 90%] Built target test-conv2d
[ 90%] Built target test-customop
[ 90%] Built target sam
[ 90%] Built target simple-ctx
[ 91%] Building CXX object examples/gpt-2/CMakeFiles/gpt-2-alloc.dir/main-alloc.cpp.o
[ 91%] Building CXX object examples/gpt-2/CMakeFiles/gpt-2-backend.dir/main-backend.cpp.o
[ 92%] Linking CXX executable ../../bin/gpt-2-alloc
[ 92%] Built target test-conv-transpose-1d
[ 92%] Built target test-cont
[ 93%] Building CXX object examples/gpt-2/CMakeFiles/gpt-2-sched.dir/main-sched.cpp.o
[ 93%] Built target yolov3-tiny
[ 94%] Linking CXX executable ../../bin/gpt-2-sched
[ 95%] Building CXX object examples/gpt-2/CMakeFiles/gpt-2-quantize.dir/quantize.cpp.o
[ 96%] Linking CXX executable ../../bin/gpt-2-backend
[ 96%] Built target test-backend-ops
[ 96%] Linking CXX executable ../../bin/gpt-2-quantize
[ 96%] Building CXX object examples/gpt-j/CMakeFiles/gpt-j-quantize.dir/quantize.cpp.o
[ 97%] Building CXX object examples/magika/CMakeFiles/magika.dir/main.cpp.o
[ 97%] Building CXX object examples/gpt-2/CMakeFiles/gpt-2-batched.dir/main-batched.cpp.o
[ 98%] Linking CXX executable ../../bin/gpt-j-quantize
[ 98%] Building CXX object examples/gpt-j/CMakeFiles/gpt-j.dir/main.cpp.o
[ 98%] Built target mnist-eval
[ 99%] Linking CXX executable ../../bin/gpt-2-batched
[100%] Linking CXX executable ../../bin/gpt-j
[100%] Built target mnist-train
[100%] Linking CXX executable ../../bin/magika
[100%] Built target gpt-2-alloc
[100%] Built target gpt-2-ctx
[100%] Built target gpt-2-backend
[100%] Built target gpt-2-quantize
[100%] Built target gpt-j-quantize
[100%] Built target magika
[100%] Built target gpt-2-sched
[100%] Built target gpt-2-batched
[100%] Built target gpt-j

real	1m36.741s
user	7m43.061s
sys	0m12.930s
+ ctest --output-on-failure
Test project /home/ggml/work/ggml/build-ci-release
      Start  1: test-opt
 1/19 Test  #1: test-opt .........................   Passed    0.61 sec
      Start  2: test-quantize-fns
 2/19 Test  #2: test-quantize-fns ................   Passed   18.67 sec
      Start  3: test-quantize-perf
 3/19 Test  #3: test-quantize-perf ...............   Passed    0.10 sec
      Start  4: test-mul-mat0
 4/19 Test  #4: test-mul-mat0 ....................   Passed    0.53 sec
      Start  5: test-mul-mat2
 5/19 Test  #5: test-mul-mat2 ....................   Passed    2.74 sec
      Start  6: test0
 6/19 Test  #6: test0 ............................   Passed    0.00 sec
      Start  7: test-pool
 7/19 Test  #7: test-pool ........................   Passed    0.00 sec
      Start  8: test-arange
 8/19 Test  #8: test-arange ......................   Passed    0.55 sec
      Start  9: test-timestep_embedding
 9/19 Test  #9: test-timestep_embedding ..........   Passed    0.52 sec
      Start 10: test-conv-transpose
10/19 Test #10: test-conv-transpose ..............   Passed    0.00 sec
      Start 11: test-conv-transpose-1d
11/19 Test #11: test-conv-transpose-1d ...........   Passed    0.59 sec
      Start 12: test-dup
12/19 Test #12: test-dup .........................   Passed    0.01 sec
      Start 13: test-rel-pos
13/19 Test #13: test-rel-pos .....................   Passed    0.00 sec
      Start 14: test-customop
14/19 Test #14: test-customop ....................   Passed    0.00 sec
      Start 15: test-conv1d
15/19 Test #15: test-conv1d ......................   Passed    0.58 sec
      Start 16: test-conv2d
16/19 Test #16: test-conv2d ......................   Passed    0.58 sec
      Start 17: test-mul-mat
17/19 Test #17: test-mul-mat .....................   Passed    0.56 sec
      Start 18: test-backend-ops
18/19 Test #18: test-backend-ops .................   Passed   42.26 sec
      Start 19: test-cont
19/19 Test #19: test-cont ........................   Passed    0.52 sec

100% tests passed, 0 tests failed out of 19

Total Test time (real) =  68.86 sec

real	1m8.890s
user	1m28.854s
sys	0m7.913s
