+ ctest --output-on-failure -L main -E test-opt
Test project /home/ggml/work/llama.cpp/build-ci-release
      Start  1: test-tokenizer-0-bert-bge
 1/28 Test  #1: test-tokenizer-0-bert-bge .........   Passed    3.38 sec
      Start  2: test-tokenizer-0-command-r
 2/28 Test  #2: test-tokenizer-0-command-r ........   Passed    8.29 sec
      Start  3: test-tokenizer-0-deepseek-coder
 3/28 Test  #3: test-tokenizer-0-deepseek-coder ...   Passed    3.91 sec
      Start  4: test-tokenizer-0-deepseek-llm
 4/28 Test  #4: test-tokenizer-0-deepseek-llm .....   Passed    5.26 sec
      Start  5: test-tokenizer-0-falcon
 5/28 Test  #5: test-tokenizer-0-falcon ...........   Passed    4.32 sec
      Start  6: test-tokenizer-0-gpt-2
 6/28 Test  #6: test-tokenizer-0-gpt-2 ............   Passed    4.04 sec
      Start  7: test-tokenizer-0-llama-bpe
 7/28 Test  #7: test-tokenizer-0-llama-bpe ........   Passed    6.75 sec
      Start  8: test-tokenizer-0-llama-spm
 8/28 Test  #8: test-tokenizer-0-llama-spm ........   Passed    3.41 sec
      Start  9: test-tokenizer-0-mpt
 9/28 Test  #9: test-tokenizer-0-mpt ..............   Passed    4.04 sec
      Start 10: test-tokenizer-0-phi-3
10/28 Test #10: test-tokenizer-0-phi-3 ............   Passed    3.40 sec
      Start 11: test-tokenizer-0-qwen2
11/28 Test #11: test-tokenizer-0-qwen2 ............   Passed    6.54 sec
      Start 12: test-tokenizer-0-refact
12/28 Test #12: test-tokenizer-0-refact ...........   Passed    4.08 sec
      Start 13: test-tokenizer-0-starcoder
13/28 Test #13: test-tokenizer-0-starcoder ........   Passed    4.06 sec
      Start 14: test-tokenizer-1-llama-spm
14/28 Test #14: test-tokenizer-1-llama-spm ........   Passed    7.79 sec
      Start 15: test-log
15/28 Test #15: test-log ..........................   Passed    3.26 sec
      Start 16: test-arg-parser
16/28 Test #16: test-arg-parser ...................   Passed    3.25 sec
      Start 17: test-quantize-fns
17/28 Test #17: test-quantize-fns .................   Passed   76.23 sec
      Start 18: test-quantize-perf
18/28 Test #18: test-quantize-perf ................   Passed   24.57 sec
      Start 19: test-sampling
19/28 Test #19: test-sampling .....................   Passed   11.16 sec
      Start 20: test-chat-template
20/28 Test #20: test-chat-template ................   Passed    3.17 sec
      Start 21: test-grammar-parser
21/28 Test #21: test-grammar-parser ...............   Passed    3.17 sec
      Start 22: test-llama-grammar
22/28 Test #22: test-llama-grammar ................   Passed    3.17 sec
      Start 23: test-grammar-integration
23/28 Test #23: test-grammar-integration ..........   Passed    3.29 sec
      Start 24: test-grad0
24/28 Test #24: test-grad0 ........................   Passed    4.20 sec
      Start 25: test-barrier
25/28 Test #25: test-barrier ......................   Passed    5.37 sec
      Start 26: test-backend-ops
26/28 Test #26: test-backend-ops ..................   Passed    3.17 sec
      Start 27: test-rope
27/28 Test #27: test-rope .........................   Passed    3.26 sec
      Start 30: test-json-schema-to-grammar
28/28 Test #30: test-json-schema-to-grammar .......   Passed    3.31 sec

100% tests passed, 0 tests failed out of 28

Label Time Summary:
main    = 219.85 sec*proc (28 tests)

Total Test time (real) = 219.86 sec

real	3m39.869s
user	3m54.981s
sys	0m3.056s
