Requirement already satisfied: numpy~=1.24.4 in /Users/ggml/mnt/llama.cpp/venv/lib/python3.9/site-packages (from -r /Users/ggml/work/llama.cpp/./requirements/requirements-convert.txt (line 1)) (1.24.4)
Requirement already satisfied: sentencepiece~=0.1.98 in /Users/ggml/mnt/llama.cpp/venv/lib/python3.9/site-packages (from -r /Users/ggml/work/llama.cpp/./requirements/requirements-convert.txt (line 2)) (0.1.99)
Requirement already satisfied: transformers<5.0.0,>=4.35.2 in /Users/ggml/mnt/llama.cpp/venv/lib/python3.9/site-packages (from -r /Users/ggml/work/llama.cpp/./requirements/requirements-convert.txt (line 3)) (4.36.2)
Requirement already satisfied: gguf>=0.1.0 in /Users/ggml/mnt/llama.cpp/venv/lib/python3.9/site-packages (from -r /Users/ggml/work/llama.cpp/./requirements/requirements-convert.txt (line 4)) (0.6.0)
Requirement already satisfied: protobuf<5.0.0,>=4.21.0 in /Users/ggml/mnt/llama.cpp/venv/lib/python3.9/site-packages (from -r /Users/ggml/work/llama.cpp/./requirements/requirements-convert.txt (line 5)) (4.25.2)
Requirement already satisfied: torch~=2.1.1 in /Users/ggml/mnt/llama.cpp/venv/lib/python3.9/site-packages (from -r /Users/ggml/work/llama.cpp/./requirements/requirements-convert-hf-to-gguf.txt (line 2)) (2.1.2)
Requirement already satisfied: einops~=0.7.0 in /Users/ggml/mnt/llama.cpp/venv/lib/python3.9/site-packages (from -r /Users/ggml/work/llama.cpp/./requirements/requirements-convert-hf-to-gguf.txt (line 3)) (0.7.0)
Requirement already satisfied: packaging>=20.0 in /Users/ggml/mnt/llama.cpp/venv/lib/python3.9/site-packages (from transformers<5.0.0,>=4.35.2->-r /Users/ggml/work/llama.cpp/./requirements/requirements-convert.txt (line 3)) (23.2)
Requirement already satisfied: regex!=2019.12.17 in /Users/ggml/mnt/llama.cpp/venv/lib/python3.9/site-packages (from transformers<5.0.0,>=4.35.2->-r /Users/ggml/work/llama.cpp/./requirements/requirements-convert.txt (line 3)) (2023.12.25)
Requirement already satisfied: pyyaml>=5.1 in /Users/ggml/mnt/llama.cpp/venv/lib/python3.9/site-packages (from transformers<5.0.0,>=4.35.2->-r /Users/ggml/work/llama.cpp/./requirements/requirements-convert.txt (line 3)) (6.0.1)
Requirement already satisfied: tokenizers<0.19,>=0.14 in /Users/ggml/mnt/llama.cpp/venv/lib/python3.9/site-packages (from transformers<5.0.0,>=4.35.2->-r /Users/ggml/work/llama.cpp/./requirements/requirements-convert.txt (line 3)) (0.15.0)
Requirement already satisfied: tqdm>=4.27 in /Users/ggml/mnt/llama.cpp/venv/lib/python3.9/site-packages (from transformers<5.0.0,>=4.35.2->-r /Users/ggml/work/llama.cpp/./requirements/requirements-convert.txt (line 3)) (4.66.1)
Requirement already satisfied: filelock in /Users/ggml/mnt/llama.cpp/venv/lib/python3.9/site-packages (from transformers<5.0.0,>=4.35.2->-r /Users/ggml/work/llama.cpp/./requirements/requirements-convert.txt (line 3)) (3.13.1)
Requirement already satisfied: requests in /Users/ggml/mnt/llama.cpp/venv/lib/python3.9/site-packages (from transformers<5.0.0,>=4.35.2->-r /Users/ggml/work/llama.cpp/./requirements/requirements-convert.txt (line 3)) (2.31.0)
Requirement already satisfied: safetensors>=0.3.1 in /Users/ggml/mnt/llama.cpp/venv/lib/python3.9/site-packages (from transformers<5.0.0,>=4.35.2->-r /Users/ggml/work/llama.cpp/./requirements/requirements-convert.txt (line 3)) (0.4.1)
Requirement already satisfied: huggingface-hub<1.0,>=0.19.3 in /Users/ggml/mnt/llama.cpp/venv/lib/python3.9/site-packages (from transformers<5.0.0,>=4.35.2->-r /Users/ggml/work/llama.cpp/./requirements/requirements-convert.txt (line 3)) (0.20.2)
Requirement already satisfied: sympy in /Users/ggml/mnt/llama.cpp/venv/lib/python3.9/site-packages (from torch~=2.1.1->-r /Users/ggml/work/llama.cpp/./requirements/requirements-convert-hf-to-gguf.txt (line 2)) (1.12)
Requirement already satisfied: fsspec in /Users/ggml/mnt/llama.cpp/venv/lib/python3.9/site-packages (from torch~=2.1.1->-r /Users/ggml/work/llama.cpp/./requirements/requirements-convert-hf-to-gguf.txt (line 2)) (2023.12.2)
Requirement already satisfied: jinja2 in /Users/ggml/mnt/llama.cpp/venv/lib/python3.9/site-packages (from torch~=2.1.1->-r /Users/ggml/work/llama.cpp/./requirements/requirements-convert-hf-to-gguf.txt (line 2)) (3.1.3)
Requirement already satisfied: typing-extensions in /Users/ggml/mnt/llama.cpp/venv/lib/python3.9/site-packages (from torch~=2.1.1->-r /Users/ggml/work/llama.cpp/./requirements/requirements-convert-hf-to-gguf.txt (line 2)) (4.9.0)
Requirement already satisfied: networkx in /Users/ggml/mnt/llama.cpp/venv/lib/python3.9/site-packages (from torch~=2.1.1->-r /Users/ggml/work/llama.cpp/./requirements/requirements-convert-hf-to-gguf.txt (line 2)) (3.2.1)
Requirement already satisfied: MarkupSafe>=2.0 in /Users/ggml/mnt/llama.cpp/venv/lib/python3.9/site-packages (from jinja2->torch~=2.1.1->-r /Users/ggml/work/llama.cpp/./requirements/requirements-convert-hf-to-gguf.txt (line 2)) (2.1.4)
Requirement already satisfied: charset-normalizer<4,>=2 in /Users/ggml/mnt/llama.cpp/venv/lib/python3.9/site-packages (from requests->transformers<5.0.0,>=4.35.2->-r /Users/ggml/work/llama.cpp/./requirements/requirements-convert.txt (line 3)) (3.3.2)
Requirement already satisfied: urllib3<3,>=1.21.1 in /Users/ggml/mnt/llama.cpp/venv/lib/python3.9/site-packages (from requests->transformers<5.0.0,>=4.35.2->-r /Users/ggml/work/llama.cpp/./requirements/requirements-convert.txt (line 3)) (2.1.0)
Requirement already satisfied: idna<4,>=2.5 in /Users/ggml/mnt/llama.cpp/venv/lib/python3.9/site-packages (from requests->transformers<5.0.0,>=4.35.2->-r /Users/ggml/work/llama.cpp/./requirements/requirements-convert.txt (line 3)) (3.6)
Requirement already satisfied: certifi>=2017.4.17 in /Users/ggml/mnt/llama.cpp/venv/lib/python3.9/site-packages (from requests->transformers<5.0.0,>=4.35.2->-r /Users/ggml/work/llama.cpp/./requirements/requirements-convert.txt (line 3)) (2023.11.17)
Requirement already satisfied: mpmath>=0.19 in /Users/ggml/mnt/llama.cpp/venv/lib/python3.9/site-packages (from sympy->torch~=2.1.1->-r /Users/ggml/work/llama.cpp/./requirements/requirements-convert-hf-to-gguf.txt (line 2)) (1.3.0)
ERROR: File "setup.py" or "setup.cfg" not found. Directory cannot be installed in editable mode: /Users/ggml/work/llama.cpp/gguf-py
(A "pyproject.toml" file was found, but editable mode currently requires a setuptools-based build.)
+ gg_run_ctest_debug
+ cd /Users/ggml/work/llama.cpp
+ tee /Users/ggml/results/llama.cpp/e5/62b9714b9b3e242361a7f74bbbeb00f6bd99ac/ggml-100-m1/ctest_debug.log
+ rm -rf build-ci-debug
+ mkdir build-ci-debug
+ cd build-ci-debug
+ set -e
+ tee -a /Users/ggml/results/llama.cpp/e5/62b9714b9b3e242361a7f74bbbeb00f6bd99ac/ggml-100-m1/ctest_debug-cmake.log
+ cmake -DCMAKE_BUILD_TYPE=Debug -DLLAMA_FATAL_WARNINGS=ON -DLLAMA_METAL_SHADER_DEBUG=ON ..
-- The C compiler identification is AppleClang 15.0.0.15000100
-- The CXX compiler identification is AppleClang 15.0.0.15000100
-- Detecting C compiler ABI info
-- Detecting C compiler ABI info - done
-- Check for working C compiler: /Applications/Xcode.app/Contents/Developer/Toolchains/XcodeDefault.xctoolchain/usr/bin/cc - skipped
-- Detecting C compile features
-- Detecting C compile features - done
-- Detecting CXX compiler ABI info
-- Detecting CXX compiler ABI info - done
-- Check for working CXX compiler: /Applications/Xcode.app/Contents/Developer/Toolchains/XcodeDefault.xctoolchain/usr/bin/c++ - skipped
-- Detecting CXX compile features
-- Detecting CXX compile features - done
-- Found Git: /usr/bin/git (found version "2.39.3 (Apple Git-145)") 
-- Performing Test CMAKE_HAVE_LIBC_PTHREAD
-- Performing Test CMAKE_HAVE_LIBC_PTHREAD - Success
-- Found Threads: TRUE  
-- Accelerate framework found
-- Metal framework found
-- ccache found, compilation results will be cached. Disable with LLAMA_CCACHE=OFF.
-- CMAKE_SYSTEM_PROCESSOR: arm64
-- ARM detected
-- Performing Test COMPILER_SUPPORTS_FP16_FORMAT_I3E
-- Performing Test COMPILER_SUPPORTS_FP16_FORMAT_I3E - Failed
-- Configuring done (5.6s)
-- Generating done (0.3s)
-- Build files have been written to: /Users/ggml/work/llama.cpp/build-ci-debug

real	0m6.092s
user	0m0.473s
sys	0m0.557s
+ tee -a /Users/ggml/results/llama.cpp/e5/62b9714b9b3e242361a7f74bbbeb00f6bd99ac/ggml-100-m1/ctest_debug-make.log
+ make -j
[  1%] Generating build details from Git
[  2%] Building CXX object common/CMakeFiles/json-schema-to-grammar.dir/json-schema-to-grammar.cpp.o
[  3%] Building C object CMakeFiles/ggml.dir/ggml-metal.m.o
[  3%] Building C object CMakeFiles/ggml.dir/ggml-alloc.c.o
[  4%] Compiling Metal kernels
[  5%] Building C object CMakeFiles/ggml.dir/ggml.c.o
[  5%] Building C object CMakeFiles/ggml.dir/ggml-backend.c.o
[  6%] Building C object CMakeFiles/ggml.dir/ggml-quants.c.o
-- Found Git: /usr/bin/git (found version "2.39.3 (Apple Git-145)") 
[  7%] Building CXX object common/CMakeFiles/build_info.dir/build-info.cpp.o
[  7%] Built target json-schema-to-grammar
[  7%] Built target ggml
[  7%] Built target build_info
[  7%] Building CXX object examples/gguf/CMakeFiles/gguf.dir/gguf.cpp.o
[  8%] Linking C static library libggml_static.a
[  9%] Building CXX object CMakeFiles/llama.dir/unicode-data.cpp.o
[  9%] Building CXX object CMakeFiles/llama.dir/unicode.cpp.o
[ 10%] Building CXX object CMakeFiles/llama.dir/llama.cpp.o
[ 11%] Linking CXX executable ../../bin/gguf
[ 11%] Linking CXX static library libllama.a
[ 11%] Built target ggml_static
[ 11%] Built target gguf
[ 11%] Built target llama
[ 12%] Building CXX object examples/llava/CMakeFiles/llava.dir/clip.cpp.o
[ 12%] Building CXX object examples/llava/CMakeFiles/llava.dir/llava.cpp.o
[ 13%] Building CXX object examples/benchmark/CMakeFiles/benchmark.dir/benchmark-matmult.cpp.o
[ 13%] Building CXX object common/CMakeFiles/common.dir/console.cpp.o
[ 14%] Building CXX object common/CMakeFiles/common.dir/grammar-parser.cpp.o
[ 15%] Building C object tests/CMakeFiles/test-c.dir/test-c.c.o
[ 15%] Building CXX object common/CMakeFiles/common.dir/ngram-cache.cpp.o
[ 15%] Building CXX object common/CMakeFiles/common.dir/common.cpp.o
[ 16%] Building CXX object common/CMakeFiles/common.dir/train.cpp.o
[ 17%] Building CXX object examples/quantize-stats/CMakeFiles/quantize-stats.dir/quantize-stats.cpp.o
[ 18%] Building CXX object common/CMakeFiles/common.dir/sampling.cpp.o
[ 19%] Building CXX object examples/quantize/CMakeFiles/quantize.dir/quantize.cpp.o
[ 19%] Linking CXX executable ../bin/test-c
[ 19%] Linking CXX executable ../../bin/benchmark
[ 19%] Built target llava
[ 19%] Linking CXX executable ../../bin/quantize
[ 20%] Linking CXX executable ../../bin/quantize-stats
[ 20%] Linking CXX static library libllava_static.a
[ 20%] Built target llava_static
[ 20%] Built target test-c
[ 20%] Built target benchmark
[ 20%] Built target quantize
[ 20%] Built target quantize-stats
[ 21%] Linking CXX static library libcommon.a
[ 21%] Built target common
[ 22%] Building CXX object tests/CMakeFiles/test-tokenizer-1-llama.dir/test-tokenizer-1-llama.cpp.o
[ 22%] Building CXX object tests/CMakeFiles/test-tokenizer-1-llama.dir/get-model.cpp.o
[ 23%] Building CXX object tests/CMakeFiles/test-tokenizer-1-aquila.dir/get-model.cpp.o
[ 24%] Building CXX object tests/CMakeFiles/test-tokenizer-0-falcon.dir/get-model.cpp.o
[ 25%] Building CXX object tests/CMakeFiles/test-model-load-cancel.dir/test-model-load-cancel.cpp.o
[ 26%] Building CXX object examples/batched/CMakeFiles/batched.dir/batched.cpp.o
[ 26%] Building CXX object tests/CMakeFiles/test-llama-grammar.dir/test-llama-grammar.cpp.o
[ 26%] Building CXX object tests/CMakeFiles/test-model-load-cancel.dir/get-model.cpp.o
[ 27%] Building CXX object tests/CMakeFiles/test-tokenizer-1-starcoder.dir/test-tokenizer-1-bpe.cpp.o
[ 28%] Building CXX object tests/CMakeFiles/test-tokenizer-1-refact.dir/get-model.cpp.o
[ 28%] Building CXX object examples/batched-bench/CMakeFiles/batched-bench.dir/batched-bench.cpp.o
[ 29%] Building CXX object tests/CMakeFiles/test-autorelease.dir/get-model.cpp.o
[ 30%] Building CXX object tests/CMakeFiles/test-llama-grammar.dir/get-model.cpp.o
[ 30%] Building CXX object tests/CMakeFiles/test-tokenizer-1-falcon.dir/get-model.cpp.o
[ 30%] Building CXX object tests/CMakeFiles/test-chat-template.dir/get-model.cpp.o
[ 31%] Building CXX object tests/CMakeFiles/test-autorelease.dir/test-autorelease.cpp.o
[ 32%] Building CXX object examples/convert-llama2c-to-ggml/CMakeFiles/convert-llama2c-to-ggml.dir/convert-llama2c-to-ggml.cpp.o
[ 32%] Building CXX object tests/CMakeFiles/test-quantize-perf.dir/get-model.cpp.o
[ 33%] Building CXX object tests/CMakeFiles/test-quantize-fns.dir/get-model.cpp.o
[ 33%] Building CXX object tests/CMakeFiles/test-quantize-perf.dir/test-quantize-perf.cpp.o
[ 33%] Building CXX object tests/CMakeFiles/test-quantize-fns.dir/test-quantize-fns.cpp.o
[ 33%] Building CXX object tests/CMakeFiles/test-tokenizer-1-baichuan.dir/get-model.cpp.o
[ 35%] Building CXX object tests/CMakeFiles/test-tokenizer-1-gpt2.dir/test-tokenizer-1-bpe.cpp.o
[ 35%] Building CXX object tests/CMakeFiles/test-tokenizer-0-llama.dir/get-model.cpp.o
[ 35%] Building CXX object tests/CMakeFiles/test-tokenizer-1-falcon.dir/test-tokenizer-1-bpe.cpp.o
[ 36%] Building CXX object examples/beam-search/CMakeFiles/beam-search.dir/beam-search.cpp.o
[ 36%] Building CXX object tests/CMakeFiles/test-tokenizer-0-falcon.dir/test-tokenizer-0-falcon.cpp.o
[ 36%] Building CXX object tests/CMakeFiles/test-tokenizer-1-starcoder.dir/get-model.cpp.o
[ 37%] Building CXX object tests/CMakeFiles/test-chat-template.dir/test-chat-template.cpp.o
[ 37%] Building CXX object tests/CMakeFiles/test-tokenizer-1-gpt-neox.dir/test-tokenizer-1-bpe.cpp.o
[ 38%] Building CXX object tests/CMakeFiles/test-rope.dir/test-rope.cpp.o
[ 39%] Building CXX object tests/CMakeFiles/test-tokenizer-1-baichuan.dir/test-tokenizer-1-llama.cpp.o
[ 39%] Building CXX object tests/CMakeFiles/test-backend-ops.dir/get-model.cpp.o
[ 39%] Building CXX object tests/CMakeFiles/test-rope.dir/get-model.cpp.o
[ 39%] Building CXX object tests/CMakeFiles/test-tokenizer-0-llama.dir/test-tokenizer-0-llama.cpp.o
[ 40%] Building CXX object tests/CMakeFiles/test-sampling.dir/test-sampling.cpp.o
[ 40%] Building CXX object examples/perplexity/CMakeFiles/perplexity.dir/perplexity.cpp.o
[ 40%] Building CXX object examples/gguf-split/CMakeFiles/gguf-split.dir/gguf-split.cpp.o
[ 41%] Building CXX object pocs/vdot/CMakeFiles/vdot.dir/vdot.cpp.o
[ 42%] Building CXX object tests/CMakeFiles/test-tokenizer-1-gpt-neox.dir/get-model.cpp.o
[ 42%] Building CXX object examples/save-load-state/CMakeFiles/save-load-state.dir/save-load-state.cpp.o
[ 43%] Building CXX object examples/imatrix/CMakeFiles/imatrix.dir/imatrix.cpp.o
[ 43%] Building CXX object tests/CMakeFiles/test-sampling.dir/get-model.cpp.o
[ 43%] Building CXX object tests/CMakeFiles/test-tokenizer-1-refact.dir/test-tokenizer-1-bpe.cpp.o
[ 45%] Building CXX object pocs/vdot/CMakeFiles/q8dot.dir/q8dot.cpp.o
[ 45%] Building CXX object tests/CMakeFiles/test-backend-ops.dir/test-backend-ops.cpp.o
[ 46%] Linking CXX executable ../bin/test-tokenizer-1-llama
[ 47%] Building CXX object examples/server/CMakeFiles/server.dir/server.cpp.o
[ 49%] Building CXX object tests/CMakeFiles/test-tokenizer-1-gpt2.dir/get-model.cpp.o
[ 49%] Building CXX object tests/CMakeFiles/test-tokenizer-1-stablelm-3b-4e1t.dir/get-model.cpp.o
[ 49%] Building CXX object examples/embedding/CMakeFiles/embedding.dir/embedding.cpp.o
[ 50%] Building CXX object tests/CMakeFiles/test-tokenizer-1-stablelm-3b-4e1t.dir/test-tokenizer-1-bpe.cpp.o
[ 50%] Building CXX object examples/gritlm/CMakeFiles/gritlm.dir/gritlm.cpp.o
[ 50%] Building CXX object examples/passkey/CMakeFiles/passkey.dir/passkey.cpp.o
[ 51%] Building CXX object tests/CMakeFiles/test-tokenizer-1-aquila.dir/test-tokenizer-1-bpe.cpp.o
[ 52%] Building CXX object examples/speculative/CMakeFiles/speculative.dir/speculative.cpp.o
[ 52%] Building CXX object tests/CMakeFiles/test-tokenizer-1-mpt.dir/get-model.cpp.o
[ 53%] Building CXX object examples/export-lora/CMakeFiles/export-lora.dir/export-lora.cpp.o
[ 54%] Building CXX object tests/CMakeFiles/test-json-schema-to-grammar.dir/test-json-schema-to-grammar.cpp.o
[ 54%] Building CXX object examples/lookup/CMakeFiles/lookup.dir/lookup.cpp.o
[ 54%] Linking CXX executable ../bin/test-autorelease
[ 55%] Building CXX object examples/lookup/CMakeFiles/lookup-stats.dir/lookup-stats.cpp.o
[ 55%] Linking CXX executable ../../bin/q8dot
[ 55%] Building CXX object tests/CMakeFiles/test-grad0.dir/get-model.cpp.o
[ 55%] Building CXX object examples/retrieval/CMakeFiles/retrieval.dir/retrieval.cpp.o
[ 56%] Building CXX object examples/finetune/CMakeFiles/finetune.dir/finetune.cpp.o
[ 56%] Building CXX object examples/lookup/CMakeFiles/lookup-create.dir/lookup-create.cpp.o
[ 57%] Linking CXX executable ../../bin/vdot
[ 58%] Linking CXX executable ../bin/test-rope
[ 59%] Building CXX object examples/infill/CMakeFiles/infill.dir/infill.cpp.o
[ 60%] Building CXX object examples/lookup/CMakeFiles/lookup-merge.dir/lookup-merge.cpp.o
[ 61%] Building CXX object examples/train-text-from-scratch/CMakeFiles/train-text-from-scratch.dir/train-text-from-scratch.cpp.o
[ 62%] Linking CXX executable ../../bin/gguf-split
[ 63%] Building CXX object tests/CMakeFiles/test-json-schema-to-grammar.dir/get-model.cpp.o
[ 64%] Linking CXX executable ../bin/test-sampling
[ 65%] Building CXX object tests/CMakeFiles/test-grammar-parser.dir/get-model.cpp.o
[ 66%] Linking CXX executable ../../bin/perplexity
[ 67%] Building CXX object tests/CMakeFiles/test-tokenizer-1-mpt.dir/test-tokenizer-1-bpe.cpp.o
[ 68%] Linking CXX executable ../bin/test-chat-template
[ 69%] Building CXX object examples/lookahead/CMakeFiles/lookahead.dir/lookahead.cpp.o
[ 70%] Building CXX object examples/simple/CMakeFiles/simple.dir/simple.cpp.o
[ 71%] Linking CXX executable ../../bin/save-load-state
[ 72%] Linking CXX executable ../bin/test-quantize-fns
[ 72%] Linking CXX executable ../../bin/beam-search
[ 72%] Building CXX object examples/parallel/CMakeFiles/parallel.dir/parallel.cpp.o
[ 73%] Linking CXX executable ../bin/test-backend-ops
[ 74%] Linking CXX executable ../bin/test-tokenizer-1-falcon
[ 75%] Building CXX object tests/CMakeFiles/test-grad0.dir/test-grad0.cpp.o
[ 75%] Building CXX object examples/llava/CMakeFiles/llava-cli.dir/llava-cli.cpp.o
[ 76%] Building CXX object examples/llama-bench/CMakeFiles/llama-bench.dir/llama-bench.cpp.o
[ 77%] Building CXX object examples/tokenize/CMakeFiles/tokenize.dir/tokenize.cpp.o
[ 78%] Linking CXX executable ../bin/test-tokenizer-0-falcon
[ 78%] Linking CXX executable ../bin/test-tokenizer-1-refact
[ 78%] Linking CXX executable ../bin/test-quantize-perf
[ 78%] Linking CXX executable ../../bin/export-lora
[ 78%] Linking CXX executable ../../bin/lookup-stats
[ 79%] Building CXX object tests/CMakeFiles/test-grammar-parser.dir/test-grammar-parser.cpp.o
[ 79%] Linking CXX executable ../../bin/retrieval
[ 79%] Linking CXX executable ../bin/test-tokenizer-0-llama
[ 80%] Linking CXX executable ../bin/test-llama-grammar
[ 81%] Linking CXX executable ../bin/test-tokenizer-1-gpt2
[ 81%] Linking CXX executable ../../bin/lookup-create
[ 82%] Linking CXX executable ../bin/test-tokenizer-1-baichuan
[ 83%] Linking CXX executable ../../bin/embedding
[ 84%] Linking CXX executable ../bin/test-tokenizer-1-mpt
[ 85%] Linking CXX executable ../../bin/batched-bench
[ 86%] Linking CXX executable ../bin/test-tokenizer-1-starcoder
[ 87%] Linking CXX executable ../../bin/passkey
[ 87%] Linking CXX executable ../bin/test-tokenizer-1-stablelm-3b-4e1t
[ 88%] Linking CXX executable ../../bin/lookup
[ 88%] Linking CXX executable ../bin/test-tokenizer-1-gpt-neox
[ 88%] Linking CXX executable ../../bin/infill
[ 88%] Linking CXX executable ../../bin/imatrix
[ 90%] Linking CXX executable ../../bin/gritlm
[ 90%] Building CXX object examples/main/CMakeFiles/main.dir/main.cpp.o
[ 91%] Linking CXX executable ../bin/test-model-load-cancel
[ 92%] Linking CXX executable ../../bin/convert-llama2c-to-ggml
[ 92%] Linking CXX executable ../../bin/train-text-from-scratch
[ 93%] Linking CXX executable ../../bin/batched
[ 93%] Linking CXX executable ../bin/test-tokenizer-1-aquila
[ 93%] Linking CXX executable ../../bin/finetune
[ 93%] Linking CXX executable ../../bin/server
[ 94%] Linking CXX executable ../../bin/llava-cli
[ 95%] Linking CXX executable ../bin/test-grad0
[ 96%] Linking CXX executable ../../bin/llama-bench
[ 96%] Building CXX object examples/baby-llama/CMakeFiles/baby-llama.dir/baby-llama.cpp.o
[ 96%] Linking CXX executable ../bin/test-grammar-parser
[ 96%] Linking CXX executable ../bin/test-json-schema-to-grammar
[ 96%] Linking CXX executable ../../bin/tokenize
[ 96%] Linking CXX executable ../../bin/speculative
[ 96%] Linking CXX executable ../../bin/simple
[ 96%] Linking CXX executable ../../bin/lookup-merge
[ 97%] Linking CXX executable ../../bin/lookahead
[ 98%] Linking CXX executable ../../bin/parallel
[ 99%] Linking CXX executable ../../bin/main
[100%] Linking CXX executable ../../bin/baby-llama
[100%] Built target export-lora
[100%] Built target q8dot
[100%] Built target test-quantize-perf
[100%] Built target test-tokenizer-1-llama
[100%] Built target test-rope
[100%] Built target test-tokenizer-0-llama
[100%] Built target vdot
[100%] Built target test-model-load-cancel
[100%] Built target test-backend-ops
[100%] Built target imatrix
[100%] Built target test-quantize-fns
[100%] Built target train-text-from-scratch
[100%] Built target save-load-state
[100%] Built target gguf-split
[100%] Built target test-tokenizer-1-falcon
[100%] Built target test-tokenizer-1-baichuan
[100%] Built target retrieval
[100%] Built target test-sampling
[100%] Built target test-autorelease
[100%] Built target lookup-merge
[100%] Built target test-grammar-parser
[100%] Built target beam-search
[100%] Built target lookup-stats
[100%] Built target test-tokenizer-1-stablelm-3b-4e1t
[100%] Built target test-tokenizer-1-gpt-neox
[100%] Built target test-tokenizer-1-gpt2
[100%] Built target test-tokenizer-1-refact
[100%] Built target convert-llama2c-to-ggml
[100%] Built target llama-bench
[100%] Built target simple
[100%] Built target test-tokenizer-0-falcon
[100%] Built target passkey
[100%] Built target test-tokenizer-1-aquila
[100%] Built target parallel
[100%] Built target test-tokenizer-1-starcoder
[100%] Built target batched
[100%] Built target server
[100%] Built target test-chat-template
[100%] Built target test-llama-grammar
[100%] Built target test-json-schema-to-grammar
[100%] Built target perplexity
[100%] Built target lookup-create
[100%] Built target lookup
[100%] Built target llava-cli
[100%] Built target test-tokenizer-1-mpt
[100%] Built target infill
[100%] Built target gritlm
[100%] Built target batched-bench
[100%] Built target tokenize
[100%] Built target baby-llama
[100%] Built target main
[100%] Built target speculative
[100%] Built target finetune
[100%] Built target embedding
[100%] Built target test-grad0
[100%] Built target lookahead
[100%] Built target ggml-metal

real	0m6.724s
user	0m18.446s
sys	0m6.029s
+ tee -a /Users/ggml/results/llama.cpp/e5/62b9714b9b3e242361a7f74bbbeb00f6bd99ac/ggml-100-m1/ctest_debug-ctest.log
+ ctest --output-on-failure -L main -E test-opt
Test project /Users/ggml/work/llama.cpp/build-ci-debug
      Start  1: test-quantize-fns
 1/22 Test  #1: test-quantize-fns ...................   Passed   35.09 sec
      Start  2: test-quantize-perf
 2/22 Test  #2: test-quantize-perf ..................   Passed   10.37 sec
      Start  3: test-sampling
 3/22 Test  #3: test-sampling .......................   Passed    0.24 sec
      Start  4: test-chat-template
 4/22 Test  #4: test-chat-template ..................   Passed    0.22 sec
      Start  5: test-tokenizer-0-llama
 5/22 Test  #5: test-tokenizer-0-llama ..............   Passed    0.36 sec
      Start  6: test-tokenizer-0-falcon
 6/22 Test  #6: test-tokenizer-0-falcon .............   Passed    1.02 sec
      Start  7: test-tokenizer-1-llama
 7/22 Test  #7: test-tokenizer-1-llama ..............   Passed    3.21 sec
      Start  8: test-tokenizer-1-baichuan
 8/22 Test  #8: test-tokenizer-1-baichuan ...........   Passed    3.49 sec
      Start  9: test-tokenizer-1-falcon
 9/22 Test  #9: test-tokenizer-1-falcon .............   Passed    6.18 sec
      Start 10: test-tokenizer-1-aquila
10/22 Test #10: test-tokenizer-1-aquila .............   Passed    8.76 sec
      Start 11: test-tokenizer-1-mpt
11/22 Test #11: test-tokenizer-1-mpt ................   Passed    5.16 sec
      Start 12: test-tokenizer-1-stablelm-3b-4e1t
12/22 Test #12: test-tokenizer-1-stablelm-3b-4e1t ...   Passed    5.15 sec
      Start 13: test-tokenizer-1-gpt-neox
13/22 Test #13: test-tokenizer-1-gpt-neox ...........   Passed    5.15 sec
      Start 14: test-tokenizer-1-refact
14/22 Test #14: test-tokenizer-1-refact .............   Passed    4.95 sec
      Start 15: test-tokenizer-1-starcoder
15/22 Test #15: test-tokenizer-1-starcoder ..........   Passed    4.94 sec
      Start 16: test-tokenizer-1-gpt2
16/22 Test #16: test-tokenizer-1-gpt2 ...............   Passed    5.21 sec
      Start 17: test-grammar-parser
17/22 Test #17: test-grammar-parser .................   Passed    0.19 sec
      Start 18: test-llama-grammar
18/22 Test #18: test-llama-grammar ..................   Passed    0.22 sec
      Start 19: test-grad0
19/22 Test #19: test-grad0 ..........................   Passed    0.86 sec
      Start 20: test-backend-ops
20/22 Test #20: test-backend-ops ....................   Passed  110.03 sec
      Start 21: test-rope
21/22 Test #21: test-rope ...........................   Passed    0.35 sec
      Start 24: test-json-schema-to-grammar
22/22 Test #24: test-json-schema-to-grammar .........   Passed    1.30 sec

100% tests passed, 0 tests failed out of 22

Label Time Summary:
main    = 212.44 sec*proc (22 tests)

Total Test time (real) = 212.45 sec

real	3m32.668s
user	5m36.691s
sys	0m4.821s
+ set +e
+ cur=0
+ echo 0
+ set +x
+ gg_run_ctest_release
+ cd /Users/ggml/work/llama.cpp
+ rm -rf build-ci-release
+ tee /Users/ggml/results/llama.cpp/e5/62b9714b9b3e242361a7f74bbbeb00f6bd99ac/ggml-100-m1/ctest_release.log
+ mkdir build-ci-release
+ cd build-ci-release
+ set -e
+ tee -a /Users/ggml/results/llama.cpp/e5/62b9714b9b3e242361a7f74bbbeb00f6bd99ac/ggml-100-m1/ctest_release-cmake.log
+ cmake -DCMAKE_BUILD_TYPE=Release -DLLAMA_FATAL_WARNINGS=ON -DLLAMA_METAL_SHADER_DEBUG=ON ..
-- The C compiler identification is AppleClang 15.0.0.15000100
-- The CXX compiler identification is AppleClang 15.0.0.15000100
-- Detecting C compiler ABI info
-- Detecting C compiler ABI info - done
-- Check for working C compiler: /Applications/Xcode.app/Contents/Developer/Toolchains/XcodeDefault.xctoolchain/usr/bin/cc - skipped
-- Detecting C compile features
-- Detecting C compile features - done
-- Detecting CXX compiler ABI info
-- Detecting CXX compiler ABI info - done
-- Check for working CXX compiler: /Applications/Xcode.app/Contents/Developer/Toolchains/XcodeDefault.xctoolchain/usr/bin/c++ - skipped
-- Detecting CXX compile features
-- Detecting CXX compile features - done
-- Found Git: /usr/bin/git (found version "2.39.3 (Apple Git-145)") 
-- Performing Test CMAKE_HAVE_LIBC_PTHREAD
-- Performing Test CMAKE_HAVE_LIBC_PTHREAD - Success
-- Found Threads: TRUE  
-- Accelerate framework found
-- Metal framework found
-- ccache found, compilation results will be cached. Disable with LLAMA_CCACHE=OFF.
-- CMAKE_SYSTEM_PROCESSOR: arm64
-- ARM detected
-- Performing Test COMPILER_SUPPORTS_FP16_FORMAT_I3E
-- Performing Test COMPILER_SUPPORTS_FP16_FORMAT_I3E - Failed
-- Configuring done (0.6s)
-- Generating done (0.2s)
-- Build files have been written to: /Users/ggml/work/llama.cpp/build-ci-release

real	0m0.891s
user	0m0.414s
sys	0m0.447s
+ tee -a /Users/ggml/results/llama.cpp/e5/62b9714b9b3e242361a7f74bbbeb00f6bd99ac/ggml-100-m1/ctest_release-make.log
+ make -j
[  2%] Building CXX object common/CMakeFiles/json-schema-to-grammar.dir/json-schema-to-grammar.cpp.o
[  3%] Compiling Metal kernels
[  5%] Building C object CMakeFiles/ggml.dir/ggml.c.o
[  5%] Building CXX object common/CMakeFiles/build_info.dir/build-info.cpp.o
[  5%] Building C object CMakeFiles/ggml.dir/ggml-quants.c.o
[  5%] Building C object CMakeFiles/ggml.dir/ggml-backend.c.o
[  6%] Building C object CMakeFiles/ggml.dir/ggml-alloc.c.o
[  6%] Building C object CMakeFiles/ggml.dir/ggml-metal.m.o
[  6%] Built target json-schema-to-grammar
[  6%] Built target ggml
[  7%] Building CXX object CMakeFiles/llama.dir/llama.cpp.o
[  8%] Building CXX object CMakeFiles/llama.dir/unicode-data.cpp.o
[  8%] Building CXX object examples/gguf/CMakeFiles/gguf.dir/gguf.cpp.o
[  9%] Linking C static library libggml_static.a
[  9%] Building CXX object CMakeFiles/llama.dir/unicode.cpp.o
[ 10%] Built target build_info
[ 10%] Linking CXX static library libllama.a
[ 11%] Built target ggml_static
[ 11%] Linking CXX executable ../../bin/gguf
[ 11%] Built target llama
[ 12%] Building C object tests/CMakeFiles/test-c.dir/test-c.c.o
[ 12%] Building CXX object examples/llava/CMakeFiles/llava.dir/llava.cpp.o
[ 14%] Building CXX object examples/benchmark/CMakeFiles/benchmark.dir/benchmark-matmult.cpp.o
[ 15%] Building CXX object common/CMakeFiles/common.dir/sampling.cpp.o
[ 15%] Building CXX object common/CMakeFiles/common.dir/console.cpp.o
[ 15%] Building CXX object common/CMakeFiles/common.dir/common.cpp.o
[ 15%] Building CXX object examples/llava/CMakeFiles/llava.dir/clip.cpp.o
[ 16%] Building CXX object common/CMakeFiles/common.dir/grammar-parser.cpp.o
[ 17%] Building CXX object common/CMakeFiles/common.dir/train.cpp.o
[ 18%] Building CXX object examples/quantize-stats/CMakeFiles/quantize-stats.dir/quantize-stats.cpp.o
[ 18%] Building CXX object common/CMakeFiles/common.dir/ngram-cache.cpp.o
[ 19%] Building CXX object examples/quantize/CMakeFiles/quantize.dir/quantize.cpp.o
[ 20%] Linking CXX executable ../../bin/quantize-stats
[ 20%] Linking CXX executable ../bin/test-c
[ 20%] Linking CXX executable ../../bin/quantize
[ 20%] Linking CXX executable ../../bin/benchmark
[ 20%] Built target llava
[ 20%] Built target gguf
[ 20%] Linking CXX static library libllava_static.a
[ 20%] Built target llava_static
[ 20%] Built target test-c
[ 20%] Built target quantize-stats
[ 20%] Built target quantize
[ 20%] Built target benchmark
[ 20%] Built target ggml-metal
[ 21%] Linking CXX static library libcommon.a
[ 21%] Built target common
[ 21%] Building CXX object tests/CMakeFiles/test-sampling.dir/get-model.cpp.o
[ 22%] Building CXX object tests/CMakeFiles/test-tokenizer-0-llama.dir/get-model.cpp.o
[ 23%] Building CXX object tests/CMakeFiles/test-tokenizer-0-llama.dir/test-tokenizer-0-llama.cpp.o
[ 23%] Building CXX object tests/CMakeFiles/test-tokenizer-1-llama.dir/test-tokenizer-1-llama.cpp.o
[ 24%] Building CXX object tests/CMakeFiles/test-sampling.dir/test-sampling.cpp.o
[ 25%] Building CXX object tests/CMakeFiles/test-tokenizer-1-mpt.dir/test-tokenizer-1-bpe.cpp.o
[ 25%] Building CXX object tests/CMakeFiles/test-tokenizer-1-gpt-neox.dir/test-tokenizer-1-bpe.cpp.o
[ 25%] Building CXX object tests/CMakeFiles/test-tokenizer-1-llama.dir/get-model.cpp.o
[ 25%] Building CXX object tests/CMakeFiles/test-tokenizer-0-falcon.dir/test-tokenizer-0-falcon.cpp.o
[ 26%] Building CXX object examples/llama-bench/CMakeFiles/llama-bench.dir/llama-bench.cpp.o
[ 27%] Building CXX object tests/CMakeFiles/test-tokenizer-0-falcon.dir/get-model.cpp.o
[ 28%] Building CXX object examples/main/CMakeFiles/main.dir/main.cpp.o
[ 29%] Building CXX object examples/tokenize/CMakeFiles/tokenize.dir/tokenize.cpp.o
[ 29%] Building CXX object tests/CMakeFiles/test-tokenizer-1-falcon.dir/test-tokenizer-1-bpe.cpp.o
[ 29%] Building CXX object tests/CMakeFiles/test-tokenizer-1-mpt.dir/get-model.cpp.o
[ 29%] Building CXX object examples/batched-bench/CMakeFiles/batched-bench.dir/batched-bench.cpp.o
[ 29%] Building CXX object examples/llava/CMakeFiles/llava-cli.dir/llava-cli.cpp.o
[ 30%] Building CXX object tests/CMakeFiles/test-tokenizer-1-falcon.dir/get-model.cpp.o
[ 30%] Building CXX object examples/gguf-split/CMakeFiles/gguf-split.dir/gguf-split.cpp.o
[ 31%] Building CXX object tests/CMakeFiles/test-tokenizer-1-gpt-neox.dir/get-model.cpp.o
[ 31%] Building CXX object examples/gritlm/CMakeFiles/gritlm.dir/gritlm.cpp.o
[ 31%] Building CXX object examples/embedding/CMakeFiles/embedding.dir/embedding.cpp.o
[ 31%] Building CXX object examples/parallel/CMakeFiles/parallel.dir/parallel.cpp.o
[ 32%] Building CXX object examples/infill/CMakeFiles/infill.dir/infill.cpp.o
[ 32%] Building CXX object tests/CMakeFiles/test-rope.dir/get-model.cpp.o
[ 32%] Building CXX object examples/convert-llama2c-to-ggml/CMakeFiles/convert-llama2c-to-ggml.dir/convert-llama2c-to-ggml.cpp.o
[ 33%] Building CXX object tests/CMakeFiles/test-json-schema-to-grammar.dir/get-model.cpp.o
[ 33%] Building CXX object examples/baby-llama/CMakeFiles/baby-llama.dir/baby-llama.cpp.o
[ 33%] Building CXX object examples/batched/CMakeFiles/batched.dir/batched.cpp.o
[ 33%] Building CXX object tests/CMakeFiles/test-llama-grammar.dir/get-model.cpp.o
[ 33%] Building CXX object tests/CMakeFiles/test-grad0.dir/get-model.cpp.o
[ 34%] Building CXX object tests/CMakeFiles/test-backend-ops.dir/test-backend-ops.cpp.o
[ 34%] Building CXX object tests/CMakeFiles/test-grammar-parser.dir/test-grammar-parser.cpp.o
[ 35%] Building CXX object examples/finetune/CMakeFiles/finetune.dir/finetune.cpp.o
[ 36%] Building CXX object tests/CMakeFiles/test-autorelease.dir/test-autorelease.cpp.o
[ 37%] Building CXX object tests/CMakeFiles/test-llama-grammar.dir/test-llama-grammar.cpp.o
[ 39%] Building CXX object tests/CMakeFiles/test-json-schema-to-grammar.dir/test-json-schema-to-grammar.cpp.o
[ 39%] Building CXX object examples/beam-search/CMakeFiles/beam-search.dir/beam-search.cpp.o
[ 40%] Building CXX object tests/CMakeFiles/test-grad0.dir/test-grad0.cpp.o
[ 41%] Building CXX object tests/CMakeFiles/test-model-load-cancel.dir/test-model-load-cancel.cpp.o
[ 43%] Building CXX object tests/CMakeFiles/test-grammar-parser.dir/get-model.cpp.o
[ 44%] Building CXX object tests/CMakeFiles/test-tokenizer-1-refact.dir/test-tokenizer-1-bpe.cpp.o
[ 44%] Building CXX object tests/CMakeFiles/test-autorelease.dir/get-model.cpp.o
[ 44%] Building CXX object tests/CMakeFiles/test-model-load-cancel.dir/get-model.cpp.o
[ 44%] Building CXX object tests/CMakeFiles/test-backend-ops.dir/get-model.cpp.o
[ 45%] Building CXX object tests/CMakeFiles/test-tokenizer-1-gpt2.dir/test-tokenizer-1-bpe.cpp.o
[ 45%] Building CXX object tests/CMakeFiles/test-rope.dir/test-rope.cpp.o
[ 47%] Linking CXX executable ../bin/test-sampling
[ 47%] Building CXX object tests/CMakeFiles/test-tokenizer-1-gpt2.dir/get-model.cpp.o
[ 48%] Building CXX object tests/CMakeFiles/test-chat-template.dir/test-chat-template.cpp.o
[ 49%] Building CXX object tests/CMakeFiles/test-tokenizer-1-stablelm-3b-4e1t.dir/test-tokenizer-1-bpe.cpp.o
[ 50%] Building CXX object tests/CMakeFiles/test-tokenizer-1-refact.dir/get-model.cpp.o
[ 50%] Building CXX object tests/CMakeFiles/test-chat-template.dir/get-model.cpp.o
[ 50%] Building CXX object tests/CMakeFiles/test-quantize-fns.dir/test-quantize-fns.cpp.o
[ 50%] Building CXX object tests/CMakeFiles/test-tokenizer-1-baichuan.dir/get-model.cpp.o
[ 51%] Building CXX object tests/CMakeFiles/test-tokenizer-1-stablelm-3b-4e1t.dir/get-model.cpp.o
[ 52%] Building CXX object tests/CMakeFiles/test-tokenizer-1-aquila.dir/test-tokenizer-1-bpe.cpp.o
[ 53%] Building CXX object tests/CMakeFiles/test-tokenizer-1-starcoder.dir/test-tokenizer-1-bpe.cpp.o
[ 53%] Building CXX object tests/CMakeFiles/test-quantize-perf.dir/test-quantize-perf.cpp.o
[ 54%] Building CXX object tests/CMakeFiles/test-quantize-fns.dir/get-model.cpp.o
[ 55%] Building CXX object tests/CMakeFiles/test-tokenizer-1-baichuan.dir/test-tokenizer-1-llama.cpp.o
[ 56%] Building CXX object tests/CMakeFiles/test-quantize-perf.dir/get-model.cpp.o
[ 56%] Linking CXX executable ../../bin/tokenize
[ 57%] Building CXX object tests/CMakeFiles/test-tokenizer-1-aquila.dir/get-model.cpp.o
[ 58%] Linking CXX executable ../../bin/llama-bench
[ 58%] Building CXX object tests/CMakeFiles/test-tokenizer-1-starcoder.dir/get-model.cpp.o
[ 59%] Linking CXX executable ../bin/test-tokenizer-0-falcon
[ 60%] Linking CXX executable ../../bin/parallel
[ 60%] Linking CXX executable ../bin/test-tokenizer-0-llama
[ 60%] Linking CXX executable ../../bin/infill
[ 61%] Linking CXX executable ../../bin/main
[ 62%] Linking CXX executable ../bin/test-tokenizer-1-falcon
[ 63%] Linking CXX executable ../bin/test-tokenizer-1-mpt
[ 64%] Linking CXX executable ../bin/test-model-load-cancel
[ 64%] Linking CXX executable ../bin/test-tokenizer-1-gpt-neox
[ 64%] Linking CXX executable ../bin/test-json-schema-to-grammar
[ 65%] Linking CXX executable ../../bin/embedding
[ 66%] Linking CXX executable ../../bin/gguf-split
[ 66%] Linking CXX executable ../../bin/finetune
[ 67%] Linking CXX executable ../bin/test-tokenizer-1-llama
[ 67%] Building CXX object examples/retrieval/CMakeFiles/retrieval.dir/retrieval.cpp.o
[ 68%] Linking CXX executable ../bin/test-rope
[ 68%] Building CXX object examples/save-load-state/CMakeFiles/save-load-state.dir/save-load-state.cpp.o
[ 68%] Building CXX object examples/passkey/CMakeFiles/passkey.dir/passkey.cpp.o
[ 69%] Linking CXX executable ../bin/test-grad0
[ 70%] Linking CXX executable ../../bin/baby-llama
[ 70%] Linking CXX executable ../bin/test-tokenizer-1-gpt2
[ 71%] Building CXX object examples/simple/CMakeFiles/simple.dir/simple.cpp.o
[ 72%] Linking CXX executable ../../bin/llava-cli
[ 72%] Building CXX object examples/lookup/CMakeFiles/lookup.dir/lookup.cpp.o
[ 72%] Linking CXX executable ../bin/test-autorelease
[ 73%] Building CXX object examples/lookup/CMakeFiles/lookup-merge.dir/lookup-merge.cpp.o
[ 72%] Building CXX object examples/lookup/CMakeFiles/lookup-create.dir/lookup-create.cpp.o
[ 73%] Linking CXX executable ../bin/test-tokenizer-1-aquila
[ 74%] Linking CXX executable ../bin/test-chat-template
[ 75%] Building CXX object examples/speculative/CMakeFiles/speculative.dir/speculative.cpp.o
[ 76%] Linking CXX executable ../bin/test-quantize-fns
[ 76%] Linking CXX executable ../bin/test-tokenizer-1-stablelm-3b-4e1t
[ 77%] Linking CXX executable ../../bin/batched-bench
[ 77%] Building CXX object examples/perplexity/CMakeFiles/perplexity.dir/perplexity.cpp.o
[ 78%] Linking CXX executable ../../bin/convert-llama2c-to-ggml
[ 78%] Linking CXX executable ../bin/test-quantize-perf
[ 78%] Linking CXX executable ../bin/test-grammar-parser
[ 79%] Linking CXX executable ../../bin/gritlm
[ 80%] Linking CXX executable ../bin/test-backend-ops
[ 81%] Linking CXX executable ../bin/test-llama-grammar
[ 82%] Building CXX object examples/lookup/CMakeFiles/lookup-stats.dir/lookup-stats.cpp.o
[ 83%] Linking CXX executable ../../bin/batched
[ 84%] Linking CXX executable ../../bin/retrieval
[ 84%] Linking CXX executable ../../bin/simple
[ 85%] Building CXX object examples/server/CMakeFiles/server.dir/server.cpp.o
[ 86%] Linking CXX executable ../../bin/passkey
[ 88%] Building CXX object examples/train-text-from-scratch/CMakeFiles/train-text-from-scratch.dir/train-text-from-scratch.cpp.o
[ 88%] Building CXX object examples/lookahead/CMakeFiles/lookahead.dir/lookahead.cpp.o
[ 89%] Building CXX object pocs/vdot/CMakeFiles/vdot.dir/vdot.cpp.o
[ 90%] Linking CXX executable ../../bin/save-load-state
[ 91%] Building CXX object examples/export-lora/CMakeFiles/export-lora.dir/export-lora.cpp.o
[ 92%] Linking CXX executable ../../bin/lookup
[ 94%] Building CXX object examples/imatrix/CMakeFiles/imatrix.dir/imatrix.cpp.o
[ 95%] Building CXX object pocs/vdot/CMakeFiles/q8dot.dir/q8dot.cpp.o
[ 96%] Linking CXX executable ../../bin/perplexity
[ 97%] Linking CXX executable ../../bin/lookup-create
[ 97%] Linking CXX executable ../../bin/lookup-merge
[ 93%] Linking CXX executable ../bin/test-tokenizer-1-starcoder
[ 97%] Linking CXX executable ../../bin/lookup-stats
[ 97%] Linking CXX executable ../../bin/beam-search
[ 97%] Linking CXX executable ../bin/test-tokenizer-1-refact
[ 98%] Linking CXX executable ../bin/test-tokenizer-1-baichuan
[ 98%] Linking CXX executable ../../bin/speculative
[ 99%] Linking CXX executable ../../bin/lookahead
[ 99%] Linking CXX executable ../../bin/train-text-from-scratch
[100%] Linking CXX executable ../../bin/vdot
[100%] Linking CXX executable ../../bin/q8dot
[100%] Linking CXX executable ../../bin/export-lora
[100%] Linking CXX executable ../../bin/imatrix
[100%] Linking CXX executable ../../bin/server
[100%] Built target infill
[100%] Built target test-tokenizer-1-falcon
[100%] Built target gguf-split
[100%] Built target embedding
[100%] Built target test-sampling
[100%] Built target test-rope
[100%] Built target llava-cli
[100%] Built target server
[100%] Built target vdot
[100%] Built target simple
[100%] Built target batched
[100%] Built target retrieval
[100%] Built target test-quantize-fns
[100%] Built target save-load-state
[100%] Built target finetune
[100%] Built target test-model-load-cancel
[100%] Built target lookup-merge
[100%] Built target test-tokenizer-1-gpt2
[100%] Built target test-json-schema-to-grammar
[100%] Built target test-quantize-perf
[100%] Built target test-tokenizer-0-falcon
[100%] Built target main
[100%] Built target llama-bench
[100%] Built target passkey
[100%] Built target tokenize
[100%] Built target beam-search
[100%] Built target test-chat-template
[100%] Built target speculative
[100%] Built target test-backend-ops
[100%] Built target test-tokenizer-1-mpt
[100%] Built target test-autorelease
[100%] Built target test-tokenizer-1-gpt-neox
[100%] Built target parallel
[100%] Built target gritlm
[100%] Built target lookup-create
[100%] Built target test-tokenizer-1-aquila
[100%] Built target test-tokenizer-1-baichuan
[100%] Built target test-tokenizer-1-refact
[100%] Built target test-tokenizer-0-llama
[100%] Built target train-text-from-scratch
[100%] Built target test-grammar-parser
[100%] Built target test-tokenizer-1-stablelm-3b-4e1t
[100%] Built target baby-llama
[100%] Built target test-grad0
[100%] Built target convert-llama2c-to-ggml
[100%] Built target lookahead
[100%] Built target lookup
[100%] Built target lookup-stats
[100%] Built target perplexity
[100%] Built target batched-bench
[100%] Built target imatrix
[100%] Built target export-lora
[100%] Built target test-llama-grammar
[100%] Built target q8dot
[100%] Built target test-tokenizer-1-starcoder
[100%] Built target test-tokenizer-1-llama

real	0m4.785s
user	0m16.719s
sys	0m5.406s
+ '[' -z ']'
+ tee -a /Users/ggml/results/llama.cpp/e5/62b9714b9b3e242361a7f74bbbeb00f6bd99ac/ggml-100-m1/ctest_release-ctest.log
+ ctest --output-on-failure -L main
Test project /Users/ggml/work/llama.cpp/build-ci-release
      Start  1: test-quantize-fns
 1/22 Test  #1: test-quantize-fns ...................   Passed   19.88 sec
      Start  2: test-quantize-perf
 2/22 Test  #2: test-quantize-perf ..................   Passed    5.68 sec
      Start  3: test-sampling
 3/22 Test  #3: test-sampling .......................   Passed    0.18 sec
      Start  4: test-chat-template
 4/22 Test  #4: test-chat-template ..................   Passed    0.18 sec
      Start  5: test-tokenizer-0-llama
 5/22 Test  #5: test-tokenizer-0-llama ..............   Passed    0.24 sec
      Start  6: test-tokenizer-0-falcon
 6/22 Test  #6: test-tokenizer-0-falcon .............   Passed    0.35 sec
      Start  7: test-tokenizer-1-llama
 7/22 Test  #7: test-tokenizer-1-llama ..............   Passed    0.55 sec
      Start  8: test-tokenizer-1-baichuan
 8/22 Test  #8: test-tokenizer-1-baichuan ...........   Passed    0.61 sec
      Start  9: test-tokenizer-1-falcon
 9/22 Test  #9: test-tokenizer-1-falcon .............   Passed    0.80 sec
      Start 10: test-tokenizer-1-aquila
10/22 Test #10: test-tokenizer-1-aquila .............   Passed    1.08 sec
      Start 11: test-tokenizer-1-mpt
11/22 Test #11: test-tokenizer-1-mpt ................   Passed    0.73 sec
      Start 12: test-tokenizer-1-stablelm-3b-4e1t
12/22 Test #12: test-tokenizer-1-stablelm-3b-4e1t ...   Passed    0.68 sec
      Start 13: test-tokenizer-1-gpt-neox
13/22 Test #13: test-tokenizer-1-gpt-neox ...........   Passed    0.68 sec
      Start 14: test-tokenizer-1-refact
14/22 Test #14: test-tokenizer-1-refact .............   Passed    0.68 sec
      Start 15: test-tokenizer-1-starcoder
15/22 Test #15: test-tokenizer-1-starcoder ..........   Passed    0.68 sec
      Start 16: test-tokenizer-1-gpt2
16/22 Test #16: test-tokenizer-1-gpt2 ...............   Passed    0.68 sec
      Start 17: test-grammar-parser
17/22 Test #17: test-grammar-parser .................   Passed    0.21 sec
      Start 18: test-llama-grammar
18/22 Test #18: test-llama-grammar ..................   Passed    0.25 sec
      Start 19: test-grad0
19/22 Test #19: test-grad0 ..........................   Passed    0.86 sec
      Start 20: test-backend-ops
20/22 Test #20: test-backend-ops ....................   Passed   33.74 sec
      Start 21: test-rope
21/22 Test #21: test-rope ...........................   Passed    0.21 sec
      Start 24: test-json-schema-to-grammar
22/22 Test #24: test-json-schema-to-grammar .........   Passed    1.19 sec

100% tests passed, 0 tests failed out of 22

Label Time Summary:
main    =  70.13 sec*proc (22 tests)

Total Test time (real) =  70.15 sec

real	1m10.152s
user	1m15.237s
sys	0m3.957s
+ set +e
+ cur=0
+ echo 0
+ set +x
+ gg_run_embd_bge_small
+ cd /Users/ggml/work/llama.cpp
+ gg_wget models-mnt/bge-small/ https://huggingface.co/BAAI/bge-small-en-v1.5/raw/main/config.json
+ local out=models-mnt/bge-small/
+ local url=https://huggingface.co/BAAI/bge-small-en-v1.5/raw/main/config.json
+ tee /Users/ggml/results/llama.cpp/e5/62b9714b9b3e242361a7f74bbbeb00f6bd99ac/ggml-100-m1/embd_bge_small.log
++ pwd
+ local cwd=/Users/ggml/work/llama.cpp
+ mkdir -p models-mnt/bge-small/
+ cd models-mnt/bge-small/
+ wget -nv -N https://huggingface.co/BAAI/bge-small-en-v1.5/raw/main/config.json
Last-modified header missing -- time-stamps turned off.
2024-03-27 09:28:19 URL:https://huggingface.co/BAAI/bge-small-en-v1.5/raw/main/config.json [743/743] -> "config.json" [1]
+ cd /Users/ggml/work/llama.cpp
+ gg_wget models-mnt/bge-small/ https://huggingface.co/BAAI/bge-small-en-v1.5/resolve/main/tokenizer.model
+ local out=models-mnt/bge-small/
+ local url=https://huggingface.co/BAAI/bge-small-en-v1.5/resolve/main/tokenizer.model
++ pwd
+ local cwd=/Users/ggml/work/llama.cpp
+ mkdir -p models-mnt/bge-small/
+ cd models-mnt/bge-small/
+ wget -nv -N https://huggingface.co/BAAI/bge-small-en-v1.5/resolve/main/tokenizer.model
https://huggingface.co/BAAI/bge-small-en-v1.5/resolve/main/tokenizer.model:
2024-03-27 09:28:19 ERROR 404: Not Found.
+ cd /Users/ggml/work/llama.cpp
+ gg_wget models-mnt/bge-small/ https://huggingface.co/BAAI/bge-small-en-v1.5/raw/main/tokenizer_config.json
+ local out=models-mnt/bge-small/
+ local url=https://huggingface.co/BAAI/bge-small-en-v1.5/raw/main/tokenizer_config.json
++ pwd
+ local cwd=/Users/ggml/work/llama.cpp
+ mkdir -p models-mnt/bge-small/
+ cd models-mnt/bge-small/
+ wget -nv -N https://huggingface.co/BAAI/bge-small-en-v1.5/raw/main/tokenizer_config.json
Last-modified header missing -- time-stamps turned off.
2024-03-27 09:28:20 URL:https://huggingface.co/BAAI/bge-small-en-v1.5/raw/main/tokenizer_config.json [366/366] -> "tokenizer_config.json" [1]
+ cd /Users/ggml/work/llama.cpp
+ gg_wget models-mnt/bge-small/ https://huggingface.co/BAAI/bge-small-en-v1.5/raw/main/special_tokens_map.json
+ local out=models-mnt/bge-small/
+ local url=https://huggingface.co/BAAI/bge-small-en-v1.5/raw/main/special_tokens_map.json
++ pwd
+ local cwd=/Users/ggml/work/llama.cpp
+ mkdir -p models-mnt/bge-small/
+ cd models-mnt/bge-small/
+ wget -nv -N https://huggingface.co/BAAI/bge-small-en-v1.5/raw/main/special_tokens_map.json
Last-modified header missing -- time-stamps turned off.
2024-03-27 09:28:20 URL:https://huggingface.co/BAAI/bge-small-en-v1.5/raw/main/special_tokens_map.json [125/125] -> "special_tokens_map.json" [1]
+ cd /Users/ggml/work/llama.cpp
+ gg_wget models-mnt/bge-small/ https://huggingface.co/BAAI/bge-small-en-v1.5/resolve/main/pytorch_model.bin
+ local out=models-mnt/bge-small/
+ local url=https://huggingface.co/BAAI/bge-small-en-v1.5/resolve/main/pytorch_model.bin
++ pwd
+ local cwd=/Users/ggml/work/llama.cpp
+ mkdir -p models-mnt/bge-small/
+ cd models-mnt/bge-small/
+ wget -nv -N https://huggingface.co/BAAI/bge-small-en-v1.5/resolve/main/pytorch_model.bin
+ cd /Users/ggml/work/llama.cpp
+ gg_wget models-mnt/bge-small/ https://huggingface.co/BAAI/bge-small-en-v1.5/raw/main/sentence_bert_config.json
+ local out=models-mnt/bge-small/
+ local url=https://huggingface.co/BAAI/bge-small-en-v1.5/raw/main/sentence_bert_config.json
++ pwd
+ local cwd=/Users/ggml/work/llama.cpp
+ mkdir -p models-mnt/bge-small/
+ cd models-mnt/bge-small/
+ wget -nv -N https://huggingface.co/BAAI/bge-small-en-v1.5/raw/main/sentence_bert_config.json
Last-modified header missing -- time-stamps turned off.
2024-03-27 09:28:21 URL:https://huggingface.co/BAAI/bge-small-en-v1.5/raw/main/sentence_bert_config.json [52/52] -> "sentence_bert_config.json" [1]
+ cd /Users/ggml/work/llama.cpp
+ gg_wget models-mnt/bge-small/ https://huggingface.co/BAAI/bge-small-en-v1.5/raw/main/vocab.txt
+ local out=models-mnt/bge-small/
+ local url=https://huggingface.co/BAAI/bge-small-en-v1.5/raw/main/vocab.txt
++ pwd
+ local cwd=/Users/ggml/work/llama.cpp
+ mkdir -p models-mnt/bge-small/
+ cd models-mnt/bge-small/
+ wget -nv -N https://huggingface.co/BAAI/bge-small-en-v1.5/raw/main/vocab.txt
Last-modified header missing -- time-stamps turned off.
2024-03-27 09:28:21 URL:https://huggingface.co/BAAI/bge-small-en-v1.5/raw/main/vocab.txt [231508/231508] -> "vocab.txt" [1]
+ cd /Users/ggml/work/llama.cpp
+ gg_wget models-mnt/bge-small/ https://huggingface.co/BAAI/bge-small-en-v1.5/raw/main/modules.json
+ local out=models-mnt/bge-small/
+ local url=https://huggingface.co/BAAI/bge-small-en-v1.5/raw/main/modules.json
++ pwd
+ local cwd=/Users/ggml/work/llama.cpp
+ mkdir -p models-mnt/bge-small/
+ cd models-mnt/bge-small/
+ wget -nv -N https://huggingface.co/BAAI/bge-small-en-v1.5/raw/main/modules.json
Last-modified header missing -- time-stamps turned off.
2024-03-27 09:28:22 URL:https://huggingface.co/BAAI/bge-small-en-v1.5/raw/main/modules.json [349/349] -> "modules.json" [1]
+ cd /Users/ggml/work/llama.cpp
+ gg_wget models-mnt/bge-small/ https://huggingface.co/BAAI/bge-small-en-v1.5/raw/main/config.json
+ local out=models-mnt/bge-small/
+ local url=https://huggingface.co/BAAI/bge-small-en-v1.5/raw/main/config.json
++ pwd
+ local cwd=/Users/ggml/work/llama.cpp
+ mkdir -p models-mnt/bge-small/
+ cd models-mnt/bge-small/
+ wget -nv -N https://huggingface.co/BAAI/bge-small-en-v1.5/raw/main/config.json
Last-modified header missing -- time-stamps turned off.
2024-03-27 09:28:22 URL:https://huggingface.co/BAAI/bge-small-en-v1.5/raw/main/config.json [743/743] -> "config.json" [1]
+ cd /Users/ggml/work/llama.cpp
+ gg_wget models-mnt/bge-small/1_Pooling https://huggingface.co/BAAI/bge-small-en-v1.5/raw/main/1_Pooling/config.json
+ local out=models-mnt/bge-small/1_Pooling
+ local url=https://huggingface.co/BAAI/bge-small-en-v1.5/raw/main/1_Pooling/config.json
++ pwd
+ local cwd=/Users/ggml/work/llama.cpp
+ mkdir -p models-mnt/bge-small/1_Pooling
+ cd models-mnt/bge-small/1_Pooling
+ wget -nv -N https://huggingface.co/BAAI/bge-small-en-v1.5/raw/main/1_Pooling/config.json
Last-modified header missing -- time-stamps turned off.
2024-03-27 09:28:22 URL:https://huggingface.co/BAAI/bge-small-en-v1.5/raw/main/1_Pooling/config.json [190/190] -> "config.json" [1]
+ cd /Users/ggml/work/llama.cpp
+ path_models=../models-mnt/bge-small
+ rm -rf build-ci-release
+ mkdir build-ci-release
+ cd build-ci-release
+ set -e
+ tee -a /Users/ggml/results/llama.cpp/e5/62b9714b9b3e242361a7f74bbbeb00f6bd99ac/ggml-100-m1/embd_bge_small-cmake.log
+ cmake -DCMAKE_BUILD_TYPE=Release -DLLAMA_FATAL_WARNINGS=ON -DLLAMA_METAL_SHADER_DEBUG=ON ..
-- The C compiler identification is AppleClang 15.0.0.15000100
-- The CXX compiler identification is AppleClang 15.0.0.15000100
-- Detecting C compiler ABI info
-- Detecting C compiler ABI info - done
-- Check for working C compiler: /Applications/Xcode.app/Contents/Developer/Toolchains/XcodeDefault.xctoolchain/usr/bin/cc - skipped
-- Detecting C compile features
-- Detecting C compile features - done
-- Detecting CXX compiler ABI info
-- Detecting CXX compiler ABI info - done
-- Check for working CXX compiler: /Applications/Xcode.app/Contents/Developer/Toolchains/XcodeDefault.xctoolchain/usr/bin/c++ - skipped
-- Detecting CXX compile features
-- Detecting CXX compile features - done
-- Found Git: /usr/bin/git (found version "2.39.3 (Apple Git-145)") 
-- Performing Test CMAKE_HAVE_LIBC_PTHREAD
-- Performing Test CMAKE_HAVE_LIBC_PTHREAD - Success
-- Found Threads: TRUE  
-- Accelerate framework found
-- Metal framework found
-- ccache found, compilation results will be cached. Disable with LLAMA_CCACHE=OFF.
-- CMAKE_SYSTEM_PROCESSOR: arm64
-- ARM detected
-- Performing Test COMPILER_SUPPORTS_FP16_FORMAT_I3E
-- Performing Test COMPILER_SUPPORTS_FP16_FORMAT_I3E - Failed
-- Configuring done (0.6s)
-- Generating done (0.2s)
-- Build files have been written to: /Users/ggml/work/llama.cpp/build-ci-release

real	0m0.893s
user	0m0.411s
sys	0m0.446s
+ tee -a /Users/ggml/results/llama.cpp/e5/62b9714b9b3e242361a7f74bbbeb00f6bd99ac/ggml-100-m1/embd_bge_small-make.log
+ make -j
[  1%] Building CXX object common/CMakeFiles/json-schema-to-grammar.dir/json-schema-to-grammar.cpp.o
[  2%] Building C object CMakeFiles/ggml.dir/ggml.c.o
[  3%] Compiling Metal kernels
[  4%] Building C object CMakeFiles/ggml.dir/ggml-quants.c.o
[  4%] Building C object CMakeFiles/ggml.dir/ggml-metal.m.o
[  5%] Building CXX object common/CMakeFiles/build_info.dir/build-info.cpp.o
[  6%] Building C object CMakeFiles/ggml.dir/ggml-alloc.c.o
[  6%] Building C object CMakeFiles/ggml.dir/ggml-backend.c.o
[  7%] Built target build_info
[  7%] Built target json-schema-to-grammar
[  7%] Built target ggml
[  7%] Building CXX object examples/gguf/CMakeFiles/gguf.dir/gguf.cpp.o
[  8%] Linking C static library libggml_static.a
[  9%] Building CXX object CMakeFiles/llama.dir/unicode-data.cpp.o
[  9%] Building CXX object CMakeFiles/llama.dir/unicode.cpp.o
[ 10%] Building CXX object CMakeFiles/llama.dir/llama.cpp.o
[ 11%] Linking CXX executable ../../bin/gguf
[ 11%] Linking CXX static library libllama.a
[ 11%] Built target ggml_static
[ 11%] Built target llama
[ 11%] Building CXX object common/CMakeFiles/common.dir/ngram-cache.cpp.o
[ 12%] Building CXX object examples/quantize-stats/CMakeFiles/quantize-stats.dir/quantize-stats.cpp.o
[ 13%] Building CXX object examples/quantize/CMakeFiles/quantize.dir/quantize.cpp.o
[ 13%] Building CXX object common/CMakeFiles/common.dir/console.cpp.o
[ 14%] Building CXX object common/CMakeFiles/common.dir/sampling.cpp.o
[ 14%] Building CXX object common/CMakeFiles/common.dir/common.cpp.o
[ 15%] Building CXX object common/CMakeFiles/common.dir/train.cpp.o
[ 16%] Building C object tests/CMakeFiles/test-c.dir/test-c.c.o
[ 17%] Building CXX object common/CMakeFiles/common.dir/grammar-parser.cpp.o
[ 18%] Building CXX object examples/benchmark/CMakeFiles/benchmark.dir/benchmark-matmult.cpp.o
[ 19%] Building CXX object examples/llava/CMakeFiles/llava.dir/clip.cpp.o
[ 19%] Building CXX object examples/llava/CMakeFiles/llava.dir/llava.cpp.o
[ 19%] Linking CXX executable ../bin/test-c
[ 19%] Linking CXX executable ../../bin/quantize
[ 20%] Linking CXX executable ../../bin/quantize-stats
[ 21%] Linking CXX static library libcommon.a
[ 21%] Built target llava
[ 21%] Linking CXX executable ../../bin/benchmark
[ 21%] Built target gguf
[ 21%] Linking CXX static library libllava_static.a
[ 21%] Built target common
[ 21%] Built target llava_static
[ 21%] Building CXX object tests/CMakeFiles/test-chat-template.dir/get-model.cpp.o
[ 22%] Building CXX object tests/CMakeFiles/test-chat-template.dir/test-chat-template.cpp.o
[ 23%] Building CXX object tests/CMakeFiles/test-sampling.dir/test-sampling.cpp.o
[ 23%] Building CXX object tests/CMakeFiles/test-sampling.dir/get-model.cpp.o
[ 23%] Building CXX object tests/CMakeFiles/test-grammar-parser.dir/test-grammar-parser.cpp.o
[ 23%] Building CXX object examples/embedding/CMakeFiles/embedding.dir/embedding.cpp.o
[ 24%] Building CXX object tests/CMakeFiles/test-grammar-parser.dir/get-model.cpp.o
[ 25%] Building CXX object examples/beam-search/CMakeFiles/beam-search.dir/beam-search.cpp.o
[ 25%] Building CXX object examples/convert-llama2c-to-ggml/CMakeFiles/convert-llama2c-to-ggml.dir/convert-llama2c-to-ggml.cpp.o
[ 26%] Building CXX object examples/finetune/CMakeFiles/finetune.dir/finetune.cpp.o
[ 26%] Building CXX object examples/llava/CMakeFiles/llava-cli.dir/llava-cli.cpp.o
[ 26%] Building CXX object tests/CMakeFiles/test-model-load-cancel.dir/get-model.cpp.o
[ 26%] Building CXX object examples/gguf-split/CMakeFiles/gguf-split.dir/gguf-split.cpp.o
[ 27%] Building CXX object tests/CMakeFiles/test-model-load-cancel.dir/test-model-load-cancel.cpp.o
[ 28%] Building CXX object examples/main/CMakeFiles/main.dir/main.cpp.o
[ 28%] Building CXX object examples/batched-bench/CMakeFiles/batched-bench.dir/batched-bench.cpp.o
[ 28%] Building CXX object examples/batched/CMakeFiles/batched.dir/batched.cpp.o
[ 29%] Building CXX object examples/infill/CMakeFiles/infill.dir/infill.cpp.o
[ 30%] Building CXX object examples/llama-bench/CMakeFiles/llama-bench.dir/llama-bench.cpp.o
[ 30%] Building CXX object examples/gritlm/CMakeFiles/gritlm.dir/gritlm.cpp.o
[ 30%] Building CXX object examples/parallel/CMakeFiles/parallel.dir/parallel.cpp.o
[ 31%] Building CXX object tests/CMakeFiles/test-json-schema-to-grammar.dir/test-json-schema-to-grammar.cpp.o
[ 31%] Building CXX object examples/baby-llama/CMakeFiles/baby-llama.dir/baby-llama.cpp.o
[ 32%] Building CXX object examples/tokenize/CMakeFiles/tokenize.dir/tokenize.cpp.o
[ 33%] Building CXX object tests/CMakeFiles/test-grad0.dir/get-model.cpp.o
[ 33%] Building CXX object tests/CMakeFiles/test-tokenizer-1-stablelm-3b-4e1t.dir/test-tokenizer-1-bpe.cpp.o
[ 34%] Building CXX object tests/CMakeFiles/test-rope.dir/test-rope.cpp.o
[ 35%] Building CXX object tests/CMakeFiles/test-llama-grammar.dir/test-llama-grammar.cpp.o
[ 36%] Building CXX object tests/CMakeFiles/test-backend-ops.dir/test-backend-ops.cpp.o
[ 37%] Building CXX object tests/CMakeFiles/test-tokenizer-1-baichuan.dir/test-tokenizer-1-llama.cpp.o
[ 38%] Building CXX object tests/CMakeFiles/test-tokenizer-1-gpt2.dir/test-tokenizer-1-bpe.cpp.o
[ 38%] Building CXX object tests/CMakeFiles/test-tokenizer-1-refact.dir/test-tokenizer-1-bpe.cpp.o
[ 38%] Building CXX object tests/CMakeFiles/test-tokenizer-1-gpt-neox.dir/test-tokenizer-1-bpe.cpp.o
[ 39%] Building CXX object tests/CMakeFiles/test-tokenizer-0-falcon.dir/get-model.cpp.o
[ 40%] Building CXX object tests/CMakeFiles/test-tokenizer-1-mpt.dir/test-tokenizer-1-bpe.cpp.o
[ 40%] Building CXX object tests/CMakeFiles/test-tokenizer-1-llama.dir/get-model.cpp.o
[ 41%] Building CXX object tests/CMakeFiles/test-tokenizer-1-refact.dir/get-model.cpp.o
[ 41%] Building CXX object tests/CMakeFiles/test-backend-ops.dir/get-model.cpp.o
[ 42%] Building CXX object tests/CMakeFiles/test-tokenizer-1-stablelm-3b-4e1t.dir/get-model.cpp.o
[ 43%] Linking CXX executable ../bin/test-chat-template
[ 43%] Building CXX object tests/CMakeFiles/test-rope.dir/get-model.cpp.o
[ 43%] Building CXX object tests/CMakeFiles/test-tokenizer-1-falcon.dir/test-tokenizer-1-bpe.cpp.o
[ 44%] Building CXX object tests/CMakeFiles/test-autorelease.dir/test-autorelease.cpp.o
[ 44%] Building CXX object tests/CMakeFiles/test-tokenizer-1-starcoder.dir/get-model.cpp.o
[ 45%] Linking CXX executable ../../bin/batched-bench
[ 46%] Building CXX object tests/CMakeFiles/test-grad0.dir/test-grad0.cpp.o
[ 47%] Linking CXX executable ../bin/test-sampling
[ 48%] Linking CXX executable ../../bin/gguf-split
[ 48%] Linking CXX executable ../../bin/beam-search
[ 49%] Building CXX object tests/CMakeFiles/test-autorelease.dir/get-model.cpp.o
[ 49%] Building CXX object tests/CMakeFiles/test-tokenizer-1-mpt.dir/get-model.cpp.o
[ 49%] Building CXX object examples/perplexity/CMakeFiles/perplexity.dir/perplexity.cpp.o
[ 49%] Building CXX object tests/CMakeFiles/test-quantize-perf.dir/test-quantize-perf.cpp.o
[ 50%] Building CXX object tests/CMakeFiles/test-tokenizer-1-gpt2.dir/get-model.cpp.o
[ 51%] Building CXX object tests/CMakeFiles/test-tokenizer-1-aquila.dir/get-model.cpp.o
[ 52%] Building CXX object tests/CMakeFiles/test-tokenizer-1-starcoder.dir/test-tokenizer-1-bpe.cpp.o
[ 53%] Building CXX object examples/server/CMakeFiles/server.dir/server.cpp.o
[ 54%] Building CXX object tests/CMakeFiles/test-json-schema-to-grammar.dir/get-model.cpp.o
[ 55%] Linking CXX executable ../../bin/embedding
[ 56%] Linking CXX executable ../bin/test-model-load-cancel
[ 56%] Building CXX object tests/CMakeFiles/test-llama-grammar.dir/get-model.cpp.o
[ 57%] Building CXX object tests/CMakeFiles/test-tokenizer-1-aquila.dir/test-tokenizer-1-bpe.cpp.o
[ 58%] Building CXX object tests/CMakeFiles/test-tokenizer-1-llama.dir/test-tokenizer-1-llama.cpp.o
[ 58%] Building CXX object tests/CMakeFiles/test-quantize-fns.dir/test-quantize-fns.cpp.o
[ 58%] Linking CXX executable ../../bin/infill
[ 59%] Linking CXX executable ../../bin/baby-llama
[ 59%] Built target quantize
[ 60%] Linking CXX executable ../../bin/gritlm
[ 61%] Building CXX object tests/CMakeFiles/test-quantize-perf.dir/get-model.cpp.o
[ 62%] Building CXX object tests/CMakeFiles/test-quantize-fns.dir/get-model.cpp.o
[ 62%] Building CXX object examples/lookup/CMakeFiles/lookup.dir/lookup.cpp.o
[ 63%] Building CXX object tests/CMakeFiles/test-tokenizer-1-gpt-neox.dir/get-model.cpp.o
[ 64%] Building CXX object examples/lookahead/CMakeFiles/lookahead.dir/lookahead.cpp.o
[ 64%] Building CXX object tests/CMakeFiles/test-tokenizer-1-baichuan.dir/get-model.cpp.o
[ 64%] Linking CXX executable ../../bin/tokenize
[ 65%] Building CXX object tests/CMakeFiles/test-tokenizer-0-llama.dir/get-model.cpp.o
[ 65%] Building CXX object tests/CMakeFiles/test-tokenizer-0-falcon.dir/test-tokenizer-0-falcon.cpp.o
[ 66%] Linking CXX executable ../bin/test-rope
[ 67%] Building CXX object examples/simple/CMakeFiles/simple.dir/simple.cpp.o
[ 67%] Linking CXX executable ../bin/test-tokenizer-1-gpt2
[ 67%] Building CXX object tests/CMakeFiles/test-tokenizer-0-llama.dir/test-tokenizer-0-llama.cpp.o
[ 67%] Linking CXX executable ../../bin/server
[ 68%] Linking CXX executable ../../bin/main
[ 68%] Linking CXX executable ../bin/test-tokenizer-1-refact
[ 68%] Built target test-c
[ 69%] Linking CXX executable ../../bin/parallel
[ 70%] Building CXX object examples/imatrix/CMakeFiles/imatrix.dir/imatrix.cpp.o
[ 71%] Linking CXX executable ../bin/test-backend-ops
[ 72%] Linking CXX executable ../../bin/batched
[ 72%] Linking CXX executable ../bin/test-quantize-perf
[ 72%] Linking CXX executable ../bin/test-json-schema-to-grammar
[ 73%] Linking CXX executable ../../bin/llama-bench
[ 73%] Linking CXX executable ../bin/test-autorelease
[ 74%] Building CXX object examples/export-lora/CMakeFiles/export-lora.dir/export-lora.cpp.o
[ 74%] Built target benchmark
[ 75%] Linking CXX executable ../../bin/convert-llama2c-to-ggml
[ 75%] Building CXX object examples/passkey/CMakeFiles/passkey.dir/passkey.cpp.o
[ 75%] Linking CXX executable ../bin/test-grammar-parser
[ 75%] Linking CXX executable ../../bin/simple
[ 76%] Linking CXX executable ../bin/test-tokenizer-1-starcoder
[ 76%] Linking CXX executable ../bin/test-tokenizer-1-aquila
[ 77%] Linking CXX executable ../bin/test-tokenizer-1-mpt
[ 78%] Linking CXX executable ../../bin/perplexity
[ 79%] Linking CXX executable ../bin/test-grad0
[ 80%] Linking CXX executable ../../bin/llava-cli
[ 80%] Building CXX object examples/save-load-state/CMakeFiles/save-load-state.dir/save-load-state.cpp.o
[ 80%] Built target quantize-stats
[ 80%] Linking CXX executable ../bin/test-tokenizer-1-stablelm-3b-4e1t
[ 81%] Building CXX object pocs/vdot/CMakeFiles/q8dot.dir/q8dot.cpp.o
[ 82%] Building CXX object examples/lookup/CMakeFiles/lookup-stats.dir/lookup-stats.cpp.o
[ 83%] Building CXX object examples/train-text-from-scratch/CMakeFiles/train-text-from-scratch.dir/train-text-from-scratch.cpp.o
[ 84%] Linking CXX executable ../bin/test-tokenizer-1-baichuan
[ 85%] Linking CXX executable ../bin/test-tokenizer-1-llama
[ 86%] Linking CXX executable ../../bin/passkey
[ 87%] Linking CXX executable ../../bin/lookahead
[ 88%] Linking CXX executable ../bin/test-quantize-fns
[ 89%] Building CXX object tests/CMakeFiles/test-tokenizer-1-falcon.dir/get-model.cpp.o
[ 90%] Linking CXX executable ../bin/test-llama-grammar
[ 90%] Linking CXX executable ../../bin/export-lora
[ 91%] Building CXX object pocs/vdot/CMakeFiles/vdot.dir/vdot.cpp.o
[ 91%] Building CXX object examples/retrieval/CMakeFiles/retrieval.dir/retrieval.cpp.o
[ 91%] Linking CXX executable ../../bin/lookup-stats
[ 91%] Linking CXX executable ../bin/test-tokenizer-1-gpt-neox
[ 92%] Linking CXX executable ../bin/test-tokenizer-0-falcon
[ 93%] Linking CXX executable ../../bin/lookup
[ 93%] Linking CXX executable ../../bin/finetune
[ 93%] Linking CXX executable ../../bin/train-text-from-scratch
[ 94%] Linking CXX executable ../../bin/imatrix
[ 94%] Linking CXX executable ../../bin/save-load-state
[ 94%] Linking CXX executable ../bin/test-tokenizer-0-llama
[ 95%] Building CXX object examples/speculative/CMakeFiles/speculative.dir/speculative.cpp.o
[ 96%] Building CXX object examples/lookup/CMakeFiles/lookup-merge.dir/lookup-merge.cpp.o
[ 97%] Linking CXX executable ../bin/test-tokenizer-1-falcon
[ 97%] Built target test-model-load-cancel
[ 98%] Linking CXX executable ../../bin/retrieval
[ 98%] Linking CXX executable ../../bin/q8dot
[ 98%] Building CXX object examples/lookup/CMakeFiles/lookup-create.dir/lookup-create.cpp.o
[ 98%] Linking CXX executable ../../bin/lookup-merge
[ 99%] Linking CXX executable ../../bin/vdot
[ 99%] Linking CXX executable ../../bin/speculative
[ 99%] Built target infill
[ 99%] Built target beam-search
[ 99%] Built target baby-llama
[100%] Linking CXX executable ../../bin/lookup-create
[100%] Built target batched-bench
[100%] Built target embedding
[100%] Built target tokenize
[100%] Built target test-grad0
[100%] Built target main
[100%] Built target gguf-split
[100%] Built target test-sampling
[100%] Built target llama-bench
[100%] Built target simple
[100%] Built target test-autorelease
[100%] Built target test-tokenizer-1-starcoder
[100%] Built target batched
[100%] Built target server
[100%] Built target test-tokenizer-1-llama
[100%] Built target convert-llama2c-to-ggml
[100%] Built target test-tokenizer-1-gpt2
[100%] Built target test-tokenizer-1-stablelm-3b-4e1t
[100%] Built target test-json-schema-to-grammar
[100%] Built target test-rope
[100%] Built target gritlm
[100%] Built target test-chat-template
[100%] Built target test-tokenizer-1-refact
[100%] Built target passkey
[100%] Built target llava-cli
[100%] Built target parallel
[100%] Built target finetune
[100%] Built target test-grammar-parser
[100%] Built target test-backend-ops
[100%] Built target test-quantize-fns
[100%] Built target perplexity
[100%] Built target retrieval
[100%] Built target lookup
[100%] Built target lookup-merge
[100%] Built target export-lora
[100%] Built target lookahead
[100%] Built target test-tokenizer-1-mpt
[100%] Built target vdot
[100%] Built target test-llama-grammar
[100%] Built target test-tokenizer-1-gpt-neox
[100%] Built target test-quantize-perf
[100%] Built target lookup-stats
[100%] Built target test-tokenizer-1-falcon
[100%] Built target train-text-from-scratch
[100%] Built target q8dot
[100%] Built target speculative
[100%] Built target imatrix
[100%] Built target test-tokenizer-1-aquila
[100%] Built target test-tokenizer-0-llama
[100%] Built target save-load-state
[100%] Built target lookup-create
[100%] Built target test-tokenizer-1-baichuan
[100%] Built target test-tokenizer-0-falcon
[100%] Built target ggml-metal

real	0m3.727s
user	0m14.300s
sys	0m4.856s
+ python3 ../convert-hf-to-gguf.py ../models-mnt/bge-small
/Users/ggml/mnt/llama.cpp/venv/lib/python3.9/site-packages/urllib3/__init__.py:34: NotOpenSSLWarning: urllib3 v2 only supports OpenSSL 1.1.1+, currently the 'ssl' module is compiled with 'LibreSSL 2.8.3'. See: https://github.com/urllib3/urllib3/issues/3020
  warnings.warn(
/Users/ggml/mnt/llama.cpp/venv/lib/python3.9/site-packages/torch/_utils.py:831: UserWarning: TypedStorage is deprecated. It will be removed in the future and UntypedStorage will be the only storage class. This should only matter to you if you are using storages directly.  To access UntypedStorage directly, use tensor.untyped_storage() instead of tensor.storage()
  return self.fget.__get__(instance, owner)()
Loading model: bge-small
gguf: This GGUF file is for Little Endian only
Set model parameters
gguf: context length = 512
gguf: embedding length = 384
gguf: feed forward length = 1536
gguf: head count = 12
gguf: layer norm epsilon = 1e-12
gguf: file type = 1
Set model tokenizer
fname_tokenizer: ../models-mnt/bge-small
gguf: Setting special token type pad to 0
Exporting model to '../models-mnt/bge-small/ggml-model-f16.gguf'
gguf: loading model part 'pytorch_model.bin'
token_embd.weight, n_dims = 2, torch.float32 --> <class 'numpy.float16'>
position_embd.weight, n_dims = 2, torch.float32 --> <class 'numpy.float16'>
token_types.weight, n_dims = 2, torch.float32 --> <class 'numpy.float32'>
token_embd_norm.weight, n_dims = 1, torch.float32 --> <class 'numpy.float32'>
token_embd_norm.bias, n_dims = 1, torch.float32 --> <class 'numpy.float32'>
blk.0.attn_q.weight, n_dims = 2, torch.float32 --> <class 'numpy.float16'>
blk.0.attn_q.bias, n_dims = 1, torch.float32 --> <class 'numpy.float32'>
blk.0.attn_k.weight, n_dims = 2, torch.float32 --> <class 'numpy.float16'>
blk.0.attn_k.bias, n_dims = 1, torch.float32 --> <class 'numpy.float32'>
blk.0.attn_v.weight, n_dims = 2, torch.float32 --> <class 'numpy.float16'>
blk.0.attn_v.bias, n_dims = 1, torch.float32 --> <class 'numpy.float32'>
blk.0.attn_output.weight, n_dims = 2, torch.float32 --> <class 'numpy.float16'>
blk.0.attn_output.bias, n_dims = 1, torch.float32 --> <class 'numpy.float32'>
blk.0.attn_output_norm.weight, n_dims = 1, torch.float32 --> <class 'numpy.float32'>
blk.0.attn_output_norm.bias, n_dims = 1, torch.float32 --> <class 'numpy.float32'>
blk.0.ffn_up.weight, n_dims = 2, torch.float32 --> <class 'numpy.float16'>
blk.0.ffn_up.bias, n_dims = 1, torch.float32 --> <class 'numpy.float32'>
blk.0.ffn_down.weight, n_dims = 2, torch.float32 --> <class 'numpy.float16'>
blk.0.ffn_down.bias, n_dims = 1, torch.float32 --> <class 'numpy.float32'>
blk.0.layer_output_norm.weight, n_dims = 1, torch.float32 --> <class 'numpy.float32'>
blk.0.layer_output_norm.bias, n_dims = 1, torch.float32 --> <class 'numpy.float32'>
blk.1.attn_q.weight, n_dims = 2, torch.float32 --> <class 'numpy.float16'>
blk.1.attn_q.bias, n_dims = 1, torch.float32 --> <class 'numpy.float32'>
blk.1.attn_k.weight, n_dims = 2, torch.float32 --> <class 'numpy.float16'>
blk.1.attn_k.bias, n_dims = 1, torch.float32 --> <class 'numpy.float32'>
blk.1.attn_v.weight, n_dims = 2, torch.float32 --> <class 'numpy.float16'>
blk.1.attn_v.bias, n_dims = 1, torch.float32 --> <class 'numpy.float32'>
blk.1.attn_output.weight, n_dims = 2, torch.float32 --> <class 'numpy.float16'>
blk.1.attn_output.bias, n_dims = 1, torch.float32 --> <class 'numpy.float32'>
blk.1.attn_output_norm.weight, n_dims = 1, torch.float32 --> <class 'numpy.float32'>
blk.1.attn_output_norm.bias, n_dims = 1, torch.float32 --> <class 'numpy.float32'>
blk.1.ffn_up.weight, n_dims = 2, torch.float32 --> <class 'numpy.float16'>
blk.1.ffn_up.bias, n_dims = 1, torch.float32 --> <class 'numpy.float32'>
blk.1.ffn_down.weight, n_dims = 2, torch.float32 --> <class 'numpy.float16'>
blk.1.ffn_down.bias, n_dims = 1, torch.float32 --> <class 'numpy.float32'>
blk.1.layer_output_norm.weight, n_dims = 1, torch.float32 --> <class 'numpy.float32'>
blk.1.layer_output_norm.bias, n_dims = 1, torch.float32 --> <class 'numpy.float32'>
blk.2.attn_q.weight, n_dims = 2, torch.float32 --> <class 'numpy.float16'>
blk.2.attn_q.bias, n_dims = 1, torch.float32 --> <class 'numpy.float32'>
blk.2.attn_k.weight, n_dims = 2, torch.float32 --> <class 'numpy.float16'>
blk.2.attn_k.bias, n_dims = 1, torch.float32 --> <class 'numpy.float32'>
blk.2.attn_v.weight, n_dims = 2, torch.float32 --> <class 'numpy.float16'>
blk.2.attn_v.bias, n_dims = 1, torch.float32 --> <class 'numpy.float32'>
blk.2.attn_output.weight, n_dims = 2, torch.float32 --> <class 'numpy.float16'>
blk.2.attn_output.bias, n_dims = 1, torch.float32 --> <class 'numpy.float32'>
blk.2.attn_output_norm.weight, n_dims = 1, torch.float32 --> <class 'numpy.float32'>
blk.2.attn_output_norm.bias, n_dims = 1, torch.float32 --> <class 'numpy.float32'>
blk.2.ffn_up.weight, n_dims = 2, torch.float32 --> <class 'numpy.float16'>
blk.2.ffn_up.bias, n_dims = 1, torch.float32 --> <class 'numpy.float32'>
blk.2.ffn_down.weight, n_dims = 2, torch.float32 --> <class 'numpy.float16'>
blk.2.ffn_down.bias, n_dims = 1, torch.float32 --> <class 'numpy.float32'>
blk.2.layer_output_norm.weight, n_dims = 1, torch.float32 --> <class 'numpy.float32'>
blk.2.layer_output_norm.bias, n_dims = 1, torch.float32 --> <class 'numpy.float32'>
blk.3.attn_q.weight, n_dims = 2, torch.float32 --> <class 'numpy.float16'>
blk.3.attn_q.bias, n_dims = 1, torch.float32 --> <class 'numpy.float32'>
blk.3.attn_k.weight, n_dims = 2, torch.float32 --> <class 'numpy.float16'>
blk.3.attn_k.bias, n_dims = 1, torch.float32 --> <class 'numpy.float32'>
blk.3.attn_v.weight, n_dims = 2, torch.float32 --> <class 'numpy.float16'>
blk.3.attn_v.bias, n_dims = 1, torch.float32 --> <class 'numpy.float32'>
blk.3.attn_output.weight, n_dims = 2, torch.float32 --> <class 'numpy.float16'>
blk.3.attn_output.bias, n_dims = 1, torch.float32 --> <class 'numpy.float32'>
blk.3.attn_output_norm.weight, n_dims = 1, torch.float32 --> <class 'numpy.float32'>
blk.3.attn_output_norm.bias, n_dims = 1, torch.float32 --> <class 'numpy.float32'>
blk.3.ffn_up.weight, n_dims = 2, torch.float32 --> <class 'numpy.float16'>
blk.3.ffn_up.bias, n_dims = 1, torch.float32 --> <class 'numpy.float32'>
blk.3.ffn_down.weight, n_dims = 2, torch.float32 --> <class 'numpy.float16'>
blk.3.ffn_down.bias, n_dims = 1, torch.float32 --> <class 'numpy.float32'>
blk.3.layer_output_norm.weight, n_dims = 1, torch.float32 --> <class 'numpy.float32'>
blk.3.layer_output_norm.bias, n_dims = 1, torch.float32 --> <class 'numpy.float32'>
blk.4.attn_q.weight, n_dims = 2, torch.float32 --> <class 'numpy.float16'>
blk.4.attn_q.bias, n_dims = 1, torch.float32 --> <class 'numpy.float32'>
blk.4.attn_k.weight, n_dims = 2, torch.float32 --> <class 'numpy.float16'>
blk.4.attn_k.bias, n_dims = 1, torch.float32 --> <class 'numpy.float32'>
blk.4.attn_v.weight, n_dims = 2, torch.float32 --> <class 'numpy.float16'>
blk.4.attn_v.bias, n_dims = 1, torch.float32 --> <class 'numpy.float32'>
blk.4.attn_output.weight, n_dims = 2, torch.float32 --> <class 'numpy.float16'>
blk.4.attn_output.bias, n_dims = 1, torch.float32 --> <class 'numpy.float32'>
blk.4.attn_output_norm.weight, n_dims = 1, torch.float32 --> <class 'numpy.float32'>
blk.4.attn_output_norm.bias, n_dims = 1, torch.float32 --> <class 'numpy.float32'>
blk.4.ffn_up.weight, n_dims = 2, torch.float32 --> <class 'numpy.float16'>
blk.4.ffn_up.bias, n_dims = 1, torch.float32 --> <class 'numpy.float32'>
blk.4.ffn_down.weight, n_dims = 2, torch.float32 --> <class 'numpy.float16'>
blk.4.ffn_down.bias, n_dims = 1, torch.float32 --> <class 'numpy.float32'>
blk.4.layer_output_norm.weight, n_dims = 1, torch.float32 --> <class 'numpy.float32'>
blk.4.layer_output_norm.bias, n_dims = 1, torch.float32 --> <class 'numpy.float32'>
blk.5.attn_q.weight, n_dims = 2, torch.float32 --> <class 'numpy.float16'>
blk.5.attn_q.bias, n_dims = 1, torch.float32 --> <class 'numpy.float32'>
blk.5.attn_k.weight, n_dims = 2, torch.float32 --> <class 'numpy.float16'>
blk.5.attn_k.bias, n_dims = 1, torch.float32 --> <class 'numpy.float32'>
blk.5.attn_v.weight, n_dims = 2, torch.float32 --> <class 'numpy.float16'>
blk.5.attn_v.bias, n_dims = 1, torch.float32 --> <class 'numpy.float32'>
blk.5.attn_output.weight, n_dims = 2, torch.float32 --> <class 'numpy.float16'>
blk.5.attn_output.bias, n_dims = 1, torch.float32 --> <class 'numpy.float32'>
blk.5.attn_output_norm.weight, n_dims = 1, torch.float32 --> <class 'numpy.float32'>
blk.5.attn_output_norm.bias, n_dims = 1, torch.float32 --> <class 'numpy.float32'>
blk.5.ffn_up.weight, n_dims = 2, torch.float32 --> <class 'numpy.float16'>
blk.5.ffn_up.bias, n_dims = 1, torch.float32 --> <class 'numpy.float32'>
blk.5.ffn_down.weight, n_dims = 2, torch.float32 --> <class 'numpy.float16'>
blk.5.ffn_down.bias, n_dims = 1, torch.float32 --> <class 'numpy.float32'>
blk.5.layer_output_norm.weight, n_dims = 1, torch.float32 --> <class 'numpy.float32'>
blk.5.layer_output_norm.bias, n_dims = 1, torch.float32 --> <class 'numpy.float32'>
blk.6.attn_q.weight, n_dims = 2, torch.float32 --> <class 'numpy.float16'>
blk.6.attn_q.bias, n_dims = 1, torch.float32 --> <class 'numpy.float32'>
blk.6.attn_k.weight, n_dims = 2, torch.float32 --> <class 'numpy.float16'>
blk.6.attn_k.bias, n_dims = 1, torch.float32 --> <class 'numpy.float32'>
blk.6.attn_v.weight, n_dims = 2, torch.float32 --> <class 'numpy.float16'>
blk.6.attn_v.bias, n_dims = 1, torch.float32 --> <class 'numpy.float32'>
blk.6.attn_output.weight, n_dims = 2, torch.float32 --> <class 'numpy.float16'>
blk.6.attn_output.bias, n_dims = 1, torch.float32 --> <class 'numpy.float32'>
blk.6.attn_output_norm.weight, n_dims = 1, torch.float32 --> <class 'numpy.float32'>
blk.6.attn_output_norm.bias, n_dims = 1, torch.float32 --> <class 'numpy.float32'>
blk.6.ffn_up.weight, n_dims = 2, torch.float32 --> <class 'numpy.float16'>
blk.6.ffn_up.bias, n_dims = 1, torch.float32 --> <class 'numpy.float32'>
blk.6.ffn_down.weight, n_dims = 2, torch.float32 --> <class 'numpy.float16'>
blk.6.ffn_down.bias, n_dims = 1, torch.float32 --> <class 'numpy.float32'>
blk.6.layer_output_norm.weight, n_dims = 1, torch.float32 --> <class 'numpy.float32'>
blk.6.layer_output_norm.bias, n_dims = 1, torch.float32 --> <class 'numpy.float32'>
blk.7.attn_q.weight, n_dims = 2, torch.float32 --> <class 'numpy.float16'>
blk.7.attn_q.bias, n_dims = 1, torch.float32 --> <class 'numpy.float32'>
blk.7.attn_k.weight, n_dims = 2, torch.float32 --> <class 'numpy.float16'>
blk.7.attn_k.bias, n_dims = 1, torch.float32 --> <class 'numpy.float32'>
blk.7.attn_v.weight, n_dims = 2, torch.float32 --> <class 'numpy.float16'>
blk.7.attn_v.bias, n_dims = 1, torch.float32 --> <class 'numpy.float32'>
blk.7.attn_output.weight, n_dims = 2, torch.float32 --> <class 'numpy.float16'>
blk.7.attn_output.bias, n_dims = 1, torch.float32 --> <class 'numpy.float32'>
blk.7.attn_output_norm.weight, n_dims = 1, torch.float32 --> <class 'numpy.float32'>
blk.7.attn_output_norm.bias, n_dims = 1, torch.float32 --> <class 'numpy.float32'>
blk.7.ffn_up.weight, n_dims = 2, torch.float32 --> <class 'numpy.float16'>
blk.7.ffn_up.bias, n_dims = 1, torch.float32 --> <class 'numpy.float32'>
blk.7.ffn_down.weight, n_dims = 2, torch.float32 --> <class 'numpy.float16'>
blk.7.ffn_down.bias, n_dims = 1, torch.float32 --> <class 'numpy.float32'>
blk.7.layer_output_norm.weight, n_dims = 1, torch.float32 --> <class 'numpy.float32'>
blk.7.layer_output_norm.bias, n_dims = 1, torch.float32 --> <class 'numpy.float32'>
blk.8.attn_q.weight, n_dims = 2, torch.float32 --> <class 'numpy.float16'>
blk.8.attn_q.bias, n_dims = 1, torch.float32 --> <class 'numpy.float32'>
blk.8.attn_k.weight, n_dims = 2, torch.float32 --> <class 'numpy.float16'>
blk.8.attn_k.bias, n_dims = 1, torch.float32 --> <class 'numpy.float32'>
blk.8.attn_v.weight, n_dims = 2, torch.float32 --> <class 'numpy.float16'>
blk.8.attn_v.bias, n_dims = 1, torch.float32 --> <class 'numpy.float32'>
blk.8.attn_output.weight, n_dims = 2, torch.float32 --> <class 'numpy.float16'>
blk.8.attn_output.bias, n_dims = 1, torch.float32 --> <class 'numpy.float32'>
blk.8.attn_output_norm.weight, n_dims = 1, torch.float32 --> <class 'numpy.float32'>
blk.8.attn_output_norm.bias, n_dims = 1, torch.float32 --> <class 'numpy.float32'>
blk.8.ffn_up.weight, n_dims = 2, torch.float32 --> <class 'numpy.float16'>
blk.8.ffn_up.bias, n_dims = 1, torch.float32 --> <class 'numpy.float32'>
blk.8.ffn_down.weight, n_dims = 2, torch.float32 --> <class 'numpy.float16'>
blk.8.ffn_down.bias, n_dims = 1, torch.float32 --> <class 'numpy.float32'>
blk.8.layer_output_norm.weight, n_dims = 1, torch.float32 --> <class 'numpy.float32'>
blk.8.layer_output_norm.bias, n_dims = 1, torch.float32 --> <class 'numpy.float32'>
blk.9.attn_q.weight, n_dims = 2, torch.float32 --> <class 'numpy.float16'>
blk.9.attn_q.bias, n_dims = 1, torch.float32 --> <class 'numpy.float32'>
blk.9.attn_k.weight, n_dims = 2, torch.float32 --> <class 'numpy.float16'>
blk.9.attn_k.bias, n_dims = 1, torch.float32 --> <class 'numpy.float32'>
blk.9.attn_v.weight, n_dims = 2, torch.float32 --> <class 'numpy.float16'>
blk.9.attn_v.bias, n_dims = 1, torch.float32 --> <class 'numpy.float32'>
blk.9.attn_output.weight, n_dims = 2, torch.float32 --> <class 'numpy.float16'>
blk.9.attn_output.bias, n_dims = 1, torch.float32 --> <class 'numpy.float32'>
blk.9.attn_output_norm.weight, n_dims = 1, torch.float32 --> <class 'numpy.float32'>
blk.9.attn_output_norm.bias, n_dims = 1, torch.float32 --> <class 'numpy.float32'>
blk.9.ffn_up.weight, n_dims = 2, torch.float32 --> <class 'numpy.float16'>
blk.9.ffn_up.bias, n_dims = 1, torch.float32 --> <class 'numpy.float32'>
blk.9.ffn_down.weight, n_dims = 2, torch.float32 --> <class 'numpy.float16'>
blk.9.ffn_down.bias, n_dims = 1, torch.float32 --> <class 'numpy.float32'>
blk.9.layer_output_norm.weight, n_dims = 1, torch.float32 --> <class 'numpy.float32'>
blk.9.layer_output_norm.bias, n_dims = 1, torch.float32 --> <class 'numpy.float32'>
blk.10.attn_q.weight, n_dims = 2, torch.float32 --> <class 'numpy.float16'>
blk.10.attn_q.bias, n_dims = 1, torch.float32 --> <class 'numpy.float32'>
blk.10.attn_k.weight, n_dims = 2, torch.float32 --> <class 'numpy.float16'>
blk.10.attn_k.bias, n_dims = 1, torch.float32 --> <class 'numpy.float32'>
blk.10.attn_v.weight, n_dims = 2, torch.float32 --> <class 'numpy.float16'>
blk.10.attn_v.bias, n_dims = 1, torch.float32 --> <class 'numpy.float32'>
blk.10.attn_output.weight, n_dims = 2, torch.float32 --> <class 'numpy.float16'>
blk.10.attn_output.bias, n_dims = 1, torch.float32 --> <class 'numpy.float32'>
blk.10.attn_output_norm.weight, n_dims = 1, torch.float32 --> <class 'numpy.float32'>
blk.10.attn_output_norm.bias, n_dims = 1, torch.float32 --> <class 'numpy.float32'>
blk.10.ffn_up.weight, n_dims = 2, torch.float32 --> <class 'numpy.float16'>
blk.10.ffn_up.bias, n_dims = 1, torch.float32 --> <class 'numpy.float32'>
blk.10.ffn_down.weight, n_dims = 2, torch.float32 --> <class 'numpy.float16'>
blk.10.ffn_down.bias, n_dims = 1, torch.float32 --> <class 'numpy.float32'>
blk.10.layer_output_norm.weight, n_dims = 1, torch.float32 --> <class 'numpy.float32'>
blk.10.layer_output_norm.bias, n_dims = 1, torch.float32 --> <class 'numpy.float32'>
blk.11.attn_q.weight, n_dims = 2, torch.float32 --> <class 'numpy.float16'>
blk.11.attn_q.bias, n_dims = 1, torch.float32 --> <class 'numpy.float32'>
blk.11.attn_k.weight, n_dims = 2, torch.float32 --> <class 'numpy.float16'>
blk.11.attn_k.bias, n_dims = 1, torch.float32 --> <class 'numpy.float32'>
blk.11.attn_v.weight, n_dims = 2, torch.float32 --> <class 'numpy.float16'>
blk.11.attn_v.bias, n_dims = 1, torch.float32 --> <class 'numpy.float32'>
blk.11.attn_output.weight, n_dims = 2, torch.float32 --> <class 'numpy.float16'>
blk.11.attn_output.bias, n_dims = 1, torch.float32 --> <class 'numpy.float32'>
blk.11.attn_output_norm.weight, n_dims = 1, torch.float32 --> <class 'numpy.float32'>
blk.11.attn_output_norm.bias, n_dims = 1, torch.float32 --> <class 'numpy.float32'>
blk.11.ffn_up.weight, n_dims = 2, torch.float32 --> <class 'numpy.float16'>
blk.11.ffn_up.bias, n_dims = 1, torch.float32 --> <class 'numpy.float32'>
blk.11.ffn_down.weight, n_dims = 2, torch.float32 --> <class 'numpy.float16'>
blk.11.ffn_down.bias, n_dims = 1, torch.float32 --> <class 'numpy.float32'>
blk.11.layer_output_norm.weight, n_dims = 1, torch.float32 --> <class 'numpy.float32'>
blk.11.layer_output_norm.bias, n_dims = 1, torch.float32 --> <class 'numpy.float32'>
Model successfully exported to '../models-mnt/bge-small/ggml-model-f16.gguf'
+ model_f16=../models-mnt/bge-small/ggml-model-f16.gguf
+ model_q8_0=../models-mnt/bge-small/ggml-model-q8_0.gguf
+ ./bin/quantize ../models-mnt/bge-small/ggml-model-f16.gguf ../models-mnt/bge-small/ggml-model-q8_0.gguf q8_0
main: build = 2546 (e562b971)
main: built with Apple clang version 15.0.0 (clang-1500.1.0.2.5) for arm64-apple-darwin23.2.0
main: quantizing '../models-mnt/bge-small/ggml-model-f16.gguf' to '../models-mnt/bge-small/ggml-model-q8_0.gguf' as Q8_0
llama_model_loader: loaded meta data with 19 key-value pairs and 197 tensors from ../models-mnt/bge-small/ggml-model-f16.gguf (version GGUF V3 (latest))
llama_model_loader: Dumping metadata keys/values. Note: KV overrides do not apply in this output.
llama_model_loader: - kv   0:                       general.architecture str              = bert
llama_model_loader: - kv   1:                               general.name str              = bge-small
llama_model_loader: - kv   2:                           bert.block_count u32              = 12
llama_model_loader: - kv   3:                        bert.context_length u32              = 512
llama_model_loader: - kv   4:                      bert.embedding_length u32              = 384
llama_model_loader: - kv   5:                   bert.feed_forward_length u32              = 1536
llama_model_loader: - kv   6:                  bert.attention.head_count u32              = 12
llama_model_loader: - kv   7:          bert.attention.layer_norm_epsilon f32              = 0.000000
llama_model_loader: - kv   8:                          general.file_type u32              = 1
llama_model_loader: - kv   9:                      bert.attention.causal bool             = false
llama_model_loader: - kv  10:                          bert.pooling_type u32              = 2
llama_model_loader: - kv  11:            tokenizer.ggml.token_type_count u32              = 2
llama_model_loader: - kv  12:                tokenizer.ggml.bos_token_id u32              = 101
llama_model_loader: - kv  13:                tokenizer.ggml.eos_token_id u32              = 102
llama_model_loader: - kv  14:                       tokenizer.ggml.model str              = bert
llama_model_loader: - kv  15:                      tokenizer.ggml.tokens arr[str,30522]   = ["[PAD]", "[unused0]", "[unused1]", "...
llama_model_loader: - kv  16:                      tokenizer.ggml.scores arr[f32,30522]   = [-1000.000000, -1000.000000, -1000.00...
llama_model_loader: - kv  17:                  tokenizer.ggml.token_type arr[i32,30522]   = [3, 1, 1, 1, 1, 1, 1, 1, 1, 1, 1, 1, ...
llama_model_loader: - kv  18:            tokenizer.ggml.padding_token_id u32              = 0
llama_model_loader: - type  f32:  123 tensors
llama_model_loader: - type  f16:   74 tensors
llama_model_quantize_internal ============ Strange model: n_attention_wv = 12, n_ffn_down = 24, hparams.n_layer = 12
llama_model_quantize_internal: meta size = 760800 bytes
[   1/ 197]                    token_embd.weight - [  384, 30522,     1,     1], type =    f16, converting to q8_0 .. size =    22.35 MiB ->    11.88 MiB
[   2/ 197]                 position_embd.weight - [  384,   512,     1,     1], type =    f16, size =    0.375 MB
[   3/ 197]                   token_types.weight - [  384,     2,     1,     1], type =    f32, size =    0.003 MB
[   4/ 197]               token_embd_norm.weight - [  384,     1,     1,     1], type =    f32, size =    0.001 MB
[   5/ 197]                 token_embd_norm.bias - [  384,     1,     1,     1], type =    f32, size =    0.001 MB
[   6/ 197]                  blk.0.attn_q.weight - [  384,   384,     1,     1], type =    f16, converting to q8_0 .. size =     0.28 MiB ->     0.15 MiB
[   7/ 197]                    blk.0.attn_q.bias - [  384,     1,     1,     1], type =    f32, size =    0.001 MB
[   8/ 197]                  blk.0.attn_k.weight - [  384,   384,     1,     1], type =    f16, converting to q8_0 .. size =     0.28 MiB ->     0.15 MiB
[   9/ 197]                    blk.0.attn_k.bias - [  384,     1,     1,     1], type =    f32, size =    0.001 MB
[  10/ 197]                  blk.0.attn_v.weight - [  384,   384,     1,     1], type =    f16, converting to q8_0 .. size =     0.28 MiB ->     0.15 MiB
[  11/ 197]                    blk.0.attn_v.bias - [  384,     1,     1,     1], type =    f32, size =    0.001 MB
[  12/ 197]             blk.0.attn_output.weight - [  384,   384,     1,     1], type =    f16, converting to q8_0 .. size =     0.28 MiB ->     0.15 MiB
[  13/ 197]               blk.0.attn_output.bias - [  384,     1,     1,     1], type =    f32, size =    0.001 MB
[  14/ 197]        blk.0.attn_output_norm.weight - [  384,     1,     1,     1], type =    f32, size =    0.001 MB
[  15/ 197]          blk.0.attn_output_norm.bias - [  384,     1,     1,     1], type =    f32, size =    0.001 MB
[  16/ 197]                  blk.0.ffn_up.weight - [  384,  1536,     1,     1], type =    f16, converting to q8_0 .. size =     1.12 MiB ->     0.60 MiB
[  17/ 197]                    blk.0.ffn_up.bias - [ 1536,     1,     1,     1], type =    f32, size =    0.006 MB
[  18/ 197]                blk.0.ffn_down.weight - [ 1536,   384,     1,     1], type =    f16, converting to q8_0 .. size =     1.12 MiB ->     0.60 MiB
[  19/ 197]                  blk.0.ffn_down.bias - [  384,     1,     1,     1], type =    f32, size =    0.001 MB
[  20/ 197]       blk.0.layer_output_norm.weight - [  384,     1,     1,     1], type =    f32, size =    0.001 MB
[  21/ 197]         blk.0.layer_output_norm.bias - [  384,     1,     1,     1], type =    f32, size =    0.001 MB
[  22/ 197]                  blk.1.attn_q.weight - [  384,   384,     1,     1], type =    f16, converting to q8_0 .. size =     0.28 MiB ->     0.15 MiB
[  23/ 197]                    blk.1.attn_q.bias - [  384,     1,     1,     1], type =    f32, size =    0.001 MB
[  24/ 197]                  blk.1.attn_k.weight - [  384,   384,     1,     1], type =    f16, converting to q8_0 .. size =     0.28 MiB ->     0.15 MiB
[  25/ 197]                    blk.1.attn_k.bias - [  384,     1,     1,     1], type =    f32, size =    0.001 MB
[  26/ 197]                  blk.1.attn_v.weight - [  384,   384,     1,     1], type =    f16, converting to q8_0 .. size =     0.28 MiB ->     0.15 MiB
[  27/ 197]                    blk.1.attn_v.bias - [  384,     1,     1,     1], type =    f32, size =    0.001 MB
[  28/ 197]             blk.1.attn_output.weight - [  384,   384,     1,     1], type =    f16, converting to q8_0 .. size =     0.28 MiB ->     0.15 MiB
[  29/ 197]               blk.1.attn_output.bias - [  384,     1,     1,     1], type =    f32, size =    0.001 MB
[  30/ 197]        blk.1.attn_output_norm.weight - [  384,     1,     1,     1], type =    f32, size =    0.001 MB
[  31/ 197]          blk.1.attn_output_norm.bias - [  384,     1,     1,     1], type =    f32, size =    0.001 MB
[  32/ 197]                  blk.1.ffn_up.weight - [  384,  1536,     1,     1], type =    f16, converting to q8_0 .. size =     1.12 MiB ->     0.60 MiB
[  33/ 197]                    blk.1.ffn_up.bias - [ 1536,     1,     1,     1], type =    f32, size =    0.006 MB
[  34/ 197]                blk.1.ffn_down.weight - [ 1536,   384,     1,     1], type =    f16, converting to q8_0 .. size =     1.12 MiB ->     0.60 MiB
[  35/ 197]                  blk.1.ffn_down.bias - [  384,     1,     1,     1], type =    f32, size =    0.001 MB
[  36/ 197]       blk.1.layer_output_norm.weight - [  384,     1,     1,     1], type =    f32, size =    0.001 MB
[  37/ 197]         blk.1.layer_output_norm.bias - [  384,     1,     1,     1], type =    f32, size =    0.001 MB
[  38/ 197]                  blk.2.attn_q.weight - [  384,   384,     1,     1], type =    f16, converting to q8_0 .. size =     0.28 MiB ->     0.15 MiB
[  39/ 197]                    blk.2.attn_q.bias - [  384,     1,     1,     1], type =    f32, size =    0.001 MB
[  40/ 197]                  blk.2.attn_k.weight - [  384,   384,     1,     1], type =    f16, converting to q8_0 .. size =     0.28 MiB ->     0.15 MiB
[  41/ 197]                    blk.2.attn_k.bias - [  384,     1,     1,     1], type =    f32, size =    0.001 MB
[  42/ 197]                  blk.2.attn_v.weight - [  384,   384,     1,     1], type =    f16, converting to q8_0 .. size =     0.28 MiB ->     0.15 MiB
[  43/ 197]                    blk.2.attn_v.bias - [  384,     1,     1,     1], type =    f32, size =    0.001 MB
[  44/ 197]             blk.2.attn_output.weight - [  384,   384,     1,     1], type =    f16, converting to q8_0 .. size =     0.28 MiB ->     0.15 MiB
[  45/ 197]               blk.2.attn_output.bias - [  384,     1,     1,     1], type =    f32, size =    0.001 MB
[  46/ 197]        blk.2.attn_output_norm.weight - [  384,     1,     1,     1], type =    f32, size =    0.001 MB
[  47/ 197]          blk.2.attn_output_norm.bias - [  384,     1,     1,     1], type =    f32, size =    0.001 MB
[  48/ 197]                  blk.2.ffn_up.weight - [  384,  1536,     1,     1], type =    f16, converting to q8_0 .. size =     1.12 MiB ->     0.60 MiB
[  49/ 197]                    blk.2.ffn_up.bias - [ 1536,     1,     1,     1], type =    f32, size =    0.006 MB
[  50/ 197]                blk.2.ffn_down.weight - [ 1536,   384,     1,     1], type =    f16, converting to q8_0 .. size =     1.12 MiB ->     0.60 MiB
[  51/ 197]                  blk.2.ffn_down.bias - [  384,     1,     1,     1], type =    f32, size =    0.001 MB
[  52/ 197]       blk.2.layer_output_norm.weight - [  384,     1,     1,     1], type =    f32, size =    0.001 MB
[  53/ 197]         blk.2.layer_output_norm.bias - [  384,     1,     1,     1], type =    f32, size =    0.001 MB
[  54/ 197]                  blk.3.attn_q.weight - [  384,   384,     1,     1], type =    f16, converting to q8_0 .. size =     0.28 MiB ->     0.15 MiB
[  55/ 197]                    blk.3.attn_q.bias - [  384,     1,     1,     1], type =    f32, size =    0.001 MB
[  56/ 197]                  blk.3.attn_k.weight - [  384,   384,     1,     1], type =    f16, converting to q8_0 .. size =     0.28 MiB ->     0.15 MiB
[  57/ 197]                    blk.3.attn_k.bias - [  384,     1,     1,     1], type =    f32, size =    0.001 MB
[  58/ 197]                  blk.3.attn_v.weight - [  384,   384,     1,     1], type =    f16, converting to q8_0 .. size =     0.28 MiB ->     0.15 MiB
[  59/ 197]                    blk.3.attn_v.bias - [  384,     1,     1,     1], type =    f32, size =    0.001 MB
[  60/ 197]             blk.3.attn_output.weight - [  384,   384,     1,     1], type =    f16, converting to q8_0 .. size =     0.28 MiB ->     0.15 MiB
[  61/ 197]               blk.3.attn_output.bias - [  384,     1,     1,     1], type =    f32, size =    0.001 MB
[  62/ 197]        blk.3.attn_output_norm.weight - [  384,     1,     1,     1], type =    f32, size =    0.001 MB
[  63/ 197]          blk.3.attn_output_norm.bias - [  384,     1,     1,     1], type =    f32, size =    0.001 MB
[  64/ 197]                  blk.3.ffn_up.weight - [  384,  1536,     1,     1], type =    f16, converting to q8_0 .. size =     1.12 MiB ->     0.60 MiB
[  65/ 197]                    blk.3.ffn_up.bias - [ 1536,     1,     1,     1], type =    f32, size =    0.006 MB
[  66/ 197]                blk.3.ffn_down.weight - [ 1536,   384,     1,     1], type =    f16, converting to q8_0 .. size =     1.12 MiB ->     0.60 MiB
[  67/ 197]                  blk.3.ffn_down.bias - [  384,     1,     1,     1], type =    f32, size =    0.001 MB
[  68/ 197]       blk.3.layer_output_norm.weight - [  384,     1,     1,     1], type =    f32, size =    0.001 MB
[  69/ 197]         blk.3.layer_output_norm.bias - [  384,     1,     1,     1], type =    f32, size =    0.001 MB
[  70/ 197]                  blk.4.attn_q.weight - [  384,   384,     1,     1], type =    f16, converting to q8_0 .. size =     0.28 MiB ->     0.15 MiB
[  71/ 197]                    blk.4.attn_q.bias - [  384,     1,     1,     1], type =    f32, size =    0.001 MB
[  72/ 197]                  blk.4.attn_k.weight - [  384,   384,     1,     1], type =    f16, converting to q8_0 .. size =     0.28 MiB ->     0.15 MiB
[  73/ 197]                    blk.4.attn_k.bias - [  384,     1,     1,     1], type =    f32, size =    0.001 MB
[  74/ 197]                  blk.4.attn_v.weight - [  384,   384,     1,     1], type =    f16, converting to q8_0 .. size =     0.28 MiB ->     0.15 MiB
[  75/ 197]                    blk.4.attn_v.bias - [  384,     1,     1,     1], type =    f32, size =    0.001 MB
[  76/ 197]             blk.4.attn_output.weight - [  384,   384,     1,     1], type =    f16, converting to q8_0 .. size =     0.28 MiB ->     0.15 MiB
[  77/ 197]               blk.4.attn_output.bias - [  384,     1,     1,     1], type =    f32, size =    0.001 MB
[  78/ 197]        blk.4.attn_output_norm.weight - [  384,     1,     1,     1], type =    f32, size =    0.001 MB
[  79/ 197]          blk.4.attn_output_norm.bias - [  384,     1,     1,     1], type =    f32, size =    0.001 MB
[  80/ 197]                  blk.4.ffn_up.weight - [  384,  1536,     1,     1], type =    f16, converting to q8_0 .. size =     1.12 MiB ->     0.60 MiB
[  81/ 197]                    blk.4.ffn_up.bias - [ 1536,     1,     1,     1], type =    f32, size =    0.006 MB
[  82/ 197]                blk.4.ffn_down.weight - [ 1536,   384,     1,     1], type =    f16, converting to q8_0 .. size =     1.12 MiB ->     0.60 MiB
[  83/ 197]                  blk.4.ffn_down.bias - [  384,     1,     1,     1], type =    f32, size =    0.001 MB
[  84/ 197]       blk.4.layer_output_norm.weight - [  384,     1,     1,     1], type =    f32, size =    0.001 MB
[  85/ 197]         blk.4.layer_output_norm.bias - [  384,     1,     1,     1], type =    f32, size =    0.001 MB
[  86/ 197]                  blk.5.attn_q.weight - [  384,   384,     1,     1], type =    f16, converting to q8_0 .. size =     0.28 MiB ->     0.15 MiB
[  87/ 197]                    blk.5.attn_q.bias - [  384,     1,     1,     1], type =    f32, size =    0.001 MB
[  88/ 197]                  blk.5.attn_k.weight - [  384,   384,     1,     1], type =    f16, converting to q8_0 .. size =     0.28 MiB ->     0.15 MiB
[  89/ 197]                    blk.5.attn_k.bias - [  384,     1,     1,     1], type =    f32, size =    0.001 MB
[  90/ 197]                  blk.5.attn_v.weight - [  384,   384,     1,     1], type =    f16, converting to q8_0 .. size =     0.28 MiB ->     0.15 MiB
[  91/ 197]                    blk.5.attn_v.bias - [  384,     1,     1,     1], type =    f32, size =    0.001 MB
[  92/ 197]             blk.5.attn_output.weight - [  384,   384,     1,     1], type =    f16, converting to q8_0 .. size =     0.28 MiB ->     0.15 MiB
[  93/ 197]               blk.5.attn_output.bias - [  384,     1,     1,     1], type =    f32, size =    0.001 MB
[  94/ 197]        blk.5.attn_output_norm.weight - [  384,     1,     1,     1], type =    f32, size =    0.001 MB
[  95/ 197]          blk.5.attn_output_norm.bias - [  384,     1,     1,     1], type =    f32, size =    0.001 MB
[  96/ 197]                  blk.5.ffn_up.weight - [  384,  1536,     1,     1], type =    f16, converting to q8_0 .. size =     1.12 MiB ->     0.60 MiB
[  97/ 197]                    blk.5.ffn_up.bias - [ 1536,     1,     1,     1], type =    f32, size =    0.006 MB
[  98/ 197]                blk.5.ffn_down.weight - [ 1536,   384,     1,     1], type =    f16, converting to q8_0 .. size =     1.12 MiB ->     0.60 MiB
[  99/ 197]                  blk.5.ffn_down.bias - [  384,     1,     1,     1], type =    f32, size =    0.001 MB
[ 100/ 197]       blk.5.layer_output_norm.weight - [  384,     1,     1,     1], type =    f32, size =    0.001 MB
[ 101/ 197]         blk.5.layer_output_norm.bias - [  384,     1,     1,     1], type =    f32, size =    0.001 MB
[ 102/ 197]                  blk.6.attn_q.weight - [  384,   384,     1,     1], type =    f16, converting to q8_0 .. size =     0.28 MiB ->     0.15 MiB
[ 103/ 197]                    blk.6.attn_q.bias - [  384,     1,     1,     1], type =    f32, size =    0.001 MB
[ 104/ 197]                  blk.6.attn_k.weight - [  384,   384,     1,     1], type =    f16, converting to q8_0 .. size =     0.28 MiB ->     0.15 MiB
[ 105/ 197]                    blk.6.attn_k.bias - [  384,     1,     1,     1], type =    f32, size =    0.001 MB
[ 106/ 197]                  blk.6.attn_v.weight - [  384,   384,     1,     1], type =    f16, converting to q8_0 .. size =     0.28 MiB ->     0.15 MiB
[ 107/ 197]                    blk.6.attn_v.bias - [  384,     1,     1,     1], type =    f32, size =    0.001 MB
[ 108/ 197]             blk.6.attn_output.weight - [  384,   384,     1,     1], type =    f16, converting to q8_0 .. size =     0.28 MiB ->     0.15 MiB
[ 109/ 197]               blk.6.attn_output.bias - [  384,     1,     1,     1], type =    f32, size =    0.001 MB
[ 110/ 197]        blk.6.attn_output_norm.weight - [  384,     1,     1,     1], type =    f32, size =    0.001 MB
[ 111/ 197]          blk.6.attn_output_norm.bias - [  384,     1,     1,     1], type =    f32, size =    0.001 MB
[ 112/ 197]                  blk.6.ffn_up.weight - [  384,  1536,     1,     1], type =    f16, converting to q8_0 .. size =     1.12 MiB ->     0.60 MiB
[ 113/ 197]                    blk.6.ffn_up.bias - [ 1536,     1,     1,     1], type =    f32, size =    0.006 MB
[ 114/ 197]                blk.6.ffn_down.weight - [ 1536,   384,     1,     1], type =    f16, converting to q8_0 .. size =     1.12 MiB ->     0.60 MiB
[ 115/ 197]                  blk.6.ffn_down.bias - [  384,     1,     1,     1], type =    f32, size =    0.001 MB
[ 116/ 197]       blk.6.layer_output_norm.weight - [  384,     1,     1,     1], type =    f32, size =    0.001 MB
[ 117/ 197]         blk.6.layer_output_norm.bias - [  384,     1,     1,     1], type =    f32, size =    0.001 MB
[ 118/ 197]                  blk.7.attn_q.weight - [  384,   384,     1,     1], type =    f16, converting to q8_0 .. size =     0.28 MiB ->     0.15 MiB
[ 119/ 197]                    blk.7.attn_q.bias - [  384,     1,     1,     1], type =    f32, size =    0.001 MB
[ 120/ 197]                  blk.7.attn_k.weight - [  384,   384,     1,     1], type =    f16, converting to q8_0 .. size =     0.28 MiB ->     0.15 MiB
[ 121/ 197]                    blk.7.attn_k.bias - [  384,     1,     1,     1], type =    f32, size =    0.001 MB
[ 122/ 197]                  blk.7.attn_v.weight - [  384,   384,     1,     1], type =    f16, converting to q8_0 .. size =     0.28 MiB ->     0.15 MiB
[ 123/ 197]                    blk.7.attn_v.bias - [  384,     1,     1,     1], type =    f32, size =    0.001 MB
[ 124/ 197]             blk.7.attn_output.weight - [  384,   384,     1,     1], type =    f16, converting to q8_0 .. size =     0.28 MiB ->     0.15 MiB
[ 125/ 197]               blk.7.attn_output.bias - [  384,     1,     1,     1], type =    f32, size =    0.001 MB
[ 126/ 197]        blk.7.attn_output_norm.weight - [  384,     1,     1,     1], type =    f32, size =    0.001 MB
[ 127/ 197]          blk.7.attn_output_norm.bias - [  384,     1,     1,     1], type =    f32, size =    0.001 MB
[ 128/ 197]                  blk.7.ffn_up.weight - [  384,  1536,     1,     1], type =    f16, converting to q8_0 .. size =     1.12 MiB ->     0.60 MiB
[ 129/ 197]                    blk.7.ffn_up.bias - [ 1536,     1,     1,     1], type =    f32, size =    0.006 MB
[ 130/ 197]                blk.7.ffn_down.weight - [ 1536,   384,     1,     1], type =    f16, converting to q8_0 .. size =     1.12 MiB ->     0.60 MiB
[ 131/ 197]                  blk.7.ffn_down.bias - [  384,     1,     1,     1], type =    f32, size =    0.001 MB
[ 132/ 197]       blk.7.layer_output_norm.weight - [  384,     1,     1,     1], type =    f32, size =    0.001 MB
[ 133/ 197]         blk.7.layer_output_norm.bias - [  384,     1,     1,     1], type =    f32, size =    0.001 MB
[ 134/ 197]                  blk.8.attn_q.weight - [  384,   384,     1,     1], type =    f16, converting to q8_0 .. size =     0.28 MiB ->     0.15 MiB
[ 135/ 197]                    blk.8.attn_q.bias - [  384,     1,     1,     1], type =    f32, size =    0.001 MB
[ 136/ 197]                  blk.8.attn_k.weight - [  384,   384,     1,     1], type =    f16, converting to q8_0 .. size =     0.28 MiB ->     0.15 MiB
[ 137/ 197]                    blk.8.attn_k.bias - [  384,     1,     1,     1], type =    f32, size =    0.001 MB
[ 138/ 197]                  blk.8.attn_v.weight - [  384,   384,     1,     1], type =    f16, converting to q8_0 .. size =     0.28 MiB ->     0.15 MiB
[ 139/ 197]                    blk.8.attn_v.bias - [  384,     1,     1,     1], type =    f32, size =    0.001 MB
[ 140/ 197]             blk.8.attn_output.weight - [  384,   384,     1,     1], type =    f16, converting to q8_0 .. size =     0.28 MiB ->     0.15 MiB
[ 141/ 197]               blk.8.attn_output.bias - [  384,     1,     1,     1], type =    f32, size =    0.001 MB
[ 142/ 197]        blk.8.attn_output_norm.weight - [  384,     1,     1,     1], type =    f32, size =    0.001 MB
[ 143/ 197]          blk.8.attn_output_norm.bias - [  384,     1,     1,     1], type =    f32, size =    0.001 MB
[ 144/ 197]                  blk.8.ffn_up.weight - [  384,  1536,     1,     1], type =    f16, converting to q8_0 .. size =     1.12 MiB ->     0.60 MiB
[ 145/ 197]                    blk.8.ffn_up.bias - [ 1536,     1,     1,     1], type =    f32, size =    0.006 MB
[ 146/ 197]                blk.8.ffn_down.weight - [ 1536,   384,     1,     1], type =    f16, converting to q8_0 .. size =     1.12 MiB ->     0.60 MiB
[ 147/ 197]                  blk.8.ffn_down.bias - [  384,     1,     1,     1], type =    f32, size =    0.001 MB
[ 148/ 197]       blk.8.layer_output_norm.weight - [  384,     1,     1,     1], type =    f32, size =    0.001 MB
[ 149/ 197]         blk.8.layer_output_norm.bias - [  384,     1,     1,     1], type =    f32, size =    0.001 MB
[ 150/ 197]                  blk.9.attn_q.weight - [  384,   384,     1,     1], type =    f16, converting to q8_0 .. size =     0.28 MiB ->     0.15 MiB
[ 151/ 197]                    blk.9.attn_q.bias - [  384,     1,     1,     1], type =    f32, size =    0.001 MB
[ 152/ 197]                  blk.9.attn_k.weight - [  384,   384,     1,     1], type =    f16, converting to q8_0 .. size =     0.28 MiB ->     0.15 MiB
[ 153/ 197]                    blk.9.attn_k.bias - [  384,     1,     1,     1], type =    f32, size =    0.001 MB
[ 154/ 197]                  blk.9.attn_v.weight - [  384,   384,     1,     1], type =    f16, converting to q8_0 .. size =     0.28 MiB ->     0.15 MiB
[ 155/ 197]                    blk.9.attn_v.bias - [  384,     1,     1,     1], type =    f32, size =    0.001 MB
[ 156/ 197]             blk.9.attn_output.weight - [  384,   384,     1,     1], type =    f16, converting to q8_0 .. size =     0.28 MiB ->     0.15 MiB
[ 157/ 197]               blk.9.attn_output.bias - [  384,     1,     1,     1], type =    f32, size =    0.001 MB
[ 158/ 197]        blk.9.attn_output_norm.weight - [  384,     1,     1,     1], type =    f32, size =    0.001 MB
[ 159/ 197]          blk.9.attn_output_norm.bias - [  384,     1,     1,     1], type =    f32, size =    0.001 MB
[ 160/ 197]                  blk.9.ffn_up.weight - [  384,  1536,     1,     1], type =    f16, converting to q8_0 .. size =     1.12 MiB ->     0.60 MiB
[ 161/ 197]                    blk.9.ffn_up.bias - [ 1536,     1,     1,     1], type =    f32, size =    0.006 MB
[ 162/ 197]                blk.9.ffn_down.weight - [ 1536,   384,     1,     1], type =    f16, converting to q8_0 .. size =     1.12 MiB ->     0.60 MiB
[ 163/ 197]                  blk.9.ffn_down.bias - [  384,     1,     1,     1], type =    f32, size =    0.001 MB
[ 164/ 197]       blk.9.layer_output_norm.weight - [  384,     1,     1,     1], type =    f32, size =    0.001 MB
[ 165/ 197]         blk.9.layer_output_norm.bias - [  384,     1,     1,     1], type =    f32, size =    0.001 MB
[ 166/ 197]                 blk.10.attn_q.weight - [  384,   384,     1,     1], type =    f16, converting to q8_0 .. size =     0.28 MiB ->     0.15 MiB
[ 167/ 197]                   blk.10.attn_q.bias - [  384,     1,     1,     1], type =    f32, size =    0.001 MB
[ 168/ 197]                 blk.10.attn_k.weight - [  384,   384,     1,     1], type =    f16, converting to q8_0 .. size =     0.28 MiB ->     0.15 MiB
[ 169/ 197]                   blk.10.attn_k.bias - [  384,     1,     1,     1], type =    f32, size =    0.001 MB
[ 170/ 197]                 blk.10.attn_v.weight - [  384,   384,     1,     1], type =    f16, converting to q8_0 .. size =     0.28 MiB ->     0.15 MiB
[ 171/ 197]                   blk.10.attn_v.bias - [  384,     1,     1,     1], type =    f32, size =    0.001 MB
[ 172/ 197]            blk.10.attn_output.weight - [  384,   384,     1,     1], type =    f16, converting to q8_0 .. size =     0.28 MiB ->     0.15 MiB
[ 173/ 197]              blk.10.attn_output.bias - [  384,     1,     1,     1], type =    f32, size =    0.001 MB
[ 174/ 197]       blk.10.attn_output_norm.weight - [  384,     1,     1,     1], type =    f32, size =    0.001 MB
[ 175/ 197]         blk.10.attn_output_norm.bias - [  384,     1,     1,     1], type =    f32, size =    0.001 MB
[ 176/ 197]                 blk.10.ffn_up.weight - [  384,  1536,     1,     1], type =    f16, converting to q8_0 .. size =     1.12 MiB ->     0.60 MiB
[ 177/ 197]                   blk.10.ffn_up.bias - [ 1536,     1,     1,     1], type =    f32, size =    0.006 MB
[ 178/ 197]               blk.10.ffn_down.weight - [ 1536,   384,     1,     1], type =    f16, converting to q8_0 .. size =     1.12 MiB ->     0.60 MiB
[ 179/ 197]                 blk.10.ffn_down.bias - [  384,     1,     1,     1], type =    f32, size =    0.001 MB
[ 180/ 197]      blk.10.layer_output_norm.weight - [  384,     1,     1,     1], type =    f32, size =    0.001 MB
[ 181/ 197]        blk.10.layer_output_norm.bias - [  384,     1,     1,     1], type =    f32, size =    0.001 MB
[ 182/ 197]                 blk.11.attn_q.weight - [  384,   384,     1,     1], type =    f16, converting to q8_0 .. size =     0.28 MiB ->     0.15 MiB
[ 183/ 197]                   blk.11.attn_q.bias - [  384,     1,     1,     1], type =    f32, size =    0.001 MB
[ 184/ 197]                 blk.11.attn_k.weight - [  384,   384,     1,     1], type =    f16, converting to q8_0 .. size =     0.28 MiB ->     0.15 MiB
[ 185/ 197]                   blk.11.attn_k.bias - [  384,     1,     1,     1], type =    f32, size =    0.001 MB
[ 186/ 197]                 blk.11.attn_v.weight - [  384,   384,     1,     1], type =    f16, converting to q8_0 .. size =     0.28 MiB ->     0.15 MiB
[ 187/ 197]                   blk.11.attn_v.bias - [  384,     1,     1,     1], type =    f32, size =    0.001 MB
[ 188/ 197]            blk.11.attn_output.weight - [  384,   384,     1,     1], type =    f16, converting to q8_0 .. size =     0.28 MiB ->     0.15 MiB
[ 189/ 197]              blk.11.attn_output.bias - [  384,     1,     1,     1], type =    f32, size =    0.001 MB
[ 190/ 197]       blk.11.attn_output_norm.weight - [  384,     1,     1,     1], type =    f32, size =    0.001 MB
[ 191/ 197]         blk.11.attn_output_norm.bias - [  384,     1,     1,     1], type =    f32, size =    0.001 MB
[ 192/ 197]                 blk.11.ffn_up.weight - [  384,  1536,     1,     1], type =    f16, converting to q8_0 .. size =     1.12 MiB ->     0.60 MiB
[ 193/ 197]                   blk.11.ffn_up.bias - [ 1536,     1,     1,     1], type =    f32, size =    0.006 MB
[ 194/ 197]               blk.11.ffn_down.weight - [ 1536,   384,     1,     1], type =    f16, converting to q8_0 .. size =     1.12 MiB ->     0.60 MiB
[ 195/ 197]                 blk.11.ffn_down.bias - [  384,     1,     1,     1], type =    f32, size =    0.001 MB
[ 196/ 197]      blk.11.layer_output_norm.weight - [  384,     1,     1,     1], type =    f32, size =    0.001 MB
[ 197/ 197]        blk.11.layer_output_norm.bias - [  384,     1,     1,     1], type =    f32, size =    0.001 MB
llama_model_quantize_internal: model size  =    63.46 MB
llama_model_quantize_internal: quant size  =    34.00 MB

main: quantize time =    89.64 ms
main:    total time =    89.64 ms
+ tee -a /Users/ggml/results/llama.cpp/e5/62b9714b9b3e242361a7f74bbbeb00f6bd99ac/ggml-100-m1/embd_bge_small-tg-f16.log
+ ./bin/embedding --model ../models-mnt/bge-small/ggml-model-f16.gguf -p 'I believe the meaning of life is'
main: build = 2546 (e562b971)
main: built with Apple clang version 15.0.0 (clang-1500.1.0.2.5) for arm64-apple-darwin23.2.0
main: seed  = 1711524512
llama_model_loader: loaded meta data with 19 key-value pairs and 197 tensors from ../models-mnt/bge-small/ggml-model-f16.gguf (version GGUF V3 (latest))
llama_model_loader: Dumping metadata keys/values. Note: KV overrides do not apply in this output.
llama_model_loader: - kv   0:                       general.architecture str              = bert
llama_model_loader: - kv   1:                               general.name str              = bge-small
llama_model_loader: - kv   2:                           bert.block_count u32              = 12
llama_model_loader: - kv   3:                        bert.context_length u32              = 512
llama_model_loader: - kv   4:                      bert.embedding_length u32              = 384
llama_model_loader: - kv   5:                   bert.feed_forward_length u32              = 1536
llama_model_loader: - kv   6:                  bert.attention.head_count u32              = 12
llama_model_loader: - kv   7:          bert.attention.layer_norm_epsilon f32              = 0.000000
llama_model_loader: - kv   8:                          general.file_type u32              = 1
llama_model_loader: - kv   9:                      bert.attention.causal bool             = false
llama_model_loader: - kv  10:                          bert.pooling_type u32              = 2
llama_model_loader: - kv  11:            tokenizer.ggml.token_type_count u32              = 2
llama_model_loader: - kv  12:                tokenizer.ggml.bos_token_id u32              = 101
llama_model_loader: - kv  13:                tokenizer.ggml.eos_token_id u32              = 102
llama_model_loader: - kv  14:                       tokenizer.ggml.model str              = bert
llama_model_loader: - kv  15:                      tokenizer.ggml.tokens arr[str,30522]   = ["[PAD]", "[unused0]", "[unused1]", "...
llama_model_loader: - kv  16:                      tokenizer.ggml.scores arr[f32,30522]   = [-1000.000000, -1000.000000, -1000.00...
llama_model_loader: - kv  17:                  tokenizer.ggml.token_type arr[i32,30522]   = [3, 1, 1, 1, 1, 1, 1, 1, 1, 1, 1, 1, ...
llama_model_loader: - kv  18:            tokenizer.ggml.padding_token_id u32              = 0
llama_model_loader: - type  f32:  123 tensors
llama_model_loader: - type  f16:   74 tensors
llm_load_vocab: mismatch in special tokens definition ( 7104/30522 vs 5/30522 ).
llm_load_print_meta: format           = GGUF V3 (latest)
llm_load_print_meta: arch             = bert
llm_load_print_meta: vocab type       = WPM
llm_load_print_meta: n_vocab          = 30522
llm_load_print_meta: n_merges         = 0
llm_load_print_meta: n_ctx_train      = 512
llm_load_print_meta: n_embd           = 384
llm_load_print_meta: n_head           = 12
llm_load_print_meta: n_head_kv        = 12
llm_load_print_meta: n_layer          = 12
llm_load_print_meta: n_rot            = 32
llm_load_print_meta: n_embd_head_k    = 32
llm_load_print_meta: n_embd_head_v    = 32
llm_load_print_meta: n_gqa            = 1
llm_load_print_meta: n_embd_k_gqa     = 384
llm_load_print_meta: n_embd_v_gqa     = 384
llm_load_print_meta: f_norm_eps       = 1.0e-12
llm_load_print_meta: f_norm_rms_eps   = 0.0e+00
llm_load_print_meta: f_clamp_kqv      = 0.0e+00
llm_load_print_meta: f_max_alibi_bias = 0.0e+00
llm_load_print_meta: f_logit_scale    = 0.0e+00
llm_load_print_meta: n_ff             = 1536
llm_load_print_meta: n_expert         = 0
llm_load_print_meta: n_expert_used    = 0
llm_load_print_meta: causal attn      = 0
llm_load_print_meta: pooling type     = 2
llm_load_print_meta: rope type        = 2
llm_load_print_meta: rope scaling     = linear
llm_load_print_meta: freq_base_train  = 10000.0
llm_load_print_meta: freq_scale_train = 1
llm_load_print_meta: n_yarn_orig_ctx  = 512
llm_load_print_meta: rope_finetuned   = unknown
llm_load_print_meta: ssm_d_conv       = 0
llm_load_print_meta: ssm_d_inner      = 0
llm_load_print_meta: ssm_d_state      = 0
llm_load_print_meta: ssm_dt_rank      = 0
llm_load_print_meta: model type       = 33M
llm_load_print_meta: model ftype      = F16
llm_load_print_meta: model params     = 33.21 M
llm_load_print_meta: model size       = 63.46 MiB (16.03 BPW) 
llm_load_print_meta: general.name     = bge-small
llm_load_print_meta: BOS token        = 101 '[CLS]'
llm_load_print_meta: EOS token        = 102 '[SEP]'
llm_load_print_meta: UNK token        = 100 '[UNK]'
llm_load_print_meta: PAD token        = 0 '[PAD]'
llm_load_tensors: ggml ctx size =    0.15 MiB
ggml_backend_metal_buffer_from_ptr: allocated buffer, size =    40.75 MiB, (   40.81 /  5461.34)
llm_load_tensors: offloading 12 repeating layers to GPU
llm_load_tensors: offloading non-repeating layers to GPU
llm_load_tensors: offloaded 13/13 layers to GPU
llm_load_tensors:        CPU buffer size =    22.73 MiB
llm_load_tensors:      Metal buffer size =    40.74 MiB
.................................................
llama_new_context_with_model: n_ctx      = 512
llama_new_context_with_model: n_batch    = 2048
llama_new_context_with_model: n_ubatch   = 2048
llama_new_context_with_model: freq_base  = 10000.0
llama_new_context_with_model: freq_scale = 1
ggml_metal_init: allocating
ggml_metal_init: found device: Apple M1
ggml_metal_init: picking default device: Apple M1
ggml_metal_init: loading '/Users/ggml/work/llama.cpp/build-ci-release/bin/default.metallib'
ggml_metal_init: GPU name:   Apple M1
ggml_metal_init: GPU family: MTLGPUFamilyApple7  (1007)
ggml_metal_init: GPU family: MTLGPUFamilyCommon3 (3003)
ggml_metal_init: GPU family: MTLGPUFamilyMetal3  (5001)
ggml_metal_init: simdgroup reduction support   = true
ggml_metal_init: simdgroup matrix mul. support = true
ggml_metal_init: hasUnifiedMemory              = true
ggml_metal_init: recommendedMaxWorkingSetSize  =  5726.63 MB
ggml_backend_metal_buffer_type_alloc_buffer: allocated buffer, size =     9.00 MiB, (   51.62 /  5461.34)
llama_kv_cache_init:      Metal KV buffer size =     9.00 MiB
llama_new_context_with_model: KV self size  =    9.00 MiB, K (f16):    4.50 MiB, V (f16):    4.50 MiB
llama_new_context_with_model:        CPU  output buffer size =     0.00 MiB
ggml_backend_metal_buffer_type_alloc_buffer: allocated buffer, size =    16.02 MiB, (   67.64 /  5461.34)
llama_new_context_with_model:      Metal compute buffer size =    16.00 MiB
llama_new_context_with_model:        CPU compute buffer size =     2.51 MiB
llama_new_context_with_model: graph nodes  = 429
llama_new_context_with_model: graph splits = 2

system_info: n_threads = 4 / 8 | AVX = 0 | AVX_VNNI = 0 | AVX2 = 0 | AVX512 = 0 | AVX512_VBMI = 0 | AVX512_VNNI = 0 | FMA = 0 | NEON = 1 | ARM_FMA = 1 | F16C = 0 | FP16_VA = 1 | WASM_SIMD = 0 | BLAS = 1 | SSE3 = 0 | SSSE3 = 0 | VSX = 0 | MATMUL_INT8 = 0 | 
batch_decode: n_tokens = 9, n_seq = 1

llama_print_timings:        load time =      54.59 ms
llama_print_timings:      sample time =       0.00 ms /     1 runs   (    0.00 ms per token,      inf tokens per second)
llama_print_timings: prompt eval time =       9.77 ms /     9 tokens (    1.09 ms per token,   921.09 tokens per second)
llama_print_timings:        eval time =       0.00 ms /     1 runs   (    0.00 ms per token,      inf tokens per second)
llama_print_timings:       total time =      32.41 ms /    10 tokens
ggml_metal_free: deallocating

embedding 0: -0.043984 -0.019895  0.007670 -0.000838  0.001372 -0.037036  0.109436  0.042589  0.092046 -0.015918  0.006773 -0.035692 -0.017888  0.015040  0.018126  0.015860 

cosine similarity matrix:

  1.00 

real	0m0.316s
user	0m0.095s
sys	0m0.024s
+ tee -a /Users/ggml/results/llama.cpp/e5/62b9714b9b3e242361a7f74bbbeb00f6bd99ac/ggml-100-m1/embd_bge_small-tg-q8_0.log
+ ./bin/embedding --model ../models-mnt/bge-small/ggml-model-q8_0.gguf -p 'I believe the meaning of life is'
main: build = 2546 (e562b971)
main: built with Apple clang version 15.0.0 (clang-1500.1.0.2.5) for arm64-apple-darwin23.2.0
main: seed  = 1711524513
llama_model_loader: loaded meta data with 20 key-value pairs and 197 tensors from ../models-mnt/bge-small/ggml-model-q8_0.gguf (version GGUF V3 (latest))
llama_model_loader: Dumping metadata keys/values. Note: KV overrides do not apply in this output.
llama_model_loader: - kv   0:                       general.architecture str              = bert
llama_model_loader: - kv   1:                               general.name str              = bge-small
llama_model_loader: - kv   2:                           bert.block_count u32              = 12
llama_model_loader: - kv   3:                        bert.context_length u32              = 512
llama_model_loader: - kv   4:                      bert.embedding_length u32              = 384
llama_model_loader: - kv   5:                   bert.feed_forward_length u32              = 1536
llama_model_loader: - kv   6:                  bert.attention.head_count u32              = 12
llama_model_loader: - kv   7:          bert.attention.layer_norm_epsilon f32              = 0.000000
llama_model_loader: - kv   8:                          general.file_type u32              = 7
llama_model_loader: - kv   9:                      bert.attention.causal bool             = false
llama_model_loader: - kv  10:                          bert.pooling_type u32              = 2
llama_model_loader: - kv  11:            tokenizer.ggml.token_type_count u32              = 2
llama_model_loader: - kv  12:                tokenizer.ggml.bos_token_id u32              = 101
llama_model_loader: - kv  13:                tokenizer.ggml.eos_token_id u32              = 102
llama_model_loader: - kv  14:                       tokenizer.ggml.model str              = bert
llama_model_loader: - kv  15:                      tokenizer.ggml.tokens arr[str,30522]   = ["[PAD]", "[unused0]", "[unused1]", "...
llama_model_loader: - kv  16:                      tokenizer.ggml.scores arr[f32,30522]   = [-1000.000000, -1000.000000, -1000.00...
llama_model_loader: - kv  17:                  tokenizer.ggml.token_type arr[i32,30522]   = [3, 1, 1, 1, 1, 1, 1, 1, 1, 1, 1, 1, ...
llama_model_loader: - kv  18:            tokenizer.ggml.padding_token_id u32              = 0
llama_model_loader: - kv  19:               general.quantization_version u32              = 2
llama_model_loader: - type  f32:  123 tensors
llama_model_loader: - type  f16:    1 tensors
llama_model_loader: - type q8_0:   73 tensors
llm_load_vocab: mismatch in special tokens definition ( 7104/30522 vs 5/30522 ).
llm_load_print_meta: format           = GGUF V3 (latest)
llm_load_print_meta: arch             = bert
llm_load_print_meta: vocab type       = WPM
llm_load_print_meta: n_vocab          = 30522
llm_load_print_meta: n_merges         = 0
llm_load_print_meta: n_ctx_train      = 512
llm_load_print_meta: n_embd           = 384
llm_load_print_meta: n_head           = 12
llm_load_print_meta: n_head_kv        = 12
llm_load_print_meta: n_layer          = 12
llm_load_print_meta: n_rot            = 32
llm_load_print_meta: n_embd_head_k    = 32
llm_load_print_meta: n_embd_head_v    = 32
llm_load_print_meta: n_gqa            = 1
llm_load_print_meta: n_embd_k_gqa     = 384
llm_load_print_meta: n_embd_v_gqa     = 384
llm_load_print_meta: f_norm_eps       = 1.0e-12
llm_load_print_meta: f_norm_rms_eps   = 0.0e+00
llm_load_print_meta: f_clamp_kqv      = 0.0e+00
llm_load_print_meta: f_max_alibi_bias = 0.0e+00
llm_load_print_meta: f_logit_scale    = 0.0e+00
llm_load_print_meta: n_ff             = 1536
llm_load_print_meta: n_expert         = 0
llm_load_print_meta: n_expert_used    = 0
llm_load_print_meta: causal attn      = 0
llm_load_print_meta: pooling type     = 2
llm_load_print_meta: rope type        = 2
llm_load_print_meta: rope scaling     = linear
llm_load_print_meta: freq_base_train  = 10000.0
llm_load_print_meta: freq_scale_train = 1
llm_load_print_meta: n_yarn_orig_ctx  = 512
llm_load_print_meta: rope_finetuned   = unknown
llm_load_print_meta: ssm_d_conv       = 0
llm_load_print_meta: ssm_d_inner      = 0
llm_load_print_meta: ssm_d_state      = 0
llm_load_print_meta: ssm_dt_rank      = 0
llm_load_print_meta: model type       = 33M
llm_load_print_meta: model ftype      = Q8_0
llm_load_print_meta: model params     = 33.21 M
llm_load_print_meta: model size       = 34.00 MiB (8.59 BPW) 
llm_load_print_meta: general.name     = bge-small
llm_load_print_meta: BOS token        = 101 '[CLS]'
llm_load_print_meta: EOS token        = 102 '[SEP]'
llm_load_print_meta: UNK token        = 100 '[UNK]'
llm_load_print_meta: PAD token        = 0 '[PAD]'
llm_load_tensors: ggml ctx size =    0.15 MiB
ggml_backend_metal_buffer_from_ptr: allocated buffer, size =    21.77 MiB, (   21.83 /  5461.34)
llm_load_tensors: offloading 12 repeating layers to GPU
llm_load_tensors: offloading non-repeating layers to GPU
llm_load_tensors: offloaded 13/13 layers to GPU
llm_load_tensors:        CPU buffer size =    12.25 MiB
llm_load_tensors:      Metal buffer size =    21.76 MiB
.................................................
llama_new_context_with_model: n_ctx      = 512
llama_new_context_with_model: n_batch    = 2048
llama_new_context_with_model: n_ubatch   = 2048
llama_new_context_with_model: freq_base  = 10000.0
llama_new_context_with_model: freq_scale = 1
ggml_metal_init: allocating
ggml_metal_init: found device: Apple M1
ggml_metal_init: picking default device: Apple M1
ggml_metal_init: loading '/Users/ggml/work/llama.cpp/build-ci-release/bin/default.metallib'
ggml_metal_init: GPU name:   Apple M1
ggml_metal_init: GPU family: MTLGPUFamilyApple7  (1007)
ggml_metal_init: GPU family: MTLGPUFamilyCommon3 (3003)
ggml_metal_init: GPU family: MTLGPUFamilyMetal3  (5001)
ggml_metal_init: simdgroup reduction support   = true
ggml_metal_init: simdgroup matrix mul. support = true
ggml_metal_init: hasUnifiedMemory              = true
ggml_metal_init: recommendedMaxWorkingSetSize  =  5726.63 MB
ggml_backend_metal_buffer_type_alloc_buffer: allocated buffer, size =     9.00 MiB, (   32.64 /  5461.34)
llama_kv_cache_init:      Metal KV buffer size =     9.00 MiB
llama_new_context_with_model: KV self size  =    9.00 MiB, K (f16):    4.50 MiB, V (f16):    4.50 MiB
llama_new_context_with_model:        CPU  output buffer size =     0.00 MiB
ggml_backend_metal_buffer_type_alloc_buffer: allocated buffer, size =    16.02 MiB, (   48.66 /  5461.34)
llama_new_context_with_model:      Metal compute buffer size =    16.00 MiB
llama_new_context_with_model:        CPU compute buffer size =     2.51 MiB
llama_new_context_with_model: graph nodes  = 429
llama_new_context_with_model: graph splits = 2

system_info: n_threads = 4 / 8 | AVX = 0 | AVX_VNNI = 0 | AVX2 = 0 | AVX512 = 0 | AVX512_VBMI = 0 | AVX512_VNNI = 0 | FMA = 0 | NEON = 1 | ARM_FMA = 1 | F16C = 0 | FP16_VA = 1 | WASM_SIMD = 0 | BLAS = 1 | SSE3 = 0 | SSSE3 = 0 | VSX = 0 | MATMUL_INT8 = 0 | 
batch_decode: n_tokens = 9, n_seq = 1

llama_print_timings:        load time =      50.69 ms
llama_print_timings:      sample time =       0.00 ms /     1 runs   (    0.00 ms per token,      inf tokens per second)
llama_print_timings: prompt eval time =      11.44 ms /     9 tokens (    1.27 ms per token,   786.58 tokens per second)
llama_print_timings:        eval time =       0.00 ms /     1 runs   (    0.00 ms per token,      inf tokens per second)
llama_print_timings:       total time =      33.96 ms /    10 tokens
ggml_metal_free: deallocating

embedding 0: -0.044994 -0.019858  0.007986 -0.001410  0.001531 -0.036276  0.109404  0.043235  0.092836 -0.015201  0.005971 -0.036330 -0.018159  0.015015  0.017667  0.014510 

cosine similarity matrix:

  1.00 

real	0m0.130s
user	0m0.069s
sys	0m0.020s
+ set +e
+ cur=0
+ echo 0
+ set +x
