mkdir: cannot create directory ‘/mnt/llama.cpp’: Permission denied
+ gg_run_ctest_debug
+ tee /home/ggml/results/llama.cpp/c6/8d2596ea89bb68861e8b8d9d45cd3ee8a179a2/ggml-1-arm64-cpu-low-perf/ctest_debug.log
+ cd /home/ggml/work/llama.cpp
+ rm -rf build-ci-debug
+ mkdir build-ci-debug
+ cd build-ci-debug
+ set -e
+ tee -a /home/ggml/results/llama.cpp/c6/8d2596ea89bb68861e8b8d9d45cd3ee8a179a2/ggml-1-arm64-cpu-low-perf/ctest_debug-cmake.log
+ cmake -DCMAKE_BUILD_TYPE=Debug -DLLAMA_FATAL_WARNINGS=ON ..
-- The C compiler identification is GNU 11.4.0
-- The CXX compiler identification is GNU 11.4.0
-- Detecting C compiler ABI info
-- Detecting C compiler ABI info - done
-- Check for working C compiler: /usr/bin/cc - skipped
-- Detecting C compile features
-- Detecting C compile features - done
-- Detecting CXX compiler ABI info
-- Detecting CXX compiler ABI info - done
-- Check for working CXX compiler: /usr/bin/c++ - skipped
-- Detecting CXX compile features
-- Detecting CXX compile features - done
-- Found Git: /usr/bin/git (found version "2.34.1") 
-- Looking for pthread.h
-- Looking for pthread.h - found
-- Performing Test CMAKE_HAVE_LIBC_PTHREAD
-- Performing Test CMAKE_HAVE_LIBC_PTHREAD - Success
-- Found Threads: TRUE  
-- ccache found, compilation results will be cached. Disable with LLAMA_CCACHE=OFF.
-- CMAKE_SYSTEM_PROCESSOR: aarch64
-- ARM detected
-- Performing Test COMPILER_SUPPORTS_FP16_FORMAT_I3E
-- Performing Test COMPILER_SUPPORTS_FP16_FORMAT_I3E - Failed
-- Configuring done
-- Generating done
-- Build files have been written to: /home/ggml/work/llama.cpp/build-ci-debug

real	0m0.789s
user	0m0.389s
sys	0m0.404s
+ tee -a /home/ggml/results/llama.cpp/c6/8d2596ea89bb68861e8b8d9d45cd3ee8a179a2/ggml-1-arm64-cpu-low-perf/ctest_debug-make.log
+ make -j
[  1%] Generating build details from Git
[  1%] Building C object CMakeFiles/ggml.dir/ggml.c.o
[  2%] Building C object CMakeFiles/ggml.dir/ggml-alloc.c.o
[  2%] Building C object CMakeFiles/ggml.dir/ggml-quants.c.o
-- Found Git: /usr/bin/git (found version "2.34.1") 
[  3%] Building C object CMakeFiles/ggml.dir/ggml-backend.c.o
[  4%] Building CXX object CMakeFiles/ggml.dir/sgemm.cpp.o
[  4%] Built target ggml
[  5%] Building CXX object common/CMakeFiles/build_info.dir/build-info.cpp.o
[  6%] Building CXX object CMakeFiles/llama.dir/llama.cpp.o
[  6%] Linking CXX static library libggml_static.a
[  7%] Building CXX object CMakeFiles/llama.dir/unicode.cpp.o
[  8%] Building CXX object examples/gguf/CMakeFiles/gguf.dir/gguf.cpp.o
[  9%] Building CXX object CMakeFiles/llama.dir/unicode-data.cpp.o
[  9%] Linking CXX executable ../../bin/gguf
[  9%] Built target build_info
[  9%] Built target ggml_static
[  9%] Built target gguf
[  9%] Linking CXX static library libllama.a
[  9%] Built target llama
[  9%] Building C object tests/CMakeFiles/test-c.dir/test-c.c.o
[  9%] Building CXX object common/CMakeFiles/common.dir/common.cpp.o
[ 10%] Building CXX object common/CMakeFiles/common.dir/console.cpp.o
[ 11%] Building CXX object examples/benchmark/CMakeFiles/benchmark.dir/benchmark-matmult.cpp.o
[ 11%] Building CXX object common/CMakeFiles/common.dir/grammar-parser.cpp.o
[ 11%] Building CXX object examples/llava/CMakeFiles/llava.dir/llava.cpp.o
[ 13%] Building CXX object common/CMakeFiles/common.dir/train.cpp.o
[ 14%] Building CXX object common/CMakeFiles/common.dir/sampling.cpp.o
[ 12%] Building CXX object examples/quantize-stats/CMakeFiles/quantize-stats.dir/quantize-stats.cpp.o
[ 15%] Building CXX object common/CMakeFiles/common.dir/json-schema-to-grammar.cpp.o
[ 16%] Building CXX object examples/llava/CMakeFiles/llava.dir/clip.cpp.o
[ 17%] Linking CXX executable ../bin/test-c
[ 17%] Linking CXX executable ../../bin/benchmark
[ 17%] Building CXX object common/CMakeFiles/common.dir/ngram-cache.cpp.o
[ 17%] Linking CXX executable ../../bin/quantize-stats
[ 17%] Built target llava
[ 17%] Built target test-c
[ 18%] Linking CXX static library libcommon.a
[ 19%] Linking CXX static library libllava_static.a
[ 19%] Built target benchmark
[ 19%] Built target llava_static
[ 19%] Built target common
[ 21%] Building CXX object tests/CMakeFiles/test-tokenizer-0.dir/test-tokenizer-0.cpp.o
[ 20%] Building CXX object tests/CMakeFiles/test-tokenizer-1-spm.dir/test-tokenizer-1-spm.cpp.o
[ 21%] Building CXX object tests/CMakeFiles/test-tokenizer-1-bpe.dir/test-tokenizer-1-bpe.cpp.o
[ 22%] Building CXX object tests/CMakeFiles/test-quantize-perf.dir/get-model.cpp.o
[ 23%] Building CXX object tests/CMakeFiles/test-sampling.dir/test-sampling.cpp.o
[ 24%] Building CXX object tests/CMakeFiles/test-sampling.dir/get-model.cpp.o
[ 25%] Building CXX object tests/CMakeFiles/test-chat-template.dir/test-chat-template.cpp.o
[ 26%] Building CXX object tests/CMakeFiles/test-quantize-perf.dir/test-quantize-perf.cpp.o
[ 26%] Building CXX object tests/CMakeFiles/test-chat-template.dir/get-model.cpp.o
[ 27%] Linking CXX executable ../bin/test-tokenizer-0
[ 28%] Building CXX object tests/CMakeFiles/test-quantize-fns.dir/get-model.cpp.o
[ 29%] Building CXX object tests/CMakeFiles/test-quantize-fns.dir/test-quantize-fns.cpp.o
[ 30%] Linking CXX executable ../bin/test-tokenizer-1-bpe
[ 32%] Building CXX object tests/CMakeFiles/test-grammar-parser.dir/get-model.cpp.o
[ 32%] Linking CXX executable ../bin/test-tokenizer-1-spm
[ 32%] Building CXX object tests/CMakeFiles/test-grammar-integration.dir/test-grammar-integration.cpp.o
[ 32%] Linking CXX executable ../bin/test-sampling
[ 33%] Building CXX object tests/CMakeFiles/test-grammar-parser.dir/test-grammar-parser.cpp.o
[ 34%] Building CXX object tests/CMakeFiles/test-grammar-integration.dir/get-model.cpp.o
[ 35%] Building CXX object tests/CMakeFiles/test-llama-grammar.dir/test-llama-grammar.cpp.o
[ 35%] Building CXX object tests/CMakeFiles/test-grad0.dir/get-model.cpp.o
[ 36%] Linking CXX executable ../bin/test-chat-template
[ 37%] Building CXX object tests/CMakeFiles/test-llama-grammar.dir/get-model.cpp.o
[ 37%] Linking CXX executable ../bin/test-quantize-perf
[ 38%] Building CXX object tests/CMakeFiles/test-grad0.dir/test-grad0.cpp.o
[ 39%] Building CXX object tests/CMakeFiles/test-backend-ops.dir/get-model.cpp.o
[ 39%] Building CXX object tests/CMakeFiles/test-backend-ops.dir/test-backend-ops.cpp.o
[ 39%] Linking CXX executable ../bin/test-quantize-fns
[ 40%] Building CXX object tests/CMakeFiles/test-model-load-cancel.dir/test-model-load-cancel.cpp.o
[ 40%] Building CXX object tests/CMakeFiles/test-autorelease.dir/test-autorelease.cpp.o
[ 40%] Linking CXX executable ../bin/test-grammar-parser
[ 41%] Building CXX object tests/CMakeFiles/test-rope.dir/test-rope.cpp.o
[ 42%] Building CXX object tests/CMakeFiles/test-model-load-cancel.dir/get-model.cpp.o
[ 43%] Building CXX object tests/CMakeFiles/test-autorelease.dir/get-model.cpp.o
[ 44%] Building CXX object tests/CMakeFiles/test-json-schema-to-grammar.dir/test-json-schema-to-grammar.cpp.o
[ 43%] Linking CXX executable ../bin/test-grammar-integration
[ 45%] Building CXX object tests/CMakeFiles/test-rope.dir/get-model.cpp.o
[ 47%] Linking CXX executable ../bin/test-grad0
[ 46%] Building CXX object examples/batched-bench/CMakeFiles/batched-bench.dir/batched-bench.cpp.o
[ 48%] Building CXX object tests/CMakeFiles/test-json-schema-to-grammar.dir/get-model.cpp.o
[ 48%] Building CXX object examples/baby-llama/CMakeFiles/baby-llama.dir/baby-llama.cpp.o
[ 49%] Building CXX object examples/batched/CMakeFiles/batched.dir/batched.cpp.o
[ 49%] Linking CXX executable ../bin/test-model-load-cancel
[ 50%] Linking CXX executable ../bin/test-backend-ops
[ 51%] Linking CXX executable ../bin/test-autorelease
[ 52%] Building CXX object examples/convert-llama2c-to-ggml/CMakeFiles/convert-llama2c-to-ggml.dir/convert-llama2c-to-ggml.cpp.o
[ 52%] Building CXX object examples/beam-search/CMakeFiles/beam-search.dir/beam-search.cpp.o
[ 53%] Building CXX object examples/embedding/CMakeFiles/embedding.dir/embedding.cpp.o
[ 53%] Linking CXX executable ../bin/test-rope
[ 54%] Linking CXX executable ../../bin/batched-bench
[ 55%] Building CXX object examples/finetune/CMakeFiles/finetune.dir/finetune.cpp.o
[ 55%] Building CXX object examples/eval-callback/CMakeFiles/eval-callback.dir/eval-callback.cpp.o
[ 55%] Linking CXX executable ../bin/test-llama-grammar
[ 55%] Linking CXX executable ../../bin/batched
[ 57%] Linking CXX executable ../../bin/baby-llama
[ 55%] Building CXX object examples/gritlm/CMakeFiles/gritlm.dir/gritlm.cpp.o
[ 58%] Building CXX object examples/gguf-split/CMakeFiles/gguf-split.dir/gguf-split.cpp.o
[ 59%] Building CXX object examples/llava/CMakeFiles/llava-cli.dir/llava-cli.cpp.o
[ 56%] Building CXX object examples/infill/CMakeFiles/infill.dir/infill.cpp.o
[ 60%] Building CXX object examples/llama-bench/CMakeFiles/llama-bench.dir/llama-bench.cpp.o
[ 61%] Linking CXX executable ../../bin/beam-search
[ 61%] Linking CXX executable ../bin/test-json-schema-to-grammar
[ 61%] Linking CXX executable ../../bin/convert-llama2c-to-ggml
[ 62%] Linking CXX executable ../../bin/finetune
[ 63%] Building CXX object examples/tokenize/CMakeFiles/tokenize.dir/tokenize.cpp.o
[ 64%] Linking CXX executable ../../bin/embedding
[ 65%] Linking CXX executable ../../bin/eval-callback
[ 65%] Building CXX object examples/main/CMakeFiles/main.dir/main.cpp.o
[ 66%] Building CXX object examples/perplexity/CMakeFiles/perplexity.dir/perplexity.cpp.o
[ 68%] Linking CXX executable ../../bin/gritlm
[ 67%] Building CXX object examples/parallel/CMakeFiles/parallel.dir/parallel.cpp.o
[ 69%] Linking CXX executable ../../bin/gguf-split
[ 69%] Linking CXX executable ../../bin/llava-cli
[ 69%] Building CXX object examples/quantize/CMakeFiles/quantize.dir/quantize.cpp.o
[ 69%] Building CXX object examples/save-load-state/CMakeFiles/save-load-state.dir/save-load-state.cpp.o
[ 70%] Linking CXX executable ../../bin/infill
[ 71%] Building CXX object examples/retrieval/CMakeFiles/retrieval.dir/retrieval.cpp.o
[ 72%] Building CXX object examples/simple/CMakeFiles/simple.dir/simple.cpp.o
[ 73%] Linking CXX executable ../../bin/tokenize
[ 74%] Linking CXX executable ../../bin/llama-bench
[ 75%] Built target test-grad0
[ 75%] Building CXX object examples/passkey/CMakeFiles/passkey.dir/passkey.cpp.o
[ 76%] Building CXX object examples/speculative/CMakeFiles/speculative.dir/speculative.cpp.o
[ 77%] Linking CXX executable ../../bin/main
[ 77%] Linking CXX executable ../../bin/parallel
[ 78%] Building CXX object examples/lookahead/CMakeFiles/lookahead.dir/lookahead.cpp.o
[ 78%] Linking CXX executable ../../bin/perplexity
[ 79%] Linking CXX executable ../../bin/quantize
[ 80%] Linking CXX executable ../../bin/save-load-state
[ 80%] Built target test-quantize-perf
[ 81%] Building CXX object examples/lookup/CMakeFiles/lookup.dir/lookup.cpp.o
[ 81%] Built target test-quantize-fns
[ 81%] Building CXX object examples/lookup/CMakeFiles/lookup-create.dir/lookup-create.cpp.o
[ 82%] Linking CXX executable ../../bin/simple
[ 82%] Linking CXX executable ../../bin/retrieval
[ 83%] Building CXX object examples/lookup/CMakeFiles/lookup-merge.dir/lookup-merge.cpp.o
[ 84%] Building CXX object examples/lookup/CMakeFiles/lookup-stats.dir/lookup-stats.cpp.o
[ 85%] Linking CXX executable ../../bin/passkey
[ 85%] Building CXX object examples/train-text-from-scratch/CMakeFiles/train-text-from-scratch.dir/train-text-from-scratch.cpp.o
[ 86%] Linking CXX executable ../../bin/speculative
[ 87%] Generating completion.js.hpp
[ 87%] Linking CXX executable ../../bin/lookahead
[ 88%] Generating json-schema-to-grammar.mjs.hpp
[ 89%] Generating index.html.hpp
[ 89%] Generating index.js.hpp
[ 90%] Linking CXX executable ../../bin/lookup
[ 90%] Built target test-grammar-parser
[ 91%] Linking CXX executable ../../bin/lookup-create
[ 92%] Building CXX object examples/imatrix/CMakeFiles/imatrix.dir/imatrix.cpp.o
[ 93%] Building CXX object examples/export-lora/CMakeFiles/export-lora.dir/export-lora.cpp.o
[ 94%] Linking CXX executable ../../bin/lookup-merge
[ 94%] Linking CXX executable ../../bin/lookup-stats
[ 95%] Building CXX object pocs/vdot/CMakeFiles/vdot.dir/vdot.cpp.o
[ 96%] Linking CXX executable ../../bin/train-text-from-scratch
[ 97%] Building CXX object pocs/vdot/CMakeFiles/q8dot.dir/q8dot.cpp.o
[ 97%] Built target test-rope
[ 97%] Built target test-backend-ops
[ 97%] Linking CXX executable ../../bin/imatrix
[ 98%] Linking CXX executable ../../bin/vdot
[ 97%] Linking CXX executable ../../bin/export-lora
[ 99%] Linking CXX executable ../../bin/q8dot
[ 99%] Built target convert-llama2c-to-ggml
[ 99%] Building CXX object examples/server/CMakeFiles/server.dir/server.cpp.o
[ 99%] Built target vdot
[ 99%] Built target quantize-stats
[ 99%] Built target test-json-schema-to-grammar
[100%] Linking CXX executable ../../bin/server
[ 99%] Built target lookup-merge
[100%] Built target q8dot
[100%] Built target export-lora
[100%] Built target test-autorelease
[100%] Built target test-sampling
[100%] Built target test-chat-template
[100%] Built target test-model-load-cancel
[100%] Built target test-grammar-integration
[100%] Built target test-llama-grammar
[100%] Built target gguf-split
[100%] Built target test-tokenizer-1-bpe
[100%] Built target test-tokenizer-0
[100%] Built target test-tokenizer-1-spm
[100%] Built target batched-bench
[100%] Built target tokenize
[100%] Built target simple
[100%] Built target beam-search
[100%] Built target eval-callback
[100%] Built target retrieval
[100%] Built target batched
[100%] Built target baby-llama
[100%] Built target gritlm
[100%] Built target train-text-from-scratch
[100%] Built target embedding
[100%] Built target main
[100%] Built target speculative
[100%] Built target save-load-state
[100%] Built target finetune
[100%] Built target perplexity
[100%] Built target passkey
[100%] Built target quantize
[100%] Built target parallel
[100%] Built target llama-bench
[100%] Built target lookup
[100%] Built target imatrix
[100%] Built target infill
[100%] Built target lookup-create
[100%] Built target lookahead
[100%] Built target lookup-stats
[100%] Built target llava-cli
[100%] Built target server

real	0m12.918s
user	0m40.132s
sys	0m8.291s
+ tee -a /home/ggml/results/llama.cpp/c6/8d2596ea89bb68861e8b8d9d45cd3ee8a179a2/ggml-1-arm64-cpu-low-perf/ctest_debug-ctest.log
+ ctest --output-on-failure -L main -E test-opt
Test project /home/ggml/work/llama.cpp/build-ci-debug
      Start  1: test-tokenizer-0-llama-spm
 1/27 Test  #1: test-tokenizer-0-llama-spm ........   Passed    0.18 sec
      Start  2: test-tokenizer-0-llama-bpe
 2/27 Test  #2: test-tokenizer-0-llama-bpe ........   Passed    2.84 sec
      Start  3: test-tokenizer-0-falcon
 3/27 Test  #3: test-tokenizer-0-falcon ...........   Passed    1.05 sec
      Start  4: test-tokenizer-0-deepseek-llm
 4/27 Test  #4: test-tokenizer-0-deepseek-llm .....   Passed    1.56 sec
      Start  5: test-tokenizer-0-deepseek-coder
 5/27 Test  #5: test-tokenizer-0-deepseek-coder ...   Passed    0.71 sec
      Start  6: test-tokenizer-0-bert-bge
 6/27 Test  #6: test-tokenizer-0-bert-bge .........   Passed    0.52 sec
      Start  7: test-tokenizer-1-falcon
 7/27 Test  #7: test-tokenizer-1-falcon ...........   Passed   81.32 sec
      Start  8: test-tokenizer-1-aquila
 8/27 Test  #8: test-tokenizer-1-aquila ...........   Passed   99.41 sec
      Start  9: test-tokenizer-1-mpt
 9/27 Test  #9: test-tokenizer-1-mpt ..............   Passed   73.96 sec
      Start 10: test-tokenizer-1-stablelm
10/27 Test #10: test-tokenizer-1-stablelm .........   Passed   74.06 sec
      Start 11: test-tokenizer-1-gpt-neox
11/27 Test #11: test-tokenizer-1-gpt-neox .........   Passed   73.94 sec
      Start 12: test-tokenizer-1-refact
12/27 Test #12: test-tokenizer-1-refact ...........   Passed   73.13 sec
      Start 13: test-tokenizer-1-starcoder
13/27 Test #13: test-tokenizer-1-starcoder ........   Passed   73.06 sec
      Start 14: test-tokenizer-1-gpt2
14/27 Test #14: test-tokenizer-1-gpt2 .............   Passed   74.05 sec
      Start 15: test-tokenizer-1-llama-spm
15/27 Test #15: test-tokenizer-1-llama-spm ........   Passed    4.62 sec
      Start 16: test-tokenizer-1-baichuan
16/27 Test #16: test-tokenizer-1-baichuan .........   Passed    4.97 sec
      Start 17: test-quantize-fns
17/27 Test #17: test-quantize-fns .................   Passed   35.76 sec
      Start 18: test-quantize-perf
18/27 Test #18: test-quantize-perf ................   Passed   10.52 sec
      Start 19: test-sampling
19/27 Test #19: test-sampling .....................   Passed    0.03 sec
      Start 20: test-chat-template
20/27 Test #20: test-chat-template ................   Passed    0.01 sec
      Start 21: test-grammar-parser
21/27 Test #21: test-grammar-parser ...............   Passed    0.00 sec
      Start 22: test-llama-grammar
22/27 Test #22: test-llama-grammar ................   Passed    0.01 sec
      Start 23: test-grammar-integration
23/27 Test #23: test-grammar-integration ..........   Passed    0.01 sec
      Start 24: test-grad0
24/27 Test #24: test-grad0 ........................   Passed    4.37 sec
      Start 25: test-backend-ops
25/27 Test #25: test-backend-ops ..................   Passed    0.00 sec
      Start 26: test-rope
26/27 Test #26: test-rope .........................   Passed    0.07 sec
      Start 29: test-json-schema-to-grammar
27/27 Test #29: test-json-schema-to-grammar .......   Passed    0.04 sec

100% tests passed, 0 tests failed out of 27

Label Time Summary:
main    = 690.23 sec*proc (27 tests)

Total Test time (real) = 690.24 sec

real	11m30.258s
user	31m24.934s
sys	0m4.027s
+ set +e
+ cur=0
+ echo 0
+ set +x
+ gg_run_ctest_release
+ tee /home/ggml/results/llama.cpp/c6/8d2596ea89bb68861e8b8d9d45cd3ee8a179a2/ggml-1-arm64-cpu-low-perf/ctest_release.log
+ cd /home/ggml/work/llama.cpp
+ rm -rf build-ci-release
+ mkdir build-ci-release
+ cd build-ci-release
+ set -e
+ tee -a /home/ggml/results/llama.cpp/c6/8d2596ea89bb68861e8b8d9d45cd3ee8a179a2/ggml-1-arm64-cpu-low-perf/ctest_release-cmake.log
+ cmake -DCMAKE_BUILD_TYPE=Release -DLLAMA_FATAL_WARNINGS=ON ..
-- The C compiler identification is GNU 11.4.0
-- The CXX compiler identification is GNU 11.4.0
-- Detecting C compiler ABI info
-- Detecting C compiler ABI info - done
-- Check for working C compiler: /usr/bin/cc - skipped
-- Detecting C compile features
-- Detecting C compile features - done
-- Detecting CXX compiler ABI info
-- Detecting CXX compiler ABI info - done
-- Check for working CXX compiler: /usr/bin/c++ - skipped
-- Detecting CXX compile features
-- Detecting CXX compile features - done
-- Found Git: /usr/bin/git (found version "2.34.1") 
-- Looking for pthread.h
-- Looking for pthread.h - found
-- Performing Test CMAKE_HAVE_LIBC_PTHREAD
-- Performing Test CMAKE_HAVE_LIBC_PTHREAD - Success
-- Found Threads: TRUE  
-- ccache found, compilation results will be cached. Disable with LLAMA_CCACHE=OFF.
-- CMAKE_SYSTEM_PROCESSOR: aarch64
-- ARM detected
-- Performing Test COMPILER_SUPPORTS_FP16_FORMAT_I3E
-- Performing Test COMPILER_SUPPORTS_FP16_FORMAT_I3E - Failed
-- Configuring done
-- Generating done
-- Build files have been written to: /home/ggml/work/llama.cpp/build-ci-release

real	0m0.772s
user	0m0.441s
sys	0m0.334s
+ tee -a /home/ggml/results/llama.cpp/c6/8d2596ea89bb68861e8b8d9d45cd3ee8a179a2/ggml-1-arm64-cpu-low-perf/ctest_release-make.log
+ make -j
[  1%] Building C object CMakeFiles/ggml.dir/ggml-alloc.c.o
[  1%] Building C object CMakeFiles/ggml.dir/ggml.c.o
[  1%] Building C object CMakeFiles/ggml.dir/ggml-quants.c.o
[  2%] Building C object CMakeFiles/ggml.dir/ggml-backend.c.o
[  3%] Building CXX object common/CMakeFiles/build_info.dir/build-info.cpp.o
[  4%] Building CXX object CMakeFiles/ggml.dir/sgemm.cpp.o
[  4%] Built target ggml
[  5%] Built target build_info
[  6%] Building CXX object examples/gguf/CMakeFiles/gguf.dir/gguf.cpp.o
[  7%] Linking CXX static library libggml_static.a
[  7%] Building CXX object CMakeFiles/llama.dir/llama.cpp.o
[  8%] Building CXX object CMakeFiles/llama.dir/unicode-data.cpp.o
[  9%] Building CXX object CMakeFiles/llama.dir/unicode.cpp.o
[  9%] Linking CXX executable ../../bin/gguf
[  9%] Built target ggml_static
[  9%] Built target gguf
[  9%] Linking CXX static library libllama.a
[  9%] Built target llama
[ 10%] Building CXX object examples/benchmark/CMakeFiles/benchmark.dir/benchmark-matmult.cpp.o
[ 10%] Building CXX object common/CMakeFiles/common.dir/common.cpp.o
[ 10%] Building CXX object examples/llava/CMakeFiles/llava.dir/llava.cpp.o
[ 10%] Building C object tests/CMakeFiles/test-c.dir/test-c.c.o
[ 11%] Building CXX object examples/llava/CMakeFiles/llava.dir/clip.cpp.o
[ 12%] Building CXX object common/CMakeFiles/common.dir/sampling.cpp.o
[ 13%] Building CXX object common/CMakeFiles/common.dir/console.cpp.o
[ 13%] Building CXX object common/CMakeFiles/common.dir/grammar-parser.cpp.o
[ 14%] Building CXX object common/CMakeFiles/common.dir/json-schema-to-grammar.cpp.o
[ 15%] Building CXX object examples/quantize-stats/CMakeFiles/quantize-stats.dir/quantize-stats.cpp.o
[ 16%] Linking CXX executable ../bin/test-c
[ 16%] Linking CXX executable ../../bin/benchmark
[ 17%] Building CXX object common/CMakeFiles/common.dir/train.cpp.o
[ 17%] Building CXX object common/CMakeFiles/common.dir/ngram-cache.cpp.o
[ 17%] Built target llava
[ 17%] Linking CXX executable ../../bin/quantize-stats
[ 18%] Linking CXX static library libllava_static.a
[ 19%] Linking CXX static library libcommon.a
[ 19%] Built target test-c
[ 19%] Built target benchmark
[ 19%] Built target common
[ 19%] Built target llava_static
[ 20%] Building CXX object tests/CMakeFiles/test-tokenizer-0.dir/test-tokenizer-0.cpp.o
[ 21%] Building CXX object tests/CMakeFiles/test-quantize-fns.dir/test-quantize-fns.cpp.o
[ 22%] Building CXX object tests/CMakeFiles/test-quantize-perf.dir/test-quantize-perf.cpp.o
[ 23%] Building CXX object tests/CMakeFiles/test-sampling.dir/test-sampling.cpp.o
[ 24%] Building CXX object tests/CMakeFiles/test-quantize-perf.dir/get-model.cpp.o
[ 25%] Building CXX object tests/CMakeFiles/test-tokenizer-1-spm.dir/test-tokenizer-1-spm.cpp.o
[ 25%] Building CXX object tests/CMakeFiles/test-tokenizer-1-bpe.dir/test-tokenizer-1-bpe.cpp.o
[ 26%] Building CXX object tests/CMakeFiles/test-sampling.dir/get-model.cpp.o
[ 26%] Building CXX object tests/CMakeFiles/test-chat-template.dir/get-model.cpp.o
[ 27%] Building CXX object tests/CMakeFiles/test-quantize-fns.dir/get-model.cpp.o
[ 28%] Building CXX object tests/CMakeFiles/test-chat-template.dir/test-chat-template.cpp.o
[ 28%] Linking CXX executable ../bin/test-tokenizer-1-spm
[ 29%] Linking CXX executable ../bin/test-tokenizer-1-bpe
[ 30%] Linking CXX executable ../bin/test-tokenizer-0
[ 30%] Linking CXX executable ../bin/test-quantize-fns
[ 30%] Built target quantize-stats
[ 31%] Building CXX object tests/CMakeFiles/test-grammar-parser.dir/test-grammar-parser.cpp.o
[ 31%] Linking CXX executable ../bin/test-quantize-perf
[ 31%] Linking CXX executable ../bin/test-sampling
[ 32%] Building CXX object tests/CMakeFiles/test-grammar-parser.dir/get-model.cpp.o
[ 32%] Building CXX object tests/CMakeFiles/test-backend-ops.dir/test-backend-ops.cpp.o
[ 33%] Building CXX object tests/CMakeFiles/test-llama-grammar.dir/test-llama-grammar.cpp.o
[ 34%] Building CXX object tests/CMakeFiles/test-llama-grammar.dir/get-model.cpp.o
[ 35%] Linking CXX executable ../bin/test-chat-template
[ 36%] Building CXX object tests/CMakeFiles/test-grammar-integration.dir/test-grammar-integration.cpp.o
[ 37%] Building CXX object tests/CMakeFiles/test-grad0.dir/test-grad0.cpp.o
[ 38%] Building CXX object tests/CMakeFiles/test-backend-ops.dir/get-model.cpp.o
[ 39%] Building CXX object tests/CMakeFiles/test-grammar-integration.dir/get-model.cpp.o
[ 39%] Building CXX object tests/CMakeFiles/test-grad0.dir/get-model.cpp.o
[ 40%] Building CXX object tests/CMakeFiles/test-rope.dir/test-rope.cpp.o
[ 41%] Building CXX object tests/CMakeFiles/test-model-load-cancel.dir/test-model-load-cancel.cpp.o
[ 42%] Building CXX object tests/CMakeFiles/test-rope.dir/get-model.cpp.o
[ 43%] Building CXX object tests/CMakeFiles/test-model-load-cancel.dir/get-model.cpp.o
[ 43%] Linking CXX executable ../bin/test-grammar-parser
[ 43%] Building CXX object tests/CMakeFiles/test-autorelease.dir/test-autorelease.cpp.o
[ 44%] Building CXX object tests/CMakeFiles/test-json-schema-to-grammar.dir/get-model.cpp.o
[ 45%] Building CXX object tests/CMakeFiles/test-json-schema-to-grammar.dir/test-json-schema-to-grammar.cpp.o
[ 46%] Linking CXX executable ../bin/test-backend-ops
[ 46%] Linking CXX executable ../bin/test-grammar-integration
[ 47%] Building CXX object examples/batched/CMakeFiles/batched.dir/batched.cpp.o
[ 47%] Building CXX object examples/baby-llama/CMakeFiles/baby-llama.dir/baby-llama.cpp.o
[ 47%] Linking CXX executable ../bin/test-model-load-cancel
[ 48%] Building CXX object tests/CMakeFiles/test-autorelease.dir/get-model.cpp.o
[ 48%] Linking CXX executable ../bin/test-llama-grammar
[ 49%] Building CXX object examples/convert-llama2c-to-ggml/CMakeFiles/convert-llama2c-to-ggml.dir/convert-llama2c-to-ggml.cpp.o
[ 50%] Linking CXX executable ../bin/test-grad0
[ 50%] Linking CXX executable ../bin/test-rope
[ 51%] Building CXX object examples/embedding/CMakeFiles/embedding.dir/embedding.cpp.o
[ 51%] Building CXX object examples/beam-search/CMakeFiles/beam-search.dir/beam-search.cpp.o
[ 52%] Building CXX object examples/batched-bench/CMakeFiles/batched-bench.dir/batched-bench.cpp.o
[ 52%] Building CXX object examples/eval-callback/CMakeFiles/eval-callback.dir/eval-callback.cpp.o
[ 52%] Linking CXX executable ../../bin/batched
[ 53%] Linking CXX executable ../bin/test-json-schema-to-grammar
[ 53%] Linking CXX executable ../../bin/convert-llama2c-to-ggml
[ 53%] Linking CXX executable ../../bin/baby-llama
[ 54%] Linking CXX executable ../bin/test-autorelease
[ 56%] Building CXX object examples/gguf-split/CMakeFiles/gguf-split.dir/gguf-split.cpp.o
[ 57%] Linking CXX executable ../../bin/beam-search
[ 58%] Building CXX object examples/infill/CMakeFiles/infill.dir/infill.cpp.o
[ 59%] Building CXX object examples/llama-bench/CMakeFiles/llama-bench.dir/llama-bench.cpp.o
[ 60%] Linking CXX executable ../../bin/embedding
[ 55%] Building CXX object examples/finetune/CMakeFiles/finetune.dir/finetune.cpp.o
[ 61%] Linking CXX executable ../../bin/batched-bench
[ 61%] Building CXX object examples/gritlm/CMakeFiles/gritlm.dir/gritlm.cpp.o
[ 62%] Building CXX object examples/llava/CMakeFiles/llava-cli.dir/llava-cli.cpp.o
[ 63%] Building CXX object examples/parallel/CMakeFiles/parallel.dir/parallel.cpp.o
[ 61%] Building CXX object examples/main/CMakeFiles/main.dir/main.cpp.o
[ 65%] Building CXX object examples/perplexity/CMakeFiles/perplexity.dir/perplexity.cpp.o
[ 66%] Linking CXX executable ../../bin/eval-callback
[ 64%] Building CXX object examples/tokenize/CMakeFiles/tokenize.dir/tokenize.cpp.o
[ 67%] Linking CXX executable ../../bin/gguf-split
[ 68%] Linking CXX executable ../../bin/infill
[ 69%] Linking CXX executable ../../bin/llama-bench
[ 69%] Linking CXX executable ../../bin/parallel
[ 69%] Built target test-quantize-fns
[ 70%] Linking CXX executable ../../bin/gritlm
[ 71%] Linking CXX executable ../../bin/finetune
[ 71%] Linking CXX executable ../../bin/perplexity
[ 71%] Building CXX object examples/quantize/CMakeFiles/quantize.dir/quantize.cpp.o
[ 71%] Built target test-quantize-perf
[ 73%] Building CXX object examples/retrieval/CMakeFiles/retrieval.dir/retrieval.cpp.o
[ 72%] Linking CXX executable ../../bin/tokenize
[ 73%] Linking CXX executable ../../bin/llava-cli
[ 74%] Linking CXX executable ../../bin/main
[ 74%] Building CXX object examples/save-load-state/CMakeFiles/save-load-state.dir/save-load-state.cpp.o
[ 75%] Building CXX object examples/speculative/CMakeFiles/speculative.dir/speculative.cpp.o
[ 76%] Building CXX object examples/simple/CMakeFiles/simple.dir/simple.cpp.o
[ 76%] Built target test-grad0
[ 77%] Building CXX object examples/passkey/CMakeFiles/passkey.dir/passkey.cpp.o
[ 78%] Building CXX object examples/lookup/CMakeFiles/lookup.dir/lookup.cpp.o
[ 80%] Generating json-schema-to-grammar.mjs.hpp
[ 79%] Building CXX object examples/lookahead/CMakeFiles/lookahead.dir/lookahead.cpp.o
[ 80%] Built target test-grammar-parser
[ 81%] Generating completion.js.hpp
[ 81%] Built target test-sampling
[ 82%] Linking CXX executable ../../bin/quantize
[ 82%] Generating index.js.hpp
[ 82%] Built target test-tokenizer-0
[ 83%] Generating index.html.hpp
[ 83%] Built target test-backend-ops
[ 84%] Building CXX object examples/lookup/CMakeFiles/lookup-stats.dir/lookup-stats.cpp.o
[ 85%] Linking CXX executable ../../bin/retrieval
[ 87%] Linking CXX executable ../../bin/speculative
[ 87%] Building CXX object examples/lookup/CMakeFiles/lookup-create.dir/lookup-create.cpp.o
[ 87%] Built target test-tokenizer-1-spm
[ 88%] Building CXX object examples/lookup/CMakeFiles/lookup-merge.dir/lookup-merge.cpp.o
[ 89%] Linking CXX executable ../../bin/simple
[ 86%] Linking CXX executable ../../bin/save-load-state
[ 89%] Built target test-chat-template
[ 89%] Linking CXX executable ../../bin/passkey
[ 89%] Built target test-rope
[ 89%] Built target convert-llama2c-to-ggml
[ 90%] Linking CXX executable ../../bin/lookup
[ 90%] Built target test-tokenizer-1-bpe
[ 91%] Building CXX object examples/imatrix/CMakeFiles/imatrix.dir/imatrix.cpp.o
[ 90%] Building CXX object examples/train-text-from-scratch/CMakeFiles/train-text-from-scratch.dir/train-text-from-scratch.cpp.o
[ 91%] Linking CXX executable ../../bin/lookahead
[ 92%] Building CXX object pocs/vdot/CMakeFiles/vdot.dir/vdot.cpp.o
[ 93%] Building CXX object examples/export-lora/CMakeFiles/export-lora.dir/export-lora.cpp.o
[ 94%] Built target test-grammar-integration
[ 94%] Built target test-model-load-cancel
[ 94%] Linking CXX executable ../../bin/lookup-stats
[ 94%] Built target test-llama-grammar
[ 94%] Linking CXX executable ../../bin/lookup-merge
[ 95%] Linking CXX executable ../../bin/lookup-create
[ 95%] Built target test-json-schema-to-grammar
[ 96%] Linking CXX executable ../../bin/imatrix
[ 96%] Building CXX object pocs/vdot/CMakeFiles/q8dot.dir/q8dot.cpp.o
[ 97%] Linking CXX executable ../../bin/train-text-from-scratch
[ 98%] Linking CXX executable ../../bin/vdot
[ 98%] Linking CXX executable ../../bin/export-lora
[ 98%] Built target baby-llama
[ 99%] Linking CXX executable ../../bin/q8dot
[ 99%] Built target test-autorelease
[ 99%] Building CXX object examples/server/CMakeFiles/server.dir/server.cpp.o
[ 99%] Built target batched
[ 99%] Built target batched-bench
[ 99%] Built target gguf-split
[ 99%] Built target beam-search
[ 99%] Built target embedding
[ 99%] Built target parallel
[ 99%] Built target eval-callback
[ 99%] Built target perplexity
[100%] Linking CXX executable ../../bin/server
[100%] Built target llama-bench
[100%] Built target infill
[100%] Built target gritlm
[100%] Built target finetune
[100%] Built target lookup-merge
[100%] Built target tokenize
[100%] Built target llava-cli
[100%] Built target vdot
[100%] Built target main
[100%] Built target export-lora
[100%] Built target quantize
[100%] Built target retrieval
[100%] Built target save-load-state
[100%] Built target passkey
[100%] Built target simple
[100%] Built target speculative
[100%] Built target lookup
[100%] Built target q8dot
[100%] Built target lookup-stats
[100%] Built target lookahead
[100%] Built target train-text-from-scratch
[100%] Built target lookup-create
[100%] Built target imatrix
[100%] Built target server

real	0m3.532s
user	0m8.360s
sys	0m4.722s
+ '[' -z 1 ']'
+ tee -a /home/ggml/results/llama.cpp/c6/8d2596ea89bb68861e8b8d9d45cd3ee8a179a2/ggml-1-arm64-cpu-low-perf/ctest_release-ctest.log
+ ctest --output-on-failure -L main -E test-opt
Test project /home/ggml/work/llama.cpp/build-ci-release
      Start  1: test-tokenizer-0-llama-spm
 1/27 Test  #1: test-tokenizer-0-llama-spm ........   Passed    0.06 sec
      Start  2: test-tokenizer-0-llama-bpe
 2/27 Test  #2: test-tokenizer-0-llama-bpe ........   Passed    0.75 sec
      Start  3: test-tokenizer-0-falcon
 3/27 Test  #3: test-tokenizer-0-falcon ...........   Passed    0.27 sec
      Start  4: test-tokenizer-0-deepseek-llm
 4/27 Test  #4: test-tokenizer-0-deepseek-llm .....   Passed    0.40 sec
      Start  5: test-tokenizer-0-deepseek-coder
 5/27 Test  #5: test-tokenizer-0-deepseek-coder ...   Passed    0.17 sec
      Start  6: test-tokenizer-0-bert-bge
 6/27 Test  #6: test-tokenizer-0-bert-bge .........   Passed    0.13 sec
      Start  7: test-tokenizer-1-falcon
 7/27 Test  #7: test-tokenizer-1-falcon ...........   Passed   13.28 sec
      Start  8: test-tokenizer-1-aquila
 8/27 Test  #8: test-tokenizer-1-aquila ...........   Passed   16.32 sec
      Start  9: test-tokenizer-1-mpt
 9/27 Test  #9: test-tokenizer-1-mpt ..............   Passed   12.07 sec
      Start 10: test-tokenizer-1-stablelm
10/27 Test #10: test-tokenizer-1-stablelm .........   Passed   12.05 sec
      Start 11: test-tokenizer-1-gpt-neox
11/27 Test #11: test-tokenizer-1-gpt-neox .........   Passed   12.06 sec
      Start 12: test-tokenizer-1-refact
12/27 Test #12: test-tokenizer-1-refact ...........   Passed   12.22 sec
      Start 13: test-tokenizer-1-starcoder
13/27 Test #13: test-tokenizer-1-starcoder ........   Passed   11.92 sec
      Start 14: test-tokenizer-1-gpt2
14/27 Test #14: test-tokenizer-1-gpt2 .............   Passed   12.05 sec
      Start 15: test-tokenizer-1-llama-spm
15/27 Test #15: test-tokenizer-1-llama-spm ........   Passed    0.63 sec
      Start 16: test-tokenizer-1-baichuan
16/27 Test #16: test-tokenizer-1-baichuan .........   Passed    0.75 sec
      Start 17: test-quantize-fns
17/27 Test #17: test-quantize-fns .................   Passed   19.72 sec
      Start 18: test-quantize-perf
18/27 Test #18: test-quantize-perf ................   Passed    5.78 sec
      Start 19: test-sampling
19/27 Test #19: test-sampling .....................   Passed    0.01 sec
      Start 20: test-chat-template
20/27 Test #20: test-chat-template ................   Passed    0.00 sec
      Start 21: test-grammar-parser
21/27 Test #21: test-grammar-parser ...............   Passed    0.00 sec
      Start 22: test-llama-grammar
22/27 Test #22: test-llama-grammar ................   Passed    0.00 sec
      Start 23: test-grammar-integration
23/27 Test #23: test-grammar-integration ..........   Passed    0.00 sec
      Start 24: test-grad0
24/27 Test #24: test-grad0 ........................   Passed    3.45 sec
      Start 25: test-backend-ops
25/27 Test #25: test-backend-ops ..................   Passed    0.00 sec
      Start 26: test-rope
26/27 Test #26: test-rope .........................   Passed    0.05 sec
      Start 29: test-json-schema-to-grammar
27/27 Test #29: test-json-schema-to-grammar .......   Passed    0.01 sec

100% tests passed, 0 tests failed out of 27

Label Time Summary:
main    = 134.16 sec*proc (27 tests)

Total Test time (real) = 134.17 sec

real	2m14.188s
user	5m26.433s
sys	0m3.978s
+ set +e
+ cur=0
+ echo 0
+ set +x
