+ gg_run_ctest_debug
+ cd /home/ggml/work/llama.cpp
+ rm -rf build-ci-debug
+ tee /home/ggml/results/llama.cpp/c9/84214e1af5db2e71e85987e93054be7503c9b5/ggml-1-arm64-cpu-low-perf/ctest_debug.log
+ mkdir build-ci-debug
+ cd build-ci-debug
+ set -e
+ gg_check_build_requirements
+ command -v cmake
+ command -v make
+ command -v ctest
+ tee -a /home/ggml/results/llama.cpp/c9/84214e1af5db2e71e85987e93054be7503c9b5/ggml-1-arm64-cpu-low-perf/ctest_debug-cmake.log
+ cmake -DCMAKE_BUILD_TYPE=Debug -DLLAMA_FATAL_WARNINGS=ON ..
-- The C compiler identification is GNU 11.4.0
-- The CXX compiler identification is GNU 11.4.0
-- Detecting C compiler ABI info
-- Detecting C compiler ABI info - done
-- Check for working C compiler: /usr/bin/cc - skipped
-- Detecting C compile features
-- Detecting C compile features - done
-- Detecting CXX compiler ABI info
-- Detecting CXX compiler ABI info - done
-- Check for working CXX compiler: /usr/bin/c++ - skipped
-- Detecting CXX compile features
-- Detecting CXX compile features - done
-- Found Git: /usr/bin/git (found version "2.34.1") 
-- Looking for pthread.h
-- Looking for pthread.h - found
-- Performing Test CMAKE_HAVE_LIBC_PTHREAD
-- Performing Test CMAKE_HAVE_LIBC_PTHREAD - Success
-- Found Threads: TRUE  
-- Found OpenMP_C: -fopenmp (found version "4.5") 
-- Found OpenMP_CXX: -fopenmp (found version "4.5") 
-- Found OpenMP: TRUE (found version "4.5")  
-- OpenMP found
-- Using llamafile
-- ccache found, compilation results will be cached. Disable with GGML_CCACHE=OFF.
-- CMAKE_SYSTEM_PROCESSOR: aarch64
-- ARM detected
-- Performing Test COMPILER_SUPPORTS_FP16_FORMAT_I3E
-- Performing Test COMPILER_SUPPORTS_FP16_FORMAT_I3E - Failed
-- Configuring done
-- Generating done
-- Build files have been written to: /home/ggml/work/llama.cpp/build-ci-debug

real	0m0.990s
user	0m0.670s
sys	0m0.318s
+ tee -a /home/ggml/results/llama.cpp/c9/84214e1af5db2e71e85987e93054be7503c9b5/ggml-1-arm64-cpu-low-perf/ctest_debug-make.log
++ nproc
+ make -j4
[  0%] Generating build details from Git
[  1%] Building C object examples/gguf-hash/CMakeFiles/sha256.dir/deps/sha256/sha256.c.o
[  2%] Building C object examples/gguf-hash/CMakeFiles/xxhash.dir/deps/xxhash/xxhash.c.o
[  2%] Building C object ggml/src/CMakeFiles/ggml.dir/ggml.c.o
-- Found Git: /usr/bin/git (found version "2.34.1") 
[  2%] Built target sha256
[  2%] Built target xxhash
[  3%] Building C object ggml/src/CMakeFiles/ggml.dir/ggml-alloc.c.o
[  3%] Building C object ggml/src/CMakeFiles/ggml.dir/ggml-backend.c.o
[  3%] Building C object examples/gguf-hash/CMakeFiles/sha1.dir/deps/sha1/sha1.c.o
[  4%] Building CXX object common/CMakeFiles/build_info.dir/build-info.cpp.o
[  5%] Building CXX object ggml/src/CMakeFiles/ggml.dir/llamafile/sgemm.cpp.o
[  6%] Building C object ggml/src/CMakeFiles/ggml.dir/ggml-quants.c.o
[  6%] Built target sha1
[  6%] Building C object ggml/src/CMakeFiles/ggml.dir/ggml-aarch64.c.o
[  7%] Linking CXX shared library libggml.so
[  7%] Built target build_info
[  7%] Built target ggml
[ 10%] Building CXX object examples/gguf-hash/CMakeFiles/llama-gguf-hash.dir/gguf-hash.cpp.o
[ 10%] Building CXX object src/CMakeFiles/llama.dir/llama-vocab.cpp.o
[ 10%] Building CXX object examples/gguf/CMakeFiles/llama-gguf.dir/gguf.cpp.o
[ 10%] Building CXX object src/CMakeFiles/llama.dir/llama.cpp.o
[ 10%] Linking CXX executable ../../bin/llama-gguf
[ 11%] Linking CXX executable ../../bin/llama-gguf-hash
[ 11%] Building CXX object src/CMakeFiles/llama.dir/llama-grammar.cpp.o
[ 13%] Building CXX object src/CMakeFiles/llama.dir/llama-sampling.cpp.o
[ 13%] Building CXX object src/CMakeFiles/llama.dir/unicode.cpp.o
[ 13%] Building CXX object src/CMakeFiles/llama.dir/unicode-data.cpp.o
[ 14%] Linking CXX shared library libllama.so
[ 14%] Built target llama-gguf-hash
[ 14%] Built target llama-gguf
[ 14%] Built target llama
[ 17%] Building CXX object examples/llava/CMakeFiles/llava.dir/llava.cpp.o
[ 17%] Building CXX object common/CMakeFiles/common.dir/arg.cpp.o
[ 17%] Building CXX object examples/benchmark/CMakeFiles/llama-bench-matmult.dir/benchmark-matmult.cpp.o
[ 17%] Building C object tests/CMakeFiles/test-c.dir/test-c.c.o
[ 17%] Linking C executable ../bin/test-c
[ 17%] Linking CXX executable ../../bin/llama-bench-matmult
[ 18%] Building CXX object common/CMakeFiles/common.dir/common.cpp.o
[ 18%] Built target test-c
[ 18%] Building CXX object examples/quantize-stats/CMakeFiles/llama-quantize-stats.dir/quantize-stats.cpp.o
[ 18%] Building CXX object common/CMakeFiles/common.dir/console.cpp.o
[ 18%] Built target llama-bench-matmult
[ 19%] Linking CXX executable ../../bin/llama-quantize-stats
[ 20%] Building CXX object common/CMakeFiles/common.dir/json-schema-to-grammar.cpp.o
[ 20%] Building CXX object common/CMakeFiles/common.dir/log.cpp.o
[ 21%] Building CXX object common/CMakeFiles/common.dir/ngram-cache.cpp.o
[ 21%] Built target llama-quantize-stats
[ 22%] Building CXX object common/CMakeFiles/common.dir/sampling.cpp.o
[ 22%] Building CXX object common/CMakeFiles/common.dir/train.cpp.o
[ 23%] Building CXX object examples/llava/CMakeFiles/llava.dir/clip.cpp.o
[ 24%] Linking CXX static library libcommon.a
[ 24%] Built target common
[ 24%] Building CXX object tests/CMakeFiles/test-tokenizer-1-bpe.dir/test-tokenizer-1-bpe.cpp.o
[ 24%] Building CXX object tests/CMakeFiles/test-tokenizer-1-spm.dir/test-tokenizer-1-spm.cpp.o
[ 24%] Building CXX object tests/CMakeFiles/test-tokenizer-0.dir/test-tokenizer-0.cpp.o
[ 25%] Linking CXX executable ../bin/test-tokenizer-1-bpe
[ 26%] Linking CXX executable ../bin/test-tokenizer-1-spm
[ 27%] Linking CXX executable ../bin/test-tokenizer-0
[ 27%] Built target test-tokenizer-1-bpe
[ 28%] Building CXX object tests/CMakeFiles/test-log.dir/test-log.cpp.o
[ 28%] Built target test-tokenizer-1-spm
[ 28%] Building CXX object tests/CMakeFiles/test-arg-parser.dir/test-arg-parser.cpp.o
[ 28%] Built target test-tokenizer-0
[ 28%] Building CXX object tests/CMakeFiles/test-quantize-fns.dir/test-quantize-fns.cpp.o
[ 28%] Building CXX object tests/CMakeFiles/test-log.dir/get-model.cpp.o
[ 29%] Linking CXX executable ../bin/test-log
[ 29%] Built target test-log
[ 30%] Building CXX object tests/CMakeFiles/test-quantize-perf.dir/test-quantize-perf.cpp.o
[ 31%] Building CXX object tests/CMakeFiles/test-quantize-fns.dir/get-model.cpp.o
[ 31%] Linking CXX executable ../bin/test-quantize-fns
[ 31%] Built target test-quantize-fns
[ 31%] Building CXX object tests/CMakeFiles/test-sampling.dir/test-sampling.cpp.o
[ 32%] Building CXX object tests/CMakeFiles/test-arg-parser.dir/get-model.cpp.o
[ 33%] Linking CXX executable ../bin/test-arg-parser
[ 34%] Building CXX object tests/CMakeFiles/test-quantize-perf.dir/get-model.cpp.o
[ 34%] Linking CXX executable ../bin/test-quantize-perf
[ 34%] Built target test-quantize-perf
[ 35%] Building CXX object tests/CMakeFiles/test-chat-template.dir/test-chat-template.cpp.o
[ 35%] Built target test-arg-parser
[ 36%] Building CXX object tests/CMakeFiles/test-sampling.dir/get-model.cpp.o
[ 37%] Building CXX object tests/CMakeFiles/test-grammar-parser.dir/test-grammar-parser.cpp.o
[ 38%] Linking CXX executable ../bin/test-sampling
[ 38%] Built target test-sampling
[ 38%] Building CXX object tests/CMakeFiles/test-llama-grammar.dir/test-llama-grammar.cpp.o
[ 38%] Built target llava
[ 39%] Building CXX object tests/CMakeFiles/test-grammar-integration.dir/test-grammar-integration.cpp.o
[ 39%] Building CXX object tests/CMakeFiles/test-chat-template.dir/get-model.cpp.o
[ 40%] Linking CXX executable ../bin/test-chat-template
[ 40%] Building CXX object tests/CMakeFiles/test-grammar-parser.dir/get-model.cpp.o
[ 40%] Built target test-chat-template
[ 41%] Linking CXX executable ../bin/test-grammar-parser
[ 41%] Building CXX object tests/CMakeFiles/test-grad0.dir/test-grad0.cpp.o
[ 41%] Built target test-grammar-parser
[ 42%] Building CXX object tests/CMakeFiles/test-backend-ops.dir/test-backend-ops.cpp.o
[ 43%] Building CXX object tests/CMakeFiles/test-llama-grammar.dir/get-model.cpp.o
[ 43%] Linking CXX executable ../bin/test-llama-grammar
[ 44%] Building CXX object tests/CMakeFiles/test-grad0.dir/get-model.cpp.o
[ 44%] Linking CXX executable ../bin/test-grad0
[ 44%] Built target test-llama-grammar
[ 45%] Building CXX object tests/CMakeFiles/test-rope.dir/test-rope.cpp.o
[ 45%] Built target test-grad0
[ 46%] Building CXX object tests/CMakeFiles/test-model-load-cancel.dir/test-model-load-cancel.cpp.o
[ 46%] Building CXX object tests/CMakeFiles/test-model-load-cancel.dir/get-model.cpp.o
[ 47%] Linking CXX executable ../bin/test-model-load-cancel
[ 47%] Built target test-model-load-cancel
[ 47%] Building CXX object tests/CMakeFiles/test-autorelease.dir/test-autorelease.cpp.o
[ 47%] Building CXX object tests/CMakeFiles/test-rope.dir/get-model.cpp.o
[ 48%] Linking CXX executable ../bin/test-rope
[ 48%] Built target test-rope
[ 48%] Building CXX object tests/CMakeFiles/test-json-schema-to-grammar.dir/test-json-schema-to-grammar.cpp.o
[ 49%] Building CXX object tests/CMakeFiles/test-autorelease.dir/get-model.cpp.o
[ 49%] Linking CXX executable ../bin/test-autorelease
[ 49%] Built target test-autorelease
[ 49%] Building CXX object examples/cvector-generator/CMakeFiles/llama-cvector-generator.dir/cvector-generator.cpp.o
[ 49%] Building CXX object tests/CMakeFiles/test-backend-ops.dir/get-model.cpp.o
[ 50%] Linking CXX executable ../bin/test-backend-ops
[ 50%] Built target test-backend-ops
[ 50%] Building CXX object examples/baby-llama/CMakeFiles/llama-baby-llama.dir/baby-llama.cpp.o
[ 51%] Linking CXX executable ../../bin/llama-cvector-generator
[ 52%] Linking CXX executable ../../bin/llama-baby-llama
[ 52%] Built target llama-cvector-generator
[ 53%] Building CXX object examples/batched-bench/CMakeFiles/llama-batched-bench.dir/batched-bench.cpp.o
[ 53%] Built target llama-baby-llama
[ 53%] Building CXX object examples/batched/CMakeFiles/llama-batched.dir/batched.cpp.o
[ 54%] Building CXX object tests/CMakeFiles/test-grammar-integration.dir/get-model.cpp.o
[ 54%] Linking CXX executable ../bin/test-grammar-integration
[ 54%] Built target test-grammar-integration
[ 54%] Building CXX object examples/convert-llama2c-to-ggml/CMakeFiles/llama-convert-llama2c-to-ggml.dir/convert-llama2c-to-ggml.cpp.o
[ 54%] Linking CXX executable ../../bin/llama-batched-bench
[ 55%] Linking CXX executable ../../bin/llama-batched
[ 55%] Built target llama-batched-bench
[ 55%] Building CXX object examples/embedding/CMakeFiles/llama-embedding.dir/embedding.cpp.o
[ 55%] Built target llama-batched
[ 56%] Building CXX object examples/eval-callback/CMakeFiles/llama-eval-callback.dir/eval-callback.cpp.o
[ 57%] Linking CXX executable ../../bin/llama-convert-llama2c-to-ggml
[ 57%] Built target llama-convert-llama2c-to-ggml
[ 58%] Building CXX object examples/export-lora/CMakeFiles/llama-export-lora.dir/export-lora.cpp.o
[ 59%] Linking CXX executable ../../bin/llama-embedding
[ 59%] Linking CXX executable ../../bin/llama-eval-callback
[ 59%] Built target llama-embedding
[ 60%] Building CXX object examples/gbnf-validator/CMakeFiles/llama-gbnf-validator.dir/gbnf-validator.cpp.o
[ 60%] Built target llama-eval-callback
[ 60%] Building CXX object examples/gguf-split/CMakeFiles/llama-gguf-split.dir/gguf-split.cpp.o
[ 60%] Linking CXX executable ../../bin/llama-export-lora
[ 61%] Building CXX object tests/CMakeFiles/test-json-schema-to-grammar.dir/get-model.cpp.o
[ 62%] Linking CXX executable ../bin/test-json-schema-to-grammar
[ 62%] Linking CXX executable ../../bin/llama-gbnf-validator
[ 62%] Built target llama-gbnf-validator
[ 62%] Building CXX object examples/gritlm/CMakeFiles/llama-gritlm.dir/gritlm.cpp.o
[ 62%] Built target test-json-schema-to-grammar
[ 62%] Building CXX object examples/imatrix/CMakeFiles/llama-imatrix.dir/imatrix.cpp.o
[ 63%] Linking CXX executable ../../bin/llama-gguf-split
[ 63%] Built target llama-export-lora
[ 64%] Building CXX object examples/infill/CMakeFiles/llama-infill.dir/infill.cpp.o
[ 64%] Built target llama-gguf-split
[ 65%] Building CXX object examples/llama-bench/CMakeFiles/llama-bench.dir/llama-bench.cpp.o
[ 66%] Linking CXX executable ../../bin/llama-gritlm
[ 66%] Linking CXX executable ../../bin/llama-infill
[ 66%] Built target llama-gritlm
[ 67%] Linking CXX static library libllava_static.a
[ 67%] Built target llava_static
[ 67%] Linking CXX shared library libllava_shared.so
[ 67%] Built target llava_shared
[ 67%] Built target llama-infill
[ 68%] Building CXX object examples/llava/CMakeFiles/llama-llava-cli.dir/llava-cli.cpp.o
[ 69%] Building CXX object examples/llava/CMakeFiles/llama-minicpmv-cli.dir/minicpmv-cli.cpp.o
[ 70%] Linking CXX executable ../../bin/llama-imatrix
[ 70%] Built target llama-imatrix
[ 70%] Linking CXX executable ../../bin/llama-llava-cli
[ 71%] Building CXX object examples/lookahead/CMakeFiles/llama-lookahead.dir/lookahead.cpp.o
[ 71%] Linking CXX executable ../../bin/llama-minicpmv-cli
[ 71%] Built target llama-llava-cli
[ 72%] Building CXX object examples/lookup/CMakeFiles/llama-lookup.dir/lookup.cpp.o
[ 72%] Built target llama-minicpmv-cli
[ 72%] Linking CXX executable ../../bin/llama-lookahead
[ 72%] Building CXX object examples/lookup/CMakeFiles/llama-lookup-create.dir/lookup-create.cpp.o
[ 72%] Built target llama-lookahead
[ 72%] Building CXX object examples/lookup/CMakeFiles/llama-lookup-merge.dir/lookup-merge.cpp.o
[ 73%] Linking CXX executable ../../bin/llama-lookup
[ 74%] Linking CXX executable ../../bin/llama-lookup-create
[ 75%] Linking CXX executable ../../bin/llama-lookup-merge
[ 75%] Built target llama-lookup
[ 75%] Building CXX object examples/lookup/CMakeFiles/llama-lookup-stats.dir/lookup-stats.cpp.o
[ 75%] Built target llama-lookup-merge
[ 76%] Building CXX object examples/main/CMakeFiles/llama-cli.dir/main.cpp.o
[ 76%] Built target llama-lookup-create
[ 77%] Building CXX object examples/parallel/CMakeFiles/llama-parallel.dir/parallel.cpp.o
[ 77%] Linking CXX executable ../../bin/llama-bench
[ 77%] Built target llama-bench
[ 78%] Building CXX object examples/passkey/CMakeFiles/llama-passkey.dir/passkey.cpp.o
[ 79%] Linking CXX executable ../../bin/llama-lookup-stats
[ 79%] Linking CXX executable ../../bin/llama-parallel
[ 80%] Linking CXX executable ../../bin/llama-cli
[ 80%] Linking CXX executable ../../bin/llama-passkey
[ 80%] Built target llama-lookup-stats
[ 81%] Building CXX object examples/perplexity/CMakeFiles/llama-perplexity.dir/perplexity.cpp.o
[ 81%] Built target llama-parallel
[ 81%] Building CXX object examples/quantize/CMakeFiles/llama-quantize.dir/quantize.cpp.o
[ 81%] Built target llama-cli
[ 82%] Building CXX object examples/retrieval/CMakeFiles/llama-retrieval.dir/retrieval.cpp.o
[ 82%] Built target llama-passkey
[ 83%] Generating theme-snowstorm.css.hpp
[ 84%] Generating colorthemes.css.hpp
[ 85%] Generating completion.js.hpp
[ 86%] Generating index-new.html.hpp
[ 86%] Generating index.html.hpp
[ 86%] Generating index.js.hpp
[ 87%] Generating json-schema-to-grammar.mjs.hpp
[ 87%] Generating prompt-formats.js.hpp
[ 87%] Generating style.css.hpp
[ 88%] Generating system-prompts.js.hpp
[ 89%] Generating theme-beeninorder.css.hpp
[ 89%] Generating theme-ketivah.css.hpp
[ 90%] Generating theme-mangotango.css.hpp
[ 91%] Generating theme-playground.css.hpp
[ 91%] Generating theme-polarnight.css.hpp
[ 91%] Building CXX object examples/server/CMakeFiles/llama-server.dir/server.cpp.o
[ 92%] Linking CXX executable ../../bin/llama-quantize
[ 92%] Linking CXX executable ../../bin/llama-retrieval
[ 92%] Built target llama-quantize
[ 93%] Building CXX object examples/save-load-state/CMakeFiles/llama-save-load-state.dir/save-load-state.cpp.o
[ 93%] Built target llama-retrieval
[ 93%] Building CXX object examples/simple/CMakeFiles/llama-simple.dir/simple.cpp.o
/home/ggml/work/llama.cpp/examples/perplexity/perplexity.cpp: In lambda function:
/home/ggml/work/llama.cpp/examples/perplexity/perplexity.cpp:1749:41: note: parameter passing for argument of type ‘std::pair<double, double>’ when C++17 is enabled changed to match C++14 in GCC 10.1
 1749 |             return std::make_pair(0., 0.);
      |                                         ^
[ 94%] Linking CXX executable ../../bin/llama-perplexity
[ 94%] Linking CXX executable ../../bin/llama-save-load-state
[ 95%] Linking CXX executable ../../bin/llama-simple
[ 95%] Built target llama-perplexity
[ 96%] Building CXX object examples/speculative/CMakeFiles/llama-speculative.dir/speculative.cpp.o
[ 96%] Built target llama-save-load-state
[ 97%] Building CXX object examples/tokenize/CMakeFiles/llama-tokenize.dir/tokenize.cpp.o
[ 97%] Built target llama-simple
[ 98%] Building CXX object pocs/vdot/CMakeFiles/llama-vdot.dir/vdot.cpp.o
[ 98%] Linking CXX executable ../../bin/llama-tokenize
[ 98%] Built target llama-tokenize
[ 98%] Building CXX object pocs/vdot/CMakeFiles/llama-q8dot.dir/q8dot.cpp.o
[ 98%] Linking CXX executable ../../bin/llama-vdot
[ 98%] Built target llama-vdot
[ 99%] Linking CXX executable ../../bin/llama-q8dot
[ 99%] Built target llama-q8dot
[ 99%] Linking CXX executable ../../bin/llama-speculative
[ 99%] Built target llama-speculative
[100%] Linking CXX executable ../../bin/llama-server
[100%] Built target llama-server

real	0m40.390s
user	1m39.301s
sys	0m12.684s
+ tee -a /home/ggml/results/llama.cpp/c9/84214e1af5db2e71e85987e93054be7503c9b5/ggml-1-arm64-cpu-low-perf/ctest_debug-ctest.log
+ ctest --output-on-failure -L main -E test-opt
Test project /home/ggml/work/llama.cpp/build-ci-debug
      Start  1: test-tokenizer-0-bert-bge
 1/27 Test  #1: test-tokenizer-0-bert-bge .........   Passed    0.12 sec
      Start  2: test-tokenizer-0-command-r
 2/27 Test  #2: test-tokenizer-0-command-r ........   Passed    2.68 sec
      Start  3: test-tokenizer-0-deepseek-coder
 3/27 Test  #3: test-tokenizer-0-deepseek-coder ...   Passed    0.34 sec
      Start  4: test-tokenizer-0-deepseek-llm
 4/27 Test  #4: test-tokenizer-0-deepseek-llm .....   Passed    1.03 sec
      Start  5: test-tokenizer-0-falcon
 5/27 Test  #5: test-tokenizer-0-falcon ...........   Passed    0.59 sec
      Start  6: test-tokenizer-0-gpt-2
 6/27 Test  #6: test-tokenizer-0-gpt-2 ............   Passed    0.46 sec
      Start  7: test-tokenizer-0-llama-bpe
 7/27 Test  #7: test-tokenizer-0-llama-bpe ........   Passed    1.84 sec
      Start  8: test-tokenizer-0-llama-spm
 8/27 Test  #8: test-tokenizer-0-llama-spm ........   Passed    0.12 sec
      Start  9: test-tokenizer-0-mpt
 9/27 Test  #9: test-tokenizer-0-mpt ..............   Passed    0.46 sec
      Start 10: test-tokenizer-0-phi-3
10/27 Test #10: test-tokenizer-0-phi-3 ............   Passed    0.11 sec
      Start 11: test-tokenizer-0-qwen2
11/27 Test #11: test-tokenizer-0-qwen2 ............   Passed    1.53 sec
      Start 12: test-tokenizer-0-refact
12/27 Test #12: test-tokenizer-0-refact ...........   Passed    0.45 sec
      Start 13: test-tokenizer-0-starcoder
13/27 Test #13: test-tokenizer-0-starcoder ........   Passed    0.45 sec
      Start 14: test-tokenizer-1-llama-spm
14/27 Test #14: test-tokenizer-1-llama-spm ........   Passed    1.95 sec
      Start 15: test-log
15/27 Test #15: test-log ..........................   Passed    0.03 sec
      Start 16: test-arg-parser
16/27 Test #16: test-arg-parser ...................   Passed    0.02 sec
      Start 17: test-quantize-fns
17/27 Test #17: test-quantize-fns .................   Passed   32.50 sec
      Start 18: test-quantize-perf
18/27 Test #18: test-quantize-perf ................   Passed    9.90 sec
      Start 19: test-sampling
19/27 Test #19: test-sampling .....................   Passed    0.04 sec
      Start 20: test-chat-template
20/27 Test #20: test-chat-template ................   Passed    0.01 sec
      Start 21: test-grammar-parser
21/27 Test #21: test-grammar-parser ...............   Passed    0.01 sec
      Start 22: test-llama-grammar
22/27 Test #22: test-llama-grammar ................   Passed    0.01 sec
      Start 23: test-grammar-integration
23/27 Test #23: test-grammar-integration ..........   Passed    0.05 sec
      Start 24: test-grad0
24/27 Test #24: test-grad0 ........................   Passed    0.63 sec
      Start 25: test-backend-ops
25/27 Test #25: test-backend-ops ..................   Passed    0.00 sec
      Start 26: test-rope
26/27 Test #26: test-rope .........................   Passed    0.07 sec
      Start 29: test-json-schema-to-grammar
27/27 Test #29: test-json-schema-to-grammar .......   Passed    0.06 sec

100% tests passed, 0 tests failed out of 27

Label Time Summary:
main    =  55.45 sec*proc (27 tests)

Total Test time (real) =  55.46 sec

real	0m55.471s
user	1m0.322s
sys	0m0.458s
+ set +e
+ cur=0
+ echo 0
+ set +x
+ gg_run_ctest_release
+ cd /home/ggml/work/llama.cpp
+ tee /home/ggml/results/llama.cpp/c9/84214e1af5db2e71e85987e93054be7503c9b5/ggml-1-arm64-cpu-low-perf/ctest_release.log
+ rm -rf build-ci-release
+ mkdir build-ci-release
+ cd build-ci-release
+ set -e
+ gg_check_build_requirements
+ command -v cmake
+ command -v make
+ command -v ctest
+ tee -a /home/ggml/results/llama.cpp/c9/84214e1af5db2e71e85987e93054be7503c9b5/ggml-1-arm64-cpu-low-perf/ctest_release-cmake.log
+ cmake -DCMAKE_BUILD_TYPE=Release -DLLAMA_FATAL_WARNINGS=ON ..
-- The C compiler identification is GNU 11.4.0
-- The CXX compiler identification is GNU 11.4.0
-- Detecting C compiler ABI info
-- Detecting C compiler ABI info - done
-- Check for working C compiler: /usr/bin/cc - skipped
-- Detecting C compile features
-- Detecting C compile features - done
-- Detecting CXX compiler ABI info
-- Detecting CXX compiler ABI info - done
-- Check for working CXX compiler: /usr/bin/c++ - skipped
-- Detecting CXX compile features
-- Detecting CXX compile features - done
-- Found Git: /usr/bin/git (found version "2.34.1") 
-- Looking for pthread.h
-- Looking for pthread.h - found
-- Performing Test CMAKE_HAVE_LIBC_PTHREAD
-- Performing Test CMAKE_HAVE_LIBC_PTHREAD - Success
-- Found Threads: TRUE  
-- Found OpenMP_C: -fopenmp (found version "4.5") 
-- Found OpenMP_CXX: -fopenmp (found version "4.5") 
-- Found OpenMP: TRUE (found version "4.5")  
-- OpenMP found
-- Using llamafile
-- ccache found, compilation results will be cached. Disable with GGML_CCACHE=OFF.
-- CMAKE_SYSTEM_PROCESSOR: aarch64
-- ARM detected
-- Performing Test COMPILER_SUPPORTS_FP16_FORMAT_I3E
-- Performing Test COMPILER_SUPPORTS_FP16_FORMAT_I3E - Failed
-- Configuring done
-- Generating done
-- Build files have been written to: /home/ggml/work/llama.cpp/build-ci-release

real	0m0.997s
user	0m0.665s
sys	0m0.336s
+ tee -a /home/ggml/results/llama.cpp/c9/84214e1af5db2e71e85987e93054be7503c9b5/ggml-1-arm64-cpu-low-perf/ctest_release-make.log
++ nproc
+ make -j4
[  2%] Building CXX object common/CMakeFiles/build_info.dir/build-info.cpp.o
[  2%] Building C object examples/gguf-hash/CMakeFiles/xxhash.dir/deps/xxhash/xxhash.c.o
[  2%] Building C object ggml/src/CMakeFiles/ggml.dir/ggml.c.o
[  3%] Building C object examples/gguf-hash/CMakeFiles/sha256.dir/deps/sha256/sha256.c.o
[  3%] Built target sha256
[  3%] Built target xxhash
[  4%] Building C object ggml/src/CMakeFiles/ggml.dir/ggml-alloc.c.o
[  4%] Building C object examples/gguf-hash/CMakeFiles/sha1.dir/deps/sha1/sha1.c.o
[  4%] Built target build_info
[  4%] Building C object ggml/src/CMakeFiles/ggml.dir/ggml-backend.c.o
[  4%] Built target sha1
[  5%] Building C object ggml/src/CMakeFiles/ggml.dir/ggml-quants.c.o
[  6%] Building CXX object ggml/src/CMakeFiles/ggml.dir/llamafile/sgemm.cpp.o
[  6%] Building C object ggml/src/CMakeFiles/ggml.dir/ggml-aarch64.c.o
[  7%] Linking CXX shared library libggml.so
[  7%] Built target ggml
[  9%] Building CXX object src/CMakeFiles/llama.dir/llama.cpp.o
[  9%] Building CXX object examples/gguf-hash/CMakeFiles/llama-gguf-hash.dir/gguf-hash.cpp.o
[ 10%] Building CXX object examples/gguf/CMakeFiles/llama-gguf.dir/gguf.cpp.o
[ 10%] Building CXX object src/CMakeFiles/llama.dir/llama-vocab.cpp.o
[ 10%] Linking CXX executable ../../bin/llama-gguf
[ 10%] Built target llama-gguf
[ 10%] Building CXX object src/CMakeFiles/llama.dir/llama-grammar.cpp.o
[ 11%] Linking CXX executable ../../bin/llama-gguf-hash
[ 11%] Built target llama-gguf-hash
[ 12%] Building CXX object src/CMakeFiles/llama.dir/llama-sampling.cpp.o
[ 13%] Building CXX object src/CMakeFiles/llama.dir/unicode.cpp.o
[ 13%] Building CXX object src/CMakeFiles/llama.dir/unicode-data.cpp.o
[ 14%] Linking CXX shared library libllama.so
[ 14%] Built target llama
[ 17%] Building CXX object common/CMakeFiles/common.dir/arg.cpp.o
[ 17%] Building CXX object examples/llava/CMakeFiles/llava.dir/llava.cpp.o
[ 17%] Building CXX object examples/benchmark/CMakeFiles/llama-bench-matmult.dir/benchmark-matmult.cpp.o
[ 17%] Building C object tests/CMakeFiles/test-c.dir/test-c.c.o
[ 17%] Linking C executable ../bin/test-c
[ 17%] Built target test-c
[ 17%] Building CXX object examples/quantize-stats/CMakeFiles/llama-quantize-stats.dir/quantize-stats.cpp.o
[ 18%] Building CXX object examples/llava/CMakeFiles/llava.dir/clip.cpp.o
[ 18%] Linking CXX executable ../../bin/llama-bench-matmult
[ 18%] Built target llama-bench-matmult
[ 19%] Building CXX object common/CMakeFiles/common.dir/common.cpp.o
[ 20%] Linking CXX executable ../../bin/llama-quantize-stats
[ 20%] Built target llama-quantize-stats
[ 20%] Building CXX object common/CMakeFiles/common.dir/console.cpp.o
[ 21%] Building CXX object common/CMakeFiles/common.dir/json-schema-to-grammar.cpp.o
[ 21%] Building CXX object common/CMakeFiles/common.dir/log.cpp.o
[ 22%] Building CXX object common/CMakeFiles/common.dir/ngram-cache.cpp.o
[ 23%] Building CXX object common/CMakeFiles/common.dir/sampling.cpp.o
[ 23%] Building CXX object common/CMakeFiles/common.dir/train.cpp.o
[ 23%] Built target llava
[ 24%] Linking CXX static library libllava_static.a
[ 24%] Built target llava_static
[ 24%] Linking CXX shared library libllava_shared.so
[ 24%] Built target llava_shared
[ 25%] Linking CXX static library libcommon.a
[ 25%] Built target common
[ 25%] Building CXX object tests/CMakeFiles/test-tokenizer-1-spm.dir/test-tokenizer-1-spm.cpp.o
[ 25%] Building CXX object tests/CMakeFiles/test-tokenizer-0.dir/test-tokenizer-0.cpp.o
[ 25%] Building CXX object tests/CMakeFiles/test-tokenizer-1-bpe.dir/test-tokenizer-1-bpe.cpp.o
[ 26%] Building CXX object tests/CMakeFiles/test-log.dir/test-log.cpp.o
[ 26%] Building CXX object tests/CMakeFiles/test-log.dir/get-model.cpp.o
[ 27%] Linking CXX executable ../bin/test-log
[ 27%] Built target test-log
[ 27%] Building CXX object tests/CMakeFiles/test-arg-parser.dir/test-arg-parser.cpp.o
[ 28%] Linking CXX executable ../bin/test-tokenizer-1-spm
[ 29%] Linking CXX executable ../bin/test-tokenizer-1-bpe
[ 29%] Built target test-tokenizer-1-spm
[ 29%] Built target test-tokenizer-1-bpe
[ 30%] Building CXX object tests/CMakeFiles/test-quantize-perf.dir/test-quantize-perf.cpp.o
[ 30%] Building CXX object tests/CMakeFiles/test-quantize-fns.dir/test-quantize-fns.cpp.o
[ 31%] Linking CXX executable ../bin/test-tokenizer-0
[ 31%] Built target test-tokenizer-0
[ 31%] Building CXX object tests/CMakeFiles/test-sampling.dir/test-sampling.cpp.o
[ 32%] Building CXX object tests/CMakeFiles/test-quantize-fns.dir/get-model.cpp.o
[ 32%] Linking CXX executable ../bin/test-quantize-fns
[ 32%] Built target test-quantize-fns
[ 33%] Building CXX object tests/CMakeFiles/test-chat-template.dir/test-chat-template.cpp.o
[ 34%] Building CXX object tests/CMakeFiles/test-arg-parser.dir/get-model.cpp.o
[ 35%] Linking CXX executable ../bin/test-arg-parser
[ 35%] Built target test-arg-parser
[ 36%] Building CXX object tests/CMakeFiles/test-grammar-parser.dir/test-grammar-parser.cpp.o
[ 37%] Building CXX object tests/CMakeFiles/test-quantize-perf.dir/get-model.cpp.o
[ 37%] Linking CXX executable ../bin/test-quantize-perf
[ 37%] Built target test-quantize-perf
[ 37%] Building CXX object tests/CMakeFiles/test-llama-grammar.dir/test-llama-grammar.cpp.o
[ 37%] Building CXX object tests/CMakeFiles/test-chat-template.dir/get-model.cpp.o
[ 38%] Linking CXX executable ../bin/test-chat-template
[ 38%] Built target test-chat-template
[ 39%] Building CXX object tests/CMakeFiles/test-grammar-integration.dir/test-grammar-integration.cpp.o
[ 40%] Building CXX object tests/CMakeFiles/test-sampling.dir/get-model.cpp.o
[ 41%] Linking CXX executable ../bin/test-sampling
[ 41%] Built target test-sampling
[ 41%] Building CXX object tests/CMakeFiles/test-grad0.dir/test-grad0.cpp.o
[ 41%] Building CXX object tests/CMakeFiles/test-grammar-parser.dir/get-model.cpp.o
[ 42%] Linking CXX executable ../bin/test-grammar-parser
[ 42%] Built target test-grammar-parser
[ 43%] Building CXX object tests/CMakeFiles/test-backend-ops.dir/test-backend-ops.cpp.o
[ 44%] Building CXX object tests/CMakeFiles/test-llama-grammar.dir/get-model.cpp.o
[ 44%] Linking CXX executable ../bin/test-llama-grammar
[ 44%] Built target test-llama-grammar
[ 45%] Building CXX object tests/CMakeFiles/test-rope.dir/test-rope.cpp.o
[ 45%] Building CXX object tests/CMakeFiles/test-rope.dir/get-model.cpp.o
[ 46%] Linking CXX executable ../bin/test-rope
[ 46%] Built target test-rope
[ 47%] Building CXX object tests/CMakeFiles/test-model-load-cancel.dir/test-model-load-cancel.cpp.o
[ 47%] Building CXX object tests/CMakeFiles/test-model-load-cancel.dir/get-model.cpp.o
[ 48%] Linking CXX executable ../bin/test-model-load-cancel
[ 49%] Building CXX object tests/CMakeFiles/test-grad0.dir/get-model.cpp.o
[ 49%] Linking CXX executable ../bin/test-grad0
[ 49%] Built target test-model-load-cancel
[ 49%] Building CXX object tests/CMakeFiles/test-autorelease.dir/test-autorelease.cpp.o
[ 49%] Built target test-grad0
[ 49%] Building CXX object tests/CMakeFiles/test-json-schema-to-grammar.dir/test-json-schema-to-grammar.cpp.o
[ 50%] Building CXX object tests/CMakeFiles/test-autorelease.dir/get-model.cpp.o
[ 50%] Linking CXX executable ../bin/test-autorelease
[ 50%] Built target test-autorelease
[ 50%] Building CXX object examples/cvector-generator/CMakeFiles/llama-cvector-generator.dir/cvector-generator.cpp.o
[ 51%] Linking CXX executable ../../bin/llama-cvector-generator
[ 51%] Built target llama-cvector-generator
[ 51%] Building CXX object examples/baby-llama/CMakeFiles/llama-baby-llama.dir/baby-llama.cpp.o
[ 52%] Linking CXX executable ../../bin/llama-baby-llama
[ 52%] Built target llama-baby-llama
[ 53%] Building CXX object examples/batched-bench/CMakeFiles/llama-batched-bench.dir/batched-bench.cpp.o
[ 54%] Building CXX object tests/CMakeFiles/test-grammar-integration.dir/get-model.cpp.o
[ 54%] Linking CXX executable ../bin/test-grammar-integration
[ 54%] Built target test-grammar-integration
[ 54%] Building CXX object examples/batched/CMakeFiles/llama-batched.dir/batched.cpp.o
[ 54%] Linking CXX executable ../../bin/llama-batched-bench
[ 54%] Built target llama-batched-bench
[ 54%] Building CXX object examples/convert-llama2c-to-ggml/CMakeFiles/llama-convert-llama2c-to-ggml.dir/convert-llama2c-to-ggml.cpp.o
[ 54%] Building CXX object tests/CMakeFiles/test-backend-ops.dir/get-model.cpp.o
[ 55%] Linking CXX executable ../bin/test-backend-ops
[ 55%] Built target test-backend-ops
[ 56%] Linking CXX executable ../../bin/llama-batched
[ 56%] Building CXX object examples/embedding/CMakeFiles/llama-embedding.dir/embedding.cpp.o
[ 56%] Built target llama-batched
[ 57%] Building CXX object examples/eval-callback/CMakeFiles/llama-eval-callback.dir/eval-callback.cpp.o
[ 57%] Linking CXX executable ../../bin/llama-eval-callback
[ 58%] Linking CXX executable ../../bin/llama-embedding
[ 58%] Built target llama-eval-callback
[ 59%] Building CXX object examples/export-lora/CMakeFiles/llama-export-lora.dir/export-lora.cpp.o
[ 60%] Linking CXX executable ../../bin/llama-convert-llama2c-to-ggml
[ 60%] Built target llama-embedding
[ 61%] Building CXX object examples/gbnf-validator/CMakeFiles/llama-gbnf-validator.dir/gbnf-validator.cpp.o
[ 61%] Built target llama-convert-llama2c-to-ggml
[ 61%] Building CXX object examples/gguf-split/CMakeFiles/llama-gguf-split.dir/gguf-split.cpp.o
[ 61%] Linking CXX executable ../../bin/llama-gbnf-validator
[ 61%] Built target llama-gbnf-validator
[ 61%] Building CXX object examples/gritlm/CMakeFiles/llama-gritlm.dir/gritlm.cpp.o
[ 62%] Linking CXX executable ../../bin/llama-gguf-split
[ 62%] Built target llama-gguf-split
[ 62%] Building CXX object examples/imatrix/CMakeFiles/llama-imatrix.dir/imatrix.cpp.o
[ 62%] Linking CXX executable ../../bin/llama-export-lora
[ 63%] Building CXX object tests/CMakeFiles/test-json-schema-to-grammar.dir/get-model.cpp.o
[ 64%] Linking CXX executable ../bin/test-json-schema-to-grammar
[ 64%] Built target llama-export-lora
[ 65%] Linking CXX executable ../../bin/llama-gritlm
[ 66%] Building CXX object examples/infill/CMakeFiles/llama-infill.dir/infill.cpp.o
[ 66%] Built target test-json-schema-to-grammar
[ 67%] Building CXX object examples/llama-bench/CMakeFiles/llama-bench.dir/llama-bench.cpp.o
[ 67%] Built target llama-gritlm
[ 68%] Building CXX object examples/llava/CMakeFiles/llama-llava-cli.dir/llava-cli.cpp.o
[ 68%] Linking CXX executable ../../bin/llama-llava-cli
[ 68%] Built target llama-llava-cli
[ 69%] Building CXX object examples/llava/CMakeFiles/llama-minicpmv-cli.dir/minicpmv-cli.cpp.o
[ 69%] Linking CXX executable ../../bin/llama-infill
[ 69%] Built target llama-infill
[ 70%] Building CXX object examples/lookahead/CMakeFiles/llama-lookahead.dir/lookahead.cpp.o
[ 71%] Linking CXX executable ../../bin/llama-imatrix
[ 71%] Built target llama-imatrix
[ 72%] Building CXX object examples/lookup/CMakeFiles/llama-lookup.dir/lookup.cpp.o
[ 72%] Linking CXX executable ../../bin/llama-minicpmv-cli
[ 72%] Built target llama-minicpmv-cli
[ 72%] Building CXX object examples/lookup/CMakeFiles/llama-lookup-create.dir/lookup-create.cpp.o
[ 72%] Linking CXX executable ../../bin/llama-lookahead
[ 72%] Built target llama-lookahead
[ 72%] Building CXX object examples/lookup/CMakeFiles/llama-lookup-merge.dir/lookup-merge.cpp.o
[ 73%] Linking CXX executable ../../bin/llama-lookup
[ 74%] Linking CXX executable ../../bin/llama-lookup-create
[ 75%] Linking CXX executable ../../bin/llama-lookup-merge
[ 75%] Built target llama-lookup-merge
[ 75%] Built target llama-lookup
[ 76%] Building CXX object examples/lookup/CMakeFiles/llama-lookup-stats.dir/lookup-stats.cpp.o
[ 76%] Building CXX object examples/main/CMakeFiles/llama-cli.dir/main.cpp.o
[ 76%] Built target llama-lookup-create
[ 77%] Building CXX object examples/parallel/CMakeFiles/llama-parallel.dir/parallel.cpp.o
[ 78%] Linking CXX executable ../../bin/llama-lookup-stats
[ 78%] Built target llama-lookup-stats
[ 79%] Building CXX object examples/passkey/CMakeFiles/llama-passkey.dir/passkey.cpp.o
[ 79%] Linking CXX executable ../../bin/llama-parallel
[ 79%] Built target llama-parallel
[ 80%] Building CXX object examples/perplexity/CMakeFiles/llama-perplexity.dir/perplexity.cpp.o
[ 81%] Linking CXX executable ../../bin/llama-cli
[ 81%] Built target llama-cli
[ 81%] Building CXX object examples/quantize/CMakeFiles/llama-quantize.dir/quantize.cpp.o
[ 81%] Linking CXX executable ../../bin/llama-passkey
[ 81%] Built target llama-passkey
[ 82%] Building CXX object examples/retrieval/CMakeFiles/llama-retrieval.dir/retrieval.cpp.o
[ 83%] Linking CXX executable ../../bin/llama-quantize
[ 83%] Built target llama-quantize
[ 84%] Generating theme-snowstorm.css.hpp
[ 85%] Generating colorthemes.css.hpp
[ 86%] Generating completion.js.hpp
[ 87%] Generating index-new.html.hpp
[ 87%] Generating index.html.hpp
[ 87%] Generating index.js.hpp
[ 88%] Generating json-schema-to-grammar.mjs.hpp
[ 88%] Generating prompt-formats.js.hpp
[ 88%] Generating style.css.hpp
[ 89%] Generating system-prompts.js.hpp
[ 90%] Generating theme-beeninorder.css.hpp
[ 90%] Generating theme-ketivah.css.hpp
[ 90%] Linking CXX executable ../../bin/llama-retrieval
[ 91%] Generating theme-mangotango.css.hpp
[ 92%] Generating theme-playground.css.hpp
[ 92%] Generating theme-polarnight.css.hpp
[ 92%] Building CXX object examples/server/CMakeFiles/llama-server.dir/server.cpp.o
[ 92%] Built target llama-retrieval
[ 93%] Building CXX object examples/save-load-state/CMakeFiles/llama-save-load-state.dir/save-load-state.cpp.o
[ 93%] Linking CXX executable ../../bin/llama-bench
[ 93%] Built target llama-bench
[ 93%] Building CXX object examples/simple/CMakeFiles/llama-simple.dir/simple.cpp.o
[ 93%] Linking CXX executable ../../bin/llama-save-load-state
[ 93%] Built target llama-save-load-state
[ 94%] Building CXX object examples/speculative/CMakeFiles/llama-speculative.dir/speculative.cpp.o
/home/ggml/work/llama.cpp/examples/perplexity/perplexity.cpp: In lambda function:
/home/ggml/work/llama.cpp/examples/perplexity/perplexity.cpp:1749:41: note: parameter passing for argument of type ‘std::pair<double, double>’ when C++17 is enabled changed to match C++14 in GCC 10.1
 1749 |             return std::make_pair(0., 0.);
      |                                         ^
[ 95%] Linking CXX executable ../../bin/llama-perplexity
[ 96%] Linking CXX executable ../../bin/llama-simple
[ 96%] Built target llama-perplexity
[ 97%] Building CXX object examples/tokenize/CMakeFiles/llama-tokenize.dir/tokenize.cpp.o
[ 97%] Built target llama-simple
[ 98%] Building CXX object pocs/vdot/CMakeFiles/llama-vdot.dir/vdot.cpp.o
[ 98%] Linking CXX executable ../../bin/llama-tokenize
[ 98%] Built target llama-tokenize
[ 98%] Building CXX object pocs/vdot/CMakeFiles/llama-q8dot.dir/q8dot.cpp.o
[ 98%] Linking CXX executable ../../bin/llama-vdot
[ 98%] Built target llama-vdot
[ 99%] Linking CXX executable ../../bin/llama-q8dot
[ 99%] Linking CXX executable ../../bin/llama-speculative
[ 99%] Built target llama-q8dot
[ 99%] Built target llama-speculative
[100%] Linking CXX executable ../../bin/llama-server
[100%] Built target llama-server

real	2m8.979s
user	4m7.956s
sys	0m12.845s
+ '[' -z 1 ']'
+ tee -a /home/ggml/results/llama.cpp/c9/84214e1af5db2e71e85987e93054be7503c9b5/ggml-1-arm64-cpu-low-perf/ctest_release-ctest.log
+ ctest --output-on-failure -L main -E test-opt
Test project /home/ggml/work/llama.cpp/build-ci-release
      Start  1: test-tokenizer-0-bert-bge
 1/27 Test  #1: test-tokenizer-0-bert-bge .........   Passed    0.03 sec
      Start  2: test-tokenizer-0-command-r
 2/27 Test  #2: test-tokenizer-0-command-r ........   Passed    0.89 sec
      Start  3: test-tokenizer-0-deepseek-coder
 3/27 Test  #3: test-tokenizer-0-deepseek-coder ...   Passed    0.09 sec
      Start  4: test-tokenizer-0-deepseek-llm
 4/27 Test  #4: test-tokenizer-0-deepseek-llm .....   Passed    0.29 sec
      Start  5: test-tokenizer-0-falcon
 5/27 Test  #5: test-tokenizer-0-falcon ...........   Passed    0.16 sec
      Start  6: test-tokenizer-0-gpt-2
 6/27 Test  #6: test-tokenizer-0-gpt-2 ............   Passed    0.12 sec
      Start  7: test-tokenizer-0-llama-bpe
 7/27 Test  #7: test-tokenizer-0-llama-bpe ........   Passed    0.59 sec
      Start  8: test-tokenizer-0-llama-spm
 8/27 Test  #8: test-tokenizer-0-llama-spm ........   Passed    0.05 sec
      Start  9: test-tokenizer-0-mpt
 9/27 Test  #9: test-tokenizer-0-mpt ..............   Passed    0.13 sec
      Start 10: test-tokenizer-0-phi-3
10/27 Test #10: test-tokenizer-0-phi-3 ............   Passed    0.04 sec
      Start 11: test-tokenizer-0-qwen2
11/27 Test #11: test-tokenizer-0-qwen2 ............   Passed    0.42 sec
      Start 12: test-tokenizer-0-refact
12/27 Test #12: test-tokenizer-0-refact ...........   Passed    0.13 sec
      Start 13: test-tokenizer-0-starcoder
13/27 Test #13: test-tokenizer-0-starcoder ........   Passed    0.13 sec
      Start 14: test-tokenizer-1-llama-spm
14/27 Test #14: test-tokenizer-1-llama-spm ........   Passed    0.31 sec
      Start 15: test-log
15/27 Test #15: test-log ..........................   Passed    0.02 sec
      Start 16: test-arg-parser
16/27 Test #16: test-arg-parser ...................   Passed    0.01 sec
      Start 17: test-quantize-fns
17/27 Test #17: test-quantize-fns .................   Passed   19.86 sec
      Start 18: test-quantize-perf
18/27 Test #18: test-quantize-perf ................   Passed    4.80 sec
      Start 19: test-sampling
19/27 Test #19: test-sampling .....................   Passed    0.01 sec
      Start 20: test-chat-template
20/27 Test #20: test-chat-template ................   Passed    0.00 sec
      Start 21: test-grammar-parser
21/27 Test #21: test-grammar-parser ...............   Passed    0.00 sec
      Start 22: test-llama-grammar
22/27 Test #22: test-llama-grammar ................   Passed    0.00 sec
      Start 23: test-grammar-integration
23/27 Test #23: test-grammar-integration ..........   Passed    0.01 sec
      Start 24: test-grad0
24/27 Test #24: test-grad0 ........................   Passed    0.29 sec
      Start 25: test-backend-ops
25/27 Test #25: test-backend-ops ..................   Passed    0.00 sec
      Start 26: test-rope
26/27 Test #26: test-rope .........................   Passed    0.05 sec
      Start 29: test-json-schema-to-grammar
27/27 Test #29: test-json-schema-to-grammar .......   Passed    0.01 sec

100% tests passed, 0 tests failed out of 27

Label Time Summary:
main    =  28.46 sec*proc (27 tests)

Total Test time (real) =  28.47 sec

real	0m28.475s
user	0m29.365s
sys	0m0.440s
+ set +e
+ cur=0
+ echo 0
+ set +x
