rm: /Users/ggml/results/llama.cpp/c7/cce1246e248124117ae5bc058923e3ade95f11/ggml-100-m1/*.log: No such file or directory
rm: /Users/ggml/results/llama.cpp/c7/cce1246e248124117ae5bc058923e3ade95f11/ggml-100-m1/*.exit: No such file or directory
rm: /Users/ggml/results/llama.cpp/c7/cce1246e248124117ae5bc058923e3ade95f11/ggml-100-m1/*.md: No such file or directory
Defaulting to user installation because normal site-packages is not writeable
Requirement already satisfied: numpy==1.24.4 in /Users/ggml/Library/Python/3.9/lib/python/site-packages (from -r /Users/ggml/work/llama.cpp/requirements.txt (line 1)) (1.24.4)
Requirement already satisfied: sentencepiece==0.1.98 in /Users/ggml/Library/Python/3.9/lib/python/site-packages (from -r /Users/ggml/work/llama.cpp/requirements.txt (line 2)) (0.1.98)
Requirement already satisfied: gguf>=0.1.0 in /Users/ggml/Library/Python/3.9/lib/python/site-packages (from -r /Users/ggml/work/llama.cpp/requirements.txt (line 3)) (0.4.5)
WARNING: You are using pip version 21.2.4; however, version 23.3.1 is available.
You should consider upgrading via the '/Library/Developer/CommandLineTools/usr/bin/python3 -m pip install --upgrade pip' command.
Defaulting to user installation because normal site-packages is not writeable
ERROR: File "setup.py" or "setup.cfg" not found. Directory cannot be installed in editable mode: /Users/ggml/work/llama.cpp/gguf-py
(A "pyproject.toml" file was found, but editable mode currently requires a setuptools-based build.)
WARNING: You are using pip version 21.2.4; however, version 23.3.1 is available.
You should consider upgrading via the '/Library/Developer/CommandLineTools/usr/bin/python3 -m pip install --upgrade pip' command.
+ gg_run_ctest_debug
+ cd /Users/ggml/work/llama.cpp
+ tee /Users/ggml/results/llama.cpp/c7/cce1246e248124117ae5bc058923e3ade95f11/ggml-100-m1/ctest_debug.log
+ rm -rf build-ci-debug
+ mkdir build-ci-debug
+ cd build-ci-debug
+ set -e
+ tee -a /Users/ggml/results/llama.cpp/c7/cce1246e248124117ae5bc058923e3ade95f11/ggml-100-m1/ctest_debug-cmake.log
+ cmake -DCMAKE_BUILD_TYPE=Debug ..
-- The C compiler identification is AppleClang 14.0.3.14030022
-- The CXX compiler identification is AppleClang 14.0.3.14030022
-- Detecting C compiler ABI info
-- Detecting C compiler ABI info - done
-- Check for working C compiler: /Library/Developer/CommandLineTools/usr/bin/cc - skipped
-- Detecting C compile features
-- Detecting C compile features - done
-- Detecting CXX compiler ABI info
-- Detecting CXX compiler ABI info - done
-- Check for working CXX compiler: /Library/Developer/CommandLineTools/usr/bin/c++ - skipped
-- Detecting CXX compile features
-- Detecting CXX compile features - done
-- Performing Test CMAKE_HAVE_LIBC_PTHREAD
-- Performing Test CMAKE_HAVE_LIBC_PTHREAD - Success
-- Found Threads: TRUE  
-- Accelerate framework found
-- Metal framework found
-- CMAKE_SYSTEM_PROCESSOR: arm64
-- ARM detected
-- Performing Test COMPILER_SUPPORTS_FP16_FORMAT_I3E
-- Performing Test COMPILER_SUPPORTS_FP16_FORMAT_I3E - Failed
-- Configuring done (0.5s)
-- Generating done (0.1s)
-- Build files have been written to: /Users/ggml/work/llama.cpp/build-ci-debug

real	0m0.657s
user	0m0.304s
sys	0m0.313s
+ tee -a /Users/ggml/results/llama.cpp/c7/cce1246e248124117ae5bc058923e3ade95f11/ggml-100-m1/ctest_debug-make.log
+ make -j
[  1%] Generating build details from Git
[  2%] Building C object CMakeFiles/ggml.dir/ggml.c.o
[  3%] Building C object CMakeFiles/ggml.dir/ggml-backend.c.o
[  4%] Building C object CMakeFiles/ggml.dir/ggml-alloc.c.o
[  5%] Building C object CMakeFiles/ggml.dir/ggml-metal.m.o
[  6%] Building C object CMakeFiles/ggml.dir/ggml-quants.c.o
-- Found Git: /usr/bin/git (found version "2.39.2 (Apple Git-143)") 
[  7%] Building CXX object common/CMakeFiles/build_info.dir/build-info.cpp.o
[  7%] Built target build_info
/Users/ggml/work/llama.cpp/ggml.c:9479:17: warning: 'cblas_sgemm' is only available on macOS 13.3 or newer [-Wunguarded-availability-new]
                cblas_sgemm(CblasRowMajor, CblasNoTrans, CblasTrans,
                ^~~~~~~~~~~
/Library/Developer/CommandLineTools/SDKs/MacOSX13.3.sdk/System/Library/Frameworks/vecLib.framework/Headers/cblas_new.h:891:6: note: 'cblas_sgemm' has been marked as being introduced in macOS 13.3 here, but the deployment target is macOS 13.0.0
void cblas_sgemm(const enum CBLAS_ORDER ORDER,
     ^
/Users/ggml/work/llama.cpp/ggml.c:9479:17: note: enclose 'cblas_sgemm' in a __builtin_available check to silence this warning
                cblas_sgemm(CblasRowMajor, CblasNoTrans, CblasTrans,
                ^~~~~~~~~~~
/Users/ggml/work/llama.cpp/ggml.c:9695:9: warning: 'cblas_sgemm' is only available on macOS 13.3 or newer [-Wunguarded-availability-new]
        cblas_sgemm(CblasRowMajor, transposeA, CblasNoTrans, m, n, k, 1.0, a, lda, b, n, 0.0, c, n);
        ^~~~~~~~~~~
/Library/Developer/CommandLineTools/SDKs/MacOSX13.3.sdk/System/Library/Frameworks/vecLib.framework/Headers/cblas_new.h:891:6: note: 'cblas_sgemm' has been marked as being introduced in macOS 13.3 here, but the deployment target is macOS 13.0.0
void cblas_sgemm(const enum CBLAS_ORDER ORDER,
     ^
/Users/ggml/work/llama.cpp/ggml.c:9695:9: note: enclose 'cblas_sgemm' in a __builtin_available check to silence this warning
        cblas_sgemm(CblasRowMajor, transposeA, CblasNoTrans, m, n, k, 1.0, a, lda, b, n, 0.0, c, n);
        ^~~~~~~~~~~
2 warnings generated.
[  7%] Built target ggml
[ 10%] Building CXX object examples/metal/CMakeFiles/metal.dir/metal.cpp.o
[ 10%] Building CXX object CMakeFiles/llama.dir/llama.cpp.o
[ 10%] Linking C static library libggml_static.a
[ 10%] Built target ggml_static
[ 11%] Linking CXX executable ../../bin/metal
[ 11%] Built target metal
[ 12%] Linking CXX static library libllama.a
[ 12%] Built target llama
[ 15%] Building CXX object common/CMakeFiles/common.dir/grammar-parser.cpp.o
[ 15%] Building CXX object common/CMakeFiles/common.dir/common.cpp.o
[ 16%] Building CXX object examples/benchmark/CMakeFiles/benchmark.dir/benchmark-matmult.cpp.o
[ 17%] Building CXX object examples/llava/CMakeFiles/llava.dir/clip.cpp.o
[ 19%] Building CXX object common/CMakeFiles/common.dir/console.cpp.o
[ 19%] Building CXX object examples/quantize-stats/CMakeFiles/quantize-stats.dir/quantize-stats.cpp.o
[ 20%] Building CXX object common/CMakeFiles/common.dir/sampling.cpp.o
[ 22%] Building C object tests/CMakeFiles/test-c.dir/test-c.c.o
[ 22%] Building CXX object examples/llava/CMakeFiles/llava.dir/llava.cpp.o
[ 23%] Building CXX object common/CMakeFiles/common.dir/train.cpp.o
[ 24%] Building CXX object examples/quantize/CMakeFiles/quantize.dir/quantize.cpp.o
[ 25%] Linking CXX executable ../bin/test-c
[ 25%] Built target test-c
[ 26%] Linking CXX executable ../../bin/quantize
[ 27%] Linking CXX executable ../../bin/benchmark
[ 27%] Built target quantize
[ 27%] Built target benchmark
[ 29%] Linking CXX executable ../../bin/quantize-stats
[ 29%] Built target quantize-stats
[ 29%] Built target llava
[ 30%] Linking CXX static library libllava_static.a
[ 31%] Linking CXX static library libcommon.a
[ 31%] Built target llava_static
[ 31%] Built target common
[ 32%] Building CXX object tests/CMakeFiles/test-tokenizer-0-falcon.dir/test-tokenizer-0-falcon.cpp.o
[ 33%] Building CXX object tests/CMakeFiles/test-quantize-perf.dir/test-quantize-perf.cpp.o
[ 34%] Building CXX object tests/CMakeFiles/test-quantize-fns.dir/test-quantize-fns.cpp.o
[ 35%] Building CXX object tests/CMakeFiles/test-sampling.dir/test-sampling.cpp.o
[ 36%] Building CXX object tests/CMakeFiles/test-rope.dir/test-rope.cpp.o
[ 37%] Building CXX object tests/CMakeFiles/test-tokenizer-1-bpe.dir/test-tokenizer-1-bpe.cpp.o
[ 38%] Building CXX object tests/CMakeFiles/test-grad0.dir/test-grad0.cpp.o
[ 39%] Building CXX object tests/CMakeFiles/test-llama-grammar.dir/test-llama-grammar.cpp.o
[ 41%] Building CXX object examples/beam-search/CMakeFiles/beam-search.dir/beam-search.cpp.o
[ 41%] Building CXX object tests/CMakeFiles/test-grammar-parser.dir/test-grammar-parser.cpp.o
[ 43%] Building CXX object examples/convert-llama2c-to-ggml/CMakeFiles/convert-llama2c-to-ggml.dir/convert-llama2c-to-ggml.cpp.o
[ 44%] Building CXX object examples/infill/CMakeFiles/infill.dir/infill.cpp.o
[ 45%] Building CXX object examples/llama-bench/CMakeFiles/llama-bench.dir/llama-bench.cpp.o
[ 46%] Building CXX object examples/embedding/CMakeFiles/embedding.dir/embedding.cpp.o
[ 47%] Building CXX object examples/finetune/CMakeFiles/finetune.dir/finetune.cpp.o
[ 48%] Building CXX object examples/batched-bench/CMakeFiles/batched-bench.dir/batched-bench.cpp.o
[ 49%] Building CXX object examples/batched/CMakeFiles/batched.dir/batched.cpp.o
[ 50%] Building CXX object examples/baby-llama/CMakeFiles/baby-llama.dir/baby-llama.cpp.o
[ 51%] Building CXX object tests/CMakeFiles/test-tokenizer-1-llama.dir/test-tokenizer-1-llama.cpp.o
[ 52%] Building CXX object tests/CMakeFiles/test-tokenizer-0-llama.dir/test-tokenizer-0-llama.cpp.o
[ 53%] Building CXX object examples/train-text-from-scratch/CMakeFiles/train-text-from-scratch.dir/train-text-from-scratch.cpp.o
[ 54%] Building CXX object examples/llava/CMakeFiles/llava-cli.dir/llava-cli.cpp.o
[ 55%] Building CXX object examples/save-load-state/CMakeFiles/save-load-state.dir/save-load-state.cpp.o
[ 56%] Building CXX object examples/server/CMakeFiles/server.dir/server.cpp.o
[ 58%] Building CXX object examples/main/CMakeFiles/main.dir/main.cpp.o
[ 59%] Building CXX object examples/speculative/CMakeFiles/speculative.dir/speculative.cpp.o
[ 60%] Building CXX object examples/export-lora/CMakeFiles/export-lora.dir/export-lora.cpp.o
[ 61%] Building CXX object pocs/vdot/CMakeFiles/vdot.dir/vdot.cpp.o
[ 62%] Building CXX object pocs/vdot/CMakeFiles/q8dot.dir/q8dot.cpp.o
[ 63%] Building CXX object examples/simple/CMakeFiles/simple.dir/simple.cpp.o
[ 64%] Building CXX object examples/parallel/CMakeFiles/parallel.dir/parallel.cpp.o
[ 65%] Building CXX object examples/perplexity/CMakeFiles/perplexity.dir/perplexity.cpp.o
[ 66%] Linking CXX executable ../bin/test-grad0
[ 67%] Linking CXX executable ../bin/test-rope
[ 67%] Built target test-grad0
[ 67%] Built target test-rope
[ 68%] Linking CXX executable ../bin/test-quantize-fns
[ 69%] Linking CXX executable ../bin/test-sampling
[ 69%] Built target test-quantize-fns
[ 69%] Built target test-sampling
[ 70%] Linking CXX executable ../bin/test-grammar-parser
[ 72%] Linking CXX executable ../../bin/q8dot
[ 73%] Linking CXX executable ../../bin/baby-llama
[ 74%] Linking CXX executable ../../bin/vdot
[ 75%] Linking CXX executable ../../bin/embedding
[ 75%] Built target test-grammar-parser
[ 76%] Linking CXX executable ../../bin/batched-bench
[ 76%] Built target vdot
[ 77%] Linking CXX executable ../../bin/simple
[ 77%] Built target q8dot
[ 78%] Linking CXX executable ../../bin/save-load-state
[ 79%] Linking CXX executable ../../bin/llava-cli
[ 80%] Linking CXX executable ../bin/test-quantize-perf
[ 81%] Linking CXX executable ../../bin/speculative
[ 81%] Built target baby-llama
[ 82%] Linking CXX executable ../../bin/batched
[ 83%] Linking CXX executable ../../bin/beam-search
[ 83%] Built target simple
[ 83%] Built target batched-bench
[ 84%] Linking CXX executable ../bin/test-tokenizer-0-falcon
[ 84%] Built target embedding
[ 86%] Linking CXX executable ../../bin/export-lora
[ 87%] Linking CXX executable ../bin/test-tokenizer-0-llama
[ 87%] Built target llava-cli
[ 87%] Built target test-quantize-perf
[ 88%] Linking CXX executable ../../bin/parallel
[ 88%] Built target save-load-state
[ 88%] Built target speculative
[ 89%] Linking CXX executable ../../bin/train-text-from-scratch
[ 89%] Built target batched
[ 89%] Built target beam-search
[ 90%] Linking CXX executable ../../bin/perplexity
[ 90%] Built target test-tokenizer-0-falcon
[ 90%] Built target export-lora
[ 91%] Linking CXX executable ../../bin/infill
[ 92%] Linking CXX executable ../../bin/convert-llama2c-to-ggml
[ 92%] Built target test-tokenizer-0-llama
[ 92%] Built target parallel
[ 93%] Linking CXX executable ../../bin/finetune
[ 94%] Linking CXX executable ../../bin/main
[ 94%] Built target convert-llama2c-to-ggml
[ 94%] Built target infill
[ 94%] Built target perplexity
[ 94%] Built target train-text-from-scratch
[ 94%] Built target finetune
[ 95%] Linking CXX executable ../bin/test-tokenizer-1-bpe
[ 95%] Built target main
[ 96%] Linking CXX executable ../bin/test-tokenizer-1-llama
[ 96%] Built target test-tokenizer-1-bpe
[ 96%] Built target test-tokenizer-1-llama
[ 97%] Linking CXX executable ../../bin/llama-bench
[ 97%] Built target llama-bench
[ 98%] Linking CXX executable ../bin/test-llama-grammar
[ 98%] Built target test-llama-grammar
[100%] Linking CXX executable ../../bin/server
[100%] Built target server

real	0m11.689s
user	0m40.965s
sys	0m4.736s
+ tee -a /Users/ggml/results/llama.cpp/c7/cce1246e248124117ae5bc058923e3ade95f11/ggml-100-m1/ctest_debug-ctest.log
+ ctest --output-on-failure -E test-opt
Test project /Users/ggml/work/llama.cpp/build-ci-debug
      Start  1: test-quantize-fns
 1/18 Test  #1: test-quantize-fns ...................   Passed    0.24 sec
      Start  2: test-quantize-perf
 2/18 Test  #2: test-quantize-perf ..................   Passed    0.39 sec
      Start  3: test-sampling
 3/18 Test  #3: test-sampling .......................   Passed    0.21 sec
      Start  4: test-tokenizer-0-llama
 4/18 Test  #4: test-tokenizer-0-llama ..............   Passed    0.35 sec
      Start  5: test-tokenizer-0-falcon
 5/18 Test  #5: test-tokenizer-0-falcon .............   Passed    1.04 sec
      Start  6: test-tokenizer-1-llama
 6/18 Test  #6: test-tokenizer-1-llama ..............   Passed   13.17 sec
      Start  7: test-tokenizer-1-baichuan
 7/18 Test  #7: test-tokenizer-1-baichuan ...........   Passed   12.98 sec
      Start  8: test-tokenizer-1-falcon
 8/18 Test  #8: test-tokenizer-1-falcon .............   Passed   12.44 sec
      Start  9: test-tokenizer-1-aquila
 9/18 Test  #9: test-tokenizer-1-aquila .............   Passed   14.82 sec
      Start 10: test-tokenizer-1-mpt
10/18 Test #10: test-tokenizer-1-mpt ................   Passed   11.16 sec
      Start 11: test-tokenizer-1-stablelm-3b-4e1t
11/18 Test #11: test-tokenizer-1-stablelm-3b-4e1t ...   Passed   11.16 sec
      Start 12: test-tokenizer-1-gpt-neox
12/18 Test #12: test-tokenizer-1-gpt-neox ...........   Passed   11.16 sec
      Start 13: test-tokenizer-1-refact
13/18 Test #13: test-tokenizer-1-refact .............   Passed   11.02 sec
      Start 14: test-tokenizer-1-starcoder
14/18 Test #14: test-tokenizer-1-starcoder ..........   Passed   11.02 sec
      Start 15: test-grammar-parser
15/18 Test #15: test-grammar-parser .................   Passed    0.31 sec
      Start 16: test-llama-grammar
16/18 Test #16: test-llama-grammar ..................   Passed    0.22 sec
      Start 17: test-grad0
17/18 Test #17: test-grad0 ..........................   Passed    0.91 sec
      Start 18: test-rope
18/18 Test #18: test-rope ...........................   Passed    0.24 sec

100% tests passed, 0 tests failed out of 18

Total Test time (real) = 112.84 sec

real	1m52.848s
user	1m50.006s
sys	0m0.952s
+ set +e
+ cur=0
+ echo 0
+ set +x
+ gg_run_ctest_release
+ cd /Users/ggml/work/llama.cpp
+ rm -rf build-ci-release
+ tee /Users/ggml/results/llama.cpp/c7/cce1246e248124117ae5bc058923e3ade95f11/ggml-100-m1/ctest_release.log
+ mkdir build-ci-release
+ cd build-ci-release
+ set -e
+ tee -a /Users/ggml/results/llama.cpp/c7/cce1246e248124117ae5bc058923e3ade95f11/ggml-100-m1/ctest_release-cmake.log
+ cmake -DCMAKE_BUILD_TYPE=Release ..
-- The C compiler identification is AppleClang 14.0.3.14030022
-- The CXX compiler identification is AppleClang 14.0.3.14030022
-- Detecting C compiler ABI info
-- Detecting C compiler ABI info - done
-- Check for working C compiler: /Library/Developer/CommandLineTools/usr/bin/cc - skipped
-- Detecting C compile features
-- Detecting C compile features - done
-- Detecting CXX compiler ABI info
-- Detecting CXX compiler ABI info - done
-- Check for working CXX compiler: /Library/Developer/CommandLineTools/usr/bin/c++ - skipped
-- Detecting CXX compile features
-- Detecting CXX compile features - done
-- Performing Test CMAKE_HAVE_LIBC_PTHREAD
-- Performing Test CMAKE_HAVE_LIBC_PTHREAD - Success
-- Found Threads: TRUE  
-- Accelerate framework found
-- Metal framework found
-- CMAKE_SYSTEM_PROCESSOR: arm64
-- ARM detected
-- Performing Test COMPILER_SUPPORTS_FP16_FORMAT_I3E
-- Performing Test COMPILER_SUPPORTS_FP16_FORMAT_I3E - Failed
-- Configuring done (0.5s)
-- Generating done (0.1s)
-- Build files have been written to: /Users/ggml/work/llama.cpp/build-ci-release

real	0m0.666s
user	0m0.305s
sys	0m0.315s
+ tee -a /Users/ggml/results/llama.cpp/c7/cce1246e248124117ae5bc058923e3ade95f11/ggml-100-m1/ctest_release-make.log
+ make -j
[  2%] Building C object CMakeFiles/ggml.dir/ggml-backend.c.o
[  2%] Building CXX object common/CMakeFiles/build_info.dir/build-info.cpp.o
[  3%] Building C object CMakeFiles/ggml.dir/ggml-alloc.c.o
[  4%] Building C object CMakeFiles/ggml.dir/ggml-metal.m.o
[  5%] Building C object CMakeFiles/ggml.dir/ggml.c.o
[  6%] Building C object CMakeFiles/ggml.dir/ggml-quants.c.o
[  7%] Built target build_info
/Users/ggml/work/llama.cpp/ggml.c:9479:17: warning: 'cblas_sgemm' is only available on macOS 13.3 or newer [-Wunguarded-availability-new]
                cblas_sgemm(CblasRowMajor, CblasNoTrans, CblasTrans,
                ^~~~~~~~~~~
/Library/Developer/CommandLineTools/SDKs/MacOSX13.3.sdk/System/Library/Frameworks/vecLib.framework/Headers/cblas_new.h:891:6: note: 'cblas_sgemm' has been marked as being introduced in macOS 13.3 here, but the deployment target is macOS 13.0.0
void cblas_sgemm(const enum CBLAS_ORDER ORDER,
     ^
/Users/ggml/work/llama.cpp/ggml.c:9479:17: note: enclose 'cblas_sgemm' in a __builtin_available check to silence this warning
                cblas_sgemm(CblasRowMajor, CblasNoTrans, CblasTrans,
                ^~~~~~~~~~~
/Users/ggml/work/llama.cpp/ggml.c:9695:9: warning: 'cblas_sgemm' is only available on macOS 13.3 or newer [-Wunguarded-availability-new]
        cblas_sgemm(CblasRowMajor, transposeA, CblasNoTrans, m, n, k, 1.0, a, lda, b, n, 0.0, c, n);
        ^~~~~~~~~~~
/Library/Developer/CommandLineTools/SDKs/MacOSX13.3.sdk/System/Library/Frameworks/vecLib.framework/Headers/cblas_new.h:891:6: note: 'cblas_sgemm' has been marked as being introduced in macOS 13.3 here, but the deployment target is macOS 13.0.0
void cblas_sgemm(const enum CBLAS_ORDER ORDER,
     ^
/Users/ggml/work/llama.cpp/ggml.c:9695:9: note: enclose 'cblas_sgemm' in a __builtin_available check to silence this warning
        cblas_sgemm(CblasRowMajor, transposeA, CblasNoTrans, m, n, k, 1.0, a, lda, b, n, 0.0, c, n);
        ^~~~~~~~~~~
2 warnings generated.
[  7%] Built target ggml
[ 10%] Building CXX object CMakeFiles/llama.dir/llama.cpp.o
[ 10%] Building CXX object examples/metal/CMakeFiles/metal.dir/metal.cpp.o
[ 10%] Linking C static library libggml_static.a
[ 10%] Built target ggml_static
[ 11%] Linking CXX executable ../../bin/metal
[ 11%] Built target metal
[ 12%] Linking CXX static library libllama.a
[ 12%] Built target llama
[ 13%] Building CXX object common/CMakeFiles/common.dir/sampling.cpp.o
[ 15%] Building CXX object common/CMakeFiles/common.dir/console.cpp.o
[ 16%] Building CXX object common/CMakeFiles/common.dir/grammar-parser.cpp.o
[ 17%] Building C object tests/CMakeFiles/test-c.dir/test-c.c.o
[ 18%] Building CXX object examples/benchmark/CMakeFiles/benchmark.dir/benchmark-matmult.cpp.o
[ 19%] Building CXX object examples/llava/CMakeFiles/llava.dir/llava.cpp.o
[ 21%] Building CXX object common/CMakeFiles/common.dir/train.cpp.o
[ 21%] Building CXX object common/CMakeFiles/common.dir/common.cpp.o
[ 23%] Building CXX object examples/quantize-stats/CMakeFiles/quantize-stats.dir/quantize-stats.cpp.o
[ 23%] Building CXX object examples/quantize/CMakeFiles/quantize.dir/quantize.cpp.o
[ 24%] Building CXX object examples/llava/CMakeFiles/llava.dir/clip.cpp.o
[ 25%] Linking CXX executable ../bin/test-c
[ 25%] Built target test-c
[ 26%] Linking CXX executable ../../bin/benchmark
[ 27%] Linking CXX executable ../../bin/quantize
[ 27%] Built target benchmark
[ 27%] Built target quantize
[ 29%] Linking CXX executable ../../bin/quantize-stats
[ 29%] Built target quantize-stats
[ 30%] Linking CXX static library libcommon.a
[ 30%] Built target common
[ 31%] Building CXX object tests/CMakeFiles/test-quantize-perf.dir/test-quantize-perf.cpp.o
[ 32%] Building CXX object tests/CMakeFiles/test-quantize-fns.dir/test-quantize-fns.cpp.o
[ 33%] Building CXX object tests/CMakeFiles/test-tokenizer-1-bpe.dir/test-tokenizer-1-bpe.cpp.o
[ 34%] Building CXX object tests/CMakeFiles/test-rope.dir/test-rope.cpp.o
[ 35%] Building CXX object tests/CMakeFiles/test-tokenizer-0-falcon.dir/test-tokenizer-0-falcon.cpp.o
[ 36%] Building CXX object examples/embedding/CMakeFiles/embedding.dir/embedding.cpp.o
[ 37%] Building CXX object examples/baby-llama/CMakeFiles/baby-llama.dir/baby-llama.cpp.o
[ 38%] Building CXX object tests/CMakeFiles/test-tokenizer-0-llama.dir/test-tokenizer-0-llama.cpp.o
[ 39%] Building CXX object examples/finetune/CMakeFiles/finetune.dir/finetune.cpp.o
[ 40%] Building CXX object examples/parallel/CMakeFiles/parallel.dir/parallel.cpp.o
[ 41%] Building CXX object examples/batched-bench/CMakeFiles/batched-bench.dir/batched-bench.cpp.o
[ 44%] Building CXX object tests/CMakeFiles/test-sampling.dir/test-sampling.cpp.o
[ 45%] Building CXX object examples/main/CMakeFiles/main.dir/main.cpp.o
[ 46%] Building CXX object examples/llama-bench/CMakeFiles/llama-bench.dir/llama-bench.cpp.o
[ 43%] Building CXX object tests/CMakeFiles/test-grad0.dir/test-grad0.cpp.o
[ 48%] Building CXX object examples/batched/CMakeFiles/batched.dir/batched.cpp.o
[ 48%] Building CXX object examples/convert-llama2c-to-ggml/CMakeFiles/convert-llama2c-to-ggml.dir/convert-llama2c-to-ggml.cpp.o
[ 49%] Building CXX object examples/save-load-state/CMakeFiles/save-load-state.dir/save-load-state.cpp.o
[ 50%] Building CXX object examples/perplexity/CMakeFiles/perplexity.dir/perplexity.cpp.o
[ 51%] Building CXX object examples/beam-search/CMakeFiles/beam-search.dir/beam-search.cpp.o
[ 52%] Building CXX object tests/CMakeFiles/test-grammar-parser.dir/test-grammar-parser.cpp.o
[ 53%] Building CXX object examples/simple/CMakeFiles/simple.dir/simple.cpp.o
[ 54%] Building CXX object tests/CMakeFiles/test-llama-grammar.dir/test-llama-grammar.cpp.o
[ 55%] Building CXX object examples/speculative/CMakeFiles/speculative.dir/speculative.cpp.o
[ 56%] Building CXX object tests/CMakeFiles/test-tokenizer-1-llama.dir/test-tokenizer-1-llama.cpp.o
[ 58%] Building CXX object examples/train-text-from-scratch/CMakeFiles/train-text-from-scratch.dir/train-text-from-scratch.cpp.o
[ 59%] Building CXX object examples/infill/CMakeFiles/infill.dir/infill.cpp.o
[ 60%] Building CXX object pocs/vdot/CMakeFiles/q8dot.dir/q8dot.cpp.o
[ 61%] Building CXX object examples/export-lora/CMakeFiles/export-lora.dir/export-lora.cpp.o
[ 62%] Building CXX object pocs/vdot/CMakeFiles/vdot.dir/vdot.cpp.o
[ 63%] Linking CXX executable ../bin/test-rope
[ 63%] Built target test-rope
[ 64%] Linking CXX executable ../bin/test-quantize-fns
[ 65%] Linking CXX executable ../bin/test-sampling
[ 65%] Built target test-quantize-fns
[ 66%] Linking CXX executable ../bin/test-grad0
[ 67%] Linking CXX executable ../../bin/q8dot
[ 68%] Linking CXX executable ../../bin/baby-llama
[ 68%] Built target test-sampling
[ 68%] Built target q8dot
[ 69%] Linking CXX executable ../../bin/vdot
[ 69%] Built target test-grad0
[ 70%] Linking CXX executable ../../bin/embedding
[ 72%] Linking CXX executable ../bin/test-grammar-parser
[ 72%] Built target test-grammar-parser
[ 72%] Built target baby-llama
[ 72%] Built target embedding
[ 72%] Built target vdot
[ 73%] Linking CXX executable ../../bin/save-load-state
[ 74%] Linking CXX executable ../../bin/simple
[ 75%] Linking CXX executable ../../bin/batched-bench
[ 76%] Linking CXX executable ../../bin/batched
[ 77%] Linking CXX executable ../../bin/beam-search
[ 77%] Built target simple
[ 77%] Built target batched-bench
[ 77%] Built target save-load-state
[ 78%] Linking CXX executable ../bin/test-quantize-perf
[ 78%] Built target beam-search
[ 79%] Linking CXX executable ../bin/test-tokenizer-0-falcon
[ 79%] Built target batched
[ 80%] Linking CXX executable ../bin/test-tokenizer-0-llama
[ 80%] Built target test-quantize-perf
[ 81%] Linking CXX executable ../../bin/parallel
[ 81%] Built target test-tokenizer-0-falcon
[ 82%] Linking CXX executable ../../bin/speculative
[ 83%] Linking CXX executable ../../bin/export-lora
[ 83%] Built target test-tokenizer-0-llama
[ 83%] Built target parallel
[ 84%] Linking CXX executable ../../bin/convert-llama2c-to-ggml
[ 84%] Built target speculative
[ 84%] Built target export-lora
[ 86%] Linking CXX executable ../../bin/infill
[ 87%] Linking CXX executable ../../bin/train-text-from-scratch
[ 87%] Built target convert-llama2c-to-ggml
[ 88%] Linking CXX executable ../../bin/perplexity
[ 88%] Built target train-text-from-scratch
[ 88%] Built target infill
[ 89%] Linking CXX executable ../../bin/main
[ 90%] Linking CXX executable ../../bin/finetune
[ 90%] Built target llava
[ 90%] Built target perplexity
[ 91%] Linking CXX static library libllava_static.a
[ 92%] Building CXX object examples/server/CMakeFiles/server.dir/server.cpp.o
[ 93%] Building CXX object examples/llava/CMakeFiles/llava-cli.dir/llava-cli.cpp.o
[ 93%] Built target llava_static
[ 93%] Built target main
[ 93%] Built target finetune
[ 94%] Linking CXX executable ../../bin/llava-cli
[ 95%] Linking CXX executable ../bin/test-tokenizer-1-bpe
[ 96%] Linking CXX executable ../bin/test-tokenizer-1-llama
[ 96%] Built target llava-cli
[ 96%] Built target test-tokenizer-1-bpe
[ 96%] Built target test-tokenizer-1-llama
[ 97%] Linking CXX executable ../../bin/llama-bench
[ 97%] Built target llama-bench
[ 98%] Linking CXX executable ../bin/test-llama-grammar
[ 98%] Built target test-llama-grammar
[100%] Linking CXX executable ../../bin/server
[100%] Built target server

real	0m21.474s
user	1m4.174s
sys	0m4.731s
+ '[' -z ']'
+ tee -a /Users/ggml/results/llama.cpp/c7/cce1246e248124117ae5bc058923e3ade95f11/ggml-100-m1/ctest_release-ctest.log
+ ctest --output-on-failure
Test project /Users/ggml/work/llama.cpp/build-ci-release
      Start  1: test-quantize-fns
 1/18 Test  #1: test-quantize-fns ...................   Passed    0.19 sec
      Start  2: test-quantize-perf
 2/18 Test  #2: test-quantize-perf ..................   Passed    0.25 sec
      Start  3: test-sampling
 3/18 Test  #3: test-sampling .......................   Passed    0.19 sec
      Start  4: test-tokenizer-0-llama
 4/18 Test  #4: test-tokenizer-0-llama ..............   Passed    0.24 sec
      Start  5: test-tokenizer-0-falcon
 5/18 Test  #5: test-tokenizer-0-falcon .............   Passed    0.35 sec
      Start  6: test-tokenizer-1-llama
 6/18 Test  #6: test-tokenizer-1-llama ..............   Passed    1.46 sec
      Start  7: test-tokenizer-1-baichuan
 7/18 Test  #7: test-tokenizer-1-baichuan ...........   Passed    1.25 sec
      Start  8: test-tokenizer-1-falcon
 8/18 Test  #8: test-tokenizer-1-falcon .............   Passed    1.20 sec
      Start  9: test-tokenizer-1-aquila
 9/18 Test  #9: test-tokenizer-1-aquila .............   Passed    1.30 sec
      Start 10: test-tokenizer-1-mpt
10/18 Test #10: test-tokenizer-1-mpt ................   Passed    0.89 sec
      Start 11: test-tokenizer-1-stablelm-3b-4e1t
11/18 Test #11: test-tokenizer-1-stablelm-3b-4e1t ...   Passed    0.88 sec
      Start 12: test-tokenizer-1-gpt-neox
12/18 Test #12: test-tokenizer-1-gpt-neox ...........   Passed    0.89 sec
      Start 13: test-tokenizer-1-refact
13/18 Test #13: test-tokenizer-1-refact .............   Passed    0.88 sec
      Start 14: test-tokenizer-1-starcoder
14/18 Test #14: test-tokenizer-1-starcoder ..........   Passed    0.89 sec
      Start 15: test-grammar-parser
15/18 Test #15: test-grammar-parser .................   Passed    0.19 sec
      Start 16: test-llama-grammar
16/18 Test #16: test-llama-grammar ..................   Passed    0.19 sec
      Start 17: test-grad0
17/18 Test #17: test-grad0 ..........................   Passed    0.89 sec
      Start 18: test-rope
18/18 Test #18: test-rope ...........................   Passed    0.23 sec

100% tests passed, 0 tests failed out of 18

Total Test time (real) =  12.36 sec

real	0m12.370s
user	0m9.796s
sys	0m0.816s
+ set +e
+ cur=0
+ echo 0
+ set +x
