+ cmake -DCMAKE_BUILD_TYPE=Debug ..
-- The C compiler identification is GNU 11.4.0
-- The CXX compiler identification is GNU 11.4.0
-- Detecting C compiler ABI info
-- Detecting C compiler ABI info - done
-- Check for working C compiler: /usr/bin/cc - skipped
-- Detecting C compile features
-- Detecting C compile features - done
-- Detecting CXX compiler ABI info
-- Detecting CXX compiler ABI info - done
-- Check for working CXX compiler: /usr/bin/c++ - skipped
-- Detecting CXX compile features
-- Detecting CXX compile features - done
-- Found Git: /usr/bin/git (found version "2.34.1") 
-- Looking for pthread.h
-- Looking for pthread.h - found
-- Performing Test CMAKE_HAVE_LIBC_PTHREAD
-- Performing Test CMAKE_HAVE_LIBC_PTHREAD - Success
-- Found Threads: TRUE  
-- ccache found, compilation results will be cached. Disable with LLAMA_CCACHE=OFF.
-- CMAKE_SYSTEM_PROCESSOR: x86_64
-- x86 detected
-- Configuring done
-- Generating done
-- Build files have been written to: /home/ggml/work/llama.cpp/build-ci-debug

real	0m0.445s
user	0m0.248s
sys	0m0.176s
+ make -j
[  1%] Generating build details from Git
[  1%] Building C object CMakeFiles/ggml.dir/ggml-alloc.c.o
[  2%] Building C object CMakeFiles/ggml.dir/ggml-backend.c.o
[  3%] Building C object CMakeFiles/ggml.dir/ggml.c.o
-- Found Git: /usr/bin/git (found version "2.34.1") 
[  4%] Building C object CMakeFiles/ggml.dir/ggml-quants.c.o
[  4%] Built target ggml
[  4%] Building CXX object common/CMakeFiles/build_info.dir/build-info.cpp.o
[  5%] Linking C static library libggml_static.a
[  6%] Building CXX object CMakeFiles/llama.dir/llama.cpp.o
[  7%] Building CXX object examples/gguf/CMakeFiles/gguf.dir/gguf.cpp.o
[  8%] Linking CXX executable ../../bin/gguf
[  8%] Built target build_info
[  8%] Built target ggml_static
[  8%] Linking CXX static library libllama.a
[  8%] Built target gguf
[  8%] Built target llama
[  9%] Building CXX object examples/llava/CMakeFiles/llava.dir/clip.cpp.o
[ 10%] Building CXX object examples/llava/CMakeFiles/llava.dir/llava.cpp.o
[ 12%] Building C object tests/CMakeFiles/test-c.dir/test-c.c.o
[ 12%] Building CXX object common/CMakeFiles/common.dir/common.cpp.o
[ 14%] Building CXX object examples/quantize-stats/CMakeFiles/quantize-stats.dir/quantize-stats.cpp.o
[ 14%] Building CXX object examples/benchmark/CMakeFiles/benchmark.dir/benchmark-matmult.cpp.o
[ 15%] Building CXX object examples/quantize/CMakeFiles/quantize.dir/quantize.cpp.o
[ 16%] Building CXX object common/CMakeFiles/common.dir/sampling.cpp.o
[ 17%] Building CXX object common/CMakeFiles/common.dir/grammar-parser.cpp.o
[ 18%] Building CXX object common/CMakeFiles/common.dir/console.cpp.o
[ 18%] Building CXX object common/CMakeFiles/common.dir/train.cpp.o
[ 19%] Linking CXX executable ../../bin/benchmark
[ 20%] Linking CXX executable ../bin/test-c
[ 20%] Linking CXX executable ../../bin/quantize
[ 21%] Linking CXX executable ../../bin/quantize-stats
[ 22%] Linking CXX static library libcommon.a
[ 22%] Built target test-c
[ 22%] Built target benchmark
[ 22%] Built target common
[ 23%] Building CXX object tests/CMakeFiles/test-tokenizer-0-llama.dir/test-tokenizer-0-llama.cpp.o
[ 24%] Building CXX object tests/CMakeFiles/test-tokenizer-0-llama.dir/get-model.cpp.o
[ 25%] Building CXX object tests/CMakeFiles/test-quantize-perf.dir/test-quantize-perf.cpp.o
[ 26%] Building CXX object tests/CMakeFiles/test-quantize-perf.dir/get-model.cpp.o
[ 27%] Building CXX object tests/CMakeFiles/test-tokenizer-0-falcon.dir/test-tokenizer-0-falcon.cpp.o
[ 27%] Building CXX object tests/CMakeFiles/test-tokenizer-0-falcon.dir/get-model.cpp.o
[ 28%] Building CXX object tests/CMakeFiles/test-tokenizer-1-llama.dir/test-tokenizer-1-llama.cpp.o
[ 29%] Building CXX object tests/CMakeFiles/test-quantize-fns.dir/test-quantize-fns.cpp.o
[ 30%] Building CXX object tests/CMakeFiles/test-sampling.dir/test-sampling.cpp.o
[ 31%] Building CXX object tests/CMakeFiles/test-sampling.dir/get-model.cpp.o
[ 32%] Building CXX object tests/CMakeFiles/test-quantize-fns.dir/get-model.cpp.o
[ 32%] Building CXX object tests/CMakeFiles/test-grammar-parser.dir/test-grammar-parser.cpp.o
[ 33%] Building CXX object tests/CMakeFiles/test-grammar-parser.dir/get-model.cpp.o
[ 33%] Building CXX object tests/CMakeFiles/test-tokenizer-1-bpe.dir/test-tokenizer-1-bpe.cpp.o
[ 33%] Linking CXX executable ../bin/test-quantize-fns
[ 34%] Building CXX object tests/CMakeFiles/test-tokenizer-1-bpe.dir/get-model.cpp.o
[ 35%] Building CXX object tests/CMakeFiles/test-tokenizer-1-llama.dir/get-model.cpp.o
[ 36%] Linking CXX executable ../bin/test-quantize-perf
[ 37%] Building CXX object tests/CMakeFiles/test-grad0.dir/test-grad0.cpp.o
[ 38%] Linking CXX executable ../bin/test-tokenizer-0-llama
[ 39%] Building CXX object tests/CMakeFiles/test-grad0.dir/get-model.cpp.o
[ 40%] Linking CXX executable ../bin/test-sampling
[ 41%] Linking CXX executable ../bin/test-grammar-parser
[ 42%] Linking CXX executable ../bin/test-tokenizer-0-falcon
[ 43%] Linking CXX executable ../bin/test-tokenizer-1-llama
[ 44%] Building CXX object tests/CMakeFiles/test-llama-grammar.dir/test-llama-grammar.cpp.o
[ 44%] Building CXX object tests/CMakeFiles/test-autorelease.dir/test-autorelease.cpp.o
[ 45%] Building CXX object tests/CMakeFiles/test-llama-grammar.dir/get-model.cpp.o
[ 46%] Building CXX object tests/CMakeFiles/test-rope.dir/test-rope.cpp.o
[ 47%] Building CXX object examples/batched/CMakeFiles/batched.dir/batched.cpp.o
[ 47%] Building CXX object examples/baby-llama/CMakeFiles/baby-llama.dir/baby-llama.cpp.o
[ 48%] Building CXX object tests/CMakeFiles/test-backend-ops.dir/test-backend-ops.cpp.o
[ 49%] Linking CXX executable ../bin/test-tokenizer-1-bpe
[ 50%] Building CXX object tests/CMakeFiles/test-model-load-cancel.dir/test-model-load-cancel.cpp.o
[ 51%] Building CXX object tests/CMakeFiles/test-autorelease.dir/get-model.cpp.o
[ 52%] Linking CXX executable ../bin/test-grad0
[ 52%] Building CXX object tests/CMakeFiles/test-rope.dir/get-model.cpp.o
[ 53%] Building CXX object examples/batched-bench/CMakeFiles/batched-bench.dir/batched-bench.cpp.o
[ 54%] Building CXX object tests/CMakeFiles/test-backend-ops.dir/get-model.cpp.o
[ 55%] Building CXX object tests/CMakeFiles/test-model-load-cancel.dir/get-model.cpp.o
[ 56%] Building CXX object examples/beam-search/CMakeFiles/beam-search.dir/beam-search.cpp.o
[ 56%] Linking CXX executable ../../bin/batched-bench
[ 57%] Linking CXX executable ../../bin/batched
[ 58%] Linking CXX executable ../bin/test-rope
[ 59%] Linking CXX executable ../bin/test-autorelease
[ 60%] Linking CXX executable ../bin/test-model-load-cancel
[ 60%] Linking CXX executable ../bin/test-backend-ops
[ 61%] Linking CXX executable ../../bin/baby-llama
[ 62%] Building CXX object examples/embedding/CMakeFiles/embedding.dir/embedding.cpp.o
[ 63%] Building CXX object examples/convert-llama2c-to-ggml/CMakeFiles/convert-llama2c-to-ggml.dir/convert-llama2c-to-ggml.cpp.o
[ 64%] Linking CXX executable ../../bin/beam-search
[ 65%] Building CXX object examples/finetune/CMakeFiles/finetune.dir/finetune.cpp.o
[ 66%] Building CXX object examples/llama-bench/CMakeFiles/llama-bench.dir/llama-bench.cpp.o
[ 67%] Building CXX object examples/infill/CMakeFiles/infill.dir/infill.cpp.o
[ 67%] Linking CXX executable ../bin/test-llama-grammar
[ 68%] Building CXX object examples/main/CMakeFiles/main.dir/main.cpp.o
[ 69%] Building CXX object examples/perplexity/CMakeFiles/perplexity.dir/perplexity.cpp.o
[ 70%] Linking CXX executable ../../bin/embedding
[ 70%] Building CXX object examples/tokenize/CMakeFiles/tokenize.dir/tokenize.cpp.o
[ 71%] Building CXX object examples/parallel/CMakeFiles/parallel.dir/parallel.cpp.o
[ 72%] Linking CXX executable ../../bin/convert-llama2c-to-ggml
[ 73%] Linking CXX executable ../../bin/infill
[ 74%] Linking CXX executable ../../bin/finetune
[ 75%] Linking CXX executable ../../bin/llama-bench
[ 75%] Built target quantize
[ 75%] Built target test-quantize-fns
[ 76%] Linking CXX executable ../../bin/main
[ 78%] Building CXX object examples/save-load-state/CMakeFiles/save-load-state.dir/save-load-state.cpp.o
[ 78%] Linking CXX executable ../../bin/parallel
[ 80%] Linking CXX executable ../../bin/tokenize
[ 80%] Linking CXX executable ../../bin/perplexity
[ 81%] Building CXX object examples/passkey/CMakeFiles/passkey.dir/passkey.cpp.o
[ 82%] Building CXX object examples/simple/CMakeFiles/simple.dir/simple.cpp.o
[ 82%] Built target test-grad0
[ 83%] Building CXX object examples/speculative/CMakeFiles/speculative.dir/speculative.cpp.o
[ 84%] Building CXX object examples/lookahead/CMakeFiles/lookahead.dir/lookahead.cpp.o
[ 85%] Linking CXX executable ../../bin/save-load-state
[ 85%] Linking CXX executable ../../bin/passkey
[ 86%] Building CXX object examples/lookup/CMakeFiles/lookup.dir/lookup.cpp.o
[ 87%] Building CXX object examples/train-text-from-scratch/CMakeFiles/train-text-from-scratch.dir/train-text-from-scratch.cpp.o
[ 88%] Linking CXX executable ../../bin/simple
[ 89%] Linking CXX executable ../../bin/speculative
[ 89%] Built target test-quantize-perf
[ 89%] Built target quantize-stats
[ 90%] Linking CXX executable ../../bin/lookahead
[ 90%] Building CXX object examples/export-lora/CMakeFiles/export-lora.dir/export-lora.cpp.o
[ 90%] Building CXX object examples/imatrix/CMakeFiles/imatrix.dir/imatrix.cpp.o
[ 90%] Built target test-rope
[ 90%] Linking CXX executable ../../bin/lookup
[ 91%] Building CXX object pocs/vdot/CMakeFiles/vdot.dir/vdot.cpp.o
[ 92%] Linking CXX executable ../../bin/train-text-from-scratch
[ 92%] Built target test-backend-ops
[ 93%] Building CXX object pocs/vdot/CMakeFiles/q8dot.dir/q8dot.cpp.o
[ 93%] Built target test-grammar-parser
[ 94%] Linking CXX executable ../../bin/export-lora
[ 95%] Linking CXX executable ../../bin/imatrix
[ 96%] Linking CXX executable ../../bin/q8dot
[ 97%] Linking CXX executable ../../bin/vdot
[ 97%] Built target convert-llama2c-to-ggml
[ 97%] Built target vdot
[ 97%] Built target q8dot
[ 97%] Built target export-lora
[ 97%] Built target test-sampling
[ 97%] Built target test-model-load-cancel
[ 97%] Built target test-autorelease
[ 97%] Built target batched
[ 97%] Built target test-llama-grammar
[ 97%] Built target test-tokenizer-0-llama
[ 97%] Built target test-tokenizer-0-falcon
[ 97%] Built target test-tokenizer-1-llama
[ 97%] Built target test-tokenizer-1-bpe
[ 97%] Built target batched-bench
[ 97%] Built target embedding
[ 97%] Built target save-load-state
[ 97%] Built target baby-llama
[ 97%] Built target beam-search
[ 97%] Built target infill
[ 97%] Built target finetune
[ 97%] Built target tokenize
[ 97%] Built target speculative
[ 97%] Built target parallel
[ 97%] Built target main
[ 97%] Built target llama-bench
[ 97%] Built target imatrix
[ 97%] Built target simple
[ 97%] Built target passkey
[ 97%] Built target perplexity
[ 97%] Built target llava
[ 98%] Linking CXX static library libllava_static.a
[ 98%] Building CXX object examples/server/CMakeFiles/server.dir/server.cpp.o
[ 99%] Building CXX object examples/llava/CMakeFiles/llava-cli.dir/llava-cli.cpp.o
[ 99%] Built target lookup
[ 99%] Linking CXX executable ../../bin/llava-cli
[ 99%] Built target lookahead
[ 99%] Built target train-text-from-scratch
[100%] Linking CXX executable ../../bin/server
[100%] Built target llava_static
[100%] Built target llava-cli
[100%] Built target server

real	0m3.478s
user	0m17.951s
sys	0m3.693s
+ ctest --output-on-failure -L main -E test-opt
Test project /home/ggml/work/llama.cpp/build-ci-debug
      Start  1: test-quantize-fns
 1/20 Test  #1: test-quantize-fns ...................   Passed    0.21 sec
      Start  2: test-quantize-perf
 2/20 Test  #2: test-quantize-perf ..................   Passed    0.57 sec
      Start  3: test-sampling
 3/20 Test  #3: test-sampling .......................   Passed    0.03 sec
      Start  4: test-tokenizer-0-llama
 4/20 Test  #4: test-tokenizer-0-llama ..............   Passed    0.13 sec
      Start  5: test-tokenizer-0-falcon
 5/20 Test  #5: test-tokenizer-0-falcon .............   Passed    0.89 sec
      Start  6: test-tokenizer-1-llama
 6/20 Test  #6: test-tokenizer-1-llama ..............   Passed    3.35 sec
      Start  7: test-tokenizer-1-baichuan
 7/20 Test  #7: test-tokenizer-1-baichuan ...........   Passed    3.62 sec
      Start  8: test-tokenizer-1-falcon
 8/20 Test  #8: test-tokenizer-1-falcon .............   Passed    6.07 sec
      Start  9: test-tokenizer-1-aquila
 9/20 Test  #9: test-tokenizer-1-aquila .............   Passed    8.66 sec
      Start 10: test-tokenizer-1-mpt
10/20 Test #10: test-tokenizer-1-mpt ................   Passed    5.05 sec
      Start 11: test-tokenizer-1-stablelm-3b-4e1t
11/20 Test #11: test-tokenizer-1-stablelm-3b-4e1t ...   Passed    5.05 sec
      Start 12: test-tokenizer-1-gpt-neox
12/20 Test #12: test-tokenizer-1-gpt-neox ...........   Passed    5.06 sec
      Start 13: test-tokenizer-1-refact
13/20 Test #13: test-tokenizer-1-refact .............   Passed    4.84 sec
      Start 14: test-tokenizer-1-starcoder
14/20 Test #14: test-tokenizer-1-starcoder ..........   Passed    4.83 sec
      Start 15: test-tokenizer-1-gpt2
15/20 Test #15: test-tokenizer-1-gpt2 ...............   Passed    5.13 sec
      Start 16: test-grammar-parser
16/20 Test #16: test-grammar-parser .................   Passed    0.00 sec
      Start 17: test-llama-grammar
17/20 Test #17: test-llama-grammar ..................   Passed    0.00 sec
      Start 18: test-grad0
18/20 Test #18: test-grad0 ..........................   Passed    2.44 sec
      Start 19: test-backend-ops
19/20 Test #19: test-backend-ops ....................   Passed   76.25 sec
      Start 20: test-rope
20/20 Test #20: test-rope ...........................   Passed    0.06 sec

100% tests passed, 0 tests failed out of 20

Label Time Summary:
main    = 132.23 sec*proc (20 tests)

Total Test time (real) = 132.24 sec

real	2m12.248s
user	5m4.710s
sys	0m8.203s
