+ cmake -DCMAKE_BUILD_TYPE=Release -DGGML_CUBLAS=ON ..
-- The C compiler identification is GNU 11.4.0
-- The CXX compiler identification is GNU 11.4.0
-- Detecting C compiler ABI info
-- Detecting C compiler ABI info - done
-- Check for working C compiler: /usr/bin/cc - skipped
-- Detecting C compile features
-- Detecting C compile features - done
-- Detecting CXX compiler ABI info
-- Detecting CXX compiler ABI info - done
-- Check for working CXX compiler: /usr/bin/c++ - skipped
-- Detecting CXX compile features
-- Detecting CXX compile features - done
-- Performing Test CMAKE_HAVE_LIBC_PTHREAD
-- Performing Test CMAKE_HAVE_LIBC_PTHREAD - Success
-- Found Threads: TRUE  
-- Found OpenMP_C: -fopenmp (found version "4.5") 
-- Found OpenMP_CXX: -fopenmp (found version "4.5") 
-- Found OpenMP: TRUE (found version "4.5")  
-- OpenMP found
-- ccache found, compilation results will be cached. Disable with GGML_CCACHE=OFF.
-- CMAKE_SYSTEM_PROCESSOR: x86_64
-- x86 detected
-- x86 detected
-- Linux detected
-- Configuring done (0.7s)
-- Generating done (0.1s)
-- Build files have been written to: /home/ggml/work/ggml/build-ci-release

real	0m0.878s
user	0m0.669s
sys	0m0.217s
+ make -j
[  1%] Building C object src/CMakeFiles/ggml.dir/ggml.c.o
[  2%] Building C object src/CMakeFiles/ggml.dir/ggml-alloc.c.o
[  3%] Building C object src/CMakeFiles/ggml.dir/ggml-backend.c.o
[  4%] Building CXX object examples/CMakeFiles/common.dir/common.cpp.o
[  5%] Building C object src/CMakeFiles/ggml.dir/ggml-quants.c.o
[  7%] Linking CXX static library libcommon.a
[  7%] Linking C shared library libggml.so
[  7%] Built target common
[  7%] Built target ggml
[  8%] Building C object tests/CMakeFiles/test-vec0.dir/test-vec0.c.o
[ 10%] Building C object tests/CMakeFiles/test-vec1.dir/test-vec1.c.o
[ 11%] Building CXX object tests/CMakeFiles/test-grad0.dir/test-grad0.cpp.o
[ 12%] Building CXX object tests/CMakeFiles/test-quantize-fns.dir/test-quantize-fns.cpp.o
[ 13%] Building C object tests/CMakeFiles/test-mul-mat0.dir/test-mul-mat0.c.o
[ 14%] Building CXX object tests/CMakeFiles/test-opt.dir/test-opt.cpp.o
[ 15%] Building C object tests/CMakeFiles/test-mul-mat2.dir/test-mul-mat2.c.o
[ 16%] Building CXX object tests/CMakeFiles/test-quantize-perf.dir/test-quantize-perf.cpp.o
[ 17%] Linking C executable ../bin/test-vec0
[ 18%] Building C object tests/CMakeFiles/test0.dir/test0.c.o
[ 20%] Linking CXX executable ../bin/test-grad0
[ 21%] Linking C executable ../bin/test-mul-mat0
[ 22%] Linking C executable ../bin/test-vec1
[ 23%] Linking CXX executable ../bin/test-opt
[ 24%] Linking C executable ../bin/test-mul-mat2
[ 25%] Linking CXX executable ../bin/test-quantize-fns
[ 26%] Building C object tests/CMakeFiles/test2.dir/test2.c.o
[ 27%] Linking C executable ../bin/test0
[ 28%] Building C object tests/CMakeFiles/test1.dir/test1.c.o
[ 30%] Linking CXX executable ../bin/test-quantize-perf
[ 31%] Building C object tests/CMakeFiles/test3.dir/test3.c.o
[ 32%] Building C object tests/CMakeFiles/test-pool.dir/test-pool.c.o
[ 33%] Building CXX object tests/CMakeFiles/test-timestep_embedding.dir/test-timestep_embedding.cpp.o
[ 34%] Linking C executable ../bin/test1
[ 34%] Built target test-vec0
[ 35%] Linking C executable ../bin/test2
[ 36%] Linking CXX executable ../bin/test-timestep_embedding
[ 36%] Built target test-mul-mat0
[ 37%] Building CXX object tests/CMakeFiles/test-arange.dir/test-arange.cpp.o
[ 38%] Building C object tests/CMakeFiles/test-conv-transpose.dir/test-conv-transpose.c.o
[ 40%] Linking C executable ../bin/test3
[ 40%] Built target test-vec1
[ 41%] Building C object tests/CMakeFiles/test-dup.dir/test-dup.c.o
[ 42%] Linking C executable ../bin/test-pool
[ 43%] Linking CXX executable ../bin/test-arange
[ 43%] Built target test-opt
[ 43%] Built target test-mul-mat2
[ 44%] Building C object tests/CMakeFiles/test-rel-pos.dir/test-rel-pos.c.o
[ 45%] Building CXX object tests/CMakeFiles/test-mul-mat.dir/test-mul-mat.cpp.o
[ 46%] Linking C executable ../bin/test-dup
[ 46%] Built target test0
[ 47%] Building C object tests/CMakeFiles/test-customop.dir/test-customop.c.o
[ 48%] Linking C executable ../bin/test-conv-transpose
[ 50%] Building CXX object tests/CMakeFiles/test-conv1d.dir/test-conv1d.cpp.o
[ 51%] Linking C executable ../bin/test-rel-pos
[ 52%] Building CXX object tests/CMakeFiles/test-conv2d.dir/test-conv2d.cpp.o
[ 53%] Linking C executable ../bin/test-customop
[ 54%] Building CXX object examples/CMakeFiles/common-ggml.dir/common-ggml.cpp.o
[ 55%] Building CXX object tests/CMakeFiles/test-backend-ops.dir/test-backend-ops.cpp.o
[ 55%] Built target test3
[ 56%] Building CXX object tests/CMakeFiles/test-backend-buffer.dir/test-backend-buffer.cpp.o
[ 57%] Linking CXX executable ../bin/test-mul-mat
[ 58%] Linking CXX executable ../bin/test-conv1d
[ 58%] Built target test-grad0
[ 58%] Built target test2
[ 58%] Built target test1
[ 61%] Linking CXX executable ../bin/test-backend-ops
[ 62%] Linking CXX static library libcommon-ggml.a
[ 62%] Built target test-pool
[ 61%] Linking CXX executable ../bin/test-backend-buffer
[ 63%] Linking CXX executable ../bin/test-conv2d
[ 64%] Building CXX object examples/mnist/CMakeFiles/mnist.dir/main.cpp.o
[ 65%] Building CXX object examples/mnist/CMakeFiles/mnist-cpu.dir/main-cpu.cpp.o
[ 66%] Building CXX object examples/mnist/CMakeFiles/mnist-cnn.dir/main-cnn.cpp.o
[ 67%] Building CXX object examples/sam/CMakeFiles/sam.dir/main.cpp.o
[ 67%] Built target test-dup
[ 67%] Built target test-conv-transpose
[ 67%] Built target test-timestep_embedding
[ 67%] Built target test-customop
[ 68%] Linking CXX executable ../../bin/mnist
[ 70%] Linking CXX executable ../../bin/sam
[ 71%] Linking CXX executable ../../bin/mnist-cpu
[ 71%] Built target common-ggml
[ 72%] Building CXX object examples/yolo/CMakeFiles/yolov3-tiny.dir/yolov3-tiny.cpp.o
[ 72%] Built target test-rel-pos
[ 73%] Building CXX object examples/yolo/CMakeFiles/yolov3-tiny.dir/yolo-image.cpp.o
[ 73%] Built target test-quantize-fns
[ 74%] Building CXX object examples/simple/CMakeFiles/simple-ctx.dir/simple-ctx.cpp.o
[ 75%] Linking CXX executable ../../bin/mnist-cnn
[ 76%] Building CXX object examples/simple/CMakeFiles/simple-backend.dir/simple-backend.cpp.o
[ 77%] Linking CXX executable ../../bin/yolov3-tiny
[ 78%] Building CXX object examples/gpt-2/CMakeFiles/gpt-2-backend.dir/main-backend.cpp.o
[ 80%] Linking CXX executable ../../bin/simple-ctx
[ 81%] Building CXX object examples/gpt-2/CMakeFiles/gpt-2-ctx.dir/main-ctx.cpp.o
[ 82%] Linking CXX executable ../../bin/simple-backend
[ 83%] Building CXX object examples/gpt-2/CMakeFiles/gpt-2-alloc.dir/main-alloc.cpp.o
[ 84%] Building CXX object examples/gpt-2/CMakeFiles/gpt-2-sched.dir/main-sched.cpp.o
[ 84%] Built target test-quantize-perf
[ 84%] Built target test-mul-mat
[ 85%] Linking CXX executable ../../bin/gpt-2-backend
[ 85%] Built target test-conv1d
[ 85%] Built target test-conv2d
[ 86%] Linking CXX executable ../../bin/gpt-2-ctx
[ 87%] Linking CXX executable ../../bin/gpt-2-sched
[ 88%] Linking CXX executable ../../bin/gpt-2-alloc
[ 88%] Built target test-backend-buffer
[ 90%] Building CXX object examples/gpt-j/CMakeFiles/gpt-j.dir/main.cpp.o
[ 90%] Built target test-backend-ops
[ 91%] Building CXX object examples/gpt-2/CMakeFiles/gpt-2-batched.dir/main-batched.cpp.o
[ 92%] Building CXX object examples/gpt-2/CMakeFiles/gpt-2-quantize.dir/quantize.cpp.o
[ 92%] Built target test-arange
[ 92%] Built target mnist-cnn
[ 93%] Linking CXX executable ../../bin/gpt-2-quantize
[ 94%] Building CXX object examples/gpt-j/CMakeFiles/gpt-j-quantize.dir/quantize.cpp.o
[ 95%] Building CXX object examples/magika/CMakeFiles/magika.dir/main.cpp.o
[ 96%] Linking CXX executable ../../bin/gpt-j
[ 96%] Built target simple-ctx
[ 98%] Linking CXX executable ../../bin/gpt-2-batched
[ 97%] Linking CXX executable ../../bin/gpt-j-quantize
[ 98%] Built target mnist-cpu
[ 98%] Built target mnist
[ 98%] Built target sam
[100%] Linking CXX executable ../../bin/magika
[100%] Built target yolov3-tiny
[100%] Built target simple-backend
[100%] Built target gpt-2-backend
[100%] Built target gpt-2-sched
[100%] Built target gpt-j-quantize
[100%] Built target gpt-2-batched
[100%] Built target gpt-2-quantize
[100%] Built target gpt-2-ctx
[100%] Built target gpt-2-alloc
[100%] Built target magika
[100%] Built target gpt-j

real	0m0.753s
user	0m3.142s
sys	0m0.881s
+ ctest --output-on-failure
Test project /home/ggml/work/ggml/build-ci-release
      Start  1: test-grad0
 1/22 Test  #1: test-grad0 .......................   Passed    0.26 sec
      Start  2: test-opt
 2/22 Test  #2: test-opt .........................   Passed    3.77 sec
      Start  3: test-quantize-fns
 3/22 Test  #3: test-quantize-fns ................   Passed   20.13 sec
      Start  4: test-quantize-perf
 4/22 Test  #4: test-quantize-perf ...............   Passed    5.70 sec
      Start  5: test-mul-mat0
 5/22 Test  #5: test-mul-mat0 ....................   Passed    0.55 sec
      Start  6: test-mul-mat2
 6/22 Test  #6: test-mul-mat2 ....................   Passed    2.75 sec
      Start  7: test0
 7/22 Test  #7: test0 ............................   Passed    0.00 sec
      Start  8: test1
 8/22 Test  #8: test1 ............................   Passed    0.00 sec
      Start  9: test2
 9/22 Test  #9: test2 ............................   Passed    0.04 sec
      Start 10: test3
10/22 Test #10: test3 ............................   Passed    0.03 sec
      Start 11: test-pool
11/22 Test #11: test-pool ........................   Passed    0.00 sec
      Start 12: test-arange
12/22 Test #12: test-arange ......................   Passed    0.00 sec
      Start 13: test-timestep_embedding
13/22 Test #13: test-timestep_embedding ..........   Passed    0.00 sec
      Start 14: test-conv-transpose
14/22 Test #14: test-conv-transpose ..............   Passed    0.00 sec
      Start 15: test-dup
15/22 Test #15: test-dup .........................   Passed    0.00 sec
      Start 16: test-rel-pos
16/22 Test #16: test-rel-pos .....................   Passed    0.00 sec
      Start 17: test-customop
17/22 Test #17: test-customop ....................   Passed    0.00 sec
      Start 18: test-conv1d
18/22 Test #18: test-conv1d ......................   Passed    0.00 sec
      Start 19: test-conv2d
19/22 Test #19: test-conv2d ......................   Passed    0.00 sec
      Start 20: test-mul-mat
20/22 Test #20: test-mul-mat .....................   Passed    0.00 sec
      Start 21: test-backend-buffer
21/22 Test #21: test-backend-buffer ..............   Passed    0.00 sec
      Start 22: test-backend-ops
22/22 Test #22: test-backend-ops .................   Passed    0.00 sec

100% tests passed, 0 tests failed out of 22

Total Test time (real) =  33.28 sec

real	0m33.317s
user	0m33.462s
sys	0m0.467s
