+ cmake -DCMAKE_BUILD_TYPE=Debug -DLLAMA_FATAL_WARNINGS=ON -DLLAMA_METAL_SHADER_DEBUG=ON ..
-- The C compiler identification is AppleClang 15.0.0.15000100
-- The CXX compiler identification is AppleClang 15.0.0.15000100
-- Detecting C compiler ABI info
-- Detecting C compiler ABI info - done
-- Check for working C compiler: /Applications/Xcode.app/Contents/Developer/Toolchains/XcodeDefault.xctoolchain/usr/bin/cc - skipped
-- Detecting C compile features
-- Detecting C compile features - done
-- Detecting CXX compiler ABI info
-- Detecting CXX compiler ABI info - done
-- Check for working CXX compiler: /Applications/Xcode.app/Contents/Developer/Toolchains/XcodeDefault.xctoolchain/usr/bin/c++ - skipped
-- Detecting CXX compile features
-- Detecting CXX compile features - done
-- Found Git: /usr/bin/git (found version "2.39.3 (Apple Git-145)") 
-- Performing Test CMAKE_HAVE_LIBC_PTHREAD
-- Performing Test CMAKE_HAVE_LIBC_PTHREAD - Success
-- Found Threads: TRUE  
-- Accelerate framework found
-- Metal framework found
-- ccache found, compilation results will be cached. Disable with LLAMA_CCACHE=OFF.
-- CMAKE_SYSTEM_PROCESSOR: arm64
-- ARM detected
-- Performing Test COMPILER_SUPPORTS_FP16_FORMAT_I3E
-- Performing Test COMPILER_SUPPORTS_FP16_FORMAT_I3E - Failed
-- Configuring done (5.6s)
-- Generating done (0.3s)
-- Build files have been written to: /Users/ggml/work/llama.cpp/build-ci-debug

real	0m6.156s
user	0m0.475s
sys	0m0.567s
+ make -j
[  1%] Generating build details from Git
[  2%] Building C object CMakeFiles/ggml.dir/ggml-backend.c.o
[  2%] Building C object CMakeFiles/ggml.dir/ggml-quants.c.o
[  2%] Compiling Metal kernels
[  2%] Building C object CMakeFiles/ggml.dir/ggml.c.o
[  4%] Building CXX object CMakeFiles/ggml.dir/sgemm.cpp.o
[  3%] Building C object CMakeFiles/ggml.dir/ggml-alloc.c.o
[  5%] Building C object CMakeFiles/ggml.dir/ggml-metal.m.o
-- Found Git: /usr/bin/git (found version "2.39.3 (Apple Git-145)") 
[  6%] Building CXX object common/CMakeFiles/build_info.dir/build-info.cpp.o
[  6%] Built target build_info
[  6%] Built target ggml
[  8%] Building CXX object CMakeFiles/llama.dir/unicode-data.cpp.o
[  9%] Linking CXX static library libggml_static.a
[  9%] Building CXX object examples/gguf/CMakeFiles/gguf.dir/gguf.cpp.o
[  9%] Building CXX object CMakeFiles/llama.dir/llama.cpp.o
[ 10%] Building CXX object CMakeFiles/llama.dir/unicode.cpp.o
[ 10%] Built target ggml_static
[ 10%] Linking CXX executable ../../bin/gguf
[ 10%] Built target gguf
[ 10%] Built target ggml-metal
[ 10%] Linking CXX static library libllama.a
[ 10%] Built target llama
[ 10%] Building CXX object examples/llava/CMakeFiles/llava.dir/llava.cpp.o
[ 11%] Building CXX object examples/llava/CMakeFiles/llava.dir/clip.cpp.o
[ 13%] Building C object tests/CMakeFiles/test-c.dir/test-c.c.o
[ 13%] Building CXX object examples/benchmark/CMakeFiles/benchmark.dir/benchmark-matmult.cpp.o
[ 14%] Building CXX object common/CMakeFiles/common.dir/sampling.cpp.o
[ 15%] Building CXX object common/CMakeFiles/common.dir/train.cpp.o
[ 16%] Building CXX object common/CMakeFiles/common.dir/console.cpp.o
[ 16%] Building CXX object examples/quantize-stats/CMakeFiles/quantize-stats.dir/quantize-stats.cpp.o
[ 16%] Building CXX object common/CMakeFiles/common.dir/common.cpp.o
[ 16%] Building CXX object common/CMakeFiles/common.dir/ngram-cache.cpp.o
[ 17%] Building CXX object common/CMakeFiles/common.dir/json-schema-to-grammar.cpp.o
[ 17%] Building CXX object common/CMakeFiles/common.dir/grammar-parser.cpp.o
[ 18%] Linking CXX executable ../bin/test-c
[ 18%] Built target test-c
[ 18%] Linking CXX executable ../../bin/benchmark
[ 18%] Built target benchmark
[ 19%] Linking CXX executable ../../bin/quantize-stats
[ 19%] Built target quantize-stats
[ 19%] Built target llava
[ 20%] Linking CXX static library libllava_static.a
[ 20%] Built target llava_static
[ 21%] Linking CXX static library libcommon.a
[ 21%] Built target common
[ 22%] Building CXX object tests/CMakeFiles/test-chat-template.dir/get-model.cpp.o
[ 22%] Building CXX object tests/CMakeFiles/test-chat-template.dir/test-chat-template.cpp.o
[ 22%] Building CXX object tests/CMakeFiles/test-quantize-perf.dir/test-quantize-perf.cpp.o
[ 22%] Building CXX object tests/CMakeFiles/test-grad0.dir/test-grad0.cpp.o
[ 23%] Building CXX object examples/embedding/CMakeFiles/embedding.dir/embedding.cpp.o
[ 24%] Building CXX object tests/CMakeFiles/test-grad0.dir/get-model.cpp.o
[ 24%] Building CXX object examples/beam-search/CMakeFiles/beam-search.dir/beam-search.cpp.o
[ 24%] Building CXX object tests/CMakeFiles/test-grammar-parser.dir/test-grammar-parser.cpp.o
[ 25%] Building CXX object examples/convert-llama2c-to-ggml/CMakeFiles/convert-llama2c-to-ggml.dir/convert-llama2c-to-ggml.cpp.o
[ 26%] Building CXX object tests/CMakeFiles/test-grammar-integration.dir/get-model.cpp.o
[ 27%] Building CXX object examples/baby-llama/CMakeFiles/baby-llama.dir/baby-llama.cpp.o
[ 27%] Building CXX object tests/CMakeFiles/test-quantize-perf.dir/get-model.cpp.o
[ 27%] Building CXX object tests/CMakeFiles/test-grammar-integration.dir/test-grammar-integration.cpp.o
[ 28%] Building CXX object tests/CMakeFiles/test-json-schema-to-grammar.dir/get-model.cpp.o
[ 28%] Building CXX object tests/CMakeFiles/test-llama-grammar.dir/test-llama-grammar.cpp.o
[ 28%] Building CXX object tests/CMakeFiles/test-json-schema-to-grammar.dir/test-json-schema-to-grammar.cpp.o
[ 29%] Building CXX object examples/finetune/CMakeFiles/finetune.dir/finetune.cpp.o
[ 30%] Building CXX object tests/CMakeFiles/test-model-load-cancel.dir/get-model.cpp.o
[ 30%] Building CXX object examples/gritlm/CMakeFiles/gritlm.dir/gritlm.cpp.o
[ 31%] Building CXX object examples/infill/CMakeFiles/infill.dir/infill.cpp.o
[ 31%] Building CXX object tests/CMakeFiles/test-tokenizer-0.dir/test-tokenizer-0.cpp.o
[ 32%] Building CXX object examples/batched/CMakeFiles/batched.dir/batched.cpp.o
[ 34%] Building CXX object tests/CMakeFiles/test-tokenizer-1-bpe.dir/test-tokenizer-1-bpe.cpp.o
[ 35%] Building CXX object tests/CMakeFiles/test-sampling.dir/get-model.cpp.o
[ 34%] Building CXX object tests/CMakeFiles/test-grammar-parser.dir/get-model.cpp.o
[ 36%] Building CXX object examples/batched-bench/CMakeFiles/batched-bench.dir/batched-bench.cpp.o
[ 36%] Building CXX object tests/CMakeFiles/test-model-load-cancel.dir/test-model-load-cancel.cpp.o
[ 37%] Building CXX object tests/CMakeFiles/test-autorelease.dir/test-autorelease.cpp.o
[ 38%] Building CXX object tests/CMakeFiles/test-autorelease.dir/get-model.cpp.o
[ 38%] Building CXX object tests/CMakeFiles/test-sampling.dir/test-sampling.cpp.o
[ 38%] Building CXX object examples/eval-callback/CMakeFiles/eval-callback.dir/eval-callback.cpp.o
[ 39%] Building CXX object tests/CMakeFiles/test-backend-ops.dir/test-backend-ops.cpp.o
[ 40%] Building CXX object tests/CMakeFiles/test-llama-grammar.dir/get-model.cpp.o
[ 40%] Building CXX object tests/CMakeFiles/test-quantize-fns.dir/test-quantize-fns.cpp.o
[ 41%] Building CXX object tests/CMakeFiles/test-quantize-fns.dir/get-model.cpp.o
[ 42%] Generating completion.js.hpp
[ 48%] Building CXX object examples/perplexity/CMakeFiles/perplexity.dir/perplexity.cpp.o
[ 46%] Building CXX object tests/CMakeFiles/test-rope.dir/test-rope.cpp.o
[ 48%] Building CXX object examples/llava/CMakeFiles/llava-cli.dir/llava-cli.cpp.o
[ 49%] Building CXX object examples/quantize/CMakeFiles/quantize.dir/quantize.cpp.o
[ 50%] Building CXX object tests/CMakeFiles/test-rope.dir/get-model.cpp.o
[ 50%] Building CXX object tests/CMakeFiles/test-backend-ops.dir/get-model.cpp.o
[ 46%] Building CXX object examples/simple/CMakeFiles/simple.dir/simple.cpp.o
[ 50%] Generating json-schema-to-grammar.mjs.hpp
[ 50%] Building CXX object examples/llama-bench/CMakeFiles/llama-bench.dir/llama-bench.cpp.o
[ 50%] Building CXX object tests/CMakeFiles/test-tokenizer-1-spm.dir/test-tokenizer-1-spm.cpp.o
[ 50%] Generating index.js.hpp
[ 50%] Building CXX object examples/parallel/CMakeFiles/parallel.dir/parallel.cpp.o
[ 51%] Building CXX object examples/gguf-split/CMakeFiles/gguf-split.dir/gguf-split.cpp.o
[ 51%] Building CXX object examples/tokenize/CMakeFiles/tokenize.dir/tokenize.cpp.o
[ 52%] Building CXX object examples/retrieval/CMakeFiles/retrieval.dir/retrieval.cpp.o
[ 52%] Generating index.html.hpp
[ 53%] Building CXX object examples/passkey/CMakeFiles/passkey.dir/passkey.cpp.o
[ 54%] Building CXX object examples/lookup/CMakeFiles/lookup-merge.dir/lookup-merge.cpp.o
[ 55%] Building CXX object pocs/vdot/CMakeFiles/q8dot.dir/q8dot.cpp.o
[ 56%] Building CXX object examples/lookup/CMakeFiles/lookup-stats.dir/lookup-stats.cpp.o
[ 57%] Building CXX object examples/lookahead/CMakeFiles/lookahead.dir/lookahead.cpp.o
[ 57%] Building CXX object examples/main/CMakeFiles/main.dir/main.cpp.o
[ 58%] Building CXX object examples/train-text-from-scratch/CMakeFiles/train-text-from-scratch.dir/train-text-from-scratch.cpp.o
[ 58%] Building CXX object examples/lookup/CMakeFiles/lookup-create.dir/lookup-create.cpp.o
[ 59%] Building CXX object examples/save-load-state/CMakeFiles/save-load-state.dir/save-load-state.cpp.o
[ 60%] Building CXX object examples/imatrix/CMakeFiles/imatrix.dir/imatrix.cpp.o
[ 61%] Building CXX object examples/lookup/CMakeFiles/lookup.dir/lookup.cpp.o
[ 62%] Building CXX object examples/speculative/CMakeFiles/speculative.dir/speculative.cpp.o
[ 63%] Building CXX object examples/export-lora/CMakeFiles/export-lora.dir/export-lora.cpp.o
[ 64%] Building CXX object pocs/vdot/CMakeFiles/vdot.dir/vdot.cpp.o
[ 65%] Linking CXX executable ../bin/test-model-load-cancel
[ 66%] Building CXX object examples/server/CMakeFiles/server.dir/server.cpp.o
[ 67%] Linking CXX executable ../bin/test-grad0
[ 67%] Built target test-model-load-cancel
[ 67%] Built target test-grad0
[ 68%] Linking CXX executable ../bin/test-rope
[ 68%] Linking CXX executable ../bin/test-autorelease
[ 69%] Linking CXX executable ../bin/test-quantize-fns
[ 69%] Built target test-rope
[ 69%] Built target test-autorelease
[ 69%] Built target test-quantize-fns
[ 70%] Linking CXX executable ../bin/test-grammar-parser
[ 71%] Linking CXX executable ../bin/test-sampling
[ 71%] Linking CXX executable ../../bin/q8dot
[ 72%] Linking CXX executable ../bin/test-chat-template
[ 72%] Built target test-grammar-parser
[ 73%] Linking CXX executable ../../bin/vdot
[ 73%] Built target test-sampling
[ 73%] Built target q8dot
[ 74%] Linking CXX executable ../../bin/baby-llama
[ 75%] Linking CXX executable ../../bin/tokenize
[ 75%] Built target test-chat-template
[ 76%] Linking CXX executable ../bin/test-grammar-integration
[ 76%] Built target vdot
[ 76%] Built target tokenize
[ 76%] Linking CXX executable ../bin/test-tokenizer-1-bpe
[ 76%] Built target baby-llama
[ 76%] Built target test-grammar-integration
[ 77%] Linking CXX executable ../bin/test-tokenizer-1-spm
[ 78%] Linking CXX executable ../../bin/eval-callback
[ 78%] Built target test-tokenizer-1-bpe
[ 79%] Linking CXX executable ../bin/test-quantize-perf
[ 80%] Linking CXX executable ../../bin/gritlm
[ 80%] Linking CXX executable ../../bin/lookup-merge
[ 81%] Linking CXX executable ../../bin/simple
[ 81%] Linking CXX executable ../../bin/batched
[ 81%] Built target test-tokenizer-1-spm
[ 82%] Linking CXX executable ../../bin/batched-bench
[ 82%] Built target test-quantize-perf
[ 82%] Built target eval-callback
[ 83%] Linking CXX executable ../../bin/save-load-state
[ 84%] Linking CXX executable ../../bin/passkey
[ 84%] Linking CXX executable ../../bin/parallel
[ 84%] Built target gritlm
[ 84%] Linking CXX executable ../../bin/train-text-from-scratch
[ 84%] Built target lookup-merge
[ 85%] Linking CXX executable ../../bin/gguf-split
[ 86%] Built target simple
[ 86%] Linking CXX executable ../../bin/beam-search
[ 86%] Built target batched-bench
[ 87%] Linking CXX executable ../../bin/lookup-stats
[ 87%] Linking CXX executable ../../bin/llava-cli
[ 88%] Linking CXX executable ../../bin/lookup-create
[ 88%] Built target batched
[ 89%] Linking CXX executable ../../bin/finetune
[ 89%] Linking CXX executable ../../bin/export-lora
[ 89%] Built target save-load-state
[ 90%] Linking CXX executable ../../bin/embedding
[ 90%] Linking CXX executable ../../bin/lookahead
[ 90%] Built target gguf-split
[ 91%] Linking CXX executable ../../bin/infill
[ 91%] Built target parallel
[ 92%] Linking CXX executable ../../bin/quantize
[ 93%] Linking CXX executable ../bin/test-tokenizer-0
[ 93%] Built target lookup-create
ld: warning: ignoring duplicate libraries: '../../libllama.a'
[ 93%] Built target passkey
[ 93%] Built target beam-search
[ 93%] Built target train-text-from-scratch
[ 93%] Built target llava-cli
[ 93%] Built target export-lora
[ 93%] Built target lookup-stats
[ 93%] Built target finetune
[ 93%] Linking CXX executable ../bin/test-backend-ops
[ 93%] Built target infill
[ 93%] Built target embedding
[ 93%] Built target lookahead
[ 93%] Linking CXX executable ../../bin/convert-llama2c-to-ggml
[ 93%] Built target test-tokenizer-0
[ 94%] Linking CXX executable ../../bin/lookup
[ 94%] Built target quantize
[ 94%] Built target test-backend-ops
[ 94%] Built target convert-llama2c-to-ggml
[ 94%] Linking CXX executable ../../bin/retrieval
[ 94%] Linking CXX executable ../../bin/speculative
[ 95%] Linking CXX executable ../../bin/main
[ 95%] Built target lookup
[ 95%] Linking CXX executable ../../bin/imatrix
[ 95%] Built target speculative
[ 95%] Built target retrieval
[ 95%] Built target main
[ 96%] Linking CXX executable ../../bin/perplexity
[ 96%] Built target imatrix
[ 96%] Built target perplexity
[ 97%] Linking CXX executable ../../bin/llama-bench
[ 97%] Built target llama-bench
[ 98%] Linking CXX executable ../bin/test-json-schema-to-grammar
[ 98%] Built target test-json-schema-to-grammar
[ 99%] Linking CXX executable ../bin/test-llama-grammar
[ 99%] Built target test-llama-grammar
[100%] Linking CXX executable ../../bin/server
[100%] Built target server

real	0m20.389s
user	1m18.441s
sys	0m12.204s
+ ctest --output-on-failure -L main -E test-opt
Test project /Users/ggml/work/llama.cpp/build-ci-debug
      Start  1: test-tokenizer-0-llama-spm
 1/21 Test  #1: test-tokenizer-0-llama-spm .......   Passed    0.47 sec
      Start  2: test-tokenizer-0-llama-bpe
 2/21 Test  #2: test-tokenizer-0-llama-bpe .......   Passed    2.36 sec
      Start  3: test-tokenizer-0-phi-3
 3/21 Test  #3: test-tokenizer-0-phi-3 ...........   Passed    0.14 sec
      Start  4: test-tokenizer-0-falcon
 4/21 Test  #4: test-tokenizer-0-falcon ..........   Passed    0.81 sec
      Start  5: test-tokenizer-0-bert-bge
 5/21 Test  #5: test-tokenizer-0-bert-bge ........   Passed    0.35 sec
      Start  6: test-tokenizer-0-starcoder
 6/21 Test  #6: test-tokenizer-0-starcoder .......   Passed    0.66 sec
      Start  7: test-tokenizer-0-gpt-2
 7/21 Test  #7: test-tokenizer-0-gpt-2 ...........   Passed    0.68 sec
      Start  8: test-tokenizer-0-refact
 8/21 Test  #8: test-tokenizer-0-refact ..........   Passed    0.66 sec
      Start  9: test-tokenizer-0-command-r
 9/21 Test  #9: test-tokenizer-0-command-r .......   Passed    2.89 sec
      Start 10: test-tokenizer-1-llama-spm
10/21 Test #10: test-tokenizer-1-llama-spm .......   Passed    3.19 sec
      Start 11: test-quantize-fns
11/21 Test #11: test-quantize-fns ................   Passed   34.80 sec
      Start 12: test-quantize-perf
12/21 Test #12: test-quantize-perf ...............   Passed   10.27 sec
      Start 13: test-sampling
13/21 Test #13: test-sampling ....................   Passed    0.23 sec
      Start 14: test-chat-template
14/21 Test #14: test-chat-template ...............   Passed    0.22 sec
      Start 15: test-grammar-parser
15/21 Test #15: test-grammar-parser ..............   Passed    0.18 sec
      Start 16: test-llama-grammar
16/21 Test #16: test-llama-grammar ...............   Passed    0.22 sec
      Start 17: test-grammar-integration
17/21 Test #17: test-grammar-integration .........   Passed    0.24 sec
      Start 18: test-grad0
18/21 Test #18: test-grad0 .......................   Passed    0.85 sec
      Start 19: test-backend-ops
19/21 Test #19: test-backend-ops .................   Passed  102.78 sec
      Start 20: test-rope
20/21 Test #20: test-rope ........................   Passed    0.35 sec
      Start 23: test-json-schema-to-grammar
21/21 Test #23: test-json-schema-to-grammar ......   Passed    1.45 sec

100% tests passed, 0 tests failed out of 21

Label Time Summary:
main    = 163.78 sec*proc (21 tests)

Total Test time (real) = 163.80 sec

real	2m44.025s
user	3m12.728s
sys	0m2.459s
