+ cmake -DCMAKE_BUILD_TYPE=Debug ..
-- The C compiler identification is GNU 11.4.0
-- The CXX compiler identification is GNU 11.4.0
-- Detecting C compiler ABI info
-- Detecting C compiler ABI info - done
-- Check for working C compiler: /usr/bin/cc - skipped
-- Detecting C compile features
-- Detecting C compile features - done
-- Detecting CXX compiler ABI info
-- Detecting CXX compiler ABI info - done
-- Check for working CXX compiler: /usr/bin/c++ - skipped
-- Detecting CXX compile features
-- Detecting CXX compile features - done
-- Looking for pthread.h
-- Looking for pthread.h - found
-- Performing Test CMAKE_HAVE_LIBC_PTHREAD
-- Performing Test CMAKE_HAVE_LIBC_PTHREAD - Success
-- Found Threads: TRUE  
-- ccache found, compilation results will be cached. Disable with GGML_CCACHE=OFF.
-- CMAKE_SYSTEM_PROCESSOR: x86_64
-- Including CPU backend
-- Found OpenMP_C: -fopenmp (found version "4.5") 
-- Found OpenMP_CXX: -fopenmp (found version "4.5") 
-- Found OpenMP: TRUE (found version "4.5")  
-- Adding CPU backend variant ggml-cpu: -march=native 
-- x86 detected
-- Linux detected
-- Configuring done
-- Generating done
-- Build files have been written to: /home/ggml/work/ggml/build-ci-debug

real	0m0.605s
user	0m0.401s
sys	0m0.206s
+ make -j
[  1%] Building C object src/CMakeFiles/ggml-base.dir/ggml.c.o
[  2%] Building C object src/CMakeFiles/ggml-base.dir/ggml-alloc.c.o
[  3%] Building CXX object src/CMakeFiles/ggml-base.dir/ggml-backend.cpp.o
[  6%] Building CXX object src/CMakeFiles/ggml-base.dir/ggml-threading.cpp.o
[  6%] Building CXX object src/CMakeFiles/ggml-base.dir/ggml-opt.cpp.o
[  6%] Building CXX object examples/CMakeFiles/common.dir/common.cpp.o
[  7%] Building C object src/CMakeFiles/ggml-base.dir/ggml-quants.c.o
[  8%] Building C object src/CMakeFiles/ggml-base.dir/ggml-aarch64.c.o
[  9%] Linking CXX shared library libggml-base.so
[ 10%] Linking CXX static library libcommon.a
[ 10%] Built target common
[ 10%] Built target ggml-base
[ 11%] Building C object src/CMakeFiles/ggml-cpu.dir/ggml-cpu/ggml-cpu.c.o
[ 12%] Building CXX object src/CMakeFiles/ggml-cpu.dir/ggml-cpu/amx/mmq.cpp.o
[ 14%] Building C object src/CMakeFiles/ggml-cpu.dir/ggml-cpu/ggml-cpu-aarch64.c.o
[ 14%] Building CXX object src/CMakeFiles/ggml-cpu.dir/ggml-cpu/ggml-cpu.cpp.o
[ 16%] Building CXX object src/CMakeFiles/ggml-cpu.dir/ggml-cpu/amx/amx.cpp.o
[ 16%] Building C object src/CMakeFiles/ggml-cpu.dir/ggml-cpu/ggml-cpu-quants.c.o
[ 17%] Linking CXX shared library libggml-cpu.so
[ 17%] Built target ggml-cpu
[ 18%] Building CXX object src/CMakeFiles/ggml.dir/ggml-backend-reg.cpp.o
[ 19%] Linking CXX shared library libggml.so
[ 19%] Built target ggml
[ 20%] Building C object tests/CMakeFiles/test-vec0.dir/test-vec0.c.o
[ 21%] Building CXX object tests/CMakeFiles/test-opt.dir/test-opt.cpp.o
[ 22%] Building CXX object tests/CMakeFiles/test-quantize-fns.dir/test-quantize-fns.cpp.o
[ 23%] Building C object tests/CMakeFiles/test-vec1.dir/test-vec1.c.o
[ 24%] Building CXX object tests/CMakeFiles/test-quantize-perf.dir/test-quantize-perf.cpp.o
[ 25%] Building C object tests/CMakeFiles/test-mul-mat0.dir/test-mul-mat0.c.o
[ 26%] Building C object tests/CMakeFiles/test-mul-mat2.dir/test-mul-mat2.c.o
[ 27%] Building CXX object tests/CMakeFiles/test-arange.dir/test-arange.cpp.o
[ 28%] Linking C executable ../bin/test-vec0
[ 29%] Building CXX object tests/CMakeFiles/test-timestep_embedding.dir/test-timestep_embedding.cpp.o
[ 31%] Building C object tests/CMakeFiles/test0.dir/test0.c.o
[ 31%] Linking CXX executable ../bin/test-quantize-fns
[ 32%] Building C object tests/CMakeFiles/test-pool.dir/test-pool.c.o
[ 33%] Linking CXX executable ../bin/test-quantize-perf
[ 34%] Linking C executable ../bin/test-vec1
[ 35%] Linking C executable ../bin/test-mul-mat0
[ 36%] Building CXX object tests/CMakeFiles/test-pad-reflect-1d.dir/test-pad-reflect-1d.cpp.o
[ 37%] Linking CXX executable ../bin/test-opt
[ 38%] Building C object tests/CMakeFiles/test-conv-transpose.dir/test-conv-transpose.c.o
[ 39%] Linking CXX executable ../bin/test-timestep_embedding
[ 40%] Building CXX object tests/CMakeFiles/test-conv-transpose-1d.dir/test-conv-transpose-1d.cpp.o
[ 41%] Building C object tests/CMakeFiles/test-rel-pos.dir/test-rel-pos.c.o
[ 42%] Linking CXX executable ../bin/test-arange
[ 43%] Linking C executable ../bin/test0
[ 44%] Linking CXX executable ../bin/test-pad-reflect-1d
[ 45%] Linking C executable ../bin/test-pool
[ 46%] Linking C executable ../bin/test-mul-mat2
[ 47%] Linking C executable ../bin/test-conv-transpose
[ 47%] Built target test-vec0
[ 48%] Linking C executable ../bin/test-rel-pos
[ 50%] Building C object tests/CMakeFiles/test-dup.dir/test-dup.c.o
[ 51%] Linking CXX executable ../bin/test-conv-transpose-1d
[ 52%] Building CXX object tests/CMakeFiles/test-conv2d.dir/test-conv2d.cpp.o
[ 53%] Building C object tests/CMakeFiles/test-customop.dir/test-customop.c.o
[ 54%] Linking CXX executable ../bin/test-conv2d
[ 55%] Building CXX object tests/CMakeFiles/test-conv1d.dir/test-conv1d.cpp.o
[ 56%] Building CXX object tests/CMakeFiles/test-backend-ops.dir/test-backend-ops.cpp.o
[ 56%] Built target test-vec1
[ 57%] Linking CXX executable ../bin/test-backend-ops
[ 58%] Linking C executable ../bin/test-customop
[ 59%] Building CXX object tests/CMakeFiles/test-mul-mat.dir/test-mul-mat.cpp.o
[ 60%] Linking C executable ../bin/test-dup
[ 60%] Built target test-rel-pos
[ 60%] Built target test0
[ 62%] Linking CXX executable ../bin/test-conv1d
[ 62%] Building CXX object examples/mnist/CMakeFiles/mnist-common.dir/mnist-common.cpp.o
[ 62%] Built target test-quantize-fns
[ 62%] Built target test-mul-mat0
[ 63%] Building C object tests/CMakeFiles/test-cont.dir/test-cont.c.o
[ 63%] Built target test-timestep_embedding
[ 64%] Building CXX object examples/CMakeFiles/common-ggml.dir/common-ggml.cpp.o
[ 66%] Building CXX object examples/yolo/CMakeFiles/yolov3-tiny.dir/yolov3-tiny.cpp.o
[ 65%] Building CXX object examples/sam/CMakeFiles/sam.dir/main.cpp.o
[ 66%] Built target test-pool
[ 66%] Built target test-opt
[ 67%] Building CXX object examples/yolo/CMakeFiles/yolov3-tiny.dir/yolo-image.cpp.o
[ 68%] Linking CXX executable ../bin/test-mul-mat
[ 69%] Building CXX object examples/simple/CMakeFiles/simple-ctx.dir/simple-ctx.cpp.o
[ 69%] Built target test-quantize-perf
[ 70%] Linking C executable ../bin/test-cont
[ 70%] Built target test-conv-transpose
[ 70%] Built target test-arange
[ 70%] Built target test-pad-reflect-1d
[ 71%] Linking CXX static library libmnist-common.a
[ 72%] Linking CXX static library libcommon-ggml.a
[ 73%] Linking CXX executable ../../bin/simple-ctx
[ 73%] Built target test-mul-mat2
[ 73%] Built target test-conv-transpose-1d
[ 74%] Linking CXX executable ../../bin/yolov3-tiny
[ 74%] Built target test-conv2d
[ 75%] Linking CXX executable ../../bin/sam
[ 76%] Building CXX object examples/simple/CMakeFiles/simple-backend.dir/simple-backend.cpp.o
[ 76%] Built target test-dup
[ 77%] Linking CXX executable ../../bin/simple-backend
[ 77%] Built target test-customop
[ 77%] Built target test-conv1d
[ 77%] Built target mnist-common
[ 77%] Built target test-cont
[ 77%] Built target simple-ctx
[ 77%] Built target test-backend-ops
[ 77%] Built target common-ggml
[ 77%] Built target test-mul-mat
[ 78%] Building CXX object examples/mnist/CMakeFiles/mnist-eval.dir/mnist-eval.cpp.o
[ 79%] Building CXX object examples/mnist/CMakeFiles/mnist-train.dir/mnist-train.cpp.o
[ 80%] Linking CXX executable ../../bin/mnist-train
[ 81%] Linking CXX executable ../../bin/mnist-eval
[ 82%] Building CXX object examples/gpt-2/CMakeFiles/gpt-2-backend.dir/main-backend.cpp.o
[ 83%] Building CXX object examples/gpt-2/CMakeFiles/gpt-2-ctx.dir/main-ctx.cpp.o
[ 84%] Building CXX object examples/gpt-2/CMakeFiles/gpt-2-alloc.dir/main-alloc.cpp.o
[ 85%] Building CXX object examples/gpt-2/CMakeFiles/gpt-2-sched.dir/main-sched.cpp.o
[ 86%] Building CXX object examples/gpt-2/CMakeFiles/gpt-2-quantize.dir/quantize.cpp.o
[ 87%] Building CXX object examples/gpt-2/CMakeFiles/gpt-2-batched.dir/main-batched.cpp.o
[ 87%] Built target yolov3-tiny
[ 88%] Linking CXX executable ../../bin/gpt-2-ctx
[ 89%] Linking CXX executable ../../bin/gpt-2-backend
[ 89%] Built target sam
[ 90%] Linking CXX executable ../../bin/gpt-2-alloc
[ 92%] Linking CXX executable ../../bin/gpt-2-quantize
[ 92%] Building CXX object examples/gpt-j/CMakeFiles/gpt-j.dir/main.cpp.o
[ 93%] Building CXX object examples/gpt-j/CMakeFiles/gpt-j-quantize.dir/quantize.cpp.o
[ 94%] Linking CXX executable ../../bin/gpt-2-sched
[ 94%] Built target simple-backend
[ 95%] Linking CXX executable ../../bin/gpt-j
[ 96%] Building CXX object examples/magika/CMakeFiles/magika.dir/main.cpp.o
[ 97%] Linking CXX executable ../../bin/gpt-2-batched
[ 98%] Linking CXX executable ../../bin/gpt-j-quantize
[100%] Linking CXX executable ../../bin/magika
[100%] Built target mnist-train
[100%] Built target mnist-eval
[100%] Built target magika
[100%] Built target gpt-2-quantize
[100%] Built target gpt-2-ctx
[100%] Built target gpt-2-backend
[100%] Built target gpt-j-quantize
[100%] Built target gpt-2-sched
[100%] Built target gpt-2-alloc
[100%] Built target gpt-2-batched
[100%] Built target gpt-j

real	0m1.023s
user	0m4.071s
sys	0m1.655s
+ ctest --output-on-failure -E test-opt
Test project /home/ggml/work/ggml/build-ci-debug
      Start  1: test-quantize-fns
 1/19 Test  #1: test-quantize-fns ................   Passed   22.05 sec
      Start  2: test-quantize-perf
 2/19 Test  #2: test-quantize-perf ...............   Passed    0.17 sec
      Start  3: test-mul-mat0
 3/19 Test  #3: test-mul-mat0 ....................   Passed    0.54 sec
      Start  4: test-mul-mat2
 4/19 Test  #4: test-mul-mat2 ....................   Passed    5.43 sec
      Start  5: test0
 5/19 Test  #5: test0 ............................   Passed    0.00 sec
      Start  6: test-pool
 6/19 Test  #6: test-pool ........................   Passed    0.01 sec
      Start  7: test-arange
 7/19 Test  #7: test-arange ......................   Passed    0.00 sec
      Start  8: test-timestep_embedding
 8/19 Test  #8: test-timestep_embedding ..........   Passed    0.00 sec
      Start  9: test-pad-reflect-1d
 9/19 Test  #9: test-pad-reflect-1d ..............   Passed    0.00 sec
      Start 10: test-conv-transpose
10/19 Test #10: test-conv-transpose ..............   Passed    0.00 sec
      Start 11: test-conv-transpose-1d
11/19 Test #11: test-conv-transpose-1d ...........   Passed    0.02 sec
      Start 12: test-dup
12/19 Test #12: test-dup .........................   Passed    0.00 sec
      Start 13: test-rel-pos
13/19 Test #13: test-rel-pos .....................   Passed    0.00 sec
      Start 14: test-customop
14/19 Test #14: test-customop ....................   Passed    0.00 sec
      Start 15: test-conv1d
15/19 Test #15: test-conv1d ......................   Passed    0.00 sec
      Start 16: test-conv2d
16/19 Test #16: test-conv2d ......................   Passed    0.00 sec
      Start 17: test-mul-mat
17/19 Test #17: test-mul-mat .....................   Passed    0.00 sec
      Start 18: test-backend-ops
18/19 Test #18: test-backend-ops .................   Passed    0.00 sec
      Start 19: test-cont
19/19 Test #19: test-cont ........................   Passed    0.00 sec

100% tests passed, 0 tests failed out of 19

Total Test time (real) =  28.27 sec

real	0m28.278s
user	0m27.821s
sys	0m0.242s
