+ cmake -DCMAKE_BUILD_TYPE=Release -DLLAMA_FATAL_WARNINGS=ON ..
-- The C compiler identification is GNU 11.4.0
-- The CXX compiler identification is GNU 11.4.0
-- Detecting C compiler ABI info
-- Detecting C compiler ABI info - done
-- Check for working C compiler: /usr/bin/cc - skipped
-- Detecting C compile features
-- Detecting C compile features - done
-- Detecting CXX compiler ABI info
-- Detecting CXX compiler ABI info - done
-- Check for working CXX compiler: /usr/bin/c++ - skipped
-- Detecting CXX compile features
-- Detecting CXX compile features - done
-- Found Git: /usr/bin/git (found version "2.34.1") 
-- Looking for pthread.h
-- Looking for pthread.h - found
-- Performing Test CMAKE_HAVE_LIBC_PTHREAD
-- Performing Test CMAKE_HAVE_LIBC_PTHREAD - Success
-- Found Threads: TRUE  
-- ccache found, compilation results will be cached. Disable with GGML_CCACHE=OFF.
-- CMAKE_SYSTEM_PROCESSOR: x86_64
-- Found OpenMP_C: -fopenmp (found version "4.5") 
-- Found OpenMP_CXX: -fopenmp (found version "4.5") 
-- Found OpenMP: TRUE (found version "4.5")  
-- OpenMP found
-- Using llamafile
-- x86 detected
-- Using runtime weight conversion of Q4_0 to Q4_0_x_x to enable optimized GEMM/GEMV kernels
-- Including CPU backend
-- Using AMX
-- Including AMX backend
-- Configuring done
-- Generating done
-- Build files have been written to: /home/ggml/work/llama.cpp/build-ci-release

real	0m0.668s
user	0m0.488s
sys	0m0.182s
++ nproc
+ make -j8
[  1%] Building C object ggml/src/CMakeFiles/ggml-base.dir/ggml.c.o
[  2%] Building C object ggml/src/CMakeFiles/ggml-base.dir/ggml-alloc.c.o
[  2%] Building CXX object ggml/src/CMakeFiles/ggml-base.dir/ggml-backend.cpp.o
[  3%] Building CXX object ggml/src/CMakeFiles/ggml-base.dir/ggml-opt.cpp.o
[  5%] Building C object examples/gguf-hash/CMakeFiles/sha256.dir/deps/sha256/sha256.c.o
[  5%] Building CXX object common/CMakeFiles/build_info.dir/build-info.cpp.o
[  6%] Building C object examples/gguf-hash/CMakeFiles/sha1.dir/deps/sha1/sha1.c.o
[  7%] Building C object examples/gguf-hash/CMakeFiles/xxhash.dir/deps/xxhash/xxhash.c.o
[  7%] Building CXX object ggml/src/CMakeFiles/ggml-base.dir/ggml-threading.cpp.o
[  7%] Built target sha256
[  7%] Built target xxhash
[  7%] Built target sha1
[  8%] Building C object ggml/src/CMakeFiles/ggml-base.dir/ggml-quants.c.o
[  8%] Building C object ggml/src/CMakeFiles/ggml-base.dir/ggml-aarch64.c.o
[  9%] Linking CXX shared library libggml-base.so
[  9%] Built target build_info
[  9%] Built target ggml-base
[ 10%] Building CXX object ggml/src/ggml-cpu/CMakeFiles/ggml-cpu.dir/ggml-cpu.cpp.o
[ 10%] Building CXX object ggml/src/ggml-amx/CMakeFiles/ggml-amx.dir/ggml-amx.cpp.o
[ 11%] Building CXX object ggml/src/ggml-amx/CMakeFiles/ggml-amx.dir/mmq.cpp.o
[ 11%] Building C object ggml/src/ggml-cpu/CMakeFiles/ggml-cpu.dir/ggml-cpu.c.o
[ 11%] Building C object ggml/src/ggml-cpu/CMakeFiles/ggml-cpu.dir/ggml-cpu-quants.c.o
[ 13%] Building C object ggml/src/ggml-cpu/CMakeFiles/ggml-cpu.dir/ggml-cpu-aarch64.c.o
[ 13%] Building CXX object ggml/src/ggml-cpu/CMakeFiles/ggml-cpu.dir/llamafile/sgemm.cpp.o
[ 13%] Linking CXX shared library libggml-amx.so
[ 13%] Linking CXX shared library libggml-cpu.so
[ 13%] Built target ggml-amx
[ 13%] Built target ggml-cpu
[ 13%] Building CXX object ggml/src/CMakeFiles/ggml.dir/ggml-backend-reg.cpp.o
[ 14%] Linking CXX shared library libggml.so
[ 14%] Built target ggml
[ 15%] Building CXX object examples/gguf/CMakeFiles/llama-gguf.dir/gguf.cpp.o
[ 16%] Building CXX object src/CMakeFiles/llama.dir/llama-vocab.cpp.o
[ 16%] Building CXX object src/CMakeFiles/llama.dir/llama.cpp.o
[ 17%] Building CXX object examples/gguf-hash/CMakeFiles/llama-gguf-hash.dir/gguf-hash.cpp.o
[ 18%] Building CXX object src/CMakeFiles/llama.dir/llama-grammar.cpp.o
[ 18%] Building CXX object src/CMakeFiles/llama.dir/llama-sampling.cpp.o
[ 20%] Building CXX object src/CMakeFiles/llama.dir/unicode.cpp.o
[ 20%] Building CXX object src/CMakeFiles/llama.dir/unicode-data.cpp.o
[ 20%] Linking CXX executable ../../bin/llama-gguf
[ 20%] Linking CXX executable ../../bin/llama-gguf-hash
[ 20%] Linking CXX shared library libllama.so
[ 20%] Built target llama-gguf
[ 20%] Built target llama-gguf-hash
[ 20%] Built target llama
[ 21%] Building C object tests/CMakeFiles/test-c.dir/test-c.c.o
[ 21%] Building CXX object examples/simple/CMakeFiles/llama-simple.dir/simple.cpp.o
[ 21%] Building CXX object common/CMakeFiles/common.dir/arg.cpp.o
[ 22%] Building CXX object common/CMakeFiles/common.dir/common.cpp.o
[ 23%] Building CXX object examples/llava/CMakeFiles/llava.dir/llava.cpp.o
[ 24%] Building CXX object common/CMakeFiles/common.dir/console.cpp.o
[ 24%] Building CXX object examples/simple-chat/CMakeFiles/llama-simple-chat.dir/simple-chat.cpp.o
[ 24%] Building CXX object examples/quantize-stats/CMakeFiles/llama-quantize-stats.dir/quantize-stats.cpp.o
[ 24%] Linking C executable ../bin/test-c
[ 25%] Linking CXX executable ../../bin/llama-simple
[ 25%] Building CXX object examples/llava/CMakeFiles/llava.dir/clip.cpp.o
[ 26%] Linking CXX executable ../../bin/llama-simple-chat
[ 27%] Building CXX object common/CMakeFiles/common.dir/json-schema-to-grammar.cpp.o
[ 27%] Linking CXX executable ../../bin/llama-quantize-stats
[ 27%] Building CXX object common/CMakeFiles/common.dir/log.cpp.o
[ 28%] Building CXX object common/CMakeFiles/common.dir/ngram-cache.cpp.o
[ 28%] Built target llava
[ 29%] Building CXX object common/CMakeFiles/common.dir/sampling.cpp.o
[ 29%] Building CXX object common/CMakeFiles/common.dir/speculative.cpp.o
[ 29%] Built target test-c
[ 29%] Linking CXX static library libllava_static.a
[ 30%] Linking CXX shared library libllava_shared.so
[ 30%] Built target llava_static
[ 30%] Built target llama-simple
[ 30%] Built target llama-simple-chat
[ 30%] Built target llama-quantize-stats
[ 30%] Built target llava_shared
[ 31%] Linking CXX static library libcommon.a
[ 31%] Built target common
[ 31%] Building CXX object tests/CMakeFiles/test-tokenizer-0.dir/test-tokenizer-0.cpp.o
[ 31%] Building CXX object tests/CMakeFiles/test-tokenizer-1-spm.dir/test-tokenizer-1-spm.cpp.o
[ 31%] Building CXX object tests/CMakeFiles/test-log.dir/test-log.cpp.o
[ 31%] Building CXX object tests/CMakeFiles/test-tokenizer-1-bpe.dir/test-tokenizer-1-bpe.cpp.o
[ 31%] Building CXX object tests/CMakeFiles/test-arg-parser.dir/test-arg-parser.cpp.o
[ 32%] Building CXX object tests/CMakeFiles/test-quantize-fns.dir/test-quantize-fns.cpp.o
[ 32%] Building CXX object tests/CMakeFiles/test-quantize-perf.dir/test-quantize-perf.cpp.o
[ 33%] Building CXX object tests/CMakeFiles/test-sampling.dir/test-sampling.cpp.o
[ 34%] Building CXX object tests/CMakeFiles/test-log.dir/get-model.cpp.o
[ 35%] Linking CXX executable ../bin/test-tokenizer-0
[ 37%] Linking CXX executable ../bin/test-tokenizer-1-spm
[ 37%] Building CXX object tests/CMakeFiles/test-arg-parser.dir/get-model.cpp.o
[ 38%] Linking CXX executable ../bin/test-tokenizer-1-bpe
[ 38%] Building CXX object tests/CMakeFiles/test-quantize-fns.dir/get-model.cpp.o
[ 38%] Building CXX object tests/CMakeFiles/test-sampling.dir/get-model.cpp.o
[ 39%] Building CXX object tests/CMakeFiles/test-quantize-perf.dir/get-model.cpp.o
[ 39%] Linking CXX executable ../bin/test-log
[ 39%] Linking CXX executable ../bin/test-arg-parser
[ 40%] Linking CXX executable ../bin/test-quantize-fns
[ 41%] Linking CXX executable ../bin/test-sampling
[ 41%] Linking CXX executable ../bin/test-quantize-perf
[ 41%] Built target test-tokenizer-1-spm
[ 41%] Built target test-tokenizer-0
[ 41%] Built target test-tokenizer-1-bpe
[ 41%] Built target test-log
[ 41%] Built target test-quantize-perf
[ 41%] Built target test-quantize-fns
[ 41%] Built target test-sampling
[ 42%] Building CXX object tests/CMakeFiles/test-chat-template.dir/test-chat-template.cpp.o
[ 43%] Building CXX object tests/CMakeFiles/test-grammar-parser.dir/test-grammar-parser.cpp.o
[ 43%] Building CXX object tests/CMakeFiles/test-grammar-integration.dir/test-grammar-integration.cpp.o
[ 44%] Building CXX object tests/CMakeFiles/test-grammar-parser.dir/get-model.cpp.o
[ 45%] Building CXX object tests/CMakeFiles/test-llama-grammar.dir/test-llama-grammar.cpp.o
[ 45%] Building CXX object tests/CMakeFiles/test-barrier.dir/test-barrier.cpp.o
[ 45%] Building CXX object tests/CMakeFiles/test-backend-ops.dir/test-backend-ops.cpp.o
[ 45%] Building CXX object tests/CMakeFiles/test-chat-template.dir/get-model.cpp.o
[ 45%] Building CXX object tests/CMakeFiles/test-llama-grammar.dir/get-model.cpp.o
[ 45%] Linking CXX executable ../bin/test-grammar-parser
[ 45%] Building CXX object tests/CMakeFiles/test-grammar-integration.dir/get-model.cpp.o
[ 45%] Built target test-arg-parser
[ 46%] Building CXX object tests/CMakeFiles/test-barrier.dir/get-model.cpp.o
[ 48%] Building CXX object tests/CMakeFiles/test-backend-ops.dir/get-model.cpp.o
[ 48%] Linking CXX executable ../bin/test-chat-template
[ 49%] Linking CXX executable ../bin/test-llama-grammar
[ 50%] Linking CXX executable ../bin/test-grammar-integration
[ 51%] Building CXX object tests/CMakeFiles/test-rope.dir/test-rope.cpp.o
[ 51%] Linking CXX executable ../bin/test-barrier
[ 52%] Linking CXX executable ../bin/test-backend-ops
[ 53%] Building CXX object tests/CMakeFiles/test-model-load-cancel.dir/test-model-load-cancel.cpp.o
[ 53%] Building CXX object tests/CMakeFiles/test-rope.dir/get-model.cpp.o
[ 53%] Building CXX object tests/CMakeFiles/test-model-load-cancel.dir/get-model.cpp.o
[ 54%] Linking CXX executable ../bin/test-rope
[ 55%] Linking CXX executable ../bin/test-model-load-cancel
[ 55%] Built target test-grammar-parser
[ 55%] Built target test-llama-grammar
[ 55%] Built target test-chat-template
[ 55%] Built target test-barrier
[ 56%] Building CXX object tests/CMakeFiles/test-autorelease.dir/test-autorelease.cpp.o
[ 56%] Building CXX object tests/CMakeFiles/test-autorelease.dir/get-model.cpp.o
[ 57%] Building CXX object tests/CMakeFiles/test-json-schema-to-grammar.dir/test-json-schema-to-grammar.cpp.o
[ 57%] Built target test-grammar-integration
[ 57%] Building CXX object examples/cvector-generator/CMakeFiles/llama-cvector-generator.dir/cvector-generator.cpp.o
[ 57%] Built target test-backend-ops
[ 57%] Built target test-rope
[ 58%] Building CXX object examples/batched-bench/CMakeFiles/llama-batched-bench.dir/batched-bench.cpp.o
[ 59%] Linking CXX executable ../bin/test-autorelease
[ 59%] Built target test-model-load-cancel
[ 60%] Linking CXX executable ../../bin/llama-cvector-generator
[ 60%] Building CXX object tests/CMakeFiles/test-json-schema-to-grammar.dir/get-model.cpp.o
[ 60%] Linking CXX executable ../../bin/llama-batched-bench
[ 61%] Building CXX object examples/batched/CMakeFiles/llama-batched.dir/batched.cpp.o
[ 61%] Building CXX object examples/convert-llama2c-to-ggml/CMakeFiles/llama-convert-llama2c-to-ggml.dir/convert-llama2c-to-ggml.cpp.o
[ 61%] Building CXX object examples/embedding/CMakeFiles/llama-embedding.dir/embedding.cpp.o
[ 61%] Building CXX object examples/eval-callback/CMakeFiles/llama-eval-callback.dir/eval-callback.cpp.o
[ 62%] Linking CXX executable ../bin/test-json-schema-to-grammar
[ 62%] Linking CXX executable ../../bin/llama-batched
[ 63%] Linking CXX executable ../../bin/llama-convert-llama2c-to-ggml
[ 64%] Linking CXX executable ../../bin/llama-embedding
[ 65%] Linking CXX executable ../../bin/llama-eval-callback
[ 65%] Built target test-autorelease
[ 66%] Building CXX object examples/export-lora/CMakeFiles/llama-export-lora.dir/export-lora.cpp.o
[ 66%] Built target llama-convert-llama2c-to-ggml
[ 66%] Linking CXX executable ../../bin/llama-export-lora
[ 66%] Built target llama-cvector-generator
[ 66%] Built target llama-batched-bench
[ 66%] Built target test-json-schema-to-grammar
[ 66%] Built target llama-batched
[ 67%] Building CXX object examples/gguf-split/CMakeFiles/llama-gguf-split.dir/gguf-split.cpp.o
[ 68%] Building CXX object examples/gbnf-validator/CMakeFiles/llama-gbnf-validator.dir/gbnf-validator.cpp.o
[ 68%] Building CXX object examples/gritlm/CMakeFiles/llama-gritlm.dir/gritlm.cpp.o
[ 68%] Built target llama-embedding
[ 68%] Built target llama-eval-callback
[ 68%] Building CXX object examples/imatrix/CMakeFiles/llama-imatrix.dir/imatrix.cpp.o
[ 69%] Linking CXX executable ../../bin/llama-gguf-split
[ 69%] Building CXX object examples/infill/CMakeFiles/llama-infill.dir/infill.cpp.o
[ 69%] Linking CXX executable ../../bin/llama-gbnf-validator
[ 70%] Linking CXX executable ../../bin/llama-gritlm
[ 71%] Building CXX object examples/llama-bench/CMakeFiles/llama-bench.dir/llama-bench.cpp.o
[ 72%] Linking CXX executable ../../bin/llama-imatrix
[ 72%] Building CXX object examples/llava/CMakeFiles/llama-llava-cli.dir/llava-cli.cpp.o
[ 73%] Linking CXX executable ../../bin/llama-infill
[ 73%] Linking CXX executable ../../bin/llama-bench
[ 74%] Linking CXX executable ../../bin/llama-llava-cli
[ 74%] Built target llama-export-lora
[ 74%] Built target llama-gguf-split
[ 74%] Built target llama-gbnf-validator
[ 74%] Building CXX object examples/llava/CMakeFiles/llama-minicpmv-cli.dir/minicpmv-cli.cpp.o
[ 75%] Building CXX object examples/lookahead/CMakeFiles/llama-lookahead.dir/lookahead.cpp.o
[ 76%] Building CXX object examples/lookup/CMakeFiles/llama-lookup.dir/lookup.cpp.o
[ 77%] Linking CXX executable ../../bin/llama-minicpmv-cli
[ 77%] Linking CXX executable ../../bin/llama-lookahead
[ 77%] Built target llama-bench
[ 77%] Built target llama-gritlm
[ 77%] Built target llama-imatrix
[ 77%] Linking CXX executable ../../bin/llama-lookup
[ 77%] Built target llama-infill
[ 79%] Building CXX object examples/lookup/CMakeFiles/llama-lookup-create.dir/lookup-create.cpp.o
[ 79%] Building CXX object examples/lookup/CMakeFiles/llama-lookup-merge.dir/lookup-merge.cpp.o
[ 80%] Building CXX object examples/lookup/CMakeFiles/llama-lookup-stats.dir/lookup-stats.cpp.o
[ 80%] Built target llama-llava-cli
[ 81%] Building CXX object examples/main/CMakeFiles/llama-cli.dir/main.cpp.o
[ 81%] Linking CXX executable ../../bin/llama-lookup-merge
[ 82%] Linking CXX executable ../../bin/llama-lookup-stats
[ 82%] Linking CXX executable ../../bin/llama-lookup-create
[ 82%] Building CXX object examples/parallel/CMakeFiles/llama-parallel.dir/parallel.cpp.o
[ 83%] Linking CXX executable ../../bin/llama-cli
[ 84%] Linking CXX executable ../../bin/llama-parallel
[ 84%] Built target llama-minicpmv-cli
[ 84%] Built target llama-lookahead
[ 84%] Built target llama-lookup-merge
[ 84%] Built target llama-lookup
[ 84%] Building CXX object examples/passkey/CMakeFiles/llama-passkey.dir/passkey.cpp.o
[ 84%] Building CXX object examples/perplexity/CMakeFiles/llama-perplexity.dir/perplexity.cpp.o
[ 85%] Building CXX object examples/quantize/CMakeFiles/llama-quantize.dir/quantize.cpp.o
[ 86%] Building CXX object examples/retrieval/CMakeFiles/llama-retrieval.dir/retrieval.cpp.o
[ 87%] Linking CXX executable ../../bin/llama-passkey
[ 87%] Linking CXX executable ../../bin/llama-quantize
[ 87%] Built target llama-lookup-create
[ 88%] Linking CXX executable ../../bin/llama-perplexity
[ 88%] Built target llama-lookup-stats
[ 88%] Linking CXX executable ../../bin/llama-retrieval
[ 88%] Generating loading.html.hpp
[ 88%] Built target llama-cli
[ 88%] Built target llama-parallel
[ 89%] Generating completion.js.hpp
[ 90%] Building CXX object examples/save-load-state/CMakeFiles/llama-save-load-state.dir/save-load-state.cpp.o
[ 91%] Generating deps_daisyui.min.css.hpp
[ 91%] Building CXX object examples/speculative/CMakeFiles/llama-speculative.dir/speculative.cpp.o
[ 92%] Linking CXX executable ../../bin/llama-save-load-state
[ 92%] Generating deps_markdown-it.js.hpp
[ 93%] Linking CXX executable ../../bin/llama-speculative
[ 93%] Built target llama-quantize
[ 93%] Building CXX object examples/speculative-simple/CMakeFiles/llama-speculative-simple.dir/speculative-simple.cpp.o
[ 93%] Built target llama-passkey
[ 93%] Built target llama-perplexity
[ 93%] Built target llama-retrieval
[ 94%] Building CXX object examples/tokenize/CMakeFiles/llama-tokenize.dir/tokenize.cpp.o
[ 95%] Building CXX object pocs/vdot/CMakeFiles/llama-q8dot.dir/q8dot.cpp.o
[ 95%] Linking CXX executable ../../bin/llama-tokenize
[ 96%] Building CXX object pocs/vdot/CMakeFiles/llama-vdot.dir/vdot.cpp.o
[ 96%] Linking CXX executable ../../bin/llama-q8dot
[ 96%] Built target llama-save-load-state
[ 96%] Linking CXX executable ../../bin/llama-vdot
[ 96%] Built target llama-speculative
[ 97%] Generating deps_tailwindcss.js.hpp
[ 97%] Generating deps_vue.esm-browser.js.hpp
[ 97%] Built target llama-tokenize
[ 97%] Built target llama-q8dot
[ 97%] Generating index.html.hpp
[ 97%] Built target llama-vdot
[ 98%] Building CXX object examples/server/CMakeFiles/llama-server.dir/server.cpp.o
[ 99%] Linking CXX executable ../../bin/llama-server
[ 99%] Built target llama-server
[100%] Linking CXX executable ../../bin/llama-speculative-simple
[100%] Built target llama-speculative-simple

real	0m2.434s
user	0m7.992s
sys	0m2.813s
+ ctest --output-on-failure -L main
Test project /home/ggml/work/llama.cpp/build-ci-release
      Start  1: test-tokenizer-0-bert-bge
 1/27 Test  #1: test-tokenizer-0-bert-bge .........   Passed    0.03 sec
      Start  2: test-tokenizer-0-command-r
 2/27 Test  #2: test-tokenizer-0-command-r ........   Passed    0.55 sec
      Start  3: test-tokenizer-0-deepseek-coder
 3/27 Test  #3: test-tokenizer-0-deepseek-coder ...   Passed    0.07 sec
      Start  4: test-tokenizer-0-deepseek-llm
 4/27 Test  #4: test-tokenizer-0-deepseek-llm .....   Passed    0.19 sec
      Start  5: test-tokenizer-0-falcon
 5/27 Test  #5: test-tokenizer-0-falcon ...........   Passed    0.12 sec
      Start  6: test-tokenizer-0-gpt-2
 6/27 Test  #6: test-tokenizer-0-gpt-2 ............   Passed    0.08 sec
      Start  7: test-tokenizer-0-llama-bpe
 7/27 Test  #7: test-tokenizer-0-llama-bpe ........   Passed    0.37 sec
      Start  8: test-tokenizer-0-llama-spm
 8/27 Test  #8: test-tokenizer-0-llama-spm ........   Passed    0.04 sec
      Start  9: test-tokenizer-0-mpt
 9/27 Test  #9: test-tokenizer-0-mpt ..............   Passed    0.09 sec
      Start 10: test-tokenizer-0-phi-3
10/27 Test #10: test-tokenizer-0-phi-3 ............   Passed    0.03 sec
      Start 11: test-tokenizer-0-qwen2
11/27 Test #11: test-tokenizer-0-qwen2 ............   Passed    0.29 sec
      Start 12: test-tokenizer-0-refact
12/27 Test #12: test-tokenizer-0-refact ...........   Passed    0.09 sec
      Start 13: test-tokenizer-0-starcoder
13/27 Test #13: test-tokenizer-0-starcoder ........   Passed    0.08 sec
      Start 14: test-tokenizer-1-llama-spm
14/27 Test #14: test-tokenizer-1-llama-spm ........   Passed    0.18 sec
      Start 15: test-log
15/27 Test #15: test-log ..........................   Passed    0.02 sec
      Start 16: test-arg-parser
16/27 Test #16: test-arg-parser ...................   Passed    0.01 sec
      Start 17: test-quantize-fns
17/27 Test #17: test-quantize-fns .................   Passed   14.36 sec
      Start 18: test-quantize-perf
18/27 Test #18: test-quantize-perf ................   Passed    0.06 sec
      Start 19: test-sampling
19/27 Test #19: test-sampling .....................   Passed    1.16 sec
      Start 20: test-chat-template
20/27 Test #20: test-chat-template ................   Passed    0.01 sec
      Start 21: test-grammar-parser
21/27 Test #21: test-grammar-parser ...............   Passed    0.00 sec
      Start 22: test-grammar-integration
22/27 Test #22: test-grammar-integration ..........   Passed    0.01 sec
      Start 23: test-llama-grammar
23/27 Test #23: test-llama-grammar ................   Passed    0.00 sec
      Start 24: test-barrier
24/27 Test #24: test-barrier ......................   Passed    0.35 sec
      Start 25: test-backend-ops
25/27 Test #25: test-backend-ops ..................   Passed    0.02 sec
      Start 26: test-rope
26/27 Test #26: test-rope .........................   Passed    0.04 sec
      Start 29: test-json-schema-to-grammar
27/27 Test #29: test-json-schema-to-grammar .......   Passed    1.71 sec

100% tests passed, 0 tests failed out of 27

Label Time Summary:
main    =  19.95 sec*proc (27 tests)

Total Test time (real) =  19.96 sec

real	0m19.969s
user	0m21.226s
sys	0m0.748s
