+ cmake -DCMAKE_BUILD_TYPE=Debug -DLLAMA_FATAL_WARNINGS=ON -DLLAMA_CUBLAS=1 ..
-- The C compiler identification is GNU 11.4.0
-- The CXX compiler identification is GNU 11.4.0
-- Detecting C compiler ABI info
-- Detecting C compiler ABI info - done
-- Check for working C compiler: /usr/bin/cc - skipped
-- Detecting C compile features
-- Detecting C compile features - done
-- Detecting CXX compiler ABI info
-- Detecting CXX compiler ABI info - done
-- Check for working CXX compiler: /usr/bin/c++ - skipped
-- Detecting CXX compile features
-- Detecting CXX compile features - done
-- Found Git: /usr/bin/git (found version "2.34.1") 
-- Performing Test CMAKE_HAVE_LIBC_PTHREAD
-- Performing Test CMAKE_HAVE_LIBC_PTHREAD - Success
-- Found Threads: TRUE  
-- Found CUDAToolkit: /usr/local/cuda-12.2/include (found version "12.2.140") 
-- cuBLAS found
-- The CUDA compiler identification is NVIDIA 12.2.140
-- Detecting CUDA compiler ABI info
-- Detecting CUDA compiler ABI info - done
-- Check for working CUDA compiler: /usr/local/cuda-12.2/bin/nvcc - skipped
-- Detecting CUDA compile features
-- Detecting CUDA compile features - done
-- Using CUDA architectures: 52;61;70
-- CUDA host compiler is GNU 11.4.0

-- ccache found, compilation results will be cached. Disable with LLAMA_CCACHE=OFF.
-- CMAKE_SYSTEM_PROCESSOR: x86_64
-- x86 detected
-- Configuring done (3.1s)
-- Generating done (0.1s)
-- Build files have been written to: /home/ggml/work/llama.cpp/build-ci-debug

real	0m3.273s
user	0m2.514s
sys	0m0.740s
+ make -j
[  1%] Generating build details from Git
[  2%] Building C object CMakeFiles/ggml.dir/ggml.c.o
[  3%] Building C object CMakeFiles/ggml.dir/ggml-alloc.c.o
[  4%] Building C object CMakeFiles/ggml.dir/ggml-backend.c.o
[  5%] Building CUDA object CMakeFiles/ggml.dir/ggml-cuda.cu.o
-- Found Git: /usr/bin/git (found version "2.34.1") 
[  5%] Building C object CMakeFiles/ggml.dir/ggml-quants.c.o
[  6%] Building CXX object common/CMakeFiles/build_info.dir/build-info.cpp.o
[  6%] Built target ggml
[  6%] Built target build_info
[  7%] Linking CUDA static library libggml_static.a
[  7%] Building CXX object CMakeFiles/llama.dir/llama.cpp.o
[  8%] Building CXX object examples/gguf/CMakeFiles/gguf.dir/gguf.cpp.o
[  8%] Linking CXX executable ../../bin/gguf
[  8%] Built target ggml_static
[  8%] Built target gguf
[  9%] Linking CXX static library libllama.a
[  9%] Built target llama
[ 10%] Building C object tests/CMakeFiles/test-c.dir/test-c.c.o
[ 11%] Building CXX object examples/benchmark/CMakeFiles/benchmark.dir/benchmark-matmult.cpp.o
[ 12%] Building CXX object common/CMakeFiles/common.dir/common.cpp.o
[ 13%] Building CXX object common/CMakeFiles/common.dir/grammar-parser.cpp.o
[ 13%] Building CXX object examples/llava/CMakeFiles/llava.dir/clip.cpp.o
[ 13%] Building CXX object common/CMakeFiles/common.dir/console.cpp.o
[ 14%] Building CXX object examples/llava/CMakeFiles/llava.dir/llava.cpp.o
[ 14%] Building CXX object examples/quantize-stats/CMakeFiles/quantize-stats.dir/quantize-stats.cpp.o
[ 15%] Building CXX object common/CMakeFiles/common.dir/train.cpp.o
[ 16%] Building CXX object common/CMakeFiles/common.dir/sampling.cpp.o
[ 17%] Building CXX object examples/quantize/CMakeFiles/quantize.dir/quantize.cpp.o
[ 18%] Linking CXX executable ../bin/test-c
[ 18%] Linking CXX executable ../../bin/benchmark
[ 19%] Linking CXX executable ../../bin/quantize
[ 19%] Built target llava
[ 20%] Linking CXX static library libcommon.a
[ 21%] Linking CXX executable ../../bin/quantize-stats
[ 22%] Linking CXX static library libllava_static.a
[ 22%] Built target test-c
[ 22%] Built target llava_static
[ 22%] Built target common
[ 23%] Building CXX object tests/CMakeFiles/test-sampling.dir/test-sampling.cpp.o
[ 24%] Building CXX object tests/CMakeFiles/test-quantize-perf.dir/test-quantize-perf.cpp.o
[ 24%] Building CXX object tests/CMakeFiles/test-quantize-fns.dir/test-quantize-fns.cpp.o
[ 25%] Building CXX object tests/CMakeFiles/test-quantize-perf.dir/get-model.cpp.o
[ 25%] Building CXX object tests/CMakeFiles/test-sampling.dir/get-model.cpp.o
[ 26%] Building CXX object tests/CMakeFiles/test-chat-template.dir/test-chat-template.cpp.o
[ 27%] Building CXX object tests/CMakeFiles/test-tokenizer-0-falcon.dir/test-tokenizer-0-falcon.cpp.o
[ 28%] Building CXX object tests/CMakeFiles/test-quantize-fns.dir/get-model.cpp.o
[ 28%] Building CXX object tests/CMakeFiles/test-tokenizer-0-llama.dir/test-tokenizer-0-llama.cpp.o
[ 28%] Built target benchmark
[ 28%] Building CXX object tests/CMakeFiles/test-chat-template.dir/get-model.cpp.o
[ 29%] Building CXX object tests/CMakeFiles/test-tokenizer-0-llama.dir/get-model.cpp.o
[ 30%] Linking CXX executable ../bin/test-quantize-fns
[ 31%] Building CXX object tests/CMakeFiles/test-tokenizer-0-falcon.dir/get-model.cpp.o
[ 32%] Linking CXX executable ../bin/test-sampling
[ 32%] Linking CXX executable ../bin/test-quantize-perf
[ 33%] Building CXX object tests/CMakeFiles/test-tokenizer-1-bpe.dir/test-tokenizer-1-bpe.cpp.o
[ 34%] Linking CXX executable ../bin/test-chat-template
[ 35%] Building CXX object tests/CMakeFiles/test-tokenizer-1-bpe.dir/get-model.cpp.o
[ 36%] Building CXX object tests/CMakeFiles/test-llama-grammar.dir/test-llama-grammar.cpp.o
[ 37%] Building CXX object tests/CMakeFiles/test-llama-grammar.dir/get-model.cpp.o
[ 38%] Linking CXX executable ../bin/test-tokenizer-0-falcon
[ 39%] Building CXX object tests/CMakeFiles/test-tokenizer-1-llama.dir/test-tokenizer-1-llama.cpp.o
[ 40%] Linking CXX executable ../bin/test-tokenizer-0-llama
[ 41%] Building CXX object tests/CMakeFiles/test-backend-ops.dir/test-backend-ops.cpp.o
[ 42%] Building CXX object tests/CMakeFiles/test-tokenizer-1-llama.dir/get-model.cpp.o
[ 43%] Building CXX object tests/CMakeFiles/test-grad0.dir/test-grad0.cpp.o
[ 43%] Building CXX object tests/CMakeFiles/test-grammar-parser.dir/test-grammar-parser.cpp.o
[ 43%] Linking CXX executable ../bin/test-tokenizer-1-bpe
[ 43%] Building CXX object tests/CMakeFiles/test-backend-ops.dir/get-model.cpp.o
[ 44%] Building CXX object tests/CMakeFiles/test-grammar-parser.dir/get-model.cpp.o
[ 45%] Building CXX object tests/CMakeFiles/test-grad0.dir/get-model.cpp.o
[ 46%] Building CXX object tests/CMakeFiles/test-rope.dir/test-rope.cpp.o
[ 47%] Building CXX object tests/CMakeFiles/test-rope.dir/get-model.cpp.o
[ 48%] Building CXX object tests/CMakeFiles/test-model-load-cancel.dir/test-model-load-cancel.cpp.o
[ 49%] Building CXX object tests/CMakeFiles/test-model-load-cancel.dir/get-model.cpp.o
[ 50%] Building CXX object tests/CMakeFiles/test-autorelease.dir/test-autorelease.cpp.o
[ 51%] Building CXX object tests/CMakeFiles/test-autorelease.dir/get-model.cpp.o
[ 52%] Linking CXX executable ../bin/test-tokenizer-1-llama
[ 52%] Building CXX object examples/baby-llama/CMakeFiles/baby-llama.dir/baby-llama.cpp.o
[ 53%] Building CXX object examples/batched/CMakeFiles/batched.dir/batched.cpp.o
[ 53%] Building CXX object examples/batched-bench/CMakeFiles/batched-bench.dir/batched-bench.cpp.o
[ 54%] Building CXX object examples/beam-search/CMakeFiles/beam-search.dir/beam-search.cpp.o
[ 55%] Linking CXX executable ../bin/test-grad0
[ 56%] Linking CXX executable ../bin/test-grammar-parser
[ 57%] Linking CXX executable ../bin/test-backend-ops
[ 58%] Linking CXX executable ../bin/test-autorelease
[ 59%] Linking CXX executable ../bin/test-rope
[ 60%] Linking CXX executable ../bin/test-model-load-cancel
[ 61%] Linking CXX executable ../../bin/batched
[ 62%] Building CXX object examples/convert-llama2c-to-ggml/CMakeFiles/convert-llama2c-to-ggml.dir/convert-llama2c-to-ggml.cpp.o
[ 63%] Linking CXX executable ../../bin/baby-llama
[ 64%] Linking CXX executable ../../bin/batched-bench
[ 65%] Building CXX object examples/embedding/CMakeFiles/embedding.dir/embedding.cpp.o
[ 65%] Building CXX object examples/finetune/CMakeFiles/finetune.dir/finetune.cpp.o
[ 66%] Linking CXX executable ../../bin/beam-search
[ 67%] Building CXX object examples/infill/CMakeFiles/infill.dir/infill.cpp.o
[ 68%] Linking CXX executable ../../bin/convert-llama2c-to-ggml
[ 68%] Building CXX object examples/llama-bench/CMakeFiles/llama-bench.dir/llama-bench.cpp.o
[ 69%] Building CXX object examples/llava/CMakeFiles/llava-cli.dir/llava-cli.cpp.o
[ 70%] Linking CXX executable ../../bin/embedding
[ 71%] Linking CXX executable ../../bin/llava-cli
[ 72%] Building CXX object examples/tokenize/CMakeFiles/tokenize.dir/tokenize.cpp.o
[ 73%] Linking CXX executable ../../bin/finetune
[ 74%] Building CXX object examples/main/CMakeFiles/main.dir/main.cpp.o
[ 75%] Linking CXX executable ../../bin/infill
[ 75%] Building CXX object examples/parallel/CMakeFiles/parallel.dir/parallel.cpp.o
[ 76%] Linking CXX executable ../../bin/llama-bench
[ 77%] Building CXX object examples/save-load-state/CMakeFiles/save-load-state.dir/save-load-state.cpp.o
[ 78%] Building CXX object examples/perplexity/CMakeFiles/perplexity.dir/perplexity.cpp.o
[ 79%] Building CXX object examples/simple/CMakeFiles/simple.dir/simple.cpp.o
[ 79%] Linking CXX executable ../../bin/tokenize
[ 80%] Linking CXX executable ../../bin/main
[ 81%] Building CXX object examples/passkey/CMakeFiles/passkey.dir/passkey.cpp.o
[ 82%] Building CXX object examples/lookup/CMakeFiles/lookup.dir/lookup.cpp.o
[ 83%] Building CXX object examples/speculative/CMakeFiles/speculative.dir/speculative.cpp.o
[ 84%] Linking CXX executable ../../bin/parallel
[ 85%] Building CXX object examples/lookahead/CMakeFiles/lookahead.dir/lookahead.cpp.o
[ 86%] Linking CXX executable ../../bin/save-load-state
[ 87%] Building CXX object examples/train-text-from-scratch/CMakeFiles/train-text-from-scratch.dir/train-text-from-scratch.cpp.o
[ 88%] Linking CXX executable ../../bin/simple
[ 88%] Linking CXX executable ../../bin/perplexity
[ 89%] Linking CXX executable ../../bin/passkey
[ 90%] Linking CXX executable ../../bin/lookup
[ 91%] Building CXX object examples/imatrix/CMakeFiles/imatrix.dir/imatrix.cpp.o
[ 91%] Building CXX object examples/server/CMakeFiles/server.dir/server.cpp.o
[ 92%] Building CXX object examples/export-lora/CMakeFiles/export-lora.dir/export-lora.cpp.o
[ 93%] Building CXX object pocs/vdot/CMakeFiles/vdot.dir/vdot.cpp.o
[ 94%] Building CXX object pocs/vdot/CMakeFiles/q8dot.dir/q8dot.cpp.o
[ 94%] Linking CXX executable ../../bin/speculative
[ 94%] Linking CXX executable ../../bin/lookahead
[ 95%] Linking CXX executable ../../bin/train-text-from-scratch
[ 96%] Linking CXX executable ../../bin/vdot
[ 97%] Linking CXX executable ../../bin/export-lora
[ 98%] Linking CXX executable ../../bin/q8dot
[ 99%] Linking CXX executable ../../bin/imatrix
[ 99%] Built target quantize
[ 99%] Built target test-quantize-fns
[ 99%] Built target test-grammar-parser
[ 99%] Built target test-quantize-perf
[ 99%] Built target test-grad0
[ 99%] Built target test-rope
[ 99%] Built target test-backend-ops
[ 99%] Built target convert-llama2c-to-ggml
[ 99%] Built target vdot
[ 99%] Built target quantize-stats
[ 99%] Built target export-lora
[ 99%] Built target q8dot
[ 99%] Built target test-chat-template
[ 99%] Built target test-sampling
[ 99%] Built target test-autorelease
[ 99%] Built target infill
[ 99%] Built target test-model-load-cancel
[ 99%] Built target finetune
[ 99%] Built target test-tokenizer-0-falcon
[ 99%] Built target test-tokenizer-1-bpe
[ 99%] Built target save-load-state
[ 99%] Built target batched-bench
[ 99%] Built target test-tokenizer-1-llama
[ 99%] Built target lookup
[ 99%] Built target lookahead
[ 99%] Built target perplexity
[ 99%] Built target test-tokenizer-0-llama
[ 99%] Built target beam-search
[ 99%] Built target imatrix
[ 99%] Built target simple
[ 99%] Built target batched
[ 99%] Built target llama-bench
[ 99%] Built target embedding
[ 99%] Built target tokenize
[ 99%] Built target baby-llama
[ 99%] Built target main
[ 99%] Built target parallel
[ 99%] Built target train-text-from-scratch
[ 99%] Built target passkey
[ 99%] Built target speculative
[ 99%] Built target llava-cli
[ 99%] Linking CXX executable ../bin/test-llama-grammar
[ 99%] Built target test-llama-grammar
[100%] Linking CXX executable ../../bin/server
[100%] Built target server

real	0m37.222s
user	1m2.532s
sys	0m7.660s
+ ctest --output-on-failure -L main -E test-opt
Test project /home/ggml/work/llama.cpp/build-ci-debug
      Start  1: test-quantize-fns
 1/21 Test  #1: test-quantize-fns ...................   Passed   15.18 sec
      Start  2: test-quantize-perf
 2/21 Test  #2: test-quantize-perf ..................   Passed   11.94 sec
      Start  3: test-sampling
 3/21 Test  #3: test-sampling .......................   Passed    0.07 sec
      Start  4: test-chat-template
 4/21 Test  #4: test-chat-template ..................   Passed    0.04 sec
      Start  5: test-tokenizer-0-llama
 5/21 Test  #5: test-tokenizer-0-llama ..............   Passed    0.71 sec
      Start  6: test-tokenizer-0-falcon
 6/21 Test  #6: test-tokenizer-0-falcon .............   Passed    1.73 sec
      Start  7: test-tokenizer-1-llama
 7/21 Test  #7: test-tokenizer-1-llama ..............   Passed    4.24 sec
      Start  8: test-tokenizer-1-baichuan
 8/21 Test  #8: test-tokenizer-1-baichuan ...........   Passed    4.58 sec
      Start  9: test-tokenizer-1-falcon
 9/21 Test  #9: test-tokenizer-1-falcon .............   Passed    9.32 sec
      Start 10: test-tokenizer-1-aquila
10/21 Test #10: test-tokenizer-1-aquila .............   Passed   11.97 sec
      Start 11: test-tokenizer-1-mpt
11/21 Test #11: test-tokenizer-1-mpt ................   Passed    7.14 sec
      Start 12: test-tokenizer-1-stablelm-3b-4e1t
12/21 Test #12: test-tokenizer-1-stablelm-3b-4e1t ...   Passed    7.96 sec
      Start 13: test-tokenizer-1-gpt-neox
13/21 Test #13: test-tokenizer-1-gpt-neox ...........   Passed    6.99 sec
      Start 14: test-tokenizer-1-refact
14/21 Test #14: test-tokenizer-1-refact .............   Passed    6.65 sec
      Start 15: test-tokenizer-1-starcoder
15/21 Test #15: test-tokenizer-1-starcoder ..........   Passed    7.26 sec
      Start 16: test-tokenizer-1-gpt2
16/21 Test #16: test-tokenizer-1-gpt2 ...............   Passed    7.62 sec
      Start 17: test-grammar-parser
17/21 Test #17: test-grammar-parser .................   Passed    0.00 sec
      Start 18: test-llama-grammar
18/21 Test #18: test-llama-grammar ..................   Passed    0.04 sec
      Start 19: test-grad0
19/21 Test #19: test-grad0 ..........................   Passed    4.77 sec
      Start 20: test-backend-ops
20/21 Test #20: test-backend-ops ....................   Passed  190.57 sec
      Start 21: test-rope
21/21 Test #21: test-rope ...........................   Passed    0.65 sec

100% tests passed, 0 tests failed out of 21

Label Time Summary:
main    = 299.45 sec*proc (21 tests)

Total Test time (real) = 299.46 sec

real	4m59.505s
user	8m26.282s
sys	0m27.605s
