+ gg_run_ctest_debug
+ cd /home/ggml/work/llama.cpp
+ rm -rf build-ci-debug
+ tee /home/ggml/results/llama.cpp/80/ea089d771f0c2d97afa8bead80ded412f600d7/ggml-0-x86-cpu-low-perf/ctest_debug.log
+ mkdir build-ci-debug
+ cd build-ci-debug
+ set -e
+ tee -a /home/ggml/results/llama.cpp/80/ea089d771f0c2d97afa8bead80ded412f600d7/ggml-0-x86-cpu-low-perf/ctest_debug-cmake.log
+ cmake -DCMAKE_BUILD_TYPE=Debug -DLLAMA_FATAL_WARNINGS=ON ..
-- The C compiler identification is GNU 11.4.0
-- The CXX compiler identification is GNU 11.4.0
-- Detecting C compiler ABI info
-- Detecting C compiler ABI info - done
-- Check for working C compiler: /usr/bin/cc - skipped
-- Detecting C compile features
-- Detecting C compile features - done
-- Detecting CXX compiler ABI info
-- Detecting CXX compiler ABI info - done
-- Check for working CXX compiler: /usr/bin/c++ - skipped
-- Detecting CXX compile features
-- Detecting CXX compile features - done
-- Found Git: /usr/bin/git (found version "2.34.1") 
-- Performing Test CMAKE_HAVE_LIBC_PTHREAD
-- Performing Test CMAKE_HAVE_LIBC_PTHREAD - Success
-- Found Threads: TRUE  
-- Found OpenMP_C: -fopenmp (found version "4.5") 
-- Found OpenMP_CXX: -fopenmp (found version "4.5") 
-- Found OpenMP: TRUE (found version "4.5")  
-- OpenMP found
-- ccache found, compilation results will be cached. Disable with LLAMA_CCACHE=OFF.
-- CMAKE_SYSTEM_PROCESSOR: x86_64
-- x86 detected
-- Configuring done (0.5s)
-- Generating done (0.1s)
-- Build files have been written to: /home/ggml/work/llama.cpp/build-ci-debug

real	0m0.674s
user	0m0.544s
sys	0m0.133s
+ tee -a /home/ggml/results/llama.cpp/80/ea089d771f0c2d97afa8bead80ded412f600d7/ggml-0-x86-cpu-low-perf/ctest_debug-make.log
+ make -j
[  0%] Generating build details from Git
[  0%] Building C object CMakeFiles/ggml.dir/ggml.c.o
[  1%] Building C object CMakeFiles/ggml.dir/ggml-alloc.c.o
[  2%] Building C object CMakeFiles/ggml.dir/ggml-backend.c.o
-- Found Git: /usr/bin/git (found version "2.34.1") 
[  2%] Building C object CMakeFiles/ggml.dir/ggml-quants.c.o
[  3%] Building CXX object CMakeFiles/ggml.dir/sgemm.cpp.o
[  3%] Built target ggml
[  3%] Linking CXX static library libggml_static.a
[  4%] Building CXX object examples/gguf/CMakeFiles/llama-gguf.dir/gguf.cpp.o
[  4%] Building CXX object CMakeFiles/llama.dir/unicode-data.cpp.o
[  5%] Building CXX object CMakeFiles/llama.dir/llama.cpp.o
[  6%] Building CXX object CMakeFiles/llama.dir/unicode.cpp.o
[  7%] Building CXX object common/CMakeFiles/build_info.dir/build-info.cpp.o
[  7%] Linking CXX executable ../../bin/llama-gguf
[  7%] Built target ggml_static
[  7%] Built target build_info
[  7%] Built target llama-gguf
[  8%] Linking CXX static library libllama.a
[  8%] Built target llama
[  9%] Building CXX object examples/benchmark/CMakeFiles/llama-bench-matmult.dir/benchmark-matmult.cpp.o
[  8%] Building CXX object common/CMakeFiles/common.dir/common.cpp.o
[ 10%] Building CXX object examples/llava/CMakeFiles/llava.dir/llava.cpp.o
[ 11%] Building CXX object common/CMakeFiles/common.dir/console.cpp.o
[ 12%] Building CXX object common/CMakeFiles/common.dir/sampling.cpp.o
[ 13%] Building CXX object examples/llava/CMakeFiles/llava.dir/clip.cpp.o
[ 14%] Building C object tests/CMakeFiles/test-c.dir/test-c.c.o
[ 14%] Building CXX object common/CMakeFiles/common.dir/grammar-parser.cpp.o
[ 14%] Building CXX object common/CMakeFiles/common.dir/train.cpp.o
[ 15%] Building CXX object common/CMakeFiles/common.dir/json-schema-to-grammar.cpp.o
[ 16%] Building CXX object examples/quantize-stats/CMakeFiles/llama-quantize-stats.dir/quantize-stats.cpp.o
[ 17%] Building CXX object common/CMakeFiles/common.dir/ngram-cache.cpp.o
[ 17%] Linking CXX executable ../bin/test-c
[ 17%] Built target test-c
[ 17%] Linking CXX executable ../../bin/llama-bench-matmult
[ 17%] Built target llava
[ 17%] Linking CXX static library libllava_static.a
[ 17%] Built target llama-bench-matmult
[ 17%] Built target llava_static
[ 17%] Linking CXX executable ../../bin/llama-quantize-stats
[ 17%] Built target llama-quantize-stats
[ 18%] Linking CXX static library libcommon.a
[ 18%] Built target common
[ 18%] Building CXX object tests/CMakeFiles/test-tokenizer-0.dir/test-tokenizer-0.cpp.o
[ 19%] Building CXX object tests/CMakeFiles/test-tokenizer-1-bpe.dir/test-tokenizer-1-bpe.cpp.o
[ 20%] Building CXX object tests/CMakeFiles/test-tokenizer-1-spm.dir/test-tokenizer-1-spm.cpp.o
[ 21%] Building CXX object tests/CMakeFiles/test-sampling.dir/test-sampling.cpp.o
[ 21%] Building CXX object tests/CMakeFiles/test-sampling.dir/get-model.cpp.o
[ 22%] Building CXX object tests/CMakeFiles/test-quantize-fns.dir/get-model.cpp.o
[ 23%] Building CXX object tests/CMakeFiles/test-chat-template.dir/test-chat-template.cpp.o
[ 24%] Building CXX object tests/CMakeFiles/test-quantize-fns.dir/test-quantize-fns.cpp.o
[ 25%] Building CXX object tests/CMakeFiles/test-quantize-perf.dir/test-quantize-perf.cpp.o
[ 25%] Building CXX object tests/CMakeFiles/test-quantize-perf.dir/get-model.cpp.o
[ 26%] Building CXX object tests/CMakeFiles/test-chat-template.dir/get-model.cpp.o
[ 26%] Building CXX object tests/CMakeFiles/test-grammar-parser.dir/test-grammar-parser.cpp.o
[ 26%] Linking CXX executable ../bin/test-quantize-fns
[ 26%] Building CXX object tests/CMakeFiles/test-llama-grammar.dir/test-llama-grammar.cpp.o
[ 27%] Building CXX object tests/CMakeFiles/test-grammar-parser.dir/get-model.cpp.o
[ 28%] Building CXX object tests/CMakeFiles/test-llama-grammar.dir/get-model.cpp.o
[ 29%] Building CXX object tests/CMakeFiles/test-grammar-integration.dir/test-grammar-integration.cpp.o
[ 30%] Building CXX object tests/CMakeFiles/test-grad0.dir/test-grad0.cpp.o
[ 30%] Building CXX object tests/CMakeFiles/test-grammar-integration.dir/get-model.cpp.o
[ 30%] Building CXX object tests/CMakeFiles/test-grad0.dir/get-model.cpp.o
[ 30%] Building CXX object tests/CMakeFiles/test-backend-ops.dir/get-model.cpp.o
[ 31%] Building CXX object tests/CMakeFiles/test-backend-ops.dir/test-backend-ops.cpp.o
[ 32%] Building CXX object tests/CMakeFiles/test-rope.dir/test-rope.cpp.o
[ 33%] Linking CXX executable ../bin/test-quantize-perf
[ 33%] Building CXX object tests/CMakeFiles/test-rope.dir/get-model.cpp.o
[ 34%] Linking CXX executable ../bin/test-grad0
[ 35%] Building CXX object tests/CMakeFiles/test-autorelease.dir/test-autorelease.cpp.o
[ 35%] Building CXX object tests/CMakeFiles/test-json-schema-to-grammar.dir/test-json-schema-to-grammar.cpp.o
[ 36%] Building CXX object tests/CMakeFiles/test-model-load-cancel.dir/test-model-load-cancel.cpp.o
[ 37%] Linking CXX executable ../bin/test-backend-ops
[ 38%] Building CXX object tests/CMakeFiles/test-autorelease.dir/get-model.cpp.o
[ 39%] Building CXX object tests/CMakeFiles/test-model-load-cancel.dir/get-model.cpp.o
[ 40%] Linking CXX executable ../bin/test-rope
[ 41%] Building CXX object tests/CMakeFiles/test-json-schema-to-grammar.dir/get-model.cpp.o
[ 42%] Building CXX object examples/baby-llama/CMakeFiles/llama-baby-llama.dir/baby-llama.cpp.o
[ 42%] Building CXX object examples/cvector-generator/CMakeFiles/llama-cvector-generator.dir/cvector-generator.cpp.o
[ 43%] Building CXX object examples/batched-bench/CMakeFiles/llama-batched-bench.dir/batched-bench.cpp.o
[ 44%] Building CXX object examples/convert-llama2c-to-ggml/CMakeFiles/llama-convert-llama2c-to-ggml.dir/convert-llama2c-to-ggml.cpp.o
[ 45%] Building CXX object examples/batched/CMakeFiles/llama-batched.dir/batched.cpp.o
[ 45%] Building CXX object examples/embedding/CMakeFiles/llama-embedding.dir/embedding.cpp.o
[ 46%] Building CXX object examples/eval-callback/CMakeFiles/llama-eval-callback.dir/eval-callback.cpp.o
[ 46%] Building CXX object examples/finetune/CMakeFiles/llama-finetune.dir/finetune.cpp.o
[ 47%] Building CXX object examples/export-lora/CMakeFiles/llama-export-lora.dir/export-lora.cpp.o
[ 47%] Building CXX object examples/gbnf-validator/CMakeFiles/llama-gbnf-validator.dir/gbnf-validator.cpp.o
[ 48%] Building CXX object examples/gguf-split/CMakeFiles/llama-gguf-split.dir/gguf-split.cpp.o
[ 48%] Building CXX object examples/gritlm/CMakeFiles/llama-gritlm.dir/gritlm.cpp.o
[ 48%] Building CXX object examples/imatrix/CMakeFiles/llama-imatrix.dir/imatrix.cpp.o
[ 48%] Building CXX object examples/llama-bench/CMakeFiles/llama-bench.dir/llama-bench.cpp.o
[ 49%] Building CXX object examples/infill/CMakeFiles/llama-infill.dir/infill.cpp.o
[ 49%] Building CXX object examples/lookahead/CMakeFiles/llama-lookahead.dir/lookahead.cpp.o
[ 50%] Building CXX object examples/llava/CMakeFiles/llama-llava-cli.dir/llava-cli.cpp.o
[ 50%] Linking CXX executable ../bin/test-model-load-cancel
[ 50%] Building CXX object examples/lookup/CMakeFiles/llama-lookup.dir/lookup.cpp.o
[ 51%] Building CXX object examples/lookup/CMakeFiles/llama-lookup-create.dir/lookup-create.cpp.o
[ 51%] Built target test-grad0
[ 52%] Building CXX object examples/lookup/CMakeFiles/llama-lookup-merge.dir/lookup-merge.cpp.o
[ 53%] Building CXX object examples/lookup/CMakeFiles/llama-lookup-stats.dir/lookup-stats.cpp.o
[ 54%] Building CXX object examples/main/CMakeFiles/llama-cli.dir/main.cpp.o
[ 54%] Building CXX object examples/parallel/CMakeFiles/llama-parallel.dir/parallel.cpp.o
[ 55%] Building CXX object examples/passkey/CMakeFiles/llama-passkey.dir/passkey.cpp.o
[ 56%] Building CXX object examples/perplexity/CMakeFiles/llama-perplexity.dir/perplexity.cpp.o
[ 56%] Built target test-quantize-fns
[ 57%] Generating theme-snowstorm.css.hpp
[ 57%] Generating colorthemes.css.hpp
[ 57%] Building CXX object examples/quantize/CMakeFiles/llama-quantize.dir/quantize.cpp.o
[ 58%] Building CXX object examples/retrieval/CMakeFiles/llama-retrieval.dir/retrieval.cpp.o
[ 58%] Generating completion.js.hpp
[ 58%] Built target test-quantize-perf
[ 58%] Built target test-rope
[ 59%] Generating index-new.html.hpp
[ 59%] Generating index.html.hpp
[ 60%] Generating index.js.hpp
[ 61%] Building CXX object examples/save-load-state/CMakeFiles/llama-save-load-state.dir/save-load-state.cpp.o
[ 62%] Building CXX object examples/simple/CMakeFiles/llama-simple.dir/simple.cpp.o
[ 63%] Building CXX object examples/speculative/CMakeFiles/llama-speculative.dir/speculative.cpp.o
[ 64%] Generating json-schema-to-grammar.mjs.hpp
[ 64%] Generating prompt-formats.js.hpp
[ 65%] Generating style.css.hpp
[ 65%] Building CXX object examples/tokenize/CMakeFiles/llama-tokenize.dir/tokenize.cpp.o
[ 66%] Building CXX object examples/train-text-from-scratch/CMakeFiles/llama-train-text-from-scratch.dir/train-text-from-scratch.cpp.o
[ 67%] Building CXX object pocs/vdot/CMakeFiles/llama-vdot.dir/vdot.cpp.o
[ 68%] Generating system-prompts.js.hpp
[ 69%] Building CXX object pocs/vdot/CMakeFiles/llama-q8dot.dir/q8dot.cpp.o
[ 70%] Generating theme-beeninorder.css.hpp
[ 70%] Generating theme-ketivah.css.hpp
[ 70%] Built target test-backend-ops
[ 70%] Linking CXX executable ../../bin/llama-vdot
[ 71%] Linking CXX executable ../../bin/llama-q8dot
[ 72%] Generating theme-mangotango.css.hpp
[ 72%] Generating theme-playground.css.hpp
[ 73%] Generating theme-polarnight.css.hpp
[ 74%] Building CXX object examples/server/CMakeFiles/llama-server.dir/server.cpp.o
[ 74%] Built target llama-vdot
[ 74%] Built target llama-q8dot
[ 74%] Linking CXX executable ../bin/test-autorelease
[ 74%] Linking CXX executable ../bin/test-chat-template
[ 75%] Linking CXX executable ../bin/test-sampling
[ 75%] Built target test-model-load-cancel
[ 76%] Linking CXX executable ../bin/test-grammar-parser
[ 76%] Linking CXX executable ../../bin/llama-baby-llama
[ 76%] Built target test-grammar-parser
[ 77%] Linking CXX executable ../bin/test-grammar-integration
[ 77%] Linking CXX executable ../bin/test-tokenizer-1-bpe
[ 77%] Built target test-autorelease
[ 78%] Linking CXX executable ../bin/test-tokenizer-1-spm
[ 79%] Linking CXX executable ../../bin/llama-gbnf-validator
[ 79%] Built target test-chat-template
[ 80%] Linking CXX executable ../../bin/llama-tokenize
[ 80%] Linking CXX executable ../../bin/llama-lookup-merge
[ 81%] Linking CXX executable ../../bin/llama-gguf-split
[ 81%] Linking CXX executable ../../bin/llama-eval-callback
[ 82%] Linking CXX executable ../../bin/llama-batched-bench
[ 83%] Linking CXX executable ../bin/test-tokenizer-0
[ 83%] Built target test-sampling
[ 83%] Linking CXX executable ../../bin/llama-lookup-create
[ 83%] Linking CXX executable ../../bin/llama-batched
[ 83%] Built target llama-lookup-merge
[ 84%] Linking CXX executable ../../bin/llama-save-load-state
[ 85%] Linking CXX executable ../../bin/llama-embedding
[ 86%] Linking CXX executable ../../bin/llama-gritlm
[ 86%] Linking CXX executable ../../bin/llama-passkey
[ 87%] Linking CXX executable ../../bin/llama-export-lora
[ 87%] Linking CXX executable ../../bin/llama-simple
[ 88%] Linking CXX executable ../../bin/llama-lookup-stats
[ 89%] Linking CXX executable ../../bin/llama-llava-cli
[ 90%] Linking CXX executable ../../bin/llama-parallel
[ 91%] Linking CXX executable ../../bin/llama-lookahead
[ 91%] Built target llama-export-lora
[ 92%] Linking CXX executable ../../bin/llama-lookup
[ 93%] Linking CXX executable ../../bin/llama-finetune
[ 93%] Linking CXX executable ../../bin/llama-train-text-from-scratch
[ 93%] Built target test-grammar-integration
[ 93%] Linking CXX executable ../../bin/llama-infill
[ 94%] Linking CXX executable ../../bin/llama-convert-llama2c-to-ggml
[ 95%] Linking CXX executable ../../bin/llama-quantize
[ 95%] Built target llama-gbnf-validator
[ 96%] Linking CXX executable ../../bin/llama-cvector-generator
[ 96%] Built target llama-convert-llama2c-to-ggml
[ 96%] Linking CXX executable ../../bin/llama-retrieval
[ 96%] Built target llama-gguf-split
[ 96%] Linking CXX executable ../../bin/llama-cli
[ 96%] Built target llama-baby-llama
[ 97%] Linking CXX executable ../../bin/llama-speculative
[ 97%] Built target test-tokenizer-1-bpe
[ 97%] Built target test-tokenizer-1-spm
[ 98%] Linking CXX executable ../../bin/llama-imatrix
[ 98%] Built target llama-tokenize
[ 98%] Built target llama-eval-callback
[ 98%] Built target test-tokenizer-0
[ 98%] Built target llama-batched-bench
[ 98%] Built target llama-embedding
[ 98%] Built target llama-batched
[ 98%] Built target llama-lookup-create
[ 98%] Built target llama-passkey
[ 98%] Built target llama-save-load-state
[ 98%] Built target llama-gritlm
[ 98%] Built target llama-lookahead
[ 98%] Built target llama-parallel
[ 98%] Built target llama-simple
[ 98%] Built target llama-lookup-stats
[ 98%] Built target llama-lookup
[ 98%] Built target llama-llava-cli
[ 98%] Built target llama-infill
[ 98%] Built target llama-finetune
[ 98%] Built target llama-train-text-from-scratch
[ 98%] Built target llama-quantize
[ 98%] Linking CXX executable ../../bin/llama-perplexity
[ 98%] Built target llama-cvector-generator
[ 98%] Built target llama-retrieval
[ 98%] Built target llama-cli
[ 98%] Built target llama-speculative
[ 98%] Built target llama-imatrix
[ 98%] Built target llama-perplexity
[ 99%] Linking CXX executable ../../bin/llama-bench
[100%] Linking CXX executable ../bin/test-json-schema-to-grammar
[100%] Built target llama-bench
[100%] Built target test-json-schema-to-grammar
[100%] Linking CXX executable ../bin/test-llama-grammar
[100%] Built target test-llama-grammar
[100%] Linking CXX executable ../../bin/llama-server
[100%] Built target llama-server

real	0m56.977s
user	2m34.069s
sys	0m13.541s
+ tee -a /home/ggml/results/llama.cpp/80/ea089d771f0c2d97afa8bead80ded412f600d7/ggml-0-x86-cpu-low-perf/ctest_debug-ctest.log
+ ctest --output-on-failure -L main -E test-opt
Test project /home/ggml/work/llama.cpp/build-ci-debug
      Start  1: test-tokenizer-0-llama-spm
 1/22 Test  #1: test-tokenizer-0-llama-spm .......   Passed    0.15 sec
      Start  2: test-tokenizer-0-llama-bpe
 2/22 Test  #2: test-tokenizer-0-llama-bpe .......   Passed    2.32 sec
      Start  3: test-tokenizer-0-phi-3
 3/22 Test  #3: test-tokenizer-0-phi-3 ...........   Passed    0.14 sec
      Start  4: test-tokenizer-0-falcon
 4/22 Test  #4: test-tokenizer-0-falcon ..........   Passed    0.76 sec
      Start  5: test-tokenizer-0-bert-bge
 5/22 Test  #5: test-tokenizer-0-bert-bge ........   Passed    0.15 sec
      Start  6: test-tokenizer-0-starcoder
 6/22 Test  #6: test-tokenizer-0-starcoder .......   Passed    0.57 sec
      Start  7: test-tokenizer-0-gpt-2
 7/22 Test  #7: test-tokenizer-0-gpt-2 ...........   Passed    0.58 sec
      Start  8: test-tokenizer-0-refact
 8/22 Test  #8: test-tokenizer-0-refact ..........   Passed    0.57 sec
      Start  9: test-tokenizer-0-command-r
 9/22 Test  #9: test-tokenizer-0-command-r .......   Passed    3.52 sec
      Start 10: test-tokenizer-0-qwen2
10/22 Test #10: test-tokenizer-0-qwen2 ...........   Passed    1.93 sec
      Start 11: test-tokenizer-1-llama-spm
11/22 Test #11: test-tokenizer-1-llama-spm .......   Passed    5.43 sec
      Start 12: test-quantize-fns
12/22 Test #12: test-quantize-fns ................   Passed   30.96 sec
      Start 13: test-quantize-perf
13/22 Test #13: test-quantize-perf ...............   Passed    9.13 sec
      Start 14: test-sampling
14/22 Test #14: test-sampling ....................   Passed    0.03 sec
      Start 15: test-chat-template
15/22 Test #15: test-chat-template ...............   Passed    0.00 sec
      Start 16: test-grammar-parser
16/22 Test #16: test-grammar-parser ..............   Passed    0.00 sec
      Start 17: test-llama-grammar
17/22 Test #17: test-llama-grammar ...............   Passed    0.00 sec
      Start 18: test-grammar-integration
18/22 Test #18: test-grammar-integration .........   Passed    0.01 sec
      Start 19: test-grad0
19/22 Test #19: test-grad0 .......................   Passed    0.20 sec
      Start 20: test-backend-ops
20/22 Test #20: test-backend-ops .................   Passed    0.00 sec
      Start 21: test-rope
21/22 Test #21: test-rope ........................   Passed    0.06 sec
      Start 24: test-json-schema-to-grammar
22/22 Test #24: test-json-schema-to-grammar ......   Passed    0.03 sec

100% tests passed, 0 tests failed out of 22

Label Time Summary:
main    =  56.55 sec*proc (22 tests)

Total Test time (real) =  56.56 sec

real	0m56.583s
user	1m10.994s
sys	0m0.293s
+ set +e
+ cur=0
+ echo 0
+ set +x
+ gg_run_ctest_release
+ cd /home/ggml/work/llama.cpp
+ rm -rf build-ci-release
+ tee /home/ggml/results/llama.cpp/80/ea089d771f0c2d97afa8bead80ded412f600d7/ggml-0-x86-cpu-low-perf/ctest_release.log
+ mkdir build-ci-release
+ cd build-ci-release
+ set -e
+ tee -a /home/ggml/results/llama.cpp/80/ea089d771f0c2d97afa8bead80ded412f600d7/ggml-0-x86-cpu-low-perf/ctest_release-cmake.log
+ cmake -DCMAKE_BUILD_TYPE=Release -DLLAMA_FATAL_WARNINGS=ON ..
-- The C compiler identification is GNU 11.4.0
-- The CXX compiler identification is GNU 11.4.0
-- Detecting C compiler ABI info
-- Detecting C compiler ABI info - done
-- Check for working C compiler: /usr/bin/cc - skipped
-- Detecting C compile features
-- Detecting C compile features - done
-- Detecting CXX compiler ABI info
-- Detecting CXX compiler ABI info - done
-- Check for working CXX compiler: /usr/bin/c++ - skipped
-- Detecting CXX compile features
-- Detecting CXX compile features - done
-- Found Git: /usr/bin/git (found version "2.34.1") 
-- Performing Test CMAKE_HAVE_LIBC_PTHREAD
-- Performing Test CMAKE_HAVE_LIBC_PTHREAD - Success
-- Found Threads: TRUE  
-- Found OpenMP_C: -fopenmp (found version "4.5") 
-- Found OpenMP_CXX: -fopenmp (found version "4.5") 
-- Found OpenMP: TRUE (found version "4.5")  
-- OpenMP found
-- ccache found, compilation results will be cached. Disable with LLAMA_CCACHE=OFF.
-- CMAKE_SYSTEM_PROCESSOR: x86_64
-- x86 detected
-- Configuring done (0.5s)
-- Generating done (0.1s)
-- Build files have been written to: /home/ggml/work/llama.cpp/build-ci-release

real	0m0.681s
user	0m0.501s
sys	0m0.183s
+ tee -a /home/ggml/results/llama.cpp/80/ea089d771f0c2d97afa8bead80ded412f600d7/ggml-0-x86-cpu-low-perf/ctest_release-make.log
+ make -j
[  1%] Building CXX object common/CMakeFiles/build_info.dir/build-info.cpp.o
[  1%] Building C object CMakeFiles/ggml.dir/ggml.c.o
[  2%] Building C object CMakeFiles/ggml.dir/ggml-alloc.c.o
[  3%] Building C object CMakeFiles/ggml.dir/ggml-backend.c.o
[  3%] Building C object CMakeFiles/ggml.dir/ggml-quants.c.o
[  4%] Building CXX object CMakeFiles/ggml.dir/sgemm.cpp.o
[  4%] Built target ggml
[  5%] Building CXX object CMakeFiles/llama.dir/llama.cpp.o
[  5%] Building CXX object CMakeFiles/llama.dir/unicode-data.cpp.o
[  6%] Building CXX object examples/gguf/CMakeFiles/llama-gguf.dir/gguf.cpp.o
[  7%] Building CXX object CMakeFiles/llama.dir/unicode.cpp.o
[  7%] Linking CXX static library libggml_static.a
[  7%] Built target build_info
[  7%] Linking CXX executable ../../bin/llama-gguf
[  7%] Built target ggml_static
[  7%] Built target llama-gguf
[  8%] Linking CXX static library libllama.a
[  8%] Built target llama
[  9%] Building C object tests/CMakeFiles/test-c.dir/test-c.c.o
[ 10%] Building CXX object examples/benchmark/CMakeFiles/llama-bench-matmult.dir/benchmark-matmult.cpp.o
[ 10%] Building CXX object common/CMakeFiles/common.dir/common.cpp.o
[ 11%] Building CXX object examples/llava/CMakeFiles/llava.dir/clip.cpp.o
[ 12%] Building CXX object examples/llava/CMakeFiles/llava.dir/llava.cpp.o
[ 13%] Building CXX object common/CMakeFiles/common.dir/sampling.cpp.o
[ 14%] Building CXX object examples/quantize-stats/CMakeFiles/llama-quantize-stats.dir/quantize-stats.cpp.o
[ 15%] Building CXX object common/CMakeFiles/common.dir/console.cpp.o
[ 15%] Building CXX object common/CMakeFiles/common.dir/grammar-parser.cpp.o
[ 16%] Building CXX object common/CMakeFiles/common.dir/json-schema-to-grammar.cpp.o
[ 16%] Building CXX object common/CMakeFiles/common.dir/train.cpp.o
[ 17%] Building CXX object common/CMakeFiles/common.dir/ngram-cache.cpp.o
[ 17%] Linking CXX executable ../bin/test-c
[ 17%] Built target test-c
[ 17%] Linking CXX executable ../../bin/llama-bench-matmult
[ 17%] Built target llama-bench-matmult
[ 17%] Built target llava
[ 17%] Linking CXX static library libllava_static.a
[ 17%] Built target llava_static
[ 17%] Linking CXX executable ../../bin/llama-quantize-stats
[ 17%] Built target llama-quantize-stats
[ 18%] Linking CXX static library libcommon.a
[ 18%] Built target common
[ 18%] Building CXX object tests/CMakeFiles/test-tokenizer-0.dir/test-tokenizer-0.cpp.o
[ 19%] Building CXX object tests/CMakeFiles/test-quantize-fns.dir/test-quantize-fns.cpp.o
[ 20%] Building CXX object tests/CMakeFiles/test-tokenizer-1-spm.dir/test-tokenizer-1-spm.cpp.o
[ 21%] Building CXX object tests/CMakeFiles/test-tokenizer-1-bpe.dir/test-tokenizer-1-bpe.cpp.o
[ 22%] Building CXX object tests/CMakeFiles/test-quantize-fns.dir/get-model.cpp.o
[ 22%] Building CXX object tests/CMakeFiles/test-quantize-perf.dir/get-model.cpp.o
[ 23%] Building CXX object tests/CMakeFiles/test-quantize-perf.dir/test-quantize-perf.cpp.o
[ 24%] Building CXX object tests/CMakeFiles/test-chat-template.dir/test-chat-template.cpp.o
[ 25%] Building CXX object tests/CMakeFiles/test-chat-template.dir/get-model.cpp.o
[ 25%] Building CXX object tests/CMakeFiles/test-sampling.dir/get-model.cpp.o
[ 25%] Building CXX object tests/CMakeFiles/test-grammar-parser.dir/test-grammar-parser.cpp.o
[ 26%] Building CXX object tests/CMakeFiles/test-sampling.dir/test-sampling.cpp.o
[ 27%] Building CXX object tests/CMakeFiles/test-grammar-parser.dir/get-model.cpp.o
[ 28%] Linking CXX executable ../bin/test-quantize-perf
[ 28%] Linking CXX executable ../bin/test-quantize-fns
[ 28%] Building CXX object tests/CMakeFiles/test-llama-grammar.dir/test-llama-grammar.cpp.o
[ 29%] Building CXX object tests/CMakeFiles/test-llama-grammar.dir/get-model.cpp.o
[ 30%] Building CXX object tests/CMakeFiles/test-grammar-integration.dir/test-grammar-integration.cpp.o
[ 30%] Building CXX object tests/CMakeFiles/test-grammar-integration.dir/get-model.cpp.o
[ 31%] Building CXX object tests/CMakeFiles/test-grad0.dir/test-grad0.cpp.o
[ 32%] Building CXX object tests/CMakeFiles/test-backend-ops.dir/test-backend-ops.cpp.o
[ 32%] Building CXX object tests/CMakeFiles/test-grad0.dir/get-model.cpp.o
[ 33%] Building CXX object tests/CMakeFiles/test-rope.dir/test-rope.cpp.o
[ 33%] Building CXX object tests/CMakeFiles/test-backend-ops.dir/get-model.cpp.o
[ 33%] Building CXX object tests/CMakeFiles/test-rope.dir/get-model.cpp.o
[ 34%] Building CXX object tests/CMakeFiles/test-model-load-cancel.dir/test-model-load-cancel.cpp.o
[ 35%] Building CXX object tests/CMakeFiles/test-model-load-cancel.dir/get-model.cpp.o
[ 36%] Linking CXX executable ../bin/test-grad0
[ 36%] Building CXX object examples/cvector-generator/CMakeFiles/llama-cvector-generator.dir/cvector-generator.cpp.o
[ 38%] Building CXX object tests/CMakeFiles/test-autorelease.dir/test-autorelease.cpp.o
[ 39%] Linking CXX executable ../bin/test-backend-ops
[ 40%] Linking CXX executable ../bin/test-rope
[ 38%] Building CXX object tests/CMakeFiles/test-autorelease.dir/get-model.cpp.o
[ 41%] Building CXX object tests/CMakeFiles/test-json-schema-to-grammar.dir/get-model.cpp.o
[ 41%] Building CXX object tests/CMakeFiles/test-json-schema-to-grammar.dir/test-json-schema-to-grammar.cpp.o
[ 42%] Building CXX object examples/baby-llama/CMakeFiles/llama-baby-llama.dir/baby-llama.cpp.o
[ 43%] Building CXX object examples/batched-bench/CMakeFiles/llama-batched-bench.dir/batched-bench.cpp.o
[ 44%] Building CXX object examples/batched/CMakeFiles/llama-batched.dir/batched.cpp.o
[ 45%] Building CXX object examples/convert-llama2c-to-ggml/CMakeFiles/llama-convert-llama2c-to-ggml.dir/convert-llama2c-to-ggml.cpp.o
[ 45%] Building CXX object examples/embedding/CMakeFiles/llama-embedding.dir/embedding.cpp.o
[ 46%] Building CXX object examples/eval-callback/CMakeFiles/llama-eval-callback.dir/eval-callback.cpp.o
[ 47%] Building CXX object examples/export-lora/CMakeFiles/llama-export-lora.dir/export-lora.cpp.o
[ 47%] Building CXX object examples/finetune/CMakeFiles/llama-finetune.dir/finetune.cpp.o
[ 47%] Building CXX object examples/gbnf-validator/CMakeFiles/llama-gbnf-validator.dir/gbnf-validator.cpp.o
[ 48%] Building CXX object examples/gguf-split/CMakeFiles/llama-gguf-split.dir/gguf-split.cpp.o
[ 48%] Building CXX object examples/gritlm/CMakeFiles/llama-gritlm.dir/gritlm.cpp.o
[ 48%] Building CXX object examples/imatrix/CMakeFiles/llama-imatrix.dir/imatrix.cpp.o
[ 48%] Built target test-grad0
[ 48%] Built target test-quantize-perf
[ 49%] Building CXX object examples/infill/CMakeFiles/llama-infill.dir/infill.cpp.o
[ 49%] Building CXX object examples/llama-bench/CMakeFiles/llama-bench.dir/llama-bench.cpp.o
[ 50%] Building CXX object examples/llava/CMakeFiles/llama-llava-cli.dir/llava-cli.cpp.o
[ 50%] Building CXX object examples/lookahead/CMakeFiles/llama-lookahead.dir/lookahead.cpp.o
[ 50%] Building CXX object examples/lookup/CMakeFiles/llama-lookup.dir/lookup.cpp.o
[ 50%] Linking CXX executable ../bin/test-model-load-cancel
[ 51%] Building CXX object examples/lookup/CMakeFiles/llama-lookup-create.dir/lookup-create.cpp.o
[ 52%] Building CXX object examples/lookup/CMakeFiles/llama-lookup-merge.dir/lookup-merge.cpp.o
[ 52%] Built target test-quantize-fns
[ 53%] Building CXX object examples/lookup/CMakeFiles/llama-lookup-stats.dir/lookup-stats.cpp.o
[ 53%] Built target test-rope
[ 54%] Building CXX object examples/main/CMakeFiles/llama-cli.dir/main.cpp.o
[ 54%] Building CXX object examples/parallel/CMakeFiles/llama-parallel.dir/parallel.cpp.o
[ 55%] Building CXX object examples/passkey/CMakeFiles/llama-passkey.dir/passkey.cpp.o
[ 56%] Building CXX object examples/perplexity/CMakeFiles/llama-perplexity.dir/perplexity.cpp.o
[ 56%] Building CXX object examples/quantize/CMakeFiles/llama-quantize.dir/quantize.cpp.o
[ 57%] Generating theme-snowstorm.css.hpp
[ 57%] Generating colorthemes.css.hpp
[ 57%] Built target test-backend-ops
[ 57%] Generating completion.js.hpp
[ 58%] Building CXX object examples/retrieval/CMakeFiles/llama-retrieval.dir/retrieval.cpp.o
[ 59%] Generating index-new.html.hpp
[ 59%] Generating index.html.hpp
[ 60%] Building CXX object examples/save-load-state/CMakeFiles/llama-save-load-state.dir/save-load-state.cpp.o
[ 61%] Generating index.js.hpp
[ 62%] Building CXX object examples/simple/CMakeFiles/llama-simple.dir/simple.cpp.o
[ 63%] Generating json-schema-to-grammar.mjs.hpp
[ 63%] Generating prompt-formats.js.hpp
[ 64%] Building CXX object examples/speculative/CMakeFiles/llama-speculative.dir/speculative.cpp.o
[ 64%] Building CXX object examples/tokenize/CMakeFiles/llama-tokenize.dir/tokenize.cpp.o
[ 65%] Building CXX object examples/train-text-from-scratch/CMakeFiles/llama-train-text-from-scratch.dir/train-text-from-scratch.cpp.o
[ 66%] Generating style.css.hpp
[ 67%] Building CXX object pocs/vdot/CMakeFiles/llama-vdot.dir/vdot.cpp.o
[ 68%] Generating system-prompts.js.hpp
[ 69%] Generating theme-beeninorder.css.hpp
[ 69%] Generating theme-ketivah.css.hpp
[ 70%] Building CXX object pocs/vdot/CMakeFiles/llama-q8dot.dir/q8dot.cpp.o
[ 70%] Linking CXX executable ../../bin/llama-vdot
[ 71%] Generating theme-mangotango.css.hpp
[ 72%] Linking CXX executable ../../bin/llama-q8dot
[ 72%] Generating theme-playground.css.hpp
[ 73%] Generating theme-polarnight.css.hpp
[ 73%] Built target test-model-load-cancel
[ 74%] Building CXX object examples/server/CMakeFiles/llama-server.dir/server.cpp.o
[ 74%] Built target llama-vdot
[ 74%] Built target llama-q8dot
[ 74%] Linking CXX executable ../bin/test-autorelease
[ 74%] Linking CXX executable ../bin/test-chat-template
[ 74%] Built target test-autorelease
[ 74%] Built target test-chat-template
[ 75%] Linking CXX executable ../bin/test-sampling
[ 76%] Linking CXX executable ../bin/test-grammar-parser
[ 77%] Linking CXX executable ../bin/test-tokenizer-1-spm
[ 77%] Linking CXX executable ../../bin/llama-baby-llama
[ 77%] Linking CXX executable ../bin/test-tokenizer-1-bpe
[ 77%] Built target test-sampling
[ 77%] Built target test-grammar-parser
[ 77%] Linking CXX executable ../../bin/llama-lookup-merge
[ 77%] Built target test-tokenizer-1-spm
[ 78%] Linking CXX executable ../../bin/llama-gbnf-validator
[ 78%] Built target llama-baby-llama
[ 79%] Linking CXX executable ../bin/test-grammar-integration
[ 79%] Built target test-tokenizer-1-bpe
[ 79%] Built target llama-lookup-merge
[ 80%] Linking CXX executable ../../bin/llama-tokenize
[ 80%] Linking CXX executable ../../bin/llama-eval-callback
[ 80%] Built target llama-gbnf-validator
[ 80%] Built target test-grammar-integration
[ 80%] Linking CXX executable ../../bin/llama-lookup-create
[ 81%] Linking CXX executable ../../bin/llama-gguf-split
[ 81%] Built target llama-tokenize
[ 82%] Linking CXX executable ../../bin/llama-embedding
[ 82%] Built target llama-eval-callback
[ 83%] Linking CXX executable ../../bin/llama-save-load-state
[ 84%] Linking CXX executable ../../bin/llama-batched-bench
[ 84%] Built target llama-lookup-create
[ 85%] Linking CXX executable ../bin/test-tokenizer-0
[ 86%] Linking CXX executable ../../bin/llama-gritlm
[ 86%] Built target llama-gguf-split
[ 86%] Linking CXX executable ../../bin/llama-batched
[ 86%] Linking CXX executable ../../bin/llama-simple
[ 86%] Built target llama-embedding
[ 86%] Built target llama-save-load-state
[ 87%] Linking CXX executable ../../bin/llama-export-lora
[ 88%] Linking CXX executable ../../bin/llama-lookup-stats
[ 88%] Built target llama-batched-bench
[ 88%] Built target test-tokenizer-0
[ 88%] Built target llama-gritlm
[ 88%] Built target llama-batched
[ 88%] Built target llama-simple
[ 88%] Built target llama-export-lora
[ 88%] Linking CXX executable ../../bin/llama-passkey
[ 88%] Built target llama-lookup-stats
[ 89%] Linking CXX executable ../../bin/llama-quantize
[ 90%] Linking CXX executable ../../bin/llama-lookup
[ 91%] Linking CXX executable ../../bin/llama-llava-cli
[ 91%] Built target llama-passkey
[ 91%] Built target llama-quantize
[ 92%] Linking CXX executable ../../bin/llama-lookahead
[ 92%] Built target llama-lookup
[ 92%] Built target llama-llava-cli
[ 93%] Linking CXX executable ../../bin/llama-parallel
[ 93%] Linking CXX executable ../../bin/llama-train-text-from-scratch
[ 94%] Linking CXX executable ../../bin/llama-convert-llama2c-to-ggml
[ 94%] Built target llama-lookahead
[ 94%] Built target llama-parallel
[ 94%] Linking CXX executable ../../bin/llama-retrieval
[ 95%] Linking CXX executable ../../bin/llama-cvector-generator
[ 95%] Built target llama-convert-llama2c-to-ggml
[ 95%] Built target llama-train-text-from-scratch
[ 95%] Built target llama-cvector-generator
[ 95%] Linking CXX executable ../../bin/llama-infill
[ 95%] Built target llama-retrieval
[ 96%] Linking CXX executable ../../bin/llama-finetune
[ 96%] Built target llama-infill
[ 96%] Built target llama-finetune
[ 97%] Linking CXX executable ../../bin/llama-speculative
[ 97%] Built target llama-speculative
[ 98%] Linking CXX executable ../../bin/llama-imatrix
[ 98%] Linking CXX executable ../../bin/llama-cli
[ 98%] Built target llama-cli
[ 98%] Built target llama-imatrix
[ 98%] Linking CXX executable ../../bin/llama-perplexity
[ 98%] Built target llama-perplexity
[ 99%] Linking CXX executable ../bin/test-json-schema-to-grammar
[ 99%] Built target test-json-schema-to-grammar
[100%] Linking CXX executable ../../bin/llama-bench
[100%] Built target llama-bench
[100%] Linking CXX executable ../../bin/llama-server
[100%] Built target llama-server
[100%] Linking CXX executable ../bin/test-llama-grammar
[100%] Built target test-llama-grammar

real	1m18.321s
user	3m3.981s
sys	0m8.432s
+ '[' -z 1 ']'
+ tee -a /home/ggml/results/llama.cpp/80/ea089d771f0c2d97afa8bead80ded412f600d7/ggml-0-x86-cpu-low-perf/ctest_release-ctest.log
+ ctest --output-on-failure -L main -E test-opt
Test project /home/ggml/work/llama.cpp/build-ci-release
      Start  1: test-tokenizer-0-llama-spm
 1/22 Test  #1: test-tokenizer-0-llama-spm .......   Passed    0.03 sec
      Start  2: test-tokenizer-0-llama-bpe
 2/22 Test  #2: test-tokenizer-0-llama-bpe .......   Passed    0.43 sec
      Start  3: test-tokenizer-0-phi-3
 3/22 Test  #3: test-tokenizer-0-phi-3 ...........   Passed    0.03 sec
      Start  4: test-tokenizer-0-falcon
 4/22 Test  #4: test-tokenizer-0-falcon ..........   Passed    0.13 sec
      Start  5: test-tokenizer-0-bert-bge
 5/22 Test  #5: test-tokenizer-0-bert-bge ........   Passed    0.03 sec
      Start  6: test-tokenizer-0-starcoder
 6/22 Test  #6: test-tokenizer-0-starcoder .......   Passed    0.10 sec
      Start  7: test-tokenizer-0-gpt-2
 7/22 Test  #7: test-tokenizer-0-gpt-2 ...........   Passed    0.10 sec
      Start  8: test-tokenizer-0-refact
 8/22 Test  #8: test-tokenizer-0-refact ..........   Passed    0.10 sec
      Start  9: test-tokenizer-0-command-r
 9/22 Test  #9: test-tokenizer-0-command-r .......   Passed    0.63 sec
      Start 10: test-tokenizer-0-qwen2
10/22 Test #10: test-tokenizer-0-qwen2 ...........   Passed    0.32 sec
      Start 11: test-tokenizer-1-llama-spm
11/22 Test #11: test-tokenizer-1-llama-spm .......   Passed    0.72 sec
      Start 12: test-quantize-fns
12/22 Test #12: test-quantize-fns ................   Passed   16.22 sec
      Start 13: test-quantize-perf
13/22 Test #13: test-quantize-perf ...............   Passed    4.43 sec
      Start 14: test-sampling
14/22 Test #14: test-sampling ....................   Passed    0.01 sec
      Start 15: test-chat-template
15/22 Test #15: test-chat-template ...............   Passed    0.00 sec
      Start 16: test-grammar-parser
16/22 Test #16: test-grammar-parser ..............   Passed    0.00 sec
      Start 17: test-llama-grammar
17/22 Test #17: test-llama-grammar ...............   Passed    0.00 sec
      Start 18: test-grammar-integration
18/22 Test #18: test-grammar-integration .........   Passed    0.00 sec
      Start 19: test-grad0
19/22 Test #19: test-grad0 .......................   Passed    0.14 sec
      Start 20: test-backend-ops
20/22 Test #20: test-backend-ops .................   Passed    0.00 sec
      Start 21: test-rope
21/22 Test #21: test-rope ........................   Passed    0.05 sec
      Start 24: test-json-schema-to-grammar
22/22 Test #24: test-json-schema-to-grammar ......   Passed    0.01 sec

100% tests passed, 0 tests failed out of 22

Label Time Summary:
main    =  23.47 sec*proc (22 tests)

Total Test time (real) =  23.48 sec

real	0m23.500s
user	0m25.601s
sys	0m0.216s
+ set +e
+ cur=0
+ echo 0
+ set +x
