+ cmake -DCMAKE_BUILD_TYPE=Debug ..
-- The C compiler identification is GNU 11.4.0
-- The CXX compiler identification is GNU 11.4.0
-- Detecting C compiler ABI info
-- Detecting C compiler ABI info - done
-- Check for working C compiler: /usr/bin/cc - skipped
-- Detecting C compile features
-- Detecting C compile features - done
-- Detecting CXX compiler ABI info
-- Detecting CXX compiler ABI info - done
-- Check for working CXX compiler: /usr/bin/c++ - skipped
-- Detecting CXX compile features
-- Detecting CXX compile features - done
-- Found Git: /usr/bin/git (found version "2.34.1") 
-- Looking for pthread.h
-- Looking for pthread.h - found
-- Performing Test CMAKE_HAVE_LIBC_PTHREAD
-- Performing Test CMAKE_HAVE_LIBC_PTHREAD - Success
-- Found Threads: TRUE  
-- CMAKE_SYSTEM_PROCESSOR: aarch64
GNU ld (GNU Binutils for Ubuntu) 2.38
-- ARM detected
-- ARM detected
-- Configuring done
-- Generating done
-- Build files have been written to: /home/ggml/work/ggml/build-ci-debug

real	0m0.706s
user	0m0.390s
sys	0m0.318s
+ make -j
[  3%] Building C object src/CMakeFiles/ggml.dir/ggml-backend.c.o
[  3%] Building C object src/CMakeFiles/ggml.dir/ggml.c.o
[  3%] Building C object src/CMakeFiles/ggml.dir/ggml-quants.c.o
[  4%] Building CXX object examples/CMakeFiles/common.dir/common.cpp.o
[  5%] Building C object src/CMakeFiles/ggml.dir/ggml-alloc.c.o
[  6%] Linking C shared library libggml.so
[  6%] Built target ggml
[  7%] Building CXX object tests/CMakeFiles/test-grad0.dir/test-grad0.cpp.o
[  8%] Building CXX object tests/CMakeFiles/test-opt.dir/test-opt.cpp.o
[  9%] Building C object tests/CMakeFiles/test-vec0.dir/test-vec0.c.o
[ 10%] Building CXX object tests/CMakeFiles/test-quantize-perf.dir/test-quantize-perf.cpp.o
[ 11%] Building C object tests/CMakeFiles/test-mul-mat0.dir/test-mul-mat0.c.o
[ 12%] Building CXX object tests/CMakeFiles/test-quantize-fns.dir/test-quantize-fns.cpp.o
[ 13%] Building C object tests/CMakeFiles/test1.dir/test1.c.o
[ 14%] Building C object tests/CMakeFiles/test-mul-mat2.dir/test-mul-mat2.c.o
[ 15%] Building C object tests/CMakeFiles/test-pool.dir/test-pool.c.o
[ 16%] Building C object tests/CMakeFiles/test2.dir/test2.c.o
[ 17%] Building C object tests/CMakeFiles/test0.dir/test0.c.o
[ 18%] Building C object tests/CMakeFiles/test3.dir/test3.c.o
[ 19%] Building CXX object tests/CMakeFiles/test-timestep_embedding.dir/test-timestep_embedding.cpp.o
[ 20%] Building CXX object tests/CMakeFiles/test-arange.dir/test-arange.cpp.o
[ 21%] Building C object tests/CMakeFiles/test-dup.dir/test-dup.c.o
[ 22%] Linking C executable ../bin/test-vec0
[ 23%] Building C object tests/CMakeFiles/test-rel-pos.dir/test-rel-pos.c.o
[ 25%] Building C object tests/CMakeFiles/test-conv-transpose.dir/test-conv-transpose.c.o
[ 26%] Linking C executable ../bin/test0
[ 27%] Building C object tests/CMakeFiles/test-customop.dir/test-customop.c.o
[ 28%] Linking CXX executable ../bin/test-opt
[ 30%] Linking C executable ../bin/test1
[ 30%] Linking C executable ../bin/test-pool
[ 32%] Building C object tests/CMakeFiles/test-xpos.dir/test-xpos.c.o
[ 32%] Linking C executable ../bin/test-mul-mat0
[ 33%] Linking C executable ../bin/test2
[ 34%] Building CXX object tests/CMakeFiles/test-conv1d.dir/test-conv1d.cpp.o
[ 35%] Linking C executable ../bin/test3
[ 36%] Building CXX object tests/CMakeFiles/test-mul-mat.dir/test-mul-mat.cpp.o
[ 38%] Building CXX object tests/CMakeFiles/test-backend-buffer.dir/test-backend-buffer.cpp.o
[ 38%] Building CXX object tests/CMakeFiles/test-conv2d.dir/test-conv2d.cpp.o
[ 39%] Linking CXX executable ../bin/test-arange
[ 40%] Building CXX object tests/CMakeFiles/test-backend-ops.dir/test-backend-ops.cpp.o
[ 41%] Linking C executable ../bin/test-dup
[ 42%] Building CXX object examples/CMakeFiles/common-ggml.dir/common-ggml.cpp.o
[ 42%] Built target test-vec0
[ 43%] Building CXX object examples/whisper/CMakeFiles/whisper-cpp.dir/whisper.cpp.o
[ 44%] Building CXX object examples/simple/CMakeFiles/simple-ctx.dir/simple-ctx.cpp.o
[ 44%] Built target test0
[ 45%] Building CXX object examples/mnist/CMakeFiles/mnist-cpu.dir/main-cpu.cpp.o
[ 45%] Built target test2
[ 46%] Linking CXX executable ../bin/test-grad0
[ 47%] Linking C executable ../bin/test-rel-pos
[ 47%] Built target test3
[ 48%] Building CXX object examples/simple/CMakeFiles/simple-backend.dir/simple-backend.cpp.o
[ 50%] Linking C executable ../bin/test-conv-transpose
[ 50%] Built target test-mul-mat0
[ 50%] Built target test-pool
[ 50%] Built target test-opt
[ 50%] Built target test-dup
[ 51%] Linking C executable ../bin/test-customop
[ 52%] Built target test1
[ 52%] Linking C executable ../bin/test-xpos
[ 53%] Linking CXX executable ../bin/test-backend-buffer
[ 53%] Built target test-rel-pos
[ 53%] Built target test-arange
[ 53%] Built target test-conv-transpose
[ 54%] Linking CXX executable ../bin/test-timestep_embedding
[ 55%] Linking CXX executable ../bin/test-quantize-fns
[ 55%] Built target test-grad0
[ 55%] Built target test-customop
[ 55%] Built target test-xpos
[ 55%] Built target test-backend-buffer
[ 55%] Built target test-timestep_embedding
/home/ggml/work/ggml/tests/test-conv1d.cpp:24:13: warning: ‘void ggml_log_callback_default(ggml_log_level, const char*, void*)’ defined but not used [-Wunused-function]
   24 | static void ggml_log_callback_default(ggml_log_level level, const char * text, void * user_data) {
      |             ^~~~~~~~~~~~~~~~~~~~~~~~~
[ 55%] Built target test-quantize-fns
[ 56%] Linking C executable ../bin/test-mul-mat2
[ 57%] Linking CXX executable ../../bin/simple-ctx
[ 58%] Linking CXX executable ../../bin/mnist-cpu
[ 59%] Linking CXX executable ../bin/test-conv1d
/home/ggml/work/ggml/tests/test-conv2d.cpp:24:13: warning: ‘void ggml_log_callback_default(ggml_log_level, const char*, void*)’ defined but not used [-Wunused-function]
   24 | static void ggml_log_callback_default(ggml_log_level level, const char * text, void * user_data) {
      |             ^~~~~~~~~~~~~~~~~~~~~~~~~
[ 59%] Built target test-mul-mat2
[ 60%] Linking CXX executable ../bin/test-mul-mat
[ 60%] Built target simple-ctx
[ 61%] Linking CXX executable ../bin/test-quantize-perf
[ 61%] Built target test-conv1d
[ 62%] Linking CXX executable ../bin/test-conv2d
[ 63%] Linking CXX executable ../../bin/simple-backend
[ 63%] Built target mnist-cpu
[ 63%] Built target test-mul-mat
[ 63%] Built target test-quantize-perf
[ 63%] Built target simple-backend
[ 63%] Built target test-conv2d
[ 64%] Linking CXX executable ../bin/test-backend-ops
[ 64%] Built target test-backend-ops
[ 65%] Linking CXX static library libcommon.a
[ 65%] Built target common
[ 70%] Building CXX object examples/mnist/CMakeFiles/mnist.dir/main.cpp.o
[ 68%] Building CXX object examples/yolo/CMakeFiles/yolov3-tiny.dir/yolo-image.cpp.o
[ 70%] Building CXX object examples/mnist/CMakeFiles/mnist-cnn.dir/main-cnn.cpp.o
[ 70%] Building CXX object examples/yolo/CMakeFiles/yolov3-tiny.dir/yolov3-tiny.cpp.o
[ 70%] Building CXX object examples/sam/CMakeFiles/sam.dir/main.cpp.o
[ 71%] Linking CXX static library libcommon-ggml.a
[ 71%] Built target common-ggml
[ 72%] Building CXX object examples/gpt-2/CMakeFiles/gpt-2-ctx.dir/main-ctx.cpp.o
[ 73%] Building CXX object examples/gpt-2/CMakeFiles/gpt-2-quantize.dir/quantize.cpp.o
[ 75%] Building CXX object examples/gpt-2/CMakeFiles/gpt-2-alloc.dir/main-alloc.cpp.o
[ 76%] Building CXX object examples/gpt-2/CMakeFiles/gpt-2-backend.dir/main-backend.cpp.o
[ 77%] Building CXX object examples/gpt-2/CMakeFiles/gpt-2-sched.dir/main-sched.cpp.o
[ 78%] Building CXX object examples/gpt-2/CMakeFiles/gpt-2-batched.dir/main-batched.cpp.o
[ 79%] Building CXX object examples/gpt-j/CMakeFiles/gpt-j.dir/main.cpp.o
[ 80%] Building CXX object examples/gpt-j/CMakeFiles/gpt-j-quantize.dir/quantize.cpp.o
[ 81%] Building CXX object examples/whisper/CMakeFiles/whisper-quantize.dir/quantize.cpp.o
[ 82%] Building CXX object examples/magika/CMakeFiles/magika.dir/main.cpp.o
[ 83%] Linking CXX executable ../../bin/mnist-cnn
[ 84%] Linking CXX executable ../../bin/mnist
[ 84%] Built target mnist-cnn
[ 84%] Built target mnist
[ 85%] Linking CXX executable ../../bin/yolov3-tiny
[ 86%] Linking CXX executable ../../bin/magika
[ 87%] Linking CXX executable ../../bin/gpt-2-quantize
[ 87%] Built target yolov3-tiny
[ 87%] Built target magika
[ 88%] Linking CXX executable ../../bin/gpt-2-ctx
[ 88%] Built target gpt-2-quantize
[ 88%] Built target gpt-2-ctx
[ 89%] Linking CXX executable ../../bin/gpt-j
[ 90%] Linking CXX executable ../../bin/gpt-2-backend
[ 91%] Linking CXX executable ../../bin/whisper-quantize
[ 92%] Linking CXX executable ../../bin/gpt-j-quantize
[ 93%] Linking CXX executable ../../bin/gpt-2-sched
[ 94%] Linking CXX executable ../../bin/sam
[ 95%] Linking CXX executable ../../bin/gpt-2-alloc
[ 95%] Built target gpt-j
[ 95%] Built target whisper-quantize
[ 95%] Built target gpt-2-backend
[ 95%] Built target gpt-j-quantize
[ 95%] Built target sam
[ 96%] Linking CXX executable ../../bin/gpt-2-batched
[ 96%] Built target gpt-2-sched
[ 96%] Built target gpt-2-alloc
[ 96%] Built target gpt-2-batched
[ 97%] Linking CXX static library libwhisper-cpp.a
[ 97%] Built target whisper-cpp
[ 98%] Building CXX object examples/whisper/CMakeFiles/whisper.dir/main.cpp.o
[100%] Linking CXX executable ../../bin/whisper
[100%] Built target whisper

real	0m11.530s
user	0m41.815s
sys	0m6.979s
+ ctest --output-on-failure -E test-opt
Test project /home/ggml/work/ggml/build-ci-debug
      Start  1: test-grad0
 1/22 Test  #1: test-grad0 .......................   Passed    3.08 sec
      Start  2: test-quantize-fns
 2/22 Test  #2: test-quantize-fns ................   Passed   32.58 sec
      Start  3: test-quantize-perf
 3/22 Test  #3: test-quantize-perf ...............   Passed   10.59 sec
      Start  4: test-mul-mat0
 4/22 Test  #4: test-mul-mat0 ....................   Passed    0.54 sec
      Start  5: test-mul-mat2
 5/22 Test  #5: test-mul-mat2 ....................   Passed    8.65 sec
      Start  6: test0
 6/22 Test  #6: test0 ............................   Passed    0.01 sec
      Start  7: test1
 7/22 Test  #7: test1 ............................   Passed    0.01 sec
      Start  8: test2
 8/22 Test  #8: test2 ............................   Passed    0.03 sec
      Start  9: test3
 9/22 Test  #9: test3 ............................   Passed    0.04 sec
      Start 10: test-pool
10/22 Test #10: test-pool ........................   Passed    0.01 sec
      Start 11: test-arange
11/22 Test #11: test-arange ......................   Passed    0.01 sec
      Start 12: test-timestep_embedding
12/22 Test #12: test-timestep_embedding ..........   Passed    0.01 sec
      Start 13: test-conv-transpose
13/22 Test #13: test-conv-transpose ..............   Passed    0.01 sec
      Start 14: test-dup
14/22 Test #14: test-dup .........................   Passed    0.01 sec
      Start 15: test-rel-pos
15/22 Test #15: test-rel-pos .....................   Passed    0.01 sec
      Start 16: test-customop
16/22 Test #16: test-customop ....................   Passed    0.01 sec
      Start 17: test-xpos
17/22 Test #17: test-xpos ........................   Passed    0.01 sec
      Start 18: test-conv1d
18/22 Test #18: test-conv1d ......................   Passed    0.01 sec
      Start 19: test-conv2d
19/22 Test #19: test-conv2d ......................   Passed    0.01 sec
      Start 20: test-mul-mat
20/22 Test #20: test-mul-mat .....................   Passed    0.01 sec
      Start 21: test-backend-buffer
21/22 Test #21: test-backend-buffer ..............   Passed    0.01 sec
      Start 22: test-backend-ops
22/22 Test #22: test-backend-ops .................   Passed    0.00 sec

100% tests passed, 0 tests failed out of 22

Total Test time (real) =  55.64 sec

real	0m55.652s
user	0m55.867s
sys	0m3.843s
