+ cmake -DCMAKE_BUILD_TYPE=Release -DLLAMA_FATAL_WARNINGS=ON -DGGML_CUDA=ON -DCMAKE_CUDA_ARCHITECTURES=native ..
-- The C compiler identification is GNU 11.4.0
-- The CXX compiler identification is GNU 11.4.0
-- Detecting C compiler ABI info
-- Detecting C compiler ABI info - done
-- Check for working C compiler: /usr/bin/cc - skipped
-- Detecting C compile features
-- Detecting C compile features - done
-- Detecting CXX compiler ABI info
-- Detecting CXX compiler ABI info - done
-- Check for working CXX compiler: /usr/bin/c++ - skipped
-- Detecting CXX compile features
-- Detecting CXX compile features - done
-- Found Git: /usr/bin/git (found version "2.34.1") 
-- Performing Test CMAKE_HAVE_LIBC_PTHREAD
-- Performing Test CMAKE_HAVE_LIBC_PTHREAD - Success
-- Found Threads: TRUE  
-- ccache found, compilation results will be cached. Disable with GGML_CCACHE=OFF.
-- CMAKE_SYSTEM_PROCESSOR: x86_64
-- Found OpenMP_C: -fopenmp (found version "4.5") 
-- Found OpenMP_CXX: -fopenmp (found version "4.5") 
-- Found OpenMP: TRUE (found version "4.5")  
-- OpenMP found
-- Using llamafile
-- x86 detected
-- Using runtime weight conversion of Q4_0 to Q4_0_x_x to enable optimized GEMM/GEMV kernels
-- Including CPU backend
-- Found CUDAToolkit: /usr/local/cuda-12.2/include (found version "12.2.140") 
-- CUDA Toolkit found
-- Using CUDA architectures: native
-- The CUDA compiler identification is NVIDIA 12.2.140
-- Detecting CUDA compiler ABI info
-- Detecting CUDA compiler ABI info - done
-- Check for working CUDA compiler: /usr/local/cuda-12.2/bin/nvcc - skipped
-- Detecting CUDA compile features
-- Detecting CUDA compile features - done
-- CUDA host compiler is GNU 11.4.0

-- Including CUDA backend
-- Configuring done (9.2s)
-- Generating done (0.2s)
-- Build files have been written to: /home/ggml/work/llama.cpp/build-ci-release

real	0m9.449s
user	0m7.472s
sys	0m1.962s
++ nproc
+ make -j6
[  0%] Building C object ggml/src/CMakeFiles/ggml-base.dir/ggml.c.o
[  1%] Building C object examples/gguf-hash/CMakeFiles/sha256.dir/deps/sha256/sha256.c.o
[  2%] Building C object ggml/src/CMakeFiles/ggml-base.dir/ggml-alloc.c.o
[  3%] Building C object examples/gguf-hash/CMakeFiles/xxhash.dir/deps/xxhash/xxhash.c.o
[  2%] Building CXX object common/CMakeFiles/build_info.dir/build-info.cpp.o
[  3%] Building C object examples/gguf-hash/CMakeFiles/sha1.dir/deps/sha1/sha1.c.o
[  3%] Built target sha256
[  3%] Built target xxhash
[  3%] Built target sha1
[  3%] Building CXX object ggml/src/CMakeFiles/ggml-base.dir/ggml-opt.cpp.o
[  3%] Building CXX object ggml/src/CMakeFiles/ggml-base.dir/ggml-backend.cpp.o
[  4%] Building CXX object ggml/src/CMakeFiles/ggml-base.dir/ggml-threading.cpp.o
[  4%] Building C object ggml/src/CMakeFiles/ggml-base.dir/ggml-quants.c.o
[  4%] Built target build_info
[  5%] Building C object ggml/src/CMakeFiles/ggml-base.dir/ggml-aarch64.c.o
[  5%] Linking CXX shared library libggml-base.so
[  5%] Built target ggml-base
[  5%] Building C object ggml/src/ggml-cpu/CMakeFiles/ggml-cpu.dir/ggml-cpu.c.o
[  6%] Building CXX object ggml/src/ggml-cpu/CMakeFiles/ggml-cpu.dir/ggml-cpu.cpp.o
[  6%] Building C object ggml/src/ggml-cpu/CMakeFiles/ggml-cpu.dir/ggml-cpu-aarch64.c.o
[  7%] Building C object ggml/src/ggml-cpu/CMakeFiles/ggml-cpu.dir/ggml-cpu-quants.c.o
[  7%] Building CXX object ggml/src/ggml-cpu/CMakeFiles/ggml-cpu.dir/amx/amx.cpp.o
[  7%] Building CUDA object ggml/src/ggml-cuda/CMakeFiles/ggml-cuda.dir/acc.cu.o
[  7%] Building CUDA object ggml/src/ggml-cuda/CMakeFiles/ggml-cuda.dir/arange.cu.o
[  8%] Building CUDA object ggml/src/ggml-cuda/CMakeFiles/ggml-cuda.dir/argmax.cu.o
[  8%] Building CUDA object ggml/src/ggml-cuda/CMakeFiles/ggml-cuda.dir/argsort.cu.o
[  9%] Building CUDA object ggml/src/ggml-cuda/CMakeFiles/ggml-cuda.dir/binbcast.cu.o
[  9%] Building CUDA object ggml/src/ggml-cuda/CMakeFiles/ggml-cuda.dir/clamp.cu.o
[  9%] Building CUDA object ggml/src/ggml-cuda/CMakeFiles/ggml-cuda.dir/concat.cu.o
[ 10%] Building CUDA object ggml/src/ggml-cuda/CMakeFiles/ggml-cuda.dir/conv-transpose-1d.cu.o
[ 10%] Building CXX object ggml/src/ggml-cpu/CMakeFiles/ggml-cpu.dir/amx/mmq.cpp.o
[ 11%] Building CXX object ggml/src/ggml-cpu/CMakeFiles/ggml-cpu.dir/llamafile/sgemm.cpp.o
[ 11%] Building CUDA object ggml/src/ggml-cuda/CMakeFiles/ggml-cuda.dir/convert.cu.o
[ 12%] Building CUDA object ggml/src/ggml-cuda/CMakeFiles/ggml-cuda.dir/count-equal.cu.o
[ 12%] Building CXX object ggml/src/ggml-cpu/CMakeFiles/ggml-cpu.dir/cpu-feats-x86.cpp.o
[ 12%] Building CUDA object ggml/src/ggml-cuda/CMakeFiles/ggml-cuda.dir/cpy.cu.o
[ 12%] Building CUDA object ggml/src/ggml-cuda/CMakeFiles/ggml-cuda.dir/cross-entropy-loss.cu.o
[ 13%] Building CUDA object ggml/src/ggml-cuda/CMakeFiles/ggml-cuda.dir/diagmask.cu.o
[ 13%] Building CUDA object ggml/src/ggml-cuda/CMakeFiles/ggml-cuda.dir/fattn-tile-f16.cu.o
[ 14%] Building CUDA object ggml/src/ggml-cuda/CMakeFiles/ggml-cuda.dir/fattn-tile-f32.cu.o
[ 14%] Building CUDA object ggml/src/ggml-cuda/CMakeFiles/ggml-cuda.dir/fattn.cu.o
[ 14%] Building CUDA object ggml/src/ggml-cuda/CMakeFiles/ggml-cuda.dir/getrows.cu.o
[ 15%] Building CUDA object ggml/src/ggml-cuda/CMakeFiles/ggml-cuda.dir/ggml-cuda.cu.o
[ 15%] Building CUDA object ggml/src/ggml-cuda/CMakeFiles/ggml-cuda.dir/im2col.cu.o
[ 16%] Building CUDA object ggml/src/ggml-cuda/CMakeFiles/ggml-cuda.dir/mmq.cu.o
[ 16%] Building CUDA object ggml/src/ggml-cuda/CMakeFiles/ggml-cuda.dir/mmv.cu.o
[ 16%] Building CUDA object ggml/src/ggml-cuda/CMakeFiles/ggml-cuda.dir/mmvq.cu.o
[ 17%] Building CUDA object ggml/src/ggml-cuda/CMakeFiles/ggml-cuda.dir/norm.cu.o
[ 17%] Building CUDA object ggml/src/ggml-cuda/CMakeFiles/ggml-cuda.dir/opt-step-adamw.cu.o
[ 18%] Building CUDA object ggml/src/ggml-cuda/CMakeFiles/ggml-cuda.dir/out-prod.cu.o
[ 18%] Building CUDA object ggml/src/ggml-cuda/CMakeFiles/ggml-cuda.dir/pad.cu.o
[ 18%] Building CUDA object ggml/src/ggml-cuda/CMakeFiles/ggml-cuda.dir/pool2d.cu.o
[ 19%] Building CUDA object ggml/src/ggml-cuda/CMakeFiles/ggml-cuda.dir/quantize.cu.o
[ 19%] Building CUDA object ggml/src/ggml-cuda/CMakeFiles/ggml-cuda.dir/rope.cu.o
[ 20%] Building CUDA object ggml/src/ggml-cuda/CMakeFiles/ggml-cuda.dir/scale.cu.o
[ 20%] Building CUDA object ggml/src/ggml-cuda/CMakeFiles/ggml-cuda.dir/softmax.cu.o
[ 21%] Building CUDA object ggml/src/ggml-cuda/CMakeFiles/ggml-cuda.dir/sum.cu.o
[ 21%] Building CUDA object ggml/src/ggml-cuda/CMakeFiles/ggml-cuda.dir/sumrows.cu.o
[ 21%] Building CUDA object ggml/src/ggml-cuda/CMakeFiles/ggml-cuda.dir/tsembd.cu.o
[ 22%] Building CUDA object ggml/src/ggml-cuda/CMakeFiles/ggml-cuda.dir/unary.cu.o
[ 22%] Building CUDA object ggml/src/ggml-cuda/CMakeFiles/ggml-cuda.dir/upscale.cu.o
[ 23%] Linking CXX shared library libggml-cpu.so
[ 24%] Building CUDA object ggml/src/ggml-cuda/CMakeFiles/ggml-cuda.dir/wkv6.cu.o
[ 24%] Building CUDA object ggml/src/ggml-cuda/CMakeFiles/ggml-cuda.dir/template-instances/fattn-wmma-f16-instance-kqfloat-cpb16.cu.o
[ 24%] Building CUDA object ggml/src/ggml-cuda/CMakeFiles/ggml-cuda.dir/template-instances/fattn-wmma-f16-instance-kqfloat-cpb32.cu.o
[ 25%] Building CUDA object ggml/src/ggml-cuda/CMakeFiles/ggml-cuda.dir/template-instances/fattn-wmma-f16-instance-kqhalf-cpb16.cu.o
[ 25%] Building CUDA object ggml/src/ggml-cuda/CMakeFiles/ggml-cuda.dir/template-instances/fattn-wmma-f16-instance-kqhalf-cpb32.cu.o
[ 26%] Building CUDA object ggml/src/ggml-cuda/CMakeFiles/ggml-cuda.dir/template-instances/fattn-wmma-f16-instance-kqhalf-cpb8.cu.o
[ 26%] Building CUDA object ggml/src/ggml-cuda/CMakeFiles/ggml-cuda.dir/template-instances/mmq-instance-iq2_s.cu.o
[ 26%] Building CUDA object ggml/src/ggml-cuda/CMakeFiles/ggml-cuda.dir/template-instances/mmq-instance-iq1_s.cu.o
[ 27%] Building CUDA object ggml/src/ggml-cuda/CMakeFiles/ggml-cuda.dir/template-instances/mmq-instance-iq2_xs.cu.o
[ 27%] Building CUDA object ggml/src/ggml-cuda/CMakeFiles/ggml-cuda.dir/template-instances/mmq-instance-iq2_xxs.cu.o
[ 28%] Building CUDA object ggml/src/ggml-cuda/CMakeFiles/ggml-cuda.dir/template-instances/mmq-instance-iq3_s.cu.o
[ 28%] Building CUDA object ggml/src/ggml-cuda/CMakeFiles/ggml-cuda.dir/template-instances/mmq-instance-iq3_xxs.cu.o
[ 28%] Built target ggml-cpu
[ 28%] Building CUDA object ggml/src/ggml-cuda/CMakeFiles/ggml-cuda.dir/template-instances/mmq-instance-iq4_nl.cu.o
[ 29%] Building CUDA object ggml/src/ggml-cuda/CMakeFiles/ggml-cuda.dir/template-instances/mmq-instance-iq4_xs.cu.o
[ 29%] Building CUDA object ggml/src/ggml-cuda/CMakeFiles/ggml-cuda.dir/template-instances/mmq-instance-q2_k.cu.o
[ 30%] Building CUDA object ggml/src/ggml-cuda/CMakeFiles/ggml-cuda.dir/template-instances/mmq-instance-q3_k.cu.o
[ 30%] Building CUDA object ggml/src/ggml-cuda/CMakeFiles/ggml-cuda.dir/template-instances/mmq-instance-q4_0.cu.o
[ 30%] Building CUDA object ggml/src/ggml-cuda/CMakeFiles/ggml-cuda.dir/template-instances/mmq-instance-q4_1.cu.o
[ 31%] Building CUDA object ggml/src/ggml-cuda/CMakeFiles/ggml-cuda.dir/template-instances/mmq-instance-q4_k.cu.o
[ 31%] Building CUDA object ggml/src/ggml-cuda/CMakeFiles/ggml-cuda.dir/template-instances/mmq-instance-q5_0.cu.o
[ 32%] Building CUDA object ggml/src/ggml-cuda/CMakeFiles/ggml-cuda.dir/template-instances/mmq-instance-q5_k.cu.o
[ 32%] Building CUDA object ggml/src/ggml-cuda/CMakeFiles/ggml-cuda.dir/template-instances/mmq-instance-q5_1.cu.o
[ 32%] Building CUDA object ggml/src/ggml-cuda/CMakeFiles/ggml-cuda.dir/template-instances/mmq-instance-q6_k.cu.o
[ 33%] Building CUDA object ggml/src/ggml-cuda/CMakeFiles/ggml-cuda.dir/template-instances/mmq-instance-q8_0.cu.o
[ 33%] Building CUDA object ggml/src/ggml-cuda/CMakeFiles/ggml-cuda.dir/template-instances/fattn-vec-f16-instance-hs128-q4_0-q4_0.cu.o
[ 34%] Building CUDA object ggml/src/ggml-cuda/CMakeFiles/ggml-cuda.dir/template-instances/fattn-vec-f32-instance-hs128-q4_0-q4_0.cu.o
[ 34%] Building CUDA object ggml/src/ggml-cuda/CMakeFiles/ggml-cuda.dir/template-instances/fattn-vec-f16-instance-hs128-q8_0-q8_0.cu.o
[ 34%] Building CUDA object ggml/src/ggml-cuda/CMakeFiles/ggml-cuda.dir/template-instances/fattn-vec-f32-instance-hs128-q8_0-q8_0.cu.o
[ 35%] Building CUDA object ggml/src/ggml-cuda/CMakeFiles/ggml-cuda.dir/template-instances/fattn-vec-f16-instance-hs128-f16-f16.cu.o
[ 35%] Building CUDA object ggml/src/ggml-cuda/CMakeFiles/ggml-cuda.dir/template-instances/fattn-vec-f16-instance-hs256-f16-f16.cu.o
[ 36%] Building CUDA object ggml/src/ggml-cuda/CMakeFiles/ggml-cuda.dir/template-instances/fattn-vec-f16-instance-hs64-f16-f16.cu.o
[ 36%] Building CUDA object ggml/src/ggml-cuda/CMakeFiles/ggml-cuda.dir/template-instances/fattn-vec-f32-instance-hs128-f16-f16.cu.o
[ 36%] Building CUDA object ggml/src/ggml-cuda/CMakeFiles/ggml-cuda.dir/template-instances/fattn-vec-f32-instance-hs256-f16-f16.cu.o
[ 37%] Building CUDA object ggml/src/ggml-cuda/CMakeFiles/ggml-cuda.dir/template-instances/fattn-vec-f32-instance-hs64-f16-f16.cu.o
[ 37%] Linking CUDA shared library libggml-cuda.so
[ 37%] Built target ggml-cuda
[ 37%] Building CXX object ggml/src/CMakeFiles/ggml.dir/ggml-backend-reg.cpp.o
[ 38%] Linking CXX shared library libggml.so
[ 38%] Built target ggml
[ 39%] Building CXX object src/CMakeFiles/llama.dir/llama.cpp.o
[ 40%] Building CXX object examples/gguf/CMakeFiles/llama-gguf.dir/gguf.cpp.o
[ 40%] Building CXX object src/CMakeFiles/llama.dir/llama-vocab.cpp.o
[ 40%] Building CXX object examples/gguf-hash/CMakeFiles/llama-gguf-hash.dir/gguf-hash.cpp.o
[ 40%] Building CXX object src/CMakeFiles/llama.dir/llama-grammar.cpp.o
[ 41%] Building CXX object src/CMakeFiles/llama.dir/llama-sampling.cpp.o
[ 41%] Linking CXX executable ../../bin/llama-gguf
[ 42%] Linking CXX executable ../../bin/llama-gguf-hash
[ 42%] Building CXX object src/CMakeFiles/llama.dir/unicode.cpp.o
[ 43%] Building CXX object src/CMakeFiles/llama.dir/unicode-data.cpp.o
[ 43%] Linking CXX shared library libllama.so
[ 43%] Built target llama-gguf
[ 43%] Built target llama-gguf-hash
[ 43%] Built target llama
[ 44%] Building C object tests/CMakeFiles/test-c.dir/test-c.c.o
[ 45%] Building CXX object examples/run/CMakeFiles/llama-run.dir/run.cpp.o
[ 46%] Building CXX object examples/simple/CMakeFiles/llama-simple.dir/simple.cpp.o
[ 47%] Building CXX object examples/simple-chat/CMakeFiles/llama-simple-chat.dir/simple-chat.cpp.o
[ 47%] Building CXX object examples/quantize-stats/CMakeFiles/llama-quantize-stats.dir/quantize-stats.cpp.o
[ 47%] Building CXX object common/CMakeFiles/common.dir/arg.cpp.o
[ 47%] Linking C executable ../bin/test-c
[ 47%] Linking CXX executable ../../bin/llama-simple
[ 47%] Linking CXX executable ../../bin/llama-simple-chat
[ 47%] Linking CXX executable ../../bin/llama-run
[ 47%] Linking CXX executable ../../bin/llama-quantize-stats
[ 47%] Building CXX object common/CMakeFiles/common.dir/common.cpp.o
[ 47%] Built target test-c
[ 48%] Building CXX object common/CMakeFiles/common.dir/console.cpp.o
[ 49%] Building CXX object examples/llava/CMakeFiles/llava.dir/llava.cpp.o
[ 49%] Building CXX object common/CMakeFiles/common.dir/json-schema-to-grammar.cpp.o
[ 49%] Building CXX object examples/llava/CMakeFiles/llava.dir/clip.cpp.o
[ 49%] Building CXX object common/CMakeFiles/common.dir/log.cpp.o
[ 49%] Built target llava
[ 50%] Building CXX object common/CMakeFiles/common.dir/ngram-cache.cpp.o
[ 50%] Linking CXX static library libllava_static.a
[ 50%] Building CXX object common/CMakeFiles/common.dir/sampling.cpp.o
[ 50%] Built target llama-simple-chat
[ 50%] Built target llama-run
[ 51%] Building CXX object common/CMakeFiles/common.dir/speculative.cpp.o
[ 52%] Linking CXX shared library libllava_shared.so
[ 52%] Built target llama-simple
[ 52%] Built target llava_static
[ 52%] Linking CXX static library libcommon.a
[ 52%] Built target llama-quantize-stats
[ 52%] Built target common
[ 52%] Building CXX object tests/CMakeFiles/test-tokenizer-0.dir/test-tokenizer-0.cpp.o
[ 53%] Building CXX object tests/CMakeFiles/test-tokenizer-1-bpe.dir/test-tokenizer-1-bpe.cpp.o
[ 54%] Building CXX object tests/CMakeFiles/test-tokenizer-1-spm.dir/test-tokenizer-1-spm.cpp.o
[ 55%] Building CXX object tests/CMakeFiles/test-log.dir/test-log.cpp.o
[ 55%] Building CXX object tests/CMakeFiles/test-arg-parser.dir/test-arg-parser.cpp.o
[ 55%] Building CXX object tests/CMakeFiles/test-log.dir/get-model.cpp.o
[ 55%] Linking CXX executable ../bin/test-tokenizer-1-bpe
[ 55%] Linking CXX executable ../bin/test-tokenizer-0
[ 55%] Linking CXX executable ../bin/test-tokenizer-1-spm
[ 56%] Building CXX object tests/CMakeFiles/test-arg-parser.dir/get-model.cpp.o
[ 56%] Built target llava_shared
[ 57%] Linking CXX executable ../bin/test-log
[ 57%] Linking CXX executable ../bin/test-arg-parser
[ 58%] Building CXX object tests/CMakeFiles/test-sampling.dir/test-sampling.cpp.o
[ 58%] Building CXX object tests/CMakeFiles/test-sampling.dir/get-model.cpp.o
[ 59%] Linking CXX executable ../bin/test-sampling
[ 59%] Built target test-log
[ 59%] Built target test-tokenizer-0
[ 60%] Building CXX object tests/CMakeFiles/test-chat-template.dir/test-chat-template.cpp.o
[ 60%] Built target test-tokenizer-1-spm
[ 60%] Built target test-tokenizer-1-bpe
[ 60%] Building CXX object tests/CMakeFiles/test-grammar-parser.dir/test-grammar-parser.cpp.o
[ 60%] Building CXX object tests/CMakeFiles/test-chat-template.dir/get-model.cpp.o
[ 61%] Linking CXX executable ../bin/test-chat-template
[ 61%] Building CXX object tests/CMakeFiles/test-grammar-integration.dir/test-grammar-integration.cpp.o
[ 62%] Building CXX object tests/CMakeFiles/test-llama-grammar.dir/test-llama-grammar.cpp.o
[ 63%] Building CXX object tests/CMakeFiles/test-grammar-parser.dir/get-model.cpp.o
[ 63%] Building CXX object tests/CMakeFiles/test-llama-grammar.dir/get-model.cpp.o
[ 63%] Built target test-sampling
[ 63%] Building CXX object tests/CMakeFiles/test-grammar-integration.dir/get-model.cpp.o
[ 63%] Linking CXX executable ../bin/test-llama-grammar
[ 64%] Linking CXX executable ../bin/test-grammar-integration
[ 64%] Built target test-arg-parser
[ 64%] Linking CXX executable ../bin/test-grammar-parser
[ 65%] Building CXX object tests/CMakeFiles/test-backend-ops.dir/test-backend-ops.cpp.o
[ 65%] Building CXX object tests/CMakeFiles/test-model-load-cancel.dir/test-model-load-cancel.cpp.o
[ 65%] Building CXX object tests/CMakeFiles/test-model-load-cancel.dir/get-model.cpp.o
[ 65%] Building CXX object tests/CMakeFiles/test-backend-ops.dir/get-model.cpp.o
[ 66%] Linking CXX executable ../bin/test-model-load-cancel
[ 66%] Linking CXX executable ../bin/test-backend-ops
[ 66%] Built target test-chat-template
[ 66%] Building CXX object tests/CMakeFiles/test-autorelease.dir/test-autorelease.cpp.o
[ 67%] Building CXX object tests/CMakeFiles/test-autorelease.dir/get-model.cpp.o
[ 67%] Built target test-llama-grammar
[ 67%] Linking CXX executable ../bin/test-autorelease
[ 68%] Building CXX object tests/CMakeFiles/test-barrier.dir/test-barrier.cpp.o
[ 68%] Built target test-grammar-parser
[ 68%] Building CXX object tests/CMakeFiles/test-barrier.dir/get-model.cpp.o
[ 68%] Built target test-grammar-integration
[ 68%] Building CXX object tests/CMakeFiles/test-quantize-fns.dir/test-quantize-fns.cpp.o
[ 69%] Linking CXX executable ../bin/test-barrier
[ 69%] Built target test-model-load-cancel
[ 69%] Building CXX object tests/CMakeFiles/test-quantize-perf.dir/test-quantize-perf.cpp.o
[ 70%] Building CXX object tests/CMakeFiles/test-quantize-fns.dir/get-model.cpp.o
[ 71%] Building CXX object tests/CMakeFiles/test-rope.dir/test-rope.cpp.o
[ 71%] Linking CXX executable ../bin/test-quantize-fns
[ 71%] Building CXX object tests/CMakeFiles/test-rope.dir/get-model.cpp.o
[ 71%] Linking CXX executable ../bin/test-rope
[ 71%] Built target test-backend-ops
[ 72%] Building CXX object tests/CMakeFiles/test-quantize-perf.dir/get-model.cpp.o
[ 72%] Linking CXX executable ../bin/test-quantize-perf
[ 72%] Building CXX object tests/CMakeFiles/test-json-schema-to-grammar.dir/test-json-schema-to-grammar.cpp.o
[ 72%] Built target test-autorelease
[ 73%] Building CXX object tests/CMakeFiles/test-json-schema-to-grammar.dir/get-model.cpp.o
[ 73%] Building CXX object examples/batched-bench/CMakeFiles/llama-batched-bench.dir/batched-bench.cpp.o
[ 73%] Linking CXX executable ../bin/test-json-schema-to-grammar
[ 73%] Built target test-barrier
[ 74%] Linking CXX executable ../../bin/llama-batched-bench
[ 74%] Built target test-quantize-fns
[ 74%] Building CXX object examples/batched/CMakeFiles/llama-batched.dir/batched.cpp.o
[ 74%] Built target test-rope
[ 74%] Building CXX object examples/embedding/CMakeFiles/llama-embedding.dir/embedding.cpp.o
[ 74%] Building CXX object examples/eval-callback/CMakeFiles/llama-eval-callback.dir/eval-callback.cpp.o
[ 75%] Linking CXX executable ../../bin/llama-batched
[ 76%] Linking CXX executable ../../bin/llama-embedding
[ 77%] Linking CXX executable ../../bin/llama-eval-callback
[ 77%] Built target test-quantize-perf
[ 78%] Building CXX object examples/gbnf-validator/CMakeFiles/llama-gbnf-validator.dir/gbnf-validator.cpp.o
[ 78%] Linking CXX executable ../../bin/llama-gbnf-validator
[ 78%] Built target test-json-schema-to-grammar
[ 78%] Building CXX object examples/gguf-split/CMakeFiles/llama-gguf-split.dir/gguf-split.cpp.o
[ 78%] Built target llama-batched-bench
[ 79%] Linking CXX executable ../../bin/llama-gguf-split
[ 79%] Building CXX object examples/gritlm/CMakeFiles/llama-gritlm.dir/gritlm.cpp.o
[ 79%] Linking CXX executable ../../bin/llama-gritlm
[ 79%] Built target llama-batched
[ 79%] Built target llama-gbnf-validator
[ 80%] Building CXX object examples/infill/CMakeFiles/llama-infill.dir/infill.cpp.o
[ 81%] Building CXX object examples/imatrix/CMakeFiles/llama-imatrix.dir/imatrix.cpp.o
[ 81%] Built target llama-eval-callback
[ 81%] Built target llama-embedding
[ 81%] Linking CXX executable ../../bin/llama-infill
[ 81%] Building CXX object examples/llama-bench/CMakeFiles/llama-bench.dir/llama-bench.cpp.o
[ 81%] Building CXX object examples/lookahead/CMakeFiles/llama-lookahead.dir/lookahead.cpp.o
[ 81%] Linking CXX executable ../../bin/llama-imatrix
[ 82%] Linking CXX executable ../../bin/llama-lookahead
[ 82%] Linking CXX executable ../../bin/llama-bench
[ 82%] Built target llama-gguf-split
[ 82%] Building CXX object examples/lookup/CMakeFiles/llama-lookup.dir/lookup.cpp.o
[ 82%] Linking CXX executable ../../bin/llama-lookup
[ 82%] Built target llama-gritlm
[ 83%] Building CXX object examples/lookup/CMakeFiles/llama-lookup-create.dir/lookup-create.cpp.o
[ 83%] Linking CXX executable ../../bin/llama-lookup-create
[ 83%] Built target llama-bench
[ 83%] Built target llama-infill
[ 83%] Built target llama-lookahead
[ 83%] Building CXX object examples/lookup/CMakeFiles/llama-lookup-stats.dir/lookup-stats.cpp.o
[ 84%] Building CXX object examples/lookup/CMakeFiles/llama-lookup-merge.dir/lookup-merge.cpp.o
[ 85%] Building CXX object examples/main/CMakeFiles/llama-cli.dir/main.cpp.o
[ 85%] Built target llama-imatrix
[ 85%] Linking CXX executable ../../bin/llama-lookup-merge
[ 86%] Linking CXX executable ../../bin/llama-lookup-stats
[ 86%] Building CXX object examples/parallel/CMakeFiles/llama-parallel.dir/parallel.cpp.o
[ 86%] Linking CXX executable ../../bin/llama-cli
[ 86%] Linking CXX executable ../../bin/llama-parallel
[ 86%] Built target llama-lookup
[ 87%] Building CXX object examples/passkey/CMakeFiles/llama-passkey.dir/passkey.cpp.o
[ 87%] Linking CXX executable ../../bin/llama-passkey
[ 87%] Built target llama-lookup-create
[ 87%] Built target llama-lookup-merge
[ 88%] Building CXX object examples/quantize/CMakeFiles/llama-quantize.dir/quantize.cpp.o
[ 88%] Building CXX object examples/perplexity/CMakeFiles/llama-perplexity.dir/perplexity.cpp.o
[ 89%] Linking CXX executable ../../bin/llama-quantize
[ 89%] Linking CXX executable ../../bin/llama-perplexity
[ 89%] Built target llama-lookup-stats
[ 90%] Building CXX object examples/retrieval/CMakeFiles/llama-retrieval.dir/retrieval.cpp.o
[ 90%] Built target llama-cli
[ 91%] Generating loading.html.hpp
[ 91%] Linking CXX executable ../../bin/llama-retrieval
[ 91%] Built target llama-parallel
[ 91%] Generating index.html.hpp
[ 91%] Built target llama-passkey
[ 91%] Building CXX object examples/save-load-state/CMakeFiles/llama-save-load-state.dir/save-load-state.cpp.o
[ 91%] Building CXX object examples/speculative/CMakeFiles/llama-speculative.dir/speculative.cpp.o
[ 92%] Linking CXX executable ../../bin/llama-save-load-state
[ 93%] Linking CXX executable ../../bin/llama-speculative
[ 93%] Built target llama-quantize
[ 93%] Building CXX object examples/speculative-simple/CMakeFiles/llama-speculative-simple.dir/speculative-simple.cpp.o
[ 94%] Linking CXX executable ../../bin/llama-speculative-simple
[ 94%] Built target llama-perplexity
[ 94%] Building CXX object examples/tokenize/CMakeFiles/llama-tokenize.dir/tokenize.cpp.o
[ 95%] Linking CXX executable ../../bin/llama-tokenize
[ 95%] Built target llama-retrieval
[ 96%] Building CXX object examples/convert-llama2c-to-ggml/CMakeFiles/llama-convert-llama2c-to-ggml.dir/convert-llama2c-to-ggml.cpp.o
[ 96%] Built target llama-save-load-state
[ 96%] Linking CXX executable ../../bin/llama-convert-llama2c-to-ggml
[ 96%] Building CXX object examples/cvector-generator/CMakeFiles/llama-cvector-generator.dir/cvector-generator.cpp.o
[ 96%] Built target llama-speculative
[ 97%] Linking CXX executable ../../bin/llama-cvector-generator
[ 97%] Building CXX object examples/export-lora/CMakeFiles/llama-export-lora.dir/export-lora.cpp.o
[ 97%] Built target llama-tokenize
[ 97%] Built target llama-speculative-simple
[ 97%] Linking CXX executable ../../bin/llama-export-lora
[ 97%] Building CXX object examples/llava/CMakeFiles/llama-llava-cli.dir/llava-cli.cpp.o
[ 97%] Building CXX object examples/llava/CMakeFiles/llama-minicpmv-cli.dir/minicpmv-cli.cpp.o
[ 98%] Linking CXX executable ../../bin/llama-llava-cli
[ 99%] Linking CXX executable ../../bin/llama-minicpmv-cli
[ 99%] Built target llama-convert-llama2c-to-ggml
[ 99%] Building CXX object pocs/vdot/CMakeFiles/llama-vdot.dir/vdot.cpp.o
[ 99%] Linking CXX executable ../../bin/llama-vdot
[ 99%] Built target llama-cvector-generator
[ 99%] Building CXX object pocs/vdot/CMakeFiles/llama-q8dot.dir/q8dot.cpp.o
[ 99%] Built target llama-export-lora
[ 99%] Built target llama-llava-cli
[ 99%] Built target llama-minicpmv-cli
[100%] Linking CXX executable ../../bin/llama-q8dot
[100%] Built target llama-vdot
[100%] Built target llama-q8dot
[100%] Building CXX object examples/server/CMakeFiles/llama-server.dir/server.cpp.o
[100%] Linking CXX executable ../../bin/llama-server
[100%] Built target llama-server

real	0m3.999s
user	0m10.688s
sys	0m3.730s
+ ctest --output-on-failure -L main
Test project /home/ggml/work/llama.cpp/build-ci-release
      Start  1: test-tokenizer-0-bert-bge
 1/27 Test  #1: test-tokenizer-0-bert-bge .........   Passed    0.62 sec
      Start  2: test-tokenizer-0-command-r
 2/27 Test  #2: test-tokenizer-0-command-r ........   Passed    1.49 sec
      Start  3: test-tokenizer-0-deepseek-coder
 3/27 Test  #3: test-tokenizer-0-deepseek-coder ...   Passed    0.63 sec
      Start  4: test-tokenizer-0-deepseek-llm
 4/27 Test  #4: test-tokenizer-0-deepseek-llm .....   Passed    1.11 sec
      Start  5: test-tokenizer-0-falcon
 5/27 Test  #5: test-tokenizer-0-falcon ...........   Passed    0.71 sec
      Start  6: test-tokenizer-0-gpt-2
 6/27 Test  #6: test-tokenizer-0-gpt-2 ............   Passed    0.66 sec
      Start  7: test-tokenizer-0-llama-bpe
 7/27 Test  #7: test-tokenizer-0-llama-bpe ........   Passed    1.16 sec
      Start  8: test-tokenizer-0-llama-spm
 8/27 Test  #8: test-tokenizer-0-llama-spm ........   Passed    0.59 sec
      Start  9: test-tokenizer-0-mpt
 9/27 Test  #9: test-tokenizer-0-mpt ..............   Passed    0.68 sec
      Start 10: test-tokenizer-0-phi-3
10/27 Test #10: test-tokenizer-0-phi-3 ............   Passed    0.60 sec
      Start 11: test-tokenizer-0-qwen2
11/27 Test #11: test-tokenizer-0-qwen2 ............   Passed    1.02 sec
      Start 12: test-tokenizer-0-refact
12/27 Test #12: test-tokenizer-0-refact ...........   Passed    0.66 sec
      Start 13: test-tokenizer-0-starcoder
13/27 Test #13: test-tokenizer-0-starcoder ........   Passed    0.69 sec
      Start 14: test-tokenizer-1-llama-spm
14/27 Test #14: test-tokenizer-1-llama-spm ........   Passed    0.80 sec
      Start 15: test-log
15/27 Test #15: test-log ..........................   Passed    0.03 sec
      Start 16: test-arg-parser
16/27 Test #16: test-arg-parser ...................   Passed    0.23 sec
      Start 17: test-sampling
17/27 Test #17: test-sampling .....................   Passed    1.46 sec
      Start 18: test-chat-template
18/27 Test #18: test-chat-template ................   Passed    0.04 sec
      Start 19: test-grammar-parser
19/27 Test #19: test-grammar-parser ...............   Passed    0.04 sec
      Start 20: test-grammar-integration
20/27 Test #20: test-grammar-integration ..........   Passed    0.05 sec
      Start 21: test-llama-grammar
21/27 Test #21: test-llama-grammar ................   Passed    0.04 sec
      Start 22: test-backend-ops
22/27 Test #22: test-backend-ops ..................   Passed   44.69 sec
      Start 25: test-barrier
23/27 Test #25: test-barrier ......................   Passed    0.44 sec
      Start 26: test-quantize-fns
24/27 Test #26: test-quantize-fns .................   Passed   18.81 sec
      Start 27: test-quantize-perf
25/27 Test #27: test-quantize-perf ................   Passed    0.10 sec
      Start 28: test-rope
26/27 Test #28: test-rope .........................   Passed    0.05 sec
      Start 29: test-json-schema-to-grammar
27/27 Test #29: test-json-schema-to-grammar .......   Passed    2.71 sec

100% tests passed, 0 tests failed out of 27

Label Time Summary:
main    =  80.12 sec*proc (27 tests)

Total Test time (real) =  80.14 sec

real	1m20.175s
user	1m39.781s
sys	0m12.791s
