+ cmake -DCMAKE_BUILD_TYPE=Debug -DLLAMA_FATAL_WARNINGS=ON ..
-- The C compiler identification is GNU 11.4.0
-- The CXX compiler identification is GNU 11.4.0
-- Detecting C compiler ABI info
-- Detecting C compiler ABI info - done
-- Check for working C compiler: /usr/bin/cc - skipped
-- Detecting C compile features
-- Detecting C compile features - done
-- Detecting CXX compiler ABI info
-- Detecting CXX compiler ABI info - done
-- Check for working CXX compiler: /usr/bin/c++ - skipped
-- Detecting CXX compile features
-- Detecting CXX compile features - done
-- Found Git: /usr/bin/git (found version "2.34.1") 
-- Looking for pthread.h
-- Looking for pthread.h - found
-- Performing Test CMAKE_HAVE_LIBC_PTHREAD
-- Performing Test CMAKE_HAVE_LIBC_PTHREAD - Success
-- Found Threads: TRUE  
-- Found OpenMP_C: -fopenmp (found version "4.5") 
-- Found OpenMP_CXX: -fopenmp (found version "4.5") 
-- Found OpenMP: TRUE (found version "4.5")  
-- OpenMP found
-- Using llamafile
-- ccache found, compilation results will be cached. Disable with GGML_CCACHE=OFF.
-- CMAKE_SYSTEM_PROCESSOR: aarch64
-- ARM detected
-- Performing Test COMPILER_SUPPORTS_FP16_FORMAT_I3E
-- Performing Test COMPILER_SUPPORTS_FP16_FORMAT_I3E - Failed
-- Configuring done
-- Generating done
-- Build files have been written to: /home/ggml/work/llama.cpp/build-ci-debug

real	0m0.975s
user	0m0.653s
sys	0m0.326s
++ nproc
+ make -j8
[  0%] Generating build details from Git
[  0%] Building C object ggml/src/CMakeFiles/ggml.dir/ggml.c.o
[  2%] Building C object examples/gguf-hash/CMakeFiles/xxhash.dir/deps/xxhash/xxhash.c.o
[  2%] Building CXX object ggml/src/CMakeFiles/ggml.dir/ggml-backend.cpp.o
[  3%] Building C object ggml/src/CMakeFiles/ggml.dir/ggml-alloc.c.o
[  3%] Building C object examples/gguf-hash/CMakeFiles/sha1.dir/deps/sha1/sha1.c.o
[  3%] Building C object examples/gguf-hash/CMakeFiles/sha256.dir/deps/sha256/sha256.c.o
-- Found Git: /usr/bin/git (found version "2.34.1") 
[  4%] Building C object ggml/src/CMakeFiles/ggml.dir/ggml-quants.c.o
[  4%] Built target sha1
[  4%] Built target sha256
[  4%] Built target xxhash
[  4%] Building CXX object ggml/src/CMakeFiles/ggml.dir/llamafile/sgemm.cpp.o
[  5%] Building C object ggml/src/CMakeFiles/ggml.dir/ggml-aarch64.c.o
[  6%] Building CXX object common/CMakeFiles/build_info.dir/build-info.cpp.o
[  6%] Built target build_info
[  7%] Linking CXX shared library libggml.so
[  7%] Built target ggml
[  8%] Building CXX object src/CMakeFiles/llama.dir/llama-grammar.cpp.o
[  8%] Building CXX object examples/gguf-hash/CMakeFiles/llama-gguf-hash.dir/gguf-hash.cpp.o
[  8%] Building CXX object examples/gguf/CMakeFiles/llama-gguf.dir/gguf.cpp.o
[  8%] Building CXX object src/CMakeFiles/llama.dir/llama.cpp.o
[  8%] Building CXX object src/CMakeFiles/llama.dir/llama-vocab.cpp.o
[  9%] Building CXX object src/CMakeFiles/llama.dir/llama-sampling.cpp.o
[  9%] Building CXX object src/CMakeFiles/llama.dir/unicode.cpp.o
[ 10%] Building CXX object src/CMakeFiles/llama.dir/unicode-data.cpp.o
[ 11%] Linking CXX executable ../../bin/llama-gguf-hash
[ 12%] Linking CXX executable ../../bin/llama-gguf
[ 12%] Built target llama-gguf-hash
[ 12%] Built target llama-gguf
[ 12%] Linking CXX shared library libllama.so
[ 12%] Built target llama
[ 13%] Building CXX object examples/benchmark/CMakeFiles/llama-bench-matmult.dir/benchmark-matmult.cpp.o
[ 13%] Building CXX object examples/llava/CMakeFiles/llava.dir/clip.cpp.o
[ 14%] Building CXX object examples/llava/CMakeFiles/llava.dir/llava.cpp.o
[ 13%] Building C object tests/CMakeFiles/test-c.dir/test-c.c.o
[ 14%] Building CXX object common/CMakeFiles/common.dir/arg.cpp.o
[ 14%] Building CXX object common/CMakeFiles/common.dir/common.cpp.o
[ 14%] Building CXX object examples/quantize-stats/CMakeFiles/llama-quantize-stats.dir/quantize-stats.cpp.o
[ 14%] Building CXX object common/CMakeFiles/common.dir/console.cpp.o
[ 15%] Building CXX object common/CMakeFiles/common.dir/json-schema-to-grammar.cpp.o
[ 16%] Linking C executable ../bin/test-c
[ 16%] Building CXX object common/CMakeFiles/common.dir/log.cpp.o
[ 17%] Building CXX object common/CMakeFiles/common.dir/ngram-cache.cpp.o
[ 17%] Built target test-c
[ 18%] Building CXX object common/CMakeFiles/common.dir/sampling.cpp.o
[ 18%] Building CXX object common/CMakeFiles/common.dir/train.cpp.o
[ 19%] Linking CXX executable ../../bin/llama-bench-matmult
[ 19%] Built target llama-bench-matmult
[ 20%] Linking CXX executable ../../bin/llama-quantize-stats
[ 20%] Built target llama-quantize-stats
[ 20%] Built target llava
[ 21%] Linking CXX shared library libllava_shared.so
[ 21%] Linking CXX static library libllava_static.a
[ 21%] Built target llava_static
[ 21%] Built target llava_shared
[ 22%] Linking CXX static library libcommon.a
[ 22%] Built target common
[ 22%] Building CXX object tests/CMakeFiles/test-tokenizer-0.dir/test-tokenizer-0.cpp.o
[ 22%] Building CXX object tests/CMakeFiles/test-quantize-perf.dir/test-quantize-perf.cpp.o
[ 22%] Building CXX object tests/CMakeFiles/test-tokenizer-1-spm.dir/test-tokenizer-1-spm.cpp.o
[ 22%] Building CXX object tests/CMakeFiles/test-tokenizer-1-bpe.dir/test-tokenizer-1-bpe.cpp.o
[ 22%] Building CXX object tests/CMakeFiles/test-log.dir/test-log.cpp.o
[ 23%] Building CXX object tests/CMakeFiles/test-quantize-fns.dir/test-quantize-fns.cpp.o
[ 23%] Building CXX object tests/CMakeFiles/test-arg-parser.dir/test-arg-parser.cpp.o
[ 24%] Building CXX object tests/CMakeFiles/test-sampling.dir/test-sampling.cpp.o
[ 25%] Building CXX object tests/CMakeFiles/test-log.dir/get-model.cpp.o
[ 25%] Building CXX object tests/CMakeFiles/test-quantize-fns.dir/get-model.cpp.o
[ 26%] Building CXX object tests/CMakeFiles/test-quantize-perf.dir/get-model.cpp.o
[ 27%] Linking CXX executable ../bin/test-quantize-fns
[ 27%] Linking CXX executable ../bin/test-quantize-perf
[ 27%] Linking CXX executable ../bin/test-log
[ 27%] Built target test-quantize-fns
[ 27%] Built target test-log
[ 27%] Built target test-quantize-perf
[ 27%] Building CXX object tests/CMakeFiles/test-chat-template.dir/test-chat-template.cpp.o
[ 28%] Building CXX object tests/CMakeFiles/test-llama-grammar.dir/test-llama-grammar.cpp.o
[ 28%] Building CXX object tests/CMakeFiles/test-grammar-parser.dir/test-grammar-parser.cpp.o
[ 29%] Building CXX object tests/CMakeFiles/test-chat-template.dir/get-model.cpp.o
[ 29%] Linking CXX executable ../bin/test-chat-template
[ 30%] Linking CXX executable ../bin/test-tokenizer-1-bpe
[ 31%] Linking CXX executable ../bin/test-tokenizer-1-spm
[ 31%] Building CXX object tests/CMakeFiles/test-sampling.dir/get-model.cpp.o
[ 32%] Linking CXX executable ../bin/test-sampling
[ 33%] Building CXX object tests/CMakeFiles/test-grammar-parser.dir/get-model.cpp.o
[ 33%] Linking CXX executable ../bin/test-grammar-parser
[ 34%] Building CXX object tests/CMakeFiles/test-arg-parser.dir/get-model.cpp.o
[ 35%] Linking CXX executable ../bin/test-arg-parser
[ 36%] Linking CXX executable ../bin/test-tokenizer-0
[ 36%] Built target test-tokenizer-1-bpe
[ 36%] Built target test-chat-template
[ 36%] Built target test-sampling
[ 37%] Building CXX object tests/CMakeFiles/test-grammar-integration.dir/test-grammar-integration.cpp.o
[ 37%] Built target test-tokenizer-1-spm
[ 37%] Building CXX object tests/CMakeFiles/test-barrier.dir/test-barrier.cpp.o
[ 38%] Building CXX object tests/CMakeFiles/test-grad0.dir/get-model.cpp.o
[ 38%] Building CXX object tests/CMakeFiles/test-grad0.dir/test-grad0.cpp.o
[ 39%] Building CXX object tests/CMakeFiles/test-barrier.dir/get-model.cpp.o
[ 40%] Linking CXX executable ../bin/test-grad0
[ 40%] Building CXX object tests/CMakeFiles/test-grammar-integration.dir/get-model.cpp.o
[ 40%] Built target test-grammar-parser
[ 41%] Building CXX object tests/CMakeFiles/test-backend-ops.dir/test-backend-ops.cpp.o
[ 41%] Building CXX object tests/CMakeFiles/test-llama-grammar.dir/get-model.cpp.o
[ 42%] Building CXX object tests/CMakeFiles/test-rope.dir/test-rope.cpp.o
[ 43%] Linking CXX executable ../bin/test-llama-grammar
[ 43%] Building CXX object tests/CMakeFiles/test-rope.dir/get-model.cpp.o
[ 43%] Built target test-grad0
[ 44%] Linking CXX executable ../bin/test-rope
[ 45%] Building CXX object tests/CMakeFiles/test-model-load-cancel.dir/test-model-load-cancel.cpp.o
[ 45%] Built target test-rope
[ 45%] Building CXX object tests/CMakeFiles/test-model-load-cancel.dir/get-model.cpp.o
[ 45%] Built target test-tokenizer-0
[ 46%] Linking CXX executable ../bin/test-model-load-cancel
[ 46%] Building CXX object tests/CMakeFiles/test-autorelease.dir/test-autorelease.cpp.o
[ 47%] Building CXX object tests/CMakeFiles/test-json-schema-to-grammar.dir/test-json-schema-to-grammar.cpp.o
[ 47%] Built target test-llama-grammar
[ 48%] Building CXX object examples/cvector-generator/CMakeFiles/llama-cvector-generator.dir/cvector-generator.cpp.o
[ 48%] Built target test-model-load-cancel
[ 49%] Building CXX object examples/baby-llama/CMakeFiles/llama-baby-llama.dir/baby-llama.cpp.o
[ 50%] Linking CXX executable ../bin/test-barrier
[ 50%] Built target test-barrier
[ 50%] Built target test-arg-parser
[ 50%] Building CXX object examples/batched-bench/CMakeFiles/llama-batched-bench.dir/batched-bench.cpp.o
[ 50%] Building CXX object examples/batched/CMakeFiles/llama-batched.dir/batched.cpp.o
[ 51%] Building CXX object tests/CMakeFiles/test-autorelease.dir/get-model.cpp.o
[ 51%] Linking CXX executable ../bin/test-autorelease
[ 51%] Built target test-autorelease
[ 52%] Building CXX object examples/convert-llama2c-to-ggml/CMakeFiles/llama-convert-llama2c-to-ggml.dir/convert-llama2c-to-ggml.cpp.o
[ 53%] Linking CXX executable ../../bin/llama-baby-llama
[ 53%] Built target llama-baby-llama
[ 54%] Building CXX object examples/embedding/CMakeFiles/llama-embedding.dir/embedding.cpp.o
[ 55%] Linking CXX executable ../../bin/llama-batched
[ 56%] Linking CXX executable ../../bin/llama-batched-bench
[ 56%] Linking CXX executable ../../bin/llama-cvector-generator
[ 56%] Built target llama-batched
[ 56%] Built target llama-batched-bench
[ 57%] Building CXX object examples/eval-callback/CMakeFiles/llama-eval-callback.dir/eval-callback.cpp.o
[ 57%] Building CXX object examples/export-lora/CMakeFiles/llama-export-lora.dir/export-lora.cpp.o
[ 57%] Linking CXX executable ../../bin/llama-convert-llama2c-to-ggml
[ 57%] Linking CXX executable ../../bin/llama-embedding
[ 57%] Built target llama-convert-llama2c-to-ggml
[ 57%] Building CXX object examples/gbnf-validator/CMakeFiles/llama-gbnf-validator.dir/gbnf-validator.cpp.o
[ 57%] Built target llama-cvector-generator
[ 58%] Building CXX object examples/gguf-split/CMakeFiles/llama-gguf-split.dir/gguf-split.cpp.o
[ 59%] Linking CXX executable ../../bin/llama-eval-callback
[ 59%] Built target llama-embedding
[ 60%] Building CXX object examples/gritlm/CMakeFiles/llama-gritlm.dir/gritlm.cpp.o
[ 61%] Linking CXX executable ../../bin/llama-gbnf-validator
[ 61%] Built target llama-gbnf-validator
[ 62%] Building CXX object examples/imatrix/CMakeFiles/llama-imatrix.dir/imatrix.cpp.o
[ 62%] Building CXX object tests/CMakeFiles/test-backend-ops.dir/get-model.cpp.o
[ 63%] Linking CXX executable ../bin/test-backend-ops
[ 64%] Linking CXX executable ../../bin/llama-export-lora
[ 64%] Built target llama-eval-callback
[ 64%] Built target test-backend-ops
[ 64%] Building CXX object examples/llama-bench/CMakeFiles/llama-bench.dir/llama-bench.cpp.o
[ 65%] Building CXX object examples/infill/CMakeFiles/llama-infill.dir/infill.cpp.o
[ 65%] Linking CXX executable ../../bin/llama-gguf-split
[ 65%] Built target llama-gguf-split
[ 66%] Building CXX object examples/llava/CMakeFiles/llama-llava-cli.dir/llava-cli.cpp.o
[ 66%] Linking CXX executable ../../bin/llama-gritlm
[ 66%] Built target llama-export-lora
[ 67%] Building CXX object examples/llava/CMakeFiles/llama-minicpmv-cli.dir/minicpmv-cli.cpp.o
[ 68%] Linking CXX executable ../bin/test-grammar-integration
[ 68%] Built target llama-gritlm
[ 68%] Building CXX object examples/lookahead/CMakeFiles/llama-lookahead.dir/lookahead.cpp.o
[ 68%] Built target test-grammar-integration
[ 68%] Building CXX object examples/lookup/CMakeFiles/llama-lookup.dir/lookup.cpp.o
[ 68%] Linking CXX executable ../../bin/llama-infill
[ 69%] Linking CXX executable ../../bin/llama-llava-cli
[ 69%] Linking CXX executable ../../bin/llama-minicpmv-cli
[ 69%] Linking CXX executable ../../bin/llama-imatrix
[ 69%] Built target llama-infill
[ 70%] Linking CXX executable ../../bin/llama-lookahead
[ 70%] Building CXX object examples/lookup/CMakeFiles/llama-lookup-create.dir/lookup-create.cpp.o
[ 70%] Built target llama-llava-cli
[ 70%] Building CXX object examples/lookup/CMakeFiles/llama-lookup-merge.dir/lookup-merge.cpp.o
[ 71%] Linking CXX executable ../../bin/llama-lookup
[ 71%] Built target llama-minicpmv-cli
[ 72%] Building CXX object examples/lookup/CMakeFiles/llama-lookup-stats.dir/lookup-stats.cpp.o
[ 72%] Built target llama-imatrix
[ 73%] Building CXX object examples/main/CMakeFiles/llama-cli.dir/main.cpp.o
[ 73%] Built target llama-lookahead
[ 74%] Building CXX object examples/parallel/CMakeFiles/llama-parallel.dir/parallel.cpp.o
[ 75%] Linking CXX executable ../../bin/llama-lookup-merge
[ 75%] Built target llama-lookup
[ 76%] Building CXX object examples/passkey/CMakeFiles/llama-passkey.dir/passkey.cpp.o
[ 77%] Linking CXX executable ../../bin/llama-lookup-create
[ 77%] Built target llama-lookup-merge
[ 78%] Building CXX object examples/perplexity/CMakeFiles/llama-perplexity.dir/perplexity.cpp.o
[ 78%] Building CXX object tests/CMakeFiles/test-json-schema-to-grammar.dir/get-model.cpp.o
[ 79%] Linking CXX executable ../bin/test-json-schema-to-grammar
[ 79%] Linking CXX executable ../../bin/llama-lookup-stats
[ 79%] Built target llama-lookup-create
[ 79%] Building CXX object examples/quantize/CMakeFiles/llama-quantize.dir/quantize.cpp.o
[ 79%] Built target test-json-schema-to-grammar
[ 79%] Linking CXX executable ../../bin/llama-parallel
[ 79%] Building CXX object examples/retrieval/CMakeFiles/llama-retrieval.dir/retrieval.cpp.o
[ 79%] Linking CXX executable ../../bin/llama-passkey
[ 79%] Linking CXX executable ../../bin/llama-cli
[ 79%] Built target llama-lookup-stats
[ 80%] Generating theme-snowstorm.css.hpp
[ 81%] Generating colorthemes.css.hpp
[ 82%] Generating completion.js.hpp
[ 83%] Generating index-new.html.hpp
[ 83%] Generating index.html.hpp
[ 83%] Generating index.js.hpp
[ 83%] Generating json-schema-to-grammar.mjs.hpp
[ 83%] Built target llama-parallel
[ 84%] Building CXX object examples/save-load-state/CMakeFiles/llama-save-load-state.dir/save-load-state.cpp.o
[ 85%] Generating loading.html.hpp
[ 86%] Generating prompt-formats.js.hpp
[ 86%] Generating style.css.hpp
[ 86%] Built target llama-passkey
[ 86%] Built target llama-cli
[ 87%] Building CXX object examples/simple/CMakeFiles/llama-simple.dir/simple.cpp.o
[ 88%] Building CXX object examples/speculative/CMakeFiles/llama-speculative.dir/speculative.cpp.o
[ 88%] Generating system-prompts.js.hpp
[ 89%] Generating theme-beeninorder.css.hpp
[ 89%] Generating theme-ketivah.css.hpp
[ 90%] Generating theme-mangotango.css.hpp
[ 90%] Generating theme-playground.css.hpp
[ 91%] Generating theme-polarnight.css.hpp
[ 92%] Building CXX object examples/server/CMakeFiles/llama-server.dir/server.cpp.o
[ 93%] Linking CXX executable ../../bin/llama-quantize
[ 94%] Linking CXX executable ../../bin/llama-retrieval
[ 94%] Built target llama-quantize
[ 94%] Linking CXX executable ../../bin/llama-save-load-state
[ 95%] Building CXX object examples/tokenize/CMakeFiles/llama-tokenize.dir/tokenize.cpp.o
[ 95%] Linking CXX executable ../../bin/llama-simple
[ 96%] Linking CXX executable ../../bin/llama-bench
/home/ggml/work/llama.cpp/examples/perplexity/perplexity.cpp: In lambda function:
/home/ggml/work/llama.cpp/examples/perplexity/perplexity.cpp:1747:41: note: parameter passing for argument of type ‘std::pair<double, double>’ when C++17 is enabled changed to match C++14 in GCC 10.1
 1747 |             return std::make_pair(0., 0.);
      |                                         ^
[ 97%] Linking CXX executable ../../bin/llama-perplexity
[ 97%] Built target llama-bench
[ 98%] Building CXX object pocs/vdot/CMakeFiles/llama-vdot.dir/vdot.cpp.o
[ 98%] Built target llama-retrieval
[ 99%] Linking CXX executable ../../bin/llama-vdot
[ 99%] Building CXX object pocs/vdot/CMakeFiles/llama-q8dot.dir/q8dot.cpp.o
[100%] Linking CXX executable ../../bin/llama-q8dot
[100%] Linking CXX executable ../../bin/llama-tokenize
[100%] Built target llama-vdot
[100%] Built target llama-q8dot
[100%] Built target llama-save-load-state
[100%] Built target llama-simple
[100%] Built target llama-tokenize
[100%] Built target llama-perplexity
[100%] Linking CXX executable ../../bin/llama-speculative
[100%] Built target llama-speculative
[100%] Linking CXX executable ../../bin/llama-server
[100%] Built target llama-server

real	0m47.473s
user	2m6.177s
sys	0m15.281s
+ ctest --output-on-failure -L main -E test-opt
Test project /home/ggml/work/llama.cpp/build-ci-debug
      Start  1: test-tokenizer-0-bert-bge
 1/28 Test  #1: test-tokenizer-0-bert-bge .........   Passed    0.10 sec
      Start  2: test-tokenizer-0-command-r
 2/28 Test  #2: test-tokenizer-0-command-r ........   Passed    2.45 sec
      Start  3: test-tokenizer-0-deepseek-coder
 3/28 Test  #3: test-tokenizer-0-deepseek-coder ...   Passed    0.32 sec
      Start  4: test-tokenizer-0-deepseek-llm
 4/28 Test  #4: test-tokenizer-0-deepseek-llm .....   Passed    0.90 sec
      Start  5: test-tokenizer-0-falcon
 5/28 Test  #5: test-tokenizer-0-falcon ...........   Passed    0.56 sec
      Start  6: test-tokenizer-0-gpt-2
 6/28 Test  #6: test-tokenizer-0-gpt-2 ............   Passed    0.42 sec
      Start  7: test-tokenizer-0-llama-bpe
 7/28 Test  #7: test-tokenizer-0-llama-bpe ........   Passed    1.68 sec
      Start  8: test-tokenizer-0-llama-spm
 8/28 Test  #8: test-tokenizer-0-llama-spm ........   Passed    0.10 sec
      Start  9: test-tokenizer-0-mpt
 9/28 Test  #9: test-tokenizer-0-mpt ..............   Passed    0.42 sec
      Start 10: test-tokenizer-0-phi-3
10/28 Test #10: test-tokenizer-0-phi-3 ............   Passed    0.10 sec
      Start 11: test-tokenizer-0-qwen2
11/28 Test #11: test-tokenizer-0-qwen2 ............   Passed    1.39 sec
      Start 12: test-tokenizer-0-refact
12/28 Test #12: test-tokenizer-0-refact ...........   Passed    0.43 sec
      Start 13: test-tokenizer-0-starcoder
13/28 Test #13: test-tokenizer-0-starcoder ........   Passed    0.42 sec
      Start 14: test-tokenizer-1-llama-spm
14/28 Test #14: test-tokenizer-1-llama-spm ........   Passed    1.36 sec
      Start 15: test-log
15/28 Test #15: test-log ..........................   Passed    0.02 sec
      Start 16: test-arg-parser
16/28 Test #16: test-arg-parser ...................   Passed    0.02 sec
      Start 17: test-quantize-fns
17/28 Test #17: test-quantize-fns .................   Passed   32.78 sec
      Start 18: test-quantize-perf
18/28 Test #18: test-quantize-perf ................   Passed    9.97 sec
      Start 19: test-sampling
19/28 Test #19: test-sampling .....................   Passed    7.57 sec
      Start 20: test-chat-template
20/28 Test #20: test-chat-template ................   Passed    0.01 sec
      Start 21: test-grammar-parser
21/28 Test #21: test-grammar-parser ...............   Passed    0.01 sec
      Start 22: test-llama-grammar
22/28 Test #22: test-llama-grammar ................   Passed    0.01 sec
      Start 23: test-grammar-integration
23/28 Test #23: test-grammar-integration ..........   Passed    0.05 sec
      Start 24: test-grad0
24/28 Test #24: test-grad0 ........................   Passed    0.62 sec
      Start 25: test-barrier
25/28 Test #25: test-barrier ......................   Passed    1.71 sec
      Start 26: test-backend-ops
26/28 Test #26: test-backend-ops ..................   Passed    0.00 sec
      Start 27: test-rope
27/28 Test #27: test-rope .........................   Passed    0.07 sec
      Start 30: test-json-schema-to-grammar
28/28 Test #30: test-json-schema-to-grammar .......   Passed    2.34 sec

100% tests passed, 0 tests failed out of 28

Label Time Summary:
main    =  65.83 sec*proc (28 tests)

Total Test time (real) =  65.84 sec

real	1m5.848s
user	1m17.813s
sys	0m1.007s
